
          -------------------------------------------------------
          Amber 14 SANDER                              2014
          -------------------------------------------------------

| Run on 12/05/2014 at 21:36:11

|   Executable path: sander
| Working directory: /net/casegroup2/u2/pjanowsk/Phenix/AmberLibrary/m
|          Hostname: krakow

  [-O]verwriting output

File Assignments:
|  MDIN: sander.in                                                             
| MDOUT: MCE.min.out                                                           
|INPCRD: MCE.rst7                                                              
|  PARM: MCE.prmtop                                                            
|RESTRT: MCE.min.rst7                                                          
|  REFC: refc                                                                  
| MDVEL: mdvel                                                                 
| MDFRC: mdfrc                                                                 
|  MDEN: mden                                                                  
| MDCRD: mdcrd                                                                 
|MDINFO: mdinfo                                                                
|  MTMD: mtmd                                                                  
|INPDIP: inpdip                                                                
|RSTDIP: rstdip                                                                
|INPTRA: inptraj                                                               


 Here is the input file:

  short minimization                                                           
 &cntrl                                                                        
   imin=1, maxcyc=100, ncyc=50, ntpr=1, cut=99., ntb=0,                        
 /                                                                             

--------------------------------------------------------------------------------
   1.  RESOURCE   USE: 
--------------------------------------------------------------------------------

| Flags:                                                                        
|    NONPERIODIC   ntb=0 and igb=0: Setting up nonperiodic simulation
|  *** cutoff > system size, list only builds once
|Largest sphere to fit in unit cell has radius =    30.912
| New format PARM file being parsed.
| Version =    1.000 Date = 12/05/14 Time = 21:36:11
 NATOM  =       8 NTYPES =       4 NBONH =       5 MBONA  =       2
 NTHETH =      11 MTHETA =       1 NPHIH =      12 MPHIA  =       0
 NHPARM =       0 NPARM  =       0 NNB   =      29 NRES   =       1
 NBONA  =       2 NTHETA =       1 NPHIA =       0 NUMBND =       4
 NUMANG =       6 NPTRA  =       3 NATYP =       4 NPHB   =       0
 IFBOX  =       0 NMXRS  =       8 IFCAP =       0 NEXTRA =       0
 NCOPY  =       0


|     Memory Use     Allocated
|     Real                2885
|     Hollerith             27
|     Integer            20844
|     Max Pairs             28
|     nblistReal            96
|     nblist Int        761795
|       Total             3080 kbytes

| Note: 1-4 EEL scale factors are being read from the topology file.

| Note: 1-4 VDW scale factors are being read from the topology file.
| Duplicated    0 dihedrals
| Duplicated    0 dihedrals

--------------------------------------------------------------------------------
   2.  CONTROL  DATA  FOR  THE  RUN
--------------------------------------------------------------------------------

MCE                                                                             

General flags:
     imin    =       1, nmropt  =       0

Nature and format of input:
     ntx     =       1, irest   =       0, ntrx    =       1

Nature and format of output:
     ntxo    =       1, ntpr    =       1, ntrx    =       1, ntwr    =     500
     iwrap   =       0, ntwx    =       0, ntwv    =       0, ntwe    =       0
     ioutfm  =       0, ntwprt  =       0, idecomp =       0, rbornstat=      0

Potential function:
     ntf     =       1, ntb     =       0, igb     =       0, nsnb    =      25
     ipol    =       0, gbsa    =       0, iesp    =       0
     dielc   =   1.00000, cut     =  99.00000, intdiel =   1.00000

Frozen or restrained atoms:
     ibelly  =       0, ntr     =       0

Energy minimization:
     maxcyc  =     100, ncyc    =      50, ntmin   =       1
     dx0     =   0.01000, drms    =   0.00010
|  INFO: Old style inpcrd file read


--------------------------------------------------------------------------------
   3.  ATOMIC COORDINATES AND VELOCITIES
--------------------------------------------------------------------------------

MCE                                                                             
 begin time read from input coords =     0.000 ps

 Number of triangulated 3-point waters found:        0

     Sum of charges from parm topology file =   0.00100000
     Forcing neutrality...

--------------------------------------------------------------------------------
   4.  RESULTS
--------------------------------------------------------------------------------

 ---------------------------------------------------

     eedmeth=4: Setting switch to one everywhere

 ---------------------------------------------------
| Local SIZE OF NONBOND LIST =          0
| TOTAL SIZE OF NONBOND LIST =          0


   NSTEP       ENERGY          RMS            GMAX         NAME    NUMBER
      1       1.7671E+00     1.4106E+01     3.9211E+01     C1          1

 BOND    =        1.5423  ANGLE   =        0.1241  DIHED      =        0.7498
 VDWAALS =        0.0000  EEL     =        0.0000  HBOND      =        0.0000
 1-4 VDW =        0.0676  1-4 EEL =       -0.7167  RESTRAINT  =        0.0000


   NSTEP       ENERGY          RMS            GMAX         NAME    NUMBER
      2       1.4438E+00     1.2299E+01     3.3454E+01     C1          1

 BOND    =        1.2282  ANGLE   =        0.1132  DIHED      =        0.7501
 VDWAALS =        0.0000  EEL     =        0.0000  HBOND      =        0.0000
 1-4 VDW =        0.0678  1-4 EEL =       -0.7155  RESTRAINT  =        0.0000


   NSTEP       ENERGY          RMS            GMAX         NAME    NUMBER
      3       1.1137E+00     1.0173E+01     2.6684E+01     C1          1

 BOND    =        0.9014  ANGLE   =        0.1078  DIHED      =        0.7506
 VDWAALS =        0.0000  EEL     =        0.0000  HBOND      =        0.0000
 1-4 VDW =        0.0681  1-4 EEL =       -0.7141  RESTRAINT  =        0.0000


   NSTEP       ENERGY          RMS            GMAX         NAME    NUMBER
      4       7.9894E-01     7.7080E+00     1.8814E+01     C1          1

 BOND    =        0.5806  ANGLE   =        0.1112  DIHED      =        0.7511
 VDWAALS =        0.0000  EEL     =        0.0000  HBOND      =        0.0000
 1-4 VDW =        0.0683  1-4 EEL =       -0.7123  RESTRAINT  =        0.0000


   NSTEP       ENERGY          RMS            GMAX         NAME    NUMBER
      5       5.3264E-01     4.9646E+00     9.9088E+00     C1          1

 BOND    =        0.2960  ANGLE   =        0.1263  DIHED      =        0.7520
 VDWAALS =        0.0000  EEL     =        0.0000  HBOND      =        0.0000
 1-4 VDW =        0.0684  1-4 EEL =       -0.7101  RESTRAINT  =        0.0000


   NSTEP       ENERGY          RMS            GMAX         NAME    NUMBER
      6       3.5473E-01     2.4429E+00     5.6082E+00     H11         4

 BOND    =        0.0919  ANGLE   =        0.1490  DIHED      =        0.7530
 VDWAALS =        0.0000  EEL     =        0.0000  HBOND      =        0.0000
 1-4 VDW =        0.0680  1-4 EEL =       -0.7071  RESTRAINT  =        0.0000


   NSTEP       ENERGY          RMS            GMAX         NAME    NUMBER
      7       2.5757E-01     1.4958E+00     3.7294E+00     H11         4

 BOND    =        0.0090  ANGLE   =        0.1327  DIHED      =        0.7534
 VDWAALS =        0.0000  EEL     =        0.0000  HBOND      =        0.0000
 1-4 VDW =        0.0659  1-4 EEL =       -0.7033  RESTRAINT  =        0.0000


   NSTEP       ENERGY          RMS            GMAX         NAME    NUMBER
      8       2.2072E-01     2.0579E+00     5.5063E+00     C2          2

 BOND    =        0.0371  ANGLE   =        0.0726  DIHED      =        0.7512
 VDWAALS =        0.0000  EEL     =        0.0000  HBOND      =        0.0000
 1-4 VDW =        0.0622  1-4 EEL =       -0.7023  RESTRAINT  =        0.0000


   NSTEP       ENERGY          RMS            GMAX         NAME    NUMBER
      9       3.0960E-01     4.5019E+00     1.2893E+01     C1          1

 BOND    =        0.0899  ANGLE   =        0.1047  DIHED      =        0.7528
 VDWAALS =        0.0000  EEL     =        0.0000  HBOND      =        0.0000
 1-4 VDW =        0.0597  1-4 EEL =       -0.6976  RESTRAINT  =        0.0000


   NSTEP       ENERGY          RMS            GMAX         NAME    NUMBER
     10       1.8699E-01     1.1576E+00     3.1993E+00     C2          2

 BOND    =        0.0038  ANGLE   =        0.0719  DIHED      =        0.7520
 VDWAALS =        0.0000  EEL     =        0.0000  HBOND      =        0.0000
 1-4 VDW =        0.0584  1-4 EEL =       -0.6991  RESTRAINT  =        0.0000


   NSTEP       ENERGY          RMS            GMAX         NAME    NUMBER
     11       2.1829E-01     2.6678E+00     7.2258E+00     C1          1

 BOND    =        0.0440  ANGLE   =        0.0686  DIHED      =        0.7506
 VDWAALS =        0.0000  EEL     =        0.0000  HBOND      =        0.0000
 1-4 VDW =        0.0564  1-4 EEL =       -0.7013  RESTRAINT  =        0.0000


   NSTEP       ENERGY          RMS            GMAX         NAME    NUMBER
     12       1.7468E-01     7.0515E-01     1.8900E+00     C2          2

 BOND    =        0.0041  ANGLE   =        0.0634  DIHED      =        0.7510
 VDWAALS =        0.0000  EEL     =        0.0000  HBOND      =        0.0000
 1-4 VDW =        0.0565  1-4 EEL =       -0.7003  RESTRAINT  =        0.0000


   NSTEP       ENERGY          RMS            GMAX         NAME    NUMBER
     13       1.8341E-01     1.4964E+00     3.9656E+00     C2          2

 BOND    =        0.0113  ANGLE   =        0.0640  DIHED      =        0.7519
 VDWAALS =        0.0000  EEL     =        0.0000  HBOND      =        0.0000
 1-4 VDW =        0.0551  1-4 EEL =       -0.6989  RESTRAINT  =        0.0000


   NSTEP       ENERGY          RMS            GMAX         NAME    NUMBER
     14       1.6901E-01     3.8499E-01     1.1462E+00     C2          2

 BOND    =        0.0008  ANGLE   =        0.0616  DIHED      =        0.7515
 VDWAALS =        0.0000  EEL     =        0.0000  HBOND      =        0.0000
 1-4 VDW =        0.0548  1-4 EEL =       -0.6997  RESTRAINT  =        0.0000


   NSTEP       ENERGY          RMS            GMAX         NAME    NUMBER
     15       1.7088E-01     8.0611E-01     2.5692E+00     C2          2

 BOND    =        0.0044  ANGLE   =        0.0621  DIHED      =        0.7510
 VDWAALS =        0.0000  EEL     =        0.0000  HBOND      =        0.0000
 1-4 VDW =        0.0545  1-4 EEL =       -0.7011  RESTRAINT  =        0.0000


   NSTEP       ENERGY          RMS            GMAX         NAME    NUMBER
     16       1.6633E-01     2.1068E-01     5.7542E-01     C2          2

 BOND    =        0.0006  ANGLE   =        0.0609  DIHED      =        0.7513
 VDWAALS =        0.0000  EEL     =        0.0000  HBOND      =        0.0000
 1-4 VDW =        0.0542  1-4 EEL =       -0.7006  RESTRAINT  =        0.0000


   NSTEP       ENERGY          RMS            GMAX         NAME    NUMBER
     17       1.6619E-01     3.9091E-01     1.3487E+00     C2          2

 BOND    =        0.0014  ANGLE   =        0.0603  DIHED      =        0.7517
 VDWAALS =        0.0000  EEL     =        0.0000  HBOND      =        0.0000
 1-4 VDW =        0.0533  1-4 EEL =       -0.7005  RESTRAINT  =        0.0000


   NSTEP       ENERGY          RMS            GMAX         NAME    NUMBER
     18       1.6643E-01     4.8631E-01     1.7982E+00     C2          2

 BOND    =        0.0023  ANGLE   =        0.0610  DIHED      =        0.7512
 VDWAALS =        0.0000  EEL     =        0.0000  HBOND      =        0.0000
 1-4 VDW =        0.0537  1-4 EEL =       -0.7017  RESTRAINT  =        0.0000


   NSTEP       ENERGY          RMS            GMAX         NAME    NUMBER
     19       1.6459E-01     1.0239E-01     3.1710E-01     H11         4

 BOND    =        0.0007  ANGLE   =        0.0604  DIHED      =        0.7515
 VDWAALS =        0.0000  EEL     =        0.0000  HBOND      =        0.0000
 1-4 VDW =        0.0533  1-4 EEL =       -0.7013  RESTRAINT  =        0.0000


   NSTEP       ENERGY          RMS            GMAX         NAME    NUMBER
     20       1.6434E-01     2.1679E-01     5.4315E-01     C2          2

 BOND    =        0.0009  ANGLE   =        0.0606  DIHED      =        0.7518
 VDWAALS =        0.0000  EEL     =        0.0000  HBOND      =        0.0000
 1-4 VDW =        0.0527  1-4 EEL =       -0.7017  RESTRAINT  =        0.0000


   NSTEP       ENERGY          RMS            GMAX         NAME    NUMBER
     21       1.6527E-01     4.4532E-01     1.0828E+00     C2          2

 BOND    =        0.0028  ANGLE   =        0.0602  DIHED      =        0.7514
 VDWAALS =        0.0000  EEL     =        0.0000  HBOND      =        0.0000
 1-4 VDW =        0.0533  1-4 EEL =       -0.7024  RESTRAINT  =        0.0000


   NSTEP       ENERGY          RMS            GMAX         NAME    NUMBER
     22       1.6393E-01     1.1507E-01     3.6742E-01     C2          2

 BOND    =        0.0011  ANGLE   =        0.0604  DIHED      =        0.7516
 VDWAALS =        0.0000  EEL     =        0.0000  HBOND      =        0.0000
 1-4 VDW =        0.0530  1-4 EEL =       -0.7022  RESTRAINT  =        0.0000


   NSTEP       ENERGY          RMS            GMAX         NAME    NUMBER
     23       1.6420E-01     2.5084E-01     7.3387E-01     C2          2

 BOND    =        0.0012  ANGLE   =        0.0607  DIHED      =        0.7519
 VDWAALS =        0.0000  EEL     =        0.0000  HBOND      =        0.0000
 1-4 VDW =        0.0526  1-4 EEL =       -0.7022  RESTRAINT  =        0.0000


   NSTEP       ENERGY          RMS            GMAX         NAME    NUMBER
     24       1.6375E-01     6.7436E-02     1.7367E-01     C2          2

 BOND    =        0.0010  ANGLE   =        0.0605  DIHED      =        0.7518
 VDWAALS =        0.0000  EEL     =        0.0000  HBOND      =        0.0000
 1-4 VDW =        0.0528  1-4 EEL =       -0.7024  RESTRAINT  =        0.0000


   NSTEP       ENERGY          RMS            GMAX         NAME    NUMBER
     25       1.6380E-01     1.3837E-01     4.8745E-01     C2          2

 BOND    =        0.0013  ANGLE   =        0.0606  DIHED      =        0.7517
 VDWAALS =        0.0000  EEL     =        0.0000  HBOND      =        0.0000
 1-4 VDW =        0.0530  1-4 EEL =       -0.7028  RESTRAINT  =        0.0000


   NSTEP       ENERGY          RMS            GMAX         NAME    NUMBER
     26       1.6365E-01     3.6581E-02     1.0541E-01     C2          2

 BOND    =        0.0011  ANGLE   =        0.0606  DIHED      =        0.7518
 VDWAALS =        0.0000  EEL     =        0.0000  HBOND      =        0.0000
 1-4 VDW =        0.0529  1-4 EEL =       -0.7027  RESTRAINT  =        0.0000


   NSTEP       ENERGY          RMS            GMAX         NAME    NUMBER
     27       1.6364E-01     6.8769E-02     2.1646E-01     C2          2

 BOND    =        0.0011  ANGLE   =        0.0606  DIHED      =        0.7519
 VDWAALS =        0.0000  EEL     =        0.0000  HBOND      =        0.0000
 1-4 VDW =        0.0528  1-4 EEL =       -0.7028  RESTRAINT  =        0.0000


   NSTEP       ENERGY          RMS            GMAX         NAME    NUMBER
     28       1.6366E-01     9.2292E-02     3.3803E-01     C2          2

 BOND    =        0.0013  ANGLE   =        0.0606  DIHED      =        0.7518
 VDWAALS =        0.0000  EEL     =        0.0000  HBOND      =        0.0000
 1-4 VDW =        0.0530  1-4 EEL =       -0.7030  RESTRAINT  =        0.0000


   NSTEP       ENERGY          RMS            GMAX         NAME    NUMBER
     29       1.6359E-01     2.0674E-02     5.5694E-02     H11         4

 BOND    =        0.0012  ANGLE   =        0.0606  DIHED      =        0.7518
 VDWAALS =        0.0000  EEL     =        0.0000  HBOND      =        0.0000
 1-4 VDW =        0.0529  1-4 EEL =       -0.7030  RESTRAINT  =        0.0000


   NSTEP       ENERGY          RMS            GMAX         NAME    NUMBER
     30       1.6358E-01     4.0228E-02     1.2290E-01     C2          2

 BOND    =        0.0012  ANGLE   =        0.0606  DIHED      =        0.7519
 VDWAALS =        0.0000  EEL     =        0.0000  HBOND      =        0.0000
 1-4 VDW =        0.0529  1-4 EEL =       -0.7031  RESTRAINT  =        0.0000


   NSTEP       ENERGY          RMS            GMAX         NAME    NUMBER
     31       1.6360E-01     7.4378E-02     2.6913E-01     C2          2

 BOND    =        0.0013  ANGLE   =        0.0606  DIHED      =        0.7518
 VDWAALS =        0.0000  EEL     =        0.0000  HBOND      =        0.0000
 1-4 VDW =        0.0531  1-4 EEL =       -0.7033  RESTRAINT  =        0.0000


   NSTEP       ENERGY          RMS            GMAX         NAME    NUMBER
     32       1.6356E-01     1.8674E-02     6.3647E-02     C2          2

 BOND    =        0.0013  ANGLE   =        0.0606  DIHED      =        0.7519
 VDWAALS =        0.0000  EEL     =        0.0000  HBOND      =        0.0000
 1-4 VDW =        0.0530  1-4 EEL =       -0.7033  RESTRAINT  =        0.0000


   NSTEP       ENERGY          RMS            GMAX         NAME    NUMBER
     33       1.6357E-01     4.3108E-02     1.4262E-01     C2          2

 BOND    =        0.0012  ANGLE   =        0.0606  DIHED      =        0.7519
 VDWAALS =        0.0000  EEL     =        0.0000  HBOND      =        0.0000
 1-4 VDW =        0.0530  1-4 EEL =       -0.7033  RESTRAINT  =        0.0000


   NSTEP       ENERGY          RMS            GMAX         NAME    NUMBER
     34       1.6355E-01     1.1408E-02     2.8577E-02     H11         4

 BOND    =        0.0012  ANGLE   =        0.0606  DIHED      =        0.7519
 VDWAALS =        0.0000  EEL     =        0.0000  HBOND      =        0.0000
 1-4 VDW =        0.0531  1-4 EEL =       -0.7033  RESTRAINT  =        0.0000


   NSTEP       ENERGY          RMS            GMAX         NAME    NUMBER
     35       1.6355E-01     2.1689E-02     7.9789E-02     C2          2

 BOND    =        0.0013  ANGLE   =        0.0607  DIHED      =        0.7519
 VDWAALS =        0.0000  EEL     =        0.0000  HBOND      =        0.0000
 1-4 VDW =        0.0531  1-4 EEL =       -0.7034  RESTRAINT  =        0.0000


   NSTEP       ENERGY          RMS            GMAX         NAME    NUMBER
     36       1.6355E-01     2.8421E-02     9.3006E-02     C2          2

 BOND    =        0.0013  ANGLE   =        0.0606  DIHED      =        0.7520
 VDWAALS =        0.0000  EEL     =        0.0000  HBOND      =        0.0000
 1-4 VDW =        0.0531  1-4 EEL =       -0.7034  RESTRAINT  =        0.0000


   NSTEP       ENERGY          RMS            GMAX         NAME    NUMBER
     37       1.6354E-01     6.6662E-03     1.8309E-02     CL          3

 BOND    =        0.0013  ANGLE   =        0.0606  DIHED      =        0.7519
 VDWAALS =        0.0000  EEL     =        0.0000  HBOND      =        0.0000
 1-4 VDW =        0.0532  1-4 EEL =       -0.7035  RESTRAINT  =        0.0000


   NSTEP       ENERGY          RMS            GMAX         NAME    NUMBER
     38       1.6354E-01     1.1287E-02     4.1105E-02     C2          2

 BOND    =        0.0013  ANGLE   =        0.0607  DIHED      =        0.7519
 VDWAALS =        0.0000  EEL     =        0.0000  HBOND      =        0.0000
 1-4 VDW =        0.0532  1-4 EEL =       -0.7035  RESTRAINT  =        0.0000


   NSTEP       ENERGY          RMS            GMAX         NAME    NUMBER
     39       1.6355E-01     2.3403E-02     7.8377E-02     C2          2

 BOND    =        0.0013  ANGLE   =        0.0606  DIHED      =        0.7520
 VDWAALS =        0.0000  EEL     =        0.0000  HBOND      =        0.0000
 1-4 VDW =        0.0532  1-4 EEL =       -0.7035  RESTRAINT  =        0.0000


   NSTEP       ENERGY          RMS            GMAX         NAME    NUMBER
     40       1.6354E-01     6.3470E-03     1.5141E-02     CL          3

 BOND    =        0.0013  ANGLE   =        0.0606  DIHED      =        0.7520
 VDWAALS =        0.0000  EEL     =        0.0000  HBOND      =        0.0000
 1-4 VDW =        0.0532  1-4 EEL =       -0.7036  RESTRAINT  =        0.0000


   NSTEP       ENERGY          RMS            GMAX         NAME    NUMBER
     41       1.6354E-01     1.2723E-02     4.7058E-02     C2          2

 BOND    =        0.0013  ANGLE   =        0.0606  DIHED      =        0.7519
 VDWAALS =        0.0000  EEL     =        0.0000  HBOND      =        0.0000
 1-4 VDW =        0.0533  1-4 EEL =       -0.7036  RESTRAINT  =        0.0000


   NSTEP       ENERGY          RMS            GMAX         NAME    NUMBER
     42       1.6354E-01     3.6307E-03     9.0209E-03     C2          2

 BOND    =        0.0013  ANGLE   =        0.0606  DIHED      =        0.7520
 VDWAALS =        0.0000  EEL     =        0.0000  HBOND      =        0.0000
 1-4 VDW =        0.0533  1-4 EEL =       -0.7036  RESTRAINT  =        0.0000


   NSTEP       ENERGY          RMS            GMAX         NAME    NUMBER
     43       1.6354E-01     5.1375E-03     1.2879E-02     C2          2

 BOND    =        0.0013  ANGLE   =        0.0606  DIHED      =        0.7520
 VDWAALS =        0.0000  EEL     =        0.0000  HBOND      =        0.0000
 1-4 VDW =        0.0533  1-4 EEL =       -0.7036  RESTRAINT  =        0.0000


   NSTEP       ENERGY          RMS            GMAX         NAME    NUMBER
     44       1.6354E-01     9.3855E-03     3.4717E-02     C2          2

 BOND    =        0.0013  ANGLE   =        0.0606  DIHED      =        0.7520
 VDWAALS =        0.0000  EEL     =        0.0000  HBOND      =        0.0000
 1-4 VDW =        0.0533  1-4 EEL =       -0.7037  RESTRAINT  =        0.0000


   NSTEP       ENERGY          RMS            GMAX         NAME    NUMBER
     45       1.6354E-01     2.6930E-03     7.2608E-03     C2          2

 BOND    =        0.0013  ANGLE   =        0.0606  DIHED      =        0.7520
 VDWAALS =        0.0000  EEL     =        0.0000  HBOND      =        0.0000
 1-4 VDW =        0.0533  1-4 EEL =       -0.7037  RESTRAINT  =        0.0000


   NSTEP       ENERGY          RMS            GMAX         NAME    NUMBER
     46       1.6354E-01     4.0670E-03     1.0822E-02     C2          2

 BOND    =        0.0013  ANGLE   =        0.0606  DIHED      =        0.7520
 VDWAALS =        0.0000  EEL     =        0.0000  HBOND      =        0.0000
 1-4 VDW =        0.0533  1-4 EEL =       -0.7037  RESTRAINT  =        0.0000


   NSTEP       ENERGY          RMS            GMAX         NAME    NUMBER
     47       1.6354E-01     6.6735E-03     2.4685E-02     C2          2

 BOND    =        0.0013  ANGLE   =        0.0606  DIHED      =        0.7520
 VDWAALS =        0.0000  EEL     =        0.0000  HBOND      =        0.0000
 1-4 VDW =        0.0534  1-4 EEL =       -0.7037  RESTRAINT  =        0.0000


   NSTEP       ENERGY          RMS            GMAX         NAME    NUMBER
     48       1.6354E-01     1.9120E-03     4.9481E-03     C2          2

 BOND    =        0.0013  ANGLE   =        0.0606  DIHED      =        0.7520
 VDWAALS =        0.0000  EEL     =        0.0000  HBOND      =        0.0000
 1-4 VDW =        0.0534  1-4 EEL =       -0.7037  RESTRAINT  =        0.0000


   NSTEP       ENERGY          RMS            GMAX         NAME    NUMBER
     49       1.6354E-01     2.7934E-03     7.1920E-03     C2          2

 BOND    =        0.0013  ANGLE   =        0.0606  DIHED      =        0.7520
 VDWAALS =        0.0000  EEL     =        0.0000  HBOND      =        0.0000
 1-4 VDW =        0.0534  1-4 EEL =       -0.7037  RESTRAINT  =        0.0000


   NSTEP       ENERGY          RMS            GMAX         NAME    NUMBER
     50       1.6354E-01     4.8358E-03     1.7884E-02     C2          2

 BOND    =        0.0013  ANGLE   =        0.0606  DIHED      =        0.7520
 VDWAALS =        0.0000  EEL     =        0.0000  HBOND      =        0.0000
 1-4 VDW =        0.0534  1-4 EEL =       -0.7037  RESTRAINT  =        0.0000


   NSTEP       ENERGY          RMS            GMAX         NAME    NUMBER
     51       1.6354E-01     1.3974E-03     3.6738E-03     C2          2

 BOND    =        0.0013  ANGLE   =        0.0606  DIHED      =        0.7520
 VDWAALS =        0.0000  EEL     =        0.0000  HBOND      =        0.0000
 1-4 VDW =        0.0534  1-4 EEL =       -0.7037  RESTRAINT  =        0.0000
 Frac coord min, max:  -0.75507381830332942        1.0794505994357462     
 The system has extended beyond 
     the extent of the virtual box.
 Restarting sander will recalculate
    a new virtual box with 30 Angstroms
    extra on each side, if there is a
    restart file for this configuration.
 SANDER BOMB in subroutine Routine: map_coords (ew_force.f)
 Atom out of bounds. If a restart has been written,
 restarting should resolve the error
