
          -------------------------------------------------------
          Amber 16 SANDER                              2016
          -------------------------------------------------------

| Run on 04/20/2016 at 15:27:00

|   Executable path: sander
| Working directory: /gpfs/gpfs/project1/dacase-001/haichit/phenix_amber/run_amber_library/amber_library/m
|          Hostname: e1c029

  [-O]verwriting output

File Assignments:
|  MDIN: MZ8_sander.in                                                         
| MDOUT: MZ8.min_igb.out                                                       
|INPCRD: MZ8.rst7                                                              
|  PARM: MZ8.prmtop                                                            
|RESTRT: MZ8.min_igb.rst7                                                      
|  REFC: refc                                                                  
| MDVEL: mdvel                                                                 
| MDFRC: mdfrc                                                                 
|  MDEN: mden                                                                  
| MDCRD: mdcrd                                                                 
|MDINFO: mdinfo                                                                
|  MTMD: mtmd                                                                  
|INPDIP: inpdip                                                                
|RSTDIP: rstdip                                                                
|INPTRA: inptraj                                                               


 Here is the input file:

  short minimization                                                           
 &cntrl                                                                        
   imin=1, maxcyc=100, ncyc=50, ntpr=1, cut=99., ntb=0, igb=2                  
 /                                                                             

--------------------------------------------------------------------------------
   1.  RESOURCE   USE: 
--------------------------------------------------------------------------------

| Flags:                                                                        
| New format PARM file being parsed.
| Version =    1.000 Date = 04/20/16 Time = 15:27:00
 NATOM  =      71 NTYPES =      15 NBONH =      33 MBONA  =      40
 NTHETH =      71 MTHETA =      53 NPHIH =     134 MPHIA  =      75
 NHPARM =       0 NPARM  =       0 NNB   =     376 NRES   =       1
 NBONA  =      40 NTHETA =      53 NPHIA =      75 NUMBND =      24
 NUMANG =      40 NPTRA  =      25 NATYP =      18 NPHB   =       0
 IFBOX  =       0 NMXRS  =      71 IFCAP =       0 NEXTRA =       0
 NCOPY  =       0

 Implicit solvent radii are H(N)-modified Bondi radii (mbondi2)                                             

|     Memory Use     Allocated
|     Real                9437
|     Hollerith            216
|     Integer            23600
|     Max Pairs              1
|     nblistReal             0
|     nblist Int             0
|       Total              166 kbytes

| Note: 1-4 EEL scale factors are being read from the topology file.

| Note: 1-4 VDW scale factors are being read from the topology file.
| Duplicated    0 dihedrals
| Duplicated    0 dihedrals

--------------------------------------------------------------------------------
   2.  CONTROL  DATA  FOR  THE  RUN
--------------------------------------------------------------------------------

MZ8                                                                             

General flags:
     imin    =       1, nmropt  =       0

Nature and format of input:
     ntx     =       1, irest   =       0, ntrx    =       1

Nature and format of output:
     ntxo    =       2, ntpr    =       1, ntrx    =       1, ntwr    =       1
     iwrap   =       0, ntwx    =       0, ntwv    =       0, ntwe    =       0
     ioutfm  =       1, ntwprt  =       0, idecomp =       0, rbornstat=      0

Potential function:
     ntf     =       1, ntb     =       0, igb     =       2, nsnb    =      25
     ipol    =       0, gbsa    =       0, iesp    =       0
     dielc   =   1.00000, cut     =  99.00000, intdiel =   1.00000
     saltcon =   0.00000, offset  =   0.09000, gbalpha=    0.80000
     gbbeta  =   0.00000, gbgamma =   2.90912, surften =   0.00500
     rdt     =   0.00000, rgbmax  =  25.00000  extdiel =  78.50000
     alpb  =        0

Frozen or restrained atoms:
     ibelly  =       0, ntr     =       0

Energy minimization:
     maxcyc  =     100, ncyc    =      50, ntmin   =       1
     dx0     =   0.01000, drms    =   0.00010
|  INFO: Old style inpcrd file read


--------------------------------------------------------------------------------
   3.  ATOMIC COORDINATES AND VELOCITIES
--------------------------------------------------------------------------------

MZ8                                                                             
 begin time read from input coords =     0.000 ps

 Number of triangulated 3-point waters found:        0

--------------------------------------------------------------------------------
   4.  RESULTS
--------------------------------------------------------------------------------



   NSTEP       ENERGY          RMS            GMAX         NAME    NUMBER
      1      -1.1919E+00     3.0800E+01     1.5330E+02     C5          4

 BOND    =       45.9616  ANGLE   =       21.9896  DIHED      =        9.9884
 VDWAALS =       37.2665  EEL     =      -28.3006  EGB        =     -157.8687
 1-4 VDW =       13.8850  1-4 EEL =       55.8863  RESTRAINT  =        0.0000


   NSTEP       ENERGY          RMS            GMAX         NAME    NUMBER
      2      -6.4417E+00     2.9167E+01     1.4568E+02     C5          4

 BOND    =       43.3293  ANGLE   =       21.3822  DIHED      =        9.9832
 VDWAALS =       35.0327  EEL     =      -28.0217  EGB        =     -157.9374
 1-4 VDW =       13.9059  1-4 EEL =       55.8841  RESTRAINT  =        0.0000


   NSTEP       ENERGY          RMS            GMAX         NAME    NUMBER
      3      -1.2373E+01     2.7298E+01     1.3664E+02     C5          4

 BOND    =       40.3047  ANGLE   =       20.7290  DIHED      =        9.9787
 VDWAALS =       32.5261  EEL     =      -27.6982  EGB        =     -158.0245
 1-4 VDW =       13.9319  1-4 EEL =       55.8795  RESTRAINT  =        0.0000


   NSTEP       ENERGY          RMS            GMAX         NAME    NUMBER
      4      -1.8986E+01     2.5180E+01     1.2600E+02     C5          4

 BOND    =       36.8671  ANGLE   =       20.0519  DIHED      =        9.9757
 VDWAALS =       29.7447  EEL     =      -27.3252  EGB        =     -158.1359
 1-4 VDW =       13.9642  1-4 EEL =       55.8711  RESTRAINT  =        0.0000


   NSTEP       ENERGY          RMS            GMAX         NAME    NUMBER
      5      -2.6242E+01     2.2814E+01     1.1357E+02     C5          4

 BOND    =       33.0135  ANGLE   =       19.3871  DIHED      =        9.9757
 VDWAALS =       26.6971  EEL     =      -26.8981  EGB        =     -158.2793
 1-4 VDW =       14.0045  1-4 EEL =       55.8573  RESTRAINT  =        0.0000


   NSTEP       ENERGY          RMS            GMAX         NAME    NUMBER
      6      -3.4045E+01     2.0217E+01     9.9225E+01     C5          4

 BOND    =       28.7687  ANGLE   =       18.7887  DIHED      =        9.9808
 VDWAALS =       23.4053  EEL     =      -26.4132  EGB        =     -158.4650
 1-4 VDW =       14.0546  1-4 EEL =       55.8355  RESTRAINT  =        0.0000


   NSTEP       ENERGY          RMS            GMAX         NAME    NUMBER
      7      -4.2231E+01     1.7442E+01     8.7643E+01     O10         3

 BOND    =       24.1970  ANGLE   =       18.3267  DIHED      =        9.9942
 VDWAALS =       19.9075  EEL     =      -25.8682  EGB        =     -158.7070
 1-4 VDW =       14.1163  1-4 EEL =       55.8026  RESTRAINT  =        0.0000


   NSTEP       ENERGY          RMS            GMAX         NAME    NUMBER
      8      -5.0572E+01     1.4580E+01     7.8444E+01     O10         3

 BOND    =       19.4167  ANGLE   =       18.0739  DIHED      =       10.0205
 VDWAALS =       16.2615  EEL     =      -25.2646  EGB        =     -159.0248
 1-4 VDW =       14.1908  1-4 EEL =       55.7544  RESTRAINT  =        0.0000


   NSTEP       ENERGY          RMS            GMAX         NAME    NUMBER
      9      -5.8785E+01     1.1757E+01     6.6845E+01     O10         3

 BOND    =       14.6237  ANGLE   =       18.0662  DIHED      =       10.0661
 VDWAALS =       12.5489  EEL     =      -24.6107  EGB        =     -159.4412
 1-4 VDW =       14.2761  1-4 EEL =       55.6861  RESTRAINT  =        0.0000


   NSTEP       ENERGY          RMS            GMAX         NAME    NUMBER
     10      -6.6571E+01     9.1155E+00     6.0528E+01     S8          2

 BOND    =       10.1325  ANGLE   =       18.2303  DIHED      =       10.1393
 VDWAALS =        8.8756  EEL     =      -23.9257  EGB        =     -159.9784
 1-4 VDW =       14.3628  1-4 EEL =       55.5928  RESTRAINT  =        0.0000


   NSTEP       ENERGY          RMS            GMAX         NAME    NUMBER
     11      -7.3654E+01     6.7822E+00     5.4992E+01     S8          2

 BOND    =        6.3999  ANGLE   =       18.3276  DIHED      =       10.2492
 VDWAALS =        5.3628  EEL     =      -23.2437  EGB        =     -160.6451
 1-4 VDW =       14.4241  1-4 EEL =       55.4708  RESTRAINT  =        0.0000


   NSTEP       ENERGY          RMS            GMAX         NAME    NUMBER
     12      -7.9846E+01     4.8887E+00     4.6777E+01     S8          2

 BOND    =        3.8651  ANGLE   =       18.0632  DIHED      =       10.4052
 VDWAALS =        2.1165  EEL     =      -22.6032  EGB        =     -161.4083
 1-4 VDW =       14.3998  1-4 EEL =       55.3154  RESTRAINT  =        0.0000


   NSTEP       ENERGY          RMS            GMAX         NAME    NUMBER
     13      -8.5193E+01     3.6193E+00     3.5958E+01     S8          2

 BOND    =        2.5666  ANGLE   =       17.2653  DIHED      =       10.6226
 VDWAALS =       -0.8027  EEL     =      -21.9970  EGB        =     -162.1522
 1-4 VDW =       14.1931  1-4 EEL =       55.1114  RESTRAINT  =        0.0000


   NSTEP       ENERGY          RMS            GMAX         NAME    NUMBER
     14      -9.0149E+01     2.9527E+00     2.9761E+01     S8          2

 BOND    =        2.0738  ANGLE   =       15.5660  DIHED      =       10.9505
 VDWAALS =       -3.3528  EEL     =      -21.2294  EGB        =     -162.7973
 1-4 VDW =       13.8556  1-4 EEL =       54.7849  RESTRAINT  =        0.0000


   NSTEP       ENERGY          RMS            GMAX         NAME    NUMBER
     15      -9.4729E+01     3.8036E+00     2.1984E+01     S8          2

 BOND    =        2.2894  ANGLE   =       12.9810  DIHED      =       11.4308
 VDWAALS =       -5.5502  EEL     =      -20.1448  EGB        =     -163.5566
 1-4 VDW =       13.4838  1-4 EEL =       54.3374  RESTRAINT  =        0.0000


   NSTEP       ENERGY          RMS            GMAX         NAME    NUMBER
     16      -8.3796E+01     1.9724E+01     9.5063E+01     C4          5

 BOND    =       13.0466  ANGLE   =       13.5003  DIHED      =       12.0219
 VDWAALS =       -6.7309  EEL     =      -18.9232  EGB        =     -164.2522
 1-4 VDW =       13.5601  1-4 EEL =       53.9813  RESTRAINT  =        0.0000


   NSTEP       ENERGY          RMS            GMAX         NAME    NUMBER
     17      -9.7482E+01     5.2188E+00     2.2933E+01     S8          2

 BOND    =        3.0082  ANGLE   =       10.5114  DIHED      =       11.9328
 VDWAALS =       -6.8275  EEL     =      -18.9697  EGB        =     -164.4269
 1-4 VDW =       13.4068  1-4 EEL =       53.8833  RESTRAINT  =        0.0000


   NSTEP       ENERGY          RMS            GMAX         NAME    NUMBER
     18      -9.5121E+01     1.0653E+01     4.8220E+01     C4          5

 BOND    =        6.3413  ANGLE   =       10.3516  DIHED      =       11.9444
 VDWAALS =       -7.1609  EEL     =      -18.9199  EGB        =     -164.6622
 1-4 VDW =       13.1027  1-4 EEL =       53.8818  RESTRAINT  =        0.0000


   NSTEP       ENERGY          RMS            GMAX         NAME    NUMBER
     19      -9.9442E+01     2.8021E+00     1.5273E+01     S8          2

 BOND    =        2.4001  ANGLE   =        9.7429  DIHED      =       12.0349
 VDWAALS =       -7.2152  EEL     =      -18.7415  EGB        =     -164.6769
 1-4 VDW =       13.1398  1-4 EEL =       53.8738  RESTRAINT  =        0.0000


   NSTEP       ENERGY          RMS            GMAX         NAME    NUMBER
     20      -9.9445E+01     5.2648E+00     1.8463E+01     C4          5

 BOND    =        3.1466  ANGLE   =        9.1159  DIHED      =       12.1978
 VDWAALS =       -7.4746  EEL     =      -18.2514  EGB        =     -165.0557
 1-4 VDW =       13.2491  1-4 EEL =       53.6272  RESTRAINT  =        0.0000


   NSTEP       ENERGY          RMS            GMAX         NAME    NUMBER
     21      -9.9373E+01     6.4683E+00     2.3965E+01     C4          5

 BOND    =        4.0943  ANGLE   =        8.8556  DIHED      =       12.1578
 VDWAALS =       -7.6397  EEL     =      -18.3331  EGB        =     -165.1780
 1-4 VDW =       13.0121  1-4 EEL =       53.6576  RESTRAINT  =        0.0000


   NSTEP       ENERGY          RMS            GMAX         NAME    NUMBER
     22      -1.0110E+02     1.5692E+00     1.2357E+01     S8          2

 BOND    =        2.3594  ANGLE   =        8.6781  DIHED      =       12.2242
 VDWAALS =       -7.6833  EEL     =      -18.1668  EGB        =     -165.2147
 1-4 VDW =       13.0537  1-4 EEL =       53.6454  RESTRAINT  =        0.0000


   NSTEP       ENERGY          RMS            GMAX         NAME    NUMBER
     23      -1.0169E+02     2.3181E+00     1.2039E+01     C2         10

 BOND    =        2.7706  ANGLE   =        8.0254  DIHED      =       12.3080
 VDWAALS =       -7.9135  EEL     =      -17.7900  EGB        =     -165.5773
 1-4 VDW =       13.0644  1-4 EEL =       53.4260  RESTRAINT  =        0.0000


   NSTEP       ENERGY          RMS            GMAX         NAME    NUMBER
     24      -1.0125E+02     5.2694E+00     3.6361E+01     C2         10

 BOND    =        3.0436  ANGLE   =        8.5154  DIHED      =       12.3129
 VDWAALS =       -8.0963  EEL     =      -17.8184  EGB        =     -165.6214
 1-4 VDW =       12.8336  1-4 EEL =       53.5761  RESTRAINT  =        0.0000


   NSTEP       ENERGY          RMS            GMAX         NAME    NUMBER
     25      -1.0236E+02     1.5324E+00     8.0471E+00     S8          2

 BOND    =        2.4927  ANGLE   =        7.9698  DIHED      =       12.3284
 VDWAALS =       -8.1187  EEL     =      -17.6608  EGB        =     -165.7312
 1-4 VDW =       12.9100  1-4 EEL =       53.4534  RESTRAINT  =        0.0000


   NSTEP       ENERGY          RMS            GMAX         NAME    NUMBER
     26      -1.0257E+02     2.3020E+00     9.2438E+00     C2         10

 BOND    =        2.8413  ANGLE   =        7.5972  DIHED      =       12.3524
 VDWAALS =       -8.2339  EEL     =      -17.4131  EGB        =     -165.9438
 1-4 VDW =       12.9593  1-4 EEL =       53.2723  RESTRAINT  =        0.0000


   NSTEP       ENERGY          RMS            GMAX         NAME    NUMBER
     27      -1.0260E+02     3.2338E+00     1.5633E+01     C2         10

 BOND    =        2.7707  ANGLE   =        7.9033  DIHED      =       12.3146
 VDWAALS =       -8.3457  EEL     =      -17.4746  EGB        =     -165.9579
 1-4 VDW =       12.8108  1-4 EEL =       53.3823  RESTRAINT  =        0.0000


   NSTEP       ENERGY          RMS            GMAX         NAME    NUMBER
     28      -1.0262E+02     3.8359E+00     1.6505E+01     C2         10

 BOND    =        3.1564  ANGLE   =        7.4677  DIHED      =       12.3628
 VDWAALS =       -8.4000  EEL     =      -17.1994  EGB        =     -166.1168
 1-4 VDW =       12.9090  1-4 EEL =       53.2000  RESTRAINT  =        0.0000


   NSTEP       ENERGY          RMS            GMAX         NAME    NUMBER
     29      -1.0245E+02     4.8548E+00     2.3462E+01     C6         12

 BOND    =        3.2546  ANGLE   =        7.9287  DIHED      =       12.2772
 VDWAALS =       -8.4935  EEL     =      -17.3470  EGB        =     -166.1274
 1-4 VDW =       12.7670  1-4 EEL =       53.2914  RESTRAINT  =        0.0000


   NSTEP       ENERGY          RMS            GMAX         NAME    NUMBER
     30      -1.0344E+02     1.0824E+00     4.8994E+00     S8          2

 BOND    =        2.5832  ANGLE   =        7.5232  DIHED      =       12.3118
 VDWAALS =       -8.5114  EEL     =      -17.2183  EGB        =     -166.1652
 1-4 VDW =       12.8059  1-4 EEL =       53.2356  RESTRAINT  =        0.0000


   NSTEP       ENERGY          RMS            GMAX         NAME    NUMBER
     31      -1.0365E+02     2.1020E+00     9.6880E+00     C2         10

 BOND    =        2.8358  ANGLE   =        7.3240  DIHED      =       12.2977
 VDWAALS =       -8.6470  EEL     =      -17.0090  EGB        =     -166.3610
 1-4 VDW =       12.7973  1-4 EEL =       53.1150  RESTRAINT  =        0.0000


   NSTEP       ENERGY          RMS            GMAX         NAME    NUMBER
     32      -1.0342E+02     3.8304E+00     2.1910E+01     C2         10

 BOND    =        2.9426  ANGLE   =        7.6391  DIHED      =       12.2421
 VDWAALS =       -8.7380  EEL     =      -17.0867  EGB        =     -166.2999
 1-4 VDW =       12.6947  1-4 EEL =       53.1842  RESTRAINT  =        0.0000


   NSTEP       ENERGY          RMS            GMAX         NAME    NUMBER
     33      -1.0403E+02     1.1213E+00     4.7474E+00     C5          4

 BOND    =        2.6037  ANGLE   =        7.4021  DIHED      =       12.2498
 VDWAALS =       -8.7557  EEL     =      -16.9937  EGB        =     -166.3876
 1-4 VDW =       12.7193  1-4 EEL =       53.1337  RESTRAINT  =        0.0000


   NSTEP       ENERGY          RMS            GMAX         NAME    NUMBER
     34      -1.0415E+02     1.7911E+00     6.3217E+00     C4          5

 BOND    =        2.7999  ANGLE   =        7.2391  DIHED      =       12.2385
 VDWAALS =       -8.8340  EEL     =      -16.8523  EGB        =     -166.5084
 1-4 VDW =       12.7245  1-4 EEL =       53.0432  RESTRAINT  =        0.0000


   NSTEP       ENERGY          RMS            GMAX         NAME    NUMBER
     35      -1.0418E+02     2.4416E+00     9.2527E+00     C4          5

 BOND    =        2.7223  ANGLE   =        7.4583  DIHED      =       12.1812
 VDWAALS =       -8.9038  EEL     =      -16.9016  EGB        =     -166.4833
 1-4 VDW =       12.6552  1-4 EEL =       53.0920  RESTRAINT  =        0.0000


   NSTEP       ENERGY          RMS            GMAX         NAME    NUMBER
     36      -1.0422E+02     2.8567E+00     1.1368E+01     C4          5

 BOND    =        2.9628  ANGLE   =        7.2290  DIHED      =       12.2057
 VDWAALS =       -8.9454  EEL     =      -16.7445  EGB        =     -166.6076
 1-4 VDW =       12.6835  1-4 EEL =       53.0013  RESTRAINT  =        0.0000


   NSTEP       ENERGY          RMS            GMAX         NAME    NUMBER
     37      -1.0414E+02     3.6298E+00     1.5141E+01     C4          5

 BOND    =        2.9907  ANGLE   =        7.4771  DIHED      =       12.1230
 VDWAALS =       -9.0063  EEL     =      -16.8197  EGB        =     -166.5667
 1-4 VDW =       12.6243  1-4 EEL =       53.0378  RESTRAINT  =        0.0000


   NSTEP       ENERGY          RMS            GMAX         NAME    NUMBER
     38      -1.0469E+02     9.0390E-01     3.3400E+00     C2         10

 BOND    =        2.6196  ANGLE   =        7.2872  DIHED      =       12.1459
 VDWAALS =       -9.0214  EEL     =      -16.7556  EGB        =     -166.6103
 1-4 VDW =       12.6287  1-4 EEL =       53.0143  RESTRAINT  =        0.0000


   NSTEP       ENERGY          RMS            GMAX         NAME    NUMBER
     39      -1.0483E+02     1.6908E+00     9.7184E+00     C2         10

 BOND    =        2.8271  ANGLE   =        7.1431  DIHED      =       12.1088
 VDWAALS =       -9.1105  EEL     =      -16.6293  EGB        =     -166.7290
 1-4 VDW =       12.6180  1-4 EEL =       52.9407  RESTRAINT  =        0.0000


   NSTEP       ENERGY          RMS            GMAX         NAME    NUMBER
     40      -1.0472E+02     3.0877E+00     2.1690E+01     C2         10

 BOND    =        2.7255  ANGLE   =        7.4724  DIHED      =       12.0730
 VDWAALS =       -9.1697  EEL     =      -16.6898  EGB        =     -166.6709
 1-4 VDW =       12.5478  1-4 EEL =       52.9936  RESTRAINT  =        0.0000


   NSTEP       ENERGY          RMS            GMAX         NAME    NUMBER
     41      -1.0508E+02     9.3609E-01     3.6439E+00     C5          4

 BOND    =        2.6261  ANGLE   =        7.2565  DIHED      =       12.0640
 VDWAALS =       -9.1837  EEL     =      -16.6265  EGB        =     -166.7329
 1-4 VDW =       12.5653  1-4 EEL =       52.9526  RESTRAINT  =        0.0000


   NSTEP       ENERGY          RMS            GMAX         NAME    NUMBER
     42      -1.0518E+02     1.3071E+00     5.2077E+00     C2         10

 BOND    =        2.7717  ANGLE   =        7.1332  DIHED      =       12.0436
 VDWAALS =       -9.2385  EEL     =      -16.5382  EGB        =     -166.8149
 1-4 VDW =       12.5608  1-4 EEL =       52.9003  RESTRAINT  =        0.0000


   NSTEP       ENERGY          RMS            GMAX         NAME    NUMBER
     43      -1.0523E+02     1.8213E+00     9.8049E+00     C2         10

 BOND    =        2.6417  ANGLE   =        7.3315  DIHED      =       12.0013
 VDWAALS =       -9.2896  EEL     =      -16.5669  EGB        =     -166.7892
 1-4 VDW =       12.5138  1-4 EEL =       52.9273  RESTRAINT  =        0.0000


   NSTEP       ENERGY          RMS            GMAX         NAME    NUMBER
     44      -1.0527E+02     2.1820E+00     1.2077E+01     C2         10

 BOND    =        2.9324  ANGLE   =        7.0866  DIHED      =       11.9956
 VDWAALS =       -9.3256  EEL     =      -16.4506  EGB        =     -166.8975
 1-4 VDW =       12.5328  1-4 EEL =       52.8565  RESTRAINT  =        0.0000


   NSTEP       ENERGY          RMS            GMAX         NAME    NUMBER
     45      -1.0525E+02     2.7912E+00     1.8141E+01     C2         10

 BOND    =        2.7298  ANGLE   =        7.4019  DIHED      =       11.9587
 VDWAALS =       -9.3674  EEL     =      -16.5210  EGB        =     -166.8345
 1-4 VDW =       12.4751  1-4 EEL =       52.9062  RESTRAINT  =        0.0000


   NSTEP       ENERGY          RMS            GMAX         NAME    NUMBER
     46      -1.0557E+02     7.9180E-01     3.5335E+00     C5          4

 BOND    =        2.6551  ANGLE   =        7.1956  DIHED      =       11.9523
 VDWAALS =       -9.3813  EEL     =      -16.4596  EGB        =     -166.8893
 1-4 VDW =       12.4897  1-4 EEL =       52.8690  RESTRAINT  =        0.0000


   NSTEP       ENERGY          RMS            GMAX         NAME    NUMBER
     47      -1.0568E+02     1.2446E+00     5.7266E+00     C4          5

 BOND    =        2.7450  ANGLE   =        7.1310  DIHED      =       11.9278
 VDWAALS =       -9.4408  EEL     =      -16.3931  EGB        =     -166.9543
 1-4 VDW =       12.4683  1-4 EEL =       52.8347  RESTRAINT  =        0.0000


   NSTEP       ENERGY          RMS            GMAX         NAME    NUMBER
     48      -1.0566E+02     2.2456E+00     1.0030E+01     C4          5

 BOND    =        2.7593  ANGLE   =        7.2626  DIHED      =       11.8718
 VDWAALS =       -9.4896  EEL     =      -16.3852  EGB        =     -166.9597
 1-4 VDW =       12.4463  1-4 EEL =       52.8321  RESTRAINT  =        0.0000


   NSTEP       ENERGY          RMS            GMAX         NAME    NUMBER
     49      -1.0586E+02     7.6133E-01     3.0912E+00     C5          4

 BOND    =        2.6586  ANGLE   =        7.1838  DIHED      =       11.8802
 VDWAALS =       -9.4997  EEL     =      -16.3675  EGB        =     -166.9763
 1-4 VDW =       12.4382  1-4 EEL =       52.8247  RESTRAINT  =        0.0000


   NSTEP       ENERGY          RMS            GMAX         NAME    NUMBER
     50      -1.0595E+02     8.9318E-01     3.2885E+00     C4          5

 BOND    =        2.7331  ANGLE   =        7.1180  DIHED      =       11.8596
 VDWAALS =       -9.5409  EEL     =      -16.3156  EGB        =     -167.0291
 1-4 VDW =       12.4263  1-4 EEL =       52.7968  RESTRAINT  =        0.0000


   NSTEP       ENERGY          RMS            GMAX         NAME    NUMBER
     51      -1.0602E+02     1.2388E+00     4.7322E+00     C5          4

 BOND    =        2.6582  ANGLE   =        7.2237  DIHED      =       11.8212
 VDWAALS =       -9.5845  EEL     =      -16.3120  EGB        =     -167.0268
 1-4 VDW =       12.3983  1-4 EEL =       52.7986  RESTRAINT  =        0.0000


   NSTEP       ENERGY          RMS            GMAX         NAME    NUMBER
     52      -1.0425E+02     7.0767E+00     2.6656E+01     C22        32

 BOND    =        4.7630  ANGLE   =        7.1748  DIHED      =       11.8004
 VDWAALS =       -9.6891  EEL     =      -16.0894  EGB        =     -167.2728
 1-4 VDW =       12.3896  1-4 EEL =       52.6772  RESTRAINT  =        0.0000


   NSTEP       ENERGY          RMS            GMAX         NAME    NUMBER
     53      -1.0611E+02     7.6871E-01     2.9797E+00     C4          5

 BOND    =        2.7157  ANGLE   =        7.1271  DIHED      =       11.8172
 VDWAALS =       -9.6037  EEL     =      -16.2718  EGB        =     -167.0706
 1-4 VDW =       12.3960  1-4 EEL =       52.7767  RESTRAINT  =        0.0000


   NSTEP       ENERGY          RMS            GMAX         NAME    NUMBER
     54      -1.0618E+02     7.6006E-01     2.7206E+00     C4          5

 BOND    =        2.7242  ANGLE   =        7.1190  DIHED      =       11.7982
 VDWAALS =       -9.6321  EEL     =      -16.2477  EGB        =     -167.0938
 1-4 VDW =       12.3846  1-4 EEL =       52.7642  RESTRAINT  =        0.0000


   NSTEP       ENERGY          RMS            GMAX         NAME    NUMBER
     55      -1.0677E+02     1.0231E+00     4.8565E+00     C2         10

 BOND    =        2.8249  ANGLE   =        7.0584  DIHED      =       11.6324
 VDWAALS =       -9.8782  EEL     =      -16.0314  EGB        =     -167.3078
 1-4 VDW =       12.2801  1-4 EEL =       52.6508  RESTRAINT  =        0.0000


   NSTEP       ENERGY          RMS            GMAX         NAME    NUMBER
     56      -1.0826E+02     4.9015E+00     2.3523E+01     C2         10

 BOND    =        4.1731  ANGLE   =        7.1437  DIHED      =       11.0087
 VDWAALS =      -10.8685  EEL     =      -14.9581  EGB        =     -168.5232
 1-4 VDW =       11.7086  1-4 EEL =       52.0581  RESTRAINT  =        0.0000


   NSTEP       ENERGY          RMS            GMAX         NAME    NUMBER
     57      -1.0946E+02     2.8663E+00     1.8113E+01     C2         10

 BOND    =        3.9964  ANGLE   =        8.5036  DIHED      =       10.9227
 VDWAALS =      -11.4777  EEL     =      -14.1206  EGB        =     -169.7826
 1-4 VDW =       10.8793  1-4 EEL =       51.6176  RESTRAINT  =        0.0000


   NSTEP       ENERGY          RMS            GMAX         NAME    NUMBER
     58      -1.0975E+02     1.3633E+00     5.8040E+00     C1          8

 BOND    =        3.7200  ANGLE   =        7.8829  DIHED      =       10.8699
 VDWAALS =      -11.3461  EEL     =      -14.3514  EGB        =     -169.3917
 1-4 VDW =       11.1269  1-4 EEL =       51.7432  RESTRAINT  =        0.0000


   NSTEP       ENERGY          RMS            GMAX         NAME    NUMBER
     59      -1.0986E+02     9.0486E-01     3.8481E+00     C1          8

 BOND    =        3.6205  ANGLE   =        7.9316  DIHED      =       10.8426
 VDWAALS =      -11.3870  EEL     =      -14.3272  EGB        =     -169.3723
 1-4 VDW =       11.1111  1-4 EEL =       51.7176  RESTRAINT  =        0.0000


   NSTEP       ENERGY          RMS            GMAX         NAME    NUMBER
     60      -1.0986E+02     9.0028E-01     3.7987E+00     C1          8

 BOND    =        3.6206  ANGLE   =        7.9312  DIHED      =       10.8427
 VDWAALS =      -11.3868  EEL     =      -14.3273  EGB        =     -169.3724
 1-4 VDW =       11.1112  1-4 EEL =       51.7177  RESTRAINT  =        0.0000


   NSTEP       ENERGY          RMS            GMAX         NAME    NUMBER
     61      -1.0995E+02     7.5657E-01     2.4804E+00     C6         12

 BOND    =        3.5880  ANGLE   =        7.8873  DIHED      =       10.8156
 VDWAALS =      -11.4125  EEL     =      -14.3018  EGB        =     -169.3576
 1-4 VDW =       11.1327  1-4 EEL =       51.6952  RESTRAINT  =        0.0000


   NSTEP       ENERGY          RMS            GMAX         NAME    NUMBER
     62      -1.1008E+02     1.2678E+00     7.0259E+00     S8          2

 BOND    =        3.6060  ANGLE   =        7.7730  DIHED      =       10.7331
 VDWAALS =      -11.4925  EEL     =      -14.2170  EGB        =     -169.3106
 1-4 VDW =       11.2060  1-4 EEL =       51.6207  RESTRAINT  =        0.0000


   NSTEP       ENERGY          RMS            GMAX         NAME    NUMBER
     63      -1.1028E+02     1.3298E+00     5.4772E+00     C2         10

 BOND    =        3.3826  ANGLE   =        7.7321  DIHED      =       10.6156
 VDWAALS =      -11.5811  EEL     =      -14.0134  EGB        =     -169.2949
 1-4 VDW =       11.2897  1-4 EEL =       51.5882  RESTRAINT  =        0.0000


   NSTEP       ENERGY          RMS            GMAX         NAME    NUMBER
     64      -1.1028E+02     1.2194E+00     4.9774E+00     C2         10

 BOND    =        3.3882  ANGLE   =        7.7311  DIHED      =       10.6244
 VDWAALS =      -11.5744  EEL     =      -14.0299  EGB        =     -169.2958
 1-4 VDW =       11.2827  1-4 EEL =       51.5909  RESTRAINT  =        0.0000


   NSTEP       ENERGY          RMS            GMAX         NAME    NUMBER
     65      -1.1049E+02     1.2562E+00     7.3083E+00     S8          2

 BOND    =        3.2443  ANGLE   =        7.7517  DIHED      =       10.5059
 VDWAALS =      -11.6402  EEL     =      -13.9964  EGB        =     -169.2361
 1-4 VDW =       11.2542  1-4 EEL =       51.6251  RESTRAINT  =        0.0000


   NSTEP       ENERGY          RMS            GMAX         NAME    NUMBER
     66      -1.1049E+02     1.4209E+00     8.3688E+00     S8          2

 BOND    =        3.2421  ANGLE   =        7.7614  DIHED      =       10.4901
 VDWAALS =      -11.6490  EEL     =      -13.9916  EGB        =     -169.2282
 1-4 VDW =       11.2504  1-4 EEL =       51.6300  RESTRAINT  =        0.0000


   NSTEP       ENERGY          RMS            GMAX         NAME    NUMBER
     67      -1.1077E+02     1.2079E+00     7.7636E+00     S8          2

 BOND    =        3.1581  ANGLE   =        7.7676  DIHED      =       10.3460
 VDWAALS =      -11.7074  EEL     =      -14.0238  EGB        =     -169.1361
 1-4 VDW =       11.2066  1-4 EEL =       51.6192  RESTRAINT  =        0.0000


   NSTEP       ENERGY          RMS            GMAX         NAME    NUMBER
     68      -1.1079E+02     1.5930E+00     8.3929E+00     S8          2

 BOND    =        3.1748  ANGLE   =        7.7973  DIHED      =       10.2943
 VDWAALS =      -11.7290  EEL     =      -14.0368  EGB        =     -169.0997
 1-4 VDW =       11.1897  1-4 EEL =       51.6147  RESTRAINT  =        0.0000


   NSTEP       ENERGY          RMS            GMAX         NAME    NUMBER
     69      -1.1104E+02     1.6977E+00     7.1903E+00     S8          2

 BOND    =        3.2089  ANGLE   =        7.9751  DIHED      =       10.1417
 VDWAALS =      -11.7782  EEL     =      -14.0629  EGB        =     -169.0820
 1-4 VDW =       11.0650  1-4 EEL =       51.4971  RESTRAINT  =        0.0000


   NSTEP       ENERGY          RMS            GMAX         NAME    NUMBER
     70      -1.1105E+02     1.3854E+00     6.3022E+00     S8          2

 BOND    =        3.1673  ANGLE   =        7.9338  DIHED      =       10.1643
 VDWAALS =      -11.7707  EEL     =      -14.0585  EGB        =     -169.0846
 1-4 VDW =       11.0858  1-4 EEL =       51.5170  RESTRAINT  =        0.0000


   NSTEP       ENERGY          RMS            GMAX         NAME    NUMBER
     71      -1.1131E+02     1.0757E+00     4.9705E+00     C3          6

 BOND    =        3.4845  ANGLE   =        7.9044  DIHED      =       10.0720
 VDWAALS =      -11.7946  EEL     =      -14.1194  EGB        =     -169.3068
 1-4 VDW =       11.0118  1-4 EEL =       51.4353  RESTRAINT  =        0.0000


   NSTEP       ENERGY          RMS            GMAX         NAME    NUMBER
     72      -1.1136E+02     1.5227E+00     6.5960E+00     C21        30

 BOND    =        3.7799  ANGLE   =        7.9099  DIHED      =       10.0225
 VDWAALS =      -11.8076  EEL     =      -14.1602  EGB        =     -169.4541
 1-4 VDW =       10.9653  1-4 EEL =       51.3824  RESTRAINT  =        0.0000


   NSTEP       ENERGY          RMS            GMAX         NAME    NUMBER
     73      -1.1156E+02     1.9575E+00     1.1071E+01     C21        30

 BOND    =        4.3042  ANGLE   =        7.9861  DIHED      =        9.9017
 VDWAALS =      -11.8540  EEL     =      -14.4411  EGB        =     -169.8560
 1-4 VDW =       10.9749  1-4 EEL =       51.4242  RESTRAINT  =        0.0000


   NSTEP       ENERGY          RMS            GMAX         NAME    NUMBER
     74      -1.1159E+02     1.3615E+00     6.2221E+00     C21        30

 BOND    =        4.0959  ANGLE   =        7.9468  DIHED      =        9.9299
 VDWAALS =      -11.8426  EEL     =      -14.3631  EGB        =     -169.7448
 1-4 VDW =       10.9719  1-4 EEL =       51.4126  RESTRAINT  =        0.0000


   NSTEP       ENERGY          RMS            GMAX         NAME    NUMBER
     75      -1.1186E+02     1.1390E+00     5.2391E+00     O9          1

 BOND    =        3.9136  ANGLE   =        7.9327  DIHED      =        9.8371
 VDWAALS =      -11.8631  EEL     =      -14.4678  EGB        =     -169.6697
 1-4 VDW =       11.0509  1-4 EEL =       51.4053  RESTRAINT  =        0.0000


   NSTEP       ENERGY          RMS            GMAX         NAME    NUMBER
     76      -1.1188E+02     1.0333E+00     4.8314E+00     O9          1

 BOND    =        3.8856  ANGLE   =        7.9302  DIHED      =        9.8350
 VDWAALS =      -11.8625  EEL     =      -14.4628  EGB        =     -169.6586
 1-4 VDW =       11.0465  1-4 EEL =       51.4074  RESTRAINT  =        0.0000


   NSTEP       ENERGY          RMS            GMAX         NAME    NUMBER
     77      -1.1190E+02     9.2171E-01     4.3535E+00     O9          1

 BOND    =        3.8528  ANGLE   =        7.9273  DIHED      =        9.8322
 VDWAALS =      -11.8619  EEL     =      -14.4570  EGB        =     -169.6444
 1-4 VDW =       11.0416  1-4 EEL =       51.4102  RESTRAINT  =        0.0000


   NSTEP       ENERGY          RMS            GMAX         NAME    NUMBER
     78      -1.1192E+02     8.1049E-01     3.8057E+00     O9          1

 BOND    =        3.8146  ANGLE   =        7.9239  DIHED      =        9.8287
 VDWAALS =      -11.8611  EEL     =      -14.4503  EGB        =     -169.6266
 1-4 VDW =       11.0367  1-4 EEL =       51.4141  RESTRAINT  =        0.0000


   NSTEP       ENERGY          RMS            GMAX         NAME    NUMBER
     79      -1.1194E+02     7.0792E-01     3.3052E+00     C5          4

 BOND    =        3.7701  ANGLE   =        7.9198  DIHED      =        9.8243
 VDWAALS =      -11.8602  EEL     =      -14.4429  EGB        =     -169.6046
 1-4 VDW =       11.0323  1-4 EEL =       51.4194  RESTRAINT  =        0.0000


   NSTEP       ENERGY          RMS            GMAX         NAME    NUMBER
     80      -1.1021E+02     5.3258E+00     2.6832E+01     C7         11

 BOND    =        3.6996  ANGLE   =        8.2952  DIHED      =        9.7134
 VDWAALS =      -11.8205  EEL     =      -14.1453  EGB        =     -168.5941
 1-4 VDW =       10.9299  1-4 EEL =       51.7125  RESTRAINT  =        0.0000


   NSTEP       ENERGY          RMS            GMAX         NAME    NUMBER
     81      -1.1203E+02     7.8447E-01     4.2887E+00     C7         11

 BOND    =        3.4546  ANGLE   =        7.8984  DIHED      =        9.7862
 VDWAALS =      -11.8533  EEL     =      -14.3883  EGB        =     -169.4144
 1-4 VDW =       11.0121  1-4 EEL =       51.4717  RESTRAINT  =        0.0000


   NSTEP       ENERGY          RMS            GMAX         NAME    NUMBER
     82      -1.1211E+02     9.0504E-01     5.1314E+00     S8          2

 BOND    =        3.2031  ANGLE   =        7.8670  DIHED      =        9.7454
 VDWAALS =      -11.8514  EEL     =      -14.4068  EGB        =     -169.3108
 1-4 VDW =       11.1041  1-4 EEL =       51.5442  RESTRAINT  =        0.0000


   NSTEP       ENERGY          RMS            GMAX         NAME    NUMBER
     83      -1.1211E+02     7.3344E-01     4.4643E+00     S8          2

 BOND    =        3.2377  ANGLE   =        7.8672  DIHED      =        9.7514
 VDWAALS =      -11.8518  EEL     =      -14.4035  EGB        =     -169.3289
 1-4 VDW =       11.0877  1-4 EEL =       51.5314  RESTRAINT  =        0.0000


   NSTEP       ENERGY          RMS            GMAX         NAME    NUMBER
     84      -1.1217E+02     7.7862E-01     3.9801E+00     C21        30

 BOND    =        3.3098  ANGLE   =        7.8417  DIHED      =        9.7214
 VDWAALS =      -11.8437  EEL     =      -14.4389  EGB        =     -169.4579
 1-4 VDW =       11.1480  1-4 EEL =       51.5452  RESTRAINT  =        0.0000


   NSTEP       ENERGY          RMS            GMAX         NAME    NUMBER
     85      -1.1217E+02     7.6569E-01     3.8638E+00     C21        30

 BOND    =        3.3078  ANGLE   =        7.8419  DIHED      =        9.7218
 VDWAALS =      -11.8438  EEL     =      -14.4383  EGB        =     -169.4558
 1-4 VDW =       11.1470  1-4 EEL =       51.5450  RESTRAINT  =        0.0000


   NSTEP       ENERGY          RMS            GMAX         NAME    NUMBER
     86      -1.1224E+02     6.5674E-01     2.6493E+00     C4          5

 BOND    =        3.4453  ANGLE   =        7.7812  DIHED      =        9.6914
 VDWAALS =      -11.8212  EEL     =      -14.4534  EGB        =     -169.5661
 1-4 VDW =       11.1505  1-4 EEL =       51.5365  RESTRAINT  =        0.0000


   NSTEP       ENERGY          RMS            GMAX         NAME    NUMBER
     87      -1.1224E+02     6.1057E-01     2.5947E+00     C4          5

 BOND    =        3.4333  ANGLE   =        7.7839  DIHED      =        9.6931
 VDWAALS =      -11.8228  EEL     =      -14.4524  EGB        =     -169.5586
 1-4 VDW =       11.1502  1-4 EEL =       51.5370  RESTRAINT  =        0.0000


   NSTEP       ENERGY          RMS            GMAX         NAME    NUMBER
     88      -1.1228E+02     5.7058E-01     2.6923E+00     C3          6

 BOND    =        3.5135  ANGLE   =        7.7827  DIHED      =        9.6646
 VDWAALS =      -11.8089  EEL     =      -14.5036  EGB        =     -169.6089
 1-4 VDW =       11.1151  1-4 EEL =       51.5676  RESTRAINT  =        0.0000


   NSTEP       ENERGY          RMS            GMAX         NAME    NUMBER
     89      -1.1228E+02     5.9845E-01     2.8277E+00     C3          6

 BOND    =        3.5190  ANGLE   =        7.7832  DIHED      =        9.6633
 VDWAALS =      -11.8082  EEL     =      -14.5062  EGB        =     -169.6115
 1-4 VDW =       11.1134  1-4 EEL =       51.5692  RESTRAINT  =        0.0000


   NSTEP       ENERGY          RMS            GMAX         NAME    NUMBER
     90      -1.1233E+02     5.0795E-01     2.2103E+00     S8          2

 BOND    =        3.5635  ANGLE   =        7.8369  DIHED      =        9.6228
 VDWAALS =      -11.7945  EEL     =      -14.5753  EGB        =     -169.6462
 1-4 VDW =       11.0896  1-4 EEL =       51.5734  RESTRAINT  =        0.0000


   NSTEP       ENERGY          RMS            GMAX         NAME    NUMBER
     91      -1.1233E+02     6.6736E-01     2.9885E+00     S8          2

 BOND    =        3.5914  ANGLE   =        7.8624  DIHED      =        9.6080
 VDWAALS =      -11.7890  EEL     =      -14.6023  EGB        =     -169.6603
 1-4 VDW =       11.0806  1-4 EEL =       51.5750  RESTRAINT  =        0.0000


   NSTEP       ENERGY          RMS            GMAX         NAME    NUMBER
     92      -1.1238E+02     6.8501E-01     3.2313E+00     C25        35

 BOND    =        3.5716  ANGLE   =        7.9529  DIHED      =        9.5468
 VDWAALS =      -11.7649  EEL     =      -14.6306  EGB        =     -169.6902
 1-4 VDW =       11.0626  1-4 EEL =       51.5718  RESTRAINT  =        0.0000


   NSTEP       ENERGY          RMS            GMAX         NAME    NUMBER
     93      -1.1238E+02     5.6397E-01     2.2915E+00     C25        35

 BOND    =        3.5681  ANGLE   =        7.9363  DIHED      =        9.5562
 VDWAALS =      -11.7689  EEL     =      -14.6260  EGB        =     -169.6852
 1-4 VDW =       11.0654  1-4 EEL =       51.5723  RESTRAINT  =        0.0000


   NSTEP       ENERGY          RMS            GMAX         NAME    NUMBER
     94      -1.1243E+02     5.6724E-01     2.4231E+00     C5          4

 BOND    =        3.5743  ANGLE   =        7.9310  DIHED      =        9.5089
 VDWAALS =      -11.7590  EEL     =      -14.6320  EGB        =     -169.6991
 1-4 VDW =       11.0619  1-4 EEL =       51.5867  RESTRAINT  =        0.0000


   NSTEP       ENERGY          RMS            GMAX         NAME    NUMBER
     95      -1.1243E+02     8.0048E-01     3.5452E+00     C5          4

 BOND    =        3.5893  ANGLE   =        7.9319  DIHED      =        9.4867
 VDWAALS =      -11.7540  EEL     =      -14.6350  EGB        =     -169.7061
 1-4 VDW =       11.0603  1-4 EEL =       51.5938  RESTRAINT  =        0.0000


   NSTEP       ENERGY          RMS            GMAX         NAME    NUMBER
     96      -1.1251E+02     5.8856E-01     3.5753E+00     C5          4

 BOND    =        3.5536  ANGLE   =        7.9368  DIHED      =        9.4169
 VDWAALS =      -11.7463  EEL     =      -14.6492  EGB        =     -169.6880
 1-4 VDW =       11.0842  1-4 EEL =       51.5773  RESTRAINT  =        0.0000


   NSTEP       ENERGY          RMS            GMAX         NAME    NUMBER
     97      -1.1256E+02     8.5346E-01     4.2689E+00     C1          8

 BOND    =        3.5404  ANGLE   =        7.9629  DIHED      =        9.3340
 VDWAALS =      -11.7340  EEL     =      -14.6689  EGB        =     -169.6638
 1-4 VDW =       11.1184  1-4 EEL =       51.5542  RESTRAINT  =        0.0000


   NSTEP       ENERGY          RMS            GMAX         NAME    NUMBER
     98      -1.1256E+02     1.4745E+00     7.9336E+00     C1          8

 BOND    =        3.3398  ANGLE   =        8.0715  DIHED      =        9.2204
 VDWAALS =      -11.7133  EEL     =      -14.6158  EGB        =     -169.6090
 1-4 VDW =       11.2809  1-4 EEL =       51.4697  RESTRAINT  =        0.0000


   NSTEP       ENERGY          RMS            GMAX         NAME    NUMBER
     99      -1.1262E+02     5.9729E-01     3.3608E+00     C2         10

 BOND    =        3.3962  ANGLE   =        8.0059  DIHED      =        9.2712
 VDWAALS =      -11.7243  EEL     =      -14.6425  EGB        =     -169.6359
 1-4 VDW =       11.1983  1-4 EEL =       51.5122  RESTRAINT  =        0.0000


   NSTEP       ENERGY          RMS            GMAX         NAME    NUMBER
    100      -1.1266E+02     4.9699E-01     2.0963E+00     C3          6

 BOND    =        3.3651  ANGLE   =        7.9875  DIHED      =        9.2409
 VDWAALS =      -11.7194  EEL     =      -14.6285  EGB        =     -169.6533
 1-4 VDW =       11.2146  1-4 EEL =       51.5305  RESTRAINT  =        0.0000


  Maximum number of minimization cycles reached.


                    FINAL RESULTS



   NSTEP       ENERGY          RMS            GMAX         NAME    NUMBER
    100      -1.1266E+02     4.9699E-01     2.0963E+00     C3          6

 BOND    =        3.3651  ANGLE   =        7.9875  DIHED      =        9.2409
 VDWAALS =      -11.7194  EEL     =      -14.6285  EGB        =     -169.6533
 1-4 VDW =       11.2146  1-4 EEL =       51.5305  RESTRAINT  =        0.0000

--------------------------------------------------------------------------------
   5.  TIMINGS
--------------------------------------------------------------------------------

|    Read coords time           0.00 ( 0.24% of Total)
|                Calc gb radii              0.02 (24.36% of Gen B)
|                Calc gb diag               0.03 (41.03% of Gen B)
|                Calc gb off-diag           0.02 (34.50% of Gen B)
|                Other                      0.00 ( 0.12% of Gen B)
|             Gen Born time              0.06 (100.0% of Nonbo)
|             IPS excludes               0.00 ( 0.01% of Nonbo)
|          Nonbond force              0.06 (89.51% of Force)
|          Bond/Angle/Dihedral        0.01 (10.21% of Force)
|          Other                      0.00 ( 0.28% of Force)
|       Force time                 0.07 (100.0% of Runmd)
|    Runmd Time                 0.07 (65.76% of Total)
|    Other                      0.04 (33.99% of Total)
| Total time                 0.11 (99.63% of ALL  )

| Number of list builds   :          0

| Highest rstack allocated:          0
| Highest istack allocated:          0
|           Job began  at 15:27:00.886  on 04/20/2016
|           Setup done at 15:27:00.892  on 04/20/2016
|           Run   done at 15:27:00.993  on 04/20/2016
|     wallclock() was called    1828 times
