
          -------------------------------------------------------
          Amber 14 SANDER                              2014
          -------------------------------------------------------

| Run on 05/22/2015 at 14:24:30

|   Executable path: sander
| Working directory: /net/chevy/raid1/nigel/amber/library/amber_library/b
|          Hostname: chevy.lbl.gov

  [-O]verwriting output

File Assignments:
|  MDIN: sander.in                                                             
| MDOUT: BRZ.min_igb.out                                                       
|INPCRD: BRZ.rst7                                                              
|  PARM: BRZ.prmtop                                                            
|RESTRT: BRZ.min_igb.rst7                                                      
|  REFC: refc                                                                  
| MDVEL: mdvel                                                                 
| MDFRC: mdfrc                                                                 
|  MDEN: mden                                                                  
| MDCRD: mdcrd                                                                 
|MDINFO: mdinfo                                                                
|  MTMD: mtmd                                                                  
|INPDIP: inpdip                                                                
|RSTDIP: rstdip                                                                
|INPTRA: inptraj                                                               


 Here is the input file:

  short minimization                                                           
 &cntrl                                                                        
   imin=1, maxcyc=100, ncyc=50, ntpr=1, cut=99., ntb=0, igb=2                  
 /                                                                             

--------------------------------------------------------------------------------
   1.  RESOURCE   USE: 
--------------------------------------------------------------------------------

| Flags:                                                                        
| New format PARM file being parsed.
| Version =    1.000 Date = 05/22/15 Time = 14:24:30
 NATOM  =      45 NTYPES =       9 NBONH =      22 MBONA  =      25
 NTHETH =      44 MTHETA =      40 NPHIH =      90 MPHIA  =      62
 NHPARM =       0 NPARM  =       0 NNB   =     254 NRES   =       1
 NBONA  =      25 NTHETA =      40 NPHIA =      62 NUMBND =      20
 NUMANG =      33 NPTRA  =      20 NATYP =      13 NPHB   =       0
 IFBOX  =       0 NMXRS  =      45 IFCAP =       0 NEXTRA =       0
 NCOPY  =       0

 Implicit solvent radii are H(N)-modified Bondi radii (mbondi2)                                             

|     Memory Use     Allocated
|     Real                7077
|     Hollerith            138
|     Integer            22377
|     Max Pairs              1
|     nblistReal             0
|     nblist Int             0
|       Total              143 kbytes

| Note: 1-4 EEL scale factors are being read from the topology file.

| Note: 1-4 VDW scale factors are being read from the topology file.
| Duplicated    0 dihedrals
| Duplicated    0 dihedrals

--------------------------------------------------------------------------------
   2.  CONTROL  DATA  FOR  THE  RUN
--------------------------------------------------------------------------------

BRZ                                                                             

General flags:
     imin    =       1, nmropt  =       0

Nature and format of input:
     ntx     =       1, irest   =       0, ntrx    =       1

Nature and format of output:
     ntxo    =       1, ntpr    =       1, ntrx    =       1, ntwr    =     500
     iwrap   =       0, ntwx    =       0, ntwv    =       0, ntwe    =       0
     ioutfm  =       0, ntwprt  =       0, idecomp =       0, rbornstat=      0

Potential function:
     ntf     =       1, ntb     =       0, igb     =       2, nsnb    =      25
     ipol    =       0, gbsa    =       0, iesp    =       0
     dielc   =   1.00000, cut     =  99.00000, intdiel =   1.00000
     saltcon =   0.00000, offset  =   0.09000, gbalpha=    0.80000
     gbbeta  =   0.00000, gbgamma =   2.90912, surften =   0.00500
     rdt     =   0.00000, rgbmax  =  25.00000  extdiel =  78.50000
     alpb  =        0

Frozen or restrained atoms:
     ibelly  =       0, ntr     =       0

Energy minimization:
     maxcyc  =     100, ncyc    =      50, ntmin   =       1
     dx0     =   0.01000, drms    =   0.00010
|  INFO: Old style inpcrd file read


--------------------------------------------------------------------------------
   3.  ATOMIC COORDINATES AND VELOCITIES
--------------------------------------------------------------------------------

BRZ                                                                             
 begin time read from input coords =     0.000 ps

 Number of triangulated 3-point waters found:        0

--------------------------------------------------------------------------------
   4.  RESULTS
--------------------------------------------------------------------------------



   NSTEP       ENERGY          RMS            GMAX         NAME    NUMBER
      1      -7.3846E+00     1.8681E+01     1.0133E+02     C8          8

 BOND    =        7.6744  ANGLE   =       22.7738  DIHED      =       10.8067
 VDWAALS =        2.6813  EEL     =       35.9360  EGB        =      -16.3156
 1-4 VDW =       13.6172  1-4 EEL =      -84.5583  RESTRAINT  =        0.0000


   NSTEP       ENERGY          RMS            GMAX         NAME    NUMBER
      2      -9.8372E+00     1.6524E+01     8.9854E+01     C8          8

 BOND    =        6.3360  ANGLE   =       21.6713  DIHED      =       10.8082
 VDWAALS =        2.6431  EEL     =       35.9229  EGB        =      -16.2606
 1-4 VDW =       13.5923  1-4 EEL =      -84.5504  RESTRAINT  =        0.0000


   NSTEP       ENERGY          RMS            GMAX         NAME    NUMBER
      3      -1.2392E+01     1.4062E+01     7.6338E+01     C8          8

 BOND    =        5.0270  ANGLE   =       20.4457  DIHED      =       10.8100
 VDWAALS =        2.5923  EEL     =       35.9076  EGB        =      -16.1973
 1-4 VDW =       13.5643  1-4 EEL =      -84.5422  RESTRAINT  =        0.0000


   NSTEP       ENERGY          RMS            GMAX         NAME    NUMBER
      4      -1.4934E+01     1.1334E+01     6.0636E+01     C8          8

 BOND    =        3.8522  ANGLE   =       19.1158  DIHED      =       10.8122
 VDWAALS =        2.5225  EEL     =       35.8902  EGB        =      -16.1261
 1-4 VDW =       13.5338  1-4 EEL =      -84.5349  RESTRAINT  =        0.0000


   NSTEP       ENERGY          RMS            GMAX         NAME    NUMBER
      5      -1.7304E+01     8.4883E+00     4.2944E+01     C8          8

 BOND    =        2.9411  ANGLE   =       17.7250  DIHED      =       10.8148
 VDWAALS =        2.4225  EEL     =       35.8719  EGB        =      -16.0503
 1-4 VDW =       13.5021  1-4 EEL =      -84.5312  RESTRAINT  =        0.0000


   NSTEP       ENERGY          RMS            GMAX         NAME    NUMBER
      6      -1.9340E+01     5.8839E+00     2.4562E+01     C8          8

 BOND    =        2.3983  ANGLE   =       16.3596  DIHED      =       10.8175
 VDWAALS =        2.2717  EEL     =       35.8575  EGB        =      -15.9798
 1-4 VDW =       13.4723  1-4 EEL =      -84.5374  RESTRAINT  =        0.0000


   NSTEP       ENERGY          RMS            GMAX         NAME    NUMBER
      7      -2.0990E+01     4.0025E+00     1.4670E+01     C9          9

 BOND    =        2.1661  ANGLE   =       15.1843  DIHED      =       10.8199
 VDWAALS =        2.0353  EEL     =       35.8611  EGB        =      -15.9405
 1-4 VDW =       13.4521  1-4 EEL =      -84.5682  RESTRAINT  =        0.0000


   NSTEP       ENERGY          RMS            GMAX         NAME    NUMBER
      8      -2.2353E+01     2.7959E+00     7.7192E+00     HC71       33

 BOND    =        1.9687  ANGLE   =       14.4285  DIHED      =       10.8220
 VDWAALS =        1.6847  EEL     =       35.9076  EGB        =      -15.9659
 1-4 VDW =       13.4415  1-4 EEL =      -84.6397  RESTRAINT  =        0.0000


   NSTEP       ENERGY          RMS            GMAX         NAME    NUMBER
      9      -2.3471E+01     2.0003E+00     5.4443E+00     HC71       33

 BOND    =        1.8852  ANGLE   =       13.9574  DIHED      =       10.8286
 VDWAALS =        1.2329  EEL     =       35.9741  EGB        =      -16.0156
 1-4 VDW =       13.3846  1-4 EEL =      -84.7185  RESTRAINT  =        0.0000


   NSTEP       ENERGY          RMS            GMAX         NAME    NUMBER
     10      -2.3976E+01     4.1899E+00     2.3692E+01     C3          3

 BOND    =        2.2178  ANGLE   =       13.8953  DIHED      =       10.8227
 VDWAALS =        0.7306  EEL     =       36.0099  EGB        =      -16.1514
 1-4 VDW =       13.2627  1-4 EEL =      -84.7635  RESTRAINT  =        0.0000


   NSTEP       ENERGY          RMS            GMAX         NAME    NUMBER
     11      -2.1611E+01     1.1789E+01     6.8577E+01     C3          3

 BOND    =        5.0205  ANGLE   =       13.7054  DIHED      =       10.8323
 VDWAALS =        0.5836  EEL     =       36.1049  EGB        =      -16.0596
 1-4 VDW =       12.9864  1-4 EEL =      -84.7842  RESTRAINT  =        0.0000


   NSTEP       ENERGY          RMS            GMAX         NAME    NUMBER
     12      -2.4360E+01     3.6291E+00     1.9987E+01     C3          3

 BOND    =        2.4378  ANGLE   =       13.6117  DIHED      =       10.8267
 VDWAALS =        0.5495  EEL     =       36.0681  EGB        =      -16.1283
 1-4 VDW =       13.0471  1-4 EEL =      -84.7725  RESTRAINT  =        0.0000


   NSTEP       ENERGY          RMS            GMAX         NAME    NUMBER
     13      -2.4005E+01     6.0008E+00     3.5647E+01     C3          3

 BOND    =        2.5306  ANGLE   =       14.0571  DIHED      =       10.8190
 VDWAALS =        0.4463  EEL     =       36.0400  EGB        =      -16.2472
 1-4 VDW =       13.1197  1-4 EEL =      -84.7704  RESTRAINT  =        0.0000


   NSTEP       ENERGY          RMS            GMAX         NAME    NUMBER
     14      -2.4777E+01     1.4542E+00     6.4323E+00     C3          3

 BOND    =        2.1513  ANGLE   =       13.7085  DIHED      =       10.8204
 VDWAALS =        0.4277  EEL     =       36.0643  EGB        =      -16.2082
 1-4 VDW =       13.0318  1-4 EEL =      -84.7729  RESTRAINT  =        0.0000


   NSTEP       ENERGY          RMS            GMAX         NAME    NUMBER
     15      -2.4758E+01     3.2325E+00     1.8199E+01     C3          3

 BOND    =        2.5632  ANGLE   =       13.5298  DIHED      =       10.8211
 VDWAALS =        0.3153  EEL     =       36.0892  EGB        =      -16.1816
 1-4 VDW =       12.8671  1-4 EEL =      -84.7624  RESTRAINT  =        0.0000


   NSTEP       ENERGY          RMS            GMAX         NAME    NUMBER
     16      -2.5003E+01     9.6918E-01     3.0682E+00     HO21       39

 BOND    =        2.2440  ANGLE   =       13.6495  DIHED      =       10.8193
 VDWAALS =        0.2890  EEL     =       36.0838  EGB        =      -16.2251
 1-4 VDW =       12.9017  1-4 EEL =      -84.7657  RESTRAINT  =        0.0000


   NSTEP       ENERGY          RMS            GMAX         NAME    NUMBER
     17      -2.5113E+01     1.1973E+00     4.4907E+00     C3          3

 BOND    =        2.2673  ANGLE   =       13.6809  DIHED      =       10.8166
 VDWAALS =        0.2016  EEL     =       36.0943  EGB        =      -16.2677
 1-4 VDW =       12.8603  1-4 EEL =      -84.7666  RESTRAINT  =        0.0000


   NSTEP       ENERGY          RMS            GMAX         NAME    NUMBER
     18      -2.5143E+01     2.1407E+00     9.9736E+00     C3          3

 BOND    =        2.5059  ANGLE   =       13.5600  DIHED      =       10.8167
 VDWAALS =        0.1312  EEL     =       36.1030  EGB        =      -16.2383
 1-4 VDW =       12.7297  1-4 EEL =      -84.7514  RESTRAINT  =        0.0000


   NSTEP       ENERGY          RMS            GMAX         NAME    NUMBER
     19      -2.5153E+01     2.6237E+00     1.4035E+01     C3          3

 BOND    =        2.3090  ANGLE   =       13.8170  DIHED      =       10.8144
 VDWAALS =        0.0821  EEL     =       36.1103  EGB        =      -16.3302
 1-4 VDW =       12.8134  1-4 EEL =      -84.7694  RESTRAINT  =        0.0000


   NSTEP       ENERGY          RMS            GMAX         NAME    NUMBER
     20      -2.5133E+01     3.2086E+00     1.7392E+01     C3          3

 BOND    =        2.7714  ANGLE   =       13.4749  DIHED      =       10.8147
 VDWAALS =        0.0504  EEL     =       36.1148  EGB        =      -16.2407
 1-4 VDW =       12.6222  1-4 EEL =      -84.7411  RESTRAINT  =        0.0000


   NSTEP       ENERGY          RMS            GMAX         NAME    NUMBER
     21      -2.5375E+01     7.6948E-01     2.4887E+00     HO21       39

 BOND    =        2.3883  ANGLE   =       13.6363  DIHED      =       10.8139
 VDWAALS =        0.0309  EEL     =       36.1173  EGB        =      -16.2961
 1-4 VDW =       12.6893  1-4 EEL =      -84.7548  RESTRAINT  =        0.0000


   NSTEP       ENERGY          RMS            GMAX         NAME    NUMBER
     22      -2.5458E+01     1.1772E+00     4.8098E+00     C9          9

 BOND    =        2.3772  ANGLE   =       13.7012  DIHED      =       10.8123
 VDWAALS =       -0.0431  EEL     =       36.1290  EGB        =      -16.3337
 1-4 VDW =       12.6531  1-4 EEL =      -84.7540  RESTRAINT  =        0.0000


   NSTEP       ENERGY          RMS            GMAX         NAME    NUMBER
     23      -2.5415E+01     2.4987E+00     1.2600E+01     C10        10

 BOND    =        2.6892  ANGLE   =       13.5655  DIHED      =       10.8117
 VDWAALS =       -0.0910  EEL     =       36.1364  EGB        =      -16.3083
 1-4 VDW =       12.5300  1-4 EEL =      -84.7482  RESTRAINT  =        0.0000


   NSTEP       ENERGY          RMS            GMAX         NAME    NUMBER
     24      -2.5562E+01     7.6393E-01     2.2947E+00     C10        10

 BOND    =        2.4659  ANGLE   =       13.6378  DIHED      =       10.8112
 VDWAALS =       -0.1029  EEL     =       36.1380  EGB        =      -16.3293
 1-4 VDW =       12.5654  1-4 EEL =      -84.7486  RESTRAINT  =        0.0000


   NSTEP       ENERGY          RMS            GMAX         NAME    NUMBER
     25      -2.5605E+01     1.1145E+00     3.8517E+00     C9          9

 BOND    =        2.4319  ANGLE   =       13.7131  DIHED      =       10.8104
 VDWAALS =       -0.1453  EEL     =       36.1468  EGB        =      -16.3688
 1-4 VDW =       12.5599  1-4 EEL =      -84.7527  RESTRAINT  =        0.0000


   NSTEP       ENERGY          RMS            GMAX         NAME    NUMBER
     26      -2.5616E+01     1.6225E+00     6.9863E+00     C10        10

 BOND    =        2.6112  ANGLE   =       13.5890  DIHED      =       10.8098
 VDWAALS =       -0.1739  EEL     =       36.1504  EGB        =      -16.3280
 1-4 VDW =       12.4688  1-4 EEL =      -84.7431  RESTRAINT  =        0.0000


   NSTEP       ENERGY          RMS            GMAX         NAME    NUMBER
     27      -2.5631E+01     1.8620E+00     8.0394E+00     C3          3

 BOND    =        2.4399  ANGLE   =       13.7865  DIHED      =       10.8094
 VDWAALS =       -0.2017  EEL     =       36.1573  EGB        =      -16.4010
 1-4 VDW =       12.5336  1-4 EEL =      -84.7546  RESTRAINT  =        0.0000


   NSTEP       ENERGY          RMS            GMAX         NAME    NUMBER
     28      -2.5617E+01     2.3490E+00     1.0481E+01     C3          3

 BOND    =        2.7567  ANGLE   =       13.5478  DIHED      =       10.8089
 VDWAALS =       -0.2207  EEL     =       36.1595  EGB        =      -16.3279
 1-4 VDW =       12.3985  1-4 EEL =      -84.7398  RESTRAINT  =        0.0000


   NSTEP       ENERGY          RMS            GMAX         NAME    NUMBER
     29      -2.5751E+01     5.9205E-01     1.8821E+00     HO21       39

 BOND    =        2.5173  ANGLE   =       13.6622  DIHED      =       10.8087
 VDWAALS =       -0.2324  EEL     =       36.1627  EGB        =      -16.3705
 1-4 VDW =       12.4485  1-4 EEL =      -84.7476  RESTRAINT  =        0.0000


   NSTEP       ENERGY          RMS            GMAX         NAME    NUMBER
     30      -2.5799E+01     8.8879E-01     3.3437E+00     C9          9

 BOND    =        2.5033  ANGLE   =       13.7148  DIHED      =       10.8079
 VDWAALS =       -0.2753  EEL     =       36.1712  EGB        =      -16.4012
 1-4 VDW =       12.4292  1-4 EEL =      -84.7494  RESTRAINT  =        0.0000


   NSTEP       ENERGY          RMS            GMAX         NAME    NUMBER
     31      -2.5785E+01     1.7888E+00     9.3807E+00     C10        10

 BOND    =        2.6839  ANGLE   =       13.6146  DIHED      =       10.8072
 VDWAALS =       -0.3039  EEL     =       36.1793  EGB        =      -16.3641
 1-4 VDW =       12.3442  1-4 EEL =      -84.7462  RESTRAINT  =        0.0000


   NSTEP       ENERGY          RMS            GMAX         NAME    NUMBER
     32      -2.5864E+01     5.7081E-01     1.6892E+00     HO21       39

 BOND    =        2.5559  ANGLE   =       13.6743  DIHED      =       10.8071
 VDWAALS =       -0.3123  EEL     =       36.1794  EGB        =      -16.3918
 1-4 VDW =       12.3709  1-4 EEL =      -84.7473  RESTRAINT  =        0.0000


   NSTEP       ENERGY          RMS            GMAX         NAME    NUMBER
     33      -2.5895E+01     7.5880E-01     2.5100E+00     C8          8

 BOND    =        2.5409  ANGLE   =       13.7185  DIHED      =       10.8068
 VDWAALS =       -0.3394  EEL     =       36.1858  EGB        =      -16.4196
 1-4 VDW =       12.3635  1-4 EEL =      -84.7511  RESTRAINT  =        0.0000


   NSTEP       ENERGY          RMS            GMAX         NAME    NUMBER
     34      -2.5907E+01     1.1695E+00     4.8150E+00     C10        10

 BOND    =        2.6356  ANGLE   =       13.6474  DIHED      =       10.8061
 VDWAALS =       -0.3602  EEL     =       36.1904  EGB        =      -16.3857
 1-4 VDW =       12.3049  1-4 EEL =      -84.7453  RESTRAINT  =        0.0000


   NSTEP       ENERGY          RMS            GMAX         NAME    NUMBER
     35      -2.5917E+01     1.3856E+00     5.8292E+00     C8          8

 BOND    =        2.5462  ANGLE   =       13.7767  DIHED      =       10.8061
 VDWAALS =       -0.3795  EEL     =       36.1947  EGB        =      -16.4512
 1-4 VDW =       12.3449  1-4 EEL =      -84.7549  RESTRAINT  =        0.0000


   NSTEP       ENERGY          RMS            GMAX         NAME    NUMBER
     36      -2.5915E+01     1.7210E+00     7.0942E+00     C8          8

 BOND    =        2.7203  ANGLE   =       13.6157  DIHED      =       10.8055
 VDWAALS =       -0.3917  EEL     =       36.1981  EGB        =      -16.3756
 1-4 VDW =       12.2559  1-4 EEL =      -84.7432  RESTRAINT  =        0.0000


   NSTEP       ENERGY          RMS            GMAX         NAME    NUMBER
     37      -2.5989E+01     4.7592E-01     1.4721E+00     HO21       39

 BOND    =        2.5891  ANGLE   =       13.7005  DIHED      =       10.8055
 VDWAALS =       -0.4004  EEL     =       36.2000  EGB        =      -16.4216
 1-4 VDW =       12.2887  1-4 EEL =      -84.7505  RESTRAINT  =        0.0000


   NSTEP       ENERGY          RMS            GMAX         NAME    NUMBER
     38      -2.6021E+01     6.5314E-01     2.7119E+00     C9          9

 BOND    =        2.5881  ANGLE   =       13.7211  DIHED      =       10.8052
 VDWAALS =       -0.4272  EEL     =       36.2056  EGB        =      -16.4352
 1-4 VDW =       12.2727  1-4 EEL =      -84.7507  RESTRAINT  =        0.0000


   NSTEP       ENERGY          RMS            GMAX         NAME    NUMBER
     39      -2.6020E+01     1.3382E+00     7.5707E+00     C10        10

 BOND    =        2.6682  ANGLE   =       13.7049  DIHED      =       10.8044
 VDWAALS =       -0.4494  EEL     =       36.2144  EGB        =      -16.4330
 1-4 VDW =       12.2268  1-4 EEL =      -84.7559  RESTRAINT  =        0.0000


   NSTEP       ENERGY          RMS            GMAX         NAME    NUMBER
     40      -2.6062E+01     4.5507E-01     1.3371E+00     HO21       39

 BOND    =        2.6124  ANGLE   =       13.7121  DIHED      =       10.8045
 VDWAALS =       -0.4542  EEL     =       36.2128  EGB        =      -16.4344
 1-4 VDW =       12.2358  1-4 EEL =      -84.7514  RESTRAINT  =        0.0000


   NSTEP       ENERGY          RMS            GMAX         NAME    NUMBER
     41      -2.6084E+01     5.4291E-01     2.0398E+00     C8          8

 BOND    =        2.6110  ANGLE   =       13.7357  DIHED      =       10.8043
 VDWAALS =       -0.4724  EEL     =       36.2178  EGB        =      -16.4541
 1-4 VDW =       12.2288  1-4 EEL =      -84.7553  RESTRAINT  =        0.0000


   NSTEP       ENERGY          RMS            GMAX         NAME    NUMBER
     42      -2.6098E+01     8.2557E-01     3.3187E+00     C8          8

 BOND    =        2.6503  ANGLE   =       13.7013  DIHED      =       10.8038
 VDWAALS =       -0.4885  EEL     =       36.2209  EGB        =      -16.4278
 1-4 VDW =       12.1913  1-4 EEL =      -84.7492  RESTRAINT  =        0.0000


   NSTEP       ENERGY          RMS            GMAX         NAME    NUMBER
     43      -2.6103E+01     1.1108E+00     6.4922E+00     C8          8

 BOND    =        2.6234  ANGLE   =       13.7812  DIHED      =       10.8039
 VDWAALS =       -0.5035  EEL     =       36.2263  EGB        =      -16.4862
 1-4 VDW =       12.2143  1-4 EEL =      -84.7621  RESTRAINT  =        0.0000


   NSTEP       ENERGY          RMS            GMAX         NAME    NUMBER
     44      -2.6104E+01     1.3761E+00     8.1573E+00     C8          8

 BOND    =        2.6967  ANGLE   =       13.6803  DIHED      =       10.8033
 VDWAALS =       -0.5115  EEL     =       36.2255  EGB        =      -16.4119
 1-4 VDW =       12.1573  1-4 EEL =      -84.7442  RESTRAINT  =        0.0000


   NSTEP       ENERGY          RMS            GMAX         NAME    NUMBER
     45      -2.6094E+01     1.7810E+00     1.2137E+01     C8          8

 BOND    =        2.6524  ANGLE   =       13.8283  DIHED      =       10.8034
 VDWAALS =       -0.5267  EEL     =       36.2341  EGB        =      -16.5174
 1-4 VDW =       12.2029  1-4 EEL =      -84.7709  RESTRAINT  =        0.0000


   NSTEP       ENERGY          RMS            GMAX         NAME    NUMBER
     46      -2.6160E+01     4.2440E-01     1.1569E+00     C8          8

 BOND    =        2.6341  ANGLE   =       13.7477  DIHED      =       10.8033
 VDWAALS =       -0.5281  EEL     =       36.2313  EGB        =      -16.4653
 1-4 VDW =       12.1731  1-4 EEL =      -84.7564  RESTRAINT  =        0.0000


   NSTEP       ENERGY          RMS            GMAX         NAME    NUMBER
     47      -2.6178E+01     7.0452E-01     2.7952E+00     C10        10

 BOND    =        2.6755  ANGLE   =       13.7228  DIHED      =       10.8027
 VDWAALS =       -0.5472  EEL     =       36.2367  EGB        =      -16.4508
 1-4 VDW =       12.1368  1-4 EEL =      -84.7545  RESTRAINT  =        0.0000


   NSTEP       ENERGY          RMS            GMAX         NAME    NUMBER
     48      -2.6174E+01     1.1750E+00     5.2427E+00     C8          8

 BOND    =        2.6368  ANGLE   =       13.8075  DIHED      =       10.8029
 VDWAALS =       -0.5626  EEL     =       36.2392  EGB        =      -16.4996
 1-4 VDW =       12.1629  1-4 EEL =      -84.7612  RESTRAINT  =        0.0000


   NSTEP       ENERGY          RMS            GMAX         NAME    NUMBER
     49      -2.6209E+01     3.8568E-01     1.0531E+00     HO21       39

 BOND    =        2.6522  ANGLE   =       13.7567  DIHED      =       10.8026
 VDWAALS =       -0.5654  EEL     =       36.2406  EGB        =      -16.4741
 1-4 VDW =       12.1366  1-4 EEL =      -84.7577  RESTRAINT  =        0.0000


   NSTEP       ENERGY          RMS            GMAX         NAME    NUMBER
     50      -2.6224E+01     4.8581E-01     1.9677E+00     C10        10

 BOND    =        2.6725  ANGLE   =       13.7486  DIHED      =       10.8022
 VDWAALS =       -0.5794  EEL     =       36.2448  EGB        =      -16.4690
 1-4 VDW =       12.1137  1-4 EEL =      -84.7576  RESTRAINT  =        0.0000


   NSTEP       ENERGY          RMS            GMAX         NAME    NUMBER
     51      -2.6232E+01     7.5627E-01     3.0685E+00     C9          9

 BOND    =        2.6556  ANGLE   =       13.7842  DIHED      =       10.8023
 VDWAALS =       -0.5930  EEL     =       36.2464  EGB        =      -16.4900
 1-4 VDW =       12.1212  1-4 EEL =      -84.7590  RESTRAINT  =        0.0000


   NSTEP       ENERGY          RMS            GMAX         NAME    NUMBER
     52      -1.2528E+01     2.4050E+01     1.2684E+02     C10        10

 BOND    =       14.3098  ANGLE   =       16.1184  DIHED      =       10.7984
 VDWAALS =       -0.7342  EEL     =       36.3313  EGB        =      -16.1628
 1-4 VDW =       11.5818  1-4 EEL =      -84.7705  RESTRAINT  =        0.0000


   NSTEP       ENERGY          RMS            GMAX         NAME    NUMBER
     53      -2.6249E+01     3.6856E-01     1.3710E+00     C10        10

 BOND    =        2.6761  ANGLE   =       13.7592  DIHED      =       10.8020
 VDWAALS =       -0.5979  EEL     =       36.2493  EGB        =      -16.4787
 1-4 VDW =       12.1001  1-4 EEL =      -84.7593  RESTRAINT  =        0.0000


   NSTEP       ENERGY          RMS            GMAX         NAME    NUMBER
     54      -2.6257E+01     3.6139E-01     1.0389E+00     C10        10

 BOND    =        2.6762  ANGLE   =       13.7622  DIHED      =       10.8018
 VDWAALS =       -0.6044  EEL     =       36.2506  EGB        =      -16.4790
 1-4 VDW =       12.0941  1-4 EEL =      -84.7588  RESTRAINT  =        0.0000


   NSTEP       ENERGY          RMS            GMAX         NAME    NUMBER
     55      -2.6316E+01     7.9026E-01     3.3832E+00     C8          8

 BOND    =        2.6865  ANGLE   =       13.7949  DIHED      =       10.8009
 VDWAALS =       -0.6643  EEL     =       36.2630  EGB        =      -16.4818
 1-4 VDW =       12.0392  1-4 EEL =      -84.7542  RESTRAINT  =        0.0000


   NSTEP       ENERGY          RMS            GMAX         NAME    NUMBER
     56      -2.6351E+01     1.8391E+00     8.5117E+00     C8          8

 BOND    =        2.7381  ANGLE   =       13.8634  DIHED      =       10.8000
 VDWAALS =       -0.7562  EEL     =       36.2823  EGB        =      -16.4866
 1-4 VDW =       11.9549  1-4 EEL =      -84.7470  RESTRAINT  =        0.0000


   NSTEP       ENERGY          RMS            GMAX         NAME    NUMBER
     57      -2.6510E+01     1.0621E+00     4.4581E+00     C9          9

 BOND    =        2.8022  ANGLE   =       13.9755  DIHED      =       10.8007
 VDWAALS =       -0.9108  EEL     =       36.3251  EGB        =      -16.5582
 1-4 VDW =       11.8179  1-4 EEL =      -84.7622  RESTRAINT  =        0.0000


   NSTEP       ENERGY          RMS            GMAX         NAME    NUMBER
     58      -2.6581E+01     6.3943E-01     2.9433E+00     C8          8

 BOND    =        2.9450  ANGLE   =       14.1609  DIHED      =       10.8047
 VDWAALS =       -1.0940  EEL     =       36.3789  EGB        =      -16.6500
 1-4 VDW =       11.6547  1-4 EEL =      -84.7813  RESTRAINT  =        0.0000


   NSTEP       ENERGY          RMS            GMAX         NAME    NUMBER
     59      -2.6562E+01     1.1880E+00     5.5181E+00     C6          6

 BOND    =        3.1103  ANGLE   =       14.0711  DIHED      =       10.8063
 VDWAALS =       -1.1299  EEL     =       36.3913  EGB        =      -16.6189
 1-4 VDW =       11.5897  1-4 EEL =      -84.7818  RESTRAINT  =        0.0000


   NSTEP       ENERGY          RMS            GMAX         NAME    NUMBER
     60      -2.6592E+01     1.8761E-01     5.6709E-01     HO21       39

 BOND    =        2.9920  ANGLE   =       14.1246  DIHED      =       10.8053
 VDWAALS =       -1.1074  EEL     =       36.3835  EGB        =      -16.6384
 1-4 VDW =       11.6304  1-4 EEL =      -84.7815  RESTRAINT  =        0.0000


   NSTEP       ENERGY          RMS            GMAX         NAME    NUMBER
     61      -2.6593E+01     1.8113E-01     5.1337E-01     HC61       30

 BOND    =        2.9891  ANGLE   =       14.1244  DIHED      =       10.8052
 VDWAALS =       -1.1087  EEL     =       36.3836  EGB        =      -16.6369
 1-4 VDW =       11.6315  1-4 EEL =      -84.7816  RESTRAINT  =        0.0000


   NSTEP       ENERGY          RMS            GMAX         NAME    NUMBER
     62      -2.6606E+01     2.8552E-01     1.2190E+00     O21        21

 BOND    =        2.9650  ANGLE   =       14.1231  DIHED      =       10.8044
 VDWAALS =       -1.1197  EEL     =       36.3847  EGB        =      -16.6228
 1-4 VDW =       11.6424  1-4 EEL =      -84.7832  RESTRAINT  =        0.0000


   NSTEP       ENERGY          RMS            GMAX         NAME    NUMBER
     63      -2.6612E+01     5.8584E-01     2.5487E+00     O21        21

 BOND    =        2.9416  ANGLE   =       14.1228  DIHED      =       10.8037
 VDWAALS =       -1.1342  EEL     =       36.3861  EGB        =      -16.6042
 1-4 VDW =       11.6570  1-4 EEL =      -84.7852  RESTRAINT  =        0.0000


   NSTEP       ENERGY          RMS            GMAX         NAME    NUMBER
     64      -2.6643E+01     4.3412E-01     1.8073E+00     O21        21

 BOND    =        2.8759  ANGLE   =       14.1440  DIHED      =       10.8044
 VDWAALS =       -1.1524  EEL     =       36.3644  EGB        =      -16.6004
 1-4 VDW =       11.6928  1-4 EEL =      -84.7716  RESTRAINT  =        0.0000


   NSTEP       ENERGY          RMS            GMAX         NAME    NUMBER
     65      -2.6651E+01     6.3606E-01     3.1937E+00     C9          9

 BOND    =        2.8295  ANGLE   =       14.1676  DIHED      =       10.8063
 VDWAALS =       -1.1673  EEL     =       36.3458  EGB        =      -16.5972
 1-4 VDW =       11.7242  1-4 EEL =      -84.7598  RESTRAINT  =        0.0000


   NSTEP       ENERGY          RMS            GMAX         NAME    NUMBER
     66      -2.6670E+01     7.8162E-01     3.0540E+00     C8          8

 BOND    =        2.7513  ANGLE   =       14.1986  DIHED      =       10.8164
 VDWAALS =       -1.1812  EEL     =       36.3202  EGB        =      -16.6369
 1-4 VDW =       11.7912  1-4 EEL =      -84.7298  RESTRAINT  =        0.0000


   NSTEP       ENERGY          RMS            GMAX         NAME    NUMBER
     67      -2.6677E+01     4.7439E-01     1.2109E+00     C17        17

 BOND    =        2.7687  ANGLE   =       14.1851  DIHED      =       10.8124
 VDWAALS =       -1.1768  EEL     =       36.3288  EGB        =      -16.6236
 1-4 VDW =       11.7684  1-4 EEL =      -84.7399  RESTRAINT  =        0.0000


   NSTEP       ENERGY          RMS            GMAX         NAME    NUMBER
     68      -2.6695E+01     3.8190E-01     1.5157E+00     C1          1

 BOND    =        2.7592  ANGLE   =       14.1611  DIHED      =       10.8180
 VDWAALS =       -1.1724  EEL     =       36.3160  EGB        =      -16.6237
 1-4 VDW =       11.7727  1-4 EEL =      -84.7254  RESTRAINT  =        0.0000


   NSTEP       ENERGY          RMS            GMAX         NAME    NUMBER
     69      -2.6695E+01     4.6909E-01     2.1917E+00     C1          1

 BOND    =        2.7591  ANGLE   =       14.1556  DIHED      =       10.8197
 VDWAALS =       -1.1711  EEL     =       36.3124  EGB        =      -16.6238
 1-4 VDW =       11.7740  1-4 EEL =      -84.7214  RESTRAINT  =        0.0000


   NSTEP       ENERGY          RMS            GMAX         NAME    NUMBER
     70      -2.6699E+01     7.2725E-01     2.7038E+00     C2          2

 BOND    =        2.8480  ANGLE   =       14.0083  DIHED      =       10.8266
 VDWAALS =       -1.1599  EEL     =       36.2863  EGB        =      -16.5867
 1-4 VDW =       11.7736  1-4 EEL =      -84.6947  RESTRAINT  =        0.0000


   NSTEP       ENERGY          RMS            GMAX         NAME    NUMBER
     71      -2.6705E+01     3.3656E-01     9.5999E-01     C2          2

 BOND    =        2.8021  ANGLE   =       14.0727  DIHED      =       10.8233
 VDWAALS =       -1.1650  EEL     =       36.2982  EGB        =      -16.6035
 1-4 VDW =       11.7736  1-4 EEL =      -84.7068  RESTRAINT  =        0.0000


   NSTEP       ENERGY          RMS            GMAX         NAME    NUMBER
     72      -2.6713E+01     2.6562E-01     7.2359E-01     HO21       39

 BOND    =        2.8396  ANGLE   =       14.0321  DIHED      =       10.8245
 VDWAALS =       -1.1628  EEL     =       36.2922  EGB        =      -16.6063
 1-4 VDW =       11.7700  1-4 EEL =      -84.7025  RESTRAINT  =        0.0000


   NSTEP       ENERGY          RMS            GMAX         NAME    NUMBER
     73      -2.6716E+01     4.0620E-01     1.2951E+00     C3          3

 BOND    =        2.8784  ANGLE   =       13.9950  DIHED      =       10.8258
 VDWAALS =       -1.1606  EEL     =       36.2865  EGB        =      -16.6089
 1-4 VDW =       11.7665  1-4 EEL =      -84.6984  RESTRAINT  =        0.0000


   NSTEP       ENERGY          RMS            GMAX         NAME    NUMBER
     74      -2.6730E+01     3.2304E-01     1.2886E+00     C15        15

 BOND    =        2.9329  ANGLE   =       13.9370  DIHED      =       10.8298
 VDWAALS =       -1.1634  EEL     =       36.2758  EGB        =      -16.6139
 1-4 VDW =       11.7556  1-4 EEL =      -84.6835  RESTRAINT  =        0.0000


   NSTEP       ENERGY          RMS            GMAX         NAME    NUMBER
     75      -2.6732E+01     4.6206E-01     2.1931E+00     C15        15

 BOND    =        2.9717  ANGLE   =       13.9021  DIHED      =       10.8327
 VDWAALS =       -1.1651  EEL     =       36.2688  EGB        =      -16.6173
 1-4 VDW =       11.7486  1-4 EEL =      -84.6739  RESTRAINT  =        0.0000


   NSTEP       ENERGY          RMS            GMAX         NAME    NUMBER
     76      -2.6740E+01     2.8915E-01     9.0611E-01     C15        15

 BOND    =        2.9343  ANGLE   =       13.9352  DIHED      =       10.8329
 VDWAALS =       -1.1716  EEL     =       36.2691  EGB        =      -16.6178
 1-4 VDW =       11.7509  1-4 EEL =      -84.6729  RESTRAINT  =        0.0000


   NSTEP       ENERGY          RMS            GMAX         NAME    NUMBER
     77      -2.6746E+01     2.0009E-01     6.3198E-01     HC73       35

 BOND    =        2.8929  ANGLE   =       13.9701  DIHED      =       10.8336
 VDWAALS =       -1.1808  EEL     =       36.2691  EGB        =      -16.6138
 1-4 VDW =       11.7535  1-4 EEL =      -84.6703  RESTRAINT  =        0.0000


   NSTEP       ENERGY          RMS            GMAX         NAME    NUMBER
     78      -2.6751E+01     1.7857E-01     5.4997E-01     C8          8

 BOND    =        2.8652  ANGLE   =       14.0032  DIHED      =       10.8342
 VDWAALS =       -1.1914  EEL     =       36.2702  EGB        =      -16.6184
 1-4 VDW =       11.7567  1-4 EEL =      -84.6704  RESTRAINT  =        0.0000


   NSTEP       ENERGY          RMS            GMAX         NAME    NUMBER
     79      -2.6753E+01     3.9404E-01     2.6375E+00     C8          8

 BOND    =        2.8558  ANGLE   =       14.0037  DIHED      =       10.8345
 VDWAALS =       -1.1990  EEL     =       36.2694  EGB        =      -16.6046
 1-4 VDW =       11.7529  1-4 EEL =      -84.6656  RESTRAINT  =        0.0000


   NSTEP       ENERGY          RMS            GMAX         NAME    NUMBER
     80       4.4636E+01     6.0652E+01     4.2509E+02     C8          8

 BOND    =       59.3228  ANGLE   =       30.2640  DIHED      =       10.8306
 VDWAALS =       -1.3444  EEL     =       36.5287  EGB        =      -18.6554
 1-4 VDW =       13.0761  1-4 EEL =      -85.3860  RESTRAINT  =        0.0000


   NSTEP       ENERGY          RMS            GMAX         NAME    NUMBER
     81      -2.6756E+01     1.4917E-01     4.7963E-01     HC73       35

 BOND    =        2.8572  ANGLE   =       14.0135  DIHED      =       10.8343
 VDWAALS =       -1.2000  EEL     =       36.2713  EGB        =      -16.6178
 1-4 VDW =       11.7555  1-4 EEL =      -84.6701  RESTRAINT  =        0.0000


   NSTEP       ENERGY          RMS            GMAX         NAME    NUMBER
     82      -2.6757E+01     1.4327E-01     4.7158E-01     HC73       35

 BOND    =        2.8579  ANGLE   =       14.0136  DIHED      =       10.8344
 VDWAALS =       -1.2010  EEL     =       36.2718  EGB        =      -16.6182
 1-4 VDW =       11.7547  1-4 EEL =      -84.6704  RESTRAINT  =        0.0000


   NSTEP       ENERGY          RMS            GMAX         NAME    NUMBER
     83      -2.6764E+01     2.8934E-01     1.1586E+00     C3          3

 BOND    =        2.8664  ANGLE   =       14.0154  DIHED      =       10.8350
 VDWAALS =       -1.2097  EEL     =       36.2766  EGB        =      -16.6218
 1-4 VDW =       11.7475  1-4 EEL =      -84.6732  RESTRAINT  =        0.0000


   NSTEP       ENERGY          RMS            GMAX         NAME    NUMBER
     84      -2.6765E+01     4.7901E-01     1.9564E+00     C3          3

 BOND    =        2.8749  ANGLE   =       14.0182  DIHED      =       10.8355
 VDWAALS =       -1.2163  EEL     =       36.2803  EGB        =      -16.6245
 1-4 VDW =       11.7421  1-4 EEL =      -84.6753  RESTRAINT  =        0.0000


   NSTEP       ENERGY          RMS            GMAX         NAME    NUMBER
     85      -2.6780E+01     3.1336E-01     1.0822E+00     C10        10

 BOND    =        2.8780  ANGLE   =       14.0274  DIHED      =       10.8372
 VDWAALS =       -1.2337  EEL     =       36.2870  EGB        =      -16.6274
 1-4 VDW =       11.7310  1-4 EEL =      -84.6790  RESTRAINT  =        0.0000


   NSTEP       ENERGY          RMS            GMAX         NAME    NUMBER
     86      -2.6789E+01     2.6185E-01     8.1485E-01     C4          4

 BOND    =        2.8891  ANGLE   =       14.0487  DIHED      =       10.8410
 VDWAALS =       -1.2617  EEL     =       36.2980  EGB        =      -16.6321
 1-4 VDW =       11.7135  1-4 EEL =      -84.6851  RESTRAINT  =        0.0000


   NSTEP       ENERGY          RMS            GMAX         NAME    NUMBER
     87      -2.6787E+01     6.1718E-01     2.7371E+00     C8          8

 BOND    =        2.9342  ANGLE   =       14.0173  DIHED      =       10.8430
 VDWAALS =       -1.2609  EEL     =       36.2957  EGB        =      -16.6387
 1-4 VDW =       11.7094  1-4 EEL =      -84.6866  RESTRAINT  =        0.0000


   NSTEP       ENERGY          RMS            GMAX         NAME    NUMBER
     88      -2.6792E+01     2.2642E-01     8.1176E-01     C1          1

 BOND    =        2.9058  ANGLE   =       14.0341  DIHED      =       10.8419
 VDWAALS =       -1.2614  EEL     =       36.2970  EGB        =      -16.6350
 1-4 VDW =       11.7116  1-4 EEL =      -84.6858  RESTRAINT  =        0.0000


   NSTEP       ENERGY          RMS            GMAX         NAME    NUMBER
     89      -2.6795E+01     1.7770E-01     4.8482E-01     C8          8

 BOND    =        2.9300  ANGLE   =       14.0010  DIHED      =       10.8425
 VDWAALS =       -1.2546  EEL     =       36.2996  EGB        =      -16.6312
 1-4 VDW =       11.7061  1-4 EEL =      -84.6887  RESTRAINT  =        0.0000


   NSTEP       ENERGY          RMS            GMAX         NAME    NUMBER
     90      -2.6798E+01     2.8567E-01     1.2182E+00     C2          2

 BOND    =        2.9748  ANGLE   =       13.9444  DIHED      =       10.8437
 VDWAALS =       -1.2427  EEL     =       36.3042  EGB        =      -16.6247
 1-4 VDW =       11.6963  1-4 EEL =      -84.6940  RESTRAINT  =        0.0000


   NSTEP       ENERGY          RMS            GMAX         NAME    NUMBER
     91      -2.6803E+01     3.1336E-01     1.0147E+00     C10        10

 BOND    =        3.0022  ANGLE   =       13.9016  DIHED      =       10.8458
 VDWAALS =       -1.2195  EEL     =       36.3113  EGB        =      -16.6261
 1-4 VDW =       11.6861  1-4 EEL =      -84.7045  RESTRAINT  =        0.0000


   NSTEP       ENERGY          RMS            GMAX         NAME    NUMBER
     92      -2.6803E+01     2.5225E-01     7.9458E-01     C10        10

 BOND    =        2.9965  ANGLE   =       13.9090  DIHED      =       10.8454
 VDWAALS =       -1.2237  EEL     =       36.3100  EGB        =      -16.6259
 1-4 VDW =       11.6879  1-4 EEL =      -84.7026  RESTRAINT  =        0.0000


   NSTEP       ENERGY          RMS            GMAX         NAME    NUMBER
     93      -2.6809E+01     2.2448E-01     7.2829E-01     HC73       35

 BOND    =        2.9757  ANGLE   =       13.9015  DIHED      =       10.8478
 VDWAALS =       -1.2102  EEL     =       36.3098  EGB        =      -16.6254
 1-4 VDW =       11.6983  1-4 EEL =      -84.7068  RESTRAINT  =        0.0000


   NSTEP       ENERGY          RMS            GMAX         NAME    NUMBER
     94      -2.6810E+01     3.3282E-01     1.0901E+00     C9          9

 BOND    =        2.9640  ANGLE   =       13.8973  DIHED      =       10.8495
 VDWAALS =       -1.2013  EEL     =       36.3097  EGB        =      -16.6252
 1-4 VDW =       11.7051  1-4 EEL =      -84.7095  RESTRAINT  =        0.0000


   NSTEP       ENERGY          RMS            GMAX         NAME    NUMBER
     95      -2.6821E+01     2.9145E-01     8.4447E-01     HC71       33

 BOND    =        2.9087  ANGLE   =       13.8914  DIHED      =       10.8528
 VDWAALS =       -1.1837  EEL     =       36.3146  EGB        =      -16.6181
 1-4 VDW =       11.7342  1-4 EEL =      -84.7206  RESTRAINT  =        0.0000


   NSTEP       ENERGY          RMS            GMAX         NAME    NUMBER
     96      -2.6824E+01     4.7103E-01     1.5972E+00     C10        10

 BOND    =        2.8599  ANGLE   =       13.8884  DIHED      =       10.8562
 VDWAALS =       -1.1670  EEL     =       36.3192  EGB        =      -16.6116
 1-4 VDW =       11.7619  1-4 EEL =      -84.7310  RESTRAINT  =        0.0000


   NSTEP       ENERGY          RMS            GMAX         NAME    NUMBER
     97      -2.6839E+01     3.7825E-01     1.5346E+00     C6          6

 BOND    =        2.7657  ANGLE   =       13.8852  DIHED      =       10.8627
 VDWAALS =       -1.1358  EEL     =       36.3267  EGB        =      -16.5841
 1-4 VDW =       11.7886  1-4 EEL =      -84.7480  RESTRAINT  =        0.0000


   NSTEP       ENERGY          RMS            GMAX         NAME    NUMBER
     98      -2.6839E+01     4.1860E-01     1.8429E+00     C6          6

 BOND    =        2.7560  ANGLE   =       13.8851  DIHED      =       10.8635
 VDWAALS =       -1.1322  EEL     =       36.3275  EGB        =      -16.5810
 1-4 VDW =       11.7917  1-4 EEL =      -84.7499  RESTRAINT  =        0.0000


   NSTEP       ENERGY          RMS            GMAX         NAME    NUMBER
     99      -2.6849E+01     3.6510E-01     1.4690E+00     C6          6

 BOND    =        2.7346  ANGLE   =       13.8107  DIHED      =       10.8690
 VDWAALS =       -1.1080  EEL     =       36.3263  EGB        =      -16.5593
 1-4 VDW =       11.8412  1-4 EEL =      -84.7637  RESTRAINT  =        0.0000


   NSTEP       ENERGY          RMS            GMAX         NAME    NUMBER
    100      -2.6850E+01     3.0574E-01     1.0100E+00     C5          5

 BOND    =        2.7365  ANGLE   =       13.8210  DIHED      =       10.8682
 VDWAALS =       -1.1115  EEL     =       36.3265  EGB        =      -16.5625
 1-4 VDW =       11.8340  1-4 EEL =      -84.7617  RESTRAINT  =        0.0000


  Maximum number of minimization cycles reached.


                    FINAL RESULTS



   NSTEP       ENERGY          RMS            GMAX         NAME    NUMBER
    100      -2.6850E+01     3.0574E-01     1.0100E+00     C5          5

 BOND    =        2.7365  ANGLE   =       13.8210  DIHED      =       10.8682
 VDWAALS =       -1.1115  EEL     =       36.3265  EGB        =      -16.5625
 1-4 VDW =       11.8340  1-4 EEL =      -84.7617  RESTRAINT  =        0.0000

--------------------------------------------------------------------------------
   5.  TIMINGS
--------------------------------------------------------------------------------

|    Read coords time           0.00 ( 0.34% of Total)
|    Fast Water setup           0.00 ( 0.01% of Total)
|                Calc gb radii              0.02 (26.27% of Gen B)
|                Calc gb diag               0.03 (42.40% of Gen B)
|                Calc gb off-diag           0.02 (31.18% of Gen B)
|                Other                      0.00 ( 0.15% of Gen B)
|             Gen Born time              0.06 (100.0% of Nonbo)
|             IPS excludes               0.00 ( 0.03% of Nonbo)
|          Nonbond force              0.06 (88.73% of Force)
|          Bond/Angle/Dihedral        0.01 (10.97% of Force)
|          Other                      0.00 ( 0.30% of Force)
|       Force time                 0.07 (100.0% of Runmd)
|    Runmd Time                 0.07 (81.67% of Total)
|    Other                      0.02 (17.97% of Total)
| Total time                 0.08 (100.0% of ALL  )

| Number of list builds   :          0

| Highest rstack allocated:          0
| Highest istack allocated:          0
|           Job began  at 14:24:30.753  on 05/22/2015
|           Setup done at 14:24:30.756  on 05/22/2015
|           Run   done at 14:24:30.838  on 05/22/2015
|     wallclock() was called    1828 times
