
          -------------------------------------------------------
          Amber 14 SANDER                              2014
          -------------------------------------------------------

| Run on 02/05/2016 at 00:00:53

|   Executable path: sander
| Working directory: /gpfs/gpfs/project1/dacase-001/haichit/phenix_amber/run_amber_library/amber_library/b
|          Hostname: e1c056

  [-O]verwriting output

File Assignments:
|  MDIN: BXR_sander.in                                                         
| MDOUT: BXR.min_igb.out                                                       
|INPCRD: BXR.rst7                                                              
|  PARM: BXR.prmtop                                                            
|RESTRT: BXR.min_igb.rst7                                                      
|  REFC: refc                                                                  
| MDVEL: mdvel                                                                 
| MDFRC: mdfrc                                                                 
|  MDEN: mden                                                                  
| MDCRD: mdcrd                                                                 
|MDINFO: mdinfo                                                                
|  MTMD: mtmd                                                                  
|INPDIP: inpdip                                                                
|RSTDIP: rstdip                                                                
|INPTRA: inptraj                                                               


 Here is the input file:

  short minimization                                                           
 &cntrl                                                                        
   imin=1, maxcyc=100, ncyc=50, ntpr=1, cut=99., ntb=0, igb=2                  
 /                                                                             

--------------------------------------------------------------------------------
   1.  RESOURCE   USE: 
--------------------------------------------------------------------------------

| Flags:                                                                        
| New format PARM file being parsed.
| Version =    1.000 Date = 02/05/16 Time = 00:00:53
 NATOM  =      26 NTYPES =      11 NBONH =      11 MBONA  =      16
 NTHETH =      24 MTHETA =      21 NPHIH =      39 MPHIA  =      31
 NHPARM =       0 NPARM  =       0 NNB   =     130 NRES   =       1
 NBONA  =      16 NTHETA =      21 NPHIA =      31 NUMBND =      16
 NUMANG =      24 NPTRA  =       9 NATYP =      13 NPHB   =       0
 IFBOX  =       0 NMXRS  =      26 IFCAP =       0 NEXTRA =       0
 NCOPY  =       0

 Implicit solvent radii are modified Bondi radii (mbondi)                                                   

|     Memory Use     Allocated
|     Real                5499
|     Hollerith             81
|     Integer            21313
|     Max Pairs              1
|     nblistReal             0
|     nblist Int             0
|       Total              126 kbytes

| Note: 1-4 EEL scale factors are being read from the topology file.

| Note: 1-4 VDW scale factors are being read from the topology file.
| Duplicated    0 dihedrals
| Duplicated    0 dihedrals

--------------------------------------------------------------------------------
   2.  CONTROL  DATA  FOR  THE  RUN
--------------------------------------------------------------------------------

BXR                                                                             

General flags:
     imin    =       1, nmropt  =       0

Nature and format of input:
     ntx     =       1, irest   =       0, ntrx    =       1

Nature and format of output:
     ntxo    =       1, ntpr    =       1, ntrx    =       1, ntwr    =       1
     iwrap   =       0, ntwx    =       0, ntwv    =       0, ntwe    =       0
     ioutfm  =       0, ntwprt  =       0, idecomp =       0, rbornstat=      0

Potential function:
     ntf     =       1, ntb     =       0, igb     =       2, nsnb    =      25
     ipol    =       0, gbsa    =       0, iesp    =       0
     dielc   =   1.00000, cut     =  99.00000, intdiel =   1.00000
     saltcon =   0.00000, offset  =   0.09000, gbalpha=    0.80000
     gbbeta  =   0.00000, gbgamma =   2.90912, surften =   0.00500
     rdt     =   0.00000, rgbmax  =  25.00000  extdiel =  78.50000
     alpb  =        0

Frozen or restrained atoms:
     ibelly  =       0, ntr     =       0

Energy minimization:
     maxcyc  =     100, ncyc    =      50, ntmin   =       1
     dx0     =   0.01000, drms    =   0.00010
|  INFO: Old style inpcrd file read


--------------------------------------------------------------------------------
   3.  ATOMIC COORDINATES AND VELOCITIES
--------------------------------------------------------------------------------

BXR                                                                             
 begin time read from input coords =     0.000 ps

 Number of triangulated 3-point waters found:        0

--------------------------------------------------------------------------------
   4.  RESULTS
--------------------------------------------------------------------------------



   NSTEP       ENERGY          RMS            GMAX         NAME    NUMBER
      1      -2.2464E+01     1.5681E+01     5.0886E+01     N10        10

 BOND    =        6.6443  ANGLE   =        8.5125  DIHED      =        2.9748
 VDWAALS =       -0.4357  EEL     =        8.8579  EGB        =      -67.0293
 1-4 VDW =        3.7332  1-4 EEL =       14.2782  RESTRAINT  =        0.0000


   NSTEP       ENERGY          RMS            GMAX         NAME    NUMBER
      2      -2.3989E+01     1.3146E+01     4.1976E+01     N10        10

 BOND    =        5.2661  ANGLE   =        8.3140  DIHED      =        2.9754
 VDWAALS =       -0.4168  EEL     =        8.8697  EGB        =      -66.9917
 1-4 VDW =        3.7185  1-4 EEL =       14.2755  RESTRAINT  =        0.0000


   NSTEP       ENERGY          RMS            GMAX         NAME    NUMBER
      3      -2.5477E+01     1.0334E+01     3.1760E+01     N10        10

 BOND    =        3.9248  ANGLE   =        8.1182  DIHED      =        2.9760
 VDWAALS =       -0.3959  EEL     =        8.8829  EGB        =      -66.9527
 1-4 VDW =        3.6997  1-4 EEL =       14.2697  RESTRAINT  =        0.0000


   NSTEP       ENERGY          RMS            GMAX         NAME    NUMBER
      4      -2.6819E+01     7.4211E+00     2.4031E+01     Cl7         7

 BOND    =        2.7404  ANGLE   =        7.9272  DIHED      =        2.9765
 VDWAALS =       -0.3751  EEL     =        8.8973  EGB        =      -66.9173
 1-4 VDW =        3.6749  1-4 EEL =       14.2569  RESTRAINT  =        0.0000


   NSTEP       ENERGY          RMS            GMAX         NAME    NUMBER
      5      -2.7913E+01     4.8816E+00     1.7390E+01     Cl7         7

 BOND    =        1.8634  ANGLE   =        7.7244  DIHED      =        2.9768
 VDWAALS =       -0.3614  EEL     =        8.9114  EGB        =      -66.8976
 1-4 VDW =        3.6413  1-4 EEL =       14.2288  RESTRAINT  =        0.0000


   NSTEP       ENERGY          RMS            GMAX         NAME    NUMBER
      6      -2.8765E+01     3.2979E+00     1.0712E+01     Cl7         7

 BOND    =        1.3879  ANGLE   =        7.4724  DIHED      =        2.9771
 VDWAALS =       -0.3736  EEL     =        8.9235  EGB        =      -66.9167
 1-4 VDW =        3.5979  1-4 EEL =       14.1670  RESTRAINT  =        0.0000


   NSTEP       ENERGY          RMS            GMAX         NAME    NUMBER
      7      -2.9476E+01     2.3545E+00     6.1093E+00     Cl7         7

 BOND    =        1.1401  ANGLE   =        7.2373  DIHED      =        2.9808
 VDWAALS =       -0.4288  EEL     =        8.9470  EGB        =      -66.9678
 1-4 VDW =        3.5622  1-4 EEL =       14.0527  RESTRAINT  =        0.0000


   NSTEP       ENERGY          RMS            GMAX         NAME    NUMBER
      8      -3.0063E+01     2.0334E+00     5.3268E+00     N12        12

 BOND    =        0.9442  ANGLE   =        7.0247  DIHED      =        2.9915
 VDWAALS =       -0.4911  EEL     =        9.0436  EGB        =      -67.0196
 1-4 VDW =        3.5519  1-4 EEL =       13.8921  RESTRAINT  =        0.0000


   NSTEP       ENERGY          RMS            GMAX         NAME    NUMBER
      9      -3.0041E+01     5.7924E+00     1.8330E+01     N12        12

 BOND    =        1.3865  ANGLE   =        7.2244  DIHED      =        3.0106
 VDWAALS =       -0.6976  EEL     =        9.1067  EGB        =      -67.2642
 1-4 VDW =        3.5144  1-4 EEL =       13.6787  RESTRAINT  =        0.0000


   NSTEP       ENERGY          RMS            GMAX         NAME    NUMBER
     10      -3.0575E+01     1.5298E+00     6.0596E+00     C9          9

 BOND    =        0.9648  ANGLE   =        6.9130  DIHED      =        3.0090
 VDWAALS =       -0.6380  EEL     =        9.1320  EGB        =      -67.1545
 1-4 VDW =        3.5218  1-4 EEL =       13.6773  RESTRAINT  =        0.0000


   NSTEP       ENERGY          RMS            GMAX         NAME    NUMBER
     11      -3.0579E+01     4.0744E+00     1.7247E+01     C9          9

 BOND    =        1.0894  ANGLE   =        7.0349  DIHED      =        3.0176
 VDWAALS =       -0.7437  EEL     =        9.2717  EGB        =      -67.3382
 1-4 VDW =        3.5347  1-4 EEL =       13.5551  RESTRAINT  =        0.0000


   NSTEP       ENERGY          RMS            GMAX         NAME    NUMBER
     12      -3.0402E+01     6.0225E+00     2.6652E+01     C9          9

 BOND    =        1.3287  ANGLE   =        6.8925  DIHED      =        3.0237
 VDWAALS =       -0.7134  EEL     =        9.1706  EGB        =      -67.1636
 1-4 VDW =        3.4985  1-4 EEL =       13.5610  RESTRAINT  =        0.0000


   NSTEP       ENERGY          RMS            GMAX         NAME    NUMBER
     13      -3.0875E+01     1.3228E+00     5.8500E+00     C9          9

 BOND    =        0.9509  ANGLE   =        6.8968  DIHED      =        3.0228
 VDWAALS =       -0.7492  EEL     =        9.2296  EGB        =      -67.2644
 1-4 VDW =        3.5110  1-4 EEL =       13.5278  RESTRAINT  =        0.0000


   NSTEP       ENERGY          RMS            GMAX         NAME    NUMBER
     14      -3.0875E+01     3.0855E+00     1.3348E+01     C9          9

 BOND    =        1.0702  ANGLE   =        6.9756  DIHED      =        3.0292
 VDWAALS =       -0.8316  EEL     =        9.3286  EGB        =      -67.4175
 1-4 VDW =        3.5160  1-4 EEL =       13.4547  RESTRAINT  =        0.0000


   NSTEP       ENERGY          RMS            GMAX         NAME    NUMBER
     15      -3.1019E+01     9.2202E-01     3.2571E+00     H9         19

 BOND    =        0.9548  ANGLE   =        6.8991  DIHED      =        3.0302
 VDWAALS =       -0.8140  EEL     =        9.2994  EGB        =      -67.3538
 1-4 VDW =        3.5082  1-4 EEL =       13.4574  RESTRAINT  =        0.0000


   NSTEP       ENERGY          RMS            GMAX         NAME    NUMBER
     16      -3.1091E+01     1.0733E+00     3.6960E+00     C9          9

 BOND    =        0.9531  ANGLE   =        6.8942  DIHED      =        3.0346
 VDWAALS =       -0.8454  EEL     =        9.3161  EGB        =      -67.3680
 1-4 VDW =        3.5035  1-4 EEL =       13.4205  RESTRAINT  =        0.0000


   NSTEP       ENERGY          RMS            GMAX         NAME    NUMBER
     17      -3.1118E+01     2.0772E+00     5.9442E+00     N10        10

 BOND    =        1.0254  ANGLE   =        6.9055  DIHED      =        3.0407
 VDWAALS =       -0.8957  EEL     =        9.3803  EGB        =      -67.4628
 1-4 VDW =        3.5044  1-4 EEL =       13.3845  RESTRAINT  =        0.0000


   NSTEP       ENERGY          RMS            GMAX         NAME    NUMBER
     18      -3.1098E+01     3.0113E+00     9.6083E+00     C6          6

 BOND    =        1.0040  ANGLE   =        6.8921  DIHED      =        3.0400
 VDWAALS =       -0.8791  EEL     =        9.3548  EGB        =      -67.3813
 1-4 VDW =        3.4992  1-4 EEL =       13.3725  RESTRAINT  =        0.0000


   NSTEP       ENERGY          RMS            GMAX         NAME    NUMBER
     19      -3.1220E+01     8.4032E-01     2.8795E+00     C9          9

 BOND    =        0.9596  ANGLE   =        6.8762  DIHED      =        3.0428
 VDWAALS =       -0.9058  EEL     =        9.3761  EGB        =      -67.4354
 1-4 VDW =        3.4999  1-4 EEL =       13.3662  RESTRAINT  =        0.0000


   NSTEP       ENERGY          RMS            GMAX         NAME    NUMBER
     20      -3.1264E+01     1.1606E+00     4.0102E+00     N10        10

 BOND    =        0.9796  ANGLE   =        6.8874  DIHED      =        3.0470
 VDWAALS =       -0.9422  EEL     =        9.4224  EGB        =      -67.4994
 1-4 VDW =        3.5012  1-4 EEL =       13.3404  RESTRAINT  =        0.0000


   NSTEP       ENERGY          RMS            GMAX         NAME    NUMBER
     21      -3.1272E+01     1.9266E+00     8.5634E+00     C9          9

 BOND    =        0.9917  ANGLE   =        6.8353  DIHED      =        3.0491
 VDWAALS =       -0.9384  EEL     =        9.4080  EGB        =      -67.4469
 1-4 VDW =        3.4952  1-4 EEL =       13.3343  RESTRAINT  =        0.0000


   NSTEP       ENERGY          RMS            GMAX         NAME    NUMBER
     22      -3.1282E+01     2.2445E+00     8.0502E+00     N10        10

 BOND    =        1.0274  ANGLE   =        6.9242  DIHED      =        3.0534
 VDWAALS =       -0.9961  EEL     =        9.4698  EGB        =      -67.5730
 1-4 VDW =        3.5015  1-4 EEL =       13.3103  RESTRAINT  =        0.0000


   NSTEP       ENERGY          RMS            GMAX         NAME    NUMBER
     23      -3.1268E+01     2.8444E+00     1.1552E+01     C9          9

 BOND    =        1.0449  ANGLE   =        6.7922  DIHED      =        3.0527
 VDWAALS =       -0.9509  EEL     =        9.4340  EGB        =      -67.4536
 1-4 VDW =        3.4938  1-4 EEL =       13.3188  RESTRAINT  =        0.0000


   NSTEP       ENERGY          RMS            GMAX         NAME    NUMBER
     24      -3.1387E+01     7.0340E-01     2.2555E+00     C9          9

 BOND    =        0.9626  ANGLE   =        6.8454  DIHED      =        3.0551
 VDWAALS =       -0.9901  EEL     =        9.4643  EGB        =      -67.5279
 1-4 VDW =        3.4968  1-4 EEL =       13.3069  RESTRAINT  =        0.0000


   NSTEP       ENERGY          RMS            GMAX         NAME    NUMBER
     25      -3.1427E+01     1.1127E+00     3.9773E+00     N10        10

 BOND    =        0.9753  ANGLE   =        6.8615  DIHED      =        3.0598
 VDWAALS =       -1.0255  EEL     =        9.5058  EGB        =      -67.5900
 1-4 VDW =        3.4988  1-4 EEL =       13.2874  RESTRAINT  =        0.0000


   NSTEP       ENERGY          RMS            GMAX         NAME    NUMBER
     26      -3.1410E+01     2.2265E+00     1.0121E+01     C9          9

 BOND    =        1.0106  ANGLE   =        6.7898  DIHED      =        3.0616
 VDWAALS =       -1.0219  EEL     =        9.4964  EGB        =      -67.5293
 1-4 VDW =        3.4917  1-4 EEL =       13.2909  RESTRAINT  =        0.0000


   NSTEP       ENERGY          RMS            GMAX         NAME    NUMBER
     27      -3.1482E+01     7.0607E-01     2.4372E+00     C9          9

 BOND    =        0.9618  ANGLE   =        6.8196  DIHED      =        3.0631
 VDWAALS =       -1.0401  EEL     =        9.5179  EGB        =      -67.5816
 1-4 VDW =        3.4957  1-4 EEL =       13.2815  RESTRAINT  =        0.0000


   NSTEP       ENERGY          RMS            GMAX         NAME    NUMBER
     28      -3.1508E+01     9.6030E-01     3.2800E+00     N10        10

 BOND    =        0.9658  ANGLE   =        6.8413  DIHED      =        3.0663
 VDWAALS =       -1.0664  EEL     =        9.5484  EGB        =      -67.6316
 1-4 VDW =        3.4972  1-4 EEL =       13.2708  RESTRAINT  =        0.0000


   NSTEP       ENERGY          RMS            GMAX         NAME    NUMBER
     29      -3.1519E+01     1.4358E+00     5.9190E+00     C9          9

 BOND    =        0.9830  ANGLE   =        6.7716  DIHED      =        3.0679
 VDWAALS =       -1.0625  EEL     =        9.5457  EGB        =      -67.5921
 1-4 VDW =        3.4946  1-4 EEL =       13.2730  RESTRAINT  =        0.0000


   NSTEP       ENERGY          RMS            GMAX         NAME    NUMBER
     30      -3.1529E+01     1.6909E+00     5.9055E+00     N10        10

 BOND    =        0.9805  ANGLE   =        6.8660  DIHED      =        3.0711
 VDWAALS =       -1.1025  EEL     =        9.5836  EGB        =      -67.6835
 1-4 VDW =        3.4970  1-4 EEL =       13.2591  RESTRAINT  =        0.0000


   NSTEP       ENERGY          RMS            GMAX         NAME    NUMBER
     31      -3.1528E+01     2.0935E+00     8.0647E+00     C9          9

 BOND    =        1.0195  ANGLE   =        6.7263  DIHED      =        3.0715
 VDWAALS =       -1.0754  EEL     =        9.5668  EGB        =      -67.6008
 1-4 VDW =        3.4950  1-4 EEL =       13.2691  RESTRAINT  =        0.0000


   NSTEP       ENERGY          RMS            GMAX         NAME    NUMBER
     32      -3.1594E+01     5.9058E-01     1.6228E+00     C9          9

 BOND    =        0.9540  ANGLE   =        6.7912  DIHED      =        3.0729
 VDWAALS =       -1.1014  EEL     =        9.5871  EGB        =      -67.6542
 1-4 VDW =        3.4954  1-4 EEL =       13.2611  RESTRAINT  =        0.0000


   NSTEP       ENERGY          RMS            GMAX         NAME    NUMBER
     33      -3.1625E+01     7.6885E-01     2.4485E+00     N10        10

 BOND    =        0.9609  ANGLE   =        6.7918  DIHED      =        3.0768
 VDWAALS =       -1.1238  EEL     =        9.6134  EGB        =      -67.6956
 1-4 VDW =        3.4968  1-4 EEL =       13.2545  RESTRAINT  =        0.0000


   NSTEP       ENERGY          RMS            GMAX         NAME    NUMBER
     34      -3.1631E+01     1.5461E+00     6.8076E+00     C9          9

 BOND    =        0.9559  ANGLE   =        6.7613  DIHED      =        3.0780
 VDWAALS =       -1.1327  EEL     =        9.6218  EGB        =      -67.6636
 1-4 VDW =        3.4918  1-4 EEL =       13.2564  RESTRAINT  =        0.0000


   NSTEP       ENERGY          RMS            GMAX         NAME    NUMBER
     35      -3.1633E+01     1.9230E+00     6.7009E+00     C9          9

 BOND    =        1.0177  ANGLE   =        6.7785  DIHED      =        3.0830
 VDWAALS =       -1.1523  EEL     =        9.6493  EGB        =      -67.7572
 1-4 VDW =        3.5014  1-4 EEL =       13.2470  RESTRAINT  =        0.0000


   NSTEP       ENERGY          RMS            GMAX         NAME    NUMBER
     36      -3.1622E+01     2.4639E+00     9.9741E+00     C9          9

 BOND    =        0.9476  ANGLE   =        6.7958  DIHED      =        3.0802
 VDWAALS =       -1.1568  EEL     =        9.6440  EGB        =      -67.6736
 1-4 VDW =        3.4866  1-4 EEL =       13.2541  RESTRAINT  =        0.0000


   NSTEP       ENERGY          RMS            GMAX         NAME    NUMBER
     37      -3.1700E+01     6.0933E-01     1.7740E+00     C9          9

 BOND    =        0.9510  ANGLE   =        6.7446  DIHED      =        3.0832
 VDWAALS =       -1.1583  EEL     =        9.6543  EGB        =      -67.7204
 1-4 VDW =        3.4955  1-4 EEL =       13.2504  RESTRAINT  =        0.0000


   NSTEP       ENERGY          RMS            GMAX         NAME    NUMBER
     38      -3.1721E+01     1.0225E+00     3.2538E+00     N10        10

 BOND    =        0.9445  ANGLE   =        6.7840  DIHED      =        3.0868
 VDWAALS =       -1.1867  EEL     =        9.6820  EGB        =      -67.7712
 1-4 VDW =        3.4949  1-4 EEL =       13.2447  RESTRAINT  =        0.0000


   NSTEP       ENERGY          RMS            GMAX         NAME    NUMBER
     39      -3.1718E+01     1.6716E+00     5.4925E+00     C9          9

 BOND    =        0.9950  ANGLE   =        6.6688  DIHED      =        3.0882
 VDWAALS =       -1.1740  EEL     =        9.6805  EGB        =      -67.7243
 1-4 VDW =        3.4967  1-4 EEL =       13.2514  RESTRAINT  =        0.0000


   NSTEP       ENERGY          RMS            GMAX         NAME    NUMBER
     40      -3.1759E+01     5.6354E-01     1.6001E+00     C9          9

 BOND    =        0.9429  ANGLE   =        6.7271  DIHED      =        3.0892
 VDWAALS =       -1.1926  EEL     =        9.6938  EGB        =      -67.7617
 1-4 VDW =        3.4951  1-4 EEL =       13.2468  RESTRAINT  =        0.0000


   NSTEP       ENERGY          RMS            GMAX         NAME    NUMBER
     41      -3.1780E+01     6.9535E-01     2.1229E+00     N10        10

 BOND    =        0.9424  ANGLE   =        6.7395  DIHED      =        3.0920
 VDWAALS =       -1.2097  EEL     =        9.7127  EGB        =      -67.7962
 1-4 VDW =        3.4957  1-4 EEL =       13.2439  RESTRAINT  =        0.0000


   NSTEP       ENERGY          RMS            GMAX         NAME    NUMBER
     42      -3.1792E+01     1.0641E+00     4.3764E+00     C9          9

 BOND    =        0.9462  ANGLE   =        6.6941  DIHED      =        3.0933
 VDWAALS =       -1.2139  EEL     =        9.7201  EGB        =      -67.7734
 1-4 VDW =        3.4939  1-4 EEL =       13.2475  RESTRAINT  =        0.0000


   NSTEP       ENERGY          RMS            GMAX         NAME    NUMBER
     43      -3.1799E+01     1.3692E+00     4.6954E+00     C9          9

 BOND    =        0.9628  ANGLE   =        6.7397  DIHED      =        3.0968
 VDWAALS =       -1.2348  EEL     =        9.7425  EGB        =      -67.8439
 1-4 VDW =        3.4974  1-4 EEL =       13.2409  RESTRAINT  =        0.0000


   NSTEP       ENERGY          RMS            GMAX         NAME    NUMBER
     44      -3.1802E+01     1.6723E+00     7.2157E+00     C9          9

 BOND    =        0.9445  ANGLE   =        6.6908  DIHED      =        3.0960
 VDWAALS =       -1.2316  EEL     =        9.7392  EGB        =      -67.7803
 1-4 VDW =        3.4909  1-4 EEL =       13.2485  RESTRAINT  =        0.0000


   NSTEP       ENERGY          RMS            GMAX         NAME    NUMBER
     45      -3.1796E+01     2.1335E+00     7.6887E+00     C9          9

 BOND    =        1.0134  ANGLE   =        6.7120  DIHED      =        3.1011
 VDWAALS =       -1.2492  EEL     =        9.7650  EGB        =      -67.8795
 1-4 VDW =        3.5021  1-4 EEL =       13.2395  RESTRAINT  =        0.0000


   NSTEP       ENERGY          RMS            GMAX         NAME    NUMBER
     46      -3.1856E+01     5.5970E-01     1.9319E+00     H9         19

 BOND    =        0.9292  ANGLE   =        6.7083  DIHED      =        3.0997
 VDWAALS =       -1.2517  EEL     =        9.7623  EGB        =      -67.8419
 1-4 VDW =        3.4945  1-4 EEL =       13.2434  RESTRAINT  =        0.0000


   NSTEP       ENERGY          RMS            GMAX         NAME    NUMBER
     47      -3.1875E+01     9.1936E-01     2.8410E+00     N12        12

 BOND    =        0.9521  ANGLE   =        6.6465  DIHED      =        3.1024
 VDWAALS =       -1.2561  EEL     =        9.7742  EGB        =      -67.8365
 1-4 VDW =        3.4962  1-4 EEL =       13.2465  RESTRAINT  =        0.0000


   NSTEP       ENERGY          RMS            GMAX         NAME    NUMBER
     48      -3.1872E+01     1.5610E+00     5.6822E+00     N12        12

 BOND    =        0.9227  ANGLE   =        6.7576  DIHED      =        3.1045
 VDWAALS =       -1.2907  EEL     =        9.8004  EGB        =      -67.8978
 1-4 VDW =        3.4913  1-4 EEL =       13.2400  RESTRAINT  =        0.0000


   NSTEP       ENERGY          RMS            GMAX         NAME    NUMBER
     49      -3.1907E+01     5.3447E-01     1.9503E+00     H9         19

 BOND    =        0.9276  ANGLE   =        6.6828  DIHED      =        3.1053
 VDWAALS =       -1.2794  EEL     =        9.7966  EGB        =      -67.8777
 1-4 VDW =        3.4947  1-4 EEL =       13.2437  RESTRAINT  =        0.0000


   NSTEP       ENERGY          RMS            GMAX         NAME    NUMBER
     50      -3.1923E+01     6.4935E-01     2.2757E+00     C9          9

 BOND    =        0.9292  ANGLE   =        6.6533  DIHED      =        3.1070
 VDWAALS =       -1.2860  EEL     =        9.8062  EGB        =      -67.8731
 1-4 VDW =        3.4941  1-4 EEL =       13.2459  RESTRAINT  =        0.0000


   NSTEP       ENERGY          RMS            GMAX         NAME    NUMBER
     51      -3.1935E+01     9.4505E-01     3.1528E+00     N10        10

 BOND    =        0.9326  ANGLE   =        6.6836  DIHED      =        3.1099
 VDWAALS =       -1.3040  EEL     =        9.8255  EGB        =      -67.9204
 1-4 VDW =        3.4953  1-4 EEL =       13.2425  RESTRAINT  =        0.0000


   NSTEP       ENERGY          RMS            GMAX         NAME    NUMBER
     52      -1.8086E+01     3.1585E+01     1.2743E+02     C9          9

 BOND    =       12.6476  ANGLE   =        8.0070  DIHED      =        3.1292
 VDWAALS =       -1.2595  EEL     =        9.8316  EGB        =      -67.2447
 1-4 VDW =        3.4587  1-4 EEL =       13.3441  RESTRAINT  =        0.0000


   NSTEP       ENERGY          RMS            GMAX         NAME    NUMBER
     53      -3.1952E+01     5.4648E-01     1.7304E+00     C9          9

 BOND    =        0.9216  ANGLE   =        6.6515  DIHED      =        3.1100
 VDWAALS =       -1.3029  EEL     =        9.8256  EGB        =      -67.8971
 1-4 VDW =        3.4936  1-4 EEL =       13.2459  RESTRAINT  =        0.0000


   NSTEP       ENERGY          RMS            GMAX         NAME    NUMBER
     54      -3.1963E+01     5.4105E-01     1.5613E+00     C9          9

 BOND    =        0.9246  ANGLE   =        6.6412  DIHED      =        3.1114
 VDWAALS =       -1.3087  EEL     =        9.8335  EGB        =      -67.9053
 1-4 VDW =        3.4941  1-4 EEL =       13.2462  RESTRAINT  =        0.0000


   NSTEP       ENERGY          RMS            GMAX         NAME    NUMBER
     55      -3.2049E+01     1.2547E+00     5.6677E+00     N8          8

 BOND    =        0.9646  ANGLE   =        6.5510  DIHED      =        3.1242
 VDWAALS =       -1.3613  EEL     =        9.9053  EGB        =      -67.9807
 1-4 VDW =        3.4992  1-4 EEL =       13.2492  RESTRAINT  =        0.0000


   NSTEP       ENERGY          RMS            GMAX         NAME    NUMBER
     56      -3.2123E+01     3.4931E+00     1.6671E+01     N8          8

 BOND    =        1.1219  ANGLE   =        6.3907  DIHED      =        3.1529
 VDWAALS =       -1.4691  EEL     =       10.0557  EGB        =      -68.1419
 1-4 VDW =        3.5111  1-4 EEL =       13.2559  RESTRAINT  =        0.0000


   NSTEP       ENERGY          RMS            GMAX         NAME    NUMBER
     57      -3.2435E+01     2.8567E+00     1.3819E+01     N8          8

 BOND    =        1.0466  ANGLE   =        6.3105  DIHED      =        3.1972
 VDWAALS =       -1.6510  EEL     =       10.2852  EGB        =      -68.3957
 1-4 VDW =        3.5071  1-4 EEL =       13.2655  RESTRAINT  =        0.0000


   NSTEP       ENERGY          RMS            GMAX         NAME    NUMBER
     58      -3.2818E+01     3.0335E+00     1.1393E+01     N11        11

 BOND    =        1.3012  ANGLE   =        6.2372  DIHED      =        3.4314
 VDWAALS =       -2.2780  EEL     =       11.1981  EGB        =      -69.5338
 1-4 VDW =        3.4992  1-4 EEL =       13.3262  RESTRAINT  =        0.0000


   NSTEP       ENERGY          RMS            GMAX         NAME    NUMBER
     59      -3.2919E+01     1.9936E+00     7.1891E+00     N11        11

 BOND    =        1.0825  ANGLE   =        6.2074  DIHED      =        3.3564
 VDWAALS =       -2.1202  EEL     =       10.9458  EGB        =      -69.1966
 1-4 VDW =        3.5001  1-4 EEL =       13.3053  RESTRAINT  =        0.0000


   NSTEP       ENERGY          RMS            GMAX         NAME    NUMBER
     60      -3.2874E+01     3.9725E+00     1.7907E+01     C6          6

 BOND    =        0.9869  ANGLE   =        6.4866  DIHED      =        3.3976
 VDWAALS =       -2.2528  EEL     =       11.1362  EGB        =      -69.4147
 1-4 VDW =        3.4646  1-4 EEL =       13.3217  RESTRAINT  =        0.0000


   NSTEP       ENERGY          RMS            GMAX         NAME    NUMBER
     61      -3.3023E+01     1.3869E+00     4.6804E+00     C6          6

 BOND    =        0.9319  ANGLE   =        6.3184  DIHED      =        3.3746
 VDWAALS =       -2.1819  EEL     =       11.0327  EGB        =      -69.2952
 1-4 VDW =        3.4838  1-4 EEL =       13.3126  RESTRAINT  =        0.0000


   NSTEP       ENERGY          RMS            GMAX         NAME    NUMBER
     62      -3.3106E+01     9.2306E-01     4.3010E+00     H9         19

 BOND    =        0.9054  ANGLE   =        6.2896  DIHED      =        3.4091
 VDWAALS =       -2.2682  EEL     =       11.1816  EGB        =      -69.4306
 1-4 VDW =        3.4869  1-4 EEL =       13.3207  RESTRAINT  =        0.0000


   NSTEP       ENERGY          RMS            GMAX         NAME    NUMBER
     63      -3.3142E+01     1.5092E+00     5.3343E+00     N8          8

 BOND    =        0.9209  ANGLE   =        6.2645  DIHED      =        3.4526
 VDWAALS =       -2.3643  EEL     =       11.3553  EGB        =      -69.5924
 1-4 VDW =        3.4907  1-4 EEL =       13.3310  RESTRAINT  =        0.0000


   NSTEP       ENERGY          RMS            GMAX         NAME    NUMBER
     64      -3.3230E+01     1.7353E+00     5.0250E+00     N12        12

 BOND    =        0.9201  ANGLE   =        6.1407  DIHED      =        3.5259
 VDWAALS =       -2.4748  EEL     =       11.6070  EGB        =      -69.8117
 1-4 VDW =        3.5070  1-4 EEL =       13.3555  RESTRAINT  =        0.0000


   NSTEP       ENERGY          RMS            GMAX         NAME    NUMBER
     65      -3.3236E+01     1.3583E+00     4.2541E+00     N10        10

 BOND    =        0.9021  ANGLE   =        6.1611  DIHED      =        3.5110
 VDWAALS =       -2.4541  EEL     =       11.5584  EGB        =      -69.7687
 1-4 VDW =        3.5038  1-4 EEL =       13.3505  RESTRAINT  =        0.0000


   NSTEP       ENERGY          RMS            GMAX         NAME    NUMBER
     66      -3.3298E+01     1.5617E+00     6.1885E+00     N8          8

 BOND    =        0.8379  ANGLE   =        6.1306  DIHED      =        3.5559
 VDWAALS =       -2.5112  EEL     =       11.6938  EGB        =      -69.8979
 1-4 VDW =        3.5226  1-4 EEL =       13.3706  RESTRAINT  =        0.0000


   NSTEP       ENERGY          RMS            GMAX         NAME    NUMBER
     67      -3.3300E+01     1.3155E+00     4.9987E+00     H9         19

 BOND    =        0.8400  ANGLE   =        6.1320  DIHED      =        3.5488
 VDWAALS =       -2.5027  EEL     =       11.6731  EGB        =      -69.8779
 1-4 VDW =        3.5196  1-4 EEL =       13.3675  RESTRAINT  =        0.0000


   NSTEP       ENERGY          RMS            GMAX         NAME    NUMBER
     68      -3.3401E+01     1.0399E+00     4.0688E+00     H9         19

 BOND    =        0.8094  ANGLE   =        6.0531  DIHED      =        3.5875
 VDWAALS =       -2.5545  EEL     =       11.7867  EGB        =      -69.9982
 1-4 VDW =        3.5218  1-4 EEL =       13.3927  RESTRAINT  =        0.0000


   NSTEP       ENERGY          RMS            GMAX         NAME    NUMBER
     69      -3.3450E+01     1.6624E+00     9.4160E+00     C6          6

 BOND    =        0.8126  ANGLE   =        5.9798  DIHED      =        3.6454
 VDWAALS =       -2.6180  EEL     =       11.9372  EGB        =      -70.1617
 1-4 VDW =        3.5266  1-4 EEL =       13.4277  RESTRAINT  =        0.0000


   NSTEP       ENERGY          RMS            GMAX         NAME    NUMBER
     70      -3.3554E+01     2.5870E+00     7.2929E+00     C1          1

 BOND    =        0.8955  ANGLE   =        5.8767  DIHED      =        3.7420
 VDWAALS =       -2.7200  EEL     =       12.1793  EGB        =      -70.4593
 1-4 VDW =        3.4441  1-4 EEL =       13.4876  RESTRAINT  =        0.0000


   NSTEP       ENERGY          RMS            GMAX         NAME    NUMBER
     71      -3.3566E+01     1.9501E+00     5.2680E+00     C1          1

 BOND    =        0.8480  ANGLE   =        5.8943  DIHED      =        3.7173
 VDWAALS =       -2.6973  EEL     =       12.1210  EGB        =      -70.3860
 1-4 VDW =        3.4638  1-4 EEL =       13.4726  RESTRAINT  =        0.0000


   NSTEP       ENERGY          RMS            GMAX         NAME    NUMBER
     72      -3.3694E+01     1.5657E+00     4.4604E+00     C2          2

 BOND    =        0.9116  ANGLE   =        5.8331  DIHED      =        3.8129
 VDWAALS =       -2.8053  EEL     =       12.3707  EGB        =      -70.7293
 1-4 VDW =        3.4057  1-4 EEL =       13.5070  RESTRAINT  =        0.0000


   NSTEP       ENERGY          RMS            GMAX         NAME    NUMBER
     73      -3.3694E+01     1.6087E+00     4.8003E+00     C2          2

 BOND    =        0.9205  ANGLE   =        5.8313  DIHED      =        3.8190
 VDWAALS =       -2.8113  EEL     =       12.3859  EGB        =      -70.7509
 1-4 VDW =        3.4020  1-4 EEL =       13.5093  RESTRAINT  =        0.0000


   NSTEP       ENERGY          RMS            GMAX         NAME    NUMBER
     74      -3.3789E+01     1.3419E+00     5.9660E+00     N8          8

 BOND    =        0.8897  ANGLE   =        5.8073  DIHED      =        3.8454
 VDWAALS =       -2.8575  EEL     =       12.4834  EGB        =      -70.8771
 1-4 VDW =        3.4151  1-4 EEL =       13.5043  RESTRAINT  =        0.0000


   NSTEP       ENERGY          RMS            GMAX         NAME    NUMBER
     75      -3.3790E+01     1.4247E+00     6.5097E+00     N8          8

 BOND    =        0.8913  ANGLE   =        5.8079  DIHED      =        3.8472
 VDWAALS =       -2.8604  EEL     =       12.4896  EGB        =      -70.8852
 1-4 VDW =        3.4159  1-4 EEL =       13.5040  RESTRAINT  =        0.0000


   NSTEP       ENERGY          RMS            GMAX         NAME    NUMBER
     76      -3.3803E+01     1.1751E+00     4.9989E+00     N8          8

 BOND    =        0.8757  ANGLE   =        5.8098  DIHED      =        3.8461
 VDWAALS =       -2.8609  EEL     =       12.4916  EGB        =      -70.8824
 1-4 VDW =        3.4141  1-4 EEL =       13.5032  RESTRAINT  =        0.0000


   NSTEP       ENERGY          RMS            GMAX         NAME    NUMBER
     77      -3.3816E+01     9.3768E-01     3.3857E+00     N8          8

 BOND    =        0.8601  ANGLE   =        5.8121  DIHED      =        3.8446
 VDWAALS =       -2.8616  EEL     =       12.4945  EGB        =      -70.8794
 1-4 VDW =        3.4123  1-4 EEL =       13.5017  RESTRAINT  =        0.0000


   NSTEP       ENERGY          RMS            GMAX         NAME    NUMBER
     78      -3.3828E+01     7.6086E-01     2.2500E+00     H9         19

 BOND    =        0.8454  ANGLE   =        5.8142  DIHED      =        3.8423
 VDWAALS =       -2.8626  EEL     =       12.4990  EGB        =      -70.8767
 1-4 VDW =        3.4110  1-4 EEL =       13.4994  RESTRAINT  =        0.0000


   NSTEP       ENERGY          RMS            GMAX         NAME    NUMBER
     79      -3.3840E+01     6.6525E-01     2.1339E+00     H9         19

 BOND    =        0.8324  ANGLE   =        5.8148  DIHED      =        3.8391
 VDWAALS =       -2.8642  EEL     =       12.5056  EGB        =      -70.8747
 1-4 VDW =        3.4111  1-4 EEL =       13.4956  RESTRAINT  =        0.0000


   NSTEP       ENERGY          RMS            GMAX         NAME    NUMBER
     80      -3.1233E+01     7.5687E+00     2.5029E+01     N8          8

 BOND    =        1.9869  ANGLE   =        7.1843  DIHED      =        3.6496
 VDWAALS =       -3.0144  EEL     =       13.1014  EGB        =      -70.8115
 1-4 VDW =        3.5552  1-4 EEL =       13.1155  RESTRAINT  =        0.0000


   NSTEP       ENERGY          RMS            GMAX         NAME    NUMBER
     81      -3.3909E+01     8.7597E-01     2.6686E+00     N8          8

 BOND    =        0.7578  ANGLE   =        5.8262  DIHED      =        3.7990
 VDWAALS =       -2.8859  EEL     =       12.5872  EGB        =      -70.8659
 1-4 VDW =        3.4285  1-4 EEL =       13.4440  RESTRAINT  =        0.0000


   NSTEP       ENERGY          RMS            GMAX         NAME    NUMBER
     82      -3.3950E+01     1.9051E+00     7.1094E+00     C6          6

 BOND    =        0.7684  ANGLE   =        5.8370  DIHED      =        3.7409
 VDWAALS =       -2.9201  EEL     =       12.6481  EGB        =      -70.8689
 1-4 VDW =        3.4656  1-4 EEL =       13.3791  RESTRAINT  =        0.0000


   NSTEP       ENERGY          RMS            GMAX         NAME    NUMBER
     83      -3.3958E+01     1.3291E+00     4.6693E+00     C6          6

 BOND    =        0.7501  ANGLE   =        5.8302  DIHED      =        3.7570
 VDWAALS =       -2.9103  EEL     =       12.6304  EGB        =      -70.8681
 1-4 VDW =        3.4545  1-4 EEL =       13.3979  RESTRAINT  =        0.0000


   NSTEP       ENERGY          RMS            GMAX         NAME    NUMBER
     84      -3.4039E+01     1.0189E+00     3.8740E+00     C6          6

 BOND    =        0.7187  ANGLE   =        5.8614  DIHED      =        3.7109
 VDWAALS =       -2.9277  EEL     =       12.6584  EGB        =      -70.8641
 1-4 VDW =        3.4494  1-4 EEL =       13.3538  RESTRAINT  =        0.0000


   NSTEP       ENERGY          RMS            GMAX         NAME    NUMBER
     85      -3.4096E+01     1.5606E+00     4.5773E+00     C2          2

 BOND    =        0.7116  ANGLE   =        5.9421  DIHED      =        3.6391
 VDWAALS =       -2.9572  EEL     =       12.7095  EGB        =      -70.8573
 1-4 VDW =        3.4421  1-4 EEL =       13.2745  RESTRAINT  =        0.0000


   NSTEP       ENERGY          RMS            GMAX         NAME    NUMBER
     86      -3.4209E+01     1.7008E+00     5.0708E+00     C5          5

 BOND    =        0.7987  ANGLE   =        5.9852  DIHED      =        3.5541
 VDWAALS =       -3.0066  EEL     =       12.8374  EGB        =      -70.8903
 1-4 VDW =        3.3736  1-4 EEL =       13.1389  RESTRAINT  =        0.0000


   NSTEP       ENERGY          RMS            GMAX         NAME    NUMBER
     87      -3.4213E+01     1.4203E+00     4.1985E+00     C5          5

 BOND    =        0.7719  ANGLE   =        5.9736  DIHED      =        3.5650
 VDWAALS =       -2.9993  EEL     =       12.8175  EGB        =      -70.8852
 1-4 VDW =        3.3837  1-4 EEL =       13.1600  RESTRAINT  =        0.0000


   NSTEP       ENERGY          RMS            GMAX         NAME    NUMBER
     88      -3.4312E+01     1.1195E+00     3.9938E+00     C6          6

 BOND    =        0.7216  ANGLE   =        6.0321  DIHED      =        3.5373
 VDWAALS =       -3.0391  EEL     =       12.8606  EGB        =      -70.8932
 1-4 VDW =        3.3811  1-4 EEL =       13.0872  RESTRAINT  =        0.0000


   NSTEP       ENERGY          RMS            GMAX         NAME    NUMBER
     89      -3.4313E+01     1.1411E+00     4.1330E+00     C6          6

 BOND    =        0.7217  ANGLE   =        6.0339  DIHED      =        3.5369
 VDWAALS =       -3.0399  EEL     =       12.8615  EGB        =      -70.8934
 1-4 VDW =        3.3810  1-4 EEL =       13.0858  RESTRAINT  =        0.0000


   NSTEP       ENERGY          RMS            GMAX         NAME    NUMBER
     90      -3.4310E+01     1.9374E+00     6.9283E+00     C6          6

 BOND    =        0.7035  ANGLE   =        6.1620  DIHED      =        3.5268
 VDWAALS =       -3.0575  EEL     =       12.8650  EGB        =      -70.9378
 1-4 VDW =        3.3775  1-4 EEL =       13.0504  RESTRAINT  =        0.0000


   NSTEP       ENERGY          RMS            GMAX         NAME    NUMBER
     91      -3.4344E+01     7.5472E-01     2.5895E+00     C2          2

 BOND    =        0.6905  ANGLE   =        6.0868  DIHED      =        3.5316
 VDWAALS =       -3.0486  EEL     =       12.8631  EGB        =      -70.9152
 1-4 VDW =        3.3790  1-4 EEL =       13.0685  RESTRAINT  =        0.0000


   NSTEP       ENERGY          RMS            GMAX         NAME    NUMBER
     92      -3.4365E+01     5.0681E-01     1.5723E+00     C9          9

 BOND    =        0.6991  ANGLE   =        6.0701  DIHED      =        3.5308
 VDWAALS =       -3.0505  EEL     =       12.8688  EGB        =      -70.9212
 1-4 VDW =        3.3692  1-4 EEL =       13.0691  RESTRAINT  =        0.0000


   NSTEP       ENERGY          RMS            GMAX         NAME    NUMBER
     93      -3.4369E+01     6.7999E-01     2.5062E+00     C9          9

 BOND    =        0.7127  ANGLE   =        6.0611  DIHED      =        3.5303
 VDWAALS =       -3.0519  EEL     =       12.8732  EGB        =      -70.9259
 1-4 VDW =        3.3616  1-4 EEL =       13.0695  RESTRAINT  =        0.0000


   NSTEP       ENERGY          RMS            GMAX         NAME    NUMBER
     94      -3.4390E+01     7.7960E-01     2.9986E+00     N10        10

 BOND    =        0.6928  ANGLE   =        6.0180  DIHED      =        3.5296
 VDWAALS =       -3.0526  EEL     =       12.8772  EGB        =      -70.8938
 1-4 VDW =        3.3433  1-4 EEL =       13.0954  RESTRAINT  =        0.0000


   NSTEP       ENERGY          RMS            GMAX         NAME    NUMBER
     95      -3.4390E+01     7.9766E-01     3.0882E+00     N10        10

 BOND    =        0.6926  ANGLE   =        6.0171  DIHED      =        3.5296
 VDWAALS =       -3.0526  EEL     =       12.8773  EGB        =      -70.8930
 1-4 VDW =        3.3429  1-4 EEL =       13.0960  RESTRAINT  =        0.0000


   NSTEP       ENERGY          RMS            GMAX         NAME    NUMBER
     96      -3.4421E+01     6.5224E-01     2.0013E+00     N10        10

 BOND    =        0.6639  ANGLE   =        5.9698  DIHED      =        3.5275
 VDWAALS =       -3.0448  EEL     =       12.8776  EGB        =      -70.8902
 1-4 VDW =        3.3461  1-4 EEL =       13.1295  RESTRAINT  =        0.0000


   NSTEP       ENERGY          RMS            GMAX         NAME    NUMBER
     97      -3.4428E+01     9.8653E-01     4.1136E+00     N10        10

 BOND    =        0.6512  ANGLE   =        5.9361  DIHED      =        3.5267
 VDWAALS =       -3.0381  EEL     =       12.8779  EGB        =      -70.8880
 1-4 VDW =        3.3490  1-4 EEL =       13.1568  RESTRAINT  =        0.0000


   NSTEP       ENERGY          RMS            GMAX         NAME    NUMBER
     98      -3.4468E+01     7.7934E-01     3.4499E+00     N12        12

 BOND    =        0.5926  ANGLE   =        5.8506  DIHED      =        3.5206
 VDWAALS =       -3.0186  EEL     =       12.8795  EGB        =      -70.8762
 1-4 VDW =        3.3680  1-4 EEL =       13.2158  RESTRAINT  =        0.0000


   NSTEP       ENERGY          RMS            GMAX         NAME    NUMBER
     99      -3.4468E+01     7.9501E-01     3.5270E+00     N12        12

 BOND    =        0.5918  ANGLE   =        5.8490  DIHED      =        3.5205
 VDWAALS =       -3.0182  EEL     =       12.8795  EGB        =      -70.8760
 1-4 VDW =        3.3684  1-4 EEL =       13.2170  RESTRAINT  =        0.0000


   NSTEP       ENERGY          RMS            GMAX         NAME    NUMBER
    100      -3.4489E+01     8.4080E-01     3.5337E+00     N11        11

 BOND    =        0.6036  ANGLE   =        5.7396  DIHED      =        3.5080
 VDWAALS =       -2.9927  EEL     =       12.8575  EGB        =      -70.8377
 1-4 VDW =        3.3750  1-4 EEL =       13.2580  RESTRAINT  =        0.0000


  Maximum number of minimization cycles reached.


                    FINAL RESULTS



   NSTEP       ENERGY          RMS            GMAX         NAME    NUMBER
    100      -3.4489E+01     8.4080E-01     3.5337E+00     N11        11

 BOND    =        0.6036  ANGLE   =        5.7396  DIHED      =        3.5080
 VDWAALS =       -2.9927  EEL     =       12.8575  EGB        =      -70.8377
 1-4 VDW =        3.3750  1-4 EEL =       13.2580  RESTRAINT  =        0.0000

--------------------------------------------------------------------------------
   5.  TIMINGS
--------------------------------------------------------------------------------

|    Read coords time           0.00 ( 0.45% of Total)
|    Fast Water setup           0.00 ( 0.01% of Total)
|                Calc gb radii              0.00 (30.94% of Gen B)
|                Calc gb diag               0.00 (43.37% of Gen B)
|                Calc gb off-diag           0.00 (25.38% of Gen B)
|                Other                      0.00 ( 0.31% of Gen B)
|             Gen Born time              0.01 (100.0% of Nonbo)
|             IPS excludes               0.00 ( 0.03% of Nonbo)
|          Nonbond force              0.01 (80.32% of Force)
|          Bond/Angle/Dihedral        0.00 (18.66% of Force)
|          Other                      0.00 ( 1.02% of Force)
|       Force time                 0.01 (100.0% of Runmd)
|    Runmd Time                 0.01 (34.88% of Total)
|    Other                      0.03 (64.66% of Total)
| Total time                 0.04 (99.47% of ALL  )

| Number of list builds   :          0

| Highest rstack allocated:          0
| Highest istack allocated:          0
|           Job began  at 00:00:53.306  on 02/05/2016
|           Setup done at 00:00:53.311  on 02/05/2016
|           Run   done at 00:00:53.345  on 02/05/2016
|     wallclock() was called    1828 times
