
          -------------------------------------------------------
          Amber 14 SANDER                              2014
          -------------------------------------------------------

| Run on 05/22/2015 at 14:15:54

|   Executable path: sander
| Working directory: /net/chevy/raid1/nigel/amber/library/amber_library/4
|          Hostname: chevy.lbl.gov

  [-O]verwriting output

File Assignments:
|  MDIN: sander.in                                                             
| MDOUT: 445.min.out                                                           
|INPCRD: 445.rst7                                                              
|  PARM: 445.prmtop                                                            
|RESTRT: 445.min.rst7                                                          
|  REFC: refc                                                                  
| MDVEL: mdvel                                                                 
| MDFRC: mdfrc                                                                 
|  MDEN: mden                                                                  
| MDCRD: mdcrd                                                                 
|MDINFO: mdinfo                                                                
|  MTMD: mtmd                                                                  
|INPDIP: inpdip                                                                
|RSTDIP: rstdip                                                                
|INPTRA: inptraj                                                               


 Here is the input file:

  short minimization                                                           
 &cntrl                                                                        
   imin=1, maxcyc=100, ncyc=50, ntpr=1, cut=99., ntb=0,                        
 /                                                                             

--------------------------------------------------------------------------------
   1.  RESOURCE   USE: 
--------------------------------------------------------------------------------

| Flags:                                                                        
|    NONPERIODIC   ntb=0 and igb=0: Setting up nonperiodic simulation
|  *** cutoff > system size, list only builds once
|Largest sphere to fit in unit cell has radius =    32.651
| New format PARM file being parsed.
| Version =    1.000 Date = 05/22/15 Time = 14:15:54
 NATOM  =      42 NTYPES =      11 NBONH =      19 MBONA  =      24
 NTHETH =      41 MTHETA =      33 NPHIH =     100 MPHIA  =      61
 NHPARM =       0 NPARM  =       0 NNB   =     232 NRES   =       1
 NBONA  =      24 NTHETA =      33 NPHIA =      61 NUMBND =      16
 NUMANG =      29 NPTRA  =      22 NATYP =      13 NPHB   =       0
 IFBOX  =       0 NMXRS  =      42 IFCAP =       0 NEXTRA =       0
 NCOPY  =       0


|     Memory Use     Allocated
|     Real                7690
|     Hollerith            129
|     Integer            29010
|     Max Pairs            861
|     nblistReal           504
|     nblist Int       1057050
|       Total             4310 kbytes

| Note: 1-4 EEL scale factors are being read from the topology file.

| Note: 1-4 VDW scale factors are being read from the topology file.
| Duplicated    0 dihedrals
| Duplicated    0 dihedrals

--------------------------------------------------------------------------------
   2.  CONTROL  DATA  FOR  THE  RUN
--------------------------------------------------------------------------------

445                                                                             

General flags:
     imin    =       1, nmropt  =       0

Nature and format of input:
     ntx     =       1, irest   =       0, ntrx    =       1

Nature and format of output:
     ntxo    =       1, ntpr    =       1, ntrx    =       1, ntwr    =     500
     iwrap   =       0, ntwx    =       0, ntwv    =       0, ntwe    =       0
     ioutfm  =       0, ntwprt  =       0, idecomp =       0, rbornstat=      0

Potential function:
     ntf     =       1, ntb     =       0, igb     =       0, nsnb    =      25
     ipol    =       0, gbsa    =       0, iesp    =       0
     dielc   =   1.00000, cut     =  99.00000, intdiel =   1.00000

Frozen or restrained atoms:
     ibelly  =       0, ntr     =       0

Energy minimization:
     maxcyc  =     100, ncyc    =      50, ntmin   =       1
     dx0     =   0.01000, drms    =   0.00010
|  INFO: Old style inpcrd file read


--------------------------------------------------------------------------------
   3.  ATOMIC COORDINATES AND VELOCITIES
--------------------------------------------------------------------------------

445                                                                             
 begin time read from input coords =     0.000 ps

 Number of triangulated 3-point waters found:        0

     Sum of charges from parm topology file =   0.99900001

--------------------------------------------------------------------------------
   4.  RESULTS
--------------------------------------------------------------------------------

 ---------------------------------------------------

     eedmeth=4: Setting switch to one everywhere

 ---------------------------------------------------
| Local SIZE OF NONBOND LIST =        636
| TOTAL SIZE OF NONBOND LIST =        636


   NSTEP       ENERGY          RMS            GMAX         NAME    NUMBER
      1       5.8864E+01     1.0761E+01     3.0449E+01     C1         13

 BOND    =        5.3388  ANGLE   =        6.0755  DIHED      =       24.0181
 VDWAALS =       -1.4304  EEL     =     -191.5931  HBOND      =        0.0000
 1-4 VDW =       10.0850  1-4 EEL =      206.3697  RESTRAINT  =        0.0000


   NSTEP       ENERGY          RMS            GMAX         NAME    NUMBER
      2       5.8282E+01     9.9669E+00     2.7991E+01     C1         13

 BOND    =        4.8629  ANGLE   =        6.0337  DIHED      =       24.0040
 VDWAALS =       -1.4514  EEL     =     -191.6068  HBOND      =        0.0000
 1-4 VDW =       10.0819  1-4 EEL =      206.3579  RESTRAINT  =        0.0000


   NSTEP       ENERGY          RMS            GMAX         NAME    NUMBER
      3       5.7642E+01     9.0594E+00     2.5433E+01     N1         12

 BOND    =        4.3448  ANGLE   =        5.9900  DIHED      =       23.9875
 VDWAALS =       -1.4779  EEL     =     -191.6239  HBOND      =        0.0000
 1-4 VDW =       10.0786  1-4 EEL =      206.3427  RESTRAINT  =        0.0000


   NSTEP       ENERGY          RMS            GMAX         NAME    NUMBER
      4       5.6952E+01     8.0434E+00     2.2657E+01     N1         12

 BOND    =        3.7966  ANGLE   =        5.9452  DIHED      =       23.9683
 VDWAALS =       -1.5118  EEL     =     -191.6453  HBOND      =        0.0000
 1-4 VDW =       10.0756  1-4 EEL =      206.3230  RESTRAINT  =        0.0000


   NSTEP       ENERGY          RMS            GMAX         NAME    NUMBER
      5       5.6227E+01     6.9436E+00     1.9332E+01     N1         12

 BOND    =        3.2392  ANGLE   =        5.8984  DIHED      =       23.9463
 VDWAALS =       -1.5556  EEL     =     -191.6720  HBOND      =        0.0000
 1-4 VDW =       10.0733  1-4 EEL =      206.2971  RESTRAINT  =        0.0000


   NSTEP       ENERGY          RMS            GMAX         NAME    NUMBER
      6       5.5488E+01     5.8174E+00     1.5426E+01     N1         12

 BOND    =        2.7036  ANGLE   =        5.8446  DIHED      =       23.9220
 VDWAALS =       -1.6134  EEL     =     -191.7051  HBOND      =        0.0000
 1-4 VDW =       10.0732  1-4 EEL =      206.2628  RESTRAINT  =        0.0000


   NSTEP       ENERGY          RMS            GMAX         NAME    NUMBER
      7       5.4755E+01     4.7638E+00     1.1248E+01     H10        24

 BOND    =        2.2290  ANGLE   =        5.7698  DIHED      =       23.8967
 VDWAALS =       -1.6904  EEL     =     -191.7446  HBOND      =        0.0000
 1-4 VDW =       10.0772  1-4 EEL =      206.2173  RESTRAINT  =        0.0000


   NSTEP       ENERGY          RMS            GMAX         NAME    NUMBER
      8       5.4039E+01     3.8854E+00     1.0019E+01     H10        24

 BOND    =        1.8518  ANGLE   =        5.6460  DIHED      =       23.8736
 VDWAALS =       -1.7929  EEL     =     -191.7873  HBOND      =        0.0000
 1-4 VDW =       10.0891  1-4 EEL =      206.1586  RESTRAINT  =        0.0000


   NSTEP       ENERGY          RMS            GMAX         NAME    NUMBER
      9       5.3336E+01     3.1820E+00     8.6731E+00     H10        24

 BOND    =        1.5827  ANGLE   =        5.4438  DIHED      =       23.8581
 VDWAALS =       -1.9250  EEL     =     -191.8223  HBOND      =        0.0000
 1-4 VDW =       10.1114  1-4 EEL =      206.0871  RESTRAINT  =        0.0000


   NSTEP       ENERGY          RMS            GMAX         NAME    NUMBER
     10       5.2649E+01     2.5510E+00     7.2023E+00     H10        24

 BOND    =        1.3932  ANGLE   =        5.1764  DIHED      =       23.8538
 VDWAALS =       -2.0856  EEL     =     -191.8322  HBOND      =        0.0000
 1-4 VDW =       10.1394  1-4 EEL =      206.0040  RESTRAINT  =        0.0000


   NSTEP       ENERGY          RMS            GMAX         NAME    NUMBER
     11       5.2003E+01     1.9552E+00     5.5781E+00     H10        24

 BOND    =        1.2443  ANGLE   =        4.9214  DIHED      =       23.8590
 VDWAALS =       -2.2710  EEL     =     -191.8032  HBOND      =        0.0000
 1-4 VDW =       10.1516  1-4 EEL =      205.9009  RESTRAINT  =        0.0000


   NSTEP       ENERGY          RMS            GMAX         NAME    NUMBER
     12       5.1425E+01     1.4293E+00     3.9213E+00     H10        24

 BOND    =        1.1336  ANGLE   =        4.7559  DIHED      =       23.8709
 VDWAALS =       -2.4734  EEL     =     -191.7344  HBOND      =        0.0000
 1-4 VDW =       10.1178  1-4 EEL =      205.7546  RESTRAINT  =        0.0000


   NSTEP       ENERGY          RMS            GMAX         NAME    NUMBER
     13       5.0932E+01     1.1095E+00     2.5591E+00     O2         23

 BOND    =        1.1006  ANGLE   =        4.6918  DIHED      =       23.8951
 VDWAALS =       -2.6740  EEL     =     -191.6284  HBOND      =        0.0000
 1-4 VDW =       10.0137  1-4 EEL =      205.5329  RESTRAINT  =        0.0000


   NSTEP       ENERGY          RMS            GMAX         NAME    NUMBER
     14       5.0882E+01     4.3047E+00     2.2733E+01     C9          6

 BOND    =        1.4411  ANGLE   =        4.7541  DIHED      =       23.9128
 VDWAALS =       -2.8205  EEL     =     -191.5044  HBOND      =        0.0000
 1-4 VDW =        9.7741  1-4 EEL =      205.3249  RESTRAINT  =        0.0000


   NSTEP       ENERGY          RMS            GMAX         NAME    NUMBER
     15       5.2675E+01     1.0688E+01     5.8003E+01     C9          6

 BOND    =        3.0316  ANGLE   =        4.9292  DIHED      =       23.9412
 VDWAALS =       -2.8566  EEL     =     -191.4631  HBOND      =        0.0000
 1-4 VDW =        9.8716  1-4 EEL =      205.2211  RESTRAINT  =        0.0000


   NSTEP       ENERGY          RMS            GMAX         NAME    NUMBER
     16       5.0612E+01     3.1284E+00     1.6775E+01     C9          6

 BOND    =        1.3138  ANGLE   =        4.6415  DIHED      =       23.9408
 VDWAALS =       -2.8583  EEL     =     -191.4730  HBOND      =        0.0000
 1-4 VDW =        9.8008  1-4 EEL =      205.2462  RESTRAINT  =        0.0000


   NSTEP       ENERGY          RMS            GMAX         NAME    NUMBER
     17       5.1024E+01     5.8152E+00     3.1203E+01     C9          6

 BOND    =        1.6806  ANGLE   =        4.7987  DIHED      =       23.9345
 VDWAALS =       -2.8695  EEL     =     -191.4572  HBOND      =        0.0000
 1-4 VDW =        9.6942  1-4 EEL =      205.2425  RESTRAINT  =        0.0000


   NSTEP       ENERGY          RMS            GMAX         NAME    NUMBER
     18       5.0383E+01     1.4197E+00     6.6439E+00     C9          6

 BOND    =        1.1889  ANGLE   =        4.6504  DIHED      =       23.9355
 VDWAALS =       -2.8770  EEL     =     -191.4415  HBOND      =        0.0000
 1-4 VDW =        9.7141  1-4 EEL =      205.2130  RESTRAINT  =        0.0000


   NSTEP       ENERGY          RMS            GMAX         NAME    NUMBER
     19       5.0524E+01     3.5383E+00     1.9306E+01     C9          6

 BOND    =        1.3914  ANGLE   =        4.6251  DIHED      =       23.9493
 VDWAALS =       -2.9054  EEL     =     -191.4044  HBOND      =        0.0000
 1-4 VDW =        9.7166  1-4 EEL =      205.1508  RESTRAINT  =        0.0000


   NSTEP       ENERGY          RMS            GMAX         NAME    NUMBER
     20       5.0284E+01     1.0346E+00     4.5792E+00     C9          6

 BOND    =        1.1861  ANGLE   =        4.6150  DIHED      =       23.9497
 VDWAALS =       -2.9072  EEL     =     -191.4014  HBOND      =        0.0000
 1-4 VDW =        9.6892  1-4 EEL =      205.1523  RESTRAINT  =        0.0000


   NSTEP       ENERGY          RMS            GMAX         NAME    NUMBER
     21       5.0277E+01     1.8040E+00     9.1856E+00     C9          6

 BOND    =        1.2234  ANGLE   =        4.6428  DIHED      =       23.9493
 VDWAALS =       -2.9208  EEL     =     -191.3733  HBOND      =        0.0000
 1-4 VDW =        9.6349  1-4 EEL =      205.1212  RESTRAINT  =        0.0000


   NSTEP       ENERGY          RMS            GMAX         NAME    NUMBER
     22       5.0265E+01     2.0724E+00     1.0998E+01     C9          6

 BOND    =        1.2699  ANGLE   =        4.6040  DIHED      =       23.9537
 VDWAALS =       -2.9364  EEL     =     -191.3498  HBOND      =        0.0000
 1-4 VDW =        9.6415  1-4 EEL =      205.0823  RESTRAINT  =        0.0000


   NSTEP       ENERGY          RMS            GMAX         NAME    NUMBER
     23       5.0284E+01     2.6252E+00     1.3699E+01     C9          6

 BOND    =        1.2737  ANGLE   =        4.6575  DIHED      =       23.9598
 VDWAALS =       -2.9436  EEL     =     -191.3365  HBOND      =        0.0000
 1-4 VDW =        9.5961  1-4 EEL =      205.0769  RESTRAINT  =        0.0000


   NSTEP       ENERGY          RMS            GMAX         NAME    NUMBER
     24       5.0145E+01     6.3079E-01     1.5641E+00     C10         1

 BOND    =        1.1932  ANGLE   =        4.6106  DIHED      =       23.9583
 VDWAALS =       -2.9493  EEL     =     -191.3233  HBOND      =        0.0000
 1-4 VDW =        9.5997  1-4 EEL =      205.0555  RESTRAINT  =        0.0000


   NSTEP       ENERGY          RMS            GMAX         NAME    NUMBER
     25       5.0100E+01     1.0194E+00     4.7390E+00     C9          6

 BOND    =        1.2255  ANGLE   =        4.5958  DIHED      =       23.9633
 VDWAALS =       -2.9725  EEL     =     -191.2821  HBOND      =        0.0000
 1-4 VDW =        9.5687  1-4 EEL =      205.0014  RESTRAINT  =        0.0000


   NSTEP       ENERGY          RMS            GMAX         NAME    NUMBER
     26       5.0123E+01     2.0362E+00     1.0467E+01     C9          6

 BOND    =        1.2531  ANGLE   =        4.6290  DIHED      =       23.9689
 VDWAALS =       -2.9819  EEL     =     -191.2520  HBOND      =        0.0000
 1-4 VDW =        9.5285  1-4 EEL =      204.9775  RESTRAINT  =        0.0000


   NSTEP       ENERGY          RMS            GMAX         NAME    NUMBER
     27       5.0039E+01     6.3198E-01     1.7731E+00     C10         1

 BOND    =        1.2100  ANGLE   =        4.6012  DIHED      =       23.9679
 VDWAALS =       -2.9880  EEL     =     -191.2431  HBOND      =        0.0000
 1-4 VDW =        9.5297  1-4 EEL =      204.9614  RESTRAINT  =        0.0000


   NSTEP       ENERGY          RMS            GMAX         NAME    NUMBER
     28       5.0013E+01     9.0525E-01     4.0288E+00     C9          6

 BOND    =        1.2357  ANGLE   =        4.5885  DIHED      =       23.9702
 VDWAALS =       -3.0036  EEL     =     -191.2138  HBOND      =        0.0000
 1-4 VDW =        9.5120  1-4 EEL =      204.9236  RESTRAINT  =        0.0000


   NSTEP       ENERGY          RMS            GMAX         NAME    NUMBER
     29       5.0004E+01     1.3327E+00     6.4186E+00     C9          6

 BOND    =        1.2315  ANGLE   =        4.6080  DIHED      =       23.9743
 VDWAALS =       -3.0100  EEL     =     -191.1885  HBOND      =        0.0000
 1-4 VDW =        9.4841  1-4 EEL =      204.9048  RESTRAINT  =        0.0000


   NSTEP       ENERGY          RMS            GMAX         NAME    NUMBER
     30       4.9994E+01     1.5321E+00     7.8292E+00     C9          6

 BOND    =        1.2821  ANGLE   =        4.5788  DIHED      =       23.9727
 VDWAALS =       -3.0234  EEL     =     -191.1672  HBOND      =        0.0000
 1-4 VDW =        9.4806  1-4 EEL =      204.8705  RESTRAINT  =        0.0000


   NSTEP       ENERGY          RMS            GMAX         NAME    NUMBER
     31       4.9999E+01     1.9210E+00     9.8765E+00     C9          6

 BOND    =        1.2599  ANGLE   =        4.6186  DIHED      =       23.9788
 VDWAALS =       -3.0264  EEL     =     -191.1484  HBOND      =        0.0000
 1-4 VDW =        9.4528  1-4 EEL =      204.8636  RESTRAINT  =        0.0000


   NSTEP       ENERGY          RMS            GMAX         NAME    NUMBER
     32       4.9922E+01     5.0936E-01     1.3862E+00     C10         1

 BOND    =        1.2273  ANGLE   =        4.5880  DIHED      =       23.9769
 VDWAALS =       -3.0320  EEL     =     -191.1380  HBOND      =        0.0000
 1-4 VDW =        9.4534  1-4 EEL =      204.8467  RESTRAINT  =        0.0000


   NSTEP       ENERGY          RMS            GMAX         NAME    NUMBER
     33       4.9890E+01     7.0173E-01     2.6349E+00     C9          6

 BOND    =        1.2474  ANGLE   =        4.5793  DIHED      =       23.9786
 VDWAALS =       -3.0484  EEL     =     -191.1004  HBOND      =        0.0000
 1-4 VDW =        9.4301  1-4 EEL =      204.8037  RESTRAINT  =        0.0000


   NSTEP       ENERGY          RMS            GMAX         NAME    NUMBER
     34       4.9890E+01     1.4034E+00     6.4223E+00     C9          6

 BOND    =        1.2517  ANGLE   =        4.5952  DIHED      =       23.9830
 VDWAALS =       -3.0556  EEL     =     -191.0656  HBOND      =        0.0000
 1-4 VDW =        9.4029  1-4 EEL =      204.7786  RESTRAINT  =        0.0000


   NSTEP       ENERGY          RMS            GMAX         NAME    NUMBER
     35       4.9882E+01     1.5513E+00     7.4919E+00     C9          6

 BOND    =        1.3049  ANGLE   =        4.5681  DIHED      =       23.9800
 VDWAALS =       -3.0694  EEL     =     -191.0473  HBOND      =        0.0000
 1-4 VDW =        9.3996  1-4 EEL =      204.7458  RESTRAINT  =        0.0000


   NSTEP       ENERGY          RMS            GMAX         NAME    NUMBER
     36       4.9895E+01     1.9913E+00     9.8001E+00     C9          6

 BOND    =        1.2812  ANGLE   =        4.6048  DIHED      =       23.9861
 VDWAALS =       -3.0689  EEL     =     -191.0250  HBOND      =        0.0000
 1-4 VDW =        9.3765  1-4 EEL =      204.7403  RESTRAINT  =        0.0000


   NSTEP       ENERGY          RMS            GMAX         NAME    NUMBER
     37       4.9813E+01     4.7843E-01     1.4472E+00     C10         1

 BOND    =        1.2432  ANGLE   =        4.5765  DIHED      =       23.9838
 VDWAALS =       -3.0754  EEL     =     -191.0165  HBOND      =        0.0000
 1-4 VDW =        9.3767  1-4 EEL =      204.7244  RESTRAINT  =        0.0000


   NSTEP       ENERGY          RMS            GMAX         NAME    NUMBER
     38       4.9788E+01     8.0773E-01     3.1147E+00     C9          6

 BOND    =        1.2689  ANGLE   =        4.5676  DIHED      =       23.9842
 VDWAALS =       -3.0916  EEL     =     -190.9763  HBOND      =        0.0000
 1-4 VDW =        9.3553  1-4 EEL =      204.6798  RESTRAINT  =        0.0000


   NSTEP       ENERGY          RMS            GMAX         NAME    NUMBER
     39       4.9801E+01     1.5422E+00     6.6062E+00     C9          6

 BOND    =        1.2718  ANGLE   =        4.5832  DIHED      =       23.9883
 VDWAALS =       -3.0946  EEL     =     -190.9439  HBOND      =        0.0000
 1-4 VDW =        9.3336  1-4 EEL =      204.6623  RESTRAINT  =        0.0000


   NSTEP       ENERGY          RMS            GMAX         NAME    NUMBER
     40       4.9751E+01     4.8484E-01     1.6013E+00     C10         1

 BOND    =        1.2514  ANGLE   =        4.5693  DIHED      =       23.9867
 VDWAALS =       -3.1004  EEL     =     -190.9377  HBOND      =        0.0000
 1-4 VDW =        9.3325  1-4 EEL =      204.6493  RESTRAINT  =        0.0000


   NSTEP       ENERGY          RMS            GMAX         NAME    NUMBER
     41       4.9735E+01     6.8459E-01     2.4107E+00     C9          6

 BOND    =        1.2703  ANGLE   =        4.5622  DIHED      =       23.9864
 VDWAALS =       -3.1116  EEL     =     -190.9101  HBOND      =        0.0000
 1-4 VDW =        9.3194  1-4 EEL =      204.6181  RESTRAINT  =        0.0000


   NSTEP       ENERGY          RMS            GMAX         NAME    NUMBER
     42       4.9728E+01     1.0094E+00     3.9467E+00     C9          6

 BOND    =        1.2610  ANGLE   =        4.5700  DIHED      =       23.9890
 VDWAALS =       -3.1145  EEL     =     -190.8831  HBOND      =        0.0000
 1-4 VDW =        9.3031  1-4 EEL =      204.6028  RESTRAINT  =        0.0000


   NSTEP       ENERGY          RMS            GMAX         NAME    NUMBER
     43       4.9721E+01     1.1638E+00     4.8655E+00     C9          6

 BOND    =        1.2996  ANGLE   =        4.5548  DIHED      =       23.9865
 VDWAALS =       -3.1260  EEL     =     -190.8662  HBOND      =        0.0000
 1-4 VDW =        9.2980  1-4 EEL =      204.5747  RESTRAINT  =        0.0000


   NSTEP       ENERGY          RMS            GMAX         NAME    NUMBER
     44       4.9722E+01     1.4472E+00     6.2132E+00     C9          6

 BOND    =        1.2763  ANGLE   =        4.5727  DIHED      =       23.9906
 VDWAALS =       -3.1250  EEL     =     -190.8425  HBOND      =        0.0000
 1-4 VDW =        9.2823  1-4 EEL =      204.5680  RESTRAINT  =        0.0000


   NSTEP       ENERGY          RMS            GMAX         NAME    NUMBER
     45       4.9678E+01     4.0264E-01     1.1937E+00     H121       42

 BOND    =        1.2614  ANGLE   =        4.5580  DIHED      =       23.9888
 VDWAALS =       -3.1307  EEL     =     -190.8356  HBOND      =        0.0000
 1-4 VDW =        9.2811  1-4 EEL =      204.5546  RESTRAINT  =        0.0000


   NSTEP       ENERGY          RMS            GMAX         NAME    NUMBER
     46       4.9656E+01     5.1748E-01     1.7097E+00     C11         2

 BOND    =        1.2726  ANGLE   =        4.5528  DIHED      =       23.9886
 VDWAALS =       -3.1420  EEL     =     -190.8013  HBOND      =        0.0000
 1-4 VDW =        9.2654  1-4 EEL =      204.5203  RESTRAINT  =        0.0000


   NSTEP       ENERGY          RMS            GMAX         NAME    NUMBER
     47       4.9651E+01     1.0170E+00     4.4708E+00     C12         3

 BOND    =        1.2716  ANGLE   =        4.5556  DIHED      =       23.9908
 VDWAALS =       -3.1467  EEL     =     -190.7657  HBOND      =        0.0000
 1-4 VDW =        9.2476  1-4 EEL =      204.4982  RESTRAINT  =        0.0000


   NSTEP       ENERGY          RMS            GMAX         NAME    NUMBER
     48       4.9649E+01     1.2269E+00     4.4716E+00     C9          6

 BOND    =        1.3112  ANGLE   =        4.5457  DIHED      =       23.9880
 VDWAALS =       -3.1584  EEL     =     -190.7503  HBOND      =        0.0000
 1-4 VDW =        9.2428  1-4 EEL =      204.4698  RESTRAINT  =        0.0000


   NSTEP       ENERGY          RMS            GMAX         NAME    NUMBER
     49       4.9651E+01     1.4796E+00     6.2871E+00     C12         3

 BOND    =        1.2886  ANGLE   =        4.5560  DIHED      =       23.9918
 VDWAALS =       -3.1555  EEL     =     -190.7256  HBOND      =        0.0000
 1-4 VDW =        9.2295  1-4 EEL =      204.4660  RESTRAINT  =        0.0000


   NSTEP       ENERGY          RMS            GMAX         NAME    NUMBER
     50       4.9604E+01     3.7450E-01     1.1414E+00     H121       42

 BOND    =        1.2695  ANGLE   =        4.5455  DIHED      =       23.9899
 VDWAALS =       -3.1616  EEL     =     -190.7200  HBOND      =        0.0000
 1-4 VDW =        9.2282  1-4 EEL =      204.4525  RESTRAINT  =        0.0000


   NSTEP       ENERGY          RMS            GMAX         NAME    NUMBER
     51       4.9584E+01     5.1355E-01     1.8128E+00     C11         2

 BOND    =        1.2805  ANGLE   =        4.5404  DIHED      =       23.9895
 VDWAALS =       -3.1728  EEL     =     -190.6831  HBOND      =        0.0000
 1-4 VDW =        9.2130  1-4 EEL =      204.4167  RESTRAINT  =        0.0000


   NSTEP       ENERGY          RMS            GMAX         NAME    NUMBER
     52       7.3496E+01     3.4397E+01     1.5824E+02     C12         3

 BOND    =       23.0492  ANGLE   =        6.6549  DIHED      =       24.0528
 VDWAALS =       -3.2442  EEL     =     -189.7824  HBOND      =        0.0000
 1-4 VDW =        8.8442  1-4 EEL =      203.9213  RESTRAINT  =        0.0000


   NSTEP       ENERGY          RMS            GMAX         NAME    NUMBER
     53       4.9574E+01     4.7251E-01     1.8860E+00     C12         3

 BOND    =        1.2716  ANGLE   =        4.5400  DIHED      =       23.9904
 VDWAALS =       -3.1745  EEL     =     -190.6654  HBOND      =        0.0000
 1-4 VDW =        9.2048  1-4 EEL =      204.4070  RESTRAINT  =        0.0000


   NSTEP       ENERGY          RMS            GMAX         NAME    NUMBER
     54       4.9557E+01     4.6433E-01     1.8771E+00     C12         3

 BOND    =        1.2732  ANGLE   =        4.5366  DIHED      =       23.9904
 VDWAALS =       -3.1818  EEL     =     -190.6354  HBOND      =        0.0000
 1-4 VDW =        9.1923  1-4 EEL =      204.3815  RESTRAINT  =        0.0000


   NSTEP       ENERGY          RMS            GMAX         NAME    NUMBER
     55       4.9414E+01     4.0199E-01     1.7956E+00     C12         3

 BOND    =        1.2923  ANGLE   =        4.5114  DIHED      =       23.9917
 VDWAALS =       -3.2472  EEL     =     -190.3590  HBOND      =        0.0000
 1-4 VDW =        9.0790  1-4 EEL =      204.1463  RESTRAINT  =        0.0000


   NSTEP       ENERGY          RMS            GMAX         NAME    NUMBER
     56       4.9086E+01     6.2123E-01     2.3719E+00     N2          7

 BOND    =        1.5245  ANGLE   =        4.5329  DIHED      =       24.0265
 VDWAALS =       -3.5418  EEL     =     -188.8902  HBOND      =        0.0000
 1-4 VDW =        8.5350  1-4 EEL =      202.8989  RESTRAINT  =        0.0000


   NSTEP       ENERGY          RMS            GMAX         NAME    NUMBER
     57       6.8907E+01     2.9175E+01     1.3226E+02     N2          7

 BOND    =       17.2163  ANGLE   =        7.7351  DIHED      =       24.0952
 VDWAALS =       -3.8607  EEL     =     -186.5065  HBOND      =        0.0000
 1-4 VDW =        8.6711  1-4 EEL =      201.5562  RESTRAINT  =        0.0000


   NSTEP       ENERGY          RMS            GMAX         NAME    NUMBER
     58       4.9074E+01     3.3511E-01     9.4824E-01     O7         11

 BOND    =        1.5141  ANGLE   =        4.5146  DIHED      =       24.0272
 VDWAALS =       -3.5509  EEL     =     -188.8356  HBOND      =        0.0000
 1-4 VDW =        8.5364  1-4 EEL =      202.8686  RESTRAINT  =        0.0000


   NSTEP       ENERGY          RMS            GMAX         NAME    NUMBER
     59       4.9068E+01     3.0907E-01     9.4364E-01     O7         11

 BOND    =        1.4961  ANGLE   =        4.5112  DIHED      =       24.0252
 VDWAALS =       -3.5538  EEL     =     -188.8126  HBOND      =        0.0000
 1-4 VDW =        8.5377  1-4 EEL =      202.8641  RESTRAINT  =        0.0000


   NSTEP       ENERGY          RMS            GMAX         NAME    NUMBER
     60       4.9047E+01     7.7922E-01     3.3884E+00     C9          6

 BOND    =        1.3870  ANGLE   =        4.4942  DIHED      =       24.0121
 VDWAALS =       -3.5737  EEL     =     -188.6523  HBOND      =        0.0000
 1-4 VDW =        8.5471  1-4 EEL =      202.8324  RESTRAINT  =        0.0000


   NSTEP       ENERGY          RMS            GMAX         NAME    NUMBER
     61       4.9012E+01     5.8865E-01     2.1461E+00     HO3        39

 BOND    =        1.3260  ANGLE   =        4.4580  DIHED      =       23.9921
 VDWAALS =       -3.5950  EEL     =     -188.5221  HBOND      =        0.0000
 1-4 VDW =        8.5686  1-4 EEL =      202.7841  RESTRAINT  =        0.0000


   NSTEP       ENERGY          RMS            GMAX         NAME    NUMBER
     62       4.9009E+01     7.5744E-01     2.5585E+00     C9          6

 BOND    =        1.3102  ANGLE   =        4.4470  DIHED      =       23.9851
 VDWAALS =       -3.6029  EEL     =     -188.4735  HBOND      =        0.0000
 1-4 VDW =        8.5769  1-4 EEL =      202.7661  RESTRAINT  =        0.0000


   NSTEP       ENERGY          RMS            GMAX         NAME    NUMBER
     63       4.8973E+01     5.6474E-01     2.6717E+00     C8          8

 BOND    =        1.3177  ANGLE   =        4.4406  DIHED      =       23.9653
 VDWAALS =       -3.6230  EEL     =     -188.3729  HBOND      =        0.0000
 1-4 VDW =        8.6107  1-4 EEL =      202.6346  RESTRAINT  =        0.0000


   NSTEP       ENERGY          RMS            GMAX         NAME    NUMBER
     64       4.8973E+01     5.6015E-01     2.6527E+00     C8          8

 BOND    =        1.3174  ANGLE   =        4.4406  DIHED      =       23.9655
 VDWAALS =       -3.6228  EEL     =     -188.3737  HBOND      =        0.0000
 1-4 VDW =        8.6105  1-4 EEL =      202.6357  RESTRAINT  =        0.0000


   NSTEP       ENERGY          RMS            GMAX         NAME    NUMBER
     65       4.8955E+01     5.5045E-01     2.4393E+00     O8          9

 BOND    =        1.3103  ANGLE   =        4.3342  DIHED      =       23.9655
 VDWAALS =       -3.6209  EEL     =     -188.2393  HBOND      =        0.0000
 1-4 VDW =        8.6203  1-4 EEL =      202.5847  RESTRAINT  =        0.0000


   NSTEP       ENERGY          RMS            GMAX         NAME    NUMBER
     66       4.8955E+01     5.1593E-01     2.3253E+00     O8          9

 BOND    =        1.3100  ANGLE   =        4.3404  DIHED      =       23.9654
 VDWAALS =       -3.6210  EEL     =     -188.2476  HBOND      =        0.0000
 1-4 VDW =        8.6197  1-4 EEL =      202.5878  RESTRAINT  =        0.0000


   NSTEP       ENERGY          RMS            GMAX         NAME    NUMBER
     67       4.8942E+01     4.0384E-01     1.3510E+00     C8          8

 BOND    =        1.2714  ANGLE   =        4.2808  DIHED      =       23.9701
 VDWAALS =       -3.6099  EEL     =     -188.0910  HBOND      =        0.0000
 1-4 VDW =        8.6052  1-4 EEL =      202.5159  RESTRAINT  =        0.0000


   NSTEP       ENERGY          RMS            GMAX         NAME    NUMBER
     68       4.8942E+01     3.1809E-01     9.0795E-01     C8          8

 BOND    =        1.2762  ANGLE   =        4.2912  DIHED      =       23.9692
 VDWAALS =       -3.6119  EEL     =     -188.1198  HBOND      =        0.0000
 1-4 VDW =        8.6078  1-4 EEL =      202.5291  RESTRAINT  =        0.0000


   NSTEP       ENERGY          RMS            GMAX         NAME    NUMBER
     69       4.8936E+01     2.5266E-01     8.1219E-01     C12         3

 BOND    =        1.3019  ANGLE   =        4.2399  DIHED      =       23.9707
 VDWAALS =       -3.6046  EEL     =     -188.0760  HBOND      =        0.0000
 1-4 VDW =        8.5893  1-4 EEL =      202.5150  RESTRAINT  =        0.0000


   NSTEP       ENERGY          RMS            GMAX         NAME    NUMBER
     70       4.8936E+01     2.9194E-01     1.0160E+00     C12         3

 BOND    =        1.3074  ANGLE   =        4.2305  DIHED      =       23.9709
 VDWAALS =       -3.6032  EEL     =     -188.0678  HBOND      =        0.0000
 1-4 VDW =        8.5858  1-4 EEL =      202.5123  RESTRAINT  =        0.0000


   NSTEP       ENERGY          RMS            GMAX         NAME    NUMBER
     71       4.8930E+01     2.5081E-01     9.3319E-01     O7         11

 BOND    =        1.3297  ANGLE   =        4.1951  DIHED      =       23.9762
 VDWAALS =       -3.5933  EEL     =     -188.0322  HBOND      =        0.0000
 1-4 VDW =        8.5664  1-4 EEL =      202.4883  RESTRAINT  =        0.0000


   NSTEP       ENERGY          RMS            GMAX         NAME    NUMBER
     72       4.8930E+01     3.0156E-01     1.0941E+00     O7         11

 BOND    =        1.3360  ANGLE   =        4.1866  DIHED      =       23.9775
 VDWAALS =       -3.5908  EEL     =     -188.0233  HBOND      =        0.0000
 1-4 VDW =        8.5616  1-4 EEL =      202.4823  RESTRAINT  =        0.0000


   NSTEP       ENERGY          RMS            GMAX         NAME    NUMBER
     73       4.8922E+01     2.7016E-01     1.0670E+00     N1         12

 BOND    =        1.3417  ANGLE   =        4.1552  DIHED      =       23.9870
 VDWAALS =       -3.5828  EEL     =     -187.9672  HBOND      =        0.0000
 1-4 VDW =        8.5561  1-4 EEL =      202.4317  RESTRAINT  =        0.0000


   NSTEP       ENERGY          RMS            GMAX         NAME    NUMBER
     74       4.8921E+01     3.7519E-01     1.4817E+00     N1         12

 BOND    =        1.3466  ANGLE   =        4.1398  DIHED      =       23.9921
 VDWAALS =       -3.5787  EEL     =     -187.9376  HBOND      =        0.0000
 1-4 VDW =        8.5533  1-4 EEL =      202.4051  RESTRAINT  =        0.0000


   NSTEP       ENERGY          RMS            GMAX         NAME    NUMBER
     75       4.8912E+01     3.0841E-01     1.0928E+00     C7         10

 BOND    =        1.3328  ANGLE   =        4.1408  DIHED      =       24.0074
 VDWAALS =       -3.5782  EEL     =     -187.8460  HBOND      =        0.0000
 1-4 VDW =        8.5393  1-4 EEL =      202.3154  RESTRAINT  =        0.0000


   NSTEP       ENERGY          RMS            GMAX         NAME    NUMBER
     76       4.8908E+01     1.7428E-01     7.0389E-01     O8          9

 BOND    =        1.3401  ANGLE   =        4.1406  DIHED      =       24.0052
 VDWAALS =       -3.5823  EEL     =     -187.8521  HBOND      =        0.0000
 1-4 VDW =        8.5413  1-4 EEL =      202.3156  RESTRAINT  =        0.0000


   NSTEP       ENERGY          RMS            GMAX         NAME    NUMBER
     77       4.8906E+01     1.4074E-01     5.6682E-01     O8          9

 BOND    =        1.3388  ANGLE   =        4.1457  DIHED      =       24.0038
 VDWAALS =       -3.5906  EEL     =     -187.8615  HBOND      =        0.0000
 1-4 VDW =        8.5455  1-4 EEL =      202.3242  RESTRAINT  =        0.0000


   NSTEP       ENERGY          RMS            GMAX         NAME    NUMBER
     78       4.8904E+01     1.5135E-01     4.6951E-01     O8          9

 BOND    =        1.3328  ANGLE   =        4.1516  DIHED      =       24.0024
 VDWAALS =       -3.6006  EEL     =     -187.8724  HBOND      =        0.0000
 1-4 VDW =        8.5523  1-4 EEL =      202.3374  RESTRAINT  =        0.0000


   NSTEP       ENERGY          RMS            GMAX         NAME    NUMBER
     79       4.8903E+01     3.2675E-01     1.1181E+00     C7         10

 BOND    =        1.3279  ANGLE   =        4.1600  DIHED      =       24.0024
 VDWAALS =       -3.6084  EEL     =     -187.8838  HBOND      =        0.0000
 1-4 VDW =        8.5532  1-4 EEL =      202.3518  RESTRAINT  =        0.0000


   NSTEP       ENERGY          RMS            GMAX         NAME    NUMBER
     80       1.5322E+02     7.2426E+01     2.6254E+02     C7         10

 BOND    =       85.7500  ANGLE   =       23.7145  DIHED      =       23.9270
 VDWAALS =       -3.9789  EEL     =     -188.3046  HBOND      =        0.0000
 1-4 VDW =        9.4944  1-4 EEL =      202.6183  RESTRAINT  =        0.0000


   NSTEP       ENERGY          RMS            GMAX         NAME    NUMBER
     81       4.8901E+01     1.1306E-01     3.3497E-01     O6         17

 BOND    =        1.3294  ANGLE   =        4.1576  DIHED      =       24.0017
 VDWAALS =       -3.6103  EEL     =     -187.8860  HBOND      =        0.0000
 1-4 VDW =        8.5552  1-4 EEL =      202.3531  RESTRAINT  =        0.0000


   NSTEP       ENERGY          RMS            GMAX         NAME    NUMBER
     82       4.8900E+01     1.0945E-01     3.3098E-01     O6         17

 BOND    =        1.3281  ANGLE   =        4.1583  DIHED      =       24.0017
 VDWAALS =       -3.6120  EEL     =     -187.8879  HBOND      =        0.0000
 1-4 VDW =        8.5562  1-4 EEL =      202.3558  RESTRAINT  =        0.0000


   NSTEP       ENERGY          RMS            GMAX         NAME    NUMBER
     83       4.8896E+01     2.2493E-01     8.4183E-01     C7         10

 BOND    =        1.3177  ANGLE   =        4.1643  DIHED      =       24.0022
 VDWAALS =       -3.6275  EEL     =     -187.9054  HBOND      =        0.0000
 1-4 VDW =        8.5647  1-4 EEL =      202.3802  RESTRAINT  =        0.0000


   NSTEP       ENERGY          RMS            GMAX         NAME    NUMBER
     84       4.8895E+01     4.2190E-01     1.5099E+00     C7         10

 BOND    =        1.3086  ANGLE   =        4.1713  DIHED      =       24.0029
 VDWAALS =       -3.6435  EEL     =     -187.9234  HBOND      =        0.0000
 1-4 VDW =        8.5736  1-4 EEL =      202.4054  RESTRAINT  =        0.0000


   NSTEP       ENERGY          RMS            GMAX         NAME    NUMBER
     85       4.8886E+01     2.7691E-01     9.3374E-01     C10         1

 BOND    =        1.2901  ANGLE   =        4.1882  DIHED      =       24.0047
 VDWAALS =       -3.6759  EEL     =     -187.9674  HBOND      =        0.0000
 1-4 VDW =        8.5825  1-4 EEL =      202.4637  RESTRAINT  =        0.0000


   NSTEP       ENERGY          RMS            GMAX         NAME    NUMBER
     86       4.8881E+01     3.1315E-01     9.8795E-01     C7         10

 BOND    =        1.2690  ANGLE   =        4.2131  DIHED      =       24.0078
 VDWAALS =       -3.7194  EEL     =     -188.0276  HBOND      =        0.0000
 1-4 VDW =        8.5949  1-4 EEL =      202.5434  RESTRAINT  =        0.0000


   NSTEP       ENERGY          RMS            GMAX         NAME    NUMBER
     87       4.8875E+01     3.7548E-01     1.2184E+00     H10        24

 BOND    =        1.3202  ANGLE   =        4.2085  DIHED      =       24.0081
 VDWAALS =       -3.7444  EEL     =     -188.0813  HBOND      =        0.0000
 1-4 VDW =        8.5940  1-4 EEL =      202.5702  RESTRAINT  =        0.0000


   NSTEP       ENERGY          RMS            GMAX         NAME    NUMBER
     88       4.8875E+01     2.9860E-01     1.1612E+00     H10        24

 BOND    =        1.3095  ANGLE   =        4.2090  DIHED      =       24.0080
 VDWAALS =       -3.7397  EEL     =     -188.0711  HBOND      =        0.0000
 1-4 VDW =        8.5941  1-4 EEL =      202.5652  RESTRAINT  =        0.0000


   NSTEP       ENERGY          RMS            GMAX         NAME    NUMBER
     89       4.8866E+01     2.9673E-01     1.1436E+00     C8          8

 BOND    =        1.3127  ANGLE   =        4.2106  DIHED      =       24.0176
 VDWAALS =       -3.7424  EEL     =     -188.0746  HBOND      =        0.0000
 1-4 VDW =        8.5887  1-4 EEL =      202.5532  RESTRAINT  =        0.0000


   NSTEP       ENERGY          RMS            GMAX         NAME    NUMBER
     90       4.8859E+01     6.3386E-01     3.5409E+00     C8          8

 BOND    =        1.3252  ANGLE   =        4.2161  DIHED      =       24.0355
 VDWAALS =       -3.7475  EEL     =     -188.0804  HBOND      =        0.0000
 1-4 VDW =        8.5790  1-4 EEL =      202.5312  RESTRAINT  =        0.0000


   NSTEP       ENERGY          RMS            GMAX         NAME    NUMBER
     91       4.8840E+01     3.0051E-01     1.1084E+00     C8          8

 BOND    =        1.3424  ANGLE   =        4.1539  DIHED      =       24.0661
 VDWAALS =       -3.7491  EEL     =     -188.0584  HBOND      =        0.0000
 1-4 VDW =        8.5780  1-4 EEL =      202.5069  RESTRAINT  =        0.0000


   NSTEP       ENERGY          RMS            GMAX         NAME    NUMBER
     92       4.8839E+01     3.3960E-01     1.0493E+00     C8          8

 BOND    =        1.3491  ANGLE   =        4.1389  DIHED      =       24.0747
 VDWAALS =       -3.7495  EEL     =     -188.0523  HBOND      =        0.0000
 1-4 VDW =        8.5779  1-4 EEL =      202.5002  RESTRAINT  =        0.0000


   NSTEP       ENERGY          RMS            GMAX         NAME    NUMBER
     93       4.8834E+01     3.0874E-01     1.5307E+00     N2          7

 BOND    =        1.3550  ANGLE   =        4.1436  DIHED      =       24.0804
 VDWAALS =       -3.7488  EEL     =     -188.0370  HBOND      =        0.0000
 1-4 VDW =        8.5843  1-4 EEL =      202.4564  RESTRAINT  =        0.0000


   NSTEP       ENERGY          RMS            GMAX         NAME    NUMBER
     94       4.8834E+01     2.6200E-01     1.2060E+00     N2          7

 BOND    =        1.3535  ANGLE   =        4.1428  DIHED      =       24.0796
 VDWAALS =       -3.7489  EEL     =     -188.0391  HBOND      =        0.0000
 1-4 VDW =        8.5834  1-4 EEL =      202.4624  RESTRAINT  =        0.0000


   NSTEP       ENERGY          RMS            GMAX         NAME    NUMBER
     95       4.8829E+01     2.1122E-01     6.1452E-01     O7         11

 BOND    =        1.3512  ANGLE   =        4.1477  DIHED      =       24.0809
 VDWAALS =       -3.7483  EEL     =     -188.0256  HBOND      =        0.0000
 1-4 VDW =        8.5893  1-4 EEL =      202.4336  RESTRAINT  =        0.0000


   NSTEP       ENERGY          RMS            GMAX         NAME    NUMBER
     96       4.8825E+01     3.5639E-01     1.6572E+00     C14         5

 BOND    =        1.3499  ANGLE   =        4.1585  DIHED      =       24.0833
 VDWAALS =       -3.7474  EEL     =     -188.0023  HBOND      =        0.0000
 1-4 VDW =        8.5994  1-4 EEL =      202.3840  RESTRAINT  =        0.0000


   NSTEP       ENERGY          RMS            GMAX         NAME    NUMBER
     97       4.8818E+01     3.0570E-01     1.2696E+00     C14         5

 BOND    =        1.3308  ANGLE   =        4.1570  DIHED      =       24.0967
 VDWAALS =       -3.7447  EEL     =     -187.9464  HBOND      =        0.0000
 1-4 VDW =        8.6341  1-4 EEL =      202.2909  RESTRAINT  =        0.0000


   NSTEP       ENERGY          RMS            GMAX         NAME    NUMBER
     98       4.8818E+01     2.5802E-01     8.9480E-01     C13         4

 BOND    =        1.3326  ANGLE   =        4.1570  DIHED      =       24.0948
 VDWAALS =       -3.7451  EEL     =     -187.9543  HBOND      =        0.0000
 1-4 VDW =        8.6292  1-4 EEL =      202.3040  RESTRAINT  =        0.0000


   NSTEP       ENERGY          RMS            GMAX         NAME    NUMBER
     99       4.8815E+01     2.7882E-01     1.1999E+00     C14         5

 BOND    =        1.3061  ANGLE   =        4.1452  DIHED      =       24.1023
 VDWAALS =       -3.7440  EEL     =     -187.9173  HBOND      =        0.0000
 1-4 VDW =        8.6465  1-4 EEL =      202.2759  RESTRAINT  =        0.0000


   NSTEP       ENERGY          RMS            GMAX         NAME    NUMBER
    100       4.8815E+01     2.4424E-01     9.9816E-01     C14         5

 BOND    =        1.3089  ANGLE   =        4.1465  DIHED      =       24.1014
 VDWAALS =       -3.7441  EEL     =     -187.9216  HBOND      =        0.0000
 1-4 VDW =        8.6445  1-4 EEL =      202.2792  RESTRAINT  =        0.0000


  Maximum number of minimization cycles reached.


                    FINAL RESULTS



   NSTEP       ENERGY          RMS            GMAX         NAME    NUMBER
    100       4.8815E+01     2.4424E-01     9.9816E-01     C14         5

 BOND    =        1.3089  ANGLE   =        4.1465  DIHED      =       24.1014
 VDWAALS =       -3.7441  EEL     =     -187.9216  HBOND      =        0.0000
 1-4 VDW =        8.6445  1-4 EEL =      202.2792  RESTRAINT  =        0.0000

--------------------------------------------------------------------------------
   5.  TIMINGS
--------------------------------------------------------------------------------

|    Read coords time           0.00 ( 0.63% of Total)
|    Fast Water setup           0.00 ( 0.02% of Total)
|                Build the list             0.00 (93.10% of List )
|                Other                      0.00 ( 6.90% of List )
|             List time                  0.00 ( 6.12% of Nonbo)
|                   Short_ene time             0.01 (98.76% of Direc)
|                   Other                      0.00 ( 1.24% of Direc)
|                Direct Ewald time          0.01 (91.79% of Ewald)
|                Force Adjust               0.00 ( 0.16% of Ewald)
|                Virial junk                0.00 ( 0.24% of Ewald)
|                Start synchronizatio       0.00 ( 0.26% of Ewald)
|                Other                      0.00 ( 7.55% of Ewald)
|             Ewald time                 0.01 (93.17% of Nonbo)
|             IPS excludes               0.00 ( 0.11% of Nonbo)
|             Other                      0.00 ( 0.60% of Nonbo)
|          Nonbond force              0.01 (63.37% of Force)
|          Bond/Angle/Dihedral        0.01 (35.74% of Force)
|          Other                      0.00 ( 0.89% of Force)
|       Force time                 0.02 (100.0% of Runmd)
|    Runmd Time                 0.02 (53.52% of Total)
|    Other                      0.02 (45.84% of Total)
| Total time                 0.03 (99.85% of ALL  )

| Number of list builds   :          1

| Highest rstack allocated:        180
| Highest istack allocated:         36
|           Job began  at 14:15:54.099  on 05/22/2015
|           Setup done at 14:15:54.103  on 05/22/2015
|           Run   done at 14:15:54.134  on 05/22/2015
|     wallclock() was called    2335 times
