
          -------------------------------------------------------
          Amber 16 SANDER                              2016
          -------------------------------------------------------

| Run on 04/20/2016 at 15:16:57

|   Executable path: sander
| Working directory: /gpfs/gpfs/project1/dacase-001/haichit/phenix_amber/run_amber_library/amber_library/4
|          Hostname: e1c029

  [-O]verwriting output

File Assignments:
|  MDIN: 4XE_sander.in                                                         
| MDOUT: 4XE.min_igb.out                                                       
|INPCRD: 4XE.rst7                                                              
|  PARM: 4XE.prmtop                                                            
|RESTRT: 4XE.min_igb.rst7                                                      
|  REFC: refc                                                                  
| MDVEL: mdvel                                                                 
| MDFRC: mdfrc                                                                 
|  MDEN: mden                                                                  
| MDCRD: mdcrd                                                                 
|MDINFO: mdinfo                                                                
|  MTMD: mtmd                                                                  
|INPDIP: inpdip                                                                
|RSTDIP: rstdip                                                                
|INPTRA: inptraj                                                               


 Here is the input file:

  short minimization                                                           
 &cntrl                                                                        
   imin=1, maxcyc=100, ncyc=50, ntpr=1, cut=99., ntb=0, igb=2                  
 /                                                                             

--------------------------------------------------------------------------------
   1.  RESOURCE   USE: 
--------------------------------------------------------------------------------

| Flags:                                                                        
| New format PARM file being parsed.
| Version =    1.000 Date = 04/20/16 Time = 15:16:57
 NATOM  =      37 NTYPES =      10 NBONH =      22 MBONA  =      16
 NTHETH =      55 MTHETA =      20 NPHIH =      92 MPHIA  =      42
 NHPARM =       0 NPARM  =       0 NNB   =     224 NRES   =       1
 NBONA  =      16 NTHETA =      20 NPHIA =      42 NUMBND =      11
 NUMANG =      24 NPTRA  =      19 NATYP =      10 NPHB   =       0
 IFBOX  =       0 NMXRS  =      37 IFCAP =       0 NEXTRA =       0
 NCOPY  =       0

 Implicit solvent radii are H(N)-modified Bondi radii (mbondi2)                                             

|     Memory Use     Allocated
|     Real                6412
|     Hollerith            114
|     Integer            22085
|     Max Pairs              1
|     nblistReal             0
|     nblist Int             0
|       Total              136 kbytes

| Note: 1-4 EEL scale factors are being read from the topology file.

| Note: 1-4 VDW scale factors are being read from the topology file.
| Duplicated    0 dihedrals
| Duplicated    0 dihedrals

--------------------------------------------------------------------------------
   2.  CONTROL  DATA  FOR  THE  RUN
--------------------------------------------------------------------------------

4XE                                                                             

General flags:
     imin    =       1, nmropt  =       0

Nature and format of input:
     ntx     =       1, irest   =       0, ntrx    =       1

Nature and format of output:
     ntxo    =       2, ntpr    =       1, ntrx    =       1, ntwr    =       1
     iwrap   =       0, ntwx    =       0, ntwv    =       0, ntwe    =       0
     ioutfm  =       1, ntwprt  =       0, idecomp =       0, rbornstat=      0

Potential function:
     ntf     =       1, ntb     =       0, igb     =       2, nsnb    =      25
     ipol    =       0, gbsa    =       0, iesp    =       0
     dielc   =   1.00000, cut     =  99.00000, intdiel =   1.00000
     saltcon =   0.00000, offset  =   0.09000, gbalpha=    0.80000
     gbbeta  =   0.00000, gbgamma =   2.90912, surften =   0.00500
     rdt     =   0.00000, rgbmax  =  25.00000  extdiel =  78.50000
     alpb  =        0

Frozen or restrained atoms:
     ibelly  =       0, ntr     =       0

Energy minimization:
     maxcyc  =     100, ncyc    =      50, ntmin   =       1
     dx0     =   0.01000, drms    =   0.00010
|  INFO: Old style inpcrd file read


--------------------------------------------------------------------------------
   3.  ATOMIC COORDINATES AND VELOCITIES
--------------------------------------------------------------------------------

4XE                                                                             
 begin time read from input coords =     0.000 ps

 Number of triangulated 3-point waters found:        0

--------------------------------------------------------------------------------
   4.  RESULTS
--------------------------------------------------------------------------------



   NSTEP       ENERGY          RMS            GMAX         NAME    NUMBER
      1       1.0360E+02     1.6051E+01     3.9601E+01     H18        19

 BOND    =        7.8701  ANGLE   =        2.5577  DIHED      =       10.1746
 VDWAALS =        3.9987  EEL     =      -31.9046  EGB        =      -65.1744
 1-4 VDW =        7.3904  1-4 EEL =      168.6872  RESTRAINT  =        0.0000


   NSTEP       ENERGY          RMS            GMAX         NAME    NUMBER
      2       1.0277E+02     1.5280E+01     3.7960E+01     H18        19

 BOND    =        7.2103  ANGLE   =        2.4988  DIHED      =       10.1609
 VDWAALS =        3.9527  EEL     =      -31.8858  EGB        =      -65.1650
 1-4 VDW =        7.3492  1-4 EEL =      168.6536  RESTRAINT  =        0.0000


   NSTEP       ENERGY          RMS            GMAX         NAME    NUMBER
      3       1.0184E+02     1.4371E+01     3.5995E+01     H18        19

 BOND    =        6.4663  ANGLE   =        2.4354  DIHED      =       10.1446
 VDWAALS =        3.8968  EEL     =      -31.8627  EGB        =      -65.1551
 1-4 VDW =        7.3001  1-4 EEL =      168.6122  RESTRAINT  =        0.0000


   NSTEP       ENERGY          RMS            GMAX         NAME    NUMBER
      4       1.0079E+02     1.3306E+01     3.3645E+01     H18        19

 BOND    =        5.6416  ANGLE   =        2.3692  DIHED      =       10.1253
 VDWAALS =        3.8286  EEL     =      -31.8342  EGB        =      -65.1453
 1-4 VDW =        7.2418  1-4 EEL =      168.5609  RESTRAINT  =        0.0000


   NSTEP       ENERGY          RMS            GMAX         NAME    NUMBER
      5       9.9634E+01     1.2068E+01     3.0840E+01     H18        19

 BOND    =        4.7484  ANGLE   =        2.3033  DIHED      =       10.1025
 VDWAALS =        3.7450  EEL     =      -31.7988  EGB        =      -65.1364
 1-4 VDW =        7.1729  1-4 EEL =      168.4967  RESTRAINT  =        0.0000


   NSTEP       ENERGY          RMS            GMAX         NAME    NUMBER
      6       9.8394E+01     1.0647E+01     2.7508E+01     H18        19

 BOND    =        3.8124  ANGLE   =        2.2417  DIHED      =       10.0756
 VDWAALS =        3.6415  EEL     =      -31.7543  EGB        =      -65.1302
 1-4 VDW =        7.0920  1-4 EEL =      168.4155  RESTRAINT  =        0.0000


   NSTEP       ENERGY          RMS            GMAX         NAME    NUMBER
      7       9.7106E+01     9.0494E+00     2.3578E+01     H18        19

 BOND    =        2.8784  ANGLE   =        2.1898  DIHED      =       10.0439
 VDWAALS =        3.5119  EEL     =      -31.6979  EGB        =      -65.1296
 1-4 VDW =        6.9977  1-4 EEL =      168.3113  RESTRAINT  =        0.0000


   NSTEP       ENERGY          RMS            GMAX         NAME    NUMBER
      8       9.5823E+01     7.3252E+00     1.9018E+01     H18        19

 BOND    =        2.0165  ANGLE   =        2.1521  DIHED      =       10.0067
 VDWAALS =        3.3469  EEL     =      -31.6253  EGB        =      -65.1390
 1-4 VDW =        6.8899  1-4 EEL =      168.1749  RESTRAINT  =        0.0000


   NSTEP       ENERGY          RMS            GMAX         NAME    NUMBER
      9       9.4613E+01     5.6153E+00     1.3922E+01     H18        19

 BOND    =        1.3220  ANGLE   =        2.1276  DIHED      =        9.9631
 VDWAALS =        3.1322  EEL     =      -31.5306  EGB        =      -65.1649
 1-4 VDW =        6.7716  1-4 EEL =      167.9921  RESTRAINT  =        0.0000


   NSTEP       ENERGY          RMS            GMAX         NAME    NUMBER
     10       9.3525E+01     4.2089E+00     1.3258E+01     H18        19

 BOND    =        0.8874  ANGLE   =        2.1000  DIHED      =        9.9129
 VDWAALS =        2.8484  EEL     =      -31.4077  EGB        =      -65.2133
 1-4 VDW =        6.6546  1-4 EEL =      167.7423  RESTRAINT  =        0.0000


   NSTEP       ENERGY          RMS            GMAX         NAME    NUMBER
     11       9.2526E+01     3.3209E+00     1.2007E+01     H18        19

 BOND    =        0.7056  ANGLE   =        2.0384  DIHED      =        9.8585
 VDWAALS =        2.4853  EEL     =      -31.2603  EGB        =      -65.2772
 1-4 VDW =        6.5674  1-4 EEL =      167.4086  RESTRAINT  =        0.0000


   NSTEP       ENERGY          RMS            GMAX         NAME    NUMBER
     12       9.1558E+01     2.6859E+00     9.6886E+00     H18        19

 BOND    =        0.6260  ANGLE   =        1.9697  DIHED      =        9.8010
 VDWAALS =        2.0739  EEL     =      -31.1121  EGB        =      -65.3248
 1-4 VDW =        6.5236  1-4 EEL =      167.0002  RESTRAINT  =        0.0000


   NSTEP       ENERGY          RMS            GMAX         NAME    NUMBER
     13       9.0623E+01     2.1512E+00     7.2068E+00     H18        19

 BOND    =        0.6212  ANGLE   =        2.0013  DIHED      =        9.7264
 VDWAALS =        1.6481  EEL     =      -30.9536  EGB        =      -65.3760
 1-4 VDW =        6.4426  1-4 EEL =      166.5131  RESTRAINT  =        0.0000


   NSTEP       ENERGY          RMS            GMAX         NAME    NUMBER
     14       8.9743E+01     1.8212E+00     4.8988E+00     H18        19

 BOND    =        0.7063  ANGLE   =        2.0864  DIHED      =        9.6416
 VDWAALS =        1.2228  EEL     =      -30.7316  EGB        =      -65.4515
 1-4 VDW =        6.3091  1-4 EEL =      165.9600  RESTRAINT  =        0.0000


   NSTEP       ENERGY          RMS            GMAX         NAME    NUMBER
     15       8.9464E+01     5.5046E+00     3.7182E+01     C2          1

 BOND    =        1.4921  ANGLE   =        2.5785  DIHED      =        9.5456
 VDWAALS =        0.8333  EEL     =      -30.5952  EGB        =      -65.7646
 1-4 VDW =        6.0349  1-4 EEL =      165.3393  RESTRAINT  =        0.0000


   NSTEP       ENERGY          RMS            GMAX         NAME    NUMBER
     16       9.1989E+01     1.3792E+01     9.6929E+01     C2          1

 BOND    =        3.2624  ANGLE   =        2.3904  DIHED      =        9.5615
 VDWAALS =        0.7321  EEL     =      -30.3035  EGB        =      -65.1232
 1-4 VDW =        6.2383  1-4 EEL =      165.2308  RESTRAINT  =        0.0000


   NSTEP       ENERGY          RMS            GMAX         NAME    NUMBER
     17       8.8990E+01     4.0596E+00     2.7012E+01     C2          1

 BOND    =        1.0904  ANGLE   =        2.2662  DIHED      =        9.5414
 VDWAALS =        0.7084  EEL     =      -30.3724  EGB        =      -65.5109
 1-4 VDW =        6.0895  1-4 EEL =      165.1773  RESTRAINT  =        0.0000


   NSTEP       ENERGY          RMS            GMAX         NAME    NUMBER
     18       8.9521E+01     7.4737E+00     5.2194E+01     C2          1

 BOND    =        2.0621  ANGLE   =        2.7972  DIHED      =        9.5086
 VDWAALS =        0.6316  EEL     =      -30.4414  EGB        =      -65.9521
 1-4 VDW =        5.8953  1-4 EEL =      165.0199  RESTRAINT  =        0.0000


   NSTEP       ENERGY          RMS            GMAX         NAME    NUMBER
     19       8.8594E+01     1.8934E+00     1.0467E+01     C2          1

 BOND    =        1.1404  ANGLE   =        2.4675  DIHED      =        9.5126
 VDWAALS =        0.6154  EEL     =      -30.3778  EGB        =      -65.7241
 1-4 VDW =        5.9597  1-4 EEL =      165.0006  RESTRAINT  =        0.0000


   NSTEP       ENERGY          RMS            GMAX         NAME    NUMBER
     20       8.8692E+01     4.2850E+00     2.9232E+01     C2          1

 BOND    =        1.2288  ANGLE   =        2.3614  DIHED      =        9.5086
 VDWAALS =        0.5284  EEL     =      -30.2405  EGB        =      -65.5534
 1-4 VDW =        5.9890  1-4 EEL =      164.8700  RESTRAINT  =        0.0000


   NSTEP       ENERGY          RMS            GMAX         NAME    NUMBER
     21       8.8374E+01     1.2684E+00     4.7841E+00     C2          1

 BOND    =        1.1090  ANGLE   =        2.4414  DIHED      =        9.5005
 VDWAALS =        0.5094  EEL     =      -30.2571  EGB        =      -65.6944
 1-4 VDW =        5.9325  1-4 EEL =      164.8332  RESTRAINT  =        0.0000


   NSTEP       ENERGY          RMS            GMAX         NAME    NUMBER
     22       8.8289E+01     1.9164E+00     1.1394E+01     C2          1

 BOND    =        1.2644  ANGLE   =        2.5654  DIHED      =        9.4841
 VDWAALS =        0.4406  EEL     =      -30.2327  EGB        =      -65.7999
 1-4 VDW =        5.8595  1-4 EEL =      164.7077  RESTRAINT  =        0.0000


   NSTEP       ENERGY          RMS            GMAX         NAME    NUMBER
     23       8.8280E+01     2.8918E+00     1.9334E+01     C2          1

 BOND    =        1.2293  ANGLE   =        2.4548  DIHED      =        9.4834
 VDWAALS =        0.3901  EEL     =      -30.1394  EGB        =      -65.6572
 1-4 VDW =        5.8898  1-4 EEL =      164.6292  RESTRAINT  =        0.0000


   NSTEP       ENERGY          RMS            GMAX         NAME    NUMBER
     24       8.8250E+01     3.2409E+00     2.2073E+01     C2          1

 BOND    =        1.4604  ANGLE   =        2.6821  DIHED      =        9.4706
 VDWAALS =        0.3479  EEL     =      -30.1516  EGB        =      -65.9062
 1-4 VDW =        5.7934  1-4 EEL =      164.5537  RESTRAINT  =        0.0000


   NSTEP       ENERGY          RMS            GMAX         NAME    NUMBER
     25       8.8292E+01     4.1174E+00     2.8571E+01     C2          1

 BOND    =        1.3766  ANGLE   =        2.4696  DIHED      =        9.4721
 VDWAALS =        0.3144  EEL     =      -30.0690  EGB        =      -65.6283
 1-4 VDW =        5.8603  1-4 EEL =      164.4965  RESTRAINT  =        0.0000


   NSTEP       ENERGY          RMS            GMAX         NAME    NUMBER
     26       8.7996E+01     9.8603E-01     2.7799E+00     C2          1

 BOND    =        1.2583  ANGLE   =        2.5634  DIHED      =        9.4666
 VDWAALS =        0.2959  EEL     =      -30.0750  EGB        =      -65.7859
 1-4 VDW =        5.8071  1-4 EEL =      164.4655  RESTRAINT  =        0.0000


   NSTEP       ENERGY          RMS            GMAX         NAME    NUMBER
     27       8.7902E+01     1.6171E+00     9.7667E+00     C2          1

 BOND    =        1.3815  ANGLE   =        2.6676  DIHED      =        9.4548
 VDWAALS =        0.2214  EEL     =      -30.0179  EGB        =      -65.8877
 1-4 VDW =        5.7448  1-4 EEL =      164.3374  RESTRAINT  =        0.0000


   NSTEP       ENERGY          RMS            GMAX         NAME    NUMBER
     28       8.7957E+01     3.2662E+00     2.2532E+01     C2          1

 BOND    =        1.4065  ANGLE   =        2.5482  DIHED      =        9.4532
 VDWAALS =        0.1762  EEL     =      -29.9376  EGB        =      -65.7226
 1-4 VDW =        5.7744  1-4 EEL =      164.2583  RESTRAINT  =        0.0000


   NSTEP       ENERGY          RMS            GMAX         NAME    NUMBER
     29       8.7774E+01     1.0079E+00     4.0772E+00     C2          1

 BOND    =        1.3443  ANGLE   =        2.6230  DIHED      =        9.4493
 VDWAALS =        0.1619  EEL     =      -29.9410  EGB        =      -65.8354
 1-4 VDW =        5.7363  1-4 EEL =      164.2350  RESTRAINT  =        0.0000


   NSTEP       ENERGY          RMS            GMAX         NAME    NUMBER
     30       8.7720E+01     1.4831E+00     8.9005E+00     C2          1

 BOND    =        1.4393  ANGLE   =        2.7132  DIHED      =        9.4422
 VDWAALS =        0.1158  EEL     =      -29.9084  EGB        =      -65.9286
 1-4 VDW =        5.6901  1-4 EEL =      164.1569  RESTRAINT  =        0.0000


   NSTEP       ENERGY          RMS            GMAX         NAME    NUMBER
     31       8.7704E+01     2.1399E+00     1.4194E+01     C2          1

 BOND    =        1.4117  ANGLE   =        2.6141  DIHED      =        9.4414
 VDWAALS =        0.0846  EEL     =      -29.8510  EGB        =      -65.8097
 1-4 VDW =        5.7115  1-4 EEL =      164.1017  RESTRAINT  =        0.0000


   NSTEP       ENERGY          RMS            GMAX         NAME    NUMBER
     32       8.7682E+01     2.4386E+00     1.6475E+01     C2          1

 BOND    =        1.5567  ANGLE   =        2.7923  DIHED      =        9.4347
 VDWAALS =        0.0522  EEL     =      -29.8453  EGB        =      -66.0030
 1-4 VDW =        5.6455  1-4 EEL =      164.0491  RESTRAINT  =        0.0000


   NSTEP       ENERGY          RMS            GMAX         NAME    NUMBER
     33       8.7693E+01     3.0502E+00     2.1003E+01     C2          1

 BOND    =        1.4949  ANGLE   =        2.6109  DIHED      =        9.4359
 VDWAALS =        0.0300  EEL     =      -29.7874  EGB        =      -65.7925
 1-4 VDW =        5.6933  1-4 EEL =      164.0082  RESTRAINT  =        0.0000


   NSTEP       ENERGY          RMS            GMAX         NAME    NUMBER
     34       8.7528E+01     8.0325E-01     2.3808E+00     H28        24

 BOND    =        1.4414  ANGLE   =        2.6969  DIHED      =        9.4327
 VDWAALS =        0.0159  EEL     =      -29.7883  EGB        =      -65.9117
 1-4 VDW =        5.6558  1-4 EEL =      163.9858  RESTRAINT  =        0.0000


   NSTEP       ENERGY          RMS            GMAX         NAME    NUMBER
     35       8.7459E+01     1.1093E+00     5.9459E+00     C2          1

 BOND    =        1.5068  ANGLE   =        2.7613  DIHED      =        9.4269
 VDWAALS =       -0.0344  EEL     =      -29.7398  EGB        =      -65.9801
 1-4 VDW =        5.6175  1-4 EEL =      163.9010  RESTRAINT  =        0.0000


   NSTEP       ENERGY          RMS            GMAX         NAME    NUMBER
     36       8.7462E+01     2.2794E+00     1.5430E+01     C2          1

 BOND    =        1.5200  ANGLE   =        2.6688  DIHED      =        9.4255
 VDWAALS =       -0.0712  EEL     =      -29.6777  EGB        =      -65.8723
 1-4 VDW =        5.6325  1-4 EEL =      163.8361  RESTRAINT  =        0.0000


   NSTEP       ENERGY          RMS            GMAX         NAME    NUMBER
     37       8.7368E+01     7.5990E-01     2.3158E+00     H28        24

 BOND    =        1.5020  ANGLE   =        2.7363  DIHED      =        9.4232
 VDWAALS =       -0.0828  EEL     =      -29.6762  EGB        =      -65.9574
 1-4 VDW =        5.6054  1-4 EEL =      163.8178  RESTRAINT  =        0.0000


   NSTEP       ENERGY          RMS            GMAX         NAME    NUMBER
     38       8.7319E+01     9.0169E-01     4.1106E+00     C2          1

 BOND    =        1.5450  ANGLE   =        2.7830  DIHED      =        9.4195
 VDWAALS =       -0.1173  EEL     =      -29.6422  EGB        =      -66.0083
 1-4 VDW =        5.5787  1-4 EEL =      163.7606  RESTRAINT  =        0.0000


   NSTEP       ENERGY          RMS            GMAX         NAME    NUMBER
     39       8.7288E+01     1.4288E+00     8.9647E+00     C2          1

 BOND    =        1.5422  ANGLE   =        2.7240  DIHED      =        9.4182
 VDWAALS =       -0.1476  EEL     =      -29.5937  EGB        =      -65.9468
 1-4 VDW =        5.5841  1-4 EEL =      163.7076  RESTRAINT  =        0.0000


   NSTEP       ENERGY          RMS            GMAX         NAME    NUMBER
     40       8.7277E+01     1.9031E+00     1.2702E+01     C2          1

 BOND    =        1.6432  ANGLE   =        2.8620  DIHED      =        9.4140
 VDWAALS =       -0.1751  EEL     =      -29.5805  EGB        =      -66.0877
 1-4 VDW =        5.5372  1-4 EEL =      163.6642  RESTRAINT  =        0.0000


   NSTEP       ENERGY          RMS            GMAX         NAME    NUMBER
     41       8.7265E+01     2.2015E+00     1.4931E+01     C2          1

 BOND    =        1.5940  ANGLE   =        2.7105  DIHED      =        9.4151
 VDWAALS =       -0.1912  EEL     =      -29.5367  EGB        =      -65.9320
 1-4 VDW =        5.5715  1-4 EEL =      163.6340  RESTRAINT  =        0.0000


   NSTEP       ENERGY          RMS            GMAX         NAME    NUMBER
     42       8.7276E+01     2.7257E+00     1.8813E+01     C2          1

 BOND    =        1.7376  ANGLE   =        2.9255  DIHED      =        9.4103
 VDWAALS =       -0.2182  EEL     =      -29.5326  EGB        =      -66.1465
 1-4 VDW =        5.5075  1-4 EEL =      163.5924  RESTRAINT  =        0.0000


   NSTEP       ENERGY          RMS            GMAX         NAME    NUMBER
     43       8.7145E+01     6.8813E-01     2.2289E+00     H28        24

 BOND    =        1.5954  ANGLE   =        2.8077  DIHED      =        9.4112
 VDWAALS =       -0.2236  EEL     =      -29.5116  EGB        =      -66.0464
 1-4 VDW =        5.5305  1-4 EEL =      163.5818  RESTRAINT  =        0.0000


   NSTEP       ENERGY          RMS            GMAX         NAME    NUMBER
     44       8.7093E+01     9.9638E-01     5.4860E+00     C2          1

 BOND    =        1.6068  ANGLE   =        2.7800  DIHED      =        9.4090
 VDWAALS =       -0.2614  EEL     =      -29.4584  EGB        =      -66.0233
 1-4 VDW =        5.5229  1-4 EEL =      163.5175  RESTRAINT  =        0.0000


   NSTEP       ENERGY          RMS            GMAX         NAME    NUMBER
     45       8.7103E+01     2.0953E+00     1.4251E+01     C2          1

 BOND    =        1.7251  ANGLE   =        2.9204  DIHED      =        9.4050
 VDWAALS =       -0.2959  EEL     =      -29.4323  EGB        =      -66.1586
 1-4 VDW =        5.4770  1-4 EEL =      163.4624  RESTRAINT  =        0.0000


   NSTEP       ENERGY          RMS            GMAX         NAME    NUMBER
     46       8.7025E+01     6.7892E-01     2.1510E+00     H28        24

 BOND    =        1.6417  ANGLE   =        2.8377  DIHED      =        9.4056
 VDWAALS =       -0.3009  EEL     =      -29.4155  EGB        =      -66.0885
 1-4 VDW =        5.4926  1-4 EEL =      163.4528  RESTRAINT  =        0.0000


   NSTEP       ENERGY          RMS            GMAX         NAME    NUMBER
     47       8.6991E+01     8.7096E-01     4.4781E+00     C2          1

 BOND    =        1.6447  ANGLE   =        2.8071  DIHED      =        9.4045
 VDWAALS =       -0.3258  EEL     =      -29.3779  EGB        =      -66.0628
 1-4 VDW =        5.4906  1-4 EEL =      163.4103  RESTRAINT  =        0.0000


   NSTEP       ENERGY          RMS            GMAX         NAME    NUMBER
     48       8.6974E+01     1.3693E+00     8.7924E+00     C2          1

 BOND    =        1.7070  ANGLE   =        2.9013  DIHED      =        9.4017
 VDWAALS =       -0.3519  EEL     =      -29.3560  EGB        =      -66.1556
 1-4 VDW =        5.4586  1-4 EEL =      163.3688  RESTRAINT  =        0.0000


   NSTEP       ENERGY          RMS            GMAX         NAME    NUMBER
     49       8.6962E+01     1.6632E+00     1.1060E+01     C2          1

 BOND    =        1.6832  ANGLE   =        2.7839  DIHED      =        9.4024
 VDWAALS =       -0.3659  EEL     =      -29.3208  EGB        =      -66.0447
 1-4 VDW =        5.4813  1-4 EEL =      163.3430  RESTRAINT  =        0.0000


   NSTEP       ENERGY          RMS            GMAX         NAME    NUMBER
     50       8.6958E+01     2.0061E+00     1.3646E+01     C2          1

 BOND    =        1.7679  ANGLE   =        2.9513  DIHED      =        9.3992
 VDWAALS =       -0.3874  EEL     =      -29.3137  EGB        =      -66.2045
 1-4 VDW =        5.4350  1-4 EEL =      163.3104  RESTRAINT  =        0.0000


   NSTEP       ENERGY          RMS            GMAX         NAME    NUMBER
     51       8.6964E+01     2.4172E+00     1.6661E+01     C2          1

 BOND    =        1.7361  ANGLE   =        2.7659  DIHED      =        9.4008
 VDWAALS =       -0.3985  EEL     =      -29.2739  EGB        =      -66.0286
 1-4 VDW =        5.4741  1-4 EEL =      163.2885  RESTRAINT  =        0.0000


   NSTEP       ENERGY          RMS            GMAX         NAME    NUMBER
     52       8.8348E+01     9.5170E+00     6.7402E+01     C2          1

 BOND    =        3.1489  ANGLE   =        3.5563  DIHED      =        9.3927
 VDWAALS =       -0.4506  EEL     =      -29.2744  EGB        =      -66.5677
 1-4 VDW =        5.3313  1-4 EEL =      163.2117  RESTRAINT  =        0.0000


   NSTEP       ENERGY          RMS            GMAX         NAME    NUMBER
     53       8.6859E+01     5.8171E-01     2.0072E+00     H28        24

 BOND    =        1.7004  ANGLE   =        2.8688  DIHED      =        9.3988
 VDWAALS =       -0.4095  EEL     =      -29.2741  EGB        =      -66.1406
 1-4 VDW =        5.4431  1-4 EEL =      163.2724  RESTRAINT  =        0.0000


   NSTEP       ENERGY          RMS            GMAX         NAME    NUMBER
     54       8.6847E+01     5.7789E-01     1.9966E+00     H28        24

 BOND    =        1.7053  ANGLE   =        2.8717  DIHED      =        9.3983
 VDWAALS =       -0.4179  EEL     =      -29.2631  EGB        =      -66.1451
 1-4 VDW =        5.4392  1-4 EEL =      163.2586  RESTRAINT  =        0.0000


   NSTEP       ENERGY          RMS            GMAX         NAME    NUMBER
     55       8.6735E+01     5.4329E-01     1.8972E+00     H28        24

 BOND    =        1.7514  ANGLE   =        2.8995  DIHED      =        9.3937
 VDWAALS =       -0.4943  EEL     =      -29.1615  EGB        =      -66.1874
 1-4 VDW =        5.4032  1-4 EEL =      163.1307  RESTRAINT  =        0.0000


   NSTEP       ENERGY          RMS            GMAX         NAME    NUMBER
     56       8.6001E+01     3.5105E-01     1.2549E+00     N10        15

 BOND    =        2.2988  ANGLE   =        3.3290  DIHED      =        9.3600
 VDWAALS =       -1.1502  EEL     =      -28.1584  EGB        =      -66.6057
 1-4 VDW =        5.0718  1-4 EEL =      161.8559  RESTRAINT  =        0.0000


   NSTEP       ENERGY          RMS            GMAX         NAME    NUMBER
     57       8.5887E+01     4.6840E-01     1.9853E+00     C2          1

 BOND    =        2.6897  ANGLE   =        3.7011  DIHED      =        9.3503
 VDWAALS =       -1.4507  EEL     =      -27.5920  EGB        =      -66.8416
 1-4 VDW =        4.9036  1-4 EEL =      161.1261  RESTRAINT  =        0.0000


   NSTEP       ENERGY          RMS            GMAX         NAME    NUMBER
     58       1.2803E+02     4.3619E+01     2.6487E+02     C2          1

 BOND    =       34.0034  ANGLE   =       14.6996  DIHED      =        9.6520
 VDWAALS =       -1.8984  EEL     =      -24.9244  EGB        =      -69.0494
 1-4 VDW =        5.3504  1-4 EEL =      160.1992  RESTRAINT  =        0.0000


   NSTEP       ENERGY          RMS            GMAX         NAME    NUMBER
     59       8.5877E+01     4.3301E-01     1.8208E+00     C2          1

 BOND    =        2.6844  ANGLE   =        3.7036  DIHED      =        9.3538
 VDWAALS =       -1.4601  EEL     =      -27.5520  EGB        =      -66.8718
 1-4 VDW =        4.9073  1-4 EEL =      161.1120  RESTRAINT  =        0.0000


   NSTEP       ENERGY          RMS            GMAX         NAME    NUMBER
     60       8.5863E+01     3.6829E-01     1.4013E+00     C2          1

 BOND    =        2.6656  ANGLE   =        3.6993  DIHED      =        9.3544
 VDWAALS =       -1.4720  EEL     =      -27.5331  EGB        =      -66.8868
 1-4 VDW =        4.9129  1-4 EEL =      161.1226  RESTRAINT  =        0.0000


   NSTEP       ENERGY          RMS            GMAX         NAME    NUMBER
     61       8.5841E+01     6.7717E-01     2.7466E+00     C11         7

 BOND    =        2.6218  ANGLE   =        3.6897  DIHED      =        9.3569
 VDWAALS =       -1.5116  EEL     =      -27.4683  EGB        =      -66.9384
 1-4 VDW =        4.9324  1-4 EEL =      161.1588  RESTRAINT  =        0.0000


   NSTEP       ENERGY          RMS            GMAX         NAME    NUMBER
     62       8.5797E+01     5.1569E-01     1.6859E+00     C12         8

 BOND    =        2.4562  ANGLE   =        3.7186  DIHED      =        9.3721
 VDWAALS =       -1.5537  EEL     =      -27.4095  EGB        =      -66.9897
 1-4 VDW =        4.9991  1-4 EEL =      161.2045  RESTRAINT  =        0.0000


   NSTEP       ENERGY          RMS            GMAX         NAME    NUMBER
     63       8.5795E+01     6.3483E-01     2.8961E+00     C11         7

 BOND    =        2.4152  ANGLE   =        3.7301  DIHED      =        9.3766
 VDWAALS =       -1.5652  EEL     =      -27.3929  EGB        =      -67.0042
 1-4 VDW =        5.0182  1-4 EEL =      161.2173  RESTRAINT  =        0.0000


   NSTEP       ENERGY          RMS            GMAX         NAME    NUMBER
     64       8.5754E+01     6.5931E-01     3.3303E+00     C12         8

 BOND    =        2.4156  ANGLE   =        3.6409  DIHED      =        9.3738
 VDWAALS =       -1.5936  EEL     =      -27.3370  EGB        =      -67.0601
 1-4 VDW =        5.0131  1-4 EEL =      161.3009  RESTRAINT  =        0.0000


   NSTEP       ENERGY          RMS            GMAX         NAME    NUMBER
     65       8.5754E+01     6.7459E-01     3.4565E+00     C12         8

 BOND    =        2.4161  ANGLE   =        3.6392  DIHED      =        9.3737
 VDWAALS =       -1.5942  EEL     =      -27.3357  EGB        =      -67.0614
 1-4 VDW =        5.0130  1-4 EEL =      161.3029  RESTRAINT  =        0.0000


   NSTEP       ENERGY          RMS            GMAX         NAME    NUMBER
     66       8.5700E+01     6.0943E-01     2.5291E+00     N10        15

 BOND    =        2.4992  ANGLE   =        3.5253  DIHED      =        9.3652
 VDWAALS =       -1.6075  EEL     =      -27.3009  EGB        =      -67.1402
 1-4 VDW =        4.9717  1-4 EEL =      161.3878  RESTRAINT  =        0.0000


   NSTEP       ENERGY          RMS            GMAX         NAME    NUMBER
     67       8.5696E+01     7.9431E-01     2.9161E+00     N10        15

 BOND    =        2.5390  ANGLE   =        3.4890  DIHED      =        9.3628
 VDWAALS =       -1.6124  EEL     =      -27.2880  EGB        =      -67.1693
 1-4 VDW =        4.9568  1-4 EEL =      161.4185  RESTRAINT  =        0.0000


   NSTEP       ENERGY          RMS            GMAX         NAME    NUMBER
     68       8.5641E+01     8.4594E-01     3.3790E+00     N10        15

 BOND    =        2.5482  ANGLE   =        3.4311  DIHED      =        9.3690
 VDWAALS =       -1.6337  EEL     =      -27.2632  EGB        =      -67.2482
 1-4 VDW =        4.9432  1-4 EEL =      161.4942  RESTRAINT  =        0.0000


   NSTEP       ENERGY          RMS            GMAX         NAME    NUMBER
     69       8.5640E+01     8.2323E-01     3.2105E+00     N10        15

 BOND    =        2.5470  ANGLE   =        3.4322  DIHED      =        9.3687
 VDWAALS =       -1.6332  EEL     =      -27.2639  EGB        =      -67.2461
 1-4 VDW =        4.9435  1-4 EEL =      161.4922  RESTRAINT  =        0.0000


   NSTEP       ENERGY          RMS            GMAX         NAME    NUMBER
     70       8.5582E+01     9.1618E-01     3.2855E+00     C2          1

 BOND    =        2.5549  ANGLE   =        3.4424  DIHED      =        9.3663
 VDWAALS =       -1.6531  EEL     =      -27.3085  EGB        =      -67.2645
 1-4 VDW =        4.8988  1-4 EEL =      161.5460  RESTRAINT  =        0.0000


   NSTEP       ENERGY          RMS            GMAX         NAME    NUMBER
     71       8.5582E+01     9.5188E-01     3.5007E+00     C2          1

 BOND    =        2.5566  ANGLE   =        3.4436  DIHED      =        9.3663
 VDWAALS =       -1.6539  EEL     =      -27.3103  EGB        =      -67.2652
 1-4 VDW =        4.8970  1-4 EEL =      161.5480  RESTRAINT  =        0.0000


   NSTEP       ENERGY          RMS            GMAX         NAME    NUMBER
     72       8.5507E+01     8.1505E-01     2.6902E+00     C3          2

 BOND    =        2.5515  ANGLE   =        3.4543  DIHED      =        9.3666
 VDWAALS =       -1.6760  EEL     =      -27.2456  EGB        =      -67.3640
 1-4 VDW =        4.8527  1-4 EEL =      161.5672  RESTRAINT  =        0.0000


   NSTEP       ENERGY          RMS            GMAX         NAME    NUMBER
     73       8.5500E+01     1.0773E+00     4.2502E+00     C3          2

 BOND    =        2.5641  ANGLE   =        3.4667  DIHED      =        9.3680
 VDWAALS =       -1.6847  EEL     =      -27.2196  EGB        =      -67.4035
 1-4 VDW =        4.8351  1-4 EEL =      161.5739  RESTRAINT  =        0.0000


   NSTEP       ENERGY          RMS            GMAX         NAME    NUMBER
     74       8.5407E+01     8.1248E-01     2.2938E+00     O1         12

 BOND    =        2.5921  ANGLE   =        3.4783  DIHED      =        9.3688
 VDWAALS =       -1.7238  EEL     =      -27.1398  EGB        =      -67.5241
 1-4 VDW =        4.7857  1-4 EEL =      161.5699  RESTRAINT  =        0.0000


   NSTEP       ENERGY          RMS            GMAX         NAME    NUMBER
     75       8.5406E+01     9.1704E-01     2.7106E+00     N4          3

 BOND    =        2.6021  ANGLE   =        3.4852  DIHED      =        9.3697
 VDWAALS =       -1.7293  EEL     =      -27.1284  EGB        =      -67.5412
 1-4 VDW =        4.7788  1-4 EEL =      161.5688  RESTRAINT  =        0.0000


   NSTEP       ENERGY          RMS            GMAX         NAME    NUMBER
     76       8.5391E+01     6.8600E-01     2.0740E+00     O1         12

 BOND    =        2.5930  ANGLE   =        3.4900  DIHED      =        9.3702
 VDWAALS =       -1.7285  EEL     =      -27.1268  EGB        =      -67.5429
 1-4 VDW =        4.7827  1-4 EEL =      161.5531  RESTRAINT  =        0.0000


   NSTEP       ENERGY          RMS            GMAX         NAME    NUMBER
     77       8.5378E+01     5.0640E-01     1.8054E+00     O1         12

 BOND    =        2.5879  ANGLE   =        3.4958  DIHED      =        9.3700
 VDWAALS =       -1.7278  EEL     =      -27.1235  EGB        =      -67.5443
 1-4 VDW =        4.7870  1-4 EEL =      161.5328  RESTRAINT  =        0.0000


   NSTEP       ENERGY          RMS            GMAX         NAME    NUMBER
     78       8.5366E+01     4.1061E-01     1.6235E+00     O1         12

 BOND    =        2.5885  ANGLE   =        3.5001  DIHED      =        9.3680
 VDWAALS =       -1.7274  EEL     =      -27.1162  EGB        =      -67.5455
 1-4 VDW =        4.7912  1-4 EEL =      161.5072  RESTRAINT  =        0.0000


   NSTEP       ENERGY          RMS            GMAX         NAME    NUMBER
     79       8.5354E+01     3.5461E-01     1.4687E+00     O1         12

 BOND    =        2.5952  ANGLE   =        3.5008  DIHED      =        9.3643
 VDWAALS =       -1.7270  EEL     =      -27.1028  EGB        =      -67.5478
 1-4 VDW =        4.7943  1-4 EEL =      161.4768  RESTRAINT  =        0.0000


   NSTEP       ENERGY          RMS            GMAX         NAME    NUMBER
     80       8.9340E+01     5.5412E+00     2.2675E+01     O1         12

 BOND    =        4.4145  ANGLE   =        6.4441  DIHED      =        9.3795
 VDWAALS =       -1.3151  EEL     =      -25.8225  EGB        =      -67.8242
 1-4 VDW =        5.3091  1-4 EEL =      158.7542  RESTRAINT  =        0.0000


   NSTEP       ENERGY          RMS            GMAX         NAME    NUMBER
     81       8.5303E+01     4.4171E-01     1.6538E+00     C2          1

 BOND    =        2.6688  ANGLE   =        3.5362  DIHED      =        9.3377
 VDWAALS =       -1.7127  EEL     =      -26.9704  EGB        =      -67.5755
 1-4 VDW =        4.8205  1-4 EEL =      161.1985  RESTRAINT  =        0.0000


   NSTEP       ENERGY          RMS            GMAX         NAME    NUMBER
     82       8.5355E+01     2.0736E+00     1.1239E+01     C2          1

 BOND    =        2.6263  ANGLE   =        3.6630  DIHED      =        9.3164
 VDWAALS =       -1.6891  EEL     =      -26.8966  EGB        =      -67.4899
 1-4 VDW =        4.8412  1-4 EEL =      160.9836  RESTRAINT  =        0.0000


   NSTEP       ENERGY          RMS            GMAX         NAME    NUMBER
     83       8.5286E+01     6.1798E-01     2.6114E+00     C2          1

 BOND    =        2.6332  ANGLE   =        3.5674  DIHED      =        9.3298
 VDWAALS =       -1.7052  EEL     =      -26.9460  EGB        =      -67.5471
 1-4 VDW =        4.8268  1-4 EEL =      161.1274  RESTRAINT  =        0.0000


   NSTEP       ENERGY          RMS            GMAX         NAME    NUMBER
     84       8.5262E+01     3.6831E-01     1.1044E+00     C5          4

 BOND    =        2.5757  ANGLE   =        3.6117  DIHED      =        9.3306
 VDWAALS =       -1.6906  EEL     =      -26.9155  EGB        =      -67.5337
 1-4 VDW =        4.8392  1-4 EEL =      161.0451  RESTRAINT  =        0.0000


   NSTEP       ENERGY          RMS            GMAX         NAME    NUMBER
     85       8.5257E+01     4.4967E-01     1.0249E+00     C5          4

 BOND    =        2.5384  ANGLE   =        3.6501  DIHED      =        9.3322
 VDWAALS =       -1.6796  EEL     =      -26.8929  EGB        =      -67.5238
 1-4 VDW =        4.8487  1-4 EEL =      160.9839  RESTRAINT  =        0.0000


   NSTEP       ENERGY          RMS            GMAX         NAME    NUMBER
     86       8.5236E+01     4.0512E-01     1.5254E+00     N4          3

 BOND    =        2.5468  ANGLE   =        3.6369  DIHED      =        9.3276
 VDWAALS =       -1.6623  EEL     =      -26.8990  EGB        =      -67.4955
 1-4 VDW =        4.8442  1-4 EEL =      160.9374  RESTRAINT  =        0.0000


   NSTEP       ENERGY          RMS            GMAX         NAME    NUMBER
     87       8.5234E+01     5.6135E-01     1.9158E+00     N4          3

 BOND    =        2.5548  ANGLE   =        3.6337  DIHED      =        9.3256
 VDWAALS =       -1.6537  EEL     =      -26.9019  EGB        =      -67.4817
 1-4 VDW =        4.8421  1-4 EEL =      160.9147  RESTRAINT  =        0.0000


   NSTEP       ENERGY          RMS            GMAX         NAME    NUMBER
     88       8.5215E+01     6.3918E-01     2.7886E+00     C2          1

 BOND    =        2.5662  ANGLE   =        3.6405  DIHED      =        9.3102
 VDWAALS =       -1.6290  EEL     =      -26.8715  EGB        =      -67.5124
 1-4 VDW =        4.8320  1-4 EEL =      160.8792  RESTRAINT  =        0.0000


   NSTEP       ENERGY          RMS            GMAX         NAME    NUMBER
     89       8.5214E+01     5.1770E-01     2.2892E+00     C2          1

 BOND    =        2.5617  ANGLE   =        3.6379  DIHED      =        9.3129
 VDWAALS =       -1.6334  EEL     =      -26.8769  EGB        =      -67.5070
 1-4 VDW =        4.8337  1-4 EEL =      160.8855  RESTRAINT  =        0.0000


   NSTEP       ENERGY          RMS            GMAX         NAME    NUMBER
     90       8.5198E+01     4.9635E-01     2.5473E+00     C2          1

 BOND    =        2.5976  ANGLE   =        3.5628  DIHED      =        9.2929
 VDWAALS =       -1.6082  EEL     =      -26.8793  EGB        =      -67.4762
 1-4 VDW =        4.8301  1-4 EEL =      160.8782  RESTRAINT  =        0.0000


   NSTEP       ENERGY          RMS            GMAX         NAME    NUMBER
     91       8.5198E+01     4.9256E-01     2.5105E+00     C2          1

 BOND    =        2.5972  ANGLE   =        3.5633  DIHED      =        9.2930
 VDWAALS =       -1.6084  EEL     =      -26.8792  EGB        =      -67.4764
 1-4 VDW =        4.8302  1-4 EEL =      160.8783  RESTRAINT  =        0.0000


   NSTEP       ENERGY          RMS            GMAX         NAME    NUMBER
     92       8.5190E+01     5.7856E-01     2.2403E+00     C2          1

 BOND    =        2.6203  ANGLE   =        3.5831  DIHED      =        9.2710
 VDWAALS =       -1.5840  EEL     =      -26.9085  EGB        =      -67.4871
 1-4 VDW =        4.8108  1-4 EEL =      160.8838  RESTRAINT  =        0.0000


   NSTEP       ENERGY          RMS            GMAX         NAME    NUMBER
     93       8.5188E+01     3.7388E-01     1.0274E+00     H28        24

 BOND    =        2.6100  ANGLE   =        3.5761  DIHED      =        9.2776
 VDWAALS =       -1.5915  EEL     =      -26.8996  EGB        =      -67.4839
 1-4 VDW =        4.8167  1-4 EEL =      160.8822  RESTRAINT  =        0.0000


   NSTEP       ENERGY          RMS            GMAX         NAME    NUMBER
     94       8.5177E+01     3.0389E-01     1.0261E+00     H28        24

 BOND    =        2.6078  ANGLE   =        3.5513  DIHED      =        9.2720
 VDWAALS =       -1.5833  EEL     =      -26.9019  EGB        =      -67.4731
 1-4 VDW =        4.8135  1-4 EEL =      160.8911  RESTRAINT  =        0.0000


   NSTEP       ENERGY          RMS            GMAX         NAME    NUMBER
     95       8.5170E+01     5.2070E-01     1.5544E+00     C12         8

 BOND    =        2.6104  ANGLE   =        3.5079  DIHED      =        9.2617
 VDWAALS =       -1.5671  EEL     =      -26.9064  EGB        =      -67.4524
 1-4 VDW =        4.8076  1-4 EEL =      160.9080  RESTRAINT  =        0.0000


   NSTEP       ENERGY          RMS            GMAX         NAME    NUMBER
     96       8.5146E+01     3.5288E-01     1.0540E+00     C9         14

 BOND    =        2.5926  ANGLE   =        3.4706  DIHED      =        9.2550
 VDWAALS =       -1.5452  EEL     =      -26.9334  EGB        =      -67.4338
 1-4 VDW =        4.8065  1-4 EEL =      160.9337  RESTRAINT  =        0.0000


   NSTEP       ENERGY          RMS            GMAX         NAME    NUMBER
     97       8.5143E+01     4.5839E-01     1.2432E+00     H29        37

 BOND    =        2.5897  ANGLE   =        3.4553  DIHED      =        9.2521
 VDWAALS =       -1.5344  EEL     =      -26.9462  EGB        =      -67.4250
 1-4 VDW =        4.8060  1-4 EEL =      160.9456  RESTRAINT  =        0.0000


   NSTEP       ENERGY          RMS            GMAX         NAME    NUMBER
     98       8.5117E+01     4.2050E-01     1.3468E+00     N4          3

 BOND    =        2.5211  ANGLE   =        3.4237  DIHED      =        9.2434
 VDWAALS =       -1.5168  EEL     =      -26.9537  EGB        =      -67.4058
 1-4 VDW =        4.8287  1-4 EEL =      160.9769  RESTRAINT  =        0.0000


   NSTEP       ENERGY          RMS            GMAX         NAME    NUMBER
     99       8.5116E+01     5.3983E-01     1.6538E+00     N4          3

 BOND    =        2.5026  ANGLE   =        3.4154  DIHED      =        9.2408
 VDWAALS =       -1.5108  EEL     =      -26.9562  EGB        =      -67.3994
 1-4 VDW =        4.8363  1-4 EEL =      160.9870  RESTRAINT  =        0.0000


   NSTEP       ENERGY          RMS            GMAX         NAME    NUMBER
    100       8.5086E+01     6.0458E-01     2.0635E+00     C2          1

 BOND    =        2.4245  ANGLE   =        3.3600  DIHED      =        9.2344
 VDWAALS =       -1.4866  EEL     =      -26.9383  EGB        =      -67.4287
 1-4 VDW =        4.8684  1-4 EEL =      161.0522  RESTRAINT  =        0.0000


  Maximum number of minimization cycles reached.


                    FINAL RESULTS



   NSTEP       ENERGY          RMS            GMAX         NAME    NUMBER
    100       8.5086E+01     6.0458E-01     2.0635E+00     C2          1

 BOND    =        2.4245  ANGLE   =        3.3600  DIHED      =        9.2344
 VDWAALS =       -1.4866  EEL     =      -26.9383  EGB        =      -67.4287
 1-4 VDW =        4.8684  1-4 EEL =      161.0522  RESTRAINT  =        0.0000

--------------------------------------------------------------------------------
   5.  TIMINGS
--------------------------------------------------------------------------------

|    Read coords time           0.00 ( 0.37% of Total)
|    Fast Water setup           0.00 ( 0.01% of Total)
|                Calc gb radii              0.01 (28.56% of Gen B)
|                Calc gb diag               0.01 (42.36% of Gen B)
|                Calc gb off-diag           0.01 (28.77% of Gen B)
|                Other                      0.00 ( 0.30% of Gen B)
|             Gen Born time              0.02 (100.0% of Nonbo)
|             IPS excludes               0.00 ( 0.03% of Nonbo)
|          Nonbond force              0.02 (81.60% of Force)
|          Bond/Angle/Dihedral        0.00 (17.65% of Force)
|          Other                      0.00 ( 0.75% of Force)
|       Force time                 0.03 (100.0% of Runmd)
|    Runmd Time                 0.03 (42.52% of Total)
|    Other                      0.03 (57.10% of Total)
| Total time                 0.06 (99.34% of ALL  )

| Number of list builds   :          0

| Highest rstack allocated:          0
| Highest istack allocated:          0
|           Job began  at 15:16:57.413  on 04/20/2016
|           Setup done at 15:16:57.419  on 04/20/2016
|           Run   done at 15:16:57.474  on 04/20/2016
|     wallclock() was called    1828 times
