
          -------------------------------------------------------
          Amber 14 SANDER                              2014
          -------------------------------------------------------

| Run on 02/05/2016 at 00:08:20

|   Executable path: sander
| Working directory: /gpfs/gpfs/project1/dacase-001/haichit/phenix_amber/run_amber_library/amber_library/a
|          Hostname: e1c056

  [-O]verwriting output

File Assignments:
|  MDIN: A9P_sander.in                                                         
| MDOUT: A9P.min_igb.out                                                       
|INPCRD: A9P.rst7                                                              
|  PARM: A9P.prmtop                                                            
|RESTRT: A9P.min_igb.rst7                                                      
|  REFC: refc                                                                  
| MDVEL: mdvel                                                                 
| MDFRC: mdfrc                                                                 
|  MDEN: mden                                                                  
| MDCRD: mdcrd                                                                 
|MDINFO: mdinfo                                                                
|  MTMD: mtmd                                                                  
|INPDIP: inpdip                                                                
|RSTDIP: rstdip                                                                
|INPTRA: inptraj                                                               


 Here is the input file:

  short minimization                                                           
 &cntrl                                                                        
   imin=1, maxcyc=100, ncyc=50, ntpr=1, cut=99., ntb=0, igb=2                  
 /                                                                             

--------------------------------------------------------------------------------
   1.  RESOURCE   USE: 
--------------------------------------------------------------------------------

| Flags:                                                                        
| New format PARM file being parsed.
| Version =    1.000 Date = 02/05/16 Time = 00:08:20
 NATOM  =      24 NTYPES =       6 NBONH =      11 MBONA  =      14
 NTHETH =      22 MTHETA =      19 NPHIH =      33 MPHIA  =      29
 NHPARM =       0 NPARM  =       0 NNB   =     114 NRES   =       1
 NBONA  =      14 NTHETA =      19 NPHIA =      29 NUMBND =      11
 NUMANG =      17 NPTRA  =       8 NATYP =       8 NPHB   =       0
 IFBOX  =       0 NMXRS  =      24 IFCAP =       0 NEXTRA =       0
 NCOPY  =       0

 Implicit solvent radii are modified Bondi radii (mbondi)                                                   

|     Memory Use     Allocated
|     Real                5239
|     Hollerith             75
|     Integer            21110
|     Max Pairs              1
|     nblistReal             0
|     nblist Int             0
|       Total              123 kbytes

| Note: 1-4 EEL scale factors are being read from the topology file.

| Note: 1-4 VDW scale factors are being read from the topology file.
| Duplicated    0 dihedrals
| Duplicated    0 dihedrals

--------------------------------------------------------------------------------
   2.  CONTROL  DATA  FOR  THE  RUN
--------------------------------------------------------------------------------

A9P                                                                             

General flags:
     imin    =       1, nmropt  =       0

Nature and format of input:
     ntx     =       1, irest   =       0, ntrx    =       1

Nature and format of output:
     ntxo    =       1, ntpr    =       1, ntrx    =       1, ntwr    =       1
     iwrap   =       0, ntwx    =       0, ntwv    =       0, ntwe    =       0
     ioutfm  =       0, ntwprt  =       0, idecomp =       0, rbornstat=      0

Potential function:
     ntf     =       1, ntb     =       0, igb     =       2, nsnb    =      25
     ipol    =       0, gbsa    =       0, iesp    =       0
     dielc   =   1.00000, cut     =  99.00000, intdiel =   1.00000
     saltcon =   0.00000, offset  =   0.09000, gbalpha=    0.80000
     gbbeta  =   0.00000, gbgamma =   2.90912, surften =   0.00500
     rdt     =   0.00000, rgbmax  =  25.00000  extdiel =  78.50000
     alpb  =        0

Frozen or restrained atoms:
     ibelly  =       0, ntr     =       0

Energy minimization:
     maxcyc  =     100, ncyc    =      50, ntmin   =       1
     dx0     =   0.01000, drms    =   0.00010
|  INFO: Old style inpcrd file read


--------------------------------------------------------------------------------
   3.  ATOMIC COORDINATES AND VELOCITIES
--------------------------------------------------------------------------------

A9P                                                                             
 begin time read from input coords =     0.000 ps

 Number of triangulated 3-point waters found:        0

--------------------------------------------------------------------------------
   4.  RESULTS
--------------------------------------------------------------------------------



   NSTEP       ENERGY          RMS            GMAX         NAME    NUMBER
      1       8.7801E+00     2.4595E+01     9.7527E+01     N           3

 BOND    =        7.6181  ANGLE   =       24.0840  DIHED      =        2.1053
 VDWAALS =       -0.5484  EEL     =       13.2314  EGB        =       -8.3418
 1-4 VDW =        3.1088  1-4 EEL =      -32.4773  RESTRAINT  =        0.0000


   NSTEP       ENERGY          RMS            GMAX         NAME    NUMBER
      2       7.7657E+00     2.3227E+01     9.2181E+01     N           3

 BOND    =        6.8001  ANGLE   =       23.8797  DIHED      =        2.1053
 VDWAALS =       -0.5489  EEL     =       13.2393  EGB        =       -8.3210
 1-4 VDW =        3.1021  1-4 EEL =      -32.4907  RESTRAINT  =        0.0000


   NSTEP       ENERGY          RMS            GMAX         NAME    NUMBER
      3       6.6247E+00     2.1597E+01     8.5788E+01     N           3

 BOND    =        5.8876  ANGLE   =       23.6419  DIHED      =        2.1052
 VDWAALS =       -0.5496  EEL     =       13.2487  EGB        =       -8.2963
 1-4 VDW =        3.0939  1-4 EEL =      -32.5067  RESTRAINT  =        0.0000


   NSTEP       ENERGY          RMS            GMAX         NAME    NUMBER
      4       5.3645E+00     1.9664E+01     7.8153E+01     N           3

 BOND    =        4.8918  ANGLE   =       23.3666  DIHED      =        2.1052
 VDWAALS =       -0.5503  EEL     =       13.2599  EGB        =       -8.2670
 1-4 VDW =        3.0841  1-4 EEL =      -32.5258  RESTRAINT  =        0.0000


   NSTEP       ENERGY          RMS            GMAX         NAME    NUMBER
      5       4.0070E+00     1.7379E+01     6.9053E+01     N           3

 BOND    =        3.8383  ANGLE   =       23.0501  DIHED      =        2.1051
 VDWAALS =       -0.5511  EEL     =       13.2733  EGB        =       -8.2323
 1-4 VDW =        3.0721  1-4 EEL =      -32.5484  RESTRAINT  =        0.0000


   NSTEP       ENERGY          RMS            GMAX         NAME    NUMBER
      6       2.5968E+00     1.4702E+01     5.8241E+01     N           3

 BOND    =        2.7753  ANGLE   =       22.6888  DIHED      =        2.1051
 VDWAALS =       -0.5520  EEL     =       13.2890  EGB        =       -8.1916
 1-4 VDW =        3.0573  1-4 EEL =      -32.5751  RESTRAINT  =        0.0000


   NSTEP       ENERGY          RMS            GMAX         NAME    NUMBER
      7       1.2099E+00     1.1616E+01     4.5482E+01     N           3

 BOND    =        1.7842  ANGLE   =       22.2782  DIHED      =        2.1049
 VDWAALS =       -0.5530  EEL     =       13.3073  EGB        =       -8.1444
 1-4 VDW =        3.0390  1-4 EEL =      -32.6063  RESTRAINT  =        0.0000


   NSTEP       ENERGY          RMS            GMAX         NAME    NUMBER
      8      -3.8110E-02     8.1975E+00     3.0659E+01     N           3

 BOND    =        0.9905  ANGLE   =       21.8100  DIHED      =        2.1048
 VDWAALS =       -0.5541  EEL     =       13.3282  EGB        =       -8.0910
 1-4 VDW =        3.0155  1-4 EEL =      -32.6420  RESTRAINT  =        0.0000


   NSTEP       ENERGY          RMS            GMAX         NAME    NUMBER
      9      -1.0062E+00     4.8983E+00     1.5955E+01     C3          6

 BOND    =        0.5613  ANGLE   =       21.2638  DIHED      =        2.1045
 VDWAALS =       -0.5553  EEL     =       13.3500  EGB        =       -8.0347
 1-4 VDW =        2.9841  1-4 EEL =      -32.6798  RESTRAINT  =        0.0000


   NSTEP       ENERGY          RMS            GMAX         NAME    NUMBER
     10      -1.6580E+00     3.1161E+00     9.9085E+00     H23C       19

 BOND    =        0.5727  ANGLE   =       20.6176  DIHED      =        2.1040
 VDWAALS =       -0.5574  EEL     =       13.3648  EGB        =       -7.9938
 1-4 VDW =        2.9408  1-4 EEL =      -32.7067  RESTRAINT  =        0.0000


   NSTEP       ENERGY          RMS            GMAX         NAME    NUMBER
     11      -2.2004E+00     2.3162E+00     8.2674E+00     C3          6

 BOND    =        0.5347  ANGLE   =       20.1739  DIHED      =        2.1039
 VDWAALS =       -0.5656  EEL     =       13.3510  EGB        =       -8.0148
 1-4 VDW =        2.9030  1-4 EEL =      -32.6865  RESTRAINT  =        0.0000


   NSTEP       ENERGY          RMS            GMAX         NAME    NUMBER
     12      -2.5677E+00     2.9187E+00     9.5437E+00     O           4

 BOND    =        0.6489  ANGLE   =       19.7048  DIHED      =        2.1054
 VDWAALS =       -0.5882  EEL     =       13.3533  EGB        =       -7.9846
 1-4 VDW =        2.8779  1-4 EEL =      -32.6853  RESTRAINT  =        0.0000


   NSTEP       ENERGY          RMS            GMAX         NAME    NUMBER
     13      -2.1602E+00     7.4053E+00     2.9385E+01     C4          2

 BOND    =        1.0383  ANGLE   =       19.8405  DIHED      =        2.1087
 VDWAALS =       -0.5733  EEL     =       13.3073  EGB        =       -8.1331
 1-4 VDW =        2.8390  1-4 EEL =      -32.5876  RESTRAINT  =        0.0000


   NSTEP       ENERGY          RMS            GMAX         NAME    NUMBER
     14      -2.8772E+00     2.0217E+00     7.4714E+00     C3          6

 BOND    =        0.5796  ANGLE   =       19.5216  DIHED      =        2.1094
 VDWAALS =       -0.5812  EEL     =       13.3295  EGB        =       -8.0541
 1-4 VDW =        2.8461  1-4 EEL =      -32.6279  RESTRAINT  =        0.0000


   NSTEP       ENERGY          RMS            GMAX         NAME    NUMBER
     15      -2.8495E+00     3.8520E+00     1.5678E+01     C4          2

 BOND    =        0.8304  ANGLE   =       19.2569  DIHED      =        2.1130
 VDWAALS =       -0.5998  EEL     =       13.3411  EGB        =       -7.9897
 1-4 VDW =        2.8429  1-4 EEL =      -32.6444  RESTRAINT  =        0.0000


   NSTEP       ENERGY          RMS            GMAX         NAME    NUMBER
     16      -3.0667E+00     1.1681E+00     3.9793E+00     O           4

 BOND    =        0.6257  ANGLE   =       19.2796  DIHED      =        2.1142
 VDWAALS =       -0.5914  EEL     =       13.3302  EGB        =       -8.0387
 1-4 VDW =        2.8338  1-4 EEL =      -32.6201  RESTRAINT  =        0.0000


   NSTEP       ENERGY          RMS            GMAX         NAME    NUMBER
     17      -3.1498E+00     1.5260E+00     5.7801E+00     C3          6

 BOND    =        0.6088  ANGLE   =       19.2238  DIHED      =        2.1186
 VDWAALS =       -0.5834  EEL     =       13.3209  EGB        =       -8.0625
 1-4 VDW =        2.8211  1-4 EEL =      -32.5972  RESTRAINT  =        0.0000


   NSTEP       ENERGY          RMS            GMAX         NAME    NUMBER
     18      -3.1614E+00     2.5875E+00     8.8278E+00     C4          2

 BOND    =        0.8055  ANGLE   =       18.9938  DIHED      =        2.1229
 VDWAALS =       -0.5964  EEL     =       13.3314  EGB        =       -8.0308
 1-4 VDW =        2.8199  1-4 EEL =      -32.6077  RESTRAINT  =        0.0000


   NSTEP       ENERGY          RMS            GMAX         NAME    NUMBER
     19      -3.1789E+00     2.9768E+00     1.0869E+01     C4          2

 BOND    =        0.6574  ANGLE   =       19.1588  DIHED      =        2.1262
 VDWAALS =       -0.5751  EEL     =       13.3123  EGB        =       -8.0905
 1-4 VDW =        2.8050  1-4 EEL =      -32.5731  RESTRAINT  =        0.0000


   NSTEP       ENERGY          RMS            GMAX         NAME    NUMBER
     20      -3.1467E+00     3.8024E+00     1.5196E+01     C4          2

 BOND    =        0.9445  ANGLE   =       18.8489  DIHED      =        2.1294
 VDWAALS =       -0.5967  EEL     =       13.3328  EGB        =       -8.0207
 1-4 VDW =        2.8173  1-4 EEL =      -32.6023  RESTRAINT  =        0.0000


   NSTEP       ENERGY          RMS            GMAX         NAME    NUMBER
     21      -3.3574E+00     9.0361E-01     2.8075E+00     H23C       19

 BOND    =        0.6960  ANGLE   =       18.9149  DIHED      =        2.1308
 VDWAALS =       -0.5835  EEL     =       13.3230  EGB        =       -8.0600
 1-4 VDW =        2.8064  1-4 EEL =      -32.5850  RESTRAINT  =        0.0000


   NSTEP       ENERGY          RMS            GMAX         NAME    NUMBER
     22      -3.4132E+00     1.5893E+00     5.7593E+00     C3          6

 BOND    =        0.6307  ANGLE   =       18.9234  DIHED      =        2.1377
 VDWAALS =       -0.5746  EEL     =       13.3133  EGB        =       -8.0792
 1-4 VDW =        2.7992  1-4 EEL =      -32.5638  RESTRAINT  =        0.0000


   NSTEP       ENERGY          RMS            GMAX         NAME    NUMBER
     23      -3.3704E+00     3.0204E+00     8.2754E+00     O           4

 BOND    =        0.9698  ANGLE   =       18.6011  DIHED      =        2.1426
 VDWAALS =       -0.5780  EEL     =       13.3377  EGB        =       -8.0494
 1-4 VDW =        2.8009  1-4 EEL =      -32.5951  RESTRAINT  =        0.0000


   NSTEP       ENERGY          RMS            GMAX         NAME    NUMBER
     24      -3.4991E+00     9.2847E-01     2.7303E+00     O           4

 BOND    =        0.7256  ANGLE   =       18.7259  DIHED      =        2.1438
 VDWAALS =       -0.5744  EEL     =       13.3224  EGB        =       -8.0664
 1-4 VDW =        2.7970  1-4 EEL =      -32.5731  RESTRAINT  =        0.0000


   NSTEP       ENERGY          RMS            GMAX         NAME    NUMBER
     25      -3.5297E+00     1.3941E+00     5.9149E+00     C3          6

 BOND    =        0.6764  ANGLE   =       18.7428  DIHED      =        2.1488
 VDWAALS =       -0.5639  EEL     =       13.3190  EGB        =       -8.0846
 1-4 VDW =        2.7944  1-4 EEL =      -32.5626  RESTRAINT  =        0.0000


   NSTEP       ENERGY          RMS            GMAX         NAME    NUMBER
     26      -3.5388E+00     1.9528E+00     7.1308E+00     C3          6

 BOND    =        0.7890  ANGLE   =       18.6009  DIHED      =        2.1528
 VDWAALS =       -0.5706  EEL     =       13.3241  EGB        =       -8.0576
 1-4 VDW =        2.7948  1-4 EEL =      -32.5721  RESTRAINT  =        0.0000


   NSTEP       ENERGY          RMS            GMAX         NAME    NUMBER
     27      -3.5433E+00     2.4260E+00     9.5908E+00     C3          6

 BOND    =        0.7517  ANGLE   =       18.6464  DIHED      =        2.1563
 VDWAALS =       -0.5525  EEL     =       13.3241  EGB        =       -8.0984
 1-4 VDW =        2.7917  1-4 EEL =      -32.5627  RESTRAINT  =        0.0000


   NSTEP       ENERGY          RMS            GMAX         NAME    NUMBER
     28      -3.5146E+00     3.3139E+00     1.0057E+01     C3          6

 BOND    =        0.7575  ANGLE   =       18.6378  DIHED      =        2.1596
 VDWAALS =       -0.5686  EEL     =       13.3159  EGB        =       -8.0492
 1-4 VDW =        2.7938  1-4 EEL =      -32.5615  RESTRAINT  =        0.0000


   NSTEP       ENERGY          RMS            GMAX         NAME    NUMBER
     29      -3.6483E+00     8.0989E-01     2.1369E+00     H21C       17

 BOND    =        0.7451  ANGLE   =       18.5262  DIHED      =        2.1608
 VDWAALS =       -0.5577  EEL     =       13.3259  EGB        =       -8.0734
 1-4 VDW =        2.7928  1-4 EEL =      -32.5680  RESTRAINT  =        0.0000


   NSTEP       ENERGY          RMS            GMAX         NAME    NUMBER
     30      -3.6734E+00     1.4261E+00     4.6939E+00     C3          6

 BOND    =        0.6570  ANGLE   =       18.5862  DIHED      =        2.1670
 VDWAALS =       -0.5474  EEL     =       13.3188  EGB        =       -8.0896
 1-4 VDW =        2.7895  1-4 EEL =      -32.5549  RESTRAINT  =        0.0000


   NSTEP       ENERGY          RMS            GMAX         NAME    NUMBER
     31      -3.6705E+00     2.0786E+00     6.1885E+00     C3          6

 BOND    =        0.8952  ANGLE   =       18.3251  DIHED      =        2.1709
 VDWAALS =       -0.5506  EEL     =       13.3368  EGB        =       -8.0639
 1-4 VDW =        2.7952  1-4 EEL =      -32.5793  RESTRAINT  =        0.0000


   NSTEP       ENERGY          RMS            GMAX         NAME    NUMBER
     32      -3.7351E+00     6.8690E-01     1.9804E+00     H22C       18

 BOND    =        0.7301  ANGLE   =       18.4328  DIHED      =        2.1725
 VDWAALS =       -0.5461  EEL     =       13.3268  EGB        =       -8.0775
 1-4 VDW =        2.7914  1-4 EEL =      -32.5651  RESTRAINT  =        0.0000


   NSTEP       ENERGY          RMS            GMAX         NAME    NUMBER
     33      -3.7643E+00     9.2393E-01     3.3299E+00     C3          6

 BOND    =        0.7164  ANGLE   =       18.4098  DIHED      =        2.1776
 VDWAALS =       -0.5377  EEL     =       13.3278  EGB        =       -8.0865
 1-4 VDW =        2.7915  1-4 EEL =      -32.5632  RESTRAINT  =        0.0000


   NSTEP       ENERGY          RMS            GMAX         NAME    NUMBER
     34      -3.7713E+00     1.6391E+00     5.3545E+00     C3          6

 BOND    =        0.7382  ANGLE   =       18.3651  DIHED      =        2.1824
 VDWAALS =       -0.5407  EEL     =       13.3265  EGB        =       -8.0700
 1-4 VDW =        2.7918  1-4 EEL =      -32.5645  RESTRAINT  =        0.0000


   NSTEP       ENERGY          RMS            GMAX         NAME    NUMBER
     35      -3.7716E+00     2.1304E+00     6.2833E+00     C3          6

 BOND    =        0.8126  ANGLE   =       18.2928  DIHED      =        2.1851
 VDWAALS =       -0.5265  EEL     =       13.3363  EGB        =       -8.0948
 1-4 VDW =        2.7930  1-4 EEL =      -32.5701  RESTRAINT  =        0.0000


   NSTEP       ENERGY          RMS            GMAX         NAME    NUMBER
     36      -3.7588E+00     2.7322E+00     7.7003E+00     C6          5

 BOND    =        0.6776  ANGLE   =       18.4255  DIHED      =        2.1887
 VDWAALS =       -0.5369  EEL     =       13.3194  EGB        =       -8.0687
 1-4 VDW =        2.7913  1-4 EEL =      -32.5557  RESTRAINT  =        0.0000


   NSTEP       ENERGY          RMS            GMAX         NAME    NUMBER
     37      -3.8425E+00     6.2976E-01     1.8072E+00     H21C       17

 BOND    =        0.7268  ANGLE   =       18.2941  DIHED      =        2.1894
 VDWAALS =       -0.5299  EEL     =       13.3306  EGB        =       -8.0801
 1-4 VDW =        2.7927  1-4 EEL =      -32.5662  RESTRAINT  =        0.0000


   NSTEP       ENERGY          RMS            GMAX         NAME    NUMBER
     38      -3.8685E+00     1.0100E+00     3.0727E+00     C3          6

 BOND    =        0.7416  ANGLE   =       18.2450  DIHED      =        2.1951
 VDWAALS =       -0.5208  EEL     =       13.3341  EGB        =       -8.0892
 1-4 VDW =        2.7934  1-4 EEL =      -32.5677  RESTRAINT  =        0.0000


   NSTEP       ENERGY          RMS            GMAX         NAME    NUMBER
     39      -3.8567E+00     2.0510E+00     5.1574E+00     C6          5

 BOND    =        0.7058  ANGLE   =       18.2757  DIHED      =        2.1999
 VDWAALS =       -0.5258  EEL     =       13.3273  EGB        =       -8.0704
 1-4 VDW =        2.7940  1-4 EEL =      -32.5632  RESTRAINT  =        0.0000


   NSTEP       ENERGY          RMS            GMAX         NAME    NUMBER
     40      -3.9053E+00     6.4118E-01     1.7313E+00     H21C       17

 BOND    =        0.7327  ANGLE   =       18.2019  DIHED      =        2.2006
 VDWAALS =       -0.5201  EEL     =       13.3339  EGB        =       -8.0803
 1-4 VDW =        2.7946  1-4 EEL =      -32.5688  RESTRAINT  =        0.0000


   NSTEP       ENERGY          RMS            GMAX         NAME    NUMBER
     41      -3.9238E+00     8.2144E-01     2.3623E+00     C3          6

 BOND    =        0.7326  ANGLE   =       18.1790  DIHED      =        2.2046
 VDWAALS =       -0.5131  EEL     =       13.3358  EGB        =       -8.0886
 1-4 VDW =        2.7950  1-4 EEL =      -32.5692  RESTRAINT  =        0.0000


   NSTEP       ENERGY          RMS            GMAX         NAME    NUMBER
     42      -3.9324E+00     1.2887E+00     3.2271E+00     C4          2

 BOND    =        0.7123  ANGLE   =       18.1769  DIHED      =        2.2087
 VDWAALS =       -0.5159  EEL     =       13.3327  EGB        =       -8.0753
 1-4 VDW =        2.7961  1-4 EEL =      -32.5679  RESTRAINT  =        0.0000


   NSTEP       ENERGY          RMS            GMAX         NAME    NUMBER
     43      -3.9356E+00     1.6649E+00     4.6953E+00     C7          8

 BOND    =        0.8064  ANGLE   =       18.0810  DIHED      =        2.2112
 VDWAALS =       -0.5052  EEL     =       13.3428  EGB        =       -8.0928
 1-4 VDW =        2.7973  1-4 EEL =      -32.5762  RESTRAINT  =        0.0000


   NSTEP       ENERGY          RMS            GMAX         NAME    NUMBER
     44      -3.9344E+00     2.0370E+00     5.6572E+00     C6          5

 BOND    =        0.6690  ANGLE   =       18.2073  DIHED      =        2.2145
 VDWAALS =       -0.5124  EEL     =       13.3286  EGB        =       -8.0747
 1-4 VDW =        2.7964  1-4 EEL =      -32.5632  RESTRAINT  =        0.0000


   NSTEP       ENERGY          RMS            GMAX         NAME    NUMBER
     45      -3.9815E+00     5.4042E-01     1.5981E+00     H21C       17

 BOND    =        0.7247  ANGLE   =       18.1051  DIHED      =        2.2153
 VDWAALS =       -0.5072  EEL     =       13.3374  EGB        =       -8.0826
 1-4 VDW =        2.7976  1-4 EEL =      -32.5718  RESTRAINT  =        0.0000


   NSTEP       ENERGY          RMS            GMAX         NAME    NUMBER
     46      -4.0032E+00     6.8960E-01     1.5304E+00     H21C       17

 BOND    =        0.7421  ANGLE   =       18.0584  DIHED      =        2.2202
 VDWAALS =       -0.5013  EEL     =       13.3405  EGB        =       -8.0873
 1-4 VDW =        2.7987  1-4 EEL =      -32.5744  RESTRAINT  =        0.0000


   NSTEP       ENERGY          RMS            GMAX         NAME    NUMBER
     47      -4.0082E+00     1.4108E+00     3.5369E+00     C6          5

 BOND    =        0.6916  ANGLE   =       18.0897  DIHED      =        2.2252
 VDWAALS =       -0.5032  EEL     =       13.3352  EGB        =       -8.0763
 1-4 VDW =        2.7998  1-4 EEL =      -32.5703  RESTRAINT  =        0.0000


   NSTEP       ENERGY          RMS            GMAX         NAME    NUMBER
     48      -4.0084E+00     1.7698E+00     5.1385E+00     C7          8

 BOND    =        0.8278  ANGLE   =       17.9546  DIHED      =        2.2273
 VDWAALS =       -0.4931  EEL     =       13.3484  EGB        =       -8.0924
 1-4 VDW =        2.8016  1-4 EEL =      -32.5827  RESTRAINT  =        0.0000


   NSTEP       ENERGY          RMS            GMAX         NAME    NUMBER
     49      -4.0056E+00     2.1168E+00     5.9745E+00     C6          5

 BOND    =        0.6598  ANGLE   =       18.1146  DIHED      =        2.2306
 VDWAALS =       -0.5004  EEL     =       13.3318  EGB        =       -8.0757
 1-4 VDW =        2.8002  1-4 EEL =      -32.5667  RESTRAINT  =        0.0000


   NSTEP       ENERGY          RMS            GMAX         NAME    NUMBER
     50      -4.0558E+00     5.1128E-01     1.4931E+00     H21C       17

 BOND    =        0.7217  ANGLE   =       18.0029  DIHED      =        2.2313
 VDWAALS =       -0.4954  EEL     =       13.3413  EGB        =       -8.0831
 1-4 VDW =        2.8017  1-4 EEL =      -32.5762  RESTRAINT  =        0.0000


   NSTEP       ENERGY          RMS            GMAX         NAME    NUMBER
     51      -4.0762E+00     7.2321E-01     1.7004E+00     C7          8

 BOND    =        0.7512  ANGLE   =       17.9449  DIHED      =        2.2365
 VDWAALS =       -0.4898  EEL     =       13.3452  EGB        =       -8.0874
 1-4 VDW =        2.8032  1-4 EEL =      -32.5803  RESTRAINT  =        0.0000


   NSTEP       ENERGY          RMS            GMAX         NAME    NUMBER
     52       1.9635E+01     4.7049E+01     1.2659E+02     C6          5

 BOND    =       16.8916  ANGLE   =       25.0853  DIHED      =        2.3846
 VDWAALS =       -0.5394  EEL     =       13.1701  EGB        =       -7.8494
 1-4 VDW =        2.9154  1-4 EEL =      -32.4236  RESTRAINT  =        0.0000


   NSTEP       ENERGY          RMS            GMAX         NAME    NUMBER
     53      -4.0863E+00     6.3518E-01     1.4518E+00     C12         9

 BOND    =        0.7077  ANGLE   =       17.9724  DIHED      =        2.2388
 VDWAALS =       -0.4910  EEL     =       13.3417  EGB        =       -8.0823
 1-4 VDW =        2.8036  1-4 EEL =      -32.5771  RESTRAINT  =        0.0000


   NSTEP       ENERGY          RMS            GMAX         NAME    NUMBER
     54      -4.1020E+00     6.2498E-01     1.4360E+00     H21C       17

 BOND    =        0.7124  ANGLE   =       17.9444  DIHED      =        2.2426
 VDWAALS =       -0.4889  EEL     =       13.3430  EGB        =       -8.0816
 1-4 VDW =        2.8049  1-4 EEL =      -32.5788  RESTRAINT  =        0.0000


   NSTEP       ENERGY          RMS            GMAX         NAME    NUMBER
     55      -4.2277E+00     9.6454E-01     4.0951E+00     C4          2

 BOND    =        0.7666  ANGLE   =       17.6939  DIHED      =        2.2774
 VDWAALS =       -0.4686  EEL     =       13.3551  EGB        =       -8.0746
 1-4 VDW =        2.8171  1-4 EEL =      -32.5948  RESTRAINT  =        0.0000


   NSTEP       ENERGY          RMS            GMAX         NAME    NUMBER
     56      -4.4072E+00     3.3361E+00     1.3699E+01     C4          2

 BOND    =        1.0867  ANGLE   =       16.9376  DIHED      =        2.4002
 VDWAALS =       -0.3890  EEL     =       13.3940  EGB        =       -8.0519
 1-4 VDW =        2.8603  1-4 EEL =      -32.6452  RESTRAINT  =        0.0000


   NSTEP       ENERGY          RMS            GMAX         NAME    NUMBER
     57      -4.6950E+00     7.3847E-01     2.3301E+00     C3          6

 BOND    =        0.8086  ANGLE   =       16.5717  DIHED      =        2.5843
 VDWAALS =       -0.2304  EEL     =       13.4084  EGB        =       -8.0838
 1-4 VDW =        2.9118  1-4 EEL =      -32.6654  RESTRAINT  =        0.0000


   NSTEP       ENERGY          RMS            GMAX         NAME    NUMBER
     58      -4.6985E+00     6.2485E-01     2.5587E+00     C3          6

 BOND    =        0.8230  ANGLE   =       16.5929  DIHED      =        2.5650
 VDWAALS =       -0.2483  EEL     =       13.4072  EGB        =       -8.0807
 1-4 VDW =        2.9060  1-4 EEL =      -32.6637  RESTRAINT  =        0.0000


   NSTEP       ENERGY          RMS            GMAX         NAME    NUMBER
     59      -4.7113E+00     5.3657E-01     1.5702E+00     O           4

 BOND    =        0.7842  ANGLE   =       16.6236  DIHED      =        2.5666
 VDWAALS =       -0.2562  EEL     =       13.4067  EGB        =       -8.0822
 1-4 VDW =        2.9113  1-4 EEL =      -32.6652  RESTRAINT  =        0.0000


   NSTEP       ENERGY          RMS            GMAX         NAME    NUMBER
     60      -4.7120E+00     6.7095E-01     2.2338E+00     O           4

 BOND    =        0.7750  ANGLE   =       16.6334  DIHED      =        2.5671
 VDWAALS =       -0.2585  EEL     =       13.4065  EGB        =       -8.0827
 1-4 VDW =        2.9129  1-4 EEL =      -32.6656  RESTRAINT  =        0.0000


   NSTEP       ENERGY          RMS            GMAX         NAME    NUMBER
     61      -4.7354E+00     5.7648E-01     1.7558E+00     O           4

 BOND    =        0.7565  ANGLE   =       16.6414  DIHED      =        2.5713
 VDWAALS =       -0.2791  EEL     =       13.4059  EGB        =       -8.0791
 1-4 VDW =        2.9199  1-4 EEL =      -32.6723  RESTRAINT  =        0.0000


   NSTEP       ENERGY          RMS            GMAX         NAME    NUMBER
     62      -4.7613E+00     1.1324E+00     3.2143E+00     C6          5

 BOND    =        0.7378  ANGLE   =       16.6663  DIHED      =        2.5832
 VDWAALS =       -0.3320  EEL     =       13.4042  EGB        =       -8.0695
 1-4 VDW =        2.9385  1-4 EEL =      -32.6897  RESTRAINT  =        0.0000


   NSTEP       ENERGY          RMS            GMAX         NAME    NUMBER
     63      -4.8258E+00     1.2012E+00     3.0301E+00     C4          2

 BOND    =        0.8237  ANGLE   =       16.4978  DIHED      =        2.6337
 VDWAALS =       -0.3832  EEL     =       13.4197  EGB        =       -8.0625
 1-4 VDW =        2.9701  1-4 EEL =      -32.7250  RESTRAINT  =        0.0000


   NSTEP       ENERGY          RMS            GMAX         NAME    NUMBER
     64      -4.8325E+00     1.6770E+00     5.0696E+00     C4          2

 BOND    =        0.8775  ANGLE   =       16.4283  DIHED      =        2.6564
 VDWAALS =       -0.4051  EEL     =       13.4264  EGB        =       -8.0595
 1-4 VDW =        2.9839  1-4 EEL =      -32.7404  RESTRAINT  =        0.0000


   NSTEP       ENERGY          RMS            GMAX         NAME    NUMBER
     65      -4.9345E+00     1.1026E+00     3.4428E+00     H23C       19

 BOND    =        0.8268  ANGLE   =       16.3318  DIHED      =        2.7343
 VDWAALS =       -0.4807  EEL     =       13.4324  EGB        =       -8.0285
 1-4 VDW =        3.0222  1-4 EEL =      -32.7727  RESTRAINT  =        0.0000


   NSTEP       ENERGY          RMS            GMAX         NAME    NUMBER
     66      -4.9564E+00     1.4979E+00     5.1092E+00     C4          2

 BOND    =        0.8265  ANGLE   =       16.2746  DIHED      =        2.7923
 VDWAALS =       -0.5331  EEL     =       13.4364  EGB        =       -8.0065
 1-4 VDW =        3.0489  1-4 EEL =      -32.7955  RESTRAINT  =        0.0000


   NSTEP       ENERGY          RMS            GMAX         NAME    NUMBER
     67      -5.0902E+00     1.2545E+00     4.1241E+00     C4          2

 BOND    =        0.6893  ANGLE   =       16.3557  DIHED      =        2.8499
 VDWAALS =       -0.6659  EEL     =       13.4261  EGB        =       -7.9923
 1-4 VDW =        3.0678  1-4 EEL =      -32.8208  RESTRAINT  =        0.0000


   NSTEP       ENERGY          RMS            GMAX         NAME    NUMBER
     68      -5.1140E+00     1.7938E+00     4.1941E+00     N           3

 BOND    =        0.6295  ANGLE   =       16.4327  DIHED      =        2.8904
 VDWAALS =       -0.7451  EEL     =       13.4194  EGB        =       -7.9837
 1-4 VDW =        3.0791  1-4 EEL =      -32.8364  RESTRAINT  =        0.0000


   NSTEP       ENERGY          RMS            GMAX         NAME    NUMBER
     69      -5.1663E+00     2.6882E+00     7.3332E+00     C9         12

 BOND    =        0.8766  ANGLE   =       16.3114  DIHED      =        3.0114
 VDWAALS =       -0.9707  EEL     =       13.3903  EGB        =       -7.9979
 1-4 VDW =        3.0622  1-4 EEL =      -32.8496  RESTRAINT  =        0.0000


   NSTEP       ENERGY          RMS            GMAX         NAME    NUMBER
     70      -5.2094E+00     1.4468E+00     4.3955E+00     N           3

 BOND    =        0.7330  ANGLE   =       16.3458  DIHED      =        2.9606
 VDWAALS =       -0.8840  EEL     =       13.4021  EGB        =       -7.9919
 1-4 VDW =        3.0697  1-4 EEL =      -32.8446  RESTRAINT  =        0.0000


   NSTEP       ENERGY          RMS            GMAX         NAME    NUMBER
     71      -5.2842E+00     1.0323E+00     2.5135E+00     O           4

 BOND    =        0.8199  ANGLE   =       16.2194  DIHED      =        3.0316
 VDWAALS =       -0.9578  EEL     =       13.3927  EGB        =       -7.9810
 1-4 VDW =        3.0471  1-4 EEL =      -32.8563  RESTRAINT  =        0.0000


   NSTEP       ENERGY          RMS            GMAX         NAME    NUMBER
     72      -5.2872E+00     1.2145E+00     3.2917E+00     O           4

 BOND    =        0.8511  ANGLE   =       16.1933  DIHED      =        3.0491
 VDWAALS =       -0.9751  EEL     =       13.3903  EGB        =       -7.9784
 1-4 VDW =        3.0415  1-4 EEL =      -32.8590  RESTRAINT  =        0.0000


   NSTEP       ENERGY          RMS            GMAX         NAME    NUMBER
     73      -5.3553E+00     1.0557E+00     2.4209E+00     O           4

 BOND    =        0.8388  ANGLE   =       16.1514  DIHED      =        3.1163
 VDWAALS =       -1.0329  EEL     =       13.3748  EGB        =       -7.9766
 1-4 VDW =        3.0259  1-4 EEL =      -32.8531  RESTRAINT  =        0.0000


   NSTEP       ENERGY          RMS            GMAX         NAME    NUMBER
     74      -5.3594E+00     1.3224E+00     3.1087E+00     C10        11

 BOND    =        0.8443  ANGLE   =       16.1459  DIHED      =        3.1377
 VDWAALS =       -1.0507  EEL     =       13.3699  EGB        =       -7.9762
 1-4 VDW =        3.0207  1-4 EEL =      -32.8511  RESTRAINT  =        0.0000


   NSTEP       ENERGY          RMS            GMAX         NAME    NUMBER
     75      -5.4403E+00     1.4392E+00     3.8906E+00     C2          7

 BOND    =        0.9387  ANGLE   =       16.0461  DIHED      =        3.2005
 VDWAALS =       -1.1512  EEL     =       13.3522  EGB        =       -7.9868
 1-4 VDW =        3.0001  1-4 EEL =      -32.8397  RESTRAINT  =        0.0000


   NSTEP       ENERGY          RMS            GMAX         NAME    NUMBER
     76      -5.4552E+00     1.1441E+00     3.3296E+00     C2          7

 BOND    =        0.9156  ANGLE   =       16.0545  DIHED      =        3.2001
 VDWAALS =       -1.1528  EEL     =       13.3522  EGB        =       -7.9854
 1-4 VDW =        3.0007  1-4 EEL =      -32.8400  RESTRAINT  =        0.0000


   NSTEP       ENERGY          RMS            GMAX         NAME    NUMBER
     77      -5.4691E+00     8.8254E-01     2.6547E+00     C2          7

 BOND    =        0.8947  ANGLE   =       16.0621  DIHED      =        3.1994
 VDWAALS =       -1.1552  EEL     =       13.3522  EGB        =       -7.9839
 1-4 VDW =        3.0019  1-4 EEL =      -32.8403  RESTRAINT  =        0.0000


   NSTEP       ENERGY          RMS            GMAX         NAME    NUMBER
     78      -5.4820E+00     7.0981E-01     1.9764E+00     H11        22

 BOND    =        0.8790  ANGLE   =       16.0655  DIHED      =        3.1984
 VDWAALS =       -1.1590  EEL     =       13.3523  EGB        =       -7.9824
 1-4 VDW =        3.0042  1-4 EEL =      -32.8400  RESTRAINT  =        0.0000


   NSTEP       ENERGY          RMS            GMAX         NAME    NUMBER
     79      -5.4951E+00     6.1183E-01     1.8389E+00     H11        22

 BOND    =        0.8702  ANGLE   =       16.0625  DIHED      =        3.1968
 VDWAALS =       -1.1645  EEL     =       13.3522  EGB        =       -7.9813
 1-4 VDW =        3.0079  1-4 EEL =      -32.8389  RESTRAINT  =        0.0000


   NSTEP       ENERGY          RMS            GMAX         NAME    NUMBER
     80      -1.9984E+00     8.0924E+00     2.4815E+01     O           4

 BOND    =        1.8292  ANGLE   =       18.3776  DIHED      =        3.2821
 VDWAALS =       -1.5622  EEL     =       13.3262  EGB        =       -7.9145
 1-4 VDW =        3.3522  1-4 EEL =      -32.6890  RESTRAINT  =        0.0000


   NSTEP       ENERGY          RMS            GMAX         NAME    NUMBER
     81      -5.5511E+00     6.9956E-01     2.2380E+00     O           4

 BOND    =        0.8215  ANGLE   =       16.0652  DIHED      =        3.1840
 VDWAALS =       -1.2159  EEL     =       13.3493  EGB        =       -7.9734
 1-4 VDW =        3.0403  1-4 EEL =      -32.8221  RESTRAINT  =        0.0000


   NSTEP       ENERGY          RMS            GMAX         NAME    NUMBER
     82      -5.5572E+00     1.7065E+00     4.4310E+00     C5          1

 BOND    =        0.6922  ANGLE   =       16.2429  DIHED      =        3.1733
 VDWAALS =       -1.2689  EEL     =       13.3331  EGB        =       -7.9694
 1-4 VDW =        3.0263  1-4 EEL =      -32.7867  RESTRAINT  =        0.0000


   NSTEP       ENERGY          RMS            GMAX         NAME    NUMBER
     83      -5.5807E+00     8.3837E-01     2.3447E+00     C6          5

 BOND    =        0.7336  ANGLE   =       16.1539  DIHED      =        3.1773
 VDWAALS =       -1.2442  EEL     =       13.3407  EGB        =       -7.9713
 1-4 VDW =        3.0326  1-4 EEL =      -32.8034  RESTRAINT  =        0.0000


   NSTEP       ENERGY          RMS            GMAX         NAME    NUMBER
     84      -5.6075E+00     9.0988E-01     2.1204E+00     H10        23

 BOND    =        0.7963  ANGLE   =       16.1310  DIHED      =        3.1726
 VDWAALS =       -1.2811  EEL     =       13.3324  EGB        =       -7.9829
 1-4 VDW =        3.0075  1-4 EEL =      -32.7833  RESTRAINT  =        0.0000


   NSTEP       ENERGY          RMS            GMAX         NAME    NUMBER
     85      -5.6078E+00     8.2408E-01     2.0106E+00     H10        23

 BOND    =        0.7894  ANGLE   =       16.1318  DIHED      =        3.1729
 VDWAALS =       -1.2778  EEL     =       13.3331  EGB        =       -7.9818
 1-4 VDW =        3.0097  1-4 EEL =      -32.7851  RESTRAINT  =        0.0000


   NSTEP       ENERGY          RMS            GMAX         NAME    NUMBER
     86      -5.6268E+00     7.8107E-01     2.3242E+00     N           3

 BOND    =        0.8183  ANGLE   =       16.1540  DIHED      =        3.1722
 VDWAALS =       -1.3109  EEL     =       13.3239  EGB        =       -7.9897
 1-4 VDW =        2.9762  1-4 EEL =      -32.7708  RESTRAINT  =        0.0000


   NSTEP       ENERGY          RMS            GMAX         NAME    NUMBER
     87      -5.6284E+00     5.8211E-01     1.4728E+00     H23C       19

 BOND    =        0.8079  ANGLE   =       16.1478  DIHED      =        3.1721
 VDWAALS =       -1.3037  EEL     =       13.3260  EGB        =       -7.9880
 1-4 VDW =        2.9835  1-4 EEL =      -32.7739  RESTRAINT  =        0.0000


   NSTEP       ENERGY          RMS            GMAX         NAME    NUMBER
     88      -5.6431E+00     3.5906E-01     1.0162E+00     H23C       19

 BOND    =        0.8101  ANGLE   =       16.1627  DIHED      =        3.1705
 VDWAALS =       -1.3157  EEL     =       13.3191  EGB        =       -7.9931
 1-4 VDW =        2.9679  1-4 EEL =      -32.7646  RESTRAINT  =        0.0000


   NSTEP       ENERGY          RMS            GMAX         NAME    NUMBER
     89      -5.6461E+00     4.5382E-01     1.3661E+00     C8         13

 BOND    =        0.8169  ANGLE   =       16.1747  DIHED      =        3.1697
 VDWAALS =       -1.3241  EEL     =       13.3143  EGB        =       -7.9967
 1-4 VDW =        2.9571  1-4 EEL =      -32.7580  RESTRAINT  =        0.0000


   NSTEP       ENERGY          RMS            GMAX         NAME    NUMBER
     90      -5.6488E+00     8.1359E-01     3.0501E+00     C9         12

 BOND    =        0.8285  ANGLE   =       16.2059  DIHED      =        3.1687
 VDWAALS =       -1.3410  EEL     =       13.3071  EGB        =       -8.0062
 1-4 VDW =        2.9322  1-4 EEL =      -32.7440  RESTRAINT  =        0.0000


   NSTEP       ENERGY          RMS            GMAX         NAME    NUMBER
     91      -5.6523E+00     4.2188E-01     1.6740E+00     C9         12

 BOND    =        0.8199  ANGLE   =       16.1917  DIHED      =        3.1690
 VDWAALS =       -1.3338  EEL     =       13.3102  EGB        =       -8.0021
 1-4 VDW =        2.9429  1-4 EEL =      -32.7500  RESTRAINT  =        0.0000


   NSTEP       ENERGY          RMS            GMAX         NAME    NUMBER
     92      -5.6598E+00     2.9560E-01     9.3836E-01     O           4

 BOND    =        0.8262  ANGLE   =       16.1979  DIHED      =        3.1683
 VDWAALS =       -1.3431  EEL     =       13.3077  EGB        =       -7.9993
 1-4 VDW =        2.9304  1-4 EEL =      -32.7477  RESTRAINT  =        0.0000


   NSTEP       ENERGY          RMS            GMAX         NAME    NUMBER
     93      -5.6610E+00     3.9908E-01     1.0923E+00     C9         12

 BOND    =        0.8320  ANGLE   =       16.2026  DIHED      =        3.1680
 VDWAALS =       -1.3487  EEL     =       13.3062  EGB        =       -7.9977
 1-4 VDW =        2.9229  1-4 EEL =      -32.7463  RESTRAINT  =        0.0000


   NSTEP       ENERGY          RMS            GMAX         NAME    NUMBER
     94      -5.6708E+00     4.3632E-01     1.9799E+00     C3          6

 BOND    =        0.8424  ANGLE   =       16.2025  DIHED      =        3.1695
 VDWAALS =       -1.3676  EEL     =       13.2998  EGB        =       -7.9960
 1-4 VDW =        2.9226  1-4 EEL =      -32.7440  RESTRAINT  =        0.0000


   NSTEP       ENERGY          RMS            GMAX         NAME    NUMBER
     95      -5.6715E+00     5.7365E-01     2.7181E+00     C3          6

 BOND    =        0.8477  ANGLE   =       16.2032  DIHED      =        3.1703
 VDWAALS =       -1.3742  EEL     =       13.2976  EGB        =       -7.9954
 1-4 VDW =        2.9225  1-4 EEL =      -32.7431  RESTRAINT  =        0.0000


   NSTEP       ENERGY          RMS            GMAX         NAME    NUMBER
     96      -5.6851E+00     4.4113E-01     1.7467E+00     C7          8

 BOND    =        0.8521  ANGLE   =       16.2169  DIHED      =        3.1738
 VDWAALS =       -1.3993  EEL     =       13.2955  EGB        =       -7.9961
 1-4 VDW =        2.9205  1-4 EEL =      -32.7485  RESTRAINT  =        0.0000


   NSTEP       ENERGY          RMS            GMAX         NAME    NUMBER
     97      -5.6863E+00     5.7232E-01     2.6536E+00     C7          8

 BOND    =        0.8564  ANGLE   =       16.2233  DIHED      =        3.1755
 VDWAALS =       -1.4090  EEL     =       13.2947  EGB        =       -7.9964
 1-4 VDW =        2.9198  1-4 EEL =      -32.7505  RESTRAINT  =        0.0000


   NSTEP       ENERGY          RMS            GMAX         NAME    NUMBER
     98      -5.6935E+00     7.8267E-01     3.0421E+00     C6          5

 BOND    =        0.7863  ANGLE   =       16.3257  DIHED      =        3.1821
 VDWAALS =       -1.4464  EEL     =       13.2876  EGB        =       -7.9845
 1-4 VDW =        2.9124  1-4 EEL =      -32.7567  RESTRAINT  =        0.0000


   NSTEP       ENERGY          RMS            GMAX         NAME    NUMBER
     99      -5.6961E+00     4.7914E-01     1.4626E+00     C6          5

 BOND    =        0.8065  ANGLE   =       16.2899  DIHED      =        3.1796
 VDWAALS =       -1.4339  EEL     =       13.2900  EGB        =       -7.9885
 1-4 VDW =        2.9149  1-4 EEL =      -32.7546  RESTRAINT  =        0.0000


   NSTEP       ENERGY          RMS            GMAX         NAME    NUMBER
    100      -5.7059E+00     3.4054E-01     8.5809E-01     H21C       17

 BOND    =        0.8209  ANGLE   =       16.2741  DIHED      =        3.1842
 VDWAALS =       -1.4520  EEL     =       13.2909  EGB        =       -7.9849
 1-4 VDW =        2.9224  1-4 EEL =      -32.7615  RESTRAINT  =        0.0000


  Maximum number of minimization cycles reached.


                    FINAL RESULTS



   NSTEP       ENERGY          RMS            GMAX         NAME    NUMBER
    100      -5.7059E+00     3.4054E-01     8.5809E-01     H21C       17

 BOND    =        0.8209  ANGLE   =       16.2741  DIHED      =        3.1842
 VDWAALS =       -1.4520  EEL     =       13.2909  EGB        =       -7.9849
 1-4 VDW =        2.9224  1-4 EEL =      -32.7615  RESTRAINT  =        0.0000

--------------------------------------------------------------------------------
   5.  TIMINGS
--------------------------------------------------------------------------------

|    Read coords time           0.00 ( 0.45% of Total)
|    Fast Water setup           0.00 ( 0.01% of Total)
|                Calc gb radii              0.00 (30.30% of Gen B)
|                Calc gb diag               0.00 (43.35% of Gen B)
|                Calc gb off-diag           0.00 (25.93% of Gen B)
|                Other                      0.00 ( 0.41% of Gen B)
|             Gen Born time              0.01 (100.0% of Nonbo)
|             IPS excludes               0.00 ( 0.07% of Nonbo)
|          Nonbond force              0.01 (79.47% of Force)
|          Bond/Angle/Dihedral        0.00 (19.40% of Force)
|          Other                      0.00 ( 1.12% of Force)
|       Force time                 0.01 (100.0% of Runmd)
|    Runmd Time                 0.01 (29.30% of Total)
|    Other                      0.03 (70.24% of Total)
| Total time                 0.04 (99.18% of ALL  )

| Number of list builds   :          0

| Highest rstack allocated:          0
| Highest istack allocated:          0
|           Job began  at 00:08:20.608  on 02/05/2016
|           Setup done at 00:08:20.614  on 02/05/2016
|           Run   done at 00:08:20.645  on 02/05/2016
|     wallclock() was called    1828 times
