
          -------------------------------------------------------
          Amber 16 SANDER                              2016
          -------------------------------------------------------

| Run on 04/20/2016 at 15:21:13

|   Executable path: sander
| Working directory: /gpfs/gpfs/project1/dacase-001/haichit/phenix_amber/run_amber_library/amber_library/a
|          Hostname: e1c029

  [-O]verwriting output

File Assignments:
|  MDIN: AG0_sander.in                                                         
| MDOUT: AG0.min.out                                                           
|INPCRD: AG0.rst7                                                              
|  PARM: AG0.prmtop                                                            
|RESTRT: AG0.min.rst7                                                          
|  REFC: refc                                                                  
| MDVEL: mdvel                                                                 
| MDFRC: mdfrc                                                                 
|  MDEN: mden                                                                  
| MDCRD: mdcrd                                                                 
|MDINFO: mdinfo                                                                
|  MTMD: mtmd                                                                  
|INPDIP: inpdip                                                                
|RSTDIP: rstdip                                                                
|INPTRA: inptraj                                                               


 Here is the input file:

  short minimization                                                           
 &cntrl                                                                        
   imin=1, maxcyc=100, ncyc=50, ntpr=1, cut=99., ntb=0,                        
 /                                                                             

--------------------------------------------------------------------------------
   1.  RESOURCE   USE: 
--------------------------------------------------------------------------------

| Flags:                                                                        
|    NONPERIODIC   ntb=0 and igb=0: Setting up nonperiodic simulation
|  *** cutoff > system size, list only builds once
|Largest sphere to fit in unit cell has radius =    34.438
| New format PARM file being parsed.
| Version =    1.000 Date = 04/20/16 Time = 15:21:13
 NATOM  =      74 NTYPES =      10 NBONH =      37 MBONA  =      41
 NTHETH =      84 MTHETA =      60 NPHIH =     145 MPHIA  =     122
 NHPARM =       0 NPARM  =       0 NNB   =     425 NRES   =       1
 NBONA  =      41 NTHETA =      60 NPHIA =     122 NUMBND =      25
 NUMANG =      46 NPTRA  =      25 NATYP =      17 NPHB   =       0
 IFBOX  =       0 NMXRS  =      74 IFCAP =       0 NEXTRA =       0
 NCOPY  =       0


|     Memory Use     Allocated
|     Real               10283
|     Hollerith            225
|     Integer            35236
|     Max Pairs           2701
|     nblistReal           888
|     nblist Int       1207046
|       Total             4951 kbytes

| Note: 1-4 EEL scale factors are being read from the topology file.

| Note: 1-4 VDW scale factors are being read from the topology file.
| Duplicated    0 dihedrals
| Duplicated    0 dihedrals

--------------------------------------------------------------------------------
   2.  CONTROL  DATA  FOR  THE  RUN
--------------------------------------------------------------------------------

AG0                                                                             

General flags:
     imin    =       1, nmropt  =       0

Nature and format of input:
     ntx     =       1, irest   =       0, ntrx    =       1

Nature and format of output:
     ntxo    =       2, ntpr    =       1, ntrx    =       1, ntwr    =       1
     iwrap   =       0, ntwx    =       0, ntwv    =       0, ntwe    =       0
     ioutfm  =       1, ntwprt  =       0, idecomp =       0, rbornstat=      0

Potential function:
     ntf     =       1, ntb     =       0, igb     =       0, nsnb    =      25
     ipol    =       0, gbsa    =       0, iesp    =       0
     dielc   =   1.00000, cut     =  99.00000, intdiel =   1.00000

Frozen or restrained atoms:
     ibelly  =       0, ntr     =       0

Energy minimization:
     maxcyc  =     100, ncyc    =      50, ntmin   =       1
     dx0     =   0.01000, drms    =   0.00010
|  INFO: Old style inpcrd file read


--------------------------------------------------------------------------------
   3.  ATOMIC COORDINATES AND VELOCITIES
--------------------------------------------------------------------------------

AG0                                                                             
 begin time read from input coords =     0.000 ps

 Number of triangulated 3-point waters found:        0

     Sum of charges from parm topology file =   0.00099700
     Forcing neutrality...

--------------------------------------------------------------------------------
   4.  RESULTS
--------------------------------------------------------------------------------

 ---------------------------------------------------

     eedmeth=4: Setting switch to one everywhere

 ---------------------------------------------------
| Local SIZE OF NONBOND LIST =       2288
| TOTAL SIZE OF NONBOND LIST =       2288


   NSTEP       ENERGY          RMS            GMAX         NAME    NUMBER
      1      -5.5093E+01     2.1588E+01     1.1073E+02     C4         10

 BOND    =       19.5822  ANGLE   =       24.3909  DIHED      =       29.8932
 VDWAALS =       -3.3992  EEL     =       10.5060  HBOND      =        0.0000
 1-4 VDW =       18.1619  1-4 EEL =     -154.2282  RESTRAINT  =        0.0000


   NSTEP       ENERGY          RMS            GMAX         NAME    NUMBER
      2      -5.8773E+01     1.9587E+01     9.9689E+01     C4         10

 BOND    =       17.1802  ANGLE   =       23.1727  DIHED      =       29.8862
 VDWAALS =       -3.4341  EEL     =       10.5659  HBOND      =        0.0000
 1-4 VDW =       18.1969  1-4 EEL =     -154.3406  RESTRAINT  =        0.0000


   NSTEP       ENERGY          RMS            GMAX         NAME    NUMBER
      3      -6.2724E+01     1.7271E+01     8.6755E+01     C4         10

 BOND    =       14.6460  ANGLE   =       21.8267  DIHED      =       29.8779
 VDWAALS =       -3.4788  EEL     =       10.6395  HBOND      =        0.0000
 1-4 VDW =       18.2421  1-4 EEL =     -154.4773  RESTRAINT  =        0.0000


   NSTEP       ENERGY          RMS            GMAX         NAME    NUMBER
      4      -6.6826E+01     1.4640E+01     7.1806E+01     C4         10

 BOND    =       12.0816  ANGLE   =       20.3749  DIHED      =       29.8679
 VDWAALS =       -3.5372  EEL     =       10.7305  HBOND      =        0.0000
 1-4 VDW =       18.3008  1-4 EEL =     -154.6440  RESTRAINT  =        0.0000


   NSTEP       ENERGY          RMS            GMAX         NAME    NUMBER
      5      -7.0889E+01     1.1757E+01     5.4965E+01     C4         10

 BOND    =        9.6368  ANGLE   =       18.8612  DIHED      =       29.8560
 VDWAALS =       -3.6157  EEL     =       10.8433  HBOND      =        0.0000
 1-4 VDW =       18.3772  1-4 EEL =     -154.8480  RESTRAINT  =        0.0000


   NSTEP       ENERGY          RMS            GMAX         NAME    NUMBER
      6      -7.4669E+01     8.8149E+00     3.7009E+01     C4         10

 BOND    =        7.4914  ANGLE   =       17.3610  DIHED      =       29.8415
 VDWAALS =       -3.7251  EEL     =       10.9831  HBOND      =        0.0000
 1-4 VDW =       18.4761  1-4 EEL =     -155.0969  RESTRAINT  =        0.0000


   NSTEP       ENERGY          RMS            GMAX         NAME    NUMBER
      7      -7.7945E+01     6.2382E+00     2.2392E+01     N10         9

 BOND    =        5.7671  ANGLE   =       15.9902  DIHED      =       29.8235
 VDWAALS =       -3.8841  EEL     =       11.1516  HBOND      =        0.0000
 1-4 VDW =       18.6012  1-4 EEL =     -155.3944  RESTRAINT  =        0.0000


   NSTEP       ENERGY          RMS            GMAX         NAME    NUMBER
      8      -8.0701E+01     4.4430E+00     1.5822E+01     N10         9

 BOND    =        4.3584  ANGLE   =       14.8948  DIHED      =       29.8011
 VDWAALS =       -4.1185  EEL     =       11.3328  HBOND      =        0.0000
 1-4 VDW =       18.7514  1-4 EEL =     -155.7210  RESTRAINT  =        0.0000


   NSTEP       ENERGY          RMS            GMAX         NAME    NUMBER
      9      -8.3100E+01     3.2540E+00     1.0432E+01     N10         9

 BOND    =        3.1545  ANGLE   =       14.0193  DIHED      =       29.7763
 VDWAALS =       -4.4411  EEL     =       11.4809  HBOND      =        0.0000
 1-4 VDW =       18.9391  1-4 EEL =     -156.0287  RESTRAINT  =        0.0000


   NSTEP       ENERGY          RMS            GMAX         NAME    NUMBER
     10      -8.5154E+01     2.3565E+00     8.2048E+00     H7         40

 BOND    =        2.5713  ANGLE   =       12.9008  DIHED      =       29.7538
 VDWAALS =       -4.8460  EEL     =       11.6134  HBOND      =        0.0000
 1-4 VDW =       19.2199  1-4 EEL =     -156.3673  RESTRAINT  =        0.0000


   NSTEP       ENERGY          RMS            GMAX         NAME    NUMBER
     11      -8.6463E+01     3.5426E+00     1.7606E+01     N5         11

 BOND    =        1.6522  ANGLE   =       13.0993  DIHED      =       29.7364
 VDWAALS =       -5.3315  EEL     =       11.7901  HBOND      =        0.0000
 1-4 VDW =       19.3116  1-4 EEL =     -156.7211  RESTRAINT  =        0.0000


   NSTEP       ENERGY          RMS            GMAX         NAME    NUMBER
     12      -8.2739E+01     1.2136E+01     6.4988E+01     N5         11

 BOND    =        7.1755  ANGLE   =       11.3061  DIHED      =       29.7429
 VDWAALS =       -5.5740  EEL     =       11.8698  HBOND      =        0.0000
 1-4 VDW =       19.8283  1-4 EEL =     -157.0879  RESTRAINT  =        0.0000


   NSTEP       ENERGY          RMS            GMAX         NAME    NUMBER
     13      -8.7124E+01     3.8242E+00     1.9320E+01     N5         11

 BOND    =        2.6371  ANGLE   =       11.6979  DIHED      =       29.7360
 VDWAALS =       -5.6102  EEL     =       11.8721  HBOND      =        0.0000
 1-4 VDW =       19.5254  1-4 EEL =     -156.9819  RESTRAINT  =        0.0000


   NSTEP       ENERGY          RMS            GMAX         NAME    NUMBER
     14      -8.6664E+01     6.0855E+00     3.2386E+01     N5         11

 BOND    =        1.6795  ANGLE   =       13.4417  DIHED      =       29.7238
 VDWAALS =       -5.7253  EEL     =       11.9028  HBOND      =        0.0000
 1-4 VDW =       19.2247  1-4 EEL =     -156.9111  RESTRAINT  =        0.0000


   NSTEP       ENERGY          RMS            GMAX         NAME    NUMBER
     15      -8.7868E+01     1.5152E+00     5.4314E+00     N5         11

 BOND    =        1.5540  ANGLE   =       12.3269  DIHED      =       29.7251
 VDWAALS =       -5.7518  EEL     =       11.9161  HBOND      =        0.0000
 1-4 VDW =       19.3663  1-4 EEL =     -157.0046  RESTRAINT  =        0.0000


   NSTEP       ENERGY          RMS            GMAX         NAME    NUMBER
     16      -8.7960E+01     3.0965E+00     1.5363E+01     N5         11

 BOND    =        2.2412  ANGLE   =       11.6647  DIHED      =       29.7216
 VDWAALS =       -5.8886  EEL     =       11.9569  HBOND      =        0.0000
 1-4 VDW =       19.4826  1-4 EEL =     -157.1380  RESTRAINT  =        0.0000


   NSTEP       ENERGY          RMS            GMAX         NAME    NUMBER
     17      -8.7891E+01     4.0996E+00     2.1208E+01     N5         11

 BOND    =        1.4160  ANGLE   =       12.8023  DIHED      =       29.7128
 VDWAALS =       -5.9650  EEL     =       11.9684  HBOND      =        0.0000
 1-4 VDW =       19.2435  1-4 EEL =     -157.0693  RESTRAINT  =        0.0000


   NSTEP       ENERGY          RMS            GMAX         NAME    NUMBER
     18      -8.8458E+01     1.0768E+00     3.1384E+00     H1         38

 BOND    =        1.5103  ANGLE   =       12.1143  DIHED      =       29.7130
 VDWAALS =       -5.9867  EEL     =       11.9809  HBOND      =        0.0000
 1-4 VDW =       19.3503  1-4 EEL =     -157.1401  RESTRAINT  =        0.0000


   NSTEP       ENERGY          RMS            GMAX         NAME    NUMBER
     19      -8.8661E+01     1.5721E+00     7.2340E+00     N5         11

 BOND    =        1.7433  ANGLE   =       11.8026  DIHED      =       29.7071
 VDWAALS =       -6.0930  EEL     =       12.0158  HBOND      =        0.0000
 1-4 VDW =       19.3903  1-4 EEL =     -157.2273  RESTRAINT  =        0.0000


   NSTEP       ENERGY          RMS            GMAX         NAME    NUMBER
     20      -8.8605E+01     3.0912E+00     1.5556E+01     C4         10

 BOND    =        1.3156  ANGLE   =       12.5027  DIHED      =       29.6984
 VDWAALS =       -6.1745  EEL     =       12.0275  HBOND      =        0.0000
 1-4 VDW =       19.2224  1-4 EEL =     -157.1976  RESTRAINT  =        0.0000


   NSTEP       ENERGY          RMS            GMAX         NAME    NUMBER
     21      -8.8929E+01     9.7281E-01     3.1949E+00     C4         10

 BOND    =        1.4288  ANGLE   =       12.0420  DIHED      =       29.6980
 VDWAALS =       -6.1902  EEL     =       12.0395  HBOND      =        0.0000
 1-4 VDW =       19.3041  1-4 EEL =     -157.2514  RESTRAINT  =        0.0000


   NSTEP       ENERGY          RMS            GMAX         NAME    NUMBER
     22      -8.9056E+01     1.2869E+00     6.0274E+00     N5         11

 BOND    =        1.6203  ANGLE   =       11.7948  DIHED      =       29.6929
 VDWAALS =       -6.2551  EEL     =       12.0654  HBOND      =        0.0000
 1-4 VDW =       19.3408  1-4 EEL =     -157.3149  RESTRAINT  =        0.0000


   NSTEP       ENERGY          RMS            GMAX         NAME    NUMBER
     23      -8.9097E+01     2.0497E+00     1.0742E+01     C4         10

 BOND    =        1.2925  ANGLE   =       12.2415  DIHED      =       29.6857
 VDWAALS =       -6.3127  EEL     =       12.0718  HBOND      =        0.0000
 1-4 VDW =       19.2184  1-4 EEL =     -157.2938  RESTRAINT  =        0.0000


   NSTEP       ENERGY          RMS            GMAX         NAME    NUMBER
     24      -8.9132E+01     2.4132E+00     1.1559E+01     N5         11

 BOND    =        1.8347  ANGLE   =       11.6297  DIHED      =       29.6830
 VDWAALS =       -6.3473  EEL     =       12.0992  HBOND      =        0.0000
 1-4 VDW =       19.3616  1-4 EEL =     -157.3928  RESTRAINT  =        0.0000


   NSTEP       ENERGY          RMS            GMAX         NAME    NUMBER
     25      -8.9114E+01     2.9948E+00     1.4854E+01     N5         11

 BOND    =        1.2927  ANGLE   =       12.3690  DIHED      =       29.6765
 VDWAALS =       -6.3889  EEL     =       12.0971  HBOND      =        0.0000
 1-4 VDW =       19.1625  1-4 EEL =     -157.3233  RESTRAINT  =        0.0000


   NSTEP       ENERGY          RMS            GMAX         NAME    NUMBER
     26      -8.9419E+01     7.7851E-01     2.1859E+00     H11A       45

 BOND    =        1.3850  ANGLE   =       11.9411  DIHED      =       29.6756
 VDWAALS =       -6.4008  EEL     =       12.1074  HBOND      =        0.0000
 1-4 VDW =       19.2497  1-4 EEL =     -157.3770  RESTRAINT  =        0.0000


   NSTEP       ENERGY          RMS            GMAX         NAME    NUMBER
     27      -8.9545E+01     1.0609E+00     4.9405E+00     N5         11

 BOND    =        1.5062  ANGLE   =       11.7764  DIHED      =       29.6672
 VDWAALS =       -6.4635  EEL     =       12.1357  HBOND      =        0.0000
 1-4 VDW =       19.2704  1-4 EEL =     -157.4376  RESTRAINT  =        0.0000


   NSTEP       ENERGY          RMS            GMAX         NAME    NUMBER
     28      -8.9535E+01     2.2192E+00     1.2297E+01     C4         10

 BOND    =        1.2517  ANGLE   =       12.2045  DIHED      =       29.6587
 VDWAALS =       -6.5173  EEL     =       12.1397  HBOND      =        0.0000
 1-4 VDW =       19.1393  1-4 EEL =     -157.4119  RESTRAINT  =        0.0000


   NSTEP       ENERGY          RMS            GMAX         NAME    NUMBER
     29      -8.9707E+01     7.2179E-01     2.3413E+00     C4         10

 BOND    =        1.3484  ANGLE   =       11.9121  DIHED      =       29.6572
 VDWAALS =       -6.5269  EEL     =       12.1515  HBOND      =        0.0000
 1-4 VDW =       19.2057  1-4 EEL =     -157.4548  RESTRAINT  =        0.0000


   NSTEP       ENERGY          RMS            GMAX         NAME    NUMBER
     30      -8.9792E+01     8.6777E-01     4.0535E+00     N5         11

 BOND    =        1.4413  ANGLE   =       11.7847  DIHED      =       29.6502
 VDWAALS =       -6.5671  EEL     =       12.1738  HBOND      =        0.0000
 1-4 VDW =       19.2248  1-4 EEL =     -157.4998  RESTRAINT  =        0.0000


   NSTEP       ENERGY          RMS            GMAX         NAME    NUMBER
     31      -8.9839E+01     1.3960E+00     8.3367E+00     C4         10

 BOND    =        1.2588  ANGLE   =       12.0405  DIHED      =       29.6428
 VDWAALS =       -6.6072  EEL     =       12.1754  HBOND      =        0.0000
 1-4 VDW =       19.1356  1-4 EEL =     -157.4853  RESTRAINT  =        0.0000


   NSTEP       ENERGY          RMS            GMAX         NAME    NUMBER
     32      -8.9855E+01     1.8332E+00     9.8817E+00     N5         11

 BOND    =        1.6074  ANGLE   =       11.6459  DIHED      =       29.6378
 VDWAALS =       -6.6311  EEL     =       12.2040  HBOND      =        0.0000
 1-4 VDW =       19.2463  1-4 EEL =     -157.5654  RESTRAINT  =        0.0000


   NSTEP       ENERGY          RMS            GMAX         NAME    NUMBER
     33      -8.9867E+01     2.1643E+00     1.1567E+01     C4         10

 BOND    =        1.2387  ANGLE   =       12.1474  DIHED      =       29.6320
 VDWAALS =       -6.6588  EEL     =       12.1955  HBOND      =        0.0000
 1-4 VDW =       19.0838  1-4 EEL =     -157.5054  RESTRAINT  =        0.0000


   NSTEP       ENERGY          RMS            GMAX         NAME    NUMBER
     34      -8.9839E+01     2.6811E+00     1.2714E+01     C7         13

 BOND    =        1.7624  ANGLE   =       11.5760  DIHED      =       29.6281
 VDWAALS =       -6.6769  EEL     =       12.2205  HBOND      =        0.0000
 1-4 VDW =       19.2591  1-4 EEL =     -157.6084  RESTRAINT  =        0.0000


   NSTEP       ENERGY          RMS            GMAX         NAME    NUMBER
     35      -9.0081E+01     6.3528E-01     1.9582E+00     N5         11

 BOND    =        1.3638  ANGLE   =       11.8107  DIHED      =       29.6252
 VDWAALS =       -6.6885  EEL     =       12.2188  HBOND      =        0.0000
 1-4 VDW =       19.1612  1-4 EEL =     -157.5725  RESTRAINT  =        0.0000


   NSTEP       ENERGY          RMS            GMAX         NAME    NUMBER
     36      -9.0164E+01     9.9874E-01     5.6982E+00     C4         10

 BOND    =        1.2621  ANGLE   =       11.9469  DIHED      =       29.6146
 VDWAALS =       -6.7346  EEL     =       12.2290  HBOND      =        0.0000
 1-4 VDW =       19.0970  1-4 EEL =     -157.5788  RESTRAINT  =        0.0000


   NSTEP       ENERGY          RMS            GMAX         NAME    NUMBER
     37      -9.0125E+01     2.0907E+00     1.1612E+01     N5         11

 BOND    =        1.6193  ANGLE   =       11.6109  DIHED      =       29.6065
 VDWAALS =       -6.7631  EEL     =       12.2600  HBOND      =        0.0000
 1-4 VDW =       19.2024  1-4 EEL =     -157.6615  RESTRAINT  =        0.0000


   NSTEP       ENERGY          RMS            GMAX         NAME    NUMBER
     38      -9.0273E+01     6.5440E-01     2.7488E+00     N5         11

 BOND    =        1.3586  ANGLE   =       11.7859  DIHED      =       29.6043
 VDWAALS =       -6.7724  EEL     =       12.2546  HBOND      =        0.0000
 1-4 VDW =       19.1280  1-4 EEL =     -157.6320  RESTRAINT  =        0.0000


   NSTEP       ENERGY          RMS            GMAX         NAME    NUMBER
     39      -9.0323E+01     9.1385E-01     5.4115E+00     C4         10

 BOND    =        1.2578  ANGLE   =       11.9245  DIHED      =       29.5968
 VDWAALS =       -6.8011  EEL     =       12.2561  HBOND      =        0.0000
 1-4 VDW =       19.0679  1-4 EEL =     -157.6246  RESTRAINT  =        0.0000


   NSTEP       ENERGY          RMS            GMAX         NAME    NUMBER
     40      -9.0341E+01     1.3595E+00     7.6704E+00     N5         11

 BOND    =        1.4696  ANGLE   =       11.6824  DIHED      =       29.5902
 VDWAALS =       -6.8213  EEL     =       12.2805  HBOND      =        0.0000
 1-4 VDW =       19.1423  1-4 EEL =     -157.6849  RESTRAINT  =        0.0000


   NSTEP       ENERGY          RMS            GMAX         NAME    NUMBER
     41      -9.0360E+01     1.5933E+00     9.1039E+00     C4         10

 BOND    =        1.2261  ANGLE   =       12.0216  DIHED      =       29.5846
 VDWAALS =       -6.8423  EEL     =       12.2716  HBOND      =        0.0000
 1-4 VDW =       19.0163  1-4 EEL =     -157.6376  RESTRAINT  =        0.0000


   NSTEP       ENERGY          RMS            GMAX         NAME    NUMBER
     42      -9.0354E+01     1.9910E+00     9.9819E+00     N5         11

 BOND    =        1.5683  ANGLE   =       11.6277  DIHED      =       29.5798
 VDWAALS =       -6.8555  EEL     =       12.2932  HBOND      =        0.0000
 1-4 VDW =       19.1497  1-4 EEL =     -157.7174  RESTRAINT  =        0.0000


   NSTEP       ENERGY          RMS            GMAX         NAME    NUMBER
     43      -9.0490E+01     5.4257E-01     1.6484E+00     N5         11

 BOND    =        1.3224  ANGLE   =       11.7993  DIHED      =       29.5771
 VDWAALS =       -6.8645  EEL     =       12.2912  HBOND      =        0.0000
 1-4 VDW =       19.0737  1-4 EEL =     -157.6894  RESTRAINT  =        0.0000


   NSTEP       ENERGY          RMS            GMAX         NAME    NUMBER
     44      -9.0552E+01     7.0919E-01     3.9263E+00     C4         10

 BOND    =        1.2624  ANGLE   =       11.8811  DIHED      =       29.5675
 VDWAALS =       -6.8950  EEL     =       12.2971  HBOND      =        0.0000
 1-4 VDW =       19.0278  1-4 EEL =     -157.6924  RESTRAINT  =        0.0000


   NSTEP       ENERGY          RMS            GMAX         NAME    NUMBER
     45      -9.0564E+01     1.3889E+00     8.1294E+00     N5         11

 BOND    =        1.4560  ANGLE   =       11.6763  DIHED      =       29.5585
 VDWAALS =       -6.9184  EEL     =       12.3224  HBOND      =        0.0000
 1-4 VDW =       19.0932  1-4 EEL =     -157.7517  RESTRAINT  =        0.0000


   NSTEP       ENERGY          RMS            GMAX         NAME    NUMBER
     46      -9.0572E+01     1.6639E+00     9.9433E+00     C4         10

 BOND    =        1.2208  ANGLE   =       12.0211  DIHED      =       29.5529
 VDWAALS =       -6.9377  EEL     =       12.3101  HBOND      =        0.0000
 1-4 VDW =       18.9582  1-4 EEL =     -157.6974  RESTRAINT  =        0.0000


   NSTEP       ENERGY          RMS            GMAX         NAME    NUMBER
     47      -9.0560E+01     2.0520E+00     1.0640E+01     N5         11

 BOND    =        1.5615  ANGLE   =       11.6232  DIHED      =       29.5480
 VDWAALS =       -6.9476  EEL     =       12.3325  HBOND      =        0.0000
 1-4 VDW =       19.1029  1-4 EEL =     -157.7807  RESTRAINT  =        0.0000


   NSTEP       ENERGY          RMS            GMAX         NAME    NUMBER
     48      -9.0704E+01     5.0954E-01     1.6933E+00     N5         11

 BOND    =        1.3106  ANGLE   =       11.7947  DIHED      =       29.5453
 VDWAALS =       -6.9560  EEL     =       12.3297  HBOND      =        0.0000
 1-4 VDW =       19.0219  1-4 EEL =     -157.7497  RESTRAINT  =        0.0000


   NSTEP       ENERGY          RMS            GMAX         NAME    NUMBER
     49      -9.0759E+01     7.4084E-01     4.5981E+00     C4         10

 BOND    =        1.2522  ANGLE   =       11.8838  DIHED      =       29.5348
 VDWAALS =       -6.9853  EEL     =       12.3330  HBOND      =        0.0000
 1-4 VDW =       18.9709  1-4 EEL =     -157.7483  RESTRAINT  =        0.0000


   NSTEP       ENERGY          RMS            GMAX         NAME    NUMBER
     50      -9.0750E+01     1.5266E+00     9.3661E+00     N5         11

 BOND    =        1.4659  ANGLE   =       11.6646  DIHED      =       29.5255
 VDWAALS =       -7.0045  EEL     =       12.3613  HBOND      =        0.0000
 1-4 VDW =       19.0496  1-4 EEL =     -157.8127  RESTRAINT  =        0.0000


   NSTEP       ENERGY          RMS            GMAX         NAME    NUMBER
     51      -9.0833E+01     5.0342E-01     1.9576E+00     N5         11

 BOND    =        1.3077  ANGLE   =       11.7915  DIHED      =       29.5234
 VDWAALS =       -7.0116  EEL     =       12.3537  HBOND      =        0.0000
 1-4 VDW =       18.9887  1-4 EEL =     -157.7864  RESTRAINT  =        0.0000


   NSTEP       ENERGY          RMS            GMAX         NAME    NUMBER
     52      -8.6763E+01     1.1615E+01     8.8935E+01     C4         10

 BOND    =        4.2419  ANGLE   =       14.0447  DIHED      =       29.3908
 VDWAALS =       -7.3635  EEL     =       12.3235  HBOND      =        0.0000
 1-4 VDW =       18.2720  1-4 EEL =     -157.6728  RESTRAINT  =        0.0000


   NSTEP       ENERGY          RMS            GMAX         NAME    NUMBER
     53      -9.0882E+01     1.0531E+00     7.7955E+00     C4         10

 BOND    =        1.2398  ANGLE   =       11.9256  DIHED      =       29.5099
 VDWAALS =       -7.0476  EEL     =       12.3507  HBOND      =        0.0000
 1-4 VDW =       18.9149  1-4 EEL =     -157.7753  RESTRAINT  =        0.0000


   NSTEP       ENERGY          RMS            GMAX         NAME    NUMBER
     54      -9.0979E+01     1.0142E+00     7.6525E+00     C4         10

 BOND    =        1.2448  ANGLE   =       11.9174  DIHED      =       29.4924
 VDWAALS =       -7.0892  EEL     =       12.3668  HBOND      =        0.0000
 1-4 VDW =       18.8905  1-4 EEL =     -157.8020  RESTRAINT  =        0.0000


   NSTEP       ENERGY          RMS            GMAX         NAME    NUMBER
     55      -9.1682E+01     1.1621E+00     6.3774E+00     C7         13

 BOND    =        1.3552  ANGLE   =       11.9280  DIHED      =       29.3382
 VDWAALS =       -7.4530  EEL     =       12.5153  HBOND      =        0.0000
 1-4 VDW =       18.6808  1-4 EEL =     -158.0467  RESTRAINT  =        0.0000


   NSTEP       ENERGY          RMS            GMAX         NAME    NUMBER
     56      -9.2091E+01     2.3573E+00     1.6037E+01     C7         13

 BOND    =        1.7498  ANGLE   =       12.2458  DIHED      =       29.1249
 VDWAALS =       -7.9475  EEL     =       12.7420  HBOND      =        0.0000
 1-4 VDW =       18.4122  1-4 EEL =     -158.4179  RESTRAINT  =        0.0000


   NSTEP       ENERGY          RMS            GMAX         NAME    NUMBER
     57      -8.8200E+01     1.0274E+01     6.9159E+01     C7         13

 BOND    =        5.1688  ANGLE   =       14.3925  DIHED      =       28.7881
 VDWAALS =       -8.6512  EEL     =       13.3454  HBOND      =        0.0000
 1-4 VDW =       17.8248  1-4 EEL =     -159.0690  RESTRAINT  =        0.0000


   NSTEP       ENERGY          RMS            GMAX         NAME    NUMBER
     58      -9.2322E+01     4.3387E-01     2.6486E+00     H1         38

 BOND    =        1.6521  ANGLE   =       12.4707  DIHED      =       29.0539
 VDWAALS =       -8.0971  EEL     =       12.8577  HBOND      =        0.0000
 1-4 VDW =       18.2844  1-4 EEL =     -158.5440  RESTRAINT  =        0.0000


   NSTEP       ENERGY          RMS            GMAX         NAME    NUMBER
     59      -9.2338E+01     4.1710E-01     2.6106E+00     H1         38

 BOND    =        1.6574  ANGLE   =       12.4686  DIHED      =       29.0483
 VDWAALS =       -8.1014  EEL     =       12.8568  HBOND      =        0.0000
 1-4 VDW =       18.2730  1-4 EEL =     -158.5406  RESTRAINT  =        0.0000


   NSTEP       ENERGY          RMS            GMAX         NAME    NUMBER
     60      -9.2438E+01     8.6523E-01     5.4500E+00     C4         10

 BOND    =        1.7354  ANGLE   =       12.4623  DIHED      =       28.9972
 VDWAALS =       -8.1410  EEL     =       12.8488  HBOND      =        0.0000
 1-4 VDW =       18.1689  1-4 EEL =     -158.5097  RESTRAINT  =        0.0000


   NSTEP       ENERGY          RMS            GMAX         NAME    NUMBER
     61      -9.2462E+01     1.4361E+00     9.7682E+00     C4         10

 BOND    =        1.8303  ANGLE   =       12.4738  DIHED      =       28.9587
 VDWAALS =       -8.1709  EEL     =       12.8430  HBOND      =        0.0000
 1-4 VDW =       18.0896  1-4 EEL =     -158.4860  RESTRAINT  =        0.0000


   NSTEP       ENERGY          RMS            GMAX         NAME    NUMBER
     62      -9.2664E+01     8.4194E-01     3.5076E+00     O20         5

 BOND    =        1.7847  ANGLE   =       12.5547  DIHED      =       28.8616
 VDWAALS =       -8.2199  EEL     =       12.8423  HBOND      =        0.0000
 1-4 VDW =       17.9725  1-4 EEL =     -158.4601  RESTRAINT  =        0.0000


   NSTEP       ENERGY          RMS            GMAX         NAME    NUMBER
     63      -9.2717E+01     9.9214E-01     3.5921E+00     O20         5

 BOND    =        1.8036  ANGLE   =       12.6698  DIHED      =       28.7845
 VDWAALS =       -8.2586  EEL     =       12.8431  HBOND      =        0.0000
 1-4 VDW =       17.8799  1-4 EEL =     -158.4391  RESTRAINT  =        0.0000


   NSTEP       ENERGY          RMS            GMAX         NAME    NUMBER
     64      -9.2796E+01     8.9156E-01     3.2975E+00     N5         11

 BOND    =        1.7179  ANGLE   =       12.8119  DIHED      =       28.6972
 VDWAALS =       -8.2751  EEL     =       12.8208  HBOND      =        0.0000
 1-4 VDW =       17.8152  1-4 EEL =     -158.3843  RESTRAINT  =        0.0000


   NSTEP       ENERGY          RMS            GMAX         NAME    NUMBER
     65      -9.2808E+01     6.0753E-01     2.2431E+00     N5         11

 BOND    =        1.7161  ANGLE   =       12.7679  DIHED      =       28.7196
 VDWAALS =       -8.2710  EEL     =       12.8265  HBOND      =        0.0000
 1-4 VDW =       17.8317  1-4 EEL =     -158.3985  RESTRAINT  =        0.0000


   NSTEP       ENERGY          RMS            GMAX         NAME    NUMBER
     66      -9.2841E+01     5.4418E-01     2.0420E+00     C6         12

 BOND    =        1.7251  ANGLE   =       12.7786  DIHED      =       28.6925
 VDWAALS =       -8.2687  EEL     =       12.8047  HBOND      =        0.0000
 1-4 VDW =       17.7938  1-4 EEL =     -158.3672  RESTRAINT  =        0.0000


   NSTEP       ENERGY          RMS            GMAX         NAME    NUMBER
     67      -9.2841E+01     5.3472E-01     1.9973E+00     C6         12

 BOND    =        1.7245  ANGLE   =       12.7782  DIHED      =       28.6929
 VDWAALS =       -8.2688  EEL     =       12.8051  HBOND      =        0.0000
 1-4 VDW =       17.7944  1-4 EEL =     -158.3678  RESTRAINT  =        0.0000


   NSTEP       ENERGY          RMS            GMAX         NAME    NUMBER
     68      -9.2873E+01     3.8098E-01     1.2993E+00     C33        31

 BOND    =        1.7837  ANGLE   =       12.7207  DIHED      =       28.6681
 VDWAALS =       -8.2606  EEL     =       12.8086  HBOND      =        0.0000
 1-4 VDW =       17.7612  1-4 EEL =     -158.3548  RESTRAINT  =        0.0000


   NSTEP       ENERGY          RMS            GMAX         NAME    NUMBER
     69      -9.2874E+01     4.5634E-01     1.5584E+00     C35        33

 BOND    =        1.8028  ANGLE   =       12.7083  DIHED      =       28.6621
 VDWAALS =       -8.2586  EEL     =       12.8095  HBOND      =        0.0000
 1-4 VDW =       17.7530  1-4 EEL =     -158.3516  RESTRAINT  =        0.0000


   NSTEP       ENERGY          RMS            GMAX         NAME    NUMBER
     70      -9.2903E+01     4.1054E-01     1.7894E+00     C4         10

 BOND    =        1.8392  ANGLE   =       12.6677  DIHED      =       28.6395
 VDWAALS =       -8.2439  EEL     =       12.7776  HBOND      =        0.0000
 1-4 VDW =       17.7161  1-4 EEL =     -158.2994  RESTRAINT  =        0.0000


   NSTEP       ENERGY          RMS            GMAX         NAME    NUMBER
     71      -9.2904E+01     4.8945E-01     2.2552E+00     C4         10

 BOND    =        1.8503  ANGLE   =       12.6608  DIHED      =       28.6347
 VDWAALS =       -8.2406  EEL     =       12.7707  HBOND      =        0.0000
 1-4 VDW =       17.7082  1-4 EEL =     -158.2881  RESTRAINT  =        0.0000


   NSTEP       ENERGY          RMS            GMAX         NAME    NUMBER
     72      -9.2932E+01     5.9184E-01     2.6665E+00     C4         10

 BOND    =        1.9119  ANGLE   =       12.6152  DIHED      =       28.6031
 VDWAALS =       -8.2300  EEL     =       12.7542  HBOND      =        0.0000
 1-4 VDW =       17.6759  1-4 EEL =     -158.2624  RESTRAINT  =        0.0000


   NSTEP       ENERGY          RMS            GMAX         NAME    NUMBER
     73      -9.2932E+01     5.5993E-01     2.4054E+00     C4         10

 BOND    =        1.9076  ANGLE   =       12.6171  DIHED      =       28.6047
 VDWAALS =       -8.2306  EEL     =       12.7551  HBOND      =        0.0000
 1-4 VDW =       17.6776  1-4 EEL =     -158.2638  RESTRAINT  =        0.0000


   NSTEP       ENERGY          RMS            GMAX         NAME    NUMBER
     74      -9.2973E+01     4.0361E-01     1.6703E+00     O20         5

 BOND    =        1.8835  ANGLE   =       12.6236  DIHED      =       28.5725
 VDWAALS =       -8.2237  EEL     =       12.7381  HBOND      =        0.0000
 1-4 VDW =       17.6849  1-4 EEL =     -158.2521  RESTRAINT  =        0.0000


   NSTEP       ENERGY          RMS            GMAX         NAME    NUMBER
     75      -9.2983E+01     5.6827E-01     2.3233E+00     O20         5

 BOND    =        1.8772  ANGLE   =       12.6362  DIHED      =       28.5487
 VDWAALS =       -8.2180  EEL     =       12.7251  HBOND      =        0.0000
 1-4 VDW =       17.6912  1-4 EEL =     -158.2431  RESTRAINT  =        0.0000


   NSTEP       ENERGY          RMS            GMAX         NAME    NUMBER
     76      -9.2995E+01     4.0015E-01     1.6190E+00     O20         5

 BOND    =        1.8606  ANGLE   =       12.6370  DIHED      =       28.5482
 VDWAALS =       -8.2202  EEL     =       12.7275  HBOND      =        0.0000
 1-4 VDW =       17.7003  1-4 EEL =     -158.2485  RESTRAINT  =        0.0000


   NSTEP       ENERGY          RMS            GMAX         NAME    NUMBER
     77      -9.3005E+01     2.8613E-01     8.4036E-01     O20         5

 BOND    =        1.8435  ANGLE   =       12.6404  DIHED      =       28.5472
 VDWAALS =       -8.2231  EEL     =       12.7321  HBOND      =        0.0000
 1-4 VDW =       17.7125  1-4 EEL =     -158.2579  RESTRAINT  =        0.0000


   NSTEP       ENERGY          RMS            GMAX         NAME    NUMBER
     78      -9.3015E+01     2.2656E-01     6.3078E-01     H23        50

 BOND    =        1.8261  ANGLE   =       12.6467  DIHED      =       28.5456
 VDWAALS =       -8.2262  EEL     =       12.7410  HBOND      =        0.0000
 1-4 VDW =       17.7268  1-4 EEL =     -158.2747  RESTRAINT  =        0.0000


   NSTEP       ENERGY          RMS            GMAX         NAME    NUMBER
     79      -9.3024E+01     1.9001E-01     5.6678E-01     H26        52

 BOND    =        1.8079  ANGLE   =       12.6554  DIHED      =       28.5438
 VDWAALS =       -8.2287  EEL     =       12.7538  HBOND      =        0.0000
 1-4 VDW =       17.7420  1-4 EEL =     -158.2981  RESTRAINT  =        0.0000


   NSTEP       ENERGY          RMS            GMAX         NAME    NUMBER
     80      -8.4553E+01     9.4443E+00     4.7347E+01     N5         11

 BOND    =        4.4666  ANGLE   =       17.6935  DIHED      =       28.6066
 VDWAALS =       -8.2372  EEL     =       13.6902  HBOND      =        0.0000
 1-4 VDW =       19.6127  1-4 EEL =     -160.3853  RESTRAINT  =        0.0000


   NSTEP       ENERGY          RMS            GMAX         NAME    NUMBER
     81      -9.3050E+01     4.6308E-01     2.3605E+00     C4         10

 BOND    =        1.7097  ANGLE   =       12.7154  DIHED      =       28.5301
 VDWAALS =       -8.2318  EEL     =       12.8024  HBOND      =        0.0000
 1-4 VDW =       17.8312  1-4 EEL =     -158.4071  RESTRAINT  =        0.0000


   NSTEP       ENERGY          RMS            GMAX         NAME    NUMBER
     82      -9.3050E+01     7.5037E-01     4.0035E+00     N5         11

 BOND    =        1.6723  ANGLE   =       12.7600  DIHED      =       28.5108
 VDWAALS =       -8.2361  EEL     =       12.8900  HBOND      =        0.0000
 1-4 VDW =       17.9056  1-4 EEL =     -158.5528  RESTRAINT  =        0.0000


   NSTEP       ENERGY          RMS            GMAX         NAME    NUMBER
     83      -9.3063E+01     2.9849E-01     8.6840E-01     N5         11

 BOND    =        1.6828  ANGLE   =       12.7333  DIHED      =       28.5203
 VDWAALS =       -8.2340  EEL     =       12.8463  HBOND      =        0.0000
 1-4 VDW =       17.8682  1-4 EEL =     -158.4801  RESTRAINT  =        0.0000


   NSTEP       ENERGY          RMS            GMAX         NAME    NUMBER
     84      -9.3073E+01     2.6417E-01     8.3257E-01     H34        64

 BOND    =        1.6742  ANGLE   =       12.7358  DIHED      =       28.5130
 VDWAALS =       -8.2303  EEL     =       12.8538  HBOND      =        0.0000
 1-4 VDW =       17.8751  1-4 EEL =     -158.4952  RESTRAINT  =        0.0000


   NSTEP       ENERGY          RMS            GMAX         NAME    NUMBER
     85      -9.3093E+01     5.5917E-01     2.4416E+00     C2         16

 BOND    =        1.6520  ANGLE   =       12.7550  DIHED      =       28.4825
 VDWAALS =       -8.2139  EEL     =       12.8861  HBOND      =        0.0000
 1-4 VDW =       17.9055  1-4 EEL =     -158.5602  RESTRAINT  =        0.0000


   NSTEP       ENERGY          RMS            GMAX         NAME    NUMBER
     86      -9.3127E+01     3.2941E-01     1.0113E+00     N32        34

 BOND    =        1.6275  ANGLE   =       12.7110  DIHED      =       28.4452
 VDWAALS =       -8.1838  EEL     =       12.8936  HBOND      =        0.0000
 1-4 VDW =       17.9815  1-4 EEL =     -158.6020  RESTRAINT  =        0.0000


   NSTEP       ENERGY          RMS            GMAX         NAME    NUMBER
     87      -9.3128E+01     3.6979E-01     1.1810E+00     N32        34

 BOND    =        1.6259  ANGLE   =       12.7064  DIHED      =       28.4397
 VDWAALS =       -8.1792  EEL     =       12.8947  HBOND      =        0.0000
 1-4 VDW =       17.9932  1-4 EEL =     -158.6084  RESTRAINT  =        0.0000


   NSTEP       ENERGY          RMS            GMAX         NAME    NUMBER
     88      -9.3141E+01     4.2636E-01     1.7728E+00     C28        30

 BOND    =        1.5942  ANGLE   =       12.7049  DIHED      =       28.4195
 VDWAALS =       -8.1640  EEL     =       12.8903  HBOND      =        0.0000
 1-4 VDW =       18.0234  1-4 EEL =     -158.6096  RESTRAINT  =        0.0000


   NSTEP       ENERGY          RMS            GMAX         NAME    NUMBER
     89      -9.3141E+01     3.8686E-01     1.5366E+00     C28        30

 BOND    =        1.5960  ANGLE   =       12.7048  DIHED      =       28.4213
 VDWAALS =       -8.1654  EEL     =       12.8907  HBOND      =        0.0000
 1-4 VDW =       18.0207  1-4 EEL =     -158.6095  RESTRAINT  =        0.0000


   NSTEP       ENERGY          RMS            GMAX         NAME    NUMBER
     90      -9.3160E+01     2.3818E-01     7.6407E-01     H1         38

 BOND    =        1.6053  ANGLE   =       12.6754  DIHED      =       28.3992
 VDWAALS =       -8.1559  EEL     =       12.8939  HBOND      =        0.0000
 1-4 VDW =       18.0335  1-4 EEL =     -158.6115  RESTRAINT  =        0.0000


   NSTEP       ENERGY          RMS            GMAX         NAME    NUMBER
     91      -9.3162E+01     3.0005E-01     8.6970E-01     H25        54

 BOND    =        1.6135  ANGLE   =       12.6636  DIHED      =       28.3884
 VDWAALS =       -8.1511  EEL     =       12.8955  HBOND      =        0.0000
 1-4 VDW =       18.0401  1-4 EEL =     -158.6126  RESTRAINT  =        0.0000


   NSTEP       ENERGY          RMS            GMAX         NAME    NUMBER
     92      -9.3179E+01     3.1837E-01     1.1193E+00     C34        32

 BOND    =        1.6037  ANGLE   =       12.6661  DIHED      =       28.3622
 VDWAALS =       -8.1469  EEL     =       12.8826  HBOND      =        0.0000
 1-4 VDW =       18.0630  1-4 EEL =     -158.6102  RESTRAINT  =        0.0000


   NSTEP       ENERGY          RMS            GMAX         NAME    NUMBER
     93      -9.3181E+01     4.4842E-01     1.7088E+00     C34        32

 BOND    =        1.6029  ANGLE   =       12.6691  DIHED      =       28.3500
 VDWAALS =       -8.1448  EEL     =       12.8764  HBOND      =        0.0000
 1-4 VDW =       18.0740  1-4 EEL =     -158.6091  RESTRAINT  =        0.0000


   NSTEP       ENERGY          RMS            GMAX         NAME    NUMBER
     94      -9.3211E+01     3.4130E-01     1.4092E+00     C34        32

 BOND    =        1.5709  ANGLE   =       12.6987  DIHED      =       28.3025
 VDWAALS =       -8.1398  EEL     =       12.8578  HBOND      =        0.0000
 1-4 VDW =       18.0989  1-4 EEL =     -158.5997  RESTRAINT  =        0.0000


   NSTEP       ENERGY          RMS            GMAX         NAME    NUMBER
     95      -9.3223E+01     5.2527E-01     2.5696E+00     C7         13

 BOND    =        1.5447  ANGLE   =       12.7413  DIHED      =       28.2492
 VDWAALS =       -8.1336  EEL     =       12.8361  HBOND      =        0.0000
 1-4 VDW =       18.1283  1-4 EEL =     -158.5886  RESTRAINT  =        0.0000


   NSTEP       ENERGY          RMS            GMAX         NAME    NUMBER
     96      -9.3246E+01     8.0949E-01     5.7731E+00     C2         16

 BOND    =        1.4667  ANGLE   =       12.8528  DIHED      =       28.1410
 VDWAALS =       -8.1160  EEL     =       12.7708  HBOND      =        0.0000
 1-4 VDW =       18.1632  1-4 EEL =     -158.5245  RESTRAINT  =        0.0000


   NSTEP       ENERGY          RMS            GMAX         NAME    NUMBER
     97      -9.3252E+01     5.4056E-01     3.3751E+00     C2         16

 BOND    =        1.4814  ANGLE   =       12.8162  DIHED      =       28.1733
 VDWAALS =       -8.1215  EEL     =       12.7906  HBOND      =        0.0000
 1-4 VDW =       18.1525  1-4 EEL =     -158.5440  RESTRAINT  =        0.0000


   NSTEP       ENERGY          RMS            GMAX         NAME    NUMBER
     98      -9.3291E+01     4.3586E-01     1.4522E+00     C22        27

 BOND    =        1.4487  ANGLE   =       12.8255  DIHED      =       28.0955
 VDWAALS =       -8.1065  EEL     =       12.7251  HBOND      =        0.0000
 1-4 VDW =       18.2025  1-4 EEL =     -158.4821  RESTRAINT  =        0.0000


   NSTEP       ENERGY          RMS            GMAX         NAME    NUMBER
     99      -9.3297E+01     6.1010E-01     2.2768E+00     C4         10

 BOND    =        1.4410  ANGLE   =       12.8348  DIHED      =       28.0525
 VDWAALS =       -8.0976  EEL     =       12.6878  HBOND      =        0.0000
 1-4 VDW =       18.2310  1-4 EEL =     -158.4469  RESTRAINT  =        0.0000


   NSTEP       ENERGY          RMS            GMAX         NAME    NUMBER
    100      -9.3341E+01     5.6341E-01     2.9090E+00     C6         12

 BOND    =        1.4168  ANGLE   =       12.8882  DIHED      =       27.9307
 VDWAALS =       -8.0742  EEL     =       12.6243  HBOND      =        0.0000
 1-4 VDW =       18.2391  1-4 EEL =     -158.3656  RESTRAINT  =        0.0000


  Maximum number of minimization cycles reached.


                    FINAL RESULTS



   NSTEP       ENERGY          RMS            GMAX         NAME    NUMBER
    100      -9.3341E+01     5.6341E-01     2.9090E+00     C6         12

 BOND    =        1.4168  ANGLE   =       12.8882  DIHED      =       27.9307
 VDWAALS =       -8.0742  EEL     =       12.6243  HBOND      =        0.0000
 1-4 VDW =       18.2391  1-4 EEL =     -158.3656  RESTRAINT  =        0.0000

--------------------------------------------------------------------------------
   5.  TIMINGS
--------------------------------------------------------------------------------

|    Read coords time           0.00 ( 0.40% of Total)
|    Fast Water setup           0.00 ( 0.01% of Total)
|                Build the list             0.00 (93.52% of List )
|                Other                      0.00 ( 6.48% of List )
|             List time                  0.00 ( 4.30% of Nonbo)
|                   Short_ene time             0.01 (99.09% of Direc)
|                   Other                      0.00 ( 0.91% of Direc)
|                Direct Ewald time          0.01 (93.07% of Ewald)
|                Force Adjust               0.00 ( 0.05% of Ewald)
|                Virial junk                0.00 ( 0.16% of Ewald)
|                Start synchronizatio       0.00 ( 0.20% of Ewald)
|                Other                      0.00 ( 6.52% of Ewald)
|             Ewald time                 0.01 (95.40% of Nonbo)
|             IPS excludes               0.00 ( 0.06% of Nonbo)
|             Other                      0.00 ( 0.23% of Nonbo)
|          Nonbond force              0.01 (65.22% of Force)
|          Bond/Angle/Dihedral        0.01 (34.06% of Force)
|          Other                      0.00 ( 0.72% of Force)
|       Force time                 0.02 (100.0% of Runmd)
|    Runmd Time                 0.02 (38.00% of Total)
|    Other                      0.04 (61.59% of Total)
| Total time                 0.06 (99.33% of ALL  )

| Number of list builds   :          1

| Highest rstack allocated:        320
| Highest istack allocated:         64
|           Job began  at 15:21:13.530  on 04/20/2016
|           Setup done at 15:21:13.537  on 04/20/2016
|           Run   done at 15:21:13.590  on 04/20/2016
|     wallclock() was called    2335 times
