
          -------------------------------------------------------
          Amber 14 SANDER                              2014
          -------------------------------------------------------

| Run on 05/22/2015 at 14:21:53

|   Executable path: sander
| Working directory: /net/chevy/raid1/nigel/amber/library/amber_library/a
|          Hostname: chevy.lbl.gov

  [-O]verwriting output

File Assignments:
|  MDIN: sander.in                                                             
| MDOUT: ALJ.min.out                                                           
|INPCRD: ALJ.rst7                                                              
|  PARM: ALJ.prmtop                                                            
|RESTRT: ALJ.min.rst7                                                          
|  REFC: refc                                                                  
| MDVEL: mdvel                                                                 
| MDFRC: mdfrc                                                                 
|  MDEN: mden                                                                  
| MDCRD: mdcrd                                                                 
|MDINFO: mdinfo                                                                
|  MTMD: mtmd                                                                  
|INPDIP: inpdip                                                                
|RSTDIP: rstdip                                                                
|INPTRA: inptraj                                                               


 Here is the input file:

  short minimization                                                           
 &cntrl                                                                        
   imin=1, maxcyc=100, ncyc=50, ntpr=1, cut=99., ntb=0,                        
 /                                                                             

--------------------------------------------------------------------------------
   1.  RESOURCE   USE: 
--------------------------------------------------------------------------------

| Flags:                                                                        
|    NONPERIODIC   ntb=0 and igb=0: Setting up nonperiodic simulation
|  *** cutoff > system size, list only builds once
|Largest sphere to fit in unit cell has radius =    32.526
| New format PARM file being parsed.
| Version =    1.000 Date = 05/22/15 Time = 14:21:53
 NATOM  =      39 NTYPES =       7 NBONH =      21 MBONA  =      19
 NTHETH =      50 MTHETA =      26 NPHIH =      80 MPHIA  =      55
 NHPARM =       0 NPARM  =       0 NNB   =     221 NRES   =       1
 NBONA  =      19 NTHETA =      26 NPHIA =      55 NUMBND =      12
 NUMANG =      24 NPTRA  =      25 NATYP =      10 NPHB   =       0
 IFBOX  =       0 NMXRS  =      39 IFCAP =       0 NEXTRA =       0
 NCOPY  =       0


|     Memory Use     Allocated
|     Real                7419
|     Hollerith            120
|     Integer            27772
|     Max Pairs            741
|     nblistReal           468
|     nblist Int       1009017
|       Total             4114 kbytes

| Note: 1-4 EEL scale factors are being read from the topology file.

| Note: 1-4 VDW scale factors are being read from the topology file.
| Duplicated    0 dihedrals
| Duplicated    0 dihedrals

--------------------------------------------------------------------------------
   2.  CONTROL  DATA  FOR  THE  RUN
--------------------------------------------------------------------------------

ALJ                                                                             

General flags:
     imin    =       1, nmropt  =       0

Nature and format of input:
     ntx     =       1, irest   =       0, ntrx    =       1

Nature and format of output:
     ntxo    =       1, ntpr    =       1, ntrx    =       1, ntwr    =     500
     iwrap   =       0, ntwx    =       0, ntwv    =       0, ntwe    =       0
     ioutfm  =       0, ntwprt  =       0, idecomp =       0, rbornstat=      0

Potential function:
     ntf     =       1, ntb     =       0, igb     =       0, nsnb    =      25
     ipol    =       0, gbsa    =       0, iesp    =       0
     dielc   =   1.00000, cut     =  99.00000, intdiel =   1.00000

Frozen or restrained atoms:
     ibelly  =       0, ntr     =       0

Energy minimization:
     maxcyc  =     100, ncyc    =      50, ntmin   =       1
     dx0     =   0.01000, drms    =   0.00010
|  INFO: Old style inpcrd file read


--------------------------------------------------------------------------------
   3.  ATOMIC COORDINATES AND VELOCITIES
--------------------------------------------------------------------------------

ALJ                                                                             
 begin time read from input coords =     0.000 ps

 Number of triangulated 3-point waters found:        0

     Sum of charges from parm topology file =   1.99900199

--------------------------------------------------------------------------------
   4.  RESULTS
--------------------------------------------------------------------------------

 ---------------------------------------------------

     eedmeth=4: Setting switch to one everywhere

 ---------------------------------------------------
| Local SIZE OF NONBOND LIST =        524
| TOTAL SIZE OF NONBOND LIST =        524


   NSTEP       ENERGY          RMS            GMAX         NAME    NUMBER
      1       3.9901E+01     1.9704E+01     5.9441E+01     CD         14

 BOND    =       10.4918  ANGLE   =       16.5031  DIHED      =       27.2352
 VDWAALS =       -0.6836  EEL     =      204.8201  HBOND      =        0.0000
 1-4 VDW =        6.2316  1-4 EEL =     -224.6975  RESTRAINT  =        0.0000


   NSTEP       ENERGY          RMS            GMAX         NAME    NUMBER
      2       3.8857E+01     1.8891E+01     5.6763E+01     CD         14

 BOND    =        9.7891  ANGLE   =       16.3463  DIHED      =       27.1949
 VDWAALS =       -0.6958  EEL     =      204.7812  HBOND      =        0.0000
 1-4 VDW =        6.2325  1-4 EEL =     -224.7910  RESTRAINT  =        0.0000


   NSTEP       ENERGY          RMS            GMAX         NAME    NUMBER
      3       3.7662E+01     1.7931E+01     5.3561E+01     CD         14

 BOND    =        8.9961  ANGLE   =       16.1683  DIHED      =       27.1455
 VDWAALS =       -0.7110  EEL     =      204.7346  HBOND      =        0.0000
 1-4 VDW =        6.2338  1-4 EEL =     -224.9050  RESTRAINT  =        0.0000


   NSTEP       ENERGY          RMS            GMAX         NAME    NUMBER
      4       3.6310E+01     1.6805E+01     4.9736E+01     CD         14

 BOND    =        8.1161  ANGLE   =       15.9692  DIHED      =       27.0844
 VDWAALS =       -0.7299  EEL     =      204.6792  HBOND      =        0.0000
 1-4 VDW =        6.2355  1-4 EEL =     -225.0445  RESTRAINT  =        0.0000


   NSTEP       ENERGY          RMS            GMAX         NAME    NUMBER
      5       3.4801E+01     1.5493E+01     4.5180E+01     CD         14

 BOND    =        7.1608  ANGLE   =       15.7504  DIHED      =       27.0086
 VDWAALS =       -0.7536  EEL     =      204.6135  HBOND      =        0.0000
 1-4 VDW =        6.2376  1-4 EEL =     -225.2159  RESTRAINT  =        0.0000


   NSTEP       ENERGY          RMS            GMAX         NAME    NUMBER
      6       3.3150E+01     1.3983E+01     3.9779E+01     CD         14

 BOND    =        6.1554  ANGLE   =       15.5159  DIHED      =       26.9135
 VDWAALS =       -0.7836  EEL     =      204.5360  HBOND      =        0.0000
 1-4 VDW =        6.2404  1-4 EEL =     -225.4279  RESTRAINT  =        0.0000


   NSTEP       ENERGY          RMS            GMAX         NAME    NUMBER
      7       3.1385E+01     1.2275E+01     3.5434E+01     NE         15

 BOND    =        5.1433  ANGLE   =       15.2730  DIHED      =       26.7933
 VDWAALS =       -0.8220  EEL     =      204.4458  HBOND      =        0.0000
 1-4 VDW =        6.2435  1-4 EEL =     -225.6918  RESTRAINT  =        0.0000


   NSTEP       ENERGY          RMS            GMAX         NAME    NUMBER
      8       2.9559E+01     1.0403E+01     3.1102E+01     NE         15

 BOND    =        4.1910  ANGLE   =       15.0330  DIHED      =       26.6400
 VDWAALS =       -0.8722  EEL     =      204.3433  HBOND      =        0.0000
 1-4 VDW =        6.2467  1-4 EEL =     -226.0232  RESTRAINT  =        0.0000


   NSTEP       ENERGY          RMS            GMAX         NAME    NUMBER
      9       2.7740E+01     8.4660E+00     2.5878E+01     NE         15

 BOND    =        3.3860  ANGLE   =       14.8112  DIHED      =       26.4430
 VDWAALS =       -0.9388  EEL     =      204.2322  HBOND      =        0.0000
 1-4 VDW =        6.2488  1-4 EEL =     -226.4424  RESTRAINT  =        0.0000


   NSTEP       ENERGY          RMS            GMAX         NAME    NUMBER
     10       2.6000E+01     6.6604E+00     2.3239E+01     C           2

 BOND    =        2.8147  ANGLE   =       14.6238  DIHED      =       26.1915
 VDWAALS =       -1.0286  EEL     =      204.1248  HBOND      =        0.0000
 1-4 VDW =        6.2468  1-4 EEL =     -226.9725  RESTRAINT  =        0.0000


   NSTEP       ENERGY          RMS            GMAX         NAME    NUMBER
     11       2.4371E+01     5.2197E+00     1.9389E+01     C           2

 BOND    =        2.4943  ANGLE   =       14.4820  DIHED      =       25.8857
 VDWAALS =       -1.1489  EEL     =      204.0492  HBOND      =        0.0000
 1-4 VDW =        6.2344  1-4 EEL =     -227.6260  RESTRAINT  =        0.0000


   NSTEP       ENERGY          RMS            GMAX         NAME    NUMBER
     12       2.2828E+01     4.1065E+00     1.4106E+01     C           2

 BOND    =        2.3036  ANGLE   =       14.3905  DIHED      =       25.5617
 VDWAALS =       -1.3020  EEL     =      204.0433  HBOND      =        0.0000
 1-4 VDW =        6.2024  1-4 EEL =     -228.3715  RESTRAINT  =        0.0000


   NSTEP       ENERGY          RMS            GMAX         NAME    NUMBER
     13       2.1397E+01     3.0912E+00     8.9234E+00     O           1

 BOND    =        2.1453  ANGLE   =       14.3663  DIHED      =       25.2857
 VDWAALS =       -1.4829  EEL     =      204.0945  HBOND      =        0.0000
 1-4 VDW =        6.1431  1-4 EEL =     -229.1545  RESTRAINT  =        0.0000


   NSTEP       ENERGY          RMS            GMAX         NAME    NUMBER
     14       2.0139E+01     2.2539E+00     6.9660E+00     OP          9

 BOND    =        2.1215  ANGLE   =       14.4537  DIHED      =       25.0855
 VDWAALS =       -1.6891  EEL     =      204.0815  HBOND      =        0.0000
 1-4 VDW =        6.0540  1-4 EEL =     -229.9684  RESTRAINT  =        0.0000


   NSTEP       ENERGY          RMS            GMAX         NAME    NUMBER
     15       1.9039E+01     1.7876E+00     5.7479E+00     O           1

 BOND    =        2.1797  ANGLE   =       14.6253  DIHED      =       24.9046
 VDWAALS =       -1.9050  EEL     =      203.9170  HBOND      =        0.0000
 1-4 VDW =        5.9406  1-4 EEL =     -230.6232  RESTRAINT  =        0.0000


   NSTEP       ENERGY          RMS            GMAX         NAME    NUMBER
     16       1.8664E+01     5.8320E+00     3.6741E+01     C           2

 BOND    =        2.6538  ANGLE   =       14.8948  DIHED      =       24.6582
 VDWAALS =       -2.0897  EEL     =      203.6180  HBOND      =        0.0000
 1-4 VDW =        5.7392  1-4 EEL =     -230.8100  RESTRAINT  =        0.0000


   NSTEP       ENERGY          RMS            GMAX         NAME    NUMBER
     17       2.3071E+01     1.7436E+01     1.1606E+02     C           2

 BOND    =        6.9627  ANGLE   =       15.5794  DIHED      =       24.6771
 VDWAALS =       -2.0973  EEL     =      203.2682  HBOND      =        0.0000
 1-4 VDW =        5.9111  1-4 EEL =     -231.2306  RESTRAINT  =        0.0000


   NSTEP       ENERGY          RMS            GMAX         NAME    NUMBER
     18       1.8326E+01     5.4955E+00     3.3605E+01     C           2

 BOND    =        2.7600  ANGLE   =       14.8776  DIHED      =       24.6051
 VDWAALS =       -2.1154  EEL     =      203.3476  HBOND      =        0.0000
 1-4 VDW =        5.7980  1-4 EEL =     -230.9473  RESTRAINT  =        0.0000


   NSTEP       ENERGY          RMS            GMAX         NAME    NUMBER
     19       1.8915E+01     8.5763E+00     5.7949E+01     C           2

 BOND    =        3.0006  ANGLE   =       15.1890  DIHED      =       24.5077
 VDWAALS =       -2.1482  EEL     =      203.3886  HBOND      =        0.0000
 1-4 VDW =        5.6673  1-4 EEL =     -230.6903  RESTRAINT  =        0.0000


   NSTEP       ENERGY          RMS            GMAX         NAME    NUMBER
     20       1.7666E+01     1.7927E+00     8.5304E+00     C           2

 BOND    =        2.3108  ANGLE   =       14.8343  DIHED      =       24.5258
 VDWAALS =       -2.1451  EEL     =      203.2967  HBOND      =        0.0000
 1-4 VDW =        5.6997  1-4 EEL =     -230.8564  RESTRAINT  =        0.0000


   NSTEP       ENERGY          RMS            GMAX         NAME    NUMBER
     21       1.7835E+01     4.9827E+00     3.1101E+01     C           2

 BOND    =        2.7575  ANGLE   =       14.8194  DIHED      =       24.4621
 VDWAALS =       -2.1680  EEL     =      203.0716  HBOND      =        0.0000
 1-4 VDW =        5.7242  1-4 EEL =     -230.8322  RESTRAINT  =        0.0000


   NSTEP       ENERGY          RMS            GMAX         NAME    NUMBER
     22       1.7390E+01     1.3775E+00     4.3014E+00     O           1

 BOND    =        2.2973  ANGLE   =       14.8359  DIHED      =       24.4343
 VDWAALS =       -2.1772  EEL     =      203.0882  HBOND      =        0.0000
 1-4 VDW =        5.6818  1-4 EEL =     -230.7703  RESTRAINT  =        0.0000


   NSTEP       ENERGY          RMS            GMAX         NAME    NUMBER
     23       1.7293E+01     2.1494E+00     1.0640E+01     C           2

 BOND    =        2.3495  ANGLE   =       14.9040  DIHED      =       24.3769
 VDWAALS =       -2.1988  EEL     =      203.0040  HBOND      =        0.0000
 1-4 VDW =        5.6208  1-4 EEL =     -230.7632  RESTRAINT  =        0.0000


   NSTEP       ENERGY          RMS            GMAX         NAME    NUMBER
     24       1.7299E+01     3.3095E+00     1.9338E+01     C           2

 BOND    =        2.5644  ANGLE   =       14.7695  DIHED      =       24.3399
 VDWAALS =       -2.2076  EEL     =      202.8527  HBOND      =        0.0000
 1-4 VDW =        5.6551  1-4 EEL =     -230.6754  RESTRAINT  =        0.0000


   NSTEP       ENERGY          RMS            GMAX         NAME    NUMBER
     25       1.7088E+01     1.0828E+00     4.1833E+00     O           1

 BOND    =        2.3092  ANGLE   =       14.8421  DIHED      =       24.3204
 VDWAALS =       -2.2148  EEL     =      202.8618  HBOND      =        0.0000
 1-4 VDW =        5.6235  1-4 EEL =     -230.6542  RESTRAINT  =        0.0000


   NSTEP       ENERGY          RMS            GMAX         NAME    NUMBER
     26       1.6979E+01     1.2261E+00     4.1040E+00     O           1

 BOND    =        2.3293  ANGLE   =       14.8890  DIHED      =       24.2770
 VDWAALS =       -2.2301  EEL     =      202.7800  HBOND      =        0.0000
 1-4 VDW =        5.5858  1-4 EEL =     -230.6517  RESTRAINT  =        0.0000


   NSTEP       ENERGY          RMS            GMAX         NAME    NUMBER
     27       1.6904E+01     1.8594E+00     5.8143E+00     NE         15

 BOND    =        2.4091  ANGLE   =       14.7697  DIHED      =       24.2208
 VDWAALS =       -2.2430  EEL     =      202.6419  HBOND      =        0.0000
 1-4 VDW =        5.5920  1-4 EEL =     -230.4863  RESTRAINT  =        0.0000


   NSTEP       ENERGY          RMS            GMAX         NAME    NUMBER
     28       1.6888E+01     2.6495E+00     1.0859E+01     C           2

 BOND    =        2.3134  ANGLE   =       15.0576  DIHED      =       24.1968
 VDWAALS =       -2.2565  EEL     =      202.6357  HBOND      =        0.0000
 1-4 VDW =        5.5343  1-4 EEL =     -230.5933  RESTRAINT  =        0.0000


   NSTEP       ENERGY          RMS            GMAX         NAME    NUMBER
     29       1.6868E+01     3.0955E+00     1.4172E+01     C           2

 BOND    =        2.6261  ANGLE   =       14.6726  DIHED      =       24.1542
 VDWAALS =       -2.2604  EEL     =      202.4822  HBOND      =        0.0000
 1-4 VDW =        5.5690  1-4 EEL =     -230.3762  RESTRAINT  =        0.0000


   NSTEP       ENERGY          RMS            GMAX         NAME    NUMBER
     30       1.6909E+01     3.9355E+00     2.1600E+01     C           2

 BOND    =        2.3212  ANGLE   =       15.1879  DIHED      =       24.1354
 VDWAALS =       -2.2746  EEL     =      202.5305  HBOND      =        0.0000
 1-4 VDW =        5.5038  1-4 EEL =     -230.4949  RESTRAINT  =        0.0000


   NSTEP       ENERGY          RMS            GMAX         NAME    NUMBER
     31       1.6611E+01     9.5062E-01     3.6921E+00     O           1

 BOND    =        2.3191  ANGLE   =       14.8896  DIHED      =       24.1221
 VDWAALS =       -2.2744  EEL     =      202.4550  HBOND      =        0.0000
 1-4 VDW =        5.5224  1-4 EEL =     -230.4227  RESTRAINT  =        0.0000


   NSTEP       ENERGY          RMS            GMAX         NAME    NUMBER
     32       1.6525E+01     1.6079E+00     5.9654E+00     NP          3

 BOND    =        2.4243  ANGLE   =       14.7496  DIHED      =       24.0567
 VDWAALS =       -2.2885  EEL     =      202.3095  HBOND      =        0.0000
 1-4 VDW =        5.5109  1-4 EEL =     -230.2376  RESTRAINT  =        0.0000


   NSTEP       ENERGY          RMS            GMAX         NAME    NUMBER
     33       1.6568E+01     2.9671E+00     1.0838E+01     C           2

 BOND    =        2.3321  ANGLE   =       15.1256  DIHED      =       24.0466
 VDWAALS =       -2.2998  EEL     =      202.3073  HBOND      =        0.0000
 1-4 VDW =        5.4689  1-4 EEL =     -230.4123  RESTRAINT  =        0.0000


   NSTEP       ENERGY          RMS            GMAX         NAME    NUMBER
     34       1.6393E+01     9.2301E-01     3.4577E+00     O           1

 BOND    =        2.3198  ANGLE   =       14.8900  DIHED      =       24.0218
 VDWAALS =       -2.3015  EEL     =      202.2489  HBOND      =        0.0000
 1-4 VDW =        5.4768  1-4 EEL =     -230.2633  RESTRAINT  =        0.0000


   NSTEP       ENERGY          RMS            GMAX         NAME    NUMBER
     35       1.6334E+01     1.3034E+00     4.6234E+00     NP          3

 BOND    =        2.4057  ANGLE   =       14.7672  DIHED      =       23.9773
 VDWAALS =       -2.3100  EEL     =      202.1451  HBOND      =        0.0000
 1-4 VDW =        5.4723  1-4 EEL =     -230.1238  RESTRAINT  =        0.0000


   NSTEP       ENERGY          RMS            GMAX         NAME    NUMBER
     36       1.6315E+01     1.9564E+00     6.8566E+00     C           2

 BOND    =        2.2950  ANGLE   =       15.0109  DIHED      =       23.9644
 VDWAALS =       -2.3190  EEL     =      202.1400  HBOND      =        0.0000
 1-4 VDW =        5.4407  1-4 EEL =     -230.2168  RESTRAINT  =        0.0000


   NSTEP       ENERGY          RMS            GMAX         NAME    NUMBER
     37       1.6293E+01     2.2432E+00     8.2080E+00     NP          3

 BOND    =        2.5216  ANGLE   =       14.6784  DIHED      =       23.9197
 VDWAALS =       -2.3228  EEL     =      202.0227  HBOND      =        0.0000
 1-4 VDW =        5.4542  1-4 EEL =     -229.9812  RESTRAINT  =        0.0000


   NSTEP       ENERGY          RMS            GMAX         NAME    NUMBER
     38       1.6302E+01     2.8034E+00     1.0506E+01     CZ         16

 BOND    =        2.3069  ANGLE   =       15.1045  DIHED      =       23.9247
 VDWAALS =       -2.3308  EEL     =      202.0614  HBOND      =        0.0000
 1-4 VDW =        5.4180  1-4 EEL =     -230.1832  RESTRAINT  =        0.0000


   NSTEP       ENERGY          RMS            GMAX         NAME    NUMBER
     39       1.6140E+01     7.4656E-01     3.1890E+00     O           1

 BOND    =        2.3266  ANGLE   =       14.8571  DIHED      =       23.9014
 VDWAALS =       -2.3320  EEL     =      202.0026  HBOND      =        0.0000
 1-4 VDW =        5.4259  1-4 EEL =     -230.0412  RESTRAINT  =        0.0000


   NSTEP       ENERGY          RMS            GMAX         NAME    NUMBER
     40       1.6071E+01     1.0121E+00     3.3285E+00     NP          3

 BOND    =        2.3917  ANGLE   =       14.7725  DIHED      =       23.8573
 VDWAALS =       -2.3411  EEL     =      201.9041  HBOND      =        0.0000
 1-4 VDW =        5.4147  1-4 EEL =     -229.9277  RESTRAINT  =        0.0000


   NSTEP       ENERGY          RMS            GMAX         NAME    NUMBER
     41       1.6071E+01     2.0732E+00     7.4143E+00     C           2

 BOND    =        2.2806  ANGLE   =       15.0048  DIHED      =       23.8389
 VDWAALS =       -2.3509  EEL     =      201.8957  HBOND      =        0.0000
 1-4 VDW =        5.3843  1-4 EEL =     -229.9819  RESTRAINT  =        0.0000


   NSTEP       ENERGY          RMS            GMAX         NAME    NUMBER
     42       1.6056E+01     2.3057E+00     8.3253E+00     NP          3

 BOND    =        2.5509  ANGLE   =       14.6573  DIHED      =       23.8000
 VDWAALS =       -2.3528  EEL     =      201.7769  HBOND      =        0.0000
 1-4 VDW =        5.4002  1-4 EEL =     -229.7769  RESTRAINT  =        0.0000


   NSTEP       ENERGY          RMS            GMAX         NAME    NUMBER
     43       1.6084E+01     2.9433E+00     1.0507E+01     CZ         16

 BOND    =        2.2841  ANGLE   =       15.0935  DIHED      =       23.8052
 VDWAALS =       -2.3607  EEL     =      201.8404  HBOND      =        0.0000
 1-4 VDW =        5.3640  1-4 EEL =     -229.9427  RESTRAINT  =        0.0000


   NSTEP       ENERGY          RMS            GMAX         NAME    NUMBER
     44       1.5909E+01     6.9408E-01     2.8922E+00     O           1

 BOND    =        2.3257  ANGLE   =       14.8390  DIHED      =       23.7866
 VDWAALS =       -2.3608  EEL     =      201.7765  HBOND      =        0.0000
 1-4 VDW =        5.3737  1-4 EEL =     -229.8313  RESTRAINT  =        0.0000


   NSTEP       ENERGY          RMS            GMAX         NAME    NUMBER
     45       1.5859E+01     1.1994E+00     4.7359E+00     NP          3

 BOND    =        2.4114  ANGLE   =       14.7264  DIHED      =       23.7424
 VDWAALS =       -2.3690  EEL     =      201.6835  HBOND      =        0.0000
 1-4 VDW =        5.3647  1-4 EEL =     -229.7006  RESTRAINT  =        0.0000


   NSTEP       ENERGY          RMS            GMAX         NAME    NUMBER
     46       1.5892E+01     2.3256E+00     9.2078E+00     C           2

 BOND    =        2.2979  ANGLE   =       15.0073  DIHED      =       23.7406
 VDWAALS =       -2.3763  EEL     =      201.7005  HBOND      =        0.0000
 1-4 VDW =        5.3376  1-4 EEL =     -229.8162  RESTRAINT  =        0.0000


   NSTEP       ENERGY          RMS            GMAX         NAME    NUMBER
     47       1.5784E+01     7.1602E-01     2.7180E+00     O           1

 BOND    =        2.3197  ANGLE   =       14.8311  DIHED      =       23.7227
 VDWAALS =       -2.3770  EEL     =      201.6579  HBOND      =        0.0000
 1-4 VDW =        5.3432  1-4 EEL =     -229.7135  RESTRAINT  =        0.0000


   NSTEP       ENERGY          RMS            GMAX         NAME    NUMBER
     48       1.5754E+01     1.0587E+00     4.0560E+00     NP          3

 BOND    =        2.4013  ANGLE   =       14.7224  DIHED      =       23.6929
 VDWAALS =       -2.3817  EEL     =      201.5923  HBOND      =        0.0000
 1-4 VDW =        5.3405  1-4 EEL =     -229.6140  RESTRAINT  =        0.0000


   NSTEP       ENERGY          RMS            GMAX         NAME    NUMBER
     49       1.5744E+01     1.5169E+00     5.6772E+00     C           2

 BOND    =        2.2905  ANGLE   =       14.9097  DIHED      =       23.6900
 VDWAALS =       -2.3872  EEL     =      201.6057  HBOND      =        0.0000
 1-4 VDW =        5.3202  1-4 EEL =     -229.6850  RESTRAINT  =        0.0000


   NSTEP       ENERGY          RMS            GMAX         NAME    NUMBER
     50       1.5731E+01     1.7331E+00     6.8562E+00     NP          3

 BOND    =        2.4712  ANGLE   =       14.6553  DIHED      =       23.6579
 VDWAALS =       -2.3891  EEL     =      201.5262  HBOND      =        0.0000
 1-4 VDW =        5.3298  1-4 EEL =     -229.5201  RESTRAINT  =        0.0000


   NSTEP       ENERGY          RMS            GMAX         NAME    NUMBER
     51       1.5737E+01     2.1673E+00     8.0255E+00     C           2

 BOND    =        2.2916  ANGLE   =       14.9693  DIHED      =       23.6670
 VDWAALS =       -2.3944  EEL     =      201.5674  HBOND      =        0.0000
 1-4 VDW =        5.3044  1-4 EEL =     -229.6680  RESTRAINT  =        0.0000


   NSTEP       ENERGY          RMS            GMAX         NAME    NUMBER
     52       1.7275E+01     9.2774E+00     3.6222E+01     NP          3

 BOND    =        4.1276  ANGLE   =       14.3623  DIHED      =       23.5683
 VDWAALS =       -2.3975  EEL     =      201.3226  HBOND      =        0.0000
 1-4 VDW =        5.3574  1-4 EEL =     -229.0652  RESTRAINT  =        0.0000


   NSTEP       ENERGY          RMS            GMAX         NAME    NUMBER
     53       1.5639E+01     5.5969E-01     2.5598E+00     O           1

 BOND    =        2.3457  ANGLE   =       14.7596  DIHED      =       23.6469
 VDWAALS =       -2.3951  EEL     =      201.5191  HBOND      =        0.0000
 1-4 VDW =        5.3119  1-4 EEL =     -229.5491  RESTRAINT  =        0.0000


   NSTEP       ENERGY          RMS            GMAX         NAME    NUMBER
     54       1.5625E+01     5.5361E-01     2.5355E+00     O           1

 BOND    =        2.3474  ANGLE   =       14.7574  DIHED      =       23.6403
 VDWAALS =       -2.3968  EEL     =      201.5068  HBOND      =        0.0000
 1-4 VDW =        5.3088  1-4 EEL =     -229.5385  RESTRAINT  =        0.0000


   NSTEP       ENERGY          RMS            GMAX         NAME    NUMBER
     55       1.5511E+01     6.8339E-01     2.7006E+00     C           2

 BOND    =        2.3672  ANGLE   =       14.7389  DIHED      =       23.5812
 VDWAALS =       -2.4119  EEL     =      201.3949  HBOND      =        0.0000
 1-4 VDW =        5.2808  1-4 EEL =     -229.4402  RESTRAINT  =        0.0000


   NSTEP       ENERGY          RMS            GMAX         NAME    NUMBER
     56       1.5159E+01     3.1654E+00     1.9062E+01     C           2

 BOND    =        2.6345  ANGLE   =       14.7042  DIHED      =       23.2914
 VDWAALS =       -2.4884  EEL     =      200.7226  HBOND      =        0.0000
 1-4 VDW =        5.1131  1-4 EEL =     -228.8184  RESTRAINT  =        0.0000


   NSTEP       ENERGY          RMS            GMAX         NAME    NUMBER
     57       1.4965E+01     2.2473E+00     1.3665E+01     C           2

 BOND    =        2.3487  ANGLE   =       14.7330  DIHED      =       23.1249
 VDWAALS =       -2.5373  EEL     =      200.1558  HBOND      =        0.0000
 1-4 VDW =        4.9144  1-4 EEL =     -227.7748  RESTRAINT  =        0.0000


   NSTEP       ENERGY          RMS            GMAX         NAME    NUMBER
     58       1.4856E+01     7.3018E-01     2.9534E+00     O           1

 BOND    =        2.3649  ANGLE   =       14.6773  DIHED      =       23.1624
 VDWAALS =       -2.5262  EEL     =      200.3509  HBOND      =        0.0000
 1-4 VDW =        4.9821  1-4 EEL =     -228.1551  RESTRAINT  =        0.0000


   NSTEP       ENERGY          RMS            GMAX         NAME    NUMBER
     59       1.4839E+01     4.7992E-01     1.3591E+00     NP          3

 BOND    =        2.3896  ANGLE   =       14.6457  DIHED      =       23.1669
 VDWAALS =       -2.5292  EEL     =      200.3606  HBOND      =        0.0000
 1-4 VDW =        4.9763  1-4 EEL =     -228.1711  RESTRAINT  =        0.0000


   NSTEP       ENERGY          RMS            GMAX         NAME    NUMBER
     60       1.4838E+01     5.4295E-01     1.9254E+00     NP          3

 BOND    =        2.3956  ANGLE   =       14.6410  DIHED      =       23.1677
 VDWAALS =       -2.5296  EEL     =      200.3621  HBOND      =        0.0000
 1-4 VDW =        4.9754  1-4 EEL =     -228.1737  RESTRAINT  =        0.0000


   NSTEP       ENERGY          RMS            GMAX         NAME    NUMBER
     61       1.4820E+01     4.8411E-01     1.3136E+00     CP          8

 BOND    =        2.3930  ANGLE   =       14.6271  DIHED      =       23.1738
 VDWAALS =       -2.5334  EEL     =      200.3851  HBOND      =        0.0000
 1-4 VDW =        4.9806  1-4 EEL =     -228.2058  RESTRAINT  =        0.0000


   NSTEP       ENERGY          RMS            GMAX         NAME    NUMBER
     62       1.4787E+01     1.0580E+00     4.9922E+00     NP          3

 BOND    =        2.4133  ANGLE   =       14.5765  DIHED      =       23.2022
 VDWAALS =       -2.5486  EEL     =      200.4798  HBOND      =        0.0000
 1-4 VDW =        5.0018  1-4 EEL =     -228.3380  RESTRAINT  =        0.0000


   NSTEP       ENERGY          RMS            GMAX         NAME    NUMBER
     63       1.4708E+01     8.4362E-01     3.9000E+00     O           1

 BOND    =        2.2830  ANGLE   =       14.5083  DIHED      =       23.2682
 VDWAALS =       -2.5672  EEL     =      200.6385  HBOND      =        0.0000
 1-4 VDW =        5.0421  1-4 EEL =     -228.4647  RESTRAINT  =        0.0000


   NSTEP       ENERGY          RMS            GMAX         NAME    NUMBER
     64       1.4677E+01     1.3610E+00     4.3001E+00     CZ         16

 BOND    =        2.1715  ANGLE   =       14.4407  DIHED      =       23.3546
 VDWAALS =       -2.5879  EEL     =      200.8203  HBOND      =        0.0000
 1-4 VDW =        5.0884  1-4 EEL =     -228.6101  RESTRAINT  =        0.0000


   NSTEP       ENERGY          RMS            GMAX         NAME    NUMBER
     65       1.4530E+01     1.3339E+00     7.3904E+00     CAP         7

 BOND    =        2.1856  ANGLE   =       14.0143  DIHED      =       23.5967
 VDWAALS =       -2.6229  EEL     =      201.3377  HBOND      =        0.0000
 1-4 VDW =        5.0816  1-4 EEL =     -229.0631  RESTRAINT  =        0.0000


   NSTEP       ENERGY          RMS            GMAX         NAME    NUMBER
     66       1.4511E+01     1.8263E+00     9.2564E+00     CAP         7

 BOND    =        2.2219  ANGLE   =       13.8038  DIHED      =       23.7392
 VDWAALS =       -2.6399  EEL     =      201.6012  HBOND      =        0.0000
 1-4 VDW =        5.0785  1-4 EEL =     -229.2934  RESTRAINT  =        0.0000


   NSTEP       ENERGY          RMS            GMAX         NAME    NUMBER
     67       1.4308E+01     1.8851E+00     8.5088E+00     CA         11

 BOND    =        2.1798  ANGLE   =       13.0647  DIHED      =       24.2698
 VDWAALS =       -2.6755  EEL     =      202.4253  HBOND      =        0.0000
 1-4 VDW =        5.0213  1-4 EEL =     -229.9777  RESTRAINT  =        0.0000


   NSTEP       ENERGY          RMS            GMAX         NAME    NUMBER
     68       1.4301E+01     2.1571E+00     9.5624E+00     CA         11

 BOND    =        2.1794  ANGLE   =       12.9097  DIHED      =       24.4052
 VDWAALS =       -2.6831  EEL     =      202.6164  HBOND      =        0.0000
 1-4 VDW =        5.0086  1-4 EEL =     -230.1354  RESTRAINT  =        0.0000


   NSTEP       ENERGY          RMS            GMAX         NAME    NUMBER
     69       1.4119E+01     1.8777E+00     8.0213E+00     N          10

 BOND    =        2.0046  ANGLE   =       12.3726  DIHED      =       25.0441
 VDWAALS =       -2.7036  EEL     =      203.5202  HBOND      =        0.0000
 1-4 VDW =        4.9743  1-4 EEL =     -231.0927  RESTRAINT  =        0.0000


   NSTEP       ENERGY          RMS            GMAX         NAME    NUMBER
     70       1.4116E+01     1.6718E+00     6.6476E+00     N          10

 BOND    =        2.0121  ANGLE   =       12.4265  DIHED      =       24.9681
 VDWAALS =       -2.7015  EEL     =      203.4159  HBOND      =        0.0000
 1-4 VDW =        4.9781  1-4 EEL =     -230.9828  RESTRAINT  =        0.0000


   NSTEP       ENERGY          RMS            GMAX         NAME    NUMBER
     71       1.3967E+01     1.2853E+00     3.9206E+00     NE         15

 BOND    =        1.9398  ANGLE   =       11.8602  DIHED      =       25.4770
 VDWAALS =       -2.7174  EEL     =      204.2273  HBOND      =        0.0000
 1-4 VDW =        4.9604  1-4 EEL =     -231.7801  RESTRAINT  =        0.0000


   NSTEP       ENERGY          RMS            GMAX         NAME    NUMBER
     72       1.3949E+01     1.5259E+00     4.7733E+00     NE         15

 BOND    =        1.9259  ANGLE   =       11.5958  DIHED      =       25.7442
 VDWAALS =       -2.7250  EEL     =      204.6458  HBOND      =        0.0000
 1-4 VDW =        4.9515  1-4 EEL =     -232.1892  RESTRAINT  =        0.0000


   NSTEP       ENERGY          RMS            GMAX         NAME    NUMBER
     73       1.3773E+01     1.2110E+00     4.1010E+00     O           1

 BOND    =        2.1290  ANGLE   =       11.2525  DIHED      =       26.2434
 VDWAALS =       -2.7308  EEL     =      205.5869  HBOND      =        0.0000
 1-4 VDW =        4.8806  1-4 EEL =     -233.5885  RESTRAINT  =        0.0000


   NSTEP       ENERGY          RMS            GMAX         NAME    NUMBER
     74       1.3761E+01     1.4881E+00     6.1359E+00     C           2

 BOND    =        2.2193  ANGLE   =       11.1582  DIHED      =       26.4149
 VDWAALS =       -2.7324  EEL     =      205.9090  HBOND      =        0.0000
 1-4 VDW =        4.8573  1-4 EEL =     -234.0651  RESTRAINT  =        0.0000


   NSTEP       ENERGY          RMS            GMAX         NAME    NUMBER
     75       1.3615E+01     2.2329E+00     1.3972E+01     C           2

 BOND    =        2.3319  ANGLE   =       10.9962  DIHED      =       26.6594
 VDWAALS =       -2.7405  EEL     =      206.9921  HBOND      =        0.0000
 1-4 VDW =        4.8348  1-4 EEL =     -235.4590  RESTRAINT  =        0.0000


   NSTEP       ENERGY          RMS            GMAX         NAME    NUMBER
     76       1.3578E+01     1.8163E+00     1.0522E+01     C           2

 BOND    =        2.3251  ANGLE   =       10.9754  DIHED      =       26.6600
 VDWAALS =       -2.7404  EEL     =      206.9957  HBOND      =        0.0000
 1-4 VDW =        4.8378  1-4 EEL =     -235.4756  RESTRAINT  =        0.0000


   NSTEP       ENERGY          RMS            GMAX         NAME    NUMBER
     77       1.3543E+01     1.3847E+00     6.6622E+00     C           2

 BOND    =        2.3222  ANGLE   =       10.9532  DIHED      =       26.6604
 VDWAALS =       -2.7404  EEL     =      207.0018  HBOND      =        0.0000
 1-4 VDW =        4.8417  1-4 EEL =     -235.4955  RESTRAINT  =        0.0000


   NSTEP       ENERGY          RMS            GMAX         NAME    NUMBER
     78       1.3512E+01     1.0262E+00     3.8583E+00     NP          3

 BOND    =        2.3219  ANGLE   =       10.9311  DIHED      =       26.6600
 VDWAALS =       -2.7404  EEL     =      207.0125  HBOND      =        0.0000
 1-4 VDW =        4.8465  1-4 EEL =     -235.5191  RESTRAINT  =        0.0000


   NSTEP       ENERGY          RMS            GMAX         NAME    NUMBER
     79       1.3484E+01     8.5696E-01     2.9968E+00     HH12       35

 BOND    =        2.3151  ANGLE   =       10.9136  DIHED      =       26.6585
 VDWAALS =       -2.7407  EEL     =      207.0316  HBOND      =        0.0000
 1-4 VDW =        4.8521  1-4 EEL =     -235.5464  RESTRAINT  =        0.0000


   NSTEP       ENERGY          RMS            GMAX         NAME    NUMBER
     80       1.3864E+01     4.5735E+00     1.8274E+01     CAP         7

 BOND    =        2.3037  ANGLE   =       11.2572  DIHED      =       26.6489
 VDWAALS =       -2.7552  EEL     =      207.9422  HBOND      =        0.0000
 1-4 VDW =        5.0269  1-4 EEL =     -236.5593  RESTRAINT  =        0.0000


   NSTEP       ENERGY          RMS            GMAX         NAME    NUMBER
     81       1.3303E+01     1.5624E+00     6.1489E+00     CAP         7

 BOND    =        2.1489  ANGLE   =       10.8968  DIHED      =       26.6459
 VDWAALS =       -2.7467  EEL     =      207.3601  HBOND      =        0.0000
 1-4 VDW =        4.9101  1-4 EEL =     -235.9123  RESTRAINT  =        0.0000


   NSTEP       ENERGY          RMS            GMAX         NAME    NUMBER
     82       1.3085E+01     1.7402E+00     8.6764E+00     C           2

 BOND    =        2.0709  ANGLE   =       10.9439  DIHED      =       26.7539
 VDWAALS =       -2.7527  EEL     =      207.8064  HBOND      =        0.0000
 1-4 VDW =        4.9311  1-4 EEL =     -236.6691  RESTRAINT  =        0.0000


   NSTEP       ENERGY          RMS            GMAX         NAME    NUMBER
     83       1.3075E+01     2.1472E+00     1.1917E+01     C           2

 BOND    =        2.0814  ANGLE   =       10.9695  DIHED      =       26.7831
 VDWAALS =       -2.7540  EEL     =      207.9202  HBOND      =        0.0000
 1-4 VDW =        4.9370  1-4 EEL =     -236.8619  RESTRAINT  =        0.0000


   NSTEP       ENERGY          RMS            GMAX         NAME    NUMBER
     84       1.2827E+01     1.8416E+00     6.3880E+00     C           2

 BOND    =        2.3386  ANGLE   =       10.8029  DIHED      =       27.0222
 VDWAALS =       -2.7631  EEL     =      208.5810  HBOND      =        0.0000
 1-4 VDW =        4.9883  1-4 EEL =     -238.1426  RESTRAINT  =        0.0000


   NSTEP       ENERGY          RMS            GMAX         NAME    NUMBER
     85       1.2826E+01     2.0049E+00     8.0935E+00     C           2

 BOND    =        2.3760  ANGLE   =       10.7944  DIHED      =       27.0451
 VDWAALS =       -2.7638  EEL     =      208.6430  HBOND      =        0.0000
 1-4 VDW =        4.9934  1-4 EEL =     -238.2627  RESTRAINT  =        0.0000


   NSTEP       ENERGY          RMS            GMAX         NAME    NUMBER
     86       1.2573E+01     1.3534E+00     3.8027E+00     NE         15

 BOND    =        2.3486  ANGLE   =       10.7882  DIHED      =       27.3060
 VDWAALS =       -2.7774  EEL     =      209.3898  HBOND      =        0.0000
 1-4 VDW =        5.0361  1-4 EEL =     -239.5187  RESTRAINT  =        0.0000


   NSTEP       ENERGY          RMS            GMAX         NAME    NUMBER
     87       1.2567E+01     1.5484E+00     5.3091E+00     C           2

 BOND    =        2.3660  ANGLE   =       10.7999  DIHED      =       27.3512
 VDWAALS =       -2.7796  EEL     =      209.5150  HBOND      =        0.0000
 1-4 VDW =        5.0438  1-4 EEL =     -239.7289  RESTRAINT  =        0.0000


   NSTEP       ENERGY          RMS            GMAX         NAME    NUMBER
     88       1.2445E+01     1.7532E+00     6.9999E+00     CP          8

 BOND    =        2.5155  ANGLE   =       10.9702  DIHED      =       27.6278
 VDWAALS =       -2.7808  EEL     =      209.9768  HBOND      =        0.0000
 1-4 VDW =        5.0196  1-4 EEL =     -240.8842  RESTRAINT  =        0.0000


   NSTEP       ENERGY          RMS            GMAX         NAME    NUMBER
     89       1.2439E+01     1.4276E+00     5.1815E+00     CP          8

 BOND    =        2.4715  ANGLE   =       10.9340  DIHED      =       27.5795
 VDWAALS =       -2.7806  EEL     =      209.8973  HBOND      =        0.0000
 1-4 VDW =        5.0234  1-4 EEL =     -240.6855  RESTRAINT  =        0.0000


   NSTEP       ENERGY          RMS            GMAX         NAME    NUMBER
     90       1.2304E+01     1.1379E+00     5.3298E+00     NP          3

 BOND    =        2.7222  ANGLE   =       10.7250  DIHED      =       27.8354
 VDWAALS =       -2.7807  EEL     =      210.1379  HBOND      =        0.0000
 1-4 VDW =        4.9847  1-4 EEL =     -241.3204  RESTRAINT  =        0.0000


   NSTEP       ENERGY          RMS            GMAX         NAME    NUMBER
     91       1.2297E+01     1.4128E+00     6.0198E+00     NP          3

 BOND    =        2.8155  ANGLE   =       10.6757  DIHED      =       27.9110
 VDWAALS =       -2.7807  EEL     =      210.2088  HBOND      =        0.0000
 1-4 VDW =        4.9734  1-4 EEL =     -241.5072  RESTRAINT  =        0.0000


   NSTEP       ENERGY          RMS            GMAX         NAME    NUMBER
     92       1.2169E+01     1.2600E+00     5.0457E+00     CP          8

 BOND    =        2.9012  ANGLE   =       10.6124  DIHED      =       28.3326
 VDWAALS =       -2.7787  EEL     =      210.3460  HBOND      =        0.0000
 1-4 VDW =        4.9068  1-4 EEL =     -242.1514  RESTRAINT  =        0.0000


   NSTEP       ENERGY          RMS            GMAX         NAME    NUMBER
     93       1.2168E+01     1.1432E+00     4.3403E+00     CP          8

 BOND    =        2.8856  ANGLE   =       10.6134  DIHED      =       28.2950
 VDWAALS =       -2.7790  EEL     =      210.3337  HBOND      =        0.0000
 1-4 VDW =        4.9127  1-4 EEL =     -242.0939  RESTRAINT  =        0.0000


   NSTEP       ENERGY          RMS            GMAX         NAME    NUMBER
     94       1.2079E+01     1.3557E+00     5.7538E+00     CP          8

 BOND    =        2.7362  ANGLE   =       10.5564  DIHED      =       28.5417
 VDWAALS =       -2.7838  EEL     =      210.3022  HBOND      =        0.0000
 1-4 VDW =        4.8845  1-4 EEL =     -242.1586  RESTRAINT  =        0.0000


   NSTEP       ENERGY          RMS            GMAX         NAME    NUMBER
     95       1.2078E+01     1.4218E+00     6.2586E+00     CP          8

 BOND    =        2.7317  ANGLE   =       10.5547  DIHED      =       28.5540
 VDWAALS =       -2.7840  EEL     =      210.3007  HBOND      =        0.0000
 1-4 VDW =        4.8831  1-4 EEL =     -242.1618  RESTRAINT  =        0.0000


   NSTEP       ENERGY          RMS            GMAX         NAME    NUMBER
     96       1.1955E+01     9.8472E-01     5.3260E+00     CAP         7

 BOND    =        2.6055  ANGLE   =       10.4044  DIHED      =       28.7995
 VDWAALS =       -2.7920  EEL     =      210.1409  HBOND      =        0.0000
 1-4 VDW =        4.8831  1-4 EEL =     -242.0868  RESTRAINT  =        0.0000


   NSTEP       ENERGY          RMS            GMAX         NAME    NUMBER
     97       1.1935E+01     1.3192E+00     6.3150E+00     CAP         7

 BOND    =        2.5601  ANGLE   =       10.3335  DIHED      =       28.9481
 VDWAALS =       -2.7960  EEL     =      210.0457  HBOND      =        0.0000
 1-4 VDW =        4.8835  1-4 EEL =     -242.0402  RESTRAINT  =        0.0000


   NSTEP       ENERGY          RMS            GMAX         NAME    NUMBER
     98       1.1798E+01     1.0532E+00     3.6079E+00     CAP         7

 BOND    =        2.4074  ANGLE   =       10.2159  DIHED      =       29.2515
 VDWAALS =       -2.8080  EEL     =      209.8132  HBOND      =        0.0000
 1-4 VDW =        4.9358  1-4 EEL =     -242.0176  RESTRAINT  =        0.0000


   NSTEP       ENERGY          RMS            GMAX         NAME    NUMBER
     99       1.1797E+01     1.1590E+00     3.9982E+00     CAP         7

 BOND    =        2.3985  ANGLE   =       10.2071  DIHED      =       29.2853
 VDWAALS =       -2.8091  EEL     =      209.7880  HBOND      =        0.0000
 1-4 VDW =        4.9417  1-4 EEL =     -242.0147  RESTRAINT  =        0.0000


   NSTEP       ENERGY          RMS            GMAX         NAME    NUMBER
    100       1.1721E+01     1.1420E+00     4.5313E+00     C           2

 BOND    =        2.3284  ANGLE   =       10.2454  DIHED      =       29.4991
 VDWAALS =       -2.8221  EEL     =      209.7010  HBOND      =        0.0000
 1-4 VDW =        4.9660  1-4 EEL =     -242.1970  RESTRAINT  =        0.0000


  Maximum number of minimization cycles reached.


                    FINAL RESULTS



   NSTEP       ENERGY          RMS            GMAX         NAME    NUMBER
    100       1.1721E+01     1.1420E+00     4.5313E+00     C           2

 BOND    =        2.3284  ANGLE   =       10.2454  DIHED      =       29.4991
 VDWAALS =       -2.8221  EEL     =      209.7010  HBOND      =        0.0000
 1-4 VDW =        4.9660  1-4 EEL =     -242.1970  RESTRAINT  =        0.0000

--------------------------------------------------------------------------------
   5.  TIMINGS
--------------------------------------------------------------------------------

|    Read coords time           0.00 ( 0.67% of Total)
|    Fast Water setup           0.00 ( 0.02% of Total)
|                Build the list             0.00 (93.20% of List )
|                Other                      0.00 ( 6.80% of List )
|             List time                  0.00 ( 6.15% of Nonbo)
|                   Short_ene time             0.01 (98.75% of Direc)
|                   Other                      0.00 ( 1.25% of Direc)
|                Direct Ewald time          0.01 (91.18% of Ewald)
|                Force Adjust               0.00 ( 0.16% of Ewald)
|                Virial junk                0.00 ( 0.25% of Ewald)
|                Start synchronizatio       0.00 ( 0.33% of Ewald)
|                Other                      0.00 ( 8.08% of Ewald)
|             Ewald time                 0.01 (93.05% of Nonbo)
|             IPS excludes               0.00 ( 0.10% of Nonbo)
|             Other                      0.00 ( 0.69% of Nonbo)
|          Nonbond force              0.01 (63.55% of Force)
|          Bond/Angle/Dihedral        0.01 (35.35% of Force)
|          Other                      0.00 ( 1.10% of Force)
|       Force time                 0.02 (100.0% of Runmd)
|    Runmd Time                 0.02 (51.64% of Total)
|    Other                      0.02 (47.67% of Total)
| Total time                 0.03 (99.78% of ALL  )

| Number of list builds   :          1

| Highest rstack allocated:        160
| Highest istack allocated:         32
|           Job began  at 14:21:53.248  on 05/22/2015
|           Setup done at 14:21:53.251  on 05/22/2015
|           Run   done at 14:21:53.280  on 05/22/2015
|     wallclock() was called    2335 times
