
          -------------------------------------------------------
          Amber 14 SANDER                              2014
          -------------------------------------------------------

| Run on 12/05/2014 at 19:53:24

|   Executable path: sander
| Working directory: /net/casegroup2/u2/pjanowsk/Phenix/AmberLibrary/a
|          Hostname: krakow

  [-O]verwriting output

File Assignments:
|  MDIN: sander.in                                                             
| MDOUT: AZ4.min.out                                                           
|INPCRD: AZ4.rst7                                                              
|  PARM: AZ4.prmtop                                                            
|RESTRT: AZ4.min.rst7                                                          
|  REFC: refc                                                                  
| MDVEL: mdvel                                                                 
| MDFRC: mdfrc                                                                 
|  MDEN: mden                                                                  
| MDCRD: mdcrd                                                                 
|MDINFO: mdinfo                                                                
|  MTMD: mtmd                                                                  
|INPDIP: inpdip                                                                
|RSTDIP: rstdip                                                                
|INPTRA: inptraj                                                               


 Here is the input file:

  short minimization                                                           
 &cntrl                                                                        
   imin=1, maxcyc=100, ncyc=50, ntpr=1, cut=99., ntb=0,                        
 /                                                                             

--------------------------------------------------------------------------------
   1.  RESOURCE   USE: 
--------------------------------------------------------------------------------

| Flags:                                                                        
|    NONPERIODIC   ntb=0 and igb=0: Setting up nonperiodic simulation
|  *** cutoff > system size, list only builds once
|Largest sphere to fit in unit cell has radius =    32.794
| New format PARM file being parsed.
| Version =    1.000 Date = 12/05/14 Time = 19:53:24
 NATOM  =      59 NTYPES =      15 NBONH =      23 MBONA  =      35
 NTHETH =      45 MTHETA =      44 NPHIH =      78 MPHIA  =      50
 NHPARM =       0 NPARM  =       0 NNB   =     267 NRES   =       1
 NBONA  =      35 NTHETA =      44 NPHIA =      50 NUMBND =      24
 NUMANG =      46 NPTRA  =      20 NATYP =      16 NPHB   =       0
 IFBOX  =       0 NMXRS  =      59 IFCAP =       0 NEXTRA =       0
 NCOPY  =       0


|     Memory Use     Allocated
|     Real                9114
|     Hollerith            180
|     Integer            28259
|     Max Pairs           1711
|     nblistReal           708
|     nblist Int       1059518
|       Total             4333 kbytes

| Note: 1-4 EEL scale factors are being read from the topology file.

| Note: 1-4 VDW scale factors are being read from the topology file.
| Duplicated    0 dihedrals
| Duplicated    0 dihedrals

--------------------------------------------------------------------------------
   2.  CONTROL  DATA  FOR  THE  RUN
--------------------------------------------------------------------------------

AZ4                                                                             

General flags:
     imin    =       1, nmropt  =       0

Nature and format of input:
     ntx     =       1, irest   =       0, ntrx    =       1

Nature and format of output:
     ntxo    =       1, ntpr    =       1, ntrx    =       1, ntwr    =     500
     iwrap   =       0, ntwx    =       0, ntwv    =       0, ntwe    =       0
     ioutfm  =       0, ntwprt  =       0, idecomp =       0, rbornstat=      0

Potential function:
     ntf     =       1, ntb     =       0, igb     =       0, nsnb    =      25
     ipol    =       0, gbsa    =       0, iesp    =       0
     dielc   =   1.00000, cut     =  99.00000, intdiel =   1.00000

Frozen or restrained atoms:
     ibelly  =       0, ntr     =       0

Energy minimization:
     maxcyc  =     100, ncyc    =      50, ntmin   =       1
     dx0     =   0.01000, drms    =   0.00010
|  INFO: Old style inpcrd file read


--------------------------------------------------------------------------------
   3.  ATOMIC COORDINATES AND VELOCITIES
--------------------------------------------------------------------------------

AZ4                                                                             
 begin time read from input coords =     0.000 ps

 Number of triangulated 3-point waters found:        0

     Sum of charges from parm topology file =  -0.00199900
     Forcing neutrality...

--------------------------------------------------------------------------------
   4.  RESULTS
--------------------------------------------------------------------------------

 ---------------------------------------------------

     eedmeth=4: Setting switch to one everywhere

 ---------------------------------------------------
| Local SIZE OF NONBOND LIST =       1458
| TOTAL SIZE OF NONBOND LIST =       1458


   NSTEP       ENERGY          RMS            GMAX         NAME    NUMBER
      1       2.7745E+02     5.0854E+01     2.7868E+02     C8          8

 BOND    =       70.4827  ANGLE   =      296.2019  DIHED      =       21.7227
 VDWAALS =        8.0653  EEL     =        6.9172  HBOND      =        0.0000
 1-4 VDW =       19.7808  1-4 EEL =     -145.7249  RESTRAINT  =        0.0000


   NSTEP       ENERGY          RMS            GMAX         NAME    NUMBER
      2       2.7409E+02     5.0178E+01     2.7561E+02     C8          8

 BOND    =       68.8052  ANGLE   =      294.6339  DIHED      =       21.7212
 VDWAALS =        7.8834  EEL     =        6.9370  HBOND      =        0.0000
 1-4 VDW =       19.8333  1-4 EEL =     -145.7285  RESTRAINT  =        0.0000


   NSTEP       ENERGY          RMS            GMAX         NAME    NUMBER
      3       2.7011E+02     4.9376E+01     2.7194E+02     C8          8

 BOND    =       66.8421  ANGLE   =      292.7580  DIHED      =       21.7195
 VDWAALS =        7.6676  EEL     =        6.9606  HBOND      =        0.0000
 1-4 VDW =       19.8971  1-4 EEL =     -145.7328  RESTRAINT  =        0.0000


   NSTEP       ENERGY          RMS            GMAX         NAME    NUMBER
      4       2.6543E+02     4.8425E+01     2.6757E+02     C8          8

 BOND    =       64.5576  ANGLE   =      290.5154  DIHED      =       21.7173
 VDWAALS =        7.4121  EEL     =        6.9890  HBOND      =        0.0000
 1-4 VDW =       19.9746  1-4 EEL =     -145.7378  RESTRAINT  =        0.0000


   NSTEP       ENERGY          RMS            GMAX         NAME    NUMBER
      5       2.5993E+02     4.7303E+01     2.6235E+02     C8          8

 BOND    =       61.9167  ANGLE   =      287.8363  DIHED      =       21.7147
 VDWAALS =        7.1105  EEL     =        7.0230  HBOND      =        0.0000
 1-4 VDW =       20.0693  1-4 EEL =     -145.7439  RESTRAINT  =        0.0000


   NSTEP       ENERGY          RMS            GMAX         NAME    NUMBER
      6       2.5349E+02     4.5982E+01     2.5615E+02     C8          8

 BOND    =       58.8893  ANGLE   =      284.6392  DIHED      =       21.7116
 VDWAALS =        6.7553  EEL     =        7.0638  HBOND      =        0.0000
 1-4 VDW =       20.1852  1-4 EEL =     -145.7511  RESTRAINT  =        0.0000


   NSTEP       ENERGY          RMS            GMAX         NAME    NUMBER
      7       2.4601E+02     4.4435E+01     2.4878E+02     C8          8

 BOND    =       55.4547  ANGLE   =      280.8287  DIHED      =       21.7079
 VDWAALS =        6.3389  EEL     =        7.1127  HBOND      =        0.0000
 1-4 VDW =       20.3278  1-4 EEL =     -145.7595  RESTRAINT  =        0.0000


   NSTEP       ENERGY          RMS            GMAX         NAME    NUMBER
      8       2.3737E+02     4.2635E+01     2.4005E+02     C8          8

 BOND    =       51.6088  ANGLE   =      276.2947  DIHED      =       21.7033
 VDWAALS =        5.8527  EEL     =        7.1712  HBOND      =        0.0000
 1-4 VDW =       20.5042  1-4 EEL =     -145.7695  RESTRAINT  =        0.0000


   NSTEP       ENERGY          RMS            GMAX         NAME    NUMBER
      9       2.2745E+02     4.0554E+01     2.2971E+02     C8          8

 BOND    =       47.3726  ANGLE   =      270.9114  DIHED      =       21.6977
 VDWAALS =        5.2881  EEL     =        7.2413  HBOND      =        0.0000
 1-4 VDW =       20.7239  1-4 EEL =     -145.7812  RESTRAINT  =        0.0000


   NSTEP       ENERGY          RMS            GMAX         NAME    NUMBER
     10       2.1620E+02     3.8172E+01     2.1753E+02     C8          8

 BOND    =       42.8030  ANGLE   =      264.5389  DIHED      =       21.6909
 VDWAALS =        4.6369  EEL     =        7.3251  HBOND      =        0.0000
 1-4 VDW =       20.9997  1-4 EEL =     -145.7949  RESTRAINT  =        0.0000


   NSTEP       ENERGY          RMS            GMAX         NAME    NUMBER
     11       2.0357E+02     3.5479E+01     2.0322E+02     C8          8

 BOND    =       38.0025  ANGLE   =      257.0270  DIHED      =       21.6826
 VDWAALS =        3.8917  EEL     =        7.4253  HBOND      =        0.0000
 1-4 VDW =       21.3497  1-4 EEL =     -145.8109  RESTRAINT  =        0.0000


   NSTEP       ENERGY          RMS            GMAX         NAME    NUMBER
     12       1.8959E+02     3.2481E+01     1.8651E+02     C8          8

 BOND    =       33.1247  ANGLE   =      248.2263  DIHED      =       21.6723
 VDWAALS =        3.0478  EEL     =        7.5448  HBOND      =        0.0000
 1-4 VDW =       21.7992  1-4 EEL =     -145.8295  RESTRAINT  =        0.0000


   NSTEP       ENERGY          RMS            GMAX         NAME    NUMBER
     13       1.7436E+02     2.9202E+01     1.6715E+02     C8          8

 BOND    =       28.3677  ANGLE   =      238.0112  DIHED      =       21.6596
 VDWAALS =        2.1044  EEL     =        7.6871  HBOND      =        0.0000
 1-4 VDW =       22.3854  1-4 EEL =     -145.8514  RESTRAINT  =        0.0000


   NSTEP       ENERGY          RMS            GMAX         NAME    NUMBER
     14       1.5812E+02     2.5686E+01     1.4494E+02     C8          8

 BOND    =       23.9435  ANGLE   =      226.3249  DIHED      =       21.6436
 VDWAALS =        1.0679  EEL     =        7.8557  HBOND      =        0.0000
 1-4 VDW =       23.1630  1-4 EEL =     -145.8779  RESTRAINT  =        0.0000


   NSTEP       ENERGY          RMS            GMAX         NAME    NUMBER
     15       1.4121E+02     2.1982E+01     1.1992E+02     C8          8

 BOND    =       20.0163  ANGLE   =      213.2557  DIHED      =       21.6231
 VDWAALS =       -0.0447  EEL     =        8.0547  HBOND      =        0.0000
 1-4 VDW =       24.2129  1-4 EEL =     -145.9117  RESTRAINT  =        0.0000


   NSTEP       ENERGY          RMS            GMAX         NAME    NUMBER
     16       1.2414E+02     1.8135E+01     9.2423E+01     C8          8

 BOND    =       16.6206  ANGLE   =      199.1477  DIHED      =       21.5964
 VDWAALS =       -1.2020  EEL     =        8.2885  HBOND      =        0.0000
 1-4 VDW =       25.6502  1-4 EEL =     -145.9595  RESTRAINT  =        0.0000


   NSTEP       ENERGY          RMS            GMAX         NAME    NUMBER
     17       1.0767E+02     1.4187E+01     6.9186E+01     C19        17

 BOND    =       13.6111  ANGLE   =      184.7141  DIHED      =       21.5607
 VDWAALS =       -2.3552  EEL     =        8.5623  HBOND      =        0.0000
 1-4 VDW =       27.6169  1-4 EEL =     -146.0364  RESTRAINT  =        0.0000


   NSTEP       ENERGY          RMS            GMAX         NAME    NUMBER
     18       9.2794E+01     1.0259E+01     5.1286E+01     C1          1

 BOND    =       10.7378  ANGLE   =      171.0771  DIHED      =       21.5105
 VDWAALS =       -3.4363  EEL     =        8.8829  HBOND      =        0.0000
 1-4 VDW =       30.1981  1-4 EEL =     -146.1765  RESTRAINT  =        0.0000


   NSTEP       ENERGY          RMS            GMAX         NAME    NUMBER
     19       8.0589E+01     6.6726E+00     3.3152E+01     C1          1

 BOND    =        8.0063  ANGLE   =      159.6247  DIHED      =       21.4361
 VDWAALS =       -4.3541  EEL     =        9.2517  HBOND      =        0.0000
 1-4 VDW =       33.0737  1-4 EEL =     -146.4497  RESTRAINT  =        0.0000


   NSTEP       ENERGY          RMS            GMAX         NAME    NUMBER
     20       7.1623E+01     4.1184E+00     2.1356E+01     H1         35

 BOND    =        6.3577  ANGLE   =      151.4805  DIHED      =       21.3190
 VDWAALS =       -4.9990  EEL     =        9.6176  HBOND      =        0.0000
 1-4 VDW =       34.8229  1-4 EEL =     -146.9760  RESTRAINT  =        0.0000


   NSTEP       ENERGY          RMS            GMAX         NAME    NUMBER
     21       6.4828E+01     4.1796E+00     2.2004E+01     H1         35

 BOND    =        6.8737  ANGLE   =      145.6221  DIHED      =       21.1439
 VDWAALS =       -5.4533  EEL     =        9.7281  HBOND      =        0.0000
 1-4 VDW =       34.7613  1-4 EEL =     -147.8483  RESTRAINT  =        0.0000


   NSTEP       ENERGY          RMS            GMAX         NAME    NUMBER
     22       8.4492E+01     3.1701E+01     1.7900E+02     C16        16

 BOND    =       27.8042  ANGLE   =      146.6378  DIHED      =       20.9884
 VDWAALS =       -6.0341  EEL     =        9.5846  HBOND      =        0.0000
 1-4 VDW =       33.8077  1-4 EEL =     -148.2964  RESTRAINT  =        0.0000


   NSTEP       ENERGY          RMS            GMAX         NAME    NUMBER
     23       6.0570E+01     6.6014E+00     3.2412E+01     C16        16

 BOND    =        7.3978  ANGLE   =      142.1246  DIHED      =       20.9860
 VDWAALS =       -6.0781  EEL     =        9.6884  HBOND      =        0.0000
 1-4 VDW =       34.9203  1-4 EEL =     -148.4695  RESTRAINT  =        0.0000


   NSTEP       ENERGY          RMS            GMAX         NAME    NUMBER
     24       6.8535E+01     2.0274E+01     1.1020E+02     C16        16

 BOND    =       14.9157  ANGLE   =      141.3745  DIHED      =       20.9540
 VDWAALS =       -6.1654  EEL     =        9.7400  HBOND      =        0.0000
 1-4 VDW =       36.4438  1-4 EEL =     -148.7278  RESTRAINT  =        0.0000


   NSTEP       ENERGY          RMS            GMAX         NAME    NUMBER
     25       5.8733E+01     5.8667E+00     2.7580E+01     C16        16

 BOND    =        6.8129  ANGLE   =      140.7326  DIHED      =       20.9421
 VDWAALS =       -6.1778  EEL     =        9.6943  HBOND      =        0.0000
 1-4 VDW =       35.4100  1-4 EEL =     -148.6809  RESTRAINT  =        0.0000


   NSTEP       ENERGY          RMS            GMAX         NAME    NUMBER
     26       5.9732E+01     1.0396E+01     5.2310E+01     C16        16

 BOND    =        9.0181  ANGLE   =      141.2280  DIHED      =       20.9091
 VDWAALS =       -6.2692  EEL     =        9.6975  HBOND      =        0.0000
 1-4 VDW =       33.8893  1-4 EEL =     -148.7411  RESTRAINT  =        0.0000


   NSTEP       ENERGY          RMS            GMAX         NAME    NUMBER
     27       5.6950E+01     2.7492E+00     1.5592E+01     H1         35

 BOND    =        6.6828  ANGLE   =      140.2527  DIHED      =       20.9035
 VDWAALS =       -6.3071  EEL     =        9.7240  HBOND      =        0.0000
 1-4 VDW =       34.4927  1-4 EEL =     -148.7988  RESTRAINT  =        0.0000


   NSTEP       ENERGY          RMS            GMAX         NAME    NUMBER
     28       5.6326E+01     4.1983E+00     1.6164E+01     C7          7

 BOND    =        6.3689  ANGLE   =      139.3331  DIHED      =       20.8698
 VDWAALS =       -6.4421  EEL     =        9.7074  HBOND      =        0.0000
 1-4 VDW =       35.3621  1-4 EEL =     -148.8734  RESTRAINT  =        0.0000


   NSTEP       ENERGY          RMS            GMAX         NAME    NUMBER
     29       5.6403E+01     6.8536E+00     3.0596E+01     C16        16

 BOND    =        7.6706  ANGLE   =      139.5005  DIHED      =       20.8395
 VDWAALS =       -6.5394  EEL     =        9.7217  HBOND      =        0.0000
 1-4 VDW =       34.1484  1-4 EEL =     -148.9387  RESTRAINT  =        0.0000


   NSTEP       ENERGY          RMS            GMAX         NAME    NUMBER
     30       5.5092E+01     2.2375E+00     1.3792E+01     H1         35

 BOND    =        6.5651  ANGLE   =      138.9026  DIHED      =       20.8330
 VDWAALS =       -6.5640  EEL     =        9.7360  HBOND      =        0.0000
 1-4 VDW =       34.5947  1-4 EEL =     -148.9753  RESTRAINT  =        0.0000


   NSTEP       ENERGY          RMS            GMAX         NAME    NUMBER
     31       5.4440E+01     2.4644E+00     1.2968E+01     H1         35

 BOND    =        6.2214  ANGLE   =      138.3422  DIHED      =       20.8035
 VDWAALS =       -6.6641  EEL     =        9.7174  HBOND      =        0.0000
 1-4 VDW =       35.0315  1-4 EEL =     -149.0115  RESTRAINT  =        0.0000


   NSTEP       ENERGY          RMS            GMAX         NAME    NUMBER
     32       5.3913E+01     3.3533E+00     1.5449E+01     C13        13

 BOND    =        6.9529  ANGLE   =      137.9940  DIHED      =       20.7705
 VDWAALS =       -6.7912  EEL     =        9.7570  HBOND      =        0.0000
 1-4 VDW =       34.3369  1-4 EEL =     -149.1072  RESTRAINT  =        0.0000


   NSTEP       ENERGY          RMS            GMAX         NAME    NUMBER
     33       5.3692E+01     4.7478E+00     2.3339E+01     C13        13

 BOND    =        6.4019  ANGLE   =      137.5284  DIHED      =       20.7442
 VDWAALS =       -6.8346  EEL     =        9.7155  HBOND      =        0.0000
 1-4 VDW =       35.2310  1-4 EEL =     -149.0947  RESTRAINT  =        0.0000


   NSTEP       ENERGY          RMS            GMAX         NAME    NUMBER
     34       5.3577E+01     5.9021E+00     3.2200E+01     C13        13

 BOND    =        7.6667  ANGLE   =      137.3264  DIHED      =       20.7183
 VDWAALS =       -7.0038  EEL     =        9.7673  HBOND      =        0.0000
 1-4 VDW =       34.2894  1-4 EEL =     -149.1868  RESTRAINT  =        0.0000


   NSTEP       ENERGY          RMS            GMAX         NAME    NUMBER
     35       5.3807E+01     7.7142E+00     4.6987E+01     C14        14

 BOND    =        7.1830  ANGLE   =      137.3469  DIHED      =       20.6987
 VDWAALS =       -6.9346  EEL     =        9.7322  HBOND      =        0.0000
 1-4 VDW =       34.9344  1-4 EEL =     -149.1539  RESTRAINT  =        0.0000


   NSTEP       ENERGY          RMS            GMAX         NAME    NUMBER
     36       5.2043E+01     1.9853E+00     1.0833E+01     H1         35

 BOND    =        6.3186  ANGLE   =      136.6908  DIHED      =       20.6889
 VDWAALS =       -7.0428  EEL     =        9.7446  HBOND      =        0.0000
 1-4 VDW =       34.8245  1-4 EEL =     -149.1816  RESTRAINT  =        0.0000


   NSTEP       ENERGY          RMS            GMAX         NAME    NUMBER
     37       5.1558E+01     3.3416E+00     1.7888E+01     C13        13

 BOND    =        6.8405  ANGLE   =      136.5099  DIHED      =       20.6473
 VDWAALS =       -7.1894  EEL     =        9.7702  HBOND      =        0.0000
 1-4 VDW =       34.2243  1-4 EEL =     -149.2445  RESTRAINT  =        0.0000


   NSTEP       ENERGY          RMS            GMAX         NAME    NUMBER
     38       5.1756E+01     5.9025E+00     3.0412E+01     C13        13

 BOND    =        6.8272  ANGLE   =      135.6785  DIHED      =       20.6240
 VDWAALS =       -7.2239  EEL     =        9.7440  HBOND      =        0.0000
 1-4 VDW =       35.3157  1-4 EEL =     -149.2096  RESTRAINT  =        0.0000


   NSTEP       ENERGY          RMS            GMAX         NAME    NUMBER
     39       5.0725E+01     1.8965E+00     1.0345E+01     H1         35

 BOND    =        6.3280  ANGLE   =      135.8185  DIHED      =       20.6131
 VDWAALS =       -7.2777  EEL     =        9.7561  HBOND      =        0.0000
 1-4 VDW =       34.7235  1-4 EEL =     -149.2367  RESTRAINT  =        0.0000


   NSTEP       ENERGY          RMS            GMAX         NAME    NUMBER
     40       5.0333E+01     2.4351E+00     1.2447E+01     C13        13

 BOND    =        6.6864  ANGLE   =      135.5597  DIHED      =       20.5822
 VDWAALS =       -7.3842  EEL     =        9.7774  HBOND      =        0.0000
 1-4 VDW =       34.3811  1-4 EEL =     -149.2695  RESTRAINT  =        0.0000


   NSTEP       ENERGY          RMS            GMAX         NAME    NUMBER
     41       5.0134E+01     3.6100E+00     1.9834E+01     C13        13

 BOND    =        6.4145  ANGLE   =      135.3234  DIHED      =       20.5575
 VDWAALS =       -7.4276  EEL     =        9.7576  HBOND      =        0.0000
 1-4 VDW =       34.7477  1-4 EEL =     -149.2391  RESTRAINT  =        0.0000


   NSTEP       ENERGY          RMS            GMAX         NAME    NUMBER
     42       5.0048E+01     4.6801E+00     2.6219E+01     C13        13

 BOND    =        7.2103  ANGLE   =      134.9457  DIHED      =       20.5307
 VDWAALS =       -7.5444  EEL     =        9.7879  HBOND      =        0.0000
 1-4 VDW =       34.4076  1-4 EEL =     -149.2898  RESTRAINT  =        0.0000


   NSTEP       ENERGY          RMS            GMAX         NAME    NUMBER
     43       5.0159E+01     6.2130E+00     3.2212E+01     C19        17

 BOND    =        6.8465  ANGLE   =      135.3837  DIHED      =       20.5168
 VDWAALS =       -7.5447  EEL     =        9.7656  HBOND      =        0.0000
 1-4 VDW =       34.4181  1-4 EEL =     -149.2272  RESTRAINT  =        0.0000


   NSTEP       ENERGY          RMS            GMAX         NAME    NUMBER
     44       4.9102E+01     1.6898E+00     9.6799E+00     H1         35

 BOND    =        6.4081  ANGLE   =      134.6995  DIHED      =       20.5056
 VDWAALS =       -7.5861  EEL     =        9.7769  HBOND      =        0.0000
 1-4 VDW =       34.5550  1-4 EEL =     -149.2570  RESTRAINT  =        0.0000


   NSTEP       ENERGY          RMS            GMAX         NAME    NUMBER
     45       4.8759E+01     2.5579E+00     1.5202E+01     C13        13

 BOND    =        6.6536  ANGLE   =      134.5384  DIHED      =       20.4705
 VDWAALS =       -7.7110  EEL     =        9.7847  HBOND      =        0.0000
 1-4 VDW =       34.2799  1-4 EEL =     -149.2570  RESTRAINT  =        0.0000


   NSTEP       ENERGY          RMS            GMAX         NAME    NUMBER
     46       4.8751E+01     4.2956E+00     2.4854E+01     C13        13

 BOND    =        6.6933  ANGLE   =      134.1120  DIHED      =       20.4460
 VDWAALS =       -7.7173  EEL     =        9.7910  HBOND      =        0.0000
 1-4 VDW =       34.6708  1-4 EEL =     -149.2445  RESTRAINT  =        0.0000


   NSTEP       ENERGY          RMS            GMAX         NAME    NUMBER
     47       4.8699E+01     5.1785E+00     2.6690E+01     C14        14

 BOND    =        7.0962  ANGLE   =      134.3379  DIHED      =       20.4248
 VDWAALS =       -7.8548  EEL     =        9.7745  HBOND      =        0.0000
 1-4 VDW =       34.1420  1-4 EEL =     -149.2214  RESTRAINT  =        0.0000


   NSTEP       ENERGY          RMS            GMAX         NAME    NUMBER
     48       4.9020E+01     7.1286E+00     4.1867E+01     C14        14

 BOND    =        7.3548  ANGLE   =      133.8346  DIHED      =       20.4064
 VDWAALS =       -7.8105  EEL     =        9.8196  HBOND      =        0.0000
 1-4 VDW =       34.6722  1-4 EEL =     -149.2570  RESTRAINT  =        0.0000


   NSTEP       ENERGY          RMS            GMAX         NAME    NUMBER
     49       4.7748E+01     1.6301E+00     9.0542E+00     H1         35

 BOND    =        6.4604  ANGLE   =      133.7797  DIHED      =       20.4001
 VDWAALS =       -7.8675  EEL     =        9.7929  HBOND      =        0.0000
 1-4 VDW =       34.4009  1-4 EEL =     -149.2189  RESTRAINT  =        0.0000


   NSTEP       ENERGY          RMS            GMAX         NAME    NUMBER
     50       4.7507E+01     2.9477E+00     1.8961E+01     C13        13

 BOND    =        6.7301  ANGLE   =      133.6054  DIHED      =       20.3619
 VDWAALS =       -7.9954  EEL     =        9.7914  HBOND      =        0.0000
 1-4 VDW =       34.2137  1-4 EEL =     -149.2006  RESTRAINT  =        0.0000


   NSTEP       ENERGY          RMS            GMAX         NAME    NUMBER
     51       4.7587E+01     4.6085E+00     2.6988E+01     C13        13

 BOND    =        6.8016  ANGLE   =      133.3315  DIHED      =       20.3416
 VDWAALS =       -7.9869  EEL     =        9.8120  HBOND      =        0.0000
 1-4 VDW =       34.4702  1-4 EEL =     -149.1828  RESTRAINT  =        0.0000


   NSTEP       ENERGY          RMS            GMAX         NAME    NUMBER
     52       4.6975E+01     1.5506E+00     8.6644E+00     H1         35

 BOND    =        6.4819  ANGLE   =      133.2589  DIHED      =       20.3329
 VDWAALS =       -8.0360  EEL     =        9.7991  HBOND      =        0.0000
 1-4 VDW =       34.3094  1-4 EEL =     -149.1710  RESTRAINT  =        0.0000


   NSTEP       ENERGY          RMS            GMAX         NAME    NUMBER
     53       4.6943E+01     1.4910E+00     8.5794E+00     H1         35

 BOND    =        6.5055  ANGLE   =      133.2657  DIHED      =       20.3304
 VDWAALS =       -8.0500  EEL     =        9.7954  HBOND      =        0.0000
 1-4 VDW =       34.2636  1-4 EEL =     -149.1676  RESTRAINT  =        0.0000


   NSTEP       ENERGY          RMS            GMAX         NAME    NUMBER
     54       4.6820E+01     1.3421E+00     8.4770E+00     H1         35

 BOND    =        6.5139  ANGLE   =      133.1678  DIHED      =       20.3192
 VDWAALS =       -8.0794  EEL     =        9.7998  HBOND      =        0.0000
 1-4 VDW =       34.2630  1-4 EEL =     -149.1646  RESTRAINT  =        0.0000


   NSTEP       ENERGY          RMS            GMAX         NAME    NUMBER
     55       4.6637E+01     3.0296E+00     1.4965E+01     C13        13

 BOND    =        6.7252  ANGLE   =      132.8852  DIHED      =       20.2817
 VDWAALS =       -8.1772  EEL     =        9.8148  HBOND      =        0.0000
 1-4 VDW =       34.2622  1-4 EEL =     -149.1545  RESTRAINT  =        0.0000


   NSTEP       ENERGY          RMS            GMAX         NAME    NUMBER
     56       4.6037E+01     2.9053E+00     1.4647E+01     C13        13

 BOND    =        6.7179  ANGLE   =      132.5074  DIHED      =       20.2259
 VDWAALS =       -8.3104  EEL     =        9.8212  HBOND      =        0.0000
 1-4 VDW =       34.1782  1-4 EEL =     -149.1036  RESTRAINT  =        0.0000


   NSTEP       ENERGY          RMS            GMAX         NAME    NUMBER
     57       4.2008E+01     3.5798E+00     1.2467E+01     C10        10

 BOND    =        7.1291  ANGLE   =      129.8687  DIHED      =       19.7685
 VDWAALS =       -9.3634  EEL     =        9.8522  HBOND      =        0.0000
 1-4 VDW =       33.3661  1-4 EEL =     -148.6132  RESTRAINT  =        0.0000


   NSTEP       ENERGY          RMS            GMAX         NAME    NUMBER
     58       4.1359E+01     5.8817E+00     2.2256E+01     C15        15

 BOND    =        8.3973  ANGLE   =      129.0456  DIHED      =       19.5020
 VDWAALS =       -9.9416  EEL     =        9.8492  HBOND      =        0.0000
 1-4 VDW =       32.7518  1-4 EEL =     -148.2448  RESTRAINT  =        0.0000


   NSTEP       ENERGY          RMS            GMAX         NAME    NUMBER
     59       5.3018E+01     1.9077E+01     8.2145E+01     C15        15

 BOND    =       21.1498  ANGLE   =      129.9321  DIHED      =       18.8649
 VDWAALS =      -11.0431  EEL     =        9.7774  HBOND      =        0.0000
 1-4 VDW =       31.4582  1-4 EEL =     -147.1216  RESTRAINT  =        0.0000


   NSTEP       ENERGY          RMS            GMAX         NAME    NUMBER
     60       4.0201E+01     3.0444E+00     1.5410E+01     H1         35

 BOND    =        8.5650  ANGLE   =      128.2801  DIHED      =       19.3345
 VDWAALS =      -10.2613  EEL     =        9.8408  HBOND      =        0.0000
 1-4 VDW =       32.4261  1-4 EEL =     -147.9844  RESTRAINT  =        0.0000


   NSTEP       ENERGY          RMS            GMAX         NAME    NUMBER
     61       3.9646E+01     1.6996E+00     9.2728E+00     N3         24

 BOND    =        7.9880  ANGLE   =      128.1551  DIHED      =       19.2830
 VDWAALS =      -10.3668  EEL     =        9.8754  HBOND      =        0.0000
 1-4 VDW =       32.6044  1-4 EEL =     -147.8927  RESTRAINT  =        0.0000


   NSTEP       ENERGY          RMS            GMAX         NAME    NUMBER
     62       3.9513E+01     1.8639E+00     8.3439E+00     C15        15

 BOND    =        7.8063  ANGLE   =      128.0924  DIHED      =       19.2459
 VDWAALS =      -10.4407  EEL     =        9.9000  HBOND      =        0.0000
 1-4 VDW =       32.7354  1-4 EEL =     -147.8265  RESTRAINT  =        0.0000


   NSTEP       ENERGY          RMS            GMAX         NAME    NUMBER
     63       3.9266E+01     2.0347E+00     1.1079E+01     C16        16

 BOND    =        7.3206  ANGLE   =      128.2669  DIHED      =       19.1640
 VDWAALS =      -10.5127  EEL     =        9.8956  HBOND      =        0.0000
 1-4 VDW =       32.7923  1-4 EEL =     -147.6604  RESTRAINT  =        0.0000


   NSTEP       ENERGY          RMS            GMAX         NAME    NUMBER
     64       3.9267E+01     2.1086E+00     1.1755E+01     C16        16

 BOND    =        7.3103  ANGLE   =      128.2748  DIHED      =       19.1612
 VDWAALS =      -10.5152  EEL     =        9.8955  HBOND      =        0.0000
 1-4 VDW =       32.7946  1-4 EEL =     -147.6544  RESTRAINT  =        0.0000


   NSTEP       ENERGY          RMS            GMAX         NAME    NUMBER
     65       3.8898E+01     1.4342E+00     5.2445E+00     O2         19

 BOND    =        7.0077  ANGLE   =      127.8565  DIHED      =       19.0459
 VDWAALS =      -10.5847  EEL     =        9.8636  HBOND      =        0.0000
 1-4 VDW =       33.1056  1-4 EEL =     -147.3964  RESTRAINT  =        0.0000


   NSTEP       ENERGY          RMS            GMAX         NAME    NUMBER
     66       3.8924E+01     3.6341E+00     1.3118E+01     N3         24

 BOND    =        6.8275  ANGLE   =      127.1366  DIHED      =       18.7823
 VDWAALS =      -10.7375  EEL     =        9.7853  HBOND      =        0.0000
 1-4 VDW =       33.9089  1-4 EEL =     -146.7789  RESTRAINT  =        0.0000


   NSTEP       ENERGY          RMS            GMAX         NAME    NUMBER
     67       3.8754E+01     2.1383E+00     7.6978E+00     N3         24

 BOND    =        6.8246  ANGLE   =      127.4685  DIHED      =       18.9171
 VDWAALS =      -10.6607  EEL     =        9.8266  HBOND      =        0.0000
 1-4 VDW =       33.4781  1-4 EEL =     -147.1002  RESTRAINT  =        0.0000


   NSTEP       ENERGY          RMS            GMAX         NAME    NUMBER
     68       3.8173E+01     2.8332E+00     1.2374E+01     C19        17

 BOND    =        6.5217  ANGLE   =      127.0943  DIHED      =       18.6378
 VDWAALS =      -10.8267  EEL     =        9.7712  HBOND      =        0.0000
 1-4 VDW =       33.3580  1-4 EEL =     -146.3833  RESTRAINT  =        0.0000


   NSTEP       ENERGY          RMS            GMAX         NAME    NUMBER
     69       3.8173E+01     2.8475E+00     1.2469E+01     C19        17

 BOND    =        6.5219  ANGLE   =      127.0932  DIHED      =       18.6365
 VDWAALS =      -10.8274  EEL     =        9.7709  HBOND      =        0.0000
 1-4 VDW =       33.3575  1-4 EEL =     -146.3798  RESTRAINT  =        0.0000


   NSTEP       ENERGY          RMS            GMAX         NAME    NUMBER
     70       3.7394E+01     2.1628E+00     8.4670E+00     C8          8

 BOND    =        6.7623  ANGLE   =      126.2122  DIHED      =       18.3598
 VDWAALS =      -10.9834  EEL     =        9.7386  HBOND      =        0.0000
 1-4 VDW =       32.9603  1-4 EEL =     -145.6557  RESTRAINT  =        0.0000


   NSTEP       ENERGY          RMS            GMAX         NAME    NUMBER
     71       3.7290E+01     2.7485E+00     1.0725E+01     C8          8

 BOND    =        6.9921  ANGLE   =      125.9256  DIHED      =       18.2481
 VDWAALS =      -11.0383  EEL     =        9.7244  HBOND      =        0.0000
 1-4 VDW =       32.7930  1-4 EEL =     -145.3545  RESTRAINT  =        0.0000


   NSTEP       ENERGY          RMS            GMAX         NAME    NUMBER
     72       3.6631E+01     2.7842E+00     1.2668E+01     C16        16

 BOND    =        7.0574  ANGLE   =      125.5270  DIHED      =       17.9128
 VDWAALS =      -11.2282  EEL     =        9.6838  HBOND      =        0.0000
 1-4 VDW =       32.1143  1-4 EEL =     -144.4358  RESTRAINT  =        0.0000


   NSTEP       ENERGY          RMS            GMAX         NAME    NUMBER
     73       3.6619E+01     2.4270E+00     9.8738E+00     C16        16

 BOND    =        6.9882  ANGLE   =      125.5469  DIHED      =       17.9530
 VDWAALS =      -11.2076  EEL     =        9.6892  HBOND      =        0.0000
 1-4 VDW =       32.1969  1-4 EEL =     -144.5480  RESTRAINT  =        0.0000


   NSTEP       ENERGY          RMS            GMAX         NAME    NUMBER
     74       3.6367E+01     2.7812E+00     1.7793E+01     C14        14

 BOND    =        7.1571  ANGLE   =      125.0768  DIHED      =       17.7266
 VDWAALS =      -11.2671  EEL     =        9.7014  HBOND      =        0.0000
 1-4 VDW =       32.0129  1-4 EEL =     -144.0405  RESTRAINT  =        0.0000


   NSTEP       ENERGY          RMS            GMAX         NAME    NUMBER
     75       3.6300E+01     1.8486E+00     1.0211E+01     C14        14

 BOND    =        7.0057  ANGLE   =      125.1832  DIHED      =       17.7981
 VDWAALS =      -11.2501  EEL     =        9.6980  HBOND      =        0.0000
 1-4 VDW =       32.0686  1-4 EEL =     -144.2033  RESTRAINT  =        0.0000


   NSTEP       ENERGY          RMS            GMAX         NAME    NUMBER
     76       3.6281E+01     1.7348E+00     9.1146E+00     C14        14

 BOND    =        7.0074  ANGLE   =      125.1595  DIHED      =       17.7961
 VDWAALS =      -11.2505  EEL     =        9.6969  HBOND      =        0.0000
 1-4 VDW =       32.0741  1-4 EEL =     -144.2029  RESTRAINT  =        0.0000


   NSTEP       ENERGY          RMS            GMAX         NAME    NUMBER
     77       3.6259E+01     1.6099E+00     7.8750E+00     C14        14

 BOND    =        7.0101  ANGLE   =      125.1320  DIHED      =       17.7935
 VDWAALS =      -11.2510  EEL     =        9.6957  HBOND      =        0.0000
 1-4 VDW =       32.0811  1-4 EEL =     -144.2025  RESTRAINT  =        0.0000


   NSTEP       ENERGY          RMS            GMAX         NAME    NUMBER
     78       3.6235E+01     1.4774E+00     6.5094E+00     C14        14

 BOND    =        7.0138  ANGLE   =      125.1004  DIHED      =       17.7903
 VDWAALS =      -11.2516  EEL     =        9.6943  HBOND      =        0.0000
 1-4 VDW =       32.0900  1-4 EEL =     -144.2024  RESTRAINT  =        0.0000


   NSTEP       ENERGY          RMS            GMAX         NAME    NUMBER
     79       3.6208E+01     1.3445E+00     5.0649E+00     C14        14

 BOND    =        7.0183  ANGLE   =      125.0648  DIHED      =       17.7861
 VDWAALS =      -11.2522  EEL     =        9.6927  HBOND      =        0.0000
 1-4 VDW =       32.1013  1-4 EEL =     -144.2026  RESTRAINT  =        0.0000


   NSTEP       ENERGY          RMS            GMAX         NAME    NUMBER
     80       3.6846E+01     5.9384E+00     4.1550E+01     C14        14

 BOND    =        8.3254  ANGLE   =      124.1788  DIHED      =       17.6214
 VDWAALS =      -11.2743  EEL     =        9.6397  HBOND      =        0.0000
 1-4 VDW =       32.5857  1-4 EEL =     -144.2305  RESTRAINT  =        0.0000


   NSTEP       ENERGY          RMS            GMAX         NAME    NUMBER
     81       3.6060E+01     1.5454E+00     9.0068E+00     C14        14

 BOND    =        7.1594  ANGLE   =      124.7165  DIHED      =       17.7343
 VDWAALS =      -11.2593  EEL     =        9.6766  HBOND      =        0.0000
 1-4 VDW =       32.2436  1-4 EEL =     -144.2110  RESTRAINT  =        0.0000


   NSTEP       ENERGY          RMS            GMAX         NAME    NUMBER
     82       3.5850E+01     1.2400E+00     4.5334E+00     N2         22

 BOND    =        6.9617  ANGLE   =      124.6647  DIHED      =       17.6565
 VDWAALS =      -11.2655  EEL     =        9.6798  HBOND      =        0.0000
 1-4 VDW =       32.4213  1-4 EEL =     -144.2687  RESTRAINT  =        0.0000


   NSTEP       ENERGY          RMS            GMAX         NAME    NUMBER
     83       3.5809E+01     2.1330E+00     9.6874E+00     C14        14

 BOND    =        6.8712  ANGLE   =      124.6675  DIHED      =       17.5815
 VDWAALS =      -11.2714  EEL     =        9.6831  HBOND      =        0.0000
 1-4 VDW =       32.6056  1-4 EEL =     -144.3281  RESTRAINT  =        0.0000


   NSTEP       ENERGY          RMS            GMAX         NAME    NUMBER
     84       3.5536E+01     1.6885E+00     6.9976E+00     C16        16

 BOND    =        6.5552  ANGLE   =      124.9739  DIHED      =       17.4296
 VDWAALS =      -11.3146  EEL     =        9.7006  HBOND      =        0.0000
 1-4 VDW =       32.6643  1-4 EEL =     -144.4731  RESTRAINT  =        0.0000


   NSTEP       ENERGY          RMS            GMAX         NAME    NUMBER
     85       3.5534E+01     1.5866E+00     6.0471E+00     C16        16

 BOND    =        6.5655  ANGLE   =      124.9433  DIHED      =       17.4399
 VDWAALS =      -11.3116  EEL     =        9.6994  HBOND      =        0.0000
 1-4 VDW =       32.6599  1-4 EEL =     -144.4626  RESTRAINT  =        0.0000


   NSTEP       ENERGY          RMS            GMAX         NAME    NUMBER
     86       3.5361E+01     1.5455E+00     6.4768E+00     N5         28

 BOND    =        7.0010  ANGLE   =      124.5966  DIHED      =       17.3704
 VDWAALS =      -11.3203  EEL     =        9.7634  HBOND      =        0.0000
 1-4 VDW =       32.5233  1-4 EEL =     -144.5731  RESTRAINT  =        0.0000


   NSTEP       ENERGY          RMS            GMAX         NAME    NUMBER
     87       3.5361E+01     1.4724E+00     6.0412E+00     N5         28

 BOND    =        6.9744  ANGLE   =      124.6108  DIHED      =       17.3735
 VDWAALS =      -11.3199  EEL     =        9.7604  HBOND      =        0.0000
 1-4 VDW =       32.5295  1-4 EEL =     -144.5681  RESTRAINT  =        0.0000


   NSTEP       ENERGY          RMS            GMAX         NAME    NUMBER
     88       3.5151E+01     1.0641E+00     3.7854E+00     O1         59

 BOND    =        7.0425  ANGLE   =      124.5297  DIHED      =       17.3034
 VDWAALS =      -11.3032  EEL     =        9.8569  HBOND      =        0.0000
 1-4 VDW =       32.4011  1-4 EEL =     -144.6793  RESTRAINT  =        0.0000


   NSTEP       ENERGY          RMS            GMAX         NAME    NUMBER
     89       3.5119E+01     1.4771E+00     4.9778E+00     O1         59

 BOND    =        7.1550  ANGLE   =      124.5014  DIHED      =       17.2628
 VDWAALS =      -11.2925  EEL     =        9.9158  HBOND      =        0.0000
 1-4 VDW =       32.3243  1-4 EEL =     -144.7475  RESTRAINT  =        0.0000


   NSTEP       ENERGY          RMS            GMAX         NAME    NUMBER
     90       3.4823E+01     1.4988E+00     4.7918E+00     N6          6

 BOND    =        7.4013  ANGLE   =      124.0825  DIHED      =       17.1421
 VDWAALS =      -11.2322  EEL     =        9.9845  HBOND      =        0.0000
 1-4 VDW =       32.2830  1-4 EEL =     -144.8384  RESTRAINT  =        0.0000


   NSTEP       ENERGY          RMS            GMAX         NAME    NUMBER
     91       3.4811E+01     1.8031E+00     6.1864E+00     N6          6

 BOND    =        7.4933  ANGLE   =      124.0039  DIHED      =       17.1165
 VDWAALS =      -11.2174  EEL     =       10.0007  HBOND      =        0.0000
 1-4 VDW =       32.2744  1-4 EEL =     -144.8600  RESTRAINT  =        0.0000


   NSTEP       ENERGY          RMS            GMAX         NAME    NUMBER
     92       3.4548E+01     1.9989E+00     6.9000E+00     C14        14

 BOND    =        7.3495  ANGLE   =      123.7289  DIHED      =       16.9481
 VDWAALS =      -11.1945  EEL     =       10.0615  HBOND      =        0.0000
 1-4 VDW =       32.6357  1-4 EEL =     -144.9810  RESTRAINT  =        0.0000


   NSTEP       ENERGY          RMS            GMAX         NAME    NUMBER
     93       3.4542E+01     1.7360E+00     5.7384E+00     N2         22

 BOND    =        7.3443  ANGLE   =      123.7523  DIHED      =       16.9680
 VDWAALS =      -11.1978  EEL     =       10.0536  HBOND      =        0.0000
 1-4 VDW =       32.5871  1-4 EEL =     -144.9652  RESTRAINT  =        0.0000


   NSTEP       ENERGY          RMS            GMAX         NAME    NUMBER
     94       3.4226E+01     1.3474E+00     4.5241E+00     C6         23

 BOND    =        7.0674  ANGLE   =      123.3353  DIHED      =       16.8492
 VDWAALS =      -11.2162  EEL     =       10.1019  HBOND      =        0.0000
 1-4 VDW =       33.0313  1-4 EEL =     -144.9428  RESTRAINT  =        0.0000


   NSTEP       ENERGY          RMS            GMAX         NAME    NUMBER
     95       3.4207E+01     1.6538E+00     7.1008E+00     C6         23

 BOND    =        7.0320  ANGLE   =      123.2399  DIHED      =       16.8174
 VDWAALS =      -11.2207  EEL     =       10.1155  HBOND      =        0.0000
 1-4 VDW =       33.1590  1-4 EEL =     -144.9366  RESTRAINT  =        0.0000


   NSTEP       ENERGY          RMS            GMAX         NAME    NUMBER
     96       3.3920E+01     2.0659E+00     7.7158E+00     C7          7

 BOND    =        6.8141  ANGLE   =      123.0436  DIHED      =       16.6872
 VDWAALS =      -11.2252  EEL     =       10.2907  HBOND      =        0.0000
 1-4 VDW =       33.2532  1-4 EEL =     -144.9438  RESTRAINT  =        0.0000


   NSTEP       ENERGY          RMS            GMAX         NAME    NUMBER
     97       3.3919E+01     1.9053E+00     6.8402E+00     C7          7

 BOND    =        6.8157  ANGLE   =      123.0512  DIHED      =       16.6962
 VDWAALS =      -11.2250  EEL     =       10.2778  HBOND      =        0.0000
 1-4 VDW =       33.2465  1-4 EEL =     -144.9432  RESTRAINT  =        0.0000


   NSTEP       ENERGY          RMS            GMAX         NAME    NUMBER
     98       3.3567E+01     1.5578E+00     5.6647E+00     N7         34

 BOND    =        6.6385  ANGLE   =      122.6093  DIHED      =       16.5679
 VDWAALS =      -11.2109  EEL     =       10.4882  HBOND      =        0.0000
 1-4 VDW =       33.4153  1-4 EEL =     -144.9414  RESTRAINT  =        0.0000


   NSTEP       ENERGY          RMS            GMAX         NAME    NUMBER
     99       3.3548E+01     1.8418E+00     6.4855E+00     N7         34

 BOND    =        6.6310  ANGLE   =      122.5371  DIHED      =       16.5427
 VDWAALS =      -11.2072  EEL     =       10.5344  HBOND      =        0.0000
 1-4 VDW =       33.4520  1-4 EEL =     -144.9415  RESTRAINT  =        0.0000


   NSTEP       ENERGY          RMS            GMAX         NAME    NUMBER
    100       3.3227E+01     1.9977E+00     6.3492E+00     C7          7

 BOND    =        6.6409  ANGLE   =      122.0153  DIHED      =       16.4044
 VDWAALS =      -11.2130  EEL     =       10.7655  HBOND      =        0.0000
 1-4 VDW =       33.5052  1-4 EEL =     -144.8917  RESTRAINT  =        0.0000


  Maximum number of minimization cycles reached.


                    FINAL RESULTS



   NSTEP       ENERGY          RMS            GMAX         NAME    NUMBER
    100       3.3227E+01     1.9977E+00     6.3492E+00     C7          7

 BOND    =        6.6409  ANGLE   =      122.0153  DIHED      =       16.4044
 VDWAALS =      -11.2130  EEL     =       10.7655  HBOND      =        0.0000
 1-4 VDW =       33.5052  1-4 EEL =     -144.8917  RESTRAINT  =        0.0000

--------------------------------------------------------------------------------
   5.  TIMINGS
--------------------------------------------------------------------------------

|    Read coords time           0.00 ( 0.85% of Total)
|                Build the list             0.00 (83.00% of List )
|                Other                      0.00 (17.00% of List )
|             List time                  0.00 ( 2.64% of Nonbo)
|                   Short_ene time             0.02 (98.66% of Direc)
|                   Other                      0.00 ( 1.34% of Direc)
|                Direct Ewald time          0.02 (94.46% of Ewald)
|                Force Adjust               0.00 ( 0.12% of Ewald)
|                Virial junk                0.00 ( 0.26% of Ewald)
|                Start synchronizatio       0.00 ( 0.23% of Ewald)
|                Other                      0.00 ( 4.93% of Ewald)
|             Ewald time                 0.03 (96.84% of Nonbo)
|             IPS excludes               0.00 ( 0.12% of Nonbo)
|             Other                      0.00 ( 0.40% of Nonbo)
|          Nonbond force              0.03 (70.90% of Force)
|          Bond/Angle/Dihedral        0.01 (27.75% of Force)
|          Other                      0.00 ( 1.35% of Force)
|       Force time                 0.04 (100.0% of Runmd)
|    Runmd Time                 0.04 (12.75% of Total)
|    Other                      0.26 (86.40% of Total)
| Total time                 0.30 (100.0% of ALL  )

| Number of list builds   :          1

| Highest rstack allocated:        265
| Highest istack allocated:         53
|           Job began  at 19:53:24.690  on 12/05/2014
|           Setup done at 19:53:24.715  on 12/05/2014
|           Run   done at 19:53:24.986  on 12/05/2014
|     wallclock() was called    2335 times
