
          -------------------------------------------------------
          Amber 14 SANDER                              2014
          -------------------------------------------------------

| Run on 05/22/2015 at 14:22:48

|   Executable path: sander
| Working directory: /net/chevy/raid1/nigel/amber/library/amber_library/a
|          Hostname: chevy.lbl.gov

  [-O]verwriting output

File Assignments:
|  MDIN: sander.in                                                             
| MDOUT: AZE.min_igb.out                                                       
|INPCRD: AZE.rst7                                                              
|  PARM: AZE.prmtop                                                            
|RESTRT: AZE.min_igb.rst7                                                      
|  REFC: refc                                                                  
| MDVEL: mdvel                                                                 
| MDFRC: mdfrc                                                                 
|  MDEN: mden                                                                  
| MDCRD: mdcrd                                                                 
|MDINFO: mdinfo                                                                
|  MTMD: mtmd                                                                  
|INPDIP: inpdip                                                                
|RSTDIP: rstdip                                                                
|INPTRA: inptraj                                                               


 Here is the input file:

  short minimization                                                           
 &cntrl                                                                        
   imin=1, maxcyc=100, ncyc=50, ntpr=1, cut=99., ntb=0, igb=2                  
 /                                                                             

--------------------------------------------------------------------------------
   1.  RESOURCE   USE: 
--------------------------------------------------------------------------------

| Flags:                                                                        
| New format PARM file being parsed.
| Version =    1.000 Date = 05/22/15 Time = 14:22:48
 NATOM  =      50 NTYPES =       4 NBONH =      30 MBONA  =      20
 NTHETH =      63 MTHETA =      27 NPHIH =     105 MPHIA  =      40
 NHPARM =       0 NPARM  =       0 NNB   =     263 NRES   =       1
 NBONA  =      20 NTHETA =      27 NPHIA =      40 NUMBND =      13
 NUMANG =      25 NPTRA  =      13 NATYP =       6 NPHB   =       0
 IFBOX  =       0 NMXRS  =      50 IFCAP =       0 NEXTRA =       0
 NCOPY  =       0

 Implicit solvent radii are H(N)-modified Bondi radii (mbondi2)                                             

|     Memory Use     Allocated
|     Real                7422
|     Hollerith            153
|     Integer            22384
|     Max Pairs              1
|     nblistReal             0
|     nblist Int             0
|       Total              146 kbytes

| Note: 1-4 EEL scale factors are being read from the topology file.

| Note: 1-4 VDW scale factors are being read from the topology file.
| Duplicated    0 dihedrals
| Duplicated    0 dihedrals

--------------------------------------------------------------------------------
   2.  CONTROL  DATA  FOR  THE  RUN
--------------------------------------------------------------------------------

AZE                                                                             

General flags:
     imin    =       1, nmropt  =       0

Nature and format of input:
     ntx     =       1, irest   =       0, ntrx    =       1

Nature and format of output:
     ntxo    =       1, ntpr    =       1, ntrx    =       1, ntwr    =     500
     iwrap   =       0, ntwx    =       0, ntwv    =       0, ntwe    =       0
     ioutfm  =       0, ntwprt  =       0, idecomp =       0, rbornstat=      0

Potential function:
     ntf     =       1, ntb     =       0, igb     =       2, nsnb    =      25
     ipol    =       0, gbsa    =       0, iesp    =       0
     dielc   =   1.00000, cut     =  99.00000, intdiel =   1.00000
     saltcon =   0.00000, offset  =   0.09000, gbalpha=    0.80000
     gbbeta  =   0.00000, gbgamma =   2.90912, surften =   0.00500
     rdt     =   0.00000, rgbmax  =  25.00000  extdiel =  78.50000
     alpb  =        0

Frozen or restrained atoms:
     ibelly  =       0, ntr     =       0

Energy minimization:
     maxcyc  =     100, ncyc    =      50, ntmin   =       1
     dx0     =   0.01000, drms    =   0.00010
|  INFO: Old style inpcrd file read


--------------------------------------------------------------------------------
   3.  ATOMIC COORDINATES AND VELOCITIES
--------------------------------------------------------------------------------

AZE                                                                             
 begin time read from input coords =     0.000 ps

 Number of triangulated 3-point waters found:        0

--------------------------------------------------------------------------------
   4.  RESULTS
--------------------------------------------------------------------------------



   NSTEP       ENERGY          RMS            GMAX         NAME    NUMBER
      1       4.0429E+01     1.3465E+01     4.1762E+01     C3          3

 BOND    =        8.1695  ANGLE   =        2.8361  DIHED      =       33.0770
 VDWAALS =        1.3409  EEL     =       -3.0282  EGB        =       -3.1698
 1-4 VDW =       11.6550  1-4 EEL =      -10.4521  RESTRAINT  =        0.0000


   NSTEP       ENERGY          RMS            GMAX         NAME    NUMBER
      2       3.9627E+01     1.2713E+01     3.9341E+01     C3          3

 BOND    =        7.4567  ANGLE   =        2.7954  DIHED      =       33.0763
 VDWAALS =        1.3207  EEL     =       -3.0259  EGB        =       -3.1665
 1-4 VDW =       11.6245  1-4 EEL =      -10.4542  RESTRAINT  =        0.0000


   NSTEP       ENERGY          RMS            GMAX         NAME    NUMBER
      3       3.8725E+01     1.1832E+01     3.6450E+01     C3          3

 BOND    =        6.6540  ANGLE   =        2.7554  DIHED      =       33.0755
 VDWAALS =        1.2955  EEL     =       -3.0231  EGB        =       -3.1625
 1-4 VDW =       11.5874  1-4 EEL =      -10.4566  RESTRAINT  =        0.0000


   NSTEP       ENERGY          RMS            GMAX         NAME    NUMBER
      4       3.7728E+01     1.0806E+01     3.3007E+01     C3          3

 BOND    =        5.7652  ANGLE   =        2.7194  DIHED      =       33.0744
 VDWAALS =        1.2638  EEL     =       -3.0197  EGB        =       -3.1576
 1-4 VDW =       11.5419  1-4 EEL =      -10.4595  RESTRAINT  =        0.0000


   NSTEP       ENERGY          RMS            GMAX         NAME    NUMBER
      5       3.6648E+01     9.6246E+00     2.8928E+01     C3          3

 BOND    =        4.8035  ANGLE   =        2.6918  DIHED      =       33.0729
 VDWAALS =        1.2234  EEL     =       -3.0154  EGB        =       -3.1517
 1-4 VDW =       11.4860  1-4 EEL =      -10.4629  RESTRAINT  =        0.0000


   NSTEP       ENERGY          RMS            GMAX         NAME    NUMBER
      6       3.5512E+01     8.2889E+00     2.4140E+01     C3          3

 BOND    =        3.7960  ANGLE   =        2.6784  DIHED      =       33.0708
 VDWAALS =        1.1712  EEL     =       -3.0101  EGB        =       -3.1447
 1-4 VDW =       11.4171  1-4 EEL =      -10.4667  RESTRAINT  =        0.0000


   NSTEP       ENERGY          RMS            GMAX         NAME    NUMBER
      7       3.4364E+01     6.8221E+00     1.8621E+01     C3          3

 BOND    =        2.7895  ANGLE   =        2.6839  DIHED      =       33.0674
 VDWAALS =        1.1022  EEL     =       -3.0034  EGB        =       -3.1362
 1-4 VDW =       11.3317  1-4 EEL =      -10.4710  RESTRAINT  =        0.0000


   NSTEP       ENERGY          RMS            GMAX         NAME    NUMBER
      8       3.3263E+01     5.2975E+00     1.2500E+01     C3          3

 BOND    =        1.8561  ANGLE   =        2.7079  DIHED      =       33.0619
 VDWAALS =        1.0084  EEL     =       -2.9951  EGB        =       -3.1264
 1-4 VDW =       11.2258  1-4 EEL =      -10.4753  RESTRAINT  =        0.0000


   NSTEP       ENERGY          RMS            GMAX         NAME    NUMBER
      9       3.2272E+01     3.8785E+00     1.0990E+01     H181       42

 BOND    =        1.0941  ANGLE   =        2.7317  DIHED      =       33.0525
 VDWAALS =        0.8771  EEL     =       -2.9850  EGB        =       -3.1160
 1-4 VDW =       11.0962  1-4 EEL =      -10.4788  RESTRAINT  =        0.0000


   NSTEP       ENERGY          RMS            GMAX         NAME    NUMBER
     10       3.1417E+01     2.8014E+00     9.3555E+00     H181       42

 BOND    =        0.6034  ANGLE   =        2.7005  DIHED      =       33.0368
 VDWAALS =        0.6903  EEL     =       -2.9744  EGB        =       -3.1078
 1-4 VDW =       10.9475  1-4 EEL =      -10.4790  RESTRAINT  =        0.0000


   NSTEP       ENERGY          RMS            GMAX         NAME    NUMBER
     11       3.0664E+01     2.0830E+00     7.4333E+00     H181       42

 BOND    =        0.3949  ANGLE   =        2.5605  DIHED      =       33.0151
 VDWAALS =        0.4375  EEL     =       -2.9676  EGB        =       -3.1087
 1-4 VDW =       10.8039  1-4 EEL =      -10.4712  RESTRAINT  =        0.0000


   NSTEP       ENERGY          RMS            GMAX         NAME    NUMBER
     12       2.9992E+01     1.5496E+00     5.6829E+00     H181       42

 BOND    =        0.3269  ANGLE   =        2.4276  DIHED      =       32.9909
 VDWAALS =        0.1272  EEL     =       -2.9686  EGB        =       -3.1231
 1-4 VDW =       10.6635  1-4 EEL =      -10.4520  RESTRAINT  =        0.0000


   NSTEP       ENERGY          RMS            GMAX         NAME    NUMBER
     13       2.9401E+01     1.3117E+00     3.9455E+00     H181       42

 BOND    =        0.3669  ANGLE   =        2.4332  DIHED      =       32.9612
 VDWAALS =       -0.2278  EEL     =       -2.9691  EGB        =       -3.1501
 1-4 VDW =       10.4086  1-4 EEL =      -10.4215  RESTRAINT  =        0.0000


   NSTEP       ENERGY          RMS            GMAX         NAME    NUMBER
     14       2.9328E+01     4.2418E+00     2.0219E+01     C8          8

 BOND    =        0.8801  ANGLE   =        2.4801  DIHED      =       32.9402
 VDWAALS =       -0.5369  EEL     =       -2.9769  EGB        =       -3.2007
 1-4 VDW =       10.1364  1-4 EEL =      -10.3948  RESTRAINT  =        0.0000


   NSTEP       ENERGY          RMS            GMAX         NAME    NUMBER
     15       3.0646E+01     8.7873E+00     4.3804E+01     C8          8

 BOND    =        2.0982  ANGLE   =        2.9167  DIHED      =       32.9122
 VDWAALS =       -0.6484  EEL     =       -2.9569  EGB        =       -3.1954
 1-4 VDW =        9.8957  1-4 EEL =      -10.3764  RESTRAINT  =        0.0000


   NSTEP       ENERGY          RMS            GMAX         NAME    NUMBER
     16       2.8858E+01     2.2640E+00     9.0596E+00     C8          8

 BOND    =        0.6617  ANGLE   =        2.5481  DIHED      =       32.9129
 VDWAALS =       -0.6542  EEL     =       -2.9657  EGB        =       -3.2046
 1-4 VDW =        9.9395  1-4 EEL =      -10.3794  RESTRAINT  =        0.0000


   NSTEP       ENERGY          RMS            GMAX         NAME    NUMBER
     17       2.9301E+01     5.2415E+00     2.4823E+01     C8          8

 BOND    =        1.1960  ANGLE   =        2.5578  DIHED      =       32.9165
 VDWAALS =       -0.7242  EEL     =       -2.9765  EGB        =       -3.2244
 1-4 VDW =        9.9338  1-4 EEL =      -10.3782  RESTRAINT  =        0.0000


   NSTEP       ENERGY          RMS            GMAX         NAME    NUMBER
     18       2.8653E+01     1.4815E+00     5.4768E+00     C14        14

 BOND    =        0.6619  ANGLE   =        2.5289  DIHED      =       32.9042
 VDWAALS =       -0.7479  EEL     =       -2.9704  EGB        =       -3.2228
 1-4 VDW =        9.8734  1-4 EEL =      -10.3740  RESTRAINT  =        0.0000


   NSTEP       ENERGY          RMS            GMAX         NAME    NUMBER
     19       2.8714E+01     2.8263E+00     1.1810E+01     C8          8

 BOND    =        0.8251  ANGLE   =        2.6226  DIHED      =       32.8906
 VDWAALS =       -0.8229  EEL     =       -2.9630  EGB        =       -3.2277
 1-4 VDW =        9.7542  1-4 EEL =      -10.3651  RESTRAINT  =        0.0000


   NSTEP       ENERGY          RMS            GMAX         NAME    NUMBER
     20       2.8512E+01     8.3205E-01     2.3551E+00     H173       41

 BOND    =        0.6912  ANGLE   =        2.5708  DIHED      =       32.8898
 VDWAALS =       -0.8359  EEL     =       -2.9663  EGB        =       -3.2316
 1-4 VDW =        9.7590  1-4 EEL =      -10.3655  RESTRAINT  =        0.0000


   NSTEP       ENERGY          RMS            GMAX         NAME    NUMBER
     21       2.8458E+01     1.2465E+00     4.4365E+00     C14        14

 BOND    =        0.7543  ANGLE   =        2.5860  DIHED      =       32.8815
 VDWAALS =       -0.8992  EEL     =       -2.9679  EGB        =       -3.2416
 1-4 VDW =        9.7069  1-4 EEL =      -10.3619  RESTRAINT  =        0.0000


   NSTEP       ENERGY          RMS            GMAX         NAME    NUMBER
     22       2.8456E+01     1.8963E+00     7.3163E+00     C6          6

 BOND    =        0.8260  ANGLE   =        2.6414  DIHED      =       32.8732
 VDWAALS =       -0.9501  EEL     =       -2.9623  EGB        =       -3.2458
 1-4 VDW =        9.6296  1-4 EEL =      -10.3561  RESTRAINT  =        0.0000


   NSTEP       ENERGY          RMS            GMAX         NAME    NUMBER
     23       2.8440E+01     2.1300E+00     9.5524E+00     C5          5

 BOND    =        0.8873  ANGLE   =        2.6144  DIHED      =       32.8692
 VDWAALS =       -0.9812  EEL     =       -2.9681  EGB        =       -3.2522
 1-4 VDW =        9.6270  1-4 EEL =      -10.3563  RESTRAINT  =        0.0000


   NSTEP       ENERGY          RMS            GMAX         NAME    NUMBER
     24       2.8474E+01     2.7350E+00     1.2299E+01     C5          5

 BOND    =        0.9465  ANGLE   =        2.7029  DIHED      =       32.8626
 VDWAALS =       -1.0228  EEL     =       -2.9595  EGB        =       -3.2545
 1-4 VDW =        9.5502  1-4 EEL =      -10.3511  RESTRAINT  =        0.0000


   NSTEP       ENERGY          RMS            GMAX         NAME    NUMBER
     25       2.8285E+01     6.2253E-01     2.0955E+00     H173       41

 BOND    =        0.8235  ANGLE   =        2.6479  DIHED      =       32.8604
 VDWAALS =       -1.0326  EEL     =       -2.9632  EGB        =       -3.2572
 1-4 VDW =        9.5574  1-4 EEL =      -10.3515  RESTRAINT  =        0.0000


   NSTEP       ENERGY          RMS            GMAX         NAME    NUMBER
     26       2.8238E+01     1.1365E+00     4.3484E+00     C9          9

 BOND    =        0.8980  ANGLE   =        2.6714  DIHED      =       32.8490
 VDWAALS =       -1.1001  EEL     =       -2.9639  EGB        =       -3.2659
 1-4 VDW =        9.4981  1-4 EEL =      -10.3481  RESTRAINT  =        0.0000


   NSTEP       ENERGY          RMS            GMAX         NAME    NUMBER
     27       2.8281E+01     2.1300E+00     8.5178E+00     C5          5

 BOND    =        0.9871  ANGLE   =        2.7247  DIHED      =       32.8442
 VDWAALS =       -1.1414  EEL     =       -2.9574  EGB        =       -3.2700
 1-4 VDW =        9.4378  1-4 EEL =      -10.3439  RESTRAINT  =        0.0000


   NSTEP       ENERGY          RMS            GMAX         NAME    NUMBER
     28       2.8166E+01     6.2371E-01     1.9476E+00     H173       41

 BOND    =        0.9110  ANGLE   =        2.7005  DIHED      =       32.8410
 VDWAALS =       -1.1506  EEL     =       -2.9602  EGB        =       -3.2716
 1-4 VDW =        9.4399  1-4 EEL =      -10.3442  RESTRAINT  =        0.0000


   NSTEP       ENERGY          RMS            GMAX         NAME    NUMBER
     29       2.8143E+01     1.0070E+00     4.0143E+00     C9          9

 BOND    =        0.9578  ANGLE   =        2.7135  DIHED      =       32.8335
 VDWAALS =       -1.1908  EEL     =       -2.9613  EGB        =       -3.2766
 1-4 VDW =        9.4097  1-4 EEL =      -10.3430  RESTRAINT  =        0.0000


   NSTEP       ENERGY          RMS            GMAX         NAME    NUMBER
     30       2.8139E+01     1.3818E+00     4.8964E+00     C5          5

 BOND    =        0.9906  ANGLE   =        2.7441  DIHED      =       32.8297
 VDWAALS =       -1.2193  EEL     =       -2.9566  EGB        =       -3.2793
 1-4 VDW =        9.3697  1-4 EEL =      -10.3402  RESTRAINT  =        0.0000


   NSTEP       ENERGY          RMS            GMAX         NAME    NUMBER
     31       2.8132E+01     1.5838E+00     6.7451E+00     C5          5

 BOND    =        1.0306  ANGLE   =        2.7360  DIHED      =       32.8237
 VDWAALS =       -1.2416  EEL     =       -2.9610  EGB        =       -3.2826
 1-4 VDW =        9.3673  1-4 EEL =      -10.3405  RESTRAINT  =        0.0000


   NSTEP       ENERGY          RMS            GMAX         NAME    NUMBER
     32       2.8146E+01     1.9931E+00     8.7980E+00     C5          5

 BOND    =        1.0637  ANGLE   =        2.7811  DIHED      =       32.8223
 VDWAALS =       -1.2668  EEL     =       -2.9539  EGB        =       -3.2843
 1-4 VDW =        9.3223  1-4 EEL =      -10.3380  RESTRAINT  =        0.0000


   NSTEP       ENERGY          RMS            GMAX         NAME    NUMBER
     33       2.8043E+01     4.6644E-01     1.7853E+00     H173       41

 BOND    =        0.9970  ANGLE   =        2.7562  DIHED      =       32.8186
 VDWAALS =       -1.2746  EEL     =       -2.9569  EGB        =       -3.2858
 1-4 VDW =        9.3270  1-4 EEL =      -10.3382  RESTRAINT  =        0.0000


   NSTEP       ENERGY          RMS            GMAX         NAME    NUMBER
     34       2.8013E+01     7.8529E-01     3.2332E+00     C9          9

 BOND    =        1.0397  ANGLE   =        2.7754  DIHED      =       32.8098
 VDWAALS =       -1.3198  EEL     =       -2.9568  EGB        =       -3.2908
 1-4 VDW =        9.2921  1-4 EEL =      -10.3369  RESTRAINT  =        0.0000


   NSTEP       ENERGY          RMS            GMAX         NAME    NUMBER
     35       2.8033E+01     1.5609E+00     6.3064E+00     C9          9

 BOND    =        1.0949  ANGLE   =        2.8050  DIHED      =       32.8052
 VDWAALS =       -1.3487  EEL     =       -2.9520  EGB        =       -3.2935
 1-4 VDW =        9.2561  1-4 EEL =      -10.3344  RESTRAINT  =        0.0000


   NSTEP       ENERGY          RMS            GMAX         NAME    NUMBER
     36       2.7969E+01     4.7837E-01     1.6812E+00     H173       41

 BOND    =        1.0535  ANGLE   =        2.7952  DIHED      =       32.8029
 VDWAALS =       -1.3560  EEL     =       -2.9539  EGB        =       -3.2945
 1-4 VDW =        9.2569  1-4 EEL =      -10.3349  RESTRAINT  =        0.0000


   NSTEP       ENERGY          RMS            GMAX         NAME    NUMBER
     37       2.7952E+01     7.1316E-01     2.8818E+00     C9          9

 BOND    =        1.0795  ANGLE   =        2.8063  DIHED      =       32.7973
 VDWAALS =       -1.3836  EEL     =       -2.9543  EGB        =       -3.2974
 1-4 VDW =        9.2389  1-4 EEL =      -10.3347  RESTRAINT  =        0.0000


   NSTEP       ENERGY          RMS            GMAX         NAME    NUMBER
     38       2.7947E+01     1.0161E+00     4.1905E+00     C11        11

 BOND    =        1.1010  ANGLE   =        2.8236  DIHED      =       32.7936
 VDWAALS =       -1.4036  EEL     =       -2.9508  EGB        =       -3.2992
 1-4 VDW =        9.2153  1-4 EEL =      -10.3329  RESTRAINT  =        0.0000


   NSTEP       ENERGY          RMS            GMAX         NAME    NUMBER
     39       2.7940E+01     1.1621E+00     4.9856E+00     C9          9

 BOND    =        1.1240  ANGLE   =        2.8242  DIHED      =       32.7891
 VDWAALS =       -1.4211  EEL     =       -2.9537  EGB        =       -3.3014
 1-4 VDW =        9.2125  1-4 EEL =      -10.3337  RESTRAINT  =        0.0000


   NSTEP       ENERGY          RMS            GMAX         NAME    NUMBER
     40       2.7944E+01     1.4571E+00     5.7785E+00     C9          9

 BOND    =        1.1441  ANGLE   =        2.8469  DIHED      =       32.7872
 VDWAALS =       -1.4375  EEL     =       -2.9485  EGB        =       -3.3023
 1-4 VDW =        9.1865  1-4 EEL =      -10.3319  RESTRAINT  =        0.0000


   NSTEP       ENERGY          RMS            GMAX         NAME    NUMBER
     41       2.7888E+01     3.7858E-01     1.5645E+00     H173       41

 BOND    =        1.1080  ANGLE   =        2.8368  DIHED      =       32.7847
 VDWAALS =       -1.4443  EEL     =       -2.9505  EGB        =       -3.3033
 1-4 VDW =        9.1887  1-4 EEL =      -10.3324  RESTRAINT  =        0.0000


   NSTEP       ENERGY          RMS            GMAX         NAME    NUMBER
     42       2.7865E+01     5.3834E-01     2.0427E+00     C12        12

 BOND    =        1.1304  ANGLE   =        2.8510  DIHED      =       32.7781
 VDWAALS =       -1.4747  EEL     =       -2.9501  EGB        =       -3.3063
 1-4 VDW =        9.1685  1-4 EEL =      -10.3321  RESTRAINT  =        0.0000


   NSTEP       ENERGY          RMS            GMAX         NAME    NUMBER
     43       2.7867E+01     1.0902E+00     5.0611E+00     C11        11

 BOND    =        1.1620  ANGLE   =        2.8674  DIHED      =       32.7733
 VDWAALS =       -1.4971  EEL     =       -2.9467  EGB        =       -3.3082
 1-4 VDW =        9.1469  1-4 EEL =      -10.3305  RESTRAINT  =        0.0000


   NSTEP       ENERGY          RMS            GMAX         NAME    NUMBER
     44       2.7835E+01     3.6190E-01     1.4867E+00     H173       41

 BOND    =        1.1428  ANGLE   =        2.8654  DIHED      =       32.7716
 VDWAALS =       -1.5035  EEL     =       -2.9479  EGB        =       -3.3089
 1-4 VDW =        9.1461  1-4 EEL =      -10.3311  RESTRAINT  =        0.0000


   NSTEP       ENERGY          RMS            GMAX         NAME    NUMBER
     45       2.7818E+01     4.4130E-01     1.5120E+00     C12        12

 BOND    =        1.1557  ANGLE   =        2.8750  DIHED      =       32.7671
 VDWAALS =       -1.5239  EEL     =       -2.9476  EGB        =       -3.3107
 1-4 VDW =        9.1339  1-4 EEL =      -10.3312  RESTRAINT  =        0.0000


   NSTEP       ENERGY          RMS            GMAX         NAME    NUMBER
     46       2.7809E+01     6.9291E-01     3.0984E+00     C11        11

 BOND    =        1.1714  ANGLE   =        2.8855  DIHED      =       32.7628
 VDWAALS =       -1.5419  EEL     =       -2.9453  EGB        =       -3.3122
 1-4 VDW =        9.1188  1-4 EEL =      -10.3301  RESTRAINT  =        0.0000


   NSTEP       ENERGY          RMS            GMAX         NAME    NUMBER
     47       2.7805E+01     8.8766E-01     3.9631E+00     C14        14

 BOND    =        1.1878  ANGLE   =        2.8920  DIHED      =       32.7594
 VDWAALS =       -1.5572  EEL     =       -2.9468  EGB        =       -3.3137
 1-4 VDW =        9.1143  1-4 EEL =      -10.3311  RESTRAINT  =        0.0000


   NSTEP       ENERGY          RMS            GMAX         NAME    NUMBER
     48       2.7801E+01     1.0460E+00     4.7636E+00     C11        11

 BOND    =        1.1981  ANGLE   =        2.9006  DIHED      =       32.7568
 VDWAALS =       -1.5680  EEL     =       -2.9433  EGB        =       -3.3143
 1-4 VDW =        9.1009  1-4 EEL =      -10.3296  RESTRAINT  =        0.0000


   NSTEP       ENERGY          RMS            GMAX         NAME    NUMBER
     49       2.7804E+01     1.2815E+00     5.8363E+00     C14        14

 BOND    =        1.2209  ANGLE   =        2.9062  DIHED      =       32.7530
 VDWAALS =       -1.5828  EEL     =       -2.9462  EGB        =       -3.3161
 1-4 VDW =        9.1002  1-4 EEL =      -10.3311  RESTRAINT  =        0.0000


   NSTEP       ENERGY          RMS            GMAX         NAME    NUMBER
     50       2.7760E+01     3.2401E-01     1.3750E+00     H173       41

 BOND    =        1.1859  ANGLE   =        2.9053  DIHED      =       32.7522
 VDWAALS =       -1.5867  EEL     =       -2.9441  EGB        =       -3.3160
 1-4 VDW =        9.0935  1-4 EEL =      -10.3303  RESTRAINT  =        0.0000


   NSTEP       ENERGY          RMS            GMAX         NAME    NUMBER
     51       2.7742E+01     4.5970E-01     1.9650E+00     C11        11

 BOND    =        1.1989  ANGLE   =        2.9171  DIHED      =       32.7465
 VDWAALS =       -1.6095  EEL     =       -2.9423  EGB        =       -3.3179
 1-4 VDW =        9.0785  1-4 EEL =      -10.3297  RESTRAINT  =        0.0000


   NSTEP       ENERGY          RMS            GMAX         NAME    NUMBER
     52       5.2970E+01     3.1316E+01     1.6112E+02     C11        11

 BOND    =       24.3316  ANGLE   =        5.7544  DIHED      =       32.6793
 VDWAALS =       -2.0723  EEL     =       -2.9648  EGB        =       -3.3655
 1-4 VDW =        8.9660  1-4 EEL =      -10.3590  RESTRAINT  =        0.0000


   NSTEP       ENERGY          RMS            GMAX         NAME    NUMBER
     53       2.7732E+01     3.9150E-01     1.3949E+00     C12        12

 BOND    =        1.2027  ANGLE   =        2.9208  DIHED      =       32.7442
 VDWAALS =       -1.6191  EEL     =       -2.9427  EGB        =       -3.3186
 1-4 VDW =        9.0749  1-4 EEL =      -10.3302  RESTRAINT  =        0.0000


   NSTEP       ENERGY          RMS            GMAX         NAME    NUMBER
     54       2.7718E+01     3.8537E-01     1.3492E+00     C12        12

 BOND    =        1.2093  ANGLE   =        2.9285  DIHED      =       32.7404
 VDWAALS =       -1.6344  EEL     =       -2.9418  EGB        =       -3.3198
 1-4 VDW =        9.0662  1-4 EEL =      -10.3302  RESTRAINT  =        0.0000


   NSTEP       ENERGY          RMS            GMAX         NAME    NUMBER
     55       2.7602E+01     3.7916E-01     1.5187E+00     C9          9

 BOND    =        1.2727  ANGLE   =        3.0008  DIHED      =       32.7071
 VDWAALS =       -1.7720  EEL     =       -2.9341  EGB        =       -3.3305
 1-4 VDW =        8.9878  1-4 EEL =      -10.3300  RESTRAINT  =        0.0000


   NSTEP       ENERGY          RMS            GMAX         NAME    NUMBER
     56       2.7325E+01     1.1877E+00     4.4671E+00     C12        12

 BOND    =        1.7194  ANGLE   =        3.4712  DIHED      =       32.5770
 VDWAALS =       -2.4280  EEL     =       -2.8934  EGB        =       -3.3874
 1-4 VDW =        8.5942  1-4 EEL =      -10.3282  RESTRAINT  =        0.0000


   NSTEP       ENERGY          RMS            GMAX         NAME    NUMBER
     57       3.0760E+01     1.1521E+01     4.1765E+01     C10        10

 BOND    =        5.0182  ANGLE   =        4.7255  DIHED      =       32.4680
 VDWAALS =       -3.0612  EEL     =       -2.8546  EGB        =       -3.4580
 1-4 VDW =        8.2358  1-4 EEL =      -10.3133  RESTRAINT  =        0.0000


   NSTEP       ENERGY          RMS            GMAX         NAME    NUMBER
     58       2.7284E+01     4.5773E-01     1.9134E+00     H172       40

 BOND    =        1.7666  ANGLE   =        3.5093  DIHED      =       32.5611
 VDWAALS =       -2.4974  EEL     =       -2.8895  EGB        =       -3.3943
 1-4 VDW =        8.5553  1-4 EEL =      -10.3268  RESTRAINT  =        0.0000


   NSTEP       ENERGY          RMS            GMAX         NAME    NUMBER
     59       2.7274E+01     3.6417E-01     1.5329E+00     H172       40

 BOND    =        1.7591  ANGLE   =        3.5122  DIHED      =       32.5586
 VDWAALS =       -2.5039  EEL     =       -2.8889  EGB        =       -3.3946
 1-4 VDW =        8.5585  1-4 EEL =      -10.3275  RESTRAINT  =        0.0000


   NSTEP       ENERGY          RMS            GMAX         NAME    NUMBER
     60       2.7266E+01     6.0025E-01     2.5229E+00     C11        11

 BOND    =        1.7549  ANGLE   =        3.5196  DIHED      =       32.5539
 VDWAALS =       -2.5158  EEL     =       -2.8877  EGB        =       -3.3952
 1-4 VDW =        8.5647  1-4 EEL =      -10.3287  RESTRAINT  =        0.0000


   NSTEP       ENERGY          RMS            GMAX         NAME    NUMBER
     61       2.7238E+01     4.1376E-01     1.8638E+00     C17        17

 BOND    =        1.7211  ANGLE   =        3.5099  DIHED      =       32.5492
 VDWAALS =       -2.5263  EEL     =       -2.8862  EGB        =       -3.3910
 1-4 VDW =        8.5949  1-4 EEL =      -10.3332  RESTRAINT  =        0.0000


   NSTEP       ENERGY          RMS            GMAX         NAME    NUMBER
     62       2.7231E+01     5.7602E-01     2.3352E+00     H171       39

 BOND    =        1.7053  ANGLE   =        3.5034  DIHED      =       32.5454
 VDWAALS =       -2.5351  EEL     =       -2.8849  EGB        =       -3.3873
 1-4 VDW =        8.6212  1-4 EEL =      -10.3371  RESTRAINT  =        0.0000


   NSTEP       ENERGY          RMS            GMAX         NAME    NUMBER
     63       2.7184E+01     4.9109E-01     2.5646E+00     H171       39

 BOND    =        1.5510  ANGLE   =        3.5511  DIHED      =       32.5342
 VDWAALS =       -2.5444  EEL     =       -2.8847  EGB        =       -3.3811
 1-4 VDW =        8.7004  1-4 EEL =      -10.3424  RESTRAINT  =        0.0000


   NSTEP       ENERGY          RMS            GMAX         NAME    NUMBER
     64       2.7173E+01     7.6189E-01     4.9238E+00     C17        17

 BOND    =        1.4443  ANGLE   =        3.5974  DIHED      =       32.5265
 VDWAALS =       -2.5508  EEL     =       -2.8846  EGB        =       -3.3764
 1-4 VDW =        8.7629  1-4 EEL =      -10.3464  RESTRAINT  =        0.0000


   NSTEP       ENERGY          RMS            GMAX         NAME    NUMBER
     65       2.7113E+01     7.1369E-01     2.9746E+00     C1          1

 BOND    =        1.2969  ANGLE   =        3.5708  DIHED      =       32.5146
 VDWAALS =       -2.5559  EEL     =       -2.8808  EGB        =       -3.3608
 1-4 VDW =        8.8856  1-4 EEL =      -10.3578  RESTRAINT  =        0.0000


   NSTEP       ENERGY          RMS            GMAX         NAME    NUMBER
     66       2.7113E+01     7.3897E-01     3.1775E+00     C1          1

 BOND    =        1.2928  ANGLE   =        3.5705  DIHED      =       32.5143
 VDWAALS =       -2.5560  EEL     =       -2.8807  EGB        =       -3.3602
 1-4 VDW =        8.8902  1-4 EEL =      -10.3582  RESTRAINT  =        0.0000


   NSTEP       ENERGY          RMS            GMAX         NAME    NUMBER
     67       2.7083E+01     1.0102E+00     5.2844E+00     C6          6

 BOND    =        1.2780  ANGLE   =        3.5017  DIHED      =       32.4850
 VDWAALS =       -2.5488  EEL     =       -2.8761  EGB        =       -3.3491
 1-4 VDW =        8.9629  1-4 EEL =      -10.3706  RESTRAINT  =        0.0000


   NSTEP       ENERGY          RMS            GMAX         NAME    NUMBER
     68       2.7074E+01     6.3913E-01     3.2742E+00     C1          1

 BOND    =        1.2728  ANGLE   =        3.5172  DIHED      =       32.4936
 VDWAALS =       -2.5516  EEL     =       -2.8776  EGB        =       -3.3527
 1-4 VDW =        8.9388  1-4 EEL =      -10.3666  RESTRAINT  =        0.0000


   NSTEP       ENERGY          RMS            GMAX         NAME    NUMBER
     69       2.7045E+01     4.3672E-01     2.0925E+00     C5          5

 BOND    =        1.3030  ANGLE   =        3.4578  DIHED      =       32.4759
 VDWAALS =       -2.5469  EEL     =       -2.8742  EGB        =       -3.3477
 1-4 VDW =        8.9496  1-4 EEL =      -10.3727  RESTRAINT  =        0.0000


   NSTEP       ENERGY          RMS            GMAX         NAME    NUMBER
     70       2.7045E+01     4.3926E-01     2.1222E+00     C5          5

 BOND    =        1.3033  ANGLE   =        3.4575  DIHED      =       32.4758
 VDWAALS =       -2.5468  EEL     =       -2.8742  EGB        =       -3.3476
 1-4 VDW =        8.9496  1-4 EEL =      -10.3728  RESTRAINT  =        0.0000


   NSTEP       ENERGY          RMS            GMAX         NAME    NUMBER
     71       2.7031E+01     3.5474E-01     1.0834E+00     H172       40

 BOND    =        1.2878  ANGLE   =        3.4372  DIHED      =       32.4726
 VDWAALS =       -2.5413  EEL     =       -2.8753  EGB        =       -3.3446
 1-4 VDW =        8.9684  1-4 EEL =      -10.3734  RESTRAINT  =        0.0000


   NSTEP       ENERGY          RMS            GMAX         NAME    NUMBER
     72       2.7031E+01     3.4250E-01     1.0722E+00     H172       40

 BOND    =        1.2880  ANGLE   =        3.4377  DIHED      =       32.4727
 VDWAALS =       -2.5414  EEL     =       -2.8753  EGB        =       -3.3447
 1-4 VDW =        8.9677  1-4 EEL =      -10.3733  RESTRAINT  =        0.0000


   NSTEP       ENERGY          RMS            GMAX         NAME    NUMBER
     73       2.7019E+01     2.9691E-01     1.0696E+00     H172       40

 BOND    =        1.2590  ANGLE   =        3.4464  DIHED      =       32.4721
 VDWAALS =       -2.5376  EEL     =       -2.8780  EGB        =       -3.3453
 1-4 VDW =        8.9746  1-4 EEL =      -10.3719  RESTRAINT  =        0.0000


   NSTEP       ENERGY          RMS            GMAX         NAME    NUMBER
     74       2.7016E+01     4.7348E-01     1.8190E+00     C6          6

 BOND    =        1.2357  ANGLE   =        3.4576  DIHED      =       32.4718
 VDWAALS =       -2.5339  EEL     =       -2.8806  EGB        =       -3.3458
 1-4 VDW =        8.9813  1-4 EEL =      -10.3705  RESTRAINT  =        0.0000


   NSTEP       ENERGY          RMS            GMAX         NAME    NUMBER
     75       2.6994E+01     3.6856E-01     1.5651E+00     C16        16

 BOND    =        1.2416  ANGLE   =        3.4338  DIHED      =       32.4633
 VDWAALS =       -2.5258  EEL     =       -2.8870  EGB        =       -3.3439
 1-4 VDW =        8.9782  1-4 EEL =      -10.3662  RESTRAINT  =        0.0000


   NSTEP       ENERGY          RMS            GMAX         NAME    NUMBER
     76       2.6989E+01     2.7799E-01     1.0545E+00     C16        16

 BOND    =        1.2533  ANGLE   =        3.4273  DIHED      =       32.4627
 VDWAALS =       -2.5271  EEL     =       -2.8866  EGB        =       -3.3436
 1-4 VDW =        8.9702  1-4 EEL =      -10.3668  RESTRAINT  =        0.0000


   NSTEP       ENERGY          RMS            GMAX         NAME    NUMBER
     77       2.6985E+01     2.1454E-01     7.8999E-01     H172       40

 BOND    =        1.2673  ANGLE   =        3.4228  DIHED      =       32.4611
 VDWAALS =       -2.5292  EEL     =       -2.8863  EGB        =       -3.3433
 1-4 VDW =        8.9602  1-4 EEL =      -10.3671  RESTRAINT  =        0.0000


   NSTEP       ENERGY          RMS            GMAX         NAME    NUMBER
     78       2.6982E+01     1.7276E-01     7.1853E-01     H172       40

 BOND    =        1.2811  ANGLE   =        3.4213  DIHED      =       32.4587
 VDWAALS =       -2.5320  EEL     =       -2.8863  EGB        =       -3.3432
 1-4 VDW =        8.9492  1-4 EEL =      -10.3671  RESTRAINT  =        0.0000


   NSTEP       ENERGY          RMS            GMAX         NAME    NUMBER
     79       2.6978E+01     1.4908E-01     6.2107E-01     H172       40

 BOND    =        1.2916  ANGLE   =        3.4238  DIHED      =       32.4563
 VDWAALS =       -2.5355  EEL     =       -2.8869  EGB        =       -3.3434
 1-4 VDW =        8.9385  1-4 EEL =      -10.3667  RESTRAINT  =        0.0000


   NSTEP       ENERGY          RMS            GMAX         NAME    NUMBER
     80       4.3506E+01     1.5311E+01     8.3660E+01     C7          7

 BOND    =        9.2661  ANGLE   =       14.1695  DIHED      =       32.9296
 VDWAALS =       -3.0653  EEL     =       -3.1081  EGB        =       -3.4572
 1-4 VDW =        6.9267  1-4 EEL =      -10.1555  RESTRAINT  =        0.0000


   NSTEP       ENERGY          RMS            GMAX         NAME    NUMBER
     81       2.6963E+01     4.1038E-01     2.2797E+00     C7          7

 BOND    =        1.3477  ANGLE   =        3.4767  DIHED      =       32.4364
 VDWAALS =       -2.5606  EEL     =       -2.8935  EGB        =       -3.3464
 1-4 VDW =        8.8635  1-4 EEL =      -10.3606  RESTRAINT  =        0.0000


   NSTEP       ENERGY          RMS            GMAX         NAME    NUMBER
     82       2.6966E+01     7.1672E-01     4.3114E+00     C8          8

 BOND    =        1.4414  ANGLE   =        3.4947  DIHED      =       32.4248
 VDWAALS =       -2.5813  EEL     =       -2.8998  EGB        =       -3.3497
 1-4 VDW =        8.7922  1-4 EEL =      -10.3560  RESTRAINT  =        0.0000


   NSTEP       ENERGY          RMS            GMAX         NAME    NUMBER
     83       2.6957E+01     2.2891E-01     8.2123E-01     C8          8

 BOND    =        1.3842  ANGLE   =        3.4829  DIHED      =       32.4311
 VDWAALS =       -2.5700  EEL     =       -2.8963  EGB        =       -3.3479
 1-4 VDW =        8.8312  1-4 EEL =      -10.3585  RESTRAINT  =        0.0000


   NSTEP       ENERGY          RMS            GMAX         NAME    NUMBER
     84       2.6953E+01     1.9419E-01     6.9196E-01     C8          8

 BOND    =        1.3968  ANGLE   =        3.4803  DIHED      =       32.4288
 VDWAALS =       -2.5712  EEL     =       -2.8974  EGB        =       -3.3483
 1-4 VDW =        8.8214  1-4 EEL =      -10.3575  RESTRAINT  =        0.0000


   NSTEP       ENERGY          RMS            GMAX         NAME    NUMBER
     85       2.6944E+01     2.0002E-01     6.2943E-01     C1          1

 BOND    =        1.4655  ANGLE   =        3.4719  DIHED      =       32.4181
 VDWAALS =       -2.5774  EEL     =       -2.9028  EGB        =       -3.3503
 1-4 VDW =        8.7717  1-4 EEL =      -10.3525  RESTRAINT  =        0.0000


   NSTEP       ENERGY          RMS            GMAX         NAME    NUMBER
     86       2.6956E+01     7.8332E-01     2.4756E+00     C2          2

 BOND    =        1.4968  ANGLE   =        3.4660  DIHED      =       32.4088
 VDWAALS =       -2.5662  EEL     =       -2.9082  EGB        =       -3.3494
 1-4 VDW =        8.7558  1-4 EEL =      -10.3475  RESTRAINT  =        0.0000


   NSTEP       ENERGY          RMS            GMAX         NAME    NUMBER
     87       2.6941E+01     1.9737E-01     5.3008E-01     C5          5

 BOND    =        1.4705  ANGLE   =        3.4683  DIHED      =       32.4151
 VDWAALS =       -2.5740  EEL     =       -2.9045  EGB        =       -3.3500
 1-4 VDW =        8.7668  1-4 EEL =      -10.3510  RESTRAINT  =        0.0000


   NSTEP       ENERGY          RMS            GMAX         NAME    NUMBER
     88       2.6937E+01     1.6760E-01     5.0554E-01     C3          3

 BOND    =        1.4594  ANGLE   =        3.4733  DIHED      =       32.4121
 VDWAALS =       -2.5676  EEL     =       -2.9065  EGB        =       -3.3496
 1-4 VDW =        8.7665  1-4 EEL =      -10.3504  RESTRAINT  =        0.0000


   NSTEP       ENERGY          RMS            GMAX         NAME    NUMBER
     89       2.6937E+01     2.3802E-01     6.6213E-01     C11        11

 BOND    =        1.4543  ANGLE   =        3.4766  DIHED      =       32.4104
 VDWAALS =       -2.5640  EEL     =       -2.9077  EGB        =       -3.3493
 1-4 VDW =        8.7663  1-4 EEL =      -10.3500  RESTRAINT  =        0.0000


   NSTEP       ENERGY          RMS            GMAX         NAME    NUMBER
     90       2.6932E+01     2.4093E-01     7.8816E-01     H172       40

 BOND    =        1.4565  ANGLE   =        3.4573  DIHED      =       32.4041
 VDWAALS =       -2.5500  EEL     =       -2.9106  EGB        =       -3.3467
 1-4 VDW =        8.7701  1-4 EEL =      -10.3490  RESTRAINT  =        0.0000


   NSTEP       ENERGY          RMS            GMAX         NAME    NUMBER
     91       2.6932E+01     2.5463E-01     8.0393E-01     H172       40

 BOND    =        1.4569  ANGLE   =        3.4563  DIHED      =       32.4038
 VDWAALS =       -2.5492  EEL     =       -2.9108  EGB        =       -3.3466
 1-4 VDW =        8.7703  1-4 EEL =      -10.3489  RESTRAINT  =        0.0000


   NSTEP       ENERGY          RMS            GMAX         NAME    NUMBER
     92       2.6925E+01     2.6780E-01     9.8426E-01     C10        10

 BOND    =        1.4610  ANGLE   =        3.4271  DIHED      =       32.3944
 VDWAALS =       -2.5314  EEL     =       -2.9136  EGB        =       -3.3424
 1-4 VDW =        8.7794  1-4 EEL =      -10.3493  RESTRAINT  =        0.0000


   NSTEP       ENERGY          RMS            GMAX         NAME    NUMBER
     93       2.6924E+01     3.8823E-01     1.9251E+00     C10        10

 BOND    =        1.4649  ANGLE   =        3.4123  DIHED      =       32.3894
 VDWAALS =       -2.5218  EEL     =       -2.9152  EGB        =       -3.3401
 1-4 VDW =        8.7843  1-4 EEL =      -10.3496  RESTRAINT  =        0.0000


   NSTEP       ENERGY          RMS            GMAX         NAME    NUMBER
     94       2.6913E+01     2.8189E-01     1.2394E+00     C17        17

 BOND    =        1.4328  ANGLE   =        3.4023  DIHED      =       32.3758
 VDWAALS =       -2.4938  EEL     =       -2.9195  EGB        =       -3.3348
 1-4 VDW =        8.8005  1-4 EEL =      -10.3508  RESTRAINT  =        0.0000


   NSTEP       ENERGY          RMS            GMAX         NAME    NUMBER
     95       2.6908E+01     4.0988E-01     1.4285E+00     C17        17

 BOND    =        1.3998  ANGLE   =        3.3923  DIHED      =       32.3602
 VDWAALS =       -2.4594  EEL     =       -2.9248  EGB        =       -3.3285
 1-4 VDW =        8.8202  1-4 EEL =      -10.3523  RESTRAINT  =        0.0000


   NSTEP       ENERGY          RMS            GMAX         NAME    NUMBER
     96       2.6895E+01     4.6830E-01     2.1499E+00     C13        13

 BOND    =        1.3024  ANGLE   =        3.3735  DIHED      =       32.3335
 VDWAALS =       -2.3947  EEL     =       -2.9363  EGB        =       -3.3157
 1-4 VDW =        8.8841  1-4 EEL =      -10.3519  RESTRAINT  =        0.0000


   NSTEP       ENERGY          RMS            GMAX         NAME    NUMBER
     97       2.6894E+01     3.6533E-01     1.5153E+00     C13        13

 BOND    =        1.3197  ANGLE   =        3.3764  DIHED      =       32.3387
 VDWAALS =       -2.4078  EEL     =       -2.9340  EGB        =       -3.3183
 1-4 VDW =        8.8713  1-4 EEL =      -10.3520  RESTRAINT  =        0.0000


   NSTEP       ENERGY          RMS            GMAX         NAME    NUMBER
     98       2.6888E+01     3.9960E-01     1.6892E+00     C13        13

 BOND    =        1.2589  ANGLE   =        3.3644  DIHED      =       32.3197
 VDWAALS =       -2.3706  EEL     =       -2.9415  EGB        =       -3.3122
 1-4 VDW =        8.9200  1-4 EEL =      -10.3508  RESTRAINT  =        0.0000


   NSTEP       ENERGY          RMS            GMAX         NAME    NUMBER
     99       2.6886E+01     2.6204E-01     7.9833E-01     C5          5

 BOND    =        1.2744  ANGLE   =        3.3672  DIHED      =       32.3251
 VDWAALS =       -2.3815  EEL     =       -2.9393  EGB        =       -3.3140
 1-4 VDW =        8.9057  1-4 EEL =      -10.3512  RESTRAINT  =        0.0000


   NSTEP       ENERGY          RMS            GMAX         NAME    NUMBER
    100       2.6881E+01     1.9385E-01     6.3459E-01     C1          1

 BOND    =        1.2695  ANGLE   =        3.3588  DIHED      =       32.3183
 VDWAALS =       -2.3734  EEL     =       -2.9406  EGB        =       -3.3110
 1-4 VDW =        8.9116  1-4 EEL =      -10.3518  RESTRAINT  =        0.0000


  Maximum number of minimization cycles reached.


                    FINAL RESULTS



   NSTEP       ENERGY          RMS            GMAX         NAME    NUMBER
    100       2.6881E+01     1.9385E-01     6.3459E-01     C1          1

 BOND    =        1.2695  ANGLE   =        3.3588  DIHED      =       32.3183
 VDWAALS =       -2.3734  EEL     =       -2.9406  EGB        =       -3.3110
 1-4 VDW =        8.9116  1-4 EEL =      -10.3518  RESTRAINT  =        0.0000

--------------------------------------------------------------------------------
   5.  TIMINGS
--------------------------------------------------------------------------------

|    Read coords time           0.00 ( 0.31% of Total)
|    Fast Water setup           0.00 ( 0.01% of Total)
|                Calc gb radii              0.02 (25.81% of Gen B)
|                Calc gb diag               0.03 (41.86% of Gen B)
|                Calc gb off-diag           0.02 (32.20% of Gen B)
|                Other                      0.00 ( 0.13% of Gen B)
|             Gen Born time              0.07 (100.0% of Nonbo)
|             IPS excludes               0.00 ( 0.02% of Nonbo)
|          Nonbond force              0.07 (90.75% of Force)
|          Bond/Angle/Dihedral        0.01 ( 9.00% of Force)
|          Other                      0.00 ( 0.26% of Force)
|       Force time                 0.08 (100.0% of Runmd)
|    Runmd Time                 0.08 (83.79% of Total)
|    Other                      0.02 (15.88% of Total)
| Total time                 0.10 (100.0% of ALL  )

| Number of list builds   :          0

| Highest rstack allocated:          0
| Highest istack allocated:          0
|           Job began  at 14:22:48.306  on 05/22/2015
|           Setup done at 14:22:48.309  on 05/22/2015
|           Run   done at 14:22:48.405  on 05/22/2015
|     wallclock() was called    1828 times
