            --------------------------------------------------------
                             AMBER SQM VERSION 14
 
                                     By
              Ross C. Walker, Michael F. Crowley, Scott Brozell,
                         Tim Giese, Andreas W. Goetz,
                        Tai-Sung Lee and David A. Case
 
            --------------------------------------------------------
 

--------------------------------------------------------------------------------
  QM CALCULATION INFO
--------------------------------------------------------------------------------

| QMMM: Citation for AMBER QMMM Run:
| QMMM: R.C. Walker, M.F. Crowley and D.A. Case, J. COMP. CHEM. 29:1019, 2008

QMMM: SINGLET STATE CALCULATION
QMMM: RHF CALCULATION, NO. OF DOUBLY OCCUPIED LEVELS = 88

| QMMM: *** Selected Hamiltonian *** 
| QMMM: AM1         

| QMMM: *** Parameter sets in use ***
| QMMM: C : M.J.S.DEWAR et al. JACS, 107, 3902, (1985)
| QMMM: O : M.J.S.DEWAR et al. JACS, 107, 3902, (1985)
| QMMM: N : M.J.S.DEWAR et al. JACS, 107, 3902, (1985)
| QMMM: F : M.J.S.DEWAR et al. THEOCHEM, 180, 1, (1988)
| QMMM: H : M.J.S.DEWAR et al. JACS, 107, 3902, (1985)

| QMMM: *** SCF convergence criteria ***
| QMMM: Energy change                :  0.1D-09 kcal/mol
| QMMM: Error matrix |FP-PF|         :  0.1D+00 au
| QMMM: Density matrix change        :  0.5D-06
| QMMM: Maximum number of SCF cycles :     1000

| QMMM: *** Diagonalization Routine Information ***
| QMMM: Pseudo diagonalizations are allowed.
| QMMM: Auto diagonalization routine selection is in use.
| QMMM:
| QMMM: Timing diagonalization routines:
| QMMM:                              norbs =      156
| QMMM:    diag iterations used for timing =        5
| QMMM:
| QMMM:              Internal diag routine = 0.040054 seconds
| QMMM:                 Dspev diag routine = 0.052360 seconds
| QMMM:                Dspevd diag routine = 0.037316 seconds
| QMMM:                Dspevx diag routine = 0.137681 seconds
| QMMM:                 Dsyev diag routine = 0.056688 seconds
| QMMM:                Dsyevd diag routine = 0.042613 seconds
| QMMM:                Dsyevr diag routine = 0.040796 seconds
| QMMM:
| QMMM:                Pseudo diag routine = 0.018891 seconds
| QMMM:
| QMMM: Using dspevd routine (diag_routine=3).

  QMMM: QM Region Cartesian Coordinates (*=link atom) 
  QMMM: QM_NO.   MM_NO.  ATOM         X         Y         Z
  QMMM:     1        1      C        0.1150   -0.5230   -0.4290
  QMMM:     2        2      C        1.4260   -0.1530   -0.7210
  QMMM:     3        3      C        2.1400    0.6550    0.1710
  QMMM:     4        4      C        3.5340    1.0590   -0.0970
  QMMM:     5        5      O        4.4020    1.3000    0.7430
  QMMM:     6        6      O        3.9680    1.2150   -1.3840
  QMMM:     7        7      C        1.5430    1.0740    1.3670
  QMMM:     8        8      C        0.2290    0.7100    1.6560
  QMMM:     9        9      C       -0.4860   -0.0840    0.7550
  QMMM:    10       10      C       -1.8710   -0.5430    1.0860
  QMMM:    11       11      O       -2.0700   -1.7110    1.4690
  QMMM:    12       12      N       -2.9140    0.3760    1.0060
  QMMM:    13       13      C       -2.7360    1.6540    0.3710
  QMMM:    14       14      C       -2.8260    1.6390   -1.1770
  QMMM:    15       15      C       -4.2680   -0.0730    1.2620
  QMMM:    16       16      C       -5.3210    0.3330    0.2360
  QMMM:    17       17      C       -4.8490    0.2430   -1.2150
  QMMM:    18       18      N       -4.1430    1.4080   -1.7050
  QMMM:    19       19      C       -4.8300    2.3550   -2.4610
  QMMM:    20       20      O       -6.0300    2.1610   -2.7490
  QMMM:    21       21      C       -4.0990    3.5870   -2.9590
  QMMM:    22       22      C       -4.9750    4.3880   -3.9400
  QMMM:    23       23      N       -5.2050    3.6380   -5.1630
  QMMM:    24       24      C       -4.2770    5.7350   -4.2130
  QMMM:    25       25      C       -5.1730    6.6800   -4.9310
  QMMM:    26       26      C       -6.0450    7.4960   -4.2100
  QMMM:    27       27      C       -6.8900    8.4060   -4.8620
  QMMM:    28       28      F       -7.7290    9.1900   -4.1490
  QMMM:    29       29      C       -6.8600    8.5010   -6.2800
  QMMM:    30       30      F       -7.6690    9.3760   -6.9180
  QMMM:    31       31      C       -5.9890    7.6850   -7.0130
  QMMM:    32       32      C       -5.1520    6.7790   -6.3410
  QMMM:    33       33      F       -4.3190    5.9990   -7.0690
  QMMM:    34       34      H       -0.4430   -1.1730   -1.1210
  QMMM:    35       35      H        1.9000   -0.5220   -1.6440
  QMMM:    36       36      H        2.1260    1.6830    2.0780
  QMMM:    37       37      H       -0.2380    1.0350    2.5990
  QMMM:    38       38      H       -3.5090    2.3610    0.7870
  QMMM:    39       39      H       -1.7170    2.0580    0.6370
  QMMM:    40       40      H       -2.1410    0.8300   -1.5700
  QMMM:    41       41      H       -2.4230    2.6270   -1.5320
  QMMM:    42       42      H       -4.2620   -1.2000    1.3470
  QMMM:    43       43      H       -4.5750    0.3420    2.2660
  QMMM:    44       44      H       -6.1920   -0.3640    0.3600
  QMMM:    45       45      H       -5.6940    1.3670    0.4590
  QMMM:    46       46      H       -5.7530    0.0790   -1.8720
  QMMM:    47       47      H       -4.1690   -0.6490   -1.3300
  QMMM:    48       48      H       -3.8560    4.2400   -2.0810
  QMMM:    49       49      H       -3.1440    3.2910   -3.4660
  QMMM:    50       50      H       -5.9480    4.6150   -3.4020
  QMMM:    51       51      H        3.2400    1.0760   -2.0050
  QMMM:    52       52      H       -5.6440    4.2190   -5.8490
  QMMM:    53       53      H       -3.9760    6.1840   -3.2290
  QMMM:    54       54      H       -3.3430    5.5640   -4.8130
  QMMM:    55       55      H       -6.0780    7.4320   -3.1110
  QMMM:    56       56      H       -5.9610    7.7550   -8.1110
  QMMM:    57       57      H       -5.7830    2.8420   -4.9680

--------------------------------------------------------------------------------
  RESULTS
--------------------------------------------------------------------------------

  ... geometry converged !
 
 Final MO eigenvalues (eV):
 -50.5503  -50.1352  -49.7151  -41.7879  -41.1811  -40.4360  -39.7822  -39.1835
 -38.0620  -37.1465  -36.9996  -35.8095  -34.2790  -33.1050  -32.8845  -32.5120
 -31.3012  -31.2169  -29.7404  -28.4916  -27.4870  -26.4571  -25.0320  -24.5802
 -24.3593  -23.9411  -23.2208  -22.4728  -21.6724  -20.7861  -20.3203  -20.1246
 -19.4629  -19.0955  -18.9967  -18.4837  -18.1644  -18.1048  -17.7025  -17.6371
 -17.3043  -17.2470  -17.0192  -16.9007  -16.8316  -16.6721  -16.5244  -16.4697
 -16.3351  -16.0961  -15.9643  -15.8159  -15.7959  -15.4900  -15.4237  -15.2177
 -15.0512  -14.9843  -14.6589  -14.4726  -14.4222  -14.3687  -14.1446  -14.0002
 -13.8356  -13.7579  -13.5762  -13.4911  -13.2436  -13.1705  -13.0163  -12.9143
 -12.8400  -12.6361  -12.5786  -12.5250  -12.4341  -12.1227  -11.6592  -11.3454
 -11.1453  -10.7200  -10.6760  -10.4325  -10.3053   -9.9903   -9.8745   -9.6730
  -1.0600   -0.7089   -0.5880   -0.4702    0.7338    0.9332    0.9947    1.3635
   1.4348    1.6559    1.9257    1.9651    2.1604    2.5277    2.6646    2.8441
   2.9089    2.9162    2.9651    2.9770    3.0068    3.0424    3.1244    3.1349
   3.1891    3.2217    3.3421    3.3909    3.4289    3.4459    3.5214    3.5408
   3.5848    3.6323    3.6688    3.7021    3.7988    3.8528    3.8730    3.9490
   3.9892    4.1083    4.1355    4.1438    4.1973    4.2611    4.2717    4.2888
   4.3442    4.4007    4.4138    4.4224    4.5335    4.5500    4.6058    4.6141
   4.9189    4.9568    5.1324    5.2980    5.4656    5.6553    5.8251    5.9045
   6.2555    6.3766    6.4594    6.6160

 Heat of formation   =       -235.58624352 kcal/mol  (      -10.21578611 eV)

 Total SCF energy    =    -152966.75031217 kcal/mol  (    -6633.13604406 eV)
 Electronic energy   =   -1134997.01250845 kcal/mol  (   -49217.16371833 eV)
 Core-core repulsion =     982030.26219628 kcal/mol  (    42584.02767427 eV)
 
    Atomic Charges for Step       1 :
  Atom    Element       Mulliken Charge
     1      C                 -0.106
     2      C                 -0.106
     3      C                 -0.141
     4      C                  0.337
     5      O                 -0.289
     6      O                 -0.283
     7      C                 -0.072
     8      C                 -0.113
     9      C                 -0.079
    10      C                  0.334
    11      O                 -0.337
    12      N                 -0.320
    13      C                 -0.047
    14      C                 -0.048
    15      C                 -0.037
    16      C                 -0.198
    17      C                 -0.028
    18      N                 -0.330
    19      C                  0.307
    20      O                 -0.376
    21      C                 -0.176
    22      C                 -0.006
    23      N                 -0.351
    24      C                 -0.129
    25      C                 -0.099
    26      C                 -0.121
    27      C                  0.048
    28      F                 -0.086
    29      C                  0.086
    30      F                 -0.083
    31      C                 -0.185
    32      C                  0.105
    33      F                 -0.088
    34      H                  0.154
    35      H                  0.142
    36      H                  0.165
    37      H                  0.154
    38      H                  0.105
    39      H                  0.101
    40      H                  0.089
    41      H                  0.097
    42      H                  0.123
    43      H                  0.087
    44      H                  0.104
    45      H                  0.094
    46      H                  0.127
    47      H                  0.091
    48      H                  0.100
    49      H                  0.122
    50      H                  0.074
    51      H                  0.225
    52      H                  0.152
    53      H                  0.093
    54      H                  0.117
    55      H                  0.160
    56      H                  0.172
    57      H                  0.171
 Total Mulliken Charge =       0.000
 
                  X        Y        Z     TOTAL  
  QM DIPOLE    -1.775    1.556   -0.125    2.364
 
 Final Structure

  QMMM: QM Region Cartesian Coordinates (*=link atom) 
  QMMM: QM_NO.   MM_NO.  ATOM         X         Y         Z
  QMMM:     1        1      C        0.1145   -0.5227   -0.4294
  QMMM:     2        2      C        1.4260   -0.1527   -0.7206
  QMMM:     3        3      C        2.1403    0.6552    0.1712
  QMMM:     4        4      C        3.5341    1.0591   -0.0970
  QMMM:     5        5      O        4.4021    1.2999    0.7427
  QMMM:     6        6      O        3.9684    1.2147   -1.3843
  QMMM:     7        7      C        1.5431    1.0742    1.3668
  QMMM:     8        8      C        0.2291    0.7100    1.6562
  QMMM:     9        9      C       -0.4858   -0.0837    0.7550
  QMMM:    10       10      C       -1.8705   -0.5427    1.0861
  QMMM:    11       11      O       -2.0703   -1.7113    1.4688
  QMMM:    12       12      N       -2.9143    0.3759    1.0055
  QMMM:    13       13      C       -2.7358    1.6537    0.3710
  QMMM:    14       14      C       -2.8261    1.6393   -1.1768
  QMMM:    15       15      C       -4.2678   -0.0729    1.2622
  QMMM:    16       16      C       -5.3212    0.3335    0.2357
  QMMM:    17       17      C       -4.8492    0.2426   -1.2147
  QMMM:    18       18      N       -4.1430    1.4080   -1.7046
  QMMM:    19       19      C       -4.8299    2.3550   -2.4608
  QMMM:    20       20      O       -6.0298    2.1609   -2.7492
  QMMM:    21       21      C       -4.0993    3.5870   -2.9591
  QMMM:    22       22      C       -4.9747    4.3877   -3.9403
  QMMM:    23       23      N       -5.2055    3.6381   -5.1627
  QMMM:    24       24      C       -4.2768    5.7348   -4.2128
  QMMM:    25       25      C       -5.1729    6.6802   -4.9312
  QMMM:    26       26      C       -6.0449    7.4962   -4.2105
  QMMM:    27       27      C       -6.8901    8.4060   -4.8625
  QMMM:    28       28      F       -7.7289    9.1902   -4.1487
  QMMM:    29       29      C       -6.8603    8.5013   -6.2802
  QMMM:    30       30      F       -7.6690    9.3758   -6.9175
  QMMM:    31       31      C       -5.9890    7.6853   -7.0130
  QMMM:    32       32      C       -5.1520    6.7790   -6.3408
  QMMM:    33       33      F       -4.3188    5.9990   -7.0690
  QMMM:    34       34      H       -0.4431   -1.1733   -1.1210
  QMMM:    35       35      H        1.8996   -0.5224   -1.6437
  QMMM:    36       36      H        2.1257    1.6833    2.0781
  QMMM:    37       37      H       -0.2381    1.0347    2.5989
  QMMM:    38       38      H       -3.5090    2.3605    0.7870
  QMMM:    39       39      H       -1.7168    2.0578    0.6366
  QMMM:    40       40      H       -2.1412    0.8299   -1.5696
  QMMM:    41       41      H       -2.4225    2.6274   -1.5322
  QMMM:    42       42      H       -4.2617   -1.1999    1.3470
  QMMM:    43       43      H       -4.5749    0.3421    2.2665
  QMMM:    44       44      H       -6.1919   -0.3644    0.3597
  QMMM:    45       45      H       -5.6945    1.3669    0.4589
  QMMM:    46       46      H       -5.7530    0.0791   -1.8719
  QMMM:    47       47      H       -4.1692   -0.6494   -1.3303
  QMMM:    48       48      H       -3.8561    4.2405   -2.0810
  QMMM:    49       49      H       -3.1437    3.2908   -3.4661
  QMMM:    50       50      H       -5.9484    4.6154   -3.4016
  QMMM:    51       51      H        3.2401    1.0762   -2.0045
  QMMM:    52       52      H       -5.6438    4.2190   -5.8492
  QMMM:    53       53      H       -3.9759    6.1836   -3.2291
  QMMM:    54       54      H       -3.3428    5.5638   -4.8128
  QMMM:    55       55      H       -6.0779    7.4317   -3.1113
  QMMM:    56       56      H       -5.9613    7.7549   -8.1109
  QMMM:    57       57      H       -5.7833    2.8423   -4.9684

           --------- Calculation Completed ----------

