            --------------------------------------------------------
                             AMBER SQM VERSION 14
 
                                     By
              Ross C. Walker, Michael F. Crowley, Scott Brozell,
                         Tim Giese, Andreas W. Goetz,
                        Tai-Sung Lee and David A. Case
 
            --------------------------------------------------------
 

--------------------------------------------------------------------------------
  QM CALCULATION INFO
--------------------------------------------------------------------------------

| QMMM: Citation for AMBER QMMM Run:
| QMMM: R.C. Walker, M.F. Crowley and D.A. Case, J. COMP. CHEM. 29:1019, 2008

QMMM: SINGLET STATE CALCULATION
QMMM: RHF CALCULATION, NO. OF DOUBLY OCCUPIED LEVELS = 35

| QMMM: *** Selected Hamiltonian *** 
| QMMM: AM1         

| QMMM: *** Parameter sets in use ***
| QMMM: C : M.J.S.DEWAR et al. JACS, 107, 3902, (1985)
| QMMM: O : M.J.S.DEWAR et al. JACS, 107, 3902, (1985)
| QMMM: H : M.J.S.DEWAR et al. JACS, 107, 3902, (1985)

| QMMM: *** SCF convergence criteria ***
| QMMM: Energy change                :  0.1D-09 kcal/mol
| QMMM: Error matrix |FP-PF|         :  0.1D+00 au
| QMMM: Density matrix change        :  0.1D-09
| QMMM: Maximum number of SCF cycles :     1000

| QMMM: *** Diagonalization Routine Information ***
| QMMM: Pseudo diagonalizations are allowed.
| QMMM: Auto diagonalization routine selection is disabled.
| QMMM: Using internal diagonalization routine (diag_routine=1).

  QMMM: QM Region Cartesian Coordinates (*=link atom) 
  QMMM: QM_NO.   MM_NO.  ATOM         X         Y         Z
  QMMM:     1        1      C       -1.9320    1.1600    0.1000
  QMMM:     2        2      C       -2.1760   -0.3690    0.2250
  QMMM:     3        3      C       -2.9930   -0.9100   -0.9320
  QMMM:     4        4      C       -2.7880   -0.7400    1.5610
  QMMM:     5        5      O       -0.8570   -1.0250    0.1610
  QMMM:     6        6      C        0.1010   -0.0350    0.0180
  QMMM:     7        7      C       -0.4510    1.2690   -0.0260
  QMMM:     8        8      C        0.3810    2.3640   -0.1630
  QMMM:     9        9      C        1.7630    2.1460   -0.2560
  QMMM:    10       10      C        2.2960    0.8610   -0.2130
  QMMM:    11       11      C        1.4720   -0.2680   -0.0750
  QMMM:    12       12      C        2.0010   -1.6590   -0.0370
  QMMM:    13       13      O        3.4170   -1.6220    0.0800
  QMMM:    14       14      H       -2.4530    1.5750   -0.7980
  QMMM:    15       15      H       -2.3080    1.6980    1.0050
  QMMM:    16       16      H       -2.5060   -0.6540   -1.9030
  QMMM:    17       17      H       -3.0710   -2.0210   -0.8570
  QMMM:    18       18      H       -4.0170   -0.4680   -0.9060
  QMMM:    19       19      H       -3.8080   -0.2940    1.6430
  QMMM:    20       20      H       -2.8660   -1.8500    1.6500
  QMMM:    21       21      H       -2.1540   -0.3610    2.3970
  QMMM:    22       22      H       -0.0260    3.3840   -0.1990
  QMMM:    23       23      H        2.4370    3.0080   -0.3640
  QMMM:    24       24      H        3.3850    0.7080   -0.2840
  QMMM:    25       25      H        1.5570   -2.2100    0.8380
  QMMM:    26       26      H        1.7150   -2.1980   -0.9830
  QMMM:    27       27      H        3.7030   -2.5410    0.1410

--------------------------------------------------------------------------------
  RESULTS
--------------------------------------------------------------------------------

  ... geometry converged !
 
 Final MO eigenvalues (eV):
 -41.5092  -38.6353  -37.3110  -34.6736  -32.4785  -31.2010  -28.2215  -27.2691
 -26.3312  -22.8342  -21.5671  -21.1907  -18.4862  -17.4836  -16.8562  -16.4943
 -16.2438  -15.5970  -15.1005  -14.7391  -14.2887  -14.1080  -13.9646  -13.4973
 -13.3190  -13.0008  -12.9054  -12.5227  -12.2216  -11.8970  -11.7377  -11.6474
 -11.1487   -9.3527   -8.7712    0.4527    0.6204    2.3974    2.8136    3.2734
   3.4590    3.5896    3.7359    3.9333    4.0245    4.1074    4.2040    4.3193
   4.3201    4.3729    4.4069    4.4529    4.5872    4.6378    4.6426    4.7395
   4.8453    4.9387    5.0037    5.2569    5.4971    5.5270    5.7028    5.8475
   6.2688    6.3131

 Heat of formation   =        -69.98721913 kcal/mol  (       -3.03487356 eV)

 Total SCF energy    =     -51704.31060301 kcal/mol  (    -2242.06715247 eV)
 Electronic energy   =    -289994.11335559 kcal/mol  (   -12575.08838973 eV)
 Core-core repulsion =     238289.80275258 kcal/mol  (    10333.02123727 eV)
 
    Atomic Charges for Step       1 :
  Atom    Element       Mulliken Charge
     1      C                 -0.130
     2      C                  0.074
     3      C                 -0.218
     4      C                 -0.218
     5      O                 -0.210
     6      C                  0.072
     7      C                 -0.153
     8      C                 -0.080
     9      C                 -0.170
    10      C                 -0.073
    11      C                 -0.103
    12      C                  0.030
    13      O                 -0.330
    14      H                  0.103
    15      H                  0.103
    16      H                  0.090
    17      H                  0.091
    18      H                  0.082
    19      H                  0.082
    20      H                  0.091
    21      H                  0.090
    22      H                  0.134
    23      H                  0.133
    24      H                  0.154
    25      H                  0.079
    26      H                  0.075
    27      H                  0.202
 Total Mulliken Charge =      -0.000
 
                  X        Y        Z     TOTAL  
  QM DIPOLE    -1.984   -0.197   -0.019    1.994
 
 Final Structure

  QMMM: QM Region Cartesian Coordinates (*=link atom) 
  QMMM: QM_NO.   MM_NO.  ATOM         X         Y         Z
  QMMM:     1        1      C       -1.9318    1.1601    0.1004
  QMMM:     2        2      C       -2.1759   -0.3686    0.2247
  QMMM:     3        3      C       -2.9928   -0.9101   -0.9322
  QMMM:     4        4      C       -2.7884   -0.7398    1.5612
  QMMM:     5        5      O       -0.8567   -1.0246    0.1612
  QMMM:     6        6      C        0.1013   -0.0354    0.0178
  QMMM:     7        7      C       -0.4512    1.2688   -0.0255
  QMMM:     8        8      C        0.3808    2.3640   -0.1631
  QMMM:     9        9      C        1.7631    2.1462   -0.2561
  QMMM:    10       10      C        2.2959    0.8605   -0.2133
  QMMM:    11       11      C        1.4717   -0.2682   -0.0752
  QMMM:    12       12      C        2.0007   -1.6591   -0.0370
  QMMM:    13       13      O        3.4168   -1.6223    0.0804
  QMMM:    14       14      H       -2.4526    1.5746   -0.7980
  QMMM:    15       15      H       -2.3082    1.6982    1.0054
  QMMM:    16       16      H       -2.5063   -0.6542   -1.9035
  QMMM:    17       17      H       -3.0712   -2.0212   -0.8571
  QMMM:    18       18      H       -4.0168   -0.4682   -0.9065
  QMMM:    19       19      H       -3.8077   -0.2938    1.6427
  QMMM:    20       20      H       -2.8660   -1.8499    1.6504
  QMMM:    21       21      H       -2.1534   -0.3608    2.3972
  QMMM:    22       22      H       -0.0264    3.3839   -0.1985
  QMMM:    23       23      H        2.4370    3.0084   -0.3643
  QMMM:    24       24      H        3.3853    0.7084   -0.2836
  QMMM:    25       25      H        1.5569   -2.2099    0.8384
  QMMM:    26       26      H        1.7150   -2.1981   -0.9835
  QMMM:    27       27      H        3.7029   -2.5408    0.1406

           --------- Calculation Completed ----------

