            --------------------------------------------------------
                             AMBER SQM VERSION 14
 
                                     By
              Ross C. Walker, Michael F. Crowley, Scott Brozell,
                         Tim Giese, Andreas W. Goetz,
                        Tai-Sung Lee and David A. Case
 
            --------------------------------------------------------
 

--------------------------------------------------------------------------------
  QM CALCULATION INFO
--------------------------------------------------------------------------------

| QMMM: Citation for AMBER QMMM Run:
| QMMM: R.C. Walker, M.F. Crowley and D.A. Case, J. COMP. CHEM. 29:1019, 2008

QMMM: SINGLET STATE CALCULATION
QMMM: RHF CALCULATION, NO. OF DOUBLY OCCUPIED LEVELS = 31

| QMMM: *** Selected Hamiltonian *** 
| QMMM: AM1         

| QMMM: *** Parameter sets in use ***
| QMMM: N : M.J.S.DEWAR et al. JACS, 107, 3902, (1985)
| QMMM: C : M.J.S.DEWAR et al. JACS, 107, 3902, (1985)
| QMMM: O : M.J.S.DEWAR et al. JACS, 107, 3902, (1985)
| QMMM: H : M.J.S.DEWAR et al. JACS, 107, 3902, (1985)

| QMMM: *** SCF convergence criteria ***
| QMMM: Energy change                :  0.1D-09 kcal/mol
| QMMM: Error matrix |FP-PF|         :  0.1D+00 au
| QMMM: Density matrix change        :  0.1D-09
| QMMM: Maximum number of SCF cycles :     1000

| QMMM: *** Diagonalization Routine Information ***
| QMMM: Pseudo diagonalizations are allowed.
| QMMM: Auto diagonalization routine selection is disabled.
| QMMM: Using internal diagonalization routine (diag_routine=1).

  QMMM: QM Region Cartesian Coordinates (*=link atom) 
  QMMM: QM_NO.   MM_NO.  ATOM         X         Y         Z
  QMMM:     1        1      N       -0.7030   -0.0030   -2.0150
  QMMM:     2        2      C        0.7050   -0.0270   -2.0110
  QMMM:     3        3      N        1.4740    0.0010   -0.8790
  QMMM:     4        4      C        0.7340   -0.0020    0.2720
  QMMM:     5        5      C       -0.6860   -0.0000    0.3860
  QMMM:     6        6      C       -1.4840   -0.0060   -0.8210
  QMMM:     7        7      O       -2.7160   -0.0050   -0.9430
  QMMM:     8        8      N       -1.0480    0.0020    1.7380
  QMMM:     9        9      C        0.1030    0.0040    2.4060
  QMMM:    10       10      O        1.2620    0.0020    1.5560
  QMMM:    11       11      C        0.4080    0.0080    3.8480
  QMMM:    12       12      N        1.3600   -0.1410   -3.2450
  QMMM:    13       13      H       -1.2020   -0.0540   -2.8770
  QMMM:    14       14      H        1.5160    0.0130    4.0020
  QMMM:    15       15      H       -0.0350    0.9170    4.3260
  QMMM:    16       16      H       -0.0270   -0.9040    4.3290
  QMMM:    17       17      H        2.3510   -0.0430   -3.2250
  QMMM:    18       18      H        0.9030    0.2370   -4.0420

--------------------------------------------------------------------------------
  RESULTS
--------------------------------------------------------------------------------

  ... geometry converged !
 
 Final MO eigenvalues (eV):
 -42.4297  -40.4023  -38.4224  -35.1990  -35.1265  -33.9470  -32.0057  -28.2287
 -25.0221  -23.8836  -21.9342  -20.1681  -20.0125  -18.9106  -17.5400  -17.3242
 -16.7985  -16.4317  -15.8404  -15.4729  -14.8171  -14.5125  -14.0813  -13.7317
 -12.5325  -12.0021  -11.6670  -11.6153  -11.4333  -11.3772   -8.8377   -0.6875
   0.4057    0.4960    0.9596    1.3250    2.0798    2.2736    2.6158    3.0759
   3.2515    3.6957    4.0646    4.0767    4.1576    4.2859    4.4234    4.8249
   4.9102    5.0443    5.2640    6.0102    6.3271    6.6177

 Heat of formation   =          9.37745163 kcal/mol  (        0.40663682 eV)

 Total SCF energy    =     -53443.41062599 kcal/mol  (    -2317.48018846 eV)
 Electronic energy   =    -248693.43689093 kcal/mol  (   -10784.15666671 eV)
 Core-core repulsion =     195250.02626494 kcal/mol  (     8466.67647825 eV)
 
    Atomic Charges for Step       1 :
  Atom    Element       Mulliken Charge
     1      N                 -0.349
     2      C                  0.254
     3      N                 -0.225
     4      C                  0.113
     5      C                 -0.269
     6      C                  0.400
     7      O                 -0.314
     8      N                 -0.054
     9      C                 -0.011
    10      O                 -0.100
    11      C                 -0.147
    12      N                 -0.342
    13      H                  0.250
    14      H                  0.110
    15      H                  0.112
    16      H                  0.112
    17      H                  0.242
    18      H                  0.219
 Total Mulliken Charge =      -0.000
 
                  X        Y        Z     TOTAL  
  QM DIPOLE     3.323    0.835   -3.147    4.652
 
 Final Structure

  QMMM: QM Region Cartesian Coordinates (*=link atom) 
  QMMM: QM_NO.   MM_NO.  ATOM         X         Y         Z
  QMMM:     1        1      N       -0.7026   -0.0024   -2.0151
  QMMM:     2        2      C        0.7049   -0.0269   -2.0107
  QMMM:     3        3      N        1.4740    0.0015   -0.8793
  QMMM:     4        4      C        0.7345   -0.0022    0.2719
  QMMM:     5        5      C       -0.6859   -0.0003    0.3857
  QMMM:     6        6      C       -1.4844   -0.0056   -0.8207
  QMMM:     7        7      O       -2.7159   -0.0052   -0.9429
  QMMM:     8        8      N       -1.0483    0.0019    1.7383
  QMMM:     9        9      C        0.1029    0.0038    2.4059
  QMMM:    10       10      O        1.2619    0.0017    1.5565
  QMMM:    11       11      C        0.4083    0.0079    3.8475
  QMMM:    12       12      N        1.3598   -0.1415   -3.2449
  QMMM:    13       13      H       -1.2022   -0.0542   -2.8768
  QMMM:    14       14      H        1.5158    0.0130    4.0018
  QMMM:    15       15      H       -0.0352    0.9170    4.3259
  QMMM:    16       16      H       -0.0270   -0.9036    4.3289
  QMMM:    17       17      H        2.3511   -0.0429   -3.2254
  QMMM:    18       18      H        0.9032    0.2370   -4.0417

           --------- Calculation Completed ----------

