            --------------------------------------------------------
                             AMBER SQM VERSION 14
 
                                     By
              Ross C. Walker, Michael F. Crowley, Scott Brozell,
                         Tim Giese, Andreas W. Goetz,
                        Tai-Sung Lee and David A. Case
 
            --------------------------------------------------------
 

--------------------------------------------------------------------------------
  QM CALCULATION INFO
--------------------------------------------------------------------------------

| QMMM: Citation for AMBER QMMM Run:
| QMMM: R.C. Walker, M.F. Crowley and D.A. Case, J. COMP. CHEM. 29:1019, 2008

QMMM: SINGLET STATE CALCULATION
QMMM: RHF CALCULATION, NO. OF DOUBLY OCCUPIED LEVELS = 98

| QMMM: *** Selected Hamiltonian *** 
| QMMM: AM1         

| QMMM: *** Parameter sets in use ***
| QMMM: C : M.J.S.DEWAR et al. JACS, 107, 3902, (1985)
| QMMM: N : M.J.S.DEWAR et al. JACS, 107, 3902, (1985)
| QMMM: O : M.J.S.DEWAR et al. JACS, 107, 3902, (1985)
| QMMM: F : M.J.S.DEWAR et al. THEOCHEM, 180, 1, (1988)
| QMMM: H : M.J.S.DEWAR et al. JACS, 107, 3902, (1985)

| QMMM: *** SCF convergence criteria ***
| QMMM: Energy change                :  0.1D-09 kcal/mol
| QMMM: Error matrix |FP-PF|         :  0.1D+00 au
| QMMM: Density matrix change        :  0.1D-09
| QMMM: Maximum number of SCF cycles :     1000

| QMMM: *** Diagonalization Routine Information ***
| QMMM: Pseudo diagonalizations are allowed.
| QMMM: Auto diagonalization routine selection is disabled.
| QMMM: Using internal diagonalization routine (diag_routine=1).

  QMMM: QM Region Cartesian Coordinates (*=link atom) 
  QMMM: QM_NO.   MM_NO.  ATOM         X         Y         Z
  QMMM:     1        1      C        0.9580    4.9560   -0.9480
  QMMM:     2        2      C       -0.2330    4.0990   -0.7500
  QMMM:     3        3      C       -1.5040    4.5890   -1.0710
  QMMM:     4        4      C       -2.6430    3.8160   -0.9040
  QMMM:     5        5      C       -2.5390    2.4990   -0.3970
  QMMM:     6        6      N       -3.7140    1.7460   -0.2150
  QMMM:     7        7      C       -3.8000    0.3640   -0.1560
  QMMM:     8        8      O       -2.8100   -0.3860   -0.2390
  QMMM:     9        9      C       -5.1760   -0.1970    0.0090
  QMMM:    10       10      C       -6.0920    0.3520    0.9110
  QMMM:    11       11      C       -7.3570   -0.2190    1.0520
  QMMM:    12       12      C       -7.7120   -1.3350    0.2960
  QMMM:    13       13      C       -6.7900   -1.8850   -0.5980
  QMMM:    14       14      C       -5.5190   -1.3270   -0.7420
  QMMM:    15       15      C       -7.1700   -3.1190   -1.4070
  QMMM:    16       16      F       -8.5030   -3.1960   -1.7310
  QMMM:    17       17      F       -6.5230   -3.2320   -2.6140
  QMMM:    18       18      F       -6.9100   -4.3100   -0.7720
  QMMM:    19       19      C       -1.2640    2.0030   -0.0640
  QMMM:    20       20      C       -0.1230    2.7970   -0.2360
  QMMM:    21       21      C        1.1730    2.2060    0.1080
  QMMM:    22       22      C        1.6430    1.1150   -0.5500
  QMMM:    23       23      C        2.8970    0.5350   -0.1970
  QMMM:    24       24      C        3.4460   -0.5910   -0.8570
  QMMM:    25       25      N        4.6090   -1.1470   -0.5400
  QMMM:    26       26      C        5.3050   -0.5540    0.5230
  QMMM:    27       27      N        6.5010   -1.1380    0.9650
  QMMM:    28       28      C        7.2360   -2.0610    0.1830
  QMMM:    29       29      C        8.5880   -1.7870   -0.1250
  QMMM:    30       30      C        9.3480   -2.7180   -0.8250
  QMMM:    31       31      C        8.7840   -3.9250   -1.2370
  QMMM:    32       32      C        7.4520   -4.2020   -0.9370
  QMMM:    33       33      C        6.6760   -3.2870   -0.2280
  QMMM:    34       34      N        4.8860    0.5550    1.2280
  QMMM:    35       35      C        3.6720    1.0940    0.8770
  QMMM:    36       36      N        3.1850    2.2060    1.5670
  QMMM:    37       37      C        3.9530    2.7560    2.6620
  QMMM:    38       38      C        1.9400    2.7960    1.2230
  QMMM:    39       39      O        1.5600    3.7790    1.8850
  QMMM:    40       40      H        1.3620    5.2750    0.0480
  QMMM:    41       41      H        1.7620    4.3930   -1.4860
  QMMM:    42       42      H        0.7080    5.8690   -1.5410
  QMMM:    43       43      H       -1.6030    5.6120   -1.4690
  QMMM:    44       44      H       -3.6240    4.2380   -1.1690
  QMMM:    45       45      H       -4.5670    2.2590   -0.2600
  QMMM:    46       46      H       -5.8180    1.2230    1.5270
  QMMM:    47       47      H       -8.0780    0.2100    1.7650
  QMMM:    48       48      H       -8.7130   -1.7850    0.3980
  QMMM:    49       49      H       -4.7840   -1.7720   -1.4350
  QMMM:    50       50      H       -1.1490    0.9810    0.3340
  QMMM:    51       51      H        1.0660    0.6540   -1.3690
  QMMM:    52       52      H        2.8970   -1.0610   -1.6970
  QMMM:    53       53      H        7.0550   -0.5740    1.5790
  QMMM:    54       54      H        9.0520   -0.8390    0.1880
  QMMM:    55       55      H       10.4000   -2.4950   -1.0580
  QMMM:    56       56      H        9.3880   -4.6550   -1.7960
  QMMM:    57       57      H        7.0020   -5.1540   -1.2570
  QMMM:    58       58      H        5.6280   -3.5320    0.0050
  QMMM:    59       59      H        4.9520    3.1060    2.2890
  QMMM:    60       60      H        3.4030    3.6260    3.1120
  QMMM:    61       61      H        4.1090    1.9730    3.4510

--------------------------------------------------------------------------------
  RESULTS
--------------------------------------------------------------------------------

  ... geometry converged !
 
 Final MO eigenvalues (eV):
 -52.0319  -48.6911  -48.6162  -41.6818  -41.1308  -40.3803  -39.9115  -39.3072
 -38.7387  -37.0865  -36.5073  -35.9492  -35.2684  -33.5925  -33.4657  -32.7453
 -32.2278  -31.8938  -31.6343  -30.4356  -29.1308  -28.1040  -27.4250  -27.1129
 -25.5199  -25.1524  -24.9758  -23.7859  -23.6040  -23.3675  -23.1082  -22.7453
 -22.2177  -21.3886  -20.2112  -19.8386  -19.4951  -19.4271  -19.2860  -18.9278
 -17.9959  -17.8769  -17.7898  -17.7130  -17.5266  -16.9056  -16.7877  -16.6854
 -16.3633  -16.3150  -16.2199  -16.0772  -15.8237  -15.6996  -15.5388  -15.4442
 -15.2390  -15.2055  -15.0524  -14.9029  -14.8231  -14.7799  -14.7311  -14.5204
 -14.4789  -14.4751  -14.3485  -14.2814  -14.1979  -14.0821  -14.0332  -13.9128
 -13.7051  -13.2991  -13.1391  -13.0407  -13.0024  -12.7993  -12.7476  -12.7179
 -12.6391  -12.4504  -12.1640  -12.0560  -11.9889  -11.3951  -11.2072  -11.0908
 -11.0295  -10.7636  -10.6313  -10.5730  -10.2618   -9.8758   -9.7822   -9.3786
  -8.8078   -8.6202   -0.8921   -0.8135   -0.5064   -0.1421    0.1126    0.2508
   0.3826    0.4101    0.6421    1.0709    1.1591    1.4191    1.5956    1.6561
   1.8204    1.9622    2.5876    2.6929    2.7680    2.8331    2.9393    2.9743
   3.0090    3.1804    3.1961    3.2676    3.3033    3.3213    3.4079    3.4787
   3.5081    3.6905    3.7389    3.7807    3.7918    3.8541    3.9318    3.9455
   3.9975    4.0526    4.1329    4.1695    4.1977    4.2403    4.2932    4.3257
   4.3756    4.3877    4.4678    4.4808    4.5212    4.6068    4.6315    4.6487
   4.6793    4.7323    4.7555    4.8618    4.9057    4.9656    4.9889    5.0245
   5.0320    5.1356    5.1670    5.2847    5.3328    5.4374    5.4630    5.5056
   5.6335    5.6794    5.7605    5.9372    5.9427    6.0028    6.0363    6.6705
   6.7512    6.8083

 Heat of formation   =        -61.46535504 kcal/mol  (       -2.66533780 eV)

 Total SCF energy    =    -164768.12743140 kcal/mol  (    -7144.88215738 eV)
 Electronic energy   =   -1304154.67973215 kcal/mol  (   -56552.39060458 eV)
 Core-core repulsion =    1139386.55230075 kcal/mol  (    49407.50844719 eV)
 
    Atomic Charges for Step       1 :
  Atom    Element       Mulliken Charge
     1      C                 -0.186
     2      C                 -0.049
     3      C                 -0.112
     4      C                 -0.165
     5      C                  0.057
     6      N                 -0.320
     7      C                  0.351
     8      O                 -0.341
     9      C                 -0.130
    10      C                 -0.077
    11      C                 -0.140
    12      C                 -0.062
    13      C                 -0.168
    14      C                 -0.033
    15      C                  0.468
    16      F                 -0.166
    17      F                 -0.162
    18      F                 -0.160
    19      C                 -0.128
    20      C                 -0.008
    21      C                 -0.141
    22      C                  0.001
    23      C                 -0.273
    24      C                  0.051
    25      N                 -0.221
    26      C                  0.200
    27      N                 -0.231
    28      C                  0.046
    29      C                 -0.160
    30      C                 -0.117
    31      C                 -0.135
    32      C                 -0.121
    33      C                 -0.103
    34      N                 -0.282
    35      C                  0.210
    36      N                 -0.242
    37      C                 -0.085
    38      C                  0.351
    39      O                 -0.342
    40      H                  0.111
    41      H                  0.083
    42      H                  0.078
    43      H                  0.135
    44      H                  0.129
    45      H                  0.233
    46      H                  0.147
    47      H                  0.149
    48      H                  0.156
    49      H                  0.173
    50      H                  0.168
    51      H                  0.153
    52      H                  0.172
    53      H                  0.242
    54      H                  0.133
    55      H                  0.134
    56      H                  0.135
    57      H                  0.136
    58      H                  0.154
    59      H                  0.090
    60      H                  0.123
    61      H                  0.093
 Total Mulliken Charge =      -0.000
 
                  X        Y        Z     TOTAL  
  QM DIPOLE     0.052    2.097   -0.100    2.100
 
 Final Structure

  QMMM: QM Region Cartesian Coordinates (*=link atom) 
  QMMM: QM_NO.   MM_NO.  ATOM         X         Y         Z
  QMMM:     1        1      C        0.9583    4.9555   -0.9483
  QMMM:     2        2      C       -0.2328    4.0988   -0.7500
  QMMM:     3        3      C       -1.5042    4.5894   -1.0717
  QMMM:     4        4      C       -2.6434    3.8157   -0.9040
  QMMM:     5        5      C       -2.5386    2.4993   -0.3966
  QMMM:     6        6      N       -3.7144    1.7464   -0.2150
  QMMM:     7        7      C       -3.7996    0.3641   -0.1562
  QMMM:     8        8      O       -2.8095   -0.3856   -0.2388
  QMMM:     9        9      C       -5.1760   -0.1973    0.0095
  QMMM:    10       10      C       -6.0922    0.3519    0.9115
  QMMM:    11       11      C       -7.3574   -0.2193    1.0523
  QMMM:    12       12      C       -7.7124   -1.3352    0.2960
  QMMM:    13       13      C       -6.7895   -1.8852   -0.5977
  QMMM:    14       14      C       -5.5188   -1.3273   -0.7417
  QMMM:    15       15      C       -7.1696   -3.1194   -1.4073
  QMMM:    16       16      F       -8.5030   -3.1960   -1.7309
  QMMM:    17       17      F       -6.5231   -3.2325   -2.6138
  QMMM:    18       18      F       -6.9106   -4.3099   -0.7722
  QMMM:    19       19      C       -1.2642    2.0035   -0.0641
  QMMM:    20       20      C       -0.1227    2.7966   -0.2363
  QMMM:    21       21      C        1.1730    2.2062    0.1084
  QMMM:    22       22      C        1.6432    1.1153   -0.5501
  QMMM:    23       23      C        2.8968    0.5356   -0.1971
  QMMM:    24       24      C        3.4457   -0.5904   -0.8575
  QMMM:    25       25      N        4.6092   -1.1468   -0.5404
  QMMM:    26       26      C        5.3054   -0.5541    0.5233
  QMMM:    27       27      N        6.5012   -1.1384    0.9651
  QMMM:    28       28      C        7.2364   -2.0610    0.1829
  QMMM:    29       29      C        8.5884   -1.7870   -0.1249
  QMMM:    30       30      C        9.3479   -2.7185   -0.8250
  QMMM:    31       31      C        8.7838   -3.9252   -1.2370
  QMMM:    32       32      C        7.4517   -4.2017   -0.9366
  QMMM:    33       33      C        6.6760   -3.2872   -0.2276
  QMMM:    34       34      N        4.8859    0.5552    1.2275
  QMMM:    35       35      C        3.6719    1.0940    0.8769
  QMMM:    36       36      N        3.1854    2.2061    1.5667
  QMMM:    37       37      C        3.9524    2.7559    2.6619
  QMMM:    38       38      C        1.9397    2.7962    1.2229
  QMMM:    39       39      O        1.5604    3.7794    1.8854
  QMMM:    40       40      H        1.3617    5.2752    0.0480
  QMMM:    41       41      H        1.7616    4.3928   -1.4858
  QMMM:    42       42      H        0.7081    5.8689   -1.5410
  QMMM:    43       43      H       -1.6027    5.6120   -1.4688
  QMMM:    44       44      H       -3.6245    4.2383   -1.1689
  QMMM:    45       45      H       -4.5667    2.2591   -0.2599
  QMMM:    46       46      H       -5.8183    1.2233    1.5272
  QMMM:    47       47      H       -8.0775    0.2103    1.7651
  QMMM:    48       48      H       -8.7133   -1.7849    0.3975
  QMMM:    49       49      H       -4.7838   -1.7718   -1.4347
  QMMM:    50       50      H       -1.1492    0.9809    0.3334
  QMMM:    51       51      H        1.0660    0.6541   -1.3696
  QMMM:    52       52      H        2.8972   -1.0610   -1.6971
  QMMM:    53       53      H        7.0550   -0.5745    1.5788
  QMMM:    54       54      H        9.0519   -0.8390    0.1883
  QMMM:    55       55      H       10.3999   -2.4952   -1.0575
  QMMM:    56       56      H        9.3880   -4.6546   -1.7955
  QMMM:    57       57      H        7.0023   -5.1538   -1.2574
  QMMM:    58       58      H        5.6280   -3.5317    0.0044
  QMMM:    59       59      H        4.9519    3.1055    2.2893
  QMMM:    60       60      H        3.4030    3.6256    3.1122
  QMMM:    61       61      H        4.1088    1.9726    3.4507

           --------- Calculation Completed ----------

