            --------------------------------------------------------
                             AMBER SQM VERSION 14
 
                                     By
              Ross C. Walker, Michael F. Crowley, Scott Brozell,
                         Tim Giese, Andreas W. Goetz,
                        Tai-Sung Lee and David A. Case
 
            --------------------------------------------------------
 

--------------------------------------------------------------------------------
  QM CALCULATION INFO
--------------------------------------------------------------------------------

| QMMM: Citation for AMBER QMMM Run:
| QMMM: R.C. Walker, M.F. Crowley and D.A. Case, J. COMP. CHEM. 29:1019, 2008

QMMM: SINGLET STATE CALCULATION
QMMM: RHF CALCULATION, NO. OF DOUBLY OCCUPIED LEVELS = 30

| QMMM: *** Selected Hamiltonian *** 
| QMMM: AM1         

| QMMM: *** Parameter sets in use ***
| QMMM: C : M.J.S.DEWAR et al. JACS, 107, 3902, (1985)
| QMMM: O : M.J.S.DEWAR et al. JACS, 107, 3902, (1985)
| QMMM: H : M.J.S.DEWAR et al. JACS, 107, 3902, (1985)

| QMMM: *** SCF convergence criteria ***
| QMMM: Energy change                :  0.1D-09 kcal/mol
| QMMM: Error matrix |FP-PF|         :  0.1D+00 au
| QMMM: Density matrix change        :  0.5D-06
| QMMM: Maximum number of SCF cycles :     1000

| QMMM: *** Diagonalization Routine Information ***
| QMMM: Pseudo diagonalizations are allowed.
| QMMM: Auto diagonalization routine selection is in use.
| QMMM:
| QMMM: Timing diagonalization routines:
| QMMM:                              norbs =       54
| QMMM:    diag iterations used for timing =       15
| QMMM:
| QMMM:              Internal diag routine = 0.014823 seconds
| QMMM:                 Dspev diag routine = 0.025121 seconds
| QMMM:                Dspevd diag routine = 0.019632 seconds
| QMMM:                Dspevx diag routine = 0.061502 seconds
| QMMM:                 Dsyev diag routine = 0.027246 seconds
| QMMM:                Dsyevd diag routine = 0.023236 seconds
| QMMM:                Dsyevr diag routine = 0.020230 seconds
| QMMM:
| QMMM:                Pseudo diag routine = 0.004844 seconds
| QMMM:
| QMMM: Using internal diagonalization routine (diag_routine=1).

  QMMM: QM Region Cartesian Coordinates (*=link atom) 
  QMMM: QM_NO.   MM_NO.  ATOM         X         Y         Z
  QMMM:     1        1      C        0.0020   -0.0280   -0.0590
  QMMM:     2        2      C        1.3910   -0.0170   -0.0730
  QMMM:     3        3      C        2.1240    0.0380    1.1160
  QMMM:     4        4      C        1.4550    0.0840    2.3430
  QMMM:     5        5      C        0.0400    0.0730    2.3600
  QMMM:     6        6      C       -0.6920    0.0170    1.1610
  QMMM:     7        7      C       -2.1340    0.0090    1.2470
  QMMM:     8        8      C       -2.7340    0.0550    2.4530
  QMMM:     9        9      C       -1.9480    0.1120    3.6790
  QMMM:    10       10      O       -0.5530    0.1200    3.6060
  QMMM:    11       11      O       -2.3230    0.1580    4.8480
  QMMM:    12       12      O        2.2140    0.1370    3.4840
  QMMM:    13       13      H       -0.5650   -0.0710   -1.0000
  QMMM:    14       14      H        1.9290   -0.0530   -1.0320
  QMMM:    15       15      H        3.2240    0.0460    1.1050
  QMMM:    16       16      H       -2.7090   -0.0340    0.3090
  QMMM:    17       17      H       -3.8250    0.0520    2.5870
  QMMM:    18       18      H        1.6150    0.1640    4.2470

--------------------------------------------------------------------------------
  RESULTS
--------------------------------------------------------------------------------

  ... geometry converged !
 
 Final MO eigenvalues (eV):
 -42.1682  -39.9226  -38.2554  -37.4837  -35.3231  -31.0503  -30.5711  -25.8178
 -24.9542  -23.6602  -20.4549  -19.8740  -18.9622  -17.4405  -17.2682  -16.7532
 -16.3550  -15.7802  -15.2808  -15.2316  -14.5983  -14.0040  -13.6703  -13.2226
 -13.1389  -12.8683  -11.6986  -11.4277   -9.6688   -9.3338   -1.0392   -0.1464
   0.3631    1.4201    1.6150    2.4275    2.5589    2.6801    3.0078    3.1430
   3.4429    3.6475    3.8264    4.0575    4.2447    4.3766    4.4448    4.6110
   4.7626    5.0491    5.2508    5.6027    6.0208    6.4385

 Heat of formation   =        -74.38926184 kcal/mol  (       -3.22576045 eV)

 Total SCF energy    =     -50624.47660119 kcal/mol  (    -2195.24203639 eV)
 Electronic energy   =    -235872.86251270 kcal/mol  (   -10228.21484379 eV)
 Core-core repulsion =     185248.38591152 kcal/mol  (     8032.97280740 eV)
 
    Atomic Charges for Step       1 :
  Atom    Element       Mulliken Charge
     1      C                 -0.112
     2      C                 -0.120
     3      C                 -0.123
     4      C                  0.075
     5      C                  0.022
     6      C                 -0.102
     7      C                 -0.024
     8      C                 -0.227
     9      C                  0.340
    10      O                 -0.209
    11      O                 -0.287
    12      O                 -0.242
    13      H                  0.141
    14      H                  0.143
    15      H                  0.159
    16      H                  0.151
    17      H                  0.171
    18      H                  0.244
 Total Mulliken Charge =      -0.000
 
                  X        Y        Z     TOTAL  
  QM DIPOLE    -0.398   -0.184   -4.344    4.366
 
 Final Structure

  QMMM: QM Region Cartesian Coordinates (*=link atom) 
  QMMM: QM_NO.   MM_NO.  ATOM         X         Y         Z
  QMMM:     1        1      C        0.0021   -0.0278   -0.0586
  QMMM:     2        2      C        1.3908   -0.0173   -0.0725
  QMMM:     3        3      C        2.1244    0.0379    1.1161
  QMMM:     4        4      C        1.4545    0.0836    2.3428
  QMMM:     5        5      C        0.0402    0.0730    2.3598
  QMMM:     6        6      C       -0.6918    0.0174    1.1610
  QMMM:     7        7      C       -2.1336    0.0095    1.2469
  QMMM:     8        8      C       -2.7337    0.0549    2.4531
  QMMM:     9        9      C       -1.9480    0.1121    3.6786
  QMMM:    10       10      O       -0.5533    0.1201    3.6059
  QMMM:    11       11      O       -2.3229    0.1579    4.8484
  QMMM:    12       12      O        2.2141    0.1370    3.4836
  QMMM:    13       13      H       -0.5650   -0.0714   -1.0001
  QMMM:    14       14      H        1.9291   -0.0528   -1.0322
  QMMM:    15       15      H        3.2243    0.0462    1.1047
  QMMM:    16       16      H       -2.7094   -0.0342    0.3088
  QMMM:    17       17      H       -3.8255    0.0518    2.5872
  QMMM:    18       18      H        1.6147    0.1640    4.2474

           --------- Calculation Completed ----------

