            --------------------------------------------------------
                             AMBER SQM VERSION 14
 
                                     By
              Ross C. Walker, Michael F. Crowley, Scott Brozell,
                         Tim Giese, Andreas W. Goetz,
                        Tai-Sung Lee and David A. Case
 
            --------------------------------------------------------
 

--------------------------------------------------------------------------------
  QM CALCULATION INFO
--------------------------------------------------------------------------------

| QMMM: Citation for AMBER QMMM Run:
| QMMM: R.C. Walker, M.F. Crowley and D.A. Case, J. COMP. CHEM. 29:1019, 2008

QMMM: SINGLET STATE CALCULATION
QMMM: RHF CALCULATION, NO. OF DOUBLY OCCUPIED LEVELS = 93

| QMMM: *** Selected Hamiltonian *** 
| QMMM: AM1         

| QMMM: *** Parameter sets in use ***
| QMMM: C : M.J.S.DEWAR et al. JACS, 107, 3902, (1985)
| QMMM: N : M.J.S.DEWAR et al. JACS, 107, 3902, (1985)
| QMMM: O : M.J.S.DEWAR et al. JACS, 107, 3902, (1985)
| QMMM: H : M.J.S.DEWAR et al. JACS, 107, 3902, (1985)

| QMMM: *** SCF convergence criteria ***
| QMMM: Energy change                :  0.1D-09 kcal/mol
| QMMM: Error matrix |FP-PF|         :  0.1D+00 au
| QMMM: Density matrix change        :  0.1D-09
| QMMM: Maximum number of SCF cycles :     1000

| QMMM: *** Diagonalization Routine Information ***
| QMMM: Pseudo diagonalizations are allowed.
| QMMM: Auto diagonalization routine selection is disabled.
| QMMM: Using internal diagonalization routine (diag_routine=1).

  QMMM: QM Region Cartesian Coordinates (*=link atom) 
  QMMM: QM_NO.   MM_NO.  ATOM         X         Y         Z
  QMMM:     1        1      C       -7.6500   -2.7030    0.3330
  QMMM:     2        2      C       -6.4580   -1.9070    0.8660
  QMMM:     3        3      C       -6.3840   -0.4080    0.5710
  QMMM:     4        4      C       -4.9990    0.1740    0.9210
  QMMM:     5        5      C       -3.7520   -0.2980    0.1830
  QMMM:     6        6      N       -2.9500    0.6810   -0.3780
  QMMM:     7        7      C       -1.6700    0.4560   -1.0180
  QMMM:     8        8      C       -0.4860    0.7520   -0.0690
  QMMM:     9        9      C        0.8430    0.2730   -0.6260
  QMMM:    10       10      C        1.9920    0.7620    0.2700
  QMMM:    11       11      N        3.3000    0.2590   -0.0750
  QMMM:    12       12      C        4.1660   -0.2540    0.8740
  QMMM:    13       13      C        5.5230   -0.7750    0.4280
  QMMM:    14       14      C        6.5960    0.2170   -0.0580
  QMMM:    15       15      C        7.6170   -0.5760   -0.8900
  QMMM:    16       16      C        8.5370    0.1630   -1.8640
  QMMM:    17       17      O       -8.2300   -2.4030   -0.7560
  QMMM:    18       18      O       -8.0110   -3.7370    0.9890
  QMMM:    19       19      O       -6.6170   -0.1300   -0.8010
  QMMM:    20       20      C       -7.4000    0.3860    1.4590
  QMMM:    21       21      O       -8.3870    0.9560    0.9070
  QMMM:    22       22      O       -7.1860    0.4760    2.7080
  QMMM:    23       23      O       -3.3740   -1.4930    0.2130
  QMMM:    24       24      C       -1.5000    1.3590   -2.2860
  QMMM:    25       25      O       -0.9410    0.8500   -3.3000
  QMMM:    26       26      O       -1.9090    2.5580   -2.2480
  QMMM:    27       27      O        3.7830   -0.4350    2.0560
  QMMM:    28       28      C        7.3150    0.8520    1.1730
  QMMM:    29       29      O        5.9460    1.2020   -0.8440
  QMMM:    30       30      O        7.3620    2.1120    1.2690
  QMMM:    31       31      O        7.8320    0.0770    2.0350
  QMMM:    32       32      O        8.2890    1.3330   -2.2800
  QMMM:    33       33      O        9.5520   -0.4840   -2.2940
  QMMM:    34       34      H       -6.4300   -2.0310    1.9790
  QMMM:    35       35      H       -5.5420   -2.3910    0.4350
  QMMM:    36       36      H       -5.1000    1.2890    0.8320
  QMMM:    37       37      H       -4.8260   -0.0720    2.0040
  QMMM:    38       38      H       -3.3610    1.5630   -0.5880
  QMMM:    39       39      H       -1.6070   -0.6240   -1.3360
  QMMM:    40       40      H       -0.4390    1.8600    0.1040
  QMMM:    41       41      H       -0.6630    0.2600    0.9230
  QMMM:    42       42      H        0.8450   -0.8460   -0.6770
  QMMM:    43       43      H        0.9660    0.6570   -1.6730
  QMMM:    44       44      H        2.0060    1.8910    0.2310
  QMMM:    45       45      H        1.7640    0.4620    1.3330
  QMMM:    46       46      H        3.7110    0.6050   -0.9140
  QMMM:    47       47      H        5.9710   -1.3080    1.3120
  QMMM:    48       48      H        5.3230   -1.5280   -0.3820
  QMMM:    49       49      H        8.2640   -1.1400   -0.1700
  QMMM:    50       50      H        7.0710   -1.3250   -1.5240
  QMMM:    51       51      H       -7.5230   -0.4350   -0.9700
  QMMM:    52       52      H        6.6340    1.8560   -1.0520

--------------------------------------------------------------------------------
  RESULTS
--------------------------------------------------------------------------------

      iter         sqm energy              rms gradient
      ----    -------------------    -----------------------
xmin    10     -394.9774 kcal/mol        0.0002 kcal/(mol*A)
xmin    10     -394.9774 kcal/mol        0.0001 kcal/(mol*A)
  ... geometry converged !
 
 Final MO eigenvalues (eV):
 -29.4592  -28.7344  -28.0618  -27.5882  -26.6633  -26.1744  -25.6367  -25.5325
 -25.2531  -24.6336  -24.0790  -22.9371  -22.7149  -22.4500  -22.4005  -22.1611
 -21.7286  -21.4082  -20.6566  -18.8348  -17.8810  -16.6806  -14.2448  -13.1201
 -12.3828  -11.5784  -10.8816   -9.8384   -9.2998   -8.9233   -8.6405   -8.5891
  -7.8673   -7.2600   -6.8132   -6.4491   -6.2048   -6.0265   -5.7412   -5.5886
  -5.2998   -4.8848   -4.6881   -4.5977   -4.3573   -4.1081   -4.0057   -3.8689
  -3.7937   -3.6291   -3.5476   -3.4444   -3.4264   -3.1847   -3.1395   -2.8783
  -2.7843   -2.7470   -2.6391   -2.4100   -2.3221   -2.2165   -2.1918   -2.1200
  -1.9241   -1.7650   -1.5224   -1.3079   -1.2261   -1.0388   -0.9478   -0.6199
  -0.5765   -0.2219    0.2590    0.2991    0.3382    0.9227    1.2406    1.2974
   1.3451    1.4980    1.5935    1.6421    1.7873    1.8445    1.9192    2.0562
   2.1423    2.1567    2.2175    2.5193    2.7868   11.6895   12.4828   12.5546
  13.2430   13.8758   13.9784   14.0698   14.1184   14.1306   14.3663   14.4193
  14.5751   14.5906   14.6580   14.7627   14.8085   14.8372   14.9120   14.9793
  15.1125   15.1473   15.1695   15.2124   15.2604   15.3940   15.4215   15.5097
  15.5812   15.6085   15.6401   15.7208   15.7476   15.7719   15.8145   15.8412
  16.0137   16.0936   16.4237   16.4790   16.6225   16.6787   16.7300   16.8262
  17.3922   17.5636   17.7588   18.2321   18.3927   18.9003   18.9340   18.9609
  19.4228   19.6438   19.6475   19.7966   19.8433   20.2510   20.3013

 Heat of formation   =       -394.97736255 kcal/mol  (      -17.12750369 eV)

 Total SCF energy    =    -169097.02420555 kcal/mol  (    -7332.59720765 eV)
 Electronic energy   =   -1162989.62392763 kcal/mol  (   -50431.01443683 eV)
 Core-core repulsion =     993892.59972209 kcal/mol  (    43098.41722918 eV)
 
    Atomic Charges for Step       1 :
  Atom    Element       Mulliken Charge
     1      C                  0.338
     2      C                 -0.222
     3      C                  0.067
     4      C                 -0.154
     5      C                  0.314
     6      N                 -0.366
     7      C                 -0.038
     8      C                 -0.149
     9      C                 -0.171
    10      C                 -0.033
    11      N                 -0.361
    12      C                  0.321
    13      C                 -0.161
    14      C                  0.051
    15      C                 -0.217
    16      C                  0.337
    17      O                 -0.612
    18      O                 -0.651
    19      O                 -0.358
    20      C                  0.317
    21      O                 -0.599
    22      O                 -0.626
    23      O                 -0.432
    24      C                  0.327
    25      O                 -0.590
    26      O                 -0.601
    27      O                 -0.443
    28      C                  0.328
    29      O                 -0.367
    30      O                 -0.582
    31      O                 -0.616
    32      O                 -0.589
    33      O                 -0.653
    34      H                  0.078
    35      H                  0.090
    36      H                  0.080
    37      H                  0.107
    38      H                  0.227
    39      H                  0.102
    40      H                  0.070
    41      H                  0.059
    42      H                  0.075
    43      H                  0.112
    44      H                  0.053
    45      H                  0.097
    46      H                  0.238
    47      H                  0.121
    48      H                  0.067
    49      H                  0.085
    50      H                  0.042
    51      H                  0.237
    52      H                  0.248
 Total Mulliken Charge =      -5.000
 
                  X        Y        Z     TOTAL  
  QM DIPOLE     4.779   -0.042    4.125    6.313
 
 Final Structure

  QMMM: QM Region Cartesian Coordinates (*=link atom) 
  QMMM: QM_NO.   MM_NO.  ATOM         X         Y         Z
  QMMM:     1        1      C       -7.6501   -2.7027    0.3331
  QMMM:     2        2      C       -6.4582   -1.9067    0.8658
  QMMM:     3        3      C       -6.3843   -0.4087    0.5712
  QMMM:     4        4      C       -4.9994    0.1743    0.9212
  QMMM:     5        5      C       -3.7521   -0.2983    0.1826
  QMMM:     6        6      N       -2.9504    0.6812   -0.3777
  QMMM:     7        7      C       -1.6701    0.4561   -1.0182
  QMMM:     8        8      C       -0.4859    0.7524   -0.0689
  QMMM:     9        9      C        0.8431    0.2732   -0.6257
  QMMM:    10       10      C        1.9919    0.7616    0.2698
  QMMM:    11       11      N        3.2996    0.2590   -0.0754
  QMMM:    12       12      C        4.1656   -0.2539    0.8741
  QMMM:    13       13      C        5.5229   -0.7754    0.4282
  QMMM:    14       14      C        6.5958    0.2175   -0.0578
  QMMM:    15       15      C        7.6173   -0.5759   -0.8906
  QMMM:    16       16      C        8.5374    0.1630   -1.8641
  QMMM:    17       17      O       -8.2298   -2.4029   -0.7565
  QMMM:    18       18      O       -8.0109   -3.7370    0.9891
  QMMM:    19       19      O       -6.6173   -0.1296   -0.8010
  QMMM:    20       20      C       -7.3997    0.3853    1.4586
  QMMM:    21       21      O       -8.3871    0.9560    0.9074
  QMMM:    22       22      O       -7.1856    0.4763    2.7079
  QMMM:    23       23      O       -3.3737   -1.4928    0.2134
  QMMM:    24       24      C       -1.4998    1.3594   -2.2858
  QMMM:    25       25      O       -0.9413    0.8501   -3.2998
  QMMM:    26       26      O       -1.9087    2.5578   -2.2482
  QMMM:    27       27      O        3.7832   -0.4352    2.0562
  QMMM:    28       28      C        7.3147    0.8524    1.1733
  QMMM:    29       29      O        5.9464    1.2019   -0.8441
  QMMM:    30       30      O        7.3625    2.1117    1.2691
  QMMM:    31       31      O        7.8318    0.0768    2.0350
  QMMM:    32       32      O        8.2887    1.3328   -2.2798
  QMMM:    33       33      O        9.5516   -0.4840   -2.2937
  QMMM:    34       34      H       -6.4301   -2.0308    1.9793
  QMMM:    35       35      H       -5.5415   -2.3915    0.4346
  QMMM:    36       36      H       -5.1001    1.2888    0.8318
  QMMM:    37       37      H       -4.8259   -0.0718    2.0042
  QMMM:    38       38      H       -3.3608    1.5635   -0.5881
  QMMM:    39       39      H       -1.6065   -0.6236   -1.3363
  QMMM:    40       40      H       -0.4391    1.8597    0.1037
  QMMM:    41       41      H       -0.6634    0.2602    0.9231
  QMMM:    42       42      H        0.8449   -0.8457   -0.6767
  QMMM:    43       43      H        0.9656    0.6566   -1.6733
  QMMM:    44       44      H        2.0062    1.8905    0.2307
  QMMM:    45       45      H        1.7645    0.4617    1.3333
  QMMM:    46       46      H        3.7105    0.6048   -0.9143
  QMMM:    47       47      H        5.9715   -1.3077    1.3115
  QMMM:    48       48      H        5.3228   -1.5277   -0.3815
  QMMM:    49       49      H        8.2644   -1.1396   -0.1694
  QMMM:    50       50      H        7.0710   -1.3250   -1.5245
  QMMM:    51       51      H       -7.5231   -0.4354   -0.9696
  QMMM:    52       52      H        6.6344    1.8557   -1.0521

           --------- Calculation Completed ----------

