            --------------------------------------------------------
                             AMBER SQM VERSION 14
 
                                     By
              Ross C. Walker, Michael F. Crowley, Scott Brozell,
                         Tim Giese, Andreas W. Goetz,
                        Tai-Sung Lee and David A. Case
 
            --------------------------------------------------------
 

--------------------------------------------------------------------------------
  QM CALCULATION INFO
--------------------------------------------------------------------------------

| QMMM: Citation for AMBER QMMM Run:
| QMMM: R.C. Walker, M.F. Crowley and D.A. Case, J. COMP. CHEM. 29:1019, 2008

QMMM: SINGLET STATE CALCULATION
QMMM: RHF CALCULATION, NO. OF DOUBLY OCCUPIED LEVELS = 95

| QMMM: *** Selected Hamiltonian *** 
| QMMM: AM1         

| QMMM: *** Parameter sets in use ***
| QMMM: C : M.J.S.DEWAR et al. JACS, 107, 3902, (1985)
| QMMM: O : M.J.S.DEWAR et al. JACS, 107, 3902, (1985)
| QMMM: N : M.J.S.DEWAR et al. JACS, 107, 3902, (1985)
| QMMM: S : M.J.S.DEWAR et al. INORG. CHEM., 29, 3881, (1990)
| QMMM: H : M.J.S.DEWAR et al. JACS, 107, 3902, (1985)

| QMMM: *** SCF convergence criteria ***
| QMMM: Energy change                :  0.1D-09 kcal/mol
| QMMM: Error matrix |FP-PF|         :  0.1D+00 au
| QMMM: Density matrix change        :  0.1D-09
| QMMM: Maximum number of SCF cycles :     1000

| QMMM: *** Diagonalization Routine Information ***
| QMMM: Pseudo diagonalizations are allowed.
| QMMM: Auto diagonalization routine selection is disabled.
| QMMM: Using internal diagonalization routine (diag_routine=1).

  QMMM: QM Region Cartesian Coordinates (*=link atom) 
  QMMM: QM_NO.   MM_NO.  ATOM         X         Y         Z
  QMMM:     1        1      C       -6.1240   -2.2930    0.8060
  QMMM:     2        2      C       -7.2860   -2.2210   -0.1600
  QMMM:     3        3      C       -8.4160   -3.1030    0.3380
  QMMM:     4        4      C       -7.8200   -0.7870   -0.3620
  QMMM:     5        5      C       -8.8360   -0.8310   -1.5770
  QMMM:     6        6      O       -8.3590   -0.7040   -2.7370
  QMMM:     7        7      O      -10.0470   -0.9980   -1.2870
  QMMM:     8        8      N       -6.8000    0.2080   -0.6170
  QMMM:     9        9      S       -6.1180    1.1530    0.4420
  QMMM:    10       10      O       -6.3100    2.5240    0.1430
  QMMM:    11       11      O       -6.3850    0.7970    1.7880
  QMMM:    12       12      C       -4.4350    0.8700    0.1640
  QMMM:    13       13      C       -3.6860    0.0880    1.0460
  QMMM:    14       14      C       -2.3250   -0.1220    0.8390
  QMMM:    15       15      C       -1.6870    0.4460   -0.2720
  QMMM:    16       16      C       -2.4330    1.2340   -1.1590
  QMMM:    17       17      C       -3.7910    1.4420   -0.9350
  QMMM:    18       18      C       -0.2610    0.2190   -0.5030
  QMMM:    19       19      C        0.2190   -0.0150   -1.8000
  QMMM:    20       20      C        1.5750   -0.2360   -2.0220
  QMMM:    21       21      C        2.4740   -0.2320   -0.9490
  QMMM:    22       22      C        2.0020    0.0060    0.3450
  QMMM:    23       23      C        0.6450    0.2310    0.5660
  QMMM:    24       24      C        3.9150   -0.5190   -1.2060
  QMMM:    25       25      O        4.6880    0.2740   -0.2880
  QMMM:    26       26      C        6.0530    0.1450   -0.3860
  QMMM:    27       27      C        6.7180   -0.7190   -1.2660
  QMMM:    28       28      C        8.1100   -0.7580   -1.2590
  QMMM:    29       29      C        8.8490    0.0420   -0.3780
  QMMM:    30       30      C        8.1700    0.9090    0.4910
  QMMM:    31       31      C        6.7850    0.9700    0.4940
  QMMM:    32       32      C       10.3220   -0.0470   -0.4050
  QMMM:    33       33      O       10.9250   -0.4440   -1.4120
  QMMM:    34       34      C       11.0730    0.3470    0.8520
  QMMM:    35       35      C       12.2290   -0.6040    1.0920
  QMMM:    36       36      C       11.5740    1.7720    0.7190
  QMMM:    37       37      H       -5.9270   -3.3530    1.0960
  QMMM:    38       38      H       -5.1930   -1.8840    0.3420
  QMMM:    39       39      H       -6.3450   -1.7060    1.7320
  QMMM:    40       40      H       -6.9480   -2.6000   -1.1660
  QMMM:    41       41      H       -9.3240   -2.9620   -0.3010
  QMMM:    42       42      H       -8.1070   -4.1750    0.3080
  QMMM:    43       43      H       -8.6810   -2.8390    1.3900
  QMMM:    44       44      H       -8.3880   -0.4860    0.5650
  QMMM:    45       45      H       -6.6530    0.2970   -1.6040
  QMMM:    46       46      H       -4.1890   -0.3630    1.9220
  QMMM:    47       47      H       -1.7520   -0.7460    1.5410
  QMMM:    48       48      H       -1.9420    1.6960   -2.0290
  QMMM:    49       49      H       -4.3690    2.0800   -1.6270
  QMMM:    50       50      H       -0.4850   -0.0300   -2.6470
  QMMM:    51       51      H        1.9390   -0.4160   -3.0450
  QMMM:    52       52      H        2.7120    0.0250    1.1860
  QMMM:    53       53      H        0.2810    0.4240    1.5870
  QMMM:    54       54      H        4.1320   -1.6070   -1.0210
  QMMM:    55       55      H        4.2020   -0.2490   -2.2570
  QMMM:    56       56      H        6.1610   -1.3610   -1.9620
  QMMM:    57       57      H        8.6460   -1.4230   -1.9560
  QMMM:    58       58      H        8.7360    1.5630    1.1730
  QMMM:    59       59      H        6.2440    1.6500    1.1680
  QMMM:    60       60      H       10.3730    0.2820    1.7310
  QMMM:    61       61      H       12.9080   -0.6200    0.2050
  QMMM:    62       62      H       12.8100   -0.2810    1.9880
  QMMM:    63       63      H       11.8490   -1.6390    1.2640
  QMMM:    64       64      H       10.7210    2.4770    0.5720
  QMMM:    65       65      H       12.1260    2.0680    1.6430
  QMMM:    66       66      H       12.2650    1.8600   -0.1540

--------------------------------------------------------------------------------
  RESULTS
--------------------------------------------------------------------------------

  ... geometry converged !
 
 Final MO eigenvalues (eV):
 -40.0563  -39.2376  -38.6780  -37.3765  -36.5977  -35.5275  -34.6722  -34.5001
 -34.0673  -32.8294  -32.4536  -31.2548  -30.9911  -30.5639  -30.4342  -29.7696
 -29.5854  -29.2021  -27.1841  -26.0938  -24.7968  -24.6991  -23.5321  -23.0178
 -22.6647  -21.8910  -21.7597  -21.0772  -20.1252  -19.2336  -18.1563  -18.1357
 -17.4919  -17.1087  -16.8858  -16.6410  -16.1822  -15.8871  -15.8367  -15.3295
 -15.1013  -15.0434  -14.7979  -14.6049  -14.5089  -14.0843  -13.8965  -13.7402
 -13.5751  -13.5140  -13.3506  -13.0690  -13.0601  -12.9636  -12.7302  -12.6930
 -12.5670  -12.4722  -12.3780  -12.3154  -12.2354  -12.0800  -12.0084  -11.7026
 -11.5838  -11.4184  -11.1683  -11.0404  -11.0222  -11.0072  -10.8171  -10.7480
 -10.6897  -10.2353  -10.1278   -9.9853   -9.9053   -9.8126   -9.6939   -9.5996
  -9.5949   -9.4380   -9.1724   -9.1583   -8.8816   -8.7370   -8.5388   -8.4469
  -8.3404   -7.9263   -7.6047   -7.3650   -5.7352   -5.3932   -4.9646    0.6367
   1.0858    1.1495    1.7154    2.0809    2.2011    2.3141    2.5872    3.1383
   3.5613    3.7964    3.9569    4.4213    4.4538    4.4846    4.4946    4.7020
   4.7614    4.7980    4.8227    4.9283    4.9676    5.0615    5.0976    5.1853
   5.1996    5.2086    5.2311    5.2807    5.3170    5.4230    5.4604    5.5650
   5.5705    5.6159    5.6902    5.6981    5.7424    5.7566    5.8019    5.9606
   5.9811    6.0286    6.0784    6.1875    6.2196    6.2266    6.3086    6.4321
   6.5152    6.5379    6.6637    6.7050    6.7735    6.7954    6.9172    6.9615
   7.0511    7.1470    7.1665    7.2518    7.2828    7.2940    7.3820    7.4260
   7.5042    7.6718    7.7235    7.7684    7.8488    7.9116    8.2173    8.2774
   8.4255    8.4915    8.7238    8.9004   11.7799   12.8810

 Heat of formation   =       -205.54278353 kcal/mol  (       -8.91300393 eV)

 Total SCF energy    =    -145813.07883551 kcal/mol  (    -6322.92957094 eV)
 Electronic energy   =   -1170010.02732300 kcal/mol  (   -50735.44197229 eV)
 Core-core repulsion =    1024196.94848749 kcal/mol  (    44412.51240135 eV)
 
    Atomic Charges for Step       1 :
  Atom    Element       Mulliken Charge
     1      C                 -0.222
     2      C                 -0.110
     3      C                 -0.210
     4      C                 -0.046
     5      C                  0.341
     6      O                 -0.566
     7      O                 -0.545
     8      N                 -0.891
     9      S                  2.843
    10      O                 -0.955
    11      O                 -0.955
    12      C                 -0.759
    13      C                 -0.026
    14      C                 -0.149
    15      C                 -0.012
    16      C                 -0.147
    17      C                 -0.027
    18      C                 -0.021
    19      C                 -0.117
    20      C                 -0.123
    21      C                 -0.097
    22      C                 -0.104
    23      C                 -0.121
    24      C                  0.020
    25      O                 -0.204
    26      C                  0.116
    27      C                 -0.223
    28      C                 -0.039
    29      C                 -0.194
    30      C                 -0.062
    31      C                 -0.174
    32      C                  0.277
    33      O                 -0.303
    34      C                 -0.149
    35      C                 -0.205
    36      C                 -0.206
    37      H                  0.055
    38      H                  0.056
    39      H                  0.084
    40      H                  0.096
    41      H                  0.124
    42      H                  0.043
    43      H                  0.060
    44      H                  0.095
    45      H                  0.274
    46      H                  0.159
    47      H                  0.131
    48      H                  0.132
    49      H                  0.150
    50      H                  0.144
    51      H                  0.129
    52      H                  0.142
    53      H                  0.141
    54      H                  0.088
    55      H                  0.088
    56      H                  0.144
    57      H                  0.152
    58      H                  0.136
    59      H                  0.154
    60      H                  0.102
    61      H                  0.094
    62      H                  0.074
    63      H                  0.078
    64      H                  0.076
    65      H                  0.078
    66      H                  0.089
 Total Mulliken Charge =      -1.000
 
                  X        Y        Z     TOTAL  
  QM DIPOLE    39.607    0.185    6.432   40.126
 
 Final Structure

  QMMM: QM Region Cartesian Coordinates (*=link atom) 
  QMMM: QM_NO.   MM_NO.  ATOM         X         Y         Z
  QMMM:     1        1      C       -6.1241   -2.2926    0.8058
  QMMM:     2        2      C       -7.2863   -2.2210   -0.1602
  QMMM:     3        3      C       -8.4155   -3.1025    0.3378
  QMMM:     4        4      C       -7.8202   -0.7869   -0.3619
  QMMM:     5        5      C       -8.8357   -0.8313   -1.5771
  QMMM:     6        6      O       -8.3595   -0.7037   -2.7374
  QMMM:     7        7      O      -10.0474   -0.9984   -1.2873
  QMMM:     8        8      N       -6.8001    0.2076   -0.6166
  QMMM:     9        9      S       -6.1177    1.1529    0.4416
  QMMM:    10       10      O       -6.3102    2.5244    0.1429
  QMMM:    11       11      O       -6.3851    0.7971    1.7883
  QMMM:    12       12      C       -4.4348    0.8697    0.1643
  QMMM:    13       13      C       -3.6860    0.0879    1.0465
  QMMM:    14       14      C       -2.3251   -0.1224    0.8388
  QMMM:    15       15      C       -1.6866    0.4463   -0.2721
  QMMM:    16       16      C       -2.4329    1.2345   -1.1593
  QMMM:    17       17      C       -3.7914    1.4423   -0.9353
  QMMM:    18       18      C       -0.2609    0.2189   -0.5032
  QMMM:    19       19      C        0.2194   -0.0155   -1.8004
  QMMM:    20       20      C        1.5755   -0.2359   -2.0219
  QMMM:    21       21      C        2.4739   -0.2316   -0.9489
  QMMM:    22       22      C        2.0020    0.0062    0.3450
  QMMM:    23       23      C        0.6454    0.2304    0.5664
  QMMM:    24       24      C        3.9146   -0.5193   -1.2061
  QMMM:    25       25      O        4.6875    0.2741   -0.2882
  QMMM:    26       26      C        6.0533    0.1453   -0.3861
  QMMM:    27       27      C        6.7180   -0.7190   -1.2663
  QMMM:    28       28      C        8.1098   -0.7578   -1.2591
  QMMM:    29       29      C        8.8490    0.0420   -0.3778
  QMMM:    30       30      C        8.1705    0.9091    0.4913
  QMMM:    31       31      C        6.7849    0.9699    0.4941
  QMMM:    32       32      C       10.3224   -0.0467   -0.4053
  QMMM:    33       33      O       10.9248   -0.4441   -1.4116
  QMMM:    34       34      C       11.0735    0.3469    0.8514
  QMMM:    35       35      C       12.2286   -0.6040    1.0920
  QMMM:    36       36      C       11.5737    1.7716    0.7192
  QMMM:    37       37      H       -5.9265   -3.3532    1.0960
  QMMM:    38       38      H       -5.1933   -1.8837    0.3419
  QMMM:    39       39      H       -6.3453   -1.7059    1.7321
  QMMM:    40       40      H       -6.9482   -2.6000   -1.1658
  QMMM:    41       41      H       -9.3240   -2.9624   -0.3012
  QMMM:    42       42      H       -8.1069   -4.1750    0.3084
  QMMM:    43       43      H       -8.6810   -2.8390    1.3899
  QMMM:    44       44      H       -8.3881   -0.4857    0.5652
  QMMM:    45       45      H       -6.6533    0.2968   -1.6036
  QMMM:    46       46      H       -4.1888   -0.3630    1.9218
  QMMM:    47       47      H       -1.7520   -0.7456    1.5408
  QMMM:    48       48      H       -1.9422    1.6957   -2.0289
  QMMM:    49       49      H       -4.3692    2.0801   -1.6268
  QMMM:    50       50      H       -0.4849   -0.0305   -2.6467
  QMMM:    51       51      H        1.9393   -0.4158   -3.0445
  QMMM:    52       52      H        2.7115    0.0252    1.1863
  QMMM:    53       53      H        0.2808    0.4237    1.5869
  QMMM:    54       54      H        4.1322   -1.6066   -1.0205
  QMMM:    55       55      H        4.2023   -0.2490   -2.2573
  QMMM:    56       56      H        6.1613   -1.3613   -1.9623
  QMMM:    57       57      H        8.6459   -1.4228   -1.9565
  QMMM:    58       58      H        8.7363    1.5634    1.1735
  QMMM:    59       59      H        6.2444    1.6497    1.1679
  QMMM:    60       60      H       10.3733    0.2821    1.7310
  QMMM:    61       61      H       12.9078   -0.6197    0.2052
  QMMM:    62       62      H       12.8100   -0.2810    1.9883
  QMMM:    63       63      H       11.8490   -1.6395    1.2639
  QMMM:    64       64      H       10.7206    2.4767    0.5715
  QMMM:    65       65      H       12.1263    2.0680    1.6430
  QMMM:    66       66      H       12.2646    1.8599   -0.1540

           --------- Calculation Completed ----------

