            --------------------------------------------------------
                             AMBER SQM VERSION 14
 
                                     By
              Ross C. Walker, Michael F. Crowley, Scott Brozell,
                         Tim Giese, Andreas W. Goetz,
                        Tai-Sung Lee and David A. Case
 
            --------------------------------------------------------
 

--------------------------------------------------------------------------------
  QM CALCULATION INFO
--------------------------------------------------------------------------------

| QMMM: Citation for AMBER QMMM Run:
| QMMM: R.C. Walker, M.F. Crowley and D.A. Case, J. COMP. CHEM. 29:1019, 2008

QMMM: SINGLET STATE CALCULATION
QMMM: RHF CALCULATION, NO. OF DOUBLY OCCUPIED LEVELS =122

| QMMM: *** Selected Hamiltonian *** 
| QMMM: AM1         

| QMMM: *** Parameter sets in use ***
| QMMM: O : M.J.S.DEWAR et al. JACS, 107, 3902, (1985)
| QMMM: S : M.J.S.DEWAR et al. INORG. CHEM., 29, 3881, (1990)
| QMMM: C : M.J.S.DEWAR et al. JACS, 107, 3902, (1985)
| QMMM: N : M.J.S.DEWAR et al. JACS, 107, 3902, (1985)
| QMMM: H : M.J.S.DEWAR et al. JACS, 107, 3902, (1985)

| QMMM: *** SCF convergence criteria ***
| QMMM: Energy change                :  0.1D-09 kcal/mol
| QMMM: Error matrix |FP-PF|         :  0.1D+00 au
| QMMM: Density matrix change        :  0.1D-09
| QMMM: Maximum number of SCF cycles :     1000

| QMMM: *** Diagonalization Routine Information ***
| QMMM: Pseudo diagonalizations are allowed.
| QMMM: Auto diagonalization routine selection is disabled.
| QMMM: Using internal diagonalization routine (diag_routine=1).

  QMMM: QM Region Cartesian Coordinates (*=link atom) 
  QMMM: QM_NO.   MM_NO.  ATOM         X         Y         Z
  QMMM:     1        1      O       -5.9610    1.5620    0.6630
  QMMM:     2        2      S       -4.9370    1.2060   -0.2400
  QMMM:     3        3      O       -5.1280    1.6400   -1.5760
  QMMM:     4        4      C       -3.4800    1.8280    0.3310
  QMMM:     5        5      C       -2.5580    2.4100   -0.5480
  QMMM:     6        6      C       -1.3510    2.9350   -0.0910
  QMMM:     7        7      C       -1.0390    2.8890    1.2710
  QMMM:     8        8      C        0.2420    3.4220    1.8430
  QMMM:     9        9      N        1.2780    3.7470    0.8940
  QMMM:    10       10      C       -1.9710    2.3380    2.1650
  QMMM:    11       11      C       -3.1720    1.8210    1.6980
  QMMM:    12       12      N       -4.6990   -0.4180   -0.2250
  QMMM:    13       13      C       -4.4980   -1.1470    1.0020
  QMMM:    14       14      C       -5.6450   -1.0920    2.0290
  QMMM:    15       15      C       -6.9140   -1.7070    1.4830
  QMMM:    16       16      C       -5.1940   -1.8220    3.2780
  QMMM:    17       17      C       -4.5550   -1.1620   -1.4610
  QMMM:    18       18      C       -5.6170   -2.2730   -1.6390
  QMMM:    19       19      O       -5.1980   -3.4270   -0.9290
  QMMM:    20       20      C       -3.1610   -1.7760   -1.6830
  QMMM:    21       21      C       -2.1690   -0.7520   -2.1880
  QMMM:    22       22      C       -0.7530   -1.2850   -2.1360
  QMMM:    23       23      C        0.2060   -0.2740   -2.7670
  QMMM:    24       24      N        1.5940   -0.4680   -2.4300
  QMMM:    25       25      C        2.2940    0.4760   -1.7060
  QMMM:    26       26      O        1.8290    1.6100   -1.4760
  QMMM:    27       27      C        3.7410    0.1060   -1.2730
  QMMM:    28       28      N        4.6230    1.2510   -1.2660
  QMMM:    29       29      C        4.4040    2.3130   -0.3900
  QMMM:    30       30      O        5.0100    3.4740   -0.8280
  QMMM:    31       31      C        4.9190    4.5880    0.0620
  QMMM:    32       32      O        3.8320    2.3250    0.7120
  QMMM:    33       33      C        3.6760   -0.6310    0.0890
  QMMM:    34       34      C        2.8310   -1.8660   -0.0150
  QMMM:    35       35      C        1.6620   -1.9660    0.7510
  QMMM:    36       36      C        0.8770   -3.1170    0.6920
  QMMM:    37       37      C        1.2530   -4.1810   -0.1270
  QMMM:    38       38      C        2.4160   -4.0890   -0.8910
  QMMM:    39       39      C        3.2010   -2.9390   -0.8360
  QMMM:    40       40      C        5.0380   -0.9710    0.6190
  QMMM:    41       41      C        6.0650   -1.4500   -0.2010
  QMMM:    42       42      C        7.3110   -1.7680    0.3400
  QMMM:    43       43      C        7.5430   -1.6130    1.7060
  QMMM:    44       44      C        6.5260   -1.1310    2.5290
  QMMM:    45       45      C        5.2820   -0.8100    1.9910
  QMMM:    46       46      H       -2.8030    2.4650   -1.6250
  QMMM:    47       47      H       -0.6530    3.3830   -0.8170
  QMMM:    48       48      H       -0.0090    4.3770    2.3970
  QMMM:    49       49      H        0.5920    2.6780    2.6240
  QMMM:    50       50      H        2.1610    3.8100    1.3670
  QMMM:    51       51      H        1.3560    3.0500    0.1760
  QMMM:    52       52      H       -1.7470    2.3190    3.2430
  QMMM:    53       53      H       -3.9060    1.4080    2.4130
  QMMM:    54       54      H       -4.3130   -2.2360    0.7650
  QMMM:    55       55      H       -3.5660   -0.7470    1.5040
  QMMM:    56       56      H       -5.8590   -0.0180    2.3000
  QMMM:    57       57      H       -7.6600   -1.8470    2.3020
  QMMM:    58       58      H       -7.3650   -1.0390    0.7090
  QMMM:    59       59      H       -6.7010   -2.7010    1.0180
  QMMM:    60       60      H       -4.2630   -1.3620    3.6880
  QMMM:    61       61      H       -5.9900   -1.7680    4.0600
  QMMM:    62       62      H       -4.9900   -2.8970    3.0550
  QMMM:    63       63      H       -4.7450   -0.4310   -2.3120
  QMMM:    64       64      H       -6.6210   -1.9300   -1.2760
  QMMM:    65       65      H       -5.6850   -2.5230   -2.7330
  QMMM:    66       66      H       -5.9670   -4.0050   -0.8620
  QMMM:    67       67      H       -2.7870   -2.2460   -0.7370
  QMMM:    68       68      H       -3.2610   -2.6020   -2.4360
  QMMM:    69       69      H       -2.4270   -0.4640   -3.2420
  QMMM:    70       70      H       -2.2320    0.1810   -1.5660
  QMMM:    71       71      H       -0.4690   -1.4880   -1.0680
  QMMM:    72       72      H       -0.6910   -2.2600   -2.6850
  QMMM:    73       73      H        0.1180   -0.3460   -3.8900
  QMMM:    74       74      H       -0.1010    0.7700   -2.4650
  QMMM:    75       75      H        1.9090   -1.4110   -2.3840
  QMMM:    76       76      H        4.1780   -0.6050   -2.0410
  QMMM:    77       77      H        4.9420    1.5300   -2.1720
  QMMM:    78       78      H        5.4920    5.3870   -0.4700
  QMMM:    79       79      H        3.8490    4.8750    0.2030
  QMMM:    80       80      H        5.3850    4.3330    1.0440
  QMMM:    81       81      H        3.1880    0.0860    0.8200
  QMMM:    82       82      H        1.3610   -1.1320    1.4050
  QMMM:    83       83      H       -0.0390   -3.1850    1.2980
  QMMM:    84       84      H        0.6360   -5.0910   -0.1680
  QMMM:    85       85      H        2.7200   -4.9290   -1.5330
  QMMM:    86       86      H        4.1310   -2.8830   -1.4230
  QMMM:    87       87      H        5.9050   -1.5700   -1.2820
  QMMM:    88       88      H        8.1110   -2.1410   -0.3150
  QMMM:    89       89      H        8.5250   -1.8650    2.1310
  QMMM:    90       90      H        6.7050   -1.0010    3.6070
  QMMM:    91       91      H        4.4880   -0.4190    2.6450

--------------------------------------------------------------------------------
  RESULTS
--------------------------------------------------------------------------------

  ... geometry converged !
 
 Final MO eigenvalues (eV):
 -41.5650  -40.4364  -40.0137  -39.7368  -39.6033  -39.2312  -37.8111  -37.5603
 -37.3145  -36.7543  -36.7351  -36.2738  -35.7040  -35.6233  -34.6015  -34.1535
 -31.9843  -31.9050  -31.5676  -31.5224  -31.2938  -31.0708  -29.7942  -28.4370
 -27.7992  -27.6805  -26.5477  -26.2593  -26.0788  -24.6013  -23.9019  -23.6012
 -23.2527  -23.0824  -22.7560  -22.3500  -22.2515  -21.8702  -21.5263  -21.4144
 -20.7449  -19.7717  -19.5927  -18.8193  -18.6925  -18.4461  -18.0885  -17.9181
 -17.8013  -17.5939  -17.3361  -17.2016  -17.0111  -16.9260  -16.6479  -16.6187
 -16.5826  -16.3057  -16.1545  -15.9990  -15.8385  -15.7281  -15.6314  -15.5389
 -15.4238  -15.3242  -15.1814  -15.0425  -14.9727  -14.8786  -14.7845  -14.7151
 -14.7071  -14.4875  -14.2886  -14.2438  -14.2189  -14.1072  -14.0630  -13.9331
 -13.8951  -13.7968  -13.7141  -13.4767  -13.3010  -13.2396  -13.1284  -13.0893
 -12.9023  -12.8741  -12.8275  -12.6619  -12.5730  -12.5599  -12.5068  -12.5031
 -12.3012  -12.2822  -12.1548  -12.0681  -12.0204  -11.9739  -11.9575  -11.9330
 -11.7595  -11.6866  -11.6560  -11.5144  -11.4384  -11.4149  -11.3645  -10.9254
 -10.4764  -10.2814  -10.1300  -10.1251   -9.9724   -9.9364   -9.8276   -9.7708
  -9.5657   -9.3047   -0.4342   -0.1056   -0.0511    0.0768    0.3584    0.4192
   0.4509    0.9022    1.1303    1.4440    1.8908    2.1538    2.3705    2.5575
   2.7385    2.7999    3.0799    3.1772    3.2120    3.2329    3.2547    3.4182
   3.4346    3.4947    3.4998    3.5633    3.5798    3.6278    3.6662    3.7023
   3.7413    3.7622    3.7863    3.8071    3.8403    3.8649    3.8671    3.8797
   3.9247    3.9972    4.0078    4.0270    4.0491    4.0809    4.0959    4.1193
   4.1354    4.1979    4.2263    4.2631    4.2775    4.2843    4.3014    4.3367
   4.4022    4.4056    4.4245    4.4434    4.4974    4.5025    4.5559    4.5690
   4.5759    4.5788    4.6374    4.6430    4.6840    4.7074    4.7305    4.7466
   4.7767    4.8598    4.8786    4.9554    4.9619    4.9899    4.9918    5.0479
   5.0667    5.0806    5.1040    5.1138    5.1501    5.1622    5.1682    5.2257
   5.2567    5.2799    5.3488    5.4436    5.4853    5.5000    5.6000    5.6295
   5.6524    5.7974    5.8675    5.9206    5.9768    6.0186    6.5205    6.6183
   6.9567    7.1076

 Heat of formation   =       -185.80948532 kcal/mol  (       -8.05730390 eV)

 Total SCF energy    =    -182916.29862262 kcal/mol  (    -7931.84591399 eV)
 Electronic energy   =   -2031641.31705543 kcal/mol  (   -88098.57842485 eV)
 Core-core repulsion =    1848725.01843281 kcal/mol  (    80166.73251085 eV)
 
    Atomic Charges for Step       1 :
  Atom    Element       Mulliken Charge
     1      O                 -0.928
     2      S                  2.839
     3      O                 -0.943
     4      C                 -0.836
     5      C                 -0.020
     6      C                 -0.141
     7      C                 -0.002
     8      C                 -0.049
     9      N                 -0.354
    10      C                 -0.168
    11      C                 -0.020
    12      N                 -0.816
    13      C                 -0.026
    14      C                 -0.136
    15      C                 -0.200
    16      C                 -0.208
    17      C                  0.036
    18      C                 -0.032
    19      O                 -0.334
    20      C                 -0.165
    21      C                 -0.161
    22      C                 -0.183
    23      C                 -0.043
    24      N                 -0.351
    25      C                  0.261
    26      O                 -0.370
    27      C                  0.019
    28      N                 -0.300
    29      C                  0.398
    30      O                 -0.280
    31      C                 -0.055
    32      O                 -0.402
    33      C                 -0.034
    34      C                 -0.086
    35      C                 -0.118
    36      C                 -0.129
    37      C                 -0.125
    38      C                 -0.130
    39      C                 -0.136
    40      C                 -0.058
    41      C                 -0.120
    42      C                 -0.130
    43      C                 -0.126
    44      C                 -0.128
    45      C                 -0.110
    46      H                  0.156
    47      H                  0.165
    48      H                  0.100
    49      H                  0.054
    50      H                  0.160
    51      H                  0.171
    52      H                  0.138
    53      H                  0.143
    54      H                  0.122
    55      H                  0.067
    56      H                  0.118
    57      H                  0.075
    58      H                  0.082
    59      H                  0.065
    60      H                  0.068
    61      H                  0.080
    62      H                  0.073
    63      H                  0.126
    64      H                  0.080
    65      H                  0.070
    66      H                  0.202
    67      H                  0.097
    68      H                  0.094
    69      H                  0.084
    70      H                  0.086
    71      H                  0.093
    72      H                  0.082
    73      H                  0.087
    74      H                  0.122
    75      H                  0.225
    76      H                  0.116
    77      H                  0.231
    78      H                  0.103
    79      H                  0.096
    80      H                  0.085
    81      H                  0.144
    82      H                  0.142
    83      H                  0.138
    84      H                  0.137
    85      H                  0.136
    86      H                  0.135
    87      H                  0.121
    88      H                  0.131
    89      H                  0.132
    90      H                  0.133
    91      H                  0.138
 Total Mulliken Charge =      -0.000
 
                  X        Y        Z     TOTAL  
  QM DIPOLE     4.568   -6.536   -0.540    7.992
 
 Final Structure

  QMMM: QM Region Cartesian Coordinates (*=link atom) 
  QMMM: QM_NO.   MM_NO.  ATOM         X         Y         Z
  QMMM:     1        1      O       -5.9609    1.5626    0.6629
  QMMM:     2        2      S       -4.9367    1.2057   -0.2397
  QMMM:     3        3      O       -5.1283    1.6404   -1.5757
  QMMM:     4        4      C       -3.4797    1.8282    0.3308
  QMMM:     5        5      C       -2.5582    2.4101   -0.5477
  QMMM:     6        6      C       -1.3514    2.9351   -0.0909
  QMMM:     7        7      C       -1.0392    2.8895    1.2712
  QMMM:     8        8      C        0.2422    3.4221    1.8433
  QMMM:     9        9      N        1.2785    3.7471    0.8940
  QMMM:    10       10      C       -1.9711    2.3380    2.1652
  QMMM:    11       11      C       -3.1721    1.8213    1.6984
  QMMM:    12       12      N       -4.6989   -0.4183   -0.2254
  QMMM:    13       13      C       -4.4978   -1.1469    1.0017
  QMMM:    14       14      C       -5.6450   -1.0922    2.0289
  QMMM:    15       15      C       -6.9138   -1.7069    1.4827
  QMMM:    16       16      C       -5.1941   -1.8224    3.2780
  QMMM:    17       17      C       -4.5548   -1.1622   -1.4609
  QMMM:    18       18      C       -5.6166   -2.2734   -1.6392
  QMMM:    19       19      O       -5.1981   -3.4272   -0.9292
  QMMM:    20       20      C       -3.1606   -1.7758   -1.6836
  QMMM:    21       21      C       -2.1688   -0.7523   -2.1883
  QMMM:    22       22      C       -0.7531   -1.2853   -2.1358
  QMMM:    23       23      C        0.2057   -0.2737   -2.7673
  QMMM:    24       24      N        1.5937   -0.4677   -2.4297
  QMMM:    25       25      C        2.2942    0.4758   -1.7061
  QMMM:    26       26      O        1.8293    1.6103   -1.4755
  QMMM:    27       27      C        3.7411    0.1056   -1.2734
  QMMM:    28       28      N        4.6231    1.2510   -1.2662
  QMMM:    29       29      C        4.4044    2.3127   -0.3902
  QMMM:    30       30      O        5.0096    3.4738   -0.8283
  QMMM:    31       31      C        4.9190    4.5881    0.0623
  QMMM:    32       32      O        3.8316    2.3249    0.7117
  QMMM:    33       33      C        3.6760   -0.6307    0.0895
  QMMM:    34       34      C        2.8309   -1.8660   -0.0151
  QMMM:    35       35      C        1.6619   -1.9655    0.7508
  QMMM:    36       36      C        0.8772   -3.1166    0.6921
  QMMM:    37       37      C        1.2528   -4.1809   -0.1271
  QMMM:    38       38      C        2.4160   -4.0891   -0.8914
  QMMM:    39       39      C        3.2008   -2.9386   -0.8362
  QMMM:    40       40      C        5.0380   -0.9708    0.6194
  QMMM:    41       41      C        6.0654   -1.4496   -0.2006
  QMMM:    42       42      C        7.3106   -1.7682    0.3403
  QMMM:    43       43      C        7.5432   -1.6127    1.7058
  QMMM:    44       44      C        6.5259   -1.1313    2.5294
  QMMM:    45       45      C        5.2817   -0.8100    1.9907
  QMMM:    46       46      H       -2.8027    2.4646   -1.6246
  QMMM:    47       47      H       -0.6531    3.3832   -0.8165
  QMMM:    48       48      H       -0.0086    4.3771    2.3970
  QMMM:    49       49      H        0.5919    2.6778    2.6240
  QMMM:    50       50      H        2.1614    3.8100    1.3666
  QMMM:    51       51      H        1.3557    3.0502    0.1760
  QMMM:    52       52      H       -1.7472    2.3193    3.2426
  QMMM:    53       53      H       -3.9064    1.4080    2.4124
  QMMM:    54       54      H       -4.3128   -2.2359    0.7651
  QMMM:    55       55      H       -3.5655   -0.7469    1.5038
  QMMM:    56       56      H       -5.8594   -0.0183    2.3002
  QMMM:    57       57      H       -7.6597   -1.8464    2.3021
  QMMM:    58       58      H       -7.3645   -1.0389    0.7090
  QMMM:    59       59      H       -6.7009   -2.7013    1.0185
  QMMM:    60       60      H       -4.2634   -1.3616    3.6885
  QMMM:    61       61      H       -5.9897   -1.7683    4.0596
  QMMM:    62       62      H       -4.9897   -2.8974    3.0554
  QMMM:    63       63      H       -4.7453   -0.4314   -2.3118
  QMMM:    64       64      H       -6.6212   -1.9297   -1.2756
  QMMM:    65       65      H       -5.6853   -2.5234   -2.7333
  QMMM:    66       66      H       -5.9674   -4.0049   -0.8623
  QMMM:    67       67      H       -2.7874   -2.2461   -0.7370
  QMMM:    68       68      H       -3.2612   -2.6022   -2.4360
  QMMM:    69       69      H       -2.4269   -0.4639   -3.2419
  QMMM:    70       70      H       -2.2319    0.1813   -1.5661
  QMMM:    71       71      H       -0.4695   -1.4883   -1.0677
  QMMM:    72       72      H       -0.6910   -2.2604   -2.6853
  QMMM:    73       73      H        0.1181   -0.3462   -3.8902
  QMMM:    74       74      H       -0.1007    0.7703   -2.4653
  QMMM:    75       75      H        1.9095   -1.4115   -2.3842
  QMMM:    76       76      H        4.1779   -0.6048   -2.0408
  QMMM:    77       77      H        4.9416    1.5295   -2.1719
  QMMM:    78       78      H        5.4921    5.3871   -0.4703
  QMMM:    79       79      H        3.8486    4.8745    0.2032
  QMMM:    80       80      H        5.3850    4.3330    1.0440
  QMMM:    81       81      H        3.1876    0.0864    0.8199
  QMMM:    82       82      H        1.3609   -1.1324    1.4049
  QMMM:    83       83      H       -0.0388   -3.1847    1.2979
  QMMM:    84       84      H        0.6360   -5.0907   -0.1678
  QMMM:    85       85      H        2.7206   -4.9289   -1.5335
  QMMM:    86       86      H        4.1307   -2.8828   -1.4227
  QMMM:    87       87      H        5.9053   -1.5702   -1.2818
  QMMM:    88       88      H        8.1110   -2.1414   -0.3153
  QMMM:    89       89      H        8.5252   -1.8653    2.1311
  QMMM:    90       90      H        6.7050   -1.0010    3.6068
  QMMM:    91       91      H        4.4875   -0.4190    2.6450

           --------- Calculation Completed ----------

