            --------------------------------------------------------
                             AMBER SQM VERSION 14
 
                                     By
              Ross C. Walker, Michael F. Crowley, Scott Brozell,
                         Tim Giese, Andreas W. Goetz,
                        Tai-Sung Lee and David A. Case
 
            --------------------------------------------------------
 

--------------------------------------------------------------------------------
  QM CALCULATION INFO
--------------------------------------------------------------------------------

| QMMM: Citation for AMBER QMMM Run:
| QMMM: R.C. Walker, M.F. Crowley and D.A. Case, J. COMP. CHEM. 29:1019, 2008

QMMM: SINGLET STATE CALCULATION
QMMM: RHF CALCULATION, NO. OF DOUBLY OCCUPIED LEVELS = 73

| QMMM: *** Selected Hamiltonian *** 
| QMMM: AM1         

| QMMM: *** Parameter sets in use ***
| QMMM: O : M.J.S.DEWAR et al. JACS, 107, 3902, (1985)
| QMMM: P : M.J.S.DEWAR et al. THEOCHEM, 187,1, (1989)
| QMMM: C : M.J.S.DEWAR et al. JACS, 107, 3902, (1985)
| QMMM: N : M.J.S.DEWAR et al. JACS, 107, 3902, (1985)
| QMMM: H : M.J.S.DEWAR et al. JACS, 107, 3902, (1985)

| QMMM: *** SCF convergence criteria ***
| QMMM: Energy change                :  0.1D-09 kcal/mol
| QMMM: Error matrix |FP-PF|         :  0.1D+00 au
| QMMM: Density matrix change        :  0.5D-06
| QMMM: Maximum number of SCF cycles :     1000

| QMMM: *** Diagonalization Routine Information ***
| QMMM: Pseudo diagonalizations are allowed.
| QMMM: Auto diagonalization routine selection is in use.
| QMMM:
| QMMM: Timing diagonalization routines:
| QMMM:                              norbs =      119
| QMMM:    diag iterations used for timing =       10
| QMMM:
| QMMM:              Internal diag routine = 0.037174 seconds
| QMMM:                 Dspev diag routine = 0.057393 seconds
| QMMM:                Dspevd diag routine = 0.036208 seconds
| QMMM:                Dspevx diag routine = 0.138151 seconds
| QMMM:                 Dsyev diag routine = 0.061628 seconds
| QMMM:                Dsyevd diag routine = 0.042939 seconds
| QMMM:                Dsyevr diag routine = 0.042446 seconds
| QMMM:
| QMMM:                Pseudo diag routine = 0.017012 seconds
| QMMM:
| QMMM: Using dspevd routine (diag_routine=3).

  QMMM: QM Region Cartesian Coordinates (*=link atom) 
  QMMM: QM_NO.   MM_NO.  ATOM         X         Y         Z
  QMMM:     1        1      O        1.0980    2.8380    0.5020
  QMMM:     2        2      P        2.2740    1.7050    0.4310
  QMMM:     3        3      O        3.0280    1.6970    1.7000
  QMMM:     4        4      O        1.6300    0.5240   -0.1870
  QMMM:     5        5      O        3.2050    2.4350   -0.7180
  QMMM:     6        6      C        2.8060    2.3170   -2.0530
  QMMM:     7        7      C        2.6400    3.6930   -2.7010
  QMMM:     8        8      O        3.9400    4.2370   -3.0150
  QMMM:     9        9      C        1.7740    3.6740   -4.0060
  QMMM:    10       10      O        0.8070    4.5640   -4.0240
  QMMM:    11       11      C        2.8430    3.9690   -5.1510
  QMMM:    12       12      O        2.4510    5.0560   -5.9540
  QMMM:    13       13      C        4.1360    4.3750   -4.4110
  QMMM:    14       14      N        5.4280    3.7210   -4.7780
  QMMM:    15       15      C        5.5560    2.5280   -5.5320
  QMMM:    16       16      O        4.6100    1.8250   -5.9390
  QMMM:    17       17      N        6.8560    2.0960   -5.9070
  QMMM:    18       18      C        8.0300    2.7000   -5.4510
  QMMM:    19       19      O        9.1350    2.2600   -5.8350
  QMMM:    20       20      C        7.8460    3.8220   -4.5380
  QMMM:    21       21      C        6.5860    4.2530   -4.2250
  QMMM:    22       22      C        6.4580    5.3740   -3.2340
  QMMM:    23       23      O        6.3280    6.5750   -3.4760
  QMMM:    24       24      O        6.6000    4.9350   -1.9590
  QMMM:    25       25      C        6.0870    5.7760   -0.9030
  QMMM:    26       26      C        5.3550    4.8630    0.0490
  QMMM:    27       27      H        3.6000    1.7450   -2.6120
  QMMM:    28       28      H        1.8320    1.7540   -2.1140
  QMMM:    29       29      H        2.2110    4.4220   -1.9620
  QMMM:    30       30      H        1.4310    2.6070   -4.1760
  QMMM:    31       31      H        0.5790    2.8780   -0.2920
  QMMM:    32       32      H        2.9560    3.0920   -5.8300
  QMMM:    33       33      H        1.6770    5.4660   -5.5110
  QMMM:    34       34      H        4.3460    5.4780   -4.5990
  QMMM:    35       35      H        6.9050    1.2700   -6.4600
  QMMM:    36       36      H        8.7440    4.2690   -4.0990
  QMMM:    37       37      H        6.9820    6.2640   -0.4370
  QMMM:    38       38      H        5.4060    6.5590   -1.3260
  QMMM:    39       39      H        4.5830    4.2590   -0.5040
  QMMM:    40       40      H        6.0590    4.1490    0.5380
  QMMM:    41       41      H        4.8490    5.4750    0.8320

--------------------------------------------------------------------------------
  RESULTS
--------------------------------------------------------------------------------

      iter         sqm energy              rms gradient
      ----    -------------------    -----------------------
xmin    10     -525.1580 kcal/mol        0.0011 kcal/(mol*A)
xmin    10     -525.1580 kcal/mol        0.0005 kcal/(mol*A)
  ... geometry converged !
 
 Final MO eigenvalues (eV):
 -37.3260  -36.2381  -34.8467  -34.0001  -33.1263  -32.5960  -31.5643  -30.8820
 -30.0270  -29.2821  -28.3925  -27.9271  -27.1626  -26.5543  -26.4403  -23.9795
 -23.3823  -22.6555  -20.2974  -19.2068  -18.6293  -17.6900  -16.5406  -15.7151
 -15.0710  -14.7722  -14.4969  -13.7018  -12.8871  -12.7112  -12.6484  -12.3398
 -12.0468  -11.9227  -11.4398  -11.2045  -10.9715  -10.5252  -10.3298  -10.1338
  -9.9531   -9.8237   -9.6447   -9.3970   -9.1236   -8.8546   -8.7125   -8.3290
  -7.9467   -7.8965   -7.7945   -7.5216   -7.4140   -7.2481   -7.0559   -6.9661
  -6.7685   -6.7230   -6.5709   -6.5270   -6.5116   -6.0603   -5.6977   -5.1754
  -5.1029   -4.9475   -4.4026   -4.2250   -4.0960   -3.8693   -3.7630   -2.2575
  -2.0325    3.9544    4.7760    5.1875    5.4013    6.0242    6.3597    6.5155
   7.5693    7.7477    8.2561    8.3518    8.4875    8.5315    8.6624    9.0010
   9.0409    9.0661    9.2631    9.3208    9.4053    9.4639    9.6285    9.6950
   9.8503   10.2222   10.2815   10.3779   10.4252   10.5443   10.6679   10.7052
  10.7376   10.8257   10.8518   10.9322   11.0134   11.2469   11.3372   11.6811
  11.8905   12.1122   12.5754   13.4695   13.6472   14.5914   15.0971

 Heat of formation   =       -525.15801518 kcal/mol  (      -22.77256039 eV)

 Total SCF energy    =    -134080.24749013 kcal/mol  (    -5814.15582543 eV)
 Electronic energy   =    -944002.32306509 kcal/mol  (   -40935.01249144 eV)
 Core-core repulsion =     809922.07557496 kcal/mol  (    35120.85666601 eV)
 
    Atomic Charges for Step       1 :
  Atom    Element       Mulliken Charge
     1      O                 -0.817
     2      P                  2.535
     3      O                 -1.146
     4      O                 -1.185
     5      O                 -0.755
     6      C                  0.024
     7      C                 -0.066
     8      O                 -0.294
     9      C                  0.164
    10      O                 -0.703
    11      C                 -0.083
    12      O                 -0.378
    13      C                  0.132
    14      N                 -0.229
    15      C                  0.404
    16      O                 -0.348
    17      N                 -0.379
    18      C                  0.361
    19      O                 -0.404
    20      C                 -0.327
    21      C                  0.138
    22      C                  0.365
    23      O                 -0.354
    24      O                 -0.246
    25      C                  0.000
    26      C                 -0.243
    27      H                  0.054
    28      H                  0.089
    29      H                  0.113
    30      H                 -0.005
    31      H                  0.225
    32      H                  0.113
    33      H                  0.237
    34      H                  0.112
    35      H                  0.247
    36      H                  0.165
    37      H                  0.053
    38      H                  0.102
    39      H                  0.173
    40      H                  0.081
    41      H                  0.075
 Total Mulliken Charge =      -2.000
 
                  X        Y        Z     TOTAL  
  QM DIPOLE   -27.946  -26.976   20.003   43.690
 
 Final Structure

  QMMM: QM Region Cartesian Coordinates (*=link atom) 
  QMMM: QM_NO.   MM_NO.  ATOM         X         Y         Z
  QMMM:     1        1      O        1.0979    2.8378    0.5025
  QMMM:     2        2      P        2.2738    1.7047    0.4309
  QMMM:     3        3      O        3.0283    1.6971    1.7006
  QMMM:     4        4      O        1.6298    0.5238   -0.1871
  QMMM:     5        5      O        3.2046    2.4354   -0.7180
  QMMM:     6        6      C        2.8061    2.3170   -2.0531
  QMMM:     7        7      C        2.6403    3.6928   -2.7009
  QMMM:     8        8      O        3.9401    4.2374   -3.0151
  QMMM:     9        9      C        1.7742    3.6739   -4.0056
  QMMM:    10       10      O        0.8071    4.5643   -4.0243
  QMMM:    11       11      C        2.8428    3.9691   -5.1513
  QMMM:    12       12      O        2.4508    5.0563   -5.9541
  QMMM:    13       13      C        4.1365    4.3751   -4.4111
  QMMM:    14       14      N        5.4279    3.7211   -4.7780
  QMMM:    15       15      C        5.5565    2.5277   -5.5316
  QMMM:    16       16      O        4.6098    1.8254   -5.9386
  QMMM:    17       17      N        6.8561    2.0961   -5.9070
  QMMM:    18       18      C        8.0299    2.6996   -5.4512
  QMMM:    19       19      O        9.1355    2.2600   -5.8344
  QMMM:    20       20      C        7.8459    3.8224   -4.5379
  QMMM:    21       21      C        6.5859    4.2526   -4.2254
  QMMM:    22       22      C        6.4583    5.3742   -3.2340
  QMMM:    23       23      O        6.3279    6.5748   -3.4762
  QMMM:    24       24      O        6.6005    4.9351   -1.9591
  QMMM:    25       25      C        6.0866    5.7755   -0.9032
  QMMM:    26       26      C        5.3553    4.8627    0.0493
  QMMM:    27       27      H        3.5995    1.7447   -2.6120
  QMMM:    28       28      H        1.8323    1.7540   -2.1141
  QMMM:    29       29      H        2.2105    4.4217   -1.9617
  QMMM:    30       30      H        1.4306    2.6071   -4.1759
  QMMM:    31       31      H        0.5795    2.8782   -0.2923
  QMMM:    32       32      H        2.9561    3.0922   -5.8298
  QMMM:    33       33      H        1.6770    5.4656   -5.5112
  QMMM:    34       34      H        4.3463    5.4777   -4.5989
  QMMM:    35       35      H        6.9048    1.2703   -6.4604
  QMMM:    36       36      H        8.7439    4.2691   -4.0994
  QMMM:    37       37      H        6.9817    6.2642   -0.4365
  QMMM:    38       38      H        5.4059    6.5590   -1.3263
  QMMM:    39       39      H        4.5825    4.2589   -0.5041
  QMMM:    40       40      H        6.0591    4.1492    0.5381
  QMMM:    41       41      H        4.8492    5.4751    0.8318

           --------- Calculation Completed ----------

