            --------------------------------------------------------
                             AMBER SQM VERSION 14
 
                                     By
              Ross C. Walker, Michael F. Crowley, Scott Brozell,
                         Tim Giese, Andreas W. Goetz,
                        Tai-Sung Lee and David A. Case
 
            --------------------------------------------------------
 

--------------------------------------------------------------------------------
  QM CALCULATION INFO
--------------------------------------------------------------------------------

| QMMM: Citation for AMBER QMMM Run:
| QMMM: R.C. Walker, M.F. Crowley and D.A. Case, J. COMP. CHEM. 29:1019, 2008

QMMM: SINGLET STATE CALCULATION
QMMM: RHF CALCULATION, NO. OF DOUBLY OCCUPIED LEVELS =110

| QMMM: *** Selected Hamiltonian *** 
| QMMM: AM1         

| QMMM: *** Parameter sets in use ***
| QMMM: C : M.J.S.DEWAR et al. JACS, 107, 3902, (1985)
| QMMM: N : M.J.S.DEWAR et al. JACS, 107, 3902, (1985)
| QMMM: O : M.J.S.DEWAR et al. JACS, 107, 3902, (1985)
| QMMM: H : M.J.S.DEWAR et al. JACS, 107, 3902, (1985)

| QMMM: *** SCF convergence criteria ***
| QMMM: Energy change                :  0.1D-09 kcal/mol
| QMMM: Error matrix |FP-PF|         :  0.1D+00 au
| QMMM: Density matrix change        :  0.1D-09
| QMMM: Maximum number of SCF cycles :     1000

| QMMM: *** Diagonalization Routine Information ***
| QMMM: Pseudo diagonalizations are allowed.
| QMMM: Auto diagonalization routine selection is disabled.
| QMMM: Using internal diagonalization routine (diag_routine=1).

  QMMM: QM Region Cartesian Coordinates (*=link atom) 
  QMMM: QM_NO.   MM_NO.  ATOM         X         Y         Z
  QMMM:     1        1      C        1.0540   -1.2190   -3.2310
  QMMM:     2        2      C        1.2470   -0.9570   -0.8560
  QMMM:     3        3      C       -0.2760   -0.5700   -0.7980
  QMMM:     4        4      C       -1.0000   -1.1220   -2.0400
  QMMM:     5        5      C        0.3720   -1.2990    1.2180
  QMMM:     6        6      N       13.2530   -4.4110    3.9540
  QMMM:     7        7      C       14.4710   -4.7520    4.5790
  QMMM:     8        8      C       15.1390   -5.9680    4.7650
  QMMM:     9        9      C       16.3530   -5.9330    5.4350
  QMMM:    10       10      C       16.9120   -4.7290    5.9240
  QMMM:    11       11      C       18.2220   -4.7790    6.6340
  QMMM:    12       12      C       18.2610   -8.4940    5.7740
  QMMM:    13       13      C       17.6370   -3.6600    8.8150
  QMMM:    14       14      C       18.0640   -4.9360    8.1370
  QMMM:    15       15      C       16.2640   -3.5060    5.7450
  QMMM:    16       16      C       15.0400   -3.5180    5.0710
  QMMM:    17       17      N       14.1410   -2.4890    4.7180
  QMMM:    18       18      C       13.0720   -3.0470    4.0520
  QMMM:    19       19      C       10.7080   -3.0800    3.2770
  QMMM:    20       20      C        9.5270   -2.7610    3.8200
  QMMM:    21       21      C        6.3470   -2.6680    4.8300
  QMMM:    22       22      C        8.3020   -3.5750    3.6150
  QMMM:    23       23      C        7.0430   -2.7410    3.6780
  QMMM:    24       24      N        6.7060   -2.0460    2.5020
  QMMM:    25       25      C        1.2320   -3.1360    5.9560
  QMMM:    26       26      C        2.4570   -2.4560    6.5110
  QMMM:    27       27      C        0.7890   -2.5160    4.6560
  QMMM:    28       28      C        4.2760   -2.2420    2.6110
  QMMM:    29       29      O        3.0160   -1.8800    2.1020
  QMMM:    30       30      C       12.2210    0.6490    6.4750
  QMMM:    31       31      O       12.8960    0.0120    5.6600
  QMMM:    32       32      C       10.7510    0.8940    6.2720
  QMMM:    33       33      O       10.2700    0.2770    5.0950
  QMMM:    34       34      C        2.9230   -1.5820    0.8090
  QMMM:    35       35      N        1.6070   -1.2850    0.4530
  QMMM:    36       36      N       -0.7030   -0.9640    0.5470
  QMMM:    37       37      N        1.8650   -1.0300   -2.0300
  QMMM:    38       38      N       -0.2550   -1.2880   -3.1830
  QMMM:    39       39      N       -2.3130   -1.3370   -1.9830
  QMMM:    40       40      H        2.8510   -1.2110   -2.1100
  QMMM:    41       41      H        0.4060   -1.5940    2.2890
  QMMM:    42       42      H       16.9230   -6.8860    5.5880
  QMMM:    43       43      H       18.8140   -5.6510    6.2410
  QMMM:    44       44      H       19.3120   -8.3620    6.0630
  QMMM:    45       45      H       17.9990   -9.5480    5.6060
  QMMM:    46       46      H       17.5160   -3.8300    9.9120
  QMMM:    47       47      H       18.8080   -3.8460    6.4160
  QMMM:    48       48      H       18.4000   -2.8580    8.6660
  QMMM:    49       49      H       19.0510   -5.2650    8.5600
  QMMM:    50       50      H       16.6630   -3.2990    8.4040
  QMMM:    51       51      H       17.3220   -5.7490    8.3530
  QMMM:    52       52      H       16.7010   -2.5670    6.1190
  QMMM:    53       53      H       15.7410   -0.3330    5.9720
  QMMM:    54       54      H       15.2740    0.1580    5.9600
  QMMM:    55       55      H       10.8130   -3.9410    2.5960
  QMMM:    56       56      H        6.6690   -3.2260    5.7190
  QMMM:    57       57      H        9.4160   -1.8770    4.4770
  QMMM:    58       58      H        8.3520   -4.1400    2.6440
  QMMM:    59       59      H        5.4460   -2.0570    4.9630
  QMMM:    60       60      H        8.2540   -4.3460    4.4360
  QMMM:    61       61      H        1.4460   -4.2270    5.7970
  QMMM:    62       62      H        3.3090   -2.5280    5.7900
  QMMM:    63       63      H        0.3970   -3.0710    6.7040
  QMMM:    64       64      H        2.7660   -2.9370    7.4710
  QMMM:    65       65      H        2.2540   -1.3760    6.7070
  QMMM:    66       66      H        0.5120   -1.4450    4.8080
  QMMM:    67       67      H       -0.0990   -3.0590    4.2500
  QMMM:    68       68      H        4.1070   -2.8410    3.5150
  QMMM:    69       69      H        5.3990   -1.2310    1.0970
  QMMM:    70       70      H       14.2360   -1.5220    4.9570
  QMMM:    71       71      H       10.1680    0.4180    7.1100
  QMMM:    72       72      H       10.6680    0.7410    4.3470
  QMMM:    73       73      H       10.5500    2.0000    6.2620
  QMMM:    74       74      H       -0.3530    0.5660   -0.8750
  QMMM:    75       75      H       -2.8200   -1.2120   -1.1290
  QMMM:    76       76      H       12.6190   -5.0450    3.5290
  QMMM:    77       77      H        1.6150   -2.5640    3.9020
  QMMM:    78       78      H       -2.8250   -1.6240   -2.7980
  QMMM:    79       79      C        5.4330   -1.8230    2.0390
  QMMM:    80       80      C       11.9270   -2.2620    3.4890
  QMMM:    81       81      H       14.7210   -6.9140    4.3910
  QMMM:    82       82      H       12.2690   -1.8340    2.5010
  QMMM:    83       83      H       11.7130   -1.3910    4.1810
  QMMM:    84       84      H       12.6650    1.0740    7.4030
  QMMM:    85       85      H        7.4470   -1.8980    1.8530

--------------------------------------------------------------------------------
  RESULTS
--------------------------------------------------------------------------------

  ... geometry converged !
 
 Final MO eigenvalues (eV):
 -47.4289  -47.2143  -45.3257  -44.0683  -43.9778  -43.2738  -42.8761  -42.7120
 -41.6169  -40.8743  -39.7994  -39.7410  -38.9064  -38.6355  -38.6323  -37.8351
 -35.5302  -35.1627  -35.1125  -34.1641  -33.6872  -33.6338  -31.3018  -31.1533
 -30.9623  -30.1330  -29.8269  -29.0773  -28.8985  -28.4803  -28.0757  -27.5930
 -27.0466  -26.6862  -26.4625  -25.4606  -25.2109  -25.1420  -24.8633  -24.7288
 -24.1803  -23.5545  -23.4072  -23.2441  -23.0942  -22.7419  -22.7150  -22.3318
 -22.2328  -21.8983  -21.7217  -21.4836  -21.1524  -20.9932  -20.8068  -20.7634
 -20.5589  -20.3790  -20.1474  -20.0025  -19.6632  -19.6128  -19.3840  -19.3277
 -19.3159  -19.1850  -19.1339  -19.1113  -18.8278  -18.7393  -18.5649  -18.4879
 -18.4172  -18.3277  -18.1050  -17.9627  -17.7858  -17.6320  -17.4587  -17.3323
 -17.2821  -17.2598  -17.2467  -17.0989  -16.9597  -16.7499  -16.6207  -16.6004
 -16.5027  -16.4684  -16.3248  -16.2678  -16.1476  -16.0992  -15.6125  -15.4321
 -15.3004  -15.2305  -15.1965  -15.0709  -14.7287  -14.7151  -14.6574  -14.6454
 -14.5649  -14.4138  -13.6757  -13.3922  -12.6737  -12.5956   -6.6045   -5.5245
  -5.1060   -5.0630   -4.7798   -4.0374   -4.0255   -3.8934   -3.7776   -3.6880
  -3.6213   -3.5478   -3.5418   -3.5256   -3.2936   -3.0998   -3.0375   -2.9435
  -2.7769   -2.6139   -2.4994   -2.3530   -2.0467   -1.9384   -1.6100   -1.5008
  -1.4201   -1.3364   -1.3201   -1.1999   -0.9954   -0.9267   -0.8824   -0.8139
  -0.6970   -0.6915   -0.5275   -0.5082   -0.4769   -0.3148   -0.2660   -0.2294
  -0.2137   -0.1699   -0.1259   -0.0760   -0.0354   -0.0120    0.1173    0.1649
   0.2038    0.2198    0.2813    0.3546    0.3600    0.4128    0.4748    0.5510
   0.5985    0.6065    0.6152    0.7057    0.8289    0.8790    0.8866    0.9178
   0.9298    0.9635    0.9805    1.0087    1.0496    1.0649    1.0916    1.1311
   1.2262    1.2332    1.2531    1.2756    1.3642    1.4351    1.4889    1.5185
   1.5204    1.5845    1.6215    1.7212    1.7868    1.8450    1.8621    1.8953
   1.9750    1.9835    2.0186    2.0280    2.0496    2.1259    2.1641    2.2601


 Heat of formation   =        531.19542673 kcal/mol  (       23.03436220 eV)

 Total SCF energy    =    -162328.94525310 kcal/mol  (    -7039.11128108 eV)
 Electronic energy   =   -1453047.71872547 kcal/mol  (   -63008.87727009 eV)
 Core-core repulsion =    1290718.77347237 kcal/mol  (    55969.76598900 eV)
 
    Atomic Charges for Step       1 :
  Atom    Element       Mulliken Charge
     1      C                  0.167
     2      C                  0.189
     3      C                 -0.123
     4      C                  0.267
     5      C                  0.036
     6      N                 -0.159
     7      C                 -0.035
     8      C                 -0.100
     9      C                 -0.107
    10      C                 -0.015
    11      C                 -0.139
    12      C                 -0.055
    13      C                 -0.216
    14      C                 -0.157
    15      C                 -0.104
    16      C                 -0.029
    17      N                 -0.150
    18      C                  0.155
    19      C                 -0.228
    20      C                 -0.103
    21      C                 -0.247
    22      C                 -0.125
    23      C                  0.001
    24      N                 -0.267
    25      C                 -0.162
    26      C                 -0.210
    27      C                 -0.219
    28      C                 -0.166
    29      O                 -0.162
    30      C                  0.184
    31      O                 -0.359
    32      C                 -0.097
    33      O                 -0.325
    34      C                  0.136
    35      N                 -0.251
    36      N                 -0.149
    37      N                 -0.180
    38      N                 -0.326
    39      N                 -0.227
    40      H                  0.295
    41      H                  0.260
    42      H                  0.224
    43      H                  0.111
    44      H                  0.038
    45      H                  0.040
    46      H                  0.091
    47      H                  0.102
    48      H                  0.080
    49      H                  0.100
    50      H                  0.059
    51      H                  0.087
    52      H                  0.168
    53      H                 -0.014
    54      H                  0.018
    55      H                  0.127
    56      H                  0.140
    57      H                  0.163
    58      H                  0.106
    59      H                  0.135
    60      H                  0.128
    61      H                  0.084
    62      H                  0.051
    63      H                  0.097
    64      H                  0.086
    65      H                  0.078
    66      H                  0.072
    67      H                  0.072
    68      H                  0.204
    69      H                  0.163
    70      H                  0.322
    71      H                  0.149
    72      H                  0.210
    73      H                  0.119
    74      H                  0.216
    75      H                  0.284
    76      H                  0.295
    77      H                  0.054
    78      H                  0.293
    79      C                  0.013
    80      C                 -0.102
    81      H                  0.164
    82      H                  0.142
    83      H                  0.163
    84      H                  0.127
    85      H                  0.243
 Total Mulliken Charge =       2.000
 
                  X        Y        Z     TOTAL  
  QM DIPOLE    72.074  -22.114   26.446   79.895
 
 Final Structure

  QMMM: QM Region Cartesian Coordinates (*=link atom) 
  QMMM: QM_NO.   MM_NO.  ATOM         X         Y         Z
  QMMM:     1        1      C        1.0535   -1.2187   -3.2309
  QMMM:     2        2      C        1.2474   -0.9567   -0.8564
  QMMM:     3        3      C       -0.2762   -0.5697   -0.7980
  QMMM:     4        4      C       -0.9998   -1.1223   -2.0401
  QMMM:     5        5      C        0.3717   -1.2992    1.2180
  QMMM:     6        6      N       13.2532   -4.4110    3.9540
  QMMM:     7        7      C       14.4714   -4.7516    4.5792
  QMMM:     8        8      C       15.1386   -5.9677    4.7646
  QMMM:     9        9      C       16.3529   -5.9332    5.4347
  QMMM:    10       10      C       16.9115   -4.7287    5.9239
  QMMM:    11       11      C       18.2215   -4.7786    6.6344
  QMMM:    12       12      C       18.2605   -8.4942    5.7741
  QMMM:    13       13      C       17.6374   -3.6602    8.8151
  QMMM:    14       14      C       18.0639   -4.9357    8.1369
  QMMM:    15       15      C       16.2643   -3.5062    5.7447
  QMMM:    16       16      C       15.0395   -3.5184    5.0706
  QMMM:    17       17      N       14.1407   -2.4895    4.7185
  QMMM:    18       18      C       13.0720   -3.0469    4.0517
  QMMM:    19       19      C       10.7084   -3.0799    3.2766
  QMMM:    20       20      C        9.5272   -2.7614    3.8195
  QMMM:    21       21      C        6.3474   -2.6680    4.8297
  QMMM:    22       22      C        8.3024   -3.5748    3.6152
  QMMM:    23       23      C        7.0434   -2.7413    3.6784
  QMMM:    24       24      N        6.7058   -2.0461    2.5016
  QMMM:    25       25      C        1.2318   -3.1365    5.9562
  QMMM:    26       26      C        2.4570   -2.4565    6.5108
  QMMM:    27       27      C        0.7888   -2.5162    4.6558
  QMMM:    28       28      C        4.2760   -2.2418    2.6107
  QMMM:    29       29      O        3.0160   -1.8797    2.1016
  QMMM:    30       30      C       12.2210    0.6494    6.4755
  QMMM:    31       31      O       12.8961    0.0118    5.6596
  QMMM:    32       32      C       10.7513    0.8937    6.2719
  QMMM:    33       33      O       10.2698    0.2771    5.0947
  QMMM:    34       34      C        2.9232   -1.5823    0.8087
  QMMM:    35       35      N        1.6070   -1.2852    0.4528
  QMMM:    36       36      N       -0.7026   -0.9643    0.5472
  QMMM:    37       37      N        1.8652   -1.0295   -2.0305
  QMMM:    38       38      N       -0.2552   -1.2884   -3.1831
  QMMM:    39       39      N       -2.3133   -1.3366   -1.9826
  QMMM:    40       40      H        2.8510   -1.2108   -2.1099
  QMMM:    41       41      H        0.4058   -1.5939    2.2893
  QMMM:    42       42      H       16.9233   -6.8862    5.5877
  QMMM:    43       43      H       18.8142   -5.6510    6.2411
  QMMM:    44       44      H       19.3125   -8.3618    6.0631
  QMMM:    45       45      H       17.9992   -9.5481    5.6061
  QMMM:    46       46      H       17.5160   -3.8301    9.9126
  QMMM:    47       47      H       18.8076   -3.8458    6.4157
  QMMM:    48       48      H       18.4003   -2.8578    8.6662
  QMMM:    49       49      H       19.0511   -5.2648    8.5600
  QMMM:    50       50      H       16.6631   -3.2996    8.4040
  QMMM:    51       51      H       17.3223   -5.7491    8.3533
  QMMM:    52       52      H       16.7004   -2.5672    6.1191
  QMMM:    53       53      H       15.7408   -0.3335    5.9721
  QMMM:    54       54      H       15.2740    0.1581    5.9599
  QMMM:    55       55      H       10.8131   -3.9409    2.5965
  QMMM:    56       56      H        6.6688   -3.2258    5.7186
  QMMM:    57       57      H        9.4162   -1.8770    4.4772
  QMMM:    58       58      H        8.3524   -4.1398    2.6444
  QMMM:    59       59      H        5.4458   -2.0569    4.9630
  QMMM:    60       60      H        8.2543   -4.3463    4.4359
  QMMM:    61       61      H        1.4458   -4.2267    5.7973
  QMMM:    62       62      H        3.3092   -2.5277    5.7904
  QMMM:    63       63      H        0.3970   -3.0713    6.7040
  QMMM:    64       64      H        2.7657   -2.9369    7.4707
  QMMM:    65       65      H        2.2543   -1.3758    6.7070
  QMMM:    66       66      H        0.5117   -1.4446    4.8079
  QMMM:    67       67      H       -0.0991   -3.0591    4.2502
  QMMM:    68       68      H        4.1070   -2.8415    3.5155
  QMMM:    69       69      H        5.3985   -1.2314    1.0975
  QMMM:    70       70      H       14.2357   -1.5217    4.9569
  QMMM:    71       71      H       10.1681    0.4184    7.1099
  QMMM:    72       72      H       10.6684    0.7411    4.3472
  QMMM:    73       73      H       10.5500    1.9996    6.2620
  QMMM:    74       74      H       -0.3530    0.5656   -0.8752
  QMMM:    75       75      H       -2.8202   -1.2117   -1.1293
  QMMM:    76       76      H       12.6193   -5.0445    3.5286
  QMMM:    77       77      H        1.6147   -2.5636    3.9018
  QMMM:    78       78      H       -2.8249   -1.6242   -2.7976
  QMMM:    79       79      C        5.4329   -1.8228    2.0391
  QMMM:    80       80      C       11.9269   -2.2622    3.4891
  QMMM:    81       81      H       14.7209   -6.9140    4.3914
  QMMM:    82       82      H       12.2687   -1.8341    2.5014
  QMMM:    83       83      H       11.7129   -1.3911    4.1811
  QMMM:    84       84      H       12.6651    1.0739    7.4026
  QMMM:    85       85      H        7.4472   -1.8976    1.8535

           --------- Calculation Completed ----------

