            --------------------------------------------------------
                             AMBER SQM VERSION 14
 
                                     By
              Ross C. Walker, Michael F. Crowley, Scott Brozell,
                         Tim Giese, Andreas W. Goetz,
                        Tai-Sung Lee and David A. Case
 
            --------------------------------------------------------
 

--------------------------------------------------------------------------------
  QM CALCULATION INFO
--------------------------------------------------------------------------------

| QMMM: Citation for AMBER QMMM Run:
| QMMM: R.C. Walker, M.F. Crowley and D.A. Case, J. COMP. CHEM. 29:1019, 2008

QMMM: SINGLET STATE CALCULATION
QMMM: RHF CALCULATION, NO. OF DOUBLY OCCUPIED LEVELS = 47

| QMMM: *** Selected Hamiltonian *** 
| QMMM: AM1         

| QMMM: *** Parameter sets in use ***
| QMMM: C : M.J.S.DEWAR et al. JACS, 107, 3902, (1985)
| QMMM: O : M.J.S.DEWAR et al. JACS, 107, 3902, (1985)
| QMMM: N : M.J.S.DEWAR et al. JACS, 107, 3902, (1985)
| QMMM: H : M.J.S.DEWAR et al. JACS, 107, 3902, (1985)

| QMMM: *** SCF convergence criteria ***
| QMMM: Energy change                :  0.1D-09 kcal/mol
| QMMM: Error matrix |FP-PF|         :  0.1D+00 au
| QMMM: Density matrix change        :  0.5D-06
| QMMM: Maximum number of SCF cycles :     1000

| QMMM: *** Diagonalization Routine Information ***
| QMMM: Pseudo diagonalizations are allowed.
| QMMM: Auto diagonalization routine selection is in use.
| QMMM:
| QMMM: Timing diagonalization routines:
| QMMM:                              norbs =       80
| QMMM:    diag iterations used for timing =       15
| QMMM:
| QMMM:              Internal diag routine = 0.019044 seconds
| QMMM:                 Dspev diag routine = 0.028734 seconds
| QMMM:                Dspevd diag routine = 0.021176 seconds
| QMMM:                Dspevx diag routine = 0.080126 seconds
| QMMM:                 Dsyev diag routine = 0.031410 seconds
| QMMM:                Dsyevd diag routine = 0.025248 seconds
| QMMM:                Dsyevr diag routine = 0.024543 seconds
| QMMM:
| QMMM:                Pseudo diag routine = 0.007398 seconds
| QMMM:
| QMMM: Using internal diagonalization routine (diag_routine=1).

  QMMM: QM Region Cartesian Coordinates (*=link atom) 
  QMMM: QM_NO.   MM_NO.  ATOM         X         Y         Z
  QMMM:     1        1      C        0.0350    0.0990   -0.0120
  QMMM:     2        2      C        1.5270    0.2300    0.1000
  QMMM:     3        3      O        2.1700   -0.2770   -1.0500
  QMMM:     4        4      C        2.0290   -0.6220    1.2890
  QMMM:     5        5      C       -2.1160   -0.2260    0.6110
  QMMM:     6        6      O        3.3650   -0.2430    1.5560
  QMMM:     7        7      C        1.2320   -0.3200    2.5710
  QMMM:     8        8      N       -0.7880   -0.1860    1.0620
  QMMM:     9        9      O        1.6260   -1.3100    3.5010
  QMMM:    10       10      C       -0.3140   -0.4300    2.4050
  QMMM:    11       11      C       -0.9910    0.5200    3.4260
  QMMM:    12       12      O       -0.4720    0.1430    4.6900
  QMMM:    13       13      N       -0.7590    0.2260   -1.1260
  QMMM:    14       14      C       -2.0990    0.0340   -0.7710
  QMMM:    15       15      C       -3.2600    0.1390   -1.8080
  QMMM:    16       16      O       -4.3950   -0.0400   -1.3290
  QMMM:    17       17      O       -2.8840    0.3950   -2.9720
  QMMM:    18       18      H        1.7870    1.3150    0.2690
  QMMM:    19       19      H       -0.4580    0.3900   -2.0620
  QMMM:    20       20      H        2.1900    0.4260   -1.7120
  QMMM:    21       21      H        1.9590   -1.7150    1.0350
  QMMM:    22       22      H        3.9170   -0.7010    0.9080
  QMMM:    23       23      H        1.4980    0.7080    2.9420
  QMMM:    24       24      H       -2.9680   -0.4380    1.2610
  QMMM:    25       25      H       -0.6060   -1.4930    2.6760
  QMMM:    26       26      H        1.3780   -0.9910    4.3810
  QMMM:    27       27      H       -0.7280    1.5910    3.2170
  QMMM:    28       28      H       -2.1060    0.3930    3.3970
  QMMM:    29       29      H       -1.0430    0.5400    5.3590

--------------------------------------------------------------------------------
  RESULTS
--------------------------------------------------------------------------------

      iter         sqm energy              rms gradient
      ----    -------------------    -----------------------
xmin    10     -187.5488 kcal/mol        0.0008 kcal/(mol*A)
  ... geometry converged !
 
 Final MO eigenvalues (eV):
 -43.8980  -41.1431  -40.3089  -38.9191  -37.9109  -37.6260  -36.5574  -34.0858
 -33.4426  -31.7740  -30.1754  -27.7022  -25.3565  -24.8320  -23.9551  -21.7248
 -21.2327  -20.4576  -20.0039  -19.5628  -19.5158  -18.6594  -18.0140  -17.6117
 -17.3411  -17.1559  -16.8030  -16.4235  -16.0785  -15.9627  -15.4278  -15.1681
 -14.9931  -14.6568  -14.4372  -14.2674  -13.9111  -13.3367  -13.0068  -12.6759
 -12.4318  -12.2496  -12.1463  -10.3300   -9.5238   -9.2614   -9.1289   -1.1808
  -0.3675    0.1971    0.6864    1.3547    1.4987    1.5661    1.8728    2.0773
   2.2498    2.3506    2.5081    2.6351    2.7323    2.8282    2.8899    3.0600
   3.0942    3.2074    3.2415    3.3904    3.5276    3.9243    3.9770    4.4798
   4.5525    4.7459    4.8017    5.0069    5.1765    5.3999    7.8008    9.3012


 Heat of formation   =       -187.54876769 kcal/mol  (       -8.13272485 eV)

 Total SCF energy    =     -84235.96614012 kcal/mol  (    -3652.74559387 eV)
 Electronic energy   =    -478693.17655193 kcal/mol  (   -20757.69379263 eV)
 Core-core repulsion =     394457.21041181 kcal/mol  (    17104.94819877 eV)
 
    Atomic Charges for Step       1 :
  Atom    Element       Mulliken Charge
     1      C                 -0.031
     2      C                  0.058
     3      O                 -0.302
     4      C                  0.038
     5      C                 -0.135
     6      O                 -0.305
     7      C                  0.042
     8      N                 -0.084
     9      O                 -0.304
    10      C                 -0.030
    11      C                 -0.032
    12      O                 -0.343
    13      N                 -0.100
    14      C                 -0.057
    15      C                  0.405
    16      O                 -0.462
    17      O                 -0.501
    18      H                  0.127
    19      H                  0.308
    20      H                  0.221
    21      H                  0.129
    22      H                  0.225
    23      H                  0.113
    24      H                  0.222
    25      H                  0.154
    26      H                  0.234
    27      H                  0.088
    28      H                  0.092
    29      H                  0.229
 Total Mulliken Charge =      -0.000
 
                  X        Y        Z     TOTAL  
  QM DIPOLE     9.124    1.829    8.578   12.656
 
 Final Structure

  QMMM: QM Region Cartesian Coordinates (*=link atom) 
  QMMM: QM_NO.   MM_NO.  ATOM         X         Y         Z
  QMMM:     1        1      C        0.0350    0.0987   -0.0120
  QMMM:     2        2      C        1.5268    0.2301    0.1002
  QMMM:     3        3      O        2.1701   -0.2772   -1.0497
  QMMM:     4        4      C        2.0290   -0.6220    1.2890
  QMMM:     5        5      C       -2.1164   -0.2262    0.6108
  QMMM:     6        6      O        3.3653   -0.2433    1.5564
  QMMM:     7        7      C        1.2317   -0.3201    2.5708
  QMMM:     8        8      N       -0.7876   -0.1857    1.0618
  QMMM:     9        9      O        1.6258   -1.3097    3.5007
  QMMM:    10       10      C       -0.3142   -0.4297    2.4050
  QMMM:    11       11      C       -0.9910    0.5198    3.4260
  QMMM:    12       12      O       -0.4721    0.1428    4.6898
  QMMM:    13       13      N       -0.7588    0.2257   -1.1260
  QMMM:    14       14      C       -2.0988    0.0337   -0.7715
  QMMM:    15       15      C       -3.2601    0.1390   -1.8075
  QMMM:    16       16      O       -4.3949   -0.0399   -1.3288
  QMMM:    17       17      O       -2.8843    0.3952   -2.9721
  QMMM:    18       18      H        1.7870    1.3147    0.2692
  QMMM:    19       19      H       -0.4584    0.3901   -2.0623
  QMMM:    20       20      H        2.1897    0.4263   -1.7119
  QMMM:    21       21      H        1.9589   -1.7150    1.0349
  QMMM:    22       22      H        3.9175   -0.7009    0.9082
  QMMM:    23       23      H        1.4980    0.7082    2.9422
  QMMM:    24       24      H       -2.9676   -0.4379    1.2610
  QMMM:    25       25      H       -0.6062   -1.4933    2.6756
  QMMM:    26       26      H        1.3781   -0.9907    4.3808
  QMMM:    27       27      H       -0.7281    1.5911    3.2171
  QMMM:    28       28      H       -2.1056    0.3932    3.3971
  QMMM:    29       29      H       -1.0429    0.5400    5.3590

           --------- Calculation Completed ----------

