            --------------------------------------------------------
                             AMBER SQM VERSION 14
 
                                     By
              Ross C. Walker, Michael F. Crowley, Scott Brozell,
                         Tim Giese, Andreas W. Goetz,
                        Tai-Sung Lee and David A. Case
 
            --------------------------------------------------------
 

--------------------------------------------------------------------------------
  QM CALCULATION INFO
--------------------------------------------------------------------------------

| QMMM: Citation for AMBER QMMM Run:
| QMMM: R.C. Walker, M.F. Crowley and D.A. Case, J. COMP. CHEM. 29:1019, 2008

QMMM: SINGLET STATE CALCULATION
QMMM: RHF CALCULATION, NO. OF DOUBLY OCCUPIED LEVELS = 86

| QMMM: *** Selected Hamiltonian *** 
| QMMM: AM1         

| QMMM: *** Parameter sets in use ***
| QMMM: F : M.J.S.DEWAR et al. THEOCHEM, 180, 1, (1988)
| QMMM: C : M.J.S.DEWAR et al. JACS, 107, 3902, (1985)
| QMMM: O : M.J.S.DEWAR et al. JACS, 107, 3902, (1985)
| QMMM: N : M.J.S.DEWAR et al. JACS, 107, 3902, (1985)
| QMMM: H : M.J.S.DEWAR et al. JACS, 107, 3902, (1985)

| QMMM: *** SCF convergence criteria ***
| QMMM: Energy change                :  0.1D-09 kcal/mol
| QMMM: Error matrix |FP-PF|         :  0.1D+00 au
| QMMM: Density matrix change        :  0.5D-06
| QMMM: Maximum number of SCF cycles :     1000

| QMMM: *** Diagonalization Routine Information ***
| QMMM: Pseudo diagonalizations are allowed.
| QMMM: Auto diagonalization routine selection is in use.
| QMMM:
| QMMM: Timing diagonalization routines:
| QMMM:                              norbs =      157
| QMMM:    diag iterations used for timing =        5
| QMMM:
| QMMM:              Internal diag routine = 0.041720 seconds
| QMMM:                 Dspev diag routine = 0.061984 seconds
| QMMM:                Dspevd diag routine = 0.038833 seconds
| QMMM:                Dspevx diag routine = 0.142160 seconds
| QMMM:                 Dsyev diag routine = 0.066274 seconds
| QMMM:                Dsyevd diag routine = 0.044641 seconds
| QMMM:                Dsyevr diag routine = 0.042902 seconds
| QMMM:
| QMMM:                Pseudo diag routine = 0.022143 seconds
| QMMM:
| QMMM: Using dspevd routine (diag_routine=3).

  QMMM: QM Region Cartesian Coordinates (*=link atom) 
  QMMM: QM_NO.   MM_NO.  ATOM         X         Y         Z
  QMMM:     1        1      F       -0.0570    1.1420    0.7670
  QMMM:     2        2      C        1.3140    1.0980    0.7110
  QMMM:     3        3      F        1.7160    1.4580    1.9750
  QMMM:     4        4      F        1.6070   -0.2420    0.6350
  QMMM:     5        5      C        1.9300    1.9340   -0.4050
  QMMM:     6        6      C        1.2090    2.1630   -1.5770
  QMMM:     7        7      C        3.2200    2.4480   -0.2500
  QMMM:     8        8      C        3.7920    3.1940   -1.2790
  QMMM:     9        9      C        3.0780    3.4360   -2.4530
  QMMM:    10       10      C        1.7850    2.9260   -2.5990
  QMMM:    11       11      C        0.9910    3.1360   -3.8500
  QMMM:    12       12      O        0.3480    2.2010   -4.3600
  QMMM:    13       13      N        1.0250    4.4190   -4.3750
  QMMM:    14       14      C        0.3420    4.8880   -5.5110
  QMMM:    15       15      C        0.3060    6.2810   -5.7440
  QMMM:    16       16      C       -0.2900    4.0350   -6.4390
  QMMM:    17       17      C       -0.9280    4.5730   -7.5500
  QMMM:    18       18      C       -0.9690    5.9520   -7.7830
  QMMM:    19       19      C       -1.6640    6.4570   -8.9900
  QMMM:    20       20      C       -0.3440    6.8110   -6.8630
  QMMM:    21       21      C       -0.3440    8.2670   -7.0330
  QMMM:    22       22      C       -1.5160    8.9740   -7.2170
  QMMM:    23       23      C        0.8930    8.9690   -6.9820
  QMMM:    24       24      C        0.9520   10.3320   -7.1180
  QMMM:    25       25      C       -0.2480   11.0900   -7.3090
  QMMM:    26       26      N       -0.1960   12.4580   -7.4360
  QMMM:    27       27      C       -1.4860   10.3780   -7.3530
  QMMM:    28       28      C       -2.6660   11.1760   -7.5320
  QMMM:    29       29      N       -2.6520   12.4850   -7.6660
  QMMM:    30       30      C       -1.3780   13.1100   -7.6340
  QMMM:    31       31      N       -1.3130   14.4930   -7.9070
  QMMM:    32       32      C       -2.4460   15.3190   -7.6450
  QMMM:    33       33      C       -2.2780   16.8190   -7.5030
  QMMM:    34       34      C       -2.6910   16.0060   -6.3120
  QMMM:    35       35      H        0.1970    1.7420   -1.7070
  QMMM:    36       36      H        3.7770    2.2620    0.6830
  QMMM:    37       37      H        4.8120    3.5920   -1.1650
  QMMM:    38       38      H        3.5490    4.0130   -3.2650
  QMMM:    39       39      H        1.4950    5.1160   -3.8390
  QMMM:    40       40      H        0.7880    6.9790   -5.0400
  QMMM:    41       41      H       -0.2870    2.9420   -6.2950
  QMMM:    42       42      H       -1.4130    3.8920   -8.2670
  QMMM:    43       43      H       -1.5710    5.7290   -9.8340
  QMMM:    44       44      H       -1.2420    7.4380   -9.3210
  QMMM:    45       45      H       -2.7530    6.6000   -8.7730
  QMMM:    46       46      H       -2.4850    8.4520   -7.2580
  QMMM:    47       47      H        1.8180    8.3870   -6.8380
  QMMM:    48       48      H        1.9180   10.8600   -7.0840
  QMMM:    49       49      H       -3.6590   10.6870   -7.5580
  QMMM:    50       50      H       -0.4320   14.9140   -7.6820
  QMMM:    51       51      H       -3.3410   14.9540   -8.2000
  QMMM:    52       52      H       -1.2680   17.2660   -7.5190
  QMMM:    53       53      H       -3.0200   17.4670   -8.0030
  QMMM:    54       54      H       -3.7300   16.0690   -5.9440
  QMMM:    55       55      H       -1.9710   15.8730   -5.4860

--------------------------------------------------------------------------------
  RESULTS
--------------------------------------------------------------------------------

  ... geometry converged !
 
 Final MO eigenvalues (eV):
 -52.0539  -48.7143  -48.6397  -41.3680  -41.1109  -40.2815  -39.4771  -38.9570
 -37.6369  -36.0692  -34.8469  -34.1640  -33.5969  -32.8157  -32.2901  -32.0817
 -31.6046  -29.2730  -27.6141  -27.1663  -25.4535  -25.2284  -24.9448  -23.6655
 -23.5244  -23.3984  -23.2716  -22.5502  -22.3497  -21.2315  -19.9486  -19.5177
 -19.5003  -19.4119  -18.9142  -18.4359  -18.0736  -17.8016  -17.4286  -16.8395
 -16.7298  -16.5816  -16.4591  -16.2086  -15.9362  -15.7255  -15.6607  -15.5110
 -15.4685  -15.3568  -15.3135  -15.1991  -15.0070  -14.7874  -14.6172  -14.5548
 -14.5038  -14.4964  -14.4646  -14.2277  -14.1241  -13.8453  -13.6587  -13.5052
 -13.3581  -13.2848  -13.1458  -12.8461  -12.7922  -12.7366  -12.5263  -12.5014
 -12.3686  -11.9539  -11.8702  -11.7042  -11.4293  -11.1907  -10.8101  -10.6196
 -10.5614  -10.3296   -9.9185   -9.8006   -8.9306   -8.5866   -0.8650   -0.7268
  -0.5513   -0.3874    0.1177    0.3042    0.8662    1.0936    1.3436    1.5363
   1.7153    1.7838    1.9040    2.6261    2.7508    2.7761    2.9171    2.9281
   3.0428    3.1243    3.2298    3.2737    3.2786    3.3532    3.3840    3.4395
   3.4452    3.5298    3.5817    3.6179    3.6807    3.7166    3.8269    3.8601
   3.8839    3.9716    4.0006    4.0524    4.1128    4.1301    4.2471    4.3175
   4.4183    4.4279    4.4436    4.4773    4.5067    4.5509    4.5886    4.6079
   4.6482    4.7636    4.7781    4.7881    4.8392    4.9518    4.9873    5.0612
   5.1162    5.2053    5.2288    5.4107    5.5078    5.5823    5.6667    5.7942
   5.8527    5.9022    6.1124    6.5923    6.9864

 Heat of formation   =        -39.25059947 kcal/mol  (       -1.70203371 eV)

 Total SCF energy    =    -143430.07360445 kcal/mol  (    -6219.59470988 eV)
 Electronic energy   =   -1043802.49064127 kcal/mol  (   -45262.67250515 eV)
 Core-core repulsion =     900372.41703682 kcal/mol  (    39043.07779527 eV)
 
    Atomic Charges for Step       1 :
  Atom    Element       Mulliken Charge
     1      F                 -0.162
     2      C                  0.468
     3      F                 -0.166
     4      F                 -0.160
     5      C                 -0.168
     6      C                 -0.032
     7      C                 -0.062
     8      C                 -0.140
     9      C                 -0.078
    10      C                 -0.131
    11      C                  0.352
    12      O                 -0.335
    13      N                 -0.320
    14      C                  0.068
    15      C                 -0.171
    16      C                 -0.143
    17      C                 -0.109
    18      C                 -0.077
    19      C                 -0.180
    20      C                 -0.013
    21      C                 -0.061
    22      C                 -0.063
    23      C                 -0.089
    24      C                 -0.128
    25      C                  0.068
    26      N                 -0.231
    27      C                 -0.185
    28      C                  0.017
    29      N                 -0.188
    30      C                  0.149
    31      N                 -0.230
    32      C                 -0.043
    33      C                 -0.214
    34      C                 -0.243
    35      H                  0.174
    36      H                  0.157
    37      H                  0.149
    38      H                  0.146
    39      H                  0.232
    40      H                  0.133
    41      H                  0.173
    42      H                  0.138
    43      H                  0.085
    44      H                  0.092
    45      H                  0.082
    46      H                  0.141
    47      H                  0.139
    48      H                  0.153
    49      H                  0.165
    50      H                  0.219
    51      H                  0.156
    52      H                  0.113
    53      H                  0.119
    54      H                  0.119
    55      H                  0.114
 Total Mulliken Charge =       0.000
 
                  X        Y        Z     TOTAL  
  QM DIPOLE     2.124    3.436    0.220    4.046
 
 Final Structure

  QMMM: QM Region Cartesian Coordinates (*=link atom) 
  QMMM: QM_NO.   MM_NO.  ATOM         X         Y         Z
  QMMM:     1        1      F       -0.0572    1.1422    0.7671
  QMMM:     2        2      C        1.3142    1.0980    0.7109
  QMMM:     3        3      F        1.7156    1.4577    1.9750
  QMMM:     4        4      F        1.6069   -0.2422    0.6354
  QMMM:     5        5      C        1.9302    1.9341   -0.4050
  QMMM:     6        6      C        1.2092    2.1626   -1.5776
  QMMM:     7        7      C        3.2203    2.4481   -0.2498
  QMMM:     8        8      C        3.7925    3.1945   -1.2789
  QMMM:     9        9      C        3.0785    3.4358   -2.4530
  QMMM:    10       10      C        1.7848    2.9265   -2.5992
  QMMM:    11       11      C        0.9907    3.1357   -3.8500
  QMMM:    12       12      O        0.3480    2.2007   -4.3597
  QMMM:    13       13      N        1.0248    4.4194   -4.3747
  QMMM:    14       14      C        0.3417    4.8884   -5.5110
  QMMM:    15       15      C        0.3061    6.2814   -5.7439
  QMMM:    16       16      C       -0.2900    4.0346   -6.4395
  QMMM:    17       17      C       -0.9276    4.5731   -7.5496
  QMMM:    18       18      C       -0.9692    5.9525   -7.7832
  QMMM:    19       19      C       -1.6644    6.4573   -8.9899
  QMMM:    20       20      C       -0.3443    6.8112   -6.8632
  QMMM:    21       21      C       -0.3436    8.2667   -7.0330
  QMMM:    22       22      C       -1.5155    8.9739   -7.2173
  QMMM:    23       23      C        0.8927    8.9686   -6.9825
  QMMM:    24       24      C        0.9524   10.3317   -7.1176
  QMMM:    25       25      C       -0.2484   11.0902   -7.3088
  QMMM:    26       26      N       -0.1960   12.4578   -7.4360
  QMMM:    27       27      C       -1.4859   10.3777   -7.3527
  QMMM:    28       28      C       -2.6657   11.1756   -7.5320
  QMMM:    29       29      N       -2.6519   12.4849   -7.6663
  QMMM:    30       30      C       -1.3782   13.1097   -7.6344
  QMMM:    31       31      N       -1.3135   14.4935   -7.9065
  QMMM:    32       32      C       -2.4456   15.3193   -7.6453
  QMMM:    33       33      C       -2.2785   16.8192   -7.5026
  QMMM:    34       34      C       -2.6909   16.0060   -6.3121
  QMMM:    35       35      H        0.1968    1.7424   -1.7071
  QMMM:    36       36      H        3.7770    2.2619    0.6830
  QMMM:    37       37      H        4.8124    3.5921   -1.1647
  QMMM:    38       38      H        3.5487    4.0126   -3.2650
  QMMM:    39       39      H        1.4951    5.1158   -3.8392
  QMMM:    40       40      H        0.7878    6.9785   -5.0396
  QMMM:    41       41      H       -0.2874    2.9416   -6.2947
  QMMM:    42       42      H       -1.4127    3.8922   -8.2674
  QMMM:    43       43      H       -1.5708    5.7293   -9.8337
  QMMM:    44       44      H       -1.2417    7.4382   -9.3209
  QMMM:    45       45      H       -2.7535    6.5999   -8.7728
  QMMM:    46       46      H       -2.4846    8.4518   -7.2584
  QMMM:    47       47      H        1.8177    8.3872   -6.8383
  QMMM:    48       48      H        1.9179   10.8600   -7.0842
  QMMM:    49       49      H       -3.6589   10.6871   -7.5579
  QMMM:    50       50      H       -0.4325   14.9140   -7.6822
  QMMM:    51       51      H       -3.3409   14.9539   -8.1998
  QMMM:    52       52      H       -1.2681   17.2657   -7.5192
  QMMM:    53       53      H       -3.0197   17.4673   -8.0028
  QMMM:    54       54      H       -3.7299   16.0690   -5.9445
  QMMM:    55       55      H       -1.9710   15.8733   -5.4855

           --------- Calculation Completed ----------

