            --------------------------------------------------------
                             AMBER SQM VERSION 14
 
                                     By
              Ross C. Walker, Michael F. Crowley, Scott Brozell,
                         Tim Giese, Andreas W. Goetz,
                        Tai-Sung Lee and David A. Case
 
            --------------------------------------------------------
 

--------------------------------------------------------------------------------
  QM CALCULATION INFO
--------------------------------------------------------------------------------

| QMMM: Citation for AMBER QMMM Run:
| QMMM: R.C. Walker, M.F. Crowley and D.A. Case, J. COMP. CHEM. 29:1019, 2008

QMMM: SINGLET STATE CALCULATION
QMMM: RHF CALCULATION, NO. OF DOUBLY OCCUPIED LEVELS = 65

| QMMM: *** Selected Hamiltonian *** 
| QMMM: AM1         

| QMMM: *** Parameter sets in use ***
| QMMM: N : M.J.S.DEWAR et al. JACS, 107, 3902, (1985)
| QMMM: C : M.J.S.DEWAR et al. JACS, 107, 3902, (1985)
| QMMM: O : M.J.S.DEWAR et al. JACS, 107, 3902, (1985)
| QMMM: Cl: M.J.S.DEWAR et al. THEOCHEM, 180, 1, (1988)
| QMMM: H : M.J.S.DEWAR et al. JACS, 107, 3902, (1985)

| QMMM: *** SCF convergence criteria ***
| QMMM: Energy change                :  0.1D-09 kcal/mol
| QMMM: Error matrix |FP-PF|         :  0.1D+00 au
| QMMM: Density matrix change        :  0.1D-09
| QMMM: Maximum number of SCF cycles :     1000

| QMMM: *** Diagonalization Routine Information ***
| QMMM: Pseudo diagonalizations are allowed.
| QMMM: Auto diagonalization routine selection is disabled.
| QMMM: Using internal diagonalization routine (diag_routine=1).

  QMMM: QM Region Cartesian Coordinates (*=link atom) 
  QMMM: QM_NO.   MM_NO.  ATOM         X         Y         Z
  QMMM:     1        1      N        0.9520   -0.1640   -0.1840
  QMMM:     2        2      C        3.8470   -2.3220   -1.1090
  QMMM:     3        3      C        2.6710   -1.6960   -0.7380
  QMMM:     4        4      C        1.5000   -2.4470   -0.4790
  QMMM:     5        5      C        0.3950   -1.5160   -0.0610
  QMMM:     6        6      C        2.3810   -0.2250   -0.5530
  QMMM:     7        7      C       -1.2880    0.8880   -0.4330
  QMMM:     8        8      C       -4.0850    0.8650   -0.1510
  QMMM:     9        9      C       -2.1140    1.4860   -1.4110
  QMMM:    10       10      C        3.8340    2.3940    1.8670
  QMMM:    11       11      C        3.8400   -3.7200   -1.2400
  QMMM:    12       12      C        2.6850   -4.4570   -0.9970
  QMMM:    13       13      C        1.4940   -3.8230   -0.6070
  QMMM:    14       14      C        0.1870    0.9190   -0.5900
  QMMM:    15       15      C       -1.8800    0.3270    0.7030
  QMMM:    16       16      C       -3.2630    0.3070    0.8540
  QMMM:    17       17      C       -3.5130    1.4570   -1.2810
  QMMM:    18       18      O       -1.6560    2.0930   -2.5440
  QMMM:    19       19      O       -5.4530    0.8780   -0.0970
  QMMM:    20       20      Cl      -3.9430   -0.3860    2.2510
  QMMM:    21       21      O        0.7600    1.9400   -1.0440
  QMMM:    22       22      C        3.3300    0.4210    0.4810
  QMMM:    23       23      N        2.9630    1.6390    1.0040
  QMMM:    24       24      C        4.4240    3.6470    1.2370
  QMMM:    25       25      O        4.3930   -0.1470    0.7970
  QMMM:    26       26      H        4.7690   -1.7430   -1.2660
  QMMM:    27       27      H        0.1180   -1.7010    1.0150
  QMMM:    28       28      H       -0.5230   -1.6380   -0.6990
  QMMM:    29       29      H        2.5500    0.3370   -1.5220
  QMMM:    30       30      H        3.2310    2.6950    2.7730
  QMMM:    31       31      H        4.6730    1.7240    2.2140
  QMMM:    32       32      H        4.7670   -4.2360   -1.5320
  QMMM:    33       33      H        2.7000   -5.5510   -1.1060
  QMMM:    34       34      H        0.5890   -4.4120   -0.4080
  QMMM:    35       35      H       -1.2440   -0.0950    1.5020
  QMMM:    36       36      H       -4.1500    1.9060   -2.0570
  QMMM:    37       37      H       -0.6970    2.2450   -2.4720
  QMMM:    38       38      H       -5.7350    0.4660    0.7360
  QMMM:    39       39      H        2.2150    2.1420    0.5790
  QMMM:    40       40      H        5.0790    3.3900    0.3700
  QMMM:    41       41      H        3.6230    4.3390    0.8830
  QMMM:    42       42      H        5.0400    4.1770    2.0020

--------------------------------------------------------------------------------
  RESULTS
--------------------------------------------------------------------------------

      iter         sqm energy              rms gradient
      ----    -------------------    -----------------------
xmin    10     -101.3087 kcal/mol        0.0002 kcal/(mol*A)
xmin    10     -101.3087 kcal/mol        0.0001 kcal/(mol*A)
  ... geometry converged !
 
 Final MO eigenvalues (eV):
 -42.0851  -41.1880  -39.8901  -39.2259  -38.8130  -38.1893  -37.0526  -36.7233
 -35.8031  -32.8885  -32.3537  -31.4520  -31.1628  -30.5609  -28.9614  -26.6898
 -24.9076  -24.3940  -24.1466  -22.6641  -22.3377  -21.8671  -20.8961  -20.2541
 -19.3427  -18.7312  -18.3353  -17.8371  -17.3482  -17.0523  -16.6993  -16.5353
 -16.3082  -16.2119  -16.0698  -15.6460  -15.4351  -15.2449  -15.1738  -15.0404
 -14.6837  -14.6474  -14.5864  -14.4279  -14.2710  -14.0565  -13.8697  -13.8343
 -13.3838  -13.1329  -13.0535  -12.7446  -12.5387  -12.4872  -12.1262  -12.0543
 -11.8349  -11.5717  -11.1417  -10.3907  -10.0527   -9.8819   -9.8721   -9.5658
  -9.4756   -0.6539   -0.3107    0.0608    0.2622    0.6538    0.7851    1.1259
   1.6577    2.0096    2.1141    2.1761    2.5914    2.7034    2.8357    2.9344
   3.0531    3.2823    3.5076    3.5371    3.6266    3.6691    3.7771    3.8570
   3.8802    3.9322    3.9570    4.1343    4.2162    4.2244    4.2485    4.3218
   4.3378    4.3749    4.4553    4.5417    4.6843    4.7114    4.8003    4.8190
   4.8892    5.0223    5.2029    5.2996    5.4106    5.5389    5.5777    5.6483
   5.7803    5.9268    6.2162    6.4485    7.1591

 Heat of formation   =       -101.30873838 kcal/mol  (       -4.39307655 eV)

 Total SCF energy    =    -106251.50631081 kcal/mol  (    -4607.41105376 eV)
 Electronic energy   =    -750277.33860101 kcal/mol  (   -32534.46678813 eV)
 Core-core repulsion =     644025.83229019 kcal/mol  (    27927.05573437 eV)
 
    Atomic Charges for Step       1 :
  Atom    Element       Mulliken Charge
     1      N                 -0.299
     2      C                 -0.072
     3      C                 -0.085
     4      C                 -0.103
     5      C                  0.006
     6      C                  0.038
     7      C                 -0.241
     8      C                  0.152
     9      C                  0.184
    10      C                 -0.034
    11      C                 -0.127
    12      C                 -0.121
    13      C                 -0.109
    14      C                  0.356
    15      C                 -0.017
    16      C                 -0.200
    17      C                 -0.205
    18      O                 -0.246
    19      O                 -0.234
    20      Cl                -0.006
    21      O                 -0.407
    22      C                  0.304
    23      N                 -0.362
    24      C                 -0.239
    25      O                 -0.370
    26      H                  0.156
    27      H                  0.108
    28      H                  0.107
    29      H                  0.135
    30      H                  0.080
    31      H                  0.119
    32      H                  0.137
    33      H                  0.135
    34      H                  0.138
    35      H                  0.161
    36      H                  0.180
    37      H                  0.258
    38      H                  0.236
    39      H                  0.241
    40      H                  0.084
    41      H                  0.077
    42      H                  0.083
 Total Mulliken Charge =      -0.000
 
                  X        Y        Z     TOTAL  
  QM DIPOLE    -1.858   -1.503    0.236    2.401
 
 Final Structure

  QMMM: QM Region Cartesian Coordinates (*=link atom) 
  QMMM: QM_NO.   MM_NO.  ATOM         X         Y         Z
  QMMM:     1        1      N        0.9518   -0.1643   -0.1836
  QMMM:     2        2      C        3.8471   -2.3224   -1.1091
  QMMM:     3        3      C        2.6715   -1.6961   -0.7384
  QMMM:     4        4      C        1.4995   -2.4473   -0.4793
  QMMM:     5        5      C        0.3948   -1.5164   -0.0610
  QMMM:     6        6      C        2.3807   -0.2248   -0.5527
  QMMM:     7        7      C       -1.2878    0.8881   -0.4329
  QMMM:     8        8      C       -4.0854    0.8651   -0.1506
  QMMM:     9        9      C       -2.1144    1.4856   -1.4111
  QMMM:    10       10      C        3.8339    2.3937    1.8670
  QMMM:    11       11      C        3.8402   -3.7199   -1.2397
  QMMM:    12       12      C        2.6845   -4.4565   -0.9973
  QMMM:    13       13      C        1.4944   -3.8231   -0.6074
  QMMM:    14       14      C        0.1873    0.9188   -0.5896
  QMMM:    15       15      C       -1.8797    0.3265    0.7033
  QMMM:    16       16      C       -3.2630    0.3072    0.8539
  QMMM:    17       17      C       -3.5133    1.4574   -1.2808
  QMMM:    18       18      O       -1.6557    2.0933   -2.5443
  QMMM:    19       19      O       -5.4527    0.8778   -0.0972
  QMMM:    20       20      Cl      -3.9427   -0.3858    2.2507
  QMMM:    21       21      O        0.7598    1.9399   -1.0444
  QMMM:    22       22      C        3.3298    0.4213    0.4810
  QMMM:    23       23      N        2.9626    1.6394    1.0044
  QMMM:    24       24      C        4.4244    3.6467    1.2369
  QMMM:    25       25      O        4.3934   -0.1467    0.7972
  QMMM:    26       26      H        4.7692   -1.7432   -1.2657
  QMMM:    27       27      H        0.1175   -1.7012    1.0150
  QMMM:    28       28      H       -0.5228   -1.6381   -0.6989
  QMMM:    29       29      H        2.5498    0.3371   -1.5222
  QMMM:    30       30      H        3.2312    2.6952    2.7730
  QMMM:    31       31      H        4.6728    1.7238    2.2141
  QMMM:    32       32      H        4.7672   -4.2355   -1.5323
  QMMM:    33       33      H        2.6998   -5.5513   -1.1057
  QMMM:    34       34      H        0.5887   -4.4120   -0.4079
  QMMM:    35       35      H       -1.2446   -0.0944    1.5016
  QMMM:    36       36      H       -4.1500    1.9059   -2.0572
  QMMM:    37       37      H       -0.6968    2.2448   -2.4720
  QMMM:    38       38      H       -5.7351    0.4658    0.7363
  QMMM:    39       39      H        2.2153    2.1415    0.5788
  QMMM:    40       40      H        5.0787    3.3904    0.3697
  QMMM:    41       41      H        3.6233    4.3392    0.8833
  QMMM:    42       42      H        5.0403    4.1774    2.0020

           --------- Calculation Completed ----------

