            --------------------------------------------------------
                             AMBER SQM VERSION 14
 
                                     By
              Ross C. Walker, Michael F. Crowley, Scott Brozell,
                         Tim Giese, Andreas W. Goetz,
                        Tai-Sung Lee and David A. Case
 
            --------------------------------------------------------
 

--------------------------------------------------------------------------------
  QM CALCULATION INFO
--------------------------------------------------------------------------------

| QMMM: Citation for AMBER QMMM Run:
| QMMM: R.C. Walker, M.F. Crowley and D.A. Case, J. COMP. CHEM. 29:1019, 2008

QMMM: SINGLET STATE CALCULATION
QMMM: RHF CALCULATION, NO. OF DOUBLY OCCUPIED LEVELS = 77

| QMMM: *** Selected Hamiltonian *** 
| QMMM: AM1         

| QMMM: *** Parameter sets in use ***
| QMMM: N : M.J.S.DEWAR et al. JACS, 107, 3902, (1985)
| QMMM: C : M.J.S.DEWAR et al. JACS, 107, 3902, (1985)
| QMMM: H : M.J.S.DEWAR et al. JACS, 107, 3902, (1985)
| QMMM: O : M.J.S.DEWAR et al. JACS, 107, 3902, (1985)

| QMMM: *** SCF convergence criteria ***
| QMMM: Energy change                :  0.1D-09 kcal/mol
| QMMM: Error matrix |FP-PF|         :  0.1D+00 au
| QMMM: Density matrix change        :  0.5D-06
| QMMM: Maximum number of SCF cycles :     1000

| QMMM: *** Diagonalization Routine Information ***
| QMMM: Pseudo diagonalizations are allowed.
| QMMM: Auto diagonalization routine selection is in use.
| QMMM:
| QMMM: Timing diagonalization routines:
| QMMM:                              norbs =      146
| QMMM:    diag iterations used for timing =       10
| QMMM:
| QMMM:              Internal diag routine = 0.163950 seconds
| QMMM:                 Dspev diag routine = 0.209375 seconds
| QMMM:                Dspevd diag routine = 0.143917 seconds
| QMMM:                Dspevx diag routine = 0.513761 seconds
| QMMM:                 Dsyev diag routine = 0.228106 seconds
| QMMM:                Dsyevd diag routine = 0.167433 seconds
| QMMM:                Dsyevr diag routine = 0.166021 seconds
| QMMM:
| QMMM:                Pseudo diag routine = 0.089083 seconds
| QMMM:
| QMMM: Using dspevd routine (diag_routine=3).

  QMMM: QM Region Cartesian Coordinates (*=link atom) 
  QMMM: QM_NO.   MM_NO.  ATOM         X         Y         Z
  QMMM:     1        1      N       -0.4740   -0.9540   -0.7740
  QMMM:     2        2      C        0.8240   -0.6520   -0.6890
  QMMM:     3        3      N        1.4130   -0.1140    0.4550
  QMMM:     4        4      C        0.6230    0.1170    1.5550
  QMMM:     5        5      C       -0.7840   -0.2170    1.5200
  QMMM:     6        6      C       -1.3180   -0.7570    0.2950
  QMMM:     7        7      C       -7.0040    2.8550    7.9200
  QMMM:     8        8      N       -2.6440   -1.0720    0.2180
  QMMM:     9        9      C       -2.3790    2.1980    7.1830
  QMMM:    10       10      C       -3.1220   -1.4510    3.5270
  QMMM:    11       11      C       -2.6270    2.3210    5.7590
  QMMM:    12       12      C       -2.9000   -1.5720    4.9530
  QMMM:    13       13      C       -2.0980   -0.2720    6.9860
  QMMM:    14       14      C       -3.4210    0.9860    3.7630
  QMMM:    15       15      C       -5.5940    2.9850    8.1430
  QMMM:    16       16      C        5.0510    2.2750    6.1860
  QMMM:    17       17      C        1.2690    2.4090    8.1200
  QMMM:    18       18      C        5.6940    2.2690    5.0430
  QMMM:    19       19      C        1.1660    1.3010    7.3970
  QMMM:    20       20      N       -0.2650    0.6290    3.5950
  QMMM:    21       21      N        4.5870    2.3000    7.3310
  QMMM:    22       22      C       -2.8630    0.7720    7.4320
  QMMM:    23       23      C       -2.6550   -0.0220    3.2720
  QMMM:    24       24      C       -1.2750    0.1330    2.8430
  QMMM:    25       25      C       -2.5820   -1.1960    6.0570
  QMMM:    26       26      C       -2.9410    1.9610    4.6500
  QMMM:    27       27      C        3.1190    1.5950    2.6340
  QMMM:    28       28      N        0.8750    0.6260    2.8460
  QMMM:    29       29      H        2.3880    0.0750    0.4670
  QMMM:    30       30      H       -7.3720    2.0050    8.5640
  QMMM:    31       31      H       -7.1580    2.5240    6.8530
  QMMM:    32       32      H       -7.6390    3.7560    8.1130
  QMMM:    33       33      H       -3.2330   -0.8840    0.9910
  QMMM:    34       34      H       -3.0320   -1.4210   -0.6240
  QMMM:    35       35      H       -2.9620    2.9450    7.7840
  QMMM:    36       36      H       -4.2050   -1.5830    3.2670
  QMMM:    37       37      H       -1.2860    2.3020    7.4220
  QMMM:    38       38      H       -2.5170   -2.1920    2.9430
  QMMM:    39       39      H       -0.9970   -0.1920    7.0510
  QMMM:    40       40      H       -4.5230    0.8640    3.7890
  QMMM:    41       41      H       -4.6230    1.4670    7.8540
  QMMM:    42       42      H       -5.2060    3.9460    8.5080
  QMMM:    43       43      H        1.5860    2.4060    9.1720
  QMMM:    44       44      H        2.6510    3.2240    5.1810
  QMMM:    45       45      H        3.5980    2.2050    7.4660
  QMMM:    46       46      H        2.2150    3.2330    5.7010
  QMMM:    47       47      H        5.8920    3.1960    4.4920
  QMMM:    48       48      H        6.0920    1.3430    4.6140
  QMMM:    49       49      H        4.0390    1.9100    3.1530
  QMMM:    50       50      H        1.3850    0.3040    7.8060
  QMMM:    51       51      H        0.8400    1.3040    6.3460
  QMMM:    52       52      H        2.1600    1.0360    4.4600
  QMMM:    53       53      H        1.0410    3.4050    7.7130
  QMMM:    54       54      H        3.1240    1.7410    1.5480
  QMMM:    55       55      C        2.1040    1.0970    3.3520
  QMMM:    56       56      O       -4.1590    0.5840    7.7770

--------------------------------------------------------------------------------
  RESULTS
--------------------------------------------------------------------------------

      iter         sqm energy              rms gradient
      ----    -------------------    -----------------------
xmin    10      446.3001 kcal/mol        0.0026 kcal/(mol*A)
  ... geometry converged !
 
 Final MO eigenvalues (eV):
 -42.0730  -39.7101  -38.8698  -38.3162  -37.0063  -36.5264  -35.3155  -35.0078
 -34.2593  -33.6231  -33.4786  -32.7822  -31.1046  -30.7301  -30.4718  -30.1854
 -29.3148  -26.1863  -24.9770  -24.8493  -23.6620  -22.5477  -22.3082  -21.9434
 -21.5858  -20.5750  -20.3955  -19.3109  -19.0066  -18.6746  -18.1339  -17.8586
 -17.4870  -17.2827  -16.7817  -16.6876  -16.4450  -16.4088  -16.1339  -15.7237
 -15.6636  -15.6125  -15.5778  -15.3871  -15.1567  -14.9788  -14.8497  -14.8248
 -14.6236  -14.4880  -14.2102  -13.9749  -13.9096  -13.8726  -13.5975  -13.4768
 -13.1951  -13.1843  -12.9225  -12.4340  -12.1716  -11.9790  -11.9206  -11.6704
 -11.3060  -11.0312  -10.7138  -10.6189  -10.3750  -10.1535   -9.7726   -9.7267
  -9.5292   -9.3974   -9.0547   -8.9859   -8.1063   -1.0398   -0.6438   -0.0986
  -0.0332    0.5058    0.7846    0.8685    0.9520    0.9656    1.0249    1.0721
   1.3558    1.4707    1.8618    2.0388    2.1219    2.2375    2.9861    2.9918
   3.1450    3.2200    3.2549    3.2744    3.2987    3.3518    3.4215    3.5846
   3.6347    3.6604    3.7295    3.7613    3.7955    3.8424    4.0303    4.0666
   4.1034    4.1443    4.1858    4.2169    4.2350    4.3362    4.4955    4.5088
   4.5517    4.5545    4.6528    4.6874    4.7577    4.7733    4.9320    5.0412
   5.1609    5.1617    5.1796    5.2395    5.2450    5.3303    5.3950    5.6139
   5.7204    5.9362    6.0511    6.1584    6.4064    6.5026    6.6771    6.7582
   7.0749    7.8867

 Heat of formation   =        446.30006388 kcal/mol  (       19.35302302 eV)

 Total SCF energy    =    -111786.49939898 kcal/mol  (    -4847.42636481 eV)
 Electronic energy   =    -926359.43823436 kcal/mol  (   -40169.95959561 eV)
 Core-core repulsion =     814572.93883538 kcal/mol  (    35322.53323080 eV)
 
    Atomic Charges for Step       1 :
  Atom    Element       Mulliken Charge
     1      N                 -0.308
     2      C                 -0.001
     3      N                 -0.216
     4      C                  0.103
     5      C                 -0.303
     6      C                  0.277
     7      C                 -0.305
     8      N                 -0.354
     9      C                 -0.038
    10      C                  0.024
    11      C                 -0.154
    12      C                 -0.243
    13      C                 -0.176
    14      C                 -0.003
    15      C                 -0.087
    16      C                 -0.001
    17      C                 -0.235
    18      C                 -0.307
    19      C                 -0.232
    20      N                 -0.045
    21      N                 -0.195
    22      C                  0.091
    23      C                 -0.077
    24      C                  0.005
    25      C                 -0.040
    26      C                 -0.114
    27      C                 -0.268
    28      N                 -0.125
    29      H                  0.254
    30      H                  0.158
    31      H                  0.153
    32      H                  0.070
    33      H                  0.237
    34      H                  0.247
    35      H                  0.113
    36      H                  0.100
    37      H                  0.129
    38      H                  0.113
    39      H                  0.150
    40      H                  0.141
    41      H                  0.275
    42      H                  0.063
    43      H                  0.118
    44      H                  0.000
    45      H                  0.195
    46      H                  0.000
    47      H                  0.151
    48      H                  0.151
    49      H                  0.146
    50      H                  0.119
    51      H                  0.127
    52      H                  0.163
    53      H                  0.113
    54      H                  0.127
    55      C                 -0.007
    56      O                 -0.283
 Total Mulliken Charge =       0.000
 
                  X        Y        Z     TOTAL  
  QM DIPOLE    -5.684    5.204    4.474    8.911
 
 Final Structure

  QMMM: QM Region Cartesian Coordinates (*=link atom) 
  QMMM: QM_NO.   MM_NO.  ATOM         X         Y         Z
  QMMM:     1        1      N       -0.4739   -0.9536   -0.7738
  QMMM:     2        2      C        0.8242   -0.6522   -0.6893
  QMMM:     3        3      N        1.4130   -0.1136    0.4555
  QMMM:     4        4      C        0.6229    0.1165    1.5556
  QMMM:     5        5      C       -0.7838   -0.2172    1.5195
  QMMM:     6        6      C       -1.3180   -0.7570    0.2952
  QMMM:     7        7      C       -7.0042    2.8548    7.9196
  QMMM:     8        8      N       -2.6438   -1.0718    0.2178
  QMMM:     9        9      C       -2.3790    2.1976    7.1831
  QMMM:    10       10      C       -3.1225   -1.4509    3.5270
  QMMM:    11       11      C       -2.6270    2.3214    5.7593
  QMMM:    12       12      C       -2.9004   -1.5717    4.9530
  QMMM:    13       13      C       -2.0975   -0.2716    6.9860
  QMMM:    14       14      C       -3.4210    0.9858    3.7631
  QMMM:    15       15      C       -5.5940    2.9854    8.1429
  QMMM:    16       16      C        5.0504    2.2752    6.1858
  QMMM:    17       17      C        1.2692    2.4095    8.1198
  QMMM:    18       18      C        5.6934    2.2691    5.0432
  QMMM:    19       19      C        1.1656    1.3008    7.3976
  QMMM:    20       20      N       -0.2653    0.6288    3.5956
  QMMM:    21       21      N        4.5873    2.2998    7.3308
  QMMM:    22       22      C       -2.8626    0.7721    7.4322
  QMMM:    23       23      C       -2.6555   -0.0223    3.2721
  QMMM:    24       24      C       -1.2748    0.1328    2.8428
  QMMM:    25       25      C       -2.5815   -1.1964    6.0568
  QMMM:    26       26      C       -2.9411    1.9612    4.6497
  QMMM:    27       27      C        3.1193    1.5952    2.6340
  QMMM:    28       28      N        0.8751    0.6260    2.8461
  QMMM:    29       29      H        2.3885    0.0749    0.4673
  QMMM:    30       30      H       -7.3717    2.0056    8.5649
  QMMM:    31       31      H       -7.1582    2.5237    6.8533
  QMMM:    32       32      H       -7.6386    3.7556    8.1130
  QMMM:    33       33      H       -3.2330   -0.8837    0.9907
  QMMM:    34       34      H       -3.0317   -1.4205   -0.6244
  QMMM:    35       35      H       -2.9616    2.9445    7.7835
  QMMM:    36       36      H       -4.2053   -1.5836    3.2664
  QMMM:    37       37      H       -1.2855    2.3025    7.4216
  QMMM:    38       38      H       -2.5171   -2.1918    2.9429
  QMMM:    39       39      H       -0.9973   -0.1917    7.0503
  QMMM:    40       40      H       -4.5230    0.8636    3.7885
  QMMM:    41       41      H       -4.6231    1.4667    7.8545
  QMMM:    42       42      H       -5.2056    3.9459    8.5075
  QMMM:    43       43      H        1.5862    2.4068    9.1719
  QMMM:    44       44      H        2.6515    3.2244    5.1816
  QMMM:    45       45      H        3.5978    2.2047    7.4656
  QMMM:    46       46      H        2.2145    3.2321    5.7005
  QMMM:    47       47      H        5.8910    3.1957    4.4911
  QMMM:    48       48      H        6.0927    1.3425    4.6139
  QMMM:    49       49      H        4.0385    1.9101    3.1533
  QMMM:    50       50      H        1.3841    0.3041    7.8062
  QMMM:    51       51      H        0.8395    1.3041    6.3463
  QMMM:    52       52      H        2.1595    1.0363    4.4604
  QMMM:    53       53      H        1.0416    3.4047    7.7124
  QMMM:    54       54      H        3.1241    1.7408    1.5488
  QMMM:    55       55      C        2.1042    1.0974    3.3521
  QMMM:    56       56      O       -4.1587    0.5837    7.7778

           --------- Calculation Completed ----------

