            --------------------------------------------------------
                             AMBER SQM VERSION 14
 
                                     By
              Ross C. Walker, Michael F. Crowley, Scott Brozell,
                         Tim Giese, Andreas W. Goetz,
                        Tai-Sung Lee and David A. Case
 
            --------------------------------------------------------
 

--------------------------------------------------------------------------------
  QM CALCULATION INFO
--------------------------------------------------------------------------------

| QMMM: Citation for AMBER QMMM Run:
| QMMM: R.C. Walker, M.F. Crowley and D.A. Case, J. COMP. CHEM. 29:1019, 2008

QMMM: SINGLET STATE CALCULATION
QMMM: RHF CALCULATION, NO. OF DOUBLY OCCUPIED LEVELS = 24

| QMMM: *** Selected Hamiltonian *** 
| QMMM: AM1         

| QMMM: *** Parameter sets in use ***
| QMMM: Cl: M.J.S.DEWAR et al. THEOCHEM, 180, 1, (1988)
| QMMM: C : M.J.S.DEWAR et al. JACS, 107, 3902, (1985)
| QMMM: O : M.J.S.DEWAR et al. JACS, 107, 3902, (1985)
| QMMM: N : M.J.S.DEWAR et al. JACS, 107, 3902, (1985)
| QMMM: S : M.J.S.DEWAR et al. INORG. CHEM., 29, 3881, (1990)
| QMMM: H : M.J.S.DEWAR et al. JACS, 107, 3902, (1985)

| QMMM: *** SCF convergence criteria ***
| QMMM: Energy change                :  0.1D-09 kcal/mol
| QMMM: Error matrix |FP-PF|         :  0.1D+00 au
| QMMM: Density matrix change        :  0.5D-06
| QMMM: Maximum number of SCF cycles :     1000

| QMMM: *** Diagonalization Routine Information ***
| QMMM: Pseudo diagonalizations are allowed.
| QMMM: Auto diagonalization routine selection is in use.
| QMMM:
| QMMM: Timing diagonalization routines:
| QMMM:                              norbs =       41
| QMMM:    diag iterations used for timing =       20
| QMMM:
| QMMM:              Internal diag routine = 0.015260 seconds
| QMMM:                 Dspev diag routine = 0.018436 seconds
| QMMM:                Dspevd diag routine = 0.015425 seconds
| QMMM:                Dspevx diag routine = 0.044311 seconds
| QMMM:                 Dsyev diag routine = 0.020751 seconds
| QMMM:                Dsyevd diag routine = 0.018905 seconds
| QMMM:                Dsyevr diag routine = 0.015695 seconds
| QMMM:
| QMMM:                Pseudo diag routine = 0.002495 seconds
| QMMM:
| QMMM: Using internal diagonalization routine (diag_routine=1).

  QMMM: QM Region Cartesian Coordinates (*=link atom) 
  QMMM: QM_NO.   MM_NO.  ATOM         X         Y         Z
  QMMM:     1        1      Cl       0.0790   -0.0050   -0.1300
  QMMM:     2        2      C        1.7330   -0.0030   -0.0190
  QMMM:     3        3      C        3.8480    0.0000    0.9440
  QMMM:     4        4      O        6.5530    0.0040   -0.2370
  QMMM:     5        5      N        5.7210    0.0010   -2.3860
  QMMM:     6        6      C        4.1510    0.0000   -0.4310
  QMMM:     7        7      C        2.4560   -0.0020    1.1750
  QMMM:     8        8      S        2.7440   -0.0020   -1.3530
  QMMM:     9        9      H        2.0050   -0.0020    2.1750
  QMMM:    10       10      H        4.6050    0.0020    1.7400
  QMMM:    11       11      H        5.3000   -0.8340   -2.8010
  QMMM:    12       12      H        5.2960    0.8340   -2.8030
  QMMM:    13       13      C        5.5080    0.0020   -0.8710
  QMMM:    14       14      H        6.7290    0.0030   -2.5870

--------------------------------------------------------------------------------
  RESULTS
--------------------------------------------------------------------------------

      iter         sqm energy              rms gradient
      ----    -------------------    -----------------------
xmin    10      152.0035 kcal/mol        0.0018 kcal/(mol*A)
  ... geometry converged !
 
 Final MO eigenvalues (eV):
 -45.8473  -42.7182  -41.4546  -41.3700  -35.3349  -30.6604  -27.8479  -25.4227
 -24.6355  -24.3046  -23.4315  -21.9855  -21.0628  -20.1666  -20.0739  -18.7768
 -18.3692  -17.7995  -17.1624  -16.4873  -16.4522  -15.4543  -13.7627  -13.6572
  -5.4663   -4.4279   -4.2110   -3.8398   -3.6069   -2.6581   -2.4451   -2.3880
  -1.8306   -1.6910   -1.1488   -0.1721   -0.0616    0.6733    0.7332    0.9297
   1.2335

 Heat of formation   =        152.00351854 kcal/mol  (        6.59136718 eV)

 Total SCF energy    =     -41437.73573597 kcal/mol  (    -1796.87505902 eV)
 Electronic energy   =    -162058.85793360 kcal/mol  (    -7027.39941605 eV)
 Core-core repulsion =     120621.12219763 kcal/mol  (     5230.52435704 eV)
 
    Atomic Charges for Step       1 :
  Atom    Element       Mulliken Charge
     1      Cl                 0.149
     2      C                 -0.287
     3      C                  0.012
     4      O                 -0.178
     5      N                 -0.153
     6      C                 -0.562
     7      C                 -0.169
     8      S                  0.637
     9      H                  0.207
    10      H                  0.199
    11      H                  0.259
    12      H                  0.259
    13      C                  0.359
    14      H                  0.269
 Total Mulliken Charge =       1.000
 
                  X        Y        Z     TOTAL  
  QM DIPOLE    21.420   -0.002   -9.169   23.300
 
 Final Structure

  QMMM: QM Region Cartesian Coordinates (*=link atom) 
  QMMM: QM_NO.   MM_NO.  ATOM         X         Y         Z
  QMMM:     1        1      Cl       0.0791   -0.0053   -0.1299
  QMMM:     2        2      C        1.7326   -0.0030   -0.0184
  QMMM:     3        3      C        3.8480    0.0002    0.9442
  QMMM:     4        4      O        6.5535    0.0040   -0.2371
  QMMM:     5        5      N        5.7205    0.0012   -2.3864
  QMMM:     6        6      C        4.1507    0.0001   -0.4305
  QMMM:     7        7      C        2.4560   -0.0016    1.1747
  QMMM:     8        8      S        2.7443   -0.0021   -1.3531
  QMMM:     9        9      H        2.0046   -0.0019    2.1748
  QMMM:    10       10      H        4.6048    0.0016    1.7397
  QMMM:    11       11      H        5.2999   -0.8340   -2.8012
  QMMM:    12       12      H        5.2964    0.8339   -2.8026
  QMMM:    13       13      C        5.5084    0.0019   -0.8712
  QMMM:    14       14      H        6.7291    0.0031   -2.5869

           --------- Calculation Completed ----------

