            --------------------------------------------------------
                             AMBER SQM VERSION 14
 
                                     By
              Ross C. Walker, Michael F. Crowley, Scott Brozell,
                         Tim Giese, Andreas W. Goetz,
                        Tai-Sung Lee and David A. Case
 
            --------------------------------------------------------
 

--------------------------------------------------------------------------------
  QM CALCULATION INFO
--------------------------------------------------------------------------------

| QMMM: Citation for AMBER QMMM Run:
| QMMM: R.C. Walker, M.F. Crowley and D.A. Case, J. COMP. CHEM. 29:1019, 2008

QMMM: SINGLET STATE CALCULATION
QMMM: RHF CALCULATION, NO. OF DOUBLY OCCUPIED LEVELS = 62

| QMMM: *** Selected Hamiltonian *** 
| QMMM: PM3         

| QMMM: *** Parameter sets in use ***
| QMMM: P : J.J.P.STEWART, JCC, 10, 209 (1989)
| QMMM: C : J.J.P.STEWART, JCC, 10, 209 (1989)
| QMMM: N : J.J.P.STEWART, JCC, 10, 209 (1989)
| QMMM: O : J.J.P.STEWART, JCC, 10, 209 (1989)
| QMMM: H : J.J.P.STEWART, JCC, 10, 209 (1989)

| QMMM: *** SCF convergence criteria ***
| QMMM: Energy change                :  0.1D-07 kcal/mol
| QMMM: Error matrix |FP-PF|         :  0.1D+00 au
| QMMM: Density matrix change        :  0.5D-05
| QMMM: Maximum number of SCF cycles :     1000

| QMMM: *** Diagonalization Routine Information ***
| QMMM: Pseudo diagonalizations are allowed.
| QMMM: Auto diagonalization routine selection is in use.
| QMMM:
| QMMM: Timing diagonalization routines:
| QMMM:                              norbs =      103
| QMMM:    diag iterations used for timing =       10
| QMMM:
| QMMM:              Internal diag routine = 0.054337 seconds
| QMMM:                 Dspev diag routine = 0.071403 seconds
| QMMM:                Dspevd diag routine = 0.028759 seconds
| QMMM:                Dspevx diag routine = 0.099982 seconds
| QMMM:                 Dsyev diag routine = 0.043820 seconds
| QMMM:                Dsyevd diag routine = 0.031077 seconds
| QMMM:                Dsyevr diag routine = 0.030864 seconds
| QMMM:
| QMMM:                Pseudo diag routine = 0.011505 seconds
| QMMM:
| QMMM: Using dspevd routine (diag_routine=3).

  QMMM: QM Region Cartesian Coordinates (*=link atom) 
  QMMM: QM_NO.   MM_NO.  ATOM         X         Y         Z
  QMMM:     1        1      P        0.0000    0.0000    0.0000
  QMMM:     2        2      C        1.8230    0.0000    0.0000
  QMMM:     3        3      C        2.3320    0.0000    1.4430
  QMMM:     4        4      C        3.8640   -0.0340    1.4310
  QMMM:     5        5      C        4.3740    1.1180    0.5590
  QMMM:     6        6      C        3.7100    1.0370   -0.8170
  QMMM:     7        7      C        4.2360    2.1660   -1.7050
  QMMM:     8        8      C        3.5790    2.0790   -3.0830
  QMMM:     9        9      C        4.1040    3.2070   -3.9720
  QMMM:    10       10      C        8.1360    1.5210    1.1380
  QMMM:    11       11      N        5.8270    1.0150    0.4090
  QMMM:    12       12      O       -0.5370    0.0010   -1.5160
  QMMM:    13       13      O       -0.5370   -1.3130    0.7600
  QMMM:    14       14      O       -0.4920    1.2090    0.6980
  QMMM:    15       15      O        4.3610    0.1170    2.7630
  QMMM:    16       16      O        2.2970    1.1600   -0.6790
  QMMM:    17       17      O        3.9230    3.4250   -1.1070
  QMMM:    18       18      O        3.8910    0.8180   -3.6800
  QMMM:    19       19      O        3.4920    3.1250   -5.2600
  QMMM:    20       20      O        6.1700    2.2620    2.2110
  QMMM:    21       21      H        2.8070    0.3500    0.2860
  QMMM:    22       22      H        2.2600   -0.4480    0.4590
  QMMM:    23       23      H        1.9560   -0.8750    1.9590
  QMMM:    24       24      H        2.9240    0.4370    1.6910
  QMMM:    25       25      H        4.2880    0.0630    0.7880
  QMMM:    26       26      H        3.9160    1.5560    0.1120
  QMMM:    27       27      H        4.0890    1.1150   -1.4880
  QMMM:    28       28      H        4.4530    2.0750   -2.4430
  QMMM:    29       29      H        3.2970    2.6870   -3.4710
  QMMM:    30       30      H        5.1780    3.1140   -4.0760
  QMMM:    31       31      H        7.4610    1.9390    0.4020
  QMMM:    32       32      H        8.5100    2.3730    0.5830
  QMMM:    33       33      H        8.6490    1.4570    2.0900
  QMMM:    34       34      H        6.8130    0.8550    0.4720
  QMMM:    35       35      H        4.7760    0.4250    1.9740
  QMMM:    36       36      H        3.9740    2.7770   -0.4240
  QMMM:    37       37      H        4.0610    1.5610   -3.1250
  QMMM:    38       38      H        3.4200    2.2380   -4.9500
  QMMM:    39       39      C        6.6410    1.6270    1.2910
  QMMM:    40       40      H        6.0740    0.0460    0.4410

--------------------------------------------------------------------------------
  RESULTS
--------------------------------------------------------------------------------

 
 Final MO eigenvalues (eV):
 -54.6209  -48.3716  -42.4866  -39.4370  -37.9186  -34.6031  -33.9416  -33.1664
 -32.2699  -29.7253  -29.3857  -27.8947  -27.7769  -27.3372  -26.1202  -23.9402
 -22.9165  -20.1237  -19.6498  -18.8844  -18.4045  -17.7428  -17.6590  -17.1004
 -17.0209  -16.6058  -15.9996  -15.8140  -15.2397  -15.1317  -14.3587  -14.3271
 -14.1002  -13.7439  -13.5338  -13.0451  -12.9519  -12.7708  -12.4877  -11.8099
 -11.6502  -11.4086  -10.9693  -10.8454  -10.6738  -10.5922   -9.9684   -9.9086
  -9.5867   -9.1862   -8.8637   -8.7601   -8.5170   -8.4643   -7.8287   -6.8515
  -6.0705   -5.9704   -5.8040   -5.7320   -4.7861   -4.5564   -2.4041    0.1281
   0.5791    1.2458    1.5957    1.6813    1.8847    2.1028    2.3419    2.4088
   2.7139    2.8287    3.0686    3.4072    3.5296    3.6207    3.9495    4.0062
   4.1121    4.1692    4.2064    4.4375    4.7059    4.9912    5.0524    5.2224
   5.2921    5.3353    5.3524    5.4949    5.5428    5.7017    5.8535    6.1911
   6.4026    6.8948    7.0568    7.2543    8.6517    9.4454    9.5728

 Heat of formation   =       2180.46801009 kcal/mol  (       94.55218811 eV)

 Total SCF energy    =     -99029.56881061 kcal/mol  (    -4294.24434372 eV)
 Electronic energy   =    -734635.85190591 kcal/mol  (   -31856.20102797 eV)
 Core-core repulsion =     635606.28309530 kcal/mol  (    27561.95668424 eV)
 
    Atomic Charges for Step       1 :
  Atom    Element       Mulliken Charge
     1      P                  1.831
     2      C                 -0.211
     3      C                 -0.164
     4      C                 -0.007
     5      C                 -0.423
     6      C                 -0.229
     7      C                 -0.096
     8      C                 -0.298
     9      C                 -0.241
    10      C                 -0.488
    11      N                  0.182
    12      O                 -0.780
    13      O                 -0.855
    14      O                 -0.835
    15      O                 -0.270
    16      O                 -0.012
    17      O                 -0.226
    18      O                 -0.466
    19      O                 -0.269
    20      O                 -0.323
    21      H                  0.270
    22      H                  0.119
    23      H                  0.170
    24      H                  0.055
    25      H                  0.077
    26      H                  0.154
    27      H                  0.147
    28      H                  0.179
    29      H                  0.203
    30      H                  0.054
    31      H                  0.290
    32      H                  0.081
    33      H                  0.202
    34      H                  0.011
    35      H                  0.246
    36      H                  0.212
    37      H                  0.313
    38      H                  0.210
    39      C                  0.112
    40      H                  0.074
 Total Mulliken Charge =      -1.000
 
                  X        Y        Z     TOTAL  
  QM DIPOLE     4.122   -5.827    5.824    9.212
 
 Final Structure

  QMMM: QM Region Cartesian Coordinates (*=link atom) 
  QMMM: QM_NO.   MM_NO.  ATOM         X         Y         Z
  QMMM:     1        1      P        0.0000    0.0000    0.0000
  QMMM:     2        2      C        1.8230    0.0000    0.0000
  QMMM:     3        3      C        2.3320    0.0000    1.4430
  QMMM:     4        4      C        3.8640   -0.0340    1.4310
  QMMM:     5        5      C        4.3740    1.1180    0.5590
  QMMM:     6        6      C        3.7100    1.0370   -0.8170
  QMMM:     7        7      C        4.2360    2.1660   -1.7050
  QMMM:     8        8      C        3.5790    2.0790   -3.0830
  QMMM:     9        9      C        4.1040    3.2070   -3.9720
  QMMM:    10       10      C        8.1360    1.5210    1.1380
  QMMM:    11       11      N        5.8270    1.0150    0.4090
  QMMM:    12       12      O       -0.5370    0.0010   -1.5160
  QMMM:    13       13      O       -0.5370   -1.3130    0.7600
  QMMM:    14       14      O       -0.4920    1.2090    0.6980
  QMMM:    15       15      O        4.3610    0.1170    2.7630
  QMMM:    16       16      O        2.2970    1.1600   -0.6790
  QMMM:    17       17      O        3.9230    3.4250   -1.1070
  QMMM:    18       18      O        3.8910    0.8180   -3.6800
  QMMM:    19       19      O        3.4920    3.1250   -5.2600
  QMMM:    20       20      O        6.1700    2.2620    2.2110
  QMMM:    21       21      H        2.8070    0.3500    0.2860
  QMMM:    22       22      H        2.2600   -0.4480    0.4590
  QMMM:    23       23      H        1.9560   -0.8750    1.9590
  QMMM:    24       24      H        2.9240    0.4370    1.6910
  QMMM:    25       25      H        4.2880    0.0630    0.7880
  QMMM:    26       26      H        3.9160    1.5560    0.1120
  QMMM:    27       27      H        4.0890    1.1150   -1.4880
  QMMM:    28       28      H        4.4530    2.0750   -2.4430
  QMMM:    29       29      H        3.2970    2.6870   -3.4710
  QMMM:    30       30      H        5.1780    3.1140   -4.0760
  QMMM:    31       31      H        7.4610    1.9390    0.4020
  QMMM:    32       32      H        8.5100    2.3730    0.5830
  QMMM:    33       33      H        8.6490    1.4570    2.0900
  QMMM:    34       34      H        6.8130    0.8550    0.4720
  QMMM:    35       35      H        4.7760    0.4250    1.9740
  QMMM:    36       36      H        3.9740    2.7770   -0.4240
  QMMM:    37       37      H        4.0610    1.5610   -3.1250
  QMMM:    38       38      H        3.4200    2.2380   -4.9500
  QMMM:    39       39      C        6.6410    1.6270    1.2910
  QMMM:    40       40      H        6.0740    0.0460    0.4410

           --------- Calculation Completed ----------

