            --------------------------------------------------------
                             AMBER SQM VERSION 14
 
                                     By
              Ross C. Walker, Michael F. Crowley, Scott Brozell,
                         Tim Giese, Andreas W. Goetz,
                        Tai-Sung Lee and David A. Case
 
            --------------------------------------------------------
 

--------------------------------------------------------------------------------
  QM CALCULATION INFO
--------------------------------------------------------------------------------

| QMMM: Citation for AMBER QMMM Run:
| QMMM: R.C. Walker, M.F. Crowley and D.A. Case, J. COMP. CHEM. 29:1019, 2008

QMMM: SINGLET STATE CALCULATION
QMMM: RHF CALCULATION, NO. OF DOUBLY OCCUPIED LEVELS = 78

| QMMM: *** Selected Hamiltonian *** 
| QMMM: AM1         

| QMMM: *** Parameter sets in use ***
| QMMM: C : M.J.S.DEWAR et al. JACS, 107, 3902, (1985)
| QMMM: O : M.J.S.DEWAR et al. JACS, 107, 3902, (1985)
| QMMM: N : M.J.S.DEWAR et al. JACS, 107, 3902, (1985)
| QMMM: F : M.J.S.DEWAR et al. THEOCHEM, 180, 1, (1988)
| QMMM: S : M.J.S.DEWAR et al. INORG. CHEM., 29, 3881, (1990)
| QMMM: H : M.J.S.DEWAR et al. JACS, 107, 3902, (1985)

| QMMM: *** SCF convergence criteria ***
| QMMM: Energy change                :  0.1D-09 kcal/mol
| QMMM: Error matrix |FP-PF|         :  0.1D+00 au
| QMMM: Density matrix change        :  0.5D-06
| QMMM: Maximum number of SCF cycles :     1000

| QMMM: *** Diagonalization Routine Information ***
| QMMM: Pseudo diagonalizations are allowed.
| QMMM: Auto diagonalization routine selection is in use.
| QMMM:
| QMMM: Timing diagonalization routines:
| QMMM:                              norbs =      139
| QMMM:    diag iterations used for timing =       10
| QMMM:
| QMMM:              Internal diag routine = 0.058241 seconds
| QMMM:                 Dspev diag routine = 0.087195 seconds
| QMMM:                Dspevd diag routine = 0.055155 seconds
| QMMM:                Dspevx diag routine = 0.205677 seconds
| QMMM:                 Dsyev diag routine = 0.094400 seconds
| QMMM:                Dsyevd diag routine = 0.064005 seconds
| QMMM:                Dsyevr diag routine = 0.062479 seconds
| QMMM:
| QMMM:                Pseudo diag routine = 0.029772 seconds
| QMMM:
| QMMM: Using dspevd routine (diag_routine=3).

  QMMM: QM Region Cartesian Coordinates (*=link atom) 
  QMMM: QM_NO.   MM_NO.  ATOM         X         Y         Z
  QMMM:     1        1      C        0.4100    0.3720    0.4430
  QMMM:     2        2      C        1.8550    0.5310    0.0850
  QMMM:     3        3      C        0.6280   -2.9580    0.6510
  QMMM:     4        4      C       -1.2790   -4.4190    0.9850
  QMMM:     5        5      C       -3.8660   -6.1720    2.8120
  QMMM:     6        6      C       -2.8730   -6.9680    3.3760
  QMMM:     7        7      C       -1.6700   -4.2020   -0.3460
  QMMM:     8        8      C       -0.9010   -3.3850   -1.1740
  QMMM:     9        9      C        0.2460   -2.7650   -0.6820
  QMMM:    10       10      C       -1.0410   -1.4920    5.5610
  QMMM:    11       11      C       -4.1910   -2.1600    8.4100
  QMMM:    12       12      C       -2.7570   -1.6110    3.8290
  QMMM:    13       13      O        1.4620   -2.0370    4.2140
  QMMM:    14       14      C        0.8520   -1.5200    3.2690
  QMMM:    15       15      N       -0.4560   -1.1410    3.1830
  QMMM:    16       16      C       -1.4050   -1.4310    4.2040
  QMMM:    17       17      C       -3.7240   -1.8340    4.7970
  QMMM:    18       18      C       -3.3440   -1.8890    6.1520
  QMMM:    19       19      O       -4.3980   -2.1310    7.0170
  QMMM:    20       20      F       -5.4230   -2.3780    8.9210
  QMMM:    21       21      F       -3.3590   -3.1690    8.7670
  QMMM:    22       22      F       -3.6990   -0.9850    8.8710
  QMMM:    23       23      C       -2.0110   -1.7220    6.5340
  QMMM:    24       24      N        1.7840   -1.1930    2.0770
  QMMM:    25       25      C        1.4730    0.1170    1.4910
  QMMM:    26       26      C        1.9020   -2.3730    1.1540
  QMMM:    27       27      C       -0.1250   -3.7990    1.4780
  QMMM:    28       28      C       -2.0750   -5.2820    1.8450
  QMMM:    29       29      S       -1.3740   -6.5160    2.8130
  QMMM:    30       30      N       -3.4140   -5.2080    1.9350
  QMMM:    31       31      H       -0.2250    1.2700    0.5750
  QMMM:    32       32      H       -0.1570   -0.4730    0.0070
  QMMM:    33       33      H        2.2830    1.5460   -0.0410
  QMMM:    34       34      H        2.3170   -0.1920   -0.6120
  QMMM:    35       35      H       -4.9440   -6.2510    3.0010
  QMMM:    36       36      H       -3.0480   -7.7780    4.0830
  QMMM:    37       37      H       -2.5830   -4.6850   -0.7340
  QMMM:    38       38      H       -1.1980   -3.2360   -2.2250
  QMMM:    39       39      H        0.8580   -2.1380   -1.3510
  QMMM:    40       40      H        0.0090   -1.3690    5.8770
  QMMM:    41       41      H       -3.0650   -1.5780    2.7710
  QMMM:    42       42      H       -0.8320   -0.8520    2.3020
  QMMM:    43       43      H       -4.7810   -1.9740    4.5200
  QMMM:    44       44      H       -1.7160   -1.7680    7.5950
  QMMM:    45       45      H        1.5820    0.8900    2.2950
  QMMM:    46       46      H        2.5540   -2.0550    0.2890
  QMMM:    47       47      H        2.4540   -3.1640    1.7500
  QMMM:    48       48      H        0.1940   -3.9850    2.5180
  QMMM:    49       49      H        2.7220   -1.0920    2.5080

--------------------------------------------------------------------------------
  RESULTS
--------------------------------------------------------------------------------

      iter         sqm energy              rms gradient
      ----    -------------------    -----------------------
xmin    10       61.1712 kcal/mol        0.0009 kcal/(mol*A)
  ... geometry converged !
 
 Final MO eigenvalues (eV):
 -54.4381  -51.6736  -51.6644  -46.2148  -43.7317  -43.2013  -42.8544  -41.5055
 -41.4196  -39.8347  -39.1569  -36.7381  -35.7000  -34.8591  -33.2827  -32.4760
 -31.2376  -29.3286  -29.1070  -28.2068  -27.6710  -27.4473  -26.5711  -26.2914
 -25.8748  -25.0313  -23.7697  -23.5964  -23.2922  -23.0307  -22.4010  -22.2131
 -21.9542  -21.7639  -21.4317  -20.7548  -20.5029  -20.0035  -19.8506  -19.6480
 -19.4407  -19.3968  -18.7079  -18.4823  -18.2637  -18.1511  -18.0826  -17.7762
 -17.7508  -17.6218  -17.5625  -17.4169  -17.3582  -17.3047  -17.1272  -17.0850
 -17.0281  -16.8525  -16.7294  -16.6341  -16.4826  -16.3789  -16.3173  -16.2332
 -16.1222  -15.7231  -15.6111  -15.4633  -15.0163  -14.9378  -14.7067  -13.7098
 -13.3012  -13.2546  -12.9556  -12.7540  -12.0578  -11.8056   -4.3717   -3.7338
  -3.4147   -3.2304   -2.7176   -2.6407   -2.5225   -2.4591   -1.9746   -1.9627
  -1.5499   -1.4923   -1.4226   -1.2895   -1.1866   -0.8895   -0.8053   -0.6513
  -0.5435   -0.4222   -0.3720   -0.3110   -0.2584   -0.0553    0.1124    0.3267
   0.3375    0.4291    0.4580    0.4851    0.6530    0.6743    0.7236    0.7869
   0.8191    0.8268    0.9611    1.0630    1.1022    1.2525    1.3499    1.3861
   1.5347    1.5420    1.6287    1.6956    1.9016    1.9358    1.9463    1.9861
   2.0018    2.1368    2.2555    2.2711    2.3273    2.3859    2.5270    2.6102
   2.8058    3.2681    3.8950

 Heat of formation   =         61.17123112 kcal/mol  (        2.65258363 eV)

 Total SCF energy    =    -134971.04781276 kcal/mol  (    -5852.78382606 eV)
 Electronic energy   =   -1016444.65587086 kcal/mol  (   -44076.34776770 eV)
 Core-core repulsion =     881473.60805810 kcal/mol  (    38223.56394164 eV)
 
    Atomic Charges for Step       1 :
  Atom    Element       Mulliken Charge
     1      C                 -0.191
     2      C                 -0.171
     3      C                 -0.170
     4      C                  0.009
     5      C                 -0.132
     6      C                 -0.444
     7      C                 -0.053
     8      C                 -0.124
     9      C                 -0.104
    10      C                 -0.087
    11      C                  0.543
    12      C                 -0.108
    13      O                 -0.276
    14      C                  0.340
    15      N                 -0.247
    16      C                 -0.017
    17      C                 -0.109
    18      C                  0.104
    19      O                 -0.246
    20      F                 -0.105
    21      F                 -0.145
    22      F                 -0.143
    23      C                 -0.162
    24      N                 -0.029
    25      C                 -0.204
    26      C                 -0.071
    27      C                 -0.110
    28      C                 -0.313
    29      S                  0.562
    30      N                 -0.089
    31      H                  0.155
    32      H                  0.145
    33      H                  0.158
    34      H                  0.137
    35      H                  0.197
    36      H                  0.198
    37      H                  0.176
    38      H                  0.163
    39      H                  0.141
    40      H                  0.167
    41      H                  0.153
    42      H                  0.266
    43      H                  0.180
    44      H                  0.171
    45      H                  0.178
    46      H                  0.143
    47      H                  0.154
    48      H                  0.148
    49      H                  0.265
 Total Mulliken Charge =       1.000
 
                  X        Y        Z     TOTAL  
  QM DIPOLE     3.565   -7.706    7.706   11.466
 
 Final Structure

  QMMM: QM Region Cartesian Coordinates (*=link atom) 
  QMMM: QM_NO.   MM_NO.  ATOM         X         Y         Z
  QMMM:     1        1      C        0.4101    0.3715    0.4425
  QMMM:     2        2      C        1.8546    0.5312    0.0841
  QMMM:     3        3      C        0.6284   -2.9579    0.6514
  QMMM:     4        4      C       -1.2788   -4.4190    0.9853
  QMMM:     5        5      C       -3.8664   -6.1706    2.8126
  QMMM:     6        6      C       -2.8732   -6.9660    3.3780
  QMMM:     7        7      C       -1.6696   -4.2027   -0.3455
  QMMM:     8        8      C       -0.9004   -3.3858   -1.1736
  QMMM:     9        9      C        0.2467   -2.7658   -0.6823
  QMMM:    10       10      C       -1.0409   -1.4930    5.5610
  QMMM:    11       11      C       -4.1911   -2.1628    8.4088
  QMMM:    12       12      C       -2.7570   -1.6092    3.8289
  QMMM:    13       13      O        1.4621   -2.0368    4.2137
  QMMM:    14       14      C        0.8520   -1.5189    3.2687
  QMMM:    15       15      N       -0.4559   -1.1404    3.1827
  QMMM:    16       16      C       -1.4047   -1.4308    4.2041
  QMMM:    17       17      C       -3.7237   -1.8323    4.7967
  QMMM:    18       18      C       -3.3445   -1.8895    6.1518
  QMMM:    19       19      O       -4.3988   -2.1308    7.0160
  QMMM:    20       20      F       -5.4237   -2.3799    8.9204
  QMMM:    21       21      F       -3.3598   -3.1724    8.7648
  QMMM:    22       22      F       -3.6979   -0.9887    8.8717
  QMMM:    23       23      C       -2.0110   -1.7232    6.5335
  QMMM:    24       24      N        1.7836   -1.1924    2.0766
  QMMM:    25       25      C        1.4724    0.1171    1.4903
  QMMM:    26       26      C        1.9024   -2.3728    1.1541
  QMMM:    27       27      C       -0.1249   -3.7987    1.4787
  QMMM:    28       28      C       -2.0747   -5.2813    1.8462
  QMMM:    29       29      S       -1.3742   -6.5147    2.8146
  QMMM:    30       30      N       -3.4144   -5.2074    1.9360
  QMMM:    31       31      H       -0.2252    1.2697    0.5744
  QMMM:    32       32      H       -0.1569   -0.4738    0.0069
  QMMM:    33       33      H        2.2829    1.5456   -0.0422
  QMMM:    34       34      H        2.3169   -0.1925   -0.6127
  QMMM:    35       35      H       -4.9446   -6.2502    3.0020
  QMMM:    36       36      H       -3.0481   -7.7762    4.0854
  QMMM:    37       37      H       -2.5827   -4.6857   -0.7337
  QMMM:    38       38      H       -1.1977   -3.2364   -2.2245
  QMMM:    39       39      H        0.8583   -2.1391   -1.3509
  QMMM:    40       40      H        0.0089   -1.3715    5.8769
  QMMM:    41       41      H       -3.0647   -1.5748    2.7710
  QMMM:    42       42      H       -0.8322   -0.8503    2.3020
  QMMM:    43       43      H       -4.7812   -1.9711    4.5197
  QMMM:    44       44      H       -1.7165   -1.7702    7.5947
  QMMM:    45       45      H        1.5820    0.8903    2.2938
  QMMM:    46       46      H        2.5546   -2.0547    0.2894
  QMMM:    47       47      H        2.4547   -3.1634    1.7499
  QMMM:    48       48      H        0.1939   -3.9842    2.5182
  QMMM:    49       49      H        2.7219   -1.0912    2.5081

           --------- Calculation Completed ----------

