            --------------------------------------------------------
                             AMBER SQM VERSION 14
 
                                     By
              Ross C. Walker, Michael F. Crowley, Scott Brozell,
                         Tim Giese, Andreas W. Goetz,
                        Tai-Sung Lee and David A. Case
 
            --------------------------------------------------------
 

--------------------------------------------------------------------------------
  QM CALCULATION INFO
--------------------------------------------------------------------------------

| QMMM: Citation for AMBER QMMM Run:
| QMMM: R.C. Walker, M.F. Crowley and D.A. Case, J. COMP. CHEM. 29:1019, 2008

QMMM: SINGLET STATE CALCULATION
QMMM: RHF CALCULATION, NO. OF DOUBLY OCCUPIED LEVELS = 52

| QMMM: *** Selected Hamiltonian *** 
| QMMM: AM1         

| QMMM: *** Parameter sets in use ***
| QMMM: C : M.J.S.DEWAR et al. JACS, 107, 3902, (1985)
| QMMM: N : M.J.S.DEWAR et al. JACS, 107, 3902, (1985)
| QMMM: O : M.J.S.DEWAR et al. JACS, 107, 3902, (1985)
| QMMM: H : M.J.S.DEWAR et al. JACS, 107, 3902, (1985)

| QMMM: *** SCF convergence criteria ***
| QMMM: Energy change                :  0.1D-09 kcal/mol
| QMMM: Error matrix |FP-PF|         :  0.1D+00 au
| QMMM: Density matrix change        :  0.5D-06
| QMMM: Maximum number of SCF cycles :     1000

| QMMM: *** Diagonalization Routine Information ***
| QMMM: Pseudo diagonalizations are allowed.
| QMMM: Auto diagonalization routine selection is in use.
| QMMM:
| QMMM: Timing diagonalization routines:
| QMMM:                              norbs =       97
| QMMM:    diag iterations used for timing =       15
| QMMM:
| QMMM:              Internal diag routine = 0.033886 seconds
| QMMM:                 Dspev diag routine = 0.053258 seconds
| QMMM:                Dspevd diag routine = 0.036415 seconds
| QMMM:                Dspevx diag routine = 0.133602 seconds
| QMMM:                 Dsyev diag routine = 0.057909 seconds
| QMMM:                Dsyevd diag routine = 0.044060 seconds
| QMMM:                Dsyevr diag routine = 0.042021 seconds
| QMMM:
| QMMM:                Pseudo diag routine = 0.016249 seconds
| QMMM:
| QMMM: Using internal diagonalization routine (diag_routine=1).

  QMMM: QM Region Cartesian Coordinates (*=link atom) 
  QMMM: QM_NO.   MM_NO.  ATOM         X         Y         Z
  QMMM:     1        1      C        0.0000    0.0000    0.0000
  QMMM:     2        2      N       -0.4890    0.0010   -1.3810
  QMMM:     3        3      C       -0.6170    1.1640   -2.0490
  QMMM:     4        4      N       -1.0670    1.1650   -3.3200
  QMMM:     5        5      C       -1.2080    2.4280   -4.0470
  QMMM:     6        6      C       -1.7320    2.1500   -5.4570
  QMMM:     7        7      C       -1.8790    3.4710   -6.2160
  QMMM:     8        8      C       -2.4030    3.1930   -7.6260
  QMMM:     9        9      C       -2.5500    4.5140   -8.3850
  QMMM:    10       10      O       -0.3290    2.2130   -1.5060
  QMMM:    11       11      C       -3.0670    4.2400   -9.7740
  QMMM:    12       12      O       -3.2740    5.2560  -10.6260
  QMMM:    13       13      O       -3.2960    3.1050  -10.1210
  QMMM:    14       14      C        1.5300    0.0000    0.0000
  QMMM:    15       15      C        2.0400    0.0000    1.4430
  QMMM:    16       16      C        1.5300   -1.2500    2.1640
  QMMM:    17       17      C        0.0010   -1.2500    2.1640
  QMMM:    18       18      C       -0.5090   -1.2490    0.7210
  QMMM:    19       19      H       -0.3590    0.8830    0.5150
  QMMM:    20       20      H        0.1370   -0.5720   -1.9120
  QMMM:    21       21      H       -0.4410    0.5920   -3.8510
  QMMM:    22       22      H       -1.9060    3.0700   -3.5220
  QMMM:    23       23      H       -0.2440    2.9180   -4.1100
  QMMM:    24       24      H       -2.6970    1.6610   -5.3940
  QMMM:    25       25      H       -1.0350    1.5080   -5.9820
  QMMM:    26       26      H       -0.9150    3.9600   -6.2790
  QMMM:    27       27      H       -2.5760    4.1130   -5.6920
  QMMM:    28       28      H       -1.7060    2.5510   -8.1510
  QMMM:    29       29      H       -3.3680    2.7040   -7.5630
  QMMM:    30       30      H       -3.2470    5.1560   -7.8610
  QMMM:    31       31      H       -1.5860    5.0030   -8.4480
  QMMM:    32       32      H        1.8890   -0.8860   -0.5090
  QMMM:    33       33      H        1.8890    0.8860   -0.5090
  QMMM:    34       34      H        1.6770    0.8830    1.9530
  QMMM:    35       35      H        3.1240   -0.0020    1.4410
  QMMM:    36       36      H        1.8900   -1.2480    3.1860
  QMMM:    37       37      H        1.8900   -2.1340    1.6500
  QMMM:    38       38      H       -0.3590   -0.3640    2.6730
  QMMM:    39       39      H       -0.3590   -2.1370    2.6720
  QMMM:    40       40      H       -1.5930   -1.2470    0.7230
  QMMM:    41       41      H       -0.1460   -2.1330    0.2110
  QMMM:    42       42      H       -1.3930   -0.4290   -1.3700
  QMMM:    43       43      H       -1.9700    0.7320   -3.3100

--------------------------------------------------------------------------------
  RESULTS
--------------------------------------------------------------------------------


QMMM: ERROR!
QMMM: Unable to achieve self consistency to the tolerances specified
QMMM: No convergence in SCF after   1000 steps.
QMMM: E =  -0.4893E+06 DeltaE =   0.4790E+03 DeltaP =   0.1420E+01
QMMM: Smallest DeltaE =  -0.5095E+00 DeltaP =   0.5788E-01 Step =     40

