            --------------------------------------------------------
                             AMBER SQM VERSION 14
 
                                     By
              Ross C. Walker, Michael F. Crowley, Scott Brozell,
                         Tim Giese, Andreas W. Goetz,
                        Tai-Sung Lee and David A. Case
 
            --------------------------------------------------------
 

--------------------------------------------------------------------------------
  QM CALCULATION INFO
--------------------------------------------------------------------------------

| QMMM: Citation for AMBER QMMM Run:
| QMMM: R.C. Walker, M.F. Crowley and D.A. Case, J. COMP. CHEM. 29:1019, 2008

QMMM: SINGLET STATE CALCULATION
QMMM: RHF CALCULATION, NO. OF DOUBLY OCCUPIED LEVELS = 48

| QMMM: *** Selected Hamiltonian *** 
| QMMM: AM1         

| QMMM: *** Parameter sets in use ***
| QMMM: O : M.J.S.DEWAR et al. JACS, 107, 3902, (1985)
| QMMM: C : M.J.S.DEWAR et al. JACS, 107, 3902, (1985)
| QMMM: H : M.J.S.DEWAR et al. JACS, 107, 3902, (1985)
| QMMM: N : M.J.S.DEWAR et al. JACS, 107, 3902, (1985)

| QMMM: *** SCF convergence criteria ***
| QMMM: Energy change                :  0.1D-09 kcal/mol
| QMMM: Error matrix |FP-PF|         :  0.1D+00 au
| QMMM: Density matrix change        :  0.1D-09
| QMMM: Maximum number of SCF cycles :     1000

| QMMM: *** Diagonalization Routine Information ***
| QMMM: Pseudo diagonalizations are allowed.
| QMMM: Auto diagonalization routine selection is disabled.
| QMMM: Using internal diagonalization routine (diag_routine=1).

  QMMM: QM Region Cartesian Coordinates (*=link atom) 
  QMMM: QM_NO.   MM_NO.  ATOM         X         Y         Z
  QMMM:     1        1      O       -3.7270   -2.0820    0.7450
  QMMM:     2        2      O        3.6700   -1.4900   -1.6060
  QMMM:     3        3      O       -1.6600   -1.9020    1.5480
  QMMM:     4        4      O        1.8320   -2.3450   -0.6860
  QMMM:     5        5      C       -2.4280    2.3450   -1.1790
  QMMM:     6        6      C        2.3140    2.3830    1.2230
  QMMM:     7        7      C       -3.6450    1.7460   -0.8680
  QMMM:     8        8      C        3.5520    1.8560    0.8690
  QMMM:     9        9      C       -1.2330    1.7020   -0.8850
  QMMM:    10       10      C        1.1460    1.6960    0.9180
  QMMM:    11       11      C       -3.6440    0.4980   -0.2470
  QMMM:    12       12      C        3.6020    0.6320    0.2040
  QMMM:    13       13      C       -2.6120   -1.4820    0.8340
  QMMM:    14       14      C        2.6480   -1.3990   -0.8580
  QMMM:    15       15      C       -1.2140    0.4270   -0.2530
  QMMM:    16       16      C        1.1790    0.4490    0.2390
  QMMM:    17       17      C       -2.4640   -0.1670    0.0840
  QMMM:    18       18      C        2.4490   -0.0840   -0.1190
  QMMM:    19       19      H       -2.4050    3.3290   -1.6660
  QMMM:    20       20      H        2.2530    3.3440    1.7530
  QMMM:    21       21      H       -4.5900    2.2470   -1.1090
  QMMM:    22       22      H        4.4760    2.3960    1.1080
  QMMM:    23       23      H       -0.2830    2.1850   -1.1580
  QMMM:    24       24      H        0.1780    2.1230    1.2200
  QMMM:    25       25      H       -4.5950   -0.0010    0.0050
  QMMM:    26       26      H        4.5690    0.2050   -0.1090
  QMMM:    27       27      H       -0.0190   -1.2250    0.1270
  QMMM:    28       28      N       -0.0030   -0.2330   -0.0650

--------------------------------------------------------------------------------
  RESULTS
--------------------------------------------------------------------------------

      iter         sqm energy              rms gradient
      ----    -------------------    -----------------------
xmin    10     -112.8173 kcal/mol        0.0004 kcal/(mol*A)
  ... geometry converged !
 
 Final MO eigenvalues (eV):
 -34.3425  -33.1150  -30.5287  -30.4479  -30.0045  -26.8947  -26.8040  -25.4742
 -25.3984  -24.8448  -22.7203  -18.2070  -17.9208  -17.4964  -15.8522  -13.9883
 -13.6138  -12.2172  -11.6488  -10.9214  -10.4229   -9.9179   -9.5653   -9.0064
  -8.6924   -8.6259   -8.6077   -8.1807   -7.9438   -7.7270   -7.5317   -7.2202
  -6.9913   -6.7941   -6.7687   -6.2904   -6.2061   -5.5266   -3.8513   -3.7260
  -3.5997   -2.8773   -2.8641   -2.5853   -2.5688   -2.5172   -2.4683   -1.9110
   6.0069    6.3253    6.3616    6.7068    8.5591    8.6399    8.8108    9.3406
   9.3686    9.5933    9.6896    9.7946    9.8468   10.2175   10.2779   10.3916
  10.4043   10.4631   10.5096   10.6477   10.8941   10.9560   11.0316   11.2171
  11.2686   11.3358   11.3912   11.5810   11.7483   11.9130   11.9948   12.8258
  13.1543   14.6910   14.7068   15.5550   15.5834

 Heat of formation   =       -112.81725276 kcal/mol  (       -4.89212318 eV)

 Total SCF energy    =     -78522.61972047 kcal/mol  (    -3404.99630200 eV)
 Electronic energy   =    -457559.04534239 kcal/mol  (   -19841.24909338 eV)
 Core-core repulsion =     379036.42562193 kcal/mol  (    16436.25279138 eV)
 
    Atomic Charges for Step       1 :
  Atom    Element       Mulliken Charge
     1      O                 -0.595
     2      O                 -0.600
     3      O                 -0.554
     4      O                 -0.544
     5      C                 -0.128
     6      C                 -0.136
     7      C                 -0.228
     8      C                 -0.216
     9      C                 -0.224
    10      C                 -0.215
    11      C                 -0.086
    12      C                 -0.094
    13      C                  0.359
    14      C                  0.360
    15      C                  0.134
    16      C                  0.126
    17      C                 -0.159
    18      C                 -0.135
    19      H                  0.086
    20      H                  0.087
    21      H                  0.088
    22      H                  0.089
    23      H                  0.123
    24      H                  0.125
    25      H                  0.139
    26      H                  0.137
    27      H                  0.309
    28      N                 -0.251
 Total Mulliken Charge =      -2.000
 
                  X        Y        Z     TOTAL  
  QM DIPOLE    -0.044   13.762    0.619   13.776
 
 Final Structure

  QMMM: QM Region Cartesian Coordinates (*=link atom) 
  QMMM: QM_NO.   MM_NO.  ATOM         X         Y         Z
  QMMM:     1        1      O       -3.7266   -2.0817    0.7450
  QMMM:     2        2      O        3.6702   -1.4897   -1.6055
  QMMM:     3        3      O       -1.6598   -1.9016    1.5478
  QMMM:     4        4      O        1.8323   -2.3446   -0.6862
  QMMM:     5        5      C       -2.4275    2.3445   -1.1786
  QMMM:     6        6      C        2.3138    2.3827    1.2230
  QMMM:     7        7      C       -3.6449    1.7456   -0.8685
  QMMM:     8        8      C        3.5522    1.8556    0.8691
  QMMM:     9        9      C       -1.2330    1.7022   -0.8848
  QMMM:    10       10      C        1.1460    1.6957    0.9179
  QMMM:    11       11      C       -3.6444    0.4978   -0.2469
  QMMM:    12       12      C        3.6019    0.6318    0.2038
  QMMM:    13       13      C       -2.6120   -1.4816    0.8337
  QMMM:    14       14      C        2.6478   -1.3991   -0.8581
  QMMM:    15       15      C       -1.2139    0.4273   -0.2532
  QMMM:    16       16      C        1.1790    0.4489    0.2394
  QMMM:    17       17      C       -2.4640   -0.1669    0.0839
  QMMM:    18       18      C        2.4489   -0.0844   -0.1188
  QMMM:    19       19      H       -2.4054    3.3292   -1.6665
  QMMM:    20       20      H        2.2534    3.3437    1.7527
  QMMM:    21       21      H       -4.5902    2.2470   -1.1089
  QMMM:    22       22      H        4.4763    2.3964    1.1080
  QMMM:    23       23      H       -0.2828    2.1853   -1.1583
  QMMM:    24       24      H        0.1776    2.1225    1.2202
  QMMM:    25       25      H       -4.5955   -0.0010    0.0053
  QMMM:    26       26      H        4.5693    0.2053   -0.1091
  QMMM:    27       27      H       -0.0194   -1.2251    0.1267
  QMMM:    28       28      N       -0.0032   -0.2327   -0.0644

           --------- Calculation Completed ----------

