            --------------------------------------------------------
                             AMBER SQM VERSION 14
 
                                     By
              Ross C. Walker, Michael F. Crowley, Scott Brozell,
                         Tim Giese, Andreas W. Goetz,
                        Tai-Sung Lee and David A. Case
 
            --------------------------------------------------------
 

--------------------------------------------------------------------------------
  QM CALCULATION INFO
--------------------------------------------------------------------------------

| QMMM: Citation for AMBER QMMM Run:
| QMMM: R.C. Walker, M.F. Crowley and D.A. Case, J. COMP. CHEM. 29:1019, 2008

QMMM: SINGLET STATE CALCULATION
QMMM: RHF CALCULATION, NO. OF DOUBLY OCCUPIED LEVELS = 75

| QMMM: *** Selected Hamiltonian *** 
| QMMM: AM1         

| QMMM: *** Parameter sets in use ***
| QMMM: N : M.J.S.DEWAR et al. JACS, 107, 3902, (1985)
| QMMM: C : M.J.S.DEWAR et al. JACS, 107, 3902, (1985)
| QMMM: O : M.J.S.DEWAR et al. JACS, 107, 3902, (1985)
| QMMM: F : M.J.S.DEWAR et al. THEOCHEM, 180, 1, (1988)
| QMMM: I : M.J.S.DEWAR et al. THEOCHEM, 180, 1, (1988)
| QMMM: H : M.J.S.DEWAR et al. JACS, 107, 3902, (1985)

| QMMM: *** SCF convergence criteria ***
| QMMM: Energy change                :  0.1D-09 kcal/mol
| QMMM: Error matrix |FP-PF|         :  0.1D+00 au
| QMMM: Density matrix change        :  0.1D-09
| QMMM: Maximum number of SCF cycles :     1000

| QMMM: *** Diagonalization Routine Information ***
| QMMM: Pseudo diagonalizations are allowed.
| QMMM: Auto diagonalization routine selection is disabled.
| QMMM: Using internal diagonalization routine (diag_routine=1).

  QMMM: QM Region Cartesian Coordinates (*=link atom) 
  QMMM: QM_NO.   MM_NO.  ATOM         X         Y         Z
  QMMM:     1        1      N        0.3140   -0.2170    0.1610
  QMMM:     2        2      C        1.6720    0.1650    0.2510
  QMMM:     3        3      C        2.0450    0.0940    1.7200
  QMMM:     4        4      C        0.9330   -0.2850    2.4310
  QMMM:     5        5      C       -0.2010   -0.5100    1.4430
  QMMM:     6        6      O       -1.3630   -0.8660    1.6490
  QMMM:     7        7      O        2.3600    0.4830   -0.7200
  QMMM:     8        8      C        3.3690    0.3580    2.1790
  QMMM:     9        9      C        4.2880    1.3870    1.7010
  QMMM:    10       10      C        5.4680    1.2340    2.4880
  QMMM:    11       11      O        5.3220    0.1760    3.3910
  QMMM:    12       12      C        4.0420   -0.3300    3.1750
  QMMM:    13       13      C        0.7630   -0.4110    3.8360
  QMMM:    14       14      C        1.4350    0.3760    4.7930
  QMMM:    15       15      N        1.0570    0.0120    6.0770
  QMMM:    16       16      C        0.1110   -1.0240    5.9790
  QMMM:    17       17      C       -0.0980   -1.3160    4.5770
  QMMM:    18       18      C        4.2440    2.3860    0.7290
  QMMM:    19       19      C        5.3560    3.2070    0.5740
  QMMM:    20       20      C        6.5100    3.0610    1.3570
  QMMM:    21       21      C        6.5870    2.0620    2.3340
  QMMM:    22       22      C       -0.9850   -2.3250    4.2220
  QMMM:    23       23      C       -1.6510   -3.0350    5.2340
  QMMM:    24       24      C       -1.4420   -2.7430    6.6070
  QMMM:    25       25      C       -0.5610   -1.7360    6.9780
  QMMM:    26       26      C        1.4720    0.6440    7.2870
  QMMM:    27       27      F       -2.5100   -4.0150    4.8620
  QMMM:    28       28      I       -2.3800   -3.7380    8.1000
  QMMM:    29       29      O        7.6600    1.8270    3.1660
  QMMM:    30       30      C        8.8240    2.6060    2.9080
  QMMM:    31       31      H       -0.2010   -0.2760   -0.6800
  QMMM:    32       32      H        3.7870   -1.1790    3.8080
  QMMM:    33       33      H        2.1660    1.1720    4.6200
  QMMM:    34       34      H        3.3590    2.4970    0.0850
  QMMM:    35       35      H        5.3380    3.9980   -0.1920
  QMMM:    36       36      H        7.3600    3.7370    1.1920
  QMMM:    37       37      H       -1.1870   -2.5580    3.1640
  QMMM:    38       38      H       -0.3880   -1.4950    8.0390
  QMMM:    39       39      H        0.6550    1.3080    7.6820
  QMMM:    40       40      H        2.3890    1.2620    7.0950
  QMMM:    41       41      H        1.7070   -0.1390    8.0590
  QMMM:    42       42      H        8.6190    3.6890    3.0920
  QMMM:    43       43      H        9.5660    2.2130    3.6490
  QMMM:    44       44      H        9.1850    2.4470    1.8640

--------------------------------------------------------------------------------
  RESULTS
--------------------------------------------------------------------------------

      iter         sqm energy              rms gradient
      ----    -------------------    -----------------------
xmin    10       -8.0996 kcal/mol        0.0002 kcal/(mol*A)
xmin    10       -8.0996 kcal/mol        0.0002 kcal/(mol*A)
  ... geometry converged !
 
 Final MO eigenvalues (eV):
 -49.6059  -42.6146  -42.1423  -41.2788  -39.9102  -39.0176  -38.0266  -37.6270
 -36.9908  -35.2933  -34.4654  -32.6776  -31.3919  -30.9573  -30.8578  -29.8446
 -28.1606  -28.0123  -27.7906  -25.9315  -24.0055  -23.9185  -23.4506  -23.2855
 -23.0355  -22.1310  -21.0100  -20.0998  -19.0574  -18.5984  -18.4025  -18.1874
 -18.0048  -17.5345  -17.3675  -17.0677  -16.9427  -16.7001  -16.6577  -16.4733
 -16.2619  -16.1867  -16.0891  -16.0538  -15.7755  -15.4272  -15.0672  -14.9440
 -14.6740  -14.4130  -14.3304  -14.2260  -14.1460  -14.0058  -13.7730  -13.4701
 -13.4065  -13.3178  -12.8601  -12.6621  -12.5279  -12.4901  -12.2293  -11.9124
 -11.9051  -11.3209  -11.2240  -11.1108  -10.9221  -10.8765  -10.1839   -9.5506
  -9.2341   -9.0240   -8.5295   -1.4715   -0.5030   -0.2865   -0.0129    0.1957
   0.2184    0.6920    0.9214    1.1430    1.3215    1.5902    1.7859    1.9223
   2.1456    2.3231    2.4262    2.5862    2.8374    2.8874    2.9639    3.0973
   3.1895    3.2602    3.3752    3.4140    3.4841    3.5179    3.5782    3.6883
   3.7735    3.8801    3.9266    3.9365    4.0110    4.0729    4.1201    4.1417
   4.1961    4.3057    4.3302    4.4066    4.5265    4.7149    4.8019    4.8420
   4.9192    4.9499    5.1446    5.1765    5.1952    5.2510    5.2784    5.4001
   5.5538    5.6141    5.6773    6.1038    6.1827    6.6358

 Heat of formation   =         -8.09956481 kcal/mol  (       -0.35122349 eV)

 Total SCF energy    =    -127594.93363271 kcal/mol  (    -5532.93151350 eV)
 Electronic energy   =    -924432.45483277 kcal/mol  (   -40086.39932495 eV)
 Core-core repulsion =     796837.52120006 kcal/mol  (    34553.46781146 eV)
 
    Atomic Charges for Step       1 :
  Atom    Element       Mulliken Charge
     1      N                 -0.409
     2      C                  0.347
     3      C                 -0.061
     4      C                 -0.011
     5      C                  0.342
     6      O                 -0.289
     7      O                 -0.289
     8      C                 -0.110
     9      C                 -0.043
    10      C                 -0.024
    11      O                 -0.081
    12      C                 -0.025
    13      C                 -0.142
    14      C                 -0.018
    15      N                 -0.150
    16      C                 -0.032
    17      C                 -0.009
    18      C                 -0.104
    19      C                 -0.109
    20      C                 -0.189
    21      C                  0.093
    22      C                 -0.118
    23      C                  0.106
    24      C                 -0.286
    25      C                 -0.083
    26      C                 -0.077
    27      F                 -0.092
    28      I                  0.167
    29      O                 -0.195
    30      C                 -0.078
    31      H                  0.264
    32      H                  0.201
    33      H                  0.184
    34      H                  0.158
    35      H                  0.138
    36      H                  0.142
    37      H                  0.177
    38      H                  0.150
    39      H                  0.093
    40      H                  0.103
    41      H                  0.099
    42      H                  0.072
    43      H                  0.110
    44      H                  0.077
 Total Mulliken Charge =      -0.000
 
                  X        Y        Z     TOTAL  
  QM DIPOLE     4.170    4.343    2.885    6.676
 
 Final Structure

  QMMM: QM Region Cartesian Coordinates (*=link atom) 
  QMMM: QM_NO.   MM_NO.  ATOM         X         Y         Z
  QMMM:     1        1      N        0.3137   -0.2164    0.1612
  QMMM:     2        2      C        1.6722    0.1647    0.2512
  QMMM:     3        3      C        2.0446    0.0944    1.7199
  QMMM:     4        4      C        0.9335   -0.2849    2.4308
  QMMM:     5        5      C       -0.2014   -0.5097    1.4426
  QMMM:     6        6      O       -1.3625   -0.8662    1.6487
  QMMM:     7        7      O        2.3599    0.4827   -0.7202
  QMMM:     8        8      C        3.3688    0.3582    2.1787
  QMMM:     9        9      C        4.2884    1.3870    1.7010
  QMMM:    10       10      C        5.4679    1.2344    2.4881
  QMMM:    11       11      O        5.3223    0.1759    3.3913
  QMMM:    12       12      C        4.0420   -0.3302    3.1750
  QMMM:    13       13      C        0.7629   -0.4107    3.8364
  QMMM:    14       14      C        1.4350    0.3755    4.7927
  QMMM:    15       15      N        1.0569    0.0124    6.0770
  QMMM:    16       16      C        0.1111   -1.0244    5.9787
  QMMM:    17       17      C       -0.0979   -1.3157    4.5774
  QMMM:    18       18      C        4.2436    2.3860    0.7290
  QMMM:    19       19      C        5.3558    3.2068    0.5739
  QMMM:    20       20      C        6.5099    3.0604    1.3571
  QMMM:    21       21      C        6.5870    2.0624    2.3337
  QMMM:    22       22      C       -0.9849   -2.3253    4.2224
  QMMM:    23       23      C       -1.6515   -3.0346    5.2335
  QMMM:    24       24      C       -1.4415   -2.7434    6.6071
  QMMM:    25       25      C       -0.5610   -1.7363    6.9782
  QMMM:    26       26      C        1.4723    0.6436    7.2869
  QMMM:    27       27      F       -2.5099   -4.0154    4.8623
  QMMM:    28       28      I       -2.3803   -3.7378    8.1003
  QMMM:    29       29      O        7.6600    1.8271    3.1659
  QMMM:    30       30      C        8.8243    2.6062    2.9085
  QMMM:    31       31      H       -0.2008   -0.2759   -0.6798
  QMMM:    32       32      H        3.7869   -1.1788    3.8082
  QMMM:    33       33      H        2.1663    1.1719    4.6196
  QMMM:    34       34      H        3.3587    2.4973    0.0850
  QMMM:    35       35      H        5.3378    3.9978   -0.1920
  QMMM:    36       36      H        7.3598    3.7374    1.1917
  QMMM:    37       37      H       -1.1870   -2.5577    3.1644
  QMMM:    38       38      H       -0.3883   -1.4955    8.0387
  QMMM:    39       39      H        0.6554    1.3078    7.6818
  QMMM:    40       40      H        2.3886    1.2623    7.0950
  QMMM:    41       41      H        1.7067   -0.1386    8.0587
  QMMM:    42       42      H        8.6194    3.6890    3.0921
  QMMM:    43       43      H        9.5657    2.2126    3.6494
  QMMM:    44       44      H        9.1854    2.4467    1.8638

           --------- Calculation Completed ----------

