            --------------------------------------------------------
                             AMBER SQM VERSION 14
 
                                     By
              Ross C. Walker, Michael F. Crowley, Scott Brozell,
                         Tim Giese, Andreas W. Goetz,
                        Tai-Sung Lee and David A. Case
 
            --------------------------------------------------------
 

--------------------------------------------------------------------------------
  QM CALCULATION INFO
--------------------------------------------------------------------------------

| QMMM: Citation for AMBER QMMM Run:
| QMMM: R.C. Walker, M.F. Crowley and D.A. Case, J. COMP. CHEM. 29:1019, 2008

QMMM: SINGLET STATE CALCULATION
QMMM: RHF CALCULATION, NO. OF DOUBLY OCCUPIED LEVELS = 63

| QMMM: *** Selected Hamiltonian *** 
| QMMM: AM1         

| QMMM: *** Parameter sets in use ***
| QMMM: N : M.J.S.DEWAR et al. JACS, 107, 3902, (1985)
| QMMM: C : M.J.S.DEWAR et al. JACS, 107, 3902, (1985)
| QMMM: H : M.J.S.DEWAR et al. JACS, 107, 3902, (1985)
| QMMM: O : M.J.S.DEWAR et al. JACS, 107, 3902, (1985)

| QMMM: *** SCF convergence criteria ***
| QMMM: Energy change                :  0.1D-09 kcal/mol
| QMMM: Error matrix |FP-PF|         :  0.1D+00 au
| QMMM: Density matrix change        :  0.1D-09
| QMMM: Maximum number of SCF cycles :     1000

| QMMM: *** Diagonalization Routine Information ***
| QMMM: Pseudo diagonalizations are allowed.
| QMMM: Auto diagonalization routine selection is disabled.
| QMMM: Using internal diagonalization routine (diag_routine=1).

  QMMM: QM Region Cartesian Coordinates (*=link atom) 
  QMMM: QM_NO.   MM_NO.  ATOM         X         Y         Z
  QMMM:     1        1      N        3.2730   -2.2370   -1.6490
  QMMM:     2        2      C        4.3860   -1.4210   -1.6980
  QMMM:     3        3      N        4.4530   -0.1080   -1.2380
  QMMM:     4        4      C        3.3450    0.3860   -0.6590
  QMMM:     5        5      C        2.1510   -0.3700   -0.5190
  QMMM:     6        6      C        2.1620   -1.7170   -1.0360
  QMMM:     7        7      C        4.3830    4.0410    0.0300
  QMMM:     8        8      C       -4.9500   -2.5390   -1.8850
  QMMM:     9        9      C       -4.5130    1.8530    3.5420
  QMMM:    10       10      N        5.5610   -1.9780   -2.2100
  QMMM:    11       11      N        1.0500   -2.5160   -0.9020
  QMMM:    12       12      C        0.0170    0.5940    0.6030
  QMMM:    13       13      C        1.0090    0.1570    0.0870
  QMMM:    14       14      C       -4.8820   -0.8020    0.3160
  QMMM:    15       15      C       -4.7920    0.0950    1.3820
  QMMM:    16       16      C       -2.5180   -0.4450   -0.1650
  QMMM:    17       17      C        4.5250    2.6410   -0.5130
  QMMM:    18       18      C       -1.1430    1.1350    1.2430
  QMMM:    19       19      C        3.3380    1.7900   -0.1190
  QMMM:    20       20      C       -3.7480   -1.0690   -0.4520
  QMMM:    21       21      C       -2.4190    0.4440    0.8980
  QMMM:    22       22      C       -3.5750    0.7130    1.6730
  QMMM:    23       23      H        3.4630    4.5310   -0.3710
  QMMM:    24       24      H        4.3150    4.0280    1.1450
  QMMM:    25       25      H        5.2670    4.6580   -0.2620
  QMMM:    26       26      H       -5.7010   -1.7580   -2.1570
  QMMM:    27       27      H       -4.6900   -3.1640   -2.7770
  QMMM:    28       28      H       -5.3360   -3.1800   -1.0550
  QMMM:    29       29      H       -5.3490    2.3120    2.9620
  QMMM:    30       30      H       -4.8470    0.9050    4.0300
  QMMM:    31       31      H       -4.1220    2.5730    4.3050
  QMMM:    32       32      H        5.4730   -2.8080   -2.7460
  QMMM:    33       33      H        6.2790   -1.3460   -2.4760
  QMMM:    34       34      H        1.0130   -3.4020   -1.3420
  QMMM:    35       35      H        0.2090   -2.0990   -0.5850
  QMMM:    36       36      H       -5.8450   -1.2840    0.0980
  QMMM:    37       37      H       -5.6890    0.3030    1.9820
  QMMM:    38       38      H       -1.6420   -0.6670   -0.7940
  QMMM:    39       39      H        4.6100    2.6780   -1.6310
  QMMM:    40       40      H        5.4710    2.1820   -0.1240
  QMMM:    41       41      H       -1.0040    1.0950    2.3650
  QMMM:    42       42      H       -1.2480    2.2270    0.9710
  QMMM:    43       43      H        2.3900    2.2850   -0.4650
  QMMM:    44       44      H        3.2860    1.7140    1.0020
  QMMM:    45       45      O       -3.7110   -1.9440   -1.5240
  QMMM:    46       46      O       -3.3890    1.6200    2.7030

--------------------------------------------------------------------------------
  RESULTS
--------------------------------------------------------------------------------

      iter         sqm energy              rms gradient
      ----    -------------------    -----------------------
xmin    10       23.5300 kcal/mol        0.0003 kcal/(mol*A)
xmin    10       23.5300 kcal/mol        0.0002 kcal/(mol*A)
  ... geometry converged !
 
 Final MO eigenvalues (eV):
 -40.9004  -40.4050  -39.5080  -37.4291  -36.7336  -36.5712  -35.1213  -33.9620
 -32.8482  -31.9579  -30.8101  -30.0973  -28.4164  -27.8761  -27.4442  -26.9970
 -23.7828  -23.3579  -22.9412  -22.2443  -21.4173  -19.2161  -19.1070  -18.6776
 -18.2907  -18.1984  -17.5473  -16.9162  -16.7313  -16.4026  -16.1715  -15.9427
 -15.8071  -15.5429  -15.4766  -15.1562  -15.1277  -14.8268  -14.6866  -14.6133
 -13.9742  -13.6597  -13.5845  -13.3684  -13.2056  -13.0159  -12.9045  -12.6381
 -12.4635  -12.3424  -12.2075  -11.9434  -11.7507  -11.7178  -11.3341  -11.1461
 -10.9214  -10.6836   -9.8534   -9.7667   -9.7320   -8.6700   -8.2670    0.0689
   0.2294    0.4425    0.6371    1.6753    2.0780    2.1401    2.3840    2.5262
   2.6529    2.6966    3.1171    3.3481    3.4645    3.6071    3.6770    3.7962
   3.8575    3.9142    4.0016    4.0103    4.0839    4.1047    4.1470    4.1696
   4.1834    4.2577    4.3051    4.4010    4.5078    4.5797    4.6258    4.6380
   4.7364    4.7949    4.9171    4.9606    5.1155    5.1471    5.1889    5.2390
   5.2902    5.3350    5.3805    5.4864    5.5327    5.6717    5.9374    6.2148
   6.2340    6.2508    6.4317    6.5696    6.9394    7.4155

 Heat of formation   =         23.52996490 kcal/mol  (        1.02033584 eV)

 Total SCF energy    =     -93952.17446668 kcal/mol  (    -4074.07200324 eV)
 Electronic energy   =    -665643.70943564 kcal/mol  (   -28864.47723150 eV)
 Core-core repulsion =     571691.53496895 kcal/mol  (    24790.40522826 eV)
 
    Atomic Charges for Step       1 :
  Atom    Element       Mulliken Charge
     1      N                 -0.309
     2      C                  0.197
     3      N                 -0.265
     4      C                  0.118
     5      C                 -0.213
     6      C                  0.231
     7      C                 -0.213
     8      C                 -0.075
     9      C                 -0.075
    10      N                 -0.330
    11      N                 -0.360
    12      C                 -0.180
    13      C                 -0.093
    14      C                 -0.172
    15      C                 -0.165
    16      C                 -0.123
    17      C                 -0.151
    18      C                 -0.003
    19      C                 -0.122
    20      C                  0.049
    21      C                 -0.055
    22      C                  0.043
    23      H                  0.070
    24      H                  0.071
    25      H                  0.073
    26      H                  0.073
    27      H                  0.105
    28      H                  0.071
    29      H                  0.071
    30      H                  0.073
    31      H                  0.106
    32      H                  0.224
    33      H                  0.225
    34      H                  0.235
    35      H                  0.239
    36      H                  0.139
    37      H                  0.139
    38      H                  0.153
    39      H                  0.088
    40      H                  0.095
    41      H                  0.121
    42      H                  0.115
    43      H                  0.103
    44      H                  0.105
    45      O                 -0.214
    46      O                 -0.213
 Total Mulliken Charge =      -0.000
 
                  X        Y        Z     TOTAL  
  QM DIPOLE    -4.051   -0.420   -0.331    4.087
 
 Final Structure

  QMMM: QM Region Cartesian Coordinates (*=link atom) 
  QMMM: QM_NO.   MM_NO.  ATOM         X         Y         Z
  QMMM:     1        1      N        3.2732   -2.2368   -1.6489
  QMMM:     2        2      C        4.3860   -1.4215   -1.6980
  QMMM:     3        3      N        4.4533   -0.1082   -1.2384
  QMMM:     4        4      C        3.3451    0.3864   -0.6591
  QMMM:     5        5      C        2.1513   -0.3697   -0.5189
  QMMM:     6        6      C        2.1617   -1.7167   -1.0361
  QMMM:     7        7      C        4.3830    4.0411    0.0300
  QMMM:     8        8      C       -4.9504   -2.5394   -1.8852
  QMMM:     9        9      C       -4.5126    1.8527    3.5422
  QMMM:    10       10      N        5.5606   -1.9776   -2.2101
  QMMM:    11       11      N        1.0496   -2.5160   -0.9018
  QMMM:    12       12      C        0.0171    0.5936    0.6032
  QMMM:    13       13      C        1.0086    0.1571    0.0872
  QMMM:    14       14      C       -4.8818   -0.8020    0.3162
  QMMM:    15       15      C       -4.7917    0.0954    1.3822
  QMMM:    16       16      C       -2.5180   -0.4450   -0.1651
  QMMM:    17       17      C        4.5251    2.6414   -0.5134
  QMMM:    18       18      C       -1.1428    1.1353    1.2432
  QMMM:    19       19      C        3.3383    1.7895   -0.1187
  QMMM:    20       20      C       -3.7476   -1.0689   -0.4517
  QMMM:    21       21      C       -2.4188    0.4437    0.8980
  QMMM:    22       22      C       -3.5746    0.7129    1.6724
  QMMM:    23       23      H        3.4628    4.5311   -0.3707
  QMMM:    24       24      H        4.3151    4.0280    1.1448
  QMMM:    25       25      H        5.2665    4.6584   -0.2619
  QMMM:    26       26      H       -5.7013   -1.7583   -2.1571
  QMMM:    27       27      H       -4.6900   -3.1639   -2.7772
  QMMM:    28       28      H       -5.3364   -3.1804   -1.0555
  QMMM:    29       29      H       -5.3496    2.3116    2.9616
  QMMM:    30       30      H       -4.8474    0.9052    4.0299
  QMMM:    31       31      H       -4.1219    2.5730    4.3053
  QMMM:    32       32      H        5.4726   -2.8083   -2.7461
  QMMM:    33       33      H        6.2790   -1.3460   -2.4756
  QMMM:    34       34      H        1.0125   -3.4016   -1.3419
  QMMM:    35       35      H        0.2089   -2.0994   -0.5850
  QMMM:    36       36      H       -5.8448   -1.2836    0.0982
  QMMM:    37       37      H       -5.6888    0.3032    1.9821
  QMMM:    38       38      H       -1.6422   -0.6668   -0.7938
  QMMM:    39       39      H        4.6102    2.6781   -1.6312
  QMMM:    40       40      H        5.4714    2.1816   -0.1238
  QMMM:    41       41      H       -1.0043    1.0951    2.3644
  QMMM:    42       42      H       -1.2476    2.2268    0.9712
  QMMM:    43       43      H        2.3902    2.2851   -0.4653
  QMMM:    44       44      H        3.2856    1.7141    1.0023
  QMMM:    45       45      O       -3.7106   -1.9443   -1.5237
  QMMM:    46       46      O       -3.3887    1.6198    2.7026

           --------- Calculation Completed ----------

