            --------------------------------------------------------
                             AMBER SQM VERSION 14
 
                                     By
              Ross C. Walker, Michael F. Crowley, Scott Brozell,
                         Tim Giese, Andreas W. Goetz,
                        Tai-Sung Lee and David A. Case
 
            --------------------------------------------------------
 

--------------------------------------------------------------------------------
  QM CALCULATION INFO
--------------------------------------------------------------------------------

| QMMM: Citation for AMBER QMMM Run:
| QMMM: R.C. Walker, M.F. Crowley and D.A. Case, J. COMP. CHEM. 29:1019, 2008

QMMM: SINGLET STATE CALCULATION
QMMM: RHF CALCULATION, NO. OF DOUBLY OCCUPIED LEVELS = 68

| QMMM: *** Selected Hamiltonian *** 
| QMMM: AM1         

| QMMM: *** Parameter sets in use ***
| QMMM: C : M.J.S.DEWAR et al. JACS, 107, 3902, (1985)
| QMMM: O : M.J.S.DEWAR et al. JACS, 107, 3902, (1985)
| QMMM: N : M.J.S.DEWAR et al. JACS, 107, 3902, (1985)
| QMMM: H : M.J.S.DEWAR et al. JACS, 107, 3902, (1985)

| QMMM: *** SCF convergence criteria ***
| QMMM: Energy change                :  0.1D-09 kcal/mol
| QMMM: Error matrix |FP-PF|         :  0.1D+00 au
| QMMM: Density matrix change        :  0.1D-09
| QMMM: Maximum number of SCF cycles :     1000

| QMMM: *** Diagonalization Routine Information ***
| QMMM: Pseudo diagonalizations are allowed.
| QMMM: Auto diagonalization routine selection is disabled.
| QMMM: Using internal diagonalization routine (diag_routine=1).

  QMMM: QM Region Cartesian Coordinates (*=link atom) 
  QMMM: QM_NO.   MM_NO.  ATOM         X         Y         Z
  QMMM:     1        1      C       -0.3770    0.5150   -0.2660
  QMMM:     2        2      C        1.0620    0.1820   -0.0790
  QMMM:     3        3      O        1.6310   -0.2910    0.8860
  QMMM:     4        4      N        1.9430    0.5030   -1.2950
  QMMM:     5        5      C        3.3340   -0.0400   -1.2180
  QMMM:     6        6      C        4.2790    0.7040   -2.1950
  QMMM:     7        7      O        4.1990    2.0690   -1.8460
  QMMM:     8        8      C        5.7000    0.1370   -2.0010
  QMMM:     9        9      O        6.5020    0.8620   -2.9110
  QMMM:    10       10      C        5.6810   -1.3460   -2.3770
  QMMM:    11       11      C        7.0000   -2.0660   -2.0450
  QMMM:    12       12      O        7.0010   -3.3420   -2.6370
  QMMM:    13       13      O        4.6910   -2.0780   -1.6160
  QMMM:    14       14      C        3.4440   -1.5370   -1.4560
  QMMM:    15       15      N        2.4030   -2.3390   -1.3270
  QMMM:    16       16      O        2.5320   -3.6320   -1.5630
  QMMM:    17       17      C        3.3960   -4.4170   -0.7990
  QMMM:    18       18      O        4.0710   -4.0110    0.1280
  QMMM:    19       19      N        3.3780   -5.8260   -1.2840
  QMMM:    20       20      C        2.6730   -6.7220   -0.3550
  QMMM:    21       21      C        1.4030   -7.2160   -0.7040
  QMMM:    22       22      C        0.7690   -8.1050    0.1610
  QMMM:    23       23      C        1.3820   -8.4920    1.3560
  QMMM:    24       24      C        2.6390   -7.9870    1.6960
  QMMM:    25       25      C        3.2960   -7.0970    0.8500
  QMMM:    26       26      H       -0.8470   -0.1820   -1.0080
  QMMM:    27       27      H       -0.8990    0.3890    0.7230
  QMMM:    28       28      H       -0.5180    1.5720   -0.6090
  QMMM:    29       29      H        1.4740    0.1620   -2.1410
  QMMM:    30       30      H        3.7020    0.1460   -0.1520
  QMMM:    31       31      H        3.9570    0.5650   -3.2670
  QMMM:    32       32      H        4.9230    2.5330   -2.3010
  QMMM:    33       33      H        6.0430    0.2820   -0.9400
  QMMM:    34       34      H        7.4060    0.8850   -2.5630
  QMMM:    35       35      H        5.4280   -1.4730   -3.4670
  QMMM:    36       36      H        7.8500   -1.4260   -2.3970
  QMMM:    37       37      H        7.0760   -2.2450   -0.9370
  QMMM:    38       38      H        7.4190   -3.2710   -3.5060
  QMMM:    39       39      H        2.9240   -5.8670   -2.2090
  QMMM:    40       40      H        0.9040   -6.9250   -1.6430
  QMMM:    41       41      H       -0.2240   -8.5070   -0.1060
  QMMM:    42       42      H        0.8710   -9.2010    2.0320
  QMMM:    43       43      H        3.1220   -8.2930    2.6410
  QMMM:    44       44      H        4.2850   -6.6990    1.1350
  QMMM:    45       45      H        2.0280    1.5330   -1.3650
  QMMM:    46       46      H        4.3610   -6.1380   -1.3650

--------------------------------------------------------------------------------
  RESULTS
--------------------------------------------------------------------------------

      iter         sqm energy              rms gradient
      ----    -------------------    -----------------------
xmin    10      172.6999 kcal/mol        0.0004 kcal/(mol*A)
xmin    10      172.6999 kcal/mol        0.0002 kcal/(mol*A)
  ... geometry converged !
 
 Final MO eigenvalues (eV):
 -48.9998  -48.4223  -47.4025  -46.4222  -45.3168  -45.0821  -44.5010  -43.4581
 -43.2527  -42.9910  -40.2008  -38.9193  -37.5954  -37.3589  -36.5111  -36.0175
 -33.1869  -31.8565  -30.0979  -29.5794  -29.3925  -29.0985  -28.8353  -27.9158
 -26.9889  -26.6966  -25.8992  -25.6998  -25.4669  -25.4269  -24.9729  -24.8599
 -23.8916  -23.8721  -23.4572  -23.2108  -22.9030  -22.6730  -22.5945  -22.3593
 -22.3553  -22.2252  -21.8587  -21.2328  -21.1206  -20.9031  -20.6249  -20.4175
 -20.0866  -20.0194  -19.9854  -19.9201  -19.8447  -19.7056  -19.4234  -19.2097
 -19.0305  -18.7818  -18.5292  -18.0036  -17.8738  -17.7379  -17.6173  -17.5896
 -17.0124  -16.6601  -15.6022  -15.4603   -7.2907   -6.7285   -6.6015   -6.4832
  -6.1729   -5.7673   -5.1689   -5.1523   -4.9480   -4.5734   -4.2892   -4.2777
  -4.0048   -3.7269   -3.5759   -3.3997   -3.3935   -3.3521   -3.3264   -3.2188
  -3.0406   -2.8441   -2.7881   -2.7316   -2.5843   -2.3564   -2.3516   -2.3115
  -2.2349   -2.1587   -1.9938   -1.9133   -1.7762   -1.6911   -1.6796   -1.4921
  -1.3895   -1.3225   -1.3069   -1.1731   -1.0757   -1.0728   -0.8259   -0.8060
  -0.7592   -0.3439   -0.0849   -0.0376    0.1348    0.1426    0.2059    0.3340
   0.8926

 Heat of formation   =        172.69991547 kcal/mol  (        7.48883030 eV)

 Total SCF energy    =    -116581.94562903 kcal/mol  (    -5055.37251763 eV)
 Electronic energy   =    -839753.34886178 kcal/mol  (   -36414.43774606 eV)
 Core-core repulsion =     723171.40323275 kcal/mol  (    31359.06522843 eV)
 
    Atomic Charges for Step       1 :
  Atom    Element       Mulliken Charge
     1      C                 -0.258
     2      C                  0.282
     3      O                 -0.149
     4      N                 -0.115
     5      C                 -0.056
     6      C                  0.017
     7      O                 -0.344
     8      C                 -0.021
     9      O                 -0.304
    10      C                 -0.033
    11      C                 -0.015
    12      O                 -0.319
    13      O                 -0.213
    14      C                  0.087
    15      N                 -0.057
    16      O                 -0.134
    17      C                  0.316
    18      O                 -0.181
    19      N                  0.010
    20      C                 -0.163
    21      C                 -0.094
    22      C                 -0.101
    23      C                 -0.053
    24      C                 -0.099
    25      C                 -0.089
    26      H                  0.156
    27      H                  0.184
    28      H                  0.153
    29      H                  0.259
    30      H                  0.211
    31      H                  0.128
    32      H                  0.280
    33      H                  0.129
    34      H                  0.247
    35      H                  0.136
    36      H                  0.111
    37      H                  0.137
    38      H                  0.226
    39      H                  0.278
    40      H                  0.158
    41      H                  0.181
    42      H                  0.183
    43      H                  0.183
    44      H                  0.168
    45      H                  0.289
    46      H                  0.288
 Total Mulliken Charge =       2.000
 
                  X        Y        Z     TOTAL  
  QM DIPOLE    28.210  -24.108  -12.499   39.156
 
 Final Structure

  QMMM: QM Region Cartesian Coordinates (*=link atom) 
  QMMM: QM_NO.   MM_NO.  ATOM         X         Y         Z
  QMMM:     1        1      C       -0.3771    0.5152   -0.2661
  QMMM:     2        2      C        1.0616    0.1823   -0.0789
  QMMM:     3        3      O        1.6308   -0.2906    0.8858
  QMMM:     4        4      N        1.9428    0.5029   -1.2947
  QMMM:     5        5      C        3.3340   -0.0402   -1.2179
  QMMM:     6        6      C        4.2790    0.7043   -2.1952
  QMMM:     7        7      O        4.1988    2.0690   -1.8463
  QMMM:     8        8      C        5.6999    0.1371   -2.0012
  QMMM:     9        9      O        6.5024    0.8617   -2.9109
  QMMM:    10       10      C        5.6815   -1.3464   -2.3766
  QMMM:    11       11      C        6.9996   -2.0658   -2.0447
  QMMM:    12       12      O        7.0006   -3.3421   -2.6372
  QMMM:    13       13      O        4.6907   -2.0782   -1.6159
  QMMM:    14       14      C        3.4443   -1.5372   -1.4560
  QMMM:    15       15      N        2.4033   -2.3389   -1.3272
  QMMM:    16       16      O        2.5318   -3.6319   -1.5627
  QMMM:    17       17      C        3.3955   -4.4174   -0.7994
  QMMM:    18       18      O        4.0714   -4.0114    0.1279
  QMMM:    19       19      N        3.3781   -5.8259   -1.2839
  QMMM:    20       20      C        2.6731   -6.7224   -0.3549
  QMMM:    21       21      C        1.4027   -7.2161   -0.7037
  QMMM:    22       22      C        0.7691   -8.1050    0.1613
  QMMM:    23       23      C        1.3819   -8.4921    1.3557
  QMMM:    24       24      C        2.6389   -7.9868    1.6962
  QMMM:    25       25      C        3.2962   -7.0970    0.8498
  QMMM:    26       26      H       -0.8471   -0.1819   -1.0076
  QMMM:    27       27      H       -0.8985    0.3885    0.7229
  QMMM:    28       28      H       -0.5183    1.5721   -0.6090
  QMMM:    29       29      H        1.4743    0.1618   -2.1406
  QMMM:    30       30      H        3.7022    0.1459   -0.1523
  QMMM:    31       31      H        3.9575    0.5649   -3.2665
  QMMM:    32       32      H        4.9228    2.5334   -2.3014
  QMMM:    33       33      H        6.0429    0.2818   -0.9399
  QMMM:    34       34      H        7.4058    0.8850   -2.5629
  QMMM:    35       35      H        5.4281   -1.4730   -3.4666
  QMMM:    36       36      H        7.8502   -1.4259   -2.3976
  QMMM:    37       37      H        7.0759   -2.2455   -0.9371
  QMMM:    38       38      H        7.4192   -3.2708   -3.5059
  QMMM:    39       39      H        2.9245   -5.8670   -2.2089
  QMMM:    40       40      H        0.9043   -6.9246   -1.6429
  QMMM:    41       41      H       -0.2238   -8.5069   -0.1065
  QMMM:    42       42      H        0.8713   -9.2008    2.0321
  QMMM:    43       43      H        3.1218   -8.2927    2.6410
  QMMM:    44       44      H        4.2847   -6.6987    1.1347
  QMMM:    45       45      H        2.0277    1.5328   -1.3651
  QMMM:    46       46      H        4.3607   -6.1375   -1.3653

           --------- Calculation Completed ----------

