            --------------------------------------------------------
                             AMBER SQM VERSION 14
 
                                     By
              Ross C. Walker, Michael F. Crowley, Scott Brozell,
                         Tim Giese, Andreas W. Goetz,
                        Tai-Sung Lee and David A. Case
 
            --------------------------------------------------------
 

--------------------------------------------------------------------------------
  QM CALCULATION INFO
--------------------------------------------------------------------------------

| QMMM: Citation for AMBER QMMM Run:
| QMMM: R.C. Walker, M.F. Crowley and D.A. Case, J. COMP. CHEM. 29:1019, 2008

QMMM: SINGLET STATE CALCULATION
QMMM: RHF CALCULATION, NO. OF DOUBLY OCCUPIED LEVELS = 55

| QMMM: *** Selected Hamiltonian *** 
| QMMM: AM1         

| QMMM: *** Parameter sets in use ***
| QMMM: C : M.J.S.DEWAR et al. JACS, 107, 3902, (1985)
| QMMM: N : M.J.S.DEWAR et al. JACS, 107, 3902, (1985)
| QMMM: O : M.J.S.DEWAR et al. JACS, 107, 3902, (1985)
| QMMM: H : M.J.S.DEWAR et al. JACS, 107, 3902, (1985)

| QMMM: *** SCF convergence criteria ***
| QMMM: Energy change                :  0.1D-09 kcal/mol
| QMMM: Error matrix |FP-PF|         :  0.1D+00 au
| QMMM: Density matrix change        :  0.1D-09
| QMMM: Maximum number of SCF cycles :     1000

| QMMM: *** Diagonalization Routine Information ***
| QMMM: Pseudo diagonalizations are allowed.
| QMMM: Auto diagonalization routine selection is disabled.
| QMMM: Using internal diagonalization routine (diag_routine=1).

  QMMM: QM Region Cartesian Coordinates (*=link atom) 
  QMMM: QM_NO.   MM_NO.  ATOM         X         Y         Z
  QMMM:     1        1      C       -3.2700   -0.8400   -2.6160
  QMMM:     2        2      C       -2.5980   -0.8180   -1.2410
  QMMM:     3        3      C       -3.4090    0.0340   -0.2930
  QMMM:     4        4      C       -3.9190   -0.5320    0.8800
  QMMM:     5        5      C       -4.6800    0.2410    1.7560
  QMMM:     6        6      C       -4.9270    1.5840    1.4700
  QMMM:     7        7      C        1.1540   -1.6410    0.8540
  QMMM:     8        8      C       -0.3150   -1.9780    0.5540
  QMMM:     9        9      C        3.1070    0.7850   -0.1540
  QMMM:    10       10      C        4.0480    1.4450   -0.9870
  QMMM:    11       11      C        5.2490    1.8910   -0.4210
  QMMM:    12       12      C        4.6840    1.0960    1.6550
  QMMM:    13       13      C        3.4480    0.6100    1.2050
  QMMM:    14       14      C       -4.4120    2.1540    0.3050
  QMMM:    15       15      C       -3.6550    1.3820   -0.5740
  QMMM:    16       16      N       -1.2050   -0.3880   -1.3470
  QMMM:    17       17      C       -0.3040   -0.8400   -0.4320
  QMMM:    18       18      C        1.0430   -0.5470   -0.1660
  QMMM:    19       19      O       -1.1340   -2.8000    0.9170
  QMMM:    20       20      N        1.8720    0.4060   -0.6890
  QMMM:    21       21      N        5.5800    1.7290    0.8750
  QMMM:    22       22      H       -2.7300   -1.5320   -3.3060
  QMMM:    23       23      H       -4.3190   -1.1990   -2.4910
  QMMM:    24       24      H       -3.2930    0.1780   -3.0740
  QMMM:    25       25      H       -2.5850   -1.8830   -0.8460
  QMMM:    26       26      H       -3.7130   -1.5890    1.1150
  QMMM:    27       27      H       -5.0810   -0.2090    2.6750
  QMMM:    28       28      H       -5.5260    2.1930    2.1620
  QMMM:    29       29      H        3.8520    1.6130   -2.0540
  QMMM:    30       30      H        5.9980    2.4100   -1.0460
  QMMM:    31       31      H        4.9760    0.9680    2.7140
  QMMM:    32       32      H        2.7750    0.0940    1.9050
  QMMM:    33       33      H       -4.6040    3.2130    0.0790
  QMMM:    34       34      H       -3.2560    1.8340   -1.4940
  QMMM:    35       35      H        1.7460    0.5930   -1.6620
  QMMM:    36       36      H       -1.0960    0.5730   -1.6040
  QMMM:    37       37      O        2.0040   -2.0730    1.6070

--------------------------------------------------------------------------------
  RESULTS
--------------------------------------------------------------------------------

  ... geometry converged !
 
 Final MO eigenvalues (eV):
 -41.7433  -40.3832  -40.1040  -39.0418  -38.4115  -37.3175  -35.2089  -32.4414
 -31.7855  -31.5658  -31.2890  -30.1165  -25.4883  -24.9213  -24.3242  -23.8289
 -23.2566  -22.6897  -21.7337  -19.8007  -19.2727  -18.8920  -18.3096  -17.5322
 -17.1181  -16.9031  -16.7771  -16.4181  -16.2525  -16.0627  -15.7013  -15.4701
 -15.1437  -15.0107  -14.6218  -14.6023  -14.4488  -14.3086  -14.2360  -13.6162
 -13.3562  -13.3236  -12.9746  -12.8566  -12.5852  -12.4595  -12.0398  -11.8779
 -10.7775  -10.4923  -10.1517  -10.0064   -9.9972   -9.8951   -8.3956   -0.7022
  -0.2057    0.0623    0.1441    0.2236    0.3802    1.2807    1.8165    2.0366
   2.1864    2.3800    2.5877    2.7796    3.1582    3.3078    3.3903    3.4493
   3.5049    3.6522    3.7481    3.7889    3.8067    3.8263    3.8768    4.0095
   4.1360    4.1911    4.2755    4.3198    4.3753    4.5658    4.6597    4.7197
   4.7339    4.7714    4.7981    5.1634    5.2090    5.3268    5.3850    5.4585
   5.4959    5.6833    5.7063    5.7602    5.8805    6.3666    6.8738

 Heat of formation   =         59.35439311 kcal/mol  (        2.57379962 eV)

 Total SCF energy    =     -83974.19703038 kcal/mol  (    -3641.39443348 eV)
 Electronic energy   =    -557435.37693388 kcal/mol  (   -24172.21182663 eV)
 Core-core repulsion =     473461.17990350 kcal/mol  (    20530.81739315 eV)
 
    Atomic Charges for Step       1 :
  Atom    Element       Mulliken Charge
     1      C                 -0.211
     2      C                  0.037
     3      C                 -0.123
     4      C                 -0.110
     5      C                 -0.128
     6      C                 -0.120
     7      C                  0.235
     8      C                  0.226
     9      C                  0.111
    10      C                 -0.243
    11      C                 -0.044
    12      C                 -0.041
    13      C                 -0.213
    14      C                 -0.129
    15      C                 -0.123
    16      N                 -0.238
    17      C                 -0.065
    18      C                 -0.102
    19      O                 -0.234
    20      N                 -0.226
    21      N                 -0.159
    22      H                  0.090
    23      H                  0.094
    24      H                  0.077
    25      H                  0.128
    26      H                  0.147
    27      H                  0.137
    28      H                  0.135
    29      H                  0.140
    30      H                  0.159
    31      H                  0.163
    32      H                  0.161
    33      H                  0.134
    34      H                  0.127
    35      H                  0.231
    36      H                  0.205
    37      O                 -0.231
 Total Mulliken Charge =      -0.000
 
                  X        Y        Z     TOTAL  
  QM DIPOLE    -3.821    2.508   -3.575    5.803
 
 Final Structure

  QMMM: QM Region Cartesian Coordinates (*=link atom) 
  QMMM: QM_NO.   MM_NO.  ATOM         X         Y         Z
  QMMM:     1        1      C       -3.2697   -0.8397   -2.6160
  QMMM:     2        2      C       -2.5975   -0.8182   -1.2408
  QMMM:     3        3      C       -3.4095    0.0339   -0.2934
  QMMM:     4        4      C       -3.9191   -0.5323    0.8795
  QMMM:     5        5      C       -4.6796    0.2416    1.7557
  QMMM:     6        6      C       -4.9273    1.5839    1.4699
  QMMM:     7        7      C        1.1541   -1.6411    0.8538
  QMMM:     8        8      C       -0.3146   -1.9781    0.5544
  QMMM:     9        9      C        3.1075    0.7850   -0.1545
  QMMM:    10       10      C        4.0475    1.4451   -0.9868
  QMMM:    11       11      C        5.2491    1.8910   -0.4208
  QMMM:    12       12      C        4.6845    1.0959    1.6555
  QMMM:    13       13      C        3.4476    0.6104    1.2052
  QMMM:    14       14      C       -4.4125    2.1537    0.3051
  QMMM:    15       15      C       -3.6550    1.3818   -0.5742
  QMMM:    16       16      N       -1.2051   -0.3882   -1.3473
  QMMM:    17       17      C       -0.3040   -0.8402   -0.4324
  QMMM:    18       18      C        1.0433   -0.5472   -0.1664
  QMMM:    19       19      O       -1.1340   -2.7994    0.9171
  QMMM:    20       20      N        1.8723    0.4057   -0.6889
  QMMM:    21       21      N        5.5805    1.7294    0.8748
  QMMM:    22       22      H       -2.7302   -1.5318   -3.3057
  QMMM:    23       23      H       -4.3192   -1.1992   -2.4908
  QMMM:    24       24      H       -3.2934    0.1778   -3.0738
  QMMM:    25       25      H       -2.5850   -1.8825   -0.8459
  QMMM:    26       26      H       -3.7129   -1.5892    1.1146
  QMMM:    27       27      H       -5.0811   -0.2093    2.6754
  QMMM:    28       28      H       -5.5262    2.1935    2.1625
  QMMM:    29       29      H        3.8518    1.6128   -2.0538
  QMMM:    30       30      H        5.9984    2.4100   -1.0461
  QMMM:    31       31      H        4.9757    0.9677    2.7144
  QMMM:    32       32      H        2.7754    0.0943    1.9045
  QMMM:    33       33      H       -4.6042    3.2130    0.0792
  QMMM:    34       34      H       -3.2557    1.8344   -1.4942
  QMMM:    35       35      H        1.7456    0.5928   -1.6623
  QMMM:    36       36      H       -1.0964    0.5731   -1.6039
  QMMM:    37       37      O        2.0039   -2.0733    1.6074

           --------- Calculation Completed ----------

