            --------------------------------------------------------
                             AMBER SQM VERSION 14
 
                                     By
              Ross C. Walker, Michael F. Crowley, Scott Brozell,
                         Tim Giese, Andreas W. Goetz,
                        Tai-Sung Lee and David A. Case
 
            --------------------------------------------------------
 

--------------------------------------------------------------------------------
  QM CALCULATION INFO
--------------------------------------------------------------------------------

| QMMM: Citation for AMBER QMMM Run:
| QMMM: R.C. Walker, M.F. Crowley and D.A. Case, J. COMP. CHEM. 29:1019, 2008

QMMM: SINGLET STATE CALCULATION
QMMM: RHF CALCULATION, NO. OF DOUBLY OCCUPIED LEVELS = 30

| QMMM: *** Selected Hamiltonian *** 
| QMMM: AM1         

| QMMM: *** Parameter sets in use ***
| QMMM: C : M.J.S.DEWAR et al. JACS, 107, 3902, (1985)
| QMMM: O : M.J.S.DEWAR et al. JACS, 107, 3902, (1985)
| QMMM: S : M.J.S.DEWAR et al. INORG. CHEM., 29, 3881, (1990)
| QMMM: H : M.J.S.DEWAR et al. JACS, 107, 3902, (1985)

| QMMM: *** SCF convergence criteria ***
| QMMM: Energy change                :  0.1D-09 kcal/mol
| QMMM: Error matrix |FP-PF|         :  0.1D+00 au
| QMMM: Density matrix change        :  0.1D-09
| QMMM: Maximum number of SCF cycles :     1000

| QMMM: *** Diagonalization Routine Information ***
| QMMM: Pseudo diagonalizations are allowed.
| QMMM: Auto diagonalization routine selection is disabled.
| QMMM: Using internal diagonalization routine (diag_routine=1).

  QMMM: QM Region Cartesian Coordinates (*=link atom) 
  QMMM: QM_NO.   MM_NO.  ATOM         X         Y         Z
  QMMM:     1        1      C       -0.1360   -0.0540    0.0200
  QMMM:     2        2      O       -0.8840    0.1100    1.0250
  QMMM:     3        3      O       -0.5540   -0.1010   -1.1700
  QMMM:     4        4      C        1.4040   -0.1500    0.2510
  QMMM:     5        5      C        1.7140   -0.5410    1.6740
  QMMM:     6        6      S        3.1220    0.3010    2.4010
  QMMM:     7        7      C        2.0250   -1.0960   -0.7590
  QMMM:     8        8      C        3.5310   -0.9130   -0.9070
  QMMM:     9        9      C        4.1760   -2.1880   -1.4070
  QMMM:    10       10      C        3.8500    0.2320   -1.8460
  QMMM:    11       11      H        1.7890    0.8900    0.0590
  QMMM:    12       12      H        0.8180   -0.3420    2.3180
  QMMM:    13       13      H        1.9860   -1.6200    1.7560
  QMMM:    14       14      H        2.7220    1.5520    2.2590
  QMMM:    15       15      H        1.5220   -0.9290   -1.7510
  QMMM:    16       16      H        1.8080   -2.1540   -0.4540
  QMMM:    17       17      H        3.9560   -0.6670    0.1110
  QMMM:    18       18      H        4.0210   -3.0160   -0.6740
  QMMM:    19       19      H        3.7310   -2.4950   -2.3840
  QMMM:    20       20      H        5.2740   -2.0420   -1.5480
  QMMM:    21       21      H        3.4820    0.0080   -2.8770
  QMMM:    22       22      H        4.9520    0.4040   -1.8920
  QMMM:    23       23      H        3.3560    1.1690   -1.4930

--------------------------------------------------------------------------------
  RESULTS
--------------------------------------------------------------------------------

  ... geometry converged !
 
 Final MO eigenvalues (eV):
 -34.9649  -32.8223  -29.5425  -29.1157  -24.9596  -24.0069  -20.1669  -17.2820
 -15.4890  -15.0540  -13.0080  -12.3648  -12.0139  -11.5267  -11.0394  -10.5330
 -10.2413  -10.1677   -9.5026   -9.3704   -9.0989   -8.8771   -8.3285   -8.2538
  -7.8753   -7.6472   -5.7554   -5.0884   -4.8584   -4.5169    4.3122    4.9983
   6.8183    6.9052    7.0365    7.3043    7.4016    7.5499    7.6239    7.7260
   7.7379    7.9531    7.9829    8.0863    8.1965    8.3728    8.3997    8.7776
   8.9312    9.0381    9.1126   12.4141   13.3338

 Heat of formation   =       -143.39960199 kcal/mol  (       -6.21827336 eV)

 Total SCF energy    =     -44122.65198385 kcal/mol  (    -1913.30176418 eV)
 Electronic energy   =    -215973.29473431 kcal/mol  (    -9365.30483215 eV)
 Core-core repulsion =     171850.64275045 kcal/mol  (     7452.00306797 eV)
 
    Atomic Charges for Step       1 :
  Atom    Element       Mulliken Charge
     1      C                  0.334
     2      O                 -0.577
     3      O                 -0.567
     4      C                 -0.185
     5      C                 -0.196
     6      S                 -0.154
     7      C                 -0.138
     8      C                 -0.126
     9      C                 -0.198
    10      C                 -0.196
    11      H                  0.079
    12      H                  0.144
    13      H                  0.095
    14      H                  0.042
    15      H                  0.114
    16      H                  0.064
    17      H                  0.104
    18      H                  0.063
    19      H                  0.063
    20      H                  0.049
    21      H                  0.063
    22      H                  0.045
    23      H                  0.079
 Total Mulliken Charge =      -1.000
 
                  X        Y        Z     TOTAL  
  QM DIPOLE     0.384    0.505   -0.814    1.032
 
 Final Structure

  QMMM: QM Region Cartesian Coordinates (*=link atom) 
  QMMM: QM_NO.   MM_NO.  ATOM         X         Y         Z
  QMMM:     1        1      C       -0.1363   -0.0536    0.0196
  QMMM:     2        2      O       -0.8837    0.1100    1.0253
  QMMM:     3        3      O       -0.5544   -0.1014   -1.1701
  QMMM:     4        4      C        1.4040   -0.1496    0.2513
  QMMM:     5        5      C        1.7139   -0.5410    1.6738
  QMMM:     6        6      S        3.1217    0.3006    2.4008
  QMMM:     7        7      C        2.0252   -1.0961   -0.7594
  QMMM:     8        8      C        3.5308   -0.9126   -0.9070
  QMMM:     9        9      C        4.1763   -2.1884   -1.4068
  QMMM:    10       10      C        3.8498    0.2318   -1.8460
  QMMM:    11       11      H        1.7889    0.8901    0.0589
  QMMM:    12       12      H        0.8184   -0.3419    2.3181
  QMMM:    13       13      H        1.9861   -1.6204    1.7562
  QMMM:    14       14      H        2.7220    1.5523    2.2591
  QMMM:    15       15      H        1.5219   -0.9291   -1.7507
  QMMM:    16       16      H        1.8076   -2.1535   -0.4543
  QMMM:    17       17      H        3.9561   -0.6673    0.1113
  QMMM:    18       18      H        4.0211   -3.0161   -0.6738
  QMMM:    19       19      H        3.7311   -2.4952   -2.3839
  QMMM:    20       20      H        5.2743   -2.0422   -1.5485
  QMMM:    21       21      H        3.4824    0.0085   -2.8767
  QMMM:    22       22      H        4.9522    0.4042   -1.8920
  QMMM:    23       23      H        3.3555    1.1688   -1.4932

           --------- Calculation Completed ----------

