            --------------------------------------------------------
                             AMBER SQM VERSION 14
 
                                     By
              Ross C. Walker, Michael F. Crowley, Scott Brozell,
                         Tim Giese, Andreas W. Goetz,
                        Tai-Sung Lee and David A. Case
 
            --------------------------------------------------------
 

--------------------------------------------------------------------------------
  QM CALCULATION INFO
--------------------------------------------------------------------------------

| QMMM: Citation for AMBER QMMM Run:
| QMMM: R.C. Walker, M.F. Crowley and D.A. Case, J. COMP. CHEM. 29:1019, 2008

QMMM: SINGLET STATE CALCULATION
QMMM: RHF CALCULATION, NO. OF DOUBLY OCCUPIED LEVELS = 64

| QMMM: *** Selected Hamiltonian *** 
| QMMM: AM1         

| QMMM: *** Parameter sets in use ***
| QMMM: N : M.J.S.DEWAR et al. JACS, 107, 3902, (1985)
| QMMM: C : M.J.S.DEWAR et al. JACS, 107, 3902, (1985)
| QMMM: O : M.J.S.DEWAR et al. JACS, 107, 3902, (1985)
| QMMM: H : M.J.S.DEWAR et al. JACS, 107, 3902, (1985)

| QMMM: *** SCF convergence criteria ***
| QMMM: Energy change                :  0.1D-09 kcal/mol
| QMMM: Error matrix |FP-PF|         :  0.1D+00 au
| QMMM: Density matrix change        :  0.1D-09
| QMMM: Maximum number of SCF cycles :     1000

| QMMM: *** Diagonalization Routine Information ***
| QMMM: Pseudo diagonalizations are allowed.
| QMMM: Auto diagonalization routine selection is disabled.
| QMMM: Using internal diagonalization routine (diag_routine=1).

  QMMM: QM Region Cartesian Coordinates (*=link atom) 
  QMMM: QM_NO.   MM_NO.  ATOM         X         Y         Z
  QMMM:     1        1      N        5.2070    1.5400    0.5710
  QMMM:     2        2      C        4.0680    2.0560    1.2300
  QMMM:     3        3      N        4.2020    3.2260    1.9440
  QMMM:     4        4      N        2.8310    1.4560    1.2150
  QMMM:     5        5      C        2.7720    0.2930    0.4950
  QMMM:     6        6      C        3.8800   -0.3000   -0.1980
  QMMM:     7        7      C        5.1800    0.3370   -0.1740
  QMMM:     8        8      O        6.2150   -0.0650   -0.7240
  QMMM:     9        9      N        3.4240   -1.4760   -0.8170
  QMMM:    10       10      C        2.0930   -1.6070   -0.5180
  QMMM:    11       11      N        1.6630   -0.5570    0.2780
  QMMM:    12       12      C       -2.1420   -0.5590    0.3560
  QMMM:    13       13      O       -5.3450   -1.7970   -2.0460
  QMMM:    14       14      C       -4.7710    0.2170    0.9730
  QMMM:    15       15      C        0.3240   -0.3240    0.7730
  QMMM:    16       16      C       -0.8150   -0.9840   -0.0190
  QMMM:    17       17      O       -0.5480   -1.8150   -0.9030
  QMMM:    18       18      C       -2.3990    0.2580    1.4770
  QMMM:    19       19      O       -6.8360   -0.7250   -0.7680
  QMMM:    20       20      C       -3.2290   -0.9850   -0.4380
  QMMM:    21       21      C       -3.6850    0.6420    1.7880
  QMMM:    22       22      C       -4.5320   -0.6030   -0.1500
  QMMM:    23       23      C        4.2040   -2.3680   -1.6290
  QMMM:    24       24      H        6.0820    2.0200    0.6170
  QMMM:    25       25      H        5.0540    3.7320    1.9490
  QMMM:    26       26      H        3.4040    3.6170    2.3920
  QMMM:    27       27      H        4.2200   -3.3880   -1.1570
  QMMM:    28       28      H        3.7500   -2.4350   -2.6550
  QMMM:    29       29      H        5.2540   -1.9690   -1.7040
  QMMM:    30       30      H        1.4190   -2.4180   -0.8800
  QMMM:    31       31      H        0.2770   -0.7030    1.8370
  QMMM:    32       32      H        0.1550    0.7940    0.7730
  QMMM:    33       33      H       -3.0560   -1.6330   -1.3190
  QMMM:    34       34      H       -1.5770    0.5930    2.1270
  QMMM:    35       35      H       -3.8970    1.2740    2.6620
  QMMM:    36       36      H       -6.6840    0.3070    0.7400
  QMMM:    37       37      O       -5.9900    0.6520    1.3590
  QMMM:    38       38      C       -5.6550   -1.0820   -1.0610

--------------------------------------------------------------------------------
  RESULTS
--------------------------------------------------------------------------------

  ... geometry converged !
 
 Final MO eigenvalues (eV):
 -44.9274  -42.2831  -40.6878  -40.3321  -39.2114  -38.3606  -36.7410  -36.5441
 -35.7619  -35.5622  -33.1477  -31.9595  -31.7778  -30.7862  -30.4920  -28.7495
 -27.1345  -26.3444  -24.9206  -23.9941  -23.0241  -22.3402  -21.8202  -21.0604
 -20.8795  -19.6485  -19.5416  -19.2425  -18.9581  -18.5593  -18.1627  -17.9328
 -17.8530  -17.7254  -17.6190  -17.3754  -17.0338  -16.2688  -15.9909  -15.7072
 -15.5267  -15.4147  -14.4646  -14.2251  -14.1150  -13.9203  -13.7420  -13.6978
 -13.6517  -13.4602  -13.1320  -13.0969  -12.8085  -12.4562  -12.3220  -11.7440
 -11.3493  -11.2244  -10.8746   -9.1150   -8.2291   -7.8577   -7.5043   -7.4317
  -2.4170   -2.2802   -1.4719   -1.4109   -1.1385   -0.6391   -0.3519    0.0861
   0.1638    0.8488    1.0763    1.1687    1.1767    1.4095    1.5284    1.6339
   1.8979    2.0587    2.3382    2.4463    2.5554    2.5902    2.6810    2.8817
   2.9436    3.3199    3.4051    3.4291    3.5368    3.7341    3.8211    3.8957
   4.3747    4.4745    4.6018    4.6227    5.0225    5.1804    5.3893    5.5510
   5.5683    5.8434    5.9911    6.1593    6.4741    6.6897    7.6827    9.7780
  10.6552

 Heat of formation   =        -18.68535085 kcal/mol  (       -0.81025761 eV)

 Total SCF energy    =    -109117.20073218 kcal/mol  (    -4731.67688878 eV)
 Electronic energy   =    -711464.41596234 kcal/mol  (   -30851.41216610 eV)
 Core-core repulsion =     602347.21523016 kcal/mol  (    26119.73527731 eV)
 
    Atomic Charges for Step       1 :
  Atom    Element       Mulliken Charge
     1      N                 -0.343
     2      C                  0.310
     3      N                 -0.356
     4      N                 -0.246
     5      C                  0.139
     6      C                 -0.257
     7      C                  0.401
     8      O                 -0.314
     9      N                 -0.048
    10      C                  0.081
    11      N                 -0.094
    12      C                 -0.278
    13      O                 -0.516
    14      C                  0.213
    15      C                 -0.106
    16      C                  0.302
    17      O                 -0.361
    18      C                 -0.064
    19      O                 -0.569
    20      C                  0.028
    21      C                 -0.219
    22      C                 -0.233
    23      C                 -0.104
    24      H                  0.267
    25      H                  0.253
    26      H                  0.278
    27      H                  0.122
    28      H                  0.127
    29      H                  0.156
    30      H                  0.298
    31      H                  0.142
    32      H                  0.161
    33      H                  0.182
    34      H                  0.101
    35      H                  0.144
    36      H                  0.306
    37      O                 -0.276
    38      C                  0.373
 Total Mulliken Charge =      -0.000
 
                  X        Y        Z     TOTAL  
  QM DIPOLE    33.533    6.616    7.614   35.017
 
 Final Structure

  QMMM: QM Region Cartesian Coordinates (*=link atom) 
  QMMM: QM_NO.   MM_NO.  ATOM         X         Y         Z
  QMMM:     1        1      N        5.2066    1.5401    0.5712
  QMMM:     2        2      C        4.0679    2.0557    1.2298
  QMMM:     3        3      N        4.2021    3.2264    1.9439
  QMMM:     4        4      N        2.8307    1.4563    1.2147
  QMMM:     5        5      C        2.7725    0.2932    0.4955
  QMMM:     6        6      C        3.8795   -0.3002   -0.1983
  QMMM:     7        7      C        5.1801    0.3371   -0.1742
  QMMM:     8        8      O        6.2154   -0.0652   -0.7236
  QMMM:     9        9      N        3.4242   -1.4754   -0.8165
  QMMM:    10       10      C        2.0928   -1.6067   -0.5180
  QMMM:    11       11      N        1.6631   -0.5568    0.2784
  QMMM:    12       12      C       -2.1420   -0.5594    0.3561
  QMMM:    13       13      O       -5.3448   -1.7970   -2.0461
  QMMM:    14       14      C       -4.7707    0.2170    0.9729
  QMMM:    15       15      C        0.3238   -0.3238    0.7731
  QMMM:    16       16      C       -0.8152   -0.9841   -0.0188
  QMMM:    17       17      O       -0.5476   -1.8150   -0.9032
  QMMM:    18       18      C       -2.3991    0.2581    1.4766
  QMMM:    19       19      O       -6.8358   -0.7250   -0.7679
  QMMM:    20       20      C       -3.2291   -0.9845   -0.4381
  QMMM:    21       21      C       -3.6851    0.6418    1.7882
  QMMM:    22       22      C       -4.5316   -0.6030   -0.1500
  QMMM:    23       23      C        4.2039   -2.3678   -1.6290
  QMMM:    24       24      H        6.0823    2.0196    0.6168
  QMMM:    25       25      H        5.0536    3.7316    1.9488
  QMMM:    26       26      H        3.4044    3.6166    2.3920
  QMMM:    27       27      H        4.2196   -3.3876   -1.1572
  QMMM:    28       28      H        3.7495   -2.4349   -2.6549
  QMMM:    29       29      H        5.2543   -1.9692   -1.7044
  QMMM:    30       30      H        1.4191   -2.4184   -0.8800
  QMMM:    31       31      H        0.2765   -0.7026    1.8367
  QMMM:    32       32      H        0.1545    0.7937    0.7731
  QMMM:    33       33      H       -3.0559   -1.6333   -1.3186
  QMMM:    34       34      H       -1.5770    0.5930    2.1268
  QMMM:    35       35      H       -3.8974    1.2736    2.6616
  QMMM:    36       36      H       -6.6836    0.3076    0.7404
  QMMM:    37       37      O       -5.9897    0.6520    1.3592
  QMMM:    38       38      C       -5.6548   -1.0823   -1.0613

           --------- Calculation Completed ----------

