            --------------------------------------------------------
                             AMBER SQM VERSION 14
 
                                     By
              Ross C. Walker, Michael F. Crowley, Scott Brozell,
                         Tim Giese, Andreas W. Goetz,
                        Tai-Sung Lee and David A. Case
 
            --------------------------------------------------------
 

--------------------------------------------------------------------------------
  QM CALCULATION INFO
--------------------------------------------------------------------------------

| QMMM: Citation for AMBER QMMM Run:
| QMMM: R.C. Walker, M.F. Crowley and D.A. Case, J. COMP. CHEM. 29:1019, 2008

QMMM: SINGLET STATE CALCULATION
QMMM: RHF CALCULATION, NO. OF DOUBLY OCCUPIED LEVELS = 71

| QMMM: *** Selected Hamiltonian *** 
| QMMM: AM1         

| QMMM: *** Parameter sets in use ***
| QMMM: N : M.J.S.DEWAR et al. JACS, 107, 3902, (1985)
| QMMM: C : M.J.S.DEWAR et al. JACS, 107, 3902, (1985)
| QMMM: O : M.J.S.DEWAR et al. JACS, 107, 3902, (1985)
| QMMM: F : M.J.S.DEWAR et al. THEOCHEM, 180, 1, (1988)
| QMMM: H : M.J.S.DEWAR et al. JACS, 107, 3902, (1985)

| QMMM: *** SCF convergence criteria ***
| QMMM: Energy change                :  0.1D-09 kcal/mol
| QMMM: Error matrix |FP-PF|         :  0.1D+00 au
| QMMM: Density matrix change        :  0.5D-06
| QMMM: Maximum number of SCF cycles :     1000

| QMMM: *** Diagonalization Routine Information ***
| QMMM: Pseudo diagonalizations are allowed.
| QMMM: Auto diagonalization routine selection is in use.
| QMMM:
| QMMM: Timing diagonalization routines:
| QMMM:                              norbs =      128
| QMMM:    diag iterations used for timing =       10
| QMMM:
| QMMM:              Internal diag routine = 0.072671 seconds
| QMMM:                 Dspev diag routine = 0.097900 seconds
| QMMM:                Dspevd diag routine = 0.069497 seconds
| QMMM:                Dspevx diag routine = 0.222095 seconds
| QMMM:                 Dsyev diag routine = 0.104116 seconds
| QMMM:                Dsyevd diag routine = 0.084123 seconds
| QMMM:                Dsyevr diag routine = 0.076610 seconds
| QMMM:
| QMMM:                Pseudo diag routine = 0.035192 seconds
| QMMM:
| QMMM: Using dspevd routine (diag_routine=3).

  QMMM: QM Region Cartesian Coordinates (*=link atom) 
  QMMM: QM_NO.   MM_NO.  ATOM         X         Y         Z
  QMMM:     1        1      N        0.0850    0.0830   -0.0060
  QMMM:     2        2      C       -0.3800    0.8180   -1.1450
  QMMM:     3        3      C        0.5060    1.7530   -1.9440
  QMMM:     4        4      C        0.0530    0.4610   -2.5560
  QMMM:     5        5      C        1.4660    0.0790    0.2750
  QMMM:     6        6      C        1.9920    0.0980    1.5210
  QMMM:     7        7      C        3.5110   -0.0870    1.6740
  QMMM:     8        8      O        3.9090   -0.8340    2.5990
  QMMM:     9        9      O        4.2230    0.4910    0.8110
  QMMM:    10       10      C        1.1120    0.2630    2.6730
  QMMM:    11       11      O        1.4250    0.6750    3.7940
  QMMM:    12       12      C       -0.3180   -0.0840    2.3880
  QMMM:    13       13      C       -0.7950   -0.1870    1.0460
  QMMM:    14       14      C       -2.1280   -0.6390    0.8300
  QMMM:    15       15      C       -2.5810   -1.0800   -0.5280
  QMMM:    16       16      O       -3.0290   -2.4440   -0.5430
  QMMM:    17       17      C       -4.3830   -2.6550   -0.2230
  QMMM:    18       18      C       -4.6280   -2.4210    1.2790
  QMMM:    19       19      N       -4.3940   -1.0050    1.6150
  QMMM:    20       20      C       -5.4350   -0.5550    2.5330
  QMMM:    21       21      C       -6.2870   -1.7730    2.9330
  QMMM:    22       22      C       -6.0590   -2.7770    1.7870
  QMMM:    23       23      N       -7.0930   -2.6010    0.7120
  QMMM:    24       24      C       -3.0190   -0.7520    1.9240
  QMMM:    25       25      C       -2.5130   -0.6520    3.2450
  QMMM:    26       26      F       -3.3070   -0.8810    4.3260
  QMMM:    27       27      C       -1.1650   -0.3300    3.4570
  QMMM:    28       28      H       -1.4380    1.1460   -1.0080
  QMMM:    29       29      H        1.5710    1.8760   -1.6690
  QMMM:    30       30      H        0.0610    2.7030   -2.2910
  QMMM:    31       31      H       -0.7110    0.4730   -3.3520
  QMMM:    32       32      H        0.7990   -0.3400   -2.7090
  QMMM:    33       33      H        2.1210    0.0350   -0.6170
  QMMM:    34       34      H       -3.3830   -0.4020   -0.9240
  QMMM:    35       35      H       -1.7300   -1.1350   -1.2680
  QMMM:    36       36      H       -5.0340   -1.9940   -0.8580
  QMMM:    37       37      H       -4.5620   -3.7360   -0.4710
  QMMM:    38       38      H       -3.9140   -3.1020    1.8390
  QMMM:    39       39      H       -5.0410   -0.0220    3.4400
  QMMM:    40       40      H       -6.0690    0.1810    1.9600
  QMMM:    41       41      H       -7.3560   -1.4990    3.0950
  QMMM:    42       42      H       -5.8950   -2.2240    3.8820
  QMMM:    43       43      H       -6.1150   -3.8470    2.1300
  QMMM:    44       44      H       -6.9010   -3.2440   -0.0620
  QMMM:    45       45      H       -7.0450   -1.6370    0.3620
  QMMM:    46       46      H       -0.7690   -0.2590    4.4860
  QMMM:    47       47      H       -8.0260   -2.7800    1.0870

--------------------------------------------------------------------------------
  RESULTS
--------------------------------------------------------------------------------

  ... geometry converged !
 
 Final MO eigenvalues (eV):
 -49.8954  -43.9243  -41.4270  -40.3058  -39.2620  -38.5213  -37.3351  -35.7431
 -34.8794  -33.8498  -33.5352  -32.2928  -31.2707  -30.2660  -29.7321  -28.3312
 -27.2795  -25.2312  -24.4828  -24.0997  -23.3369  -23.2464  -22.9711  -22.7912
 -22.1796  -21.0839  -20.3913  -20.0888  -19.4263  -18.6132  -18.4018  -18.2134
 -17.6302  -17.5060  -17.2174  -17.0338  -16.8724  -16.5311  -16.2313  -16.1438
 -15.9772  -15.6277  -15.5264  -15.1716  -14.9531  -14.8707  -14.5873  -14.1934
 -14.0297  -13.7612  -13.6055  -13.3935  -13.3528  -13.0169  -12.7412  -12.5146
 -12.3386  -12.0968  -12.0422  -11.8407  -11.5379  -11.3881  -11.2598  -10.5421
  -9.7993   -9.4101   -9.1909   -7.6986   -7.0453   -6.7254   -6.6799   -2.4875
  -0.5378   -0.4541   -0.3846   -0.3361   -0.0564    0.4182    0.4492    0.5667
   0.8501    1.4316    1.4922    1.5962    1.6798    1.8820    1.9283    2.0242
   2.1337    2.2713    2.4169    2.4299    2.5757    2.7636    2.8390    3.0324
   3.1057    3.4988    3.5229    3.6177    3.6829    3.7694    3.7883    3.8741
   3.9690    4.1593    4.2473    4.2665    4.5627    4.7301    4.7858    4.8237
   4.8935    5.0320    5.0968    5.1268    5.2674    5.4535    5.5505    5.8720
   5.9582    6.3911    6.5501    6.9431    7.2595    8.0397   10.3827   11.5509


 Heat of formation   =         -8.26360071 kcal/mol  (       -0.35833662 eV)

 Total SCF energy    =    -117369.68928631 kcal/mol  (    -5089.53164591 eV)
 Electronic energy   =    -890476.02174011 kcal/mol  (   -38613.93789255 eV)
 Core-core repulsion =     773106.33245380 kcal/mol  (    33524.40624664 eV)
 
    Atomic Charges for Step       1 :
  Atom    Element       Mulliken Charge
     1      N                 -0.189
     2      C                 -0.044
     3      C                 -0.208
     4      C                 -0.231
     5      C                 -0.041
     6      C                 -0.209
     7      C                  0.385
     8      O                 -0.516
     9      O                 -0.551
    10      C                  0.319
    11      O                 -0.276
    12      C                 -0.161
    13      C                  0.141
    14      C                 -0.148
    15      C                  0.026
    16      O                 -0.241
    17      C                 -0.015
    18      C                 -0.083
    19      N                 -0.224
    20      C                 -0.077
    21      C                 -0.210
    22      C                 -0.091
    23      N                 -0.066
    24      C                 -0.003
    25      C                 -0.009
    26      F                 -0.128
    27      C                 -0.060
    28      H                  0.117
    29      H                  0.151
    30      H                  0.110
    31      H                  0.100
    32      H                  0.131
    33      H                  0.183
    34      H                  0.077
    35      H                  0.148
    36      H                  0.048
    37      H                  0.097
    38      H                  0.151
    39      H                  0.150
    40      H                  0.087
    41      H                  0.107
    42      H                  0.152
    43      H                  0.155
    44      H                  0.252
    45      H                  0.261
    46      H                  0.184
    47      H                  0.245
 Total Mulliken Charge =       0.000
 
                  X        Y        Z     TOTAL  
  QM DIPOLE   -45.521   -9.439   -7.008   47.015
 
 Final Structure

  QMMM: QM Region Cartesian Coordinates (*=link atom) 
  QMMM: QM_NO.   MM_NO.  ATOM         X         Y         Z
  QMMM:     1        1      N        0.0845    0.0832   -0.0063
  QMMM:     2        2      C       -0.3803    0.8175   -1.1446
  QMMM:     3        3      C        0.5061    1.7531   -1.9438
  QMMM:     4        4      C        0.0533    0.4609   -2.5560
  QMMM:     5        5      C        1.4664    0.0794    0.2752
  QMMM:     6        6      C        1.9919    0.0982    1.5210
  QMMM:     7        7      C        3.5110   -0.0871    1.6737
  QMMM:     8        8      O        3.9091   -0.8342    2.5987
  QMMM:     9        9      O        4.2231    0.4912    0.8104
  QMMM:    10       10      C        1.1123    0.2628    2.6729
  QMMM:    11       11      O        1.4249    0.6753    3.7942
  QMMM:    12       12      C       -0.3183   -0.0844    2.3876
  QMMM:    13       13      C       -0.7955   -0.1872    1.0460
  QMMM:    14       14      C       -2.1281   -0.6390    0.8304
  QMMM:    15       15      C       -2.5810   -1.0801   -0.5281
  QMMM:    16       16      O       -3.0292   -2.4440   -0.5428
  QMMM:    17       17      C       -4.3830   -2.6548   -0.2229
  QMMM:    18       18      C       -4.6278   -2.4211    1.2787
  QMMM:    19       19      N       -4.3943   -1.0048    1.6152
  QMMM:    20       20      C       -5.4349   -0.5551    2.5329
  QMMM:    21       21      C       -6.2871   -1.7727    2.9333
  QMMM:    22       22      C       -6.0594   -2.7772    1.7870
  QMMM:    23       23      N       -7.0927   -2.6014    0.7117
  QMMM:    24       24      C       -3.0194   -0.7521    1.9241
  QMMM:    25       25      C       -2.5134   -0.6520    3.2447
  QMMM:    26       26      F       -3.3072   -0.8815    4.3259
  QMMM:    27       27      C       -1.1654   -0.3296    3.4568
  QMMM:    28       28      H       -1.4377    1.1457   -1.0076
  QMMM:    29       29      H        1.5711    1.8760   -1.6692
  QMMM:    30       30      H        0.0611    2.7028   -2.2909
  QMMM:    31       31      H       -0.7111    0.4734   -3.3519
  QMMM:    32       32      H        0.7991   -0.3403   -2.7090
  QMMM:    33       33      H        2.1213    0.0352   -0.6169
  QMMM:    34       34      H       -3.3829   -0.4017   -0.9243
  QMMM:    35       35      H       -1.7298   -1.1350   -1.2676
  QMMM:    36       36      H       -5.0335   -1.9936   -0.8583
  QMMM:    37       37      H       -4.5618   -3.7366   -0.4713
  QMMM:    38       38      H       -3.9142   -3.1016    1.8396
  QMMM:    39       39      H       -5.0410   -0.0223    3.4399
  QMMM:    40       40      H       -6.0687    0.1807    1.9603
  QMMM:    41       41      H       -7.3558   -1.4987    3.0948
  QMMM:    42       42      H       -5.8946   -2.2239    3.8823
  QMMM:    43       43      H       -6.1149   -3.8470    2.1299
  QMMM:    44       44      H       -6.9007   -3.2440   -0.0620
  QMMM:    45       45      H       -7.0454   -1.6368    0.3618
  QMMM:    46       46      H       -0.7691   -0.2589    4.4863
  QMMM:    47       47      H       -8.0262   -2.7798    1.0874

           --------- Calculation Completed ----------

