            --------------------------------------------------------
                             AMBER SQM VERSION 14
 
                                     By
              Ross C. Walker, Michael F. Crowley, Scott Brozell,
                         Tim Giese, Andreas W. Goetz,
                        Tai-Sung Lee and David A. Case
 
            --------------------------------------------------------
 

--------------------------------------------------------------------------------
  QM CALCULATION INFO
--------------------------------------------------------------------------------

| QMMM: Citation for AMBER QMMM Run:
| QMMM: R.C. Walker, M.F. Crowley and D.A. Case, J. COMP. CHEM. 29:1019, 2008

QMMM: SINGLET STATE CALCULATION
QMMM: RHF CALCULATION, NO. OF DOUBLY OCCUPIED LEVELS = 44

| QMMM: *** Selected Hamiltonian *** 
| QMMM: AM1         

| QMMM: *** Parameter sets in use ***
| QMMM: C : M.J.S.DEWAR et al. JACS, 107, 3902, (1985)
| QMMM: O : M.J.S.DEWAR et al. JACS, 107, 3902, (1985)
| QMMM: N : M.J.S.DEWAR et al. JACS, 107, 3902, (1985)
| QMMM: S : M.J.S.DEWAR et al. INORG. CHEM., 29, 3881, (1990)
| QMMM: H : M.J.S.DEWAR et al. JACS, 107, 3902, (1985)

| QMMM: *** SCF convergence criteria ***
| QMMM: Energy change                :  0.1D-09 kcal/mol
| QMMM: Error matrix |FP-PF|         :  0.1D+00 au
| QMMM: Density matrix change        :  0.5D-06
| QMMM: Maximum number of SCF cycles :     1000

| QMMM: *** Diagonalization Routine Information ***
| QMMM: Pseudo diagonalizations are allowed.
| QMMM: Auto diagonalization routine selection is in use.
| QMMM:
| QMMM: Timing diagonalization routines:
| QMMM:                              norbs =       76
| QMMM:    diag iterations used for timing =       15
| QMMM:
| QMMM:              Internal diag routine = 0.034452 seconds
| QMMM:                 Dspev diag routine = 0.054941 seconds
| QMMM:                Dspevd diag routine = 0.041832 seconds
| QMMM:                Dspevx diag routine = 0.133235 seconds
| QMMM:                 Dsyev diag routine = 0.059833 seconds
| QMMM:                Dsyevd diag routine = 0.049247 seconds
| QMMM:                Dsyevr diag routine = 0.042978 seconds
| QMMM:
| QMMM:                Pseudo diag routine = 0.010390 seconds
| QMMM:
| QMMM: Using internal diagonalization routine (diag_routine=1).

  QMMM: QM Region Cartesian Coordinates (*=link atom) 
  QMMM: QM_NO.   MM_NO.  ATOM         X         Y         Z
  QMMM:     1        1      C        0.2210   -0.2340    0.2100
  QMMM:     2        2      C        1.7160    0.0360    0.0990
  QMMM:     3        3      C        2.3640    0.0940    1.5330
  QMMM:     4        4      O        1.7310   -0.4740    2.4610
  QMMM:     5        5      O        3.4930    0.6430    1.6580
  QMMM:     6        6      N        2.0190    1.1800   -0.7580
  QMMM:     7        7      C        1.5380    2.4460   -0.3440
  QMMM:     8        8      C        0.4120    3.0220   -0.9730
  QMMM:     9        9      C       -0.0460    4.2780   -0.5860
  QMMM:    10       10      C        0.5910    4.9770    0.4370
  QMMM:    11       11      C        1.6890    4.4090    1.0810
  QMMM:    12       12      C        2.1650    3.1550    0.7050
  QMMM:    13       13      S        2.9580    1.0270   -2.0590
  QMMM:    14       14      C        1.8250    1.2120   -3.3550
  QMMM:    15       15      O        3.8820    2.0840   -2.2260
  QMMM:    16       16      O        3.4940   -0.2740   -2.2180
  QMMM:    17       17      H       -0.3120    0.6510    0.6290
  QMMM:    18       18      H       -0.2250   -0.4870   -0.7820
  QMMM:    19       19      H        0.0790   -1.0930    0.9110
  QMMM:    20       20      H        2.2020   -0.8650   -0.3900
  QMMM:    21       21      H       -0.1170    2.4760   -1.7700
  QMMM:    22       22      H       -0.9200    4.7150   -1.0890
  QMMM:    23       23      H        0.2250    5.9680    0.7390
  QMMM:    24       24      H        2.1860    4.9480    1.9000
  QMMM:    25       25      H        3.0190    2.6880    1.2390
  QMMM:    26       26      H        1.4520    2.2590   -3.4450
  QMMM:    27       27      H        2.3200    0.9550   -4.3220
  QMMM:    28       28      H        0.9360    0.5480   -3.2570

--------------------------------------------------------------------------------
  RESULTS
--------------------------------------------------------------------------------

      iter         sqm energy              rms gradient
      ----    -------------------    -----------------------
xmin    10     -150.3920 kcal/mol        0.0018 kcal/(mol*A)
  ... geometry converged !
 
 Final MO eigenvalues (eV):
 -37.1336  -34.8255  -34.4038  -33.9667  -32.6456  -29.7876  -28.8856  -28.4351
 -27.7197  -26.5556  -21.2388  -20.5871  -20.0124  -17.2731  -16.3432  -15.6568
 -14.5835  -14.3781  -13.8088  -13.2094  -13.0679  -12.2842  -11.7696  -11.7310
 -11.4316  -11.2479  -11.1347  -10.7298  -10.4980   -9.9912   -9.8028   -9.7491
  -9.6514   -9.4609   -9.4288   -9.2071   -9.1002   -8.4893   -7.7126   -7.0897
  -6.7522   -5.5386   -5.2327   -4.8280    2.4783    3.0124    3.1783    4.9974
   5.4321    5.8581    5.9136    6.3059    6.4004    6.4956    6.5728    6.7113
   7.0046    7.0768    7.1482    7.2502    7.2903    7.5212    7.7360    7.7565
   7.8412    8.0032    8.0139    8.1856    8.3135    8.4056    8.4468    8.6154
   8.7418    9.0366   11.9783   12.9833

 Heat of formation   =       -150.39200258 kcal/mol  (       -6.52148660 eV)

 Total SCF energy    =     -72164.78348046 kcal/mol  (    -3129.29983437 eV)
 Electronic energy   =    -423620.06151051 kcal/mol  (   -18369.54431770 eV)
 Core-core repulsion =     351455.27803004 kcal/mol  (    15240.24448333 eV)
 
    Atomic Charges for Step       1 :
  Atom    Element       Mulliken Charge
     1      C                 -0.202
     2      C                 -0.058
     3      C                  0.337
     4      O                 -0.552
     5      O                 -0.566
     6      N                 -0.775
     7      C                  0.072
     8      C                 -0.149
     9      C                 -0.147
    10      C                 -0.141
    11      C                 -0.136
    12      C                 -0.089
    13      S                  2.815
    14      C                 -0.917
    15      O                 -0.945
    16      O                 -0.940
    17      H                  0.073
    18      H                  0.028
    19      H                  0.109
    20      H                  0.103
    21      H                  0.123
    22      H                  0.113
    23      H                  0.114
    24      H                  0.126
    25      H                  0.210
    26      H                  0.132
    27      H                  0.132
    28      H                  0.132
 Total Mulliken Charge =      -1.000
 
                  X        Y        Z     TOTAL  
  QM DIPOLE   -15.831   -1.311   -5.939   16.959
 
 Final Structure

  QMMM: QM Region Cartesian Coordinates (*=link atom) 
  QMMM: QM_NO.   MM_NO.  ATOM         X         Y         Z
  QMMM:     1        1      C        0.2214   -0.2345    0.2098
  QMMM:     2        2      C        1.7163    0.0362    0.0989
  QMMM:     3        3      C        2.3642    0.0938    1.5326
  QMMM:     4        4      O        1.7305   -0.4736    2.4608
  QMMM:     5        5      O        3.4924    0.6427    1.6579
  QMMM:     6        6      N        2.0192    1.1799   -0.7582
  QMMM:     7        7      C        1.5382    2.4464   -0.3436
  QMMM:     8        8      C        0.4121    3.0219   -0.9733
  QMMM:     9        9      C       -0.0456    4.2782   -0.5862
  QMMM:    10       10      C        0.5911    4.9770    0.4374
  QMMM:    11       11      C        1.6888    4.4086    1.0808
  QMMM:    12       12      C        2.1651    3.1552    0.7049
  QMMM:    13       13      S        2.9583    1.0270   -2.0588
  QMMM:    14       14      C        1.8248    1.2122   -3.3552
  QMMM:    15       15      O        3.8818    2.0841   -2.2258
  QMMM:    16       16      O        3.4938   -0.2737   -2.2183
  QMMM:    17       17      H       -0.3123    0.6513    0.6291
  QMMM:    18       18      H       -0.2249   -0.4868   -0.7823
  QMMM:    19       19      H        0.0793   -1.0930    0.9114
  QMMM:    20       20      H        2.2018   -0.8647   -0.3898
  QMMM:    21       21      H       -0.1168    2.4759   -1.7694
  QMMM:    22       22      H       -0.9200    4.7149   -1.0890
  QMMM:    23       23      H        0.2244    5.9678    0.7392
  QMMM:    24       24      H        2.1863    4.9484    1.8998
  QMMM:    25       25      H        3.0190    2.6878    1.2392
  QMMM:    26       26      H        1.4523    2.2588   -3.4449
  QMMM:    27       27      H        2.3197    0.9547   -4.3216
  QMMM:    28       28      H        0.9360    0.5476   -3.2574

           --------- Calculation Completed ----------

