            --------------------------------------------------------
                             AMBER SQM VERSION 14
 
                                     By
              Ross C. Walker, Michael F. Crowley, Scott Brozell,
                         Tim Giese, Andreas W. Goetz,
                        Tai-Sung Lee and David A. Case
 
            --------------------------------------------------------
 

--------------------------------------------------------------------------------
  QM CALCULATION INFO
--------------------------------------------------------------------------------

| QMMM: Citation for AMBER QMMM Run:
| QMMM: R.C. Walker, M.F. Crowley and D.A. Case, J. COMP. CHEM. 29:1019, 2008

QMMM: SINGLET STATE CALCULATION
QMMM: RHF CALCULATION, NO. OF DOUBLY OCCUPIED LEVELS = 55

| QMMM: *** Selected Hamiltonian *** 
| QMMM: AM1         

| QMMM: *** Parameter sets in use ***
| QMMM: O : M.J.S.DEWAR et al. JACS, 107, 3902, (1985)
| QMMM: C : M.J.S.DEWAR et al. JACS, 107, 3902, (1985)
| QMMM: N : M.J.S.DEWAR et al. JACS, 107, 3902, (1985)
| QMMM: S : M.J.S.DEWAR et al. INORG. CHEM., 29, 3881, (1990)
| QMMM: H : M.J.S.DEWAR et al. JACS, 107, 3902, (1985)

| QMMM: *** SCF convergence criteria ***
| QMMM: Energy change                :  0.1D-09 kcal/mol
| QMMM: Error matrix |FP-PF|         :  0.1D+00 au
| QMMM: Density matrix change        :  0.5D-06
| QMMM: Maximum number of SCF cycles :     1000

| QMMM: *** Diagonalization Routine Information ***
| QMMM: Pseudo diagonalizations are allowed.
| QMMM: Auto diagonalization routine selection is in use.
| QMMM:
| QMMM: Timing diagonalization routines:
| QMMM:                              norbs =      102
| QMMM:    diag iterations used for timing =       10
| QMMM:
| QMMM:              Internal diag routine = 0.024267 seconds
| QMMM:                 Dspev diag routine = 0.034382 seconds
| QMMM:                Dspevd diag routine = 0.024472 seconds
| QMMM:                Dspevx diag routine = 0.094515 seconds
| QMMM:                 Dsyev diag routine = 0.037429 seconds
| QMMM:                Dsyevd diag routine = 0.029393 seconds
| QMMM:                Dsyevr diag routine = 0.029018 seconds
| QMMM:
| QMMM:                Pseudo diag routine = 0.010716 seconds
| QMMM:
| QMMM: Using internal diagonalization routine (diag_routine=1).

  QMMM: QM Region Cartesian Coordinates (*=link atom) 
  QMMM: QM_NO.   MM_NO.  ATOM         X         Y         Z
  QMMM:     1        1      O        5.0210    2.3460   -0.6820
  QMMM:     2        2      C        4.2630    1.3650   -0.4780
  QMMM:     3        3      O        3.4140    1.3410    0.5410
  QMMM:     4        4      C        3.3660    2.4900    1.4570
  QMMM:     5        5      C        4.2620    0.1530   -1.3190
  QMMM:     6        6      N        4.8270    0.1940   -2.5720
  QMMM:     7        7      C        4.8220   -1.0450   -3.1120
  QMMM:     8        8      S        4.0970   -2.2210   -2.1060
  QMMM:     9        9      C        3.7820   -1.1170   -0.9420
  QMMM:    10       10      C        5.5090   -1.3060   -4.4200
  QMMM:    11       11      N        4.5050   -1.7280   -5.4680
  QMMM:    12       12      C        6.3160   -0.0870   -4.9170
  QMMM:    13       13      C        7.4660    0.2530   -3.9840
  QMMM:    14       14      C        7.7140    1.7510   -3.8220
  QMMM:    15       15      N        6.7800    2.4370   -2.8600
  QMMM:    16       16      C        7.1980    3.8610   -2.5720
  QMMM:    17       17      N        8.0020    4.6100   -3.2150
  QMMM:    18       18      N        6.5450    4.4510   -1.3530
  QMMM:    19       19      C        2.1060    2.3300    2.2190
  QMMM:    20       20      C        2.0760    2.1750    3.5430
  QMMM:    21       21      H        3.3660    3.4240    0.8380
  QMMM:    22       22      H        4.2890    2.4320    2.0910
  QMMM:    23       23      H        3.2720   -1.3080    0.0160
  QMMM:    24       24      H        6.2200   -2.1840   -4.2920
  QMMM:    25       25      H        3.8200   -0.9820   -5.6350
  QMMM:    26       26      H        4.9900   -1.9370   -6.3520
  QMMM:    27       27      H        6.7440   -0.3210   -5.9340
  QMMM:    28       28      H        5.6300    0.7920   -5.0450
  QMMM:    29       29      H        8.4240   -0.1580   -4.4260
  QMMM:    30       30      H        7.3570   -0.2450   -2.9840
  QMMM:    31       31      H        8.7670    1.8870   -3.4290
  QMMM:    32       32      H        7.6140    2.2600   -4.8250
  QMMM:    33       33      H        6.7250    1.8970   -1.9720
  QMMM:    34       34      H        8.5070    4.3460   -4.0390
  QMMM:    35       35      H        6.8270    3.9240   -0.5090
  QMMM:    36       36      H        5.5130    4.3900   -1.4310
  QMMM:    37       37      H        1.1840    2.3740    1.6170
  QMMM:    38       38      H        2.9800    2.1170    4.1680
  QMMM:    39       39      H        1.1250    2.1130    4.0960
  QMMM:    40       40      H        4.0030   -2.5720   -5.1630
  QMMM:    41       41      H        5.8220    2.4490   -3.2500
  QMMM:    42       42      H        6.8250    5.4470   -1.2460

--------------------------------------------------------------------------------
  RESULTS
--------------------------------------------------------------------------------

  ... geometry converged !
 
 Final MO eigenvalues (eV):
 -51.5915  -50.1419  -49.3999  -47.8836  -47.8124  -45.6899  -45.2522  -44.1745
 -41.6421  -40.8092  -38.8638  -37.0242  -35.9326  -34.3188  -33.8106  -32.9431
 -31.4281  -30.9638  -30.4104  -29.8699  -29.4330  -29.1370  -29.0069  -28.5684
 -28.3911  -28.0536  -27.6689  -27.4472  -27.0920  -26.5278  -25.9708  -25.6434
 -25.3287  -25.0796  -24.4384  -24.1223  -23.8089  -23.6716  -23.2948  -23.1027
 -22.8101  -22.7426  -22.4075  -22.3264  -22.0913  -21.7378  -21.4248  -20.9003
 -20.7217  -20.4413  -19.9201  -19.6262  -18.9991  -18.4643  -16.8842  -11.2830
 -10.8053   -9.9075   -9.6533   -9.0833   -9.0548   -8.6402   -8.4559   -8.2421
  -7.7947   -7.7191   -7.4369   -7.3278   -7.1624   -7.1075   -6.9893   -6.9362
  -6.8834   -6.7841   -6.7297   -6.6509   -6.5879   -6.5165   -6.3471   -6.1709
  -6.1293   -5.8199   -5.6641   -5.6375   -5.4482   -5.3294   -5.1802   -5.0319
  -4.9036   -4.6555   -4.5672   -4.2625   -3.6885   -3.4328   -3.3805   -3.1205
  -2.8510   -2.0881   -1.8205   -1.2553   -0.8656   -0.7527

 Heat of formation   =        639.26382393 kcal/mol  (       27.72055956 eV)

 Total SCF energy    =     -84862.96351914 kcal/mol  (    -3679.93424046 eV)
 Electronic energy   =    -595791.07919314 kcal/mol  (   -25835.43988522 eV)
 Core-core repulsion =     510928.11567401 kcal/mol  (    22155.50564477 eV)
 
    Atomic Charges for Step       1 :
  Atom    Element       Mulliken Charge
     1      O                 -0.572
     2      C                  0.451
     3      O                 -0.201
     4      C                  0.043
     5      C                 -0.145
     6      N                 -0.136
     7      C                 -0.489
     8      S                  0.844
     9      C                 -0.367
    10      C                  0.029
    11      N                 -0.076
    12      C                 -0.176
    13      C                 -0.176
    14      C                 -0.125
    15      N                 -0.054
    16      C                  0.026
    17      N                 -0.069
    18      N                 -0.038
    19      C                 -0.246
    20      C                 -0.101
    21      H                  0.092
    22      H                  0.108
    23      H                  0.258
    24      H                  0.179
    25      H                  0.266
    26      H                  0.278
    27      H                  0.138
    28      H                  0.106
    29      H                  0.173
    30      H                  0.133
    31      H                  0.169
    32      H                  0.156
    33      H                  0.297
    34      H                  0.287
    35      H                  0.302
    36      H                  0.306
    37      H                  0.156
    38      H                  0.130
    39      H                  0.162
    40      H                  0.273
    41      H                  0.285
    42      H                  0.325
 Total Mulliken Charge =       3.000
 
                  X        Y        Z     TOTAL  
  QM DIPOLE    82.378   16.854  -41.356   93.704
 
 Final Structure

  QMMM: QM Region Cartesian Coordinates (*=link atom) 
  QMMM: QM_NO.   MM_NO.  ATOM         X         Y         Z
  QMMM:     1        1      O        5.0213    2.3459   -0.6821
  QMMM:     2        2      C        4.2626    1.3654   -0.4779
  QMMM:     3        3      O        3.4137    1.3409    0.5414
  QMMM:     4        4      C        3.3661    2.4896    1.4569
  QMMM:     5        5      C        4.2618    0.1528   -1.3195
  QMMM:     6        6      N        4.8274    0.1937   -2.5719
  QMMM:     7        7      C        4.8222   -1.0453   -3.1118
  QMMM:     8        8      S        4.0967   -2.2214   -2.1065
  QMMM:     9        9      C        3.7821   -1.1166   -0.9418
  QMMM:    10       10      C        5.5089   -1.3059   -4.4199
  QMMM:    11       11      N        4.5046   -1.7285   -5.4683
  QMMM:    12       12      C        6.3162   -0.0870   -4.9171
  QMMM:    13       13      C        7.4661    0.2530   -3.9841
  QMMM:    14       14      C        7.7135    1.7508   -3.8216
  QMMM:    15       15      N        6.7805    2.4373   -2.8604
  QMMM:    16       16      C        7.1978    3.8615   -2.5720
  QMMM:    17       17      N        8.0019    4.6099   -3.2146
  QMMM:    18       18      N        6.5449    4.4515   -1.3534
  QMMM:    19       19      C        2.1061    2.3303    2.2193
  QMMM:    20       20      C        2.0764    2.1750    3.5430
  QMMM:    21       21      H        3.3661    3.4238    0.8379
  QMMM:    22       22      H        4.2887    2.4317    2.0904
  QMMM:    23       23      H        3.2717   -1.3083    0.0163
  QMMM:    24       24      H        6.2202   -2.1844   -4.2922
  QMMM:    25       25      H        3.8200   -0.9818   -5.6349
  QMMM:    26       26      H        4.9899   -1.9367   -6.3517
  QMMM:    27       27      H        6.7437   -0.3205   -5.9335
  QMMM:    28       28      H        5.6300    0.7917   -5.0455
  QMMM:    29       29      H        8.4243   -0.1580   -4.4260
  QMMM:    30       30      H        7.3574   -0.2448   -2.9839
  QMMM:    31       31      H        8.7666    1.8868   -3.4290
  QMMM:    32       32      H        7.6139    2.2603   -4.8246
  QMMM:    33       33      H        6.7246    1.8976   -1.9719
  QMMM:    34       34      H        8.5070    4.3457   -4.0392
  QMMM:    35       35      H        6.8272    3.9240   -0.5092
  QMMM:    36       36      H        5.5130    4.3898   -1.4309
  QMMM:    37       37      H        1.1842    2.3740    1.6167
  QMMM:    38       38      H        2.9799    2.1172    4.1680
  QMMM:    39       39      H        1.1248    2.1127    4.0960
  QMMM:    40       40      H        4.0031   -2.5717   -5.1626
  QMMM:    41       41      H        5.8223    2.4489   -3.2498
  QMMM:    42       42      H        6.8255    5.4470   -1.2460

           --------- Calculation Completed ----------

