            --------------------------------------------------------
                             AMBER SQM VERSION 14
 
                                     By
              Ross C. Walker, Michael F. Crowley, Scott Brozell,
                         Tim Giese, Andreas W. Goetz,
                        Tai-Sung Lee and David A. Case
 
            --------------------------------------------------------
 

--------------------------------------------------------------------------------
  QM CALCULATION INFO
--------------------------------------------------------------------------------

| QMMM: Citation for AMBER QMMM Run:
| QMMM: R.C. Walker, M.F. Crowley and D.A. Case, J. COMP. CHEM. 29:1019, 2008

QMMM: SINGLET STATE CALCULATION
QMMM: RHF CALCULATION, NO. OF DOUBLY OCCUPIED LEVELS = 66

| QMMM: *** Selected Hamiltonian *** 
| QMMM: AM1         

| QMMM: *** Parameter sets in use ***
| QMMM: C : M.J.S.DEWAR et al. JACS, 107, 3902, (1985)
| QMMM: F : M.J.S.DEWAR et al. THEOCHEM, 180, 1, (1988)
| QMMM: S : M.J.S.DEWAR et al. INORG. CHEM., 29, 3881, (1990)
| QMMM: O : M.J.S.DEWAR et al. JACS, 107, 3902, (1985)
| QMMM: N : M.J.S.DEWAR et al. JACS, 107, 3902, (1985)
| QMMM: H : M.J.S.DEWAR et al. JACS, 107, 3902, (1985)

| QMMM: *** SCF convergence criteria ***
| QMMM: Energy change                :  0.1D-09 kcal/mol
| QMMM: Error matrix |FP-PF|         :  0.1D+00 au
| QMMM: Density matrix change        :  0.1D-09
| QMMM: Maximum number of SCF cycles :     1000

| QMMM: *** Diagonalization Routine Information ***
| QMMM: Pseudo diagonalizations are allowed.
| QMMM: Auto diagonalization routine selection is disabled.
| QMMM: Using internal diagonalization routine (diag_routine=1).

  QMMM: QM Region Cartesian Coordinates (*=link atom) 
  QMMM: QM_NO.   MM_NO.  ATOM         X         Y         Z
  QMMM:     1        1      C        4.2260   -3.0720    0.9280
  QMMM:     2        2      C        3.0690   -2.3020    0.8520
  QMMM:     3        3      C        3.0750   -1.0770    0.1640
  QMMM:     4        4      C        4.2540   -0.6330   -0.4470
  QMMM:     5        5      C        5.4170   -1.4180   -0.3650
  QMMM:     6        6      C        5.4060   -2.6450    0.3250
  QMMM:     7        7      F        6.5580   -0.9900   -0.9570
  QMMM:     8        8      C        1.8700   -0.2810    0.0860
  QMMM:     9        9      C        1.8180    1.0880   -0.0800
  QMMM:    10       10      C        0.4580    1.5760   -0.1220
  QMMM:    11       11      C       -0.4570    0.5130    0.0190
  QMMM:    12       12      S        0.3390   -0.9580    0.1890
  QMMM:    13       13      C       -1.9160    0.6480    0.0220
  QMMM:    14       14      O       -2.4930    1.7610   -0.0360
  QMMM:    15       15      N       -2.6580   -0.5160    0.1050
  QMMM:    16       16      C       -4.1000   -0.5260    0.0800
  QMMM:    17       17      C       -4.6670   -1.2530   -1.1530
  QMMM:    18       18      C       -6.1800   -1.2390   -1.1220
  QMMM:    19       19      C       -6.7050   -1.8250    0.1890
  QMMM:    20       20      N       -6.1350   -1.2470    1.3900
  QMMM:    21       21      C       -4.6900   -1.1960    1.3590
  QMMM:    22       22      N        0.0800    2.8930   -0.2880
  QMMM:    23       23      C        0.9720    3.9790   -0.4070
  QMMM:    24       24      O        2.2160    3.8330   -0.4650
  QMMM:    25       25      N        0.4370    5.2650   -0.4380
  QMMM:    26       26      H        4.2110   -4.0290    1.4710
  QMMM:    27       27      H        2.1450   -2.6490    1.3400
  QMMM:    28       28      H        6.3230   -3.2480    0.3820
  QMMM:    29       29      H        4.2780    0.3240   -0.9920
  QMMM:    30       30      H        2.6900    1.7480   -0.1610
  QMMM:    31       31      H       -0.9050    3.0740   -0.2240
  QMMM:    32       32      H       -2.2010   -1.3960    0.0960
  QMMM:    33       33      H       -4.4510    0.5500    0.0480
  QMMM:    34       34      H       -4.3050   -0.7530   -2.0890
  QMMM:    35       35      H       -4.3030   -2.3130   -1.1700
  QMMM:    36       36      H       -4.3100   -2.2540    1.4270
  QMMM:    37       37      H       -4.3370   -0.6360    2.2680
  QMMM:    38       38      H       -6.5520   -0.1890   -1.2460
  QMMM:    39       39      H       -6.5790   -1.8410   -1.9790
  QMMM:    40       40      H       -7.8230   -1.7000    0.2330
  QMMM:    41       41      H       -6.4800   -2.9290    0.2070
  QMMM:    42       42      H       -6.5050   -0.3230    1.5320
  QMMM:    43       43      H       -0.5270    5.4230   -0.5830
  QMMM:    44       44      H        1.0720    5.9930   -0.6560

--------------------------------------------------------------------------------
  RESULTS
--------------------------------------------------------------------------------

  ... geometry converged !
 
 Final MO eigenvalues (eV):
 -49.6374  -40.7342  -40.1646  -39.7104  -38.8574  -37.6757  -35.3917  -34.9914
 -34.1353  -32.9340  -32.4887  -31.3729  -30.8032  -29.0098  -26.1398  -24.6881
 -24.4573  -23.7873  -23.5935  -22.3321  -22.0153  -21.3923  -20.3939  -19.7314
 -18.9612  -18.3140  -17.9337  -17.4302  -17.3517  -17.0964  -16.8655  -16.5455
 -16.3979  -16.2389  -16.1540  -15.7265  -15.6739  -15.5580  -15.1639  -15.0761
 -14.9422  -14.7960  -14.5729  -14.2264  -13.9114  -13.8594  -13.5841  -13.4481
 -13.2090  -13.0925  -12.4275  -12.2754  -12.2217  -12.0927  -11.9407  -11.9315
 -11.6487  -11.4401  -11.0639  -10.8591  -10.5955  -10.4900   -9.7966   -9.4346
  -9.2854   -8.7012   -0.9889    0.0286    0.0619    0.3609    0.7176    1.0778
   1.4077    1.6005    1.8451    2.0596    2.4840    2.9078    3.0853    3.2630
   3.3528    3.3684    3.5598    3.6179    3.6684    3.6838    3.7406    3.8111
   3.8460    3.8825    4.0107    4.0805    4.1163    4.1589    4.2139    4.4652
   4.4880    4.6098    4.6313    4.6431    4.6929    4.7706    4.8442    4.8468
   4.8902    4.9610    5.1001    5.1893    5.2701    5.2921    5.3635    5.5129
   5.7079    5.9695    6.0966    6.1420    6.3697    6.9039    7.0783

 Heat of formation   =        -71.77179272 kcal/mol  (       -3.11225848 eV)

 Total SCF energy    =    -105774.63742706 kcal/mol  (    -4586.73246724 eV)
 Electronic energy   =    -724937.94697447 kcal/mol  (   -31435.66831336 eV)
 Core-core repulsion =     619163.30954741 kcal/mol  (    26848.93584612 eV)
 
    Atomic Charges for Step       1 :
  Atom    Element       Mulliken Charge
     1      C                 -0.102
     2      C                 -0.141
     3      C                  0.008
     4      C                 -0.142
     5      C                  0.093
     6      C                 -0.160
     7      F                 -0.103
     8      C                 -0.288
     9      C                 -0.170
    10      C                  0.155
    11      C                 -0.525
    12      S                  0.565
    13      C                  0.402
    14      O                 -0.410
    15      N                 -0.373
    16      C                 -0.013
    17      C                 -0.174
    18      C                 -0.192
    19      C                 -0.089
    20      N                 -0.275
    21      C                 -0.096
    22      N                 -0.309
    23      C                  0.403
    24      O                 -0.397
    25      N                 -0.425
    26      H                  0.140
    27      H                  0.138
    28      H                  0.151
    29      H                  0.162
    30      H                  0.203
    31      H                  0.273
    32      H                  0.221
    33      H                  0.130
    34      H                  0.091
    35      H                  0.080
    36      H                  0.090
    37      H                  0.102
    38      H                  0.084
    39      H                  0.090
    40      H                  0.092
    41      H                  0.093
    42      H                  0.150
    43      H                  0.223
    44      H                  0.242
 Total Mulliken Charge =      -0.000
 
                  X        Y        Z     TOTAL  
  QM DIPOLE    -2.583   -1.304   -0.945    3.044
 
 Final Structure

  QMMM: QM Region Cartesian Coordinates (*=link atom) 
  QMMM: QM_NO.   MM_NO.  ATOM         X         Y         Z
  QMMM:     1        1      C        4.2261   -3.0724    0.9277
  QMMM:     2        2      C        3.0693   -2.3017    0.8523
  QMMM:     3        3      C        3.0752   -1.0772    0.1644
  QMMM:     4        4      C        4.2537   -0.6326   -0.4471
  QMMM:     5        5      C        5.4170   -1.4183   -0.3649
  QMMM:     6        6      C        5.4057   -2.6446    0.3249
  QMMM:     7        7      F        6.5577   -0.9900   -0.9571
  QMMM:     8        8      C        1.8704   -0.2812    0.0856
  QMMM:     9        9      C        1.8180    1.0879   -0.0801
  QMMM:    10       10      C        0.4580    1.5761   -0.1217
  QMMM:    11       11      C       -0.4565    0.5130    0.0186
  QMMM:    12       12      S        0.3386   -0.9578    0.1887
  QMMM:    13       13      C       -1.9157    0.6484    0.0217
  QMMM:    14       14      O       -2.4929    1.7608   -0.0358
  QMMM:    15       15      N       -2.6577   -0.5158    0.1055
  QMMM:    16       16      C       -4.1000   -0.5263    0.0802
  QMMM:    17       17      C       -4.6671   -1.2526   -1.1530
  QMMM:    18       18      C       -6.1804   -1.2393   -1.1223
  QMMM:    19       19      C       -6.7055   -1.8253    0.1889
  QMMM:    20       20      N       -6.1349   -1.2470    1.3899
  QMMM:    21       21      C       -4.6898   -1.1962    1.3591
  QMMM:    22       22      N        0.0801    2.8935   -0.2876
  QMMM:    23       23      C        0.9722    3.9795   -0.4069
  QMMM:    24       24      O        2.2164    3.8329   -0.4649
  QMMM:    25       25      N        0.4369    5.2646   -0.4380
  QMMM:    26       26      H        4.2107   -4.0294    1.4714
  QMMM:    27       27      H        2.1453   -2.6493    1.3401
  QMMM:    28       28      H        6.3229   -3.2478    0.3817
  QMMM:    29       29      H        4.2777    0.3237   -0.9913
  QMMM:    30       30      H        2.6896    1.7486   -0.1611
  QMMM:    31       31      H       -0.9052    3.0736   -0.2244
  QMMM:    32       32      H       -2.2013   -1.3958    0.0956
  QMMM:    33       33      H       -4.4511    0.5501    0.0479
  QMMM:    34       34      H       -4.3054   -0.7532   -2.0887
  QMMM:    35       35      H       -4.3029   -2.3131   -1.1700
  QMMM:    36       36      H       -4.3098   -2.2539    1.4269
  QMMM:    37       37      H       -4.3367   -0.6361    2.2683
  QMMM:    38       38      H       -6.5519   -0.1887   -1.2464
  QMMM:    39       39      H       -6.5792   -1.8411   -1.9787
  QMMM:    40       40      H       -7.8227   -1.7001    0.2325
  QMMM:    41       41      H       -6.4802   -2.9292    0.2076
  QMMM:    42       42      H       -6.5046   -0.3231    1.5317
  QMMM:    43       43      H       -0.5272    5.4230   -0.5830
  QMMM:    44       44      H        1.0724    5.9931   -0.6563

           --------- Calculation Completed ----------

