            --------------------------------------------------------
                             AMBER SQM VERSION 14
 
                                     By
              Ross C. Walker, Michael F. Crowley, Scott Brozell,
                         Tim Giese, Andreas W. Goetz,
                        Tai-Sung Lee and David A. Case
 
            --------------------------------------------------------
 

--------------------------------------------------------------------------------
  QM CALCULATION INFO
--------------------------------------------------------------------------------

| QMMM: Citation for AMBER QMMM Run:
| QMMM: R.C. Walker, M.F. Crowley and D.A. Case, J. COMP. CHEM. 29:1019, 2008

QMMM: SINGLET STATE CALCULATION
QMMM: RHF CALCULATION, NO. OF DOUBLY OCCUPIED LEVELS = 69

| QMMM: *** Selected Hamiltonian *** 
| QMMM: AM1         

| QMMM: *** Parameter sets in use ***
| QMMM: C : M.J.S.DEWAR et al. JACS, 107, 3902, (1985)
| QMMM: S : M.J.S.DEWAR et al. INORG. CHEM., 29, 3881, (1990)
| QMMM: N : M.J.S.DEWAR et al. JACS, 107, 3902, (1985)
| QMMM: O : M.J.S.DEWAR et al. JACS, 107, 3902, (1985)
| QMMM: H : M.J.S.DEWAR et al. JACS, 107, 3902, (1985)

| QMMM: *** SCF convergence criteria ***
| QMMM: Energy change                :  0.1D-09 kcal/mol
| QMMM: Error matrix |FP-PF|         :  0.1D+00 au
| QMMM: Density matrix change        :  0.5D-06
| QMMM: Maximum number of SCF cycles :     1000

| QMMM: *** Diagonalization Routine Information ***
| QMMM: Pseudo diagonalizations are allowed.
| QMMM: Auto diagonalization routine selection is in use.
| QMMM:
| QMMM: Timing diagonalization routines:
| QMMM:                              norbs =      120
| QMMM:    diag iterations used for timing =       10
| QMMM:
| QMMM:              Internal diag routine = 0.096919 seconds
| QMMM:                 Dspev diag routine = 0.127217 seconds
| QMMM:                Dspevd diag routine = 0.089518 seconds
| QMMM:                Dspevx diag routine = 0.322802 seconds
| QMMM:                 Dsyev diag routine = 0.135948 seconds
| QMMM:                Dsyevd diag routine = 0.105767 seconds
| QMMM:                Dsyevr diag routine = 0.108153 seconds
| QMMM:
| QMMM:                Pseudo diag routine = 0.050581 seconds
| QMMM:
| QMMM: Using dspevd routine (diag_routine=3).

  QMMM: QM Region Cartesian Coordinates (*=link atom) 
  QMMM: QM_NO.   MM_NO.  ATOM         X         Y         Z
  QMMM:     1        1      C        0.6080    0.4250    0.0320
  QMMM:     2        2      C        1.9630    0.1070    0.0650
  QMMM:     3        3      C        2.5660   -0.2440    1.2830
  QMMM:     4        4      C        1.8130   -0.2900    2.4470
  QMMM:     5        5      C        0.4120   -0.0480    2.4310
  QMMM:     6        6      C       -0.1510    0.3540    1.1960
  QMMM:     7        7      S       -0.5750   -0.2570    3.6620
  QMMM:     8        8      N       -0.1650    1.6150    4.9470
  QMMM:     9        9      C       -0.4940    2.8530    4.2270
  QMMM:    10       10      N       -0.4750    4.0510    4.9190
  QMMM:    11       11      C       -0.9400    5.2810    4.3590
  QMMM:    12       12      N       -0.2740    6.4170    4.7670
  QMMM:    13       13      C       -0.7630    7.5940    4.2470
  QMMM:    14       14      N       -1.8170    7.6960    3.3840
  QMMM:    15       15      C       -2.4040    6.4910    3.0550
  QMMM:    16       16      N       -2.0200    5.2440    3.5060
  QMMM:    17       17      O       -1.8930   -0.0060    3.4500
  QMMM:    18       18      O       -0.1700   -1.1000    4.6480
  QMMM:    19       19      O       -0.7620    2.7030    3.0230
  QMMM:    20       20      C        2.5170   -0.5150    3.7360
  QMMM:    21       21      O        3.5130   -1.4250    3.6820
  QMMM:    22       22      C        4.2360   -1.6700    4.9020
  QMMM:    23       23      O        2.2830    0.0870    4.7920
  QMMM:    24       24      O       -3.4600    6.6290    2.1950
  QMMM:    25       25      C       -4.1710    5.4440    1.8130
  QMMM:    26       26      C       -0.0810    8.8690    4.6770
  QMMM:    27       27      H        0.1300    0.7350   -0.9140
  QMMM:    28       28      H        2.5700    0.1400   -0.8570
  QMMM:    29       29      H        3.6460   -0.4780    1.3200
  QMMM:    30       30      H       -1.2270    0.6240    1.1590
  QMMM:    31       31      H        0.8180    1.5820    5.1930
  QMMM:    32       32      H       -0.0010    4.1220    5.7960
  QMMM:    33       33      H        4.9690   -2.4600    4.6010
  QMMM:    34       34      H        3.5320   -2.0340    5.6880
  QMMM:    35       35      H        4.7430   -0.7320    5.2300
  QMMM:    36       36      H       -3.4980    4.7420    1.2670
  QMMM:    37       37      H       -4.9630    5.8560    1.1340
  QMMM:    38       38      H       -4.6240    4.9530    2.7060
  QMMM:    39       39      H       -0.4430    9.1380    5.7020
  QMMM:    40       40      H       -0.3220    9.7080    3.9780
  QMMM:    41       41      H        1.0270    8.7270    4.7100
  QMMM:    42       42      H       -0.7160    1.5190    5.7870

--------------------------------------------------------------------------------
  RESULTS
--------------------------------------------------------------------------------

  ... geometry converged !
 
 Final MO eigenvalues (eV):
 -45.0848  -44.2891  -44.0724  -43.4433  -43.2384  -43.1299  -41.4229  -40.7325
 -39.3912  -38.4405  -36.9968  -36.5468  -36.5381  -35.4107  -32.4495  -31.7903
 -30.3224  -29.4293  -28.4783  -28.2394  -26.4155  -25.9787  -25.1100  -24.7321
 -23.4468  -23.2990  -23.0900  -22.3248  -22.2462  -21.9671  -21.7830  -21.5906
 -21.2832  -20.5833  -20.3780  -20.0273  -19.7436  -19.4888  -19.4221  -19.3115
 -18.5819  -18.2804  -18.1712  -18.1007  -18.0914  -18.0103  -17.9375  -17.7069
 -17.6160  -17.2493  -17.1518  -16.7876  -16.7297  -16.4862  -16.2257  -16.1460
 -15.7117  -15.4816  -15.3212  -15.2353  -15.1479  -14.8881  -14.7477  -14.3486
 -14.1589  -13.7192  -13.4473  -13.3917  -12.8823   -5.7332   -5.1773   -3.9990
  -3.7246   -3.2763   -2.7038   -2.6486   -2.5644   -2.3976   -1.9818   -1.7063
  -1.6809   -1.5795   -1.2619   -0.7454   -0.6432   -0.3258   -0.2126   -0.1292
  -0.0327    0.0905    0.1319    0.2185    0.2825    0.3952    0.5188    0.6339
   0.7980    0.9442    1.0191    1.0859    1.2505    1.3392    1.3802    1.5191
   1.5305    1.7677    1.8811    1.9088    2.0148    2.0664    2.0990    2.1945
   2.2211    2.5935    2.7097    2.7980    2.9727    2.9830    3.6062    4.5129


 Heat of formation   =         63.07802158 kcal/mol  (        2.73526827 eV)

 Total SCF energy    =    -118860.22547695 kcal/mol  (    -5154.16614531 eV)
 Electronic energy   =    -832847.83531241 kcal/mol  (   -36114.99220816 eV)
 Core-core repulsion =     713987.60983546 kcal/mol  (    30960.82606285 eV)
 
    Atomic Charges for Step       1 :
  Atom    Element       Mulliken Charge
     1      C                 -0.135
     2      C                  0.004
     3      C                 -0.103
     4      C                  0.041
     5      C                 -0.946
     6      C                  0.043
     7      S                  2.867
     8      N                 -0.476
     9      C                  0.377
    10      N                 -0.299
    11      C                  0.192
    12      N                 -0.254
    13      C                  0.109
    14      N                 -0.187
    15      C                  0.205
    16      N                 -0.263
    17      O                 -0.812
    18      O                 -0.818
    19      O                 -0.308
    20      C                  0.332
    21      O                 -0.231
    22      C                 -0.068
    23      O                 -0.380
    24      O                 -0.148
    25      C                 -0.070
    26      C                 -0.172
    27      H                  0.183
    28      H                  0.179
    29      H                  0.188
    30      H                  0.189
    31      H                  0.247
    32      H                  0.275
    33      H                  0.132
    34      H                  0.107
    35      H                  0.101
    36      H                  0.091
    37      H                  0.125
    38      H                  0.094
    39      H                  0.119
    40      H                  0.126
    41      H                  0.115
    42      H                  0.226
 Total Mulliken Charge =       1.000
 
                  X        Y        Z     TOTAL  
  QM DIPOLE     4.227    4.456   14.750   15.977
 
 Final Structure

  QMMM: QM Region Cartesian Coordinates (*=link atom) 
  QMMM: QM_NO.   MM_NO.  ATOM         X         Y         Z
  QMMM:     1        1      C        0.6081    0.4249    0.0317
  QMMM:     2        2      C        1.9631    0.1069    0.0651
  QMMM:     3        3      C        2.5663   -0.2439    1.2834
  QMMM:     4        4      C        1.8126   -0.2904    2.4471
  QMMM:     5        5      C        0.4116   -0.0480    2.4310
  QMMM:     6        6      C       -0.1510    0.3541    1.1963
  QMMM:     7        7      S       -0.5751   -0.2568    3.6623
  QMMM:     8        8      N       -0.1650    1.6149    4.9471
  QMMM:     9        9      C       -0.4937    2.8527    4.2268
  QMMM:    10       10      N       -0.4746    4.0511    4.9192
  QMMM:    11       11      C       -0.9396    5.2809    4.3588
  QMMM:    12       12      N       -0.2738    6.4173    4.7671
  QMMM:    13       13      C       -0.7628    7.5939    4.2469
  QMMM:    14       14      N       -1.8170    7.6956    3.3841
  QMMM:    15       15      C       -2.4036    6.4907    3.0546
  QMMM:    16       16      N       -2.0202    5.2439    3.5062
  QMMM:    17       17      O       -1.8930   -0.0058    3.4503
  QMMM:    18       18      O       -0.1703   -1.0999    4.6482
  QMMM:    19       19      O       -0.7624    2.7027    3.0229
  QMMM:    20       20      C        2.5171   -0.5147    3.7357
  QMMM:    21       21      O        3.5130   -1.4254    3.6816
  QMMM:    22       22      C        4.2358   -1.6703    4.9020
  QMMM:    23       23      O        2.2829    0.0874    4.7923
  QMMM:    24       24      O       -3.4603    6.6291    2.1950
  QMMM:    25       25      C       -4.1713    5.4444    1.8127
  QMMM:    26       26      C       -0.0812    8.8694    4.6775
  QMMM:    27       27      H        0.1302    0.7347   -0.9143
  QMMM:    28       28      H        2.5704    0.1402   -0.8572
  QMMM:    29       29      H        3.6461   -0.4780    1.3199
  QMMM:    30       30      H       -1.2268    0.6245    1.1595
  QMMM:    31       31      H        0.8179    1.5818    5.1929
  QMMM:    32       32      H       -0.0006    4.1221    5.7965
  QMMM:    33       33      H        4.9692   -2.4599    4.6008
  QMMM:    34       34      H        3.5316   -2.0335    5.6881
  QMMM:    35       35      H        4.7431   -0.7320    5.2299
  QMMM:    36       36      H       -3.4982    4.7422    1.2666
  QMMM:    37       37      H       -4.9631    5.8561    1.1339
  QMMM:    38       38      H       -4.6242    4.9529    2.7060
  QMMM:    39       39      H       -0.4430    9.1377    5.7022
  QMMM:    40       40      H       -0.3222    9.7076    3.9777
  QMMM:    41       41      H        1.0270    8.7273    4.7099
  QMMM:    42       42      H       -0.7157    1.5186    5.7868

           --------- Calculation Completed ----------

