            --------------------------------------------------------
                             AMBER SQM VERSION 14
 
                                     By
              Ross C. Walker, Michael F. Crowley, Scott Brozell,
                         Tim Giese, Andreas W. Goetz,
                        Tai-Sung Lee and David A. Case
 
            --------------------------------------------------------
 

--------------------------------------------------------------------------------
  QM CALCULATION INFO
--------------------------------------------------------------------------------

| QMMM: Citation for AMBER QMMM Run:
| QMMM: R.C. Walker, M.F. Crowley and D.A. Case, J. COMP. CHEM. 29:1019, 2008

QMMM: SINGLET STATE CALCULATION
QMMM: RHF CALCULATION, NO. OF DOUBLY OCCUPIED LEVELS = 67

| QMMM: *** Selected Hamiltonian *** 
| QMMM: AM1         

| QMMM: *** Parameter sets in use ***
| QMMM: N : M.J.S.DEWAR et al. JACS, 107, 3902, (1985)
| QMMM: C : M.J.S.DEWAR et al. JACS, 107, 3902, (1985)
| QMMM: O : M.J.S.DEWAR et al. JACS, 107, 3902, (1985)
| QMMM: H : M.J.S.DEWAR et al. JACS, 107, 3902, (1985)

| QMMM: *** SCF convergence criteria ***
| QMMM: Energy change                :  0.1D-09 kcal/mol
| QMMM: Error matrix |FP-PF|         :  0.1D+00 au
| QMMM: Density matrix change        :  0.5D-06
| QMMM: Maximum number of SCF cycles :     1000

| QMMM: *** Diagonalization Routine Information ***
| QMMM: Pseudo diagonalizations are allowed.
| QMMM: Auto diagonalization routine selection is in use.
| QMMM:
| QMMM: Timing diagonalization routines:
| QMMM:                              norbs =      128
| QMMM:    diag iterations used for timing =       10
| QMMM:
| QMMM:              Internal diag routine = 0.044787 seconds
| QMMM:                 Dspev diag routine = 0.060881 seconds
| QMMM:                Dspevd diag routine = 0.043232 seconds
| QMMM:                Dspevx diag routine = 0.162927 seconds
| QMMM:                 Dsyev diag routine = 0.065242 seconds
| QMMM:                Dsyevd diag routine = 0.050713 seconds
| QMMM:                Dsyevr diag routine = 0.049405 seconds
| QMMM:
| QMMM:                Pseudo diag routine = 0.021263 seconds
| QMMM:
| QMMM: Using dspevd routine (diag_routine=3).

  QMMM: QM Region Cartesian Coordinates (*=link atom) 
  QMMM: QM_NO.   MM_NO.  ATOM         X         Y         Z
  QMMM:     1        1      N        0.0000    0.0000    0.0000
  QMMM:     2        2      C        1.3230    0.0000    0.0000
  QMMM:     3        3      C        2.0440    0.0000    1.1740
  QMMM:     4        4      C        1.3570    0.0010    2.3850
  QMMM:     5        5      C       -0.0540    0.0010    2.3500
  QMMM:     6        6      C       -0.7020    0.0010    1.1140
  QMMM:     7        7      N        1.7360    0.0020    3.7040
  QMMM:     8        8      C       -0.4970   -0.0030    3.7420
  QMMM:     9        9      C        0.6210    0.0020    4.5110
  QMMM:    10       10      C        0.6390    0.0030    5.9890
  QMMM:    11       11      C        1.5720   -0.7720    6.6790
  QMMM:    12       12      C        1.5890   -0.7720    8.0600
  QMMM:    13       13      C        0.6850   -0.0060    8.7690
  QMMM:    14       14      C       -0.2530    0.7760    8.0970
  QMMM:    15       15      C       -0.2830    0.7780    6.7020
  QMMM:    16       16      O       -1.1940    1.5350    6.0390
  QMMM:    17       17      C       -1.2220    1.5980    8.8630
  QMMM:    18       18      C       -1.3940    2.9450    8.5520
  QMMM:    19       19      C       -2.2970    3.7050    9.2690
  QMMM:    20       20      C       -3.0300    3.1320   10.2920
  QMMM:    21       21      C       -2.8630    1.7940   10.6040
  QMMM:    22       22      C       -1.9590    1.0270    9.8990
  QMMM:    23       23      C       -3.6660    1.1760   11.7190
  QMMM:    24       24      N       -4.9190    0.6420   11.1820
  QMMM:    25       25      C       -5.8010    0.0400   12.0020
  QMMM:    26       26      O       -5.5580   -0.0610   13.1890
  QMMM:    27       27      N       -6.9550   -0.4520   11.5080
  QMMM:    28       28      H        1.8520   -0.0000   -0.9460
  QMMM:    29       29      H        3.1270    0.0000    1.1550
  QMMM:    30       30      H       -1.7840    0.0010    1.0710
  QMMM:    31       31      H        2.6830    0.0050    4.0300
  QMMM:    32       32      H       -1.5210   -0.0050    4.0930
  QMMM:    33       33      H        2.2830   -1.3780    6.1300
  QMMM:    34       34      H        2.3130   -1.3790    8.5890
  QMMM:    35       35      H        0.7090   -0.0080    9.8530
  QMMM:    36       36      H       -0.7680    2.2950    5.6770
  QMMM:    37       37      H       -0.8210    3.3950    7.7510
  QMMM:    38       38      H       -2.4320    4.7530    9.0280
  QMMM:    39       39      H       -3.7290    3.7360   10.8590
  QMMM:    40       40      H       -1.8290   -0.0200   10.1440
  QMMM:    41       41      H       -3.8860    1.9290   12.4660
  QMMM:    42       42      H       -3.0970    0.3740   12.1720
  QMMM:    43       43      H       -5.3990    1.4070   10.7490
  QMMM:    44       44      H       -6.7670   -0.9620   10.6670
  QMMM:    45       45      H       -7.3730   -1.0630   12.1820
  QMMM:    46       46      H       -4.6730   -0.0260   10.4780
  QMMM:    47       47      H       -7.5820    0.3020   11.3090

--------------------------------------------------------------------------------
  RESULTS
--------------------------------------------------------------------------------

      iter         sqm energy              rms gradient
      ----    -------------------    -----------------------
xmin    10      474.2522 kcal/mol        0.4964 kcal/(mol*A)
xmin    20      473.9680 kcal/mol        0.2278 kcal/(mol*A)
xmin    30      473.9213 kcal/mol        0.1182 kcal/(mol*A)
xmin    40      473.8862 kcal/mol        0.0776 kcal/(mol*A)
xmin    50      473.8812 kcal/mol        0.1040 kcal/(mol*A)
xmin    60      473.8738 kcal/mol        0.0255 kcal/(mol*A)
xmin    70      473.8727 kcal/mol        0.0170 kcal/(mol*A)
xmin    80      473.8722 kcal/mol        0.0323 kcal/(mol*A)
xmin    90      473.8698 kcal/mol        0.0365 kcal/(mol*A)
xmin   100      473.8622 kcal/mol        0.0759 kcal/(mol*A)
xmin   110      473.8567 kcal/mol        0.0316 kcal/(mol*A)

QMMM: ERROR!
QMMM: Unable to achieve self consistency to the tolerances specified
QMMM: No convergence in SCF after   1000 steps.
QMMM: E =  -0.7430E+06 DeltaE =   0.1002E+02 DeltaP =   0.8423E-01
QMMM: Smallest DeltaE =   0.1363E-01 DeltaP =   0.2352E-01 Step =     15

