            --------------------------------------------------------
                             AMBER SQM VERSION 14
 
                                     By
              Ross C. Walker, Michael F. Crowley, Scott Brozell,
                         Tim Giese, Andreas W. Goetz,
                        Tai-Sung Lee and David A. Case
 
            --------------------------------------------------------
 

--------------------------------------------------------------------------------
  QM CALCULATION INFO
--------------------------------------------------------------------------------

| QMMM: Citation for AMBER QMMM Run:
| QMMM: R.C. Walker, M.F. Crowley and D.A. Case, J. COMP. CHEM. 29:1019, 2008

QMMM: SINGLET STATE CALCULATION
QMMM: RHF CALCULATION, NO. OF DOUBLY OCCUPIED LEVELS = 74

| QMMM: *** Selected Hamiltonian *** 
| QMMM: AM1         

| QMMM: *** Parameter sets in use ***
| QMMM: C : M.J.S.DEWAR et al. JACS, 107, 3902, (1985)
| QMMM: N : M.J.S.DEWAR et al. JACS, 107, 3902, (1985)
| QMMM: O : M.J.S.DEWAR et al. JACS, 107, 3902, (1985)
| QMMM: F : M.J.S.DEWAR et al. THEOCHEM, 180, 1, (1988)
| QMMM: H : M.J.S.DEWAR et al. JACS, 107, 3902, (1985)

| QMMM: *** SCF convergence criteria ***
| QMMM: Energy change                :  0.1D-09 kcal/mol
| QMMM: Error matrix |FP-PF|         :  0.1D+00 au
| QMMM: Density matrix change        :  0.1D-09
| QMMM: Maximum number of SCF cycles :     1000

| QMMM: *** Diagonalization Routine Information ***
| QMMM: Pseudo diagonalizations are allowed.
| QMMM: Auto diagonalization routine selection is disabled.
| QMMM: Using internal diagonalization routine (diag_routine=1).

  QMMM: QM Region Cartesian Coordinates (*=link atom) 
  QMMM: QM_NO.   MM_NO.  ATOM         X         Y         Z
  QMMM:     1        1      C      681.1660  368.5170  -35.6570
  QMMM:     2        2      C      681.3960  366.2060  -34.9370
  QMMM:     3        3      C     -345.5720 -190.0360   18.1180
  QMMM:     4        4      C     -346.6430 -189.9070   18.9990
  QMMM:     5        5      C      680.9450  368.0970  -36.9610
  QMMM:     6        6      C      681.1780  365.7710  -36.2370
  QMMM:     7        7      C     -347.4520 -190.0490   22.0490
  QMMM:     8        8      C     -346.0210 -192.4350   17.9090
  QMMM:     9        9      C     -349.8780 -190.2620   21.8860
  QMMM:    10       10      C     -347.6390 -189.5510   23.3580
  QMMM:    11       11      C      681.3870  367.5770  -34.6390
  QMMM:    12       12      C     -345.2750 -191.2970   17.5670
  QMMM:    13       13      C     -347.4080 -191.0250   19.3380
  QMMM:    14       14      C     -348.5860 -190.4030   21.3190
  QMMM:    15       15      C      680.9480  366.7170  -37.2590
  QMMM:    16       16      C     -347.0940 -192.3050   18.8100
  QMMM:    17       17      C     -349.9300 -189.7600   23.1960
  QMMM:    18       18      C      680.4640  368.1540  -32.4910
  QMMM:    19       19      C     -342.8160 -191.0930   17.2400
  QMMM:    20       20      C      681.6850  368.0370  -33.2580
  QMMM:    21       21      N     -348.8370 -189.4030   23.9360
  QMMM:    22       22      N     -351.2450 -189.5970   23.8560
  QMMM:    23       23      N     -344.1880 -191.4130   16.5910
  QMMM:    24       24      N     -342.0750 -192.1220   17.7150
  QMMM:    25       25      O      679.4720  368.2380  -31.9040
  QMMM:    26       26      O     -342.5560 -189.8870   17.2530
  QMMM:    27       27      O     -348.6030 -190.9370   20.0430
  QMMM:    28       28      F      680.7340  366.3030  -38.5210
  QMMM:    29       29      F     -347.8230 -193.3840   19.1470
  QMMM:    30       30      H      681.1780  369.5960  -35.4340
  QMMM:    31       31      H      681.5910  365.4630  -34.1470
  QMMM:    32       32      H     -344.9720 -189.1440   17.8570
  QMMM:    33       33      H     -346.8970 -188.9150   19.4120
  QMMM:    34       34      H      680.7750  368.8280  -37.7690
  QMMM:    35       35      H      681.1870  364.6960  -36.4820
  QMMM:    36       36      H     -345.8110 -193.4340   17.4900
  QMMM:    37       37      H     -346.7720 -189.2550   23.9870
  QMMM:    38       38      H      682.1950  369.0520  -33.2610
  QMMM:    39       39      H      682.3690  367.3080  -32.7180
  QMMM:    40       40      H     -351.3720 -188.6150   24.1450
  QMMM:    41       41      H     -351.9920 -189.8630   23.2060
  QMMM:    42       42      H     -344.3320 -190.6970   15.8590
  QMMM:    43       43      H     -342.3390 -193.0760   17.6430
  QMMM:    44       44      H     -346.4370 -190.1550   21.6380
  QMMM:    45       45      H     -351.2880 -190.1930   24.6950
  QMMM:    46       46      H     -344.2040 -192.3400   16.1550
  QMMM:    47       47      H     -341.1720 -191.8970   18.0860
  QMMM:    48       48      H     -350.7640 -190.5500   21.2980

--------------------------------------------------------------------------------
  RESULTS
--------------------------------------------------------------------------------

      iter         sqm energy              rms gradient
      ----    -------------------    -----------------------
xmin    10      475.5206 kcal/mol        0.0063 kcal/(mol*A)
xmin    10      475.5206 kcal/mol        0.0002 kcal/(mol*A)
  ... geometry converged !
 
 Final MO eigenvalues (eV):
 -55.8622  -53.3308  -48.9450  -48.0973  -47.6715  -46.4486  -45.2098  -43.9679
 -43.7539  -42.7209  -41.5405  -39.5208  -39.0575  -38.1035  -37.2206  -36.1208
 -35.8868  -33.6015  -31.4603  -31.0420  -30.5026  -29.8990  -29.2322  -28.4849
 -27.8824  -26.5950  -26.4989  -26.3738  -26.1460  -25.9215  -25.8249  -25.8126
 -24.4933  -24.1501  -23.9197  -23.8476  -23.6232  -23.5012  -23.2623  -23.1049
 -22.8679  -22.5708  -22.4952  -22.1774  -22.1387  -21.8686  -21.7095  -21.3922
 -21.2742  -21.0221  -20.8929  -20.7383  -20.2668  -19.9595  -19.8735  -19.6702
 -19.2297  -19.2098  -19.0077  -18.7535  -18.6758  -18.4678  -17.6494  -17.5892
 -17.5500  -17.3756  -17.1053  -16.8449  -16.6799  -16.2887  -15.8463  -15.7853
 -14.0082  -13.5188   -7.0939   -6.8333   -6.6543   -6.4536   -6.4442   -6.3948
  -6.2120   -6.1064   -5.8602   -4.9872   -4.7442   -4.6601   -4.2809   -4.0177
  -3.9305   -3.8862   -3.8457   -3.6468   -3.6456   -3.6169   -3.4671   -3.2616
  -3.2154   -3.0365   -2.9947   -2.8922   -2.7339   -2.6576   -2.5780   -2.4167
  -2.0926   -2.0516   -2.0180   -1.9413   -1.7844   -1.7650   -1.6593   -1.6418
  -1.5212   -1.4918   -1.4535   -1.4095   -1.2721   -1.1725   -1.1276   -0.8854
  -0.7711   -0.6283   -0.2826   -0.2632   -0.1846   -0.1550    0.0299    0.2409
   0.3659    0.7984    0.8003    1.1764    1.2203    1.3394    1.9770

 Heat of formation   =        475.52058876 kcal/mol  (       20.62012006 eV)

 Total SCF energy    =    -128100.60118439 kcal/mol  (    -5554.85890397 eV)
 Electronic energy   =    -665708.97532512 kcal/mol  (   -28867.30737284 eV)
 Core-core repulsion =     537608.37414073 kcal/mol  (    23312.44846888 eV)
 
    Atomic Charges for Step       1 :
  Atom    Element       Mulliken Charge
     1      C                 -0.062
     2      C                 -0.062
     3      C                 -0.087
     4      C                 -0.105
     5      C                 -0.160
     6      C                 -0.160
     7      C                 -0.197
     8      C                 -0.141
     9      C                 -0.149
    10      C                  0.014
    11      C                 -0.210
    12      C                 -0.100
    13      C                  0.038
    14      C                  0.126
    15      C                  0.173
    16      C                  0.144
    17      C                 -0.043
    18      C                  0.430
    19      C                  0.350
    20      C                 -0.083
    21      N                 -0.125
    22      N                 -0.013
    23      N                 -0.054
    24      N                 -0.365
    25      O                  0.110
    26      O                 -0.238
    27      O                 -0.121
    28      F                 -0.059
    29      F                 -0.042
    30      H                  0.150
    31      H                  0.150
    32      H                  0.194
    33      H                  0.187
    34      H                  0.184
    35      H                  0.184
    36      H                  0.185
    37      H                  0.218
    38      H                  0.207
    39      H                  0.207
    40      H                  0.281
    41      H                  0.269
    42      H                  0.285
    43      H                  0.269
    44      H                  0.182
    45      H                  0.280
    46      H                  0.258
    47      H                  0.306
    48      H                  0.195
 Total Mulliken Charge =       3.000
 
                  X        Y        Z     TOTAL  
  QM DIPOLE   -64.267  -65.462   33.992   97.831
 
 Final Structure

  QMMM: QM Region Cartesian Coordinates (*=link atom) 
  QMMM: QM_NO.   MM_NO.  ATOM         X         Y         Z
  QMMM:     1        1      C      681.1657  368.5167  -35.6568
  QMMM:     2        2      C      681.3963  366.2062  -34.9372
  QMMM:     3        3      C     -345.5718 -190.0364   18.1176
  QMMM:     4        4      C     -346.6426 -189.9072   18.9993
  QMMM:     5        5      C      680.9453  368.0974  -36.9613
  QMMM:     6        6      C      681.1775  365.7707  -36.2366
  QMMM:     7        7      C     -347.4520 -190.0494   22.0485
  QMMM:     8        8      C     -346.0214 -192.4348   17.9092
  QMMM:     9        9      C     -349.8775 -190.2623   21.8861
  QMMM:    10       10      C     -347.6394 -189.5512   23.3582
  QMMM:    11       11      C      681.3873  367.5769  -34.6393
  QMMM:    12       12      C     -345.2750 -191.2968   17.5668
  QMMM:    13       13      C     -347.4081 -191.0249   19.3376
  QMMM:    14       14      C     -348.5859 -190.4033   21.3189
  QMMM:    15       15      C      680.9480  366.7171  -37.2593
  QMMM:    16       16      C     -347.0940 -192.3055   18.8101
  QMMM:    17       17      C     -349.9304 -189.7601   23.1963
  QMMM:    18       18      C      680.4637  368.1540  -32.4909
  QMMM:    19       19      C     -342.8157 -191.0929   17.2396
  QMMM:    20       20      C      681.6853  368.0368  -33.2583
  QMMM:    21       21      N     -348.8374 -189.4024   23.9360
  QMMM:    22       22      N     -351.2450 -189.5964   23.8564
  QMMM:    23       23      N     -344.1880 -191.4128   16.5912
  QMMM:    24       24      N     -342.0754 -192.1217   17.7146
  QMMM:    25       25      O      679.4724  368.2379  -31.9040
  QMMM:    26       26      O     -342.5557 -189.8871   17.2532
  QMMM:    27       27      O     -348.6034 -190.9366   20.0425
  QMMM:    28       28      F      680.7341  366.3027  -38.5212
  QMMM:    29       29      F     -347.8232 -193.3838   19.1469
  QMMM:    30       30      H      681.1783  369.5962  -35.4341
  QMMM:    31       31      H      681.5909  365.4630  -34.1468
  QMMM:    32       32      H     -344.9716 -189.1437   17.8570
  QMMM:    33       33      H     -346.8967 -188.9153   19.4121
  QMMM:    34       34      H      680.7747  368.8285  -37.7688
  QMMM:    35       35      H      681.1872  364.6957  -36.4817
  QMMM:    36       36      H     -345.8105 -193.4345   17.4903
  QMMM:    37       37      H     -346.7720 -189.2547   23.9867
  QMMM:    38       38      H      682.1948  369.0518  -33.2609
  QMMM:    39       39      H      682.3687  367.3083  -32.7178
  QMMM:    40       40      H     -351.3718 -188.6152   24.1451
  QMMM:    41       41      H     -351.9923 -189.8629   23.2063
  QMMM:    42       42      H     -344.3315 -190.6970   15.8591
  QMMM:    43       43      H     -342.3389 -193.0756   17.6430
  QMMM:    44       44      H     -346.4373 -190.1553   21.6378
  QMMM:    45       45      H     -351.2883 -190.1931   24.6955
  QMMM:    46       46      H     -344.2045 -192.3401   16.1549
  QMMM:    47       47      H     -341.1721 -191.8971   18.0862
  QMMM:    48       48      H     -350.7636 -190.5501   21.2981

           --------- Calculation Completed ----------

