            --------------------------------------------------------
                             AMBER SQM VERSION 14
 
                                     By
              Ross C. Walker, Michael F. Crowley, Scott Brozell,
                         Tim Giese, Andreas W. Goetz,
                        Tai-Sung Lee and David A. Case
 
            --------------------------------------------------------
 

--------------------------------------------------------------------------------
  QM CALCULATION INFO
--------------------------------------------------------------------------------

| QMMM: Citation for AMBER QMMM Run:
| QMMM: R.C. Walker, M.F. Crowley and D.A. Case, J. COMP. CHEM. 29:1019, 2008

QMMM: SINGLET STATE CALCULATION
QMMM: RHF CALCULATION, NO. OF DOUBLY OCCUPIED LEVELS = 72

| QMMM: *** Selected Hamiltonian *** 
| QMMM: AM1         

| QMMM: *** Parameter sets in use ***
| QMMM: N : M.J.S.DEWAR et al. JACS, 107, 3902, (1985)
| QMMM: C : M.J.S.DEWAR et al. JACS, 107, 3902, (1985)
| QMMM: O : M.J.S.DEWAR et al. JACS, 107, 3902, (1985)
| QMMM: S : M.J.S.DEWAR et al. INORG. CHEM., 29, 3881, (1990)
| QMMM: H : M.J.S.DEWAR et al. JACS, 107, 3902, (1985)

| QMMM: *** SCF convergence criteria ***
| QMMM: Energy change                :  0.1D-09 kcal/mol
| QMMM: Error matrix |FP-PF|         :  0.1D+00 au
| QMMM: Density matrix change        :  0.5D-06
| QMMM: Maximum number of SCF cycles :     1000

| QMMM: *** Diagonalization Routine Information ***
| QMMM: Pseudo diagonalizations are allowed.
| QMMM: Auto diagonalization routine selection is in use.
| QMMM:
| QMMM: Timing diagonalization routines:
| QMMM:                              norbs =      126
| QMMM:    diag iterations used for timing =       10
| QMMM:
| QMMM:              Internal diag routine = 0.085936 seconds
| QMMM:                 Dspev diag routine = 0.128045 seconds
| QMMM:                Dspevd diag routine = 0.090841 seconds
| QMMM:                Dspevx diag routine = 0.292820 seconds
| QMMM:                 Dsyev diag routine = 0.138492 seconds
| QMMM:                Dsyevd diag routine = 0.103549 seconds
| QMMM:                Dsyevr diag routine = 0.093159 seconds
| QMMM:
| QMMM:                Pseudo diag routine = 0.044261 seconds
| QMMM:
| QMMM: Using internal diagonalization routine (diag_routine=1).

  QMMM: QM Region Cartesian Coordinates (*=link atom) 
  QMMM: QM_NO.   MM_NO.  ATOM         X         Y         Z
  QMMM:     1        1      N        0.2470    1.0260   -0.2930
  QMMM:     2        2      C        1.6510    0.8900   -0.2020
  QMMM:     3        3      N        2.4660    1.2020   -1.2460
  QMMM:     4        4      C        2.0940    0.3740    1.0530
  QMMM:     5        5      C        3.4810    0.2310    1.4460
  QMMM:     6        6      C        3.7320   -0.2730    2.8200
  QMMM:     7        7      C        4.7290    0.3460    3.5830
  QMMM:     8        8      C        4.9760   -0.1160    4.8840
  QMMM:     9        9      C        4.2620   -1.2030    5.4150
  QMMM:    10       10      C        3.2880   -1.8200    4.6300
  QMMM:    11       11      C        3.0200   -1.3580    3.3430
  QMMM:    12       12      O        4.4240    0.5410    0.7010
  QMMM:    13       13      S        0.7920    0.0170    2.0440
  QMMM:    14       14      C       -0.3080    0.5930    0.8580
  QMMM:    15       15      N       -1.6890    0.6030    1.1220
  QMMM:    16       16      C       -2.6750    0.3850    0.1990
  QMMM:    17       17      N        6.0160    0.5540    5.7140
  QMMM:    18       18      O        6.5880    1.5070    5.2610
  QMMM:    19       19      O        6.2410    0.1240    6.8120
  QMMM:    20       20      C       -4.0300    0.7180    0.5350
  QMMM:    21       21      C       -5.0520    0.4640   -0.3410
  QMMM:    22       22      C       -4.8330   -0.1340   -1.6110
  QMMM:    23       23      C       -3.4900   -0.4790   -1.9240
  QMMM:    24       24      C       -2.4460   -0.2340   -1.0700
  QMMM:    25       25      S       -6.0200   -0.4840   -2.5770
  QMMM:    26       26      O       -5.7350   -1.3650   -3.5990
  QMMM:    27       27      O       -7.2870   -0.3920   -2.0400
  QMMM:    28       28      N       -6.0190    1.1760   -3.6150
  QMMM:    29       29      H        3.4520    1.1750   -1.0930
  QMMM:    30       30      H        2.1100    1.6860   -2.0330
  QMMM:    31       31      H        5.3150    1.1820    3.1570
  QMMM:    32       32      H        4.4750   -1.5650    6.4360
  QMMM:    33       33      H        2.7350   -2.6830    5.0330
  QMMM:    34       34      H        2.2630   -1.8750    2.7270
  QMMM:    35       35      H       -1.9480    1.0390    1.9860
  QMMM:    36       36      H       -4.2570    1.1810    1.5110
  QMMM:    37       37      H       -6.0900    0.7200   -0.0500
  QMMM:    38       38      H       -3.2870   -0.9830   -2.8890
  QMMM:    39       39      H       -1.4260   -0.5340   -1.3670
  QMMM:    40       40      H       -5.8630    0.9730   -4.5980
  QMMM:    41       41      H       -5.2980    1.8170   -3.3050
  QMMM:    42       42      H       -6.9180    1.6430   -3.5300

--------------------------------------------------------------------------------
  RESULTS
--------------------------------------------------------------------------------

  ... geometry converged !
 
 Final MO eigenvalues (eV):
 -44.8877  -44.2444  -43.4723  -43.0394  -42.4119  -42.2376  -41.0259  -40.3321
 -40.0876  -39.3260  -37.2901  -35.8707  -35.4623  -34.9178  -34.3609  -32.7827
 -29.7623  -28.9640  -28.0327  -27.5839  -26.7806  -25.3101  -24.9419  -24.6864
 -23.6508  -23.5029  -23.1215  -23.0712  -22.8086  -22.3657  -22.1765  -21.4992
 -21.1441  -20.9379  -20.6446  -20.0649  -19.8551  -19.6046  -19.3391  -19.2206
 -19.1415  -18.8125  -18.5740  -18.4465  -18.3807  -18.2348  -18.1719  -17.9921
 -17.7319  -17.7035  -17.6699  -17.1498  -16.9074  -16.7909  -16.4171  -16.0425
 -15.8061  -15.7269  -15.3735  -14.9546  -14.7236  -14.3328  -14.1685  -13.8206
 -13.5231  -13.4325  -13.3401  -13.1527  -12.8988  -12.5119  -12.3661  -11.2307
  -5.2363   -4.7270   -3.5822   -3.4254   -3.1521   -3.1021   -2.7921   -2.3693
  -2.1233   -1.8284   -1.7155   -1.6373   -1.4462   -1.4327   -1.3700   -1.1569
  -1.0403   -0.6942   -0.6420   -0.6101   -0.4931   -0.4226   -0.2609   -0.0071
   0.0486    0.2387    0.3943    0.5324    0.5978    0.7189    1.0286    1.1096
   1.1809    1.2730    1.3274    1.3731    1.5335    1.5930    1.7101    1.8432
   1.8990    2.1222    2.2086    2.3899    2.6118    2.6690    2.7180    2.8169
   3.1690    3.4369    3.8872    4.0084    4.1403    5.6937

 Heat of formation   =        166.88329084 kcal/mol  (        7.23660253 eV)

 Total SCF energy    =    -121179.44232453 kcal/mol  (    -5254.73493450 eV)
 Electronic energy   =    -823819.70656310 kcal/mol  (   -35723.50316825 eV)
 Core-core repulsion =     702640.26423857 kcal/mol  (    30468.76823375 eV)
 
    Atomic Charges for Step       1 :
  Atom    Element       Mulliken Charge
     1      N                 -0.195
     2      C                  0.187
     3      N                 -0.322
     4      C                 -0.597
     5      C                  0.359
     6      C                 -0.155
     7      C                 -0.019
     8      C                 -0.133
     9      C                 -0.044
    10      C                 -0.139
    11      C                 -0.082
    12      O                 -0.300
    13      S                  0.612
    14      C                 -0.180
    15      N                 -0.208
    16      C                  0.239
    17      N                  0.569
    18      O                 -0.342
    19      O                 -0.343
    20      C                 -0.232
    21      C                  0.057
    22      C                 -1.097
    23      C                  0.046
    24      C                 -0.195
    25      S                  2.854
    26      O                 -0.858
    27      O                 -0.859
    28      N                 -0.502
    29      H                  0.276
    30      H                  0.243
    31      H                  0.191
    32      H                  0.182
    33      H                  0.157
    34      H                  0.146
    35      H                  0.266
    36      H                  0.168
    37      H                  0.166
    38      H                  0.166
    39      H                  0.189
    40      H                  0.245
    41      H                  0.238
    42      H                  0.245
 Total Mulliken Charge =       1.000
 
                  X        Y        Z     TOTAL  
  QM DIPOLE   -22.498    3.441   -8.746   24.382
 
 Final Structure

  QMMM: QM Region Cartesian Coordinates (*=link atom) 
  QMMM: QM_NO.   MM_NO.  ATOM         X         Y         Z
  QMMM:     1        1      N        0.2474    1.0265   -0.2934
  QMMM:     2        2      C        1.6507    0.8905   -0.2020
  QMMM:     3        3      N        2.4665    1.2022   -1.2456
  QMMM:     4        4      C        2.0938    0.3739    1.0528
  QMMM:     5        5      C        3.4813    0.2311    1.4460
  QMMM:     6        6      C        3.7320   -0.2729    2.8199
  QMMM:     7        7      C        4.7290    0.3455    3.5827
  QMMM:     8        8      C        4.9757   -0.1164    4.8841
  QMMM:     9        9      C        4.2616   -1.2030    5.4145
  QMMM:    10       10      C        3.2881   -1.8196    4.6304
  QMMM:    11       11      C        3.0196   -1.3583    3.3425
  QMMM:    12       12      O        4.4237    0.5408    0.7011
  QMMM:    13       13      S        0.7922    0.0165    2.0437
  QMMM:    14       14      C       -0.3079    0.5935    0.8578
  QMMM:    15       15      N       -1.6891    0.6029    1.1222
  QMMM:    16       16      C       -2.6754    0.3847    0.1988
  QMMM:    17       17      N        6.0160    0.5544    5.7140
  QMMM:    18       18      O        6.5883    1.5073    5.2609
  QMMM:    19       19      O        6.2413    0.1239    6.8116
  QMMM:    20       20      C       -4.0304    0.7186    0.5355
  QMMM:    21       21      C       -5.0524    0.4639   -0.3409
  QMMM:    22       22      C       -4.8334   -0.1341   -1.6112
  QMMM:    23       23      C       -3.4896   -0.4793   -1.9236
  QMMM:    24       24      C       -2.4456   -0.2345   -1.0695
  QMMM:    25       25      S       -6.0199   -0.4838   -2.5772
  QMMM:    26       26      O       -5.7352   -1.3651   -3.5990
  QMMM:    27       27      O       -7.2871   -0.3920   -2.0400
  QMMM:    28       28      N       -6.0187    1.1763   -3.6149
  QMMM:    29       29      H        3.4522    1.1753   -1.0924
  QMMM:    30       30      H        2.1096    1.6866   -2.0328
  QMMM:    31       31      H        5.3151    1.1815    3.1569
  QMMM:    32       32      H        4.4747   -1.5653    6.4364
  QMMM:    33       33      H        2.7348   -2.6828    5.0328
  QMMM:    34       34      H        2.2630   -1.8749    2.7267
  QMMM:    35       35      H       -1.9474    1.0398    1.9863
  QMMM:    36       36      H       -4.2568    1.1810    1.5114
  QMMM:    37       37      H       -6.0904    0.7199   -0.0498
  QMMM:    38       38      H       -3.2867   -0.9836   -2.8891
  QMMM:    39       39      H       -1.4262   -0.5344   -1.3671
  QMMM:    40       40      H       -5.8627    0.9728   -4.5983
  QMMM:    41       41      H       -5.2979    1.8174   -3.3054
  QMMM:    42       42      H       -6.9177    1.6424   -3.5299

           --------- Calculation Completed ----------

