            --------------------------------------------------------
                             AMBER SQM VERSION 14
 
                                     By
              Ross C. Walker, Michael F. Crowley, Scott Brozell,
                         Tim Giese, Andreas W. Goetz,
                        Tai-Sung Lee and David A. Case
 
            --------------------------------------------------------
 

--------------------------------------------------------------------------------
  QM CALCULATION INFO
--------------------------------------------------------------------------------

| QMMM: Citation for AMBER QMMM Run:
| QMMM: R.C. Walker, M.F. Crowley and D.A. Case, J. COMP. CHEM. 29:1019, 2008

QMMM: SINGLET STATE CALCULATION
QMMM: RHF CALCULATION, NO. OF DOUBLY OCCUPIED LEVELS = 34

| QMMM: *** Selected Hamiltonian *** 
| QMMM: AM1         

| QMMM: *** Parameter sets in use ***
| QMMM: C : M.J.S.DEWAR et al. JACS, 107, 3902, (1985)
| QMMM: N : M.J.S.DEWAR et al. JACS, 107, 3902, (1985)
| QMMM: O : M.J.S.DEWAR et al. JACS, 107, 3902, (1985)
| QMMM: H : M.J.S.DEWAR et al. JACS, 107, 3902, (1985)

| QMMM: *** SCF convergence criteria ***
| QMMM: Energy change                :  0.1D-09 kcal/mol
| QMMM: Error matrix |FP-PF|         :  0.1D+00 au
| QMMM: Density matrix change        :  0.5D-06
| QMMM: Maximum number of SCF cycles :     1000

| QMMM: *** Diagonalization Routine Information ***
| QMMM: Pseudo diagonalizations are allowed.
| QMMM: Auto diagonalization routine selection is in use.
| QMMM:
| QMMM: Timing diagonalization routines:
| QMMM:                              norbs =       64
| QMMM:    diag iterations used for timing =       15
| QMMM:
| QMMM:              Internal diag routine = 0.011114 seconds
| QMMM:                 Dspev diag routine = 0.017128 seconds
| QMMM:                Dspevd diag routine = 0.013088 seconds
| QMMM:                Dspevx diag routine = 0.049176 seconds
| QMMM:                 Dsyev diag routine = 0.018556 seconds
| QMMM:                Dsyevd diag routine = 0.015391 seconds
| QMMM:                Dsyevr diag routine = 0.015168 seconds
| QMMM:
| QMMM:                Pseudo diag routine = 0.004220 seconds
| QMMM:
| QMMM: Using internal diagonalization routine (diag_routine=1).

  QMMM: QM Region Cartesian Coordinates (*=link atom) 
  QMMM: QM_NO.   MM_NO.  ATOM         X         Y         Z
  QMMM:     1        1      C       -0.0080    0.0080   -0.0660
  QMMM:     2        2      C       -0.2320    0.0000    5.7140
  QMMM:     3        3      C        1.0390   -0.0020    6.2900
  QMMM:     4        4      C        2.1760   -0.0030    5.4950
  QMMM:     5        5      C        2.0700   -0.0010    4.0870
  QMMM:     6        6      C        0.7590    0.0020    3.5000
  QMMM:     7        7      C       -0.3750    0.0020    4.3320
  QMMM:     8        8      N        3.2140   -0.0010    3.2880
  QMMM:     9        9      C        3.1590    0.0010    1.8880
  QMMM:    10       10      C        1.8230    0.0030    1.2900
  QMMM:    11       11      N        0.6630    0.0040    2.0990
  QMMM:    12       12      C        1.4220    0.0060   -0.0560
  QMMM:    13       13      C       -0.4500    0.0060    1.2700
  QMMM:    14       14      O        4.2200    0.0000    1.2390
  QMMM:    15       15      H       -0.6450    0.0100   -0.9460
  QMMM:    16       16      H       -1.1270    0.0000    6.3530
  QMMM:    17       17      H        1.1430   -0.0040    7.3860
  QMMM:    18       18      H        3.1700   -0.0050    5.9690
  QMMM:    19       19      H       -1.3830    0.0040    3.8900
  QMMM:    20       20      H        4.1050   -0.0030    3.7300
  QMMM:    21       21      H        2.0870    0.0060   -0.9150
  QMMM:    22       22      H       -1.4640    0.0070    1.6680

--------------------------------------------------------------------------------
  RESULTS
--------------------------------------------------------------------------------

      iter         sqm energy              rms gradient
      ----    -------------------    -----------------------
xmin    10       47.0462 kcal/mol        0.0007 kcal/(mol*A)
  ... geometry converged !
 
 Final MO eigenvalues (eV):
 -42.1637  -39.4891  -38.9820  -35.8828  -33.8272  -30.9082  -30.1746  -29.4156
 -24.5551  -24.2853  -23.7311  -21.2078  -19.9638  -19.6189  -18.3479  -17.2132
 -16.5766  -16.5383  -15.8382  -15.5179  -14.8720  -14.6780  -14.5720  -13.9549
 -13.7680  -13.4690  -13.1407  -12.6141  -11.9400  -11.2905  -10.9780   -9.7147
  -9.2297   -8.7069   -0.5027   -0.1596    0.5024    1.3466    1.4500    1.5747
   2.0466    2.5877    2.8673    3.2860    3.4307    3.6096    3.7253    3.7846
   4.0816    4.1230    4.1755    4.3757    4.4822    4.7828    4.8810    4.9002
   5.1400    5.2463    5.3927    5.4685    5.6719    5.8877    6.1329    6.8080


 Heat of formation   =         47.04615609 kcal/mol  (        2.04007442 eV)

 Total SCF energy    =     -51910.10710142 kcal/mol  (    -2250.99115829 eV)
 Electronic energy   =    -280961.38020271 kcal/mol  (   -12183.39968790 eV)
 Core-core repulsion =     229051.27310129 kcal/mol  (     9932.40852961 eV)
 
    Atomic Charges for Step       1 :
  Atom    Element       Mulliken Charge
     1      C                 -0.206
     2      C                 -0.143
     3      C                 -0.101
     4      C                 -0.165
     5      C                  0.077
     6      C                  0.005
     7      C                 -0.112
     8      N                 -0.321
     9      C                  0.383
    10      C                 -0.152
    11      N                 -0.055
    12      C                 -0.098
    13      C                 -0.096
    14      O                 -0.340
    15      H                  0.161
    16      H                  0.142
    17      H                  0.140
    18      H                  0.142
    19      H                  0.142
    20      H                  0.250
    21      H                  0.172
    22      H                  0.173
 Total Mulliken Charge =      -0.000
 
                  X        Y        Z     TOTAL  
  QM DIPOLE    -2.833   -0.001    3.249    4.311
 
 Final Structure

  QMMM: QM Region Cartesian Coordinates (*=link atom) 
  QMMM: QM_NO.   MM_NO.  ATOM         X         Y         Z
  QMMM:     1        1      C       -0.0083    0.0077   -0.0665
  QMMM:     2        2      C       -0.2318   -0.0000    5.7136
  QMMM:     3        3      C        1.0385   -0.0025    6.2904
  QMMM:     4        4      C        2.1762   -0.0029    5.4954
  QMMM:     5        5      C        2.0697   -0.0008    4.0872
  QMMM:     6        6      C        0.7592    0.0017    3.4999
  QMMM:     7        7      C       -0.3750    0.0020    4.3321
  QMMM:     8        8      N        3.2138   -0.0012    3.2877
  QMMM:     9        9      C        3.1592    0.0008    1.8876
  QMMM:    10       10      C        1.8229    0.0034    1.2905
  QMMM:    11       11      N        0.6630    0.0038    2.0994
  QMMM:    12       12      C        1.4217    0.0058   -0.0555
  QMMM:    13       13      C       -0.4494    0.0064    1.2695
  QMMM:    14       14      O        4.2198    0.0002    1.2391
  QMMM:    15       15      H       -0.6450    0.0098   -0.9461
  QMMM:    16       16      H       -1.1268    0.0003    6.3531
  QMMM:    17       17      H        1.1430   -0.0041    7.3863
  QMMM:    18       18      H        3.1704   -0.0048    5.9687
  QMMM:    19       19      H       -1.3832    0.0040    3.8895
  QMMM:    20       20      H        4.1053   -0.0030    3.7301
  QMMM:    21       21      H        2.0873    0.0062   -0.9154
  QMMM:    22       22      H       -1.4644    0.0072    1.6682

           --------- Calculation Completed ----------

