            --------------------------------------------------------
                             AMBER SQM VERSION 14
 
                                     By
              Ross C. Walker, Michael F. Crowley, Scott Brozell,
                         Tim Giese, Andreas W. Goetz,
                        Tai-Sung Lee and David A. Case
 
            --------------------------------------------------------
 

--------------------------------------------------------------------------------
  QM CALCULATION INFO
--------------------------------------------------------------------------------

| QMMM: Citation for AMBER QMMM Run:
| QMMM: R.C. Walker, M.F. Crowley and D.A. Case, J. COMP. CHEM. 29:1019, 2008

QMMM: SINGLET STATE CALCULATION
QMMM: RHF CALCULATION, NO. OF DOUBLY OCCUPIED LEVELS = 63

| QMMM: *** Selected Hamiltonian *** 
| QMMM: AM1         

| QMMM: *** Parameter sets in use ***
| QMMM: O : M.J.S.DEWAR et al. JACS, 107, 3902, (1985)
| QMMM: C : M.J.S.DEWAR et al. JACS, 107, 3902, (1985)
| QMMM: N : M.J.S.DEWAR et al. JACS, 107, 3902, (1985)
| QMMM: H : M.J.S.DEWAR et al. JACS, 107, 3902, (1985)

| QMMM: *** SCF convergence criteria ***
| QMMM: Energy change                :  0.1D-09 kcal/mol
| QMMM: Error matrix |FP-PF|         :  0.1D+00 au
| QMMM: Density matrix change        :  0.5D-06
| QMMM: Maximum number of SCF cycles :     1000

| QMMM: *** Diagonalization Routine Information ***
| QMMM: Pseudo diagonalizations are allowed.
| QMMM: Auto diagonalization routine selection is in use.
| QMMM:
| QMMM: Timing diagonalization routines:
| QMMM:                              norbs =      106
| QMMM:    diag iterations used for timing =       10
| QMMM:
| QMMM:              Internal diag routine = 0.069571 seconds
| QMMM:                 Dspev diag routine = 0.093010 seconds
| QMMM:                Dspevd diag routine = 0.064336 seconds
| QMMM:                Dspevx diag routine = 0.238891 seconds
| QMMM:                 Dsyev diag routine = 0.101270 seconds
| QMMM:                Dsyevd diag routine = 0.078966 seconds
| QMMM:                Dsyevr diag routine = 0.079928 seconds
| QMMM:
| QMMM:                Pseudo diag routine = 0.035877 seconds
| QMMM:
| QMMM: Using dspevd routine (diag_routine=3).

  QMMM: QM Region Cartesian Coordinates (*=link atom) 
  QMMM: QM_NO.   MM_NO.  ATOM         X         Y         Z
  QMMM:     1        1      O        0.2110    0.9690    0.3990
  QMMM:     2        2      C        1.5330    0.4860    0.2320
  QMMM:     3        3      C        2.1540    0.4740    1.6340
  QMMM:     4        4      O        1.4340   -0.4000    2.4860
  QMMM:     5        5      C        3.6140   -0.0160    1.5680
  QMMM:     6        6      O        4.4620    1.0860    1.2750
  QMMM:     7        7      C        4.0800   -0.6070    2.9180
  QMMM:     8        8      O        3.6440   -1.9500    3.0130
  QMMM:     9        9      C        5.6240   -0.6840    2.9990
  QMMM:    10       10      N        6.1740   -0.3460    4.2970
  QMMM:    11       11      C        6.7470   -1.3610    5.0900
  QMMM:    12       12      O        6.8730   -2.5080    4.6510
  QMMM:    13       13      C        7.2310   -1.0130    6.4960
  QMMM:    14       14      O        7.7020   -1.8890    7.2360
  QMMM:    15       15      C        6.1120    0.9740    4.7890
  QMMM:    16       16      C        6.5910    1.2800    6.0680
  QMMM:    17       17      N        7.1170    0.2940    6.9080
  QMMM:    18       18      C        6.5560    2.6670    6.5810
  QMMM:    19       19      O        6.9690    3.0050    7.7040
  QMMM:    20       20      N        6.0170    3.6340    5.7260
  QMMM:    21       21      C        5.5310    3.3320    4.4480
  QMMM:    22       22      N        5.5800    2.0000    3.9980
  QMMM:    23       23      O        5.0510    4.2150    3.7060
  QMMM:    24       24      H       -0.2220    0.9100   -0.4610
  QMMM:    25       25      H        2.1130    1.1660   -0.4450
  QMMM:    26       26      H        1.5170   -0.5510   -0.1980
  QMMM:    27       27      H        2.1250    1.5160    2.0650
  QMMM:    28       28      H        0.5010   -0.1520    2.4160
  QMMM:    29       29      H        3.7220   -0.8020    0.7690
  QMMM:    30       30      H        4.1220    1.5140    0.4800
  QMMM:    31       31      H        3.6360    0.0080    3.7480
  QMMM:    32       32      H        2.6880   -1.9440    3.1600
  QMMM:    33       33      H        5.9210   -1.7510    2.7600
  QMMM:    34       34      H        6.0900   -0.0180    2.2190
  QMMM:    35       35      H        7.4390    0.5750    7.8120
  QMMM:    36       36      H        5.9710    4.5860    6.0250
  QMMM:    37       37      H        5.2390    1.8250    3.0730

--------------------------------------------------------------------------------
  RESULTS
--------------------------------------------------------------------------------

  ... geometry converged !
 
 Final MO eigenvalues (eV):
 -42.5062  -41.2886  -40.9424  -39.7133  -39.1686  -38.7729  -38.4508  -38.0511
 -37.5106  -36.1708  -35.7116  -34.6238  -32.0160  -31.0273  -29.9541  -27.9662
 -26.1417  -25.4873  -24.7538  -23.2744  -22.5231  -21.7547  -20.9526  -20.5988
 -20.0878  -19.4772  -18.9303  -18.7276  -18.5782  -18.1866  -17.9031  -17.7452
 -17.5674  -17.3474  -17.1433  -16.7809  -16.4823  -16.2788  -16.1527  -16.0410
 -15.9118  -15.4662  -15.1617  -15.0078  -14.7146  -14.5547  -14.3071  -14.1695
 -13.8689  -13.5572  -12.9634  -12.7485  -12.4289  -12.2091  -12.1409  -12.0405
 -11.8553  -11.7788  -11.5106  -11.5032  -11.2092  -11.0445   -8.8518   -0.6995
  -0.1722   -0.0884    0.3612    0.7378    1.1526    1.4170    1.4619    1.9417
   2.0113    2.1032    2.2171    2.3995    2.8240    2.8435    2.9689    3.0220
   3.0986    3.1458    3.1909    3.2106    3.5266    3.5472    3.6787    3.8455
   3.8725    4.0304    4.1239    4.2824    4.4120    4.6465    4.9436    5.1141
   5.1844    5.2783    5.4375    5.5225    5.5578    5.7836    5.9155    6.0845
   6.3890    6.5128

 Heat of formation   =       -298.06265663 kcal/mol  (      -12.92496668 eV)

 Total SCF energy    =    -115150.06607011 kcal/mol  (    -4993.28156065 eV)
 Electronic energy   =    -753138.59555264 kcal/mol  (   -32658.54020002 eV)
 Core-core repulsion =     637988.52948252 kcal/mol  (    27665.25863937 eV)
 
    Atomic Charges for Step       1 :
  Atom    Element       Mulliken Charge
     1      O                 -0.335
     2      C                 -0.061
     3      C                 -0.004
     4      O                 -0.343
     5      C                 -0.007
     6      O                 -0.347
     7      C                  0.034
     8      O                 -0.321
     9      C                 -0.051
    10      N                 -0.270
    11      C                  0.297
    12      O                 -0.257
    13      C                  0.291
    14      O                 -0.293
    15      C                  0.198
    16      C                 -0.175
    17      N                 -0.272
    18      C                  0.371
    19      O                 -0.336
    20      N                 -0.356
    21      C                  0.406
    22      N                 -0.320
    23      O                 -0.355
    24      H                  0.216
    25      H                  0.069
    26      H                  0.085
    27      H                  0.107
    28      H                  0.238
    29      H                  0.106
    30      H                  0.220
    31      H                  0.099
    32      H                  0.231
    33      H                  0.163
    34      H                  0.120
    35      H                  0.278
    36      H                  0.277
    37      H                  0.296
 Total Mulliken Charge =       0.000
 
                  X        Y        Z     TOTAL  
  QM DIPOLE    -4.585    2.484   -6.933    8.675
 
 Final Structure

  QMMM: QM Region Cartesian Coordinates (*=link atom) 
  QMMM: QM_NO.   MM_NO.  ATOM         X         Y         Z
  QMMM:     1        1      O        0.2109    0.9690    0.3986
  QMMM:     2        2      C        1.5328    0.4855    0.2319
  QMMM:     3        3      C        2.1539    0.4741    1.6344
  QMMM:     4        4      O        1.4337   -0.3996    2.4861
  QMMM:     5        5      C        3.6140   -0.0165    1.5680
  QMMM:     6        6      O        4.4618    1.0862    1.2750
  QMMM:     7        7      C        4.0798   -0.6070    2.9178
  QMMM:     8        8      O        3.6440   -1.9502    3.0135
  QMMM:     9        9      C        5.6237   -0.6837    2.9988
  QMMM:    10       10      N        6.1741   -0.3459    4.2968
  QMMM:    11       11      C        6.7472   -1.3611    5.0902
  QMMM:    12       12      O        6.8729   -2.5084    4.6508
  QMMM:    13       13      C        7.2312   -1.0134    6.4960
  QMMM:    14       14      O        7.7018   -1.8896    7.2360
  QMMM:    15       15      C        6.1115    0.9742    4.7891
  QMMM:    16       16      C        6.5908    1.2802    6.0683
  QMMM:    17       17      N        7.1176    0.2943    6.9082
  QMMM:    18       18      C        6.5554    2.6667    6.5808
  QMMM:    19       19      O        6.9689    3.0051    7.7037
  QMMM:    20       20      N        6.0170    3.6342    5.7263
  QMMM:    21       21      C        5.5306    3.3323    4.4484
  QMMM:    22       22      N        5.5804    2.0003    3.9983
  QMMM:    23       23      O        5.0513    4.2146    3.7057
  QMMM:    24       24      H       -0.2218    0.9102   -0.4612
  QMMM:    25       25      H        2.1131    1.1660   -0.4453
  QMMM:    26       26      H        1.5171   -0.5511   -0.1978
  QMMM:    27       27      H        2.1248    1.5161    2.0648
  QMMM:    28       28      H        0.5009   -0.1522    2.4162
  QMMM:    29       29      H        3.7218   -0.8018    0.7689
  QMMM:    30       30      H        4.1221    1.5143    0.4799
  QMMM:    31       31      H        3.6363    0.0081    3.7484
  QMMM:    32       32      H        2.6885   -1.9440    3.1603
  QMMM:    33       33      H        5.9213   -1.7508    2.7601
  QMMM:    34       34      H        6.0902   -0.0176    2.2187
  QMMM:    35       35      H        7.4391    0.5747    7.8122
  QMMM:    36       36      H        5.9713    4.5859    6.0247
  QMMM:    37       37      H        5.2392    1.8249    3.0726

           --------- Calculation Completed ----------

