            --------------------------------------------------------
                             AMBER SQM VERSION 14
 
                                     By
              Ross C. Walker, Michael F. Crowley, Scott Brozell,
                         Tim Giese, Andreas W. Goetz,
                        Tai-Sung Lee and David A. Case
 
            --------------------------------------------------------
 

--------------------------------------------------------------------------------
  QM CALCULATION INFO
--------------------------------------------------------------------------------

| QMMM: Citation for AMBER QMMM Run:
| QMMM: R.C. Walker, M.F. Crowley and D.A. Case, J. COMP. CHEM. 29:1019, 2008

QMMM: SINGLET STATE CALCULATION
QMMM: RHF CALCULATION, NO. OF DOUBLY OCCUPIED LEVELS = 69

| QMMM: *** Selected Hamiltonian *** 
| QMMM: AM1         

| QMMM: *** Parameter sets in use ***
| QMMM: C : M.J.S.DEWAR et al. JACS, 107, 3902, (1985)
| QMMM: S : M.J.S.DEWAR et al. INORG. CHEM., 29, 3881, (1990)
| QMMM: O : M.J.S.DEWAR et al. JACS, 107, 3902, (1985)
| QMMM: N : M.J.S.DEWAR et al. JACS, 107, 3902, (1985)
| QMMM: H : M.J.S.DEWAR et al. JACS, 107, 3902, (1985)

| QMMM: *** SCF convergence criteria ***
| QMMM: Energy change                :  0.1D-09 kcal/mol
| QMMM: Error matrix |FP-PF|         :  0.1D+00 au
| QMMM: Density matrix change        :  0.1D-09
| QMMM: Maximum number of SCF cycles :     1000

| QMMM: *** Diagonalization Routine Information ***
| QMMM: Pseudo diagonalizations are allowed.
| QMMM: Auto diagonalization routine selection is disabled.
| QMMM: Using internal diagonalization routine (diag_routine=1).

  QMMM: QM Region Cartesian Coordinates (*=link atom) 
  QMMM: QM_NO.   MM_NO.  ATOM         X         Y         Z
  QMMM:     1        1      C       -2.7600   -1.1160    0.8890
  QMMM:     2        2      C       -2.7430   -2.3790    1.4820
  QMMM:     3        3      C       -2.8570   -3.5310    0.7000
  QMMM:     4        4      C       -2.9860   -3.4030   -0.6900
  QMMM:     5        5      C       -3.0030   -2.1430   -1.2740
  QMMM:     6        6      C       -2.8990   -0.9800   -0.4970
  QMMM:     7        7      S       -2.9860    0.5290   -1.2640
  QMMM:     8        8      O       -2.6290    0.3410   -2.6270
  QMMM:     9        9      O       -4.2920    1.0520   -1.0890
  QMMM:    10       10      N       -1.9360    1.4610   -0.4770
  QMMM:    11       11      C       -0.5330    1.4070   -0.5200
  QMMM:    12       12      C        0.2350    1.5280    0.6670
  QMMM:    13       13      C        1.6290    1.5280    0.5770
  QMMM:    14       14      C        2.2570    1.3820   -0.6610
  QMMM:    15       15      C        1.5120    1.2370   -1.8360
  QMMM:    16       16      C        0.1260    1.2610   -1.7650
  QMMM:    17       17      C       -0.3620    1.6500    2.0650
  QMMM:    18       18      O       -1.6170    1.5300    2.2260
  QMMM:    19       19      O        0.4320    1.8510    3.0210
  QMMM:    20       20      O        3.6470    1.5040   -0.7850
  QMMM:    21       21      C        4.4030    0.4270   -0.3520
  QMMM:    22       22      C        5.7860    0.5500   -0.5810
  QMMM:    23       23      C        6.6310   -0.4780   -0.1790
  QMMM:    24       24      C        6.1180   -1.6180    0.4430
  QMMM:    25       25      C        4.7460   -1.7280    0.6680
  QMMM:    26       26      C        3.8790   -0.7110    0.2740
  QMMM:    27       27      C       -2.8200   -4.8720    1.3270
  QMMM:    28       28      H       -2.6370   -0.2200    1.5390
  QMMM:    29       29      H       -2.6290   -2.4610    2.5730
  QMMM:    30       30      H       -3.0710   -4.3020   -1.3170
  QMMM:    31       31      H       -3.0910   -2.0470   -2.3710
  QMMM:    32       32      H       -2.2490    1.9340    0.3660
  QMMM:    33       33      H        2.2160    1.6430    1.5060
  QMMM:    34       34      H        2.0210    1.1220   -2.8030
  QMMM:    35       35      H       -0.4600    1.1560   -2.6950
  QMMM:    36       36      H        6.1760    1.4540   -1.0690
  QMMM:    37       37      H        7.7140   -0.3900   -0.3520
  QMMM:    38       38      H        6.7940   -2.4240    0.7580
  QMMM:    39       39      H        4.3400   -2.6220    1.1640
  QMMM:    40       40      H        2.7970   -0.7900    0.4610
  QMMM:    41       41      H       -1.7620   -5.2330    1.3860
  QMMM:    42       42      H       -3.2360   -4.8400    2.3640
  QMMM:    43       43      H       -3.4090   -5.6110    0.7300

--------------------------------------------------------------------------------
  RESULTS
--------------------------------------------------------------------------------

  ... geometry converged !
 
 Final MO eigenvalues (eV):
 -38.3838  -37.4345  -36.9074  -35.5520  -34.7480  -34.2502  -33.6566  -32.6636
 -31.6663  -30.1006  -29.5260  -29.2835  -28.6345  -28.4357  -26.2722  -25.9998
 -21.7952  -21.3870  -21.2201  -20.9932  -20.5698  -19.9973  -17.6675  -17.4689
 -16.5143  -16.2778  -15.4685  -15.3431  -14.9710  -14.4433  -14.1311  -13.9894
 -13.7541  -13.1316  -12.9755  -12.9181  -12.7803  -12.6848  -12.2796  -12.1930
 -12.0162  -11.8696  -11.6554  -11.4069  -11.2755  -11.1787  -10.9791  -10.8067
 -10.7567  -10.5632  -10.4632  -10.2674  -10.0187   -9.9357   -9.8784   -9.7120
  -9.6302   -9.4162   -9.1830   -8.8175   -7.7338   -7.6627   -7.5273   -6.9830
  -6.8144   -6.1767   -6.1299   -5.8434   -5.7663    2.0337    2.2763    2.5243
   2.6100    2.7417    3.0646    3.2107    4.6983    4.7679    4.8794    4.9557
   5.4178    5.7361    5.9076    5.9187    5.9641    5.9681    6.1033    6.1525
   6.2110    6.2379    6.3167    6.4216    6.4651    6.4945    6.5044    6.6044
   6.7219    6.8183    6.8367    6.9702    7.0593    7.1098    7.1790    7.2064
   7.2762    7.4037    7.4572    7.5237    7.5355    7.5525    7.6347    7.6849
   7.7489    7.8205    7.9520    8.0599    8.2155    8.2532    8.4672    8.5787
   8.7151    9.0997   11.4815   12.2623

 Heat of formation   =       -141.89096432 kcal/mol  (       -6.15285392 eV)

 Total SCF energy    =    -110335.30273945 kcal/mol  (    -4784.49775549 eV)
 Electronic energy   =    -804507.10957075 kcal/mol  (   -34886.04611989 eV)
 Core-core repulsion =     694171.80683130 kcal/mol  (    30101.54836439 eV)
 
    Atomic Charges for Step       1 :
  Atom    Element       Mulliken Charge
     1      C                 -0.005
     2      C                 -0.159
     3      C                 -0.025
     4      C                 -0.174
     5      C                 -0.023
     6      C                 -0.821
     7      S                  2.834
     8      O                 -0.961
     9      O                 -0.939
    10      N                 -0.817
    11      C                  0.096
    12      C                 -0.134
    13      C                 -0.094
    14      C                 -0.018
    15      C                 -0.121
    16      C                 -0.183
    17      C                  0.363
    18      O                 -0.594
    19      O                 -0.528
    20      O                 -0.165
    21      C                  0.093
    22      C                 -0.168
    23      C                 -0.111
    24      C                 -0.179
    25      C                 -0.098
    26      C                 -0.183
    27      C                 -0.183
    28      H                  0.207
    29      H                  0.140
    30      H                  0.123
    31      H                  0.148
    32      H                  0.300
    33      H                  0.176
    34      H                  0.132
    35      H                  0.158
    36      H                  0.141
    37      H                  0.119
    38      H                  0.120
    39      H                  0.127
    40      H                  0.162
    41      H                  0.086
    42      H                  0.082
    43      H                  0.075
 Total Mulliken Charge =      -1.000
 
                  X        Y        Z     TOTAL  
  QM DIPOLE     4.152   -9.139   -5.090   11.255
 
 Final Structure

  QMMM: QM Region Cartesian Coordinates (*=link atom) 
  QMMM: QM_NO.   MM_NO.  ATOM         X         Y         Z
  QMMM:     1        1      C       -2.7606   -1.1158    0.8887
  QMMM:     2        2      C       -2.7430   -2.3786    1.4816
  QMMM:     3        3      C       -2.8568   -3.5310    0.7000
  QMMM:     4        4      C       -2.9864   -3.4026   -0.6899
  QMMM:     5        5      C       -3.0030   -2.1425   -1.2740
  QMMM:     6        6      C       -2.8988   -0.9802   -0.4970
  QMMM:     7        7      S       -2.9862    0.5290   -1.2646
  QMMM:     8        8      O       -2.6290    0.3409   -2.6269
  QMMM:     9        9      O       -4.2920    1.0520   -1.0886
  QMMM:    10       10      N       -1.9361    1.4607   -0.4769
  QMMM:    11       11      C       -0.5327    1.4066   -0.5200
  QMMM:    12       12      C        0.2352    1.5278    0.6672
  QMMM:    13       13      C        1.6294    1.5283    0.5773
  QMMM:    14       14      C        2.2572    1.3819   -0.6611
  QMMM:    15       15      C        1.5119    1.2368   -1.8360
  QMMM:    16       16      C        0.1256    1.2612   -1.7652
  QMMM:    17       17      C       -0.3623    1.6496    2.0652
  QMMM:    18       18      O       -1.6168    1.5298    2.2258
  QMMM:    19       19      O        0.4322    1.8510    3.0215
  QMMM:    20       20      O        3.6471    1.5036   -0.7853
  QMMM:    21       21      C        4.4029    0.4273   -0.3520
  QMMM:    22       22      C        5.7863    0.5499   -0.5813
  QMMM:    23       23      C        6.6315   -0.4784   -0.1787
  QMMM:    24       24      C        6.1177   -1.6176    0.4429
  QMMM:    25       25      C        4.7460   -1.7279    0.6678
  QMMM:    26       26      C        3.8788   -0.7110    0.2742
  QMMM:    27       27      C       -2.8199   -4.8722    1.3270
  QMMM:    28       28      H       -2.6368   -0.2200    1.5388
  QMMM:    29       29      H       -2.6294   -2.4611    2.5730
  QMMM:    30       30      H       -3.0713   -4.3017   -1.3166
  QMMM:    31       31      H       -3.0907   -2.0472   -2.3709
  QMMM:    32       32      H       -2.2490    1.9337    0.3657
  QMMM:    33       33      H        2.2160    1.6433    1.5056
  QMMM:    34       34      H        2.0209    1.1219   -2.8027
  QMMM:    35       35      H       -0.4596    1.1558   -2.6948
  QMMM:    36       36      H        6.1760    1.4536   -1.0684
  QMMM:    37       37      H        7.7137   -0.3895   -0.3523
  QMMM:    38       38      H        6.7938   -2.4238    0.7578
  QMMM:    39       39      H        4.3397   -2.6216    1.1639
  QMMM:    40       40      H        2.7967   -0.7898    0.4613
  QMMM:    41       41      H       -1.7617   -5.2328    1.3858
  QMMM:    42       42      H       -3.2358   -4.8403    2.3640
  QMMM:    43       43      H       -3.4090   -5.6111    0.7302

           --------- Calculation Completed ----------

