            --------------------------------------------------------
                             AMBER SQM VERSION 14
 
                                     By
              Ross C. Walker, Michael F. Crowley, Scott Brozell,
                         Tim Giese, Andreas W. Goetz,
                        Tai-Sung Lee and David A. Case
 
            --------------------------------------------------------
 

--------------------------------------------------------------------------------
  QM CALCULATION INFO
--------------------------------------------------------------------------------

| QMMM: Citation for AMBER QMMM Run:
| QMMM: R.C. Walker, M.F. Crowley and D.A. Case, J. COMP. CHEM. 29:1019, 2008

QMMM: SINGLET STATE CALCULATION
QMMM: RHF CALCULATION, NO. OF DOUBLY OCCUPIED LEVELS = 74

| QMMM: *** Selected Hamiltonian *** 
| QMMM: AM1         

| QMMM: *** Parameter sets in use ***
| QMMM: C : M.J.S.DEWAR et al. JACS, 107, 3902, (1985)
| QMMM: N : M.J.S.DEWAR et al. JACS, 107, 3902, (1985)
| QMMM: O : M.J.S.DEWAR et al. JACS, 107, 3902, (1985)
| QMMM: H : M.J.S.DEWAR et al. JACS, 107, 3902, (1985)

| QMMM: *** SCF convergence criteria ***
| QMMM: Energy change                :  0.1D-09 kcal/mol
| QMMM: Error matrix |FP-PF|         :  0.1D+00 au
| QMMM: Density matrix change        :  0.1D-09
| QMMM: Maximum number of SCF cycles :     1000

| QMMM: *** Diagonalization Routine Information ***
| QMMM: Pseudo diagonalizations are allowed.
| QMMM: Auto diagonalization routine selection is disabled.
| QMMM: Using internal diagonalization routine (diag_routine=1).

  QMMM: QM Region Cartesian Coordinates (*=link atom) 
  QMMM: QM_NO.   MM_NO.  ATOM         X         Y         Z
  QMMM:     1        1      C        2.6630   -2.1880    2.1290
  QMMM:     2        2      C        2.6660   -2.1170    0.7400
  QMMM:     3        3      C        1.8270   -1.1990    0.0700
  QMMM:     4        4      C        0.9870   -0.3570    0.8400
  QMMM:     5        5      C        0.9880   -0.4260    2.2260
  QMMM:     6        6      C        1.8270   -1.3470    2.8690
  QMMM:     7        7      C        9.4310   -0.3340   -4.1230
  QMMM:     8        8      N        9.5380    0.4590   -3.0390
  QMMM:     9        9      C        8.2150   -0.6000   -4.7770
  QMMM:    10       10      C        7.0470   -0.0060   -4.2840
  QMMM:    11       11      C        7.1410    0.8220   -3.1590
  QMMM:    12       12      C        8.4050    1.0200   -2.5740
  QMMM:    13       13      C        2.3800   -1.3330   -3.6740
  QMMM:    14       14      C        1.0970   -1.5790   -4.1740
  QMMM:    15       15      C        0.8240   -1.3610   -5.5190
  QMMM:    16       16      C        1.8730   -0.8960   -6.3350
  QMMM:    17       17      N        3.1150   -0.6550   -5.9090
  QMMM:    18       18      C        3.3990   -0.8640   -4.5740
  QMMM:    19       19      N        4.6580   -0.5400   -4.0830
  QMMM:    20       20      C        5.7420   -0.2300   -4.9890
  QMMM:    21       21      C        2.6910   -1.5950   -2.2430
  QMMM:    22       22      N        1.7700   -1.0990   -1.3310
  QMMM:    23       23      O        3.7110   -2.2240   -1.8960
  QMMM:    24       24      O        1.6870   -1.4390    4.2510
  QMMM:    25       25      C        5.1890   -1.2720    5.4510
  QMMM:    26       26      C        5.0400   -1.9270    6.6730
  QMMM:    27       27      C        3.7930   -2.4280    7.0510
  QMMM:    28       28      C        2.6900   -2.2850    6.2130
  QMMM:    29       29      C        2.8540   -1.6200    4.9870
  QMMM:    30       30      C        4.0990   -1.1110    4.5980
  QMMM:    31       31      H        3.3190   -2.9040    2.6460
  QMMM:    32       32      H        3.3330   -2.7860    0.1720
  QMMM:    33       33      H        0.3200    0.3680    0.3470
  QMMM:    34       34      H        0.3320    0.2250    2.8220
  QMMM:    35       35      H        8.1900   -1.2590   -5.6540
  QMMM:    36       36      H        6.2530    1.3130   -2.7390
  QMMM:    37       37      H        8.5180    1.6640   -1.6840
  QMMM:    38       38      H        0.3080   -1.9630   -3.5080
  QMMM:    39       39      H       -0.1710   -1.5490   -5.9400
  QMMM:    40       40      H        1.7070   -0.7110   -7.4140
  QMMM:    41       41      H        4.9220   -1.0060   -3.2360
  QMMM:    42       42      H        5.4740    0.7150   -5.5490
  QMMM:    43       43      H        5.8690   -1.0510   -5.7560
  QMMM:    44       44      H        1.0380   -0.5280   -1.6920
  QMMM:    45       45      H        6.1720   -0.8750    5.1550
  QMMM:    46       46      H        5.9050   -2.0480    7.3410
  QMMM:    47       47      H        3.6770   -2.9430    8.0160
  QMMM:    48       48      H        1.7020   -2.6720    6.4960
  QMMM:    49       49      H        4.2090   -0.5960    3.6330
  QMMM:    50       50      H       10.3740   -0.7820   -4.4840

--------------------------------------------------------------------------------
  RESULTS
--------------------------------------------------------------------------------

  ... geometry converged !
 
 Final MO eigenvalues (eV):
 -41.2812  -40.8665  -40.3105  -39.7203  -38.7061  -37.6030  -37.2432  -35.3017
 -33.8275  -33.4960  -31.8968  -31.6472  -31.6070  -31.0179  -30.6390  -29.2316
 -27.3817  -25.7377  -24.3193  -24.1590  -24.1232  -23.5796  -23.2066  -22.5037
 -22.3680  -21.4210  -19.3210  -19.1219  -18.8146  -18.4095  -17.9985  -17.5372
 -17.1902  -17.0695  -16.8060  -16.6283  -16.5061  -16.1405  -15.9195  -15.6294
 -15.4626  -15.3471  -15.2616  -15.1914  -14.6962  -14.5713  -14.5290  -14.4511
 -14.3432  -14.3237  -14.0943  -13.9557  -13.7142  -13.6790  -13.5032  -13.3133
 -12.9363  -12.5967  -12.5546  -12.0509  -11.9397  -11.5691  -11.4277  -11.3265
 -11.0705  -10.8307  -10.7560  -10.5017  -10.0177  -10.0041   -9.8249   -9.4297
  -9.0426   -8.6077   -0.4927   -0.0277    0.0654    0.0689    0.0806    0.2847
   0.4105    0.4740    1.2205    1.5680    1.9708    2.2528    2.4021    2.6722
   2.6808    2.8107    3.0194    3.2158    3.3653    3.4221    3.4753    3.6026
   3.6549    3.6699    3.7372    3.8135    3.8403    3.9053    3.9063    3.9402
   4.0298    4.0808    4.1095    4.1180    4.1814    4.2234    4.2822    4.3213
   4.4082    4.4411    4.4718    4.5637    4.6783    4.7907    4.8537    4.8648
   4.9227    5.0081    5.0372    5.0764    5.1538    5.2374    5.2877    5.3780
   5.4166    5.5582    5.5898    5.6778    5.7100    5.8489    5.9124    5.9462
   6.5376    6.5764    6.6969    6.7551

 Heat of formation   =         69.99399606 kcal/mol  (        3.03516743 eV)

 Total SCF energy    =    -111018.01858203 kcal/mol  (    -4814.10253597 eV)
 Electronic energy   =    -843491.95388945 kcal/mol  (   -36576.55582540 eV)
 Core-core repulsion =     732473.93530742 kcal/mol  (    31762.45328942 eV)
 
    Atomic Charges for Step       1 :
  Atom    Element       Mulliken Charge
     1      C                 -0.143
     2      C                 -0.130
     3      C                  0.057
     4      C                 -0.164
     5      C                 -0.114
     6      C                  0.032
     7      C                 -0.071
     8      N                 -0.134
     9      C                 -0.171
    10      C                 -0.059
    11      C                 -0.167
    12      C                 -0.072
    13      C                 -0.254
    14      C                 -0.028
    15      C                 -0.247
    16      C                  0.000
    17      N                 -0.208
    18      C                  0.184
    19      N                 -0.293
    20      C                  0.002
    21      C                  0.371
    22      N                 -0.318
    23      O                 -0.368
    24      O                 -0.159
    25      C                 -0.104
    26      C                 -0.152
    27      C                 -0.108
    28      C                 -0.145
    29      C                  0.062
    30      C                 -0.177
    31      H                  0.153
    32      H                  0.175
    33      H                  0.133
    34      H                  0.152
    35      H                  0.146
    36      H                  0.153
    37      H                  0.161
    38      H                  0.142
    39      H                  0.150
    40      H                  0.162
    41      H                  0.247
    42      H                  0.118
    43      H                  0.091
    44      H                  0.234
    45      H                  0.135
    46      H                  0.134
    47      H                  0.135
    48      H                  0.150
    49      H                  0.148
    50      H                  0.161
 Total Mulliken Charge =      -0.000
 
                  X        Y        Z     TOTAL  
  QM DIPOLE    -2.635    0.585   -1.894    3.297
 
 Final Structure

  QMMM: QM Region Cartesian Coordinates (*=link atom) 
  QMMM: QM_NO.   MM_NO.  ATOM         X         Y         Z
  QMMM:     1        1      C        2.6628   -2.1882    2.1289
  QMMM:     2        2      C        2.6658   -2.1166    0.7399
  QMMM:     3        3      C        1.8276   -1.1994    0.0706
  QMMM:     4        4      C        0.9868   -0.3568    0.8396
  QMMM:     5        5      C        0.9878   -0.4260    2.2257
  QMMM:     6        6      C        1.8267   -1.3471    2.8685
  QMMM:     7        7      C        9.4314   -0.3340   -4.1228
  QMMM:     8        8      N        9.5377    0.4587   -3.0387
  QMMM:     9        9      C        8.2152   -0.5996   -4.7768
  QMMM:    10       10      C        7.0473   -0.0057   -4.2838
  QMMM:    11       11      C        7.1406    0.8220   -3.1594
  QMMM:    12       12      C        8.4046    1.0197   -2.5743
  QMMM:    13       13      C        2.3797   -1.3330   -3.6744
  QMMM:    14       14      C        1.0975   -1.5794   -4.1738
  QMMM:    15       15      C        0.8236   -1.3607   -5.5191
  QMMM:    16       16      C        1.8729   -0.8961   -6.3352
  QMMM:    17       17      N        3.1154   -0.6553   -5.9093
  QMMM:    18       18      C        3.3986   -0.8639   -4.5745
  QMMM:    19       19      N        4.6584   -0.5399   -4.0826
  QMMM:    20       20      C        5.7417   -0.2299   -4.9887
  QMMM:    21       21      C        2.6907   -1.5955   -2.2429
  QMMM:    22       22      N        1.7702   -1.0991   -1.3304
  QMMM:    23       23      O        3.7109   -2.2241   -1.8959
  QMMM:    24       24      O        1.6869   -1.4388    4.2507
  QMMM:    25       25      C        5.1895   -1.2719    5.4511
  QMMM:    26       26      C        5.0397   -1.9264    6.6734
  QMMM:    27       27      C        3.7929   -2.4277    7.0509
  QMMM:    28       28      C        2.6904   -2.2850    6.2128
  QMMM:    29       29      C        2.8542   -1.6205    4.9866
  QMMM:    30       30      C        4.0987   -1.1116    4.5981
  QMMM:    31       31      H        3.3194   -2.9042    2.6463
  QMMM:    32       32      H        3.3334   -2.7859    0.1717
  QMMM:    33       33      H        0.3203    0.3681    0.3470
  QMMM:    34       34      H        0.3321    0.2249    2.8223
  QMMM:    35       35      H        8.1903   -1.2591   -5.6545
  QMMM:    36       36      H        6.2526    1.3130   -2.7393
  QMMM:    37       37      H        8.5178    1.6641   -1.6839
  QMMM:    38       38      H        0.3079   -1.9631   -3.5083
  QMMM:    39       39      H       -0.1711   -1.5487   -5.9398
  QMMM:    40       40      H        1.7068   -0.7109   -7.4140
  QMMM:    41       41      H        4.9220   -1.0058   -3.2365
  QMMM:    42       42      H        5.4736    0.7152   -5.5486
  QMMM:    43       43      H        5.8693   -1.0507   -5.7559
  QMMM:    44       44      H        1.0380   -0.5276   -1.6915
  QMMM:    45       45      H        6.1723   -0.8756    5.1552
  QMMM:    46       46      H        5.9048   -2.0477    7.3411
  QMMM:    47       47      H        3.6773   -2.9431    8.0161
  QMMM:    48       48      H        1.7017   -2.6716    6.4964
  QMMM:    49       49      H        4.2089   -0.5961    3.6331
  QMMM:    50       50      H       10.3745   -0.7824   -4.4839

           --------- Calculation Completed ----------

