            --------------------------------------------------------
                             AMBER SQM VERSION 14
 
                                     By
              Ross C. Walker, Michael F. Crowley, Scott Brozell,
                         Tim Giese, Andreas W. Goetz,
                        Tai-Sung Lee and David A. Case
 
            --------------------------------------------------------
 

--------------------------------------------------------------------------------
  QM CALCULATION INFO
--------------------------------------------------------------------------------

| QMMM: Citation for AMBER QMMM Run:
| QMMM: R.C. Walker, M.F. Crowley and D.A. Case, J. COMP. CHEM. 29:1019, 2008

QMMM: SINGLET STATE CALCULATION
QMMM: RHF CALCULATION, NO. OF DOUBLY OCCUPIED LEVELS = 72

| QMMM: *** Selected Hamiltonian *** 
| QMMM: AM1         

| QMMM: *** Parameter sets in use ***
| QMMM: Cl: M.J.S.DEWAR et al. THEOCHEM, 180, 1, (1988)
| QMMM: C : M.J.S.DEWAR et al. JACS, 107, 3902, (1985)
| QMMM: N : M.J.S.DEWAR et al. JACS, 107, 3902, (1985)
| QMMM: O : M.J.S.DEWAR et al. JACS, 107, 3902, (1985)
| QMMM: H : M.J.S.DEWAR et al. JACS, 107, 3902, (1985)

| QMMM: *** SCF convergence criteria ***
| QMMM: Energy change                :  0.1D-09 kcal/mol
| QMMM: Error matrix |FP-PF|         :  0.1D+00 au
| QMMM: Density matrix change        :  0.5D-06
| QMMM: Maximum number of SCF cycles :     1000

| QMMM: *** Diagonalization Routine Information ***
| QMMM: Pseudo diagonalizations are allowed.
| QMMM: Auto diagonalization routine selection is in use.
| QMMM:
| QMMM: Timing diagonalization routines:
| QMMM:                              norbs =      133
| QMMM:    diag iterations used for timing =       10
| QMMM:
| QMMM:              Internal diag routine = 0.101043 seconds
| QMMM:                 Dspev diag routine = 0.162694 seconds
| QMMM:                Dspevd diag routine = 0.106041 seconds
| QMMM:                Dspevx diag routine = 0.336783 seconds
| QMMM:                 Dsyev diag routine = 0.188022 seconds
| QMMM:                Dsyevd diag routine = 0.120384 seconds
| QMMM:                Dsyevr diag routine = 0.107214 seconds
| QMMM:
| QMMM:                Pseudo diag routine = 0.055015 seconds
| QMMM:
| QMMM: Using internal diagonalization routine (diag_routine=1).

  QMMM: QM Region Cartesian Coordinates (*=link atom) 
  QMMM: QM_NO.   MM_NO.  ATOM         X         Y         Z
  QMMM:     1        1      Cl      -0.2260   -0.3350    0.6610
  QMMM:     2        2      C        1.4430   -0.2900    0.3310
  QMMM:     3        3      C        2.3460   -0.2440    1.3920
  QMMM:     4        4      C        3.7360   -0.2100    1.1300
  QMMM:     5        5      C        4.1790   -0.2270   -0.2090
  QMMM:     6        6      C        3.2540   -0.2620   -1.2480
  QMMM:     7        7      C        1.8850   -0.2950   -0.9950
  QMMM:     8        8      N        4.6300   -0.2390    2.2170
  QMMM:     9        9      C        5.7500    0.5780    2.3530
  QMMM:    10       10      C        6.4560    0.5560    3.5980
  QMMM:    11       11      N        6.2450   -0.1170    4.8110
  QMMM:    12       12      C        7.6470    1.3930    3.6890
  QMMM:    13       13      N        8.1360    1.1970    4.9900
  QMMM:    14       14      C        9.3140    1.7920    5.5790
  QMMM:    15       15      C        8.9890    2.6500    6.8050
  QMMM:    16       16      C       10.3680    0.7510    5.9660
  QMMM:    17       17      C        7.2480    0.2790    5.6060
  QMMM:    18       18      N        8.1140    2.1820    2.6870
  QMMM:    19       19      C        7.3590    2.1060    1.5270
  QMMM:    20       20      N        6.1910    1.3680    1.3390
  QMMM:    21       21      N        7.8860    2.7940    0.4130
  QMMM:    22       22      C        7.0290    3.1670   -0.6990
  QMMM:    23       23      C        7.8740    3.6200   -1.9160
  QMMM:    24       24      C        8.9270    2.5900   -2.2700
  QMMM:    25       25      C        6.9730    3.8620   -3.1110
  QMMM:    26       26      C        6.0080    4.2680   -0.3270
  QMMM:    27       27      O        6.7310    5.4490   -0.0230
  QMMM:    28       28      H        1.9700   -0.2390    2.4270
  QMMM:    29       29      H        5.2540   -0.2150   -0.4470
  QMMM:    30       30      H        3.6130   -0.2710   -2.2890
  QMMM:    31       31      H        1.1640   -0.3270   -1.8250
  QMMM:    32       32      H        4.2600   -0.5940    3.0750
  QMMM:    33       33      H        9.7670    2.4690    4.7900
  QMMM:    34       34      H        9.9320    3.1210    7.1700
  QMMM:    35       35      H        8.2630    3.4570    6.5470
  QMMM:    36       36      H        8.5580    2.0280    7.6260
  QMMM:    37       37      H       10.6710    0.1410    5.0830
  QMMM:    38       38      H        9.9820    0.0670    6.7600
  QMMM:    39       39      H       11.2680    1.2830    6.3580
  QMMM:    40       40      H        7.4080   -0.0480    6.6400
  QMMM:    41       41      H        8.5480    3.5090    0.6500
  QMMM:    42       42      H        6.4330    2.2590   -1.0140
  QMMM:    43       43      H        8.3810    4.5900   -1.6490
  QMMM:    44       44      H        9.7180    2.5350   -1.4850
  QMMM:    45       45      H        8.4660    1.5790   -2.3780
  QMMM:    46       46      H        9.4190    2.8610   -3.2360
  QMMM:    47       47      H        6.3560    4.7810   -2.9630
  QMMM:    48       48      H        7.5920    4.0080   -4.0300
  QMMM:    49       49      H        6.2920    2.9940   -3.2800
  QMMM:    50       50      H        5.3170    4.4490   -1.1920
  QMMM:    51       51      H        5.3970    3.9500    0.5600
  QMMM:    52       52      H        6.0850    6.0990    0.2770

--------------------------------------------------------------------------------
  RESULTS
--------------------------------------------------------------------------------

  ... geometry converged !
 
 Final MO eigenvalues (eV):
 -41.7204  -40.1312  -39.7278  -38.6017  -37.6517  -36.9468  -36.3208  -36.2010
 -34.0477  -33.2239  -31.4851  -31.3125  -30.5006  -29.3305  -28.3418  -28.1619
 -27.3112  -24.8135  -24.4919  -23.9265  -23.6412  -22.7377  -22.5720  -21.0600
 -20.3171  -19.2952  -18.9881  -18.3802  -17.8932  -17.5468  -17.0941  -16.6431
 -16.4986  -16.2945  -16.1482  -15.9259  -15.8095  -15.4870  -15.4504  -15.0318
 -14.8855  -14.8144  -14.5850  -14.3955  -14.3372  -13.9102  -13.7147  -13.6163
 -13.4088  -13.3627  -13.2972  -13.0292  -12.8714  -12.8252  -12.7882  -12.5822
 -12.3777  -12.2223  -12.1450  -11.9375  -11.8150  -11.8061  -11.4827  -11.3271
 -11.0800  -10.9621  -10.3925  -10.2343   -9.9204   -9.6651   -9.0992   -8.2927
  -0.2356    0.2171    0.2339    0.5451    1.1474    1.3491    1.5551    1.8147
   2.1917    2.5649    2.8042    3.0309    3.2056    3.3502    3.4166    3.4725
   3.5907    3.6769    3.7099    3.7258    3.8544    3.8731    3.9326    3.9497
   4.0350    4.0483    4.0871    4.1498    4.1778    4.2324    4.2704    4.3315
   4.3389    4.4707    4.5272    4.5723    4.5857    4.5949    4.6826    4.7079
   4.7098    4.8082    4.8679    4.9782    5.0487    5.0698    5.1318    5.2267
   5.2828    5.3075    5.3664    5.4730    5.6087    5.7249    5.9580    6.1078
   6.1355    6.2382    6.4100    6.5519    7.2208

 Heat of formation   =         54.19089420 kcal/mol  (        2.34989351 eV)

 Total SCF energy    =    -108647.85948117 kcal/mol  (    -4711.32472491 eV)
 Electronic energy   =    -851936.70446944 kcal/mol  (   -36942.74768958 eV)
 Core-core repulsion =     743288.84498827 kcal/mol  (    32231.42296467 eV)
 
    Atomic Charges for Step       1 :
  Atom    Element       Mulliken Charge
     1      Cl                -0.018
     2      C                 -0.042
     3      C                 -0.171
     4      C                  0.078
     5      C                 -0.125
     6      C                 -0.110
     7      C                 -0.143
     8      N                 -0.251
     9      C                  0.257
    10      C                 -0.267
    11      N                 -0.114
    12      C                  0.103
    13      N                 -0.185
    14      C                  0.036
    15      C                 -0.229
    16      C                 -0.230
    17      C                 -0.055
    18      N                 -0.256
    19      C                  0.194
    20      N                 -0.296
    21      N                 -0.250
    22      C                  0.018
    23      C                 -0.107
    24      C                 -0.205
    25      C                 -0.209
    26      C                 -0.056
    27      O                 -0.336
    28      H                  0.148
    29      H                  0.161
    30      H                  0.138
    31      H                  0.148
    32      H                  0.254
    33      H                  0.131
    34      H                  0.089
    35      H                  0.092
    36      H                  0.079
    37      H                  0.094
    38      H                  0.079
    39      H                  0.088
    40      H                  0.200
    41      H                  0.226
    42      H                  0.126
    43      H                  0.106
    44      H                  0.083
    45      H                  0.077
    46      H                  0.070
    47      H                  0.075
    48      H                  0.078
    49      H                  0.072
    50      H                  0.074
    51      H                  0.080
    52      H                  0.202
 Total Mulliken Charge =      -0.000
 
                  X        Y        Z     TOTAL  
  QM DIPOLE     1.194    1.735    1.273    2.461
 
 Final Structure

  QMMM: QM Region Cartesian Coordinates (*=link atom) 
  QMMM: QM_NO.   MM_NO.  ATOM         X         Y         Z
  QMMM:     1        1      Cl      -0.2259   -0.3349    0.6613
  QMMM:     2        2      C        1.4433   -0.2900    0.3305
  QMMM:     3        3      C        2.3458   -0.2442    1.3918
  QMMM:     4        4      C        3.7360   -0.2105    1.1304
  QMMM:     5        5      C        4.1793   -0.2265   -0.2092
  QMMM:     6        6      C        3.2539   -0.2618   -1.2483
  QMMM:     7        7      C        1.8847   -0.2948   -0.9951
  QMMM:     8        8      N        4.6302   -0.2390    2.2174
  QMMM:     9        9      C        5.7494    0.5778    2.3527
  QMMM:    10       10      C        6.4560    0.5563    3.5983
  QMMM:    11       11      N        6.2451   -0.1168    4.8115
  QMMM:    12       12      C        7.6469    1.3934    3.6886
  QMMM:    13       13      N        8.1363    1.1971    4.9897
  QMMM:    14       14      C        9.3143    1.7921    5.5786
  QMMM:    15       15      C        8.9889    2.6494    6.8048
  QMMM:    16       16      C       10.3678    0.7510    5.9665
  QMMM:    17       17      C        7.2481    0.2791    5.6060
  QMMM:    18       18      N        8.1140    2.1824    2.6872
  QMMM:    19       19      C        7.3590    2.1059    1.5269
  QMMM:    20       20      N        6.1915    1.3678    1.3388
  QMMM:    21       21      N        7.8861    2.7941    0.4133
  QMMM:    22       22      C        7.0287    3.1674   -0.6986
  QMMM:    23       23      C        7.8740    3.6199   -1.9160
  QMMM:    24       24      C        8.9272    2.5901   -2.2701
  QMMM:    25       25      C        6.9734    3.8621   -3.1111
  QMMM:    26       26      C        6.0077    4.2676   -0.3272
  QMMM:    27       27      O        6.7310    5.4494   -0.0232
  QMMM:    28       28      H        1.9699   -0.2390    2.4271
  QMMM:    29       29      H        5.2544   -0.2150   -0.4466
  QMMM:    30       30      H        3.6129   -0.2715   -2.2891
  QMMM:    31       31      H        1.1639   -0.3268   -1.8249
  QMMM:    32       32      H        4.2598   -0.5942    3.0750
  QMMM:    33       33      H        9.7667    2.4689    4.7896
  QMMM:    34       34      H        9.9324    3.1211    7.1702
  QMMM:    35       35      H        8.2628    3.4570    6.5473
  QMMM:    36       36      H        8.5579    2.0280    7.6256
  QMMM:    37       37      H       10.6711    0.1404    5.0828
  QMMM:    38       38      H        9.9824    0.0670    6.7598
  QMMM:    39       39      H       11.2675    1.2832    6.3583
  QMMM:    40       40      H        7.4080   -0.0480    6.6401
  QMMM:    41       41      H        8.5479    3.5087    0.6500
  QMMM:    42       42      H        6.4327    2.2593   -1.0135
  QMMM:    43       43      H        8.3815    4.5898   -1.6489
  QMMM:    44       44      H        9.7183    2.5352   -1.4846
  QMMM:    45       45      H        8.4657    1.5792   -2.3782
  QMMM:    46       46      H        9.4186    2.8612   -3.2363
  QMMM:    47       47      H        6.3562    4.7807   -2.9633
  QMMM:    48       48      H        7.5919    4.0077   -4.0303
  QMMM:    49       49      H        6.2921    2.9940   -3.2798
  QMMM:    50       50      H        5.3167    4.4492   -1.1922
  QMMM:    51       51      H        5.3974    3.9497    0.5603
  QMMM:    52       52      H        6.0848    6.0988    0.2772

           --------- Calculation Completed ----------

