            --------------------------------------------------------
                             AMBER SQM VERSION 14
 
                                     By
              Ross C. Walker, Michael F. Crowley, Scott Brozell,
                         Tim Giese, Andreas W. Goetz,
                        Tai-Sung Lee and David A. Case
 
            --------------------------------------------------------
 

--------------------------------------------------------------------------------
  QM CALCULATION INFO
--------------------------------------------------------------------------------

| QMMM: Citation for AMBER QMMM Run:
| QMMM: R.C. Walker, M.F. Crowley and D.A. Case, J. COMP. CHEM. 29:1019, 2008

QMMM: SINGLET STATE CALCULATION
QMMM: RHF CALCULATION, NO. OF DOUBLY OCCUPIED LEVELS = 88

| QMMM: *** Selected Hamiltonian *** 
| QMMM: AM1         

| QMMM: *** Parameter sets in use ***
| QMMM: C : M.J.S.DEWAR et al. JACS, 107, 3902, (1985)
| QMMM: O : M.J.S.DEWAR et al. JACS, 107, 3902, (1985)
| QMMM: S : M.J.S.DEWAR et al. INORG. CHEM., 29, 3881, (1990)
| QMMM: N : M.J.S.DEWAR et al. JACS, 107, 3902, (1985)
| QMMM: P : M.J.S.DEWAR et al. THEOCHEM, 187,1, (1989)
| QMMM: H : M.J.S.DEWAR et al. JACS, 107, 3902, (1985)

| QMMM: *** SCF convergence criteria ***
| QMMM: Energy change                :  0.1D-09 kcal/mol
| QMMM: Error matrix |FP-PF|         :  0.1D+00 au
| QMMM: Density matrix change        :  0.1D-09
| QMMM: Maximum number of SCF cycles :     1000

| QMMM: *** Diagonalization Routine Information ***
| QMMM: Pseudo diagonalizations are allowed.
| QMMM: Auto diagonalization routine selection is disabled.
| QMMM: Using internal diagonalization routine (diag_routine=1).

  QMMM: QM Region Cartesian Coordinates (*=link atom) 
  QMMM: QM_NO.   MM_NO.  ATOM         X         Y         Z
  QMMM:     1        1      C        0.0000    0.0000    0.0000
  QMMM:     2        2      O        1.2150    0.0000    0.0000
  QMMM:     3        3      C       -0.7040    0.0000    1.2200
  QMMM:     4        4      S        0.0340   -0.0010    2.8150
  QMMM:     5        5      C       -2.0720    0.0070    1.3440
  QMMM:     6        6      C       -2.5260    0.0050    2.6290
  QMMM:     7        7      C       -1.5460   -0.0000    3.5850
  QMMM:     8        8      C       -1.7810   -0.0030    5.0420
  QMMM:     9        9      C       -1.4010   -1.0680    5.8120
  QMMM:    10       10      C       -2.4240    1.1430    5.7050
  QMMM:    11       11      O       -2.7760    2.1140    5.0630
  QMMM:    12       12      N       -2.6160    1.0920    7.0390
  QMMM:    13       13      C       -2.2250    0.0140    7.7420
  QMMM:    14       14      O       -2.4080   -0.0070    8.9430
  QMMM:    15       15      N       -1.6310   -1.0390    7.1550
  QMMM:    16       16      C       -1.2230   -2.1810    7.9770
  QMMM:    17       17      O       -2.3040   -2.6010    8.8360
  QMMM:    18       18      C       -0.1110   -1.7670    8.9730
  QMMM:    19       19      O        1.1800   -1.8670    8.3660
  QMMM:    20       20      C       -0.2760   -2.8160   10.0990
  QMMM:    21       21      O        0.6630   -3.8800    9.9320
  QMMM:    22       22      C       -1.7160   -3.3340    9.9240
  QMMM:    23       23      C       -2.5140   -3.0940   11.2060
  QMMM:    24       24      O       -3.8170   -3.6670   11.0700
  QMMM:    25       25      P       -4.9290   -3.6020   12.2330
  QMMM:    26       26      O       -4.3700   -4.1660   13.4810
  QMMM:    27       27      O       -5.3590   -2.0700   12.4790
  QMMM:    28       28      O       -6.2200   -4.4570   11.7880
  QMMM:    29       29      P       -7.5000   -5.0370   12.5730
  QMMM:    30       30      O       -8.5790   -3.8610   12.7820
  QMMM:    31       31      O       -8.1630   -6.2260   11.7120
  QMMM:    32       32      O       -7.0770   -5.5590   13.8920
  QMMM:    33       33      H       -0.5420    0.0000   -0.9380
  QMMM:    34       34      H       -2.7360    0.0110    0.4890
  QMMM:    35       35      H       -3.5810    0.0080    2.8750
  QMMM:    36       36      H       -0.7980   -1.8590    5.3830
  QMMM:    37       37      H       -3.0510    1.8600    7.5090
  QMMM:    38       38      H       -0.8910   -3.0030    7.3540
  QMMM:    39       39      H       -0.2850   -0.7660    9.3500
  QMMM:    40       40      H        1.6580   -1.0670    8.5100
  QMMM:    41       41      H       -0.1560   -2.3520   11.0700
  QMMM:    42       42      H        1.1160   -4.0300   10.7460
  QMMM:    43       43      H       -1.7010   -4.3920    9.6900
  QMMM:    44       44      H       -2.6050   -2.0290   11.3810
  QMMM:    45       45      H       -2.0030   -3.5560   12.0420

--------------------------------------------------------------------------------
  RESULTS
--------------------------------------------------------------------------------


QMMM: ERROR!
QMMM: Unable to achieve self consistency to the tolerances specified
QMMM: No convergence in SCF after   1000 steps.
QMMM: E =  -0.1134E+07 DeltaE =  -0.1707E+03 DeltaP =   0.8783E+00
QMMM: Smallest DeltaE =  -0.1348E+01 DeltaP =   0.6060E+00 Step =     42

