            --------------------------------------------------------
                             AMBER SQM VERSION 14
 
                                     By
              Ross C. Walker, Michael F. Crowley, Scott Brozell,
                         Tim Giese, Andreas W. Goetz,
                        Tai-Sung Lee and David A. Case
 
            --------------------------------------------------------
 

--------------------------------------------------------------------------------
  QM CALCULATION INFO
--------------------------------------------------------------------------------

| QMMM: Citation for AMBER QMMM Run:
| QMMM: R.C. Walker, M.F. Crowley and D.A. Case, J. COMP. CHEM. 29:1019, 2008

QMMM: SINGLET STATE CALCULATION
QMMM: RHF CALCULATION, NO. OF DOUBLY OCCUPIED LEVELS = 95

| QMMM: *** Selected Hamiltonian *** 
| QMMM: PM3         

| QMMM: *** Parameter sets in use ***
| QMMM: C : J.J.P.STEWART, JCC, 10, 209 (1989)
| QMMM: N : J.J.P.STEWART, JCC, 10, 209 (1989)
| QMMM: O : J.J.P.STEWART, JCC, 10, 209 (1989)
| QMMM: S : J.J.P.STEWART, JCC, 10, 209 (1989)
| QMMM: H : J.J.P.STEWART, JCC, 10, 209 (1989)

| QMMM: *** SCF convergence criteria ***
| QMMM: Energy change                :  0.1D-07 kcal/mol
| QMMM: Error matrix |FP-PF|         :  0.1D+00 au
| QMMM: Density matrix change        :  0.5D-05
| QMMM: Maximum number of SCF cycles :     1000

| QMMM: *** Diagonalization Routine Information ***
| QMMM: Pseudo diagonalizations are allowed.
| QMMM: Auto diagonalization routine selection is in use.
| QMMM:
| QMMM: Timing diagonalization routines:
| QMMM:                              norbs =      170
| QMMM:    diag iterations used for timing =        5
| QMMM:
| QMMM:              Internal diag routine = 0.049400 seconds
| QMMM:                 Dspev diag routine = 0.063401 seconds
| QMMM:                Dspevd diag routine = 0.045082 seconds
| QMMM:                Dspevx diag routine = 0.163899 seconds
| QMMM:                 Dsyev diag routine = 0.069222 seconds
| QMMM:                Dsyevd diag routine = 0.052017 seconds
| QMMM:                Dsyevr diag routine = 0.048978 seconds
| QMMM:
| QMMM:                Pseudo diag routine = 0.023725 seconds
| QMMM:
| QMMM: Using dspevd routine (diag_routine=3).

  QMMM: QM Region Cartesian Coordinates (*=link atom) 
  QMMM: QM_NO.   MM_NO.  ATOM         X         Y         Z
  QMMM:     1        1      C        0.0000    0.0000    0.0000
  QMMM:     2        2      C        0.0050   -0.0060    2.4020
  QMMM:     3        3      C        1.3810    0.0000    0.0000
  QMMM:     4        4      C        1.3870   -0.0010    2.3960
  QMMM:     5        5      C      -12.6640   -6.6810   -3.0030
  QMMM:     6        6      C      -11.3690   -6.4920   -2.6280
  QMMM:     7        7      C      -12.0750   -5.2580   -0.6910
  QMMM:     8        8      C        2.0740    0.0000    1.1960
  QMMM:     9        9      C      -13.7170   -6.1580   -2.2260
  QMMM:    10       10      C       -0.6920   -0.0000    1.2030
  QMMM:    11       11      C      -11.0590   -5.7800   -1.4710
  QMMM:    12       12      C      -13.4030   -5.4450   -1.0640
  QMMM:    13       13      C      -15.8110   -5.6720   -1.5630
  QMMM:    14       14      C       -9.3410   -4.4470   -0.5040
  QMMM:    15       15      C        5.5940    1.4430    1.3130
  QMMM:    16       16      C        3.6890    2.1160   -0.0940
  QMMM:    17       17      C       -5.9310   -1.4530    1.3620
  QMMM:    18       18      C      -17.3160   -5.6680   -1.6410
  QMMM:    19       19      C       -2.6980    0.0050    2.4790
  QMMM:    20       20      C        3.5810   -0.0010    1.1930
  QMMM:    21       21      C       -7.8860   -4.2050   -0.1970
  QMMM:    22       22      C       -4.2150    0.0120    2.2820
  QMMM:    23       23      C       -7.7270   -2.8370    0.4700
  QMMM:    24       24      C        4.0910    1.4420    1.1920
  QMMM:    25       25      N      -15.0480   -6.2340   -2.4220
  QMMM:    26       26      N       -9.7230   -5.5960   -1.0980
  QMMM:    27       27      N       -4.6300   -1.2360    1.6370
  QMMM:    28       28      N       -6.3120   -2.6010    0.7690
  QMMM:    29       29      O      -10.1700   -3.6090   -0.2170
  QMMM:    30       30      O        6.2640    2.6060    1.3340
  QMMM:    31       31      O        2.3910    2.2310   -0.4160
  QMMM:    32       32      O       -6.7610   -0.6130    1.6500
  QMMM:    33       33      O        6.1940    0.3990    1.3920
  QMMM:    34       34      O        4.5370    2.5530   -0.8370
  QMMM:    35       35      O       -2.0510    0.0050    1.2050
  QMMM:    36       36      S      -14.9120   -4.9260   -0.3190
  QMMM:    37       37      H        1.9320   -0.0030    3.3320
  QMMM:    38       38      H       -0.5330    0.0330    3.3410
  QMMM:    39       39      H        1.9220    0.0000   -0.9390
  QMMM:    40       40      H       -0.5420   -0.0490   -0.9370
  QMMM:    41       41      H        3.9400   -0.5110    0.3070
  QMMM:    42       42      H        3.9440   -0.5120    2.0760
  QMMM:    43       43      H       -9.0490   -6.3140   -1.2760
  QMMM:    44       44      H      -17.7210   -5.1680   -0.7700
  QMMM:    45       45      H      -17.6300   -5.1450   -2.5360
  QMMM:    46       46      H      -17.6790   -6.6880   -1.6730
  QMMM:    47       47      H       -7.3150   -4.2260   -1.1180
  QMMM:    48       48      H       -7.5240   -4.9770    0.4700
  QMMM:    49       49      H        3.6620    1.9770    2.0300
  QMMM:    50       50      H       -5.8170   -2.6580   -0.0990
  QMMM:    51       51      H       -4.1350   -1.2930    0.7690
  QMMM:    52       52      H       -8.0880   -2.0650   -0.1980
  QMMM:    53       53      H       -8.2980   -2.8160    1.3900
  QMMM:    54       54      H       -4.4940    0.8510    1.6570
  QMMM:    55       55      H       -4.7040    0.1000    3.2450
  QMMM:    56       56      H       -2.4020    0.8860    3.0350
  QMMM:    57       57      H       -2.4090   -0.8830    3.0300
  QMMM:    58       58      H      -12.8870   -7.2360   -3.9050
  QMMM:    59       59      H      -10.5710   -6.9000   -3.2360
  QMMM:    60       60      H       -4.3290   -1.9840    2.2300
  QMMM:    61       61      H       -6.0090   -3.3490    1.3620
  QMMM:    62       62      H      -11.8380   -4.7040    0.2090

--------------------------------------------------------------------------------
  RESULTS
--------------------------------------------------------------------------------

 
 Final MO eigenvalues (eV):
 -43.7224  -42.4174  -41.7832  -40.6191  -39.6347  -37.9748  -37.0255  -36.3514
 -36.0020  -35.1481  -33.3900  -33.0152  -32.3994  -32.1619  -31.6472  -31.3426
 -30.5142  -29.9251  -28.9487  -27.7410  -26.5760  -25.9358  -25.0316  -24.0623
 -23.8054  -22.8367  -22.6860  -22.1440  -22.0987  -21.8100  -21.3469  -20.8942
 -20.8316  -20.2983  -20.1604  -19.9409  -19.5696  -19.4389  -19.0005  -18.7983
 -18.1458  -18.1055  -17.9105  -17.7500  -17.4919  -17.3523  -17.0070  -16.8451
 -16.6296  -16.4496  -16.2314  -16.1515  -15.9336  -15.8698  -15.7404  -15.7282
 -15.5818  -15.3999  -15.3176  -15.2582  -15.1468  -15.0495  -14.9145  -14.6948
 -14.5731  -14.5254  -14.4285  -14.3367  -14.2672  -14.0197  -13.8886  -13.8616
 -13.5854  -13.2151  -13.0697  -12.8327  -12.7826  -12.5918  -12.3144  -12.2082
 -11.9914  -11.6816  -11.4508  -11.3997  -10.6250  -10.1277  -10.0324  -10.0091
  -9.9281   -9.7436   -9.5901   -9.5388   -9.3946   -8.5787   -6.2534   -4.9852
  -1.4153   -1.0691   -0.6450   -0.6070   -0.2267   -0.2052   -0.1925   -0.0722
   0.2309    0.2346    0.3062    0.5824    0.5940    0.6407    1.0615    1.1960
   1.2888    1.3715    1.4151    1.6976    1.7971    1.8363    1.9020    1.9757
   2.1844    2.3116    2.3158    2.3867    2.4010    2.4519    2.5026    2.5310
   2.6584    2.6834    2.7567    2.8260    2.9574    2.9600    3.1612    3.3064
   3.3518    3.3839    3.4252    3.5240    3.6473    3.6591    3.6958    3.8109
   3.9249    3.9273    3.9286    4.0238    4.0264    4.1138    4.4010    4.4718
   4.5877    4.6166    4.7628    4.8764    4.9818    5.0633    5.2104    5.2164
   5.3940    5.9651    6.0772    6.1161    6.2253    6.2555    7.0131    7.1713
   8.3001    8.3994

 Heat of formation   =        112.72704623 kcal/mol  (        4.88821154 eV)

 Total SCF energy    =    -141156.12914387 kcal/mol  (    -6120.98907870 eV)
 Electronic energy   =   -1137176.55005783 kcal/mol  (   -49311.67555864 eV)
 Core-core repulsion =     996020.42091396 kcal/mol  (    43190.68647994 eV)
 
    Atomic Charges for Step       1 :
  Atom    Element       Mulliken Charge
     1      C                 -0.128
     2      C                 -0.216
     3      C                  0.012
     4      C                 -0.050
     5      C                 -0.024
     6      C                 -0.120
     7      C                 -0.040
     8      C                 -0.107
     9      C                 -0.067
    10      C                  0.073
    11      C                 -0.105
    12      C                 -0.240
    13      C                 -0.206
    14      C                  0.201
    15      C                  0.392
    16      C                  0.383
    17      C                 -0.643
    18      C                 -0.029
    19      C                  0.038
    20      C                 -0.054
    21      C                 -0.142
    22      C                 -0.253
    23      C                 -0.241
    24      C                 -0.068
    25      N                 -0.028
    26      N                  0.136
    27      N                  0.941
    28      N                  0.944
    29      O                 -0.375
    30      O                 -0.314
    31      O                 -0.446
    32      O                 -0.470
    33      O                 -0.391
    34      O                 -0.295
    35      O                 -0.218
    36      S                  0.273
    37      H                  0.106
    38      H                  0.107
    39      H                  0.129
    40      H                  0.110
    41      H                  0.080
    42      H                  0.080
    43      H                  0.080
    44      H                  0.053
    45      H                  0.065
    46      H                  0.064
    47      H                  0.075
    48      H                  0.072
    49      H                  0.094
    50      H                 -0.073
    51      H                 -0.045
    52      H                  0.140
    53      H                  0.136
    54      H                  0.134
    55      H                  0.124
    56      H                  0.083
    57      H                  0.045
    58      H                  0.118
    59      H                  0.108
    60      H                 -0.075
    61      H                 -0.080
    62      H                  0.150
 Total Mulliken Charge =       0.000
 
                  X        Y        Z     TOTAL  
  QM DIPOLE   -23.790  -17.716    2.859   29.799
 
 Final Structure

  QMMM: QM Region Cartesian Coordinates (*=link atom) 
  QMMM: QM_NO.   MM_NO.  ATOM         X         Y         Z
  QMMM:     1        1      C        0.0000    0.0000    0.0000
  QMMM:     2        2      C        0.0050   -0.0060    2.4020
  QMMM:     3        3      C        1.3810    0.0000    0.0000
  QMMM:     4        4      C        1.3870   -0.0010    2.3960
  QMMM:     5        5      C      -12.6640   -6.6810   -3.0030
  QMMM:     6        6      C      -11.3690   -6.4920   -2.6280
  QMMM:     7        7      C      -12.0750   -5.2580   -0.6910
  QMMM:     8        8      C        2.0740    0.0000    1.1960
  QMMM:     9        9      C      -13.7170   -6.1580   -2.2260
  QMMM:    10       10      C       -0.6920   -0.0000    1.2030
  QMMM:    11       11      C      -11.0590   -5.7800   -1.4710
  QMMM:    12       12      C      -13.4030   -5.4450   -1.0640
  QMMM:    13       13      C      -15.8110   -5.6720   -1.5630
  QMMM:    14       14      C       -9.3410   -4.4470   -0.5040
  QMMM:    15       15      C        5.5940    1.4430    1.3130
  QMMM:    16       16      C        3.6890    2.1160   -0.0940
  QMMM:    17       17      C       -5.9310   -1.4530    1.3620
  QMMM:    18       18      C      -17.3160   -5.6680   -1.6410
  QMMM:    19       19      C       -2.6980    0.0050    2.4790
  QMMM:    20       20      C        3.5810   -0.0010    1.1930
  QMMM:    21       21      C       -7.8860   -4.2050   -0.1970
  QMMM:    22       22      C       -4.2150    0.0120    2.2820
  QMMM:    23       23      C       -7.7270   -2.8370    0.4700
  QMMM:    24       24      C        4.0910    1.4420    1.1920
  QMMM:    25       25      N      -15.0480   -6.2340   -2.4220
  QMMM:    26       26      N       -9.7230   -5.5960   -1.0980
  QMMM:    27       27      N       -4.6300   -1.2360    1.6370
  QMMM:    28       28      N       -6.3120   -2.6010    0.7690
  QMMM:    29       29      O      -10.1700   -3.6090   -0.2170
  QMMM:    30       30      O        6.2640    2.6060    1.3340
  QMMM:    31       31      O        2.3910    2.2310   -0.4160
  QMMM:    32       32      O       -6.7610   -0.6130    1.6500
  QMMM:    33       33      O        6.1940    0.3990    1.3920
  QMMM:    34       34      O        4.5370    2.5530   -0.8370
  QMMM:    35       35      O       -2.0510    0.0050    1.2050
  QMMM:    36       36      S      -14.9120   -4.9260   -0.3190
  QMMM:    37       37      H        1.9320   -0.0030    3.3320
  QMMM:    38       38      H       -0.5330    0.0330    3.3410
  QMMM:    39       39      H        1.9220    0.0000   -0.9390
  QMMM:    40       40      H       -0.5420   -0.0490   -0.9370
  QMMM:    41       41      H        3.9400   -0.5110    0.3070
  QMMM:    42       42      H        3.9440   -0.5120    2.0760
  QMMM:    43       43      H       -9.0490   -6.3140   -1.2760
  QMMM:    44       44      H      -17.7210   -5.1680   -0.7700
  QMMM:    45       45      H      -17.6300   -5.1450   -2.5360
  QMMM:    46       46      H      -17.6790   -6.6880   -1.6730
  QMMM:    47       47      H       -7.3150   -4.2260   -1.1180
  QMMM:    48       48      H       -7.5240   -4.9770    0.4700
  QMMM:    49       49      H        3.6620    1.9770    2.0300
  QMMM:    50       50      H       -5.8170   -2.6580   -0.0990
  QMMM:    51       51      H       -4.1350   -1.2930    0.7690
  QMMM:    52       52      H       -8.0880   -2.0650   -0.1980
  QMMM:    53       53      H       -8.2980   -2.8160    1.3900
  QMMM:    54       54      H       -4.4940    0.8510    1.6570
  QMMM:    55       55      H       -4.7040    0.1000    3.2450
  QMMM:    56       56      H       -2.4020    0.8860    3.0350
  QMMM:    57       57      H       -2.4090   -0.8830    3.0300
  QMMM:    58       58      H      -12.8870   -7.2360   -3.9050
  QMMM:    59       59      H      -10.5710   -6.9000   -3.2360
  QMMM:    60       60      H       -4.3290   -1.9840    2.2300
  QMMM:    61       61      H       -6.0090   -3.3490    1.3620
  QMMM:    62       62      H      -11.8380   -4.7040    0.2090

           --------- Calculation Completed ----------

