            --------------------------------------------------------
                             AMBER SQM VERSION 14
 
                                     By
              Ross C. Walker, Michael F. Crowley, Scott Brozell,
                         Tim Giese, Andreas W. Goetz,
                        Tai-Sung Lee and David A. Case
 
            --------------------------------------------------------
 

--------------------------------------------------------------------------------
  QM CALCULATION INFO
--------------------------------------------------------------------------------

| QMMM: Citation for AMBER QMMM Run:
| QMMM: R.C. Walker, M.F. Crowley and D.A. Case, J. COMP. CHEM. 29:1019, 2008

QMMM: SINGLET STATE CALCULATION
QMMM: RHF CALCULATION, NO. OF DOUBLY OCCUPIED LEVELS = 37

| QMMM: *** Selected Hamiltonian *** 
| QMMM: AM1         

| QMMM: *** Parameter sets in use ***
| QMMM: C : M.J.S.DEWAR et al. JACS, 107, 3902, (1985)
| QMMM: F : M.J.S.DEWAR et al. THEOCHEM, 180, 1, (1988)
| QMMM: O : M.J.S.DEWAR et al. JACS, 107, 3902, (1985)
| QMMM: H : M.J.S.DEWAR et al. JACS, 107, 3902, (1985)

| QMMM: *** SCF convergence criteria ***
| QMMM: Energy change                :  0.1D-09 kcal/mol
| QMMM: Error matrix |FP-PF|         :  0.1D+00 au
| QMMM: Density matrix change        :  0.1D-09
| QMMM: Maximum number of SCF cycles :     1000

| QMMM: *** Diagonalization Routine Information ***
| QMMM: Pseudo diagonalizations are allowed.
| QMMM: Auto diagonalization routine selection is disabled.
| QMMM: Using internal diagonalization routine (diag_routine=1).

  QMMM: QM Region Cartesian Coordinates (*=link atom) 
  QMMM: QM_NO.   MM_NO.  ATOM         X         Y         Z
  QMMM:     1        1      C        1.2870    0.2150   -0.2600
  QMMM:     2        2      F       -2.4130   -0.0490    1.7590
  QMMM:     3        3      C        1.2430   -0.1030    1.2270
  QMMM:     4        4      O        2.3760    0.4960    1.8410
  QMMM:     5        5      C       -0.0520    0.4650    1.8400
  QMMM:     6        6      O       -0.0710    0.0680    3.2070
  QMMM:     7        7      C       -1.2400   -0.0410    1.0650
  QMMM:     8        8      C       -1.1570   -0.4340   -0.2200
  QMMM:     9        9      C       -0.1570    0.3860   -2.3430
  QMMM:    10       10      O       -0.1760    1.6400   -2.2990
  QMMM:    11       11      O        0.4600   -1.7650   -1.3080
  QMMM:    12       12      O       -0.3410   -0.3260   -3.3690
  QMMM:    13       13      C        0.1150   -0.4150   -1.0100
  QMMM:    14       14      H        1.2540    1.3260   -0.4150
  QMMM:    15       15      H        2.2480   -0.1710   -0.6860
  QMMM:    16       16      H        1.2730   -1.2160    1.3950
  QMMM:    17       17      H        2.2720    0.3560    2.7890
  QMMM:    18       18      H       -0.0320    1.5920    1.8020
  QMMM:    19       19      H       -0.9850    0.1280    3.5090
  QMMM:    20       20      H       -2.0410   -0.7940   -0.7690
  QMMM:    21       21      H        0.2450   -1.9120   -2.2450

--------------------------------------------------------------------------------
  RESULTS
--------------------------------------------------------------------------------

  ... geometry converged !
 
 Final MO eigenvalues (eV):
 -46.4754  -37.3209  -35.3347  -34.2025  -32.5684  -31.3498  -29.7674  -27.2387
 -25.7221  -20.9502  -20.0653  -17.0376  -16.4505  -16.0494  -15.2519  -13.9183
 -13.7713  -13.3986  -13.0673  -12.7844  -11.9788  -11.8620  -11.6533  -10.8635
 -10.5954  -10.1504   -9.9201   -9.6759   -9.0609   -8.8868   -8.5455   -7.8952
  -7.4990   -6.7907   -5.7964   -5.4775   -4.9843    3.9289    5.9201    6.1008
   6.3523    6.5410    6.8557    6.9155    7.2897    7.3588    7.4570    7.7343
   7.7753    8.0179    8.1485    8.1956    8.5410    8.6805    8.7230    8.9353
   9.1643   10.2916   11.7056   12.7823

 Heat of formation   =       -301.05203599 kcal/mol  (      -13.05459590 eV)

 Total SCF energy    =     -71406.17652657 kcal/mol  (    -3096.40416836 eV)
 Electronic energy   =    -334426.95750421 kcal/mol  (   -14501.84109554 eV)
 Core-core repulsion =     263020.78097764 kcal/mol  (    11405.43692718 eV)
 
    Atomic Charges for Step       1 :
  Atom    Element       Mulliken Charge
     1      C                 -0.148
     2      F                 -0.146
     3      C                  0.041
     4      O                 -0.335
     5      C                  0.023
     6      O                 -0.351
     7      C                 -0.061
     8      C                 -0.104
     9      C                  0.328
    10      O                 -0.532
    11      O                 -0.360
    12      O                 -0.564
    13      C                  0.017
    14      H                  0.124
    15      H                  0.101
    16      H                  0.090
    17      H                  0.198
    18      H                  0.100
    19      H                  0.207
    20      H                  0.141
    21      H                  0.229
 Total Mulliken Charge =      -1.000
 
                  X        Y        Z     TOTAL  
  QM DIPOLE    -0.306   -1.960    9.252    9.462
 
 Final Structure

  QMMM: QM Region Cartesian Coordinates (*=link atom) 
  QMMM: QM_NO.   MM_NO.  ATOM         X         Y         Z
  QMMM:     1        1      C        1.2872    0.2151   -0.2601
  QMMM:     2        2      F       -2.4133   -0.0486    1.7588
  QMMM:     3        3      C        1.2425   -0.1030    1.2269
  QMMM:     4        4      O        2.3762    0.4960    1.8405
  QMMM:     5        5      C       -0.0517    0.4652    1.8400
  QMMM:     6        6      O       -0.0709    0.0679    3.2071
  QMMM:     7        7      C       -1.2396   -0.0414    1.0655
  QMMM:     8        8      C       -1.1575   -0.4343   -0.2197
  QMMM:     9        9      C       -0.1571    0.3862   -2.3428
  QMMM:    10       10      O       -0.1757    1.6399   -2.2987
  QMMM:    11       11      O        0.4601   -1.7654   -1.3083
  QMMM:    12       12      O       -0.3411   -0.3258   -3.3692
  QMMM:    13       13      C        0.1153   -0.4153   -1.0098
  QMMM:    14       14      H        1.2538    1.3262   -0.4150
  QMMM:    15       15      H        2.2477   -0.1708   -0.6864
  QMMM:    16       16      H        1.2727   -1.2156    1.3952
  QMMM:    17       17      H        2.2716    0.3558    2.7894
  QMMM:    18       18      H       -0.0316    1.5922    1.8019
  QMMM:    19       19      H       -0.9850    0.1279    3.5088
  QMMM:    20       20      H       -2.0408   -0.7941   -0.7690
  QMMM:    21       21      H        0.2453   -1.9122   -2.2451

           --------- Calculation Completed ----------

