            --------------------------------------------------------
                             AMBER SQM VERSION 14
 
                                     By
              Ross C. Walker, Michael F. Crowley, Scott Brozell,
                         Tim Giese, Andreas W. Goetz,
                        Tai-Sung Lee and David A. Case
 
            --------------------------------------------------------
 

--------------------------------------------------------------------------------
  QM CALCULATION INFO
--------------------------------------------------------------------------------

| QMMM: Citation for AMBER QMMM Run:
| QMMM: R.C. Walker, M.F. Crowley and D.A. Case, J. COMP. CHEM. 29:1019, 2008

QMMM: SINGLET STATE CALCULATION
QMMM: RHF CALCULATION, NO. OF DOUBLY OCCUPIED LEVELS = 73

| QMMM: *** Selected Hamiltonian *** 
| QMMM: AM1         

| QMMM: *** Parameter sets in use ***
| QMMM: C : M.J.S.DEWAR et al. JACS, 107, 3902, (1985)
| QMMM: O : M.J.S.DEWAR et al. JACS, 107, 3902, (1985)
| QMMM: Cl: M.J.S.DEWAR et al. THEOCHEM, 180, 1, (1988)
| QMMM: H : M.J.S.DEWAR et al. JACS, 107, 3902, (1985)

| QMMM: *** SCF convergence criteria ***
| QMMM: Energy change                :  0.1D-09 kcal/mol
| QMMM: Error matrix |FP-PF|         :  0.1D+00 au
| QMMM: Density matrix change        :  0.5D-06
| QMMM: Maximum number of SCF cycles :     1000

| QMMM: *** Diagonalization Routine Information ***
| QMMM: Pseudo diagonalizations are allowed.
| QMMM: Auto diagonalization routine selection is in use.
| QMMM:
| QMMM: Timing diagonalization routines:
| QMMM:                              norbs =      136
| QMMM:    diag iterations used for timing =       10
| QMMM:
| QMMM:              Internal diag routine = 0.054794 seconds
| QMMM:                 Dspev diag routine = 0.073619 seconds
| QMMM:                Dspevd diag routine = 0.051617 seconds
| QMMM:                Dspevx diag routine = 0.195312 seconds
| QMMM:                 Dsyev diag routine = 0.080520 seconds
| QMMM:                Dsyevd diag routine = 0.059781 seconds
| QMMM:                Dsyevr diag routine = 0.058415 seconds
| QMMM:
| QMMM:                Pseudo diag routine = 0.025962 seconds
| QMMM:
| QMMM: Using dspevd routine (diag_routine=3).

  QMMM: QM Region Cartesian Coordinates (*=link atom) 
  QMMM: QM_NO.   MM_NO.  ATOM         X         Y         Z
  QMMM:     1        1      C        0.1280   -0.1020   -0.4070
  QMMM:     2        2      C        1.6290   -0.1480   -0.2840
  QMMM:     3        3      C        2.0730   -0.0430    1.1600
  QMMM:     4        4      C        3.5810   -0.0900    1.2790
  QMMM:     5        5      C        4.0240    0.0140    2.7230
  QMMM:     6        6      C        5.5330   -0.0280    2.8370
  QMMM:     7        7      C        5.9960    0.0820    4.2820
  QMMM:     8        8      C        7.4900    0.3790    4.3460
  QMMM:     9        9      C        7.7520    1.8830    4.5620
  QMMM:    10       10      O        8.5620    2.4610    3.7890
  QMMM:    11       11      O        7.1520    2.4560    5.5220
  QMMM:    12       12      C        5.6900   -1.1730    5.0630
  QMMM:    13       13      O        5.5930   -2.2900    4.5310
  QMMM:    14       14      C        5.4940   -1.0310    6.5300
  QMMM:    15       15      C        5.9020    0.1140    7.2250
  QMMM:    16       16      C        5.6940    0.2040    8.6010
  QMMM:    17       17      C        5.0750   -0.8440    9.3000
  QMMM:    18       18      C        4.8620   -0.7490   10.6870
  QMMM:    19       19      C        4.6810   -0.6650   11.8710
  QMMM:    20       20      C        4.4710   -0.5630   13.2550
  QMMM:    21       21      C        4.8720    0.5910   13.9500
  QMMM:    22       22      C        4.6640    0.6950   15.3230
  QMMM:    23       23      C        4.0530   -0.3570   16.0110
  QMMM:    24       24      Cl       3.7980   -0.2320   17.6900
  QMMM:    25       25      C        3.6480   -1.5110   15.3340
  QMMM:    26       26      C        3.8570   -1.6120   13.9610
  QMMM:    27       27      C        4.6700   -1.9940    8.6000
  QMMM:    28       28      C        4.8830   -2.0830    7.2300
  QMMM:    29       29      H       -0.2720    0.8570    0.0050
  QMMM:    30       30      H       -0.1790   -0.1800   -1.4780
  QMMM:    31       31      H       -0.3400   -0.9450    0.1560
  QMMM:    32       32      H        2.0140   -1.1050   -0.7240
  QMMM:    33       33      H        2.0810    0.6920   -0.8750
  QMMM:    34       34      H        1.6910    0.9140    1.6020
  QMMM:    35       35      H        1.6230   -0.8830    1.7530
  QMMM:    36       36      H        3.9640   -1.0470    0.8370
  QMMM:    37       37      H        4.0320    0.7510    0.6870
  QMMM:    38       38      H        3.6380    0.9710    3.1650
  QMMM:    39       39      H        3.5830   -0.8320    3.3140
  QMMM:    40       40      H        5.9170   -0.9850    2.3940
  QMMM:    41       41      H        5.9790    0.8240    2.2580
  QMMM:    42       42      H        5.4480    0.9430    4.7680
  QMMM:    43       43      H        7.9580   -0.1660    5.2050
  QMMM:    44       44      H        7.9960    0.0430    3.4080
  QMMM:    45       45      H        6.3970    0.9620    6.6890
  QMMM:    46       46      H        6.0190    1.1080    9.1380
  QMMM:    47       47      H        5.3530    1.4170   13.4030
  QMMM:    48       48      H        4.9810    1.6020   15.8600
  QMMM:    49       49      H        3.1680   -2.3370   15.8790
  QMMM:    50       50      H        3.5410   -2.5180   13.4240
  QMMM:    51       51      H        4.1880   -2.8210    9.1400
  QMMM:    52       52      H        4.5770   -2.9860    6.6770

--------------------------------------------------------------------------------
  RESULTS
--------------------------------------------------------------------------------

  ... geometry converged !
 
 Final MO eigenvalues (eV):
 -38.5040  -38.0502  -36.4863  -36.2844  -35.1505  -33.8963  -33.1049  -32.4512
 -30.8939  -30.4611  -30.1230  -29.4250  -29.1180  -28.1286  -26.4930  -23.9176
 -23.0197  -22.2801  -22.2583  -21.1397  -20.4971  -19.6390  -19.2978  -17.8549
 -17.2116  -16.4902  -15.6819  -15.5574  -15.0173  -14.8363  -14.5147  -14.0155
 -13.6933  -13.2521  -13.2383  -13.1499  -13.1327  -12.7916  -12.6522  -12.4320
 -12.2769  -12.0964  -11.9376  -11.6684  -11.4841  -11.3944  -11.2699  -11.1994
 -10.9486  -10.8646  -10.7696  -10.4741  -10.4668  -10.2850   -9.9989   -9.9004
  -9.8732   -9.6987   -9.4794   -9.3414   -9.2286   -8.9871   -8.7476   -8.6471
  -8.4778   -8.2445   -8.1434   -7.6711   -7.4578   -6.8930   -5.4559   -5.1691
  -4.8850    0.9826    1.6266    2.0311    2.6247    2.7909    3.2623    3.4417
   3.9985    4.6578    4.8179    5.0582    5.1134    5.3681    5.5109    5.5667
   5.6023    5.6784    5.7200    5.8323    6.0449    6.0735    6.1299    6.1639
   6.2023    6.2597    6.3182    6.4693    6.4869    6.4956    6.6314    6.6431
   6.6720    6.6940    6.8003    6.8059    6.8791    6.9113    6.9220    7.0049
   7.0812    7.1200    7.1946    7.2351    7.2474    7.3441    7.4765    7.4981
   7.5541    7.6084    7.7111    7.8503    7.9588    7.9696    7.9953    8.0780
   8.3399    8.3620    8.5116    8.5759    8.6707    9.3401   12.1100   13.0006


 Heat of formation   =       -105.38819601 kcal/mol  (       -4.56997511 eV)

 Total SCF energy    =    -109291.54898901 kcal/mol  (    -4739.23719652 eV)
 Electronic energy   =    -774588.33301926 kcal/mol  (   -33588.67061356 eV)
 Core-core repulsion =     665296.78403025 kcal/mol  (    28849.43341704 eV)
 
    Atomic Charges for Step       1 :
  Atom    Element       Mulliken Charge
     1      C                 -0.208
     2      C                 -0.159
     3      C                 -0.158
     4      C                 -0.155
     5      C                 -0.160
     6      C                 -0.149
     7      C                 -0.134
     8      C                 -0.225
     9      C                  0.329
    10      O                 -0.553
    11      O                 -0.599
    12      C                  0.275
    13      O                 -0.334
    14      C                 -0.136
    15      C                 -0.090
    16      C                 -0.115
    17      C                  0.009
    18      C                 -0.046
    19      C                 -0.168
    20      C                  0.060
    21      C                 -0.106
    22      C                 -0.127
    23      C                 -0.066
    24      Cl                -0.032
    25      C                 -0.129
    26      C                 -0.110
    27      C                 -0.136
    28      C                 -0.099
    29      H                  0.070
    30      H                  0.062
    31      H                  0.068
    32      H                  0.075
    33      H                  0.077
    34      H                  0.078
    35      H                  0.076
    36      H                  0.076
    37      H                  0.079
    38      H                  0.080
    39      H                  0.076
    40      H                  0.085
    41      H                  0.102
    42      H                  0.136
    43      H                  0.069
    44      H                  0.083
    45      H                  0.235
    46      H                  0.144
    47      H                  0.150
    48      H                  0.145
    49      H                  0.142
    50      H                  0.144
    51      H                  0.126
    52      H                  0.145
 Total Mulliken Charge =      -1.000
 
                  X        Y        Z     TOTAL  
  QM DIPOLE   -35.225   -7.747  -25.120   43.953
 
 Final Structure

  QMMM: QM Region Cartesian Coordinates (*=link atom) 
  QMMM: QM_NO.   MM_NO.  ATOM         X         Y         Z
  QMMM:     1        1      C        0.1275   -0.1016   -0.4072
  QMMM:     2        2      C        1.6286   -0.1477   -0.2836
  QMMM:     3        3      C        2.0730   -0.0433    1.1599
  QMMM:     4        4      C        3.5813   -0.0897    1.2786
  QMMM:     5        5      C        4.0236    0.0144    2.7225
  QMMM:     6        6      C        5.5329   -0.0284    2.8369
  QMMM:     7        7      C        5.9962    0.0819    4.2817
  QMMM:     8        8      C        7.4903    0.3794    4.3464
  QMMM:     9        9      C        7.7520    1.8830    4.5619
  QMMM:    10       10      O        8.5618    2.4612    3.7893
  QMMM:    11       11      O        7.1522    2.4560    5.5223
  QMMM:    12       12      C        5.6897   -1.1731    5.0627
  QMMM:    13       13      O        5.5928   -2.2899    4.5307
  QMMM:    14       14      C        5.4945   -1.0312    6.5304
  QMMM:    15       15      C        5.9018    0.1135    7.2248
  QMMM:    16       16      C        5.6939    0.2041    8.6012
  QMMM:    17       17      C        5.0753   -0.8439    9.2998
  QMMM:    18       18      C        4.8621   -0.7486   10.6867
  QMMM:    19       19      C        4.6806   -0.6652   11.8707
  QMMM:    20       20      C        4.4706   -0.5628   13.2550
  QMMM:    21       21      C        4.8718    0.5913   13.9504
  QMMM:    22       22      C        4.6643    0.6950   15.3228
  QMMM:    23       23      C        4.0528   -0.3569   16.0112
  QMMM:    24       24      Cl       3.7978   -0.2318   17.6903
  QMMM:    25       25      C        3.6485   -1.5109   15.3337
  QMMM:    26       26      C        3.8573   -1.6119   13.9613
  QMMM:    27       27      C        4.6697   -1.9945    8.6003
  QMMM:    28       28      C        4.8829   -2.0828    7.2304
  QMMM:    29       29      H       -0.2721    0.8566    0.0047
  QMMM:    30       30      H       -0.1786   -0.1799   -1.4782
  QMMM:    31       31      H       -0.3401   -0.9452    0.1560
  QMMM:    32       32      H        2.0137   -1.1052   -0.7241
  QMMM:    33       33      H        2.0812    0.6920   -0.8746
  QMMM:    34       34      H        1.6908    0.9144    1.6018
  QMMM:    35       35      H        1.6235   -0.8830    1.7527
  QMMM:    36       36      H        3.9641   -1.0473    0.8371
  QMMM:    37       37      H        4.0315    0.7509    0.6874
  QMMM:    38       38      H        3.6381    0.9704    3.1652
  QMMM:    39       39      H        3.5828   -0.8316    3.3139
  QMMM:    40       40      H        5.9172   -0.9845    2.3938
  QMMM:    41       41      H        5.9791    0.8236    2.2582
  QMMM:    42       42      H        5.4477    0.9432    4.7676
  QMMM:    43       43      H        7.9583   -0.1659    5.2053
  QMMM:    44       44      H        7.9962    0.0428    3.4082
  QMMM:    45       45      H        6.3970    0.9617    6.6894
  QMMM:    46       46      H        6.0191    1.1083    9.1376
  QMMM:    47       47      H        5.3530    1.4165   13.4034
  QMMM:    48       48      H        4.9814    1.6016   15.8596
  QMMM:    49       49      H        3.1679   -2.3365   15.8792
  QMMM:    50       50      H        3.5410   -2.5183   13.4236
  QMMM:    51       51      H        4.1876   -2.8216    9.1400
  QMMM:    52       52      H        4.5775   -2.9855    6.6769

           --------- Calculation Completed ----------

