            --------------------------------------------------------
                             AMBER SQM VERSION 14
 
                                     By
              Ross C. Walker, Michael F. Crowley, Scott Brozell,
                         Tim Giese, Andreas W. Goetz,
                        Tai-Sung Lee and David A. Case
 
            --------------------------------------------------------
 

--------------------------------------------------------------------------------
  QM CALCULATION INFO
--------------------------------------------------------------------------------

| QMMM: Citation for AMBER QMMM Run:
| QMMM: R.C. Walker, M.F. Crowley and D.A. Case, J. COMP. CHEM. 29:1019, 2008

QMMM: SINGLET STATE CALCULATION
QMMM: RHF CALCULATION, NO. OF DOUBLY OCCUPIED LEVELS = 77

| QMMM: *** Selected Hamiltonian *** 
| QMMM: AM1         

| QMMM: *** Parameter sets in use ***
| QMMM: C : M.J.S.DEWAR et al. JACS, 107, 3902, (1985)
| QMMM: N : M.J.S.DEWAR et al. JACS, 107, 3902, (1985)
| QMMM: O : M.J.S.DEWAR et al. JACS, 107, 3902, (1985)
| QMMM: H : M.J.S.DEWAR et al. JACS, 107, 3902, (1985)

| QMMM: *** SCF convergence criteria ***
| QMMM: Energy change                :  0.1D-09 kcal/mol
| QMMM: Error matrix |FP-PF|         :  0.1D+00 au
| QMMM: Density matrix change        :  0.5D-06
| QMMM: Maximum number of SCF cycles :     1000

| QMMM: *** Diagonalization Routine Information ***
| QMMM: Pseudo diagonalizations are allowed.
| QMMM: Auto diagonalization routine selection is in use.
| QMMM:
| QMMM: Timing diagonalization routines:
| QMMM:                              norbs =      140
| QMMM:    diag iterations used for timing =       10
| QMMM:
| QMMM:              Internal diag routine = 0.059417 seconds
| QMMM:                 Dspev diag routine = 0.078896 seconds
| QMMM:                Dspevd diag routine = 0.055625 seconds
| QMMM:                Dspevx diag routine = 0.210503 seconds
| QMMM:                 Dsyev diag routine = 0.086093 seconds
| QMMM:                Dsyevd diag routine = 0.064100 seconds
| QMMM:                Dsyevr diag routine = 0.062852 seconds
| QMMM:
| QMMM:                Pseudo diag routine = 0.027854 seconds
| QMMM:
| QMMM: Using dspevd routine (diag_routine=3).

  QMMM: QM Region Cartesian Coordinates (*=link atom) 
  QMMM: QM_NO.   MM_NO.  ATOM         X         Y         Z
  QMMM:     1        1      C    -1301.0020  248.4320  581.1780
  QMMM:     2        2      C    -1304.4650  250.8240  579.5050
  QMMM:     3        3      C    -1301.0430  248.2930  578.3880
  QMMM:     4        4      C    -1304.0660  250.5810  580.7820
  QMMM:     5        5      C    -1302.9910  249.8280  581.2090
  QMMM:     6        6      C    -1302.0280  249.1090  580.4630
  QMMM:     7        7      C    -1302.0190  249.0160  579.0500
  QMMM:     8        8      C    -1300.0300  247.6290  579.1060
  QMMM:     9        9      C    -1300.0270  247.7110  580.5090
  QMMM:    10       10      N     1139.0580 -215.0190 -506.2070
  QMMM:    11       11      C    -1297.6010  247.4270  578.6500
  QMMM:    12       12      C    -1298.9800  246.8520  578.3780
  QMMM:    13       13      C    -1299.0330  245.3850  578.7650
  QMMM:    14       14      O    -1304.8650  251.0790  578.4380
  QMMM:    15       15      N     1139.2180 -217.1660 -507.4590
  QMMM:    16       16      C     1139.7900 -216.3220 -506.5690
  QMMM:    17       17      O     1140.8800 -216.4360 -505.9950
  QMMM:    18       18      C     1137.6380 -215.2320 -505.7780
  QMMM:    19       19      O     1136.9310 -215.5910 -506.9590
  QMMM:    20       20      C     1135.5860 -216.0180 -506.6720
  QMMM:    21       21      C     1135.0490 -216.4840 -508.0280
  QMMM:    22       22      O     1135.9710 -217.4560 -508.4940
  QMMM:    23       23      C     1134.7960 -214.8450 -506.0700
  QMMM:    24       24      O     1133.5500 -215.2980 -505.5790
  QMMM:    25       25      C     1135.5390 -214.2890 -504.8350
  QMMM:    26       26      O     1134.9620 -213.0730 -504.4070
  QMMM:    27       27      C     1136.9950 -213.9450 -505.1980
  QMMM:    28       28      O     1137.7680 -213.5930 -504.0720
  QMMM:    29       29      H    -1300.9830  248.4840  582.2800
  QMMM:    30       30      H    -1301.0560  248.2340  577.2870
  QMMM:    31       31      H    -1304.7120  251.0680  581.5500
  QMMM:    32       32      H    -1302.8700  249.7880  582.3180
  QMMM:    33       33      H    -1302.7970  249.5200  578.4560
  QMMM:    34       34      H    -1299.2370  247.1930  581.0810
  QMMM:    35       35      H     1139.0820 -214.3860 -507.0140
  QMMM:    36       36      H    -1297.3440  247.3490  579.7340
  QMMM:    37       37      H    -1296.8390  246.8570  578.0640
  QMMM:    38       38      H    -1297.5530  248.5000  578.3450
  QMMM:    39       39      H    -1299.1770  246.9290  577.2690
  QMMM:    40       40      H    -1300.0380  244.9540  578.5390
  QMMM:    41       41      H    -1298.2650  244.8190  578.1830
  QMMM:    42       42      H    -1298.8200  245.2520  579.8530
  QMMM:    43       43      H     1138.2940 -217.0430 -507.8250
  QMMM:    44       44      H     1137.6270 -216.0660 -505.0140
  QMMM:    45       45      H     1135.6140 -216.8830 -505.9520
  QMMM:    46       46      H     1134.0280 -216.9250 -507.8790
  QMMM:    47       47      H     1135.0020 -215.6290 -508.7540
  QMMM:    48       48      H     1135.5540 -217.9060 -509.2400
  QMMM:    49       49      H     1134.6640 -214.0290 -506.8330
  QMMM:    50       50      H     1132.9420 -215.3510 -506.3280
  QMMM:    51       51      H     1135.5080 -215.0460 -504.0020
  QMMM:    52       52      H     1134.0450 -213.2670 -504.1580
  QMMM:    53       53      H     1137.0090 -213.1080 -505.9520
  QMMM:    54       54      H     1137.2480 -212.9640 -503.5450
  QMMM:    55       55      H     1139.5660 -214.5830 -505.4180
  QMMM:    56       56      H     1139.7220 -218.0000 -507.6780

--------------------------------------------------------------------------------
  RESULTS
--------------------------------------------------------------------------------

      iter         sqm energy              rms gradient
      ----    -------------------    -----------------------
xmin    10       59.3483 kcal/mol        0.0067 kcal/(mol*A)
  ... geometry converged !
 
 Final MO eigenvalues (eV):
 -47.0261  -46.3244  -44.6402  -44.2456  -42.7749  -42.5242  -41.3320  -41.1860
 -40.5241  -40.2890  -39.1708  -38.7724  -35.9047  -35.5880  -34.8138  -34.8070
 -31.0756  -31.0131  -30.6276  -28.7943  -27.7981  -27.5380  -27.4144  -27.0780
 -25.9079  -25.1409  -24.3521  -24.3107  -23.9135  -23.2412  -23.0970  -22.7249
 -22.2652  -22.2287  -22.1436  -22.0764  -21.5274  -21.2472  -20.9392  -20.8933
 -20.5095  -20.4922  -20.2400  -20.0906  -19.7518  -19.3895  -19.3197  -19.2165
 -19.1337  -18.8039  -18.4213  -18.2951  -18.2576  -18.0366  -18.0281  -17.6567
 -17.5823  -17.1350  -17.1246  -16.9969  -16.8724  -16.5168  -16.2062  -15.9901
 -15.9883  -15.8261  -15.6240  -15.3634  -15.2142  -15.0508  -14.9701  -14.8872
 -14.7505  -14.5442  -14.5438  -13.9099  -13.4164   -6.2738   -5.1316   -4.4804
  -4.1753   -3.6852   -3.4467   -3.0951   -2.9678   -2.6706   -2.1622   -1.8550
  -1.4457   -1.2651   -1.2366   -1.1845   -1.0934   -1.0133   -0.9415   -0.9000
  -0.7725   -0.6072   -0.5650   -0.4229   -0.3779   -0.2453   -0.1226   -0.1178
  -0.0070    0.0277    0.1319    0.1397    0.2128    0.3769    0.3918    0.4045
   0.4887    0.5501    0.6279    0.6647    0.6975    0.7302    0.7838    0.7946
   1.0443    1.2000    1.2325    1.2561    1.3193    1.4311    1.5768    1.6317
   1.7918    1.8719    1.9969    2.0465    2.1306    2.1636    2.2788    2.3511
   2.3585    2.5072    2.6394    2.7254

 Heat of formation   =         59.34833362 kcal/mol  (        2.57353686 eV)

 Total SCF energy    =    -125947.06937263 kcal/mol  (    -5461.47475706 eV)
 Electronic energy   =    -702205.43937192 kcal/mol  (   -30449.91281262 eV)
 Core-core repulsion =     576258.36999929 kcal/mol  (    24988.43805556 eV)
 
    Atomic Charges for Step       1 :
  Atom    Element       Mulliken Charge
     1      C                 -0.014
     2      C                  0.431
     3      C                 -0.149
     4      C                 -0.348
     5      C                  0.192
     6      C                 -0.194
     7      C                 -0.041
     8      C                  0.078
     9      C                 -0.153
    10      N                 -0.100
    11      C                 -0.213
    12      C                 -0.099
    13      C                 -0.213
    14      O                  0.026
    15      N                 -0.366
    16      C                  0.342
    17      O                 -0.257
    18      C                  0.058
    19      O                 -0.292
    20      C                  0.003
    21      C                 -0.016
    22      O                 -0.346
    23      C                 -0.031
    24      O                 -0.308
    25      C                  0.005
    26      O                 -0.319
    27      C                  0.003
    28      O                 -0.343
    29      H                  0.158
    30      H                  0.170
    31      H                  0.232
    32      H                  0.179
    33      H                  0.120
    34      H                  0.175
    35      H                  0.260
    36      H                  0.083
    37      H                  0.105
    38      H                  0.086
    39      H                  0.113
    40      H                  0.086
    41      H                  0.105
    42      H                  0.083
    43      H                  0.295
    44      H                  0.161
    45      H                  0.128
    46      H                  0.102
    47      H                  0.095
    48      H                  0.232
    49      H                  0.119
    50      H                  0.227
    51      H                  0.120
    52      H                  0.248
    53      H                  0.127
    54      H                  0.269
    55      H                  0.297
    56      H                  0.290
 Total Mulliken Charge =       2.000
 
                  X        Y        Z     TOTAL  
  QM DIPOLE  -794.645  162.940  351.618  884.107
 
 Final Structure

  QMMM: QM Region Cartesian Coordinates (*=link atom) 
  QMMM: QM_NO.   MM_NO.  ATOM         X         Y         Z
  QMMM:     1        1      C    -1301.0016  248.4324  581.1777
  QMMM:     2        2      C    -1304.4818  250.8014  579.5059
  QMMM:     3        3      C    -1301.0350  248.3050  578.3878
  QMMM:     4        4      C    -1304.0678  250.5778  580.7820
  QMMM:     5        5      C    -1302.9850  249.8356  581.2082
  QMMM:     6        6      C    -1302.0231  249.1155  580.4624
  QMMM:     7        7      C    -1302.0096  249.0295  579.0490
  QMMM:     8        8      C    -1300.0274  247.6321  579.1063
  QMMM:     9        9      C    -1300.0287  247.7089  580.5096
  QMMM:    10       10      N     1139.0577 -215.0182 -506.2079
  QMMM:    11       11      C    -1297.5992  247.4221  578.6525
  QMMM:    12       12      C    -1298.9796  246.8524  578.3783
  QMMM:    13       13      C    -1299.0385  245.3847  578.7626
  QMMM:    14       14      O    -1304.8964  251.0369  578.4405
  QMMM:    15       15      N     1139.2178 -217.1671 -507.4574
  QMMM:    16       16      C     1139.7909 -216.3215 -506.5687
  QMMM:    17       17      O     1140.8812 -216.4344 -505.9967
  QMMM:    18       18      C     1137.6380 -215.2314 -505.7785
  QMMM:    19       19      O     1136.9313 -215.5914 -506.9593
  QMMM:    20       20      C     1135.5857 -216.0181 -506.6727
  QMMM:    21       21      C     1135.0491 -216.4835 -508.0287
  QMMM:    22       22      O     1135.9702 -217.4565 -508.4938
  QMMM:    23       23      C     1134.7965 -214.8449 -506.0704
  QMMM:    24       24      O     1133.5498 -215.2975 -505.5795
  QMMM:    25       25      C     1135.5388 -214.2894 -504.8349
  QMMM:    26       26      O     1134.9623 -213.0736 -504.4061
  QMMM:    27       27      C     1136.9946 -213.9446 -505.1977
  QMMM:    28       28      O     1137.7677 -213.5936 -504.0719
  QMMM:    29       29      H    -1300.9852  248.4805  582.2803
  QMMM:    30       30      H    -1301.0434  248.2513  577.2855
  QMMM:    31       31      H    -1304.7087  251.0723  581.5502
  QMMM:    32       32      H    -1302.8578  249.8057  582.3173
  QMMM:    33       33      H    -1302.7814  249.5426  578.4548
  QMMM:    34       34      H    -1299.2430  247.1846  581.0812
  QMMM:    35       35      H     1139.0813 -214.3857 -507.0147
  QMMM:    36       36      H    -1297.3446  247.3444  579.7368
  QMMM:    37       37      H    -1296.8379  246.8486  578.0690
  QMMM:    38       38      H    -1297.5469  248.4943  578.3467
  QMMM:    39       39      H    -1299.1755  246.9308  577.2686
  QMMM:    40       40      H    -1300.0451  244.9580  578.5378
  QMMM:    41       41      H    -1298.2733  244.8168  578.1789
  QMMM:    42       42      H    -1298.8249  245.2491  579.8501
  QMMM:    43       43      H     1138.2938 -217.0444 -507.8226
  QMMM:    44       44      H     1137.6273 -216.0664 -505.0142
  QMMM:    45       45      H     1135.6136 -216.8828 -505.9524
  QMMM:    46       46      H     1134.0278 -216.9236 -507.8795
  QMMM:    47       47      H     1135.0029 -215.6287 -508.7543
  QMMM:    48       48      H     1135.5524 -217.9068 -509.2397
  QMMM:    49       49      H     1134.6641 -214.0287 -506.8327
  QMMM:    50       50      H     1132.9418 -215.3502 -506.3288
  QMMM:    51       51      H     1135.5087 -215.0471 -504.0018
  QMMM:    52       52      H     1134.0456 -213.2673 -504.1578
  QMMM:    53       53      H     1137.0087 -213.1079 -505.9517
  QMMM:    54       54      H     1137.2480 -212.9651 -503.5446
  QMMM:    55       55      H     1139.5658 -214.5822 -505.4188
  QMMM:    56       56      H     1139.7229 -218.0004 -507.6764

           --------- Calculation Completed ----------

