            --------------------------------------------------------
                             AMBER SQM VERSION 14
 
                                     By
              Ross C. Walker, Michael F. Crowley, Scott Brozell,
                         Tim Giese, Andreas W. Goetz,
                        Tai-Sung Lee and David A. Case
 
            --------------------------------------------------------
 

--------------------------------------------------------------------------------
  QM CALCULATION INFO
--------------------------------------------------------------------------------

| QMMM: Citation for AMBER QMMM Run:
| QMMM: R.C. Walker, M.F. Crowley and D.A. Case, J. COMP. CHEM. 29:1019, 2008

QMMM: SINGLET STATE CALCULATION
QMMM: RHF CALCULATION, NO. OF DOUBLY OCCUPIED LEVELS = 71

| QMMM: *** Selected Hamiltonian *** 
| QMMM: AM1         

| QMMM: *** Parameter sets in use ***
| QMMM: N : M.J.S.DEWAR et al. JACS, 107, 3902, (1985)
| QMMM: C : M.J.S.DEWAR et al. JACS, 107, 3902, (1985)
| QMMM: O : M.J.S.DEWAR et al. JACS, 107, 3902, (1985)
| QMMM: H : M.J.S.DEWAR et al. JACS, 107, 3902, (1985)

| QMMM: *** SCF convergence criteria ***
| QMMM: Energy change                :  0.1D-09 kcal/mol
| QMMM: Error matrix |FP-PF|         :  0.1D+00 au
| QMMM: Density matrix change        :  0.5D-06
| QMMM: Maximum number of SCF cycles :     1000

| QMMM: *** Diagonalization Routine Information ***
| QMMM: Pseudo diagonalizations are allowed.
| QMMM: Auto diagonalization routine selection is in use.
| QMMM:
| QMMM: Timing diagonalization routines:
| QMMM:                              norbs =      132
| QMMM:    diag iterations used for timing =       10
| QMMM:
| QMMM:              Internal diag routine = 0.050375 seconds
| QMMM:                 Dspev diag routine = 0.067673 seconds
| QMMM:                Dspevd diag routine = 0.048047 seconds
| QMMM:                Dspevx diag routine = 0.181628 seconds
| QMMM:                 Dsyev diag routine = 0.074446 seconds
| QMMM:                Dsyevd diag routine = 0.055722 seconds
| QMMM:                Dsyevr diag routine = 0.054407 seconds
| QMMM:
| QMMM:                Pseudo diag routine = 0.023742 seconds
| QMMM:
| QMMM: Using dspevd routine (diag_routine=3).

  QMMM: QM Region Cartesian Coordinates (*=link atom) 
  QMMM: QM_NO.   MM_NO.  ATOM         X         Y         Z
  QMMM:     1        1      N       -0.1860    0.3490   -0.0610
  QMMM:     2        2      C        1.1580    0.2710   -0.1690
  QMMM:     3        3      C        1.7900    0.0370    1.1120
  QMMM:     4        4      C        0.7230   -0.0290    2.0510
  QMMM:     5        5      N       -0.4700    0.1680    1.2500
  QMMM:     6        6      N        0.6900   -0.2310    3.3990
  QMMM:     7        7      C       -0.5610   -0.2370    3.9590
  QMMM:     8        8      N       -1.7730   -0.0130    3.2630
  QMMM:     9        9      C       -1.7190    0.1960    1.9270
  QMMM:    10       10      N       -2.8620    0.5010    1.1850
  QMMM:    11       11      C       -4.1690    0.3250    1.7070
  QMMM:    12       12      C       -4.5880    0.9920    2.8750
  QMMM:    13       13      C       -5.9010    0.8490    3.3200
  QMMM:    14       14      C       -6.8090    0.0590    2.6170
  QMMM:    15       15      C       -6.4010   -0.5970    1.4560
  QMMM:    16       16      C       -5.0930   -0.4750    0.9990
  QMMM:    17       17      N       -0.7220   -0.5340    5.3170
  QMMM:    18       18      C        0.3470   -0.4770    6.2470
  QMMM:    19       19      C        0.1870    0.3170    7.4040
  QMMM:    20       20      C        1.1860    0.3390    8.3930
  QMMM:    21       21      C        2.3590   -0.4320    8.1990
  QMMM:    22       22      C        2.5030   -1.2020    7.0550
  QMMM:    23       23      C        1.5120   -1.2450    6.0770
  QMMM:    24       24      C        3.1550   -0.0980    1.3660
  QMMM:    25       25      N        4.2950   -0.2100    1.5740
  QMMM:    26       26      N        1.0820    1.1100    9.5620
  QMMM:    27       27      C       -0.0290    1.7980   10.0330
  QMMM:    28       28      O       -1.1190    1.8230    9.4340
  QMMM:    29       29      C        0.1570    2.5340   11.3410
  QMMM:    30       30      H        1.6640    0.3780   -1.1330
  QMMM:    31       31      H       -2.7910    0.4360    0.1900
  QMMM:    32       32      H       -3.8900    1.6260    3.4420
  QMMM:    33       33      H       -6.2180    1.3700    4.2360
  QMMM:    34       34      H       -7.8430   -0.0470    2.9760
  QMMM:    35       35      H       -7.1140   -1.2210    0.8970
  QMMM:    36       36      H       -4.7890   -1.0040    0.0820
  QMMM:    37       37      H       -1.6230   -0.3290    5.7020
  QMMM:    38       38      H       -0.7300    0.9180    7.5330
  QMMM:    39       39      H        3.1640   -0.4270    8.9500
  QMMM:    40       40      H        3.4210   -1.7960    6.9140
  QMMM:    41       41      H        1.6570   -1.8750    5.1860
  QMMM:    42       42      H        1.8990    1.1290   10.1320
  QMMM:    43       43      H        0.4250    1.8230   12.1590
  QMMM:    44       44      H        0.9590    3.3050   11.2480
  QMMM:    45       45      H       -0.8050    3.0410   11.6020

--------------------------------------------------------------------------------
  RESULTS
--------------------------------------------------------------------------------

      iter         sqm energy              rms gradient
      ----    -------------------    -----------------------
xmin    10      194.4498 kcal/mol        0.0016 kcal/(mol*A)
  ... geometry converged !
 
 Final MO eigenvalues (eV):
 -42.2571  -40.6264  -40.2290  -39.5157  -38.5619  -37.5067  -36.2702  -36.0814
 -34.8905  -33.8972  -32.3154  -31.8687  -31.7635  -30.9926  -30.2066  -29.7178
 -29.1599  -25.4018  -24.9660  -24.0901  -23.7474  -23.4779  -23.1444  -22.3991
 -21.3703  -20.6702  -19.7609  -18.7849  -18.6283  -17.9611  -17.7950  -17.6498
 -17.2228  -17.0925  -17.0153  -16.8018  -16.2572  -16.2123  -15.9282  -15.5259
 -15.1740  -14.9767  -14.7333  -14.6558  -14.5655  -14.4418  -14.3561  -14.0861
 -13.9972  -13.8635  -13.7333  -13.5168  -13.2802  -13.1157  -12.9439  -12.8660
 -12.7282  -12.5488  -12.3384  -12.0700  -11.9563  -11.3955  -11.1298  -10.9898
 -10.9217  -10.4500  -10.1028   -9.6826   -9.4333   -8.9352   -8.5967   -0.7917
  -0.3864   -0.1020    0.1290    0.1542    0.2974    0.3311    0.9439    1.0715
   1.2737    1.5287    1.6634    1.9485    1.9932    2.4937    2.5445    2.7533
   2.9602    3.0195    3.2247    3.2501    3.5162    3.5611    3.6450    3.7248
   3.7699    3.7883    3.8204    3.8769    3.8913    4.0195    4.0667    4.0892
   4.2017    4.2266    4.2355    4.3078    4.3582    4.4655    4.6008    4.6954
   4.8437    4.8873    4.9705    5.0381    5.0817    5.1194    5.2485    5.2676
   5.2955    5.4017    5.4733    5.6505    5.7047    5.8685    5.9516    6.0322
   6.2616    6.7189    6.7383    7.1664

 Heat of formation   =        194.44983990 kcal/mol  (        8.43197779 eV)

 Total SCF energy    =    -109579.58043884 kcal/mol  (    -4751.72717744 eV)
 Electronic energy   =    -813676.48719042 kcal/mol  (   -35283.66017044 eV)
 Core-core repulsion =     704096.90675159 kcal/mol  (    30531.93299300 eV)
 
    Atomic Charges for Step       1 :
  Atom    Element       Mulliken Charge
     1      N                 -0.107
     2      C                 -0.060
     3      C                 -0.173
     4      C                  0.139
     5      N                 -0.180
     6      N                 -0.224
     7      C                  0.217
     8      N                 -0.299
     9      C                  0.310
    10      N                 -0.242
    11      C                  0.040
    12      C                 -0.102
    13      C                 -0.120
    14      C                 -0.128
    15      C                 -0.116
    16      C                 -0.152
    17      N                 -0.223
    18      C                  0.067
    19      C                 -0.189
    20      C                  0.091
    21      C                 -0.187
    22      C                 -0.092
    23      C                 -0.127
    24      C                 -0.038
    25      N                 -0.062
    26      N                 -0.329
    27      C                  0.311
    28      O                 -0.354
    29      C                 -0.247
    30      H                  0.193
    31      H                  0.260
    32      H                  0.154
    33      H                  0.140
    34      H                  0.138
    35      H                  0.138
    36      H                  0.137
    37      H                  0.250
    38      H                  0.174
    39      H                  0.132
    40      H                  0.141
    41      H                  0.161
    42      H                  0.231
    43      H                  0.102
    44      H                  0.104
    45      H                  0.122
 Total Mulliken Charge =       0.000
 
                  X        Y        Z     TOTAL  
  QM DIPOLE    -3.744    0.550    3.031    4.848
 
 Final Structure

  QMMM: QM Region Cartesian Coordinates (*=link atom) 
  QMMM: QM_NO.   MM_NO.  ATOM         X         Y         Z
  QMMM:     1        1      N       -0.1858    0.3487   -0.0614
  QMMM:     2        2      C        1.1582    0.2711   -0.1693
  QMMM:     3        3      C        1.7904    0.0369    1.1124
  QMMM:     4        4      C        0.7232   -0.0288    2.0508
  QMMM:     5        5      N       -0.4697    0.1675    1.2496
  QMMM:     6        6      N        0.6899   -0.2309    3.3993
  QMMM:     7        7      C       -0.5612   -0.2367    3.9591
  QMMM:     8        8      N       -1.7733   -0.0134    3.2627
  QMMM:     9        9      C       -1.7190    0.1963    1.9268
  QMMM:    10       10      N       -2.8625    0.5014    1.1856
  QMMM:    11       11      C       -4.1692    0.3254    1.7069
  QMMM:    12       12      C       -4.5883    0.9922    2.8748
  QMMM:    13       13      C       -5.9008    0.8486    3.3200
  QMMM:    14       14      C       -6.8086    0.0590    2.6174
  QMMM:    15       15      C       -6.4009   -0.5970    1.4562
  QMMM:    16       16      C       -5.0929   -0.4752    0.9987
  QMMM:    17       17      N       -0.7215   -0.5340    5.3172
  QMMM:    18       18      C        0.3471   -0.4767    6.2465
  QMMM:    19       19      C        0.1866    0.3169    7.4037
  QMMM:    20       20      C        1.1858    0.3390    8.3928
  QMMM:    21       21      C        2.3590   -0.4323    8.1993
  QMMM:    22       22      C        2.5034   -1.2022    7.0546
  QMMM:    23       23      C        1.5119   -1.2453    6.0770
  QMMM:    24       24      C        3.1548   -0.0977    1.3661
  QMMM:    25       25      N        4.2949   -0.2106    1.5742
  QMMM:    26       26      N        1.0824    1.1100    9.5625
  QMMM:    27       27      C       -0.0287    1.7978   10.0334
  QMMM:    28       28      O       -1.1186    1.8232    9.4335
  QMMM:    29       29      C        0.1567    2.5342   11.3414
  QMMM:    30       30      H        1.6643    0.3779   -1.1328
  QMMM:    31       31      H       -2.7906    0.4359    0.1896
  QMMM:    32       32      H       -3.8897    1.6261    3.4424
  QMMM:    33       33      H       -6.2185    1.3698    4.2360
  QMMM:    34       34      H       -7.8428   -0.0470    2.9764
  QMMM:    35       35      H       -7.1145   -1.2210    0.8971
  QMMM:    36       36      H       -4.7894   -1.0037    0.0818
  QMMM:    37       37      H       -1.6234   -0.3292    5.7021
  QMMM:    38       38      H       -0.7298    0.9181    7.5333
  QMMM:    39       39      H        3.1636   -0.4267    8.9499
  QMMM:    40       40      H        3.4207   -1.7958    6.9139
  QMMM:    41       41      H        1.6570   -1.8746    5.1860
  QMMM:    42       42      H        1.8991    1.1293   10.1321
  QMMM:    43       43      H        0.4246    1.8227   12.1590
  QMMM:    44       44      H        0.9587    3.3053   11.2477
  QMMM:    45       45      H       -0.8048    3.0407   11.6021

           --------- Calculation Completed ----------

