            --------------------------------------------------------
                             AMBER SQM VERSION 14
 
                                     By
              Ross C. Walker, Michael F. Crowley, Scott Brozell,
                         Tim Giese, Andreas W. Goetz,
                        Tai-Sung Lee and David A. Case
 
            --------------------------------------------------------
 

--------------------------------------------------------------------------------
  QM CALCULATION INFO
--------------------------------------------------------------------------------

| QMMM: Citation for AMBER QMMM Run:
| QMMM: R.C. Walker, M.F. Crowley and D.A. Case, J. COMP. CHEM. 29:1019, 2008

QMMM: SINGLET STATE CALCULATION
QMMM: RHF CALCULATION, NO. OF DOUBLY OCCUPIED LEVELS = 40

| QMMM: *** Selected Hamiltonian *** 
| QMMM: AM1         

| QMMM: *** Parameter sets in use ***
| QMMM: C : M.J.S.DEWAR et al. JACS, 107, 3902, (1985)
| QMMM: O : M.J.S.DEWAR et al. JACS, 107, 3902, (1985)
| QMMM: P : M.J.S.DEWAR et al. THEOCHEM, 187,1, (1989)
| QMMM: H : M.J.S.DEWAR et al. JACS, 107, 3902, (1985)

| QMMM: *** SCF convergence criteria ***
| QMMM: Energy change                :  0.1D-09 kcal/mol
| QMMM: Error matrix |FP-PF|         :  0.1D+00 au
| QMMM: Density matrix change        :  0.5D-06
| QMMM: Maximum number of SCF cycles :     1000

| QMMM: *** Diagonalization Routine Information ***
| QMMM: Pseudo diagonalizations are allowed.
| QMMM: Auto diagonalization routine selection is in use.
| QMMM:
| QMMM: Timing diagonalization routines:
| QMMM:                              norbs =       67
| QMMM:    diag iterations used for timing =       15
| QMMM:
| QMMM:              Internal diag routine = 0.030726 seconds
| QMMM:                 Dspev diag routine = 0.046914 seconds
| QMMM:                Dspevd diag routine = 0.032105 seconds
| QMMM:                Dspevx diag routine = 0.121316 seconds
| QMMM:                 Dsyev diag routine = 0.051859 seconds
| QMMM:                Dsyevd diag routine = 0.040476 seconds
| QMMM:                Dsyevr diag routine = 0.041266 seconds
| QMMM:
| QMMM:                Pseudo diag routine = 0.011345 seconds
| QMMM:
| QMMM: Using internal diagonalization routine (diag_routine=1).

  QMMM: QM Region Cartesian Coordinates (*=link atom) 
  QMMM: QM_NO.   MM_NO.  ATOM         X         Y         Z
  QMMM:     1        1      C        0.0180   -0.3920    0.0370
  QMMM:     2        2      C        1.4940   -0.0890    0.0290
  QMMM:     3        3      C        2.0330    0.1370    1.4420
  QMMM:     4        4      O        1.4670    1.3600    1.9040
  QMMM:     5        5      C        3.5650    0.1330    1.4700
  QMMM:     6        6      C        4.1470    1.3320    0.7620
  QMMM:     7        7      C        4.0950    0.0290    2.9190
  QMMM:     8        8      O        3.8070    1.2780    3.5600
  QMMM:     9        9      C        5.5460   -0.3410    2.9820
  QMMM:    10       10      P        5.8280   -1.1820    4.5810
  QMMM:    11       11      O        5.1700   -0.1740    5.5130
  QMMM:    12       12      O        5.0860   -2.4890    4.4460
  QMMM:    13       13      O        7.3270   -1.2900    4.6900
  QMMM:    14       14      H       -0.3720   -0.4910   -1.0040
  QMMM:    15       15      H       -0.1840   -1.3460    0.5820
  QMMM:    16       16      H       -0.5360    0.4290    0.5530
  QMMM:    17       17      H        1.6860    0.8290   -0.5850
  QMMM:    18       18      H        2.0560   -0.9390   -0.4360
  QMMM:    19       19      H        1.6620   -0.6910    2.1150
  QMMM:    20       20      H        2.0030    1.6400    2.6620
  QMMM:    21       21      H        3.9030   -0.8040    0.9460
  QMMM:    22       22      H        3.7500    2.2730    1.2160
  QMMM:    23       23      H        3.8910    1.3210   -0.3260
  QMMM:    24       24      H        5.2580    1.3250    0.8780
  QMMM:    25       25      H        3.5120   -0.7810    3.4560
  QMMM:    26       26      H        4.2200    1.1670    4.4510
  QMMM:    27       27      H        6.2050    0.5480    2.9430
  QMMM:    28       28      H        5.8240   -1.0470    2.1750

--------------------------------------------------------------------------------
  RESULTS
--------------------------------------------------------------------------------

  ... geometry converged !
 
 Final MO eigenvalues (eV):
 -33.8671  -30.5282  -28.8284  -27.0809  -23.5525  -22.4001  -22.3256  -21.9135
 -21.6331  -18.3948  -15.8277  -13.8922  -12.1297  -11.1567  -10.4007   -9.8616
  -9.8171   -8.9021   -8.1823   -8.1211   -7.9632   -7.4419   -7.0770   -6.9059
  -6.7585   -6.2804   -5.7151   -5.1139   -5.0063   -4.8982   -3.8254   -3.4857
  -3.4606   -3.1471   -0.4806   -0.4424   -0.3648   -0.2720   -0.2602   -0.2434
   8.4585    8.5692    8.9693    9.2027    9.3082    9.5235    9.6002    9.8373
   9.8850   10.0872   10.1273   10.4420   10.6453   10.8977   11.0045   11.2133
  11.7670   12.0401   12.3333   12.6459   13.0379   13.1587   13.8345   14.0738
  16.3008   18.3271   18.4334

 Heat of formation   =       -269.54185075 kcal/mol  (      -11.68821173 eV)

 Total SCF energy    =     -65383.28609155 kcal/mol  (    -2835.23204074 eV)
 Electronic energy   =    -345241.21555857 kcal/mol  (   -14970.78251414 eV)
 Core-core repulsion =     279857.92946701 kcal/mol  (    12135.55047340 eV)
 
    Atomic Charges for Step       1 :
  Atom    Element       Mulliken Charge
     1      C                 -0.201
     2      C                 -0.161
     3      C                  0.045
     4      O                 -0.385
     5      C                 -0.148
     6      C                 -0.185
     7      C                  0.093
     8      O                 -0.443
     9      C                 -0.795
    10      P                  2.587
    11      O                 -1.276
    12      O                 -1.270
    13      O                 -1.268
    14      H                  0.033
    15      H                  0.064
    16      H                  0.079
    17      H                  0.074
    18      H                  0.071
    19      H                  0.076
    20      H                  0.245
    21      H                  0.084
    22      H                  0.074
    23      H                  0.016
    24      H                  0.085
    25      H                  0.095
    26      H                  0.281
    27      H                  0.068
    28      H                  0.061
 Total Mulliken Charge =      -2.000
 
                  X        Y        Z     TOTAL  
  QM DIPOLE   -51.478    8.729  -42.129   67.089
 
 Final Structure

  QMMM: QM Region Cartesian Coordinates (*=link atom) 
  QMMM: QM_NO.   MM_NO.  ATOM         X         Y         Z
  QMMM:     1        1      C        0.0183   -0.3924    0.0374
  QMMM:     2        2      C        1.4937   -0.0890    0.0286
  QMMM:     3        3      C        2.0329    0.1372    1.4424
  QMMM:     4        4      O        1.4672    1.3598    1.9039
  QMMM:     5        5      C        3.5650    0.1326    1.4704
  QMMM:     6        6      C        4.1467    1.3323    0.7622
  QMMM:     7        7      C        4.0945    0.0288    2.9190
  QMMM:     8        8      O        3.8065    1.2780    3.5599
  QMMM:     9        9      C        5.5462   -0.3414    2.9818
  QMMM:    10       10      P        5.8278   -1.1817    4.5808
  QMMM:    11       11      O        5.1703   -0.1737    5.5133
  QMMM:    12       12      O        5.0862   -2.4891    4.4458
  QMMM:    13       13      O        7.3273   -1.2901    4.6899
  QMMM:    14       14      H       -0.3720   -0.4910   -1.0046
  QMMM:    15       15      H       -0.1839   -1.3463    0.5820
  QMMM:    16       16      H       -0.5358    0.4291    0.5534
  QMMM:    17       17      H        1.6861    0.8293   -0.5845
  QMMM:    18       18      H        2.0566   -0.9390   -0.4360
  QMMM:    19       19      H        1.6619   -0.6908    2.1151
  QMMM:    20       20      H        2.0033    1.6400    2.6619
  QMMM:    21       21      H        3.9034   -0.8041    0.9458
  QMMM:    22       22      H        3.7497    2.2729    1.2156
  QMMM:    23       23      H        3.8911    1.3214   -0.3257
  QMMM:    24       24      H        5.2579    1.3248    0.8783
  QMMM:    25       25      H        3.5116   -0.7808    3.4557
  QMMM:    26       26      H        4.2201    1.1671    4.4507
  QMMM:    27       27      H        6.2046    0.5482    2.9429
  QMMM:    28       28      H        5.8237   -1.0471    2.1749

           --------- Calculation Completed ----------

