            --------------------------------------------------------
                             AMBER SQM VERSION 14
 
                                     By
              Ross C. Walker, Michael F. Crowley, Scott Brozell,
                         Tim Giese, Andreas W. Goetz,
                        Tai-Sung Lee and David A. Case
 
            --------------------------------------------------------
 

--------------------------------------------------------------------------------
  QM CALCULATION INFO
--------------------------------------------------------------------------------

| QMMM: Citation for AMBER QMMM Run:
| QMMM: R.C. Walker, M.F. Crowley and D.A. Case, J. COMP. CHEM. 29:1019, 2008

QMMM: SINGLET STATE CALCULATION
QMMM: RHF CALCULATION, NO. OF DOUBLY OCCUPIED LEVELS = 99

| QMMM: *** Selected Hamiltonian *** 
| QMMM: AM1         

| QMMM: *** Parameter sets in use ***
| QMMM: C : M.J.S.DEWAR et al. JACS, 107, 3902, (1985)
| QMMM: O : M.J.S.DEWAR et al. JACS, 107, 3902, (1985)
| QMMM: N : M.J.S.DEWAR et al. JACS, 107, 3902, (1985)
| QMMM: H : M.J.S.DEWAR et al. JACS, 107, 3902, (1985)

| QMMM: *** SCF convergence criteria ***
| QMMM: Energy change                :  0.1D-09 kcal/mol
| QMMM: Error matrix |FP-PF|         :  0.1D+00 au
| QMMM: Density matrix change        :  0.1D-09
| QMMM: Maximum number of SCF cycles :     1000

| QMMM: *** Diagonalization Routine Information ***
| QMMM: Pseudo diagonalizations are allowed.
| QMMM: Auto diagonalization routine selection is disabled.
| QMMM: Using internal diagonalization routine (diag_routine=1).

  QMMM: QM Region Cartesian Coordinates (*=link atom) 
  QMMM: QM_NO.   MM_NO.  ATOM         X         Y         Z
  QMMM:     1        1      C        0.2690   -0.3280   -0.1050
  QMMM:     2        2      O       -0.3460   -0.6060   -1.1370
  QMMM:     3        3      C        1.7010   -0.6190    0.0680
  QMMM:     4        4      C        2.5600   -0.8670   -1.0920
  QMMM:     5        5      O        3.7640   -1.1190   -1.0510
  QMMM:     6        6      N        1.9840   -0.8230   -2.4720
  QMMM:     7        7      C        2.2370   -0.6630    1.3360
  QMMM:     8        8      O        3.5210   -0.8780    1.6630
  QMMM:     9        9      C        1.4090   -0.5790    2.6260
  QMMM:    10       10      N        2.0560    0.3630    3.6240
  QMMM:    11       11      C        1.5900    0.0800    5.0110
  QMMM:    12       12      C        1.8900    1.8050    3.2960
  QMMM:    13       13      C       -0.0950   -0.3360    2.3980
  QMMM:    14       14      C       -0.8710   -1.6480    2.4380
  QMMM:    15       15      C       -2.3730   -1.3820    2.4770
  QMMM:    16       16      C       -3.1190   -2.7000    2.3150
  QMMM:    17       17      C       -4.5930   -2.5190    2.2470
  QMMM:    18       18      C       -5.4230   -3.5620    2.6920
  QMMM:    19       19      C       -6.7990   -3.4790    2.5720
  QMMM:    20       20      C       -7.3820   -2.3290    2.0030
  QMMM:    21       21      C       -6.5550   -1.2410    1.5950
  QMMM:    22       22      O       -7.2390   -0.1660    1.1190
  QMMM:    23       23      C       -5.1470   -1.3490    1.7040
  QMMM:    24       24      C       -4.2560   -0.2760    1.2100
  QMMM:    25       25      O       -4.7280    0.6900    0.5790
  QMMM:    26       26      C       -2.8120   -0.3790    1.4620
  QMMM:    27       27      C       -1.9170    0.4490    0.8570
  QMMM:    28       28      O       -2.1700    1.4510   -0.0180
  QMMM:    29       29      C       -0.4050    0.3860    1.0760
  QMMM:    30       30      O        0.1540    1.6840    1.1890
  QMMM:    31       31      N       -8.8270   -2.2840    1.7530
  QMMM:    32       32      C       -9.6810   -2.1500    2.9890
  QMMM:    33       33      O       -9.3510   -2.7510    3.9980
  QMMM:    34       34      C      -10.9110   -1.2650    2.8280
  QMMM:    35       35      N      -11.8800   -1.3030    3.9660
  QMMM:    36       36      C      -12.4540   -2.6620    4.1860
  QMMM:    37       37      C      -11.3070   -0.7550    5.2290
  QMMM:    38       38      H        1.7010    0.1380   -2.7070
  QMMM:    39       39      H        1.1470   -1.4250   -2.5320
  QMMM:    40       40      H        4.1340   -0.9980    0.9030
  QMMM:    41       41      H        1.5200   -1.6190    3.0930
  QMMM:    42       42      H        0.4940    0.2960    5.1050
  QMMM:    43       43      H        2.1580    0.7470    5.7220
  QMMM:    44       44      H        1.7970   -0.9930    5.2720
  QMMM:    45       45      H        2.2310    1.9900    2.2410
  QMMM:    46       46      H        0.8120    2.1060    3.3890
  QMMM:    47       47      H        2.5140    2.4120    4.0110
  QMMM:    48       48      H       -0.4950    0.3270    3.2230
  QMMM:    49       49      H       -0.6140   -2.2710    1.5400
  QMMM:    50       50      H       -0.5900   -2.2360    3.3530
  QMMM:    51       51      H       -2.6270   -0.9580    3.4950
  QMMM:    52       52      H       -2.7920   -3.2170    1.3680
  QMMM:    53       53      H       -2.8530   -3.3790    3.1720
  QMMM:    54       54      H       -4.9730   -4.4700    3.1340
  QMMM:    55       55      H       -7.4270   -4.3180    2.9250
  QMMM:    56       56      H       -6.6480    0.5160    0.7370
  QMMM:    57       57      H       -3.1250    1.5510   -0.2100
  QMMM:    58       58      H       -0.2910    2.2880    0.5680
  QMMM:    59       59      H       -9.0860   -3.1700    1.2840
  QMMM:    60       60      H      -11.4740   -1.5700    1.8910
  QMMM:    61       61      H      -10.5560   -0.1920    2.7060
  QMMM:    62       62      H      -11.6530   -3.3610    4.5480
  QMMM:    63       63      H      -12.9110   -3.0420    3.2320
  QMMM:    64       64      H      -13.2600   -2.5910    4.9730
  QMMM:    65       65      H      -10.4870   -1.4270    5.6020
  QMMM:    66       66      H      -10.9140    0.2820    5.0480
  QMMM:    67       67      H      -12.1250   -0.7100    6.0050
  QMMM:    68       68      H        2.6940   -1.1410   -3.1540
  QMMM:    69       69      H        3.0740    0.1570    3.5990
  QMMM:    70       70      H       -9.0180   -1.4990    1.1080
  QMMM:    71       71      H      -12.6630   -0.6780    3.6840

--------------------------------------------------------------------------------
  RESULTS
--------------------------------------------------------------------------------

      iter         sqm energy              rms gradient
      ----    -------------------    -----------------------
xmin    10      642.4160 kcal/mol        0.0003 kcal/(mol*A)
xmin    10      642.4160 kcal/mol        0.0002 kcal/(mol*A)
  ... geometry converged !
 
 Final MO eigenvalues (eV):
 -52.8673  -52.7403  -51.4181  -51.0693  -50.7209  -50.1399  -49.2774  -49.1894
 -48.2952  -48.1697  -47.5734  -46.8690  -46.5034  -46.3175  -44.6357  -43.0120
 -41.6535  -41.0897  -40.9208  -39.6496  -39.3534  -39.0359  -38.7762  -37.3726
 -36.2175  -35.6455  -35.4855  -35.1238  -33.8937  -33.2153  -32.8589  -32.7226
 -32.0668  -32.0057  -30.6256  -30.4208  -29.9852  -29.7622  -29.4607  -29.3891
 -29.1415  -29.0919  -28.9310  -28.7996  -28.4495  -28.2972  -28.0324  -27.8064
 -27.6871  -27.4648  -27.3753  -26.9020  -26.7127  -26.6109  -26.3855  -26.3372
 -26.2265  -26.0217  -25.9705  -25.6692  -25.4849  -25.4416  -25.0922  -24.9976
 -24.8837  -24.6870  -24.3944  -24.3707  -24.3654  -24.2310  -24.1525  -23.9610
 -23.9037  -23.6087  -23.5297  -23.4954  -23.4538  -23.3728  -23.2398  -23.1822
 -23.1444  -23.0184  -22.8519  -22.8441  -22.6905  -22.6030  -22.4717  -22.4088
 -22.3214  -21.9229  -21.8331  -21.7946  -21.2548  -20.6452  -20.5664  -20.0507
 -19.6027  -18.9420  -18.7741  -11.2139  -11.0222  -10.8785  -10.1455   -9.9575
  -9.7678   -9.7542   -9.7031   -9.4132   -9.0937   -8.7715   -8.7391   -8.5938
  -7.9943   -7.9245   -7.8901   -7.7989   -7.7706   -7.6583   -7.6255   -7.5932
  -7.4858   -7.4622   -7.2844   -7.2547   -7.1141   -7.0818   -7.0267   -6.9781
  -6.9305   -6.8930   -6.8708   -6.8265   -6.6993   -6.6703   -6.5622   -6.4868
  -6.4184   -6.3861   -6.2808   -6.1788   -6.0700   -6.0559   -5.9974   -5.9729
  -5.9168   -5.9080   -5.8914   -5.8056   -5.8042   -5.7338   -5.7237   -5.7122
  -5.6354   -5.5500   -5.5479   -5.5101   -5.4355   -5.4021   -5.3588   -5.3387
  -5.3123   -5.3048   -5.2474   -5.0778   -5.0321   -4.9926   -4.8995   -4.8487
  -4.7024   -4.6864   -4.5189   -4.4555   -4.4148   -4.3413   -4.2696   -4.1407
  -3.9515   -3.9376   -3.4398   -3.3203   -2.9116   -2.7056

 Heat of formation   =        642.41604411 kcal/mol  (       27.85725008 eV)

 Total SCF energy    =    -161906.20978639 kcal/mol  (    -7020.78009568 eV)
 Electronic energy   =   -1478660.39921206 kcal/mol  (   -64119.52643910 eV)
 Core-core repulsion =    1316754.18942567 kcal/mol  (    57098.74634342 eV)
 
    Atomic Charges for Step       1 :
  Atom    Element       Mulliken Charge
     1      C                  0.271
     2      O                 -0.264
     3      C                 -0.358
     4      C                  0.318
     5      O                 -0.198
     6      N                 -0.117
     7      C                  0.249
     8      O                 -0.230
     9      C                 -0.036
    10      N                  0.001
    11      C                 -0.198
    12      C                 -0.194
    13      C                 -0.113
    14      C                 -0.168
    15      C                 -0.042
    16      C                 -0.148
    17      C                  0.086
    18      C                 -0.152
    19      C                 -0.008
    20      C                 -0.232
    21      C                  0.221
    22      O                 -0.293
    23      C                 -0.213
    24      C                  0.349
    25      O                 -0.344
    26      C                 -0.276
    27      C                  0.147
    28      O                 -0.247
    29      C                  0.104
    30      O                 -0.330
    31      N                 -0.016
    32      C                  0.234
    33      O                 -0.129
    34      C                 -0.161
    35      N                  0.007
    36      C                 -0.212
    37      C                 -0.210
    38      H                  0.282
    39      H                  0.292
    40      H                  0.328
    41      H                  0.186
    42      H                  0.142
    43      H                  0.179
    44      H                  0.154
    45      H                  0.149
    46      H                  0.156
    47      H                  0.172
    48      H                  0.152
    49      H                  0.109
    50      H                  0.121
    51      H                  0.120
    52      H                  0.138
    53      H                  0.135
    54      H                  0.193
    55      H                  0.181
    56      H                  0.318
    57      H                  0.303
    58      H                  0.276
    59      H                  0.285
    60      H                  0.189
    61      H                  0.199
    62      H                  0.157
    63      H                  0.156
    64      H                  0.189
    65      H                  0.160
    66      H                  0.153
    67      H                  0.186
    68      H                  0.298
    69      H                  0.275
    70      H                  0.285
    71      H                  0.285
 Total Mulliken Charge =       4.000
 
                  X        Y        Z     TOTAL  
  QM DIPOLE   -77.665  -19.830   38.529   88.936
 
 Final Structure

  QMMM: QM Region Cartesian Coordinates (*=link atom) 
  QMMM: QM_NO.   MM_NO.  ATOM         X         Y         Z
  QMMM:     1        1      C        0.2689   -0.3276   -0.1049
  QMMM:     2        2      O       -0.3459   -0.6062   -1.1368
  QMMM:     3        3      C        1.7011   -0.6190    0.0676
  QMMM:     4        4      C        2.5600   -0.8670   -1.0916
  QMMM:     5        5      O        3.7636   -1.1188   -1.0514
  QMMM:     6        6      N        1.9842   -0.8227   -2.4722
  QMMM:     7        7      C        2.2369   -0.6634    1.3359
  QMMM:     8        8      O        3.5206   -0.8782    1.6633
  QMMM:     9        9      C        1.4092   -0.5791    2.6259
  QMMM:    10       10      N        2.0563    0.3634    3.6241
  QMMM:    11       11      C        1.5903    0.0803    5.0115
  QMMM:    12       12      C        1.8902    1.8047    3.2958
  QMMM:    13       13      C       -0.0948   -0.3356    2.3978
  QMMM:    14       14      C       -0.8705   -1.6483    2.4380
  QMMM:    15       15      C       -2.3731   -1.3819    2.4767
  QMMM:    16       16      C       -3.1187   -2.7002    2.3151
  QMMM:    17       17      C       -4.5929   -2.5190    2.2467
  QMMM:    18       18      C       -5.4225   -3.5616    2.6921
  QMMM:    19       19      C       -6.7993   -3.4792    2.5721
  QMMM:    20       20      C       -7.3823   -2.3289    2.0027
  QMMM:    21       21      C       -6.5553   -1.2409    1.5953
  QMMM:    22       22      O       -7.2392   -0.1659    1.1190
  QMMM:    23       23      C       -5.1474   -1.3486    1.7044
  QMMM:    24       24      C       -4.2558   -0.2763    1.2100
  QMMM:    25       25      O       -4.7278    0.6901    0.5787
  QMMM:    26       26      C       -2.8116   -0.3793    1.4623
  QMMM:    27       27      C       -1.9165    0.4492    0.8565
  QMMM:    28       28      O       -2.1703    1.4512   -0.0181
  QMMM:    29       29      C       -0.4053    0.3857    1.0764
  QMMM:    30       30      O        0.1536    1.6840    1.1892
  QMMM:    31       31      N       -8.8272   -2.2846    1.7529
  QMMM:    32       32      C       -9.6806   -2.1500    2.9889
  QMMM:    33       33      O       -9.3515   -2.7512    3.9977
  QMMM:    34       34      C      -10.9114   -1.2647    2.8283
  QMMM:    35       35      N      -11.8805   -1.3027    3.9655
  QMMM:    36       36      C      -12.4543   -2.6621    4.1857
  QMMM:    37       37      C      -11.3071   -0.7548    5.2289
  QMMM:    38       38      H        1.7009    0.1380   -2.7068
  QMMM:    39       39      H        1.1471   -1.4248   -2.5318
  QMMM:    40       40      H        4.1340   -0.9981    0.9026
  QMMM:    41       41      H        1.5196   -1.6190    3.0927
  QMMM:    42       42      H        0.4940    0.2963    5.1050
  QMMM:    43       43      H        2.1577    0.7469    5.7224
  QMMM:    44       44      H        1.7971   -0.9933    5.2720
  QMMM:    45       45      H        2.2309    1.9897    2.2413
  QMMM:    46       46      H        0.8120    2.1057    3.3892
  QMMM:    47       47      H        2.5135    2.4125    4.0106
  QMMM:    48       48      H       -0.4949    0.3275    3.2226
  QMMM:    49       49      H       -0.6141   -2.2712    1.5405
  QMMM:    50       50      H       -0.5898   -2.2361    3.3527
  QMMM:    51       51      H       -2.6266   -0.9579    3.4953
  QMMM:    52       52      H       -2.7918   -3.2171    1.3678
  QMMM:    53       53      H       -2.8524   -3.3793    3.1718
  QMMM:    54       54      H       -4.9724   -4.4696    3.1342
  QMMM:    55       55      H       -7.4273   -4.3184    2.9246
  QMMM:    56       56      H       -6.6480    0.5158    0.7366
  QMMM:    57       57      H       -3.1246    1.5511   -0.2096
  QMMM:    58       58      H       -0.2909    2.2875    0.5683
  QMMM:    59       59      H       -9.0862   -3.1700    1.2841
  QMMM:    60       60      H      -11.4743   -1.5697    1.8914
  QMMM:    61       61      H      -10.5563   -0.1922    2.7063
  QMMM:    62       62      H      -11.6532   -3.3615    4.5481
  QMMM:    63       63      H      -12.9106   -3.0421    3.2317
  QMMM:    64       64      H      -13.2596   -2.5908    4.9735
  QMMM:    65       65      H      -10.4872   -1.4269    5.6016
  QMMM:    66       66      H      -10.9142    0.2820    5.0481
  QMMM:    67       67      H      -12.1252   -0.7097    6.0049
  QMMM:    68       68      H        2.6939   -1.1413   -3.1544
  QMMM:    69       69      H        3.0740    0.1572    3.5991
  QMMM:    70       70      H       -9.0178   -1.4988    1.1081
  QMMM:    71       71      H      -12.6626   -0.6780    3.6844

           --------- Calculation Completed ----------

