            --------------------------------------------------------
                             AMBER SQM VERSION 14
 
                                     By
              Ross C. Walker, Michael F. Crowley, Scott Brozell,
                         Tim Giese, Andreas W. Goetz,
                        Tai-Sung Lee and David A. Case
 
            --------------------------------------------------------
 

--------------------------------------------------------------------------------
  QM CALCULATION INFO
--------------------------------------------------------------------------------

| QMMM: Citation for AMBER QMMM Run:
| QMMM: R.C. Walker, M.F. Crowley and D.A. Case, J. COMP. CHEM. 29:1019, 2008

QMMM: SINGLET STATE CALCULATION
QMMM: RHF CALCULATION, NO. OF DOUBLY OCCUPIED LEVELS = 42

| QMMM: *** Selected Hamiltonian *** 
| QMMM: AM1         

| QMMM: *** Parameter sets in use ***
| QMMM: P : M.J.S.DEWAR et al. THEOCHEM, 187,1, (1989)
| QMMM: O : M.J.S.DEWAR et al. JACS, 107, 3902, (1985)
| QMMM: S : M.J.S.DEWAR et al. INORG. CHEM., 29, 3881, (1990)
| QMMM: C : M.J.S.DEWAR et al. JACS, 107, 3902, (1985)
| QMMM: H : M.J.S.DEWAR et al. JACS, 107, 3902, (1985)

| QMMM: *** SCF convergence criteria ***
| QMMM: Energy change                :  0.1D-09 kcal/mol
| QMMM: Error matrix |FP-PF|         :  0.1D+00 au
| QMMM: Density matrix change        :  0.1D-09
| QMMM: Maximum number of SCF cycles :     1000

| QMMM: *** Diagonalization Routine Information ***
| QMMM: Pseudo diagonalizations are allowed.
| QMMM: Auto diagonalization routine selection is disabled.
| QMMM: Using internal diagonalization routine (diag_routine=1).

  QMMM: QM Region Cartesian Coordinates (*=link atom) 
  QMMM: QM_NO.   MM_NO.  ATOM         X         Y         Z
  QMMM:     1        1      P        0.7710    0.5470    1.3800
  QMMM:     2        2      O        0.8070    0.1480   -0.3780
  QMMM:     3        3      P        0.9020   -0.2620   -1.8610
  QMMM:     4        4      O       -0.5230   -0.1040    1.7970
  QMMM:     5        5      O        2.0220   -0.0920    1.9030
  QMMM:     6        6      O        0.7510    2.0450    1.4280
  QMMM:     7        7      O        1.2650   -1.6710   -2.1200
  QMMM:     8        8      O        1.4780    0.7570   -2.7660
  QMMM:     9        9      S       -1.4060   -0.2590   -2.5740
  QMMM:    10       10      C       -2.5730    0.1940   -1.3150
  QMMM:    11       11      C       -2.8630   -0.9550   -0.3760
  QMMM:    12       12      C       -3.9470   -0.6290    0.5960
  QMMM:    13       13      C       -3.6010    0.4240    1.5790
  QMMM:    14       14      C       -5.1280   -1.2660    0.6100
  QMMM:    15       15      H       -2.1680    1.0590   -0.7360
  QMMM:    16       16      H       -3.5060    0.5150   -1.8380
  QMMM:    17       17      H       -3.1260   -1.8700   -0.9660
  QMMM:    18       18      H       -1.9200   -1.1640    0.2220
  QMMM:    19       19      H       -3.6170    1.4250    1.0810
  QMMM:    20       20      H       -4.3110    0.4410    2.4410
  QMMM:    21       21      H       -2.5340    0.2550    1.9430
  QMMM:    22       22      H       -5.9070   -1.0460    1.3480
  QMMM:    23       23      H       -5.3770   -2.0540   -0.1080

--------------------------------------------------------------------------------
  RESULTS
--------------------------------------------------------------------------------

      iter         sqm energy              rms gradient
      ----    -------------------    -----------------------
xmin    10     -283.2445 kcal/mol        0.0003 kcal/(mol*A)
  ... geometry converged !
 
 Final MO eigenvalues (eV):
 -28.7535  -23.3400  -22.7895  -22.5096  -22.4123  -21.0389  -20.4212  -20.3261
 -19.5678  -15.4393  -10.8402   -7.9926   -7.5298   -7.3051   -6.6288   -5.6384
  -5.4072   -4.9019   -4.4196   -4.0598   -3.9057   -3.5237   -3.4965   -3.2387
  -2.4866   -2.0695   -1.8633   -1.5807   -1.5017   -0.7186   -0.5614   -0.4831
  -0.0137    0.0335    0.6613    0.9698    1.2738    1.6045    1.6321    1.7000
   1.7847    1.7913    9.2615   11.3685   11.9834   12.1457   12.4600   12.9537
  12.9940   13.0804   13.2734   13.4786   13.8015   13.8334   13.8558   14.2864
  14.4350   14.6852   15.4356   16.7074   18.0331   18.9415   19.5270   20.6972
  20.7651

 Heat of formation   =       -283.24451364 kcal/mol  (      -12.28240378 eV)

 Total SCF energy    =     -72375.72668225 kcal/mol  (    -3138.44701801 eV)
 Electronic energy   =    -357395.01657022 kcal/mol  (   -15497.81087421 eV)
 Core-core repulsion =     285019.28988797 kcal/mol  (    12359.36385621 eV)
 
    Atomic Charges for Step       1 :
  Atom    Element       Mulliken Charge
     1      P                  2.649
     2      O                 -1.256
     3      P                  2.687
     4      O                 -1.273
     5      O                 -1.264
     6      O                 -1.265
     7      O                 -1.182
     8      O                 -1.184
     9      S                 -0.906
    10      C                 -0.072
    11      C                 -0.168
    12      C                  0.013
    13      C                 -0.245
    14      C                 -0.375
    15      H                  0.104
    16      H                  0.024
    17      H                  0.062
    18      H                  0.195
    19      H                  0.074
    20      H                  0.013
    21      H                  0.232
    22      H                  0.058
    23      H                  0.078
 Total Mulliken Charge =      -3.000
 
                  X        Y        Z     TOTAL  
  QM DIPOLE    -3.873   -0.953    4.332    5.889
 
 Final Structure

  QMMM: QM Region Cartesian Coordinates (*=link atom) 
  QMMM: QM_NO.   MM_NO.  ATOM         X         Y         Z
  QMMM:     1        1      P        0.7711    0.5468    1.3795
  QMMM:     2        2      O        0.8072    0.1483   -0.3780
  QMMM:     3        3      P        0.9025   -0.2616   -1.8615
  QMMM:     4        4      O       -0.5234   -0.1040    1.7969
  QMMM:     5        5      O        2.0216   -0.0921    1.9035
  QMMM:     6        6      O        0.7507    2.0447    1.4274
  QMMM:     7        7      O        1.2652   -1.6710   -2.1199
  QMMM:     8        8      O        1.4780    0.7568   -2.7659
  QMMM:     9        9      S       -1.4059   -0.2593   -2.5740
  QMMM:    10       10      C       -2.5730    0.1944   -1.3148
  QMMM:    11       11      C       -2.8626   -0.9547   -0.3760
  QMMM:    12       12      C       -3.9475   -0.6290    0.5963
  QMMM:    13       13      C       -3.6010    0.4237    1.5794
  QMMM:    14       14      C       -5.1277   -1.2660    0.6103
  QMMM:    15       15      H       -2.1679    1.0593   -0.7357
  QMMM:    16       16      H       -3.5060    0.5149   -1.8381
  QMMM:    17       17      H       -3.1260   -1.8700   -0.9662
  QMMM:    18       18      H       -1.9196   -1.1638    0.2216
  QMMM:    19       19      H       -3.6172    1.4247    1.0807
  QMMM:    20       20      H       -4.3111    0.4409    2.4410
  QMMM:    21       21      H       -2.5341    0.2547    1.9432
  QMMM:    22       22      H       -5.9071   -1.0456    1.3479
  QMMM:    23       23      H       -5.3772   -2.0539   -0.1077

           --------- Calculation Completed ----------

