            --------------------------------------------------------
                             AMBER SQM VERSION 14
 
                                     By
              Ross C. Walker, Michael F. Crowley, Scott Brozell,
                         Tim Giese, Andreas W. Goetz,
                        Tai-Sung Lee and David A. Case
 
            --------------------------------------------------------
 

--------------------------------------------------------------------------------
  QM CALCULATION INFO
--------------------------------------------------------------------------------

| QMMM: Citation for AMBER QMMM Run:
| QMMM: R.C. Walker, M.F. Crowley and D.A. Case, J. COMP. CHEM. 29:1019, 2008

QMMM: SINGLET STATE CALCULATION
QMMM: RHF CALCULATION, NO. OF DOUBLY OCCUPIED LEVELS = 20

| QMMM: *** Selected Hamiltonian *** 
| QMMM: AM1         

| QMMM: *** Parameter sets in use ***
| QMMM: N : M.J.S.DEWAR et al. JACS, 107, 3902, (1985)
| QMMM: C : M.J.S.DEWAR et al. JACS, 107, 3902, (1985)
| QMMM: O : M.J.S.DEWAR et al. JACS, 107, 3902, (1985)
| QMMM: S : M.J.S.DEWAR et al. INORG. CHEM., 29, 3881, (1990)
| QMMM: H : M.J.S.DEWAR et al. JACS, 107, 3902, (1985)

| QMMM: *** SCF convergence criteria ***
| QMMM: Energy change                :  0.1D-09 kcal/mol
| QMMM: Error matrix |FP-PF|         :  0.1D+00 au
| QMMM: Density matrix change        :  0.1D-09
| QMMM: Maximum number of SCF cycles :     1000

| QMMM: *** Diagonalization Routine Information ***
| QMMM: Pseudo diagonalizations are allowed.
| QMMM: Auto diagonalization routine selection is disabled.
| QMMM: Using internal diagonalization routine (diag_routine=1).

  QMMM: QM Region Cartesian Coordinates (*=link atom) 
  QMMM: QM_NO.   MM_NO.  ATOM         X         Y         Z
  QMMM:     1        1      N       -0.0880    1.5820    0.2510
  QMMM:     2        2      C        0.1250    0.2200    0.1490
  QMMM:     3        3      C        1.5970   -0.2350   -0.0470
  QMMM:     4        4      O        1.9480   -1.3390    0.4360
  QMMM:     5        5      C       -0.8610   -0.7120    0.2170
  QMMM:     6        6      S       -2.5120   -0.3580    0.3690
  QMMM:     7        7      O        2.3350    0.5460   -0.7120
  QMMM:     8        8      H        0.6500    2.1310   -0.1360
  QMMM:     9        9      H       -1.0080    1.8930    0.0270
  QMMM:    10       10      H       -0.5640   -1.7670    0.2410
  QMMM:    11       11      H       -2.9380   -0.8130   -0.8000

--------------------------------------------------------------------------------
  RESULTS
--------------------------------------------------------------------------------

  ... geometry converged !
 
 Final MO eigenvalues (eV):
 -34.2180  -31.7027  -29.6176  -26.1328  -19.6212  -15.8185  -14.6160  -13.6398
 -12.4903  -10.6796  -10.5178  -10.4678   -9.7318   -8.8955   -7.9443   -5.7825
  -5.4732   -5.1442   -4.9782   -4.6910    4.4143    5.2148    5.8301    7.0692
   7.8495    8.3483    9.0183    9.0730   10.1365   10.3194   12.0351   13.1228


 Heat of formation   =       -103.18606961 kcal/mol  (       -4.47448374 eV)

 Total SCF energy    =     -34200.83628364 kcal/mol  (    -1483.05955005 eV)
 Electronic energy   =    -116587.24425244 kcal/mol  (    -5055.60228318 eV)
 Core-core repulsion =      82386.40796880 kcal/mol  (     3572.54273313 eV)
 
    Atomic Charges for Step       1 :
  Atom    Element       Mulliken Charge
     1      N                 -0.332
     2      C                  0.040
     3      C                  0.362
     4      O                 -0.529
     5      C                 -0.484
     6      S                  0.012
     7      O                 -0.573
     8      H                  0.203
     9      H                  0.170
    10      H                  0.152
    11      H                 -0.022
 Total Mulliken Charge =      -1.000
 
                  X        Y        Z     TOTAL  
  QM DIPOLE    -6.882    2.810   -1.574    7.598
 
 Final Structure

  QMMM: QM Region Cartesian Coordinates (*=link atom) 
  QMMM: QM_NO.   MM_NO.  ATOM         X         Y         Z
  QMMM:     1        1      N       -0.0884    1.5822    0.2512
  QMMM:     2        2      C        0.1248    0.2203    0.1490
  QMMM:     3        3      C        1.5971   -0.2352   -0.0475
  QMMM:     4        4      O        1.9475   -1.3390    0.4363
  QMMM:     5        5      C       -0.8609   -0.7119    0.2171
  QMMM:     6        6      S       -2.5123   -0.3583    0.3689
  QMMM:     7        7      O        2.3352    0.5461   -0.7118
  QMMM:     8        8      H        0.6503    2.1305   -0.1364
  QMMM:     9        9      H       -1.0081    1.8930    0.0271
  QMMM:    10       10      H       -0.5636   -1.7671    0.2407
  QMMM:    11       11      H       -2.9377   -0.8127   -0.7997

           --------- Calculation Completed ----------

