            --------------------------------------------------------
                             AMBER SQM VERSION 14
 
                                     By
              Ross C. Walker, Michael F. Crowley, Scott Brozell,
                         Tim Giese, Andreas W. Goetz,
                        Tai-Sung Lee and David A. Case
 
            --------------------------------------------------------
 

--------------------------------------------------------------------------------
  QM CALCULATION INFO
--------------------------------------------------------------------------------

| QMMM: Citation for AMBER QMMM Run:
| QMMM: R.C. Walker, M.F. Crowley and D.A. Case, J. COMP. CHEM. 29:1019, 2008

QMMM: SINGLET STATE CALCULATION
QMMM: RHF CALCULATION, NO. OF DOUBLY OCCUPIED LEVELS = 39

| QMMM: *** Selected Hamiltonian *** 
| QMMM: AM1         

| QMMM: *** Parameter sets in use ***
| QMMM: P : M.J.S.DEWAR et al. THEOCHEM, 187,1, (1989)
| QMMM: O : M.J.S.DEWAR et al. JACS, 107, 3902, (1985)
| QMMM: S : M.J.S.DEWAR et al. INORG. CHEM., 29, 3881, (1990)
| QMMM: C : M.J.S.DEWAR et al. JACS, 107, 3902, (1985)
| QMMM: H : M.J.S.DEWAR et al. JACS, 107, 3902, (1985)

| QMMM: *** SCF convergence criteria ***
| QMMM: Energy change                :  0.1D-09 kcal/mol
| QMMM: Error matrix |FP-PF|         :  0.1D+00 au
| QMMM: Density matrix change        :  0.1D-09
| QMMM: Maximum number of SCF cycles :     1000

| QMMM: *** Diagonalization Routine Information ***
| QMMM: Pseudo diagonalizations are allowed.
| QMMM: Auto diagonalization routine selection is disabled.
| QMMM: Using internal diagonalization routine (diag_routine=1).

  QMMM: QM Region Cartesian Coordinates (*=link atom) 
  QMMM: QM_NO.   MM_NO.  ATOM         X         Y         Z
  QMMM:     1        1      P       -1.0770    0.1320   -2.3560
  QMMM:     2        2      O       -0.5470    1.4360   -2.8750
  QMMM:     3        3      O       -1.3090   -0.9780   -3.3350
  QMMM:     4        4      O       -2.1020    0.2690   -1.2460
  QMMM:     5        5      O        0.2570   -0.4550   -1.4080
  QMMM:     6        6      S        1.5520    0.5780    2.1660
  QMMM:     7        7      O        0.7430    0.1000    4.6790
  QMMM:     8        8      C       -0.9930    0.2410    2.9810
  QMMM:     9        9      C        0.6930    0.4210   -0.4510
  QMMM:    10       10      C        0.4290   -0.1500    0.9550
  QMMM:    11       11      C        0.3430    0.7560    3.4880
  QMMM:    12       12      C       -0.9930    0.1180    1.4510
  QMMM:    13       13      O       -1.8410   -0.9540    1.1150
  QMMM:    14       14      H       -1.8130    0.9320    3.2960
  QMMM:    15       15      H        0.1950    1.4270   -0.5590
  QMMM:    16       16      H        1.8130    0.5580   -0.5390
  QMMM:    17       17      H        0.6200   -1.2500    0.9300
  QMMM:    18       18      H        0.2980    1.8370    3.7790
  QMMM:    19       19      H       -1.3830    1.0680    0.9820
  QMMM:    20       20      H       -2.0260   -0.8440    0.1370
  QMMM:    21       21      H        0.9290   -0.8170    4.4420
  QMMM:    22       22      H       -1.2100   -0.7630    3.4310

--------------------------------------------------------------------------------
  RESULTS
--------------------------------------------------------------------------------

      iter         sqm energy              rms gradient
      ----    -------------------    -----------------------
xmin    10     -323.7902 kcal/mol        0.0002 kcal/(mol*A)
xmin    10     -323.7902 kcal/mol        0.0002 kcal/(mol*A)
  ... geometry converged !
 
 Final MO eigenvalues (eV):
 -33.9028  -31.9529  -29.0224  -27.2101  -24.0230  -23.5161  -23.1224  -23.0716
 -19.8288  -17.2101  -15.2203  -13.6916  -12.0317  -11.4636  -10.6396   -9.9480
  -9.4511   -9.2557   -8.5885   -7.7163   -7.6042   -7.2225   -6.8388   -6.3919
  -6.1422   -5.7124   -5.3098   -4.5843   -4.2321   -4.0132   -3.8176   -3.2277
  -2.5610   -1.6494   -1.1614   -1.1576   -0.9326   -0.8621   -0.8415    6.2420
   7.2747    8.3671    8.7138    9.0389    9.5988    9.7555    9.9942   10.5038
  10.6602   10.7885   11.2869   11.3860   11.6148   11.8002   12.1595   12.7305
  13.7915   14.3089   15.9076   17.6240   17.9113

 Heat of formation   =       -323.79023403 kcal/mol  (      -14.04059815 eV)

 Total SCF energy    =     -69471.06453918 kcal/mol  (    -3012.49141577 eV)
 Electronic energy   =    -340348.74948572 kcal/mol  (   -14758.62926524 eV)
 Core-core repulsion =     270877.68494655 kcal/mol  (    11746.13784947 eV)
 
    Atomic Charges for Step       1 :
  Atom    Element       Mulliken Charge
     1      P                  2.518
     2      O                 -1.244
     3      O                 -1.230
     4      O                 -1.252
     5      O                 -0.724
     6      S                 -0.109
     7      O                 -0.347
     8      C                 -0.207
     9      C                  0.097
    10      C                 -0.222
    11      C                 -0.050
    12      C                  0.067
    13      O                 -0.412
    14      H                  0.078
    15      H                  0.079
    16      H                  0.005
    17      H                  0.115
    18      H                  0.111
    19      H                  0.126
    20      H                  0.310
    21      H                  0.201
    22      H                  0.089
 Total Mulliken Charge =      -2.000
 
                  X        Y        Z     TOTAL  
  QM DIPOLE     7.409   -0.983   15.352   17.075
 
 Final Structure

  QMMM: QM Region Cartesian Coordinates (*=link atom) 
  QMMM: QM_NO.   MM_NO.  ATOM         X         Y         Z
  QMMM:     1        1      P       -1.0775    0.1314   -2.3561
  QMMM:     2        2      O       -0.5468    1.4359   -2.8747
  QMMM:     3        3      O       -1.3088   -0.9779   -3.3352
  QMMM:     4        4      O       -2.1019    0.2692   -1.2461
  QMMM:     5        5      O        0.2570   -0.4553   -1.4083
  QMMM:     6        6      S        1.5519    0.5783    2.1660
  QMMM:     7        7      O        0.7431    0.0999    4.6790
  QMMM:     8        8      C       -0.9926    0.2411    2.9814
  QMMM:     9        9      C        0.6926    0.4213   -0.4508
  QMMM:    10       10      C        0.4289   -0.1501    0.9549
  QMMM:    11       11      C        0.3430    0.7561    3.4878
  QMMM:    12       12      C       -0.9927    0.1181    1.4507
  QMMM:    13       13      O       -1.8409   -0.9542    1.1146
  QMMM:    14       14      H       -1.8135    0.9321    3.2963
  QMMM:    15       15      H        0.1952    1.4265   -0.5589
  QMMM:    16       16      H        1.8132    0.5585   -0.5386
  QMMM:    17       17      H        0.6196   -1.2505    0.9301
  QMMM:    18       18      H        0.2984    1.8374    3.7791
  QMMM:    19       19      H       -1.3835    1.0678    0.9820
  QMMM:    20       20      H       -2.0262   -0.8434    0.1367
  QMMM:    21       21      H        0.9293   -0.8171    4.4423
  QMMM:    22       22      H       -1.2100   -0.7631    3.4309

           --------- Calculation Completed ----------

