
          -------------------------------------------------------
          Amber 16 SANDER                              2016
          -------------------------------------------------------

| Run on 04/20/2016 at 15:23:50

|   Executable path: sander
| Working directory: /gpfs/gpfs/project1/dacase-001/haichit/phenix_amber/run_amber_library/amber_library/i
|          Hostname: e1c029

  [-O]verwriting output

File Assignments:
|  MDIN: I4A_sander.in                                                         
| MDOUT: I4A.min.out                                                           
|INPCRD: I4A.rst7                                                              
|  PARM: I4A.prmtop                                                            
|RESTRT: I4A.min.rst7                                                          
|  REFC: refc                                                                  
| MDVEL: mdvel                                                                 
| MDFRC: mdfrc                                                                 
|  MDEN: mden                                                                  
| MDCRD: mdcrd                                                                 
|MDINFO: mdinfo                                                                
|  MTMD: mtmd                                                                  
|INPDIP: inpdip                                                                
|RSTDIP: rstdip                                                                
|INPTRA: inptraj                                                               


 Here is the input file:

  short minimization                                                           
 &cntrl                                                                        
   imin=1, maxcyc=100, ncyc=50, ntpr=1, cut=99., ntb=0,                        
 /                                                                             

--------------------------------------------------------------------------------
   1.  RESOURCE   USE: 
--------------------------------------------------------------------------------

| Flags:                                                                        
|    NONPERIODIC   ntb=0 and igb=0: Setting up nonperiodic simulation
|  *** cutoff > system size, list only builds once
|Largest sphere to fit in unit cell has radius =    33.002
| New format PARM file being parsed.
| Version =    1.000 Date = 04/20/16 Time = 15:23:50
 NATOM  =      49 NTYPES =      11 NBONH =      22 MBONA  =      30
 NTHETH =      48 MTHETA =      43 NPHIH =      89 MPHIA  =      74
 NHPARM =       0 NPARM  =       0 NNB   =     277 NRES   =       1
 NBONA  =      30 NTHETA =      43 NPHIA =      74 NUMBND =      19
 NUMANG =      34 NPTRA  =      20 NATYP =      14 NPHB   =       0
 IFBOX  =       0 NMXRS  =      49 IFCAP =       0 NEXTRA =       0
 NCOPY  =       0


|     Memory Use     Allocated
|     Real                8246
|     Hollerith            150
|     Integer            29538
|     Max Pairs           1176
|     nblistReal           588
|     nblist Int       1061560
|       Total             4336 kbytes

| Note: 1-4 EEL scale factors are being read from the topology file.

| Note: 1-4 VDW scale factors are being read from the topology file.
| Duplicated    0 dihedrals
| Duplicated    0 dihedrals

--------------------------------------------------------------------------------
   2.  CONTROL  DATA  FOR  THE  RUN
--------------------------------------------------------------------------------

I4A                                                                             

General flags:
     imin    =       1, nmropt  =       0

Nature and format of input:
     ntx     =       1, irest   =       0, ntrx    =       1

Nature and format of output:
     ntxo    =       2, ntpr    =       1, ntrx    =       1, ntwr    =       1
     iwrap   =       0, ntwx    =       0, ntwv    =       0, ntwe    =       0
     ioutfm  =       1, ntwprt  =       0, idecomp =       0, rbornstat=      0

Potential function:
     ntf     =       1, ntb     =       0, igb     =       0, nsnb    =      25
     ipol    =       0, gbsa    =       0, iesp    =       0
     dielc   =   1.00000, cut     =  99.00000, intdiel =   1.00000

Frozen or restrained atoms:
     ibelly  =       0, ntr     =       0

Energy minimization:
     maxcyc  =     100, ncyc    =      50, ntmin   =       1
     dx0     =   0.01000, drms    =   0.00010
|  INFO: Old style inpcrd file read


--------------------------------------------------------------------------------
   3.  ATOMIC COORDINATES AND VELOCITIES
--------------------------------------------------------------------------------

I4A                                                                             
 begin time read from input coords =     0.000 ps

 Number of triangulated 3-point waters found:        0

     Sum of charges from parm topology file =   0.00200000
     Forcing neutrality...

--------------------------------------------------------------------------------
   4.  RESULTS
--------------------------------------------------------------------------------

 ---------------------------------------------------

     eedmeth=4: Setting switch to one everywhere

 ---------------------------------------------------
| Local SIZE OF NONBOND LIST =        906
| TOTAL SIZE OF NONBOND LIST =        906


   NSTEP       ENERGY          RMS            GMAX         NAME    NUMBER
      1      -1.7133E+01     1.9128E+01     9.2362E+01     C7          6

 BOND    =        9.0883  ANGLE   =       22.1370  DIHED      =       19.7456
 VDWAALS =        0.7659  EEL     =      -17.8086  HBOND      =        0.0000
 1-4 VDW =       10.3570  1-4 EEL =      -61.4184  RESTRAINT  =        0.0000


   NSTEP       ENERGY          RMS            GMAX         NAME    NUMBER
      2      -1.9759E+01     1.6986E+01     7.9344E+01     C7          6

 BOND    =        7.3440  ANGLE   =       21.4612  DIHED      =       19.7158
 VDWAALS =        0.6799  EEL     =      -17.8106  HBOND      =        0.0000
 1-4 VDW =       10.2958  1-4 EEL =      -61.4453  RESTRAINT  =        0.0000


   NSTEP       ENERGY          RMS            GMAX         NAME    NUMBER
      3      -2.2506E+01     1.4504E+01     6.4358E+01     C7          6

 BOND    =        5.5903  ANGLE   =       20.7269  DIHED      =       19.6786
 VDWAALS =        0.5692  EEL     =      -17.8131  HBOND      =        0.0000
 1-4 VDW =       10.2215  1-4 EEL =      -61.4791  RESTRAINT  =        0.0000


   NSTEP       ENERGY          RMS            GMAX         NAME    NUMBER
      4      -2.5244E+01     1.1685E+01     4.7500E+01     C7          6

 BOND    =        3.9550  ANGLE   =       19.9547  DIHED      =       19.6314
 VDWAALS =        0.4232  EEL     =      -17.8161  HBOND      =        0.0000
 1-4 VDW =       10.1312  1-4 EEL =      -61.5229  RESTRAINT  =        0.0000


   NSTEP       ENERGY          RMS            GMAX         NAME    NUMBER
      5      -2.7781E+01     8.6151E+00     2.9386E+01     C7          6

 BOND    =        2.6229  ANGLE   =       19.1826  DIHED      =       19.5700
 VDWAALS =        0.2237  EEL     =      -17.8192  HBOND      =        0.0000
 1-4 VDW =       10.0213  1-4 EEL =      -61.5826  RESTRAINT  =        0.0000


   NSTEP       ENERGY          RMS            GMAX         NAME    NUMBER
      6      -2.9887E+01     5.6205E+00     1.8462E+01     C25         2

 BOND    =        1.8135  ANGLE   =       18.4784  DIHED      =       19.4880
 VDWAALS =       -0.0633  EEL     =      -17.8210  HBOND      =        0.0000
 1-4 VDW =        9.8900  1-4 EEL =      -61.6730  RESTRAINT  =        0.0000


   NSTEP       ENERGY          RMS            GMAX         NAME    NUMBER
      7      -3.1443E+01     3.5815E+00     1.5377E+01     HN2A       45

 BOND    =        1.6131  ANGLE   =       17.9679  DIHED      =       19.3780
 VDWAALS =       -0.4997  EEL     =      -17.8159  HBOND      =        0.0000
 1-4 VDW =        9.7491  1-4 EEL =      -61.8360  RESTRAINT  =        0.0000


   NSTEP       ENERGY          RMS            GMAX         NAME    NUMBER
      8      -3.2749E+01     2.7001E+00     1.2661E+01     HN2A       45

 BOND    =        1.5240  ANGLE   =       17.8364  DIHED      =       19.2675
 VDWAALS =       -1.1026  EEL     =      -17.7866  HBOND      =        0.0000
 1-4 VDW =        9.6790  1-4 EEL =      -62.1665  RESTRAINT  =        0.0000


   NSTEP       ENERGY          RMS            GMAX         NAME    NUMBER
      9      -3.3876E+01     2.2697E+00     1.0050E+01     HN2A       45

 BOND    =        1.5390  ANGLE   =       17.8295  DIHED      =       19.2227
 VDWAALS =       -1.7183  EEL     =      -17.7340  HBOND      =        0.0000
 1-4 VDW =        9.6937  1-4 EEL =      -62.7088  RESTRAINT  =        0.0000


   NSTEP       ENERGY          RMS            GMAX         NAME    NUMBER
     10      -3.4014E+01     5.8774E+00     3.2387E+01     C7          6

 BOND    =        1.6006  ANGLE   =       18.8723  DIHED      =       19.1943
 VDWAALS =       -2.3034  EEL     =      -17.6925  HBOND      =        0.0000
 1-4 VDW =        9.5348  1-4 EEL =      -63.2202  RESTRAINT  =        0.0000


   NSTEP       ENERGY          RMS            GMAX         NAME    NUMBER
     11      -3.2715E+01     1.0120E+01     5.5332E+01     C7          6

 BOND    =        4.2984  ANGLE   =       17.8667  DIHED      =       19.2473
 VDWAALS =       -2.3955  EEL     =      -17.6309  HBOND      =        0.0000
 1-4 VDW =        9.6501  1-4 EEL =      -63.7507  RESTRAINT  =        0.0000


   NSTEP       ENERGY          RMS            GMAX         NAME    NUMBER
     12      -3.4996E+01     2.3081E+00     9.5437E+00     C7          6

 BOND    =        1.7076  ANGLE   =       18.2460  DIHED      =       19.2273
 VDWAALS =       -2.4537  EEL     =      -17.6463  HBOND      =        0.0000
 1-4 VDW =        9.5793  1-4 EEL =      -63.6564  RESTRAINT  =        0.0000


   NSTEP       ENERGY          RMS            GMAX         NAME    NUMBER
     13      -3.4496E+01     6.2457E+00     3.5416E+01     C7          6

 BOND    =        1.6651  ANGLE   =       19.2985  DIHED      =       19.2157
 VDWAALS =       -2.6620  EEL     =      -17.6397  HBOND      =        0.0000
 1-4 VDW =        9.4442  1-4 EEL =      -63.8174  RESTRAINT  =        0.0000


   NSTEP       ENERGY          RMS            GMAX         NAME    NUMBER
     14      -3.5371E+01     1.7570E+00     8.3250E+00     C7          6

 BOND    =        1.4932  ANGLE   =       18.6986  DIHED      =       19.2291
 VDWAALS =       -2.6747  EEL     =      -17.6252  HBOND      =        0.0000
 1-4 VDW =        9.4666  1-4 EEL =      -63.9586  RESTRAINT  =        0.0000


   NSTEP       ENERGY          RMS            GMAX         NAME    NUMBER
     15      -3.5362E+01     3.2760E+00     1.6589E+01     C7          6

 BOND    =        2.0429  ANGLE   =       18.4832  DIHED      =       19.2528
 VDWAALS =       -2.7675  EEL     =      -17.5970  HBOND      =        0.0000
 1-4 VDW =        9.4705  1-4 EEL =      -64.2467  RESTRAINT  =        0.0000


   NSTEP       ENERGY          RMS            GMAX         NAME    NUMBER
     16      -3.5626E+01     1.0485E+00     5.3789E+00     HN2A       45

 BOND    =        1.6123  ANGLE   =       18.7218  DIHED      =       19.2468
 VDWAALS =       -2.8013  EEL     =      -17.5989  HBOND      =        0.0000
 1-4 VDW =        9.4370  1-4 EEL =      -64.2440  RESTRAINT  =        0.0000


   NSTEP       ENERGY          RMS            GMAX         NAME    NUMBER
     17      -3.5754E+01     1.2274E+00     5.0417E+00     HN2A       45

 BOND    =        1.6017  ANGLE   =       18.9058  DIHED      =       19.2510
 VDWAALS =       -2.8972  EEL     =      -17.5874  HBOND      =        0.0000
 1-4 VDW =        9.3785  1-4 EEL =      -64.4063  RESTRAINT  =        0.0000


   NSTEP       ENERGY          RMS            GMAX         NAME    NUMBER
     18      -3.5805E+01     2.1084E+00     9.6552E+00     C7          6

 BOND    =        1.9007  ANGLE   =       18.8104  DIHED      =       19.2692
 VDWAALS =       -2.9687  EEL     =      -17.5685  HBOND      =        0.0000
 1-4 VDW =        9.3685  1-4 EEL =      -64.6168  RESTRAINT  =        0.0000


   NSTEP       ENERGY          RMS            GMAX         NAME    NUMBER
     19      -3.5810E+01     2.7251E+00     1.4630E+01     C7          6

 BOND    =        1.5987  ANGLE   =       19.2692  DIHED      =       19.2597
 VDWAALS =       -3.0340  EEL     =      -17.5668  HBOND      =        0.0000
 1-4 VDW =        9.3052  1-4 EEL =      -64.6417  RESTRAINT  =        0.0000


   NSTEP       ENERGY          RMS            GMAX         NAME    NUMBER
     20      -3.5807E+01     3.2035E+00     1.6338E+01     C7          6

 BOND    =        2.2098  ANGLE   =       18.8262  DIHED      =       19.2841
 VDWAALS =       -3.0594  EEL     =      -17.5520  HBOND      =        0.0000
 1-4 VDW =        9.3223  1-4 EEL =      -64.8378  RESTRAINT  =        0.0000


   NSTEP       ENERGY          RMS            GMAX         NAME    NUMBER
     21      -3.6057E+01     7.8026E-01     3.9265E+00     HN2A       45

 BOND    =        1.7501  ANGLE   =       19.0756  DIHED      =       19.2761
 VDWAALS =       -3.0853  EEL     =      -17.5527  HBOND      =        0.0000
 1-4 VDW =        9.2954  1-4 EEL =      -64.8160  RESTRAINT  =        0.0000


   NSTEP       ENERGY          RMS            GMAX         NAME    NUMBER
     22      -3.6160E+01     1.0293E+00     3.9248E+00     C7          6

 BOND    =        1.7483  ANGLE   =       19.2508  DIHED      =       19.2832
 VDWAALS =       -3.1702  EEL     =      -17.5389  HBOND      =        0.0000
 1-4 VDW =        9.2423  1-4 EEL =      -64.9751  RESTRAINT  =        0.0000


   NSTEP       ENERGY          RMS            GMAX         NAME    NUMBER
     23      -3.6129E+01     2.4535E+00     1.1544E+01     C25         2

 BOND    =        2.0878  ANGLE   =       19.1487  DIHED      =       19.3035
 VDWAALS =       -3.2248  EEL     =      -17.5263  HBOND      =        0.0000
 1-4 VDW =        9.2343  1-4 EEL =      -65.1523  RESTRAINT  =        0.0000


   NSTEP       ENERGY          RMS            GMAX         NAME    NUMBER
     24      -3.6277E+01     7.1704E-01     3.1045E+00     HN2A       45

 BOND    =        1.8490  ANGLE   =       19.2799  DIHED      =       19.2973
 VDWAALS =       -3.2435  EEL     =      -17.5244  HBOND      =        0.0000
 1-4 VDW =        9.2111  1-4 EEL =      -65.1467  RESTRAINT  =        0.0000


   NSTEP       ENERGY          RMS            GMAX         NAME    NUMBER
     25      -3.6329E+01     1.0255E+00     4.0806E+00     C7          6

 BOND    =        1.8277  ANGLE   =       19.4185  DIHED      =       19.3011
 VDWAALS =       -3.2957  EEL     =      -17.5161  HBOND      =        0.0000
 1-4 VDW =        9.1713  1-4 EEL =      -65.2356  RESTRAINT  =        0.0000


   NSTEP       ENERGY          RMS            GMAX         NAME    NUMBER
     26      -3.6333E+01     1.7048E+00     7.1791E+00     C25         2

 BOND    =        2.0328  ANGLE   =       19.3176  DIHED      =       19.3145
 VDWAALS =       -3.3255  EEL     =      -17.5085  HBOND      =        0.0000
 1-4 VDW =        9.1741  1-4 EEL =      -65.3383  RESTRAINT  =        0.0000


   NSTEP       ENERGY          RMS            GMAX         NAME    NUMBER
     27      -3.6350E+01     1.8958E+00     8.3701E+00     C7          6

 BOND    =        1.8452  ANGLE   =       19.5763  DIHED      =       19.3069
 VDWAALS =       -3.3611  EEL     =      -17.5041  HBOND      =        0.0000
 1-4 VDW =        9.1300  1-4 EEL =      -65.3431  RESTRAINT  =        0.0000


   NSTEP       ENERGY          RMS            GMAX         NAME    NUMBER
     28      -3.6328E+01     2.4377E+00     1.1626E+01     C25         2

 BOND    =        2.1905  ANGLE   =       19.3374  DIHED      =       19.3266
 VDWAALS =       -3.3740  EEL     =      -17.4991  HBOND      =        0.0000
 1-4 VDW =        9.1482  1-4 EEL =      -65.4574  RESTRAINT  =        0.0000


   NSTEP       ENERGY          RMS            GMAX         NAME    NUMBER
     29      -3.6473E+01     5.8801E-01     2.4020E+00     HN2A       45

 BOND    =        1.9365  ANGLE   =       19.4708  DIHED      =       19.3196
 VDWAALS =       -3.3902  EEL     =      -17.4973  HBOND      =        0.0000
 1-4 VDW =        9.1273  1-4 EEL =      -65.4400  RESTRAINT  =        0.0000


   NSTEP       ENERGY          RMS            GMAX         NAME    NUMBER
     30      -3.6518E+01     9.6824E-01     3.7814E+00     C7          6

 BOND    =        1.9204  ANGLE   =       19.5941  DIHED      =       19.3246
 VDWAALS =       -3.4395  EEL     =      -17.4884  HBOND      =        0.0000
 1-4 VDW =        9.0904  1-4 EEL =      -65.5191  RESTRAINT  =        0.0000


   NSTEP       ENERGY          RMS            GMAX         NAME    NUMBER
     31      -3.6493E+01     1.8889E+00     7.6239E+00     C7          6

 BOND    =        2.1444  ANGLE   =       19.4791  DIHED      =       19.3380
 VDWAALS =       -3.4628  EEL     =      -17.4824  HBOND      =        0.0000
 1-4 VDW =        9.0982  1-4 EEL =      -65.6075  RESTRAINT  =        0.0000


   NSTEP       ENERGY          RMS            GMAX         NAME    NUMBER
     32      -3.6580E+01     5.8196E-01     2.0214E+00     HN2A       45

 BOND    =        1.9945  ANGLE   =       19.5666  DIHED      =       19.3344
 VDWAALS =       -3.4745  EEL     =      -17.4810  HBOND      =        0.0000
 1-4 VDW =        9.0805  1-4 EEL =      -65.6008  RESTRAINT  =        0.0000


   NSTEP       ENERGY          RMS            GMAX         NAME    NUMBER
     33      -3.6607E+01     8.4229E-01     3.1207E+00     C7          6

 BOND    =        1.9692  ANGLE   =       19.6577  DIHED      =       19.3370
 VDWAALS =       -3.5055  EEL     =      -17.4752  HBOND      =        0.0000
 1-4 VDW =        9.0539  1-4 EEL =      -65.6438  RESTRAINT  =        0.0000


   NSTEP       ENERGY          RMS            GMAX         NAME    NUMBER
     34      -3.6614E+01     1.2382E+00     4.6541E+00     C7          6

 BOND    =        2.0979  ANGLE   =       19.5768  DIHED      =       19.3464
 VDWAALS =       -3.5225  EEL     =      -17.4711  HBOND      =        0.0000
 1-4 VDW =        9.0599  1-4 EEL =      -65.7018  RESTRAINT  =        0.0000


   NSTEP       ENERGY          RMS            GMAX         NAME    NUMBER
     35      -3.6624E+01     1.4210E+00     5.8694E+00     C7          6

 BOND    =        1.9774  ANGLE   =       19.7438  DIHED      =       19.3421
 VDWAALS =       -3.5466  EEL     =      -17.4674  HBOND      =        0.0000
 1-4 VDW =        9.0273  1-4 EEL =      -65.7009  RESTRAINT  =        0.0000


   NSTEP       ENERGY          RMS            GMAX         NAME    NUMBER
     36      -3.6618E+01     1.7873E+00     7.6045E+00     C25         2

 BOND    =        2.1962  ANGLE   =       19.5790  DIHED      =       19.3557
 VDWAALS =       -3.5549  EEL     =      -17.4639  HBOND      =        0.0000
 1-4 VDW =        9.0442  1-4 EEL =      -65.7742  RESTRAINT  =        0.0000


   NSTEP       ENERGY          RMS            GMAX         NAME    NUMBER
     37      -3.6698E+01     4.6386E-01     1.6628E+00     HN2A       45

 BOND    =        2.0419  ANGLE   =       19.6703  DIHED      =       19.3514
 VDWAALS =       -3.5662  EEL     =      -17.4627  HBOND      =        0.0000
 1-4 VDW =        9.0278  1-4 EEL =      -65.7600  RESTRAINT  =        0.0000


   NSTEP       ENERGY          RMS            GMAX         NAME    NUMBER
     38      -3.6729E+01     6.5729E-01     2.0837E+00     C7          6

 BOND    =        2.0376  ANGLE   =       19.7320  DIHED      =       19.3560
 VDWAALS =       -3.5977  EEL     =      -17.4563  HBOND      =        0.0000
 1-4 VDW =        9.0042  1-4 EEL =      -65.8050  RESTRAINT  =        0.0000


   NSTEP       ENERGY          RMS            GMAX         NAME    NUMBER
     39      -3.6726E+01     1.3250E+00     4.7807E+00     C7          6

 BOND    =        2.1560  ANGLE   =       19.6701  DIHED      =       19.3653
 VDWAALS =       -3.6171  EEL     =      -17.4519  HBOND      =        0.0000
 1-4 VDW =        9.0097  1-4 EEL =      -65.8583  RESTRAINT  =        0.0000


   NSTEP       ENERGY          RMS            GMAX         NAME    NUMBER
     40      -3.6771E+01     4.3922E-01     1.4510E+00     HN2A       45

 BOND    =        2.0772  ANGLE   =       19.7234  DIHED      =       19.3635
 VDWAALS =       -3.6254  EEL     =      -17.4505  HBOND      =        0.0000
 1-4 VDW =        8.9957  1-4 EEL =      -65.8553  RESTRAINT  =        0.0000


   NSTEP       ENERGY          RMS            GMAX         NAME    NUMBER
     41      -3.6794E+01     5.3251E-01     1.4016E+00     HN2A       45

 BOND    =        2.0747  ANGLE   =       19.7620  DIHED      =       19.3668
 VDWAALS =       -3.6461  EEL     =      -17.4460  HBOND      =        0.0000
 1-4 VDW =        8.9791  1-4 EEL =      -65.8843  RESTRAINT  =        0.0000


   NSTEP       ENERGY          RMS            GMAX         NAME    NUMBER
     42      -3.6807E+01     8.3266E-01     2.7851E+00     C1         16

 BOND    =        2.1307  ANGLE   =       19.7305  DIHED      =       19.3730
 VDWAALS =       -3.6626  EEL     =      -17.4427  HBOND      =        0.0000
 1-4 VDW =        8.9813  1-4 EEL =      -65.9171  RESTRAINT  =        0.0000


   NSTEP       ENERGY          RMS            GMAX         NAME    NUMBER
     43      -3.6813E+01     1.0750E+00     3.7854E+00     C7          6

 BOND    =        2.0851  ANGLE   =       19.8189  DIHED      =       19.3723
 VDWAALS =       -3.6799  EEL     =      -17.4390  HBOND      =        0.0000
 1-4 VDW =        8.9554  1-4 EEL =      -65.9256  RESTRAINT  =        0.0000


   NSTEP       ENERGY          RMS            GMAX         NAME    NUMBER
     44      -3.6817E+01     1.2718E+00     4.4618E+00     C7          6

 BOND    =        2.1889  ANGLE   =       19.7281  DIHED      =       19.3803
 VDWAALS =       -3.6871  EEL     =      -17.4371  HBOND      =        0.0000
 1-4 VDW =        8.9720  1-4 EEL =      -65.9620  RESTRAINT  =        0.0000


   NSTEP       ENERGY          RMS            GMAX         NAME    NUMBER
     45      -3.6812E+01     1.5670E+00     5.8539E+00     C7          6

 BOND    =        2.0941  ANGLE   =       19.8686  DIHED      =       19.3760
 VDWAALS =       -3.7059  EEL     =      -17.4340  HBOND      =        0.0000
 1-4 VDW =        8.9388  1-4 EEL =      -65.9494  RESTRAINT  =        0.0000


   NSTEP       ENERGY          RMS            GMAX         NAME    NUMBER
     46      -3.6874E+01     3.9072E-01     1.2428E+00     H243       49

 BOND    =        2.1172  ANGLE   =       19.7922  DIHED      =       19.3809
 VDWAALS =       -3.7070  EEL     =      -17.4330  HBOND      =        0.0000
 1-4 VDW =        8.9493  1-4 EEL =      -65.9735  RESTRAINT  =        0.0000


   NSTEP       ENERGY          RMS            GMAX         NAME    NUMBER
     47      -3.6898E+01     5.7190E-01     1.9167E+00     C1         16

 BOND    =        2.1450  ANGLE   =       19.7877  DIHED      =       19.3869
 VDWAALS =       -3.7287  EEL     =      -17.4287  HBOND      =        0.0000
 1-4 VDW =        8.9445  1-4 EEL =      -66.0044  RESTRAINT  =        0.0000


   NSTEP       ENERGY          RMS            GMAX         NAME    NUMBER
     48      -3.6893E+01     1.1835E+00     3.8532E+00     C1         16

 BOND    =        2.1426  ANGLE   =       19.8528  DIHED      =       19.3887
 VDWAALS =       -3.7485  EEL     =      -17.4237  HBOND      =        0.0000
 1-4 VDW =        8.9179  1-4 EEL =      -66.0228  RESTRAINT  =        0.0000


   NSTEP       ENERGY          RMS            GMAX         NAME    NUMBER
     49      -3.6929E+01     3.8556E-01     1.2392E+00     H243       49

 BOND    =        2.1424  ANGLE   =       19.8166  DIHED      =       19.3912
 VDWAALS =       -3.7510  EEL     =      -17.4234  HBOND      =        0.0000
 1-4 VDW =        8.9266  1-4 EEL =      -66.0318  RESTRAINT  =        0.0000


   NSTEP       ENERGY          RMS            GMAX         NAME    NUMBER
     50      -3.6946E+01     4.9151E-01     1.6611E+00     C1         16

 BOND    =        2.1589  ANGLE   =       19.8095  DIHED      =       19.3951
 VDWAALS =       -3.7651  EEL     =      -17.4209  HBOND      =        0.0000
 1-4 VDW =        8.9254  1-4 EEL =      -66.0486  RESTRAINT  =        0.0000


   NSTEP       ENERGY          RMS            GMAX         NAME    NUMBER
     51      -3.6954E+01     7.6279E-01     2.4918E+00     C1         16

 BOND    =        2.1585  ANGLE   =       19.8452  DIHED      =       19.3972
 VDWAALS =       -3.7796  EEL     =      -17.4168  HBOND      =        0.0000
 1-4 VDW =        8.9070  1-4 EEL =      -66.0654  RESTRAINT  =        0.0000


   NSTEP       ENERGY          RMS            GMAX         NAME    NUMBER
     52      -2.4128E+01     2.2777E+01     8.7186E+01     C1         16

 BOND    =       13.0237  ANGLE   =       21.7886  DIHED      =       19.4720
 VDWAALS =       -3.8945  EEL     =      -17.4063  HBOND      =        0.0000
 1-4 VDW =        9.1381  1-4 EEL =      -66.2492  RESTRAINT  =        0.0000


   NSTEP       ENERGY          RMS            GMAX         NAME    NUMBER
     53      -3.6972E+01     3.7198E-01     1.1858E+00     H243       49

 BOND    =        2.1655  ANGLE   =       19.8215  DIHED      =       19.3995
 VDWAALS =       -3.7839  EEL     =      -17.4164  HBOND      =        0.0000
 1-4 VDW =        8.9140  1-4 EEL =      -66.0721  RESTRAINT  =        0.0000


   NSTEP       ENERGY          RMS            GMAX         NAME    NUMBER
     54      -3.6981E+01     3.6805E-01     1.1912E+00     H243       49

 BOND    =        2.1675  ANGLE   =       19.8246  DIHED      =       19.4010
 VDWAALS =       -3.7908  EEL     =      -17.4151  HBOND      =        0.0000
 1-4 VDW =        8.9108  1-4 EEL =      -66.0788  RESTRAINT  =        0.0000


   NSTEP       ENERGY          RMS            GMAX         NAME    NUMBER
     55      -3.7055E+01     4.6864E-01     1.8239E+00     C1         16

 BOND    =        2.1879  ANGLE   =       19.8556  DIHED      =       19.4156
 VDWAALS =       -3.8533  EEL     =      -17.4023  HBOND      =        0.0000
 1-4 VDW =        8.8814  1-4 EEL =      -66.1400  RESTRAINT  =        0.0000


   NSTEP       ENERGY          RMS            GMAX         NAME    NUMBER
     56      -3.7262E+01     2.3420E+00     1.1997E+01     C25         2

 BOND    =        2.4068  ANGLE   =       20.1316  DIHED      =       19.5369
 VDWAALS =       -4.2108  EEL     =      -17.3237  HBOND      =        0.0000
 1-4 VDW =        8.7051  1-4 EEL =      -66.5081  RESTRAINT  =        0.0000


   NSTEP       ENERGY          RMS            GMAX         NAME    NUMBER
     57      -3.7478E+01     7.7042E-01     3.1420E+00     HN2A       45

 BOND    =        2.7375  ANGLE   =       20.3647  DIHED      =       19.7704
 VDWAALS =       -4.5543  EEL     =      -17.2119  HBOND      =        0.0000
 1-4 VDW =        8.4977  1-4 EEL =      -67.0825  RESTRAINT  =        0.0000


   NSTEP       ENERGY          RMS            GMAX         NAME    NUMBER
     58      -3.7495E+01     4.9176E-01     2.5087E+00     HN2A       45

 BOND    =        2.6361  ANGLE   =       20.3027  DIHED      =       19.7147
 VDWAALS =       -4.4878  EEL     =      -17.2356  HBOND      =        0.0000
 1-4 VDW =        8.5400  1-4 EEL =      -66.9646  RESTRAINT  =        0.0000


   NSTEP       ENERGY          RMS            GMAX         NAME    NUMBER
     59      -3.7509E+01     3.6824E-01     1.4088E+00     O26         3

 BOND    =        2.6181  ANGLE   =       20.2957  DIHED      =       19.7085
 VDWAALS =       -4.4855  EEL     =      -17.2316  HBOND      =        0.0000
 1-4 VDW =        8.5447  1-4 EEL =      -66.9588  RESTRAINT  =        0.0000


   NSTEP       ENERGY          RMS            GMAX         NAME    NUMBER
     60      -3.7511E+01     4.9210E-01     1.7790E+00     O26         3

 BOND    =        2.6142  ANGLE   =       20.2927  DIHED      =       19.7054
 VDWAALS =       -4.4844  EEL     =      -17.2296  HBOND      =        0.0000
 1-4 VDW =        8.5470  1-4 EEL =      -66.9560  RESTRAINT  =        0.0000


   NSTEP       ENERGY          RMS            GMAX         NAME    NUMBER
     61      -3.7536E+01     4.6256E-01     2.7601E+00     O27         1

 BOND    =        2.6519  ANGLE   =       20.1891  DIHED      =       19.6991
 VDWAALS =       -4.4913  EEL     =      -17.2207  HBOND      =        0.0000
 1-4 VDW =        8.5572  1-4 EEL =      -66.9214  RESTRAINT  =        0.0000


   NSTEP       ENERGY          RMS            GMAX         NAME    NUMBER
     62      -3.7547E+01     8.4532E-01     4.6567E+00     O27         1

 BOND    =        2.7127  ANGLE   =       20.0664  DIHED      =       19.6919
 VDWAALS =       -4.4996  EEL     =      -17.2096  HBOND      =        0.0000
 1-4 VDW =        8.5698  1-4 EEL =      -66.8787  RESTRAINT  =        0.0000


   NSTEP       ENERGY          RMS            GMAX         NAME    NUMBER
     63      -3.7607E+01     6.3513E-01     2.9143E+00     O27         1

 BOND    =        2.6482  ANGLE   =       19.9767  DIHED      =       19.6977
 VDWAALS =       -4.5282  EEL     =      -17.1998  HBOND      =        0.0000
 1-4 VDW =        8.6025  1-4 EEL =      -66.8035  RESTRAINT  =        0.0000


   NSTEP       ENERGY          RMS            GMAX         NAME    NUMBER
     64      -3.7646E+01     1.0212E+00     3.4175E+00     C17        20

 BOND    =        2.5659  ANGLE   =       19.8444  DIHED      =       19.7131
 VDWAALS =       -4.5727  EEL     =      -17.1822  HBOND      =        0.0000
 1-4 VDW =        8.6587  1-4 EEL =      -66.6733  RESTRAINT  =        0.0000


   NSTEP       ENERGY          RMS            GMAX         NAME    NUMBER
     65      -3.7665E+01     1.5776E+00     6.3414E+00     C22        22

 BOND    =        2.3973  ANGLE   =       19.6175  DIHED      =       19.7370
 VDWAALS =       -4.6215  EEL     =      -17.1695  HBOND      =        0.0000
 1-4 VDW =        8.7364  1-4 EEL =      -66.3621  RESTRAINT  =        0.0000


   NSTEP       ENERGY          RMS            GMAX         NAME    NUMBER
     66      -3.7701E+01     7.3454E-01     2.7581E+00     H243       49

 BOND    =        2.4431  ANGLE   =       19.7095  DIHED      =       19.7237
 VDWAALS =       -4.6013  EEL     =      -17.1757  HBOND      =        0.0000
 1-4 VDW =        8.7015  1-4 EEL =      -66.5019  RESTRAINT  =        0.0000


   NSTEP       ENERGY          RMS            GMAX         NAME    NUMBER
     67      -3.7741E+01     4.9077E-01     1.9934E+00     H243       49

 BOND    =        2.3710  ANGLE   =       19.5929  DIHED      =       19.7026
 VDWAALS =       -4.5822  EEL     =      -17.1840  HBOND      =        0.0000
 1-4 VDW =        8.7250  1-4 EEL =      -66.3659  RESTRAINT  =        0.0000


   NSTEP       ENERGY          RMS            GMAX         NAME    NUMBER
     68      -3.7751E+01     6.1463E-01     2.3159E+00     C25         2

 BOND    =        2.3235  ANGLE   =       19.4996  DIHED      =       19.6864
 VDWAALS =       -4.5655  EEL     =      -17.1909  HBOND      =        0.0000
 1-4 VDW =        8.7454  1-4 EEL =      -66.2497  RESTRAINT  =        0.0000


   NSTEP       ENERGY          RMS            GMAX         NAME    NUMBER
     69      -3.7761E+01     9.4697E-01     3.1947E+00     C17        20

 BOND    =        2.2726  ANGLE   =       19.3831  DIHED      =       19.6565
 VDWAALS =       -4.5414  EEL     =      -17.1889  HBOND      =        0.0000
 1-4 VDW =        8.7550  1-4 EEL =      -66.0976  RESTRAINT  =        0.0000


   NSTEP       ENERGY          RMS            GMAX         NAME    NUMBER
     70      -3.7773E+01     4.7097E-01     1.4741E+00     C25         2

 BOND    =        2.2821  ANGLE   =       19.4298  DIHED      =       19.6688
 VDWAALS =       -4.5518  EEL     =      -17.1898  HBOND      =        0.0000
 1-4 VDW =        8.7508  1-4 EEL =      -66.1628  RESTRAINT  =        0.0000


   NSTEP       ENERGY          RMS            GMAX         NAME    NUMBER
     71      -3.7792E+01     3.4788E-01     1.1508E+00     HN2A       45

 BOND    =        2.2938  ANGLE   =       19.4197  DIHED      =       19.6634
 VDWAALS =       -4.5549  EEL     =      -17.1907  HBOND      =        0.0000
 1-4 VDW =        8.7332  1-4 EEL =      -66.1569  RESTRAINT  =        0.0000


   NSTEP       ENERGY          RMS            GMAX         NAME    NUMBER
     72      -3.7798E+01     5.1287E-01     1.8387E+00     O27         1

 BOND    =        2.3116  ANGLE   =       19.4139  DIHED      =       19.6590
 VDWAALS =       -4.5575  EEL     =      -17.1914  HBOND      =        0.0000
 1-4 VDW =        8.7175  1-4 EEL =      -66.1513  RESTRAINT  =        0.0000


   NSTEP       ENERGY          RMS            GMAX         NAME    NUMBER
     73      -3.7822E+01     6.0629E-01     2.3161E+00     C7          6

 BOND    =        2.3513  ANGLE   =       19.4240  DIHED      =       19.6300
 VDWAALS =       -4.5420  EEL     =      -17.2081  HBOND      =        0.0000
 1-4 VDW =        8.6972  1-4 EEL =      -66.1748  RESTRAINT  =        0.0000


   NSTEP       ENERGY          RMS            GMAX         NAME    NUMBER
     74      -3.7823E+01     5.8446E-01     2.2476E+00     C7          6

 BOND    =        2.3493  ANGLE   =       19.4233  DIHED      =       19.6310
 VDWAALS =       -4.5426  EEL     =      -17.2075  HBOND      =        0.0000
 1-4 VDW =        8.6979  1-4 EEL =      -66.1740  RESTRAINT  =        0.0000


   NSTEP       ENERGY          RMS            GMAX         NAME    NUMBER
     75      -3.7851E+01     5.4061E-01     2.2618E+00     C7          6

 BOND    =        2.4206  ANGLE   =       19.4004  DIHED      =       19.5782
 VDWAALS =       -4.5266  EEL     =      -17.1978  HBOND      =        0.0000
 1-4 VDW =        8.6953  1-4 EEL =      -66.2207  RESTRAINT  =        0.0000


   NSTEP       ENERGY          RMS            GMAX         NAME    NUMBER
     76      -3.7857E+01     4.0678E-01     1.6677E+00     C18        21

 BOND    =        2.3913  ANGLE   =       19.4273  DIHED      =       19.5775
 VDWAALS =       -4.5292  EEL     =      -17.1962  HBOND      =        0.0000
 1-4 VDW =        8.6973  1-4 EEL =      -66.2254  RESTRAINT  =        0.0000


   NSTEP       ENERGY          RMS            GMAX         NAME    NUMBER
     77      -3.7864E+01     3.3109E-01     1.1556E+00     C18        21

 BOND    =        2.3698  ANGLE   =       19.4524  DIHED      =       19.5761
 VDWAALS =       -4.5333  EEL     =      -17.1935  HBOND      =        0.0000
 1-4 VDW =        8.6992  1-4 EEL =      -66.2346  RESTRAINT  =        0.0000


   NSTEP       ENERGY          RMS            GMAX         NAME    NUMBER
     78      -3.7870E+01     2.8657E-01     1.0263E+00     HN2A       45

 BOND    =        2.3623  ANGLE   =       19.4717  DIHED      =       19.5740
 VDWAALS =       -4.5391  EEL     =      -17.1897  HBOND      =        0.0000
 1-4 VDW =        8.7006  1-4 EEL =      -66.2501  RESTRAINT  =        0.0000


   NSTEP       ENERGY          RMS            GMAX         NAME    NUMBER
     79      -3.7877E+01     2.5009E-01     9.5846E-01     HN2A       45

 BOND    =        2.3588  ANGLE   =       19.4951  DIHED      =       19.5711
 VDWAALS =       -4.5464  EEL     =      -17.1855  HBOND      =        0.0000
 1-4 VDW =        8.7013  1-4 EEL =      -66.2714  RESTRAINT  =        0.0000


   NSTEP       ENERGY          RMS            GMAX         NAME    NUMBER
     80      -2.9906E+01     6.4633E+00     2.5000E+01     C18        21

 BOND    =        4.8693  ANGLE   =       28.7781  DIHED      =       19.4926
 VDWAALS =       -5.4709  EEL     =      -16.5899  HBOND      =        0.0000
 1-4 VDW =        8.9904  1-4 EEL =      -69.9754  RESTRAINT  =        0.0000


   NSTEP       ENERGY          RMS            GMAX         NAME    NUMBER
     81      -3.7905E+01     2.6983E-01     9.8394E-01     H243       49

 BOND    =        2.3542  ANGLE   =       19.7239  DIHED      =       19.5434
 VDWAALS =       -4.6070  EEL     =      -17.1517  HBOND      =        0.0000
 1-4 VDW =        8.7046  1-4 EEL =      -66.4719  RESTRAINT  =        0.0000


   NSTEP       ENERGY          RMS            GMAX         NAME    NUMBER
     82      -3.7930E+01     5.5111E-01     1.8574E+00     H243       49

 BOND    =        2.4835  ANGLE   =       19.9038  DIHED      =       19.4897
 VDWAALS =       -4.6267  EEL     =      -17.1335  HBOND      =        0.0000
 1-4 VDW =        8.6793  1-4 EEL =      -66.7258  RESTRAINT  =        0.0000


   NSTEP       ENERGY          RMS            GMAX         NAME    NUMBER
     83      -3.7930E+01     5.0227E-01     1.7811E+00     H243       49

 BOND    =        2.4711  ANGLE   =       19.8868  DIHED      =       19.4942
 VDWAALS =       -4.6250  EEL     =      -17.1351  HBOND      =        0.0000
 1-4 VDW =        8.6815  1-4 EEL =      -66.7035  RESTRAINT  =        0.0000


   NSTEP       ENERGY          RMS            GMAX         NAME    NUMBER
     84      -3.7937E+01     8.5144E-01     3.6563E+00     C17        20

 BOND    =        2.4696  ANGLE   =       20.1444  DIHED      =       19.4342
 VDWAALS =       -4.6279  EEL     =      -17.1308  HBOND      =        0.0000
 1-4 VDW =        8.6445  1-4 EEL =      -66.8713  RESTRAINT  =        0.0000


   NSTEP       ENERGY          RMS            GMAX         NAME    NUMBER
     85      -3.7945E+01     4.5128E-01     1.7544E+00     C22        22

 BOND    =        2.4629  ANGLE   =       20.0346  DIHED      =       19.4588
 VDWAALS =       -4.6269  EEL     =      -17.1325  HBOND      =        0.0000
 1-4 VDW =        8.6598  1-4 EEL =      -66.8014  RESTRAINT  =        0.0000


   NSTEP       ENERGY          RMS            GMAX         NAME    NUMBER
     86      -3.7963E+01     2.8840E-01     9.1932E-01     C22        22

 BOND    =        2.4983  ANGLE   =       20.0809  DIHED      =       19.4306
 VDWAALS =       -4.6138  EEL     =      -17.1301  HBOND      =        0.0000
 1-4 VDW =        8.6410  1-4 EEL =      -66.8700  RESTRAINT  =        0.0000


   NSTEP       ENERGY          RMS            GMAX         NAME    NUMBER
     87      -3.7969E+01     3.5575E-01     1.1024E+00     O26         3

 BOND    =        2.5408  ANGLE   =       20.1324  DIHED      =       19.4030
 VDWAALS =       -4.6000  EEL     =      -17.1277  HBOND      =        0.0000
 1-4 VDW =        8.6222  1-4 EEL =      -66.9398  RESTRAINT  =        0.0000


   NSTEP       ENERGY          RMS            GMAX         NAME    NUMBER
     88      -3.7970E+01     6.7713E-01     2.6329E+00     C25         2

 BOND    =        2.5121  ANGLE   =       20.2202  DIHED      =       19.3487
 VDWAALS =       -4.5780  EEL     =      -17.1122  HBOND      =        0.0000
 1-4 VDW =        8.6110  1-4 EEL =      -66.9715  RESTRAINT  =        0.0000


   NSTEP       ENERGY          RMS            GMAX         NAME    NUMBER
     89      -3.7977E+01     2.9847E-01     1.1981E+00     C25         2

 BOND    =        2.5205  ANGLE   =       20.1756  DIHED      =       19.3752
 VDWAALS =       -4.5889  EEL     =      -17.1198  HBOND      =        0.0000
 1-4 VDW =        8.6164  1-4 EEL =      -66.9560  RESTRAINT  =        0.0000


   NSTEP       ENERGY          RMS            GMAX         NAME    NUMBER
     90      -3.7985E+01     2.5439E-01     7.3306E-01     C16        19

 BOND    =        2.5236  ANGLE   =       20.1764  DIHED      =       19.3535
 VDWAALS =       -4.5789  EEL     =      -17.1162  HBOND      =        0.0000
 1-4 VDW =        8.6184  1-4 EEL =      -66.9618  RESTRAINT  =        0.0000


   NSTEP       ENERGY          RMS            GMAX         NAME    NUMBER
     91      -3.7987E+01     3.9835E-01     1.7032E+00     C16        19

 BOND    =        2.5298  ANGLE   =       20.1779  DIHED      =       19.3349
 VDWAALS =       -4.5701  EEL     =      -17.1132  HBOND      =        0.0000
 1-4 VDW =        8.6202  1-4 EEL =      -66.9668  RESTRAINT  =        0.0000


   NSTEP       ENERGY          RMS            GMAX         NAME    NUMBER
     92      -3.8002E+01     3.2966E-01     9.4085E-01     O27         1

 BOND    =        2.5026  ANGLE   =       20.1998  DIHED      =       19.2896
 VDWAALS =       -4.5505  EEL     =      -17.1085  HBOND      =        0.0000
 1-4 VDW =        8.6242  1-4 EEL =      -66.9595  RESTRAINT  =        0.0000


   NSTEP       ENERGY          RMS            GMAX         NAME    NUMBER
     93      -3.8006E+01     5.0237E-01     1.7650E+00     C17        20

 BOND    =        2.4853  ANGLE   =       20.2198  DIHED      =       19.2535
 VDWAALS =       -4.5344  EEL     =      -17.1047  HBOND      =        0.0000
 1-4 VDW =        8.6275  1-4 EEL =      -66.9533  RESTRAINT  =        0.0000


   NSTEP       ENERGY          RMS            GMAX         NAME    NUMBER
     94      -3.8031E+01     4.6425E-01     1.3904E+00     C2         15

 BOND    =        2.4757  ANGLE   =       20.1625  DIHED      =       19.1747
 VDWAALS =       -4.4964  EEL     =      -17.0864  HBOND      =        0.0000
 1-4 VDW =        8.6522  1-4 EEL =      -66.9129  RESTRAINT  =        0.0000


   NSTEP       ENERGY          RMS            GMAX         NAME    NUMBER
     95      -3.8033E+01     6.1442E-01     2.0461E+00     C2         15

 BOND    =        2.4762  ANGLE   =       20.1421  DIHED      =       19.1449
 VDWAALS =       -4.4814  EEL     =      -17.0792  HBOND      =        0.0000
 1-4 VDW =        8.6618  1-4 EEL =      -66.8969  RESTRAINT  =        0.0000


   NSTEP       ENERGY          RMS            GMAX         NAME    NUMBER
     96      -3.8064E+01     4.9083E-01     1.9094E+00     H243       49

 BOND    =        2.4180  ANGLE   =       20.0743  DIHED      =       19.0326
 VDWAALS =       -4.4220  EEL     =      -17.0506  HBOND      =        0.0000
 1-4 VDW =        8.7082  1-4 EEL =      -66.8249  RESTRAINT  =        0.0000


   NSTEP       ENERGY          RMS            GMAX         NAME    NUMBER
     97      -3.8066E+01     5.9083E-01     2.0261E+00     H243       49

 BOND    =        2.4073  ANGLE   =       20.0596  DIHED      =       19.0060
 VDWAALS =       -4.4074  EEL     =      -17.0437  HBOND      =        0.0000
 1-4 VDW =        8.7195  1-4 EEL =      -66.8070  RESTRAINT  =        0.0000


   NSTEP       ENERGY          RMS            GMAX         NAME    NUMBER
     98      -3.8095E+01     5.9174E-01     2.0065E+00     C1         16

 BOND    =        2.3788  ANGLE   =       19.9386  DIHED      =       18.8846
 VDWAALS =       -4.3312  EEL     =      -17.0164  HBOND      =        0.0000
 1-4 VDW =        8.7648  1-4 EEL =      -66.7140  RESTRAINT  =        0.0000


   NSTEP       ENERGY          RMS            GMAX         NAME    NUMBER
     99      -3.8095E+01     5.6155E-01     1.8813E+00     C1         16

 BOND    =        2.3794  ANGLE   =       19.9442  DIHED      =       18.8906
 VDWAALS =       -4.3351  EEL     =      -17.0178  HBOND      =        0.0000
 1-4 VDW =        8.7625  1-4 EEL =      -66.7188  RESTRAINT  =        0.0000


   NSTEP       ENERGY          RMS            GMAX         NAME    NUMBER
    100      -3.8108E+01     6.2011E-01     2.6346E+00     C4          4

 BOND    =        2.3288  ANGLE   =       19.8785  DIHED      =       18.7948
 VDWAALS =       -4.2697  EEL     =      -17.0016  HBOND      =        0.0000
 1-4 VDW =        8.7961  1-4 EEL =      -66.6354  RESTRAINT  =        0.0000


  Maximum number of minimization cycles reached.


                    FINAL RESULTS



   NSTEP       ENERGY          RMS            GMAX         NAME    NUMBER
    100      -3.8108E+01     6.2011E-01     2.6346E+00     C4          4

 BOND    =        2.3288  ANGLE   =       19.8785  DIHED      =       18.7948
 VDWAALS =       -4.2697  EEL     =      -17.0016  HBOND      =        0.0000
 1-4 VDW =        8.7961  1-4 EEL =      -66.6354  RESTRAINT  =        0.0000

--------------------------------------------------------------------------------
   5.  TIMINGS
--------------------------------------------------------------------------------

|    Read coords time           0.00 ( 0.38% of Total)
|    Fast Water setup           0.00 ( 0.01% of Total)
|                Build the list             0.00 (91.23% of List )
|                Other                      0.00 ( 8.77% of List )
|             List time                  0.00 ( 5.22% of Nonbo)
|                   Short_ene time             0.01 (98.73% of Direc)
|                   Other                      0.00 ( 1.27% of Direc)
|                Direct Ewald time          0.01 (91.37% of Ewald)
|                Force Adjust               0.00 ( 0.15% of Ewald)
|                Virial junk                0.00 ( 0.25% of Ewald)
|                Start synchronizatio       0.00 ( 0.33% of Ewald)
|                Other                      0.00 ( 7.90% of Ewald)
|             Ewald time                 0.01 (94.28% of Nonbo)
|             IPS excludes               0.00 ( 0.10% of Nonbo)
|             Other                      0.00 ( 0.39% of Nonbo)
|          Nonbond force              0.01 (61.89% of Force)
|          Bond/Angle/Dihedral        0.00 (36.73% of Force)
|          Other                      0.00 ( 1.38% of Force)
|       Force time                 0.01 (100.0% of Runmd)
|    Runmd Time                 0.01 (27.21% of Total)
|    Other                      0.04 (72.41% of Total)
| Total time                 0.05 (99.21% of ALL  )

| Number of list builds   :          1

| Highest rstack allocated:        205
| Highest istack allocated:         41
|           Job began  at 15:23:50.455  on 04/20/2016
|           Setup done at 15:23:50.461  on 04/20/2016
|           Run   done at 15:23:50.505  on 04/20/2016
|     wallclock() was called    2335 times
