
          -------------------------------------------------------
          Amber 14 SANDER                              2014
          -------------------------------------------------------

| Run on 02/04/2016 at 23:32:41

|   Executable path: sander
| Working directory: /gpfs/gpfs/project1/dacase-001/haichit/phenix_amber/run_amber_library/amber_library/i
|          Hostname: e1c056

  [-O]verwriting output

File Assignments:
|  MDIN: IDD_sander.in                                                         
| MDOUT: IDD.min_igb.out                                                       
|INPCRD: IDD.rst7                                                              
|  PARM: IDD.prmtop                                                            
|RESTRT: IDD.min_igb.rst7                                                      
|  REFC: refc                                                                  
| MDVEL: mdvel                                                                 
| MDFRC: mdfrc                                                                 
|  MDEN: mden                                                                  
| MDCRD: mdcrd                                                                 
|MDINFO: mdinfo                                                                
|  MTMD: mtmd                                                                  
|INPDIP: inpdip                                                                
|RSTDIP: rstdip                                                                
|INPTRA: inptraj                                                               


 Here is the input file:

  short minimization                                                           
 &cntrl                                                                        
   imin=1, maxcyc=100, ncyc=50, ntpr=1, cut=99., ntb=0, igb=2                  
 /                                                                             

--------------------------------------------------------------------------------
   1.  RESOURCE   USE: 
--------------------------------------------------------------------------------

| Flags:                                                                        
| New format PARM file being parsed.
| Version =    1.000 Date = 02/04/16 Time = 23:32:41
 NATOM  =      36 NTYPES =       9 NBONH =      16 MBONA  =      22
 NTHETH =      33 MTHETA =      32 NPHIH =      76 MPHIA  =      56
 NHPARM =       0 NPARM  =       0 NNB   =     202 NRES   =       1
 NBONA  =      22 NTHETA =      32 NPHIA =      56 NUMBND =      14
 NUMANG =      26 NPTRA  =      17 NATYP =      11 NPHB   =       0
 IFBOX  =       0 NMXRS  =      36 IFCAP =       0 NEXTRA =       0
 NCOPY  =       0

 Implicit solvent radii are modified Bondi radii (mbondi)                                                   

|     Memory Use     Allocated
|     Real                6312
|     Hollerith            111
|     Integer            21962
|     Max Pairs              1
|     nblistReal             0
|     nblist Int             0
|       Total              135 kbytes

| Note: 1-4 EEL scale factors are being read from the topology file.

| Note: 1-4 VDW scale factors are being read from the topology file.
| Duplicated    0 dihedrals
| Duplicated    0 dihedrals

--------------------------------------------------------------------------------
   2.  CONTROL  DATA  FOR  THE  RUN
--------------------------------------------------------------------------------

IDD                                                                             

General flags:
     imin    =       1, nmropt  =       0

Nature and format of input:
     ntx     =       1, irest   =       0, ntrx    =       1

Nature and format of output:
     ntxo    =       1, ntpr    =       1, ntrx    =       1, ntwr    =       1
     iwrap   =       0, ntwx    =       0, ntwv    =       0, ntwe    =       0
     ioutfm  =       0, ntwprt  =       0, idecomp =       0, rbornstat=      0

Potential function:
     ntf     =       1, ntb     =       0, igb     =       2, nsnb    =      25
     ipol    =       0, gbsa    =       0, iesp    =       0
     dielc   =   1.00000, cut     =  99.00000, intdiel =   1.00000
     saltcon =   0.00000, offset  =   0.09000, gbalpha=    0.80000
     gbbeta  =   0.00000, gbgamma =   2.90912, surften =   0.00500
     rdt     =   0.00000, rgbmax  =  25.00000  extdiel =  78.50000
     alpb  =        0

Frozen or restrained atoms:
     ibelly  =       0, ntr     =       0

Energy minimization:
     maxcyc  =     100, ncyc    =      50, ntmin   =       1
     dx0     =   0.01000, drms    =   0.00010
|  INFO: Old style inpcrd file read


--------------------------------------------------------------------------------
   3.  ATOMIC COORDINATES AND VELOCITIES
--------------------------------------------------------------------------------

IDD                                                                             
 begin time read from input coords =     0.000 ps

 Number of triangulated 3-point waters found:        0

--------------------------------------------------------------------------------
   4.  RESULTS
--------------------------------------------------------------------------------



   NSTEP       ENERGY          RMS            GMAX         NAME    NUMBER
      1       2.3236E+01     1.4618E+01     6.5359E+01     C7B        19

 BOND    =        5.2447  ANGLE   =        6.8279  DIHED      =        6.3654
 VDWAALS =       -0.1988  EEL     =      -99.3298  EGB        =      -34.4692
 1-4 VDW =        8.4689  1-4 EEL =      130.3264  RESTRAINT  =        0.0000


   NSTEP       ENERGY          RMS            GMAX         NAME    NUMBER
      2       2.2500E+01     1.3713E+01     6.0696E+01     C7B        19

 BOND    =        4.7399  ANGLE   =        6.7580  DIHED      =        6.3628
 VDWAALS =       -0.2082  EEL     =      -99.3525  EGB        =      -34.5456
 1-4 VDW =        8.4461  1-4 EEL =      130.2990  RESTRAINT  =        0.0000


   NSTEP       ENERGY          RMS            GMAX         NAME    NUMBER
      3       2.1678E+01     1.2660E+01     5.5236E+01     C7B        19

 BOND    =        4.1928  ANGLE   =        6.6808  DIHED      =        6.3597
 VDWAALS =       -0.2202  EEL     =      -99.3792  EGB        =      -34.6391
 1-4 VDW =        8.4182  1-4 EEL =      130.2648  RESTRAINT  =        0.0000


   NSTEP       ENERGY          RMS            GMAX         NAME    NUMBER
      4       2.0776E+01     1.1451E+01     4.8901E+01     C7B        19

 BOND    =        3.6184  ANGLE   =        6.5966  DIHED      =        6.3561
 VDWAALS =       -0.2358  EEL     =      -99.4104  EGB        =      -34.7540
 1-4 VDW =        8.3838  1-4 EEL =      130.2216  RESTRAINT  =        0.0000


   NSTEP       ENERGY          RMS            GMAX         NAME    NUMBER
      5       1.9811E+01     1.0088E+01     4.1654E+01     C7B        19

 BOND    =        3.0436  ANGLE   =        6.5058  DIHED      =        6.3520
 VDWAALS =       -0.2565  EEL     =      -99.4465  EGB        =      -34.8959
 1-4 VDW =        8.3413  1-4 EEL =      130.1667  RESTRAINT  =        0.0000


   NSTEP       ENERGY          RMS            GMAX         NAME    NUMBER
      6       1.8806E+01     8.6010E+00     3.3561E+01     C7B        19

 BOND    =        2.5097  ANGLE   =        6.4078  DIHED      =        6.3475
 VDWAALS =       -0.2848  EEL     =      -99.4870  EGB        =      -35.0713
 1-4 VDW =        8.2885  1-4 EEL =      130.0960  RESTRAINT  =        0.0000


   NSTEP       ENERGY          RMS            GMAX         NAME    NUMBER
      7       1.7799E+01     7.0679E+00     2.4903E+01     C7B        19

 BOND    =        2.0731  ANGLE   =        6.2983  DIHED      =        6.3427
 VDWAALS =       -0.3247  EEL     =      -99.5304  EGB        =      -35.2877
 1-4 VDW =        8.2230  1-4 EEL =      130.0043  RESTRAINT  =        0.0000


   NSTEP       ENERGY          RMS            GMAX         NAME    NUMBER
      8       1.6823E+01     5.6448E+00     1.6389E+01     C7B        19

 BOND    =        1.7955  ANGLE   =        6.1650  DIHED      =        6.3381
 VDWAALS =       -0.3827  EEL     =      -99.5714  EGB        =      -35.5499
 1-4 VDW =        8.1426  1-4 EEL =      129.8855  RESTRAINT  =        0.0000


   NSTEP       ENERGY          RMS            GMAX         NAME    NUMBER
      9       1.5891E+01     4.5306E+00     1.3987E+01     H8B1       36

 BOND    =        1.7044  ANGLE   =        5.9827  DIHED      =        6.3351
 VDWAALS =       -0.4683  EEL     =      -99.5986  EGB        =      -35.8497
 1-4 VDW =        8.0485  1-4 EEL =      129.7370  RESTRAINT  =        0.0000


   NSTEP       ENERGY          RMS            GMAX         NAME    NUMBER
     10       1.4978E+01     3.7660E+00     1.2654E+01     H8B1       36

 BOND    =        1.7321  ANGLE   =        5.7232  DIHED      =        6.3359
 VDWAALS =       -0.5903  EEL     =      -99.5933  EGB        =      -36.1478
 1-4 VDW =        7.9486  1-4 EEL =      129.5692  RESTRAINT  =        0.0000


   NSTEP       ENERGY          RMS            GMAX         NAME    NUMBER
     11       1.4056E+01     3.1614E+00     1.0783E+01     H8B1       36

 BOND    =        1.7554  ANGLE   =        5.3908  DIHED      =        6.3424
 VDWAALS =       -0.7484  EEL     =      -99.5433  EGB        =      -36.3939
 1-4 VDW =        7.8485  1-4 EEL =      129.4043  RESTRAINT  =        0.0000


   NSTEP       ENERGY          RMS            GMAX         NAME    NUMBER
     12       1.3135E+01     2.5971E+00     8.8815E+00     H8B1       36

 BOND    =        1.7538  ANGLE   =        5.0441  DIHED      =        6.3534
 VDWAALS =       -0.9337  EEL     =      -99.4539  EGB        =      -36.6028
 1-4 VDW =        7.7284  1-4 EEL =      129.2460  RESTRAINT  =        0.0000


   NSTEP       ENERGY          RMS            GMAX         NAME    NUMBER
     13       1.2244E+01     2.0577E+00     7.1488E+00     H8B1       36

 BOND    =        1.7964  ANGLE   =        4.7444  DIHED      =        6.3693
 VDWAALS =       -1.1330  EEL     =      -99.3434  EGB        =      -36.8489
 1-4 VDW =        7.5728  1-4 EEL =      129.0860  RESTRAINT  =        0.0000


   NSTEP       ENERGY          RMS            GMAX         NAME    NUMBER
     14       1.1423E+01     1.5915E+00     5.2813E+00     H8B1       36

 BOND    =        1.9233  ANGLE   =        4.4858  DIHED      =        6.3937
 VDWAALS =       -1.3418  EEL     =      -99.2261  EGB        =      -37.1344
 1-4 VDW =        7.3870  1-4 EEL =      128.9355  RESTRAINT  =        0.0000


   NSTEP       ENERGY          RMS            GMAX         NAME    NUMBER
     15       1.0932E+01     3.4382E+00     1.0960E+01     C1B         7

 BOND    =        2.2317  ANGLE   =        4.4479  DIHED      =        6.4266
 VDWAALS =       -1.5456  EEL     =      -99.0427  EGB        =      -37.4885
 1-4 VDW =        7.1238  1-4 EEL =      128.7791  RESTRAINT  =        0.0000


   NSTEP       ENERGY          RMS            GMAX         NAME    NUMBER
     16       1.3940E+01     1.3515E+01     4.6423E+01     C1B         7

 BOND    =        5.1345  ANGLE   =        4.7194  DIHED      =        6.4454
 VDWAALS =       -1.6076  EEL     =      -99.2083  EGB        =      -37.5502
 1-4 VDW =        7.1918  1-4 EEL =      128.8155  RESTRAINT  =        0.0000


   NSTEP       ENERGY          RMS            GMAX         NAME    NUMBER
     17       1.0913E+01     4.7169E+00     1.7534E+01     C1B         7

 BOND    =        2.6469  ANGLE   =        4.2312  DIHED      =        6.4454
 VDWAALS =       -1.6213  EEL     =      -99.0973  EGB        =      -37.5805
 1-4 VDW =        7.1023  1-4 EEL =      128.7861  RESTRAINT  =        0.0000


   NSTEP       ENERGY          RMS            GMAX         NAME    NUMBER
     18       1.1048E+01     5.7839E+00     1.9225E+01     C1B         7

 BOND    =        2.6115  ANGLE   =        4.5178  DIHED      =        6.4484
 VDWAALS =       -1.6452  EEL     =      -98.9494  EGB        =      -37.6566
 1-4 VDW =        6.9875  1-4 EEL =      128.7339  RESTRAINT  =        0.0000


   NSTEP       ENERGY          RMS            GMAX         NAME    NUMBER
     19       1.0414E+01     9.9191E-01     2.6893E+00     HO61       35

 BOND    =        2.2950  ANGLE   =        4.2350  DIHED      =        6.4500
 VDWAALS =       -1.6496  EEL     =      -99.0099  EGB        =      -37.6633
 1-4 VDW =        7.0110  1-4 EEL =      128.7461  RESTRAINT  =        0.0000


   NSTEP       ENERGY          RMS            GMAX         NAME    NUMBER
     20       1.0398E+01     2.7555E+00     1.1671E+01     C1B         7

 BOND    =        2.5703  ANGLE   =        4.1509  DIHED      =        6.4651
 VDWAALS =       -1.7124  EEL     =      -99.0237  EGB        =      -37.7529
 1-4 VDW =        6.9489  1-4 EEL =      128.7515  RESTRAINT  =        0.0000


   NSTEP       ENERGY          RMS            GMAX         NAME    NUMBER
     21       1.0575E+01     4.3980E+00     1.7604E+01     C1B         7

 BOND    =        2.6056  ANGLE   =        4.3628  DIHED      =        6.4678
 VDWAALS =       -1.7197  EEL     =      -98.8992  EGB        =      -37.8124
 1-4 VDW =        6.8809  1-4 EEL =      128.6891  RESTRAINT  =        0.0000


   NSTEP       ENERGY          RMS            GMAX         NAME    NUMBER
     22       1.0202E+01     9.9670E-01     2.8706E+00     C1B         7

 BOND    =        2.4545  ANGLE   =        4.1736  DIHED      =        6.4689
 VDWAALS =       -1.7292  EEL     =      -98.9614  EGB        =      -37.8171
 1-4 VDW =        6.8940  1-4 EEL =      128.7191  RESTRAINT  =        0.0000


   NSTEP       ENERGY          RMS            GMAX         NAME    NUMBER
     23       1.0241E+01     2.4647E+00     1.0756E+01     C1B         7

 BOND    =        2.6376  ANGLE   =        4.1403  DIHED      =        6.4773
 VDWAALS =       -1.7653  EEL     =      -98.9830  EGB        =      -37.8511
 1-4 VDW =        6.8547  1-4 EEL =      128.7302  RESTRAINT  =        0.0000


   NSTEP       ENERGY          RMS            GMAX         NAME    NUMBER
     24       1.0113E+01     6.9301E-01     1.8249E+00     C1B         7

 BOND    =        2.5167  ANGLE   =        4.1469  DIHED      =        6.4779
 VDWAALS =       -1.7659  EEL     =      -98.9538  EGB        =      -37.8703
 1-4 VDW =        6.8442  1-4 EEL =      128.7178  RESTRAINT  =        0.0000


   NSTEP       ENERGY          RMS            GMAX         NAME    NUMBER
     25       1.0084E+01     1.0920E+00     3.5783E+00     C1B         7

 BOND    =        2.5833  ANGLE   =        4.1327  DIHED      =        6.4812
 VDWAALS =       -1.7806  EEL     =      -98.9345  EGB        =      -37.9205
 1-4 VDW =        6.8141  1-4 EEL =      128.7079  RESTRAINT  =        0.0000


   NSTEP       ENERGY          RMS            GMAX         NAME    NUMBER
     26       1.0086E+01     1.6399E+00     6.9100E+00     C1B         7

 BOND    =        2.6403  ANGLE   =        4.1368  DIHED      =        6.4860
 VDWAALS =       -1.8043  EEL     =      -98.9470  EGB        =      -37.9266
 1-4 VDW =        6.7830  1-4 EEL =      128.7181  RESTRAINT  =        0.0000


   NSTEP       ENERGY          RMS            GMAX         NAME    NUMBER
     27       1.0025E+01     5.2105E-01     1.4444E+00     HO61       35

 BOND    =        2.5977  ANGLE   =        4.1273  DIHED      =        6.4865
 VDWAALS =       -1.8034  EEL     =      -98.9318  EGB        =      -37.9443
 1-4 VDW =        6.7825  1-4 EEL =      128.7108  RESTRAINT  =        0.0000


   NSTEP       ENERGY          RMS            GMAX         NAME    NUMBER
     28       9.9968E+00     6.3250E-01     1.6938E+00     C8B        20

 BOND    =        2.6484  ANGLE   =        4.1101  DIHED      =        6.4889
 VDWAALS =       -1.8158  EEL     =      -98.9243  EGB        =      -37.9791
 1-4 VDW =        6.7604  1-4 EEL =      128.7082  RESTRAINT  =        0.0000


   NSTEP       ENERGY          RMS            GMAX         NAME    NUMBER
     29       9.9869E+00     1.0820E+00     3.4726E+00     C8B        20

 BOND    =        2.6698  ANGLE   =        4.1318  DIHED      =        6.4932
 VDWAALS =       -1.8364  EEL     =      -98.9172  EGB        =      -37.9921
 1-4 VDW =        6.7276  1-4 EEL =      128.7104  RESTRAINT  =        0.0000


   NSTEP       ENERGY          RMS            GMAX         NAME    NUMBER
     30       9.9837E+00     1.3359E+00     4.8412E+00     C8B        20

 BOND    =        2.7350  ANGLE   =        4.0889  DIHED      =        6.4935
 VDWAALS =       -1.8344  EEL     =      -98.9137  EGB        =      -38.0277
 1-4 VDW =        6.7349  1-4 EEL =      128.7071  RESTRAINT  =        0.0000


   NSTEP       ENERGY          RMS            GMAX         NAME    NUMBER
     31       9.9863E+00     1.6074E+00     5.8777E+00     C8B        20

 BOND    =        2.7280  ANGLE   =        4.1441  DIHED      =        6.4959
 VDWAALS =       -1.8560  EEL     =      -98.9084  EGB        =      -38.0181
 1-4 VDW =        6.6900  1-4 EEL =      128.7108  RESTRAINT  =        0.0000


   NSTEP       ENERGY          RMS            GMAX         NAME    NUMBER
     32       9.9281E+00     3.9588E-01     1.1897E+00     H6B1       30

 BOND    =        2.7118  ANGLE   =        4.1037  DIHED      =        6.4963
 VDWAALS =       -1.8523  EEL     =      -98.9084  EGB        =      -38.0363
 1-4 VDW =        6.7033  1-4 EEL =      128.7100  RESTRAINT  =        0.0000


   NSTEP       ENERGY          RMS            GMAX         NAME    NUMBER
     33       9.9066E+00     5.9385E-01     1.5663E+00     C1B         7

 BOND    =        2.7503  ANGLE   =        4.0975  DIHED      =        6.4985
 VDWAALS =       -1.8644  EEL     =      -98.8981  EGB        =      -38.0669
 1-4 VDW =        6.6815  1-4 EEL =      128.7082  RESTRAINT  =        0.0000


   NSTEP       ENERGY          RMS            GMAX         NAME    NUMBER
     34       9.9222E+00     1.4140E+00     4.8970E+00     C1B         7

 BOND    =        2.8088  ANGLE   =        4.0985  DIHED      =        6.5010
 VDWAALS =       -1.8829  EEL     =      -98.9070  EGB        =      -38.0767
 1-4 VDW =        6.6592  1-4 EEL =      128.7213  RESTRAINT  =        0.0000


   NSTEP       ENERGY          RMS            GMAX         NAME    NUMBER
     35       9.8825E+00     4.2202E-01     1.1543E+00     C1          1

 BOND    =        2.7717  ANGLE   =        4.0972  DIHED      =        6.5011
 VDWAALS =       -1.8803  EEL     =      -98.8946  EGB        =      -38.0845
 1-4 VDW =        6.6589  1-4 EEL =      128.7129  RESTRAINT  =        0.0000


   NSTEP       ENERGY          RMS            GMAX         NAME    NUMBER
     36       9.8751E+00     6.4202E-01     1.9081E+00     C1          1

 BOND    =        2.8035  ANGLE   =        4.0863  DIHED      =        6.5014
 VDWAALS =       -1.8848  EEL     =      -98.8917  EGB        =      -38.1047
 1-4 VDW =        6.6512  1-4 EEL =      128.7139  RESTRAINT  =        0.0000


   NSTEP       ENERGY          RMS            GMAX         NAME    NUMBER
     37       9.8726E+00     8.4306E-01     2.9830E+00     C1          1

 BOND    =        2.8098  ANGLE   =        4.0984  DIHED      =        6.5030
 VDWAALS =       -1.8959  EEL     =      -98.8881  EGB        =      -38.1052
 1-4 VDW =        6.6343  1-4 EEL =      128.7164  RESTRAINT  =        0.0000


   NSTEP       ENERGY          RMS            GMAX         NAME    NUMBER
     38       9.8709E+00     9.9352E-01     3.3212E+00     C1          1

 BOND    =        2.8369  ANGLE   =        4.0844  DIHED      =        6.5029
 VDWAALS =       -1.8946  EEL     =      -98.8857  EGB        =      -38.1262
 1-4 VDW =        6.6369  1-4 EEL =      128.7163  RESTRAINT  =        0.0000


   NSTEP       ENERGY          RMS            GMAX         NAME    NUMBER
     39       9.8752E+00     1.2398E+00     4.5386E+00     C4          4

 BOND    =        2.8480  ANGLE   =        4.0965  DIHED      =        6.5038
 VDWAALS =       -1.9065  EEL     =      -98.8844  EGB        =      -38.1203
 1-4 VDW =        6.6186  1-4 EEL =      128.7195  RESTRAINT  =        0.0000


   NSTEP       ENERGY          RMS            GMAX         NAME    NUMBER
     40       9.8417E+00     2.9342E-01     8.9560E-01     H6B1       30

 BOND    =        2.8281  ANGLE   =        4.0882  DIHED      =        6.5039
 VDWAALS =       -1.9054  EEL     =      -98.8825  EGB        =      -38.1302
 1-4 VDW =        6.6201  1-4 EEL =      128.7195  RESTRAINT  =        0.0000


   NSTEP       ENERGY          RMS            GMAX         NAME    NUMBER
     41       9.8329E+00     5.3657E-01     1.8958E+00     C8B        20

 BOND    =        2.8590  ANGLE   =        4.0755  DIHED      =        6.5046
 VDWAALS =       -1.9113  EEL     =      -98.8780  EGB        =      -38.1506
 1-4 VDW =        6.6132  1-4 EEL =      128.7206  RESTRAINT  =        0.0000


   NSTEP       ENERGY          RMS            GMAX         NAME    NUMBER
     42       9.8418E+00     1.0496E+00     3.9253E+00     C2          2

 BOND    =        2.8687  ANGLE   =        4.1011  DIHED      =        6.5052
 VDWAALS =       -1.9249  EEL     =      -98.8774  EGB        =      -38.1497
 1-4 VDW =        6.5894  1-4 EEL =      128.7293  RESTRAINT  =        0.0000


   NSTEP       ENERGY          RMS            GMAX         NAME    NUMBER
     43       9.8197E+00     3.1186E-01     7.9884E-01     HO61       35

 BOND    =        2.8601  ANGLE   =        4.0857  DIHED      =        6.5053
 VDWAALS =       -1.9218  EEL     =      -98.8739  EGB        =      -38.1568
 1-4 VDW =        6.5962  1-4 EEL =      128.7249  RESTRAINT  =        0.0000


   NSTEP       ENERGY          RMS            GMAX         NAME    NUMBER
     44       9.8158E+00     4.8396E-01     1.6700E+00     C8B        20

 BOND    =        2.8853  ANGLE   =        4.0704  DIHED      =        6.5054
 VDWAALS =       -1.9238  EEL     =      -98.8740  EGB        =      -38.1712
 1-4 VDW =        6.5963  1-4 EEL =      128.7274  RESTRAINT  =        0.0000


   NSTEP       ENERGY          RMS            GMAX         NAME    NUMBER
     45       9.8144E+00     6.2998E-01     2.2289E+00     C8B        20

 BOND    =        2.8750  ANGLE   =        4.0946  DIHED      =        6.5058
 VDWAALS =       -1.9327  EEL     =      -98.8670  EGB        =      -38.1683
 1-4 VDW =        6.5785  1-4 EEL =      128.7286  RESTRAINT  =        0.0000


   NSTEP       ENERGY          RMS            GMAX         NAME    NUMBER
     46       9.8134E+00     7.4513E-01     2.9571E+00     C8B        20

 BOND    =        2.9138  ANGLE   =        4.0591  DIHED      =        6.5058
 VDWAALS =       -1.9296  EEL     =      -98.8731  EGB        =      -38.1859
 1-4 VDW =        6.5916  1-4 EEL =      128.7316  RESTRAINT  =        0.0000


   NSTEP       ENERGY          RMS            GMAX         NAME    NUMBER
     47       9.8157E+00     9.3113E-01     3.7644E+00     C8B        20

 BOND    =        2.8833  ANGLE   =        4.1079  DIHED      =        6.5059
 VDWAALS =       -1.9406  EEL     =      -98.8593  EGB        =      -38.1761
 1-4 VDW =        6.5642  1-4 EEL =      128.7303  RESTRAINT  =        0.0000


   NSTEP       ENERGY          RMS            GMAX         NAME    NUMBER
     48       9.7969E+00     2.2564E-01     7.2664E-01     HO61       35

 BOND    =        2.8962  ANGLE   =        4.0766  DIHED      =        6.5060
 VDWAALS =       -1.9381  EEL     =      -98.8666  EGB        =      -38.1860
 1-4 VDW =        6.5752  1-4 EEL =      128.7336  RESTRAINT  =        0.0000


   NSTEP       ENERGY          RMS            GMAX         NAME    NUMBER
     49       9.7921E+00     4.1858E-01     1.2734E+00     C1B         7

 BOND    =        2.9085  ANGLE   =        4.0739  DIHED      =        6.5061
 VDWAALS =       -1.9419  EEL     =      -98.8601  EGB        =      -38.1986
 1-4 VDW =        6.5703  1-4 EEL =      128.7339  RESTRAINT  =        0.0000


   NSTEP       ENERGY          RMS            GMAX         NAME    NUMBER
     50       9.7968E+00     8.0623E-01     2.7200E+00     C1          1

 BOND    =        2.9304  ANGLE   =        4.0731  DIHED      =        6.5060
 VDWAALS =       -1.9505  EEL     =      -98.8690  EGB        =      -38.1993
 1-4 VDW =        6.5610  1-4 EEL =      128.7452  RESTRAINT  =        0.0000


   NSTEP       ENERGY          RMS            GMAX         NAME    NUMBER
     51       9.7843E+00     2.4072E-01     6.8054E-01     HO61       35

 BOND    =        2.9145  ANGLE   =        4.0746  DIHED      =        6.5062
 VDWAALS =       -1.9488  EEL     =      -98.8606  EGB        =      -38.2027
 1-4 VDW =        6.5616  1-4 EEL =      128.7395  RESTRAINT  =        0.0000


   NSTEP       ENERGY          RMS            GMAX         NAME    NUMBER
     52       9.5327E+01     6.2624E+01     2.2631E+02     C1B         7

 BOND    =       79.3094  ANGLE   =       14.3377  DIHED      =        6.6851
 VDWAALS =       -1.9943  EEL     =      -98.5722  EGB        =      -39.9428
 1-4 VDW =        6.6548  1-4 EEL =      128.8490  RESTRAINT  =        0.0000


   NSTEP       ENERGY          RMS            GMAX         NAME    NUMBER
     53       9.7814E+00     2.7063E-01     7.0109E-01     C1B         7

 BOND    =        2.9221  ANGLE   =        4.0698  DIHED      =        6.5062
 VDWAALS =       -1.9500  EEL     =      -98.8586  EGB        =      -38.2098
 1-4 VDW =        6.5613  1-4 EEL =      128.7404  RESTRAINT  =        0.0000


   NSTEP       ENERGY          RMS            GMAX         NAME    NUMBER
     54       9.7757E+00     2.5811E-01     6.4536E-01     C1B         7

 BOND    =        2.9313  ANGLE   =        4.0675  DIHED      =        6.5061
 VDWAALS =       -1.9548  EEL     =      -98.8566  EGB        =      -38.2177
 1-4 VDW =        6.5558  1-4 EEL =      128.7439  RESTRAINT  =        0.0000


   NSTEP       ENERGY          RMS            GMAX         NAME    NUMBER
     55       9.7374E+00     2.9398E-01     1.2960E+00     N1B        16

 BOND    =        3.0246  ANGLE   =        4.0528  DIHED      =        6.5073
 VDWAALS =       -1.9974  EEL     =      -98.8382  EGB        =      -38.2946
 1-4 VDW =        6.5073  1-4 EEL =      128.7757  RESTRAINT  =        0.0000


   NSTEP       ENERGY          RMS            GMAX         NAME    NUMBER
     56       9.7245E+00     5.0855E-01     2.1929E+00     N1B        16

 BOND    =        3.1369  ANGLE   =        4.0493  DIHED      =        6.5110
 VDWAALS =       -2.0385  EEL     =      -98.8203  EGB        =      -38.3816
 1-4 VDW =        6.4598  1-4 EEL =      128.8080  RESTRAINT  =        0.0000


   NSTEP       ENERGY          RMS            GMAX         NAME    NUMBER
     57       1.0203E+01     4.9870E+00     2.1443E+01     C7B        19

 BOND    =        3.4249  ANGLE   =        4.3363  DIHED      =        6.5324
 VDWAALS =       -2.1321  EEL     =      -98.6583  EGB        =      -38.4458
 1-4 VDW =        6.3212  1-4 EEL =      128.8240  RESTRAINT  =        0.0000


   NSTEP       ENERGY          RMS            GMAX         NAME    NUMBER
     58       9.7191E+00     1.4785E-01     8.8588E-01     HO61       35

 BOND    =        3.1243  ANGLE   =        4.0650  DIHED      =        6.5125
 VDWAALS =       -2.0479  EEL     =      -98.8046  EGB        =      -38.3858
 1-4 VDW =        6.4460  1-4 EEL =      128.8095  RESTRAINT  =        0.0000


   NSTEP       ENERGY          RMS            GMAX         NAME    NUMBER
     59       9.7182E+00     1.2949E-01     6.9577E-01     HO61       35

 BOND    =        3.1141  ANGLE   =        4.0641  DIHED      =        6.5126
 VDWAALS =       -2.0487  EEL     =      -98.8037  EGB        =      -38.3788
 1-4 VDW =        6.4472  1-4 EEL =      128.8115  RESTRAINT  =        0.0000


   NSTEP       ENERGY          RMS            GMAX         NAME    NUMBER
     60       9.7169E+00     2.6695E-01     9.2197E-01     C1          1

 BOND    =        3.0779  ANGLE   =        4.0611  DIHED      =        6.5129
 VDWAALS =       -2.0517  EEL     =      -98.8006  EGB        =      -38.3531
 1-4 VDW =        6.4516  1-4 EEL =      128.8188  RESTRAINT  =        0.0000


   NSTEP       ENERGY          RMS            GMAX         NAME    NUMBER
     61       9.7129E+00     2.3610E-01     1.2612E+00     O6B        17

 BOND    =        3.0487  ANGLE   =        4.0549  DIHED      =        6.5121
 VDWAALS =       -2.0527  EEL     =      -98.7984  EGB        =      -38.3371
 1-4 VDW =        6.4590  1-4 EEL =      128.8264  RESTRAINT  =        0.0000


   NSTEP       ENERGY          RMS            GMAX         NAME    NUMBER
     62       9.7062E+00     5.1553E-01     2.4737E+00     O6B        17

 BOND    =        2.9487  ANGLE   =        4.0334  DIHED      =        6.5100
 VDWAALS =       -2.0564  EEL     =      -98.7899  EGB        =      -38.2807
 1-4 VDW =        6.4866  1-4 EEL =      128.8546  RESTRAINT  =        0.0000


   NSTEP       ENERGY          RMS            GMAX         NAME    NUMBER
     63       9.6913E+00     2.7702E-01     1.3649E+00     O6B        17

 BOND    =        2.9193  ANGLE   =        4.0056  DIHED      =        6.5072
 VDWAALS =       -2.0580  EEL     =      -98.7927  EGB        =      -38.2976
 1-4 VDW =        6.5194  1-4 EEL =      128.8882  RESTRAINT  =        0.0000


   NSTEP       ENERGY          RMS            GMAX         NAME    NUMBER
     64       9.6887E+00     3.4045E-01     1.4108E+00     C3          3

 BOND    =        2.9074  ANGLE   =        3.9901  DIHED      =        6.5066
 VDWAALS =       -2.0591  EEL     =      -98.7943  EGB        =      -38.3127
 1-4 VDW =        6.5408  1-4 EEL =      128.9099  RESTRAINT  =        0.0000


   NSTEP       ENERGY          RMS            GMAX         NAME    NUMBER
     65       9.6866E+00     3.4982E-01     1.2830E+00     C3          3

 BOND    =        2.9567  ANGLE   =        3.9554  DIHED      =        6.5118
 VDWAALS =       -2.0585  EEL     =      -98.7956  EGB        =      -38.3810
 1-4 VDW =        6.5791  1-4 EEL =      128.9186  RESTRAINT  =        0.0000


   NSTEP       ENERGY          RMS            GMAX         NAME    NUMBER
     66       9.6844E+00     1.6406E-01     5.8659E-01     O6B        17

 BOND    =        2.9333  ANGLE   =        3.9692  DIHED      =        6.5095
 VDWAALS =       -2.0588  EEL     =      -98.7951  EGB        =      -38.3521
 1-4 VDW =        6.5633  1-4 EEL =      128.9150  RESTRAINT  =        0.0000


   NSTEP       ENERGY          RMS            GMAX         NAME    NUMBER
     67       9.6828E+00     1.1855E-01     2.8216E-01     H6B1       30

 BOND    =        2.9228  ANGLE   =        3.9695  DIHED      =        6.5114
 VDWAALS =       -2.0601  EEL     =      -98.7975  EGB        =      -38.3455
 1-4 VDW =        6.5655  1-4 EEL =      128.9166  RESTRAINT  =        0.0000


   NSTEP       ENERGY          RMS            GMAX         NAME    NUMBER
     68       9.6822E+00     1.7120E-01     4.4912E-01     C6B        12

 BOND    =        2.9120  ANGLE   =        3.9700  DIHED      =        6.5137
 VDWAALS =       -2.0615  EEL     =      -98.8002  EGB        =      -38.3382
 1-4 VDW =        6.5679  1-4 EEL =      128.9184  RESTRAINT  =        0.0000


   NSTEP       ENERGY          RMS            GMAX         NAME    NUMBER
     69       9.6795E+00     1.9978E-01     6.5819E-01     C5B        11

 BOND    =        2.9336  ANGLE   =        3.9641  DIHED      =        6.5177
 VDWAALS =       -2.0640  EEL     =      -98.8058  EGB        =      -38.3530
 1-4 VDW =        6.5655  1-4 EEL =      128.9214  RESTRAINT  =        0.0000


   NSTEP       ENERGY          RMS            GMAX         NAME    NUMBER
     70       9.6793E+00     2.5277E-01     8.4446E-01     C5B        11

 BOND    =        2.9403  ANGLE   =        3.9626  DIHED      =        6.5189
 VDWAALS =       -2.0648  EEL     =      -98.8074  EGB        =      -38.3575
 1-4 VDW =        6.5648  1-4 EEL =      128.9223  RESTRAINT  =        0.0000


   NSTEP       ENERGY          RMS            GMAX         NAME    NUMBER
     71       9.6752E+00     1.8840E-01     6.5260E-01     H6B1       30

 BOND    =        2.9692  ANGLE   =        3.9517  DIHED      =        6.5258
 VDWAALS =       -2.0678  EEL     =      -98.8132  EGB        =      -38.3776
 1-4 VDW =        6.5619  1-4 EEL =      128.9251  RESTRAINT  =        0.0000


   NSTEP       ENERGY          RMS            GMAX         NAME    NUMBER
     72       9.6744E+00     2.6852E-01     7.5170E-01     O6B        17

 BOND    =        2.9919  ANGLE   =        3.9445  DIHED      =        6.5310
 VDWAALS =       -2.0699  EEL     =      -98.8173  EGB        =      -38.3928
 1-4 VDW =        6.5599  1-4 EEL =      128.9271  RESTRAINT  =        0.0000


   NSTEP       ENERGY          RMS            GMAX         NAME    NUMBER
     73       9.6705E+00     2.3519E-01     7.7916E-01     C2B         8

 BOND    =        2.9621  ANGLE   =        3.9641  DIHED      =        6.5493
 VDWAALS =       -2.0815  EEL     =      -98.8239  EGB        =      -38.3908
 1-4 VDW =        6.5560  1-4 EEL =      128.9351  RESTRAINT  =        0.0000


   NSTEP       ENERGY          RMS            GMAX         NAME    NUMBER
     74       9.6703E+00     1.8510E-01     5.8889E-01     C5B        11

 BOND    =        2.9669  ANGLE   =        3.9602  DIHED      =        6.5458
 VDWAALS =       -2.0794  EEL     =      -98.8227  EGB        =      -38.3909
 1-4 VDW =        6.5567  1-4 EEL =      128.9337  RESTRAINT  =        0.0000


   NSTEP       ENERGY          RMS            GMAX         NAME    NUMBER
     75       9.6686E+00     1.5910E-01     4.9804E-01     C5          5

 BOND    =        2.9722  ANGLE   =        3.9504  DIHED      =        6.5556
 VDWAALS =       -2.0837  EEL     =      -98.8273  EGB        =      -38.3960
 1-4 VDW =        6.5644  1-4 EEL =      128.9331  RESTRAINT  =        0.0000


   NSTEP       ENERGY          RMS            GMAX         NAME    NUMBER
     76       9.6681E+00     1.5720E-01     5.6926E-01     C5          5

 BOND    =        2.9705  ANGLE   =        3.9551  DIHED      =        6.5560
 VDWAALS =       -2.0849  EEL     =      -98.8317  EGB        =      -38.3948
 1-4 VDW =        6.5618  1-4 EEL =      128.9362  RESTRAINT  =        0.0000


   NSTEP       ENERGY          RMS            GMAX         NAME    NUMBER
     77       9.6684E+00     2.5504E-01     8.9213E-01     C1B         7

 BOND    =        2.9719  ANGLE   =        3.9464  DIHED      =        6.5569
 VDWAALS =       -2.0836  EEL     =      -98.8288  EGB        =      -38.3932
 1-4 VDW =        6.5655  1-4 EEL =      128.9334  RESTRAINT  =        0.0000


   NSTEP       ENERGY          RMS            GMAX         NAME    NUMBER
     78       9.6673E+00     6.6363E-02     1.4684E-01     C5          5

 BOND    =        2.9669  ANGLE   =        3.9505  DIHED      =        6.5569
 VDWAALS =       -2.0844  EEL     =      -98.8321  EGB        =      -38.3909
 1-4 VDW =        6.5643  1-4 EEL =      128.9361  RESTRAINT  =        0.0000


   NSTEP       ENERGY          RMS            GMAX         NAME    NUMBER
     79       9.6670E+00     1.1023E-01     4.0347E-01     C1B         7

 BOND    =        2.9632  ANGLE   =        3.9529  DIHED      =        6.5572
 VDWAALS =       -2.0849  EEL     =      -98.8363  EGB        =      -38.3873
 1-4 VDW =        6.5632  1-4 EEL =      128.9389  RESTRAINT  =        0.0000


   NSTEP       ENERGY          RMS            GMAX         NAME    NUMBER
     80       8.8709E+02     2.1684E+02     8.7662E+02     C5          5

 BOND    =      721.3177  ANGLE   =      154.2801  DIHED      =        7.5909
 VDWAALS =       -0.1044  EEL     =      -97.8158  EGB        =      -38.5427
 1-4 VDW =       12.8599  1-4 EEL =      127.5055  RESTRAINT  =        0.0000


   NSTEP       ENERGY          RMS            GMAX         NAME    NUMBER
     81       9.6667E+00     5.3632E-02     1.1714E-01     H8B1       36

 BOND    =        2.9642  ANGLE   =        3.9501  DIHED      =        6.5574
 VDWAALS =       -2.0844  EEL     =      -98.8358  EGB        =      -38.3868
 1-4 VDW =        6.5641  1-4 EEL =      128.9380  RESTRAINT  =        0.0000


   NSTEP       ENERGY          RMS            GMAX         NAME    NUMBER
     82       9.6666E+00     4.9822E-02     1.0803E-01     H8B1       36

 BOND    =        2.9633  ANGLE   =        3.9499  DIHED      =        6.5575
 VDWAALS =       -2.0844  EEL     =      -98.8371  EGB        =      -38.3853
 1-4 VDW =        6.5641  1-4 EEL =      128.9385  RESTRAINT  =        0.0000


   NSTEP       ENERGY          RMS            GMAX         NAME    NUMBER
     83       9.6662E+00     1.3449E-01     5.1835E-01     C3          3

 BOND    =        2.9573  ANGLE   =        3.9487  DIHED      =        6.5584
 VDWAALS =       -2.0843  EEL     =      -98.8457  EGB        =      -38.3747
 1-4 VDW =        6.5641  1-4 EEL =      128.9422  RESTRAINT  =        0.0000


   NSTEP       ENERGY          RMS            GMAX         NAME    NUMBER
     84       9.6653E+00     7.8361E-02     2.9531E-01     C3          3

 BOND    =        2.9533  ANGLE   =        3.9485  DIHED      =        6.5594
 VDWAALS =       -2.0841  EEL     =      -98.8551  EGB        =      -38.3647
 1-4 VDW =        6.5625  1-4 EEL =      128.9454  RESTRAINT  =        0.0000


   NSTEP       ENERGY          RMS            GMAX         NAME    NUMBER
     85       9.6649E+00     5.2889E-02     1.6522E-01     C6B        12

 BOND    =        2.9486  ANGLE   =        3.9486  DIHED      =        6.5607
 VDWAALS =       -2.0838  EEL     =      -98.8670  EGB        =      -38.3521
 1-4 VDW =        6.5604  1-4 EEL =      128.9494  RESTRAINT  =        0.0000


   NSTEP       ENERGY          RMS            GMAX         NAME    NUMBER
     86       9.6647E+00     6.9001E-02     2.7799E-01     C7B        19

 BOND    =        2.9596  ANGLE   =        3.9509  DIHED      =        6.5608
 VDWAALS =       -2.0837  EEL     =      -98.8705  EGB        =      -38.3569
 1-4 VDW =        6.5570  1-4 EEL =      128.9477  RESTRAINT  =        0.0000


   NSTEP       ENERGY          RMS            GMAX         NAME    NUMBER
     87       9.6647E+00     5.6797E-02     2.1538E-01     C7B        19

 BOND    =        2.9578  ANGLE   =        3.9505  DIHED      =        6.5608
 VDWAALS =       -2.0837  EEL     =      -98.8700  EGB        =      -38.3561
 1-4 VDW =        6.5575  1-4 EEL =      128.9480  RESTRAINT  =        0.0000


   NSTEP       ENERGY          RMS            GMAX         NAME    NUMBER
     88       9.6645E+00     4.7727E-02     1.4037E-01     C6B        12

 BOND    =        2.9659  ANGLE   =        3.9508  DIHED      =        6.5610
 VDWAALS =       -2.0840  EEL     =      -98.8718  EGB        =      -38.3584
 1-4 VDW =        6.5556  1-4 EEL =      128.9454  RESTRAINT  =        0.0000


   NSTEP       ENERGY          RMS            GMAX         NAME    NUMBER
     89       9.6644E+00     7.8076E-02     3.2045E-01     C7B        19

 BOND    =        2.9749  ANGLE   =        3.9511  DIHED      =        6.5613
 VDWAALS =       -2.0843  EEL     =      -98.8737  EGB        =      -38.3608
 1-4 VDW =        6.5534  1-4 EEL =      128.9425  RESTRAINT  =        0.0000


   NSTEP       ENERGY          RMS            GMAX         NAME    NUMBER
     90       9.6642E+00     7.1943E-02     2.0654E-01     N1B        16

 BOND    =        2.9755  ANGLE   =        3.9621  DIHED      =        6.5624
 VDWAALS =       -2.0862  EEL     =      -98.8763  EGB        =      -38.3587
 1-4 VDW =        6.5477  1-4 EEL =      128.9377  RESTRAINT  =        0.0000


   NSTEP       ENERGY          RMS            GMAX         NAME    NUMBER
     91       9.6641E+00     4.3016E-02     1.4271E-01     H8B1       36

 BOND    =        2.9752  ANGLE   =        3.9586  DIHED      =        6.5621
 VDWAALS =       -2.0856  EEL     =      -98.8755  EGB        =      -38.3594
 1-4 VDW =        6.5495  1-4 EEL =      128.9392  RESTRAINT  =        0.0000


   NSTEP       ENERGY          RMS            GMAX         NAME    NUMBER
     92       9.6640E+00     3.7708E-02     1.3859E-01     O6B        17

 BOND    =        2.9745  ANGLE   =        3.9594  DIHED      =        6.5630
 VDWAALS =       -2.0860  EEL     =      -98.8757  EGB        =      -38.3596
 1-4 VDW =        6.5497  1-4 EEL =      128.9388  RESTRAINT  =        0.0000


   NSTEP       ENERGY          RMS            GMAX         NAME    NUMBER
     93       9.6640E+00     6.1522E-02     2.4643E-01     C5          5

 BOND    =        2.9739  ANGLE   =        3.9601  DIHED      =        6.5638
 VDWAALS =       -2.0864  EEL     =      -98.8759  EGB        =      -38.3598
 1-4 VDW =        6.5499  1-4 EEL =      128.9383  RESTRAINT  =        0.0000


   NSTEP       ENERGY          RMS            GMAX         NAME    NUMBER
     94       9.6637E+00     4.0699E-02     1.0162E-01     O6B        17

 BOND    =        2.9752  ANGLE   =        3.9598  DIHED      =        6.5663
 VDWAALS =       -2.0872  EEL     =      -98.8754  EGB        =      -38.3618
 1-4 VDW =        6.5503  1-4 EEL =      128.9365  RESTRAINT  =        0.0000


   NSTEP       ENERGY          RMS            GMAX         NAME    NUMBER
     95       9.6637E+00     5.3746E-02     1.6438E-01     N1B        16

 BOND    =        2.9765  ANGLE   =        3.9597  DIHED      =        6.5686
 VDWAALS =       -2.0879  EEL     =      -98.8749  EGB        =      -38.3637
 1-4 VDW =        6.5507  1-4 EEL =      128.9348  RESTRAINT  =        0.0000


   NSTEP       ENERGY          RMS            GMAX         NAME    NUMBER
     96       9.6637E+00     9.4142E-02     3.0714E-01     C8B        20

 BOND    =        2.9798  ANGLE   =        3.9582  DIHED      =        6.5726
 VDWAALS =       -2.0888  EEL     =      -98.8747  EGB        =      -38.3650
 1-4 VDW =        6.5490  1-4 EEL =      128.9325  RESTRAINT  =        0.0000


   NSTEP       ENERGY          RMS            GMAX         NAME    NUMBER
     97       9.6636E+00     3.8139E-02     1.1888E-01     H6B2       31

 BOND    =        2.9781  ANGLE   =        3.9589  DIHED      =        6.5706
 VDWAALS =       -2.0883  EEL     =      -98.8748  EGB        =      -38.3644
 1-4 VDW =        6.5499  1-4 EEL =      128.9337  RESTRAINT  =        0.0000


   NSTEP       ENERGY          RMS            GMAX         NAME    NUMBER
     98       9.6635E+00     3.0625E-02     9.7955E-02     H6B2       31

 BOND    =        2.9798  ANGLE   =        3.9575  DIHED      =        6.5714
 VDWAALS =       -2.0880  EEL     =      -98.8768  EGB        =      -38.3637
 1-4 VDW =        6.5494  1-4 EEL =      128.9339  RESTRAINT  =        0.0000


   NSTEP       ENERGY          RMS            GMAX         NAME    NUMBER
     99       9.6634E+00     4.6063E-02     1.3295E-01     C4B        10

 BOND    =        2.9847  ANGLE   =        3.9534  DIHED      =        6.5739
 VDWAALS =       -2.0870  EEL     =      -98.8823  EGB        =      -38.3619
 1-4 VDW =        6.5481  1-4 EEL =      128.9346  RESTRAINT  =        0.0000


   NSTEP       ENERGY          RMS            GMAX         NAME    NUMBER
    100       9.6633E+00     7.8795E-02     2.2358E-01     C1B         7

 BOND    =        2.9951  ANGLE   =        3.9474  DIHED      =        6.5764
 VDWAALS =       -2.0847  EEL     =      -98.8896  EGB        =      -38.3646
 1-4 VDW =        6.5485  1-4 EEL =      128.9348  RESTRAINT  =        0.0000


  Maximum number of minimization cycles reached.


                    FINAL RESULTS



   NSTEP       ENERGY          RMS            GMAX         NAME    NUMBER
    100       9.6633E+00     7.8795E-02     2.2358E-01     C1B         7

 BOND    =        2.9951  ANGLE   =        3.9474  DIHED      =        6.5764
 VDWAALS =       -2.0847  EEL     =      -98.8896  EGB        =      -38.3646
 1-4 VDW =        6.5485  1-4 EEL =      128.9348  RESTRAINT  =        0.0000

--------------------------------------------------------------------------------
   5.  TIMINGS
--------------------------------------------------------------------------------

|    Read coords time           0.00 ( 0.39% of Total)
|    Fast Water setup           0.00 ( 0.01% of Total)
|                Calc gb radii              0.00 (28.10% of Gen B)
|                Calc gb diag               0.01 (42.86% of Gen B)
|                Calc gb off-diag           0.00 (28.85% of Gen B)
|                Other                      0.00 ( 0.19% of Gen B)
|             Gen Born time              0.02 (100.0% of Nonbo)
|             IPS excludes               0.00 ( 0.02% of Nonbo)
|          Nonbond force              0.02 (80.82% of Force)
|          Bond/Angle/Dihedral        0.00 (18.47% of Force)
|          Other                      0.00 ( 0.71% of Force)
|       Force time                 0.02 (100.0% of Runmd)
|    Runmd Time                 0.02 (45.13% of Total)
|    Other                      0.03 (54.47% of Total)
| Total time                 0.05 (99.70% of ALL  )

| Number of list builds   :          0

| Highest rstack allocated:          0
| Highest istack allocated:          0
|           Job began  at 23:32:41.502  on 02/04/2016
|           Setup done at 23:32:41.507  on 02/04/2016
|           Run   done at 23:32:41.549  on 02/04/2016
|     wallclock() was called    1828 times
