
          -------------------------------------------------------
          Amber 14 SANDER                              2014
          -------------------------------------------------------

| Run on 05/22/2015 at 14:35:35

|   Executable path: sander
| Working directory: /net/chevy/raid1/nigel/amber/library/amber_library/i
|          Hostname: chevy.lbl.gov

  [-O]verwriting output

File Assignments:
|  MDIN: sander.in                                                             
| MDOUT: IHD.min.out                                                           
|INPCRD: IHD.rst7                                                              
|  PARM: IHD.prmtop                                                            
|RESTRT: IHD.min.rst7                                                          
|  REFC: refc                                                                  
| MDVEL: mdvel                                                                 
| MDFRC: mdfrc                                                                 
|  MDEN: mden                                                                  
| MDCRD: mdcrd                                                                 
|MDINFO: mdinfo                                                                
|  MTMD: mtmd                                                                  
|INPDIP: inpdip                                                                
|RSTDIP: rstdip                                                                
|INPTRA: inptraj                                                               


 Here is the input file:

  short minimization                                                           
 &cntrl                                                                        
   imin=1, maxcyc=100, ncyc=50, ntpr=1, cut=99., ntb=0,                        
 /                                                                             

--------------------------------------------------------------------------------
   1.  RESOURCE   USE: 
--------------------------------------------------------------------------------

| Flags:                                                                        
|    NONPERIODIC   ntb=0 and igb=0: Setting up nonperiodic simulation
|  *** cutoff > system size, list only builds once
|Largest sphere to fit in unit cell has radius =    31.171
| New format PARM file being parsed.
| Version =    1.000 Date = 05/22/15 Time = 14:35:35
 NATOM  =      50 NTYPES =       4 NBONH =      33 MBONA  =      16
 NTHETH =      81 MTHETA =      15 NPHIH =     121 MPHIA  =      40
 NHPARM =       0 NPARM  =       0 NNB   =     281 NRES   =       1
 NBONA  =      16 NTHETA =      15 NPHIA =      40 NUMBND =       4
 NUMANG =       7 NPTRA  =       6 NATYP =       4 NPHB   =       0
 IFBOX  =       0 NMXRS  =      50 IFCAP =       0 NEXTRA =       0
 NCOPY  =       0


|     Memory Use     Allocated
|     Real                8288
|     Hollerith            153
|     Integer            29389
|     Max Pairs           1225
|     nblistReal           600
|     nblist Int       1144235
|       Total             4659 kbytes

| Note: 1-4 EEL scale factors are being read from the topology file.

| Note: 1-4 VDW scale factors are being read from the topology file.
| Duplicated    0 dihedrals
| Duplicated    0 dihedrals

--------------------------------------------------------------------------------
   2.  CONTROL  DATA  FOR  THE  RUN
--------------------------------------------------------------------------------

IHD                                                                             

General flags:
     imin    =       1, nmropt  =       0

Nature and format of input:
     ntx     =       1, irest   =       0, ntrx    =       1

Nature and format of output:
     ntxo    =       1, ntpr    =       1, ntrx    =       1, ntwr    =     500
     iwrap   =       0, ntwx    =       0, ntwv    =       0, ntwe    =       0
     ioutfm  =       0, ntwprt  =       0, idecomp =       0, rbornstat=      0

Potential function:
     ntf     =       1, ntb     =       0, igb     =       0, nsnb    =      25
     ipol    =       0, gbsa    =       0, iesp    =       0
     dielc   =   1.00000, cut     =  99.00000, intdiel =   1.00000

Frozen or restrained atoms:
     ibelly  =       0, ntr     =       0

Energy minimization:
     maxcyc  =     100, ncyc    =      50, ntmin   =       1
     dx0     =   0.01000, drms    =   0.00010
|  INFO: Old style inpcrd file read


--------------------------------------------------------------------------------
   3.  ATOMIC COORDINATES AND VELOCITIES
--------------------------------------------------------------------------------

IHD                                                                             
 begin time read from input coords =     0.000 ps

 Number of triangulated 3-point waters found:        0

     Sum of charges from parm topology file =   0.00200000
     Forcing neutrality...

--------------------------------------------------------------------------------
   4.  RESULTS
--------------------------------------------------------------------------------

 ---------------------------------------------------

     eedmeth=4: Setting switch to one everywhere

 ---------------------------------------------------
| Local SIZE OF NONBOND LIST =        945
| TOTAL SIZE OF NONBOND LIST =        945


   NSTEP       ENERGY          RMS            GMAX         NAME    NUMBER
      1       2.5030E+01     1.7526E+01     5.6444E+01     C2         16

 BOND    =       13.5997  ANGLE   =        0.7398  DIHED      =        5.2646
 VDWAALS =       -2.0676  EEL     =        4.0718  HBOND      =        0.0000
 1-4 VDW =        6.1903  1-4 EEL =       -2.7686  RESTRAINT  =        0.0000


   NSTEP       ENERGY          RMS            GMAX         NAME    NUMBER
      2       2.3983E+01     1.6679E+01     5.4264E+01     C2         16

 BOND    =       12.6288  ANGLE   =        0.6451  DIHED      =        5.2590
 VDWAALS =       -2.0675  EEL     =        4.0737  HBOND      =        0.0000
 1-4 VDW =        6.2129  1-4 EEL =       -2.7694  RESTRAINT  =        0.0000


   NSTEP       ENERGY          RMS            GMAX         NAME    NUMBER
      3       2.2794E+01     1.5669E+01     5.1624E+01     C2         16

 BOND    =       11.5135  ANGLE   =        0.5494  DIHED      =        5.2528
 VDWAALS =       -2.0674  EEL     =        4.0760  HBOND      =        0.0000
 1-4 VDW =        6.2401  1-4 EEL =       -2.7703  RESTRAINT  =        0.0000


   NSTEP       ENERGY          RMS            GMAX         NAME    NUMBER
      4       2.1466E+01     1.4467E+01     4.8422E+01     C2         16

 BOND    =       10.2471  ANGLE   =        0.4595  DIHED      =        5.2460
 VDWAALS =       -2.0672  EEL     =        4.0787  HBOND      =        0.0000
 1-4 VDW =        6.2728  1-4 EEL =       -2.7713  RESTRAINT  =        0.0000


   NSTEP       ENERGY          RMS            GMAX         NAME    NUMBER
      5       2.0010E+01     1.3040E+01     4.4526E+01     C2         16

 BOND    =        8.8305  ANGLE   =        0.3866  DIHED      =        5.2386
 VDWAALS =       -2.0671  EEL     =        4.0820  HBOND      =        0.0000
 1-4 VDW =        6.3123  1-4 EEL =       -2.7724  RESTRAINT  =        0.0000


   NSTEP       ENERGY          RMS            GMAX         NAME    NUMBER
      6       1.8462E+01     1.1356E+01     3.9766E+01     C2         16

 BOND    =        7.2789  ANGLE   =        0.3470  DIHED      =        5.2310
 VDWAALS =       -2.0670  EEL     =        4.0860  HBOND      =        0.0000
 1-4 VDW =        6.3598  1-4 EEL =       -2.7736  RESTRAINT  =        0.0000


   NSTEP       ENERGY          RMS            GMAX         NAME    NUMBER
      7       1.6883E+01     9.3884E+00     3.3921E+01     C2         16

 BOND    =        5.6295  ANGLE   =        0.3636  DIHED      =        5.2235
 VDWAALS =       -2.0669  EEL     =        4.0909  HBOND      =        0.0000
 1-4 VDW =        6.4171  1-4 EEL =       -2.7747  RESTRAINT  =        0.0000


   NSTEP       ENERGY          RMS            GMAX         NAME    NUMBER
      8       1.5376E+01     7.1423E+00     2.6695E+01     C2         16

 BOND    =        3.9542  ANGLE   =        0.4638  DIHED      =        5.2170
 VDWAALS =       -2.0670  EEL     =        4.0968  HBOND      =        0.0000
 1-4 VDW =        6.4862  1-4 EEL =       -2.7754  RESTRAINT  =        0.0000


   NSTEP       ENERGY          RMS            GMAX         NAME    NUMBER
      9       1.4086E+01     4.7358E+00     2.1139E+01     I1         17

 BOND    =        2.3759  ANGLE   =        0.6672  DIHED      =        5.2124
 VDWAALS =       -2.0674  EEL     =        4.1041  HBOND      =        0.0000
 1-4 VDW =        6.5687  1-4 EEL =       -2.7752  RESTRAINT  =        0.0000


   NSTEP       ENERGY          RMS            GMAX         NAME    NUMBER
     10       1.3157E+01     2.7164E+00     1.5307E+01     I1         17

 BOND    =        1.0884  ANGLE   =        0.9229  DIHED      =        5.2111
 VDWAALS =       -2.0687  EEL     =        4.1127  HBOND      =        0.0000
 1-4 VDW =        6.6626  1-4 EEL =       -2.7722  RESTRAINT  =        0.0000


   NSTEP       ENERGY          RMS            GMAX         NAME    NUMBER
     11       1.2511E+01     1.6689E+00     8.1267E+00     I1         17

 BOND    =        0.3829  ANGLE   =        0.8907  DIHED      =        5.2144
 VDWAALS =       -2.0724  EEL     =        4.1209  HBOND      =        0.0000
 1-4 VDW =        6.7371  1-4 EEL =       -2.7622  RESTRAINT  =        0.0000


   NSTEP       ENERGY          RMS            GMAX         NAME    NUMBER
     12       1.2125E+01     1.2136E+00     4.6978E+00     I1         17

 BOND    =        0.3270  ANGLE   =        0.5289  DIHED      =        5.2222
 VDWAALS =       -2.0782  EEL     =        4.1250  HBOND      =        0.0000
 1-4 VDW =        6.7485  1-4 EEL =       -2.7486  RESTRAINT  =        0.0000


   NSTEP       ENERGY          RMS            GMAX         NAME    NUMBER
     13       1.2543E+01     4.2805E+00     1.1785E+01     C4         14

 BOND    =        0.1586  ANGLE   =        1.0269  DIHED      =        5.2102
 VDWAALS =       -2.0794  EEL     =        4.1370  HBOND      =        0.0000
 1-4 VDW =        6.8406  1-4 EEL =       -2.7511  RESTRAINT  =        0.0000


   NSTEP       ENERGY          RMS            GMAX         NAME    NUMBER
     14       1.1944E+01     1.0644E+00     3.6289E+00     C16         2

 BOND    =        0.0739  ANGLE   =        0.5940  DIHED      =        5.2187
 VDWAALS =       -2.0809  EEL     =        4.1312  HBOND      =        0.0000
 1-4 VDW =        6.7528  1-4 EEL =       -2.7453  RESTRAINT  =        0.0000


   NSTEP       ENERGY          RMS            GMAX         NAME    NUMBER
     15       1.2073E+01     2.5984E+00     7.4623E+00     C3         15

 BOND    =        0.5266  ANGLE   =        0.3780  DIHED      =        5.2324
 VDWAALS =       -2.0841  EEL     =        4.1247  HBOND      =        0.0000
 1-4 VDW =        6.6347  1-4 EEL =       -2.7398  RESTRAINT  =        0.0000


   NSTEP       ENERGY          RMS            GMAX         NAME    NUMBER
     16       1.1850E+01     7.5163E-01     2.7957E+00     C2         16

 BOND    =        0.1876  ANGLE   =        0.4642  DIHED      =        5.2237
 VDWAALS =       -2.0839  EEL     =        4.1277  HBOND      =        0.0000
 1-4 VDW =        6.6739  1-4 EEL =       -2.7428  RESTRAINT  =        0.0000


   NSTEP       ENERGY          RMS            GMAX         NAME    NUMBER
     17       1.1847E+01     1.3472E+00     4.4332E+00     C16         2

 BOND    =        0.0426  ANGLE   =        0.5994  DIHED      =        5.2176
 VDWAALS =       -2.0855  EEL     =        4.1297  HBOND      =        0.0000
 1-4 VDW =        6.6878  1-4 EEL =       -2.7443  RESTRAINT  =        0.0000


   NSTEP       ENERGY          RMS            GMAX         NAME    NUMBER
     18       1.1834E+01     1.5110E+00     4.3034E+00     C3         15

 BOND    =        0.2932  ANGLE   =        0.4068  DIHED      =        5.2282
 VDWAALS =       -2.0879  EEL     =        4.1245  HBOND      =        0.0000
 1-4 VDW =        6.6088  1-4 EEL =       -2.7393  RESTRAINT  =        0.0000


   NSTEP       ENERGY          RMS            GMAX         NAME    NUMBER
     19       1.1854E+01     1.9321E+00     5.5371E+00     C4         14

 BOND    =        0.0251  ANGLE   =        0.6478  DIHED      =        5.2156
 VDWAALS =       -2.0885  EEL     =        4.1292  HBOND      =        0.0000
 1-4 VDW =        6.6690  1-4 EEL =       -2.7442  RESTRAINT  =        0.0000


   NSTEP       ENERGY          RMS            GMAX         NAME    NUMBER
     20       1.1724E+01     4.6380E-01     1.5830E+00     C3         15

 BOND    =        0.0929  ANGLE   =        0.4919  DIHED      =        5.2217
 VDWAALS =       -2.0897  EEL     =        4.1260  HBOND      =        0.0000
 1-4 VDW =        6.6219  1-4 EEL =       -2.7408  RESTRAINT  =        0.0000


   NSTEP       ENERGY          RMS            GMAX         NAME    NUMBER
     21       1.1683E+01     7.6772E-01     2.7138E+00     C17         1

 BOND    =        0.1633  ANGLE   =        0.4319  DIHED      =        5.2254
 VDWAALS =       -2.0933  EEL     =        4.1230  HBOND      =        0.0000
 1-4 VDW =        6.5710  1-4 EEL =       -2.7378  RESTRAINT  =        0.0000


   NSTEP       ENERGY          RMS            GMAX         NAME    NUMBER
     22       1.1705E+01     1.5072E+00     4.8937E+00     C16         2

 BOND    =        0.0307  ANGLE   =        0.5707  DIHED      =        5.2179
 VDWAALS =       -2.0950  EEL     =        4.1250  HBOND      =        0.0000
 1-4 VDW =        6.5953  1-4 EEL =       -2.7398  RESTRAINT  =        0.0000


   NSTEP       ENERGY          RMS            GMAX         NAME    NUMBER
     23       1.1626E+01     4.7110E-01     1.7001E+00     C3         15

 BOND    =        0.0781  ANGLE   =        0.4739  DIHED      =        5.2223
 VDWAALS =       -2.0960  EEL     =        4.1227  HBOND      =        0.0000
 1-4 VDW =        6.5624  1-4 EEL =       -2.7374  RESTRAINT  =        0.0000


   NSTEP       ENERGY          RMS            GMAX         NAME    NUMBER
     24       1.1601E+01     6.6863E-01     2.4581E+00     C17         1

 BOND    =        0.1393  ANGLE   =        0.4240  DIHED      =        5.2257
 VDWAALS =       -2.0986  EEL     =        4.1203  HBOND      =        0.0000
 1-4 VDW =        6.5247  1-4 EEL =       -2.7350  RESTRAINT  =        0.0000


   NSTEP       ENERGY          RMS            GMAX         NAME    NUMBER
     25       1.1591E+01     9.8530E-01     3.4366E+00     C16         2

 BOND    =        0.0406  ANGLE   =        0.5060  DIHED      =        5.2204
 VDWAALS =       -2.1000  EEL     =        4.1215  HBOND      =        0.0000
 1-4 VDW =        6.5390  1-4 EEL =       -2.7361  RESTRAINT  =        0.0000


   NSTEP       ENERGY          RMS            GMAX         NAME    NUMBER
     26       1.1581E+01     1.1411E+00     3.3865E+00     C3         15

 BOND    =        0.1958  ANGLE   =        0.3922  DIHED      =        5.2287
 VDWAALS =       -2.1022  EEL     =        4.1176  HBOND      =        0.0000
 1-4 VDW =        6.4810  1-4 EEL =       -2.7319  RESTRAINT  =        0.0000


   NSTEP       ENERGY          RMS            GMAX         NAME    NUMBER
     27       1.1584E+01     1.4228E+00     4.3546E+00     C4         14

 BOND    =        0.0249  ANGLE   =        0.5344  DIHED      =        5.2189
 VDWAALS =       -2.1030  EEL     =        4.1208  HBOND      =        0.0000
 1-4 VDW =        6.5232  1-4 EEL =       -2.7352  RESTRAINT  =        0.0000


   NSTEP       ENERGY          RMS            GMAX         NAME    NUMBER
     28       1.1512E+01     3.8896E-01     1.3321E+00     H21        49

 BOND    =        0.0758  ANGLE   =        0.4422  DIHED      =        5.2238
 VDWAALS =       -2.1040  EEL     =        4.1183  HBOND      =        0.0000
 1-4 VDW =        6.4885  1-4 EEL =       -2.7325  RESTRAINT  =        0.0000


   NSTEP       ENERGY          RMS            GMAX         NAME    NUMBER
     29       1.1479E+01     5.1012E-01     1.8646E+00     C17         1

 BOND    =        0.1069  ANGLE   =        0.4127  DIHED      =        5.2260
 VDWAALS =       -2.1069  EEL     =        4.1162  HBOND      =        0.0000
 1-4 VDW =        6.4546  1-4 EEL =       -2.7302  RESTRAINT  =        0.0000


   NSTEP       ENERGY          RMS            GMAX         NAME    NUMBER
     30       1.1473E+01     1.0094E+00     3.6368E+00     C16         2

 BOND    =        0.0361  ANGLE   =        0.4772  DIHED      =        5.2213
 VDWAALS =       -2.1090  EEL     =        4.1169  HBOND      =        0.0000
 1-4 VDW =        6.4613  1-4 EEL =       -2.7306  RESTRAINT  =        0.0000


   NSTEP       ENERGY          RMS            GMAX         NAME    NUMBER
     31       1.1468E+01     1.1949E+00     3.6807E+00     C3         15

 BOND    =        0.1831  ANGLE   =        0.3763  DIHED      =        5.2301
 VDWAALS =       -2.1111  EEL     =        4.1130  HBOND      =        0.0000
 1-4 VDW =        6.4033  1-4 EEL =       -2.7264  RESTRAINT  =        0.0000


   NSTEP       ENERGY          RMS            GMAX         NAME    NUMBER
     32       1.1474E+01     1.4677E+00     4.6874E+00     C4         14

 BOND    =        0.0254  ANGLE   =        0.5059  DIHED      =        5.2197
 VDWAALS =       -2.1117  EEL     =        4.1164  HBOND      =        0.0000
 1-4 VDW =        6.4483  1-4 EEL =       -2.7298  RESTRAINT  =        0.0000


   NSTEP       ENERGY          RMS            GMAX         NAME    NUMBER
     33       1.1398E+01     3.6702E-01     1.2108E+00     H21        49

 BOND    =        0.0663  ANGLE   =        0.4196  DIHED      =        5.2249
 VDWAALS =       -2.1127  EEL     =        4.1139  HBOND      =        0.0000
 1-4 VDW =        6.4135  1-4 EEL =       -2.7271  RESTRAINT  =        0.0000


   NSTEP       ENERGY          RMS            GMAX         NAME    NUMBER
     34       1.1368E+01     5.3101E-01     2.0167E+00     C17         1

 BOND    =        0.0968  ANGLE   =        0.3935  DIHED      =        5.2273
 VDWAALS =       -2.1156  EEL     =        4.1118  HBOND      =        0.0000
 1-4 VDW =        6.3791  1-4 EEL =       -2.7246  RESTRAINT  =        0.0000


   NSTEP       ENERGY          RMS            GMAX         NAME    NUMBER
     35       1.1373E+01     1.1130E+00     4.1741E+00     C16         2

 BOND    =        0.0348  ANGLE   =        0.4563  DIHED      =        5.2219
 VDWAALS =       -2.1175  EEL     =        4.1129  HBOND      =        0.0000
 1-4 VDW =        6.3900  1-4 EEL =       -2.7253  RESTRAINT  =        0.0000


   NSTEP       ENERGY          RMS            GMAX         NAME    NUMBER
     36       1.1328E+01     3.6546E-01     1.2783E+00     C3         15

 BOND    =        0.0604  ANGLE   =        0.4071  DIHED      =        5.2254
 VDWAALS =       -2.1183  EEL     =        4.1112  HBOND      =        0.0000
 1-4 VDW =        6.3662  1-4 EEL =       -2.7236  RESTRAINT  =        0.0000


   NSTEP       ENERGY          RMS            GMAX         NAME    NUMBER
     37       1.1307E+01     4.5627E-01     1.8103E+00     C17         1

 BOND    =        0.0826  ANGLE   =        0.3885  DIHED      =        5.2274
 VDWAALS =       -2.1203  EEL     =        4.1098  HBOND      =        0.0000
 1-4 VDW =        6.3413  1-4 EEL =       -2.7218  RESTRAINT  =        0.0000


   NSTEP       ENERGY          RMS            GMAX         NAME    NUMBER
     38       1.1295E+01     7.0932E-01     2.9278E+00     C16         2

 BOND    =        0.0417  ANGLE   =        0.4192  DIHED      =        5.2241
 VDWAALS =       -2.1219  EEL     =        4.1102  HBOND      =        0.0000
 1-4 VDW =        6.3441  1-4 EEL =       -2.7219  RESTRAINT  =        0.0000


   NSTEP       ENERGY          RMS            GMAX         NAME    NUMBER
     39       1.1289E+01     8.9432E-01     3.1632E+00     C17         1

 BOND    =        0.1215  ANGLE   =        0.3693  DIHED      =        5.2300
 VDWAALS =       -2.1236  EEL     =        4.1075  HBOND      =        0.0000
 1-4 VDW =        6.3033  1-4 EEL =       -2.7190  RESTRAINT  =        0.0000


   NSTEP       ENERGY          RMS            GMAX         NAME    NUMBER
     40       1.1285E+01     1.0693E+00     3.8166E+00     C16         2

 BOND    =        0.0320  ANGLE   =        0.4354  DIHED      =        5.2227
 VDWAALS =       -2.1244  EEL     =        4.1096  HBOND      =        0.0000
 1-4 VDW =        6.3306  1-4 EEL =       -2.7209  RESTRAINT  =        0.0000


   NSTEP       ENERGY          RMS            GMAX         NAME    NUMBER
     41       1.1288E+01     1.3058E+00     4.0216E+00     C3         15

 BOND    =        0.1659  ANGLE   =        0.3562  DIHED      =        5.2326
 VDWAALS =       -2.1264  EEL     =        4.1055  HBOND      =        0.0000
 1-4 VDW =        6.2711  1-4 EEL =       -2.7164  RESTRAINT  =        0.0000


   NSTEP       ENERGY          RMS            GMAX         NAME    NUMBER
     42       1.1228E+01     3.3254E-01     1.0712E+00     C2         16

 BOND    =        0.0633  ANGLE   =        0.3827  DIHED      =        5.2273
 VDWAALS =       -2.1265  EEL     =        4.1072  HBOND      =        0.0000
 1-4 VDW =        6.2920  1-4 EEL =       -2.7181  RESTRAINT  =        0.0000


   NSTEP       ENERGY          RMS            GMAX         NAME    NUMBER
     43       1.1203E+01     4.6352E-01     1.9139E+00     C16         2

 BOND    =        0.0457  ANGLE   =        0.3907  DIHED      =        5.2259
 VDWAALS =       -2.1288  EEL     =        4.1066  HBOND      =        0.0000
 1-4 VDW =        6.2795  1-4 EEL =       -2.7170  RESTRAINT  =        0.0000


   NSTEP       ENERGY          RMS            GMAX         NAME    NUMBER
     44       1.1203E+01     9.6868E-01     3.5703E+00     C3         15

 BOND    =        0.1136  ANGLE   =        0.3614  DIHED      =        5.2311
 VDWAALS =       -2.1312  EEL     =        4.1041  HBOND      =        0.0000
 1-4 VDW =        6.2385  1-4 EEL =       -2.7141  RESTRAINT  =        0.0000


   NSTEP       ENERGY          RMS            GMAX         NAME    NUMBER
     45       1.1169E+01     3.2586E-01     1.0969E+00     C17         1

 BOND    =        0.0581  ANGLE   =        0.3743  DIHED      =        5.2278
 VDWAALS =       -2.1315  EEL     =        4.1050  HBOND      =        0.0000
 1-4 VDW =        6.2501  1-4 EEL =       -2.7149  RESTRAINT  =        0.0000


   NSTEP       ENERGY          RMS            GMAX         NAME    NUMBER
     46       1.1150E+01     3.8327E-01     1.5795E+00     C16         2

 BOND    =        0.0474  ANGLE   =        0.3777  DIHED      =        5.2269
 VDWAALS =       -2.1331  EEL     =        4.1046  HBOND      =        0.0000
 1-4 VDW =        6.2410  1-4 EEL =       -2.7141  RESTRAINT  =        0.0000


   NSTEP       ENERGY          RMS            GMAX         NAME    NUMBER
     47       1.1137E+01     5.8970E-01     2.4588E+00     C17         1

 BOND    =        0.0744  ANGLE   =        0.3632  DIHED      =        5.2297
 VDWAALS =       -2.1350  EEL     =        4.1031  HBOND      =        0.0000
 1-4 VDW =        6.2143  1-4 EEL =       -2.7122  RESTRAINT  =        0.0000


   NSTEP       ENERGY          RMS            GMAX         NAME    NUMBER
     48       1.1133E+01     8.0619E-01     3.4305E+00     C16         2

 BOND    =        0.0395  ANGLE   =        0.3878  DIHED      =        5.2254
 VDWAALS =       -2.1360  EEL     =        4.1040  HBOND      =        0.0000
 1-4 VDW =        6.2247  1-4 EEL =       -2.7128  RESTRAINT  =        0.0000


   NSTEP       ENERGY          RMS            GMAX         NAME    NUMBER
     49       1.1127E+01     9.3606E-01     3.4220E+00     C3         15

 BOND    =        0.1010  ANGLE   =        0.3550  DIHED      =        5.2317
 VDWAALS =       -2.1376  EEL     =        4.1014  HBOND      =        0.0000
 1-4 VDW =        6.1854  1-4 EEL =       -2.7100  RESTRAINT  =        0.0000


   NSTEP       ENERGY          RMS            GMAX         NAME    NUMBER
     50       1.1130E+01     1.1658E+00     4.4026E+00     C4         14

 BOND    =        0.0380  ANGLE   =        0.4009  DIHED      =        5.2240
 VDWAALS =       -2.1382  EEL     =        4.1037  HBOND      =        0.0000
 1-4 VDW =        6.2136  1-4 EEL =       -2.7120  RESTRAINT  =        0.0000


   NSTEP       ENERGY          RMS            GMAX         NAME    NUMBER
     51       1.1081E+01     3.0900E-01     1.0118E+00     C16         2

 BOND    =        0.0466  ANGLE   =        0.3644  DIHED      =        5.2280
 VDWAALS =       -2.1390  EEL     =        4.1021  HBOND      =        0.0000
 1-4 VDW =        6.1894  1-4 EEL =       -2.7102  RESTRAINT  =        0.0000


   NSTEP       ENERGY          RMS            GMAX         NAME    NUMBER
     52       1.8566E+01     1.5310E+01     6.4750E+01     C16         2

 BOND    =        5.6671  ANGLE   =        3.0064  DIHED      =        5.3391
 VDWAALS =       -2.2122  EEL     =        4.0558  HBOND      =        0.0000
 1-4 VDW =        5.3573  1-4 EEL =       -2.6472  RESTRAINT  =        0.0000


   NSTEP       ENERGY          RMS            GMAX         NAME    NUMBER
     53       1.1052E+01     8.4976E-01     3.6101E+00     C17         1

 BOND    =        0.0790  ANGLE   =        0.3545  DIHED      =        5.2316
 VDWAALS =       -2.1437  EEL     =        4.0993  HBOND      =        0.0000
 1-4 VDW =        6.1375  1-4 EEL =       -2.7064  RESTRAINT  =        0.0000


   NSTEP       ENERGY          RMS            GMAX         NAME    NUMBER
     54       1.0993E+01     8.2126E-01     3.6064E+00     C17         1

 BOND    =        0.0708  ANGLE   =        0.3502  DIHED      =        5.2320
 VDWAALS =       -2.1488  EEL     =        4.0973  HBOND      =        0.0000
 1-4 VDW =        6.0951  1-4 EEL =       -2.7032  RESTRAINT  =        0.0000


   NSTEP       ENERGY          RMS            GMAX         NAME    NUMBER
     55       1.0556E+01     7.1050E-01     3.5748E+00     C17         1

 BOND    =        0.0465  ANGLE   =        0.3429  DIHED      =        5.2356
 VDWAALS =       -2.1921  EEL     =        4.0792  HBOND      =        0.0000
 1-4 VDW =        5.7176  1-4 EEL =       -2.6737  RESTRAINT  =        0.0000


   NSTEP       ENERGY          RMS            GMAX         NAME    NUMBER
     56       1.0198E+01     1.2803E+00     4.9582E+00     C6         12

 BOND    =        0.2820  ANGLE   =        0.5021  DIHED      =        5.2439
 VDWAALS =       -2.2647  EEL     =        4.0430  HBOND      =        0.0000
 1-4 VDW =        5.0064  1-4 EEL =       -2.6145  RESTRAINT  =        0.0000


   NSTEP       ENERGY          RMS            GMAX         NAME    NUMBER
     57       1.9459E+01     1.5646E+01     5.8064E+01     C6         12

 BOND    =        6.1434  ANGLE   =        4.9702  DIHED      =        5.3928
 VDWAALS =       -2.3471  EEL     =        3.9678  HBOND      =        0.0000
 1-4 VDW =        3.8272  1-4 EEL =       -2.4953  RESTRAINT  =        0.0000


   NSTEP       ENERGY          RMS            GMAX         NAME    NUMBER
     58       1.0132E+01     2.5712E-01     7.4412E-01     H21        49

 BOND    =        0.2456  ANGLE   =        0.5699  DIHED      =        5.2502
 VDWAALS =       -2.2725  EEL     =        4.0370  HBOND      =        0.0000
 1-4 VDW =        4.9065  1-4 EEL =       -2.6051  RESTRAINT  =        0.0000


   NSTEP       ENERGY          RMS            GMAX         NAME    NUMBER
     59       1.0126E+01     2.4260E-01     7.0581E-01     H22        50

 BOND    =        0.2459  ANGLE   =        0.5670  DIHED      =        5.2501
 VDWAALS =       -2.2729  EEL     =        4.0372  HBOND      =        0.0000
 1-4 VDW =        4.9042  1-4 EEL =       -2.6049  RESTRAINT  =        0.0000


   NSTEP       ENERGY          RMS            GMAX         NAME    NUMBER
     60       1.0106E+01     7.3201E-01     3.0184E+00     C9          9

 BOND    =        0.2677  ANGLE   =        0.5463  DIHED      =        5.2485
 VDWAALS =       -2.2765  EEL     =        4.0386  HBOND      =        0.0000
 1-4 VDW =        4.8846  1-4 EEL =       -2.6033  RESTRAINT  =        0.0000


   NSTEP       ENERGY          RMS            GMAX         NAME    NUMBER
     61       1.0060E+01     5.6303E-01     2.1914E+00     C9          9

 BOND    =        0.2669  ANGLE   =        0.5296  DIHED      =        5.2487
 VDWAALS =       -2.2805  EEL     =        4.0400  HBOND      =        0.0000
 1-4 VDW =        4.8564  1-4 EEL =       -2.6011  RESTRAINT  =        0.0000


   NSTEP       ENERGY          RMS            GMAX         NAME    NUMBER
     62       9.9960E+00     2.8815E-01     8.9231E-01     C10         8

 BOND    =        0.2839  ANGLE   =        0.5283  DIHED      =        5.2499
 VDWAALS =       -2.2908  EEL     =        4.0449  HBOND      =        0.0000
 1-4 VDW =        4.7740  1-4 EEL =       -2.5942  RESTRAINT  =        0.0000


   NSTEP       ENERGY          RMS            GMAX         NAME    NUMBER
     63       1.0027E+01     9.6141E-01     3.6658E+00     C17         1

 BOND    =        0.3095  ANGLE   =        0.5375  DIHED      =        5.2502
 VDWAALS =       -2.2919  EEL     =        4.0474  HBOND      =        0.0000
 1-4 VDW =        4.7685  1-4 EEL =       -2.5940  RESTRAINT  =        0.0000


   NSTEP       ENERGY          RMS            GMAX         NAME    NUMBER
     64       9.9916E+00     1.3422E-01     6.4446E-01     I1         17

 BOND    =        0.2804  ANGLE   =        0.5285  DIHED      =        5.2499
 VDWAALS =       -2.2911  EEL     =        4.0456  HBOND      =        0.0000
 1-4 VDW =        4.7725  1-4 EEL =       -2.5942  RESTRAINT  =        0.0000


   NSTEP       ENERGY          RMS            GMAX         NAME    NUMBER
     65       9.9901E+00     8.7587E-02     3.5857E-01     I1         17

 BOND    =        0.2783  ANGLE   =        0.5281  DIHED      =        5.2500
 VDWAALS =       -2.2910  EEL     =        4.0459  HBOND      =        0.0000
 1-4 VDW =        4.7729  1-4 EEL =       -2.5942  RESTRAINT  =        0.0000


   NSTEP       ENERGY          RMS            GMAX         NAME    NUMBER
     66       9.9893E+00     9.7419E-02     3.3840E-01     C3         15

 BOND    =        0.2763  ANGLE   =        0.5279  DIHED      =        5.2502
 VDWAALS =       -2.2908  EEL     =        4.0464  HBOND      =        0.0000
 1-4 VDW =        4.7734  1-4 EEL =       -2.5941  RESTRAINT  =        0.0000


   NSTEP       ENERGY          RMS            GMAX         NAME    NUMBER
     67       9.9878E+00     9.2385E-02     3.3754E-01     C2         16

 BOND    =        0.2736  ANGLE   =        0.5271  DIHED      =        5.2505
 VDWAALS =       -2.2902  EEL     =        4.0471  HBOND      =        0.0000
 1-4 VDW =        4.7739  1-4 EEL =       -2.5942  RESTRAINT  =        0.0000


   NSTEP       ENERGY          RMS            GMAX         NAME    NUMBER
     68       9.9878E+00     1.1523E-01     4.1344E-01     C2         16

 BOND    =        0.2731  ANGLE   =        0.5270  DIHED      =        5.2506
 VDWAALS =       -2.2901  EEL     =        4.0473  HBOND      =        0.0000
 1-4 VDW =        4.7741  1-4 EEL =       -2.5943  RESTRAINT  =        0.0000


   NSTEP       ENERGY          RMS            GMAX         NAME    NUMBER
     69       9.9861E+00     1.0311E-01     3.6214E-01     C5         13

 BOND    =        0.2763  ANGLE   =        0.5193  DIHED      =        5.2503
 VDWAALS =       -2.2890  EEL     =        4.0483  HBOND      =        0.0000
 1-4 VDW =        4.7760  1-4 EEL =       -2.5950  RESTRAINT  =        0.0000


   NSTEP       ENERGY          RMS            GMAX         NAME    NUMBER
     70       9.9861E+00     1.0946E-01     3.8188E-01     C5         13

 BOND    =        0.2765  ANGLE   =        0.5188  DIHED      =        5.2503
 VDWAALS =       -2.2889  EEL     =        4.0484  HBOND      =        0.0000
 1-4 VDW =        4.7761  1-4 EEL =       -2.5951  RESTRAINT  =        0.0000


   NSTEP       ENERGY          RMS            GMAX         NAME    NUMBER
     71       9.9847E+00     9.3012E-02     3.7706E-01     C2         16

 BOND    =        0.2747  ANGLE   =        0.5178  DIHED      =        5.2504
 VDWAALS =       -2.2879  EEL     =        4.0491  HBOND      =        0.0000
 1-4 VDW =        4.7766  1-4 EEL =       -2.5958  RESTRAINT  =        0.0000


   NSTEP       ENERGY          RMS            GMAX         NAME    NUMBER
     72       9.9847E+00     8.5679E-02     3.4531E-01     C2         16

 BOND    =        0.2747  ANGLE   =        0.5178  DIHED      =        5.2504
 VDWAALS =       -2.2880  EEL     =        4.0490  HBOND      =        0.0000
 1-4 VDW =        4.7765  1-4 EEL =       -2.5958  RESTRAINT  =        0.0000


   NSTEP       ENERGY          RMS            GMAX         NAME    NUMBER
     73       9.9839E+00     8.2730E-02     2.6219E-01     C5         13

 BOND    =        0.2777  ANGLE   =        0.5111  DIHED      =        5.2501
 VDWAALS =       -2.2877  EEL     =        4.0493  HBOND      =        0.0000
 1-4 VDW =        4.7796  1-4 EEL =       -2.5961  RESTRAINT  =        0.0000


   NSTEP       ENERGY          RMS            GMAX         NAME    NUMBER
     74       9.9839E+00     7.7619E-02     2.4563E-01     C5         13

 BOND    =        0.2775  ANGLE   =        0.5114  DIHED      =        5.2501
 VDWAALS =       -2.2877  EEL     =        4.0493  HBOND      =        0.0000
 1-4 VDW =        4.7794  1-4 EEL =       -2.5960  RESTRAINT  =        0.0000


   NSTEP       ENERGY          RMS            GMAX         NAME    NUMBER
     75       9.9833E+00     6.2273E-02     2.1245E-01     C11         7

 BOND    =        0.2726  ANGLE   =        0.5134  DIHED      =        5.2502
 VDWAALS =       -2.2878  EEL     =        4.0490  HBOND      =        0.0000
 1-4 VDW =        4.7816  1-4 EEL =       -2.5959  RESTRAINT  =        0.0000


   NSTEP       ENERGY          RMS            GMAX         NAME    NUMBER
     76       9.9836E+00     1.4599E-01     6.3603E-01     C11         7

 BOND    =        0.2785  ANGLE   =        0.5072  DIHED      =        5.2496
 VDWAALS =       -2.2880  EEL     =        4.0489  HBOND      =        0.0000
 1-4 VDW =        4.7829  1-4 EEL =       -2.5957  RESTRAINT  =        0.0000


   NSTEP       ENERGY          RMS            GMAX         NAME    NUMBER
     77       9.9828E+00     3.5168E-02     1.7207E-01     C2         16

 BOND    =        0.2721  ANGLE   =        0.5134  DIHED      =        5.2502
 VDWAALS =       -2.2880  EEL     =        4.0488  HBOND      =        0.0000
 1-4 VDW =        4.7817  1-4 EEL =       -2.5954  RESTRAINT  =        0.0000


   NSTEP       ENERGY          RMS            GMAX         NAME    NUMBER
     78       9.9828E+00     7.3150E-02     3.6225E-01     C2         16

 BOND    =        0.2744  ANGLE   =        0.5101  DIHED      =        5.2500
 VDWAALS =       -2.2882  EEL     =        4.0488  HBOND      =        0.0000
 1-4 VDW =        4.7829  1-4 EEL =       -2.5951  RESTRAINT  =        0.0000


   NSTEP       ENERGY          RMS            GMAX         NAME    NUMBER
     79       9.9830E+00     1.2015E-01     4.9811E-01     C10         8

 BOND    =        0.2668  ANGLE   =        0.5206  DIHED      =        5.2505
 VDWAALS =       -2.2883  EEL     =        4.0485  HBOND      =        0.0000
 1-4 VDW =        4.7798  1-4 EEL =       -2.5949  RESTRAINT  =        0.0000


   NSTEP       ENERGY          RMS            GMAX         NAME    NUMBER
     80       4.6344E+02     1.1017E+02     4.1504E+02     C9          9

 BOND    =      329.4885  ANGLE   =      119.2240  DIHED      =        8.0078
 VDWAALS =       -2.2793  EEL     =        4.2237  HBOND      =        0.0000
 1-4 VDW =        7.4662  1-4 EEL =       -2.6901  RESTRAINT  =        0.0000


   NSTEP       ENERGY          RMS            GMAX         NAME    NUMBER
     81       9.9824E+00     2.6151E-02     9.9772E-02     C2         16

 BOND    =        0.2730  ANGLE   =        0.5123  DIHED      =        5.2500
 VDWAALS =       -2.2883  EEL     =        4.0486  HBOND      =        0.0000
 1-4 VDW =        4.7818  1-4 EEL =       -2.5950  RESTRAINT  =        0.0000


   NSTEP       ENERGY          RMS            GMAX         NAME    NUMBER
     82       9.9824E+00     1.9466E-02     5.3740E-02     C10         8

 BOND    =        0.2724  ANGLE   =        0.5129  DIHED      =        5.2501
 VDWAALS =       -2.2884  EEL     =        4.0486  HBOND      =        0.0000
 1-4 VDW =        4.7816  1-4 EEL =       -2.5949  RESTRAINT  =        0.0000


   NSTEP       ENERGY          RMS            GMAX         NAME    NUMBER
     83       9.9824E+00     2.6563E-02     1.4671E-01     C2         16

 BOND    =        0.2715  ANGLE   =        0.5139  DIHED      =        5.2502
 VDWAALS =       -2.2884  EEL     =        4.0486  HBOND      =        0.0000
 1-4 VDW =        4.7814  1-4 EEL =       -2.5948  RESTRAINT  =        0.0000


   NSTEP       ENERGY          RMS            GMAX         NAME    NUMBER
     84       9.9823E+00     2.4481E-02     1.4019E-01     C2         16

 BOND    =        0.2718  ANGLE   =        0.5138  DIHED      =        5.2501
 VDWAALS =       -2.2885  EEL     =        4.0486  HBOND      =        0.0000
 1-4 VDW =        4.7811  1-4 EEL =       -2.5946  RESTRAINT  =        0.0000


   NSTEP       ENERGY          RMS            GMAX         NAME    NUMBER
     85       9.9819E+00     6.2382E-02     3.4956E-01     C16         2

 BOND    =        0.2737  ANGLE   =        0.5134  DIHED      =        5.2498
 VDWAALS =       -2.2892  EEL     =        4.0483  HBOND      =        0.0000
 1-4 VDW =        4.7796  1-4 EEL =       -2.5937  RESTRAINT  =        0.0000


   NSTEP       ENERGY          RMS            GMAX         NAME    NUMBER
     86       9.9817E+00     5.0102E-02     2.5131E-01     C15         3

 BOND    =        0.2705  ANGLE   =        0.5198  DIHED      =        5.2500
 VDWAALS =       -2.2900  EEL     =        4.0478  HBOND      =        0.0000
 1-4 VDW =        4.7761  1-4 EEL =       -2.5926  RESTRAINT  =        0.0000


   NSTEP       ENERGY          RMS            GMAX         NAME    NUMBER
     87       9.9816E+00     2.8270E-02     1.0202E-01     C15         3

 BOND    =        0.2715  ANGLE   =        0.5178  DIHED      =        5.2500
 VDWAALS =       -2.2898  EEL     =        4.0480  HBOND      =        0.0000
 1-4 VDW =        4.7772  1-4 EEL =       -2.5929  RESTRAINT  =        0.0000


   NSTEP       ENERGY          RMS            GMAX         NAME    NUMBER
     88       9.9816E+00     2.1550E-02     1.0419E-01     C17         1

 BOND    =        0.2728  ANGLE   =        0.5168  DIHED      =        5.2499
 VDWAALS =       -2.2898  EEL     =        4.0480  HBOND      =        0.0000
 1-4 VDW =        4.7767  1-4 EEL =       -2.5929  RESTRAINT  =        0.0000


   NSTEP       ENERGY          RMS            GMAX         NAME    NUMBER
     89       9.9816E+00     2.3807E-02     1.1880E-01     C17         1

 BOND    =        0.2730  ANGLE   =        0.5167  DIHED      =        5.2499
 VDWAALS =       -2.2899  EEL     =        4.0480  HBOND      =        0.0000
 1-4 VDW =        4.7767  1-4 EEL =       -2.5928  RESTRAINT  =        0.0000


   NSTEP       ENERGY          RMS            GMAX         NAME    NUMBER
     90       9.9815E+00     1.9759E-02     8.2832E-02     C2         16

 BOND    =        0.2734  ANGLE   =        0.5172  DIHED      =        5.2500
 VDWAALS =       -2.2899  EEL     =        4.0480  HBOND      =        0.0000
 1-4 VDW =        4.7757  1-4 EEL =       -2.5929  RESTRAINT  =        0.0000


   NSTEP       ENERGY          RMS            GMAX         NAME    NUMBER
     91       9.9815E+00     3.3435E-02     1.3719E-01     C13         5

 BOND    =        0.2739  ANGLE   =        0.5179  DIHED      =        5.2501
 VDWAALS =       -2.2899  EEL     =        4.0481  HBOND      =        0.0000
 1-4 VDW =        4.7742  1-4 EEL =       -2.5929  RESTRAINT  =        0.0000


   NSTEP       ENERGY          RMS            GMAX         NAME    NUMBER
     92       9.9813E+00     1.7447E-02     6.5648E-02     C3         15

 BOND    =        0.2759  ANGLE   =        0.5177  DIHED      =        5.2501
 VDWAALS =       -2.2899  EEL     =        4.0483  HBOND      =        0.0000
 1-4 VDW =        4.7723  1-4 EEL =       -2.5931  RESTRAINT  =        0.0000


   NSTEP       ENERGY          RMS            GMAX         NAME    NUMBER
     93       9.9813E+00     1.8435E-02     6.8772E-02     C13         5

 BOND    =        0.2761  ANGLE   =        0.5177  DIHED      =        5.2501
 VDWAALS =       -2.2899  EEL     =        4.0483  HBOND      =        0.0000
 1-4 VDW =        4.7722  1-4 EEL =       -2.5931  RESTRAINT  =        0.0000


   NSTEP       ENERGY          RMS            GMAX         NAME    NUMBER
     94       9.9813E+00     1.7250E-02     7.0828E-02     C17         1

 BOND    =        0.2758  ANGLE   =        0.5183  DIHED      =        5.2502
 VDWAALS =       -2.2899  EEL     =        4.0483  HBOND      =        0.0000
 1-4 VDW =        4.7717  1-4 EEL =       -2.5931  RESTRAINT  =        0.0000


   NSTEP       ENERGY          RMS            GMAX         NAME    NUMBER
     95       9.9813E+00     1.5739E-02     6.4507E-02     C17         1

 BOND    =        0.2758  ANGLE   =        0.5182  DIHED      =        5.2502
 VDWAALS =       -2.2899  EEL     =        4.0483  HBOND      =        0.0000
 1-4 VDW =        4.7718  1-4 EEL =       -2.5931  RESTRAINT  =        0.0000


   NSTEP       ENERGY          RMS            GMAX         NAME    NUMBER
     96       9.9813E+00     1.5616E-02     6.4613E-02     I1         17

 BOND    =        0.2761  ANGLE   =        0.5181  DIHED      =        5.2502
 VDWAALS =       -2.2899  EEL     =        4.0483  HBOND      =        0.0000
 1-4 VDW =        4.7716  1-4 EEL =       -2.5931  RESTRAINT  =        0.0000


   NSTEP       ENERGY          RMS            GMAX         NAME    NUMBER
     97       9.9813E+00     2.0976E-02     9.0784E-02     C11         7

 BOND    =        0.2762  ANGLE   =        0.5181  DIHED      =        5.2502
 VDWAALS =       -2.2899  EEL     =        4.0483  HBOND      =        0.0000
 1-4 VDW =        4.7715  1-4 EEL =       -2.5931  RESTRAINT  =        0.0000


   NSTEP       ENERGY          RMS            GMAX         NAME    NUMBER
     98       9.9812E+00     1.4519E-02     5.9930E-02     C2         16

 BOND    =        0.2763  ANGLE   =        0.5182  DIHED      =        5.2502
 VDWAALS =       -2.2900  EEL     =        4.0483  HBOND      =        0.0000
 1-4 VDW =        4.7712  1-4 EEL =       -2.5930  RESTRAINT  =        0.0000


   NSTEP       ENERGY          RMS            GMAX         NAME    NUMBER
     99       9.9812E+00     1.8965E-02     7.8488E-02     C12         6

 BOND    =        0.2764  ANGLE   =        0.5185  DIHED      =        5.2503
 VDWAALS =       -2.2900  EEL     =        4.0483  HBOND      =        0.0000
 1-4 VDW =        4.7708  1-4 EEL =       -2.5929  RESTRAINT  =        0.0000


   NSTEP       ENERGY          RMS            GMAX         NAME    NUMBER
    100       9.9812E+00     3.8567E-02     1.7634E-01     C12         6

 BOND    =        0.2766  ANGLE   =        0.5187  DIHED      =        5.2503
 VDWAALS =       -2.2901  EEL     =        4.0483  HBOND      =        0.0000
 1-4 VDW =        4.7703  1-4 EEL =       -2.5928  RESTRAINT  =        0.0000


  Maximum number of minimization cycles reached.


                    FINAL RESULTS



   NSTEP       ENERGY          RMS            GMAX         NAME    NUMBER
    100       9.9812E+00     3.8567E-02     1.7634E-01     C12         6

 BOND    =        0.2766  ANGLE   =        0.5187  DIHED      =        5.2503
 VDWAALS =       -2.2901  EEL     =        4.0483  HBOND      =        0.0000
 1-4 VDW =        4.7703  1-4 EEL =       -2.5928  RESTRAINT  =        0.0000

--------------------------------------------------------------------------------
   5.  TIMINGS
--------------------------------------------------------------------------------

|    Read coords time           0.00 ( 0.67% of Total)
|    Fast Water setup           0.00 ( 0.02% of Total)
|                Build the list             0.00 (94.07% of List )
|                Other                      0.00 ( 5.93% of List )
|             List time                  0.00 ( 5.24% of Nonbo)
|                   Short_ene time             0.01 (98.95% of Direc)
|                   Other                      0.00 ( 1.05% of Direc)
|                Direct Ewald time          0.01 (92.11% of Ewald)
|                Force Adjust               0.00 ( 0.13% of Ewald)
|                Virial junk                0.00 ( 0.26% of Ewald)
|                Start synchronizatio       0.00 ( 0.22% of Ewald)
|                Other                      0.00 ( 7.29% of Ewald)
|             Ewald time                 0.01 (94.17% of Nonbo)
|             IPS excludes               0.00 ( 0.14% of Nonbo)
|             Other                      0.00 ( 0.45% of Nonbo)
|          Nonbond force              0.01 (67.53% of Force)
|          Bond/Angle/Dihedral        0.01 (31.70% of Force)
|          Other                      0.00 ( 0.77% of Force)
|       Force time                 0.02 (100.0% of Runmd)
|    Runmd Time                 0.02 (62.49% of Total)
|    Other                      0.01 (36.82% of Total)
| Total time                 0.04 (99.84% of ALL  )

| Number of list builds   :          1

| Highest rstack allocated:        210
| Highest istack allocated:         42
|           Job began  at 14:35:35.321  on 05/22/2015
|           Setup done at 14:35:35.324  on 05/22/2015
|           Run   done at 14:35:35.356  on 05/22/2015
|     wallclock() was called    2335 times
