
          -------------------------------------------------------
          Amber 16 SANDER                              2016
          -------------------------------------------------------

| Run on 04/20/2016 at 15:17:29

|   Executable path: sander
| Working directory: /gpfs/gpfs/project1/dacase-001/haichit/phenix_amber/run_amber_library/amber_library/i
|          Hostname: e1c029

  [-O]verwriting output

File Assignments:
|  MDIN: IMK_sander.in                                                         
| MDOUT: IMK.min_igb.out                                                       
|INPCRD: IMK.rst7                                                              
|  PARM: IMK.prmtop                                                            
|RESTRT: IMK.min_igb.rst7                                                      
|  REFC: refc                                                                  
| MDVEL: mdvel                                                                 
| MDFRC: mdfrc                                                                 
|  MDEN: mden                                                                  
| MDCRD: mdcrd                                                                 
|MDINFO: mdinfo                                                                
|  MTMD: mtmd                                                                  
|INPDIP: inpdip                                                                
|RSTDIP: rstdip                                                                
|INPTRA: inptraj                                                               


 Here is the input file:

  short minimization                                                           
 &cntrl                                                                        
   imin=1, maxcyc=100, ncyc=50, ntpr=1, cut=99., ntb=0, igb=2                  
 /                                                                             

--------------------------------------------------------------------------------
   1.  RESOURCE   USE: 
--------------------------------------------------------------------------------

| Flags:                                                                        
| New format PARM file being parsed.
| Version =    1.000 Date = 04/20/16 Time = 15:17:29
 NATOM  =      39 NTYPES =      14 NBONH =      18 MBONA  =      18
 NTHETH =      28 MTHETA =      21 NPHIH =      44 MPHIA  =      27
 NHPARM =       0 NPARM  =       0 NNB   =     147 NRES   =       1
 NBONA  =      18 NTHETA =      21 NPHIA =      27 NUMBND =      22
 NUMANG =      31 NPTRA  =      11 NATYP =      15 NPHB   =       0
 IFBOX  =       0 NMXRS  =      39 IFCAP =       0 NEXTRA =       0
 NCOPY  =       0

 Implicit solvent radii are H(N)-modified Bondi radii (mbondi2)                                             

|     Memory Use     Allocated
|     Real                6662
|     Hollerith            120
|     Integer            21618
|     Max Pairs              1
|     nblistReal             0
|     nblist Int             0
|       Total              136 kbytes

| Note: 1-4 EEL scale factors are being read from the topology file.

| Note: 1-4 VDW scale factors are being read from the topology file.
| Duplicated    0 dihedrals
| Duplicated    0 dihedrals

--------------------------------------------------------------------------------
   2.  CONTROL  DATA  FOR  THE  RUN
--------------------------------------------------------------------------------

IMK                                                                             

General flags:
     imin    =       1, nmropt  =       0

Nature and format of input:
     ntx     =       1, irest   =       0, ntrx    =       1

Nature and format of output:
     ntxo    =       2, ntpr    =       1, ntrx    =       1, ntwr    =       1
     iwrap   =       0, ntwx    =       0, ntwv    =       0, ntwe    =       0
     ioutfm  =       1, ntwprt  =       0, idecomp =       0, rbornstat=      0

Potential function:
     ntf     =       1, ntb     =       0, igb     =       2, nsnb    =      25
     ipol    =       0, gbsa    =       0, iesp    =       0
     dielc   =   1.00000, cut     =  99.00000, intdiel =   1.00000
     saltcon =   0.00000, offset  =   0.09000, gbalpha=    0.80000
     gbbeta  =   0.00000, gbgamma =   2.90912, surften =   0.00500
     rdt     =   0.00000, rgbmax  =  25.00000  extdiel =  78.50000
     alpb  =        0

Frozen or restrained atoms:
     ibelly  =       0, ntr     =       0

Energy minimization:
     maxcyc  =     100, ncyc    =      50, ntmin   =       1
     dx0     =   0.01000, drms    =   0.00010
|  INFO: Old style inpcrd file read


--------------------------------------------------------------------------------
   3.  ATOMIC COORDINATES AND VELOCITIES
--------------------------------------------------------------------------------

IMK                                                                             
 begin time read from input coords =     0.000 ps

 Number of triangulated 3-point waters found:        0

--------------------------------------------------------------------------------
   4.  RESULTS
--------------------------------------------------------------------------------



   NSTEP       ENERGY          RMS            GMAX         NAME    NUMBER
      1       3.7408E+01     2.7007E+01     1.0710E+02     C8         13

 BOND    =       13.0646  ANGLE   =       30.9704  DIHED      =        0.0618
 VDWAALS =       38.2191  EEL     =       -6.1075  EGB        =      -16.2851
 1-4 VDW =        4.0261  1-4 EEL =      -26.5418  RESTRAINT  =        0.0000


   NSTEP       ENERGY          RMS            GMAX         NAME    NUMBER
      2       3.5970E+01     2.6148E+01     1.0180E+02     C8         13

 BOND    =       12.3250  ANGLE   =       30.8658  DIHED      =        0.0628
 VDWAALS =       37.6510  EEL     =       -6.1053  EGB        =      -16.2948
 1-4 VDW =        4.0139  1-4 EEL =      -26.5485  RESTRAINT  =        0.0000


   NSTEP       ENERGY          RMS            GMAX         NAME    NUMBER
      3       3.4305E+01     2.5140E+01     9.5587E+01     C8         13

 BOND    =       11.4838  ANGLE   =       30.7466  DIHED      =        0.0640
 VDWAALS =       36.9771  EEL     =       -6.1028  EGB        =      -16.3066
 1-4 VDW =        3.9998  1-4 EEL =      -26.5565  RESTRAINT  =        0.0000


   NSTEP       ENERGY          RMS            GMAX         NAME    NUMBER
      4       3.2393E+01     2.3964E+01     8.8329E+01     C8         13

 BOND    =       10.5394  ANGLE   =       30.6127  DIHED      =        0.0654
 VDWAALS =       36.1792  EEL     =       -6.1002  EGB        =      -16.3208
 1-4 VDW =        3.9835  1-4 EEL =      -26.5659  RESTRAINT  =        0.0000


   NSTEP       ENERGY          RMS            GMAX         NAME    NUMBER
      5       3.0217E+01     2.2603E+01     8.3872E+01     C1          1

 BOND    =        9.4969  ANGLE   =       30.4644  DIHED      =        0.0672
 VDWAALS =       35.2368  EEL     =       -6.0976  EGB        =      -16.3382
 1-4 VDW =        3.9648  1-4 EEL =      -26.5772  RESTRAINT  =        0.0000


   NSTEP       ENERGY          RMS            GMAX         NAME    NUMBER
      6       2.7770E+01     2.1045E+01     7.9988E+01     C1          1

 BOND    =        8.3713  ANGLE   =       30.3034  DIHED      =        0.0695
 VDWAALS =       34.1270  EEL     =       -6.0951  EGB        =      -16.3594
 1-4 VDW =        3.9437  1-4 EEL =      -26.5905  RESTRAINT  =        0.0000


   NSTEP       ENERGY          RMS            GMAX         NAME    NUMBER
      7       2.5057E+01     1.9290E+01     7.5496E+01     C1          1

 BOND    =        7.1912  ANGLE   =       30.1327  DIHED      =        0.0723
 VDWAALS =       32.8248  EEL     =       -6.0930  EGB        =      -16.3853
 1-4 VDW =        3.9205  1-4 EEL =      -26.6061  RESTRAINT  =        0.0000


   NSTEP       ENERGY          RMS            GMAX         NAME    NUMBER
      8       2.2101E+01     1.7355E+01     7.0345E+01     C1          1

 BOND    =        6.0019  ANGLE   =       29.9572  DIHED      =        0.0757
 VDWAALS =       31.3035  EEL     =       -6.0919  EGB        =      -16.4168
 1-4 VDW =        3.8958  1-4 EEL =      -26.6244  RESTRAINT  =        0.0000


   NSTEP       ENERGY          RMS            GMAX         NAME    NUMBER
      9       1.8944E+01     1.5288E+01     6.4513E+01     C1          1

 BOND    =        4.8665  ANGLE   =       29.7823  DIHED      =        0.0800
 VDWAALS =       29.5374  EEL     =       -6.0925  EGB        =      -16.4553
 1-4 VDW =        3.8709  1-4 EEL =      -26.6455  RESTRAINT  =        0.0000


   NSTEP       ENERGY          RMS            GMAX         NAME    NUMBER
     10       1.5644E+01     1.3179E+01     5.8024E+01     C1          1

 BOND    =        3.8589  ANGLE   =       29.6130  DIHED      =        0.0851
 VDWAALS =       27.5060  EEL     =       -6.0957  EGB        =      -16.5017
 1-4 VDW =        3.8484  1-4 EEL =      -26.6696  RESTRAINT  =        0.0000


   NSTEP       ENERGY          RMS            GMAX         NAME    NUMBER
     11       1.2267E+01     1.1151E+01     5.0994E+01     C1          1

 BOND    =        3.0457  ANGLE   =       29.4495  DIHED      =        0.0910
 VDWAALS =       25.2043  EEL     =       -6.1019  EGB        =      -16.5568
 1-4 VDW =        3.8324  1-4 EEL =      -26.6967  RESTRAINT  =        0.0000


   NSTEP       ENERGY          RMS            GMAX         NAME    NUMBER
     12       8.8631E+00     9.3279E+00     4.3663E+01     C1          1

 BOND    =        2.4531  ANGLE   =       29.2823  DIHED      =        0.0971
 VDWAALS =       22.6587  EEL     =       -6.1098  EGB        =      -16.6197
 1-4 VDW =        3.8287  1-4 EEL =      -26.7273  RESTRAINT  =        0.0000


   NSTEP       ENERGY          RMS            GMAX         NAME    NUMBER
     13       5.4559E+00     7.7647E+00     3.6370E+01     C1          1

 BOND    =        2.0431  ANGLE   =       29.0918  DIHED      =        0.1022
 VDWAALS =       19.9414  EEL     =       -6.1133  EGB        =      -16.6877
 1-4 VDW =        3.8419  1-4 EEL =      -26.7637  RESTRAINT  =        0.0000


   NSTEP       ENERGY          RMS            GMAX         NAME    NUMBER
     14       2.0596E+00     6.4225E+00     3.3120E+01     O3          5

 BOND    =        1.7345  ANGLE   =       28.8582  DIHED      =        0.1048
 VDWAALS =       17.1595  EEL     =       -6.0972  EGB        =      -16.7576
 1-4 VDW =        3.8692  1-4 EEL =      -26.8119  RESTRAINT  =        0.0000


   NSTEP       ENERGY          RMS            GMAX         NAME    NUMBER
     15      -1.2915E+00     5.2350E+00     2.9251E+01     O3          5

 BOND    =        1.4721  ANGLE   =       28.5761  DIHED      =        0.1044
 VDWAALS =       14.4119  EEL     =       -6.0391  EGB        =      -16.8328
 1-4 VDW =        3.8964  1-4 EEL =      -26.8804  RESTRAINT  =        0.0000


   NSTEP       ENERGY          RMS            GMAX         NAME    NUMBER
     16      -4.5380E+00     4.1844E+00     2.4690E+01     O3          5

 BOND    =        1.2615  ANGLE   =       28.2397  DIHED      =        0.1020
 VDWAALS =       11.7662  EEL     =       -5.9200  EGB        =      -16.9285
 1-4 VDW =        3.9143  1-4 EEL =      -26.9731  RESTRAINT  =        0.0000


   NSTEP       ENERGY          RMS            GMAX         NAME    NUMBER
     17      -7.6142E+00     3.2867E+00     1.9676E+01     O3          5

 BOND    =        1.0948  ANGLE   =       27.8644  DIHED      =        0.0981
 VDWAALS =        9.2879  EEL     =       -5.7306  EGB        =      -17.0608
 1-4 VDW =        3.9301  1-4 EEL =      -27.0982  RESTRAINT  =        0.0000


   NSTEP       ENERGY          RMS            GMAX         NAME    NUMBER
     18      -1.0314E+01     3.8639E+00     1.4599E+01     O3          5

 BOND    =        1.1437  ANGLE   =       27.4833  DIHED      =        0.0937
 VDWAALS =        7.0220  EEL     =       -5.4697  EGB        =      -17.2565
 1-4 VDW =        3.9049  1-4 EEL =      -27.2359  RESTRAINT  =        0.0000


   NSTEP       ENERGY          RMS            GMAX         NAME    NUMBER
     19      -4.8503E-01     2.8641E+01     1.5334E+02     C3          4

 BOND    =       11.3047  ANGLE   =       28.3736  DIHED      =        0.0836
 VDWAALS =        5.6447  EEL     =       -5.1114  EGB        =      -17.2385
 1-4 VDW =        4.0823  1-4 EEL =      -27.6240  RESTRAINT  =        0.0000


   NSTEP       ENERGY          RMS            GMAX         NAME    NUMBER
     20      -1.1267E+01     8.0707E+00     3.8950E+01     C8         13

 BOND    =        1.6939  ANGLE   =       27.4156  DIHED      =        0.0886
 VDWAALS =        5.5611  EEL     =       -5.1771  EGB        =      -17.3584
 1-4 VDW =        3.9662  1-4 EEL =      -27.4569  RESTRAINT  =        0.0000


   NSTEP       ENERGY          RMS            GMAX         NAME    NUMBER
     21      -9.4325E+00     1.4665E+01     6.8184E+01     C3          4

 BOND    =        3.8640  ANGLE   =       27.5106  DIHED      =        0.0911
 VDWAALS =        5.2538  EEL     =       -5.2065  EGB        =      -17.5006
 1-4 VDW =        3.8589  1-4 EEL =      -27.3038  RESTRAINT  =        0.0000


   NSTEP       ENERGY          RMS            GMAX         NAME    NUMBER
     22      -1.2542E+01     3.5917E+00     1.6432E+01     C8         13

 BOND    =        1.1074  ANGLE   =       27.1858  DIHED      =        0.0880
 VDWAALS =        5.1861  EEL     =       -5.1465  EGB        =      -17.4447
 1-4 VDW =        3.8975  1-4 EEL =      -27.4154  RESTRAINT  =        0.0000


   NSTEP       ENERGY          RMS            GMAX         NAME    NUMBER
     23      -1.2160E+01     7.6756E+00     4.3694E+01     C8         13

 BOND    =        1.6652  ANGLE   =       27.3309  DIHED      =        0.0869
 VDWAALS =        4.8443  EEL     =       -5.0456  EGB        =      -17.4544
 1-4 VDW =        3.9358  1-4 EEL =      -27.5236  RESTRAINT  =        0.0000


   NSTEP       ENERGY          RMS            GMAX         NAME    NUMBER
     24      -1.3179E+01     2.2952E+00     9.6870E+00     O3          5

 BOND    =        0.9577  ANGLE   =       27.1178  DIHED      =        0.0869
 VDWAALS =        4.7653  EEL     =       -5.0505  EGB        =      -17.4841
 1-4 VDW =        3.9142  1-4 EEL =      -27.4863  RESTRAINT  =        0.0000


   NSTEP       ENERGY          RMS            GMAX         NAME    NUMBER
     25      -1.3381E+01     3.6260E+00     1.7148E+01     C8         13

 BOND    =        1.0889  ANGLE   =       27.0980  DIHED      =        0.0856
 VDWAALS =        4.4735  EEL     =       -5.0019  EGB        =      -17.5302
 1-4 VDW =        3.8990  1-4 EEL =      -27.4938  RESTRAINT  =        0.0000


   NSTEP       ENERGY          RMS            GMAX         NAME    NUMBER
     26      -1.3419E+01     4.9803E+00     2.7078E+01     C8         13

 BOND    =        1.2388  ANGLE   =       27.1145  DIHED      =        0.0857
 VDWAALS =        4.2746  EEL     =       -4.9432  EGB        =      -17.5458
 1-4 VDW =        3.9101  1-4 EEL =      -27.5535  RESTRAINT  =        0.0000


   NSTEP       ENERGY          RMS            GMAX         NAME    NUMBER
     27      -1.3456E+01     5.9087E+00     3.0438E+01     C8         13

 BOND    =        1.3552  ANGLE   =       27.1266  DIHED      =        0.0839
 VDWAALS =        4.1042  EEL     =       -4.9259  EGB        =      -17.5755
 1-4 VDW =        3.9052  1-4 EEL =      -27.5300  RESTRAINT  =        0.0000


   NSTEP       ENERGY          RMS            GMAX         NAME    NUMBER
     28      -1.3268E+01     7.7718E+00     3.8029E+01     C8         13

 BOND    =        1.7114  ANGLE   =       27.1437  DIHED      =        0.0856
 VDWAALS =        3.9523  EEL     =       -4.8778  EGB        =      -17.6032
 1-4 VDW =        3.8994  1-4 EEL =      -27.5792  RESTRAINT  =        0.0000


   NSTEP       ENERGY          RMS            GMAX         NAME    NUMBER
     29      -1.4227E+01     1.9442E+00     7.9621E+00     O3          5

 BOND    =        0.9437  ANGLE   =       26.9985  DIHED      =        0.0838
 VDWAALS =        3.8906  EEL     =       -4.8663  EGB        =      -17.5988
 1-4 VDW =        3.9047  1-4 EEL =      -27.5833  RESTRAINT  =        0.0000


   NSTEP       ENERGY          RMS            GMAX         NAME    NUMBER
     30      -1.4308E+01     4.3190E+00     1.8182E+01     C3          4

 BOND    =        1.1476  ANGLE   =       27.0094  DIHED      =        0.0838
 VDWAALS =        3.6205  EEL     =       -4.8272  EGB        =      -17.6633
 1-4 VDW =        3.8881  1-4 EEL =      -27.5665  RESTRAINT  =        0.0000


   NSTEP       ENERGY          RMS            GMAX         NAME    NUMBER
     31      -1.4170E+01     6.3663E+00     3.3897E+01     C2          2

 BOND    =        1.3854  ANGLE   =       27.0080  DIHED      =        0.0814
 VDWAALS =        3.4925  EEL     =       -4.7585  EGB        =      -17.6301
 1-4 VDW =        3.9210  1-4 EEL =      -27.6701  RESTRAINT  =        0.0000


   NSTEP       ENERGY          RMS            GMAX         NAME    NUMBER
     32      -1.4753E+01     1.7065E+00     7.1361E+00     O3          5

 BOND    =        0.9316  ANGLE   =       26.9505  DIHED      =        0.0826
 VDWAALS =        3.4463  EEL     =       -4.7694  EGB        =      -17.6669
 1-4 VDW =        3.8999  1-4 EEL =      -27.6275  RESTRAINT  =        0.0000


   NSTEP       ENERGY          RMS            GMAX         NAME    NUMBER
     33      -1.4907E+01     2.5617E+00     1.1992E+01     C8         13

 BOND    =        0.9715  ANGLE   =       26.9575  DIHED      =        0.0819
 VDWAALS =        3.2544  EEL     =       -4.7351  EGB        =      -17.7043
 1-4 VDW =        3.8944  1-4 EEL =      -27.6276  RESTRAINT  =        0.0000


   NSTEP       ENERGY          RMS            GMAX         NAME    NUMBER
     34      -1.4943E+01     3.7329E+00     2.0989E+01     C8         13

 BOND    =        1.0737  ANGLE   =       26.9605  DIHED      =        0.0815
 VDWAALS =        3.1167  EEL     =       -4.6863  EGB        =      -17.7117
 1-4 VDW =        3.9028  1-4 EEL =      -27.6800  RESTRAINT  =        0.0000


   NSTEP       ENERGY          RMS            GMAX         NAME    NUMBER
     35      -1.5002E+01     4.2472E+00     2.3490E+01     C8         13

 BOND    =        1.1352  ANGLE   =       26.9687  DIHED      =        0.0810
 VDWAALS =        2.9976  EEL     =       -4.6822  EGB        =      -17.7499
 1-4 VDW =        3.8899  1-4 EEL =      -27.6419  RESTRAINT  =        0.0000


   NSTEP       ENERGY          RMS            GMAX         NAME    NUMBER
     36      -1.4947E+01     5.3693E+00     3.1792E+01     C8         13

 BOND    =        1.2425  ANGLE   =       27.0170  DIHED      =        0.0806
 VDWAALS =        2.8942  EEL     =       -4.6282  EGB        =      -17.7429
 1-4 VDW =        3.9063  1-4 EEL =      -27.7163  RESTRAINT  =        0.0000


   NSTEP       ENERGY          RMS            GMAX         NAME    NUMBER
     37      -1.5459E+01     1.3641E+00     6.0895E+00     O3          5

 BOND    =        0.9114  ANGLE   =       26.8931  DIHED      =        0.0805
 VDWAALS =        2.8455  EEL     =       -4.6328  EGB        =      -17.7636
 1-4 VDW =        3.8948  1-4 EEL =      -27.6878  RESTRAINT  =        0.0000


   NSTEP       ENERGY          RMS            GMAX         NAME    NUMBER
     38      -1.5640E+01     2.1227E+00     8.3768E+00     C8         13

 BOND    =        0.9247  ANGLE   =       26.9079  DIHED      =        0.0796
 VDWAALS =        2.6450  EEL     =       -4.5896  EGB        =      -17.7999
 1-4 VDW =        3.8917  1-4 EEL =      -27.6992  RESTRAINT  =        0.0000


   NSTEP       ENERGY          RMS            GMAX         NAME    NUMBER
     39      -1.5566E+01     4.3700E+00     2.0735E+01     C8         13

 BOND    =        1.1597  ANGLE   =       26.8946  DIHED      =        0.0798
 VDWAALS =        2.5074  EEL     =       -4.5478  EGB        =      -17.8214
 1-4 VDW =        3.8940  1-4 EEL =      -27.7320  RESTRAINT  =        0.0000


   NSTEP       ENERGY          RMS            GMAX         NAME    NUMBER
     40      -1.5882E+01     1.4175E+00     5.4790E+00     O3          5

 BOND    =        0.9088  ANGLE   =       26.8630  DIHED      =        0.0791
 VDWAALS =        2.4710  EEL     =       -4.5419  EGB        =      -17.8251
 1-4 VDW =        3.8934  1-4 EEL =      -27.7302  RESTRAINT  =        0.0000


   NSTEP       ENERGY          RMS            GMAX         NAME    NUMBER
     41      -1.5988E+01     1.9446E+00     7.3973E+00     C8         13

 BOND    =        0.9161  ANGLE   =       26.8832  DIHED      =        0.0787
 VDWAALS =        2.3484  EEL     =       -4.5207  EGB        =      -17.8565
 1-4 VDW =        3.8859  1-4 EEL =      -27.7236  RESTRAINT  =        0.0000


   NSTEP       ENERGY          RMS            GMAX         NAME    NUMBER
     42      -1.6032E+01     2.8656E+00     1.2892E+01     C8         13

 BOND    =        0.9860  ANGLE   =       26.8581  DIHED      =        0.0780
 VDWAALS =        2.2516  EEL     =       -4.4809  EGB        =      -17.8545
 1-4 VDW =        3.8989  1-4 EEL =      -27.7690  RESTRAINT  =        0.0000


   NSTEP       ENERGY          RMS            GMAX         NAME    NUMBER
     43      -1.6055E+01     3.6321E+00     1.6899E+01     C3          4

 BOND    =        1.0484  ANGLE   =       26.8845  DIHED      =        0.0784
 VDWAALS =        2.1668  EEL     =       -4.4848  EGB        =      -17.9010
 1-4 VDW =        3.8762  1-4 EEL =      -27.7233  RESTRAINT  =        0.0000


   NSTEP       ENERGY          RMS            GMAX         NAME    NUMBER
     44      -1.6001E+01     4.9012E+00     2.7684E+01     C2          2

 BOND    =        1.1550  ANGLE   =       26.8665  DIHED      =        0.0767
 VDWAALS =        2.1004  EEL     =       -4.4356  EGB        =      -17.8688
 1-4 VDW =        3.9068  1-4 EEL =      -27.8018  RESTRAINT  =        0.0000


   NSTEP       ENERGY          RMS            GMAX         NAME    NUMBER
     45      -1.6341E+01     1.2577E+00     4.8675E+00     O3          5

 BOND    =        0.8925  ANGLE   =       26.8394  DIHED      =        0.0775
 VDWAALS =        2.0715  EEL     =       -4.4453  EGB        =      -17.8983
 1-4 VDW =        3.8893  1-4 EEL =      -27.7677  RESTRAINT  =        0.0000


   NSTEP       ENERGY          RMS            GMAX         NAME    NUMBER
     46      -1.6443E+01     1.8830E+00     8.1998E+00     C8         13

 BOND    =        0.9094  ANGLE   =       26.8537  DIHED      =        0.0769
 VDWAALS =        1.9480  EEL     =       -4.4214  EGB        =      -17.9275
 1-4 VDW =        3.8833  1-4 EEL =      -27.7653  RESTRAINT  =        0.0000


   NSTEP       ENERGY          RMS            GMAX         NAME    NUMBER
     47      -1.6461E+01     2.9184E+00     1.5884E+01     C8         13

 BOND    =        0.9796  ANGLE   =       26.8498  DIHED      =        0.0766
 VDWAALS =        1.8612  EEL     =       -4.3867  EGB        =      -17.9329
 1-4 VDW =        3.8923  1-4 EEL =      -27.8008  RESTRAINT  =        0.0000


   NSTEP       ENERGY          RMS            GMAX         NAME    NUMBER
     48      -1.6502E+01     3.2664E+00     1.7435E+01     C8         13

 BOND    =        1.0102  ANGLE   =       26.8660  DIHED      =        0.0762
 VDWAALS =        1.7842  EEL     =       -4.3850  EGB        =      -17.9618
 1-4 VDW =        3.8795  1-4 EEL =      -27.7716  RESTRAINT  =        0.0000


   NSTEP       ENERGY          RMS            GMAX         NAME    NUMBER
     49      -1.6469E+01     4.1650E+00     2.4087E+01     C8         13

 BOND    =        1.0762  ANGLE   =       26.8911  DIHED      =        0.0761
 VDWAALS =        1.7218  EEL     =       -4.3485  EGB        =      -17.9591
 1-4 VDW =        3.8927  1-4 EEL =      -27.8197  RESTRAINT  =        0.0000


   NSTEP       ENERGY          RMS            GMAX         NAME    NUMBER
     50      -1.6778E+01     1.0810E+00     4.3215E+00     O3          5

 BOND    =        0.8793  ANGLE   =       26.8168  DIHED      =        0.0758
 VDWAALS =        1.6891  EEL     =       -4.3504  EGB        =      -17.9716
 1-4 VDW =        3.8852  1-4 EEL =      -27.8024  RESTRAINT  =        0.0000


   NSTEP       ENERGY          RMS            GMAX         NAME    NUMBER
     51      -1.6892E+01     1.6445E+00     6.1463E+00     C8         13

 BOND    =        0.8890  ANGLE   =       26.8330  DIHED      =        0.0753
 VDWAALS =        1.5619  EEL     =       -4.3247  EGB        =      -18.0045
 1-4 VDW =        3.8777  1-4 EEL =      -27.7997  RESTRAINT  =        0.0000


   NSTEP       ENERGY          RMS            GMAX         NAME    NUMBER
     52      -1.4317E+01     1.3318E+01     6.4292E+01     C8         13

 BOND    =        3.2070  ANGLE   =       27.3173  DIHED      =        0.0728
 VDWAALS =        1.2806  EEL     =       -4.1934  EGB        =      -17.9935
 1-4 VDW =        3.9419  1-4 EEL =      -27.9498  RESTRAINT  =        0.0000


   NSTEP       ENERGY          RMS            GMAX         NAME    NUMBER
     53      -1.6962E+01     1.2137E+00     4.0926E+00     O3          5

 BOND    =        0.8759  ANGLE   =       26.8108  DIHED      =        0.0749
 VDWAALS =        1.5215  EEL     =       -4.3063  EGB        =      -18.0029
 1-4 VDW =        3.8849  1-4 EEL =      -27.8206  RESTRAINT  =        0.0000


   NSTEP       ENERGY          RMS            GMAX         NAME    NUMBER
     54      -1.7037E+01     1.1963E+00     4.1496E+00     C8         13

 BOND    =        0.8807  ANGLE   =       26.8028  DIHED      =        0.0747
 VDWAALS =        1.4547  EEL     =       -4.2901  EGB        =      -18.0179
 1-4 VDW =        3.8832  1-4 EEL =      -27.8246  RESTRAINT  =        0.0000


   NSTEP       ENERGY          RMS            GMAX         NAME    NUMBER
     55      -1.7434E+01     4.3846E+00     2.6149E+01     C3          4

 BOND    =        1.1584  ANGLE   =       26.7491  DIHED      =        0.0729
 VDWAALS =        0.8788  EEL     =       -4.1428  EGB        =      -18.1573
 1-4 VDW =        3.8683  1-4 EEL =      -27.8614  RESTRAINT  =        0.0000


   NSTEP       ENERGY          RMS            GMAX         NAME    NUMBER
     56      -1.7452E+01     5.4298E+00     3.2899E+01     C3          4

 BOND    =        1.3035  ANGLE   =       26.7406  DIHED      =        0.0725
 VDWAALS =        0.7367  EEL     =       -4.1042  EGB        =      -18.1949
 1-4 VDW =        3.8646  1-4 EEL =      -27.8712  RESTRAINT  =        0.0000


   NSTEP       ENERGY          RMS            GMAX         NAME    NUMBER
     57      -1.8342E+01     4.2948E+00     2.5557E+01     C3          4

 BOND    =        1.1558  ANGLE   =       26.7383  DIHED      =        0.0696
 VDWAALS =        0.0510  EEL     =       -3.8908  EGB        =      -18.3734
 1-4 VDW =        3.8566  1-4 EEL =      -27.9489  RESTRAINT  =        0.0000


   NSTEP       ENERGY          RMS            GMAX         NAME    NUMBER
     58      -2.0103E+01     3.4387E+00     1.4513E+01     O3          5

 BOND    =        1.2898  ANGLE   =       27.1343  DIHED      =        0.0705
 VDWAALS =       -1.8953  EEL     =       -3.0331  EGB        =      -19.2139
 1-4 VDW =        3.8328  1-4 EEL =      -28.2884  RESTRAINT  =        0.0000


   NSTEP       ENERGY          RMS            GMAX         NAME    NUMBER
     59      -1.9802E+01     8.1064E+00     2.5001E+01     C9         14

 BOND    =        1.4462  ANGLE   =       27.8793  DIHED      =        0.0810
 VDWAALS =       -2.5517  EEL     =       -2.4546  EGB        =      -19.5495
 1-4 VDW =        3.8160  1-4 EEL =      -28.4690  RESTRAINT  =        0.0000


   NSTEP       ENERGY          RMS            GMAX         NAME    NUMBER
     60      -2.0551E+01     2.5927E+00     7.7839E+00     C9         14

 BOND    =        0.9074  ANGLE   =       27.3523  DIHED      =        0.0741
 VDWAALS =       -2.2111  EEL     =       -2.7824  EGB        =      -19.3497
 1-4 VDW =        3.8234  1-4 EEL =      -28.3648  RESTRAINT  =        0.0000


   NSTEP       ENERGY          RMS            GMAX         NAME    NUMBER
     61      -2.0784E+01     1.2932E+00     5.0313E+00     O3          5

 BOND    =        0.8158  ANGLE   =       27.1946  DIHED      =        0.0753
 VDWAALS =       -2.3423  EEL     =       -2.6450  EGB        =      -19.3201
 1-4 VDW =        3.8329  1-4 EEL =      -28.3954  RESTRAINT  =        0.0000


   NSTEP       ENERGY          RMS            GMAX         NAME    NUMBER
     62      -2.0785E+01     1.2095E+00     4.3033E+00     O3          5

 BOND    =        0.8082  ANGLE   =       27.2022  DIHED      =        0.0752
 VDWAALS =       -2.3345  EEL     =       -2.6535  EGB        =      -19.3218
 1-4 VDW =        3.8323  1-4 EEL =      -28.3935  RESTRAINT  =        0.0000


   NSTEP       ENERGY          RMS            GMAX         NAME    NUMBER
     63      -2.0852E+01     1.1237E+00     3.3331E+00     O5          9

 BOND    =        0.8326  ANGLE   =       27.1698  DIHED      =        0.0747
 VDWAALS =       -2.3770  EEL     =       -2.6409  EGB        =      -19.3622
 1-4 VDW =        3.8311  1-4 EEL =      -28.3804  RESTRAINT  =        0.0000


   NSTEP       ENERGY          RMS            GMAX         NAME    NUMBER
     64      -2.0857E+01     1.4912E+00     5.9461E+00     O5          9

 BOND    =        0.8605  ANGLE   =       27.1595  DIHED      =        0.0745
 VDWAALS =       -2.3930  EEL     =       -2.6361  EGB        =      -19.3777
 1-4 VDW =        3.8306  1-4 EEL =      -28.3754  RESTRAINT  =        0.0000


   NSTEP       ENERGY          RMS            GMAX         NAME    NUMBER
     65      -2.0992E+01     1.2731E+00     5.2956E+00     O5          9

 BOND    =        0.8383  ANGLE   =       27.1225  DIHED      =        0.0732
 VDWAALS =       -2.4885  EEL     =       -2.5849  EGB        =      -19.4315
 1-4 VDW =        3.8379  1-4 EEL =      -28.3588  RESTRAINT  =        0.0000


   NSTEP       ENERGY          RMS            GMAX         NAME    NUMBER
     66      -2.1149E+01     3.2277E+00     1.2596E+01     C8         13

 BOND    =        1.0249  ANGLE   =       27.2485  DIHED      =        0.0709
 VDWAALS =       -3.1076  EEL     =       -2.1511  EGB        =      -19.9438
 1-4 VDW =        3.9155  1-4 EEL =      -28.2064  RESTRAINT  =        0.0000


   NSTEP       ENERGY          RMS            GMAX         NAME    NUMBER
     67      -2.1314E+01     1.8536E+00     6.4945E+00     C8         13

 BOND    =        0.8541  ANGLE   =       27.0956  DIHED      =        0.0699
 VDWAALS =       -2.8920  EEL     =       -2.3297  EGB        =      -19.7195
 1-4 VDW =        3.8798  1-4 EEL =      -28.2719  RESTRAINT  =        0.0000


   NSTEP       ENERGY          RMS            GMAX         NAME    NUMBER
     68      -2.0516E+01     8.0894E+00     3.0168E+01     C9         14

 BOND    =        1.5752  ANGLE   =       27.4534  DIHED      =        0.0622
 VDWAALS =       -3.1992  EEL     =       -2.0866  EGB        =      -20.0677
 1-4 VDW =        3.8699  1-4 EEL =      -28.1230  RESTRAINT  =        0.0000


   NSTEP       ENERGY          RMS            GMAX         NAME    NUMBER
     69      -2.1435E+01     1.6385E+00     5.9046E+00     O4          7

 BOND    =        0.7987  ANGLE   =       27.1188  DIHED      =        0.0670
 VDWAALS =       -2.9906  EEL     =       -2.2617  EGB        =      -19.8116
 1-4 VDW =        3.8760  1-4 EEL =      -28.2320  RESTRAINT  =        0.0000


   NSTEP       ENERGY          RMS            GMAX         NAME    NUMBER
     70      -2.1584E+01     1.4851E+00     5.8529E+00     O4          7

 BOND    =        0.8002  ANGLE   =       27.0598  DIHED      =        0.0632
 VDWAALS =       -3.0494  EEL     =       -2.2291  EGB        =      -19.8912
 1-4 VDW =        3.8575  1-4 EEL =      -28.1952  RESTRAINT  =        0.0000


   NSTEP       ENERGY          RMS            GMAX         NAME    NUMBER
     71      -2.1692E+01     2.9337E+00     1.6370E+01     C3          4

 BOND    =        0.9416  ANGLE   =       26.9791  DIHED      =        0.0576
 VDWAALS =       -3.1521  EEL     =       -2.1649  EGB        =      -20.0543
 1-4 VDW =        3.8216  1-4 EEL =      -28.1205  RESTRAINT  =        0.0000


   NSTEP       ENERGY          RMS            GMAX         NAME    NUMBER
     72      -2.1895E+01     2.2762E+00     1.1869E+01     C2          2

 BOND    =        1.0146  ANGLE   =       26.8713  DIHED      =        0.0540
 VDWAALS =       -3.2705  EEL     =       -2.0494  EGB        =      -20.2463
 1-4 VDW =        3.7886  1-4 EEL =      -28.0577  RESTRAINT  =        0.0000


   NSTEP       ENERGY          RMS            GMAX         NAME    NUMBER
     73      -2.1914E+01     1.6609E+00     6.3027E+00     C4          6

 BOND    =        0.9443  ANGLE   =       26.8872  DIHED      =        0.0544
 VDWAALS =       -3.2464  EEL     =       -2.0758  EGB        =      -20.2012
 1-4 VDW =        3.7959  1-4 EEL =      -28.0724  RESTRAINT  =        0.0000


   NSTEP       ENERGY          RMS            GMAX         NAME    NUMBER
     74      -2.2023E+01     1.0404E+00     3.3312E+00     C3          4

 BOND    =        0.8987  ANGLE   =       26.8775  DIHED      =        0.0540
 VDWAALS =       -3.2891  EEL     =       -2.0427  EGB        =      -20.2605
 1-4 VDW =        3.7763  1-4 EEL =      -28.0367  RESTRAINT  =        0.0000


   NSTEP       ENERGY          RMS            GMAX         NAME    NUMBER
     75      -2.2052E+01     1.1594E+00     5.6727E+00     O4          7

 BOND    =        0.9071  ANGLE   =       26.8757  DIHED      =        0.0541
 VDWAALS =       -3.3180  EEL     =       -2.0189  EGB        =      -20.3037
 1-4 VDW =        3.7622  1-4 EEL =      -28.0109  RESTRAINT  =        0.0000


   NSTEP       ENERGY          RMS            GMAX         NAME    NUMBER
     76      -2.2064E+01     1.0770E+00     5.2711E+00     O4          7

 BOND    =        0.9017  ANGLE   =       26.8709  DIHED      =        0.0539
 VDWAALS =       -3.3194  EEL     =       -2.0186  EGB        =      -20.3034
 1-4 VDW =        3.7622  1-4 EEL =      -28.0114  RESTRAINT  =        0.0000


   NSTEP       ENERGY          RMS            GMAX         NAME    NUMBER
     77      -2.2077E+01     9.9911E-01     4.8041E+00     O4          7

 BOND    =        0.8960  ANGLE   =       26.8654  DIHED      =        0.0537
 VDWAALS =       -3.3213  EEL     =       -2.0182  EGB        =      -20.3029
 1-4 VDW =        3.7622  1-4 EEL =      -28.0118  RESTRAINT  =        0.0000


   NSTEP       ENERGY          RMS            GMAX         NAME    NUMBER
     78      -2.2091E+01     9.2623E-01     4.2767E+00     O4          7

 BOND    =        0.8895  ANGLE   =       26.8595  DIHED      =        0.0535
 VDWAALS =       -3.3237  EEL     =       -2.0180  EGB        =      -20.3023
 1-4 VDW =        3.7622  1-4 EEL =      -28.0119  RESTRAINT  =        0.0000


   NSTEP       ENERGY          RMS            GMAX         NAME    NUMBER
     79      -2.2107E+01     8.5673E-01     3.7033E+00     O4          7

 BOND    =        0.8820  ANGLE   =       26.8535  DIHED      =        0.0533
 VDWAALS =       -3.3267  EEL     =       -2.0179  EGB        =      -20.3014
 1-4 VDW =        3.7621  1-4 EEL =      -28.0119  RESTRAINT  =        0.0000


   NSTEP       ENERGY          RMS            GMAX         NAME    NUMBER
     80      -2.0948E+01     4.7006E+00     2.7641E+01     O4          7

 BOND    =        1.7429  ANGLE   =       27.2086  DIHED      =        0.0893
 VDWAALS =       -3.5021  EEL     =       -2.0209  EGB        =      -20.2527
 1-4 VDW =        3.7837  1-4 EEL =      -27.9971  RESTRAINT  =        0.0000


   NSTEP       ENERGY          RMS            GMAX         NAME    NUMBER
     81      -2.2213E+01     8.6194E-01     3.6075E+00     O4          7

 BOND    =        0.8421  ANGLE   =       26.8143  DIHED      =        0.0526
 VDWAALS =       -3.3704  EEL     =       -2.0183  EGB        =      -20.2871
 1-4 VDW =        3.7619  1-4 EEL =      -28.0080  RESTRAINT  =        0.0000


   NSTEP       ENERGY          RMS            GMAX         NAME    NUMBER
     82      -2.2042E+01     3.0932E+00     1.3281E+01     C1          1

 BOND    =        0.8369  ANGLE   =       26.9926  DIHED      =        0.0582
 VDWAALS =       -3.4181  EEL     =       -2.0439  EGB        =      -20.2539
 1-4 VDW =        3.7663  1-4 EEL =      -27.9805  RESTRAINT  =        0.0000


   NSTEP       ENERGY          RMS            GMAX         NAME    NUMBER
     83      -2.2243E+01     6.6763E-01     2.2687E+00     C1          1

 BOND    =        0.7811  ANGLE   =       26.8470  DIHED      =        0.0534
 VDWAALS =       -3.3843  EEL     =       -2.0255  EGB        =      -20.2774
 1-4 VDW =        3.7625  1-4 EEL =      -28.0002  RESTRAINT  =        0.0000


   NSTEP       ENERGY          RMS            GMAX         NAME    NUMBER
     84      -2.2268E+01     6.2946E-01     3.1662E+00     C4          6

 BOND    =        0.7758  ANGLE   =       26.8426  DIHED      =        0.0529
 VDWAALS =       -3.3910  EEL     =       -2.0335  EGB        =      -20.2790
 1-4 VDW =        3.7617  1-4 EEL =      -27.9978  RESTRAINT  =        0.0000


   NSTEP       ENERGY          RMS            GMAX         NAME    NUMBER
     85      -2.2261E+01     1.3946E+00     5.8978E+00     C3          4

 BOND    =        0.8003  ANGLE   =       26.8440  DIHED      =        0.0528
 VDWAALS =       -3.3994  EEL     =       -2.0440  EGB        =      -20.2815
 1-4 VDW =        3.7613  1-4 EEL =      -27.9949  RESTRAINT  =        0.0000


   NSTEP       ENERGY          RMS            GMAX         NAME    NUMBER
     86      -2.2271E+01     8.3421E-01     4.0296E+00     C4          6

 BOND    =        0.7799  ANGLE   =       26.8422  DIHED      =        0.0528
 VDWAALS =       -3.3937  EEL     =       -2.0369  EGB        =      -20.2798
 1-4 VDW =        3.7615  1-4 EEL =      -27.9968  RESTRAINT  =        0.0000


   NSTEP       ENERGY          RMS            GMAX         NAME    NUMBER
     87      -2.2305E+01     7.1084E-01     3.1323E+00     C3          4

 BOND    =        0.7958  ANGLE   =       26.8256  DIHED      =        0.0522
 VDWAALS =       -3.4026  EEL     =       -2.0537  EGB        =      -20.2858
 1-4 VDW =        3.7555  1-4 EEL =      -27.9914  RESTRAINT  =        0.0000


   NSTEP       ENERGY          RMS            GMAX         NAME    NUMBER
     88      -2.2304E+01     1.1659E+00     7.1954E+00     C3          4

 BOND    =        0.8207  ANGLE   =       26.8215  DIHED      =        0.0522
 VDWAALS =       -3.4081  EEL     =       -2.0645  EGB        =      -20.2899
 1-4 VDW =        3.7521  1-4 EEL =      -27.9880  RESTRAINT  =        0.0000


   NSTEP       ENERGY          RMS            GMAX         NAME    NUMBER
     89      -2.2306E+01     8.7142E-01     4.7794E+00     C3          4

 BOND    =        0.8045  ANGLE   =       26.8233  DIHED      =        0.0522
 VDWAALS =       -3.4049  EEL     =       -2.0581  EGB        =      -20.2874
 1-4 VDW =        3.7540  1-4 EEL =      -27.9900  RESTRAINT  =        0.0000


   NSTEP       ENERGY          RMS            GMAX         NAME    NUMBER
     90      -2.2329E+01     8.6963E-01     4.2514E+00     C2          2

 BOND    =        0.8148  ANGLE   =       26.8344  DIHED      =        0.0523
 VDWAALS =       -3.4151  EEL     =       -2.0745  EGB        =      -20.2781
 1-4 VDW =        3.7462  1-4 EEL =      -28.0088  RESTRAINT  =        0.0000


   NSTEP       ENERGY          RMS            GMAX         NAME    NUMBER
     91      -2.2333E+01     5.4864E-01     1.7869E+00     C2          2

 BOND    =        0.8043  ANGLE   =       26.8289  DIHED      =        0.0521
 VDWAALS =       -3.4123  EEL     =       -2.0698  EGB        =      -20.2807
 1-4 VDW =        3.7483  1-4 EEL =      -28.0034  RESTRAINT  =        0.0000


   NSTEP       ENERGY          RMS            GMAX         NAME    NUMBER
     92      -2.2349E+01     4.1522E-01     1.4543E+00     C4          6

 BOND    =        0.8129  ANGLE   =       26.8342  DIHED      =        0.0527
 VDWAALS =       -3.4171  EEL     =       -2.0764  EGB        =      -20.2827
 1-4 VDW =        3.7378  1-4 EEL =      -28.0101  RESTRAINT  =        0.0000


   NSTEP       ENERGY          RMS            GMAX         NAME    NUMBER
     93      -2.2354E+01     9.0983E-01     2.9782E+00     C8         13

 BOND    =        0.8540  ANGLE   =       26.8564  DIHED      =        0.0544
 VDWAALS =       -3.4279  EEL     =       -2.0916  EGB        =      -20.2880
 1-4 VDW =        3.7141  1-4 EEL =      -28.0258  RESTRAINT  =        0.0000


   NSTEP       ENERGY          RMS            GMAX         NAME    NUMBER
     94      -2.2357E+01     6.4238E-01     1.9523E+00     C6         10

 BOND    =        0.8344  ANGLE   =       26.8461  DIHED      =        0.0537
 VDWAALS =       -3.4237  EEL     =       -2.0856  EGB        =      -20.2858
 1-4 VDW =        3.7233  1-4 EEL =      -28.0196  RESTRAINT  =        0.0000


   NSTEP       ENERGY          RMS            GMAX         NAME    NUMBER
     95      -2.2381E+01     7.1751E-01     2.9871E+00     C3          4

 BOND    =        0.8729  ANGLE   =       26.8256  DIHED      =        0.0551
 VDWAALS =       -3.4374  EEL     =       -2.0978  EGB        =      -20.2753
 1-4 VDW =        3.7101  1-4 EEL =      -28.0343  RESTRAINT  =        0.0000


   NSTEP       ENERGY          RMS            GMAX         NAME    NUMBER
     96      -2.2381E+01     6.7683E-01     2.7795E+00     C3          4

 BOND    =        0.8699  ANGLE   =       26.8263  DIHED      =        0.0550
 VDWAALS =       -3.4366  EEL     =       -2.0972  EGB        =      -20.2758
 1-4 VDW =        3.7108  1-4 EEL =      -28.0335  RESTRAINT  =        0.0000


   NSTEP       ENERGY          RMS            GMAX         NAME    NUMBER
     97      -2.2414E+01     7.7851E-01     2.7677E+00     C2          2

 BOND    =        0.8506  ANGLE   =       26.8454  DIHED      =        0.0550
 VDWAALS =       -3.4553  EEL     =       -2.1105  EGB        =      -20.2648
 1-4 VDW =        3.7007  1-4 EEL =      -28.0352  RESTRAINT  =        0.0000


   NSTEP       ENERGY          RMS            GMAX         NAME    NUMBER
     98      -2.2418E+01     1.0409E+00     4.4174E+00     C2          2

 BOND    =        0.8497  ANGLE   =       26.8549  DIHED      =        0.0550
 VDWAALS =       -3.4623  EEL     =       -2.1157  EGB        =      -20.2608
 1-4 VDW =        3.6969  1-4 EEL =      -28.0359  RESTRAINT  =        0.0000


   NSTEP       ENERGY          RMS            GMAX         NAME    NUMBER
     99      -2.2477E+01     7.6503E-01     1.8317E+00     O4          7

 BOND    =        0.8289  ANGLE   =       26.8537  DIHED      =        0.0532
 VDWAALS =       -3.4885  EEL     =       -2.1340  EGB        =      -20.2430
 1-4 VDW =        3.6945  1-4 EEL =      -28.0415  RESTRAINT  =        0.0000


   NSTEP       ENERGY          RMS            GMAX         NAME    NUMBER
    100      -2.2505E+01     9.6660E-01     3.5449E+00     C2          2

 BOND    =        0.8240  ANGLE   =       26.8609  DIHED      =        0.0520
 VDWAALS =       -3.5095  EEL     =       -2.1497  EGB        =      -20.2296
 1-4 VDW =        3.6930  1-4 EEL =      -28.0463  RESTRAINT  =        0.0000


  Maximum number of minimization cycles reached.


                    FINAL RESULTS



   NSTEP       ENERGY          RMS            GMAX         NAME    NUMBER
    100      -2.2505E+01     9.6660E-01     3.5449E+00     C2          2

 BOND    =        0.8240  ANGLE   =       26.8609  DIHED      =        0.0520
 VDWAALS =       -3.5095  EEL     =       -2.1497  EGB        =      -20.2296
 1-4 VDW =        3.6930  1-4 EEL =      -28.0463  RESTRAINT  =        0.0000

--------------------------------------------------------------------------------
   5.  TIMINGS
--------------------------------------------------------------------------------

|    Read coords time           0.00 ( 0.33% of Total)
|    Fast Water setup           0.00 ( 0.01% of Total)
|                Calc gb radii              0.01 (26.72% of Gen B)
|                Calc gb diag               0.01 (42.18% of Gen B)
|                Calc gb off-diag           0.01 (30.80% of Gen B)
|                Other                      0.00 ( 0.30% of Gen B)
|             Gen Born time              0.02 (100.0% of Nonbo)
|             IPS excludes               0.00 ( 0.03% of Nonbo)
|          Nonbond force              0.02 (87.55% of Force)
|          Bond/Angle/Dihedral        0.00 (11.55% of Force)
|          Other                      0.00 ( 0.90% of Force)
|       Force time                 0.02 (100.0% of Runmd)
|    Runmd Time                 0.02 (37.05% of Total)
|    Other                      0.04 (62.62% of Total)
| Total time                 0.07 (99.41% of ALL  )

| Number of list builds   :          0

| Highest rstack allocated:          0
| Highest istack allocated:          0
|           Job began  at 15:17:29.678  on 04/20/2016
|           Setup done at 15:17:29.684  on 04/20/2016
|           Run   done at 15:17:29.745  on 04/20/2016
|     wallclock() was called    1828 times
