
          -------------------------------------------------------
          Amber 14 SANDER                              2014
          -------------------------------------------------------

| Run on 05/22/2015 at 14:45:53

|   Executable path: sander
| Working directory: /net/chevy/raid1/nigel/amber/library/amber_library/p
|          Hostname: chevy.lbl.gov

  [-O]verwriting output

File Assignments:
|  MDIN: sander.in                                                             
| MDOUT: PDY.min.out                                                           
|INPCRD: PDY.rst7                                                              
|  PARM: PDY.prmtop                                                            
|RESTRT: PDY.min.rst7                                                          
|  REFC: refc                                                                  
| MDVEL: mdvel                                                                 
| MDFRC: mdfrc                                                                 
|  MDEN: mden                                                                  
| MDCRD: mdcrd                                                                 
|MDINFO: mdinfo                                                                
|  MTMD: mtmd                                                                  
|INPDIP: inpdip                                                                
|RSTDIP: rstdip                                                                
|INPTRA: inptraj                                                               


 Here is the input file:

  short minimization                                                           
 &cntrl                                                                        
   imin=1, maxcyc=100, ncyc=50, ntpr=1, cut=99., ntb=0,                        
 /                                                                             

--------------------------------------------------------------------------------
   1.  RESOURCE   USE: 
--------------------------------------------------------------------------------

| Flags:                                                                        
|    NONPERIODIC   ntb=0 and igb=0: Setting up nonperiodic simulation
|  *** cutoff > system size, list only builds once
|Largest sphere to fit in unit cell has radius =    34.501
| New format PARM file being parsed.
| Version =    1.000 Date = 05/22/15 Time = 14:45:53
 NATOM  =      53 NTYPES =       9 NBONH =      26 MBONA  =      30
 NTHETH =      58 MTHETA =      41 NPHIH =      98 MPHIA  =      68
 NHPARM =       0 NPARM  =       0 NNB   =     290 NRES   =       1
 NBONA  =      30 NTHETA =      41 NPHIA =      68 NUMBND =      23
 NUMANG =      44 NPTRA  =      20 NATYP =      14 NPHB   =       0
 IFBOX  =       0 NMXRS  =      53 IFCAP =       0 NEXTRA =       0
 NCOPY  =       0


|     Memory Use     Allocated
|     Real                8516
|     Hollerith            162
|     Integer            29787
|     Max Pairs           1378
|     nblistReal           636
|     nblist Int       1210558
|       Total             4922 kbytes

| Note: 1-4 EEL scale factors are being read from the topology file.

| Note: 1-4 VDW scale factors are being read from the topology file.
| Duplicated    0 dihedrals
| Duplicated    0 dihedrals

--------------------------------------------------------------------------------
   2.  CONTROL  DATA  FOR  THE  RUN
--------------------------------------------------------------------------------

PDY                                                                             

General flags:
     imin    =       1, nmropt  =       0

Nature and format of input:
     ntx     =       1, irest   =       0, ntrx    =       1

Nature and format of output:
     ntxo    =       1, ntpr    =       1, ntrx    =       1, ntwr    =     500
     iwrap   =       0, ntwx    =       0, ntwv    =       0, ntwe    =       0
     ioutfm  =       0, ntwprt  =       0, idecomp =       0, rbornstat=      0

Potential function:
     ntf     =       1, ntb     =       0, igb     =       0, nsnb    =      25
     ipol    =       0, gbsa    =       0, iesp    =       0
     dielc   =   1.00000, cut     =  99.00000, intdiel =   1.00000

Frozen or restrained atoms:
     ibelly  =       0, ntr     =       0

Energy minimization:
     maxcyc  =     100, ncyc    =      50, ntmin   =       1
     dx0     =   0.01000, drms    =   0.00010
|  INFO: Old style inpcrd file read


--------------------------------------------------------------------------------
   3.  ATOMIC COORDINATES AND VELOCITIES
--------------------------------------------------------------------------------

PDY                                                                             
 begin time read from input coords =     0.000 ps

 Number of triangulated 3-point waters found:        0

     Sum of charges from parm topology file =  -0.00000100
     Forcing neutrality...

--------------------------------------------------------------------------------
   4.  RESULTS
--------------------------------------------------------------------------------

 ---------------------------------------------------

     eedmeth=4: Setting switch to one everywhere

 ---------------------------------------------------
| Local SIZE OF NONBOND LIST =       1095
| TOTAL SIZE OF NONBOND LIST =       1095


   NSTEP       ENERGY          RMS            GMAX         NAME    NUMBER
      1      -2.9606E+01     2.3014E+01     1.2275E+02     C5         12

 BOND    =       17.5555  ANGLE   =       34.8614  DIHED      =       14.7886
 VDWAALS =       -2.9712  EEL     =      -19.8975  HBOND      =        0.0000
 1-4 VDW =       15.0177  1-4 EEL =      -88.9601  RESTRAINT  =        0.0000


   NSTEP       ENERGY          RMS            GMAX         NAME    NUMBER
      2      -3.2918E+01     2.0796E+01     1.0987E+02     C5         12

 BOND    =       15.5546  ANGLE   =       33.6190  DIHED      =       14.7309
 VDWAALS =       -2.9787  EEL     =      -19.8467  HBOND      =        0.0000
 1-4 VDW =       15.0234  1-4 EEL =      -89.0207  RESTRAINT  =        0.0000


   NSTEP       ENERGY          RMS            GMAX         NAME    NUMBER
      3      -3.6461E+01     1.8261E+01     9.4887E+01     C5         12

 BOND    =       13.4758  ANGLE   =       32.2427  DIHED      =       14.6592
 VDWAALS =       -2.9904  EEL     =      -19.7836  HBOND      =        0.0000
 1-4 VDW =       15.0327  1-4 EEL =      -89.0970  RESTRAINT  =        0.0000


   NSTEP       ENERGY          RMS            GMAX         NAME    NUMBER
      4      -4.0125E+01     1.5444E+01     7.7749E+01     C5         12

 BOND    =       11.4172  ANGLE   =       30.7482  DIHED      =       14.5693
 VDWAALS =       -3.0090  EEL     =      -19.7042  HBOND      =        0.0000
 1-4 VDW =       15.0479  1-4 EEL =      -89.1941  RESTRAINT  =        0.0000


   NSTEP       ENERGY          RMS            GMAX         NAME    NUMBER
      5      -4.3756E+01     1.2469E+01     5.8795E+01     C5         12

 BOND    =        9.5115  ANGLE   =       29.1671  DIHED      =       14.4552
 VDWAALS =       -3.0395  EEL     =      -19.6031  HBOND      =        0.0000
 1-4 VDW =       15.0728  1-4 EEL =      -89.3200  RESTRAINT  =        0.0000


   NSTEP       ENERGY          RMS            GMAX         NAME    NUMBER
      6      -4.7184E+01     9.6269E+00     4.5050E+01     N9         18

 BOND    =        7.8908  ANGLE   =       27.5522  DIHED      =       14.3083
 VDWAALS =       -3.0908  EEL     =      -19.4730  HBOND      =        0.0000
 1-4 VDW =       15.1143  1-4 EEL =      -89.4862  RESTRAINT  =        0.0000


   NSTEP       ENERGY          RMS            GMAX         NAME    NUMBER
      7      -5.0315E+01     7.3328E+00     3.9435E+01     N9         18

 BOND    =        6.5782  ANGLE   =       25.9916  DIHED      =       14.1194
 VDWAALS =       -3.1776  EEL     =      -19.3056  HBOND      =        0.0000
 1-4 VDW =       15.1861  1-4 EEL =      -89.7077  RESTRAINT  =        0.0000


   NSTEP       ENERGY          RMS            GMAX         NAME    NUMBER
      8      -5.3200E+01     5.6621E+00     3.1860E+01     N9         18

 BOND    =        5.3829  ANGLE   =       24.6245  DIHED      =       13.8865
 VDWAALS =       -3.3151  EEL     =      -19.0986  HBOND      =        0.0000
 1-4 VDW =       15.3141  1-4 EEL =      -89.9941  RESTRAINT  =        0.0000


   NSTEP       ENERGY          RMS            GMAX         NAME    NUMBER
      9      -5.5863E+01     4.2944E+00     2.3351E+01     N9         18

 BOND    =        4.1866  ANGLE   =       23.4973  DIHED      =       13.6214
 VDWAALS =       -3.5020  EEL     =      -18.8578  HBOND      =        0.0000
 1-4 VDW =       15.5381  1-4 EEL =      -90.3462  RESTRAINT  =        0.0000


   NSTEP       ENERGY          RMS            GMAX         NAME    NUMBER
     10      -5.8227E+01     3.1083E+00     1.4640E+01     N9         18

 BOND    =        3.1789  ANGLE   =       22.4613  DIHED      =       13.3385
 VDWAALS =       -3.7123  EEL     =      -18.6006  HBOND      =        0.0000
 1-4 VDW =       15.8742  1-4 EEL =      -90.7672  RESTRAINT  =        0.0000


   NSTEP       ENERGY          RMS            GMAX         NAME    NUMBER
     11      -6.0183E+01     2.3686E+00     1.0958E+01     H8         42

 BOND    =        2.2020  ANGLE   =       21.9061  DIHED      =       13.0319
 VDWAALS =       -3.9157  EEL     =      -18.3843  HBOND      =        0.0000
 1-4 VDW =       16.2398  1-4 EEL =      -91.2630  RESTRAINT  =        0.0000


   NSTEP       ENERGY          RMS            GMAX         NAME    NUMBER
     12      -6.0260E+01     7.8431E+00     4.9647E+01     N2         16

 BOND    =        3.8672  ANGLE   =       20.4195  DIHED      =       12.6975
 VDWAALS =       -4.0561  EEL     =      -18.1278  HBOND      =        0.0000
 1-4 VDW =       16.7590  1-4 EEL =      -91.8188  RESTRAINT  =        0.0000


   NSTEP       ENERGY          RMS            GMAX         NAME    NUMBER
     13      -5.6145E+01     1.5836E+01     9.4774E+01     N2         16

 BOND    =        4.1828  ANGLE   =       24.9626  DIHED      =       12.5989
 VDWAALS =       -4.0889  EEL     =      -18.3762  HBOND      =        0.0000
 1-4 VDW =       16.3971  1-4 EEL =      -91.8217  RESTRAINT  =        0.0000


   NSTEP       ENERGY          RMS            GMAX         NAME    NUMBER
     14      -6.1678E+01     4.0490E+00     2.2960E+01     N2         16

 BOND    =        1.6477  ANGLE   =       21.7304  DIHED      =       12.5978
 VDWAALS =       -4.0846  EEL     =      -18.2285  HBOND      =        0.0000
 1-4 VDW =       16.6126  1-4 EEL =      -91.9533  RESTRAINT  =        0.0000


   NSTEP       ENERGY          RMS            GMAX         NAME    NUMBER
     15      -6.0156E+01     9.6339E+00     6.0794E+01     N2         16

 BOND    =        4.5251  ANGLE   =       20.1686  DIHED      =       12.5159
 VDWAALS =       -4.0922  EEL     =      -18.0622  HBOND      =        0.0000
 1-4 VDW =       16.9368  1-4 EEL =      -92.1480  RESTRAINT  =        0.0000


   NSTEP       ENERGY          RMS            GMAX         NAME    NUMBER
     16      -6.2215E+01     2.7715E+00     1.6823E+01     N2         16

 BOND    =        2.2632  ANGLE   =       20.6033  DIHED      =       12.4946
 VDWAALS =       -4.1019  EEL     =      -18.1462  HBOND      =        0.0000
 1-4 VDW =       16.7966  1-4 EEL =      -92.1245  RESTRAINT  =        0.0000


   NSTEP       ENERGY          RMS            GMAX         NAME    NUMBER
     17      -6.1965E+01     5.1709E+00     3.0735E+01     N2         16

 BOND    =        1.6338  ANGLE   =       21.8174  DIHED      =       12.4406
 VDWAALS =       -4.1208  EEL     =      -18.2246  HBOND      =        0.0000
 1-4 VDW =       16.7042  1-4 EEL =      -92.2154  RESTRAINT  =        0.0000


   NSTEP       ENERGY          RMS            GMAX         NAME    NUMBER
     18      -6.2602E+01     1.4727E+00     6.4476E+00     C5         12

 BOND    =        1.7063  ANGLE   =       21.0322  DIHED      =       12.4261
 VDWAALS =       -4.1204  EEL     =      -18.1752  HBOND      =        0.0000
 1-4 VDW =       16.7915  1-4 EEL =      -92.2629  RESTRAINT  =        0.0000


   NSTEP       ENERGY          RMS            GMAX         NAME    NUMBER
     19      -6.2707E+01     2.4429E+00     1.4649E+01     N2         16

 BOND    =        2.1681  ANGLE   =       20.5184  DIHED      =       12.3598
 VDWAALS =       -4.1299  EEL     =      -18.1451  HBOND      =        0.0000
 1-4 VDW =       16.8855  1-4 EEL =      -92.3639  RESTRAINT  =        0.0000


   NSTEP       ENERGY          RMS            GMAX         NAME    NUMBER
     20      -6.2714E+01     3.3234E+00     1.9088E+01     N2         16

 BOND    =        1.5704  ANGLE   =       21.3487  DIHED      =       12.3304
 VDWAALS =       -4.1437  EEL     =      -18.2063  HBOND      =        0.0000
 1-4 VDW =       16.8190  1-4 EEL =      -92.4329  RESTRAINT  =        0.0000


   NSTEP       ENERGY          RMS            GMAX         NAME    NUMBER
     21      -6.2727E+01     3.8866E+00     2.4327E+01     N2         16

 BOND    =        2.4626  ANGLE   =       20.3313  DIHED      =       12.2934
 VDWAALS =       -4.1442  EEL     =      -18.1291  HBOND      =        0.0000
 1-4 VDW =       16.9744  1-4 EEL =      -92.5158  RESTRAINT  =        0.0000


   NSTEP       ENERGY          RMS            GMAX         NAME    NUMBER
     22      -6.2620E+01     4.9206E+00     2.8938E+01     N2         16

 BOND    =        1.6388  ANGLE   =       21.5790  DIHED      =       12.2634
 VDWAALS =       -4.1577  EEL     =      -18.2425  HBOND      =        0.0000
 1-4 VDW =       16.8190  1-4 EEL =      -92.5195  RESTRAINT  =        0.0000


   NSTEP       ENERGY          RMS            GMAX         NAME    NUMBER
     23      -6.3199E+01     1.0666E+00     5.3011E+00     HN9        44

 BOND    =        1.7171  ANGLE   =       20.8340  DIHED      =       12.2554
 VDWAALS =       -4.1577  EEL     =      -18.1889  HBOND      =        0.0000
 1-4 VDW =       16.9187  1-4 EEL =      -92.5775  RESTRAINT  =        0.0000


   NSTEP       ENERGY          RMS            GMAX         NAME    NUMBER
     24      -6.3320E+01     2.0718E+00     1.1824E+01     N2         16

 BOND    =        2.0602  ANGLE   =       20.4713  DIHED      =       12.1873
 VDWAALS =       -4.1695  EEL     =      -18.1816  HBOND      =        0.0000
 1-4 VDW =       16.9981  1-4 EEL =      -92.6854  RESTRAINT  =        0.0000


   NSTEP       ENERGY          RMS            GMAX         NAME    NUMBER
     25      -6.3191E+01     3.7449E+00     2.1522E+01     N2         16

 BOND    =        1.5788  ANGLE   =       21.3263  DIHED      =       12.1720
 VDWAALS =       -4.1824  EEL     =      -18.2566  HBOND      =        0.0000
 1-4 VDW =       16.9248  1-4 EEL =      -92.7536  RESTRAINT  =        0.0000


   NSTEP       ENERGY          RMS            GMAX         NAME    NUMBER
     26      -6.3536E+01     1.0811E+00     5.1545E+00     HN9        44

 BOND    =        1.6891  ANGLE   =       20.8132  DIHED      =       12.1546
 VDWAALS =       -4.1830  EEL     =      -18.2253  HBOND      =        0.0000
 1-4 VDW =       16.9859  1-4 EEL =      -92.7705  RESTRAINT  =        0.0000


   NSTEP       ENERGY          RMS            GMAX         NAME    NUMBER
     27      -6.3603E+01     1.7656E+00     9.5012E+00     N2         16

 BOND    =        1.9983  ANGLE   =       20.4854  DIHED      =       12.1107
 VDWAALS =       -4.1896  EEL     =      -18.2224  HBOND      =        0.0000
 1-4 VDW =       17.0388  1-4 EEL =      -92.8241  RESTRAINT  =        0.0000


   NSTEP       ENERGY          RMS            GMAX         NAME    NUMBER
     28      -6.3615E+01     2.4223E+00     1.2959E+01     N2         16

 BOND    =        1.5938  ANGLE   =       21.0517  DIHED      =       12.1016
 VDWAALS =       -4.2002  EEL     =      -18.2768  HBOND      =        0.0000
 1-4 VDW =       16.9936  1-4 EEL =      -92.8784  RESTRAINT  =        0.0000


   NSTEP       ENERGY          RMS            GMAX         NAME    NUMBER
     29      -6.3634E+01     2.8013E+00     1.6419E+01     N2         16

 BOND    =        2.1828  ANGLE   =       20.3697  DIHED      =       12.0631
 VDWAALS =       -4.2027  EEL     =      -18.2344  HBOND      =        0.0000
 1-4 VDW =       17.0937  1-4 EEL =      -92.9061  RESTRAINT  =        0.0000


   NSTEP       ENERGY          RMS            GMAX         NAME    NUMBER
     30      -6.3588E+01     3.5393E+00     2.0313E+01     N2         16

 BOND    =        1.6190  ANGLE   =       21.2176  DIHED      =       12.0639
 VDWAALS =       -4.2110  EEL     =      -18.3230  HBOND      =        0.0000
 1-4 VDW =       16.9838  1-4 EEL =      -92.9383  RESTRAINT  =        0.0000


   NSTEP       ENERGY          RMS            GMAX         NAME    NUMBER
     31      -6.3901E+01     8.3268E-01     4.8965E+00     HN9        44

 BOND    =        1.7231  ANGLE   =       20.7337  DIHED      =       12.0466
 VDWAALS =       -4.2131  EEL     =      -18.2892  HBOND      =        0.0000
 1-4 VDW =       17.0543  1-4 EEL =      -92.9569  RESTRAINT  =        0.0000


   NSTEP       ENERGY          RMS            GMAX         NAME    NUMBER
     32      -6.3994E+01     1.4057E+00     6.4695E+00     N2         16

 BOND    =        1.9280  ANGLE   =       20.5265  DIHED      =       12.0006
 VDWAALS =       -4.2232  EEL     =      -18.3069  HBOND      =        0.0000
 1-4 VDW =       17.0916  1-4 EEL =      -93.0103  RESTRAINT  =        0.0000


   NSTEP       ENERGY          RMS            GMAX         NAME    NUMBER
     33      -6.3942E+01     2.7007E+00     1.3362E+01     C5         12

 BOND    =        1.6134  ANGLE   =       21.0609  DIHED      =       11.9950
 VDWAALS =       -4.2354  EEL     =      -18.3650  HBOND      =        0.0000
 1-4 VDW =       17.0604  1-4 EEL =      -93.0718  RESTRAINT  =        0.0000


   NSTEP       ENERGY          RMS            GMAX         NAME    NUMBER
     34      -6.4129E+01     8.4051E-01     4.7104E+00     HN9        44

 BOND    =        1.7135  ANGLE   =       20.7459  DIHED      =       11.9771
 VDWAALS =       -4.2362  EEL     =      -18.3504  HBOND      =        0.0000
 1-4 VDW =       17.0910  1-4 EEL =      -93.0703  RESTRAINT  =        0.0000


   NSTEP       ENERGY          RMS            GMAX         NAME    NUMBER
     35      -6.4189E+01     1.1971E+00     5.1112E+00     N2         16

 BOND    =        1.9014  ANGLE   =       20.5513  DIHED      =       11.9461
 VDWAALS =       -4.2422  EEL     =      -18.3632  HBOND      =        0.0000
 1-4 VDW =       17.1143  1-4 EEL =      -93.0966  RESTRAINT  =        0.0000


   NSTEP       ENERGY          RMS            GMAX         NAME    NUMBER
     36      -6.4210E+01     1.7537E+00     8.2622E+00     C5         12

 BOND    =        1.6375  ANGLE   =       20.9143  DIHED      =       11.9397
 VDWAALS =       -4.2529  EEL     =      -18.4066  HBOND      =        0.0000
 1-4 VDW =       17.0982  1-4 EEL =      -93.1401  RESTRAINT  =        0.0000


   NSTEP       ENERGY          RMS            GMAX         NAME    NUMBER
     37      -6.4233E+01     2.0329E+00     1.0019E+01     N2         16

 BOND    =        2.0449  ANGLE   =       20.4599  DIHED      =       11.9061
 VDWAALS =       -4.2548  EEL     =      -18.3910  HBOND      =        0.0000
 1-4 VDW =       17.1445  1-4 EEL =      -93.1429  RESTRAINT  =        0.0000


   NSTEP       ENERGY          RMS            GMAX         NAME    NUMBER
     38      -6.4224E+01     2.5498E+00     1.2684E+01     C5         12

 BOND    =        1.6417  ANGLE   =       21.0258  DIHED      =       11.9138
 VDWAALS =       -4.2638  EEL     =      -18.4528  HBOND      =        0.0000
 1-4 VDW =       17.0944  1-4 EEL =      -93.1833  RESTRAINT  =        0.0000


   NSTEP       ENERGY          RMS            GMAX         NAME    NUMBER
     39      -6.4395E+01     6.8996E-01     4.4587E+00     HN9        44

 BOND    =        1.7445  ANGLE   =       20.7209  DIHED      =       11.8957
 VDWAALS =       -4.2653  EEL     =      -18.4367  HBOND      =        0.0000
 1-4 VDW =       17.1289  1-4 EEL =      -93.1827  RESTRAINT  =        0.0000


   NSTEP       ENERGY          RMS            GMAX         NAME    NUMBER
     40      -6.4468E+01     9.3106E-01     4.3888E+00     HN9        44

 BOND    =        1.8699  ANGLE   =       20.6005  DIHED      =       11.8654
 VDWAALS =       -4.2735  EEL     =      -18.4624  HBOND      =        0.0000
 1-4 VDW =       17.1428  1-4 EEL =      -93.2111  RESTRAINT  =        0.0000


   NSTEP       ENERGY          RMS            GMAX         NAME    NUMBER
     41      -6.4477E+01     1.8046E+00     7.8838E+00     C5         12

 BOND    =        1.6334  ANGLE   =       20.9464  DIHED      =       11.8541
 VDWAALS =       -4.2876  EEL     =      -18.5112  HBOND      =        0.0000
 1-4 VDW =       17.1401  1-4 EEL =      -93.2524  RESTRAINT  =        0.0000


   NSTEP       ENERGY          RMS            GMAX         NAME    NUMBER
     42      -6.4494E+01     2.0604E+00     9.2188E+00     N2         16

 BOND    =        2.0921  ANGLE   =       20.4580  DIHED      =       11.8239
 VDWAALS =       -4.2859  EEL     =      -18.4975  HBOND      =        0.0000
 1-4 VDW =       17.1649  1-4 EEL =      -93.2497  RESTRAINT  =        0.0000


   NSTEP       ENERGY          RMS            GMAX         NAME    NUMBER
     43      -6.4474E+01     2.5929E+00     1.2274E+01     C5         12

 BOND    =        1.6215  ANGLE   =       21.0762  DIHED      =       11.8313
 VDWAALS =       -4.2993  EEL     =      -18.5591  HBOND      =        0.0000
 1-4 VDW =       17.1392  1-4 EEL =      -93.2838  RESTRAINT  =        0.0000


   NSTEP       ENERGY          RMS            GMAX         NAME    NUMBER
     44      -6.4653E+01     6.4615E-01     4.1733E+00     HN9        44

 BOND    =        1.7557  ANGLE   =       20.7419  DIHED      =       11.8153
 VDWAALS =       -4.2983  EEL     =      -18.5439  HBOND      =        0.0000
 1-4 VDW =       17.1587  1-4 EEL =      -93.2823  RESTRAINT  =        0.0000


   NSTEP       ENERGY          RMS            GMAX         NAME    NUMBER
     45      -6.4717E+01     9.9522E-01     4.1132E+00     HN9        44

 BOND    =        1.9006  ANGLE   =       20.6122  DIHED      =       11.7857
 VDWAALS =       -4.3062  EEL     =      -18.5737  HBOND      =        0.0000
 1-4 VDW =       17.1671  1-4 EEL =      -93.3026  RESTRAINT  =        0.0000


   NSTEP       ENERGY          RMS            GMAX         NAME    NUMBER
     46      -6.4699E+01     1.9768E+00     8.0332E+00     C3          9

 BOND    =        1.6420  ANGLE   =       20.9947  DIHED      =       11.7798
 VDWAALS =       -4.3219  EEL     =      -18.6232  HBOND      =        0.0000
 1-4 VDW =       17.1700  1-4 EEL =      -93.3405  RESTRAINT  =        0.0000


   NSTEP       ENERGY          RMS            GMAX         NAME    NUMBER
     47      -6.4805E+01     6.4266E-01     3.9917E+00     HN9        44

 BOND    =        1.7581  ANGLE   =       20.7684  DIHED      =       11.7676
 VDWAALS =       -4.3197  EEL     =      -18.6173  HBOND      =        0.0000
 1-4 VDW =       17.1734  1-4 EEL =      -93.3354  RESTRAINT  =        0.0000


   NSTEP       ENERGY          RMS            GMAX         NAME    NUMBER
     48      -6.4849E+01     8.4110E-01     3.9483E+00     HN9        44

 BOND    =        1.8824  ANGLE   =       20.6514  DIHED      =       11.7471
 VDWAALS =       -4.3245  EEL     =      -18.6386  HBOND      =        0.0000
 1-4 VDW =       17.1773  1-4 EEL =      -93.3444  RESTRAINT  =        0.0000


   NSTEP       ENERGY          RMS            GMAX         NAME    NUMBER
     49      -6.4871E+01     1.2840E+00     4.7504E+00     C3          9

 BOND    =        1.6875  ANGLE   =       20.9041  DIHED      =       11.7405
 VDWAALS =       -4.3366  EEL     =      -18.6752  HBOND      =        0.0000
 1-4 VDW =       17.1812  1-4 EEL =      -93.3723  RESTRAINT  =        0.0000


   NSTEP       ENERGY          RMS            GMAX         NAME    NUMBER
     50      -6.4887E+01     1.5367E+00     6.5689E+00     C5         12

 BOND    =        2.0183  ANGLE   =       20.5669  DIHED      =       11.7175
 VDWAALS =       -4.3345  EEL     =      -18.6750  HBOND      =        0.0000
 1-4 VDW =       17.1847  1-4 EEL =      -93.3651  RESTRAINT  =        0.0000


   NSTEP       ENERGY          RMS            GMAX         NAME    NUMBER
     51      -6.4892E+01     1.8710E+00     7.5294E+00     C3          9

 BOND    =        1.6610  ANGLE   =       21.0052  DIHED      =       11.7217
 VDWAALS =       -4.3485  EEL     =      -18.7211  HBOND      =        0.0000
 1-4 VDW =       17.1845  1-4 EEL =      -93.3946  RESTRAINT  =        0.0000


   NSTEP       ENERGY          RMS            GMAX         NAME    NUMBER
     52      -6.3389E+01     8.0000E+00     3.5066E+01     C3          9

 BOND    =        4.0894  ANGLE   =       20.0466  DIHED      =       11.6504
 VDWAALS =       -4.3351  EEL     =      -18.6780  HBOND      =        0.0000
 1-4 VDW =       17.2063  1-4 EEL =      -93.3685  RESTRAINT  =        0.0000


   NSTEP       ENERGY          RMS            GMAX         NAME    NUMBER
     53      -6.4992E+01     5.5879E-01     3.7743E+00     HN9        44

 BOND    =        1.8239  ANGLE   =       20.7366  DIHED      =       11.7072
 VDWAALS =       -4.3459  EEL     =      -18.7126  HBOND      =        0.0000
 1-4 VDW =       17.1883  1-4 EEL =      -93.3893  RESTRAINT  =        0.0000


   NSTEP       ENERGY          RMS            GMAX         NAME    NUMBER
     54      -6.5010E+01     5.5447E-01     3.7446E+00     HN9        44

 BOND    =        1.8268  ANGLE   =       20.7389  DIHED      =       11.7015
 VDWAALS =       -4.3486  EEL     =      -18.7238  HBOND      =        0.0000
 1-4 VDW =       17.1888  1-4 EEL =      -93.3935  RESTRAINT  =        0.0000


   NSTEP       ENERGY          RMS            GMAX         NAME    NUMBER
     55      -6.5170E+01     6.1847E-01     3.4343E+00     HN9        44

 BOND    =        1.8564  ANGLE   =       20.7622  DIHED      =       11.6516
 VDWAALS =       -4.3729  EEL     =      -18.8289  HBOND      =        0.0000
 1-4 VDW =       17.1932  1-4 EEL =      -93.4317  RESTRAINT  =        0.0000


   NSTEP       ENERGY          RMS            GMAX         NAME    NUMBER
     56      -6.5859E+01     3.7441E+00     1.6530E+01     C8         13

 BOND    =        2.5511  ANGLE   =       21.2293  DIHED      =       11.4028
 VDWAALS =       -4.5864  EEL     =      -19.9559  HBOND      =        0.0000
 1-4 VDW =       17.2709  1-4 EEL =      -93.7706  RESTRAINT  =        0.0000


   NSTEP       ENERGY          RMS            GMAX         NAME    NUMBER
     57      -6.5577E+01     4.2049E+00     1.6652E+01     C5         12

 BOND    =        2.6279  ANGLE   =       22.7153  DIHED      =       11.6038
 VDWAALS =       -4.8119  EEL     =      -21.1026  HBOND      =        0.0000
 1-4 VDW =       17.7051  1-4 EEL =      -94.3142  RESTRAINT  =        0.0000


   NSTEP       ENERGY          RMS            GMAX         NAME    NUMBER
     58      -6.6278E+01     1.4961E+00     9.7165E+00     HN9        44

 BOND    =        2.3005  ANGLE   =       21.7308  DIHED      =       11.4189
 VDWAALS =       -4.6982  EEL     =      -20.4550  HBOND      =        0.0000
 1-4 VDW =       17.4512  1-4 EEL =      -94.0259  RESTRAINT  =        0.0000


   NSTEP       ENERGY          RMS            GMAX         NAME    NUMBER
     59      -6.6377E+01     6.4063E-01     3.6731E+00     HN9        44

 BOND    =        2.1873  ANGLE   =       21.6958  DIHED      =       11.3860
 VDWAALS =       -4.7041  EEL     =      -20.3896  HBOND      =        0.0000
 1-4 VDW =       17.4512  1-4 EEL =      -94.0036  RESTRAINT  =        0.0000


   NSTEP       ENERGY          RMS            GMAX         NAME    NUMBER
     60      -6.6385E+01     6.7968E-01     4.6559E+00     N9         18

 BOND    =        2.1728  ANGLE   =       21.6847  DIHED      =       11.3743
 VDWAALS =       -4.7061  EEL     =      -20.3660  HBOND      =        0.0000
 1-4 VDW =       17.4513  1-4 EEL =      -93.9955  RESTRAINT  =        0.0000


   NSTEP       ENERGY          RMS            GMAX         NAME    NUMBER
     61      -6.6418E+01     5.1915E-01     2.8499E+00     N9         18

 BOND    =        2.1803  ANGLE   =       21.6479  DIHED      =       11.3794
 VDWAALS =       -4.7101  EEL     =      -20.3722  HBOND      =        0.0000
 1-4 VDW =       17.4392  1-4 EEL =      -93.9823  RESTRAINT  =        0.0000


   NSTEP       ENERGY          RMS            GMAX         NAME    NUMBER
     62      -6.6428E+01     7.8434E-01     3.9580E+00     C1         17

 BOND    =        2.1996  ANGLE   =       21.6216  DIHED      =       11.3848
 VDWAALS =       -4.7137  EEL     =      -20.3779  HBOND      =        0.0000
 1-4 VDW =       17.4283  1-4 EEL =      -93.9703  RESTRAINT  =        0.0000


   NSTEP       ENERGY          RMS            GMAX         NAME    NUMBER
     63      -6.6486E+01     5.8412E-01     2.9855E+00     C18        22

 BOND    =        2.1367  ANGLE   =       21.7559  DIHED      =       11.4161
 VDWAALS =       -4.7327  EEL     =      -20.4578  HBOND      =        0.0000
 1-4 VDW =       17.4320  1-4 EEL =      -94.0364  RESTRAINT  =        0.0000


   NSTEP       ENERGY          RMS            GMAX         NAME    NUMBER
     64      -6.6495E+01     8.2090E-01     4.7339E+00     C18        22

 BOND    =        2.1122  ANGLE   =       21.8395  DIHED      =       11.4360
 VDWAALS =       -4.7428  EEL     =      -20.5015  HBOND      =        0.0000
 1-4 VDW =       17.4342  1-4 EEL =      -94.0722  RESTRAINT  =        0.0000


   NSTEP       ENERGY          RMS            GMAX         NAME    NUMBER
     65      -6.6560E+01     8.7844E-01     4.5348E+00     C19        23

 BOND    =        2.1011  ANGLE   =       21.9770  DIHED      =       11.4700
 VDWAALS =       -4.7842  EEL     =      -20.6580  HBOND      =        0.0000
 1-4 VDW =       17.4548  1-4 EEL =      -94.1206  RESTRAINT  =        0.0000


   NSTEP       ENERGY          RMS            GMAX         NAME    NUMBER
     66      -6.6560E+01     8.4927E-01     4.3932E+00     C19        23

 BOND    =        2.1004  ANGLE   =       21.9720  DIHED      =       11.4687
 VDWAALS =       -4.7829  EEL     =      -20.6530  HBOND      =        0.0000
 1-4 VDW =       17.4541  1-4 EEL =      -94.1190  RESTRAINT  =        0.0000


   NSTEP       ENERGY          RMS            GMAX         NAME    NUMBER
     67      -6.6623E+01     9.3158E-01     4.2130E+00     C16        24

 BOND    =        2.2267  ANGLE   =       21.9473  DIHED      =       11.5037
 VDWAALS =       -4.8035  EEL     =      -20.7346  HBOND      =        0.0000
 1-4 VDW =       17.3383  1-4 EEL =      -94.1004  RESTRAINT  =        0.0000


   NSTEP       ENERGY          RMS            GMAX         NAME    NUMBER
     68      -6.6623E+01     8.9234E-01     3.9547E+00     C16        24

 BOND    =        2.2194  ANGLE   =       21.9475  DIHED      =       11.5018
 VDWAALS =       -4.8026  EEL     =      -20.7310  HBOND      =        0.0000
 1-4 VDW =       17.3434  1-4 EEL =      -94.1013  RESTRAINT  =        0.0000


   NSTEP       ENERGY          RMS            GMAX         NAME    NUMBER
     69      -6.6687E+01     7.5514E-01     3.2559E+00     C15         6

 BOND    =        2.1184  ANGLE   =       21.9673  DIHED      =       11.5138
 VDWAALS =       -4.7980  EEL     =      -20.7520  HBOND      =        0.0000
 1-4 VDW =       17.2350  1-4 EEL =      -93.9718  RESTRAINT  =        0.0000


   NSTEP       ENERGY          RMS            GMAX         NAME    NUMBER
     70      -6.6687E+01     7.6558E-01     3.3250E+00     C15         6

 BOND    =        2.1174  ANGLE   =       21.9678  DIHED      =       11.5141
 VDWAALS =       -4.7979  EEL     =      -20.7523  HBOND      =        0.0000
 1-4 VDW =       17.2333  1-4 EEL =      -93.9699  RESTRAINT  =        0.0000


   NSTEP       ENERGY          RMS            GMAX         NAME    NUMBER
     71      -6.6733E+01     7.9391E-01     3.5431E+00     C18        22

 BOND    =        2.1007  ANGLE   =       21.8516  DIHED      =       11.5252
 VDWAALS =       -4.7826  EEL     =      -20.8134  HBOND      =        0.0000
 1-4 VDW =       17.1855  1-4 EEL =      -93.8004  RESTRAINT  =        0.0000


   NSTEP       ENERGY          RMS            GMAX         NAME    NUMBER
     72      -6.6734E+01     7.1725E-01     3.1702E+00     C18        22

 BOND    =        2.0990  ANGLE   =       21.8614  DIHED      =       11.5238
 VDWAALS =       -4.7840  EEL     =      -20.8078  HBOND      =        0.0000
 1-4 VDW =       17.1898  1-4 EEL =      -93.8161  RESTRAINT  =        0.0000


   NSTEP       ENERGY          RMS            GMAX         NAME    NUMBER
     73      -6.6777E+01     6.4013E-01     2.5929E+00     C15         6

 BOND    =        2.1022  ANGLE   =       21.7821  DIHED      =       11.5354
 VDWAALS =       -4.7784  EEL     =      -20.8966  HBOND      =        0.0000
 1-4 VDW =       17.1726  1-4 EEL =      -93.6941  RESTRAINT  =        0.0000


   NSTEP       ENERGY          RMS            GMAX         NAME    NUMBER
     74      -6.6777E+01     6.3903E-01     2.5876E+00     C15         6

 BOND    =        2.1022  ANGLE   =       21.7822  DIHED      =       11.5354
 VDWAALS =       -4.7784  EEL     =      -20.8964  HBOND      =        0.0000
 1-4 VDW =       17.1726  1-4 EEL =      -93.6943  RESTRAINT  =        0.0000


   NSTEP       ENERGY          RMS            GMAX         NAME    NUMBER
     75      -6.6810E+01     5.7113E-01     1.8481E+00     C3          9

 BOND    =        2.1717  ANGLE   =       21.7420  DIHED      =       11.5311
 VDWAALS =       -4.7826  EEL     =      -20.9911  HBOND      =        0.0000
 1-4 VDW =       17.1164  1-4 EEL =      -93.5978  RESTRAINT  =        0.0000


   NSTEP       ENERGY          RMS            GMAX         NAME    NUMBER
     76      -6.6818E+01     4.4681E-01     1.5925E+00     C1         17

 BOND    =        2.1680  ANGLE   =       21.7379  DIHED      =       11.5279
 VDWAALS =       -4.7827  EEL     =      -20.9845  HBOND      =        0.0000
 1-4 VDW =       17.1257  1-4 EEL =      -93.6103  RESTRAINT  =        0.0000


   NSTEP       ENERGY          RMS            GMAX         NAME    NUMBER
     77      -6.6826E+01     3.6720E-01     1.3772E+00     C1         17

 BOND    =        2.1643  ANGLE   =       21.7376  DIHED      =       11.5233
 VDWAALS =       -4.7829  EEL     =      -20.9768  HBOND      =        0.0000
 1-4 VDW =       17.1351  1-4 EEL =      -93.6261  RESTRAINT  =        0.0000


   NSTEP       ENERGY          RMS            GMAX         NAME    NUMBER
     78      -6.6833E+01     3.2234E-01     1.1004E+00     C1         17

 BOND    =        2.1590  ANGLE   =       21.7434  DIHED      =       11.5166
 VDWAALS =       -4.7831  EEL     =      -20.9676  HBOND      =        0.0000
 1-4 VDW =       17.1429  1-4 EEL =      -93.6443  RESTRAINT  =        0.0000


   NSTEP       ENERGY          RMS            GMAX         NAME    NUMBER
     79      -6.6841E+01     2.8995E-01     9.5320E-01     H8         42

 BOND    =        2.1517  ANGLE   =       21.7535  DIHED      =       11.5073
 VDWAALS =       -4.7836  EEL     =      -20.9557  HBOND      =        0.0000
 1-4 VDW =       17.1499  1-4 EEL =      -93.6644  RESTRAINT  =        0.0000


   NSTEP       ENERGY          RMS            GMAX         NAME    NUMBER
     80      -6.2537E+01     4.9179E+00     2.0820E+01     C1         17

 BOND    =        3.2401  ANGLE   =       24.4704  DIHED      =       11.7874
 VDWAALS =       -4.7837  EEL     =      -19.3729  HBOND      =        0.0000
 1-4 VDW =       18.1412  1-4 EEL =      -96.0192  RESTRAINT  =        0.0000


   NSTEP       ENERGY          RMS            GMAX         NAME    NUMBER
     81      -6.6887E+01     3.8183E-01     1.3772E+00     H19        48

 BOND    =        2.0954  ANGLE   =       21.8624  DIHED      =       11.4050
 VDWAALS =       -4.7892  EEL     =      -20.8071  HBOND      =        0.0000
 1-4 VDW =       17.2285  1-4 EEL =      -93.8824  RESTRAINT  =        0.0000


   NSTEP       ENERGY          RMS            GMAX         NAME    NUMBER
     82      -6.6929E+01     7.7690E-01     3.4986E+00     C4          8

 BOND    =        2.1266  ANGLE   =       21.7776  DIHED      =       11.3237
 VDWAALS =       -4.7778  EEL     =      -20.7297  HBOND      =        0.0000
 1-4 VDW =       17.2769  1-4 EEL =      -93.9263  RESTRAINT  =        0.0000


   NSTEP       ENERGY          RMS            GMAX         NAME    NUMBER
     83      -6.6929E+01     7.0104E-01     3.1105E+00     C4          8

 BOND    =        2.1209  ANGLE   =       21.7845  DIHED      =       11.3313
 VDWAALS =       -4.7790  EEL     =      -20.7372  HBOND      =        0.0000
 1-4 VDW =       17.2721  1-4 EEL =      -93.9221  RESTRAINT  =        0.0000


   NSTEP       ENERGY          RMS            GMAX         NAME    NUMBER
     84      -6.6944E+01     1.0043E+00     4.7792E+00     C18        22

 BOND    =        2.1489  ANGLE   =       21.7002  DIHED      =       11.2572
 VDWAALS =       -4.7654  EEL     =      -20.6459  HBOND      =        0.0000
 1-4 VDW =       17.3195  1-4 EEL =      -93.9583  RESTRAINT  =        0.0000


   NSTEP       ENERGY          RMS            GMAX         NAME    NUMBER
     85      -6.6955E+01     5.3720E-01     2.5148E+00     C18        22

 BOND    =        2.1286  ANGLE   =       21.7272  DIHED      =       11.2862
 VDWAALS =       -4.7710  EEL     =      -20.6822  HBOND      =        0.0000
 1-4 VDW =       17.3001  1-4 EEL =      -93.9439  RESTRAINT  =        0.0000


   NSTEP       ENERGY          RMS            GMAX         NAME    NUMBER
     86      -6.6978E+01     3.7400E-01     1.4789E+00     C18        22

 BOND    =        2.1552  ANGLE   =       21.6956  DIHED      =       11.2727
 VDWAALS =       -4.7629  EEL     =      -20.6714  HBOND      =        0.0000
 1-4 VDW =       17.2813  1-4 EEL =      -93.9488  RESTRAINT  =        0.0000


   NSTEP       ENERGY          RMS            GMAX         NAME    NUMBER
     87      -6.6989E+01     5.0785E-01     2.1086E+00     C13        19

 BOND    =        2.1982  ANGLE   =       21.6637  DIHED      =       11.2571
 VDWAALS =       -4.7529  EEL     =      -20.6582  HBOND      =        0.0000
 1-4 VDW =       17.2582  1-4 EEL =      -93.9549  RESTRAINT  =        0.0000


   NSTEP       ENERGY          RMS            GMAX         NAME    NUMBER
     88      -6.7004E+01     8.9059E-01     4.0869E+00     N9         18

 BOND    =        2.1755  ANGLE   =       21.6493  DIHED      =       11.2258
 VDWAALS =       -4.7354  EEL     =      -20.6215  HBOND      =        0.0000
 1-4 VDW =       17.2800  1-4 EEL =      -93.9771  RESTRAINT  =        0.0000


   NSTEP       ENERGY          RMS            GMAX         NAME    NUMBER
     89      -6.7009E+01     5.6352E-01     2.6504E+00     N9         18

 BOND    =        2.1763  ANGLE   =       21.6515  DIHED      =       11.2358
 VDWAALS =       -4.7414  EEL     =      -20.6339  HBOND      =        0.0000
 1-4 VDW =       17.2726  1-4 EEL =      -93.9696  RESTRAINT  =        0.0000


   NSTEP       ENERGY          RMS            GMAX         NAME    NUMBER
     90      -6.7039E+01     4.4542E-01     2.0193E+00     N9         18

 BOND    =        2.1594  ANGLE   =       21.6388  DIHED      =       11.2359
 VDWAALS =       -4.7341  EEL     =      -20.5850  HBOND      =        0.0000
 1-4 VDW =       17.2609  1-4 EEL =      -94.0150  RESTRAINT  =        0.0000


   NSTEP       ENERGY          RMS            GMAX         NAME    NUMBER
     91      -6.7049E+01     6.8978E-01     2.4356E+00     N2         16

 BOND    =        2.1553  ANGLE   =       21.6304  DIHED      =       11.2384
 VDWAALS =       -4.7267  EEL     =      -20.5363  HBOND      =        0.0000
 1-4 VDW =       17.2497  1-4 EEL =      -94.0602  RESTRAINT  =        0.0000


   NSTEP       ENERGY          RMS            GMAX         NAME    NUMBER
     92      -6.7109E+01     5.8693E-01     2.1332E+00     N9         18

 BOND    =        2.1065  ANGLE   =       21.6328  DIHED      =       11.2364
 VDWAALS =       -4.7220  EEL     =      -20.4626  HBOND      =        0.0000
 1-4 VDW =       17.1802  1-4 EEL =      -94.0803  RESTRAINT  =        0.0000


   NSTEP       ENERGY          RMS            GMAX         NAME    NUMBER
     93      -6.7125E+01     9.1603E-01     3.5802E+00     N2         16

 BOND    =        2.0833  ANGLE   =       21.6453  DIHED      =       11.2395
 VDWAALS =       -4.7175  EEL     =      -20.4007  HBOND      =        0.0000
 1-4 VDW =       17.1220  1-4 EEL =      -94.0968  RESTRAINT  =        0.0000


   NSTEP       ENERGY          RMS            GMAX         NAME    NUMBER
     94      -6.7189E+01     9.2155E-01     2.9177E+00     C18        22

 BOND    =        2.2180  ANGLE   =       21.3883  DIHED      =       11.2165
 VDWAALS =       -4.7219  EEL     =      -20.2190  HBOND      =        0.0000
 1-4 VDW =       17.0930  1-4 EEL =      -94.1640  RESTRAINT  =        0.0000


   NSTEP       ENERGY          RMS            GMAX         NAME    NUMBER
     95      -6.7191E+01     7.9018E-01     2.4514E+00     C18        22

 BOND    =        2.1932  ANGLE   =       21.4199  DIHED      =       11.2189
 VDWAALS =       -4.7214  EEL     =      -20.2427  HBOND      =        0.0000
 1-4 VDW =       17.0969  1-4 EEL =      -94.1553  RESTRAINT  =        0.0000


   NSTEP       ENERGY          RMS            GMAX         NAME    NUMBER
     96      -6.7242E+01     9.1387E-01     3.6442E+00     C3          9

 BOND    =        2.1122  ANGLE   =       21.4479  DIHED      =       11.1677
 VDWAALS =       -4.7417  EEL     =      -20.1409  HBOND      =        0.0000
 1-4 VDW =       17.0608  1-4 EEL =      -94.1482  RESTRAINT  =        0.0000


   NSTEP       ENERGY          RMS            GMAX         NAME    NUMBER
     97      -6.7242E+01     9.5596E-01     3.7912E+00     C3          9

 BOND    =        2.1099  ANGLE   =       21.4497  DIHED      =       11.1655
 VDWAALS =       -4.7426  EEL     =      -20.1361  HBOND      =        0.0000
 1-4 VDW =       17.0591  1-4 EEL =      -94.1478  RESTRAINT  =        0.0000


   NSTEP       ENERGY          RMS            GMAX         NAME    NUMBER
     98      -6.7316E+01     6.3458E-01     2.3973E+00     HN9        44

 BOND    =        2.0983  ANGLE   =       21.4293  DIHED      =       11.1075
 VDWAALS =       -4.7597  EEL     =      -20.0483  HBOND      =        0.0000
 1-4 VDW =       16.9941  1-4 EEL =      -94.1373  RESTRAINT  =        0.0000


   NSTEP       ENERGY          RMS            GMAX         NAME    NUMBER
     99      -6.7331E+01     8.3854E-01     2.7645E+00     N9         18

 BOND    =        2.1092  ANGLE   =       21.4237  DIHED      =       11.0759
 VDWAALS =       -4.7710  EEL     =      -19.9881  HBOND      =        0.0000
 1-4 VDW =       16.9491  1-4 EEL =      -94.1295  RESTRAINT  =        0.0000


   NSTEP       ENERGY          RMS            GMAX         NAME    NUMBER
    100      -6.7395E+01     9.8567E-01     3.7576E+00     C1         17

 BOND    =        2.1482  ANGLE   =       21.4145  DIHED      =       10.9928
 VDWAALS =       -4.7870  EEL     =      -19.9553  HBOND      =        0.0000
 1-4 VDW =       16.8288  1-4 EEL =      -94.0369  RESTRAINT  =        0.0000


  Maximum number of minimization cycles reached.


                    FINAL RESULTS



   NSTEP       ENERGY          RMS            GMAX         NAME    NUMBER
    100      -6.7395E+01     9.8567E-01     3.7576E+00     C1         17

 BOND    =        2.1482  ANGLE   =       21.4145  DIHED      =       10.9928
 VDWAALS =       -4.7870  EEL     =      -19.9553  HBOND      =        0.0000
 1-4 VDW =       16.8288  1-4 EEL =      -94.0369  RESTRAINT  =        0.0000

--------------------------------------------------------------------------------
   5.  TIMINGS
--------------------------------------------------------------------------------

|    Read coords time           0.00 ( 0.62% of Total)
|    Fast Water setup           0.00 ( 0.02% of Total)
|                Build the list             0.00 (94.12% of List )
|                Other                      0.00 ( 5.88% of List )
|             List time                  0.00 ( 4.83% of Nonbo)
|                   Short_ene time             0.01 (99.06% of Direc)
|                   Other                      0.00 ( 0.94% of Direc)
|                Direct Ewald time          0.01 (93.09% of Ewald)
|                Force Adjust               0.00 ( 0.10% of Ewald)
|                Virial junk                0.00 ( 0.18% of Ewald)
|                Start synchronizatio       0.00 ( 0.13% of Ewald)
|                Other                      0.00 ( 6.50% of Ewald)
|             Ewald time                 0.02 (94.60% of Nonbo)
|             IPS excludes               0.00 ( 0.09% of Nonbo)
|             Other                      0.00 ( 0.48% of Nonbo)
|          Nonbond force              0.02 (68.06% of Force)
|          Bond/Angle/Dihedral        0.01 (31.25% of Force)
|          Other                      0.00 ( 0.70% of Force)
|       Force time                 0.02 (100.0% of Runmd)
|    Runmd Time                 0.02 (61.80% of Total)
|    Other                      0.01 (37.57% of Total)
| Total time                 0.04 (99.86% of ALL  )

| Number of list builds   :          1

| Highest rstack allocated:        225
| Highest istack allocated:         45
|           Job began  at 14:45:53.109  on 05/22/2015
|           Setup done at 14:45:53.113  on 05/22/2015
|           Run   done at 14:45:53.148  on 05/22/2015
|     wallclock() was called    2335 times
