
          -------------------------------------------------------
          Amber 16 SANDER                              2016
          -------------------------------------------------------

| Run on 04/20/2016 at 15:23:31

|   Executable path: sander
| Working directory: /gpfs/gpfs/project1/dacase-001/haichit/phenix_amber/run_amber_library/amber_library/p
|          Hostname: e1c029

  [-O]verwriting output

File Assignments:
|  MDIN: PEE_sander.in                                                         
| MDOUT: PEE.min_igb.out                                                       
|INPCRD: PEE.rst7                                                              
|  PARM: PEE.prmtop                                                            
|RESTRT: PEE.min_igb.rst7                                                      
|  REFC: refc                                                                  
| MDVEL: mdvel                                                                 
| MDFRC: mdfrc                                                                 
|  MDEN: mden                                                                  
| MDCRD: mdcrd                                                                 
|MDINFO: mdinfo                                                                
|  MTMD: mtmd                                                                  
|INPDIP: inpdip                                                                
|RSTDIP: rstdip                                                                
|INPTRA: inptraj                                                               


 Here is the input file:

  short minimization                                                           
 &cntrl                                                                        
   imin=1, maxcyc=100, ncyc=50, ntpr=1, cut=99., ntb=0, igb=2                  
 /                                                                             

--------------------------------------------------------------------------------
   1.  RESOURCE   USE: 
--------------------------------------------------------------------------------

| Flags:                                                                        
| New format PARM file being parsed.
| Version =    1.000 Date = 04/20/16 Time = 15:23:31
 NATOM  =     133 NTYPES =      11 NBONH =      82 MBONA  =      50
 NTHETH =     199 MTHETA =      55 NPHIH =     320 MPHIA  =     131
 NHPARM =       0 NPARM  =       0 NNB   =     751 NRES   =       1
 NBONA  =      50 NTHETA =      55 NPHIA =     131 NUMBND =      13
 NUMANG =      23 NPTRA  =      29 NATYP =      11 NPHB   =       0
 IFBOX  =       0 NMXRS  =     133 IFCAP =       0 NEXTRA =       0
 NCOPY  =       0

 Implicit solvent radii are H(N)-modified Bondi radii (mbondi2)                                             

|     Memory Use     Allocated
|     Real               14584
|     Hollerith            402
|     Integer            26891
|     Max Pairs              1
|     nblistReal             0
|     nblist Int             0
|       Total              220 kbytes

| Note: 1-4 EEL scale factors are being read from the topology file.

| Note: 1-4 VDW scale factors are being read from the topology file.
| Duplicated    0 dihedrals
| Duplicated    0 dihedrals

--------------------------------------------------------------------------------
   2.  CONTROL  DATA  FOR  THE  RUN
--------------------------------------------------------------------------------

PEE                                                                             

General flags:
     imin    =       1, nmropt  =       0

Nature and format of input:
     ntx     =       1, irest   =       0, ntrx    =       1

Nature and format of output:
     ntxo    =       2, ntpr    =       1, ntrx    =       1, ntwr    =       1
     iwrap   =       0, ntwx    =       0, ntwv    =       0, ntwe    =       0
     ioutfm  =       1, ntwprt  =       0, idecomp =       0, rbornstat=      0

Potential function:
     ntf     =       1, ntb     =       0, igb     =       2, nsnb    =      25
     ipol    =       0, gbsa    =       0, iesp    =       0
     dielc   =   1.00000, cut     =  99.00000, intdiel =   1.00000
     saltcon =   0.00000, offset  =   0.09000, gbalpha=    0.80000
     gbbeta  =   0.00000, gbgamma =   2.90912, surften =   0.00500
     rdt     =   0.00000, rgbmax  =  25.00000  extdiel =  78.50000
     alpb  =        0

Frozen or restrained atoms:
     ibelly  =       0, ntr     =       0

Energy minimization:
     maxcyc  =     100, ncyc    =      50, ntmin   =       1
     dx0     =   0.01000, drms    =   0.00010
|  INFO: Old style inpcrd file read


--------------------------------------------------------------------------------
   3.  ATOMIC COORDINATES AND VELOCITIES
--------------------------------------------------------------------------------

PEE                                                                             
 begin time read from input coords =     0.000 ps

 Number of triangulated 3-point waters found:        0

--------------------------------------------------------------------------------
   4.  RESULTS
--------------------------------------------------------------------------------



   NSTEP       ENERGY          RMS            GMAX         NAME    NUMBER
      1      -8.5275E+01     1.4779E+01     4.5546E+01     P          50

 BOND    =       24.7393  ANGLE   =        6.0957  DIHED      =       50.8033
 VDWAALS =       -7.2568  EEL     =     -148.6147  EGB        =      -31.2448
 1-4 VDW =       22.0211  1-4 EEL =       -1.8181  RESTRAINT  =        0.0000


   NSTEP       ENERGY          RMS            GMAX         NAME    NUMBER
      2      -8.8678E+01     1.3621E+01     4.2272E+01     O1P        46

 BOND    =       21.7888  ANGLE   =        5.7695  DIHED      =       50.7772
 VDWAALS =       -7.2821  EEL     =     -148.6416  EGB        =      -31.3175
 1-4 VDW =       22.0658  1-4 EEL =       -1.8384  RESTRAINT  =        0.0000


   NSTEP       ENERGY          RMS            GMAX         NAME    NUMBER
      3      -9.2399E+01     1.2262E+01     4.0476E+01     O1P        46

 BOND    =       18.5432  ANGLE   =        5.4556  DIHED      =       50.7467
 VDWAALS =       -7.3140  EEL     =     -148.6741  EGB        =      -31.4085
 1-4 VDW =       22.1170  1-4 EEL =       -1.8653  RESTRAINT  =        0.0000


   NSTEP       ENERGY          RMS            GMAX         NAME    NUMBER
      4      -9.6356E+01     1.0682E+01     3.8219E+01     O1P        46

 BOND    =       15.0702  ANGLE   =        5.1826  DIHED      =       50.7106
 VDWAALS =       -7.3549  EEL     =     -148.7135  EGB        =      -31.5234
 1-4 VDW =       22.1742  1-4 EEL =       -1.9019  RESTRAINT  =        0.0000


   NSTEP       ENERGY          RMS            GMAX         NAME    NUMBER
      5      -1.0040E+02     8.8851E+00     3.5344E+01     O1P        46

 BOND    =       11.5025  ANGLE   =        4.9869  DIHED      =       50.6674
 VDWAALS =       -7.4084  EEL     =     -148.7610  EGB        =      -31.6700
 1-4 VDW =       22.2350  1-4 EEL =       -1.9539  RESTRAINT  =        0.0000


   NSTEP       ENERGY          RMS            GMAX         NAME    NUMBER
      6      -1.0431E+02     6.9311E+00     3.1622E+01     O1P        46

 BOND    =        8.0676  ANGLE   =        4.9012  DIHED      =       50.6138
 VDWAALS =       -7.4804  EEL     =     -148.8179  EGB        =      -31.8589
 1-4 VDW =       22.2923  1-4 EEL =       -2.0316  RESTRAINT  =        0.0000


   NSTEP       ENERGY          RMS            GMAX         NAME    NUMBER
      7      -1.0783E+02     5.0322E+00     2.6728E+01     O1P        46

 BOND    =        5.1124  ANGLE   =        4.9112  DIHED      =       50.5422
 VDWAALS =       -7.5812  EEL     =     -148.8837  EGB        =      -32.1032
 1-4 VDW =       22.3281  1-4 EEL =       -2.1572  RESTRAINT  =        0.0000


   NSTEP       ENERGY          RMS            GMAX         NAME    NUMBER
      8      -1.1083E+02     3.6456E+00     2.3014E+01     H4         54

 BOND    =        3.0669  ANGLE   =        4.8343  DIHED      =       50.4350
 VDWAALS =       -7.7265  EEL     =     -148.9486  EGB        =      -32.4075
 1-4 VDW =       22.2966  1-4 EEL =       -2.3791  RESTRAINT  =        0.0000


   NSTEP       ENERGY          RMS            GMAX         NAME    NUMBER
      9      -1.1356E+02     2.8369E+00     2.1121E+01     H4         54

 BOND    =        2.1595  ANGLE   =        4.2901  DIHED      =       50.2641
 VDWAALS =       -7.9237  EEL     =     -148.9712  EGB        =      -32.7176
 1-4 VDW =       22.1222  1-4 EEL =       -2.7794  RESTRAINT  =        0.0000


   NSTEP       ENERGY          RMS            GMAX         NAME    NUMBER
     10      -1.1608E+02     2.1260E+00     1.7341E+01     H4         54

 BOND    =        1.9095  ANGLE   =        3.6481  DIHED      =       50.0043
 VDWAALS =       -8.1557  EEL     =     -148.8938  EGB        =      -32.9593
 1-4 VDW =       21.8152  1-4 EEL =       -3.4454  RESTRAINT  =        0.0000


   NSTEP       ENERGY          RMS            GMAX         NAME    NUMBER
     11      -1.1825E+02     1.5271E+00     1.2248E+01     H4         54

 BOND    =        1.6365  ANGLE   =        3.8531  DIHED      =       49.6422
 VDWAALS =       -8.4214  EEL     =     -148.7083  EGB        =      -33.2115
 1-4 VDW =       21.4549  1-4 EEL =       -4.4941  RESTRAINT  =        0.0000


   NSTEP       ENERGY          RMS            GMAX         NAME    NUMBER
     12      -1.1975E+02     1.9779E+00     7.4594E+00     O5         43

 BOND    =        2.2669  ANGLE   =        4.1395  DIHED      =       49.2640
 VDWAALS =       -8.6953  EEL     =     -148.4653  EGB        =      -33.3323
 1-4 VDW =       20.8949  1-4 EEL =       -5.8267  RESTRAINT  =        0.0000


   NSTEP       ENERGY          RMS            GMAX         NAME    NUMBER
     13      -1.1619E+02     7.6625E+00     5.2739E+01     C30        24

 BOND    =        4.4163  ANGLE   =        7.6278  DIHED      =       48.8766
 VDWAALS =       -8.8967  EEL     =     -148.2873  EGB        =      -34.2433
 1-4 VDW =       20.7472  1-4 EEL =       -6.4261  RESTRAINT  =        0.0000


   NSTEP       ENERGY          RMS            GMAX         NAME    NUMBER
     14      -1.2050E+02     2.3497E+00     1.0587E+01     P          50

 BOND    =        1.4903  ANGLE   =        5.7799  DIHED      =       48.9550
 VDWAALS =       -8.8831  EEL     =     -148.2684  EGB        =      -33.7383
 1-4 VDW =       20.6810  1-4 EEL =       -6.5136  RESTRAINT  =        0.0000


   NSTEP       ENERGY          RMS            GMAX         NAME    NUMBER
     15      -1.2021E+02     3.5191E+00     1.3662E+01     P          50

 BOND    =        3.2520  ANGLE   =        4.5541  DIHED      =       49.0006
 VDWAALS =       -8.9292  EEL     =     -148.2106  EGB        =      -33.4897
 1-4 VDW =       20.3209  1-4 EEL =       -6.7056  RESTRAINT  =        0.0000


   NSTEP       ENERGY          RMS            GMAX         NAME    NUMBER
     16      -1.2131E+02     9.5547E-01     4.2261E+00     O2P        47

 BOND    =        1.9376  ANGLE   =        5.0897  DIHED      =       48.9013
 VDWAALS =       -8.9563  EEL     =     -148.2052  EGB        =      -33.7166
 1-4 VDW =       20.3764  1-4 EEL =       -6.7380  RESTRAINT  =        0.0000


   NSTEP       ENERGY          RMS            GMAX         NAME    NUMBER
     17      -1.2153E+02     1.7517E+00     7.8084E+00     C10       133

 BOND    =        1.3630  ANGLE   =        5.8510  DIHED      =       48.7866
 VDWAALS =       -9.0295  EEL     =     -148.1220  EGB        =      -33.7618
 1-4 VDW =       20.3549  1-4 EEL =       -6.9682  RESTRAINT  =        0.0000


   NSTEP       ENERGY          RMS            GMAX         NAME    NUMBER
     18      -1.2138E+02     2.8646E+00     1.9837E+01     C30        24

 BOND    =        3.0066  ANGLE   =        5.0130  DIHED      =       48.7696
 VDWAALS =       -9.0854  EEL     =     -148.0818  EGB        =      -33.9253
 1-4 VDW =       19.9678  1-4 EEL =       -7.0479  RESTRAINT  =        0.0000


   NSTEP       ENERGY          RMS            GMAX         NAME    NUMBER
     19      -1.2202E+02     8.8311E-01     4.0559E+00     O2P        47

 BOND    =        1.8731  ANGLE   =        5.3569  DIHED      =       48.7346
 VDWAALS =       -9.0870  EEL     =     -148.0817  EGB        =      -33.8237
 1-4 VDW =       20.0952  1-4 EEL =       -7.0851  RESTRAINT  =        0.0000


   NSTEP       ENERGY          RMS            GMAX         NAME    NUMBER
     20      -1.2221E+02     1.2593E+00     6.9186E+00     C30        24

 BOND    =        1.5636  ANGLE   =        5.8437  DIHED      =       48.6502
 VDWAALS =       -9.1381  EEL     =     -148.0362  EGB        =      -33.9444
 1-4 VDW =       20.0512  1-4 EEL =       -7.1954  RESTRAINT  =        0.0000


   NSTEP       ENERGY          RMS            GMAX         NAME    NUMBER
     21      -1.2226E+02     1.8973E+00     1.0953E+01     C30        24

 BOND    =        2.1472  ANGLE   =        5.3109  DIHED      =       48.6442
 VDWAALS =       -9.1634  EEL     =     -148.0163  EGB        =      -33.7990
 1-4 VDW =       19.8927  1-4 EEL =       -7.2724  RESTRAINT  =        0.0000


   NSTEP       ENERGY          RMS            GMAX         NAME    NUMBER
     22      -1.2225E+02     2.4933E+00     2.3114E+01     C30        24

 BOND    =        1.9560  ANGLE   =        6.0452  DIHED      =       48.5403
 VDWAALS =       -9.2092  EEL     =     -147.9929  EGB        =      -34.1444
 1-4 VDW =       19.8598  1-4 EEL =       -7.3080  RESTRAINT  =        0.0000


   NSTEP       ENERGY          RMS            GMAX         NAME    NUMBER
     23      -1.2271E+02     7.4701E-01     3.5392E+00     O2P        47

 BOND    =        1.5956  ANGLE   =        5.7666  DIHED      =       48.5562
 VDWAALS =       -9.2063  EEL     =     -147.9901  EGB        =      -33.9523
 1-4 VDW =       19.8638  1-4 EEL =       -7.3411  RESTRAINT  =        0.0000


   NSTEP       ENERGY          RMS            GMAX         NAME    NUMBER
     24      -1.2289E+02     1.0124E+00     5.3368E+00     C30        24

 BOND    =        1.9728  ANGLE   =        5.5488  DIHED      =       48.5118
 VDWAALS =       -9.2466  EEL     =     -147.9643  EGB        =      -34.0024
 1-4 VDW =       19.6959  1-4 EEL =       -7.4101  RESTRAINT  =        0.0000


   NSTEP       ENERGY          RMS            GMAX         NAME    NUMBER
     25      -1.2294E+02     1.7194E+00     1.1073E+01     C10       133

 BOND    =        1.3961  ANGLE   =        6.1124  DIHED      =       48.4356
 VDWAALS =       -9.2687  EEL     =     -147.9604  EGB        =      -33.9571
 1-4 VDW =       19.7681  1-4 EEL =       -7.4696  RESTRAINT  =        0.0000


   NSTEP       ENERGY          RMS            GMAX         NAME    NUMBER
     26      -1.2294E+02     2.2749E+00     2.0979E+01     C30        24

 BOND    =        2.4406  ANGLE   =        5.5724  DIHED      =       48.4272
 VDWAALS =       -9.3065  EEL     =     -147.9291  EGB        =      -34.1470
 1-4 VDW =       19.5009  1-4 EEL =       -7.5012  RESTRAINT  =        0.0000


   NSTEP       ENERGY          RMS            GMAX         NAME    NUMBER
     27      -1.2331E+02     6.7342E-01     3.4236E+00     H4         54

 BOND    =        1.7597  ANGLE   =        5.7296  DIHED      =       48.4068
 VDWAALS =       -9.3028  EEL     =     -147.9397  EGB        =      -34.0262
 1-4 VDW =       19.5831  1-4 EEL =       -7.5175  RESTRAINT  =        0.0000


   NSTEP       ENERGY          RMS            GMAX         NAME    NUMBER
     28      -1.2348E+02     7.8886E-01     3.4431E+00     O2P        47

 BOND    =        1.5672  ANGLE   =        5.9809  DIHED      =       48.3352
 VDWAALS =       -9.3326  EEL     =     -147.9337  EGB        =      -34.0795
 1-4 VDW =       19.5435  1-4 EEL =       -7.5640  RESTRAINT  =        0.0000


   NSTEP       ENERGY          RMS            GMAX         NAME    NUMBER
     29      -1.2361E+02     1.1510E+00     5.0519E+00     O2P        47

 BOND    =        1.9511  ANGLE   =        5.6525  DIHED      =       48.3151
 VDWAALS =       -9.3594  EEL     =     -147.9186  EGB        =      -34.0289
 1-4 VDW =       19.4010  1-4 EEL =       -7.6229  RESTRAINT  =        0.0000


   NSTEP       ENERGY          RMS            GMAX         NAME    NUMBER
     30      -1.2367E+02     1.5480E+00     7.8947E+00     P          50

 BOND    =        1.5291  ANGLE   =        6.3016  DIHED      =       48.2057
 VDWAALS =       -9.3842  EEL     =     -147.9341  EGB        =      -34.1874
 1-4 VDW =       19.4336  1-4 EEL =       -7.6332  RESTRAINT  =        0.0000


   NSTEP       ENERGY          RMS            GMAX         NAME    NUMBER
     31      -1.2371E+02     1.8924E+00     8.6427E+00     C30        24

 BOND    =        2.0963  ANGLE   =        5.6158  DIHED      =       48.2551
 VDWAALS =       -9.3957  EEL     =     -147.9073  EGB        =      -33.9586
 1-4 VDW =       19.2900  1-4 EEL =       -7.7052  RESTRAINT  =        0.0000


   NSTEP       ENERGY          RMS            GMAX         NAME    NUMBER
     32      -1.2364E+02     2.5266E+00     2.0018E+01     C30        24

 BOND    =        1.8998  ANGLE   =        6.4619  DIHED      =       48.0950
 VDWAALS =       -9.4268  EEL     =     -147.9431  EGB        =      -34.3583
 1-4 VDW =       19.2975  1-4 EEL =       -7.6683  RESTRAINT  =        0.0000


   NSTEP       ENERGY          RMS            GMAX         NAME    NUMBER
     33      -1.2414E+02     7.1174E-01     3.3635E+00     H4         54

 BOND    =        1.5510  ANGLE   =        6.0701  DIHED      =       48.1375
 VDWAALS =       -9.4224  EEL     =     -147.9297  EGB        =      -34.1183
 1-4 VDW =       19.2876  1-4 EEL =       -7.7137  RESTRAINT  =        0.0000


   NSTEP       ENERGY          RMS            GMAX         NAME    NUMBER
     34      -1.2424E+02     1.3196E+00     9.2204E+00     C30        24

 BOND    =        2.0164  ANGLE   =        5.8180  DIHED      =       48.1009
 VDWAALS =       -9.4539  EEL     =     -147.9186  EGB        =      -34.1590
 1-4 VDW =       19.1188  1-4 EEL =       -7.7627  RESTRAINT  =        0.0000


   NSTEP       ENERGY          RMS            GMAX         NAME    NUMBER
     35      -1.2419E+02     2.0970E+00     1.6588E+01     C30        24

 BOND    =        1.4622  ANGLE   =        6.3452  DIHED      =       48.0140
 VDWAALS =       -9.4551  EEL     =     -147.9585  EGB        =      -34.0660
 1-4 VDW =       19.2416  1-4 EEL =       -7.7726  RESTRAINT  =        0.0000


   NSTEP       ENERGY          RMS            GMAX         NAME    NUMBER
     36      -1.2450E+02     6.4406E-01     3.3715E+00     H4         54

 BOND    =        1.5688  ANGLE   =        6.1265  DIHED      =       48.0149
 VDWAALS =       -9.4693  EEL     =     -147.9431  EGB        =      -34.1559
 1-4 VDW =       19.1396  1-4 EEL =       -7.7835  RESTRAINT  =        0.0000


   NSTEP       ENERGY          RMS            GMAX         NAME    NUMBER
     37      -1.2463E+02     7.8011E-01     3.6626E+00     O2P        47

 BOND    =        1.7734  ANGLE   =        5.9545  DIHED      =       47.9856
 VDWAALS =       -9.4881  EEL     =     -147.9430  EGB        =      -34.1344
 1-4 VDW =       19.0397  1-4 EEL =       -7.8209  RESTRAINT  =        0.0000


   NSTEP       ENERGY          RMS            GMAX         NAME    NUMBER
     38      -1.2473E+02     1.0975E+00     6.2734E+00     P          50

 BOND    =        1.4852  ANGLE   =        6.3345  DIHED      =       47.8888
 VDWAALS =       -9.5027  EEL     =     -147.9751  EGB        =      -34.1906
 1-4 VDW =       19.0586  1-4 EEL =       -7.8251  RESTRAINT  =        0.0000


   NSTEP       ENERGY          RMS            GMAX         NAME    NUMBER
     39      -1.2478E+02     1.4371E+00     7.9992E+00     P          50

 BOND    =        1.9883  ANGLE   =        5.9085  DIHED      =       47.9084
 VDWAALS =       -9.5214  EEL     =     -147.9510  EGB        =      -34.1355
 1-4 VDW =       18.9018  1-4 EEL =       -7.8787  RESTRAINT  =        0.0000


   NSTEP       ENERGY          RMS            GMAX         NAME    NUMBER
     40      -1.2479E+02     1.8594E+00     1.1644E+01     C10       133

 BOND    =        1.5049  ANGLE   =        6.4741  DIHED      =       47.7838
 VDWAALS =       -9.5234  EEL     =     -148.0148  EGB        =      -34.1770
 1-4 VDW =       19.0101  1-4 EEL =       -7.8515  RESTRAINT  =        0.0000


   NSTEP       ENERGY          RMS            GMAX         NAME    NUMBER
     41      -1.2472E+02     2.5033E+00     2.1578E+01     C30        24

 BOND    =        2.3176  ANGLE   =        5.9974  DIHED      =       47.8292
 VDWAALS =       -9.5520  EEL     =     -147.9588  EGB        =      -34.2224
 1-4 VDW =       18.7825  1-4 EEL =       -7.9146  RESTRAINT  =        0.0000


   NSTEP       ENERGY          RMS            GMAX         NAME    NUMBER
     42      -1.2516E+02     6.3793E-01     3.4647E+00     H4         54

 BOND    =        1.6611  ANGLE   =        6.1156  DIHED      =       47.7843
 VDWAALS =       -9.5442  EEL     =     -147.9958  EGB        =      -34.1449
 1-4 VDW =       18.8644  1-4 EEL =       -7.9032  RESTRAINT  =        0.0000


   NSTEP       ENERGY          RMS            GMAX         NAME    NUMBER
     43      -1.2528E+02     1.0057E+00     7.2431E+00     P          50

 BOND    =        1.5760  ANGLE   =        6.3927  DIHED      =       47.6680
 VDWAALS =       -9.5629  EEL     =     -148.0402  EGB        =      -34.2512
 1-4 VDW =       18.8336  1-4 EEL =       -7.8996  RESTRAINT  =        0.0000


   NSTEP       ENERGY          RMS            GMAX         NAME    NUMBER
     44      -1.2530E+02     1.5407E+00     1.2359E+01     P          50

 BOND    =        1.8026  ANGLE   =        6.0451  DIHED      =       47.7029
 VDWAALS =       -9.5720  EEL     =     -148.0169  EGB        =      -34.0282
 1-4 VDW =       18.7410  1-4 EEL =       -7.9747  RESTRAINT  =        0.0000


   NSTEP       ENERGY          RMS            GMAX         NAME    NUMBER
     45      -1.2534E+02     1.7929E+00     1.5310E+01     P          50

 BOND    =        1.8097  ANGLE   =        6.5410  DIHED      =       47.5337
 VDWAALS =       -9.5886  EEL     =     -148.0922  EGB        =      -34.3817
 1-4 VDW =       18.7384  1-4 EEL =       -7.9016  RESTRAINT  =        0.0000


   NSTEP       ENERGY          RMS            GMAX         NAME    NUMBER
     46      -1.2525E+02     2.4541E+00     1.9105E+01     P          50

 BOND    =        1.7921  ANGLE   =        6.1233  DIHED      =       47.6411
 VDWAALS =       -9.5836  EEL     =     -148.0418  EGB        =      -33.8740
 1-4 VDW =       18.7147  1-4 EEL =       -8.0236  RESTRAINT  =        0.0000


   NSTEP       ENERGY          RMS            GMAX         NAME    NUMBER
     47      -1.2571E+02     6.4982E-01     3.4360E+00     H4         54

 BOND    =        1.6428  ANGLE   =        6.2382  DIHED      =       47.5522
 VDWAALS =       -9.5971  EEL     =     -148.0774  EGB        =      -34.1565
 1-4 VDW =       18.6659  1-4 EEL =       -7.9732  RESTRAINT  =        0.0000


   NSTEP       ENERGY          RMS            GMAX         NAME    NUMBER
     48      -1.2580E+02     1.1747E+00     9.0242E+00     P          50

 BOND    =        1.5432  ANGLE   =        6.4944  DIHED      =       47.4253
 VDWAALS =       -9.6078  EEL     =     -148.1417  EGB        =      -34.2154
 1-4 VDW =       18.6626  1-4 EEL =       -7.9576  RESTRAINT  =        0.0000


   NSTEP       ENERGY          RMS            GMAX         NAME    NUMBER
     49      -1.2578E+02     1.7914E+00     1.3447E+01     P          50

 BOND    =        1.9182  ANGLE   =        6.2207  DIHED      =       47.4589
 VDWAALS =       -9.6258  EEL     =     -148.1021  EGB        =      -34.1415
 1-4 VDW =       18.5200  1-4 EEL =       -8.0252  RESTRAINT  =        0.0000


   NSTEP       ENERGY          RMS            GMAX         NAME    NUMBER
     50      -1.2603E+02     5.9392E-01     3.3764E+00     H4         54

 BOND    =        1.5965  ANGLE   =        6.3179  DIHED      =       47.4030
 VDWAALS =       -9.6220  EEL     =     -148.1427  EGB        =      -34.1434
 1-4 VDW =       18.5665  1-4 EEL =       -8.0019  RESTRAINT  =        0.0000


   NSTEP       ENERGY          RMS            GMAX         NAME    NUMBER
     51      -1.2614E+02     7.5021E-01     4.6969E+00     P          50

 BOND    =        1.5841  ANGLE   =        6.4710  DIHED      =       47.3068
 VDWAALS =       -9.6335  EEL     =     -148.1870  EGB        =      -34.2261
 1-4 VDW =       18.5347  1-4 EEL =       -7.9896  RESTRAINT  =        0.0000


   NSTEP       ENERGY          RMS            GMAX         NAME    NUMBER
     52      -1.2427E+02     5.4948E+00     4.7878E+01     P          50

 BOND    =        3.3405  ANGLE   =        6.2945  DIHED      =       47.3083
 VDWAALS =       -9.6502  EEL     =     -148.1897  EGB        =      -33.5402
 1-4 VDW =       18.3588  1-4 EEL =       -8.1933  RESTRAINT  =        0.0000


   NSTEP       ENERGY          RMS            GMAX         NAME    NUMBER
     53      -1.2623E+02     7.3005E-01     4.4059E+00     P          50

 BOND    =        1.5551  ANGLE   =        6.3583  DIHED      =       47.3066
 VDWAALS =       -9.6365  EEL     =     -148.1874  EGB        =      -34.1013
 1-4 VDW =       18.5033  1-4 EEL =       -8.0248  RESTRAINT  =        0.0000


   NSTEP       ENERGY          RMS            GMAX         NAME    NUMBER
     54      -1.2639E+02     7.3701E-01     4.8731E+00     P          50

 BOND    =        1.6150  ANGLE   =        6.3635  DIHED      =       47.2268
 VDWAALS =       -9.6497  EEL     =     -148.2234  EGB        =      -34.1165
 1-4 VDW =       18.4334  1-4 EEL =       -8.0357  RESTRAINT  =        0.0000


   NSTEP       ENERGY          RMS            GMAX         NAME    NUMBER
     55      -1.2714E+02     3.2066E+00     2.7234E+01     C30        24

 BOND    =        2.6628  ANGLE   =        6.7219  DIHED      =       46.4523
 VDWAALS =       -9.7525  EEL     =     -148.5867  EGB        =      -34.3219
 1-4 VDW =       17.8071  1-4 EEL =       -8.1236  RESTRAINT  =        0.0000


   NSTEP       ENERGY          RMS            GMAX         NAME    NUMBER
     56      -1.2860E+02     3.0830E+00     2.3238E+01     C30        24

 BOND    =        2.6149  ANGLE   =        7.5708  DIHED      =       45.4755
 VDWAALS =       -9.8084  EEL     =     -149.1023  EGB        =      -34.4355
 1-4 VDW =       17.2913  1-4 EEL =       -8.2059  RESTRAINT  =        0.0000


   NSTEP       ENERGY          RMS            GMAX         NAME    NUMBER
     57      -1.2884E+02     4.4171E+00     5.4044E+01     O1P        46

 BOND    =        4.0613  ANGLE   =        9.5097  DIHED      =       44.0546
 VDWAALS =       -9.8164  EEL     =     -150.0644  EGB        =      -34.8559
 1-4 VDW =       16.5530  1-4 EEL =       -8.2855  RESTRAINT  =        0.0000


   NSTEP       ENERGY          RMS            GMAX         NAME    NUMBER
     58      -1.2916E+02     3.6229E+00     3.8347E+01     O1P        46

 BOND    =        3.1571  ANGLE   =        8.6631  DIHED      =       44.5889
 VDWAALS =       -9.8240  EEL     =     -149.6627  EGB        =      -34.6582
 1-4 VDW =       16.8346  1-4 EEL =       -8.2606  RESTRAINT  =        0.0000


   NSTEP       ENERGY          RMS            GMAX         NAME    NUMBER
     59      -1.3058E+02     2.7681E+00     2.3188E+01     O1P        46

 BOND    =        1.7004  ANGLE   =        9.3182  DIHED      =       43.8731
 VDWAALS =       -9.7547  EEL     =     -149.7668  EGB        =      -34.1617
 1-4 VDW =       16.7489  1-4 EEL =       -8.5403  RESTRAINT  =        0.0000


   NSTEP       ENERGY          RMS            GMAX         NAME    NUMBER
     60      -1.3061E+02     2.4206E+00     2.4713E+01     O1P        46

 BOND    =        1.7120  ANGLE   =        9.2098  DIHED      =       43.9534
 VDWAALS =       -9.7639  EEL     =     -149.7543  EGB        =      -34.2138
 1-4 VDW =       16.7584  1-4 EEL =       -8.5080  RESTRAINT  =        0.0000


   NSTEP       ENERGY          RMS            GMAX         NAME    NUMBER
     61      -1.3150E+02     1.9011E+00     2.3397E+01     O1P        46

 BOND    =        1.6699  ANGLE   =       10.2895  DIHED      =       43.0682
 VDWAALS =       -9.6925  EEL     =     -150.0359  EGB        =      -34.3185
 1-4 VDW =       16.3057  1-4 EEL =       -8.7909  RESTRAINT  =        0.0000


   NSTEP       ENERGY          RMS            GMAX         NAME    NUMBER
     62      -1.3165E+02     2.2410E+00     2.5759E+01     O1P        46

 BOND    =        1.8845  ANGLE   =       11.1659  DIHED      =       42.5555
 VDWAALS =       -9.6248  EEL     =     -150.2333  EGB        =      -34.4506
 1-4 VDW =       16.0278  1-4 EEL =       -8.9750  RESTRAINT  =        0.0000


   NSTEP       ENERGY          RMS            GMAX         NAME    NUMBER
     63      -1.3245E+02     1.2336E+00     7.9251E+00     P          50

 BOND    =        1.6290  ANGLE   =       11.1290  DIHED      =       42.0561
 VDWAALS =       -9.4793  EEL     =     -150.0082  EGB        =      -34.0012
 1-4 VDW =       15.6917  1-4 EEL =       -9.4678  RESTRAINT  =        0.0000


   NSTEP       ENERGY          RMS            GMAX         NAME    NUMBER
     64      -1.3246E+02     1.0540E+00     7.1834E+00     P          50

 BOND    =        1.5855  ANGLE   =       11.1107  DIHED      =       42.1054
 VDWAALS =       -9.4961  EEL     =     -150.0323  EGB        =      -34.0441
 1-4 VDW =       15.7259  1-4 EEL =       -9.4161  RESTRAINT  =        0.0000


   NSTEP       ENERGY          RMS            GMAX         NAME    NUMBER
     65      -1.3271E+02     8.1808E-01     7.6834E+00     H4         54

 BOND    =        1.5638  ANGLE   =       10.9360  DIHED      =       41.8976
 VDWAALS =       -9.4508  EEL     =     -150.0473  EGB        =      -33.8237
 1-4 VDW =       15.7112  1-4 EEL =       -9.4951  RESTRAINT  =        0.0000


   NSTEP       ENERGY          RMS            GMAX         NAME    NUMBER
     66      -1.3274E+02     1.1015E+00     9.7251E+00     H4         54

 BOND    =        1.6166  ANGLE   =       10.8794  DIHED      =       41.8025
 VDWAALS =       -9.4289  EEL     =     -150.0537  EGB        =      -33.7241
 1-4 VDW =       15.7048  1-4 EEL =       -9.5319  RESTRAINT  =        0.0000


   NSTEP       ENERGY          RMS            GMAX         NAME    NUMBER
     67      -1.3316E+02     9.4886E-01     5.7328E+00     O1P        46

 BOND    =        1.7213  ANGLE   =       10.6719  DIHED      =       41.5526
 VDWAALS =       -9.3697  EEL     =     -150.2951  EGB        =      -33.5345
 1-4 VDW =       15.5776  1-4 EEL =       -9.4804  RESTRAINT  =        0.0000


   NSTEP       ENERGY          RMS            GMAX         NAME    NUMBER
     68      -1.3331E+02     1.6128E+00     1.1708E+01     O2P        47

 BOND    =        2.0564  ANGLE   =       10.5355  DIHED      =       41.2856
 VDWAALS =       -9.2950  EEL     =     -150.5667  EGB        =      -33.3385
 1-4 VDW =       15.4416  1-4 EEL =       -9.4323  RESTRAINT  =        0.0000


   NSTEP       ENERGY          RMS            GMAX         NAME    NUMBER
     69      -1.3382E+02     1.9492E+00     1.4266E+01     C30        24

 BOND    =        2.0460  ANGLE   =       10.4288  DIHED      =       40.8408
 VDWAALS =       -9.0838  EEL     =     -151.2362  EGB        =      -33.1175
 1-4 VDW =       15.2796  1-4 EEL =       -8.9812  RESTRAINT  =        0.0000


   NSTEP       ENERGY          RMS            GMAX         NAME    NUMBER
     70      -1.3383E+02     1.7261E+00     1.2054E+01     O1P        46

 BOND    =        2.0015  ANGLE   =       10.4193  DIHED      =       40.8892
 VDWAALS =       -9.1099  EEL     =     -151.1596  EGB        =      -33.1396
 1-4 VDW =       15.2971  1-4 EEL =       -9.0293  RESTRAINT  =        0.0000


   NSTEP       ENERGY          RMS            GMAX         NAME    NUMBER
     71      -1.3454E+02     1.0862E+00     8.3993E+00     P          50

 BOND    =        1.4895  ANGLE   =       10.7475  DIHED      =       40.5031
 VDWAALS =       -8.8366  EEL     =     -151.6375  EGB        =      -33.3420
 1-4 VDW =       15.1096  1-4 EEL =       -8.5745  RESTRAINT  =        0.0000


   NSTEP       ENERGY          RMS            GMAX         NAME    NUMBER
     72      -1.3464E+02     1.3181E+00     1.2129E+01     P          50

 BOND    =        1.3952  ANGLE   =       11.0194  DIHED      =       40.3090
 VDWAALS =       -8.6588  EEL     =     -151.9038  EGB        =      -33.4614
 1-4 VDW =       15.0131  1-4 EEL =       -8.3478  RESTRAINT  =        0.0000


   NSTEP       ENERGY          RMS            GMAX         NAME    NUMBER
     73      -1.3507E+02     1.6876E+00     1.5107E+01     P          50

 BOND    =        1.3855  ANGLE   =       10.8810  DIHED      =       40.1409
 VDWAALS =       -8.4060  EEL     =     -152.4920  EGB        =      -33.2815
 1-4 VDW =       15.0106  1-4 EEL =       -8.3052  RESTRAINT  =        0.0000


   NSTEP       ENERGY          RMS            GMAX         NAME    NUMBER
     74      -1.3507E+02     1.6185E+00     1.3966E+01     P          50

 BOND    =        1.3705  ANGLE   =       10.8835  DIHED      =       40.1478
 VDWAALS =       -8.4175  EEL     =     -152.4669  EGB        =      -33.2886
 1-4 VDW =       15.0106  1-4 EEL =       -8.3069  RESTRAINT  =        0.0000


   NSTEP       ENERGY          RMS            GMAX         NAME    NUMBER
     75      -1.3580E+02     1.3010E+00     8.1384E+00     O4P        49

 BOND    =        1.5951  ANGLE   =       10.4492  DIHED      =       40.0142
 VDWAALS =       -8.1906  EEL     =     -153.2141  EGB        =      -33.2445
 1-4 VDW =       14.9893  1-4 EEL =       -8.2026  RESTRAINT  =        0.0000


   NSTEP       ENERGY          RMS            GMAX         NAME    NUMBER
     76      -1.3583E+02     1.2422E+00     7.8285E+00     O4P        49

 BOND    =        1.5809  ANGLE   =       10.4400  DIHED      =       40.0183
 VDWAALS =       -8.1903  EEL     =     -153.2185  EGB        =      -33.2467
 1-4 VDW =       14.9866  1-4 EEL =       -8.2002  RESTRAINT  =        0.0000


   NSTEP       ENERGY          RMS            GMAX         NAME    NUMBER
     77      -1.3586E+02     1.1766E+00     7.4627E+00     O4P        49

 BOND    =        1.5651  ANGLE   =       10.4290  DIHED      =       40.0234
 VDWAALS =       -8.1900  EEL     =     -153.2242  EGB        =      -33.2487
 1-4 VDW =       14.9835  1-4 EEL =       -8.1975  RESTRAINT  =        0.0000


   NSTEP       ENERGY          RMS            GMAX         NAME    NUMBER
     78      -1.3589E+02     1.1052E+00     7.0341E+00     O4P        49

 BOND    =        1.5478  ANGLE   =       10.4154  DIHED      =       40.0297
 VDWAALS =       -8.1896  EEL     =     -153.2314  EGB        =      -33.2502
 1-4 VDW =       14.9801  1-4 EEL =       -8.1946  RESTRAINT  =        0.0000


   NSTEP       ENERGY          RMS            GMAX         NAME    NUMBER
     79      -1.3593E+02     1.0303E+00     6.5375E+00     O4P        49

 BOND    =        1.5292  ANGLE   =       10.3986  DIHED      =       40.0375
 VDWAALS =       -8.1892  EEL     =     -153.2408  EGB        =      -33.2507
 1-4 VDW =       14.9764  1-4 EEL =       -8.1915  RESTRAINT  =        0.0000


   NSTEP       ENERGY          RMS            GMAX         NAME    NUMBER
     80      -1.3605E+02     2.1983E+00     2.2369E+01     P          50

 BOND    =        1.6785  ANGLE   =       10.1619  DIHED      =       40.2688
 VDWAALS =       -8.1730  EEL     =     -153.5199  EGB        =      -33.2353
 1-4 VDW =       14.8920  1-4 EEL =       -8.1211  RESTRAINT  =        0.0000


   NSTEP       ENERGY          RMS            GMAX         NAME    NUMBER
     81      -1.3621E+02     1.1632E+00     1.1285E+01     P          50

 BOND    =        1.4604  ANGLE   =       10.2018  DIHED      =       40.1663
 VDWAALS =       -8.1804  EEL     =     -153.3988  EGB        =      -33.2389
 1-4 VDW =       14.9275  1-4 EEL =       -8.1514  RESTRAINT  =        0.0000


   NSTEP       ENERGY          RMS            GMAX         NAME    NUMBER
     82      -1.3660E+02     9.4708E-01     6.4234E+00     O3P        48

 BOND    =        1.3296  ANGLE   =        9.8049  DIHED      =       40.3274
 VDWAALS =       -8.1647  EEL     =     -153.6996  EGB        =      -32.9767
 1-4 VDW =       14.9662  1-4 EEL =       -8.1916  RESTRAINT  =        0.0000


   NSTEP       ENERGY          RMS            GMAX         NAME    NUMBER
     83      -1.3667E+02     1.3445E+00     1.1790E+01     O2P        47

 BOND    =        1.3538  ANGLE   =        9.6381  DIHED      =       40.4235
 VDWAALS =       -8.1545  EEL     =     -153.8784  EGB        =      -32.8251
 1-4 VDW =       14.9909  1-4 EEL =       -8.2160  RESTRAINT  =        0.0000


   NSTEP       ENERGY          RMS            GMAX         NAME    NUMBER
     84      -1.3711E+02     1.5020E+00     1.0121E+01     C30        24

 BOND    =        1.6893  ANGLE   =        9.3218  DIHED      =       40.5256
 VDWAALS =       -8.1201  EEL     =     -154.4505  EGB        =      -32.9746
 1-4 VDW =       14.9610  1-4 EEL =       -8.0609  RESTRAINT  =        0.0000


   NSTEP       ENERGY          RMS            GMAX         NAME    NUMBER
     85      -1.3711E+02     1.4453E+00     9.4999E+00     C30        24

 BOND    =        1.6663  ANGLE   =        9.3268  DIHED      =       40.5219
 VDWAALS =       -8.1215  EEL     =     -154.4294  EGB        =      -32.9686
 1-4 VDW =       14.9620  1-4 EEL =       -8.0665  RESTRAINT  =        0.0000


   NSTEP       ENERGY          RMS            GMAX         NAME    NUMBER
     86      -1.3752E+02     1.3610E+00     1.2054E+01     P          50

 BOND    =        1.5203  ANGLE   =        9.1243  DIHED      =       40.7661
 VDWAALS =       -8.0141  EEL     =     -155.0006  EGB        =      -33.1198
 1-4 VDW =       14.9953  1-4 EEL =       -7.7929  RESTRAINT  =        0.0000


   NSTEP       ENERGY          RMS            GMAX         NAME    NUMBER
     87      -1.3752E+02     1.2635E+00     1.1728E+01     P          50

 BOND    =        1.5103  ANGLE   =        9.1271  DIHED      =       40.7492
 VDWAALS =       -8.0221  EEL     =     -154.9607  EGB        =      -33.1086
 1-4 VDW =       14.9927  1-4 EEL =       -7.8118  RESTRAINT  =        0.0000


   NSTEP       ENERGY          RMS            GMAX         NAME    NUMBER
     88      -1.3788E+02     9.6070E-01     9.2149E+00     P          50

 BOND    =        1.1316  ANGLE   =        9.1056  DIHED      =       41.1041
 VDWAALS =       -7.9165  EEL     =     -155.3404  EGB        =      -33.3377
 1-4 VDW =       15.0074  1-4 EEL =       -7.6305  RESTRAINT  =        0.0000


   NSTEP       ENERGY          RMS            GMAX         NAME    NUMBER
     89      -1.3788E+02     1.0602E+00     1.0778E+01     P          50

 BOND    =        1.1110  ANGLE   =        9.1175  DIHED      =       41.1442
 VDWAALS =       -7.9036  EEL     =     -155.3841  EGB        =      -33.3651
 1-4 VDW =       15.0095  1-4 EEL =       -7.6097  RESTRAINT  =        0.0000


   NSTEP       ENERGY          RMS            GMAX         NAME    NUMBER
     90      -1.3827E+02     9.4751E-01     8.2287E+00     O2P        47

 BOND    =        1.3696  ANGLE   =        8.5505  DIHED      =       41.2530
 VDWAALS =       -7.8039  EEL     =     -155.8084  EGB        =      -33.4353
 1-4 VDW =       15.0526  1-4 EEL =       -7.4510  RESTRAINT  =        0.0000


   NSTEP       ENERGY          RMS            GMAX         NAME    NUMBER
     91      -1.3845E+02     1.6576E+00     1.4956E+01     O2P        47

 BOND    =        1.9167  ANGLE   =        7.9382  DIHED      =       41.3888
 VDWAALS =       -7.6637  EEL     =     -156.3447  EGB        =      -33.5426
 1-4 VDW =       15.1117  1-4 EEL =       -7.2538  RESTRAINT  =        0.0000


   NSTEP       ENERGY          RMS            GMAX         NAME    NUMBER
     92      -1.3910E+02     1.0310E+00     7.0808E+00     H11        61

 BOND    =        1.8991  ANGLE   =        6.8745  DIHED      =       41.6562
 VDWAALS =       -7.2951  EEL     =     -157.0706  EGB        =      -33.2776
 1-4 VDW =       15.1276  1-4 EEL =       -7.0162  RESTRAINT  =        0.0000


   NSTEP       ENERGY          RMS            GMAX         NAME    NUMBER
     93      -1.3911E+02     1.1508E+00     7.3716E+00     H11        61

 BOND    =        1.9438  ANGLE   =        6.7469  DIHED      =       41.6970
 VDWAALS =       -7.2292  EEL     =     -157.1850  EGB        =      -33.2416
 1-4 VDW =       15.1317  1-4 EEL =       -6.9785  RESTRAINT  =        0.0000


   NSTEP       ENERGY          RMS            GMAX         NAME    NUMBER
     94      -1.3941E+02     1.1094E+00     8.6525E+00     C10       133

 BOND    =        1.5118  ANGLE   =        6.2602  DIHED      =       41.7018
 VDWAALS =       -6.9496  EEL     =     -157.1467  EGB        =      -33.1717
 1-4 VDW =       15.1343  1-4 EEL =       -6.7516  RESTRAINT  =        0.0000


   NSTEP       ENERGY          RMS            GMAX         NAME    NUMBER
     95      -1.3941E+02     1.0757E+00     8.2508E+00     C10       133

 BOND    =        1.5188  ANGLE   =        6.2733  DIHED      =       41.7017
 VDWAALS =       -6.9592  EEL     =     -157.1481  EGB        =      -33.1736
 1-4 VDW =       15.1341  1-4 EEL =       -6.7590  RESTRAINT  =        0.0000


   NSTEP       ENERGY          RMS            GMAX         NAME    NUMBER
     96      -1.3959E+02     1.3845E+00     9.7783E+00     C10       133

 BOND    =        1.2116  ANGLE   =        5.9592  DIHED      =       41.5966
 VDWAALS =       -6.7383  EEL     =     -157.3408  EGB        =      -33.0325
 1-4 VDW =       15.1974  1-4 EEL =       -6.4384  RESTRAINT  =        0.0000


   NSTEP       ENERGY          RMS            GMAX         NAME    NUMBER
     97      -1.3960E+02     1.0551E+00     6.4750E+00     C10       133

 BOND    =        1.2430  ANGLE   =        6.0158  DIHED      =       41.6213
 VDWAALS =       -6.7925  EEL     =     -157.2948  EGB        =      -33.0642
 1-4 VDW =       15.1821  1-4 EEL =       -6.5146  RESTRAINT  =        0.0000


   NSTEP       ENERGY          RMS            GMAX         NAME    NUMBER
     98      -1.3980E+02     8.1763E-01     6.5610E+00     H10        60

 BOND    =        1.2505  ANGLE   =        6.0529  DIHED      =       41.4873
 VDWAALS =       -6.6462  EEL     =     -157.6773  EGB        =      -33.1172
 1-4 VDW =       15.1516  1-4 EEL =       -6.3058  RESTRAINT  =        0.0000


   NSTEP       ENERGY          RMS            GMAX         NAME    NUMBER
     99      -1.3981E+02     9.1176E-01     6.7999E+00     H10        60

 BOND    =        1.2773  ANGLE   =        6.0735  DIHED      =       41.4584
 VDWAALS =       -6.6124  EEL     =     -157.7633  EGB        =      -33.1297
 1-4 VDW =       15.1452  1-4 EEL =       -6.2599  RESTRAINT  =        0.0000


   NSTEP       ENERGY          RMS            GMAX         NAME    NUMBER
    100      -1.4007E+02     7.7178E-01     5.4785E+00     H10        60

 BOND    =        1.3448  ANGLE   =        6.0806  DIHED      =       41.3704
 VDWAALS =       -6.3014  EEL     =     -158.1760  EGB        =      -33.1859
 1-4 VDW =       15.0972  1-4 EEL =       -6.3039  RESTRAINT  =        0.0000


  Maximum number of minimization cycles reached.


                    FINAL RESULTS



   NSTEP       ENERGY          RMS            GMAX         NAME    NUMBER
    100      -1.4007E+02     7.7178E-01     5.4785E+00     H10        60

 BOND    =        1.3448  ANGLE   =        6.0806  DIHED      =       41.3704
 VDWAALS =       -6.3014  EEL     =     -158.1760  EGB        =      -33.1859
 1-4 VDW =       15.0972  1-4 EEL =       -6.3039  RESTRAINT  =        0.0000

--------------------------------------------------------------------------------
   5.  TIMINGS
--------------------------------------------------------------------------------

|    Read coords time           0.01 ( 1.95% of Total)
|    Fast Water setup           0.00 ( 0.51% of Total)
|                Calc gb radii              0.04 (21.24% of Gen B)
|                Calc gb diag               0.07 (37.71% of Gen B)
|                Calc gb off-diag           0.07 (40.94% of Gen B)
|                Other                      0.00 ( 0.11% of Gen B)
|             Gen Born time              0.18 (100.0% of Nonbo)
|             IPS excludes               0.00 ( 0.01% of Nonbo)
|          Nonbond force              0.18 (89.46% of Force)
|          Bond/Angle/Dihedral        0.02 ( 8.70% of Force)
|          Other                      0.00 ( 1.84% of Force)
|       Force time                 0.20 (100.0% of Runmd)
|    Runmd Time                 0.20 (54.60% of Total)
|    Other                      0.16 (42.94% of Total)
| Total time                 0.37 (98.38% of ALL  )

| Number of list builds   :          0

| Highest rstack allocated:          0
| Highest istack allocated:          0
|           Job began  at 15:23:31.845  on 04/20/2016
|           Setup done at 15:23:31.950  on 04/20/2016
|           Run   done at 15:23:32.220  on 04/20/2016
|     wallclock() was called    1828 times
