
          -------------------------------------------------------
          Amber 14 SANDER                              2014
          -------------------------------------------------------

| Run on 12/05/2014 at 22:05:57

|   Executable path: sander
| Working directory: /net/casegroup2/u2/pjanowsk/Phenix/AmberLibrary/p
|          Hostname: krakow

  [-O]verwriting output

File Assignments:
|  MDIN: sander.in                                                             
| MDOUT: PGJ.min_igb.out                                                       
|INPCRD: PGJ.rst7                                                              
|  PARM: PGJ.prmtop                                                            
|RESTRT: PGJ.min_igb.rst7                                                      
|  REFC: refc                                                                  
| MDVEL: mdvel                                                                 
| MDFRC: mdfrc                                                                 
|  MDEN: mden                                                                  
| MDCRD: mdcrd                                                                 
|MDINFO: mdinfo                                                                
|  MTMD: mtmd                                                                  
|INPDIP: inpdip                                                                
|RSTDIP: rstdip                                                                
|INPTRA: inptraj                                                               


 Here is the input file:

  short minimization                                                           
 &cntrl                                                                        
   imin=1, maxcyc=100, ncyc=50, ntpr=1, cut=99., ntb=0, igb=2                  
 /                                                                             

--------------------------------------------------------------------------------
   1.  RESOURCE   USE: 
--------------------------------------------------------------------------------

| Flags:                                                                        
| New format PARM file being parsed.
| Version =    1.000 Date = 12/05/14 Time = 22:05:57
 NATOM  =      49 NTYPES =      13 NBONH =      18 MBONA  =      34
 NTHETH =      37 MTHETA =      47 NPHIH =      65 MPHIA  =      75
 NHPARM =       0 NPARM  =       0 NNB   =     245 NRES   =       1
 NBONA  =      34 NTHETA =      47 NPHIA =      75 NUMBND =      22
 NUMANG =      40 NPTRA  =      18 NATYP =      17 NPHB   =       0
 IFBOX  =       0 NMXRS  =      49 IFCAP =       0 NEXTRA =       0
 NCOPY  =       0

 Implicit solvent radii are H(N)-modified Bondi radii (mbondi2)                                             

|     Memory Use     Allocated
|     Real                7514
|     Hollerith            150
|     Integer            22452
|     Max Pairs              1
|     nblistReal             0
|     nblist Int             0
|       Total              147 kbytes

| Note: 1-4 EEL scale factors are being read from the topology file.

| Note: 1-4 VDW scale factors are being read from the topology file.
| Duplicated    0 dihedrals
| Duplicated    0 dihedrals

--------------------------------------------------------------------------------
   2.  CONTROL  DATA  FOR  THE  RUN
--------------------------------------------------------------------------------

PGJ                                                                             

General flags:
     imin    =       1, nmropt  =       0

Nature and format of input:
     ntx     =       1, irest   =       0, ntrx    =       1

Nature and format of output:
     ntxo    =       1, ntpr    =       1, ntrx    =       1, ntwr    =     500
     iwrap   =       0, ntwx    =       0, ntwv    =       0, ntwe    =       0
     ioutfm  =       0, ntwprt  =       0, idecomp =       0, rbornstat=      0

Potential function:
     ntf     =       1, ntb     =       0, igb     =       2, nsnb    =      25
     ipol    =       0, gbsa    =       0, iesp    =       0
     dielc   =   1.00000, cut     =  99.00000, intdiel =   1.00000
     saltcon =   0.00000, offset  =   0.09000, gbalpha=    0.80000
     gbbeta  =   0.00000, gbgamma =   2.90912, surften =   0.00500
     rdt     =   0.00000, rgbmax  =  25.00000  extdiel =  78.50000
     alpb  =        0

Frozen or restrained atoms:
     ibelly  =       0, ntr     =       0

Energy minimization:
     maxcyc  =     100, ncyc    =      50, ntmin   =       1
     dx0     =   0.01000, drms    =   0.00010
|  INFO: Old style inpcrd file read


--------------------------------------------------------------------------------
   3.  ATOMIC COORDINATES AND VELOCITIES
--------------------------------------------------------------------------------

PGJ                                                                             
 begin time read from input coords =     0.000 ps

 Number of triangulated 3-point waters found:        0

--------------------------------------------------------------------------------
   4.  RESULTS
--------------------------------------------------------------------------------



   NSTEP       ENERGY          RMS            GMAX         NAME    NUMBER
      1      -5.4813E+01     2.2033E+01     1.2447E+02     N2          2

 BOND    =       14.6839  ANGLE   =       32.7482  DIHED      =       19.2937
 VDWAALS =       -4.4597  EEL     =      -78.6071  EGB        =      -29.8350
 1-4 VDW =       15.2714  1-4 EEL =      -23.9080  RESTRAINT  =        0.0000


   NSTEP       ENERGY          RMS            GMAX         NAME    NUMBER
      2      -5.7876E+01     2.0100E+01     1.1347E+02     N2          2

 BOND    =       12.8211  ANGLE   =       31.6121  DIHED      =       19.2511
 VDWAALS =       -4.4698  EEL     =      -78.6485  EGB        =      -29.8285
 1-4 VDW =       15.2879  1-4 EEL =      -23.9012  RESTRAINT  =        0.0000


   NSTEP       ENERGY          RMS            GMAX         NAME    NUMBER
      3      -6.1190E+01     1.7901E+01     1.0046E+02     N2          2

 BOND    =       10.8779  ANGLE   =       30.3177  DIHED      =       19.1985
 VDWAALS =       -4.4815  EEL     =      -78.6979  EGB        =      -29.8164
 1-4 VDW =       15.3110  1-4 EEL =      -23.8993  RESTRAINT  =        0.0000


   NSTEP       ENERGY          RMS            GMAX         NAME    NUMBER
      4      -6.4678E+01     1.5454E+01     8.5222E+01     N2          2

 BOND    =        8.9396  ANGLE   =       28.8593  DIHED      =       19.1330
 VDWAALS =       -4.4949  EEL     =      -78.7564  EGB        =      -29.7948
 1-4 VDW =       15.3439  1-4 EEL =      -23.9074  RESTRAINT  =        0.0000


   NSTEP       ENERGY          RMS            GMAX         NAME    NUMBER
      5      -6.8221E+01     1.2832E+01     6.7758E+01     N2          2

 BOND    =        7.1270  ANGLE   =       27.2382  DIHED      =       19.0499
 VDWAALS =       -4.5103  EEL     =      -78.8245  EGB        =      -29.7580
 1-4 VDW =       15.3916  1-4 EEL =      -23.9346  RESTRAINT  =        0.0000


   NSTEP       ENERGY          RMS            GMAX         NAME    NUMBER
      6      -7.1669E+01     1.0187E+01     4.8581E+01     N2          2

 BOND    =        5.5824  ANGLE   =       25.4685  DIHED      =       18.9421
 VDWAALS =       -4.5283  EEL     =      -78.9014  EGB        =      -29.6975
 1-4 VDW =       15.4619  1-4 EEL =      -23.9969  RESTRAINT  =        0.0000


   NSTEP       ENERGY          RMS            GMAX         NAME    NUMBER
      7      -7.4877E+01     7.7585E+00     2.9828E+01     C4          4

 BOND    =        4.4205  ANGLE   =       23.5919  DIHED      =       18.7997
 VDWAALS =       -4.5496  EEL     =      -78.9822  EGB        =      -29.6035
 1-4 VDW =       15.5671  1-4 EEL =      -24.1206  RESTRAINT  =        0.0000


   NSTEP       ENERGY          RMS            GMAX         NAME    NUMBER
      8      -7.7758E+01     5.7518E+00     2.4807E+01     N2          2

 BOND    =        3.6364  ANGLE   =       21.7132  DIHED      =       18.6131
 VDWAALS =       -4.5754  EEL     =      -79.0531  EGB        =      -29.4756
 1-4 VDW =       15.7227  1-4 EEL =      -24.3394  RESTRAINT  =        0.0000


   NSTEP       ENERGY          RMS            GMAX         NAME    NUMBER
      9      -8.0289E+01     4.1420E+00     1.9312E+01     N2          2

 BOND    =        3.0796  ANGLE   =       20.0163  DIHED      =       18.3872
 VDWAALS =       -4.6060  EEL     =      -79.0902  EGB        =      -29.3496
 1-4 VDW =       15.9367  1-4 EEL =      -24.6634  RESTRAINT  =        0.0000


   NSTEP       ENERGY          RMS            GMAX         NAME    NUMBER
     10      -8.2403E+01     2.7780E+00     1.3008E+01     N2          2

 BOND    =        2.6600  ANGLE   =       18.6262  DIHED      =       18.1528
 VDWAALS =       -4.6370  EEL     =      -79.0712  EGB        =      -29.2845
 1-4 VDW =       16.1798  1-4 EEL =      -25.0287  RESTRAINT  =        0.0000


   NSTEP       ENERGY          RMS            GMAX         NAME    NUMBER
     11      -8.3990E+01     2.0260E+00     8.7253E+00     H62        33

 BOND    =        2.3355  ANGLE   =       17.6314  DIHED      =       17.8993
 VDWAALS =       -4.6727  EEL     =      -78.9746  EGB        =      -29.2377
 1-4 VDW =       16.3617  1-4 EEL =      -25.3335  RESTRAINT  =        0.0000


   NSTEP       ENERGY          RMS            GMAX         NAME    NUMBER
     12      -8.3100E+01     9.5136E+00     6.8932E+01     C4          4

 BOND    =        4.0396  ANGLE   =       17.4493  DIHED      =       17.7147
 VDWAALS =       -4.7029  EEL     =      -78.8139  EGB        =      -29.7060
 1-4 VDW =       16.3920  1-4 EEL =      -25.4730  RESTRAINT  =        0.0000


   NSTEP       ENERGY          RMS            GMAX         NAME    NUMBER
     13      -8.5088E+01     1.6416E+00     6.4558E+00     C4          4

 BOND    =        2.2093  ANGLE   =       17.0903  DIHED      =       17.6695
 VDWAALS =       -4.7183  EEL     =      -78.7301  EGB        =      -29.3675
 1-4 VDW =       16.3823  1-4 EEL =      -25.6237  RESTRAINT  =        0.0000


   NSTEP       ENERGY          RMS            GMAX         NAME    NUMBER
     14      -8.4157E+01     7.8146E+00     5.1967E+01     C4          4

 BOND    =        3.3287  ANGLE   =       17.1857  DIHED      =       17.5815
 VDWAALS =       -4.7380  EEL     =      -78.7338  EGB        =      -29.6224
 1-4 VDW =       16.2553  1-4 EEL =      -25.4143  RESTRAINT  =        0.0000


   NSTEP       ENERGY          RMS            GMAX         NAME    NUMBER
     15      -8.5431E+01     1.8901E+00     9.9019E+00     C4          4

 BOND    =        2.2755  ANGLE   =       16.9030  DIHED      =       17.5899
 VDWAALS =       -4.7411  EEL     =      -78.6496  EGB        =      -29.4731
 1-4 VDW =       16.2939  1-4 EEL =      -25.6296  RESTRAINT  =        0.0000


   NSTEP       ENERGY          RMS            GMAX         NAME    NUMBER
     16      -8.5224E+01     4.3438E+00     2.7233E+01     C4          4

 BOND    =        2.5114  ANGLE   =       16.9470  DIHED      =       17.5688
 VDWAALS =       -4.7560  EEL     =      -78.4959  EGB        =      -29.3820
 1-4 VDW =       16.3343  1-4 EEL =      -25.9518  RESTRAINT  =        0.0000


   NSTEP       ENERGY          RMS            GMAX         NAME    NUMBER
     17      -8.5640E+01     1.1605E+00     3.7376E+00     C17        10

 BOND    =        2.2295  ANGLE   =       16.8684  DIHED      =       17.5540
 VDWAALS =       -4.7541  EEL     =      -78.5348  EGB        =      -29.4724
 1-4 VDW =       16.2956  1-4 EEL =      -25.8268  RESTRAINT  =        0.0000


   NSTEP       ENERGY          RMS            GMAX         NAME    NUMBER
     18      -8.5701E+01     1.7882E+00     1.0090E+01     C4          4

 BOND    =        2.2717  ANGLE   =       16.7907  DIHED      =       17.5308
 VDWAALS =       -4.7485  EEL     =      -78.5460  EGB        =      -29.5208
 1-4 VDW =       16.2368  1-4 EEL =      -25.7159  RESTRAINT  =        0.0000


   NSTEP       ENERGY          RMS            GMAX         NAME    NUMBER
     19      -8.5663E+01     2.9439E+00     1.8947E+01     C4          4

 BOND    =        2.3286  ANGLE   =       16.8033  DIHED      =       17.5215
 VDWAALS =       -4.7587  EEL     =      -78.4373  EGB        =      -29.4432
 1-4 VDW =       16.2756  1-4 EEL =      -25.9529  RESTRAINT  =        0.0000


   NSTEP       ENERGY          RMS            GMAX         NAME    NUMBER
     20      -8.5860E+01     8.2143E-01     2.8025E+00     H62        33

 BOND    =        2.2110  ANGLE   =       16.7732  DIHED      =       17.5102
 VDWAALS =       -4.7574  EEL     =      -78.4620  EGB        =      -29.5134
 1-4 VDW =       16.2476  1-4 EEL =      -25.8688  RESTRAINT  =        0.0000


   NSTEP       ENERGY          RMS            GMAX         NAME    NUMBER
     21      -8.5936E+01     9.9336E-01     4.1922E+00     C4          4

 BOND    =        2.2221  ANGLE   =       16.7122  DIHED      =       17.4929
 VDWAALS =       -4.7537  EEL     =      -78.4508  EGB        =      -29.5385
 1-4 VDW =       16.2064  1-4 EEL =      -25.8261  RESTRAINT  =        0.0000


   NSTEP       ENERGY          RMS            GMAX         NAME    NUMBER
     22      -8.5961E+01     1.7730E+00     1.0059E+01     C4          4

 BOND    =        2.2443  ANGLE   =       16.7134  DIHED      =       17.4782
 VDWAALS =       -4.7608  EEL     =      -78.3700  EGB        =      -29.5105
 1-4 VDW =       16.2268  1-4 EEL =      -25.9820  RESTRAINT  =        0.0000


   NSTEP       ENERGY          RMS            GMAX         NAME    NUMBER
     23      -8.5941E+01     2.5334E+00     1.8222E+01     C4          4

 BOND    =        2.3341  ANGLE   =       16.7110  DIHED      =       17.4600
 VDWAALS =       -4.7547  EEL     =      -78.4123  EGB        =      -29.6212
 1-4 VDW =       16.1693  1-4 EEL =      -25.8271  RESTRAINT  =        0.0000


   NSTEP       ENERGY          RMS            GMAX         NAME    NUMBER
     24      -8.6087E+01     6.8572E-01     2.3137E+00     H62        33

 BOND    =        2.2042  ANGLE   =       16.6615  DIHED      =       17.4629
 VDWAALS =       -4.7560  EEL     =      -78.3776  EGB        =      -29.5602
 1-4 VDW =       16.1814  1-4 EEL =      -25.9030  RESTRAINT  =        0.0000


   NSTEP       ENERGY          RMS            GMAX         NAME    NUMBER
     25      -8.6144E+01     9.0471E-01     3.0913E+00     C4          4

 BOND    =        2.2060  ANGLE   =       16.6422  DIHED      =       17.4493
 VDWAALS =       -4.7585  EEL     =      -78.3291  EGB        =      -29.5586
 1-4 VDW =       16.1815  1-4 EEL =      -25.9767  RESTRAINT  =        0.0000


   NSTEP       ENERGY          RMS            GMAX         NAME    NUMBER
     26      -8.6152E+01     1.6874E+00     1.0274E+01     C4          4

 BOND    =        2.2503  ANGLE   =       16.6377  DIHED      =       17.4331
 VDWAALS =       -4.7542  EEL     =      -78.3371  EGB        =      -29.6198
 1-4 VDW =       16.1414  1-4 EEL =      -25.9030  RESTRAINT  =        0.0000


   NSTEP       ENERGY          RMS            GMAX         NAME    NUMBER
     27      -8.6155E+01     2.0646E+00     1.3224E+01     C4          4

 BOND    =        2.2583  ANGLE   =       16.5879  DIHED      =       17.4354
 VDWAALS =       -4.7579  EEL     =      -78.2740  EGB        =      -29.5333
 1-4 VDW =       16.1596  1-4 EEL =      -26.0312  RESTRAINT  =        0.0000


   NSTEP       ENERGY          RMS            GMAX         NAME    NUMBER
     28      -8.6133E+01     2.5928E+00     1.8977E+01     C4          4

 BOND    =        2.3303  ANGLE   =       16.6494  DIHED      =       17.4153
 VDWAALS =       -4.7548  EEL     =      -78.3127  EGB        =      -29.6714
 1-4 VDW =       16.1320  1-4 EEL =      -25.9214  RESTRAINT  =        0.0000


   NSTEP       ENERGY          RMS            GMAX         NAME    NUMBER
     29      -8.6286E+01     5.9596E-01     1.7026E+00     H62        33

 BOND    =        2.1904  ANGLE   =       16.5889  DIHED      =       17.4195
 VDWAALS =       -4.7558  EEL     =      -78.2802  EGB        =      -29.6027
 1-4 VDW =       16.1359  1-4 EEL =      -25.9816  RESTRAINT  =        0.0000


   NSTEP       ENERGY          RMS            GMAX         NAME    NUMBER
     30      -8.6329E+01     1.0088E+00     4.2407E+00     C5          5

 BOND    =        2.2052  ANGLE   =       16.5462  DIHED      =       17.4101
 VDWAALS =       -4.7563  EEL     =      -78.2380  EGB        =      -29.5908
 1-4 VDW =       16.1251  1-4 EEL =      -26.0308  RESTRAINT  =        0.0000


   NSTEP       ENERGY          RMS            GMAX         NAME    NUMBER
     31      -8.6303E+01     1.9627E+00     1.1180E+01     C4          4

 BOND    =        2.2498  ANGLE   =       16.5961  DIHED      =       17.3931
 VDWAALS =       -4.7542  EEL     =      -78.2488  EGB        =      -29.6659
 1-4 VDW =       16.1071  1-4 EEL =      -25.9797  RESTRAINT  =        0.0000


   NSTEP       ENERGY          RMS            GMAX         NAME    NUMBER
     32      -8.6393E+01     6.0385E-01     1.7108E+00     C4          4

 BOND    =        2.1812  ANGLE   =       16.5484  DIHED      =       17.3955
 VDWAALS =       -4.7552  EEL     =      -78.2260  EGB        =      -29.6267
 1-4 VDW =       16.1068  1-4 EEL =      -26.0171  RESTRAINT  =        0.0000


   NSTEP       ENERGY          RMS            GMAX         NAME    NUMBER
     33      -8.6420E+01     8.6866E-01     3.5570E+00     C5          5

 BOND    =        2.1969  ANGLE   =       16.5115  DIHED      =       17.3915
 VDWAALS =       -4.7557  EEL     =      -78.1969  EGB        =      -29.6139
 1-4 VDW =       16.1007  1-4 EEL =      -26.0543  RESTRAINT  =        0.0000


   NSTEP       ENERGY          RMS            GMAX         NAME    NUMBER
     34      -8.6429E+01     1.2685E+00     6.2669E+00     C4          4

 BOND    =        2.1960  ANGLE   =       16.5484  DIHED      =       17.3784
 VDWAALS =       -4.7548  EEL     =      -78.2012  EGB        =      -29.6618
 1-4 VDW =       16.0893  1-4 EEL =      -26.0232  RESTRAINT  =        0.0000


   NSTEP       ENERGY          RMS            GMAX         NAME    NUMBER
     35      -8.6439E+01     1.4785E+00     7.5163E+00     C4          4

 BOND    =        2.2182  ANGLE   =       16.4818  DIHED      =       17.3819
 VDWAALS =       -4.7562  EEL     =      -78.1614  EGB        =      -29.6047
 1-4 VDW =       16.0850  1-4 EEL =      -26.0831  RESTRAINT  =        0.0000


   NSTEP       ENERGY          RMS            GMAX         NAME    NUMBER
     36      -8.6432E+01     1.8651E+00     1.1472E+01     C4          4

 BOND    =        2.2380  ANGLE   =       16.5455  DIHED      =       17.3680
 VDWAALS =       -4.7546  EEL     =      -78.1862  EGB        =      -29.6934
 1-4 VDW =       16.0786  1-4 EEL =      -26.0279  RESTRAINT  =        0.0000


   NSTEP       ENERGY          RMS            GMAX         NAME    NUMBER
     37      -8.6515E+01     4.8825E-01     1.5341E+00     H40        49

 BOND    =        2.1693  ANGLE   =       16.4999  DIHED      =       17.3698
 VDWAALS =       -4.7557  EEL     =      -78.1618  EGB        =      -29.6495
 1-4 VDW =       16.0757  1-4 EEL =      -26.0626  RESTRAINT  =        0.0000


   NSTEP       ENERGY          RMS            GMAX         NAME    NUMBER
     38      -8.6548E+01     6.8988E-01     2.4805E+00     C5          5

 BOND    =        2.1839  ANGLE   =       16.4645  DIHED      =       17.3647
 VDWAALS =       -4.7562  EEL     =      -78.1349  EGB        =      -29.6465
 1-4 VDW =       16.0647  1-4 EEL =      -26.0880  RESTRAINT  =        0.0000


   NSTEP       ENERGY          RMS            GMAX         NAME    NUMBER
     39      -8.6547E+01     1.3406E+00     5.6424E+00     C5          5

 BOND    =        2.1767  ANGLE   =       16.5131  DIHED      =       17.3503
 VDWAALS =       -4.7568  EEL     =      -78.1342  EGB        =      -29.6861
 1-4 VDW =       16.0574  1-4 EEL =      -26.0678  RESTRAINT  =        0.0000


   NSTEP       ENERGY          RMS            GMAX         NAME    NUMBER
     40      -8.6593E+01     4.5823E-01     1.5121E+00     H40        49

 BOND    =        2.1610  ANGLE   =       16.4710  DIHED      =       17.3527
 VDWAALS =       -4.7571  EEL     =      -78.1190  EGB        =      -29.6663
 1-4 VDW =       16.0537  1-4 EEL =      -26.0889  RESTRAINT  =        0.0000


   NSTEP       ENERGY          RMS            GMAX         NAME    NUMBER
     41      -8.6617E+01     5.3200E-01     1.6064E+00     C5          5

 BOND    =        2.1732  ANGLE   =       16.4445  DIHED      =       17.3502
 VDWAALS =       -4.7576  EEL     =      -78.1015  EGB        =      -29.6664
 1-4 VDW =       16.0466  1-4 EEL =      -26.1064  RESTRAINT  =        0.0000


   NSTEP       ENERGY          RMS            GMAX         NAME    NUMBER
     42      -8.6635E+01     8.0175E-01     3.2505E+00     C5          5

 BOND    =        2.1512  ANGLE   =       16.4736  DIHED      =       17.3379
 VDWAALS =       -4.7590  EEL     =      -78.0934  EGB        =      -29.6868
 1-4 VDW =       16.0391  1-4 EEL =      -26.0975  RESTRAINT  =        0.0000


   NSTEP       ENERGY          RMS            GMAX         NAME    NUMBER
     43      -8.6641E+01     1.0958E+00     4.7398E+00     C5          5

 BOND    =        2.2029  ANGLE   =       16.4068  DIHED      =       17.3441
 VDWAALS =       -4.7590  EEL     =      -78.0695  EGB        =      -29.6653
 1-4 VDW =       16.0326  1-4 EEL =      -26.1340  RESTRAINT  =        0.0000


   NSTEP       ENERGY          RMS            GMAX         NAME    NUMBER
     44      -8.6648E+01     1.2769E+00     5.4295E+00     C5          5

 BOND    =        2.1577  ANGLE   =       16.4839  DIHED      =       17.3277
 VDWAALS =       -4.7609  EEL     =      -78.0785  EGB        =      -29.7076
 1-4 VDW =       16.0302  1-4 EEL =      -26.1006  RESTRAINT  =        0.0000


   NSTEP       ENERGY          RMS            GMAX         NAME    NUMBER
     45      -8.6643E+01     1.5957E+00     6.6615E+00     C5          5

 BOND    =        2.2315  ANGLE   =       16.3837  DIHED      =       17.3379
 VDWAALS =       -4.7605  EEL     =      -78.0425  EGB        =      -29.6597
 1-4 VDW =       16.0211  1-4 EEL =      -26.1550  RESTRAINT  =        0.0000


   NSTEP       ENERGY          RMS            GMAX         NAME    NUMBER
     46      -8.6707E+01     4.1690E-01     1.5136E+00     H40        49

 BOND    =        2.1589  ANGLE   =       16.4194  DIHED      =       17.3305
 VDWAALS =       -4.7614  EEL     =      -78.0535  EGB        =      -29.6903
 1-4 VDW =       16.0217  1-4 EEL =      -26.1322  RESTRAINT  =        0.0000


   NSTEP       ENERGY          RMS            GMAX         NAME    NUMBER
     47      -8.6733E+01     5.9104E-01     2.1743E+00     C5          5

 BOND    =        2.1394  ANGLE   =       16.4344  DIHED      =       17.3187
 VDWAALS =       -4.7638  EEL     =      -78.0380  EGB        =      -29.7034
 1-4 VDW =       16.0132  1-4 EEL =      -26.1333  RESTRAINT  =        0.0000


   NSTEP       ENERGY          RMS            GMAX         NAME    NUMBER
     48      -8.6732E+01     1.1629E+00     5.2604E+00     C5          5

 BOND    =        2.2084  ANGLE   =       16.3677  DIHED      =       17.3274
 VDWAALS =       -4.7639  EEL     =      -78.0176  EGB        =      -29.6941
 1-4 VDW =       16.0054  1-4 EEL =      -26.1655  RESTRAINT  =        0.0000


   NSTEP       ENERGY          RMS            GMAX         NAME    NUMBER
     49      -8.6768E+01     3.9691E-01     1.5068E+00     H40        49

 BOND    =        2.1525  ANGLE   =       16.4000  DIHED      =       17.3176
 VDWAALS =       -4.7655  EEL     =      -78.0183  EGB        =      -29.7061
 1-4 VDW =       16.0047  1-4 EEL =      -26.1525  RESTRAINT  =        0.0000


   NSTEP       ENERGY          RMS            GMAX         NAME    NUMBER
     50      -8.6787E+01     4.6564E-01     1.4490E+00     H40        49

 BOND    =        2.1372  ANGLE   =       16.4100  DIHED      =       17.3093
 VDWAALS =       -4.7676  EEL     =      -78.0067  EGB        =      -29.7140
 1-4 VDW =       15.9984  1-4 EEL =      -26.1535  RESTRAINT  =        0.0000


   NSTEP       ENERGY          RMS            GMAX         NAME    NUMBER
     51      -8.6800E+01     7.1177E-01     3.0016E+00     C5          5

 BOND    =        2.1717  ANGLE   =       16.3693  DIHED      =       17.3137
 VDWAALS =       -4.7685  EEL     =      -77.9924  EGB        =      -29.7133
 1-4 VDW =       15.9931  1-4 EEL =      -26.1735  RESTRAINT  =        0.0000


   NSTEP       ENERGY          RMS            GMAX         NAME    NUMBER
     52      -7.2991E+01     2.3760E+01     1.1576E+02     C5          5

 BOND    =       12.2621  ANGLE   =       20.3444  DIHED      =       17.0597
 VDWAALS =       -4.8146  EEL     =      -77.9042  EGB        =      -29.9858
 1-4 VDW =       15.9524  1-4 EEL =      -25.9055  RESTRAINT  =        0.0000


   NSTEP       ENERGY          RMS            GMAX         NAME    NUMBER
     53      -8.6817E+01     4.1298E-01     1.4560E+00     H40        49

 BOND    =        2.1359  ANGLE   =       16.3985  DIHED      =       17.3038
 VDWAALS =       -4.7703  EEL     =      -77.9893  EGB        =      -29.7217
 1-4 VDW =       15.9906  1-4 EEL =      -26.1645  RESTRAINT  =        0.0000


   NSTEP       ENERGY          RMS            GMAX         NAME    NUMBER
     54      -8.6828E+01     4.0892E-01     1.4502E+00     H40        49

 BOND    =        2.1351  ANGLE   =       16.3940  DIHED      =       17.3016
 VDWAALS =       -4.7714  EEL     =      -77.9820  EGB        =      -29.7241
 1-4 VDW =       15.9870  1-4 EEL =      -26.1686  RESTRAINT  =        0.0000


   NSTEP       ENERGY          RMS            GMAX         NAME    NUMBER
     55      -8.6929E+01     4.2640E-01     1.3941E+00     H40        49

 BOND    =        2.1296  ANGLE   =       16.3538  DIHED      =       17.2837
 VDWAALS =       -4.7816  EEL     =      -77.9152  EGB        =      -29.7472
 1-4 VDW =       15.9547  1-4 EEL =      -26.2065  RESTRAINT  =        0.0000


   NSTEP       ENERGY          RMS            GMAX         NAME    NUMBER
     56      -8.7325E+01     1.9403E+00     9.9441E+00     C4          4

 BOND    =        2.2409  ANGLE   =       16.1463  DIHED      =       17.3043
 VDWAALS =       -4.8590  EEL     =      -77.3387  EGB        =      -29.9699
 1-4 VDW =       15.6869  1-4 EEL =      -26.5360  RESTRAINT  =        0.0000


   NSTEP       ENERGY          RMS            GMAX         NAME    NUMBER
     57      -8.5989E+01     6.9126E+00     3.7856E+01     C4          4

 BOND    =        3.4447  ANGLE   =       16.5855  DIHED      =       17.6281
 VDWAALS =       -4.9890  EEL     =      -76.8141  EGB        =      -30.5513
 1-4 VDW =       15.5673  1-4 EEL =      -26.8605  RESTRAINT  =        0.0000


   NSTEP       ENERGY          RMS            GMAX         NAME    NUMBER
     58      -8.7438E+01     4.6834E-01     1.3887E+00     H39        48

 BOND    =        2.1872  ANGLE   =       16.1849  DIHED      =       17.3421
 VDWAALS =       -4.8897  EEL     =      -77.2258  EGB        =      -30.0907
 1-4 VDW =       15.6592  1-4 EEL =      -26.6056  RESTRAINT  =        0.0000


   NSTEP       ENERGY          RMS            GMAX         NAME    NUMBER
     59      -8.7450E+01     4.0699E-01     1.3934E+00     H39        48

 BOND    =        2.1600  ANGLE   =       16.2002  DIHED      =       17.3361
 VDWAALS =       -4.8976  EEL     =      -77.2263  EGB        =      -30.0792
 1-4 VDW =       15.6632  1-4 EEL =      -26.6069  RESTRAINT  =        0.0000


   NSTEP       ENERGY          RMS            GMAX         NAME    NUMBER
     60      -8.7464E+01     8.1721E-01     3.1385E+00     C4          4

 BOND    =        2.1017  ANGLE   =       16.2452  DIHED      =       17.3204
 VDWAALS =       -4.9184  EEL     =      -77.2276  EGB        =      -30.0487
 1-4 VDW =       15.6740  1-4 EEL =      -26.6105  RESTRAINT  =        0.0000


   NSTEP       ENERGY          RMS            GMAX         NAME    NUMBER
     61      -8.7510E+01     6.9269E-01     2.6221E+00     C4          4

 BOND    =        2.0430  ANGLE   =       16.2679  DIHED      =       17.3074
 VDWAALS =       -4.9496  EEL     =      -77.2352  EGB        =      -30.0404
 1-4 VDW =       15.6966  1-4 EEL =      -26.5998  RESTRAINT  =        0.0000


   NSTEP       ENERGY          RMS            GMAX         NAME    NUMBER
     62      -8.7590E+01     1.1724E+00     4.9877E+00     C4          4

 BOND    =        1.8866  ANGLE   =       16.3757  DIHED      =       17.2638
 VDWAALS =       -5.0690  EEL     =      -77.2645  EGB        =      -30.0091
 1-4 VDW =       15.7845  1-4 EEL =      -26.5581  RESTRAINT  =        0.0000


   NSTEP       ENERGY          RMS            GMAX         NAME    NUMBER
     63      -8.7744E+01     1.3334E+00     5.8104E+00     C5          5

 BOND    =        1.8175  ANGLE   =       16.4170  DIHED      =       17.2226
 VDWAALS =       -5.2105  EEL     =      -77.2029  EGB        =      -30.0843
 1-4 VDW =       15.8665  1-4 EEL =      -26.5697  RESTRAINT  =        0.0000


   NSTEP       ENERGY          RMS            GMAX         NAME    NUMBER
     64      -8.7751E+01     1.6796E+00     8.2926E+00     C5          5

 BOND    =        1.8219  ANGLE   =       16.4370  DIHED      =       17.2148
 VDWAALS =       -5.2491  EEL     =      -77.1859  EGB        =      -30.1057
 1-4 VDW =       15.8887  1-4 EEL =      -26.5729  RESTRAINT  =        0.0000


   NSTEP       ENERGY          RMS            GMAX         NAME    NUMBER
     65      -8.7970E+01     1.2199E+00     4.8173E+00     C6          6

 BOND    =        1.7706  ANGLE   =       16.4367  DIHED      =       17.2414
 VDWAALS =       -5.4181  EEL     =      -77.0922  EGB        =      -30.2484
 1-4 VDW =       15.8772  1-4 EEL =      -26.5376  RESTRAINT  =        0.0000


   NSTEP       ENERGY          RMS            GMAX         NAME    NUMBER
     66      -8.7998E+01     1.6375E+00     6.3206E+00     C6          6

 BOND    =        1.7992  ANGLE   =       16.4572  DIHED      =       17.2700
 VDWAALS =       -5.5037  EEL     =      -77.0441  EGB        =      -30.3256
 1-4 VDW =       15.8677  1-4 EEL =      -26.5192  RESTRAINT  =        0.0000


   NSTEP       ENERGY          RMS            GMAX         NAME    NUMBER
     67      -8.8159E+01     1.5952E+00     5.3102E+00     N2          2

 BOND    =        1.9668  ANGLE   =       16.1711  DIHED      =       17.4997
 VDWAALS =       -5.7283  EEL     =      -76.8067  EGB        =      -30.3861
 1-4 VDW =       15.8099  1-4 EEL =      -26.6857  RESTRAINT  =        0.0000


   NSTEP       ENERGY          RMS            GMAX         NAME    NUMBER
     68      -8.8177E+01     1.1872E+00     3.6279E+00     C5          5

 BOND    =        1.8919  ANGLE   =       16.2229  DIHED      =       17.4385
 VDWAALS =       -5.6761  EEL     =      -76.8625  EGB        =      -30.3700
 1-4 VDW =       15.8253  1-4 EEL =      -26.6467  RESTRAINT  =        0.0000


   NSTEP       ENERGY          RMS            GMAX         NAME    NUMBER
     69      -8.8251E+01     1.2760E+00     4.2922E+00     C38        27

 BOND    =        1.9787  ANGLE   =       16.1790  DIHED      =       17.5210
 VDWAALS =       -5.7661  EEL     =      -76.7243  EGB        =      -30.4175
 1-4 VDW =       15.7724  1-4 EEL =      -26.7939  RESTRAINT  =        0.0000


   NSTEP       ENERGY          RMS            GMAX         NAME    NUMBER
     70      -8.8254E+01     1.0281E+00     3.1004E+00     C38        27

 BOND    =        1.9499  ANGLE   =       16.1834  DIHED      =       17.5057
 VDWAALS =       -5.7500  EEL     =      -76.7490  EGB        =      -30.4088
 1-4 VDW =       15.7820  1-4 EEL =      -26.7676  RESTRAINT  =        0.0000


   NSTEP       ENERGY          RMS            GMAX         NAME    NUMBER
     71      -8.8341E+01     8.0572E-01     2.7180E+00     C39        28

 BOND    =        1.9589  ANGLE   =       16.1575  DIHED      =       17.5623
 VDWAALS =       -5.7928  EEL     =      -76.6626  EGB        =      -30.4362
 1-4 VDW =       15.7369  1-4 EEL =      -26.8653  RESTRAINT  =        0.0000


   NSTEP       ENERGY          RMS            GMAX         NAME    NUMBER
     72      -8.8365E+01     1.2179E+00     4.6657E+00     C6          6

 BOND    =        1.9993  ANGLE   =       16.1526  DIHED      =       17.6134
 VDWAALS =       -5.8301  EEL     =      -76.5881  EGB        =      -30.4604
 1-4 VDW =       15.6976  1-4 EEL =      -26.9496  RESTRAINT  =        0.0000


   NSTEP       ENERGY          RMS            GMAX         NAME    NUMBER
     73      -8.8521E+01     1.0260E+00     3.7905E+00     N2          2

 BOND    =        2.0025  ANGLE   =       16.0542  DIHED      =       17.6860
 VDWAALS =       -5.9203  EEL     =      -76.4905  EGB        =      -30.5506
 1-4 VDW =       15.6798  1-4 EEL =      -26.9823  RESTRAINT  =        0.0000


   NSTEP       ENERGY          RMS            GMAX         NAME    NUMBER
     74      -8.8550E+01     1.4932E+00     4.4625E+00     N2          2

 BOND    =        2.0467  ANGLE   =       16.0171  DIHED      =       17.7390
 VDWAALS =       -5.9788  EEL     =      -76.4276  EGB        =      -30.6101
 1-4 VDW =       15.6671  1-4 EEL =      -27.0030  RESTRAINT  =        0.0000


   NSTEP       ENERGY          RMS            GMAX         NAME    NUMBER
     75      -8.8762E+01     1.3733E+00     5.7075E+00     C35        24

 BOND    =        2.1494  ANGLE   =       15.8293  DIHED      =       17.8466
 VDWAALS =       -6.1717  EEL     =      -76.3262  EGB        =      -30.6765
 1-4 VDW =       15.6546  1-4 EEL =      -27.0673  RESTRAINT  =        0.0000


   NSTEP       ENERGY          RMS            GMAX         NAME    NUMBER
     76      -8.8783E+01     1.2141E+00     4.6475E+00     C35        24

 BOND    =        2.1365  ANGLE   =       15.8267  DIHED      =       17.8403
 VDWAALS =       -6.1735  EEL     =      -76.3250  EGB        =      -30.6751
 1-4 VDW =       15.6578  1-4 EEL =      -27.0710  RESTRAINT  =        0.0000


   NSTEP       ENERGY          RMS            GMAX         NAME    NUMBER
     77      -8.8806E+01     1.0601E+00     3.5437E+00     C35        24

 BOND    =        2.1236  ANGLE   =       15.8239  DIHED      =       17.8327
 VDWAALS =       -6.1760  EEL     =      -76.3242  EGB        =      -30.6729
 1-4 VDW =       15.6625  1-4 EEL =      -27.0756  RESTRAINT  =        0.0000


   NSTEP       ENERGY          RMS            GMAX         NAME    NUMBER
     78      -8.8830E+01     9.2466E-01     3.1505E+00     O7          7

 BOND    =        2.1107  ANGLE   =       15.8207  DIHED      =       17.8240
 VDWAALS =       -6.1793  EEL     =      -76.3241  EGB        =      -30.6695
 1-4 VDW =       15.6691  1-4 EEL =      -27.0812  RESTRAINT  =        0.0000


   NSTEP       ENERGY          RMS            GMAX         NAME    NUMBER
     79      -8.8854E+01     8.1526E-01     2.9949E+00     O7          7

 BOND    =        2.0973  ANGLE   =       15.8167  DIHED      =       17.8142
 VDWAALS =       -6.1836  EEL     =      -76.3255  EGB        =      -30.6650
 1-4 VDW =       15.6786  1-4 EEL =      -27.0872  RESTRAINT  =        0.0000


   NSTEP       ENERGY          RMS            GMAX         NAME    NUMBER
     80      -8.7744E+01     4.8438E+00     1.8614E+01     C35        24

 BOND    =        2.4821  ANGLE   =       16.6360  DIHED      =       17.5401
 VDWAALS =       -6.3659  EEL     =      -76.4479  EGB        =      -30.4729
 1-4 VDW =       16.1576  1-4 EEL =      -27.2732  RESTRAINT  =        0.0000


   NSTEP       ENERGY          RMS            GMAX         NAME    NUMBER
     81      -8.8973E+01     9.6379E-01     3.1818E+00     C35        24

 BOND    =        2.0147  ANGLE   =       15.8234  DIHED      =       17.7321
 VDWAALS =       -6.2276  EEL     =      -76.3545  EGB        =      -30.6179
 1-4 VDW =       15.7879  1-4 EEL =      -27.1311  RESTRAINT  =        0.0000


   NSTEP       ENERGY          RMS            GMAX         NAME    NUMBER
     82      -8.9028E+01     1.6112E+00     6.4026E+00     C1          1

 BOND    =        1.8699  ANGLE   =       15.7754  DIHED      =       17.7158
 VDWAALS =       -6.2563  EEL     =      -76.4462  EGB        =      -30.5938
 1-4 VDW =       15.9556  1-4 EEL =      -27.0481  RESTRAINT  =        0.0000


   NSTEP       ENERGY          RMS            GMAX         NAME    NUMBER
     83      -8.9050E+01     9.8972E-01     3.8966E+00     C1          1

 BOND    =        1.8925  ANGLE   =       15.7804  DIHED      =       17.7205
 VDWAALS =       -6.2463  EEL     =      -76.4140  EGB        =      -30.6022
 1-4 VDW =       15.8960  1-4 EEL =      -27.0772  RESTRAINT  =        0.0000


   NSTEP       ENERGY          RMS            GMAX         NAME    NUMBER
     84      -8.9130E+01     1.0251E+00     4.1356E+00     C1          1

 BOND    =        1.6933  ANGLE   =       15.7671  DIHED      =       17.7183
 VDWAALS =       -6.2330  EEL     =      -76.4412  EGB        =      -30.6165
 1-4 VDW =       15.9809  1-4 EEL =      -26.9984  RESTRAINT  =        0.0000


   NSTEP       ENERGY          RMS            GMAX         NAME    NUMBER
     85      -8.9130E+01     1.0433E+00     4.2799E+00     C1          1

 BOND    =        1.6907  ANGLE   =       15.7671  DIHED      =       17.7183
 VDWAALS =       -6.2327  EEL     =      -76.4417  EGB        =      -30.6168
 1-4 VDW =       15.9825  1-4 EEL =      -26.9970  RESTRAINT  =        0.0000


   NSTEP       ENERGY          RMS            GMAX         NAME    NUMBER
     86      -8.9228E+01     9.0827E-01     2.7616E+00     C37        26

 BOND    =        1.6238  ANGLE   =       15.6653  DIHED      =       17.7440
 VDWAALS =       -6.2069  EEL     =      -76.4428  EGB        =      -30.5971
 1-4 VDW =       15.9975  1-4 EEL =      -27.0117  RESTRAINT  =        0.0000


   NSTEP       ENERGY          RMS            GMAX         NAME    NUMBER
     87      -8.9233E+01     1.1371E+00     4.1739E+00     C37        26

 BOND    =        1.6181  ANGLE   =       15.6427  DIHED      =       17.7532
 VDWAALS =       -6.1987  EEL     =      -76.4431  EGB        =      -30.5916
 1-4 VDW =       16.0021  1-4 EEL =      -27.0161  RESTRAINT  =        0.0000


   NSTEP       ENERGY          RMS            GMAX         NAME    NUMBER
     88      -8.9338E+01     1.1860E+00     5.0930E+00     C4          4

 BOND    =        1.5686  ANGLE   =       15.4929  DIHED      =       17.8114
 VDWAALS =       -6.1563  EEL     =      -76.4266  EGB        =      -30.5789
 1-4 VDW =       15.9316  1-4 EEL =      -26.9811  RESTRAINT  =        0.0000


   NSTEP       ENERGY          RMS            GMAX         NAME    NUMBER
     89      -8.9338E+01     1.1920E+00     5.1286E+00     C4          4

 BOND    =        1.5686  ANGLE   =       15.4923  DIHED      =       17.8118
 VDWAALS =       -6.1561  EEL     =      -76.4265  EGB        =      -30.5788
 1-4 VDW =       15.9313  1-4 EEL =      -26.9809  RESTRAINT  =        0.0000


   NSTEP       ENERGY          RMS            GMAX         NAME    NUMBER
     90      -8.9448E+01     1.0752E+00     5.5905E+00     O47        31

 BOND    =        1.5522  ANGLE   =       15.2616  DIHED      =       17.8858
 VDWAALS =       -6.0913  EEL     =      -76.3705  EGB        =      -30.5333
 1-4 VDW =       15.8573  1-4 EEL =      -27.0097  RESTRAINT  =        0.0000


   NSTEP       ENERGY          RMS            GMAX         NAME    NUMBER
     91      -8.9448E+01     1.1109E+00     5.8205E+00     O47        31

 BOND    =        1.5538  ANGLE   =       15.2548  DIHED      =       17.8886
 VDWAALS =       -6.0890  EEL     =      -76.3686  EGB        =      -30.5318
 1-4 VDW =       15.8548  1-4 EEL =      -27.0107  RESTRAINT  =        0.0000


   NSTEP       ENERGY          RMS            GMAX         NAME    NUMBER
     92      -8.9535E+01     8.8928E-01     3.7872E+00     C4          4

 BOND    =        1.6769  ANGLE   =       15.1105  DIHED      =       17.9351
 VDWAALS =       -6.0568  EEL     =      -76.2996  EGB        =      -30.6039
 1-4 VDW =       15.8172  1-4 EEL =      -27.1146  RESTRAINT  =        0.0000


   NSTEP       ENERGY          RMS            GMAX         NAME    NUMBER
     93      -8.9536E+01     8.0516E-01     3.0918E+00     C4          4

 BOND    =        1.6604  ANGLE   =       15.1213  DIHED      =       17.9304
 VDWAALS =       -6.0598  EEL     =      -76.3057  EGB        =      -30.5974
 1-4 VDW =       15.8204  1-4 EEL =      -27.1053  RESTRAINT  =        0.0000


   NSTEP       ENERGY          RMS            GMAX         NAME    NUMBER
     94      -8.9575E+01     7.9260E-01     2.9772E+00     O3          3

 BOND    =        1.7769  ANGLE   =       14.9794  DIHED      =       17.9616
 VDWAALS =       -6.0601  EEL     =      -76.2653  EGB        =      -30.6213
 1-4 VDW =       15.8076  1-4 EEL =      -27.1538  RESTRAINT  =        0.0000


   NSTEP       ENERGY          RMS            GMAX         NAME    NUMBER
     95      -8.9576E+01     6.7326E-01     2.5914E+00     O3          3

 BOND    =        1.7563  ANGLE   =       14.9974  DIHED      =       17.9571
 VDWAALS =       -6.0601  EEL     =      -76.2709  EGB        =      -30.6180
 1-4 VDW =       15.8094  1-4 EEL =      -27.1470  RESTRAINT  =        0.0000


   NSTEP       ENERGY          RMS            GMAX         NAME    NUMBER
     96      -8.9614E+01     5.4247E-01     1.9184E+00     C40        29

 BOND    =        1.7787  ANGLE   =       14.9435  DIHED      =       17.9754
 VDWAALS =       -6.0807  EEL     =      -76.2760  EGB        =      -30.6180
 1-4 VDW =       15.7913  1-4 EEL =      -27.1285  RESTRAINT  =        0.0000


   NSTEP       ENERGY          RMS            GMAX         NAME    NUMBER
     97      -8.9620E+01     7.5504E-01     2.5369E+00     C1          1

 BOND    =        1.8013  ANGLE   =       14.9181  DIHED      =       17.9863
 VDWAALS =       -6.0919  EEL     =      -76.2789  EGB        =      -30.6181
 1-4 VDW =       15.7815  1-4 EEL =      -27.1182  RESTRAINT  =        0.0000


   NSTEP       ENERGY          RMS            GMAX         NAME    NUMBER
     98      -8.9669E+01     7.4123E-01     2.3324E+00     C39        28

 BOND    =        1.7844  ANGLE   =       14.9193  DIHED      =       17.9895
 VDWAALS =       -6.1533  EEL     =      -76.2470  EGB        =      -30.6084
 1-4 VDW =       15.8085  1-4 EEL =      -27.1623  RESTRAINT  =        0.0000


   NSTEP       ENERGY          RMS            GMAX         NAME    NUMBER
     99      -8.9670E+01     8.3230E-01     2.7920E+00     C39        28

 BOND    =        1.7863  ANGLE   =       14.9207  DIHED      =       17.9903
 VDWAALS =       -6.1612  EEL     =      -76.2429  EGB        =      -30.6072
 1-4 VDW =       15.8121  1-4 EEL =      -27.1681  RESTRAINT  =        0.0000


   NSTEP       ENERGY          RMS            GMAX         NAME    NUMBER
    100      -8.9736E+01     6.2268E-01     1.9125E+00     O7          7

 BOND    =        1.7271  ANGLE   =       15.0024  DIHED      =       17.9882
 VDWAALS =       -6.2339  EEL     =      -76.2178  EGB        =      -30.6456
 1-4 VDW =       15.8419  1-4 EEL =      -27.1982  RESTRAINT  =        0.0000


  Maximum number of minimization cycles reached.


                    FINAL RESULTS



   NSTEP       ENERGY          RMS            GMAX         NAME    NUMBER
    100      -8.9736E+01     6.2268E-01     1.9125E+00     O7          7

 BOND    =        1.7271  ANGLE   =       15.0024  DIHED      =       17.9882
 VDWAALS =       -6.2339  EEL     =      -76.2178  EGB        =      -30.6456
 1-4 VDW =       15.8419  1-4 EEL =      -27.1982  RESTRAINT  =        0.0000

--------------------------------------------------------------------------------
   5.  TIMINGS
--------------------------------------------------------------------------------

|    Read coords time           0.00 ( 0.86% of Total)
|                Calc gb radii              0.02 (26.75% of Gen B)
|                Calc gb diag               0.03 (40.73% of Gen B)
|                Calc gb off-diag           0.02 (32.32% of Gen B)
|                Other                      0.00 ( 0.20% of Gen B)
|             Gen Born time              0.07 (100.0% of Nonbo)
|             IPS excludes               0.00 ( 0.03% of Nonbo)
|          Nonbond force              0.07 (87.12% of Force)
|          Bond/Angle/Dihedral        0.01 (12.32% of Force)
|          Other                      0.00 ( 0.57% of Force)
|       Force time                 0.08 (100.0% of Runmd)
|    Runmd Time                 0.08 (23.08% of Total)
|    Other                      0.25 (76.05% of Total)
| Total time                 0.33 (100.0% of ALL  )

| Number of list builds   :          0

| Highest rstack allocated:          0
| Highest istack allocated:          0
|           Job began  at 22:05:57.382  on 12/05/2014
|           Setup done at 22:05:57.404  on 12/05/2014
|           Run   done at 22:05:57.717  on 12/05/2014
|     wallclock() was called    1828 times
