
          -------------------------------------------------------
          Amber 14 SANDER                              2014
          -------------------------------------------------------

| Run on 05/22/2015 at 14:46:30

|   Executable path: sander
| Working directory: /net/chevy/raid1/nigel/amber/library/amber_library/p
|          Hostname: chevy.lbl.gov

  [-O]verwriting output

File Assignments:
|  MDIN: sander.in                                                             
| MDOUT: PKA.min_igb.out                                                       
|INPCRD: PKA.rst7                                                              
|  PARM: PKA.prmtop                                                            
|RESTRT: PKA.min_igb.rst7                                                      
|  REFC: refc                                                                  
| MDVEL: mdvel                                                                 
| MDFRC: mdfrc                                                                 
|  MDEN: mden                                                                  
| MDCRD: mdcrd                                                                 
|MDINFO: mdinfo                                                                
|  MTMD: mtmd                                                                  
|INPDIP: inpdip                                                                
|RSTDIP: rstdip                                                                
|INPTRA: inptraj                                                               


 Here is the input file:

  short minimization                                                           
 &cntrl                                                                        
   imin=1, maxcyc=100, ncyc=50, ntpr=1, cut=99., ntb=0, igb=2                  
 /                                                                             

--------------------------------------------------------------------------------
   1.  RESOURCE   USE: 
--------------------------------------------------------------------------------

| Flags:                                                                        
| New format PARM file being parsed.
| Version =    1.000 Date = 05/22/15 Time = 14:46:30
 NATOM  =      47 NTYPES =       9 NBONH =      22 MBONA  =      27
 NTHETH =      47 MTHETA =      38 NPHIH =      82 MPHIA  =      65
 NHPARM =       0 NPARM  =       0 NNB   =     253 NRES   =       1
 NBONA  =      27 NTHETA =      38 NPHIA =      65 NUMBND =      15
 NUMANG =      28 NPTRA  =      13 NATYP =      12 NPHB   =       0
 IFBOX  =       0 NMXRS  =      47 IFCAP =       0 NEXTRA =       0
 NCOPY  =       0

 Implicit solvent radii are H(N)-modified Bondi radii (mbondi2)                                             

|     Memory Use     Allocated
|     Real                7247
|     Hollerith            144
|     Integer            22384
|     Max Pairs              1
|     nblistReal             0
|     nblist Int             0
|       Total              144 kbytes

| Note: 1-4 EEL scale factors are being read from the topology file.

| Note: 1-4 VDW scale factors are being read from the topology file.
| Duplicated    0 dihedrals
| Duplicated    0 dihedrals

--------------------------------------------------------------------------------
   2.  CONTROL  DATA  FOR  THE  RUN
--------------------------------------------------------------------------------

PKA                                                                             

General flags:
     imin    =       1, nmropt  =       0

Nature and format of input:
     ntx     =       1, irest   =       0, ntrx    =       1

Nature and format of output:
     ntxo    =       1, ntpr    =       1, ntrx    =       1, ntwr    =     500
     iwrap   =       0, ntwx    =       0, ntwv    =       0, ntwe    =       0
     ioutfm  =       0, ntwprt  =       0, idecomp =       0, rbornstat=      0

Potential function:
     ntf     =       1, ntb     =       0, igb     =       2, nsnb    =      25
     ipol    =       0, gbsa    =       0, iesp    =       0
     dielc   =   1.00000, cut     =  99.00000, intdiel =   1.00000
     saltcon =   0.00000, offset  =   0.09000, gbalpha=    0.80000
     gbbeta  =   0.00000, gbgamma =   2.90912, surften =   0.00500
     rdt     =   0.00000, rgbmax  =  25.00000  extdiel =  78.50000
     alpb  =        0

Frozen or restrained atoms:
     ibelly  =       0, ntr     =       0

Energy minimization:
     maxcyc  =     100, ncyc    =      50, ntmin   =       1
     dx0     =   0.01000, drms    =   0.00010
|  INFO: Old style inpcrd file read


--------------------------------------------------------------------------------
   3.  ATOMIC COORDINATES AND VELOCITIES
--------------------------------------------------------------------------------

PKA                                                                             
 begin time read from input coords =     0.000 ps

 Number of triangulated 3-point waters found:        0

--------------------------------------------------------------------------------
   4.  RESULTS
--------------------------------------------------------------------------------



   NSTEP       ENERGY          RMS            GMAX         NAME    NUMBER
      1       2.9902E+01     1.4995E+01     5.5707E+01     C17        11

 BOND    =       10.1374  ANGLE   =        3.1724  DIHED      =       19.9299
 VDWAALS =       -3.9640  EEL     =      -52.6793  EGB        =      -51.4796
 1-4 VDW =       16.5951  1-4 EEL =       88.1902  RESTRAINT  =        0.0000


   NSTEP       ENERGY          RMS            GMAX         NAME    NUMBER
      2       2.9039E+01     1.4098E+01     5.2206E+01     C17        11

 BOND    =        9.4004  ANGLE   =        3.0803  DIHED      =       19.9153
 VDWAALS =       -3.9743  EEL     =      -52.6979  EGB        =      -51.4754
 1-4 VDW =       16.5916  1-4 EEL =       88.1987  RESTRAINT  =        0.0000


   NSTEP       ENERGY          RMS            GMAX         NAME    NUMBER
      3       2.8072E+01     1.3045E+01     4.8069E+01     C17        11

 BOND    =        8.5759  ANGLE   =        2.9793  DIHED      =       19.8979
 VDWAALS =       -3.9871  EEL     =      -52.7191  EGB        =      -51.4710
 1-4 VDW =       16.5879  1-4 EEL =       88.2082  RESTRAINT  =        0.0000


   NSTEP       ENERGY          RMS            GMAX         NAME    NUMBER
      4       2.7010E+01     1.1820E+01     4.3207E+01     C17        11

 BOND    =        7.6707  ANGLE   =        2.8716  DIHED      =       19.8775
 VDWAALS =       -4.0030  EEL     =      -52.7430  EGB        =      -51.4668
 1-4 VDW =       16.5841  1-4 EEL =       88.2185  RESTRAINT  =        0.0000


   NSTEP       ENERGY          RMS            GMAX         NAME    NUMBER
      5       2.5870E+01     1.0411E+01     3.7546E+01     C17        11

 BOND    =        6.7017  ANGLE   =        2.7609  DIHED      =       19.8534
 VDWAALS =       -4.0231  EEL     =      -52.7690  EGB        =      -51.4635
 1-4 VDW =       16.5805  1-4 EEL =       88.2291  RESTRAINT  =        0.0000


   NSTEP       ENERGY          RMS            GMAX         NAME    NUMBER
      6       2.4688E+01     8.8271E+00     3.1056E+01     C17        11

 BOND    =        5.6993  ANGLE   =        2.6532  DIHED      =       19.8252
 VDWAALS =       -4.0486  EEL     =      -52.7957  EGB        =      -51.4621
 1-4 VDW =       16.5779  1-4 EEL =       88.2389  RESTRAINT  =        0.0000


   NSTEP       ENERGY          RMS            GMAX         NAME    NUMBER
      7       2.3515E+01     7.1137E+00     2.3828E+01     C17        11

 BOND    =        4.7101  ANGLE   =        2.5566  DIHED      =       19.7922
 VDWAALS =       -4.0821  EEL     =      -52.8201  EGB        =      -51.4646
 1-4 VDW =       16.5775  1-4 EEL =       88.2455  RESTRAINT  =        0.0000


   NSTEP       ENERGY          RMS            GMAX         NAME    NUMBER
      8       2.2416E+01     5.3970E+00     1.6238E+01     C17        11

 BOND    =        3.7935  ANGLE   =        2.4796  DIHED      =       19.7543
 VDWAALS =       -4.1271  EEL     =      -52.8355  EGB        =      -51.4744
 1-4 VDW =       16.5816  1-4 EEL =       88.2445  RESTRAINT  =        0.0000


   NSTEP       ENERGY          RMS            GMAX         NAME    NUMBER
      9       2.1446E+01     3.9164E+00     1.0389E+01     H4C        32

 BOND    =        3.0017  ANGLE   =        2.4252  DIHED      =       19.7121
 VDWAALS =       -4.1898  EEL     =      -52.8299  EGB        =      -51.4960
 1-4 VDW =       16.5947  1-4 EEL =       88.2279  RESTRAINT  =        0.0000


   NSTEP       ENERGY          RMS            GMAX         NAME    NUMBER
     10       2.0605E+01     2.8533E+00     8.5192E+00     H51        47

 BOND    =        2.3411  ANGLE   =        2.3804  DIHED      =       19.6699
 VDWAALS =       -4.2776  EEL     =      -52.7890  EGB        =      -51.5304
 1-4 VDW =       16.6226  1-4 EEL =       88.1880  RESTRAINT  =        0.0000


   NSTEP       ENERGY          RMS            GMAX         NAME    NUMBER
     11       1.9870E+01     2.0471E+00     6.6052E+00     H51        47

 BOND    =        1.7831  ANGLE   =        2.3382  DIHED      =       19.6339
 VDWAALS =       -4.3944  EEL     =      -52.7311  EGB        =      -51.5608
 1-4 VDW =       16.6600  1-4 EEL =       88.1409  RESTRAINT  =        0.0000


   NSTEP       ENERGY          RMS            GMAX         NAME    NUMBER
     12       1.9253E+01     1.4356E+00     5.0319E+00     H51        47

 BOND    =        1.3702  ANGLE   =        2.3216  DIHED      =       19.5889
 VDWAALS =       -4.5407  EEL     =      -52.7243  EGB        =      -51.5744
 1-4 VDW =       16.6716  1-4 EEL =       88.1397  RESTRAINT  =        0.0000


   NSTEP       ENERGY          RMS            GMAX         NAME    NUMBER
     13       1.8779E+01     1.5327E+00     5.1418E+00     C14        17

 BOND    =        1.2081  ANGLE   =        2.2756  DIHED      =       19.5116
 VDWAALS =       -4.7066  EEL     =      -52.7831  EGB        =      -51.6057
 1-4 VDW =       16.6831  1-4 EEL =       88.1958  RESTRAINT  =        0.0000


   NSTEP       ENERGY          RMS            GMAX         NAME    NUMBER
     14       1.9721E+01     7.3629E+00     2.7562E+01     C14        17

 BOND    =        2.1162  ANGLE   =        2.6838  DIHED      =       19.5317
 VDWAALS =       -4.8254  EEL     =      -53.1711  EGB        =      -51.4760
 1-4 VDW =       16.4691  1-4 EEL =       88.3926  RESTRAINT  =        0.0000


   NSTEP       ENERGY          RMS            GMAX         NAME    NUMBER
     15       1.8507E+01     1.9314E+00     6.7934E+00     C11        13

 BOND    =        1.1679  ANGLE   =        2.4339  DIHED      =       19.4968
 VDWAALS =       -4.8330  EEL     =      -53.0373  EGB        =      -51.5490
 1-4 VDW =       16.5288  1-4 EEL =       88.2989  RESTRAINT  =        0.0000


   NSTEP       ENERGY          RMS            GMAX         NAME    NUMBER
     16       1.8774E+01     4.3190E+00     1.7780E+01     C14        17

 BOND    =        1.6462  ANGLE   =        2.2856  DIHED      =       19.4325
 VDWAALS =       -4.8740  EEL     =      -52.9101  EGB        =      -51.6298
 1-4 VDW =       16.5951  1-4 EEL =       88.2281  RESTRAINT  =        0.0000


   NSTEP       ENERGY          RMS            GMAX         NAME    NUMBER
     17       1.8346E+01     1.2016E+00     4.5909E+00     C14        17

 BOND    =        1.2003  ANGLE   =        2.3562  DIHED      =       19.4478
 VDWAALS =       -4.8831  EEL     =      -53.0098  EGB        =      -51.5884
 1-4 VDW =       16.5356  1-4 EEL =       88.2876  RESTRAINT  =        0.0000


   NSTEP       ENERGY          RMS            GMAX         NAME    NUMBER
     18       1.8370E+01     2.3075E+00     8.5846E+00     C14        17

 BOND    =        1.2343  ANGLE   =        2.5025  DIHED      =       19.4686
 VDWAALS =       -4.9169  EEL     =      -53.1459  EGB        =      -51.5441
 1-4 VDW =       16.4315  1-4 EEL =       88.3401  RESTRAINT  =        0.0000


   NSTEP       ENERGY          RMS            GMAX         NAME    NUMBER
     19       1.8238E+01     7.0479E-01     2.6946E+00     H51        47

 BOND    =        1.1717  ANGLE   =        2.4428  DIHED      =       19.4537
 VDWAALS =       -4.9253  EEL     =      -53.0993  EGB        =      -51.5654
 1-4 VDW =       16.4510  1-4 EEL =       88.3087  RESTRAINT  =        0.0000


   NSTEP       ENERGY          RMS            GMAX         NAME    NUMBER
     20       1.8188E+01     9.2808E-01     3.6900E+00     C14        17

 BOND    =        1.2198  ANGLE   =        2.4264  DIHED      =       19.4315
 VDWAALS =       -4.9571  EEL     =      -53.0961  EGB        =      -51.5788
 1-4 VDW =       16.4373  1-4 EEL =       88.3053  RESTRAINT  =        0.0000


   NSTEP       ENERGY          RMS            GMAX         NAME    NUMBER
     21       1.8179E+01     1.5537E+00     5.7928E+00     C14        17

 BOND    =        1.2365  ANGLE   =        2.5262  DIHED      =       19.4460
 VDWAALS =       -4.9815  EEL     =      -53.1901  EGB        =      -51.5558
 1-4 VDW =       16.3579  1-4 EEL =       88.3397  RESTRAINT  =        0.0000


   NSTEP       ENERGY          RMS            GMAX         NAME    NUMBER
     22       1.8169E+01     1.8174E+00     8.3632E+00     C14        17

 BOND    =        1.3175  ANGLE   =        2.4525  DIHED      =       19.4209
 VDWAALS =       -5.0005  EEL     =      -53.1070  EGB        =      -51.5838
 1-4 VDW =       16.3879  1-4 EEL =       88.2819  RESTRAINT  =        0.0000


   NSTEP       ENERGY          RMS            GMAX         NAME    NUMBER
     23       1.8185E+01     2.2792E+00     9.2238E+00     C14        17

 BOND    =        1.3123  ANGLE   =        2.5689  DIHED      =       19.4368
 VDWAALS =       -5.0153  EEL     =      -53.2335  EGB        =      -51.5542
 1-4 VDW =       16.3076  1-4 EEL =       88.3627  RESTRAINT  =        0.0000


   NSTEP       ENERGY          RMS            GMAX         NAME    NUMBER
     24       1.8058E+01     5.3522E-01     1.8416E+00     H51        47

 BOND    =        1.2425  ANGLE   =        2.5196  DIHED      =       19.4273
 VDWAALS =       -5.0223  EEL     =      -53.1829  EGB        =      -51.5693
 1-4 VDW =       16.3234  1-4 EEL =       88.3197  RESTRAINT  =        0.0000


   NSTEP       ENERGY          RMS            GMAX         NAME    NUMBER
     25       1.8018E+01     8.6531E-01     4.0109E+00     C14        17

 BOND    =        1.2894  ANGLE   =        2.5280  DIHED      =       19.4154
 VDWAALS =       -5.0548  EEL     =      -53.1731  EGB        =      -51.5772
 1-4 VDW =       16.2929  1-4 EEL =       88.2977  RESTRAINT  =        0.0000


   NSTEP       ENERGY          RMS            GMAX         NAME    NUMBER
     26       1.8047E+01     1.8147E+00     7.8120E+00     C14        17

 BOND    =        1.3392  ANGLE   =        2.6120  DIHED      =       19.4263
 VDWAALS =       -5.0730  EEL     =      -53.2635  EGB        =      -51.5651
 1-4 VDW =       16.2214  1-4 EEL =       88.3493  RESTRAINT  =        0.0000


   NSTEP       ENERGY          RMS            GMAX         NAME    NUMBER
     27       1.7967E+01     5.4245E-01     1.5518E+00     C15        18

 BOND    =        1.2938  ANGLE   =        2.5800  DIHED      =       19.4182
 VDWAALS =       -5.0792  EEL     =      -53.2219  EGB        =      -51.5727
 1-4 VDW =       16.2338  1-4 EEL =       88.3152  RESTRAINT  =        0.0000


   NSTEP       ENERGY          RMS            GMAX         NAME    NUMBER
     28       1.7950E+01     8.4374E-01     3.9685E+00     C14        17

 BOND    =        1.3307  ANGLE   =        2.5738  DIHED      =       19.4088
 VDWAALS =       -5.0988  EEL     =      -53.1929  EGB        =      -51.5819
 1-4 VDW =       16.2225  1-4 EEL =       88.2872  RESTRAINT  =        0.0000


   NSTEP       ENERGY          RMS            GMAX         NAME    NUMBER
     29       1.7946E+01     1.1801E+00     4.7180E+00     C14        17

 BOND    =        1.3418  ANGLE   =        2.6294  DIHED      =       19.4172
 VDWAALS =       -5.1100  EEL     =      -53.2574  EGB        =      -51.5736
 1-4 VDW =       16.1729  1-4 EEL =       88.3259  RESTRAINT  =        0.0000


   NSTEP       ENERGY          RMS            GMAX         NAME    NUMBER
     30       1.7941E+01     1.3514E+00     6.6490E+00     C14        17

 BOND    =        1.3866  ANGLE   =        2.5935  DIHED      =       19.4041
 VDWAALS =       -5.1234  EEL     =      -53.1844  EGB        =      -51.5872
 1-4 VDW =       16.1868  1-4 EEL =       88.2646  RESTRAINT  =        0.0000


   NSTEP       ENERGY          RMS            GMAX         NAME    NUMBER
     31       1.7950E+01     1.6983E+00     7.3341E+00     C14        17

 BOND    =        1.3904  ANGLE   =        2.6620  DIHED      =       19.4161
 VDWAALS =       -5.1314  EEL     =      -53.2745  EGB        =      -51.5763
 1-4 VDW =       16.1328  1-4 EEL =       88.3310  RESTRAINT  =        0.0000


   NSTEP       ENERGY          RMS            GMAX         NAME    NUMBER
     32       1.7879E+01     4.0083E-01     1.0550E+00     H51        47

 BOND    =        1.3523  ANGLE   =        2.6335  DIHED      =       19.4090
 VDWAALS =       -5.1370  EEL     =      -53.2319  EGB        =      -51.5832
 1-4 VDW =       16.1426  1-4 EEL =       88.2937  RESTRAINT  =        0.0000


   NSTEP       ENERGY          RMS            GMAX         NAME    NUMBER
     33       1.7857E+01     6.5578E-01     3.0823E+00     C14        17

 BOND    =        1.3871  ANGLE   =        2.6430  DIHED      =       19.4030
 VDWAALS =       -5.1588  EEL     =      -53.2089  EGB        =      -51.5910
 1-4 VDW =       16.1161  1-4 EEL =       88.2661  RESTRAINT  =        0.0000


   NSTEP       ENERGY          RMS            GMAX         NAME    NUMBER
     34       1.7871E+01     1.3483E+00     5.6814E+00     C14        17

 BOND    =        1.4175  ANGLE   =        2.6934  DIHED      =       19.4109
 VDWAALS =       -5.1705  EEL     =      -53.2712  EGB        =      -51.5855
 1-4 VDW =       16.0692  1-4 EEL =       88.3073  RESTRAINT  =        0.0000


   NSTEP       ENERGY          RMS            GMAX         NAME    NUMBER
     35       1.7827E+01     4.1108E-01     1.1473E+00     C15        18

 BOND    =        1.3951  ANGLE   =        2.6751  DIHED      =       19.4053
 VDWAALS =       -5.1751  EEL     =      -53.2355  EGB        =      -51.5911
 1-4 VDW =       16.0753  1-4 EEL =       88.2778  RESTRAINT  =        0.0000


   NSTEP       ENERGY          RMS            GMAX         NAME    NUMBER
     36       1.7815E+01     6.1765E-01     2.9276E+00     C14        17

 BOND    =        1.4202  ANGLE   =        2.6753  DIHED      =       19.4001
 VDWAALS =       -5.1887  EEL     =      -53.2064  EGB        =      -51.5983
 1-4 VDW =       16.0628  1-4 EEL =       88.2503  RESTRAINT  =        0.0000


   NSTEP       ENERGY          RMS            GMAX         NAME    NUMBER
     37       1.7812E+01     8.7962E-01     3.4543E+00     C14        17

 BOND    =        1.4293  ANGLE   =        2.7082  DIHED      =       19.4059
 VDWAALS =       -5.1964  EEL     =      -53.2508  EGB        =      -51.5946
 1-4 VDW =       16.0301  1-4 EEL =       88.2804  RESTRAINT  =        0.0000


   NSTEP       ENERGY          RMS            GMAX         NAME    NUMBER
     38       1.7808E+01     1.0048E+00     4.9582E+00     C14        17

 BOND    =        1.4585  ANGLE   =        2.6890  DIHED      =       19.3965
 VDWAALS =       -5.2064  EEL     =      -53.1886  EGB        =      -51.6048
 1-4 VDW =       16.0353  1-4 EEL =       88.2282  RESTRAINT  =        0.0000


   NSTEP       ENERGY          RMS            GMAX         NAME    NUMBER
     39       1.7812E+01     1.2609E+00     5.3664E+00     C14        17

 BOND    =        1.4617  ANGLE   =        2.7314  DIHED      =       19.4061
 VDWAALS =       -5.2117  EEL     =      -53.2570  EGB        =      -51.5979
 1-4 VDW =       15.9989  1-4 EEL =       88.2800  RESTRAINT  =        0.0000


   NSTEP       ENERGY          RMS            GMAX         NAME    NUMBER
     40       1.7772E+01     3.1826E-01     7.3159E-01     C13        16

 BOND    =        1.4433  ANGLE   =        2.7144  DIHED      =       19.4006
 VDWAALS =       -5.2159  EEL     =      -53.2206  EGB        =      -51.6034
 1-4 VDW =       16.0043  1-4 EEL =       88.2493  RESTRAINT  =        0.0000


   NSTEP       ENERGY          RMS            GMAX         NAME    NUMBER
     41       1.7757E+01     4.6847E-01     2.1577E+00     C14        17

 BOND    =        1.4664  ANGLE   =        2.7229  DIHED      =       19.3967
 VDWAALS =       -5.2308  EEL     =      -53.1970  EGB        =      -51.6102
 1-4 VDW =       15.9834  1-4 EEL =       88.2256  RESTRAINT  =        0.0000


   NSTEP       ENERGY          RMS            GMAX         NAME    NUMBER
     42       1.7761E+01     9.6712E-01     4.0230E+00     C14        17

 BOND    =        1.4869  ANGLE   =        2.7525  DIHED      =       19.4022
 VDWAALS =       -5.2397  EEL     =      -53.2379  EGB        =      -51.6081
 1-4 VDW =       15.9511  1-4 EEL =       88.2537  RESTRAINT  =        0.0000


   NSTEP       ENERGY          RMS            GMAX         NAME    NUMBER
     43       1.7737E+01     3.0937E-01     7.7219E-01     C13        16

 BOND    =        1.4772  ANGLE   =        2.7431  DIHED      =       19.3980
 VDWAALS =       -5.2433  EEL     =      -53.2087  EGB        =      -51.6125
 1-4 VDW =       15.9536  1-4 EEL =       88.2299  RESTRAINT  =        0.0000


   NSTEP       ENERGY          RMS            GMAX         NAME    NUMBER
     44       1.7728E+01     4.0711E-01     1.8191E+00     C14        17

 BOND    =        1.4930  ANGLE   =        2.7470  DIHED      =       19.3947
 VDWAALS =       -5.2532  EEL     =      -53.1864  EGB        =      -51.6179
 1-4 VDW =       15.9410  1-4 EEL =       88.2096  RESTRAINT  =        0.0000


   NSTEP       ENERGY          RMS            GMAX         NAME    NUMBER
     45       1.7724E+01     6.3574E-01     2.3916E+00     C14        17

 BOND    =        1.5034  ANGLE   =        2.7665  DIHED      =       19.3984
 VDWAALS =       -5.2599  EEL     =      -53.2136  EGB        =      -51.6170
 1-4 VDW =       15.9177  1-4 EEL =       88.2282  RESTRAINT  =        0.0000


   NSTEP       ENERGY          RMS            GMAX         NAME    NUMBER
     46       1.7720E+01     7.5493E-01     3.7372E+00     C14        17

 BOND    =        1.5221  ANGLE   =        2.7580  DIHED      =       19.3912
 VDWAALS =       -5.2677  EEL     =      -53.1626  EGB        =      -51.6250
 1-4 VDW =       15.9181  1-4 EEL =       88.1864  RESTRAINT  =        0.0000


   NSTEP       ENERGY          RMS            GMAX         NAME    NUMBER
     47       1.7720E+01     9.2499E-01     3.9002E+00     C14        17

 BOND    =        1.5264  ANGLE   =        2.7826  DIHED      =       19.3986
 VDWAALS =       -5.2713  EEL     =      -53.2150  EGB        =      -51.6205
 1-4 VDW =       15.8935  1-4 EEL =       88.2260  RESTRAINT  =        0.0000


   NSTEP       ENERGY          RMS            GMAX         NAME    NUMBER
     48       1.7723E+01     1.1060E+00     5.4772E+00     C14        17

 BOND    =        1.5534  ANGLE   =        2.7668  DIHED      =       19.3882
 VDWAALS =       -5.2794  EEL     =      -53.1420  EGB        =      -51.6310
 1-4 VDW =       15.8997  1-4 EEL =       88.1668  RESTRAINT  =        0.0000


   NSTEP       ENERGY          RMS            GMAX         NAME    NUMBER
     49       1.7692E+01     2.5921E-01     7.2143E-01     C14        17

 BOND    =        1.5252  ANGLE   =        2.7778  DIHED      =       19.3927
 VDWAALS =       -5.2804  EEL     =      -53.1741  EGB        =      -51.6278
 1-4 VDW =       15.8869  1-4 EEL =       88.1917  RESTRAINT  =        0.0000


   NSTEP       ENERGY          RMS            GMAX         NAME    NUMBER
     50       1.7681E+01     3.8619E-01     1.2394E+00     C15        18

 BOND    =        1.5405  ANGLE   =        2.7928  DIHED      =       19.3934
 VDWAALS =       -5.2911  EEL     =      -53.1792  EGB        =      -51.6309
 1-4 VDW =       15.8627  1-4 EEL =       88.1925  RESTRAINT  =        0.0000


   NSTEP       ENERGY          RMS            GMAX         NAME    NUMBER
     51       1.7686E+01     8.7943E-01     4.3074E+00     C14        17

 BOND    =        1.5693  ANGLE   =        2.7938  DIHED      =       19.3862
 VDWAALS =       -5.3016  EEL     =      -53.1270  EGB        =      -51.6399
 1-4 VDW =       15.8546  1-4 EEL =       88.1501  RESTRAINT  =        0.0000


   NSTEP       ENERGY          RMS            GMAX         NAME    NUMBER
     52       2.9077E+01     2.1719E+01     1.0188E+02     C14        17

 BOND    =       11.6074  ANGLE   =        4.3686  DIHED      =       19.5357
 VDWAALS =       -5.3183  EEL     =      -53.9343  EGB        =      -51.5753
 1-4 VDW =       15.6378  1-4 EEL =       88.7558  RESTRAINT  =        0.0000


   NSTEP       ENERGY          RMS            GMAX         NAME    NUMBER
     53       1.7665E+01     2.3833E-01     5.5269E-01     C13        16

 BOND    =        1.5540  ANGLE   =        2.8012  DIHED      =       19.3906
 VDWAALS =       -5.3025  EEL     =      -53.1593  EGB        =      -51.6369
 1-4 VDW =       15.8439  1-4 EEL =       88.1743  RESTRAINT  =        0.0000


   NSTEP       ENERGY          RMS            GMAX         NAME    NUMBER
     54       1.7662E+01     2.3557E-01     5.2410E-01     C13        16

 BOND    =        1.5573  ANGLE   =        2.8038  DIHED      =       19.3902
 VDWAALS =       -5.3050  EEL     =      -53.1568  EGB        =      -51.6381
 1-4 VDW =       15.8389  1-4 EEL =       88.1720  RESTRAINT  =        0.0000


   NSTEP       ENERGY          RMS            GMAX         NAME    NUMBER
     55       1.7637E+01     2.9493E-01     1.0771E+00     C13        16

 BOND    =        1.5894  ANGLE   =        2.8283  DIHED      =       19.3869
 VDWAALS =       -5.3279  EEL     =      -53.1343  EGB        =      -51.6492
 1-4 VDW =       15.7935  1-4 EEL =       88.1500  RESTRAINT  =        0.0000


   NSTEP       ENERGY          RMS            GMAX         NAME    NUMBER
     56       1.7568E+01     1.3590E+00     6.6622E+00     C13        16

 BOND    =        1.8224  ANGLE   =        2.9934  DIHED      =       19.3708
 VDWAALS =       -5.4555  EEL     =      -53.0023  EGB        =      -51.7144
 1-4 VDW =       15.5317  1-4 EEL =       88.0215  RESTRAINT  =        0.0000


   NSTEP       ENERGY          RMS            GMAX         NAME    NUMBER
     57       1.7479E+01     3.6463E-01     1.4619E+00     C13        16

 BOND    =        2.0535  ANGLE   =        3.1950  DIHED      =       19.3574
 VDWAALS =       -5.5986  EEL     =      -52.8188  EGB        =      -51.7863
 1-4 VDW =       15.2432  1-4 EEL =       87.8339  RESTRAINT  =        0.0000


   NSTEP       ENERGY          RMS            GMAX         NAME    NUMBER
     58       1.7478E+01     3.0800E-01     9.1915E-01     C12        14

 BOND    =        2.0280  ANGLE   =        3.1752  DIHED      =       19.3582
 VDWAALS =       -5.5866  EEL     =      -52.8350  EGB        =      -51.7800
 1-4 VDW =       15.2682  1-4 EEL =       87.8505  RESTRAINT  =        0.0000


   NSTEP       ENERGY          RMS            GMAX         NAME    NUMBER
     59       1.7475E+01     3.1674E-01     8.8717E-01     C11        13

 BOND    =        2.0422  ANGLE   =        3.1683  DIHED      =       19.3566
 VDWAALS =       -5.5911  EEL     =      -52.8177  EGB        =      -51.7878
 1-4 VDW =       15.2629  1-4 EEL =       87.8417  RESTRAINT  =        0.0000


   NSTEP       ENERGY          RMS            GMAX         NAME    NUMBER
     60       1.7475E+01     2.3623E-01     5.8509E-01     H51        47

 BOND    =        2.0383  ANGLE   =        3.1696  DIHED      =       19.3570
 VDWAALS =       -5.5901  EEL     =      -52.8216  EGB        =      -51.7861
 1-4 VDW =       15.2641  1-4 EEL =       87.8437  RESTRAINT  =        0.0000


   NSTEP       ENERGY          RMS            GMAX         NAME    NUMBER
     61       1.7471E+01     2.2646E-01     5.7631E-01     C19        19

 BOND    =        2.0379  ANGLE   =        3.1644  DIHED      =       19.3553
 VDWAALS =       -5.5909  EEL     =      -52.8116  EGB        =      -51.7884
 1-4 VDW =       15.2654  1-4 EEL =       87.8389  RESTRAINT  =        0.0000


   NSTEP       ENERGY          RMS            GMAX         NAME    NUMBER
     62       1.7459E+01     7.2595E-01     2.8572E+00     C11        13

 BOND    =        2.0457  ANGLE   =        3.1335  DIHED      =       19.3449
 VDWAALS =       -5.5964  EEL     =      -52.7468  EGB        =      -51.8039
 1-4 VDW =       15.2741  1-4 EEL =       87.8076  RESTRAINT  =        0.0000


   NSTEP       ENERGY          RMS            GMAX         NAME    NUMBER
     63       1.7430E+01     5.4895E-01     2.2490E+00     C10        12

 BOND    =        2.0224  ANGLE   =        3.1212  DIHED      =       19.3314
 VDWAALS =       -5.6005  EEL     =      -52.6556  EGB        =      -51.8250
 1-4 VDW =       15.2693  1-4 EEL =       87.7672  RESTRAINT  =        0.0000


   NSTEP       ENERGY          RMS            GMAX         NAME    NUMBER
     64       1.7396E+01     4.7968E-01     1.8260E+00     H6B        36

 BOND    =        1.9763  ANGLE   =        3.1013  DIHED      =       19.3001
 VDWAALS =       -5.6099  EEL     =      -52.3947  EGB        =      -51.8857
 1-4 VDW =       15.2570  1-4 EEL =       87.6512  RESTRAINT  =        0.0000


   NSTEP       ENERGY          RMS            GMAX         NAME    NUMBER
     65       1.7389E+01     8.2259E-01     3.7783E+00     C9          9

 BOND    =        2.0000  ANGLE   =        3.0721  DIHED      =       19.2687
 VDWAALS =       -5.6069  EEL     =      -52.2949  EGB        =      -51.8945
 1-4 VDW =       15.2712  1-4 EEL =       87.5738  RESTRAINT  =        0.0000


   NSTEP       ENERGY          RMS            GMAX         NAME    NUMBER
     66       1.7380E+01     4.1045E-01     1.6875E+00     C9          9

 BOND    =        1.9806  ANGLE   =        3.0824  DIHED      =       19.2819
 VDWAALS =       -5.6084  EEL     =      -52.3385  EGB        =      -51.8907
 1-4 VDW =       15.2648  1-4 EEL =       87.6076  RESTRAINT  =        0.0000


   NSTEP       ENERGY          RMS            GMAX         NAME    NUMBER
     67       1.7369E+01     3.1698E-01     1.1732E+00     C6          6

 BOND    =        1.9715  ANGLE   =        3.0751  DIHED      =       19.2581
 VDWAALS =       -5.6050  EEL     =      -52.3097  EGB        =      -51.9011
 1-4 VDW =       15.2736  1-4 EEL =       87.6064  RESTRAINT  =        0.0000


   NSTEP       ENERGY          RMS            GMAX         NAME    NUMBER
     68       1.7369E+01     3.0050E-01     1.1492E+00     C6          6

 BOND    =        1.9715  ANGLE   =        3.0754  DIHED      =       19.2593
 VDWAALS =       -5.6051  EEL     =      -52.3111  EGB        =      -51.9006
 1-4 VDW =       15.2731  1-4 EEL =       87.6065  RESTRAINT  =        0.0000


   NSTEP       ENERGY          RMS            GMAX         NAME    NUMBER
     69       1.7361E+01     2.7231E-01     8.7130E-01     N5          5

 BOND    =        1.9916  ANGLE   =        3.0556  DIHED      =       19.2474
 VDWAALS =       -5.6009  EEL     =      -52.3139  EGB        =      -51.9028
 1-4 VDW =       15.2824  1-4 EEL =       87.6014  RESTRAINT  =        0.0000


   NSTEP       ENERGY          RMS            GMAX         NAME    NUMBER
     70       1.7360E+01     3.8781E-01     1.1484E+00     C15        18

 BOND    =        2.0047  ANGLE   =        3.0458  DIHED      =       19.2410
 VDWAALS =       -5.5985  EEL     =      -52.3154  EGB        =      -51.9040
 1-4 VDW =       15.2875  1-4 EEL =       87.5986  RESTRAINT  =        0.0000


   NSTEP       ENERGY          RMS            GMAX         NAME    NUMBER
     71       1.7348E+01     3.3712E-01     1.2762E+00     C6          6

 BOND    =        2.0484  ANGLE   =        3.0061  DIHED      =       19.2336
 VDWAALS =       -5.5927  EEL     =      -52.3397  EGB        =      -51.8935
 1-4 VDW =       15.2898  1-4 EEL =       87.5959  RESTRAINT  =        0.0000


   NSTEP       ENERGY          RMS            GMAX         NAME    NUMBER
     72       1.7347E+01     4.4901E-01     1.5586E+00     C16        15

 BOND    =        2.0688  ANGLE   =        2.9909  DIHED      =       19.2307
 VDWAALS =       -5.5902  EEL     =      -52.3498  EGB        =      -51.8891
 1-4 VDW =       15.2907  1-4 EEL =       87.5947  RESTRAINT  =        0.0000


   NSTEP       ENERGY          RMS            GMAX         NAME    NUMBER
     73       1.7332E+01     4.2453E-01     1.4624E+00     N5          5

 BOND    =        2.0659  ANGLE   =        3.0076  DIHED      =       19.2218
 VDWAALS =       -5.5842  EEL     =      -52.3864  EGB        =      -51.8795
 1-4 VDW =       15.2884  1-4 EEL =       87.5980  RESTRAINT  =        0.0000


   NSTEP       ENERGY          RMS            GMAX         NAME    NUMBER
     74       1.7331E+01     4.9542E-01     1.7323E+00     N5          5

 BOND    =        2.0670  ANGLE   =        3.0113  DIHED      =       19.2203
 VDWAALS =       -5.5831  EEL     =      -52.3931  EGB        =      -51.8777
 1-4 VDW =       15.2880  1-4 EEL =       87.5986  RESTRAINT  =        0.0000


   NSTEP       ENERGY          RMS            GMAX         NAME    NUMBER
     75       1.7310E+01     3.4189E-01     1.3312E+00     N5          5

 BOND    =        2.0320  ANGLE   =        3.0228  DIHED      =       19.1883
 VDWAALS =       -5.5765  EEL     =      -52.4296  EGB        =      -51.8653
 1-4 VDW =       15.3252  1-4 EEL =       87.6133  RESTRAINT  =        0.0000


   NSTEP       ENERGY          RMS            GMAX         NAME    NUMBER
     76       1.7306E+01     2.5557E-01     9.1270E-01     N5          5

 BOND    =        2.0266  ANGLE   =        3.0302  DIHED      =       19.1833
 VDWAALS =       -5.5768  EEL     =      -52.4323  EGB        =      -51.8661
 1-4 VDW =       15.3273  1-4 EEL =       87.6142  RESTRAINT  =        0.0000


   NSTEP       ENERGY          RMS            GMAX         NAME    NUMBER
     77       1.7303E+01     1.9915E-01     5.0180E-01     N5          5

 BOND    =        2.0173  ANGLE   =        3.0417  DIHED      =       19.1780
 VDWAALS =       -5.5775  EEL     =      -52.4353  EGB        =      -51.8671
 1-4 VDW =       15.3299  1-4 EEL =       87.6159  RESTRAINT  =        0.0000


   NSTEP       ENERGY          RMS            GMAX         NAME    NUMBER
     78       1.7300E+01     1.6491E-01     4.3450E-01     H4A        33

 BOND    =        2.0045  ANGLE   =        3.0544  DIHED      =       19.1740
 VDWAALS =       -5.5787  EEL     =      -52.4385  EGB        =      -51.8679
 1-4 VDW =       15.3325  1-4 EEL =       87.6191  RESTRAINT  =        0.0000


   NSTEP       ENERGY          RMS            GMAX         NAME    NUMBER
     79       1.7296E+01     1.4283E-01     3.9182E-01     H1A        27

 BOND    =        1.9930  ANGLE   =        3.0636  DIHED      =       19.1720
 VDWAALS =       -5.5801  EEL     =      -52.4424  EGB        =      -51.8680
 1-4 VDW =       15.3342  1-4 EEL =       87.6238  RESTRAINT  =        0.0000


   NSTEP       ENERGY          RMS            GMAX         NAME    NUMBER
     80       3.1090E+01     1.0219E+01     2.8607E+01     H6B        36

 BOND    =        4.3219  ANGLE   =       13.0051  DIHED      =       19.8266
 VDWAALS =       -5.5101  EEL     =      -53.8731  EGB        =      -51.7984
 1-4 VDW =       16.0892  1-4 EEL =       89.0287  RESTRAINT  =        0.0000


   NSTEP       ENERGY          RMS            GMAX         NAME    NUMBER
     81       1.7280E+01     3.1557E-01     8.7938E-01     C17        11

 BOND    =        1.9165  ANGLE   =        3.1241  DIHED      =       19.1684
 VDWAALS =       -5.5907  EEL     =      -52.4878  EGB        =      -51.8665
 1-4 VDW =       15.3445  1-4 EEL =       87.6712  RESTRAINT  =        0.0000


   NSTEP       ENERGY          RMS            GMAX         NAME    NUMBER
     82       1.7296E+01     1.1788E+00     4.8184E+00     C16        15

 BOND    =        1.9655  ANGLE   =        3.0807  DIHED      =       19.1859
 VDWAALS =       -5.5907  EEL     =      -52.5533  EGB        =      -51.8574
 1-4 VDW =       15.3405  1-4 EEL =       87.7251  RESTRAINT  =        0.0000


   NSTEP       ENERGY          RMS            GMAX         NAME    NUMBER
     83       1.7274E+01     3.3586E-01     1.1448E+00     C16        15

 BOND    =        1.9247  ANGLE   =        3.1070  DIHED      =       19.1741
 VDWAALS =       -5.5908  EEL     =      -52.5096  EGB        =      -51.8634
 1-4 VDW =       15.3430  1-4 EEL =       87.6892  RESTRAINT  =        0.0000


   NSTEP       ENERGY          RMS            GMAX         NAME    NUMBER
     84       1.7265E+01     2.6595E-01     7.8852E-01     C23        21

 BOND    =        1.9352  ANGLE   =        3.0871  DIHED      =       19.1819
 VDWAALS =       -5.5894  EEL     =      -52.5385  EGB        =      -51.8558
 1-4 VDW =       15.3358  1-4 EEL =       87.7081  RESTRAINT  =        0.0000


   NSTEP       ENERGY          RMS            GMAX         NAME    NUMBER
     85       1.7255E+01     4.0894E-01     1.5378E+00     C11        13

 BOND    =        1.9663  ANGLE   =        3.0455  DIHED      =       19.2013
 VDWAALS =       -5.5855  EEL     =      -52.6082  EGB        =      -51.8373
 1-4 VDW =       15.3192  1-4 EEL =       87.7535  RESTRAINT  =        0.0000


   NSTEP       ENERGY          RMS            GMAX         NAME    NUMBER
     86       1.7270E+01     9.7075E-01     4.0975E+00     C11        13

 BOND    =        1.9871  ANGLE   =        3.0147  DIHED      =       19.2044
 VDWAALS =       -5.5702  EEL     =      -52.7066  EGB        =      -51.8223
 1-4 VDW =       15.3330  1-4 EEL =       87.8305  RESTRAINT  =        0.0000


   NSTEP       ENERGY          RMS            GMAX         NAME    NUMBER
     87       1.7248E+01     2.2618E-01     6.6534E-01     H2B        30

 BOND    =        1.9660  ANGLE   =        3.0304  DIHED      =       19.2022
 VDWAALS =       -5.5802  EEL     =      -52.6432  EGB        =      -51.8320
 1-4 VDW =       15.3239  1-4 EEL =       87.7810  RESTRAINT  =        0.0000


   NSTEP       ENERGY          RMS            GMAX         NAME    NUMBER
     88       1.7245E+01     1.8609E-01     5.6425E-01     H2B        30

 BOND    =        1.9643  ANGLE   =        3.0348  DIHED      =       19.1969
 VDWAALS =       -5.5768  EEL     =      -52.6620  EGB        =      -51.8296
 1-4 VDW =       15.3268  1-4 EEL =       87.7901  RESTRAINT  =        0.0000


   NSTEP       ENERGY          RMS            GMAX         NAME    NUMBER
     89       1.7243E+01     3.2041E-01     9.6989E-01     C6          6

 BOND    =        1.9642  ANGLE   =        3.0425  DIHED      =       19.1888
 VDWAALS =       -5.5713  EEL     =      -52.6916  EGB        =      -51.8259
 1-4 VDW =       15.3314  1-4 EEL =       87.8044  RESTRAINT  =        0.0000


   NSTEP       ENERGY          RMS            GMAX         NAME    NUMBER
     90       1.7235E+01     2.5070E-01     8.2949E-01     C1          1

 BOND    =        1.9571  ANGLE   =        3.0487  DIHED      =       19.1810
 VDWAALS =       -5.5622  EEL     =      -52.7470  EGB        =      -51.8092
 1-4 VDW =       15.3354  1-4 EEL =       87.8309  RESTRAINT  =        0.0000


   NSTEP       ENERGY          RMS            GMAX         NAME    NUMBER
     91       1.7233E+01     3.6657E-01     1.1225E+00     C17        11

 BOND    =        1.9539  ANGLE   =        3.0550  DIHED      =       19.1754
 VDWAALS =       -5.5552  EEL     =      -52.7885  EGB        =      -51.7968
 1-4 VDW =       15.3385  1-4 EEL =       87.8506  RESTRAINT  =        0.0000


   NSTEP       ENERGY          RMS            GMAX         NAME    NUMBER
     92       1.7226E+01     3.4696E-01     1.0957E+00     C17        11

 BOND    =        1.9199  ANGLE   =        3.0890  DIHED      =       19.1754
 VDWAALS =       -5.5377  EEL     =      -52.8855  EGB        =      -51.7753
 1-4 VDW =       15.3453  1-4 EEL =       87.8950  RESTRAINT  =        0.0000


   NSTEP       ENERGY          RMS            GMAX         NAME    NUMBER
     93       1.7225E+01     2.5266E-01     6.9321E-01     C6          6

 BOND    =        1.9263  ANGLE   =        3.0805  DIHED      =       19.1753
 VDWAALS =       -5.5418  EEL     =      -52.8630  EGB        =      -51.7803
 1-4 VDW =       15.3437  1-4 EEL =       87.8847  RESTRAINT  =        0.0000


   NSTEP       ENERGY          RMS            GMAX         NAME    NUMBER
     94       1.7220E+01     2.0428E-01     5.5193E-01     C10        12

 BOND    =        1.9188  ANGLE   =        3.0739  DIHED      =       19.1749
 VDWAALS =       -5.5360  EEL     =      -52.9041  EGB        =      -51.7691
 1-4 VDW =       15.3539  1-4 EEL =       87.9075  RESTRAINT  =        0.0000


   NSTEP       ENERGY          RMS            GMAX         NAME    NUMBER
     95       1.7217E+01     3.3324E-01     1.5086E+00     C13        16

 BOND    =        1.9124  ANGLE   =        3.0670  DIHED      =       19.1744
 VDWAALS =       -5.5287  EEL     =      -52.9548  EGB        =      -51.7553
 1-4 VDW =       15.3664  1-4 EEL =       87.9357  RESTRAINT  =        0.0000


   NSTEP       ENERGY          RMS            GMAX         NAME    NUMBER
     96       1.7210E+01     3.3359E-01     1.0450E+00     C14        17

 BOND    =        1.8993  ANGLE   =        3.0697  DIHED      =       19.1703
 VDWAALS =       -5.5167  EEL     =      -53.0488  EGB        =      -51.7317
 1-4 VDW =       15.3908  1-4 EEL =       87.9772  RESTRAINT  =        0.0000


   NSTEP       ENERGY          RMS            GMAX         NAME    NUMBER
     97       1.7210E+01     2.9673E-01     8.6416E-01     H6C        37

 BOND    =        1.9001  ANGLE   =        3.0692  DIHED      =       19.1708
 VDWAALS =       -5.5180  EEL     =      -53.0390  EGB        =      -51.7342
 1-4 VDW =       15.3882  1-4 EEL =       87.9728  RESTRAINT  =        0.0000


   NSTEP       ENERGY          RMS            GMAX         NAME    NUMBER
     98       1.7201E+01     2.3197E-01     7.3625E-01     N5          5

 BOND    =        1.8892  ANGLE   =        3.0756  DIHED      =       19.1609
 VDWAALS =       -5.5134  EEL     =      -53.1067  EGB        =      -51.7171
 1-4 VDW =       15.4061  1-4 EEL =       88.0069  RESTRAINT  =        0.0000


   NSTEP       ENERGY          RMS            GMAX         NAME    NUMBER
     99       1.7199E+01     3.5371E-01     1.2531E+00     C1          1

 BOND    =        1.8822  ANGLE   =        3.0834  DIHED      =       19.1518
 VDWAALS =       -5.5090  EEL     =      -53.1713  EGB        =      -51.7009
 1-4 VDW =       15.4231  1-4 EEL =       88.0393  RESTRAINT  =        0.0000


   NSTEP       ENERGY          RMS            GMAX         NAME    NUMBER
    100       1.7192E+01     4.6853E-01     1.8385E+00     C11        13

 BOND    =        1.8672  ANGLE   =        3.0900  DIHED      =       19.1217
 VDWAALS =       -5.5066  EEL     =      -53.3005  EGB        =      -51.6697
 1-4 VDW =       15.4581  1-4 EEL =       88.1319  RESTRAINT  =        0.0000


  Maximum number of minimization cycles reached.


                    FINAL RESULTS



   NSTEP       ENERGY          RMS            GMAX         NAME    NUMBER
    100       1.7192E+01     4.6853E-01     1.8385E+00     C11        13

 BOND    =        1.8672  ANGLE   =        3.0900  DIHED      =       19.1217
 VDWAALS =       -5.5066  EEL     =      -53.3005  EGB        =      -51.6697
 1-4 VDW =       15.4581  1-4 EEL =       88.1319  RESTRAINT  =        0.0000

--------------------------------------------------------------------------------
   5.  TIMINGS
--------------------------------------------------------------------------------

|    Read coords time           0.00 ( 0.33% of Total)
|    Fast Water setup           0.00 ( 0.01% of Total)
|                Calc gb radii              0.02 (25.56% of Gen B)
|                Calc gb diag               0.03 (41.78% of Gen B)
|                Calc gb off-diag           0.02 (32.50% of Gen B)
|                Other                      0.00 ( 0.15% of Gen B)
|             Gen Born time              0.07 (100.0% of Nonbo)
|             IPS excludes               0.00 ( 0.02% of Nonbo)
|          Nonbond force              0.07 (89.57% of Force)
|          Bond/Angle/Dihedral        0.01 (10.12% of Force)
|          Other                      0.00 ( 0.31% of Force)
|       Force time                 0.07 (100.0% of Runmd)
|    Runmd Time                 0.07 (80.03% of Total)
|    Other                      0.02 (19.63% of Total)
| Total time                 0.09 (100.0% of ALL  )

| Number of list builds   :          0

| Highest rstack allocated:          0
| Highest istack allocated:          0
|           Job began  at 14:46:30.701  on 05/22/2015
|           Setup done at 14:46:30.705  on 05/22/2015
|           Run   done at 14:46:30.793  on 05/22/2015
|     wallclock() was called    1828 times
