
          -------------------------------------------------------
          Amber 14 SANDER                              2014
          -------------------------------------------------------

| Run on 05/22/2015 at 14:47:08

|   Executable path: sander
| Working directory: /net/chevy/raid1/nigel/amber/library/amber_library/p
|          Hostname: chevy.lbl.gov

  [-O]verwriting output

File Assignments:
|  MDIN: sander.in                                                             
| MDOUT: PTU.min_igb.out                                                       
|INPCRD: PTU.rst7                                                              
|  PARM: PTU.prmtop                                                            
|RESTRT: PTU.min_igb.rst7                                                      
|  REFC: refc                                                                  
| MDVEL: mdvel                                                                 
| MDFRC: mdfrc                                                                 
|  MDEN: mden                                                                  
| MDCRD: mdcrd                                                                 
|MDINFO: mdinfo                                                                
|  MTMD: mtmd                                                                  
|INPDIP: inpdip                                                                
|RSTDIP: rstdip                                                                
|INPTRA: inptraj                                                               


 Here is the input file:

  short minimization                                                           
 &cntrl                                                                        
   imin=1, maxcyc=100, ncyc=50, ntpr=1, cut=99., ntb=0, igb=2                  
 /                                                                             

--------------------------------------------------------------------------------
   1.  RESOURCE   USE: 
--------------------------------------------------------------------------------

| Flags:                                                                        
| New format PARM file being parsed.
| Version =    1.000 Date = 05/22/15 Time = 14:47:08
 NATOM  =      25 NTYPES =       8 NBONH =      13 MBONA  =      12
 NTHETH =      27 MTHETA =      14 NPHIH =      38 MPHIA  =      17
 NHPARM =       0 NPARM  =       0 NNB   =     114 NRES   =       1
 NBONA  =      12 NTHETA =      14 NPHIA =      17 NUMBND =      11
 NUMANG =      16 NPTRA  =       7 NATYP =      10 NPHB   =       0
 IFBOX  =       0 NMXRS  =      25 IFCAP =       0 NEXTRA =       0
 NCOPY  =       0

 Implicit solvent radii are H(N)-modified Bondi radii (mbondi2)                                             

|     Memory Use     Allocated
|     Real                5349
|     Hollerith             78
|     Integer            21113
|     Max Pairs              1
|     nblistReal             0
|     nblist Int             0
|       Total              124 kbytes

| Note: 1-4 EEL scale factors are being read from the topology file.

| Note: 1-4 VDW scale factors are being read from the topology file.
| Duplicated    0 dihedrals
| Duplicated    0 dihedrals

--------------------------------------------------------------------------------
   2.  CONTROL  DATA  FOR  THE  RUN
--------------------------------------------------------------------------------

PTU                                                                             

General flags:
     imin    =       1, nmropt  =       0

Nature and format of input:
     ntx     =       1, irest   =       0, ntrx    =       1

Nature and format of output:
     ntxo    =       1, ntpr    =       1, ntrx    =       1, ntwr    =     500
     iwrap   =       0, ntwx    =       0, ntwv    =       0, ntwe    =       0
     ioutfm  =       0, ntwprt  =       0, idecomp =       0, rbornstat=      0

Potential function:
     ntf     =       1, ntb     =       0, igb     =       2, nsnb    =      25
     ipol    =       0, gbsa    =       0, iesp    =       0
     dielc   =   1.00000, cut     =  99.00000, intdiel =   1.00000
     saltcon =   0.00000, offset  =   0.09000, gbalpha=    0.80000
     gbbeta  =   0.00000, gbgamma =   2.90912, surften =   0.00500
     rdt     =   0.00000, rgbmax  =  25.00000  extdiel =  78.50000
     alpb  =        0

Frozen or restrained atoms:
     ibelly  =       0, ntr     =       0

Energy minimization:
     maxcyc  =     100, ncyc    =      50, ntmin   =       1
     dx0     =   0.01000, drms    =   0.00010
|  INFO: Old style inpcrd file read


--------------------------------------------------------------------------------
   3.  ATOMIC COORDINATES AND VELOCITIES
--------------------------------------------------------------------------------

PTU                                                                             
 begin time read from input coords =     0.000 ps

 Number of triangulated 3-point waters found:        0

--------------------------------------------------------------------------------
   4.  RESULTS
--------------------------------------------------------------------------------



   NSTEP       ENERGY          RMS            GMAX         NAME    NUMBER
      1      -1.0892E+02     1.3456E+01     4.0512E+01     N1          1

 BOND    =        3.5954  ANGLE   =        8.4221  DIHED      =        0.2657
 VDWAALS =       -1.0499  EEL     =       32.9797  EGB        =      -58.4501
 1-4 VDW =        4.6793  1-4 EEL =      -99.3633  RESTRAINT  =        0.0000


   NSTEP       ENERGY          RMS            GMAX         NAME    NUMBER
      2      -1.1018E+02     1.0881E+01     3.3509E+01     N1          1

 BOND    =        2.7156  ANGLE   =        8.1568  DIHED      =        0.2578
 VDWAALS =       -1.0324  EEL     =       32.9530  EGB        =      -58.5483
 1-4 VDW =        4.6979  1-4 EEL =      -99.3834  RESTRAINT  =        0.0000


   NSTEP       ENERGY          RMS            GMAX         NAME    NUMBER
      3      -1.1136E+02     8.1046E+00     2.5420E+01     C2'        12

 BOND    =        1.9496  ANGLE   =        7.8967  DIHED      =        0.2470
 VDWAALS =       -1.0119  EEL     =       32.9241  EGB        =      -58.6647
 1-4 VDW =        4.7221  1-4 EEL =      -99.4225  RESTRAINT  =        0.0000


   NSTEP       ENERGY          RMS            GMAX         NAME    NUMBER
      4      -1.1235E+02     5.4301E+00     1.6266E+01     C2'        12

 BOND    =        1.3976  ANGLE   =        7.6518  DIHED      =        0.2315
 VDWAALS =       -0.9895  EEL     =       32.8973  EGB        =      -58.7946
 1-4 VDW =        4.7532  1-4 EEL =      -99.5009  RESTRAINT  =        0.0000


   NSTEP       ENERGY          RMS            GMAX         NAME    NUMBER
      5      -1.1312E+02     3.5454E+00     1.0523E+01     N2          4

 BOND    =        1.1175  ANGLE   =        7.4190  DIHED      =        0.2092
 VDWAALS =       -0.9694  EEL     =       32.8867  EGB        =      -58.9082
 1-4 VDW =        4.7917  1-4 EEL =      -99.6628  RESTRAINT  =        0.0000


   NSTEP       ENERGY          RMS            GMAX         NAME    NUMBER
      6      -1.1375E+02     2.5836E+00     7.0560E+00     HN11       13

 BOND    =        0.9633  ANGLE   =        7.1771  DIHED      =        0.1840
 VDWAALS =       -0.9617  EEL     =       32.9223  EGB        =      -58.9127
 1-4 VDW =        4.8317  1-4 EEL =      -99.9528  RESTRAINT  =        0.0000


   NSTEP       ENERGY          RMS            GMAX         NAME    NUMBER
      7      -1.1430E+02     2.0573E+00     5.5642E+00     S           3

 BOND    =        0.8358  ANGLE   =        6.8766  DIHED      =        0.1750
 VDWAALS =       -0.9532  EEL     =       32.9804  EGB        =      -58.8433
 1-4 VDW =        4.8805  1-4 EEL =     -100.2513  RESTRAINT  =        0.0000


   NSTEP       ENERGY          RMS            GMAX         NAME    NUMBER
      8      -1.1459E+02     4.2662E+00     1.5603E+01     C2          6

 BOND    =        0.8378  ANGLE   =        6.6622  DIHED      =        0.1788
 VDWAALS =       -0.9481  EEL     =       33.0315  EGB        =      -58.7750
 1-4 VDW =        4.9437  1-4 EEL =     -100.5214  RESTRAINT  =        0.0000


   NSTEP       ENERGY          RMS            GMAX         NAME    NUMBER
      9      -1.1366E+02     1.0717E+01     3.7587E+01     C2          6

 BOND    =        1.8328  ANGLE   =        6.6284  DIHED      =        0.1957
 VDWAALS =       -0.9075  EEL     =       33.0110  EGB        =      -58.7716
 1-4 VDW =        4.8965  1-4 EEL =     -100.5405  RESTRAINT  =        0.0000


   NSTEP       ENERGY          RMS            GMAX         NAME    NUMBER
     10      -1.1492E+02     3.1161E+00     9.0549E+00     C2          6

 BOND    =        0.8372  ANGLE   =        6.3565  DIHED      =        0.1910
 VDWAALS =       -0.9296  EEL     =       33.0261  EGB        =      -58.7476
 1-4 VDW =        4.9057  1-4 EEL =     -100.5605  RESTRAINT  =        0.0000


   NSTEP       ENERGY          RMS            GMAX         NAME    NUMBER
     11      -1.1480E+02     5.6875E+00     2.0982E+01     C2          6

 BOND    =        0.8851  ANGLE   =        6.4234  DIHED      =        0.1880
 VDWAALS =       -0.9459  EEL     =       33.0496  EGB        =      -58.6912
 1-4 VDW =        4.9392  1-4 EEL =     -100.6458  RESTRAINT  =        0.0000


   NSTEP       ENERGY          RMS            GMAX         NAME    NUMBER
     12      -1.1518E+02     1.6553E+00     4.3529E+00     C2          6

 BOND    =        0.6769  ANGLE   =        6.2671  DIHED      =        0.1924
 VDWAALS =       -0.9316  EEL     =       33.0399  EGB        =      -58.7072
 1-4 VDW =        4.9230  1-4 EEL =     -100.6423  RESTRAINT  =        0.0000


   NSTEP       ENERGY          RMS            GMAX         NAME    NUMBER
     13      -1.1528E+02     2.5147E+00     7.0746E+00     C3          7

 BOND    =        0.7917  ANGLE   =        6.0853  DIHED      =        0.1997
 VDWAALS =       -0.9209  EEL     =       33.0297  EGB        =      -58.7166
 1-4 VDW =        4.8979  1-4 EEL =     -100.6489  RESTRAINT  =        0.0000


   NSTEP       ENERGY          RMS            GMAX         NAME    NUMBER
     14      -1.1529E+02     3.7994E+00     1.3518E+01     C2          6

 BOND    =        0.7112  ANGLE   =        6.1358  DIHED      =        0.1967
 VDWAALS =       -0.9353  EEL     =       33.0487  EGB        =      -58.6483
 1-4 VDW =        4.9191  1-4 EEL =     -100.7217  RESTRAINT  =        0.0000


   NSTEP       ENERGY          RMS            GMAX         NAME    NUMBER
     15      -1.1533E+02     4.3377E+00     1.4759E+01     C5          9

 BOND    =        0.9078  ANGLE   =        5.9518  DIHED      =        0.2058
 VDWAALS =       -0.9087  EEL     =       33.0270  EGB        =      -58.7034
 1-4 VDW =        4.8906  1-4 EEL =     -100.6966  RESTRAINT  =        0.0000


   NSTEP       ENERGY          RMS            GMAX         NAME    NUMBER
     16      -1.1527E+02     5.5426E+00     2.0814E+01     C5          9

 BOND    =        0.8500  ANGLE   =        6.0412  DIHED      =        0.2003
 VDWAALS =       -0.9382  EEL     =       33.0459  EGB        =      -58.6389
 1-4 VDW =        4.9077  1-4 EEL =     -100.7404  RESTRAINT  =        0.0000


   NSTEP       ENERGY          RMS            GMAX         NAME    NUMBER
     17      -1.1564E+02     1.3364E+00     3.5093E+00     H2'3       24

 BOND    =        0.6527  ANGLE   =        5.8905  DIHED      =        0.2043
 VDWAALS =       -0.9221  EEL     =       33.0380  EGB        =      -58.6515
 1-4 VDW =        4.8962  1-4 EEL =     -100.7453  RESTRAINT  =        0.0000


   NSTEP       ENERGY          RMS            GMAX         NAME    NUMBER
     18      -1.1575E+02     2.1761E+00     6.1277E+00     C3          7

 BOND    =        0.7539  ANGLE   =        5.7101  DIHED      =        0.2108
 VDWAALS =       -0.9111  EEL     =       33.0267  EGB        =      -58.6720
 1-4 VDW =        4.8777  1-4 EEL =     -100.7485  RESTRAINT  =        0.0000


   NSTEP       ENERGY          RMS            GMAX         NAME    NUMBER
     19      -1.1570E+02     4.2129E+00     1.5150E+01     C5          9

 BOND    =        0.6904  ANGLE   =        5.7995  DIHED      =        0.2067
 VDWAALS =       -0.9291  EEL     =       33.0435  EGB        =      -58.5828
 1-4 VDW =        4.8931  1-4 EEL =     -100.8242  RESTRAINT  =        0.0000


   NSTEP       ENERGY          RMS            GMAX         NAME    NUMBER
     20      -1.1592E+02     1.3373E+00     3.3914E+00     H2'3       24

 BOND    =        0.6323  ANGLE   =        5.6644  DIHED      =        0.2106
 VDWAALS =       -0.9173  EEL     =       33.0334  EGB        =      -58.6181
 1-4 VDW =        4.8799  1-4 EEL =     -100.8037  RESTRAINT  =        0.0000


   NSTEP       ENERGY          RMS            GMAX         NAME    NUMBER
     21      -1.1600E+02     1.8178E+00     4.7657E+00     C3          7

 BOND    =        0.7251  ANGLE   =        5.5232  DIHED      =        0.2154
 VDWAALS =       -0.9085  EEL     =       33.0219  EGB        =      -58.6478
 1-4 VDW =        4.8641  1-4 EEL =     -100.7903  RESTRAINT  =        0.0000


   NSTEP       ENERGY          RMS            GMAX         NAME    NUMBER
     22      -1.1603E+02     2.7231E+00     9.1410E+00     C5          9

 BOND    =        0.6210  ANGLE   =        5.5763  DIHED      =        0.2124
 VDWAALS =       -0.9204  EEL     =       33.0339  EGB        =      -58.5756
 1-4 VDW =        4.8751  1-4 EEL =     -100.8526  RESTRAINT  =        0.0000


   NSTEP       ENERGY          RMS            GMAX         NAME    NUMBER
     23      -1.1606E+02     3.2156E+00     1.1000E+01     C5          9

 BOND    =        0.8223  ANGLE   =        5.3887  DIHED      =        0.2199
 VDWAALS =       -0.9004  EEL     =       33.0143  EGB        =      -58.6482
 1-4 VDW =        4.8510  1-4 EEL =     -100.8070  RESTRAINT  =        0.0000


   NSTEP       ENERGY          RMS            GMAX         NAME    NUMBER
     24      -1.1606E+02     3.9962E+00     1.5131E+01     C5          9

 BOND    =        0.6753  ANGLE   =        5.5095  DIHED      =        0.2141
 VDWAALS =       -0.9229  EEL     =       33.0305  EGB        =      -58.5624
 1-4 VDW =        4.8691  1-4 EEL =     -100.8704  RESTRAINT  =        0.0000


   NSTEP       ENERGY          RMS            GMAX         NAME    NUMBER
     25      -1.1626E+02     1.1256E+00     3.2059E+00     H2'3       24

 BOND    =        0.6260  ANGLE   =        5.3805  DIHED      =        0.2178
 VDWAALS =       -0.9105  EEL     =       33.0217  EGB        =      -58.5922
 1-4 VDW =        4.8570  1-4 EEL =     -100.8553  RESTRAINT  =        0.0000


   NSTEP       ENERGY          RMS            GMAX         NAME    NUMBER
     26      -1.1635E+02     1.4254E+00     4.1641E+00     N2          4

 BOND    =        0.6878  ANGLE   =        5.2503  DIHED      =        0.2217
 VDWAALS =       -0.9047  EEL     =       33.0122  EGB        =      -58.6124
 1-4 VDW =        4.8439  1-4 EEL =     -100.8481  RESTRAINT  =        0.0000


   NSTEP       ENERGY          RMS            GMAX         NAME    NUMBER
     27      -1.1638E+02     2.6919E+00     1.0686E+01     C           2

 BOND    =        0.5915  ANGLE   =        5.2985  DIHED      =        0.2188
 VDWAALS =       -0.9142  EEL     =       33.0225  EGB        =      -58.5294
 1-4 VDW =        4.8543  1-4 EEL =     -100.9216  RESTRAINT  =        0.0000


   NSTEP       ENERGY          RMS            GMAX         NAME    NUMBER
     28      -1.1639E+02     3.3317E+00     1.1522E+01     C           2

 BOND    =        0.8568  ANGLE   =        5.0764  DIHED      =        0.2275
 VDWAALS =       -0.8948  EEL     =       32.9988  EGB        =      -58.6395
 1-4 VDW =        4.8255  1-4 EEL =     -100.8409  RESTRAINT  =        0.0000


   NSTEP       ENERGY          RMS            GMAX         NAME    NUMBER
     29      -1.1639E+02     3.9874E+00     1.4143E+01     C           2

 BOND    =        0.6311  ANGLE   =        5.2587  DIHED      =        0.2195
 VDWAALS =       -0.9173  EEL     =       33.0210  EGB        =      -58.5023
 1-4 VDW =        4.8521  1-4 EEL =     -100.9500  RESTRAINT  =        0.0000


   NSTEP       ENERGY          RMS            GMAX         NAME    NUMBER
     30      -1.1659E+02     1.0393E+00     2.9847E+00     H2'3       24

 BOND    =        0.6124  ANGLE   =        5.1042  DIHED      =        0.2242
 VDWAALS =       -0.9049  EEL     =       33.0086  EGB        =      -58.5614
 1-4 VDW =        4.8359  1-4 EEL =     -100.9079  RESTRAINT  =        0.0000


   NSTEP       ENERGY          RMS            GMAX         NAME    NUMBER
     31      -1.1668E+02     1.3780E+00     5.1880E+00     N2          4

 BOND    =        0.6780  ANGLE   =        4.9750  DIHED      =        0.2280
 VDWAALS =       -0.9001  EEL     =       32.9983  EGB        =      -58.5868
 1-4 VDW =        4.8231  1-4 EEL =     -100.8945  RESTRAINT  =        0.0000


   NSTEP       ENERGY          RMS            GMAX         NAME    NUMBER
     32      -1.1669E+02     2.8953E+00     1.4407E+01     C           2

 BOND    =        0.5745  ANGLE   =        5.0452  DIHED      =        0.2242
 VDWAALS =       -0.9080  EEL     =       33.0110  EGB        =      -58.4795
 1-4 VDW =        4.8374  1-4 EEL =     -100.9905  RESTRAINT  =        0.0000


   NSTEP       ENERGY          RMS            GMAX         NAME    NUMBER
     33      -1.1670E+02     3.3284E+00     1.5711E+01     C           2

 BOND    =        0.8720  ANGLE   =        4.7987  DIHED      =        0.2339
 VDWAALS =       -0.8923  EEL     =       32.9828  EGB        =      -58.6325
 1-4 VDW =        4.8046  1-4 EEL =     -100.8673  RESTRAINT  =        0.0000


   NSTEP       ENERGY          RMS            GMAX         NAME    NUMBER
     34      -1.1667E+02     4.1405E+00     2.0843E+01     C           2

 BOND    =        0.6125  ANGLE   =        5.0196  DIHED      =        0.2243
 VDWAALS =       -0.9097  EEL     =       33.0111  EGB        =      -58.4376
 1-4 VDW =        4.8381  1-4 EEL =     -101.0325  RESTRAINT  =        0.0000


   NSTEP       ENERGY          RMS            GMAX         NAME    NUMBER
     35      -1.1689E+02     9.9176E-01     2.7580E+00     H2'3       24

 BOND    =        0.5983  ANGLE   =        4.8535  DIHED      =        0.2298
 VDWAALS =       -0.9003  EEL     =       32.9950  EGB        =      -58.5317
 1-4 VDW =        4.8186  1-4 EEL =     -100.9557  RESTRAINT  =        0.0000


   NSTEP       ENERGY          RMS            GMAX         NAME    NUMBER
     36      -1.1697E+02     1.5739E+00     6.5212E+00     N2          4

 BOND    =        0.6851  ANGLE   =        4.7201  DIHED      =        0.2340
 VDWAALS =       -0.8947  EEL     =       32.9828  EGB        =      -58.5662
 1-4 VDW =        4.8049  1-4 EEL =     -100.9342  RESTRAINT  =        0.0000


   NSTEP       ENERGY          RMS            GMAX         NAME    NUMBER
     37      -1.1693E+02     3.2754E+00     1.6247E+01     C           2

 BOND    =        0.5769  ANGLE   =        4.8264  DIHED      =        0.2288
 VDWAALS =       -0.9049  EEL     =       32.9989  EGB        =      -58.4438
 1-4 VDW =        4.8244  1-4 EEL =     -101.0410  RESTRAINT  =        0.0000


   NSTEP       ENERGY          RMS            GMAX         NAME    NUMBER
     38      -1.1707E+02     1.0354E+00     3.1758E+00     C           2

 BOND    =        0.5851  ANGLE   =        4.7109  DIHED      =        0.2328
 VDWAALS =       -0.8981  EEL     =       32.9868  EGB        =      -58.5097
 1-4 VDW =        4.8102  1-4 EEL =     -100.9875  RESTRAINT  =        0.0000


   NSTEP       ENERGY          RMS            GMAX         NAME    NUMBER
     39      -1.1712E+02     1.4507E+00     5.9080E+00     N2          4

 BOND    =        0.6693  ANGLE   =        4.6051  DIHED      =        0.2365
 VDWAALS =       -0.8929  EEL     =       32.9758  EGB        =      -58.5488
 1-4 VDW =        4.7984  1-4 EEL =     -100.9594  RESTRAINT  =        0.0000


   NSTEP       ENERGY          RMS            GMAX         NAME    NUMBER
     40      -1.1713E+02     2.1427E+00     1.0256E+01     C           2

 BOND    =        0.5592  ANGLE   =        4.6717  DIHED      =        0.2328
 VDWAALS =       -0.9001  EEL     =       32.9870  EGB        =      -58.4624
 1-4 VDW =        4.8122  1-4 EEL =     -101.0350  RESTRAINT  =        0.0000


   NSTEP       ENERGY          RMS            GMAX         NAME    NUMBER
     41      -1.1715E+02     2.4774E+00     1.1295E+01     N2          4

 BOND    =        0.7583  ANGLE   =        4.4996  DIHED      =        0.2400
 VDWAALS =       -0.8886  EEL     =       32.9662  EGB        =      -58.5698
 1-4 VDW =        4.7888  1-4 EEL =     -100.9491  RESTRAINT  =        0.0000


   NSTEP       ENERGY          RMS            GMAX         NAME    NUMBER
     42      -1.1715E+02     3.0703E+00     1.5068E+01     C           2

 BOND    =        0.5697  ANGLE   =        4.6434  DIHED      =        0.2330
 VDWAALS =       -0.9017  EEL     =       32.9864  EGB        =      -58.4301
 1-4 VDW =        4.8132  1-4 EEL =     -101.0676  RESTRAINT  =        0.0000


   NSTEP       ENERGY          RMS            GMAX         NAME    NUMBER
     43      -1.1728E+02     8.6908E-01     2.4441E+00     H2'3       24

 BOND    =        0.5880  ANGLE   =        4.5300  DIHED      =        0.2371
 VDWAALS =       -0.8945  EEL     =       32.9742  EGB        =      -58.4974
 1-4 VDW =        4.7992  1-4 EEL =     -101.0130  RESTRAINT  =        0.0000


   NSTEP       ENERGY          RMS            GMAX         NAME    NUMBER
     44      -1.1734E+02     1.0880E+00     3.8147E+00     N2          4

 BOND    =        0.6315  ANGLE   =        4.4446  DIHED      =        0.2399
 VDWAALS =       -0.8913  EEL     =       32.9660  EGB        =      -58.5160
 1-4 VDW =        4.7914  1-4 EEL =     -101.0025  RESTRAINT  =        0.0000


   NSTEP       ENERGY          RMS            GMAX         NAME    NUMBER
     45      -1.1736E+02     2.1115E+00     1.0163E+01     C           2

 BOND    =        0.5537  ANGLE   =        4.4836  DIHED      =        0.2371
 VDWAALS =       -0.8971  EEL     =       32.9741  EGB        =      -58.4407
 1-4 VDW =        4.8027  1-4 EEL =     -101.0698  RESTRAINT  =        0.0000


   NSTEP       ENERGY          RMS            GMAX         NAME    NUMBER
     46      -1.1736E+02     2.6568E+00     1.2379E+01     C           2

 BOND    =        0.7662  ANGLE   =        4.3154  DIHED      =        0.2446
 VDWAALS =       -0.8855  EEL     =       32.9523  EGB        =      -58.5527
 1-4 VDW =        4.7789  1-4 EEL =     -100.9797  RESTRAINT  =        0.0000


   NSTEP       ENERGY          RMS            GMAX         NAME    NUMBER
     47      -1.1736E+02     3.1235E+00     1.5423E+01     C           2

 BOND    =        0.5675  ANGLE   =        4.4645  DIHED      =        0.2370
 VDWAALS =       -0.8991  EEL     =       32.9740  EGB        =      -58.4067
 1-4 VDW =        4.8053  1-4 EEL =     -101.1032  RESTRAINT  =        0.0000


   NSTEP       ENERGY          RMS            GMAX         NAME    NUMBER
     48      -1.1733E+02     3.8219E+00     1.8325E+01     C           2

 BOND    =        0.8929  ANGLE   =        4.2336  DIHED      =        0.2479
 VDWAALS =       -0.8815  EEL     =       32.9432  EGB        =      -58.5761
 1-4 VDW =        4.7713  1-4 EEL =     -100.9659  RESTRAINT  =        0.0000


   NSTEP       ENERGY          RMS            GMAX         NAME    NUMBER
     49      -1.1752E+02     8.3726E-01     2.2289E+00     H2'3       24

 BOND    =        0.6033  ANGLE   =        4.3078  DIHED      =        0.2428
 VDWAALS =       -0.8902  EEL     =       32.9566  EGB        =      -58.4871
 1-4 VDW =        4.7870  1-4 EEL =     -101.0400  RESTRAINT  =        0.0000


   NSTEP       ENERGY          RMS            GMAX         NAME    NUMBER
     50      -1.1757E+02     1.4925E+00     6.7705E+00     C           2

 BOND    =        0.5526  ANGLE   =        4.2981  DIHED      =        0.2418
 VDWAALS =       -0.8934  EEL     =       32.9588  EGB        =      -58.4379
 1-4 VDW =        4.7928  1-4 EEL =     -101.0866  RESTRAINT  =        0.0000


   NSTEP       ENERGY          RMS            GMAX         NAME    NUMBER
     51      -1.1753E+02     3.1396E+00     1.5008E+01     C           2

 BOND    =        0.8074  ANGLE   =        4.1387  DIHED      =        0.2496
 VDWAALS =       -0.8823  EEL     =       32.9366  EGB        =      -58.5445
 1-4 VDW =        4.7701  1-4 EEL =     -101.0020  RESTRAINT  =        0.0000


   NSTEP       ENERGY          RMS            GMAX         NAME    NUMBER
     52      -1.1659E+02     9.5053E+00     4.7728E+01     C           2

 BOND    =        1.1916  ANGLE   =        4.5782  DIHED      =        0.2330
 VDWAALS =       -0.9126  EEL     =       32.9867  EGB        =      -58.2201
 1-4 VDW =        4.8322  1-4 EEL =     -101.2772  RESTRAINT  =        0.0000


   NSTEP       ENERGY          RMS            GMAX         NAME    NUMBER
     53      -1.1766E+02     7.6176E-01     2.1034E+00     H2'3       24

 BOND    =        0.5777  ANGLE   =        4.2103  DIHED      =        0.2448
 VDWAALS =       -0.8903  EEL     =       32.9495  EGB        =      -58.4599
 1-4 VDW =        4.7854  1-4 EEL =     -101.0729  RESTRAINT  =        0.0000


   NSTEP       ENERGY          RMS            GMAX         NAME    NUMBER
     54      -1.1767E+02     7.5750E-01     2.0887E+00     H2'3       24

 BOND    =        0.5770  ANGLE   =        4.1973  DIHED      =        0.2451
 VDWAALS =       -0.8901  EEL     =       32.9485  EGB        =      -58.4581
 1-4 VDW =        4.7851  1-4 EEL =     -101.0757  RESTRAINT  =        0.0000


   NSTEP       ENERGY          RMS            GMAX         NAME    NUMBER
     55      -1.1781E+02     7.4834E-01     1.9542E+00     H2'3       24

 BOND    =        0.5706  ANGLE   =        4.0799  DIHED      =        0.2480
 VDWAALS =       -0.8886  EEL     =       32.9391  EGB        =      -58.4411
 1-4 VDW =        4.7825  1-4 EEL =     -101.1010  RESTRAINT  =        0.0000


   NSTEP       ENERGY          RMS            GMAX         NAME    NUMBER
     56      -1.1876E+02     2.2541E+00     9.6495E+00     C2          6

 BOND    =        0.5979  ANGLE   =        3.1927  DIHED      =        0.2924
 VDWAALS =       -0.8721  EEL     =       32.8413  EGB        =      -58.2835
 1-4 VDW =        4.7864  1-4 EEL =     -101.3160  RESTRAINT  =        0.0000


   NSTEP       ENERGY          RMS            GMAX         NAME    NUMBER
     57      -1.1893E+02     3.5593E+00     1.4755E+01     C2          6

 BOND    =        0.7230  ANGLE   =        2.8978  DIHED      =        0.3344
 VDWAALS =       -0.8600  EEL     =       32.7753  EGB        =      -58.1945
 1-4 VDW =        4.8143  1-4 EEL =     -101.4154  RESTRAINT  =        0.0000


   NSTEP       ENERGY          RMS            GMAX         NAME    NUMBER
     58      -1.1268E+02     2.0991E+01     8.5462E+01     C2          6

 BOND    =        6.3622  ANGLE   =        3.5738  DIHED      =        0.5262
 VDWAALS =       -0.9020  EEL     =       32.4786  EGB        =      -58.0812
 1-4 VDW =        4.8432  1-4 EEL =     -101.4797  RESTRAINT  =        0.0000


   NSTEP       ENERGY          RMS            GMAX         NAME    NUMBER
     59      -1.1911E+02     8.4837E-01     2.7404E+00     H2'2       23

 BOND    =        0.6503  ANGLE   =        2.8198  DIHED      =        0.3570
 VDWAALS =       -0.8660  EEL     =       32.7339  EGB        =      -58.1762
 1-4 VDW =        4.8132  1-4 EEL =     -101.4402  RESTRAINT  =        0.0000


   NSTEP       ENERGY          RMS            GMAX         NAME    NUMBER
     60      -1.1913E+02     6.3907E-01     2.1267E+00     H2'2       23

 BOND    =        0.6422  ANGLE   =        2.8233  DIHED      =        0.3534
 VDWAALS =       -0.8671  EEL     =       32.7365  EGB        =      -58.1671
 1-4 VDW =        4.8169  1-4 EEL =     -101.4639  RESTRAINT  =        0.0000


   NSTEP       ENERGY          RMS            GMAX         NAME    NUMBER
     61      -1.1914E+02     9.5015E-01     2.8244E+00     N2          4

 BOND    =        0.6451  ANGLE   =        2.8312  DIHED      =        0.3473
 VDWAALS =       -0.8691  EEL     =       32.7409  EGB        =      -58.1519
 1-4 VDW =        4.8232  1-4 EEL =     -101.5039  RESTRAINT  =        0.0000


   NSTEP       ENERGY          RMS            GMAX         NAME    NUMBER
     62      -1.1918E+02     6.8032E-01     2.0501E+00     C1'        11

 BOND    =        0.6632  ANGLE   =        2.8459  DIHED      =        0.3366
 VDWAALS =       -0.8762  EEL     =       32.7449  EGB        =      -58.1537
 1-4 VDW =        4.8304  1-4 EEL =     -101.5663  RESTRAINT  =        0.0000


   NSTEP       ENERGY          RMS            GMAX         NAME    NUMBER
     63      -1.1918E+02     8.7325E-01     2.7534E+00     C           2

 BOND    =        0.6807  ANGLE   =        2.8531  DIHED      =        0.3324
 VDWAALS =       -0.8791  EEL     =       32.7465  EGB        =      -58.1545
 1-4 VDW =        4.8333  1-4 EEL =     -101.5910  RESTRAINT  =        0.0000


   NSTEP       ENERGY          RMS            GMAX         NAME    NUMBER
     64      -1.1923E+02     8.9781E-01     2.2111E+00     N2          4

 BOND    =        0.6383  ANGLE   =        2.9025  DIHED      =        0.3200
 VDWAALS =       -0.9013  EEL     =       32.7435  EGB        =      -58.1374
 1-4 VDW =        4.8530  1-4 EEL =     -101.6501  RESTRAINT  =        0.0000


   NSTEP       ENERGY          RMS            GMAX         NAME    NUMBER
     65      -1.1925E+02     1.5777E+00     4.5905E+00     N2          4

 BOND    =        0.6171  ANGLE   =        2.9650  DIHED      =        0.3085
 VDWAALS =       -0.9232  EEL     =       32.7404  EGB        =      -58.1209
 1-4 VDW =        4.8729  1-4 EEL =     -101.7091  RESTRAINT  =        0.0000


   NSTEP       ENERGY          RMS            GMAX         NAME    NUMBER
     66      -1.1935E+02     1.1697E+00     4.0904E+00     N2          4

 BOND    =        0.5456  ANGLE   =        2.9847  DIHED      =        0.2936
 VDWAALS =       -0.9519  EEL     =       32.7151  EGB        =      -58.1510
 1-4 VDW =        4.9172  1-4 EEL =     -101.7072  RESTRAINT  =        0.0000


   NSTEP       ENERGY          RMS            GMAX         NAME    NUMBER
     67      -1.1938E+02     1.7302E+00     5.5771E+00     N1          1

 BOND    =        0.5188  ANGLE   =        3.0245  DIHED      =        0.2822
 VDWAALS =       -0.9771  EEL     =       32.6926  EGB        =      -58.1794
 1-4 VDW =        4.9563  1-4 EEL =     -101.7018  RESTRAINT  =        0.0000


   NSTEP       ENERGY          RMS            GMAX         NAME    NUMBER
     68      -1.1958E+02     1.3805E+00     4.2500E+00     C1'        11

 BOND    =        0.4538  ANGLE   =        2.7863  DIHED      =        0.2814
 VDWAALS =       -1.0270  EEL     =       32.6611  EGB        =      -58.1398
 1-4 VDW =        5.0292  1-4 EEL =     -101.6289  RESTRAINT  =        0.0000


   NSTEP       ENERGY          RMS            GMAX         NAME    NUMBER
     69      -1.1964E+02     2.1025E+00     6.5548E+00     N1          1

 BOND    =        0.4584  ANGLE   =        2.6142  DIHED      =        0.2870
 VDWAALS =       -1.0704  EEL     =       32.6335  EGB        =      -58.1104
 1-4 VDW =        5.0924  1-4 EEL =     -101.5466  RESTRAINT  =        0.0000


   NSTEP       ENERGY          RMS            GMAX         NAME    NUMBER
     70      -1.1983E+02     2.4062E+00     7.6723E+00     N1          1

 BOND    =        0.5298  ANGLE   =        2.2963  DIHED      =        0.3066
 VDWAALS =       -1.1728  EEL     =       32.4982  EGB        =      -58.1351
 1-4 VDW =        5.1085  1-4 EEL =     -101.2579  RESTRAINT  =        0.0000


   NSTEP       ENERGY          RMS            GMAX         NAME    NUMBER
     71      -1.1984E+02     1.8137E+00     5.2599E+00     N2          4

 BOND    =        0.4834  ANGLE   =        2.3431  DIHED      =        0.3007
 VDWAALS =       -1.1511  EEL     =       32.5290  EGB        =      -58.1260
 1-4 VDW =        5.1062  1-4 EEL =     -101.3294  RESTRAINT  =        0.0000


   NSTEP       ENERGY          RMS            GMAX         NAME    NUMBER
     72      -1.2003E+02     1.8945E+00     4.7528E+00     C2'        12

 BOND    =        0.4734  ANGLE   =        2.2951  DIHED      =        0.2998
 VDWAALS =       -1.1826  EEL     =       32.4187  EGB        =      -58.0989
 1-4 VDW =        5.1105  1-4 EEL =     -101.3413  RESTRAINT  =        0.0000


   NSTEP       ENERGY          RMS            GMAX         NAME    NUMBER
     73      -1.2003E+02     2.3291E+00     5.9857E+00     C6         10

 BOND    =        0.4899  ANGLE   =        2.2974  DIHED      =        0.3026
 VDWAALS =       -1.1903  EEL     =       32.3903  EGB        =      -58.0930
 1-4 VDW =        5.1111  1-4 EEL =     -101.3412  RESTRAINT  =        0.0000


   NSTEP       ENERGY          RMS            GMAX         NAME    NUMBER
     74      -1.2020E+02     2.1685E+00     5.3963E+00     C1'        11

 BOND    =        0.5143  ANGLE   =        2.2603  DIHED      =        0.3070
 VDWAALS =       -1.2325  EEL     =       32.2600  EGB        =      -58.1328
 1-4 VDW =        5.1610  1-4 EEL =     -101.3342  RESTRAINT  =        0.0000


   NSTEP       ENERGY          RMS            GMAX         NAME    NUMBER
     75      -1.2020E+02     1.8721E+00     5.0514E+00     C1'        11

 BOND    =        0.4976  ANGLE   =        2.2567  DIHED      =        0.3051
 VDWAALS =       -1.2275  EEL     =       32.2765  EGB        =      -58.1272
 1-4 VDW =        5.1549  1-4 EEL =     -101.3366  RESTRAINT  =        0.0000


   NSTEP       ENERGY          RMS            GMAX         NAME    NUMBER
     76      -1.2022E+02     1.6886E+00     4.7167E+00     C1'        11

 BOND    =        0.4935  ANGLE   =        2.2431  DIHED      =        0.3053
 VDWAALS =       -1.2283  EEL     =       32.2769  EGB        =      -58.1263
 1-4 VDW =        5.1556  1-4 EEL =     -101.3358  RESTRAINT  =        0.0000


   NSTEP       ENERGY          RMS            GMAX         NAME    NUMBER
     77      -1.2023E+02     1.4948E+00     4.3111E+00     C1'        11

 BOND    =        0.4899  ANGLE   =        2.2272  DIHED      =        0.3056
 VDWAALS =       -1.2292  EEL     =       32.2774  EGB        =      -58.1252
 1-4 VDW =        5.1569  1-4 EEL =     -101.3348  RESTRAINT  =        0.0000


   NSTEP       ENERGY          RMS            GMAX         NAME    NUMBER
     78      -1.2025E+02     1.3011E+00     3.8258E+00     C1'        11

 BOND    =        0.4869  ANGLE   =        2.2089  DIHED      =        0.3058
 VDWAALS =       -1.2305  EEL     =       32.2781  EGB        =      -58.1239
 1-4 VDW =        5.1588  1-4 EEL =     -101.3338  RESTRAINT  =        0.0000


   NSTEP       ENERGY          RMS            GMAX         NAME    NUMBER
     79      -1.2027E+02     1.1201E+00     3.2613E+00     C1'        11

 BOND    =        0.4845  ANGLE   =        2.1884  DIHED      =        0.3059
 VDWAALS =       -1.2321  EEL     =       32.2790  EGB        =      -58.1222
 1-4 VDW =        5.1617  1-4 EEL =     -101.3330  RESTRAINT  =        0.0000


   NSTEP       ENERGY          RMS            GMAX         NAME    NUMBER
     80      -1.1740E+02     1.1296E+01     3.1630E+01     C           2

 BOND    =        2.6527  ANGLE   =        2.4092  DIHED      =        0.4713
 VDWAALS =       -1.3200  EEL     =       32.3287  EGB        =      -58.0185
 1-4 VDW =        5.4023  1-4 EEL =     -101.3271  RESTRAINT  =        0.0000


   NSTEP       ENERGY          RMS            GMAX         NAME    NUMBER
     81      -1.2033E+02     1.0882E+00     2.8759E+00     C           2

 BOND    =        0.5009  ANGLE   =        2.0663  DIHED      =        0.3089
 VDWAALS =       -1.2446  EEL     =       32.2851  EGB        =      -58.1078
 1-4 VDW =        5.1908  1-4 EEL =     -101.3322  RESTRAINT  =        0.0000


   NSTEP       ENERGY          RMS            GMAX         NAME    NUMBER
     82      -1.2037E+02     1.7347E+00     5.1072E+00     C2          6

 BOND    =        0.4379  ANGLE   =        2.0766  DIHED      =        0.3112
 VDWAALS =       -1.2565  EEL     =       32.2804  EGB        =      -58.0811
 1-4 VDW =        5.2509  1-4 EEL =     -101.3871  RESTRAINT  =        0.0000


   NSTEP       ENERGY          RMS            GMAX         NAME    NUMBER
     83      -1.2038E+02     1.1667E+00     2.9482E+00     C2          6

 BOND    =        0.4467  ANGLE   =        2.0659  DIHED      =        0.3099
 VDWAALS =       -1.2529  EEL     =       32.2818  EGB        =      -58.0892
 1-4 VDW =        5.2325  1-4 EEL =     -101.3705  RESTRAINT  =        0.0000


   NSTEP       ENERGY          RMS            GMAX         NAME    NUMBER
     84      -1.2043E+02     7.7920E-01     2.5745E+00     C           2

 BOND    =        0.3833  ANGLE   =        2.1194  DIHED      =        0.3180
 VDWAALS =       -1.2589  EEL     =       32.2577  EGB        =      -58.0640
 1-4 VDW =        5.2646  1-4 EEL =     -101.4502  RESTRAINT  =        0.0000


   NSTEP       ENERGY          RMS            GMAX         NAME    NUMBER
     85      -1.2043E+02     9.6492E-01     3.8458E+00     C           2

 BOND    =        0.3692  ANGLE   =        2.1444  DIHED      =        0.3210
 VDWAALS =       -1.2609  EEL     =       32.2496  EGB        =      -58.0555
 1-4 VDW =        5.2755  1-4 EEL =     -101.4771  RESTRAINT  =        0.0000


   NSTEP       ENERGY          RMS            GMAX         NAME    NUMBER
     86      -1.2047E+02     8.8260E-01     4.2469E+00     N1          1

 BOND    =        0.4498  ANGLE   =        2.1152  DIHED      =        0.3253
 VDWAALS =       -1.2707  EEL     =       32.2048  EGB        =      -58.0622
 1-4 VDW =        5.2706  1-4 EEL =     -101.5031  RESTRAINT  =        0.0000


   NSTEP       ENERGY          RMS            GMAX         NAME    NUMBER
     87      -1.2047E+02     8.0299E-01     3.7948E+00     N1          1

 BOND    =        0.4407  ANGLE   =        2.1166  DIHED      =        0.3249
 VDWAALS =       -1.2699  EEL     =       32.2086  EGB        =      -58.0616
 1-4 VDW =        5.2710  1-4 EEL =     -101.5008  RESTRAINT  =        0.0000


   NSTEP       ENERGY          RMS            GMAX         NAME    NUMBER
     88      -1.2050E+02     5.3556E-01     1.4958E+00     HN11       13

 BOND    =        0.4550  ANGLE   =        2.0590  DIHED      =        0.3277
 VDWAALS =       -1.2692  EEL     =       32.1875  EGB        =      -57.9861
 1-4 VDW =        5.2533  1-4 EEL =     -101.5315  RESTRAINT  =        0.0000


   NSTEP       ENERGY          RMS            GMAX         NAME    NUMBER
     89      -1.2051E+02     6.8575E-01     1.7705E+00     C6         10

 BOND    =        0.4657  ANGLE   =        2.0397  DIHED      =        0.3297
 VDWAALS =       -1.2688  EEL     =       32.1781  EGB        =      -57.9525
 1-4 VDW =        5.2455  1-4 EEL =     -101.5451  RESTRAINT  =        0.0000


   NSTEP       ENERGY          RMS            GMAX         NAME    NUMBER
     90      -1.2051E+02     1.1867E+00     3.2214E+00     C6         10

 BOND    =        0.4802  ANGLE   =        2.0343  DIHED      =        0.3286
 VDWAALS =       -1.2734  EEL     =       32.1432  EGB        =      -57.9195
 1-4 VDW =        5.2396  1-4 EEL =     -101.5466  RESTRAINT  =        0.0000


   NSTEP       ENERGY          RMS            GMAX         NAME    NUMBER
     91      -1.2052E+02     5.9562E-01     1.4107E+00     C1          5

 BOND    =        0.4656  ANGLE   =        2.0333  DIHED      =        0.3288
 VDWAALS =       -1.2714  EEL     =       32.1585  EGB        =      -57.9340
 1-4 VDW =        5.2421  1-4 EEL =     -101.5459  RESTRAINT  =        0.0000


   NSTEP       ENERGY          RMS            GMAX         NAME    NUMBER
     92      -1.2054E+02     4.5334E-01     1.6000E+00     C6         10

 BOND    =        0.4717  ANGLE   =        2.0454  DIHED      =        0.3242
 VDWAALS =       -1.2751  EEL     =       32.1452  EGB        =      -57.9274
 1-4 VDW =        5.2391  1-4 EEL =     -101.5599  RESTRAINT  =        0.0000


   NSTEP       ENERGY          RMS            GMAX         NAME    NUMBER
     93      -1.2054E+02     5.3514E-01     1.8533E+00     C6         10

 BOND    =        0.4748  ANGLE   =        2.0485  DIHED      =        0.3233
 VDWAALS =       -1.2759  EEL     =       32.1424  EGB        =      -57.9260
 1-4 VDW =        5.2384  1-4 EEL =     -101.5628  RESTRAINT  =        0.0000


   NSTEP       ENERGY          RMS            GMAX         NAME    NUMBER
     94      -1.2055E+02     5.8813E-01     1.5705E+00     C1          5

 BOND    =        0.4861  ANGLE   =        2.0694  DIHED      =        0.3242
 VDWAALS =       -1.2855  EEL     =       32.1354  EGB        =      -57.9203
 1-4 VDW =        5.2226  1-4 EEL =     -101.5802  RESTRAINT  =        0.0000


   NSTEP       ENERGY          RMS            GMAX         NAME    NUMBER
     95      -1.2055E+02     5.5605E-01     1.4498E+00     C1          5

 BOND    =        0.4851  ANGLE   =        2.0681  DIHED      =        0.3241
 VDWAALS =       -1.2850  EEL     =       32.1358  EGB        =      -57.9206
 1-4 VDW =        5.2234  1-4 EEL =     -101.5792  RESTRAINT  =        0.0000


   NSTEP       ENERGY          RMS            GMAX         NAME    NUMBER
     96      -1.2056E+02     4.0654E-01     9.4229E-01     C           2

 BOND    =        0.4855  ANGLE   =        2.0764  DIHED      =        0.3244
 VDWAALS =       -1.2935  EEL     =       32.1378  EGB        =      -57.9129
 1-4 VDW =        5.2208  1-4 EEL =     -101.6033  RESTRAINT  =        0.0000


   NSTEP       ENERGY          RMS            GMAX         NAME    NUMBER
     97      -1.2057E+02     5.9406E-01     1.6749E+00     C           2

 BOND    =        0.4910  ANGLE   =        2.0899  DIHED      =        0.3258
 VDWAALS =       -1.3021  EEL     =       32.1398  EGB        =      -57.9052
 1-4 VDW =        5.2182  1-4 EEL =     -101.6280  RESTRAINT  =        0.0000


   NSTEP       ENERGY          RMS            GMAX         NAME    NUMBER
     98      -1.2058E+02     1.0084E+00     3.2201E+00     C3          7

 BOND    =        0.5158  ANGLE   =        2.0869  DIHED      =        0.3306
 VDWAALS =       -1.3169  EEL     =       32.1460  EGB        =      -57.9097
 1-4 VDW =        5.2594  1-4 EEL =     -101.6938  RESTRAINT  =        0.0000


   NSTEP       ENERGY          RMS            GMAX         NAME    NUMBER
     99      -1.2059E+02     6.3593E-01     1.6809E+00     C3          7

 BOND    =        0.5015  ANGLE   =        2.0866  DIHED      =        0.3287
 VDWAALS =       -1.3119  EEL     =       32.1439  EGB        =      -57.9082
 1-4 VDW =        5.2454  1-4 EEL =     -101.6716  RESTRAINT  =        0.0000


   NSTEP       ENERGY          RMS            GMAX         NAME    NUMBER
    100      -1.2061E+02     5.5060E-01     1.6315E+00     HN12       14

 BOND    =        0.5033  ANGLE   =        2.0862  DIHED      =        0.3344
 VDWAALS =       -1.3235  EEL     =       32.1465  EGB        =      -57.9102
 1-4 VDW =        5.2612  1-4 EEL =     -101.7030  RESTRAINT  =        0.0000


  Maximum number of minimization cycles reached.


                    FINAL RESULTS



   NSTEP       ENERGY          RMS            GMAX         NAME    NUMBER
    100      -1.2061E+02     5.5060E-01     1.6315E+00     HN12       14

 BOND    =        0.5033  ANGLE   =        2.0862  DIHED      =        0.3344
 VDWAALS =       -1.3235  EEL     =       32.1465  EGB        =      -57.9102
 1-4 VDW =        5.2612  1-4 EEL =     -101.7030  RESTRAINT  =        0.0000

--------------------------------------------------------------------------------
   5.  TIMINGS
--------------------------------------------------------------------------------

|    Read coords time           0.00 ( 0.56% of Total)
|    Fast Water setup           0.00 ( 0.02% of Total)
|                Calc gb radii              0.01 (28.21% of Gen B)
|                Calc gb diag               0.01 (41.98% of Gen B)
|                Calc gb off-diag           0.01 (29.37% of Gen B)
|                Other                      0.00 ( 0.44% of Gen B)
|             Gen Born time              0.02 (100.0% of Nonbo)
|             IPS excludes               0.00 ( 0.05% of Nonbo)
|          Nonbond force              0.02 (86.10% of Force)
|          Bond/Angle/Dihedral        0.00 (13.12% of Force)
|          Other                      0.00 ( 0.78% of Force)
|       Force time                 0.02 (100.0% of Runmd)
|    Runmd Time                 0.02 (54.30% of Total)
|    Other                      0.02 (45.12% of Total)
| Total time                 0.05 (99.86% of ALL  )

| Number of list builds   :          0

| Highest rstack allocated:          0
| Highest istack allocated:          0
|           Job began  at 14:47:08.399  on 05/22/2015
|           Setup done at 14:47:08.402  on 05/22/2015
|           Run   done at 14:47:08.445  on 05/22/2015
|     wallclock() was called    1828 times
