
          -------------------------------------------------------
          Amber 14 SANDER                              2014
          -------------------------------------------------------

| Run on 12/05/2014 at 22:16:03

|   Executable path: sander
| Working directory: /net/casegroup2/u2/pjanowsk/Phenix/AmberLibrary/q
|          Hostname: krakow

  [-O]verwriting output

File Assignments:
|  MDIN: sander.in                                                             
| MDOUT: QN2.min.out                                                           
|INPCRD: QN2.rst7                                                              
|  PARM: QN2.prmtop                                                            
|RESTRT: QN2.min.rst7                                                          
|  REFC: refc                                                                  
| MDVEL: mdvel                                                                 
| MDFRC: mdfrc                                                                 
|  MDEN: mden                                                                  
| MDCRD: mdcrd                                                                 
|MDINFO: mdinfo                                                                
|  MTMD: mtmd                                                                  
|INPDIP: inpdip                                                                
|RSTDIP: rstdip                                                                
|INPTRA: inptraj                                                               


 Here is the input file:

  short minimization                                                           
 &cntrl                                                                        
   imin=1, maxcyc=100, ncyc=50, ntpr=1, cut=99., ntb=0,                        
 /                                                                             

--------------------------------------------------------------------------------
   1.  RESOURCE   USE: 
--------------------------------------------------------------------------------

| Flags:                                                                        
|    NONPERIODIC   ntb=0 and igb=0: Setting up nonperiodic simulation
|  *** cutoff > system size, list only builds once
|Largest sphere to fit in unit cell has radius =    35.036
| New format PARM file being parsed.
| Version =    1.000 Date = 12/05/14 Time = 22:16:03
 NATOM  =      72 NTYPES =       9 NBONH =      31 MBONA  =      43
 NTHETH =      68 MTHETA =      55 NPHIH =     133 MPHIA  =      78
 NHPARM =       0 NPARM  =       0 NNB   =     371 NRES   =       1
 NBONA  =      43 NTHETA =      55 NPHIA =      78 NUMBND =      10
 NUMANG =      16 NPTRA  =      10 NATYP =       9 NPHB   =       0
 IFBOX  =       0 NMXRS  =      72 IFCAP =       0 NEXTRA =       0
 NCOPY  =       0


|     Memory Use     Allocated
|     Real                9993
|     Hollerith            219
|     Integer            32475
|     Max Pairs           2556
|     nblistReal           864
|     nblist Int       1211186
|       Total             4953 kbytes

| Note: 1-4 EEL scale factors are being read from the topology file.

| Note: 1-4 VDW scale factors are being read from the topology file.
| Duplicated    0 dihedrals
| Duplicated    0 dihedrals

--------------------------------------------------------------------------------
   2.  CONTROL  DATA  FOR  THE  RUN
--------------------------------------------------------------------------------

QN2                                                                             

General flags:
     imin    =       1, nmropt  =       0

Nature and format of input:
     ntx     =       1, irest   =       0, ntrx    =       1

Nature and format of output:
     ntxo    =       1, ntpr    =       1, ntrx    =       1, ntwr    =     500
     iwrap   =       0, ntwx    =       0, ntwv    =       0, ntwe    =       0
     ioutfm  =       0, ntwprt  =       0, idecomp =       0, rbornstat=      0

Potential function:
     ntf     =       1, ntb     =       0, igb     =       0, nsnb    =      25
     ipol    =       0, gbsa    =       0, iesp    =       0
     dielc   =   1.00000, cut     =  99.00000, intdiel =   1.00000

Frozen or restrained atoms:
     ibelly  =       0, ntr     =       0

Energy minimization:
     maxcyc  =     100, ncyc    =      50, ntmin   =       1
     dx0     =   0.01000, drms    =   0.00010
|  INFO: Old style inpcrd file read


--------------------------------------------------------------------------------
   3.  ATOMIC COORDINATES AND VELOCITIES
--------------------------------------------------------------------------------

QN2                                                                             
 begin time read from input coords =     0.000 ps

 Number of triangulated 3-point waters found:        0

     Sum of charges from parm topology file =   1.99999999

--------------------------------------------------------------------------------
   4.  RESULTS
--------------------------------------------------------------------------------

 ---------------------------------------------------

     eedmeth=4: Setting switch to one everywhere

 ---------------------------------------------------
| Local SIZE OF NONBOND LIST =       2197
| TOTAL SIZE OF NONBOND LIST =       2197


   NSTEP       ENERGY          RMS            GMAX         NAME    NUMBER
      1       3.4916E+02     3.8635E+01     2.1837E+02     N28         8

 BOND    =       74.4101  ANGLE   =       23.6405  DIHED      =       30.3818
 VDWAALS =       76.2581  EEL     =      -97.7109  HBOND      =        0.0000
 1-4 VDW =       17.9819  1-4 EEL =      224.2018  RESTRAINT  =        0.0000


   NSTEP       ENERGY          RMS            GMAX         NAME    NUMBER
      2       3.4635E+02     3.7838E+01     2.1149E+02     N28         8

 BOND    =       73.1836  ANGLE   =       23.5246  DIHED      =       30.3895
 VDWAALS =       74.5483  EEL     =      -97.5126  HBOND      =        0.0000
 1-4 VDW =       17.9995  1-4 EEL =      224.2209  RESTRAINT  =        0.0000


   NSTEP       ENERGY          RMS            GMAX         NAME    NUMBER
      3       3.4306E+02     3.6909E+01     2.0356E+02     N28         8

 BOND    =       71.7188  ANGLE   =       23.3935  DIHED      =       30.3989
 VDWAALS =       72.5618  EEL     =      -97.2789  HBOND      =        0.0000
 1-4 VDW =       18.0209  1-4 EEL =      224.2435  RESTRAINT  =        0.0000


   NSTEP       ENERGY          RMS            GMAX         NAME    NUMBER
      4       3.3921E+02     3.5833E+01     1.9446E+02     N28         8

 BOND    =       69.9721  ANGLE   =       23.2478  DIHED      =       30.4101
 VDWAALS =       70.2672  EEL     =      -97.0042  HBOND      =        0.0000
 1-4 VDW =       18.0469  1-4 EEL =      224.2700  RESTRAINT  =        0.0000


   NSTEP       ENERGY          RMS            GMAX         NAME    NUMBER
      5       3.3474E+02     3.4592E+01     1.8411E+02     N28         8

 BOND    =       67.8938  ANGLE   =       23.0897  DIHED      =       30.4238
 VDWAALS =       67.6351  EEL     =      -96.6827  HBOND      =        0.0000
 1-4 VDW =       18.0787  1-4 EEL =      224.3010  RESTRAINT  =        0.0000


   NSTEP       ENERGY          RMS            GMAX         NAME    NUMBER
      6       3.2958E+02     3.3171E+01     1.7246E+02     N28         8

 BOND    =       65.4275  ANGLE   =       22.9238  DIHED      =       30.4404
 VDWAALS =       64.6395  EEL     =      -96.3082  HBOND      =        0.0000
 1-4 VDW =       18.1176  1-4 EEL =      224.3371  RESTRAINT  =        0.0000


   NSTEP       ENERGY          RMS            GMAX         NAME    NUMBER
      7       3.2366E+02     3.1555E+01     1.5950E+02     N28         8

 BOND    =       62.5120  ANGLE   =       22.7589  DIHED      =       30.4605
 VDWAALS =       61.2609  EEL     =      -95.8745  HBOND      =        0.0000
 1-4 VDW =       18.1652  1-4 EEL =      224.3787  RESTRAINT  =        0.0000


   NSTEP       ENERGY          RMS            GMAX         NAME    NUMBER
      8       3.1694E+02     2.9732E+01     1.4527E+02     N28         8

 BOND    =       59.0827  ANGLE   =       22.6091  DIHED      =       30.4850
 VDWAALS =       57.4891  EEL     =      -95.3756  HBOND      =        0.0000
 1-4 VDW =       18.2239  1-4 EEL =      224.4264  RESTRAINT  =        0.0000


   NSTEP       ENERGY          RMS            GMAX         NAME    NUMBER
      9       3.0938E+02     2.7692E+01     1.3464E+02     C27        22

 BOND    =       55.0768  ANGLE   =       22.4965  DIHED      =       30.5149
 VDWAALS =       53.3266  EEL     =      -94.8064  HBOND      =        0.0000
 1-4 VDW =       18.2961  1-4 EEL =      224.4804  RESTRAINT  =        0.0000


   NSTEP       ENERGY          RMS            GMAX         NAME    NUMBER
     10       3.0100E+02     2.5432E+01     1.2366E+02     C27        22

 BOND    =       50.4403  ANGLE   =       22.4529  DIHED      =       30.5515
 VDWAALS =       48.7913  EEL     =      -94.1632  HBOND      =        0.0000
 1-4 VDW =       18.3852  1-4 EEL =      224.5406  RESTRAINT  =        0.0000


   NSTEP       ENERGY          RMS            GMAX         NAME    NUMBER
     11       2.9183E+02     2.2958E+01     1.1084E+02     C27        22

 BOND    =       45.1410  ANGLE   =       22.5215  DIHED      =       30.5967
 VDWAALS =       43.9187  EEL     =      -93.4447  HBOND      =        0.0000
 1-4 VDW =       18.4950  1-4 EEL =      224.6066  RESTRAINT  =        0.0000


   NSTEP       ENERGY          RMS            GMAX         NAME    NUMBER
     12       2.8201E+02     2.0283E+01     9.6084E+01     C27        22

 BOND    =       39.1883  ANGLE   =       22.7550  DIHED      =       30.6528
 VDWAALS =       38.7637  EEL     =      -92.6534  HBOND      =        0.0000
 1-4 VDW =       18.6297  1-4 EEL =      224.6770  RESTRAINT  =        0.0000


   NSTEP       ENERGY          RMS            GMAX         NAME    NUMBER
     13       2.7174E+02     1.7441E+01     7.9467E+01     C27        22

 BOND    =       32.6626  ANGLE   =       23.2065  DIHED      =       30.7232
 VDWAALS =       33.4008  EEL     =      -91.7971  HBOND      =        0.0000
 1-4 VDW =       18.7929  1-4 EEL =      224.7494  RESTRAINT  =        0.0000


   NSTEP       ENERGY          RMS            GMAX         NAME    NUMBER
     14       2.6132E+02     1.4488E+01     6.1355E+01     C27        22

 BOND    =       25.7589  ANGLE   =       23.9070  DIHED      =       30.8126
 VDWAALS =       27.9236  EEL     =      -90.8918  HBOND      =        0.0000
 1-4 VDW =       18.9859  1-4 EEL =      224.8195  RESTRAINT  =        0.0000


   NSTEP       ENERGY          RMS            GMAX         NAME    NUMBER
     15       2.5115E+02     1.1518E+01     4.3922E+01     O40        28

 BOND    =       18.8406  ANGLE   =       24.8226  DIHED      =       30.9278
 VDWAALS =       22.4447  EEL     =      -89.9647  HBOND      =        0.0000
 1-4 VDW =       19.2017  1-4 EEL =      224.8794  RESTRAINT  =        0.0000


   NSTEP       ENERGY          RMS            GMAX         NAME    NUMBER
     16       2.4171E+02     8.7023E+00     3.5718E+01     S8          7

 BOND    =       12.4738  ANGLE   =       25.8002  DIHED      =       31.0779
 VDWAALS =       17.0926  EEL     =      -89.0568  HBOND      =        0.0000
 1-4 VDW =       19.4128  1-4 EEL =      224.9130  RESTRAINT  =        0.0000


   NSTEP       ENERGY          RMS            GMAX         NAME    NUMBER
     17       2.3337E+02     6.3311E+00     3.2711E+01     S8          7

 BOND    =        7.3442  ANGLE   =       26.5378  DIHED      =       31.2743
 VDWAALS =       12.0130  EEL     =      -88.2188  HBOND      =        0.0000
 1-4 VDW =       19.5432  1-4 EEL =      224.8797  RESTRAINT  =        0.0000


   NSTEP       ENERGY          RMS            GMAX         NAME    NUMBER
     18       2.2610E+02     4.7296E+00     2.4416E+01     S8          7

 BOND    =        3.9721  ANGLE   =       26.5797  DIHED      =       31.5329
 VDWAALS =        7.3747  EEL     =      -87.4746  HBOND      =        0.0000
 1-4 VDW =       19.4365  1-4 EEL =      224.6739  RESTRAINT  =        0.0000


   NSTEP       ENERGY          RMS            GMAX         NAME    NUMBER
     19       2.1929E+02     3.8050E+00     1.9079E+01     S8          7

 BOND    =        2.4324  ANGLE   =       25.2557  DIHED      =       31.8832
 VDWAALS =        3.3386  EEL     =      -86.7433  HBOND      =        0.0000
 1-4 VDW =       19.0006  1-4 EEL =      224.1241  RESTRAINT  =        0.0000


   NSTEP       ENERGY          RMS            GMAX         NAME    NUMBER
     20       2.1276E+02     3.4952E+00     1.7498E+01     S8          7

 BOND    =        1.5545  ANGLE   =       23.1875  DIHED      =       32.3197
 VDWAALS =       -0.2200  EEL     =      -85.9087  HBOND      =        0.0000
 1-4 VDW =       18.5163  1-4 EEL =      223.3093  RESTRAINT  =        0.0000


   NSTEP       ENERGY          RMS            GMAX         NAME    NUMBER
     21       2.1406E+02     1.4818E+01     6.8139E+01     C2         24

 BOND    =        8.5699  ANGLE   =       20.3160  DIHED      =       32.7594
 VDWAALS =       -3.3486  EEL     =      -84.6455  HBOND      =        0.0000
 1-4 VDW =       17.9143  1-4 EEL =      222.4983  RESTRAINT  =        0.0000


   NSTEP       ENERGY          RMS            GMAX         NAME    NUMBER
     22       2.0667E+02     3.7855E+00     1.4361E+01     S8          7

 BOND    =        1.2780  ANGLE   =       20.3105  DIHED      =       32.7300
 VDWAALS =       -3.4540  EEL     =      -84.8456  HBOND      =        0.0000
 1-4 VDW =       18.0518  1-4 EEL =      222.5997  RESTRAINT  =        0.0000


   NSTEP       ENERGY          RMS            GMAX         NAME    NUMBER
     23       2.0974E+02     1.3127E+01     5.9321E+01     C2         24

 BOND    =        6.9538  ANGLE   =       18.4207  DIHED      =       32.9791
 VDWAALS =       -4.2303  EEL     =      -84.5588  HBOND      =        0.0000
 1-4 VDW =       17.7943  1-4 EEL =      222.3771  RESTRAINT  =        0.0000


   NSTEP       ENERGY          RMS            GMAX         NAME    NUMBER
     24       2.0411E+02     3.4100E+00     1.3499E+01     C2         24

 BOND    =        1.8286  ANGLE   =       18.0800  DIHED      =       32.9092
 VDWAALS =       -4.3422  EEL     =      -84.6078  HBOND      =        0.0000
 1-4 VDW =       17.8399  1-4 EEL =      222.3989  RESTRAINT  =        0.0000


   NSTEP       ENERGY          RMS            GMAX         NAME    NUMBER
     25       2.0414E+02     7.0878E+00     3.1651E+01     C18        23

 BOND    =        1.9415  ANGLE   =       18.4779  DIHED      =       32.8592
 VDWAALS =       -4.7892  EEL     =      -84.5364  HBOND      =        0.0000
 1-4 VDW =       17.8396  1-4 EEL =      222.3487  RESTRAINT  =        0.0000


   NSTEP       ENERGY          RMS            GMAX         NAME    NUMBER
     26       2.0236E+02     2.3023E+00     1.1429E+01     O40        28

 BOND    =        1.3502  ANGLE   =       17.3535  DIHED      =       32.9104
 VDWAALS =       -4.8457  EEL     =      -84.4935  HBOND      =        0.0000
 1-4 VDW =       17.7616  1-4 EEL =      222.3186  RESTRAINT  =        0.0000


   NSTEP       ENERGY          RMS            GMAX         NAME    NUMBER
     27       2.0141E+02     2.6725E+00     1.1480E+01     O40        28

 BOND    =        1.6106  ANGLE   =       16.4250  DIHED      =       32.9576
 VDWAALS =       -5.0511  EEL     =      -84.4971  HBOND      =        0.0000
 1-4 VDW =       17.6888  1-4 EEL =      222.2739  RESTRAINT  =        0.0000


   NSTEP       ENERGY          RMS            GMAX         NAME    NUMBER
     28       2.0085E+02     4.4316E+00     1.9127E+01     C18        23

 BOND    =        1.5487  ANGLE   =       16.2968  DIHED      =       32.9045
 VDWAALS =       -5.2857  EEL     =      -84.5319  HBOND      =        0.0000
 1-4 VDW =       17.6737  1-4 EEL =      222.2401  RESTRAINT  =        0.0000


   NSTEP       ENERGY          RMS            GMAX         NAME    NUMBER
     29       2.0077E+02     6.1250E+00     2.7181E+01     C2         24

 BOND    =        2.6714  ANGLE   =       15.2142  DIHED      =       32.9729
 VDWAALS =       -5.3776  EEL     =      -84.4974  HBOND      =        0.0000
 1-4 VDW =       17.5784  1-4 EEL =      222.2037  RESTRAINT  =        0.0000


   NSTEP       ENERGY          RMS            GMAX         NAME    NUMBER
     30       2.0056E+02     6.9467E+00     2.9774E+01     C18        23

 BOND    =        2.1346  ANGLE   =       15.7881  DIHED      =       32.8748
 VDWAALS =       -5.4586  EEL     =      -84.6460  HBOND      =        0.0000
 1-4 VDW =       17.6400  1-4 EEL =      222.2297  RESTRAINT  =        0.0000


   NSTEP       ENERGY          RMS            GMAX         NAME    NUMBER
     31       2.0091E+02     8.7318E+00     3.9188E+01     C2         24

 BOND    =        3.8121  ANGLE   =       14.5726  DIHED      =       32.9532
 VDWAALS =       -5.5533  EEL     =      -84.5529  HBOND      =        0.0000
 1-4 VDW =       17.5142  1-4 EEL =      222.1635  RESTRAINT  =        0.0000


   NSTEP       ENERGY          RMS            GMAX         NAME    NUMBER
     32       1.9830E+02     2.0809E+00     1.1441E+01     O40        28

 BOND    =        1.5355  ANGLE   =       14.3530  DIHED      =       32.8961
 VDWAALS =       -5.5691  EEL     =      -84.6507  HBOND      =        0.0000
 1-4 VDW =       17.5415  1-4 EEL =      222.1940  RESTRAINT  =        0.0000


   NSTEP       ENERGY          RMS            GMAX         NAME    NUMBER
     33       1.9744E+02     3.3752E+00     1.3166E+01     C18        23

 BOND    =        1.5494  ANGLE   =       13.8396  DIHED      =       32.8272
 VDWAALS =       -5.6863  EEL     =      -84.8075  HBOND      =        0.0000
 1-4 VDW =       17.5184  1-4 EEL =      222.1947  RESTRAINT  =        0.0000


   NSTEP       ENERGY          RMS            GMAX         NAME    NUMBER
     34       1.9788E+02     6.9255E+00     3.1064E+01     C2         24

 BOND    =        2.9679  ANGLE   =       13.0673  DIHED      =       32.8420
 VDWAALS =       -5.7821  EEL     =      -84.8193  HBOND      =        0.0000
 1-4 VDW =       17.4401  1-4 EEL =      222.1620  RESTRAINT  =        0.0000


   NSTEP       ENERGY          RMS            GMAX         NAME    NUMBER
     35       1.9626E+02     2.1716E+00     1.1096E+01     O40        28

 BOND    =        1.6119  ANGLE   =       12.9029  DIHED      =       32.7960
 VDWAALS =       -5.7934  EEL     =      -84.8983  HBOND      =        0.0000
 1-4 VDW =       17.4569  1-4 EEL =      222.1848  RESTRAINT  =        0.0000


   NSTEP       ENERGY          RMS            GMAX         NAME    NUMBER
     36       1.9574E+02     3.1000E+00     1.1800E+01     C18        23

 BOND    =        1.5825  ANGLE   =       12.6705  DIHED      =       32.7253
 VDWAALS =       -5.8617  EEL     =      -85.0339  HBOND      =        0.0000
 1-4 VDW =       17.4555  1-4 EEL =      222.2008  RESTRAINT  =        0.0000


   NSTEP       ENERGY          RMS            GMAX         NAME    NUMBER
     37       1.9554E+02     4.5241E+00     1.9749E+01     C2         24

 BOND    =        2.1636  ANGLE   =       12.0662  DIHED      =       32.7219
 VDWAALS =       -5.9374  EEL     =      -85.0554  HBOND      =        0.0000
 1-4 VDW =       17.4029  1-4 EEL =      222.1822  RESTRAINT  =        0.0000


   NSTEP       ENERGY          RMS            GMAX         NAME    NUMBER
     38       1.9532E+02     5.1969E+00     2.1647E+01     C18        23

 BOND    =        1.9533  ANGLE   =       12.2588  DIHED      =       32.6323
 VDWAALS =       -5.9768  EEL     =      -85.2123  HBOND      =        0.0000
 1-4 VDW =       17.4412  1-4 EEL =      222.2231  RESTRAINT  =        0.0000


   NSTEP       ENERGY          RMS            GMAX         NAME    NUMBER
     39       1.9536E+02     6.4674E+00     2.8764E+01     C2         24

 BOND    =        2.7929  ANGLE   =       11.5931  DIHED      =       32.6549
 VDWAALS =       -6.0600  EEL     =      -85.1751  HBOND      =        0.0000
 1-4 VDW =       17.3706  1-4 EEL =      222.1828  RESTRAINT  =        0.0000


   NSTEP       ENERGY          RMS            GMAX         NAME    NUMBER
     40       1.9390E+02     1.7867E+00     1.0621E+01     O11        21

 BOND    =        1.5988  ANGLE   =       11.4316  DIHED      =       32.6057
 VDWAALS =       -6.0751  EEL     =      -85.2587  HBOND      =        0.0000
 1-4 VDW =       17.3879  1-4 EEL =      222.2102  RESTRAINT  =        0.0000


   NSTEP       ENERGY          RMS            GMAX         NAME    NUMBER
     41       1.9322E+02     2.2980E+00     1.0528E+01     O11        21

 BOND    =        1.5934  ANGLE   =       11.0807  DIHED      =       32.5210
 VDWAALS =       -6.1846  EEL     =      -85.3998  HBOND      =        0.0000
 1-4 VDW =       17.3787  1-4 EEL =      222.2291  RESTRAINT  =        0.0000


   NSTEP       ENERGY          RMS            GMAX         NAME    NUMBER
     42       1.9307E+02     4.5859E+00     2.0173E+01     C2         24

 BOND    =        2.2113  ANGLE   =       10.5930  DIHED      =       32.4823
 VDWAALS =       -6.3186  EEL     =      -85.4447  HBOND      =        0.0000
 1-4 VDW =       17.3354  1-4 EEL =      222.2163  RESTRAINT  =        0.0000


   NSTEP       ENERGY          RMS            GMAX         NAME    NUMBER
     43       1.9300E+02     5.4922E+00     2.3061E+01     C18        23

 BOND    =        2.1286  ANGLE   =       10.8177  DIHED      =       32.3873
 VDWAALS =       -6.3789  EEL     =      -85.5956  HBOND      =        0.0000
 1-4 VDW =       17.3761  1-4 EEL =      222.2613  RESTRAINT  =        0.0000


   NSTEP       ENERGY          RMS            GMAX         NAME    NUMBER
     44       1.9309E+02     6.6535E+00     2.9688E+01     C2         24

 BOND    =        2.8763  ANGLE   =       10.3001  DIHED      =       32.4049
 VDWAALS =       -6.4864  EEL     =      -85.5360  HBOND      =        0.0000
 1-4 VDW =       17.3125  1-4 EEL =      222.2180  RESTRAINT  =        0.0000


   NSTEP       ENERGY          RMS            GMAX         NAME    NUMBER
     45       1.9156E+02     1.6449E+00     9.8064E+00     O11        21

 BOND    =        1.6452  ANGLE   =       10.1111  DIHED      =       32.3543
 VDWAALS =       -6.5096  EEL     =      -85.6160  HBOND      =        0.0000
 1-4 VDW =       17.3290  1-4 EEL =      222.2462  RESTRAINT  =        0.0000


   NSTEP       ENERGY          RMS            GMAX         NAME    NUMBER
     46       1.9094E+02     2.3251E+00     9.6449E+00     O11        21

 BOND    =        1.6654  ANGLE   =        9.8505  DIHED      =       32.2524
 VDWAALS =       -6.6770  EEL     =      -85.7422  HBOND      =        0.0000
 1-4 VDW =       17.3245  1-4 EEL =      222.2658  RESTRAINT  =        0.0000


   NSTEP       ENERGY          RMS            GMAX         NAME    NUMBER
     47       1.9107E+02     5.1406E+00     2.3034E+01     C2         24

 BOND    =        2.4015  ANGLE   =        9.5286  DIHED      =       32.2090
 VDWAALS =       -6.8509  EEL     =      -85.7516  HBOND      =        0.0000
 1-4 VDW =       17.2854  1-4 EEL =      222.2472  RESTRAINT  =        0.0000


   NSTEP       ENERGY          RMS            GMAX         NAME    NUMBER
     48       1.9016E+02     1.6255E+00     9.1620E+00     O11        21

 BOND    =        1.6876  ANGLE   =        9.4243  DIHED      =       32.1694
 VDWAALS =       -6.8795  EEL     =      -85.8091  HBOND      =        0.0000
 1-4 VDW =       17.2974  1-4 EEL =      222.2664  RESTRAINT  =        0.0000


   NSTEP       ENERGY          RMS            GMAX         NAME    NUMBER
     49       1.8976E+02     2.1286E+00     9.1039E+00     O11        21

 BOND    =        1.6866  ANGLE   =        9.3103  DIHED      =       32.0907
 VDWAALS =       -7.0158  EEL     =      -85.8905  HBOND      =        0.0000
 1-4 VDW =       17.2991  1-4 EEL =      222.2811  RESTRAINT  =        0.0000


   NSTEP       ENERGY          RMS            GMAX         NAME    NUMBER
     50       1.8960E+02     3.4193E+00     1.4863E+01     C2         24

 BOND    =        2.0028  ANGLE   =        9.0552  DIHED      =       32.0521
 VDWAALS =       -7.1579  EEL     =      -85.8926  HBOND      =        0.0000
 1-4 VDW =       17.2712  1-4 EEL =      222.2675  RESTRAINT  =        0.0000


   NSTEP       ENERGY          RMS            GMAX         NAME    NUMBER
     51       1.8947E+02     4.0690E+00     1.7010E+01     C18        23

 BOND    =        1.9527  ANGLE   =        9.1887  DIHED      =       31.9721
 VDWAALS =       -7.2437  EEL     =      -85.9948  HBOND      =        0.0000
 1-4 VDW =       17.2988  1-4 EEL =      222.2988  RESTRAINT  =        0.0000


   NSTEP       ENERGY          RMS            GMAX         NAME    NUMBER
     52       1.8887E+02     1.4188E+00     8.6029E+00     O11        21

 BOND    =        1.6810  ANGLE   =        8.9258  DIHED      =       31.9699
 VDWAALS =       -7.2920  EEL     =      -85.9734  HBOND      =        0.0000
 1-4 VDW =       17.2772  1-4 EEL =      222.2859  RESTRAINT  =        0.0000


   NSTEP       ENERGY          RMS            GMAX         NAME    NUMBER
     53       1.8885E+02     1.4596E+00     8.5198E+00     O11        21

 BOND    =        1.7064  ANGLE   =        8.8911  DIHED      =       31.9694
 VDWAALS =       -7.3038  EEL     =      -85.9682  HBOND      =        0.0000
 1-4 VDW =       17.2728  1-4 EEL =      222.2828  RESTRAINT  =        0.0000


   NSTEP       ENERGY          RMS            GMAX         NAME    NUMBER
     54       1.8869E+02     1.4462E+00     8.4287E+00     O11        21

 BOND    =        1.7101  ANGLE   =        8.8290  DIHED      =       31.9422
 VDWAALS =       -7.3630  EEL     =      -85.9863  HBOND      =        0.0000
 1-4 VDW =       17.2698  1-4 EEL =      222.2847  RESTRAINT  =        0.0000


   NSTEP       ENERGY          RMS            GMAX         NAME    NUMBER
     55       1.8725E+02     1.3355E+00     7.1245E+00     O11        21

 BOND    =        1.7528  ANGLE   =        8.3001  DIHED      =       31.6942
 VDWAALS =       -7.8894  EEL     =      -86.1547  HBOND      =        0.0000
 1-4 VDW =       17.2422  1-4 EEL =      222.3015  RESTRAINT  =        0.0000


   NSTEP       ENERGY          RMS            GMAX         NAME    NUMBER
     56       1.8526E+02     7.8584E+00     8.6265E+01     S9         20

 BOND    =        5.2407  ANGLE   =       10.0667  DIHED      =       29.7516
 VDWAALS =      -11.3773  EEL     =      -87.7625  HBOND      =        0.0000
 1-4 VDW =       16.9789  1-4 EEL =      222.3633  RESTRAINT  =        0.0000


   NSTEP       ENERGY          RMS            GMAX         NAME    NUMBER
     57       1.8276E+02     3.6737E+00     3.8816E+01     S9         20

 BOND    =        2.7459  ANGLE   =        7.6477  DIHED      =       30.3984
 VDWAALS =      -10.3118  EEL     =      -87.1577  HBOND      =        0.0000
 1-4 VDW =       17.0798  1-4 EEL =      222.3602  RESTRAINT  =        0.0000


   NSTEP       ENERGY          RMS            GMAX         NAME    NUMBER
     58       1.9204E+02     1.4874E+01     7.3943E+01     S9         20

 BOND    =       12.6607  ANGLE   =       11.2710  DIHED      =       28.9581
 VDWAALS =      -15.2788  EEL     =      -84.7868  HBOND      =        0.0000
 1-4 VDW =       17.0750  1-4 EEL =      222.1408  RESTRAINT  =        0.0000


   NSTEP       ENERGY          RMS            GMAX         NAME    NUMBER
     59       1.8151E+02     2.4520E+00     1.0268E+01     C27        22

 BOND    =        2.5206  ANGLE   =        8.1255  DIHED      =       29.9648
 VDWAALS =      -12.0026  EEL     =      -86.4864  HBOND      =        0.0000
 1-4 VDW =       17.0675  1-4 EEL =      222.3162  RESTRAINT  =        0.0000


   NSTEP       ENERGY          RMS            GMAX         NAME    NUMBER
     60       1.8112E+02     2.6969E+00     1.2308E+01     O40        28

 BOND    =        2.6302  ANGLE   =        8.1640  DIHED      =       29.6952
 VDWAALS =      -13.0725  EEL     =      -85.7684  HBOND      =        0.0000
 1-4 VDW =       17.0723  1-4 EEL =      222.3971  RESTRAINT  =        0.0000


   NSTEP       ENERGY          RMS            GMAX         NAME    NUMBER
     61       1.8107E+02     1.9300E+00     1.1749E+01     S9         20

 BOND    =        2.4901  ANGLE   =        8.1408  DIHED      =       29.7593
 VDWAALS =      -12.8234  EEL     =      -85.9444  HBOND      =        0.0000
 1-4 VDW =       17.0708  1-4 EEL =      222.3772  RESTRAINT  =        0.0000


   NSTEP       ENERGY          RMS            GMAX         NAME    NUMBER
     62       1.8060E+02     1.4046E+00     9.1503E+00     O40        28

 BOND    =        2.2885  ANGLE   =        8.2389  DIHED      =       29.5781
 VDWAALS =      -13.3908  EEL     =      -85.6172  HBOND      =        0.0000
 1-4 VDW =       17.0848  1-4 EEL =      222.4214  RESTRAINT  =        0.0000


   NSTEP       ENERGY          RMS            GMAX         NAME    NUMBER
     63       1.8023E+02     2.0114E+00     1.4058E+01     C27        22

 BOND    =        2.1993  ANGLE   =        8.4936  DIHED      =       29.2593
 VDWAALS =      -14.3513  EEL     =      -84.9843  HBOND      =        0.0000
 1-4 VDW =       17.1128  1-4 EEL =      222.5050  RESTRAINT  =        0.0000


   NSTEP       ENERGY          RMS            GMAX         NAME    NUMBER
     64       1.8047E+02     4.5328E+00     1.9081E+01     O40        28

 BOND    =        2.7385  ANGLE   =        9.1407  DIHED      =       28.7712
 VDWAALS =      -15.2900  EEL     =      -84.7018  HBOND      =        0.0000
 1-4 VDW =       17.4015  1-4 EEL =      222.4078  RESTRAINT  =        0.0000


   NSTEP       ENERGY          RMS            GMAX         NAME    NUMBER
     65       1.7987E+02     1.6446E+00     1.0367E+01     S9         20

 BOND    =        2.1244  ANGLE   =        8.6661  DIHED      =       29.0305
 VDWAALS =      -14.7931  EEL     =      -84.8581  HBOND      =        0.0000
 1-4 VDW =       17.2346  1-4 EEL =      222.4631  RESTRAINT  =        0.0000


   NSTEP       ENERGY          RMS            GMAX         NAME    NUMBER
     66       1.7962E+02     1.3452E+00     7.2674E+00     O40        28

 BOND    =        2.1465  ANGLE   =        8.6081  DIHED      =       28.9123
 VDWAALS =      -14.9152  EEL     =      -84.8188  HBOND      =        0.0000
 1-4 VDW =       17.2817  1-4 EEL =      222.4011  RESTRAINT  =        0.0000


   NSTEP       ENERGY          RMS            GMAX         NAME    NUMBER
     67       1.7961E+02     1.4654E+00     7.9504E+00     C2         24

 BOND    =        2.1672  ANGLE   =        8.6085  DIHED      =       28.8995
 VDWAALS =      -14.9292  EEL     =      -84.8143  HBOND      =        0.0000
 1-4 VDW =       17.2875  1-4 EEL =      222.3938  RESTRAINT  =        0.0000


   NSTEP       ENERGY          RMS            GMAX         NAME    NUMBER
     68       1.7940E+02     1.1627E+00     5.7558E+00     O11        21

 BOND    =        2.1267  ANGLE   =        8.4198  DIHED      =       28.8463
 VDWAALS =      -14.8882  EEL     =      -84.7583  HBOND      =        0.0000
 1-4 VDW =       17.2251  1-4 EEL =      222.4314  RESTRAINT  =        0.0000


   NSTEP       ENERGY          RMS            GMAX         NAME    NUMBER
     69       1.7940E+02     1.2291E+00     6.4430E+00     S9         20

 BOND    =        2.1318  ANGLE   =        8.4111  DIHED      =       28.8432
 VDWAALS =      -14.8851  EEL     =      -84.7540  HBOND      =        0.0000
 1-4 VDW =       17.2206  1-4 EEL =      222.4342  RESTRAINT  =        0.0000


   NSTEP       ENERGY          RMS            GMAX         NAME    NUMBER
     70       1.7918E+02     9.4115E-01     4.3347E+00     S9         20

 BOND    =        2.1032  ANGLE   =        8.2684  DIHED      =       28.8051
 VDWAALS =      -14.7725  EEL     =      -84.8229  HBOND      =        0.0000
 1-4 VDW =       17.1578  1-4 EEL =      222.4382  RESTRAINT  =        0.0000


   NSTEP       ENERGY          RMS            GMAX         NAME    NUMBER
     71       1.7913E+02     1.3093E+00     7.0874E+00     S9         20

 BOND    =        2.1517  ANGLE   =        8.1979  DIHED      =       28.7882
 VDWAALS =      -14.6934  EEL     =      -84.8680  HBOND      =        0.0000
 1-4 VDW =       17.1174  1-4 EEL =      222.4404  RESTRAINT  =        0.0000


   NSTEP       ENERGY          RMS            GMAX         NAME    NUMBER
     72       1.7888E+02     1.6755E+00     6.3955E+00     S9         20

 BOND    =        2.2029  ANGLE   =        7.9180  DIHED      =       28.6957
 VDWAALS =      -14.3925  EEL     =      -85.0310  HBOND      =        0.0000
 1-4 VDW =       17.1306  1-4 EEL =      222.3531  RESTRAINT  =        0.0000


   NSTEP       ENERGY          RMS            GMAX         NAME    NUMBER
     73       1.7888E+02     1.6005E+00     6.4292E+00     S9         20

 BOND    =        2.1921  ANGLE   =        7.9286  DIHED      =       28.6989
 VDWAALS =      -14.4063  EEL     =      -85.0239  HBOND      =        0.0000
 1-4 VDW =       17.1299  1-4 EEL =      222.3570  RESTRAINT  =        0.0000


   NSTEP       ENERGY          RMS            GMAX         NAME    NUMBER
     74       1.7852E+02     1.3107E+00     5.8984E+00     C5         26

 BOND    =        2.2288  ANGLE   =        7.7160  DIHED      =       28.5417
 VDWAALS =      -14.1733  EEL     =      -85.1627  HBOND      =        0.0000
 1-4 VDW =       17.1110  1-4 EEL =      222.2628  RESTRAINT  =        0.0000


   NSTEP       ENERGY          RMS            GMAX         NAME    NUMBER
     75       1.7847E+02     1.8483E+00     7.3599E+00     H6         57

 BOND    =        2.3360  ANGLE   =        7.6326  DIHED      =       28.4682
 VDWAALS =      -14.0341  EEL     =      -85.2401  HBOND      =        0.0000
 1-4 VDW =       17.1010  1-4 EEL =      222.2095  RESTRAINT  =        0.0000


   NSTEP       ENERGY          RMS            GMAX         NAME    NUMBER
     76       1.7843E+02     1.6336E+00     6.8024E+00     H6         57

 BOND    =        2.3077  ANGLE   =        7.6264  DIHED      =       28.4654
 VDWAALS =      -14.0304  EEL     =      -85.2454  HBOND      =        0.0000
 1-4 VDW =       17.0967  1-4 EEL =      222.2106  RESTRAINT  =        0.0000


   NSTEP       ENERGY          RMS            GMAX         NAME    NUMBER
     77       1.7839E+02     1.4056E+00     6.1136E+00     H6         57

 BOND    =        2.2792  ANGLE   =        7.6193  DIHED      =       28.4617
 VDWAALS =      -14.0261  EEL     =      -85.2516  HBOND      =        0.0000
 1-4 VDW =       17.0922  1-4 EEL =      222.2121  RESTRAINT  =        0.0000


   NSTEP       ENERGY          RMS            GMAX         NAME    NUMBER
     78       1.7834E+02     1.1806E+00     5.2674E+00     H6         57

 BOND    =        2.2519  ANGLE   =        7.6109  DIHED      =       28.4565
 VDWAALS =      -14.0213  EEL     =      -85.2584  HBOND      =        0.0000
 1-4 VDW =       17.0881  1-4 EEL =      222.2142  RESTRAINT  =        0.0000


   NSTEP       ENERGY          RMS            GMAX         NAME    NUMBER
     79       1.7830E+02     9.8260E-01     4.2535E+00     H6         57

 BOND    =        2.2266  ANGLE   =        7.6000  DIHED      =       28.4493
 VDWAALS =      -14.0163  EEL     =      -85.2649  HBOND      =        0.0000
 1-4 VDW =       17.0853  1-4 EEL =      222.2170  RESTRAINT  =        0.0000


   NSTEP       ENERGY          RMS            GMAX         NAME    NUMBER
     80       1.7910E+02     4.4754E+00     1.8771E+01     H6         57

 BOND    =        3.1517  ANGLE   =        7.5398  DIHED      =       28.2982
 VDWAALS =      -13.9397  EEL     =      -85.3419  HBOND      =        0.0000
 1-4 VDW =       17.1058  1-4 EEL =      222.2840  RESTRAINT  =        0.0000


   NSTEP       ENERGY          RMS            GMAX         NAME    NUMBER
     81       1.7816E+02     1.0182E+00     3.8172E+00     O40        28

 BOND    =        2.1868  ANGLE   =        7.5313  DIHED      =       28.3963
 VDWAALS =      -13.9950  EEL     =      -85.2868  HBOND      =        0.0000
 1-4 VDW =       17.0899  1-4 EEL =      222.2359  RESTRAINT  =        0.0000


   NSTEP       ENERGY          RMS            GMAX         NAME    NUMBER
     82       1.7809E+02     1.4344E+00     5.7437E+00     C2         24

 BOND    =        2.1302  ANGLE   =        7.4116  DIHED      =       28.3152
 VDWAALS =      -14.0595  EEL     =      -85.1598  HBOND      =        0.0000
 1-4 VDW =       17.2149  1-4 EEL =      222.2364  RESTRAINT  =        0.0000


   NSTEP       ENERGY          RMS            GMAX         NAME    NUMBER
     83       1.7807E+02     8.8996E-01     3.7341E+00     H6         57

 BOND    =        2.1164  ANGLE   =        7.4407  DIHED      =       28.3400
 VDWAALS =      -14.0380  EEL     =      -85.2024  HBOND      =        0.0000
 1-4 VDW =       17.1726  1-4 EEL =      222.2363  RESTRAINT  =        0.0000


   NSTEP       ENERGY          RMS            GMAX         NAME    NUMBER
     84       1.7797E+02     6.8987E-01     2.6711E+00     C27        22

 BOND    =        2.0379  ANGLE   =        7.3651  DIHED      =       28.2846
 VDWAALS =      -14.1216  EEL     =      -85.0539  HBOND      =        0.0000
 1-4 VDW =       17.2473  1-4 EEL =      222.2059  RESTRAINT  =        0.0000


   NSTEP       ENERGY          RMS            GMAX         NAME    NUMBER
     85       1.7795E+02     9.8143E-01     4.5585E+00     C27        22

 BOND    =        2.0167  ANGLE   =        7.3263  DIHED      =       28.2537
 VDWAALS =      -14.1750  EEL     =      -84.9575  HBOND      =        0.0000
 1-4 VDW =       17.2967  1-4 EEL =      222.1861  RESTRAINT  =        0.0000


   NSTEP       ENERGY          RMS            GMAX         NAME    NUMBER
     86       1.7779E+02     8.1876E-01     3.6004E+00     S9         20

 BOND    =        1.9915  ANGLE   =        7.2468  DIHED      =       28.1646
 VDWAALS =      -14.2405  EEL     =      -84.8653  HBOND      =        0.0000
 1-4 VDW =       17.2887  1-4 EEL =      222.2041  RESTRAINT  =        0.0000


   NSTEP       ENERGY          RMS            GMAX         NAME    NUMBER
     87       1.7777E+02     1.1059E+00     4.7755E+00     C2         24

 BOND    =        2.0097  ANGLE   =        7.2272  DIHED      =       28.1311
 VDWAALS =      -14.2698  EEL     =      -84.8228  HBOND      =        0.0000
 1-4 VDW =       17.2851  1-4 EEL =      222.2124  RESTRAINT  =        0.0000


   NSTEP       ENERGY          RMS            GMAX         NAME    NUMBER
     88       1.7762E+02     1.4549E+00     9.4400E+00     S9         20

 BOND    =        2.1069  ANGLE   =        7.1205  DIHED      =       28.0080
 VDWAALS =      -14.2098  EEL     =      -84.9033  HBOND      =        0.0000
 1-4 VDW =       17.2713  1-4 EEL =      222.2217  RESTRAINT  =        0.0000


   NSTEP       ENERGY          RMS            GMAX         NAME    NUMBER
     89       1.7761E+02     1.3173E+00     8.8690E+00     S9         20

 BOND    =        2.0857  ANGLE   =        7.1277  DIHED      =       28.0183
 VDWAALS =      -14.2155  EEL     =      -84.8959  HBOND      =        0.0000
 1-4 VDW =       17.2725  1-4 EEL =      222.2208  RESTRAINT  =        0.0000


   NSTEP       ENERGY          RMS            GMAX         NAME    NUMBER
     90       1.7737E+02     1.0533E+00     5.4310E+00     S9         20

 BOND    =        2.1787  ANGLE   =        6.9955  DIHED      =       27.8803
 VDWAALS =      -14.0989  EEL     =      -85.0603  HBOND      =        0.0000
 1-4 VDW =       17.2700  1-4 EEL =      222.2066  RESTRAINT  =        0.0000


   NSTEP       ENERGY          RMS            GMAX         NAME    NUMBER
     91       1.7729E+02     1.6418E+00     1.0659E+01     C5         26

 BOND    =        2.3864  ANGLE   =        6.8961  DIHED      =       27.7492
 VDWAALS =      -13.9732  EEL     =      -85.2292  HBOND      =        0.0000
 1-4 VDW =       17.2677  1-4 EEL =      222.1915  RESTRAINT  =        0.0000


   NSTEP       ENERGY          RMS            GMAX         NAME    NUMBER
     92       1.7696E+02     1.3827E+00     9.0270E+00     S9         20

 BOND    =        2.7030  ANGLE   =        6.8506  DIHED      =       27.4447
 VDWAALS =      -13.7848  EEL     =      -85.6028  HBOND      =        0.0000
 1-4 VDW =       17.1278  1-4 EEL =      222.2211  RESTRAINT  =        0.0000


   NSTEP       ENERGY          RMS            GMAX         NAME    NUMBER
     93       1.7696E+02     1.3906E+00     9.0903E+00     S9         20

 BOND    =        2.7061  ANGLE   =        6.8509  DIHED      =       27.4430
 VDWAALS =      -13.7836  EEL     =      -85.6049  HBOND      =        0.0000
 1-4 VDW =       17.1270  1-4 EEL =      222.2213  RESTRAINT  =        0.0000


   NSTEP       ENERGY          RMS            GMAX         NAME    NUMBER
     94       1.7663E+02     1.3563E+00     8.9149E+00     S9         20

 BOND    =        2.8562  ANGLE   =        6.6948  DIHED      =       27.1609
 VDWAALS =      -13.7464  EEL     =      -85.7713  HBOND      =        0.0000
 1-4 VDW =       17.0828  1-4 EEL =      222.3504  RESTRAINT  =        0.0000


   NSTEP       ENERGY          RMS            GMAX         NAME    NUMBER
     95       1.7657E+02     2.0296E+00     1.3783E+01     C18        23

 BOND    =        3.0627  ANGLE   =        6.6240  DIHED      =       26.9903
 VDWAALS =      -13.7179  EEL     =      -85.8771  HBOND      =        0.0000
 1-4 VDW =       17.0543  1-4 EEL =      222.4319  RESTRAINT  =        0.0000


   NSTEP       ENERGY          RMS            GMAX         NAME    NUMBER
     96       1.7593E+02     1.5422E+00     7.9961E+00     C18        23

 BOND    =        2.9348  ANGLE   =        6.5080  DIHED      =       26.5475
 VDWAALS =      -13.8130  EEL     =      -85.9685  HBOND      =        0.0000
 1-4 VDW =       17.1596  1-4 EEL =      222.5665  RESTRAINT  =        0.0000


   NSTEP       ENERGY          RMS            GMAX         NAME    NUMBER
     97       1.7559E+02     2.2328E+00     1.3607E+01     C27        22

 BOND    =        3.0594  ANGLE   =        6.4645  DIHED      =       25.9914
 VDWAALS =      -13.9029  EEL     =      -86.0949  HBOND      =        0.0000
 1-4 VDW =       17.3102  1-4 EEL =      222.7611  RESTRAINT  =        0.0000


   NSTEP       ENERGY          RMS            GMAX         NAME    NUMBER
     98       1.7524E+02     2.6648E+00     1.1733E+01     S9         20

 BOND    =        2.9386  ANGLE   =        6.3175  DIHED      =       25.1643
 VDWAALS =      -14.3840  EEL     =      -85.3656  HBOND      =        0.0000
 1-4 VDW =       17.2992  1-4 EEL =      223.2695  RESTRAINT  =        0.0000


   NSTEP       ENERGY          RMS            GMAX         NAME    NUMBER
     99       1.7499E+02     1.4638E+00     5.9101E+00     C6         25

 BOND    =        2.7298  ANGLE   =        6.3065  DIHED      =       25.4644
 VDWAALS =      -14.2264  EEL     =      -85.6624  HBOND      =        0.0000
 1-4 VDW =       17.3072  1-4 EEL =      223.0725  RESTRAINT  =        0.0000


   NSTEP       ENERGY          RMS            GMAX         NAME    NUMBER
    100       1.7477E+02     1.8441E+00     1.1319E+01     C2         24

 BOND    =        2.6177  ANGLE   =        6.3143  DIHED      =       25.1759
 VDWAALS =      -14.1822  EEL     =      -85.6237  HBOND      =        0.0000
 1-4 VDW =       17.3331  1-4 EEL =      223.1392  RESTRAINT  =        0.0000


  Maximum number of minimization cycles reached.


                    FINAL RESULTS



   NSTEP       ENERGY          RMS            GMAX         NAME    NUMBER
    100       1.7477E+02     1.8441E+00     1.1319E+01     C2         24

 BOND    =        2.6177  ANGLE   =        6.3143  DIHED      =       25.1759
 VDWAALS =      -14.1822  EEL     =      -85.6237  HBOND      =        0.0000
 1-4 VDW =       17.3331  1-4 EEL =      223.1392  RESTRAINT  =        0.0000

--------------------------------------------------------------------------------
   5.  TIMINGS
--------------------------------------------------------------------------------

|    Read coords time           0.00 ( 0.87% of Total)
|                Build the list             0.00 (83.76% of List )
|                Other                      0.00 (16.24% of List )
|             List time                  0.00 ( 1.61% of Nonbo)
|                   Short_ene time             0.05 (98.91% of Direc)
|                   Other                      0.00 ( 1.09% of Direc)
|                Direct Ewald time          0.05 (94.30% of Ewald)
|                Force Adjust               0.00 ( 0.10% of Ewald)
|                Virial junk                0.00 ( 0.20% of Ewald)
|                Start synchronizatio       0.00 ( 0.17% of Ewald)
|                Other                      0.00 ( 5.24% of Ewald)
|             Ewald time                 0.05 (98.00% of Nonbo)
|             IPS excludes               0.00 ( 0.08% of Nonbo)
|             Other                      0.00 ( 0.31% of Nonbo)
|          Nonbond force              0.05 (67.87% of Force)
|          Bond/Angle/Dihedral        0.02 (31.18% of Force)
|          Other                      0.00 ( 0.95% of Force)
|       Force time                 0.08 (100.0% of Runmd)
|    Runmd Time                 0.08 (21.37% of Total)
|    Other                      0.28 (77.76% of Total)
| Total time                 0.35 (100.0% of ALL  )

| Number of list builds   :          1

| Highest rstack allocated:        320
| Highest istack allocated:         64
|           Job began  at 22:16:03.069  on 12/05/2014
|           Setup done at 22:16:03.094  on 12/05/2014
|           Run   done at 22:16:03.423  on 12/05/2014
|     wallclock() was called    2335 times
