
          -------------------------------------------------------
          Amber 14 SANDER                              2014
          -------------------------------------------------------

| Run on 02/05/2016 at 00:02:54

|   Executable path: sander
| Working directory: /gpfs/gpfs/project1/dacase-001/haichit/phenix_amber/run_amber_library/amber_library/c
|          Hostname: e1c056

  [-O]verwriting output

File Assignments:
|  MDIN: C11_sander.in                                                         
| MDOUT: C11.min_igb.out                                                       
|INPCRD: C11.rst7                                                              
|  PARM: C11.prmtop                                                            
|RESTRT: C11.min_igb.rst7                                                      
|  REFC: refc                                                                  
| MDVEL: mdvel                                                                 
| MDFRC: mdfrc                                                                 
|  MDEN: mden                                                                  
| MDCRD: mdcrd                                                                 
|MDINFO: mdinfo                                                                
|  MTMD: mtmd                                                                  
|INPDIP: inpdip                                                                
|RSTDIP: rstdip                                                                
|INPTRA: inptraj                                                               


 Here is the input file:

  short minimization                                                           
 &cntrl                                                                        
   imin=1, maxcyc=100, ncyc=50, ntpr=1, cut=99., ntb=0, igb=2                  
 /                                                                             

--------------------------------------------------------------------------------
   1.  RESOURCE   USE: 
--------------------------------------------------------------------------------

| Flags:                                                                        
| New format PARM file being parsed.
| Version =    1.000 Date = 02/05/16 Time = 00:02:54
 NATOM  =      51 NTYPES =       7 NBONH =      33 MBONA  =      17
 NTHETH =      80 MTHETA =      17 NPHIH =     118 MPHIA  =      36
 NHPARM =       0 NPARM  =       0 NNB   =     282 NRES   =       1
 NBONA  =      17 NTHETA =      17 NPHIA =      36 NUMBND =       8
 NUMANG =      16 NPTRA  =      14 NATYP =       7 NPHB   =       0
 IFBOX  =       0 NMXRS  =      51 IFCAP =       0 NEXTRA =       0
 NCOPY  =       0

 Implicit solvent radii are modified Bondi radii (mbondi)                                                   

|     Memory Use     Allocated
|     Real                7538
|     Hollerith            156
|     Integer            22538
|     Max Pairs              1
|     nblistReal             0
|     nblist Int             0
|       Total              147 kbytes

| Note: 1-4 EEL scale factors are being read from the topology file.

| Note: 1-4 VDW scale factors are being read from the topology file.
| Duplicated    0 dihedrals
| Duplicated    0 dihedrals

--------------------------------------------------------------------------------
   2.  CONTROL  DATA  FOR  THE  RUN
--------------------------------------------------------------------------------

C11                                                                             

General flags:
     imin    =       1, nmropt  =       0

Nature and format of input:
     ntx     =       1, irest   =       0, ntrx    =       1

Nature and format of output:
     ntxo    =       1, ntpr    =       1, ntrx    =       1, ntwr    =       1
     iwrap   =       0, ntwx    =       0, ntwv    =       0, ntwe    =       0
     ioutfm  =       0, ntwprt  =       0, idecomp =       0, rbornstat=      0

Potential function:
     ntf     =       1, ntb     =       0, igb     =       2, nsnb    =      25
     ipol    =       0, gbsa    =       0, iesp    =       0
     dielc   =   1.00000, cut     =  99.00000, intdiel =   1.00000
     saltcon =   0.00000, offset  =   0.09000, gbalpha=    0.80000
     gbbeta  =   0.00000, gbgamma =   2.90912, surften =   0.00500
     rdt     =   0.00000, rgbmax  =  25.00000  extdiel =  78.50000
     alpb  =        0

Frozen or restrained atoms:
     ibelly  =       0, ntr     =       0

Energy minimization:
     maxcyc  =     100, ncyc    =      50, ntmin   =       1
     dx0     =   0.01000, drms    =   0.00010
|  INFO: Old style inpcrd file read


--------------------------------------------------------------------------------
   3.  ATOMIC COORDINATES AND VELOCITIES
--------------------------------------------------------------------------------

C11                                                                             
 begin time read from input coords =     0.000 ps

 Number of triangulated 3-point waters found:        0

--------------------------------------------------------------------------------
   4.  RESULTS
--------------------------------------------------------------------------------



   NSTEP       ENERGY          RMS            GMAX         NAME    NUMBER
      1      -6.9922E+00     1.9096E+01     1.1629E+02     C1          1

 BOND    =       24.1760  ANGLE   =        3.1673  DIHED      =       16.1780
 VDWAALS =       -2.5249  EEL     =       -4.7876  EGB        =      -12.9637
 1-4 VDW =        6.9425  1-4 EEL =      -37.1797  RESTRAINT  =        0.0000


   NSTEP       ENERGY          RMS            GMAX         NAME    NUMBER
      2      -9.7068E+00     1.7490E+01     1.0656E+02     C1          1

 BOND    =       21.5730  ANGLE   =        3.0375  DIHED      =       16.1680
 VDWAALS =       -2.5288  EEL     =       -4.7727  EGB        =      -12.9582
 1-4 VDW =        6.9618  1-4 EEL =      -37.1874  RESTRAINT  =        0.0000


   NSTEP       ENERGY          RMS            GMAX         NAME    NUMBER
      3      -1.2654E+01     1.5616E+01     9.5000E+01     C1          1

 BOND    =       18.6944  ANGLE   =        2.9497  DIHED      =       16.1576
 VDWAALS =       -2.5337  EEL     =       -4.7539  EGB        =      -12.9572
 1-4 VDW =        6.9847  1-4 EEL =      -37.1953  RESTRAINT  =        0.0000


   NSTEP       ENERGY          RMS            GMAX         NAME    NUMBER
      4      -1.5758E+01     1.3457E+01     8.1336E+01     C1          1

 BOND    =       15.5877  ANGLE   =        2.9338  DIHED      =       16.1471
 VDWAALS =       -2.5402  EEL     =       -4.7300  EGB        =      -12.9649
 1-4 VDW =        7.0115  1-4 EEL =      -37.2029  RESTRAINT  =        0.0000


   NSTEP       ENERGY          RMS            GMAX         NAME    NUMBER
      5      -1.8891E+01     1.1026E+01     6.5319E+01     C1          1

 BOND    =       12.3487  ANGLE   =        3.0259  DIHED      =       16.1372
 VDWAALS =       -2.5488  EEL     =       -4.6990  EGB        =      -12.9886
 1-4 VDW =        7.0420  1-4 EEL =      -37.2082  RESTRAINT  =        0.0000


   NSTEP       ENERGY          RMS            GMAX         NAME    NUMBER
      6      -2.1866E+01     8.4084E+00     4.6881E+01     C1          1

 BOND    =        9.1423  ANGLE   =        3.2568  DIHED      =       16.1286
 VDWAALS =       -2.5606  EEL     =       -4.6582  EGB        =      -13.0410
 1-4 VDW =        7.0743  1-4 EEL =      -37.2078  RESTRAINT  =        0.0000


   NSTEP       ENERGY          RMS            GMAX         NAME    NUMBER
      7      -2.4460E+01     5.8543E+00     3.5241E+01     HP         42

 BOND    =        6.2221  ANGLE   =        3.6133  DIHED      =       16.1213
 VDWAALS =       -2.5776  EEL     =       -4.6038  EGB        =      -13.1444
 1-4 VDW =        7.1022  1-4 EEL =      -37.1934  RESTRAINT  =        0.0000


   NSTEP       ENERGY          RMS            GMAX         NAME    NUMBER
      8      -2.6528E+01     3.8205E+00     2.4218E+01     HP         42

 BOND    =        3.9322  ANGLE   =        3.9358  DIHED      =       16.1124
 VDWAALS =       -2.6024  EEL     =       -4.5328  EGB        =      -13.3332
 1-4 VDW =        7.1077  1-4 EEL =      -37.1472  RESTRAINT  =        0.0000


   NSTEP       ENERGY          RMS            GMAX         NAME    NUMBER
      9      -2.8117E+01     2.4504E+00     1.3258E+01     HP         42

 BOND    =        2.6050  ANGLE   =        3.8877  DIHED      =       16.0886
 VDWAALS =       -2.6365  EEL     =       -4.4552  EGB        =      -13.6193
 1-4 VDW =        7.0564  1-4 EEL =      -37.0440  RESTRAINT  =        0.0000


   NSTEP       ENERGY          RMS            GMAX         NAME    NUMBER
     10      -2.9341E+01     1.7481E+00     8.0264E+00     HP         42

 BOND    =        1.8449  ANGLE   =        3.7368  DIHED      =       16.0153
 VDWAALS =       -2.6757  EEL     =       -4.3971  EGB        =      -13.9021
 1-4 VDW =        6.9539  1-4 EEL =      -36.9165  RESTRAINT  =        0.0000


   NSTEP       ENERGY          RMS            GMAX         NAME    NUMBER
     11      -3.0291E+01     2.2882E+00     1.2711E+01     P          12

 BOND    =        2.0521  ANGLE   =        3.1150  DIHED      =       15.9103
 VDWAALS =       -2.7155  EEL     =       -4.3181  EGB        =      -14.0802
 1-4 VDW =        6.7117  1-4 EEL =      -36.9662  RESTRAINT  =        0.0000


   NSTEP       ENERGY          RMS            GMAX         NAME    NUMBER
     12      -2.8852E+01     7.7285E+00     3.3926E+01     P          12

 BOND    =        1.6803  ANGLE   =        4.9503  DIHED      =       15.8289
 VDWAALS =       -2.7355  EEL     =       -4.3152  EGB        =      -14.0850
 1-4 VDW =        6.7942  1-4 EEL =      -36.9704  RESTRAINT  =        0.0000


   NSTEP       ENERGY          RMS            GMAX         NAME    NUMBER
     13      -3.1030E+01     2.1339E+00     9.3057E+00     O2P        14

 BOND    =        1.4099  ANGLE   =        3.4018  DIHED      =       15.8259
 VDWAALS =       -2.7420  EEL     =       -4.2781  EGB        =      -14.2671
 1-4 VDW =        6.6148  1-4 EEL =      -36.9954  RESTRAINT  =        0.0000


   NSTEP       ENERGY          RMS            GMAX         NAME    NUMBER
     14      -3.0966E+01     3.7754E+00     2.1307E+01     P          12

 BOND    =        2.3364  ANGLE   =        2.8052  DIHED      =       15.8095
 VDWAALS =       -2.7558  EEL     =       -4.2223  EGB        =      -14.2777
 1-4 VDW =        6.4490  1-4 EEL =      -37.1099  RESTRAINT  =        0.0000


   NSTEP       ENERGY          RMS            GMAX         NAME    NUMBER
     15      -3.1572E+01     1.2387E+00     6.1166E+00     C1          1

 BOND    =        1.3637  ANGLE   =        3.1375  DIHED      =       15.7876
 VDWAALS =       -2.7569  EEL     =       -4.2324  EGB        =      -14.2723
 1-4 VDW =        6.4987  1-4 EEL =      -37.0976  RESTRAINT  =        0.0000


   NSTEP       ENERGY          RMS            GMAX         NAME    NUMBER
     16      -3.1823E+01     1.5282E+00     6.7526E+00     P          12

 BOND    =        1.5300  ANGLE   =        2.9871  DIHED      =       15.7574
 VDWAALS =       -2.7663  EEL     =       -4.2140  EGB        =      -14.4422
 1-4 VDW =        6.4156  1-4 EEL =      -37.0904  RESTRAINT  =        0.0000


   NSTEP       ENERGY          RMS            GMAX         NAME    NUMBER
     17      -3.1937E+01     2.3567E+00     1.5650E+01     C1          1

 BOND    =        1.0870  ANGLE   =        3.2471  DIHED      =       15.7366
 VDWAALS =       -2.7737  EEL     =       -4.1826  EGB        =      -14.2485
 1-4 VDW =        6.3971  1-4 EEL =      -37.2002  RESTRAINT  =        0.0000


   NSTEP       ENERGY          RMS            GMAX         NAME    NUMBER
     18      -3.1944E+01     3.2444E+00     1.5821E+01     P          12

 BOND    =        2.2752  ANGLE   =        2.6495  DIHED      =       15.7115
 VDWAALS =       -2.7808  EEL     =       -4.1667  EGB        =      -14.7752
 1-4 VDW =        6.2611  1-4 EEL =      -37.1189  RESTRAINT  =        0.0000


   NSTEP       ENERGY          RMS            GMAX         NAME    NUMBER
     19      -3.1826E+01     4.3471E+00     2.4677E+01     P          12

 BOND    =        0.6454  ANGLE   =        3.6592  DIHED      =       15.7144
 VDWAALS =       -2.7807  EEL     =       -4.1746  EGB        =      -14.0195
 1-4 VDW =        6.3813  1-4 EEL =      -37.2515  RESTRAINT  =        0.0000


   NSTEP       ENERGY          RMS            GMAX         NAME    NUMBER
     20      -3.2512E+01     1.0358E+00     5.3125E+00     C1          1

 BOND    =        1.1957  ANGLE   =        2.9562  DIHED      =       15.6968
 VDWAALS =       -2.7850  EEL     =       -4.1485  EGB        =      -14.4880
 1-4 VDW =        6.2722  1-4 EEL =      -37.2118  RESTRAINT  =        0.0000


   NSTEP       ENERGY          RMS            GMAX         NAME    NUMBER
     21      -3.2698E+01     1.6016E+00     7.3044E+00     P          12

 BOND    =        1.3638  ANGLE   =        2.7955  DIHED      =       15.6770
 VDWAALS =       -2.7914  EEL     =       -4.1365  EGB        =      -14.5937
 1-4 VDW =        6.1943  1-4 EEL =      -37.2076  RESTRAINT  =        0.0000


   NSTEP       ENERGY          RMS            GMAX         NAME    NUMBER
     22      -3.2678E+01     2.7081E+00     1.6537E+01     C1          1

 BOND    =        1.0768  ANGLE   =        3.1313  DIHED      =       15.6534
 VDWAALS =       -2.7961  EEL     =       -4.0978  EGB        =      -14.5395
 1-4 VDW =        6.1847  1-4 EEL =      -37.2905  RESTRAINT  =        0.0000


   NSTEP       ENERGY          RMS            GMAX         NAME    NUMBER
     23      -3.3007E+01     9.2743E-01     4.5212E+00     C1          1

 BOND    =        1.1415  ANGLE   =        2.8222  DIHED      =       15.6553
 VDWAALS =       -2.7975  EEL     =       -4.1038  EGB        =      -14.5955
 1-4 VDW =        6.1400  1-4 EEL =      -37.2695  RESTRAINT  =        0.0000


   NSTEP       ENERGY          RMS            GMAX         NAME    NUMBER
     24      -3.3161E+01     1.1320E+00     4.1394E+00     P          12

 BOND    =        1.0988  ANGLE   =        2.8246  DIHED      =       15.6395
 VDWAALS =       -2.8013  EEL     =       -4.0945  EGB        =      -14.6695
 1-4 VDW =        6.1028  1-4 EEL =      -37.2610  RESTRAINT  =        0.0000


   NSTEP       ENERGY          RMS            GMAX         NAME    NUMBER
     25      -3.3246E+01     1.7472E+00     9.7193E+00     C1          1

 BOND    =        1.2290  ANGLE   =        2.6893  DIHED      =       15.6339
 VDWAALS =       -2.8056  EEL     =       -4.0688  EGB        =      -14.6356
 1-4 VDW =        6.0339  1-4 EEL =      -37.3217  RESTRAINT  =        0.0000


   NSTEP       ENERGY          RMS            GMAX         NAME    NUMBER
     26      -3.3261E+01     2.4309E+00     7.7844E+00     C8          8

 BOND    =        1.0220  ANGLE   =        2.9743  DIHED      =       15.6118
 VDWAALS =       -2.8076  EEL     =       -4.0687  EGB        =      -14.7690
 1-4 VDW =        6.0552  1-4 EEL =      -37.2788  RESTRAINT  =        0.0000


   NSTEP       ENERGY          RMS            GMAX         NAME    NUMBER
     27      -3.3229E+01     3.1411E+00     1.0796E+01     C5          5

 BOND    =        1.5722  ANGLE   =        2.4862  DIHED      =       15.6310
 VDWAALS =       -2.8108  EEL     =       -4.0535  EGB        =      -14.6586
 1-4 VDW =        5.9387  1-4 EEL =      -37.3341  RESTRAINT  =        0.0000


   NSTEP       ENERGY          RMS            GMAX         NAME    NUMBER
     28      -3.3602E+01     8.0783E-01     3.7309E+00     C1          1

 BOND    =        1.0173  ANGLE   =        2.7006  DIHED      =       15.6114
 VDWAALS =       -2.8112  EEL     =       -4.0492  EGB        =      -14.7254
 1-4 VDW =        5.9797  1-4 EEL =      -37.3255  RESTRAINT  =        0.0000


   NSTEP       ENERGY          RMS            GMAX         NAME    NUMBER
     29      -3.3748E+01     1.0689E+00     4.1000E+00     P          12

 BOND    =        1.0109  ANGLE   =        2.6736  DIHED      =       15.5993
 VDWAALS =       -2.8148  EEL     =       -4.0385  EGB        =      -14.7981
 1-4 VDW =        5.9379  1-4 EEL =      -37.3181  RESTRAINT  =        0.0000


   NSTEP       ENERGY          RMS            GMAX         NAME    NUMBER
     30      -3.3789E+01     1.8716E+00     1.1388E+01     C1          1

 BOND    =        1.0864  ANGLE   =        2.6028  DIHED      =       15.5957
 VDWAALS =       -2.8183  EEL     =       -4.0148  EGB        =      -14.7460
 1-4 VDW =        5.8771  1-4 EEL =      -37.3719  RESTRAINT  =        0.0000


   NSTEP       ENERGY          RMS            GMAX         NAME    NUMBER
     31      -3.3804E+01     2.3815E+00     9.1187E+00     P          12

 BOND    =        1.0234  ANGLE   =        2.7696  DIHED      =       15.5788
 VDWAALS =       -2.8202  EEL     =       -4.0158  EGB        =      -14.9036
 1-4 VDW =        5.8913  1-4 EEL =      -37.3277  RESTRAINT  =        0.0000


   NSTEP       ENERGY          RMS            GMAX         NAME    NUMBER
     32      -3.3744E+01     3.1444E+00     1.0925E+01     C5          5

 BOND    =        1.3802  ANGLE   =        2.4300  DIHED      =       15.5978
 VDWAALS =       -2.8225  EEL     =       -4.0026  EGB        =      -14.7446
 1-4 VDW =        5.7937  1-4 EEL =      -37.3758  RESTRAINT  =        0.0000


   NSTEP       ENERGY          RMS            GMAX         NAME    NUMBER
     33      -3.4131E+01     7.8135E-01     4.0054E+00     C1          1

 BOND    =        0.8999  ANGLE   =        2.5895  DIHED      =       15.5794
 VDWAALS =       -2.8231  EEL     =       -3.9983  EGB        =      -14.8391
 1-4 VDW =        5.8285  1-4 EEL =      -37.3674  RESTRAINT  =        0.0000


   NSTEP       ENERGY          RMS            GMAX         NAME    NUMBER
     34      -3.4240E+01     1.2457E+00     5.6191E+00     C1          1

 BOND    =        0.9925  ANGLE   =        2.4983  DIHED      =       15.5734
 VDWAALS =       -2.8266  EEL     =       -3.9897  EGB        =      -14.9138
 1-4 VDW =        5.7805  1-4 EEL =      -37.3542  RESTRAINT  =        0.0000


   NSTEP       ENERGY          RMS            GMAX         NAME    NUMBER
     35      -3.4233E+01     2.0459E+00     1.2807E+01     C1          1

 BOND    =        0.8781  ANGLE   =        2.6171  DIHED      =       15.5657
 VDWAALS =       -2.8288  EEL     =       -3.9683  EGB        =      -14.8518
 1-4 VDW =        5.7551  1-4 EEL =      -37.4000  RESTRAINT  =        0.0000


   NSTEP       ENERGY          RMS            GMAX         NAME    NUMBER
     36      -3.4430E+01     7.0343E-01     3.3089E+00     C1          1

 BOND    =        0.8527  ANGLE   =        2.5057  DIHED      =       15.5653
 VDWAALS =       -2.8298  EEL     =       -3.9699  EGB        =      -14.9069
 1-4 VDW =        5.7389  1-4 EEL =      -37.3855  RESTRAINT  =        0.0000


   NSTEP       ENERGY          RMS            GMAX         NAME    NUMBER
     37      -3.4533E+01     8.1708E-01     3.1661E+00     P          12

 BOND    =        0.8652  ANGLE   =        2.4555  DIHED      =       15.5616
 VDWAALS =       -2.8323  EEL     =       -3.9630  EGB        =      -14.9516
 1-4 VDW =        5.7056  1-4 EEL =      -37.3735  RESTRAINT  =        0.0000


   NSTEP       ENERGY          RMS            GMAX         NAME    NUMBER
     38      -3.4608E+01     1.1938E+00     8.2028E+00     C1          1

 BOND    =        0.8264  ANGLE   =        2.4652  DIHED      =       15.5563
 VDWAALS =       -2.8349  EEL     =       -3.9457  EGB        =      -14.9322
 1-4 VDW =        5.6681  1-4 EEL =      -37.4115  RESTRAINT  =        0.0000


   NSTEP       ENERGY          RMS            GMAX         NAME    NUMBER
     39      -3.4638E+01     1.6580E+00     8.5752E+00     C1          1

 BOND    =        0.9210  ANGLE   =        2.4213  DIHED      =       15.5529
 VDWAALS =       -2.8370  EEL     =       -3.9446  EGB        =      -15.0338
 1-4 VDW =        5.6493  1-4 EEL =      -37.3675  RESTRAINT  =        0.0000


   NSTEP       ENERGY          RMS            GMAX         NAME    NUMBER
     40      -3.4657E+01     2.0463E+00     1.1494E+01     C1          1

 BOND    =        0.8956  ANGLE   =        2.4017  DIHED      =       15.5555
 VDWAALS =       -2.8386  EEL     =       -3.9322  EGB        =      -14.9205
 1-4 VDW =        5.6077  1-4 EEL =      -37.4258  RESTRAINT  =        0.0000


   NSTEP       ENERGY          RMS            GMAX         NAME    NUMBER
     41      -3.4614E+01     2.6998E+00     9.4522E+00     C8          8

 BOND    =        0.9810  ANGLE   =        2.5159  DIHED      =       15.5402
 VDWAALS =       -2.8407  EEL     =       -3.9231  EGB        =      -15.1318
 1-4 VDW =        5.6202  1-4 EEL =      -37.3753  RESTRAINT  =        0.0000


   NSTEP       ENERGY          RMS            GMAX         NAME    NUMBER
     42      -3.4911E+01     6.9870E-01     2.2221E+00     P          12

 BOND    =        0.7901  ANGLE   =        2.3432  DIHED      =       15.5493
 VDWAALS =       -2.8411  EEL     =       -3.9258  EGB        =      -15.0176
 1-4 VDW =        5.5868  1-4 EEL =      -37.3961  RESTRAINT  =        0.0000


   NSTEP       ENERGY          RMS            GMAX         NAME    NUMBER
     43      -3.4993E+01     1.1640E+00     7.0614E+00     C1          1

 BOND    =        0.7356  ANGLE   =        2.4043  DIHED      =       15.5395
 VDWAALS =       -2.8439  EEL     =       -3.9059  EGB        =      -15.0549
 1-4 VDW =        5.5549  1-4 EEL =      -37.4222  RESTRAINT  =        0.0000


   NSTEP       ENERGY          RMS            GMAX         NAME    NUMBER
     44      -3.4977E+01     1.9382E+00     8.5994E+00     P          12

 BOND    =        0.9198  ANGLE   =        2.2031  DIHED      =       15.5529
 VDWAALS =       -2.8460  EEL     =       -3.9141  EGB        =      -15.0133
 1-4 VDW =        5.5116  1-4 EEL =      -37.3909  RESTRAINT  =        0.0000


   NSTEP       ENERGY          RMS            GMAX         NAME    NUMBER
     45      -3.5141E+01     6.5423E-01     2.4580E+00     P          12

 BOND    =        0.7470  ANGLE   =        2.2898  DIHED      =       15.5414
 VDWAALS =       -2.8465  EEL     =       -3.9016  EGB        =      -15.0812
 1-4 VDW =        5.5143  1-4 EEL =      -37.4046  RESTRAINT  =        0.0000


   NSTEP       ENERGY          RMS            GMAX         NAME    NUMBER
     46      -3.5217E+01     8.0761E-01     4.8670E+00     C1          1

 BOND    =        0.6805  ANGLE   =        2.2919  DIHED      =       15.5397
 VDWAALS =       -2.8485  EEL     =       -3.8917  EGB        =      -15.0500
 1-4 VDW =        5.4867  1-4 EEL =      -37.4259  RESTRAINT  =        0.0000


   NSTEP       ENERGY          RMS            GMAX         NAME    NUMBER
     47      -3.5263E+01     1.2294E+00     6.0333E+00     P          12

 BOND    =        0.8277  ANGLE   =        2.2384  DIHED      =       15.5344
 VDWAALS =       -2.8509  EEL     =       -3.8816  EGB        =      -15.1924
 1-4 VDW =        5.4586  1-4 EEL =      -37.3971  RESTRAINT  =        0.0000


   NSTEP       ENERGY          RMS            GMAX         NAME    NUMBER
     48      -3.5277E+01     1.6833E+00     8.6247E+00     C1          1

 BOND    =        0.6074  ANGLE   =        2.2625  DIHED      =       15.5438
 VDWAALS =       -2.8516  EEL     =       -3.8850  EGB        =      -14.9521
 1-4 VDW =        5.4405  1-4 EEL =      -37.4427  RESTRAINT  =        0.0000


   NSTEP       ENERGY          RMS            GMAX         NAME    NUMBER
     49      -3.5268E+01     2.1862E+00     1.1710E+01     P          12

 BOND    =        1.0410  ANGLE   =        2.2464  DIHED      =       15.5211
 VDWAALS =       -2.8543  EEL     =       -3.8562  EGB        =      -15.3877
 1-4 VDW =        5.4174  1-4 EEL =      -37.3956  RESTRAINT  =        0.0000


   NSTEP       ENERGY          RMS            GMAX         NAME    NUMBER
     50      -3.5448E+01     6.0691E-01     1.8559E+00     C11        11

 BOND    =        0.6735  ANGLE   =        2.2040  DIHED      =       15.5349
 VDWAALS =       -2.8540  EEL     =       -3.8706  EGB        =      -15.1326
 1-4 VDW =        5.4141  1-4 EEL =      -37.4174  RESTRAINT  =        0.0000


   NSTEP       ENERGY          RMS            GMAX         NAME    NUMBER
     51      -3.5523E+01     8.0025E-01     3.9067E+00     C1          1

 BOND    =        0.6707  ANGLE   =        2.1939  DIHED      =       15.5316
 VDWAALS =       -2.8561  EEL     =       -3.8584  EGB        =      -15.1566
 1-4 VDW =        5.3817  1-4 EEL =      -37.4300  RESTRAINT  =        0.0000


   NSTEP       ENERGY          RMS            GMAX         NAME    NUMBER
     52      -3.1669E+01     9.9806E+00     4.5557E+01     C11        11

 BOND    =        3.9528  ANGLE   =        2.6711  DIHED      =       15.5571
 VDWAALS =       -2.8674  EEL     =       -3.8503  EGB        =      -15.0877
 1-4 VDW =        5.3037  1-4 EEL =      -37.3487  RESTRAINT  =        0.0000


   NSTEP       ENERGY          RMS            GMAX         NAME    NUMBER
     53      -3.5575E+01     7.3716E-01     3.0061E+00     C11        11

 BOND    =        0.6309  ANGLE   =        2.1738  DIHED      =       15.5328
 VDWAALS =       -2.8573  EEL     =       -3.8576  EGB        =      -15.1473
 1-4 VDW =        5.3717  1-4 EEL =      -37.4217  RESTRAINT  =        0.0000


   NSTEP       ENERGY          RMS            GMAX         NAME    NUMBER
     54      -3.5660E+01     7.2953E-01     2.9379E+00     C11        11

 BOND    =        0.6585  ANGLE   =        2.1280  DIHED      =       15.5314
 VDWAALS =       -2.8596  EEL     =       -3.8480  EGB        =      -15.1897
 1-4 VDW =        5.3382  1-4 EEL =      -37.4193  RESTRAINT  =        0.0000


   NSTEP       ENERGY          RMS            GMAX         NAME    NUMBER
     55      -3.6189E+01     2.3454E+00     1.2741E+01     C1          1

 BOND    =        1.0431  ANGLE   =        1.8192  DIHED      =       15.5208
 VDWAALS =       -2.8778  EEL     =       -3.7606  EGB        =      -15.5786
 1-4 VDW =        5.0416  1-4 EEL =      -37.3966  RESTRAINT  =        0.0000


   NSTEP       ENERGY          RMS            GMAX         NAME    NUMBER
     56      -3.6292E+01     3.7529E+00     2.0061E+01     C1          1

 BOND    =        1.4427  ANGLE   =        1.7190  DIHED      =       15.5154
 VDWAALS =       -2.8881  EEL     =       -3.7016  EGB        =      -15.8473
 1-4 VDW =        4.8484  1-4 EEL =      -37.3804  RESTRAINT  =        0.0000


   NSTEP       ENERGY          RMS            GMAX         NAME    NUMBER
     57      -3.7481E+01     2.5921E+00     1.5399E+01     C1          1

 BOND    =        0.7861  ANGLE   =        1.6892  DIHED      =       15.4983
 VDWAALS =       -2.9072  EEL     =       -3.5672  EGB        =      -15.9933
 1-4 VDW =        4.4395  1-4 EEL =      -37.4264  RESTRAINT  =        0.0000


   NSTEP       ENERGY          RMS            GMAX         NAME    NUMBER
     58      -3.8344E+01     2.1946E+00     1.0176E+01     P          12

 BOND    =        0.4356  ANGLE   =        2.0260  DIHED      =       15.4736
 VDWAALS =       -2.9201  EEL     =       -3.3194  EGB        =      -16.2885
 1-4 VDW =        3.7442  1-4 EEL =      -37.4958  RESTRAINT  =        0.0000


   NSTEP       ENERGY          RMS            GMAX         NAME    NUMBER
     59      -3.7630E+01     4.6959E+00     2.1386E+01     P          12

 BOND    =        1.4047  ANGLE   =        2.8346  DIHED      =       15.4279
 VDWAALS =       -2.9226  EEL     =       -3.1453  EGB        =      -17.0349
 1-4 VDW =        3.4039  1-4 EEL =      -37.5979  RESTRAINT  =        0.0000


   NSTEP       ENERGY          RMS            GMAX         NAME    NUMBER
     60      -3.8572E+01     6.3280E-01     2.6106E+00     HP         42

 BOND    =        0.3971  ANGLE   =        2.1881  DIHED      =       15.4569
 VDWAALS =       -2.9215  EEL     =       -3.2619  EGB        =      -16.5290
 1-4 VDW =        3.6285  1-4 EEL =      -37.5301  RESTRAINT  =        0.0000


   NSTEP       ENERGY          RMS            GMAX         NAME    NUMBER
     61      -3.8603E+01     4.7828E-01     2.0424E+00     HP         42

 BOND    =        0.3477  ANGLE   =        2.1749  DIHED      =       15.4602
 VDWAALS =       -2.9226  EEL     =       -3.2632  EGB        =      -16.4831
 1-4 VDW =        3.6198  1-4 EEL =      -37.5368  RESTRAINT  =        0.0000


   NSTEP       ENERGY          RMS            GMAX         NAME    NUMBER
     62      -3.8619E+01     7.3014E-01     3.4077E+00     O2P        14

 BOND    =        0.3019  ANGLE   =        2.1607  DIHED      =       15.4648
 VDWAALS =       -2.9241  EEL     =       -3.2650  EGB        =      -16.4192
 1-4 VDW =        3.6077  1-4 EEL =      -37.5461  RESTRAINT  =        0.0000


   NSTEP       ENERGY          RMS            GMAX         NAME    NUMBER
     63      -3.8694E+01     6.1294E-01     3.9471E+00     O2P        14

 BOND    =        0.2717  ANGLE   =        2.0601  DIHED      =       15.4777
 VDWAALS =       -2.9283  EEL     =       -3.2638  EGB        =      -16.3653
 1-4 VDW =        3.5945  1-4 EEL =      -37.5410  RESTRAINT  =        0.0000


   NSTEP       ENERGY          RMS            GMAX         NAME    NUMBER
     64      -3.8731E+01     1.0520E+00     4.6661E+00     O2P        14

 BOND    =        0.2826  ANGLE   =        1.9383  DIHED      =       15.4953
 VDWAALS =       -2.9336  EEL     =       -3.2622  EGB        =      -16.2946
 1-4 VDW =        3.5773  1-4 EEL =      -37.5344  RESTRAINT  =        0.0000


   NSTEP       ENERGY          RMS            GMAX         NAME    NUMBER
     65      -3.8888E+01     8.9005E-01     5.1528E+00     C1          1

 BOND    =        0.2961  ANGLE   =        1.7172  DIHED      =       15.5497
 VDWAALS =       -2.9435  EEL     =       -3.2438  EGB        =      -16.2977
 1-4 VDW =        3.5191  1-4 EEL =      -37.4849  RESTRAINT  =        0.0000


   NSTEP       ENERGY          RMS            GMAX         NAME    NUMBER
     66      -3.8917E+01     1.3057E+00     6.6712E+00     C1          1

 BOND    =        0.3389  ANGLE   =        1.6131  DIHED      =       15.5855
 VDWAALS =       -2.9493  EEL     =       -3.2318  EGB        =      -16.3030
 1-4 VDW =        3.4834  1-4 EEL =      -37.4533  RESTRAINT  =        0.0000


   NSTEP       ENERGY          RMS            GMAX         NAME    NUMBER
     67      -3.9094E+01     8.3540E-01     4.3042E+00     C1          1

 BOND    =        0.3625  ANGLE   =        1.3342  DIHED      =       15.6495
 VDWAALS =       -2.9615  EEL     =       -3.1919  EGB        =      -16.3354
 1-4 VDW =        3.4209  1-4 EEL =      -37.3718  RESTRAINT  =        0.0000


   NSTEP       ENERGY          RMS            GMAX         NAME    NUMBER
     68      -3.9094E+01     7.9425E-01     3.7879E+00     C1          1

 BOND    =        0.3568  ANGLE   =        1.3432  DIHED      =       15.6464
 VDWAALS =       -2.9610  EEL     =       -3.1938  EGB        =      -16.3336
 1-4 VDW =        3.4237  1-4 EEL =      -37.3756  RESTRAINT  =        0.0000


   NSTEP       ENERGY          RMS            GMAX         NAME    NUMBER
     69      -3.9177E+01     5.2671E-01     1.6397E+00     P          12

 BOND    =        0.3555  ANGLE   =        1.2916  DIHED      =       15.6481
 VDWAALS =       -2.9638  EEL     =       -3.2016  EGB        =      -16.3494
 1-4 VDW =        3.3778  1-4 EEL =      -37.3357  RESTRAINT  =        0.0000


   NSTEP       ENERGY          RMS            GMAX         NAME    NUMBER
     70      -3.9184E+01     6.5393E-01     2.1057E+00     HY12       44

 BOND    =        0.3700  ANGLE   =        1.2812  DIHED      =       15.6488
 VDWAALS =       -2.9646  EEL     =       -3.2044  EGB        =      -16.3552
 1-4 VDW =        3.3614  1-4 EEL =      -37.3212  RESTRAINT  =        0.0000


   NSTEP       ENERGY          RMS            GMAX         NAME    NUMBER
     71      -3.9245E+01     6.8026E-01     2.3626E+00     HP         42

 BOND    =        0.4356  ANGLE   =        1.2647  DIHED      =       15.6310
 VDWAALS =       -2.9651  EEL     =       -3.2132  EGB        =      -16.4042
 1-4 VDW =        3.3004  1-4 EEL =      -37.2942  RESTRAINT  =        0.0000


   NSTEP       ENERGY          RMS            GMAX         NAME    NUMBER
     72      -3.9245E+01     6.8012E-01     2.3623E+00     HP         42

 BOND    =        0.4356  ANGLE   =        1.2647  DIHED      =       15.6310
 VDWAALS =       -2.9651  EEL     =       -3.2132  EGB        =      -16.4042
 1-4 VDW =        3.3004  1-4 EEL =      -37.2942  RESTRAINT  =        0.0000


   NSTEP       ENERGY          RMS            GMAX         NAME    NUMBER
     73      -3.9306E+01     5.3691E-01     1.6550E+00     O2P        14

 BOND    =        0.4605  ANGLE   =        1.2989  DIHED      =       15.6147
 VDWAALS =       -2.9657  EEL     =       -3.2102  EGB        =      -16.4402
 1-4 VDW =        3.2340  1-4 EEL =      -37.2981  RESTRAINT  =        0.0000


   NSTEP       ENERGY          RMS            GMAX         NAME    NUMBER
     74      -3.9306E+01     5.3322E-01     1.6340E+00     O2P        14

 BOND    =        0.4600  ANGLE   =        1.2985  DIHED      =       15.6148
 VDWAALS =       -2.9657  EEL     =       -3.2102  EGB        =      -16.4400
 1-4 VDW =        3.2345  1-4 EEL =      -37.2981  RESTRAINT  =        0.0000


   NSTEP       ENERGY          RMS            GMAX         NAME    NUMBER
     75      -3.9341E+01     5.5745E-01     2.0943E+00     HP         42

 BOND    =        0.4534  ANGLE   =        1.3658  DIHED      =       15.6035
 VDWAALS =       -2.9675  EEL     =       -3.2086  EGB        =      -16.4692
 1-4 VDW =        3.2009  1-4 EEL =      -37.3189  RESTRAINT  =        0.0000


   NSTEP       ENERGY          RMS            GMAX         NAME    NUMBER
     76      -3.9352E+01     3.6232E-01     1.4681E+00     HP         42

 BOND    =        0.4463  ANGLE   =        1.3650  DIHED      =       15.6007
 VDWAALS =       -2.9675  EEL     =       -3.2097  EGB        =      -16.4658
 1-4 VDW =        3.2030  1-4 EEL =      -37.3242  RESTRAINT  =        0.0000


   NSTEP       ENERGY          RMS            GMAX         NAME    NUMBER
     77      -3.9361E+01     2.7071E-01     1.1710E+00     H12        20

 BOND    =        0.4441  ANGLE   =        1.3681  DIHED      =       15.5977
 VDWAALS =       -2.9676  EEL     =       -3.2102  EGB        =      -16.4653
 1-4 VDW =        3.2047  1-4 EEL =      -37.3326  RESTRAINT  =        0.0000


   NSTEP       ENERGY          RMS            GMAX         NAME    NUMBER
     78      -3.9371E+01     2.3804E-01     1.0156E+00     H12        20

 BOND    =        0.4434  ANGLE   =        1.3717  DIHED      =       15.5957
 VDWAALS =       -2.9679  EEL     =       -3.2093  EGB        =      -16.4661
 1-4 VDW =        3.2052  1-4 EEL =      -37.3433  RESTRAINT  =        0.0000


   NSTEP       ENERGY          RMS            GMAX         NAME    NUMBER
     79      -3.9381E+01     2.1868E-01     8.1268E-01     H12        20

 BOND    =        0.4397  ANGLE   =        1.3696  DIHED      =       15.5933
 VDWAALS =       -2.9682  EEL     =       -3.2083  EGB        =      -16.4600
 1-4 VDW =        3.2066  1-4 EEL =      -37.3534  RESTRAINT  =        0.0000


   NSTEP       ENERGY          RMS            GMAX         NAME    NUMBER
     80      -3.2100E+01     1.1861E+01     4.1639E+01     C8          8

 BOND    =        4.7404  ANGLE   =        5.9204  DIHED      =       15.4354
 VDWAALS =       -2.9459  EEL     =       -3.0810  EGB        =      -17.2313
 1-4 VDW =        3.2777  1-4 EEL =      -38.2161  RESTRAINT  =        0.0000


   NSTEP       ENERGY          RMS            GMAX         NAME    NUMBER
     81      -3.9411E+01     6.8574E-01     2.3369E+00     C7          7

 BOND    =        0.4611  ANGLE   =        1.4236  DIHED      =       15.5760
 VDWAALS =       -2.9696  EEL     =       -3.2008  EGB        =      -16.5013
 1-4 VDW =        3.2037  1-4 EEL =      -37.4032  RESTRAINT  =        0.0000


   NSTEP       ENERGY          RMS            GMAX         NAME    NUMBER
     82      -3.9449E+01     2.9338E-01     1.3097E+00     H12        20

 BOND    =        0.4286  ANGLE   =        1.4301  DIHED      =       15.5553
 VDWAALS =       -2.9704  EEL     =       -3.2006  EGB        =      -16.4575
 1-4 VDW =        3.2134  1-4 EEL =      -37.4479  RESTRAINT  =        0.0000


   NSTEP       ENERGY          RMS            GMAX         NAME    NUMBER
     83      -3.9452E+01     3.0707E-01     1.7140E+00     H12        20

 BOND    =        0.4206  ANGLE   =        1.4393  DIHED      =       15.5475
 VDWAALS =       -2.9705  EEL     =       -3.2005  EGB        =      -16.4408
 1-4 VDW =        3.2174  1-4 EEL =      -37.4653  RESTRAINT  =        0.0000


   NSTEP       ENERGY          RMS            GMAX         NAME    NUMBER
     84      -3.9467E+01     2.7501E-01     1.5970E+00     H12        20

 BOND    =        0.4257  ANGLE   =        1.4464  DIHED      =       15.5367
 VDWAALS =       -2.9701  EEL     =       -3.2030  EGB        =      -16.4584
 1-4 VDW =        3.2149  1-4 EEL =      -37.4592  RESTRAINT  =        0.0000


   NSTEP       ENERGY          RMS            GMAX         NAME    NUMBER
     85      -3.9484E+01     5.9216E-01     2.8753E+00     P          12

 BOND    =        0.4503  ANGLE   =        1.4787  DIHED      =       15.5072
 VDWAALS =       -2.9687  EEL     =       -3.2097  EGB        =      -16.5080
 1-4 VDW =        3.2088  1-4 EEL =      -37.4427  RESTRAINT  =        0.0000


   NSTEP       ENERGY          RMS            GMAX         NAME    NUMBER
     86      -3.9513E+01     3.8739E-01     1.3338E+00     O1P        13

 BOND    =        0.4089  ANGLE   =        1.4943  DIHED      =       15.4627
 VDWAALS =       -2.9657  EEL     =       -3.2309  EGB        =      -16.4727
 1-4 VDW =        3.2139  1-4 EEL =      -37.4233  RESTRAINT  =        0.0000


   NSTEP       ENERGY          RMS            GMAX         NAME    NUMBER
     87      -3.9513E+01     3.4809E-01     1.1470E+00     O1P        13

 BOND    =        0.4110  ANGLE   =        1.4915  DIHED      =       15.4668
 VDWAALS =       -2.9660  EEL     =       -3.2290  EGB        =      -16.4757
 1-4 VDW =        3.2134  1-4 EEL =      -37.4250  RESTRAINT  =        0.0000


   NSTEP       ENERGY          RMS            GMAX         NAME    NUMBER
     88      -3.9526E+01     2.8821E-01     1.6014E+00     P          12

 BOND    =        0.4389  ANGLE   =        1.5164  DIHED      =       15.4525
 VDWAALS =       -2.9653  EEL     =       -3.2309  EGB        =      -16.5346
 1-4 VDW =        3.2130  1-4 EEL =      -37.4162  RESTRAINT  =        0.0000


   NSTEP       ENERGY          RMS            GMAX         NAME    NUMBER
     89      -3.9528E+01     3.8472E-01     2.7033E+00     P          12

 BOND    =        0.4544  ANGLE   =        1.5285  DIHED      =       15.4463
 VDWAALS =       -2.9650  EEL     =       -3.2317  EGB        =      -16.5605
 1-4 VDW =        3.2128  1-4 EEL =      -37.4123  RESTRAINT  =        0.0000


   NSTEP       ENERGY          RMS            GMAX         NAME    NUMBER
     90      -3.9549E+01     2.6720E-01     1.1893E+00     P          12

 BOND    =        0.4362  ANGLE   =        1.5267  DIHED      =       15.4387
 VDWAALS =       -2.9648  EEL     =       -3.2347  EGB        =      -16.5555
 1-4 VDW =        3.2145  1-4 EEL =      -37.4101  RESTRAINT  =        0.0000


   NSTEP       ENERGY          RMS            GMAX         NAME    NUMBER
     91      -3.9554E+01     3.6810E-01     1.6698E+00     HP         42

 BOND    =        0.4274  ANGLE   =        1.5309  DIHED      =       15.4327
 VDWAALS =       -2.9645  EEL     =       -3.2370  EGB        =      -16.5516
 1-4 VDW =        3.2161  1-4 EEL =      -37.4082  RESTRAINT  =        0.0000


   NSTEP       ENERGY          RMS            GMAX         NAME    NUMBER
     92      -3.9573E+01     6.2137E-01     2.7563E+00     O2P        14

 BOND    =        0.4617  ANGLE   =        1.4783  DIHED      =       15.4209
 VDWAALS =       -2.9647  EEL     =       -3.2393  EGB        =      -16.5647
 1-4 VDW =        3.2241  1-4 EEL =      -37.3897  RESTRAINT  =        0.0000


   NSTEP       ENERGY          RMS            GMAX         NAME    NUMBER
     93      -3.9574E+01     5.0832E-01     2.0324E+00     O2P        14

 BOND    =        0.4526  ANGLE   =        1.4864  DIHED      =       15.4229
 VDWAALS =       -2.9647  EEL     =       -3.2389  EGB        =      -16.5624
 1-4 VDW =        3.2227  1-4 EEL =      -37.3929  RESTRAINT  =        0.0000


   NSTEP       ENERGY          RMS            GMAX         NAME    NUMBER
     94      -3.9605E+01     3.4777E-01     2.0768E+00     O2P        14

 BOND    =        0.3999  ANGLE   =        1.4615  DIHED      =       15.4210
 VDWAALS =       -2.9646  EEL     =       -3.2472  EGB        =      -16.5305
 1-4 VDW =        3.2224  1-4 EEL =      -37.3677  RESTRAINT  =        0.0000


   NSTEP       ENERGY          RMS            GMAX         NAME    NUMBER
     95      -3.9617E+01     4.7384E-01     2.1284E+00     O2P        14

 BOND    =        0.3540  ANGLE   =        1.4431  DIHED      =       15.4193
 VDWAALS =       -2.9642  EEL     =       -3.2563  EGB        =      -16.4955
 1-4 VDW =        3.2225  1-4 EEL =      -37.3399  RESTRAINT  =        0.0000


   NSTEP       ENERGY          RMS            GMAX         NAME    NUMBER
     96      -3.9654E+01     5.8431E-01     2.6211E+00     P          12

 BOND    =        0.4343  ANGLE   =        1.2993  DIHED      =       15.4189
 VDWAALS =       -2.9627  EEL     =       -3.2595  EGB        =      -16.5653
 1-4 VDW =        3.2309  1-4 EEL =      -37.2496  RESTRAINT  =        0.0000


   NSTEP       ENERGY          RMS            GMAX         NAME    NUMBER
     97      -3.9654E+01     5.7236E-01     2.5760E+00     P          12

 BOND    =        0.4323  ANGLE   =        1.3019  DIHED      =       15.4189
 VDWAALS =       -2.9627  EEL     =       -3.2595  EGB        =      -16.5638
 1-4 VDW =        3.2307  1-4 EEL =      -37.2514  RESTRAINT  =        0.0000


   NSTEP       ENERGY          RMS            GMAX         NAME    NUMBER
     98      -3.9690E+01     4.2786E-01     1.7278E+00     C10        10

 BOND    =        0.4032  ANGLE   =        1.1781  DIHED      =       15.4238
 VDWAALS =       -2.9612  EEL     =       -3.2585  EGB        =      -16.5523
 1-4 VDW =        3.2336  1-4 EEL =      -37.1572  RESTRAINT  =        0.0000


   NSTEP       ENERGY          RMS            GMAX         NAME    NUMBER
     99      -3.9690E+01     4.2603E-01     1.7180E+00     C10        10

 BOND    =        0.4033  ANGLE   =        1.1786  DIHED      =       15.4238
 VDWAALS =       -2.9612  EEL     =       -3.2585  EGB        =      -16.5524
 1-4 VDW =        3.2336  1-4 EEL =      -37.1576  RESTRAINT  =        0.0000


   NSTEP       ENERGY          RMS            GMAX         NAME    NUMBER
    100      -3.9714E+01     3.4954E-01     2.2505E+00     C1          1

 BOND    =        0.4087  ANGLE   =        1.1335  DIHED      =       15.4156
 VDWAALS =       -2.9610  EEL     =       -3.2551  EGB        =      -16.5699
 1-4 VDW =        3.2460  1-4 EEL =      -37.1315  RESTRAINT  =        0.0000


  Maximum number of minimization cycles reached.


                    FINAL RESULTS



   NSTEP       ENERGY          RMS            GMAX         NAME    NUMBER
    100      -3.9714E+01     3.4954E-01     2.2505E+00     C1          1

 BOND    =        0.4087  ANGLE   =        1.1335  DIHED      =       15.4156
 VDWAALS =       -2.9610  EEL     =       -3.2551  EGB        =      -16.5699
 1-4 VDW =        3.2460  1-4 EEL =      -37.1315  RESTRAINT  =        0.0000

--------------------------------------------------------------------------------
   5.  TIMINGS
--------------------------------------------------------------------------------

|    Read coords time           0.00 ( 0.29% of Total)
|    Fast Water setup           0.00 ( 0.01% of Total)
|                Calc gb radii              0.01 (25.14% of Gen B)
|                Calc gb diag               0.01 (40.81% of Gen B)
|                Calc gb off-diag           0.01 (33.90% of Gen B)
|                Other                      0.00 ( 0.15% of Gen B)
|             Gen Born time              0.03 (100.0% of Nonbo)
|             IPS excludes               0.00 ( 0.02% of Nonbo)
|          Nonbond force              0.03 (85.39% of Force)
|          Bond/Angle/Dihedral        0.00 (14.12% of Force)
|          Other                      0.00 ( 0.49% of Force)
|       Force time                 0.03 (100.0% of Runmd)
|    Runmd Time                 0.03 (48.04% of Total)
|    Other                      0.04 (51.67% of Total)
| Total time                 0.07 (99.74% of ALL  )

| Number of list builds   :          0

| Highest rstack allocated:          0
| Highest istack allocated:          0
|           Job began  at 00:02:54.248  on 02/05/2016
|           Setup done at 00:02:54.254  on 02/05/2016
|           Run   done at 00:02:54.320  on 02/05/2016
|     wallclock() was called    1828 times
