
          -------------------------------------------------------
          Amber 16 SANDER                              2016
          -------------------------------------------------------

| Run on 04/20/2016 at 15:26:26

|   Executable path: sander
| Working directory: /gpfs/gpfs/project1/dacase-001/haichit/phenix_amber/run_amber_library/amber_library/c
|          Hostname: e1c029

  [-O]verwriting output

File Assignments:
|  MDIN: C1K_sander.in                                                         
| MDOUT: C1K.min_igb.out                                                       
|INPCRD: C1K.rst7                                                              
|  PARM: C1K.prmtop                                                            
|RESTRT: C1K.min_igb.rst7                                                      
|  REFC: refc                                                                  
| MDVEL: mdvel                                                                 
| MDFRC: mdfrc                                                                 
|  MDEN: mden                                                                  
| MDCRD: mdcrd                                                                 
|MDINFO: mdinfo                                                                
|  MTMD: mtmd                                                                  
|INPDIP: inpdip                                                                
|RSTDIP: rstdip                                                                
|INPTRA: inptraj                                                               


 Here is the input file:

  short minimization                                                           
 &cntrl                                                                        
   imin=1, maxcyc=100, ncyc=50, ntpr=1, cut=99., ntb=0, igb=2                  
 /                                                                             

--------------------------------------------------------------------------------
   1.  RESOURCE   USE: 
--------------------------------------------------------------------------------

| Flags:                                                                        
| New format PARM file being parsed.
| Version =    1.000 Date = 04/20/16 Time = 15:26:26
 NATOM  =      41 NTYPES =       8 NBONH =      24 MBONA  =      18
 NTHETH =      57 MTHETA =      25 NPHIH =     117 MPHIA  =      63
 NHPARM =       0 NPARM  =       0 NNB   =     260 NRES   =       1
 NBONA  =      18 NTHETA =      25 NPHIA =      63 NUMBND =       8
 NUMANG =      14 NPTRA  =      12 NATYP =       8 NPHB   =       0
 IFBOX  =       0 NMXRS  =      41 IFCAP =       0 NEXTRA =       0
 NCOPY  =       0

 Implicit solvent radii are H(N)-modified Bondi radii (mbondi2)                                             

|     Memory Use     Allocated
|     Real                6714
|     Hollerith            126
|     Integer            22439
|     Max Pairs              1
|     nblistReal             0
|     nblist Int             0
|       Total              140 kbytes

| Note: 1-4 EEL scale factors are being read from the topology file.

| Note: 1-4 VDW scale factors are being read from the topology file.
| Duplicated    0 dihedrals
| Duplicated    0 dihedrals

--------------------------------------------------------------------------------
   2.  CONTROL  DATA  FOR  THE  RUN
--------------------------------------------------------------------------------

C1K                                                                             

General flags:
     imin    =       1, nmropt  =       0

Nature and format of input:
     ntx     =       1, irest   =       0, ntrx    =       1

Nature and format of output:
     ntxo    =       2, ntpr    =       1, ntrx    =       1, ntwr    =       1
     iwrap   =       0, ntwx    =       0, ntwv    =       0, ntwe    =       0
     ioutfm  =       1, ntwprt  =       0, idecomp =       0, rbornstat=      0

Potential function:
     ntf     =       1, ntb     =       0, igb     =       2, nsnb    =      25
     ipol    =       0, gbsa    =       0, iesp    =       0
     dielc   =   1.00000, cut     =  99.00000, intdiel =   1.00000
     saltcon =   0.00000, offset  =   0.09000, gbalpha=    0.80000
     gbbeta  =   0.00000, gbgamma =   2.90912, surften =   0.00500
     rdt     =   0.00000, rgbmax  =  25.00000  extdiel =  78.50000
     alpb  =        0

Frozen or restrained atoms:
     ibelly  =       0, ntr     =       0

Energy minimization:
     maxcyc  =     100, ncyc    =      50, ntmin   =       1
     dx0     =   0.01000, drms    =   0.00010
|  INFO: Old style inpcrd file read


--------------------------------------------------------------------------------
   3.  ATOMIC COORDINATES AND VELOCITIES
--------------------------------------------------------------------------------

C1K                                                                             
 begin time read from input coords =     0.000 ps

 Number of triangulated 3-point waters found:        0

--------------------------------------------------------------------------------
   4.  RESULTS
--------------------------------------------------------------------------------



   NSTEP       ENERGY          RMS            GMAX         NAME    NUMBER
      1       2.7898E+01     1.1740E+01     3.3249E+01     CAF         2

 BOND    =        6.0238  ANGLE   =        6.9047  DIHED      =       19.1946
 VDWAALS =       -3.2013  EEL     =       10.6648  EGB        =      -59.6623
 1-4 VDW =        4.6749  1-4 EEL =       43.2990  RESTRAINT  =        0.0000


   NSTEP       ENERGY          RMS            GMAX         NAME    NUMBER
      2       2.7267E+01     1.1032E+01     3.0830E+01     CAF         2

 BOND    =        5.4445  ANGLE   =        6.9179  DIHED      =       19.1930
 VDWAALS =       -3.2041  EEL     =       10.6777  EGB        =      -59.6974
 1-4 VDW =        4.6458  1-4 EEL =       43.2896  RESTRAINT  =        0.0000


   NSTEP       ENERGY          RMS            GMAX         NAME    NUMBER
      3       2.6561E+01     1.0203E+01     2.7967E+01     CAF         2

 BOND    =        4.7995  ANGLE   =        6.9360  DIHED      =       19.1907
 VDWAALS =       -3.2079  EEL     =       10.6940  EGB        =      -59.7403
 1-4 VDW =        4.6113  1-4 EEL =       43.2775  RESTRAINT  =        0.0000


   NSTEP       ENERGY          RMS            GMAX         NAME    NUMBER
      4       2.5785E+01     9.2424E+00     2.4598E+01     CAF         2

 BOND    =        4.0971  ANGLE   =        6.9592  DIHED      =       19.1875
 VDWAALS =       -3.2131  EEL     =       10.7152  EGB        =      -59.7932
 1-4 VDW =        4.5706  1-4 EEL =       43.2617  RESTRAINT  =        0.0000


   NSTEP       ENERGY          RMS            GMAX         NAME    NUMBER
      5       2.4952E+01     8.1508E+00     2.0674E+01     CAF         2

 BOND    =        3.3562  ANGLE   =        6.9864  DIHED      =       19.1826
 VDWAALS =       -3.2205  EEL     =       10.7432  EGB        =      -59.8586
 1-4 VDW =        4.5225  1-4 EEL =       43.2407  RESTRAINT  =        0.0000


   NSTEP       ENERGY          RMS            GMAX         NAME    NUMBER
      6       2.4086E+01     6.9505E+00     1.6617E+01     CAE         3

 BOND    =        2.6112  ANGLE   =        7.0124  DIHED      =       19.1752
 VDWAALS =       -3.2313  EEL     =       10.7814  EGB        =      -59.9402
 1-4 VDW =        4.4660  1-4 EEL =       43.2117  RESTRAINT  =        0.0000


   NSTEP       ENERGY          RMS            GMAX         NAME    NUMBER
      7       2.3217E+01     5.7148E+00     1.4470E+01     HAO        31

 BOND    =        1.9159  ANGLE   =        7.0217  DIHED      =       19.1632
 VDWAALS =       -3.2477  EEL     =       10.8354  EGB        =      -60.0421
 1-4 VDW =        4.4005  1-4 EEL =       43.1704  RESTRAINT  =        0.0000


   NSTEP       ENERGY          RMS            GMAX         NAME    NUMBER
      8       2.2373E+01     4.6019E+00     1.3662E+01     HAO        31

 BOND    =        1.3423  ANGLE   =        6.9796  DIHED      =       19.1434
 VDWAALS =       -3.2733  EEL     =       10.9151  EGB        =      -60.1688
 1-4 VDW =        4.3260  1-4 EEL =       43.1089  RESTRAINT  =        0.0000


   NSTEP       ENERGY          RMS            GMAX         NAME    NUMBER
      9       2.1553E+01     3.8030E+00     1.2637E+01     HAO        31

 BOND    =        0.9523  ANGLE   =        6.8260  DIHED      =       19.1115
 VDWAALS =       -3.3134  EEL     =       11.0356  EGB        =      -60.3202
 1-4 VDW =        4.2457  1-4 EEL =       43.0152  RESTRAINT  =        0.0000


   NSTEP       ENERGY          RMS            GMAX         NAME    NUMBER
     10       2.0717E+01     3.2748E+00     1.1332E+01     HAO        31

 BOND    =        0.7313  ANGLE   =        6.5225  DIHED      =       19.0656
 VDWAALS =       -3.3716  EEL     =       11.2118  EGB        =      -60.4855
 1-4 VDW =        4.1655  1-4 EEL =       42.8773  RESTRAINT  =        0.0000


   NSTEP       ENERGY          RMS            GMAX         NAME    NUMBER
     11       1.9852E+01     2.7901E+00     9.6419E+00     HAO        31

 BOND    =        0.5872  ANGLE   =        6.1370  DIHED      =       19.0101
 VDWAALS =       -3.4459  EEL     =       11.4505  EGB        =      -60.6570
 1-4 VDW =        4.0804  1-4 EEL =       42.6899  RESTRAINT  =        0.0000


   NSTEP       ENERGY          RMS            GMAX         NAME    NUMBER
     12       1.8984E+01     2.2922E+00     7.5209E+00     HAO        31

 BOND    =        0.4775  ANGLE   =        5.7741  DIHED      =       18.9484
 VDWAALS =       -3.5329  EEL     =       11.7521  EGB        =      -60.8544
 1-4 VDW =        3.9658  1-4 EEL =       42.4532  RESTRAINT  =        0.0000


   NSTEP       ENERGY          RMS            GMAX         NAME    NUMBER
     13       1.8147E+01     1.8023E+00     5.2536E+00     HAO        31

 BOND    =        0.4374  ANGLE   =        5.4770  DIHED      =       18.8798
 VDWAALS =       -3.6310  EEL     =       12.1103  EGB        =      -61.1036
 1-4 VDW =        3.8032  1-4 EEL =       42.1738  RESTRAINT  =        0.0000


   NSTEP       ENERGY          RMS            GMAX         NAME    NUMBER
     14       1.7378E+01     1.3510E+00     4.3200E+00     HAD        33

 BOND    =        0.4722  ANGLE   =        5.2575  DIHED      =       18.8122
 VDWAALS =       -3.7380  EEL     =       12.5284  EGB        =      -61.4062
 1-4 VDW =        3.5913  1-4 EEL =       41.8607  RESTRAINT  =        0.0000


   NSTEP       ENERGY          RMS            GMAX         NAME    NUMBER
     15       1.6729E+01     1.1848E+00     3.3384E+00     NAK         7

 BOND    =        0.6321  ANGLE   =        5.1477  DIHED      =       18.7382
 VDWAALS =       -3.8469  EEL     =       12.9271  EGB        =      -61.7643
 1-4 VDW =        3.3089  1-4 EEL =       41.5866  RESTRAINT  =        0.0000


   NSTEP       ENERGY          RMS            GMAX         NAME    NUMBER
     16       1.7590E+01     6.7473E+00     2.2916E+01     CAL         6

 BOND    =        1.6198  ANGLE   =        5.0288  DIHED      =       18.8055
 VDWAALS =       -3.9257  EEL     =       13.4477  EGB        =      -61.9315
 1-4 VDW =        3.2225  1-4 EEL =       41.3231  RESTRAINT  =        0.0000


   NSTEP       ENERGY          RMS            GMAX         NAME    NUMBER
     17       1.6272E+01     9.7813E-01     3.3991E+00     CAE         3

 BOND    =        0.7409  ANGLE   =        4.9619  DIHED      =       18.7184
 VDWAALS =       -3.9346  EEL     =       13.2769  EGB        =      -62.0333
 1-4 VDW =        3.1175  1-4 EEL =       41.4242  RESTRAINT  =        0.0000


   NSTEP       ENERGY          RMS            GMAX         NAME    NUMBER
     18       1.6683E+01     4.3270E+00     1.3995E+01     CAG         4

 BOND    =        1.4390  ANGLE   =        5.2243  DIHED      =       18.6323
 VDWAALS =       -3.9585  EEL     =       13.2145  EGB        =      -62.2238
 1-4 VDW =        2.8730  1-4 EEL =       41.4819  RESTRAINT  =        0.0000


   NSTEP       ENERGY          RMS            GMAX         NAME    NUMBER
     19       1.6113E+01     1.1367E+00     3.6225E+00     CAE         3

 BOND    =        0.9082  ANGLE   =        4.9593  DIHED      =       18.6765
 VDWAALS =       -3.9636  EEL     =       13.3226  EGB        =      -62.1888
 1-4 VDW =        2.9600  1-4 EEL =       41.4386  RESTRAINT  =        0.0000


   NSTEP       ENERGY          RMS            GMAX         NAME    NUMBER
     20       1.6206E+01     2.4240E+00     9.7962E+00     CAE         3

 BOND    =        0.8832  ANGLE   =        4.8537  DIHED      =       18.7146
 VDWAALS =       -3.9808  EEL     =       13.4484  EGB        =      -62.1740
 1-4 VDW =        3.0564  1-4 EEL =       41.4042  RESTRAINT  =        0.0000


   NSTEP       ENERGY          RMS            GMAX         NAME    NUMBER
     21       1.6014E+01     7.0100E-01     2.7105E+00     CAE         3

 BOND    =        0.8214  ANGLE   =        4.8901  DIHED      =       18.6851
 VDWAALS =       -3.9804  EEL     =       13.3985  EGB        =      -62.2118
 1-4 VDW =        2.9820  1-4 EEL =       41.4294  RESTRAINT  =        0.0000


   NSTEP       ENERGY          RMS            GMAX         NAME    NUMBER
     22       1.5997E+01     1.1890E+00     4.3136E+00     CAE         3

 BOND    =        0.9740  ANGLE   =        4.9051  DIHED      =       18.6589
 VDWAALS =       -3.9853  EEL     =       13.3768  EGB        =      -62.2791
 1-4 VDW =        2.8922  1-4 EEL =       41.4545  RESTRAINT  =        0.0000


   NSTEP       ENERGY          RMS            GMAX         NAME    NUMBER
     23       1.5989E+01     1.4489E+00     6.3070E+00     CAE         3

 BOND    =        0.8500  ANGLE   =        4.8441  DIHED      =       18.6844
 VDWAALS =       -3.9964  EEL     =       13.4526  EGB        =      -62.2566
 1-4 VDW =        2.9752  1-4 EEL =       41.4361  RESTRAINT  =        0.0000


   NSTEP       ENERGY          RMS            GMAX         NAME    NUMBER
     24       1.5996E+01     1.7828E+00     6.6630E+00     CAE         3

 BOND    =        1.0617  ANGLE   =        4.9211  DIHED      =       18.6374
 VDWAALS =       -3.9956  EEL     =       13.3834  EGB        =      -62.3279
 1-4 VDW =        2.8413  1-4 EEL =       41.4751  RESTRAINT  =        0.0000


   NSTEP       ENERGY          RMS            GMAX         NAME    NUMBER
     25       1.5886E+01     4.5133E-01     1.2714E+00     HAD        33

 BOND    =        0.9072  ANGLE   =        4.8504  DIHED      =       18.6580
 VDWAALS =       -3.9997  EEL     =       13.4282  EGB        =      -62.3133
 1-4 VDW =        2.8936  1-4 EEL =       41.4615  RESTRAINT  =        0.0000


   NSTEP       ENERGY          RMS            GMAX         NAME    NUMBER
     26       1.5848E+01     7.0873E-01     2.7230E+00     CAE         3

 BOND    =        0.8691  ANGLE   =        4.8487  DIHED      =       18.6510
 VDWAALS =       -4.0108  EEL     =       13.4532  EGB        =      -62.3331
 1-4 VDW =        2.8974  1-4 EEL =       41.4724  RESTRAINT  =        0.0000


   NSTEP       ENERGY          RMS            GMAX         NAME    NUMBER
     27       1.5868E+01     1.4392E+00     4.8950E+00     CAE         3

 BOND    =        1.0894  ANGLE   =        4.7978  DIHED      =       18.6370
 VDWAALS =       -4.0093  EEL     =       13.4468  EGB        =      -62.3963
 1-4 VDW =        2.8120  1-4 EEL =       41.4904  RESTRAINT  =        0.0000


   NSTEP       ENERGY          RMS            GMAX         NAME    NUMBER
     28       1.5798E+01     4.4334E-01     1.1347E+00     HAD        33

 BOND    =        0.9459  ANGLE   =        4.8216  DIHED      =       18.6369
 VDWAALS =       -4.0144  EEL     =       13.4512  EGB        =      -62.3812
 1-4 VDW =        2.8457  1-4 EEL =       41.4923  RESTRAINT  =        0.0000


   NSTEP       ENERGY          RMS            GMAX         NAME    NUMBER
     29       1.5777E+01     6.3181E-01     2.5815E+00     CAE         3

 BOND    =        0.8977  ANGLE   =        4.8164  DIHED      =       18.6350
 VDWAALS =       -4.0213  EEL     =       13.4735  EGB        =      -62.3833
 1-4 VDW =        2.8630  1-4 EEL =       41.4963  RESTRAINT  =        0.0000


   NSTEP       ENERGY          RMS            GMAX         NAME    NUMBER
     30       1.5771E+01     9.0957E-01     3.3187E+00     CAE         3

 BOND    =        1.0316  ANGLE   =        4.8035  DIHED      =       18.6189
 VDWAALS =       -4.0201  EEL     =       13.4511  EGB        =      -62.4307
 1-4 VDW =        2.7981  1-4 EEL =       41.5185  RESTRAINT  =        0.0000


   NSTEP       ENERGY          RMS            GMAX         NAME    NUMBER
     31       1.5763E+01     1.0509E+00     4.5758E+00     CAE         3

 BOND    =        0.8931  ANGLE   =        4.8170  DIHED      =       18.6260
 VDWAALS =       -4.0285  EEL     =       13.4837  EGB        =      -62.4018
 1-4 VDW =        2.8628  1-4 EEL =       41.5111  RESTRAINT  =        0.0000


   NSTEP       ENERGY          RMS            GMAX         NAME    NUMBER
     32       1.5769E+01     1.3228E+00     5.0934E+00     CAE         3

 BOND    =        1.1069  ANGLE   =        4.7840  DIHED      =       18.6067
 VDWAALS =       -4.0233  EEL     =       13.4555  EGB        =      -62.4636
 1-4 VDW =        2.7666  1-4 EEL =       41.5359  RESTRAINT  =        0.0000


   NSTEP       ENERGY          RMS            GMAX         NAME    NUMBER
     33       1.5707E+01     3.4357E-01     1.0837E+00     HAD        33

 BOND    =        0.9632  ANGLE   =        4.7980  DIHED      =       18.6102
 VDWAALS =       -4.0281  EEL     =       13.4669  EGB        =      -62.4430
 1-4 VDW =        2.8069  1-4 EEL =       41.5325  RESTRAINT  =        0.0000


   NSTEP       ENERGY          RMS            GMAX         NAME    NUMBER
     34       1.5684E+01     5.2381E-01     2.0126E+00     CAE         3

 BOND    =        0.9440  ANGLE   =        4.7807  DIHED      =       18.6061
 VDWAALS =       -4.0330  EEL     =       13.4854  EGB        =      -62.4538
 1-4 VDW =        2.8148  1-4 EEL =       41.5399  RESTRAINT  =        0.0000


   NSTEP       ENERGY          RMS            GMAX         NAME    NUMBER
     35       1.5691E+01     1.0392E+00     3.6967E+00     CAE         3

 BOND    =        1.0511  ANGLE   =        4.8144  DIHED      =       18.5817
 VDWAALS =       -4.0328  EEL     =       13.4429  EGB        =      -62.4902
 1-4 VDW =        2.7525  1-4 EEL =       41.5716  RESTRAINT  =        0.0000


   NSTEP       ENERGY          RMS            GMAX         NAME    NUMBER
     36       1.5654E+01     3.3344E-01     1.0693E+00     HAD        33

 BOND    =        0.9863  ANGLE   =        4.7841  DIHED      =       18.5898
 VDWAALS =       -4.0347  EEL     =       13.4686  EGB        =      -62.4830
 1-4 VDW =        2.7800  1-4 EEL =       41.5625  RESTRAINT  =        0.0000


   NSTEP       ENERGY          RMS            GMAX         NAME    NUMBER
     37       1.5639E+01     4.4091E-01     1.6853E+00     CAE         3

 BOND    =        0.9556  ANGLE   =        4.7797  DIHED      =       18.5867
 VDWAALS =       -4.0380  EEL     =       13.4801  EGB        =      -62.4838
 1-4 VDW =        2.7918  1-4 EEL =       41.5671  RESTRAINT  =        0.0000


   NSTEP       ENERGY          RMS            GMAX         NAME    NUMBER
     38       1.5633E+01     6.6055E-01     2.3454E+00     CAE         3

 BOND    =        1.0405  ANGLE   =        4.7821  DIHED      =       18.5710
 VDWAALS =       -4.0372  EEL     =       13.4566  EGB        =      -62.5161
 1-4 VDW =        2.7473  1-4 EEL =       41.5884  RESTRAINT  =        0.0000


   NSTEP       ENERGY          RMS            GMAX         NAME    NUMBER
     39       1.5627E+01     7.8132E-01     3.4059E+00     CAE         3

 BOND    =        0.9487  ANGLE   =        4.7743  DIHED      =       18.5785
 VDWAALS =       -4.0414  EEL     =       13.4859  EGB        =      -62.4936
 1-4 VDW =        2.7955  1-4 EEL =       41.5793  RESTRAINT  =        0.0000


   NSTEP       ENERGY          RMS            GMAX         NAME    NUMBER
     40       1.5627E+01     9.6066E-01     3.7953E+00     CAE         3

 BOND    =        1.0853  ANGLE   =        4.7861  DIHED      =       18.5558
 VDWAALS =       -4.0389  EEL     =       13.4469  EGB        =      -62.5399
 1-4 VDW =        2.7238  1-4 EEL =       41.6079  RESTRAINT  =        0.0000


   NSTEP       ENERGY          RMS            GMAX         NAME    NUMBER
     41       1.5630E+01     1.1524E+00     5.0576E+00     CAE         3

 BOND    =        0.9513  ANGLE   =        4.7673  DIHED      =       18.5728
 VDWAALS =       -4.0435  EEL     =       13.4904  EGB        =      -62.4981
 1-4 VDW =        2.8011  1-4 EEL =       41.5890  RESTRAINT  =        0.0000


   NSTEP       ENERGY          RMS            GMAX         NAME    NUMBER
     42       1.5583E+01     2.7486E-01     9.2625E-01     HAD        33

 BOND    =        0.9893  ANGLE   =        4.7755  DIHED      =       18.5582
 VDWAALS =       -4.0423  EEL     =       13.4666  EGB        =      -62.5275
 1-4 VDW =        2.7573  1-4 EEL =       41.6056  RESTRAINT  =        0.0000


   NSTEP       ENERGY          RMS            GMAX         NAME    NUMBER
     43       1.5567E+01     4.5750E-01     1.2914E+00     CAL         6

 BOND    =        1.0321  ANGLE   =        4.7665  DIHED      =       18.5447
 VDWAALS =       -4.0422  EEL     =       13.4542  EGB        =      -62.5449
 1-4 VDW =        2.7316  1-4 EEL =       41.6245  RESTRAINT  =        0.0000


   NSTEP       ENERGY          RMS            GMAX         NAME    NUMBER
     44       1.5580E+01     1.0299E+00     3.6458E+00     CAQ         8

 BOND    =        0.9764  ANGLE   =        4.8009  DIHED      =       18.5413
 VDWAALS =       -4.0479  EEL     =       13.4683  EGB        =      -62.5537
 1-4 VDW =        2.7670  1-4 EEL =       41.6274  RESTRAINT  =        0.0000


   NSTEP       ENERGY          RMS            GMAX         NAME    NUMBER
     45       1.5546E+01     3.1504E-01     1.0492E+00     CAE         3

 BOND    =        0.9942  ANGLE   =        4.7741  DIHED      =       18.5377
 VDWAALS =       -4.0452  EEL     =       13.4599  EGB        =      -62.5510
 1-4 VDW =        2.7442  1-4 EEL =       41.6323  RESTRAINT  =        0.0000


   NSTEP       ENERGY          RMS            GMAX         NAME    NUMBER
     46       1.5539E+01     4.5650E-01     1.4780E+00     CAE         3

 BOND    =        1.0465  ANGLE   =        4.7692  DIHED      =       18.5267
 VDWAALS =       -4.0439  EEL     =       13.4438  EGB        =      -62.5683
 1-4 VDW =        2.7165  1-4 EEL =       41.6480  RESTRAINT  =        0.0000


   NSTEP       ENERGY          RMS            GMAX         NAME    NUMBER
     47       1.5535E+01     6.0762E-01     2.5405E+00     CAE         3

 BOND    =        0.9839  ANGLE   =        4.7821  DIHED      =       18.5267
 VDWAALS =       -4.0475  EEL     =       13.4584  EGB        =      -62.5622
 1-4 VDW =        2.7477  1-4 EEL =       41.6456  RESTRAINT  =        0.0000


   NSTEP       ENERGY          RMS            GMAX         NAME    NUMBER
     48       1.5532E+01     7.3252E-01     2.6426E+00     CAE         3

 BOND    =        1.0787  ANGLE   =        4.7621  DIHED      =       18.5149
 VDWAALS =       -4.0434  EEL     =       13.4349  EGB        =      -62.5781
 1-4 VDW =        2.6999  1-4 EEL =       41.6632  RESTRAINT  =        0.0000


   NSTEP       ENERGY          RMS            GMAX         NAME    NUMBER
     49       1.5535E+01     9.3756E-01     3.4977E+00     CAE         3

 BOND    =        0.9874  ANGLE   =        4.8020  DIHED      =       18.5159
 VDWAALS =       -4.0495  EEL     =       13.4516  EGB        =      -62.5795
 1-4 VDW =        2.7473  1-4 EEL =       41.6595  RESTRAINT  =        0.0000


   NSTEP       ENERGY          RMS            GMAX         NAME    NUMBER
     50       1.5506E+01     2.5399E-01     8.4369E-01     HAD        33

 BOND    =        1.0132  ANGLE   =        4.7727  DIHED      =       18.5121
 VDWAALS =       -4.0465  EEL     =       13.4435  EGB        =      -62.5774
 1-4 VDW =        2.7232  1-4 EEL =       41.6649  RESTRAINT  =        0.0000


   NSTEP       ENERGY          RMS            GMAX         NAME    NUMBER
     51       1.5496E+01     4.1211E-01     1.1596E+00     CAE         3

 BOND    =        1.0523  ANGLE   =        4.7813  DIHED      =       18.4987
 VDWAALS =       -4.0461  EEL     =       13.4268  EGB        =      -62.6003
 1-4 VDW =        2.7007  1-4 EEL =       41.6831  RESTRAINT  =        0.0000


   NSTEP       ENERGY          RMS            GMAX         NAME    NUMBER
     52       4.6699E+01     3.1097E+01     1.0934E+02     CAE         3

 BOND    =       25.2427  ANGLE   =        9.1840  DIHED      =       18.7510
 VDWAALS =       -4.0630  EEL     =       13.9953  EGB        =      -61.8329
 1-4 VDW =        3.9509  1-4 EEL =       41.4715  RESTRAINT  =        0.0000


   NSTEP       ENERGY          RMS            GMAX         NAME    NUMBER
     53       1.5489E+01     2.6213E-01     8.2997E-01     HAD        33

 BOND    =        1.0203  ANGLE   =        4.7723  DIHED      =       18.5002
 VDWAALS =       -4.0467  EEL     =       13.4355  EGB        =      -62.5873
 1-4 VDW =        2.7149  1-4 EEL =       41.6796  RESTRAINT  =        0.0000


   NSTEP       ENERGY          RMS            GMAX         NAME    NUMBER
     54       1.5483E+01     2.5533E-01     8.1131E-01     HAD        33

 BOND    =        1.0193  ANGLE   =        4.7755  DIHED      =       18.4958
 VDWAALS =       -4.0471  EEL     =       13.4329  EGB        =      -62.5925
 1-4 VDW =        2.7137  1-4 EEL =       41.6850  RESTRAINT  =        0.0000


   NSTEP       ENERGY          RMS            GMAX         NAME    NUMBER
     55       1.5453E+01     8.9920E-01     3.7338E+00     CAQ         8

 BOND    =        1.0270  ANGLE   =        4.8132  DIHED      =       18.4569
 VDWAALS =       -4.0500  EEL     =       13.4102  EGB        =      -62.6417
 1-4 VDW =        2.7030  1-4 EEL =       41.7340  RESTRAINT  =        0.0000


   NSTEP       ENERGY          RMS            GMAX         NAME    NUMBER
     56       1.5392E+01     7.7018E-01     3.1985E+00     CAQ         8

 BOND    =        1.0515  ANGLE   =        4.8234  DIHED      =       18.4127
 VDWAALS =       -4.0504  EEL     =       13.3786  EGB        =      -62.6860
 1-4 VDW =        2.6722  1-4 EEL =       41.7906  RESTRAINT  =        0.0000


   NSTEP       ENERGY          RMS            GMAX         NAME    NUMBER
     57       1.5217E+01     6.2941E-01     2.9696E+00     OAD        10

 BOND    =        1.4158  ANGLE   =        4.9545  DIHED      =       18.1659
 VDWAALS =       -4.0483  EEL     =       13.1916  EGB        =      -63.0883
 1-4 VDW =        2.4666  1-4 EEL =       42.1592  RESTRAINT  =        0.0000


   NSTEP       ENERGY          RMS            GMAX         NAME    NUMBER
     58       1.5533E+01     2.9070E+00     1.4283E+01     OAD        10

 BOND    =        1.1219  ANGLE   =        5.1649  DIHED      =       18.0564
 VDWAALS =       -4.0734  EEL     =       13.4908  EGB        =      -62.9906
 1-4 VDW =        2.3525  1-4 EEL =       42.4110  RESTRAINT  =        0.0000


   NSTEP       ENERGY          RMS            GMAX         NAME    NUMBER
     59       1.5200E+01     2.7861E-01     1.0981E+00     OAD        10

 BOND    =        1.2970  ANGLE   =        4.9835  DIHED      =       18.1436
 VDWAALS =       -4.0533  EEL     =       13.2436  EGB        =      -63.0655
 1-4 VDW =        2.4457  1-4 EEL =       42.2058  RESTRAINT  =        0.0000


   NSTEP       ENERGY          RMS            GMAX         NAME    NUMBER
     60       1.5194E+01     2.5422E-01     9.7660E-01     OAD        10

 BOND    =        1.2752  ANGLE   =        4.9937  DIHED      =       18.1365
 VDWAALS =       -4.0518  EEL     =       13.2262  EGB        =      -63.0531
 1-4 VDW =        2.4480  1-4 EEL =       42.2188  RESTRAINT  =        0.0000


   NSTEP       ENERGY          RMS            GMAX         NAME    NUMBER
     61       1.5183E+01     5.9705E-01     1.9940E+00     CAO         9

 BOND    =        1.2082  ANGLE   =        5.0335  DIHED      =       18.1115
 VDWAALS =       -4.0467  EEL     =       13.1649  EGB        =      -63.0093
 1-4 VDW =        2.4561  1-4 EEL =       42.2648  RESTRAINT  =        0.0000


   NSTEP       ENERGY          RMS            GMAX         NAME    NUMBER
     62       1.5152E+01     4.8788E-01     1.9600E+00     CAO         9

 BOND    =        1.1747  ANGLE   =        5.0497  DIHED      =       18.0816
 VDWAALS =       -4.0368  EEL     =       13.0881  EGB        =      -62.9826
 1-4 VDW =        2.4650  1-4 EEL =       42.3128  RESTRAINT  =        0.0000


   NSTEP       ENERGY          RMS            GMAX         NAME    NUMBER
     63       1.5115E+01     8.0162E-01     3.3157E+00     CAQ         8

 BOND    =        1.1021  ANGLE   =        5.1211  DIHED      =       17.9967
 VDWAALS =       -4.0062  EEL     =       12.8671  EGB        =      -62.9079
 1-4 VDW =        2.4916  1-4 EEL =       42.4502  RESTRAINT  =        0.0000


   NSTEP       ENERGY          RMS            GMAX         NAME    NUMBER
     64       1.5056E+01     8.3371E-01     3.3270E+00     NAK         7

 BOND    =        1.0426  ANGLE   =        5.2752  DIHED      =       17.8782
 VDWAALS =       -3.9633  EEL     =       12.6142  EGB        =      -62.9154
 1-4 VDW =        2.5262  1-4 EEL =       42.5979  RESTRAINT  =        0.0000


   NSTEP       ENERGY          RMS            GMAX         NAME    NUMBER
     65       1.5055E+01     7.2406E-01     2.7281E+00     NAK         7

 BOND    =        1.0443  ANGLE   =        5.2535  DIHED      =       17.8925
 VDWAALS =       -3.9688  EEL     =       12.6452  EGB        =      -62.9140
 1-4 VDW =        2.5219  1-4 EEL =       42.5799  RESTRAINT  =        0.0000


   NSTEP       ENERGY          RMS            GMAX         NAME    NUMBER
     66       1.5012E+01     5.4005E-01     1.5865E+00     HAK        29

 BOND    =        1.0441  ANGLE   =        5.3123  DIHED      =       17.7906
 VDWAALS =       -3.9351  EEL     =       12.5053  EGB        =      -62.8742
 1-4 VDW =        2.5421  1-4 EEL =       42.6272  RESTRAINT  =        0.0000


   NSTEP       ENERGY          RMS            GMAX         NAME    NUMBER
     67       1.5011E+01     4.6513E-01     1.3888E+00     CAP        15

 BOND    =        1.0405  ANGLE   =        5.3025  DIHED      =       17.8031
 VDWAALS =       -3.9393  EEL     =       12.5225  EGB        =      -62.8789
 1-4 VDW =        2.5396  1-4 EEL =       42.6214  RESTRAINT  =        0.0000


   NSTEP       ENERGY          RMS            GMAX         NAME    NUMBER
     68       1.4991E+01     3.7545E-01     1.0098E+00     CAM        11

 BOND    =        1.0841  ANGLE   =        5.3114  DIHED      =       17.7688
 VDWAALS =       -3.9315  EEL     =       12.4737  EGB        =      -62.8760
 1-4 VDW =        2.5265  1-4 EEL =       42.6338  RESTRAINT  =        0.0000


   NSTEP       ENERGY          RMS            GMAX         NAME    NUMBER
     69       1.4990E+01     4.3407E-01     1.3059E+00     CAM        11

 BOND    =        1.0937  ANGLE   =        5.3141  DIHED      =       17.7628
 VDWAALS =       -3.9301  EEL     =       12.4652  EGB        =      -62.8756
 1-4 VDW =        2.5242  1-4 EEL =       42.6359  RESTRAINT  =        0.0000


   NSTEP       ENERGY          RMS            GMAX         NAME    NUMBER
     70       1.4968E+01     4.4210E-01     1.3566E+00     HAQ        30

 BOND    =        1.1322  ANGLE   =        5.3313  DIHED      =       17.7341
 VDWAALS =       -3.9285  EEL     =       12.4252  EGB        =      -62.8855
 1-4 VDW =        2.5162  1-4 EEL =       42.6433  RESTRAINT  =        0.0000


   NSTEP       ENERGY          RMS            GMAX         NAME    NUMBER
     71       1.4967E+01     5.4180E-01     1.5129E+00     HAQ        30

 BOND    =        1.1444  ANGLE   =        5.3376  DIHED      =       17.7270
 VDWAALS =       -3.9281  EEL     =       12.4153  EGB        =      -62.8882
 1-4 VDW =        2.5142  1-4 EEL =       42.6451  RESTRAINT  =        0.0000


   NSTEP       ENERGY          RMS            GMAX         NAME    NUMBER
     72       1.4935E+01     4.2527E-01     1.5133E+00     HAK        29

 BOND    =        1.1804  ANGLE   =        5.3717  DIHED      =       17.6872
 VDWAALS =       -3.9319  EEL     =       12.4074  EGB        =      -62.9342
 1-4 VDW =        2.5084  1-4 EEL =       42.6459  RESTRAINT  =        0.0000


   NSTEP       ENERGY          RMS            GMAX         NAME    NUMBER
     73       1.4929E+01     6.0289E-01     2.0480E+00     HAK        29

 BOND    =        1.2147  ANGLE   =        5.3997  DIHED      =       17.6610
 VDWAALS =       -3.9344  EEL     =       12.4026  EGB        =      -62.9654
 1-4 VDW =        2.5048  1-4 EEL =       42.6458  RESTRAINT  =        0.0000


   NSTEP       ENERGY          RMS            GMAX         NAME    NUMBER
     74       1.4890E+01     5.9626E-01     2.2322E+00     CAQ         8

 BOND    =        1.1793  ANGLE   =        5.4825  DIHED      =       17.6089
 VDWAALS =       -3.9517  EEL     =       12.3852  EGB        =      -62.9890
 1-4 VDW =        2.4862  1-4 EEL =       42.6884  RESTRAINT  =        0.0000


   NSTEP       ENERGY          RMS            GMAX         NAME    NUMBER
     75       1.4890E+01     5.9980E-01     2.2437E+00     CAQ         8

 BOND    =        1.1792  ANGLE   =        5.4831  DIHED      =       17.6086
 VDWAALS =       -3.9518  EEL     =       12.3851  EGB        =      -62.9891
 1-4 VDW =        2.4861  1-4 EEL =       42.6886  RESTRAINT  =        0.0000


   NSTEP       ENERGY          RMS            GMAX         NAME    NUMBER
     76       1.4878E+01     4.0033E-01     1.3085E+00     HAK        29

 BOND    =        1.1638  ANGLE   =        5.4827  DIHED      =       17.6088
 VDWAALS =       -3.9531  EEL     =       12.3728  EGB        =      -62.9924
 1-4 VDW =        2.4901  1-4 EEL =       42.7058  RESTRAINT  =        0.0000


   NSTEP       ENERGY          RMS            GMAX         NAME    NUMBER
     77       1.4869E+01     2.8538E-01     9.8690E-01     HAK        29

 BOND    =        1.1480  ANGLE   =        5.4802  DIHED      =       17.6101
 VDWAALS =       -3.9552  EEL     =       12.3557  EGB        =      -62.9934
 1-4 VDW =        2.4936  1-4 EEL =       42.7303  RESTRAINT  =        0.0000


   NSTEP       ENERGY          RMS            GMAX         NAME    NUMBER
     78       1.4861E+01     2.2358E-01     7.9270E-01     HAD        33

 BOND    =        1.1315  ANGLE   =        5.4745  DIHED      =       17.6129
 VDWAALS =       -3.9578  EEL     =       12.3367  EGB        =      -62.9909
 1-4 VDW =        2.4951  1-4 EEL =       42.7589  RESTRAINT  =        0.0000


   NSTEP       ENERGY          RMS            GMAX         NAME    NUMBER
     79       1.4853E+01     1.8998E-01     7.1078E-01     HAD        33

 BOND    =        1.1156  ANGLE   =        5.4692  DIHED      =       17.6157
 VDWAALS =       -3.9601  EEL     =       12.3181  EGB        =      -62.9906
 1-4 VDW =        2.4975  1-4 EEL =       42.7874  RESTRAINT  =        0.0000


   NSTEP       ENERGY          RMS            GMAX         NAME    NUMBER
     80       4.2506E+01     2.7686E+01     8.7124E+01     NAK         7

 BOND    =       16.0854  ANGLE   =       16.2395  DIHED      =       18.4770
 VDWAALS =       -4.1884  EEL     =       10.0946  EGB        =      -62.8183
 1-4 VDW =        2.9419  1-4 EEL =       45.6739  RESTRAINT  =        0.0000


   NSTEP       ENERGY          RMS            GMAX         NAME    NUMBER
     81       1.4844E+01     4.4940E-01     1.5191E+00     CAL         6

 BOND    =        1.0999  ANGLE   =        5.4474  DIHED      =       17.6240
 VDWAALS =       -3.9653  EEL     =       12.2795  EGB        =      -62.9779
 1-4 VDW =        2.4996  1-4 EEL =       42.8369  RESTRAINT  =        0.0000


   NSTEP       ENERGY          RMS            GMAX         NAME    NUMBER
     82       1.4830E+01     2.7572E-01     8.1504E-01     CAL         6

 BOND    =        1.0769  ANGLE   =        5.4376  DIHED      =       17.6299
 VDWAALS =       -3.9707  EEL     =       12.2398  EGB        =      -62.9758
 1-4 VDW =        2.5031  1-4 EEL =       42.8894  RESTRAINT  =        0.0000


   NSTEP       ENERGY          RMS            GMAX         NAME    NUMBER
     83       1.4824E+01     2.3312E-01     8.0431E-01     NAK         7

 BOND    =        1.0506  ANGLE   =        5.4319  DIHED      =       17.6381
 VDWAALS =       -3.9777  EEL     =       12.1868  EGB        =      -62.9737
 1-4 VDW =        2.5081  1-4 EEL =       42.9595  RESTRAINT  =        0.0000


   NSTEP       ENERGY          RMS            GMAX         NAME    NUMBER
     84       1.4815E+01     2.3066E-01     5.7230E-01     HAK        29

 BOND    =        1.0562  ANGLE   =        5.4160  DIHED      =       17.6366
 VDWAALS =       -3.9813  EEL     =       12.1770  EGB        =      -62.9607
 1-4 VDW =        2.5070  1-4 EEL =       42.9643  RESTRAINT  =        0.0000


   NSTEP       ENERGY          RMS            GMAX         NAME    NUMBER
     85       1.4812E+01     4.0885E-01     1.3375E+00     CAO         9

 BOND    =        1.0658  ANGLE   =        5.4011  DIHED      =       17.6351
 VDWAALS =       -3.9852  EEL     =       12.1663  EGB        =      -62.9467
 1-4 VDW =        2.5060  1-4 EEL =       42.9696  RESTRAINT  =        0.0000


   NSTEP       ENERGY          RMS            GMAX         NAME    NUMBER
     86       1.4798E+01     2.3648E-01     6.5096E-01     CAO         9

 BOND    =        1.0955  ANGLE   =        5.3973  DIHED      =       17.6336
 VDWAALS =       -3.9975  EEL     =       12.1493  EGB        =      -62.9551
 1-4 VDW =        2.4967  1-4 EEL =       42.9785  RESTRAINT  =        0.0000


   NSTEP       ENERGY          RMS            GMAX         NAME    NUMBER
     87       1.4798E+01     2.7213E-01     7.9945E-01     CAM        11

 BOND    =        1.1028  ANGLE   =        5.3976  DIHED      =       17.6333
 VDWAALS =       -4.0000  EEL     =       12.1458  EGB        =      -62.9569
 1-4 VDW =        2.4948  1-4 EEL =       42.9804  RESTRAINT  =        0.0000


   NSTEP       ENERGY          RMS            GMAX         NAME    NUMBER
     88       1.4790E+01     2.5993E-01     8.9262E-01     HAK        29

 BOND    =        1.1253  ANGLE   =        5.3932  DIHED      =       17.6286
 VDWAALS =       -4.0068  EEL     =       12.1296  EGB        =      -62.9780
 1-4 VDW =        2.4948  1-4 EEL =       43.0035  RESTRAINT  =        0.0000


   NSTEP       ENERGY          RMS            GMAX         NAME    NUMBER
     89       1.4790E+01     3.2885E-01     9.5610E-01     HAK        29

 BOND    =        1.1336  ANGLE   =        5.3924  DIHED      =       17.6271
 VDWAALS =       -4.0089  EEL     =       12.1246  EGB        =      -62.9845
 1-4 VDW =        2.4948  1-4 EEL =       43.0105  RESTRAINT  =        0.0000


   NSTEP       ENERGY          RMS            GMAX         NAME    NUMBER
     90       1.4777E+01     2.3305E-01     7.3063E-01     HAN        36

 BOND    =        1.1204  ANGLE   =        5.4085  DIHED      =       17.6175
 VDWAALS =       -4.0199  EEL     =       12.1020  EGB        =      -62.9920
 1-4 VDW =        2.4921  1-4 EEL =       43.0487  RESTRAINT  =        0.0000


   NSTEP       ENERGY          RMS            GMAX         NAME    NUMBER
     91       1.4773E+01     3.2988E-01     1.1874E+00     CAO         9

 BOND    =        1.1109  ANGLE   =        5.4287  DIHED      =       17.6082
 VDWAALS =       -4.0304  EEL     =       12.0795  EGB        =      -62.9997
 1-4 VDW =        2.4895  1-4 EEL =       43.0866  RESTRAINT  =        0.0000


   NSTEP       ENERGY          RMS            GMAX         NAME    NUMBER
     92       1.4773E+01     6.3103E-01     2.2341E+00     CAN        13

 BOND    =        1.0833  ANGLE   =        5.4547  DIHED      =       17.5925
 VDWAALS =       -4.0466  EEL     =       12.0581  EGB        =      -62.9859
 1-4 VDW =        2.4668  1-4 EEL =       43.1501  RESTRAINT  =        0.0000


   NSTEP       ENERGY          RMS            GMAX         NAME    NUMBER
     93       1.4765E+01     2.7236E-01     9.8705E-01     OAD        10

 BOND    =        1.0912  ANGLE   =        5.4395  DIHED      =       17.6001
 VDWAALS =       -4.0387  EEL     =       12.0687  EGB        =      -62.9925
 1-4 VDW =        2.4780  1-4 EEL =       43.1186  RESTRAINT  =        0.0000


   NSTEP       ENERGY          RMS            GMAX         NAME    NUMBER
     94       1.4756E+01     2.3288E-01     9.2744E-01     OAD        10

 BOND    =        1.1154  ANGLE   =        5.4455  DIHED      =       17.5908
 VDWAALS =       -4.0399  EEL     =       12.0194  EGB        =      -62.9917
 1-4 VDW =        2.4734  1-4 EEL =       43.1432  RESTRAINT  =        0.0000


   NSTEP       ENERGY          RMS            GMAX         NAME    NUMBER
     95       1.4751E+01     4.0886E-01     1.1435E+00     OAC        14

 BOND    =        1.1547  ANGLE   =        5.4564  DIHED      =       17.5780
 VDWAALS =       -4.0414  EEL     =       11.9508  EGB        =      -62.9913
 1-4 VDW =        2.4671  1-4 EEL =       43.1772  RESTRAINT  =        0.0000


   NSTEP       ENERGY          RMS            GMAX         NAME    NUMBER
     96       1.4732E+01     2.9937E-01     7.2557E-01     HAM        34

 BOND    =        1.1773  ANGLE   =        5.4759  DIHED      =       17.5523
 VDWAALS =       -4.0405  EEL     =       11.8354  EGB        =      -62.9580
 1-4 VDW =        2.4580  1-4 EEL =       43.2312  RESTRAINT  =        0.0000


   NSTEP       ENERGY          RMS            GMAX         NAME    NUMBER
     97       1.4726E+01     4.2631E-01     1.3072E+00     CAQ         8

 BOND    =        1.2044  ANGLE   =        5.4965  DIHED      =       17.5318
 VDWAALS =       -4.0397  EEL     =       11.7395  EGB        =      -62.9324
 1-4 VDW =        2.4503  1-4 EEL =       43.2759  RESTRAINT  =        0.0000


   NSTEP       ENERGY          RMS            GMAX         NAME    NUMBER
     98       1.4714E+01     6.8676E-01     2.9377E+00     CAP        15

 BOND    =        1.2159  ANGLE   =        5.5131  DIHED      =       17.4854
 VDWAALS =       -4.0315  EEL     =       11.5792  EGB        =      -62.8551
 1-4 VDW =        2.4293  1-4 EEL =       43.3776  RESTRAINT  =        0.0000


   NSTEP       ENERGY          RMS            GMAX         NAME    NUMBER
     99       1.4710E+01     4.3515E-01     1.6471E+00     CAP        15

 BOND    =        1.2059  ANGLE   =        5.5047  DIHED      =       17.5005
 VDWAALS =       -4.0343  EEL     =       11.6325  EGB        =      -62.8798
 1-4 VDW =        2.4364  1-4 EEL =       43.3439  RESTRAINT  =        0.0000


   NSTEP       ENERGY          RMS            GMAX         NAME    NUMBER
    100       1.4688E+01     3.6749E-01     1.4783E+00     NAK         7

 BOND    =        1.2091  ANGLE   =        5.5321  DIHED      =       17.4622
 VDWAALS =       -4.0241  EEL     =       11.4855  EGB        =      -62.8506
 1-4 VDW =        2.4453  1-4 EEL =       43.4289  RESTRAINT  =        0.0000


  Maximum number of minimization cycles reached.


                    FINAL RESULTS



   NSTEP       ENERGY          RMS            GMAX         NAME    NUMBER
    100       1.4688E+01     3.6749E-01     1.4783E+00     NAK         7

 BOND    =        1.2091  ANGLE   =        5.5321  DIHED      =       17.4622
 VDWAALS =       -4.0241  EEL     =       11.4855  EGB        =      -62.8506
 1-4 VDW =        2.4453  1-4 EEL =       43.4289  RESTRAINT  =        0.0000

--------------------------------------------------------------------------------
   5.  TIMINGS
--------------------------------------------------------------------------------

|    Read coords time           0.00 ( 0.30% of Total)
|    Fast Water setup           0.00 ( 0.01% of Total)
|                Calc gb radii              0.01 (28.82% of Gen B)
|                Calc gb diag               0.01 (42.81% of Gen B)
|                Calc gb off-diag           0.01 (28.15% of Gen B)
|                Other                      0.00 ( 0.22% of Gen B)
|             Gen Born time              0.03 (100.0% of Nonbo)
|             IPS excludes               0.00 ( 0.03% of Nonbo)
|          Nonbond force              0.03 (80.69% of Force)
|          Bond/Angle/Dihedral        0.01 (18.57% of Force)
|          Other                      0.00 ( 0.73% of Force)
|       Force time                 0.03 (100.0% of Runmd)
|    Runmd Time                 0.03 (45.07% of Total)
|    Other                      0.04 (54.61% of Total)
| Total time                 0.07 (99.43% of ALL  )

| Number of list builds   :          0

| Highest rstack allocated:          0
| Highest istack allocated:          0
|           Job began  at 15:26:26.331  on 04/20/2016
|           Setup done at 15:26:26.337  on 04/20/2016
|           Run   done at 15:26:26.403  on 04/20/2016
|     wallclock() was called    1828 times
