
          -------------------------------------------------------
          Amber 14 SANDER                              2014
          -------------------------------------------------------

| Run on 05/22/2015 at 14:25:22

|   Executable path: sander
| Working directory: /net/chevy/raid1/nigel/amber/library/amber_library/c
|          Hostname: chevy.lbl.gov

  [-O]verwriting output

File Assignments:
|  MDIN: sander.in                                                             
| MDOUT: C8E.min_igb.out                                                       
|INPCRD: C8E.rst7                                                              
|  PARM: C8E.prmtop                                                            
|RESTRT: C8E.min_igb.rst7                                                      
|  REFC: refc                                                                  
| MDVEL: mdvel                                                                 
| MDFRC: mdfrc                                                                 
|  MDEN: mden                                                                  
| MDCRD: mdcrd                                                                 
|MDINFO: mdinfo                                                                
|  MTMD: mtmd                                                                  
|INPDIP: inpdip                                                                
|RSTDIP: rstdip                                                                
|INPTRA: inptraj                                                               


 Here is the input file:

  short minimization                                                           
 &cntrl                                                                        
   imin=1, maxcyc=100, ncyc=50, ntpr=1, cut=99., ntb=0, igb=2                  
 /                                                                             

--------------------------------------------------------------------------------
   1.  RESOURCE   USE: 
--------------------------------------------------------------------------------

| Flags:                                                                        
| New format PARM file being parsed.
| Version =    1.000 Date = 05/22/15 Time = 14:25:22
 NATOM  =      55 NTYPES =       6 NBONH =      34 MBONA  =      20
 NTHETH =      82 MTHETA =      19 NPHIH =     127 MPHIA  =      40
 NHPARM =       0 NPARM  =       0 NNB   =     286 NRES   =       1
 NBONA  =      20 NTHETA =      19 NPHIA =      40 NUMBND =       6
 NUMANG =      11 NPTRA  =      14 NATYP =       6 NPHB   =       0
 IFBOX  =       0 NMXRS  =      55 IFCAP =       0 NEXTRA =       0
 NCOPY  =       0

 Implicit solvent radii are H(N)-modified Bondi radii (mbondi2)                                             

|     Memory Use     Allocated
|     Real                7864
|     Hollerith            168
|     Integer            22674
|     Max Pairs              1
|     nblistReal             0
|     nblist Int             0
|       Total              150 kbytes

| Note: 1-4 EEL scale factors are being read from the topology file.

| Note: 1-4 VDW scale factors are being read from the topology file.
| Duplicated    0 dihedrals
| Duplicated    0 dihedrals

--------------------------------------------------------------------------------
   2.  CONTROL  DATA  FOR  THE  RUN
--------------------------------------------------------------------------------

C8E                                                                             

General flags:
     imin    =       1, nmropt  =       0

Nature and format of input:
     ntx     =       1, irest   =       0, ntrx    =       1

Nature and format of output:
     ntxo    =       1, ntpr    =       1, ntrx    =       1, ntwr    =     500
     iwrap   =       0, ntwx    =       0, ntwv    =       0, ntwe    =       0
     ioutfm  =       0, ntwprt  =       0, idecomp =       0, rbornstat=      0

Potential function:
     ntf     =       1, ntb     =       0, igb     =       2, nsnb    =      25
     ipol    =       0, gbsa    =       0, iesp    =       0
     dielc   =   1.00000, cut     =  99.00000, intdiel =   1.00000
     saltcon =   0.00000, offset  =   0.09000, gbalpha=    0.80000
     gbbeta  =   0.00000, gbgamma =   2.90912, surften =   0.00500
     rdt     =   0.00000, rgbmax  =  25.00000  extdiel =  78.50000
     alpb  =        0

Frozen or restrained atoms:
     ibelly  =       0, ntr     =       0

Energy minimization:
     maxcyc  =     100, ncyc    =      50, ntmin   =       1
     dx0     =   0.01000, drms    =   0.00010
|  INFO: Old style inpcrd file read


--------------------------------------------------------------------------------
   3.  ATOMIC COORDINATES AND VELOCITIES
--------------------------------------------------------------------------------

C8E                                                                             
 begin time read from input coords =     0.000 ps

 Number of triangulated 3-point waters found:        0

--------------------------------------------------------------------------------
   4.  RESULTS
--------------------------------------------------------------------------------



   NSTEP       ENERGY          RMS            GMAX         NAME    NUMBER
      1       4.8152E+01     1.4023E+01     3.8001E+01     C4          4

 BOND    =       10.9722  ANGLE   =        1.7153  DIHED      =       13.1066
 VDWAALS =       -3.2456  EEL     =      -34.4621  EGB        =      -13.2429
 1-4 VDW =        6.6304  1-4 EEL =       66.6780  RESTRAINT  =        0.0000


   NSTEP       ENERGY          RMS            GMAX         NAME    NUMBER
      2       4.7275E+01     1.3290E+01     3.5472E+01     C4          4

 BOND    =       10.1181  ANGLE   =        1.6993  DIHED      =       13.1008
 VDWAALS =       -3.2450  EEL     =      -34.4616  EGB        =      -13.2528
 1-4 VDW =        6.6462  1-4 EEL =       66.6700  RESTRAINT  =        0.0000


   NSTEP       ENERGY          RMS            GMAX         NAME    NUMBER
      3       4.6284E+01     1.2421E+01     3.2475E+01     C4          4

 BOND    =        9.1437  ANGLE   =        1.6914  DIHED      =       13.0940
 VDWAALS =       -3.2443  EEL     =      -34.4610  EGB        =      -13.2648
 1-4 VDW =        6.6649  1-4 EEL =       66.6602  RESTRAINT  =        0.0000


   NSTEP       ENERGY          RMS            GMAX         NAME    NUMBER
      4       4.5183E+01     1.1395E+01     2.9158E+01     C2          2

 BOND    =        8.0470  ANGLE   =        1.6972  DIHED      =       13.0861
 VDWAALS =       -3.2435  EEL     =      -34.4600  EGB        =      -13.2791
 1-4 VDW =        6.6869  1-4 EEL =       66.6484  RESTRAINT  =        0.0000


   NSTEP       ENERGY          RMS            GMAX         NAME    NUMBER
      5       4.3986E+01     1.0193E+01     2.5417E+01     C2          2

 BOND    =        6.8353  ANGLE   =        1.7238  DIHED      =       13.0771
 VDWAALS =       -3.2425  EEL     =      -34.4584  EGB        =      -13.2963
 1-4 VDW =        6.7127  1-4 EEL =       66.6340  RESTRAINT  =        0.0000


   NSTEP       ENERGY          RMS            GMAX         NAME    NUMBER
      6       4.2722E+01     8.8012E+00     2.1036E+01     C2          2

 BOND    =        5.5311  ANGLE   =        1.7796  DIHED      =       13.0668
 VDWAALS =       -3.2414  EEL     =      -34.4560  EGB        =      -13.3170
 1-4 VDW =        6.7424  1-4 EEL =       66.6164  RESTRAINT  =        0.0000


   NSTEP       ENERGY          RMS            GMAX         NAME    NUMBER
      7       4.1444E+01     7.2265E+00     1.6364E+01     C20        20

 BOND    =        4.1805  ANGLE   =        1.8713  DIHED      =       13.0552
 VDWAALS =       -3.2401  EEL     =      -34.4522  EGB        =      -13.3416
 1-4 VDW =        6.7758  1-4 EEL =       66.5948  RESTRAINT  =        0.0000


   NSTEP       ENERGY          RMS            GMAX         NAME    NUMBER
      8       4.0227E+01     5.5309E+00     1.2114E+01     C20        20

 BOND    =        2.8654  ANGLE   =        1.9947  DIHED      =       13.0421
 VDWAALS =       -3.2387  EEL     =      -34.4458  EGB        =      -13.3703
 1-4 VDW =        6.8115  1-4 EEL =       66.5684  RESTRAINT  =        0.0000


   NSTEP       ENERGY          RMS            GMAX         NAME    NUMBER
      9       3.9159E+01     3.9099E+00     9.2513E+00     H102       40

 BOND    =        1.7157  ANGLE   =        2.1090  DIHED      =       13.0271
 VDWAALS =       -3.2376  EEL     =      -34.4351  EGB        =      -13.4022
 1-4 VDW =        6.8449  1-4 EEL =       66.5367  RESTRAINT  =        0.0000


   NSTEP       ENERGY          RMS            GMAX         NAME    NUMBER
     10       3.8277E+01     2.7118E+00     8.5243E+00     H202       54

 BOND    =        0.9054  ANGLE   =        2.0815  DIHED      =       13.0105
 VDWAALS =       -3.2373  EEL     =      -34.4172  EGB        =      -13.4314
 1-4 VDW =        6.8637  1-4 EEL =       66.5019  RESTRAINT  =        0.0000


   NSTEP       ENERGY          RMS            GMAX         NAME    NUMBER
     11       3.7535E+01     1.8650E+00     7.4469E+00     H202       54

 BOND    =        0.5470  ANGLE   =        1.7448  DIHED      =       12.9950
 VDWAALS =       -3.2396  EEL     =      -34.3933  EGB        =      -13.4433
 1-4 VDW =        6.8498  1-4 EEL =       66.4750  RESTRAINT  =        0.0000


   NSTEP       ENERGY          RMS            GMAX         NAME    NUMBER
     12       3.6950E+01     1.2275E+00     5.3359E+00     H202       54

 BOND    =        0.4074  ANGLE   =        1.3490  DIHED      =       12.9807
 VDWAALS =       -3.2450  EEL     =      -34.3830  EGB        =      -13.4485
 1-4 VDW =        6.8277  1-4 EEL =       66.4615  RESTRAINT  =        0.0000


   NSTEP       ENERGY          RMS            GMAX         NAME    NUMBER
     13       3.6478E+01     1.0292E+00     2.8597E+00     C19        19

 BOND    =        0.3357  ANGLE   =        1.1811  DIHED      =       12.9581
 VDWAALS =       -3.2510  EEL     =      -34.4230  EGB        =      -13.5420
 1-4 VDW =        6.7907  1-4 EEL =       66.4285  RESTRAINT  =        0.0000


   NSTEP       ENERGY          RMS            GMAX         NAME    NUMBER
     14       3.6393E+01     3.0128E+00     9.6486E+00     C2          2

 BOND    =        0.8065  ANGLE   =        0.9283  DIHED      =       12.9514
 VDWAALS =       -3.2570  EEL     =      -34.4669  EGB        =      -13.6103
 1-4 VDW =        6.6003  1-4 EEL =       66.4406  RESTRAINT  =        0.0000


   NSTEP       ENERGY          RMS            GMAX         NAME    NUMBER
     15       3.7137E+01     5.6336E+00     1.7517E+01     C3          3

 BOND    =        0.7488  ANGLE   =        1.7808  DIHED      =       12.9010
 VDWAALS =       -3.2518  EEL     =      -34.5151  EGB        =      -13.6920
 1-4 VDW =        6.7611  1-4 EEL =       66.4040  RESTRAINT  =        0.0000


   NSTEP       ENERGY          RMS            GMAX         NAME    NUMBER
     16       3.5951E+01     1.4181E+00     4.8157E+00     C19        19

 BOND    =        0.2924  ANGLE   =        1.1236  DIHED      =       12.9128
 VDWAALS =       -3.2545  EEL     =      -34.4991  EGB        =      -13.6734
 1-4 VDW =        6.6312  1-4 EEL =       66.4175  RESTRAINT  =        0.0000


   NSTEP       ENERGY          RMS            GMAX         NAME    NUMBER
     17       3.6147E+01     3.3133E+00     1.0670E+01     C20        20

 BOND    =        0.8437  ANGLE   =        0.8892  DIHED      =       12.9210
 VDWAALS =       -3.2583  EEL     =      -34.4929  EGB        =      -13.6649
 1-4 VDW =        6.4660  1-4 EEL =       66.4430  RESTRAINT  =        0.0000


   NSTEP       ENERGY          RMS            GMAX         NAME    NUMBER
     18       3.5723E+01     9.8325E-01     3.2566E+00     C1          1

 BOND    =        0.3564  ANGLE   =        0.9611  DIHED      =       12.9030
 VDWAALS =       -3.2568  EEL     =      -34.5079  EGB        =      -13.6849
 1-4 VDW =        6.5176  1-4 EEL =       66.4350  RESTRAINT  =        0.0000


   NSTEP       ENERGY          RMS            GMAX         NAME    NUMBER
     19       3.5661E+01     1.5881E+00     5.6235E+00     C19        19

 BOND    =        0.2815  ANGLE   =        1.0795  DIHED      =       12.8781
 VDWAALS =       -3.2554  EEL     =      -34.5304  EGB        =      -13.7259
 1-4 VDW =        6.5093  1-4 EEL =       66.4245  RESTRAINT  =        0.0000


   NSTEP       ENERGY          RMS            GMAX         NAME    NUMBER
     20       3.5639E+01     2.0621E+00     7.0904E+00     C20        20

 BOND    =        0.5348  ANGLE   =        0.8871  DIHED      =       12.8851
 VDWAALS =       -3.2579  EEL     =      -34.5219  EGB        =      -13.7211
 1-4 VDW =        6.3929  1-4 EEL =       66.4397  RESTRAINT  =        0.0000


   NSTEP       ENERGY          RMS            GMAX         NAME    NUMBER
     21       3.5629E+01     2.4691E+00     8.1208E+00     C19        19

 BOND    =        0.2753  ANGLE   =        1.1582  DIHED      =       12.8544
 VDWAALS =       -3.2556  EEL     =      -34.5494  EGB        =      -13.7535
 1-4 VDW =        6.4682  1-4 EEL =       66.4317  RESTRAINT  =        0.0000


   NSTEP       ENERGY          RMS            GMAX         NAME    NUMBER
     22       3.5672E+01     3.0461E+00     9.8659E+00     C4          4

 BOND    =        0.7527  ANGLE   =        0.8524  DIHED      =       12.8711
 VDWAALS =       -3.2585  EEL     =      -34.5315  EGB        =      -13.7485
 1-4 VDW =        6.2929  1-4 EEL =       66.4410  RESTRAINT  =        0.0000


   NSTEP       ENERGY          RMS            GMAX         NAME    NUMBER
     23       3.5306E+01     7.0969E-01     1.9093E+00     C20        20

 BOND    =        0.2980  ANGLE   =        0.9293  DIHED      =       12.8527
 VDWAALS =       -3.2572  EEL     =      -34.5460  EGB        =      -13.7632
 1-4 VDW =        6.3531  1-4 EEL =       66.4389  RESTRAINT  =        0.0000


   NSTEP       ENERGY          RMS            GMAX         NAME    NUMBER
     24       3.5184E+01     1.1363E+00     4.3993E+00     C19        19

 BOND    =        0.2516  ANGLE   =        0.9694  DIHED      =       12.8265
 VDWAALS =       -3.2568  EEL     =      -34.5651  EGB        =      -13.7946
 1-4 VDW =        6.3120  1-4 EEL =       66.4407  RESTRAINT  =        0.0000


   NSTEP       ENERGY          RMS            GMAX         NAME    NUMBER
     25       3.5244E+01     2.3691E+00     9.1629E+00     C20        20

 BOND    =        0.5441  ANGLE   =        0.8606  DIHED      =       12.8292
 VDWAALS =       -3.2586  EEL     =      -34.5562  EGB        =      -13.8070
 1-4 VDW =        6.1848  1-4 EEL =       66.4471  RESTRAINT  =        0.0000


   NSTEP       ENERGY          RMS            GMAX         NAME    NUMBER
     26       3.5020E+01     7.4237E-01     2.4575E+00     C20        20

 BOND    =        0.2865  ANGLE   =        0.8939  DIHED      =       12.8150
 VDWAALS =       -3.2577  EEL     =      -34.5683  EGB        =      -13.8166
 1-4 VDW =        6.2210  1-4 EEL =       66.4464  RESTRAINT  =        0.0000


   NSTEP       ENERGY          RMS            GMAX         NAME    NUMBER
     27       3.4946E+01     1.0404E+00     4.1510E+00     C19        19

 BOND    =        0.2487  ANGLE   =        0.9277  DIHED      =       12.7951
 VDWAALS =       -3.2571  EEL     =      -34.5820  EGB        =      -13.8371
 1-4 VDW =        6.2034  1-4 EEL =       66.4473  RESTRAINT  =        0.0000


   NSTEP       ENERGY          RMS            GMAX         NAME    NUMBER
     28       3.4917E+01     1.5341E+00     6.2707E+00     C20        20

 BOND    =        0.3817  ANGLE   =        0.8552  DIHED      =       12.7959
 VDWAALS =       -3.2583  EEL     =      -34.5752  EGB        =      -13.8486
 1-4 VDW =        6.1152  1-4 EEL =       66.4512  RESTRAINT  =        0.0000


   NSTEP       ENERGY          RMS            GMAX         NAME    NUMBER
     29       3.4888E+01     1.7957E+00     7.2353E+00     C19        19

 BOND    =        0.2550  ANGLE   =        0.9703  DIHED      =       12.7703
 VDWAALS =       -3.2568  EEL     =      -34.5969  EGB        =      -13.8672
 1-4 VDW =        6.1616  1-4 EEL =       66.4518  RESTRAINT  =        0.0000


   NSTEP       ENERGY          RMS            GMAX         NAME    NUMBER
     30       3.4895E+01     2.2434E+00     8.1224E+00     C20        20

 BOND    =        0.4999  ANGLE   =        0.8332  DIHED      =       12.7819
 VDWAALS =       -3.2587  EEL     =      -34.5796  EGB        =      -13.8704
 1-4 VDW =        6.0338  1-4 EEL =       66.4545  RESTRAINT  =        0.0000


   NSTEP       ENERGY          RMS            GMAX         NAME    NUMBER
     31       3.4690E+01     6.1907E-01     1.7269E+00     H102       40

 BOND    =        0.2595  ANGLE   =        0.8650  DIHED      =       12.7669
 VDWAALS =       -3.2578  EEL     =      -34.5922  EGB        =      -13.8811
 1-4 VDW =        6.0744  1-4 EEL =       66.4548  RESTRAINT  =        0.0000


   NSTEP       ENERGY          RMS            GMAX         NAME    NUMBER
     32       3.4595E+01     8.0194E-01     3.1688E+00     C19        19

 BOND    =        0.2442  ANGLE   =        0.8699  DIHED      =       12.7468
 VDWAALS =       -3.2574  EEL     =      -34.6034  EGB        =      -13.9027
 1-4 VDW =        6.0396  1-4 EEL =       66.4583  RESTRAINT  =        0.0000


   NSTEP       ENERGY          RMS            GMAX         NAME    NUMBER
     33       3.4572E+01     1.5458E+00     6.9819E+00     C20        20

 BOND    =        0.3518  ANGLE   =        0.8402  DIHED      =       12.7436
 VDWAALS =       -3.2584  EEL     =      -34.5975  EGB        =      -13.9213
 1-4 VDW =        5.9528  1-4 EEL =       66.4606  RESTRAINT  =        0.0000


   NSTEP       ENERGY          RMS            GMAX         NAME    NUMBER
     34       3.4559E+01     1.8684E+00     8.5425E+00     C19        19

 BOND    =        0.2838  ANGLE   =        0.9109  DIHED      =       12.7168
 VDWAALS =       -3.2569  EEL     =      -34.6208  EGB        =      -13.9368
 1-4 VDW =        5.9976  1-4 EEL =       66.4642  RESTRAINT  =        0.0000


   NSTEP       ENERGY          RMS            GMAX         NAME    NUMBER
     35       3.4570E+01     2.2800E+00     9.4994E+00     C20        20

 BOND    =        0.4637  ANGLE   =        0.8338  DIHED      =       12.7309
 VDWAALS =       -3.2587  EEL     =      -34.5989  EGB        =      -13.9416
 1-4 VDW =        5.8771  1-4 EEL =       66.4641  RESTRAINT  =        0.0000


   NSTEP       ENERGY          RMS            GMAX         NAME    NUMBER
     36       3.4357E+01     5.8113E-01     1.6571E+00     H102       40

 BOND    =        0.2482  ANGLE   =        0.8339  DIHED      =       12.7150
 VDWAALS =       -3.2578  EEL     =      -34.6132  EGB        =      -13.9514
 1-4 VDW =        5.9166  1-4 EEL =       66.4658  RESTRAINT  =        0.0000


   NSTEP       ENERGY          RMS            GMAX         NAME    NUMBER
     37       3.4268E+01     8.0824E-01     3.5305E+00     C19        19

 BOND    =        0.2499  ANGLE   =        0.8283  DIHED      =       12.6940
 VDWAALS =       -3.2574  EEL     =      -34.6237  EGB        =      -13.9727
 1-4 VDW =        5.8795  1-4 EEL =       66.4707  RESTRAINT  =        0.0000


   NSTEP       ENERGY          RMS            GMAX         NAME    NUMBER
     38       3.4271E+01     1.6713E+00     8.2584E+00     C20        20

 BOND    =        0.3370  ANGLE   =        0.8371  DIHED      =       12.6925
 VDWAALS =       -3.2583  EEL     =      -34.6156  EGB        =      -13.9943
 1-4 VDW =        5.8016  1-4 EEL =       66.4710  RESTRAINT  =        0.0000


   NSTEP       ENERGY          RMS            GMAX         NAME    NUMBER
     39       3.4151E+01     5.6207E-01     1.6045E+00     H102       40

 BOND    =        0.2449  ANGLE   =        0.8160  DIHED      =       12.6808
 VDWAALS =       -3.2577  EEL     =      -34.6254  EGB        =      -13.9981
 1-4 VDW =        5.8165  1-4 EEL =       66.4739  RESTRAINT  =        0.0000


   NSTEP       ENERGY          RMS            GMAX         NAME    NUMBER
     40       3.4086E+01     6.6008E-01     2.4906E+00     C19        19

 BOND    =        0.2488  ANGLE   =        0.8067  DIHED      =       12.6656
 VDWAALS =       -3.2574  EEL     =      -34.6320  EGB        =      -14.0121
 1-4 VDW =        5.7889  1-4 EEL =       66.4778  RESTRAINT  =        0.0000


   NSTEP       ENERGY          RMS            GMAX         NAME    NUMBER
     41       3.4042E+01     1.0178E+00     4.9216E+00     C20        20

 BOND    =        0.2695  ANGLE   =        0.8145  DIHED      =       12.6607
 VDWAALS =       -3.2579  EEL     =      -34.6295  EGB        =      -14.0326
 1-4 VDW =        5.7384  1-4 EEL =       66.4788  RESTRAINT  =        0.0000


   NSTEP       ENERGY          RMS            GMAX         NAME    NUMBER
     42       3.4026E+01     1.3867E+00     7.0853E+00     C19        19

 BOND    =        0.2949  ANGLE   =        0.8049  DIHED      =       12.6394
 VDWAALS =       -3.2570  EEL     =      -34.6438  EGB        =      -14.0395
 1-4 VDW =        5.7417  1-4 EEL =       66.4853  RESTRAINT  =        0.0000


   NSTEP       ENERGY          RMS            GMAX         NAME    NUMBER
     43       3.4008E+01     1.6096E+00     8.1138E+00     C20        20

 BOND    =        0.3207  ANGLE   =        0.8233  DIHED      =       12.6477
 VDWAALS =       -3.2580  EEL     =      -34.6299  EGB        =      -14.0561
 1-4 VDW =        5.6779  1-4 EEL =       66.4821  RESTRAINT  =        0.0000


   NSTEP       ENERGY          RMS            GMAX         NAME    NUMBER
     44       3.4020E+01     2.0044E+00     1.0496E+01     C19        19

 BOND    =        0.3572  ANGLE   =        0.8158  DIHED      =       12.6192
 VDWAALS =       -3.2567  EEL     =      -34.6539  EGB        =      -14.0631
 1-4 VDW =        5.7098  1-4 EEL =       66.4912  RESTRAINT  =        0.0000


   NSTEP       ENERGY          RMS            GMAX         NAME    NUMBER
     45       3.3850E+01     5.2407E-01     1.5674E+00     H102       40

 BOND    =        0.2474  ANGLE   =        0.7861  DIHED      =       12.6259
 VDWAALS =       -3.2574  EEL     =      -34.6430  EGB        =      -14.0683
 1-4 VDW =        5.6705  1-4 EEL =       66.4888  RESTRAINT  =        0.0000


   NSTEP       ENERGY          RMS            GMAX         NAME    NUMBER
     46       3.3780E+01     7.3516E-01     3.2770E+00     C20        20

 BOND    =        0.2550  ANGLE   =        0.7904  DIHED      =       12.6148
 VDWAALS =       -3.2575  EEL     =      -34.6441  EGB        =      -14.0924
 1-4 VDW =        5.6221  1-4 EEL =       66.4914  RESTRAINT  =        0.0000


   NSTEP       ENERGY          RMS            GMAX         NAME    NUMBER
     47       3.3780E+01     1.4727E+00     7.5866E+00     C19        19

 BOND    =        0.3174  ANGLE   =        0.7768  DIHED      =       12.5920
 VDWAALS =       -3.2568  EEL     =      -34.6563  EGB        =      -14.1011
 1-4 VDW =        5.6077  1-4 EEL =       66.5001  RESTRAINT  =        0.0000


   NSTEP       ENERGY          RMS            GMAX         NAME    NUMBER
     48       3.3685E+01     5.0449E-01     1.5306E+00     H102       40

 BOND    =        0.2511  ANGLE   =        0.7726  DIHED      =       12.5954
 VDWAALS =       -3.2572  EEL     =      -34.6510  EGB        =      -14.1101
 1-4 VDW =        5.5859  1-4 EEL =       66.4979  RESTRAINT  =        0.0000


   NSTEP       ENERGY          RMS            GMAX         NAME    NUMBER
     49       3.3632E+01     5.8498E-01     2.1680E+00     C20        20

 BOND    =        0.2536  ANGLE   =        0.7756  DIHED      =       12.5870
 VDWAALS =       -3.2573  EEL     =      -34.6523  EGB        =      -14.1282
 1-4 VDW =        5.5532  1-4 EEL =       66.5002  RESTRAINT  =        0.0000


   NSTEP       ENERGY          RMS            GMAX         NAME    NUMBER
     50       3.3593E+01     8.8622E-01     4.0729E+00     C19        19

 BOND    =        0.2750  ANGLE   =        0.7612  DIHED      =       12.5706
 VDWAALS =       -3.2569  EEL     =      -34.6585  EGB        =      -14.1368
 1-4 VDW =        5.5323  1-4 EEL =       66.5065  RESTRAINT  =        0.0000


   NSTEP       ENERGY          RMS            GMAX         NAME    NUMBER
     51       3.3580E+01     1.2283E+00     6.1696E+00     C20        20

 BOND    =        0.2909  ANGLE   =        0.7889  DIHED      =       12.5718
 VDWAALS =       -3.2574  EEL     =      -34.6537  EGB        =      -14.1593
 1-4 VDW =        5.4940  1-4 EEL =       66.5043  RESTRAINT  =        0.0000


   NSTEP       ENERGY          RMS            GMAX         NAME    NUMBER
     52       3.6030E+01     7.9912E+00     4.1158E+01     C19        19

 BOND    =        2.3632  ANGLE   =        1.2162  DIHED      =       12.5061
 VDWAALS =       -3.2547  EEL     =      -34.6973  EGB        =      -14.1510
 1-4 VDW =        5.5080  1-4 EEL =       66.5392  RESTRAINT  =        0.0000


   NSTEP       ENERGY          RMS            GMAX         NAME    NUMBER
     53       3.3507E+01     4.9088E-01     1.4745E+00     H102       40

 BOND    =        0.2576  ANGLE   =        0.7590  DIHED      =       12.5606
 VDWAALS =       -3.2570  EEL     =      -34.6600  EGB        =      -14.1578
 1-4 VDW =        5.4953  1-4 EEL =       66.5094  RESTRAINT  =        0.0000


   NSTEP       ENERGY          RMS            GMAX         NAME    NUMBER
     54       3.3484E+01     4.8629E-01     1.4762E+00     H102       40

 BOND    =        0.2582  ANGLE   =        0.7573  DIHED      =       12.5562
 VDWAALS =       -3.2570  EEL     =      -34.6606  EGB        =      -14.1638
 1-4 VDW =        5.4826  1-4 EEL =       66.5109  RESTRAINT  =        0.0000


   NSTEP       ENERGY          RMS            GMAX         NAME    NUMBER
     55       3.3286E+01     6.4514E-01     1.8286E+00     C3          3

 BOND    =        0.2708  ANGLE   =        0.7487  DIHED      =       12.5164
 VDWAALS =       -3.2567  EEL     =      -34.6657  EGB        =      -14.2188
 1-4 VDW =        5.3666  1-4 EEL =       66.5245  RESTRAINT  =        0.0000


   NSTEP       ENERGY          RMS            GMAX         NAME    NUMBER
     56       3.2701E+01     3.4005E+00     1.1829E+01     C17        17

 BOND    =        0.7059  ANGLE   =        1.0002  DIHED      =       12.2818
 VDWAALS =       -3.2513  EEL     =      -34.6982  EGB        =      -14.5930
 1-4 VDW =        4.6446  1-4 EEL =       66.6106  RESTRAINT  =        0.0000


   NSTEP       ENERGY          RMS            GMAX         NAME    NUMBER
     57       3.1705E+01     1.1228E+00     3.7970E+00     C1          1

 BOND    =        0.9836  ANGLE   =        1.2000  DIHED      =       12.0097
 VDWAALS =       -3.2362  EEL     =      -34.7882  EGB        =      -15.1167
 1-4 VDW =        3.9304  1-4 EEL =       66.7222  RESTRAINT  =        0.0000


   NSTEP       ENERGY          RMS            GMAX         NAME    NUMBER
     58       3.1663E+01     8.1012E-01     2.8220E+00     H102       40

 BOND    =        1.2055  ANGLE   =        1.2986  DIHED      =       11.9485
 VDWAALS =       -3.2310  EEL     =      -34.8107  EGB        =      -15.2567
 1-4 VDW =        3.7585  1-4 EEL =       66.7500  RESTRAINT  =        0.0000


   NSTEP       ENERGY          RMS            GMAX         NAME    NUMBER
     59       3.1612E+01     5.9209E-01     2.0419E+00     C1          1

 BOND    =        0.9776  ANGLE   =        1.2962  DIHED      =       11.9548
 VDWAALS =       -3.2334  EEL     =      -34.7865  EGB        =      -15.1756
 1-4 VDW =        3.8154  1-4 EEL =       66.7638  RESTRAINT  =        0.0000


   NSTEP       ENERGY          RMS            GMAX         NAME    NUMBER
     60       3.1611E+01     4.9107E-01     1.4410E+00     C10        10

 BOND    =        1.0034  ANGLE   =        1.2956  DIHED      =       11.9538
 VDWAALS =       -3.2331  EEL     =      -34.7901  EGB        =      -15.1876
 1-4 VDW =        3.8069  1-4 EEL =       66.7618  RESTRAINT  =        0.0000


   NSTEP       ENERGY          RMS            GMAX         NAME    NUMBER
     61       3.1584E+01     3.4221E-01     8.4170E-01     H101       39

 BOND    =        0.9354  ANGLE   =        1.3194  DIHED      =       11.9517
 VDWAALS =       -3.2337  EEL     =      -34.7764  EGB        =      -15.1800
 1-4 VDW =        3.7991  1-4 EEL =       66.7681  RESTRAINT  =        0.0000


   NSTEP       ENERGY          RMS            GMAX         NAME    NUMBER
     62       3.1578E+01     4.7808E-01     1.5527E+00     C20        20

 BOND    =        0.8998  ANGLE   =        1.3383  DIHED      =       11.9504
 VDWAALS =       -3.2342  EEL     =      -34.7672  EGB        =      -15.1749
 1-4 VDW =        3.7939  1-4 EEL =       66.7724  RESTRAINT  =        0.0000


   NSTEP       ENERGY          RMS            GMAX         NAME    NUMBER
     63       3.1534E+01     4.4600E-01     1.6494E+00     O12        12

 BOND    =        0.9056  ANGLE   =        1.4113  DIHED      =       11.9266
 VDWAALS =       -3.2339  EEL     =      -34.7608  EGB        =      -15.2335
 1-4 VDW =        3.7188  1-4 EEL =       66.7999  RESTRAINT  =        0.0000


   NSTEP       ENERGY          RMS            GMAX         NAME    NUMBER
     64       3.1525E+01     7.0014E-01     2.0411E+00     C1          1

 BOND    =        0.9223  ANGLE   =        1.4681  DIHED      =       11.9114
 VDWAALS =       -3.2337  EEL     =      -34.7564  EGB        =      -15.2736
 1-4 VDW =        3.6686  1-4 EEL =       66.8186  RESTRAINT  =        0.0000


   NSTEP       ENERGY          RMS            GMAX         NAME    NUMBER
     65       3.1439E+01     6.1614E-01     1.8341E+00     O18        18

 BOND    =        0.8680  ANGLE   =        1.4270  DIHED      =       11.9041
 VDWAALS =       -3.2377  EEL     =      -34.7441  EGB        =      -15.3050
 1-4 VDW =        3.6583  1-4 EEL =       66.8687  RESTRAINT  =        0.0000


   NSTEP       ENERGY          RMS            GMAX         NAME    NUMBER
     66       3.1390E+01     1.0532E+00     4.9071E+00     C10        10

 BOND    =        0.8269  ANGLE   =        1.3985  DIHED      =       11.8957
 VDWAALS =       -3.2433  EEL     =      -34.7256  EGB        =      -15.3549
 1-4 VDW =        3.6465  1-4 EEL =       66.9459  RESTRAINT  =        0.0000


   NSTEP       ENERGY          RMS            GMAX         NAME    NUMBER
     67       3.1322E+01     8.7310E-01     3.1186E+00     C11        11

 BOND    =        0.7982  ANGLE   =        1.0878  DIHED      =       11.9075
 VDWAALS =       -3.2552  EEL     =      -34.7044  EGB        =      -15.3695
 1-4 VDW =        3.8306  1-4 EEL =       67.0266  RESTRAINT  =        0.0000


   NSTEP       ENERGY          RMS            GMAX         NAME    NUMBER
     68       3.1299E+01     5.1213E-01     1.9355E+00     H101       39

 BOND    =        0.7915  ANGLE   =        1.1645  DIHED      =       11.9033
 VDWAALS =       -3.2515  EEL     =      -34.7115  EGB        =      -15.3640
 1-4 VDW =        3.7668  1-4 EEL =       66.9999  RESTRAINT  =        0.0000


   NSTEP       ENERGY          RMS            GMAX         NAME    NUMBER
     69       3.1265E+01     3.8255E-01     1.4764E+00     H101       39

 BOND    =        0.8173  ANGLE   =        1.0930  DIHED      =       11.8993
 VDWAALS =       -3.2524  EEL     =      -34.7041  EGB        =      -15.3771
 1-4 VDW =        3.7902  1-4 EEL =       66.9991  RESTRAINT  =        0.0000


   NSTEP       ENERGY          RMS            GMAX         NAME    NUMBER
     70       3.1255E+01     5.6339E-01     2.3137E+00     C20        20

 BOND    =        0.8531  ANGLE   =        1.0355  DIHED      =       11.8957
 VDWAALS =       -3.2532  EEL     =      -34.6973  EGB        =      -15.3894
 1-4 VDW =        3.8123  1-4 EEL =       66.9984  RESTRAINT  =        0.0000


   NSTEP       ENERGY          RMS            GMAX         NAME    NUMBER
     71       3.1235E+01     5.5269E-01     2.1630E+00     C17        17

 BOND    =        0.8021  ANGLE   =        0.9740  DIHED      =       11.8985
 VDWAALS =       -3.2544  EEL     =      -34.6760  EGB        =      -15.3714
 1-4 VDW =        3.8513  1-4 EEL =       67.0113  RESTRAINT  =        0.0000


   NSTEP       ENERGY          RMS            GMAX         NAME    NUMBER
     72       3.1227E+01     2.9384E-01     1.1930E+00     C17        17

 BOND    =        0.8121  ANGLE   =        0.9886  DIHED      =       11.8974
 VDWAALS =       -3.2540  EEL     =      -34.6836  EGB        =      -15.3778
 1-4 VDW =        3.8372  1-4 EEL =       67.0067  RESTRAINT  =        0.0000


   NSTEP       ENERGY          RMS            GMAX         NAME    NUMBER
     73       3.1217E+01     2.2127E-01     6.5720E-01     H82        38

 BOND    =        0.7975  ANGLE   =        0.9741  DIHED      =       11.8885
 VDWAALS =       -3.2537  EEL     =      -34.6818  EGB        =      -15.3602
 1-4 VDW =        3.8399  1-4 EEL =       67.0123  RESTRAINT  =        0.0000


   NSTEP       ENERGY          RMS            GMAX         NAME    NUMBER
     74       3.1216E+01     2.8608E-01     8.6763E-01     O21        21

 BOND    =        0.7938  ANGLE   =        0.9695  DIHED      =       11.8850
 VDWAALS =       -3.2535  EEL     =      -34.6811  EGB        =      -15.3533
 1-4 VDW =        3.8409  1-4 EEL =       67.0145  RESTRAINT  =        0.0000


   NSTEP       ENERGY          RMS            GMAX         NAME    NUMBER
     75       3.1202E+01     2.3788E-01     7.4443E-01     C1          1

 BOND    =        0.7832  ANGLE   =        0.9660  DIHED      =       11.8745
 VDWAALS =       -3.2538  EEL     =      -34.6741  EGB        =      -15.3589
 1-4 VDW =        3.8493  1-4 EEL =       67.0160  RESTRAINT  =        0.0000


   NSTEP       ENERGY          RMS            GMAX         NAME    NUMBER
     76       3.1198E+01     1.4647E-01     5.0703E-01     H172       50

 BOND    =        0.7899  ANGLE   =        0.9574  DIHED      =       11.8746
 VDWAALS =       -3.2539  EEL     =      -34.6751  EGB        =      -15.3625
 1-4 VDW =        3.8515  1-4 EEL =       67.0164  RESTRAINT  =        0.0000


   NSTEP       ENERGY          RMS            GMAX         NAME    NUMBER
     77       3.1195E+01     1.3257E-01     4.6882E-01     H172       50

 BOND    =        0.7942  ANGLE   =        0.9604  DIHED      =       11.8715
 VDWAALS =       -3.2540  EEL     =      -34.6782  EGB        =      -15.3670
 1-4 VDW =        3.8504  1-4 EEL =       67.0177  RESTRAINT  =        0.0000


   NSTEP       ENERGY          RMS            GMAX         NAME    NUMBER
     78       3.1192E+01     1.8025E-01     5.4190E-01     C5          5

 BOND    =        0.8013  ANGLE   =        0.9521  DIHED      =       11.8680
 VDWAALS =       -3.2541  EEL     =      -34.6785  EGB        =      -15.3684
 1-4 VDW =        3.8522  1-4 EEL =       67.0197  RESTRAINT  =        0.0000


   NSTEP       ENERGY          RMS            GMAX         NAME    NUMBER
     79       3.1192E+01     3.1083E-01     1.0117E+00     C5          5

 BOND    =        0.7896  ANGLE   =        0.9759  DIHED      =       11.8643
 VDWAALS =       -3.2541  EEL     =      -34.6794  EGB        =      -15.3713
 1-4 VDW =        3.8465  1-4 EEL =       67.0205  RESTRAINT  =        0.0000


   NSTEP       ENERGY          RMS            GMAX         NAME    NUMBER
     80       9.0504E+01     3.9093E+01     1.4009E+02     C5          5

 BOND    =       44.4022  ANGLE   =       15.7072  DIHED      =       12.1366
 VDWAALS =       -3.2477  EEL     =      -34.5311  EGB        =      -15.3570
 1-4 VDW =        4.3232  1-4 EEL =       67.0707  RESTRAINT  =        0.0000


   NSTEP       ENERGY          RMS            GMAX         NAME    NUMBER
     81       3.1188E+01     1.0954E-01     3.5519E-01     H172       50

 BOND    =        0.7993  ANGLE   =        0.9582  DIHED      =       11.8631
 VDWAALS =       -3.2540  EEL     =      -34.6782  EGB        =      -15.3711
 1-4 VDW =        3.8499  1-4 EEL =       67.0209  RESTRAINT  =        0.0000


   NSTEP       ENERGY          RMS            GMAX         NAME    NUMBER
     82       3.1187E+01     1.0774E-01     3.4217E-01     H82        38

 BOND    =        0.7985  ANGLE   =        0.9590  DIHED      =       11.8620
 VDWAALS =       -3.2540  EEL     =      -34.6777  EGB        =      -15.3716
 1-4 VDW =        3.8494  1-4 EEL =       67.0213  RESTRAINT  =        0.0000


   NSTEP       ENERGY          RMS            GMAX         NAME    NUMBER
     83       3.1179E+01     1.4130E-01     6.4122E-01     C17        17

 BOND    =        0.7925  ANGLE   =        0.9673  DIHED      =       11.8516
 VDWAALS =       -3.2539  EEL     =      -34.6731  EGB        =      -15.3766
 1-4 VDW =        3.8456  1-4 EEL =       67.0254  RESTRAINT  =        0.0000


   NSTEP       ENERGY          RMS            GMAX         NAME    NUMBER
     84       3.1165E+01     5.0529E-01     2.4805E+00     C17        17

 BOND    =        0.7761  ANGLE   =        1.0090  DIHED      =       11.8122
 VDWAALS =       -3.2533  EEL     =      -34.6551  EGB        =      -15.3969
 1-4 VDW =        3.8315  1-4 EEL =       67.0410  RESTRAINT  =        0.0000


   NSTEP       ENERGY          RMS            GMAX         NAME    NUMBER
     85       3.1142E+01     2.2464E-01     7.5627E-01     H101       39

 BOND    =        0.8360  ANGLE   =        1.0146  DIHED      =       11.7439
 VDWAALS =       -3.2516  EEL     =      -34.6348  EGB        =      -15.4375
 1-4 VDW =        3.8160  1-4 EEL =       67.0556  RESTRAINT  =        0.0000


   NSTEP       ENERGY          RMS            GMAX         NAME    NUMBER
     86       3.1142E+01     2.1210E-01     7.5440E-01     H101       39

 BOND    =        0.8324  ANGLE   =        1.0139  DIHED      =       11.7472
 VDWAALS =       -3.2517  EEL     =      -34.6358  EGB        =      -15.4354
 1-4 VDW =        3.8167  1-4 EEL =       67.0548  RESTRAINT  =        0.0000


   NSTEP       ENERGY          RMS            GMAX         NAME    NUMBER
     87       3.1135E+01     1.8970E-01     5.9748E-01     H101       39

 BOND    =        0.8324  ANGLE   =        1.0152  DIHED      =       11.7393
 VDWAALS =       -3.2513  EEL     =      -34.6229  EGB        =      -15.4428
 1-4 VDW =        3.8108  1-4 EEL =       67.0545  RESTRAINT  =        0.0000


   NSTEP       ENERGY          RMS            GMAX         NAME    NUMBER
     88       3.1126E+01     4.1619E-01     1.8523E+00     C11        11

 BOND    =        0.8397  ANGLE   =        1.0242  DIHED      =       11.7151
 VDWAALS =       -3.2501  EEL     =      -34.5823  EGB        =      -15.4663
 1-4 VDW =        3.7922  1-4 EEL =       67.0532  RESTRAINT  =        0.0000


   NSTEP       ENERGY          RMS            GMAX         NAME    NUMBER
     89       3.1109E+01     2.5614E-01     1.0494E+00     C10        10

 BOND    =        0.8702  ANGLE   =        0.9909  DIHED      =       11.6838
 VDWAALS =       -3.2486  EEL     =      -34.5288  EGB        =      -15.5002
 1-4 VDW =        3.7857  1-4 EEL =       67.0557  RESTRAINT  =        0.0000


   NSTEP       ENERGY          RMS            GMAX         NAME    NUMBER
     90       3.1109E+01     2.6575E-01     1.1329E+00     C10        10

 BOND    =        0.8717  ANGLE   =        0.9899  DIHED      =       11.6826
 VDWAALS =       -3.2486  EEL     =      -34.5266  EGB        =      -15.5016
 1-4 VDW =        3.7854  1-4 EEL =       67.0558  RESTRAINT  =        0.0000


   NSTEP       ENERGY          RMS            GMAX         NAME    NUMBER
     91       3.1097E+01     2.4524E-01     6.7163E-01     C10        10

 BOND    =        0.8611  ANGLE   =        0.9951  DIHED      =       11.6700
 VDWAALS =       -3.2487  EEL     =      -34.5049  EGB        =      -15.5139
 1-4 VDW =        3.7813  1-4 EEL =       67.0568  RESTRAINT  =        0.0000


   NSTEP       ENERGY          RMS            GMAX         NAME    NUMBER
     92       3.1087E+01     5.0961E-01     1.6518E+00     C1          1

 BOND    =        0.8504  ANGLE   =        1.0090  DIHED      =       11.6454
 VDWAALS =       -3.2490  EEL     =      -34.4611  EGB        =      -15.5394
 1-4 VDW =        3.7731  1-4 EEL =       67.0588  RESTRAINT  =        0.0000


   NSTEP       ENERGY          RMS            GMAX         NAME    NUMBER
     93       3.1053E+01     3.8669E-01     1.4294E+00     C8          8

 BOND    =        0.8617  ANGLE   =        0.9971  DIHED      =       11.6127
 VDWAALS =       -3.2494  EEL     =      -34.3977  EGB        =      -15.5919
 1-4 VDW =        3.7686  1-4 EEL =       67.0520  RESTRAINT  =        0.0000


   NSTEP       ENERGY          RMS            GMAX         NAME    NUMBER
     94       3.1035E+01     5.6186E-01     2.0675E+00     C7          7

 BOND    =        0.8968  ANGLE   =        0.9923  DIHED      =       11.5693
 VDWAALS =       -3.2499  EEL     =      -34.3066  EGB        =      -15.6712
 1-4 VDW =        3.7627  1-4 EEL =       67.0419  RESTRAINT  =        0.0000


   NSTEP       ENERGY          RMS            GMAX         NAME    NUMBER
     95       3.1013E+01     6.3885E-01     2.3630E+00     C8          8

 BOND    =        0.8777  ANGLE   =        1.0521  DIHED      =       11.4993
 VDWAALS =       -3.2502  EEL     =      -34.1653  EGB        =      -15.7797
 1-4 VDW =        3.7550  1-4 EEL =       67.0239  RESTRAINT  =        0.0000


   NSTEP       ENERGY          RMS            GMAX         NAME    NUMBER
     96       3.1002E+01     3.5876E-01     1.0243E+00     H72        36

 BOND    =        0.8714  ANGLE   =        1.0246  DIHED      =       11.5235
 VDWAALS =       -3.2502  EEL     =      -34.2167  EGB        =      -15.7390
 1-4 VDW =        3.7576  1-4 EEL =       67.0307  RESTRAINT  =        0.0000


   NSTEP       ENERGY          RMS            GMAX         NAME    NUMBER
     97       3.0985E+01     3.0667E-01     8.1698E-01     C7          7

 BOND    =        0.8244  ANGLE   =        1.0487  DIHED      =       11.4975
 VDWAALS =       -3.2502  EEL     =      -34.1805  EGB        =      -15.7442
 1-4 VDW =        3.7586  1-4 EEL =       67.0302  RESTRAINT  =        0.0000


   NSTEP       ENERGY          RMS            GMAX         NAME    NUMBER
     98       3.0983E+01     3.9367E-01     1.2233E+00     C2          2

 BOND    =        0.8116  ANGLE   =        1.0584  DIHED      =       11.4889
 VDWAALS =       -3.2502  EEL     =      -34.1682  EGB        =      -15.7461
 1-4 VDW =        3.7590  1-4 EEL =       67.0300  RESTRAINT  =        0.0000


   NSTEP       ENERGY          RMS            GMAX         NAME    NUMBER
     99       3.0963E+01     3.0655E-01     1.0478E+00     O18        18

 BOND    =        0.7843  ANGLE   =        1.0710  DIHED      =       11.4524
 VDWAALS =       -3.2491  EEL     =      -34.1348  EGB        =      -15.7579
 1-4 VDW =        3.7664  1-4 EEL =       67.0313  RESTRAINT  =        0.0000


   NSTEP       ENERGY          RMS            GMAX         NAME    NUMBER
    100       3.0963E+01     3.2761E-01     1.1240E+00     C5          5

 BOND    =        0.7832  ANGLE   =        1.0723  DIHED      =       11.4498
 VDWAALS =       -3.2490  EEL     =      -34.1324  EGB        =      -15.7588
 1-4 VDW =        3.7669  1-4 EEL =       67.0314  RESTRAINT  =        0.0000


  Maximum number of minimization cycles reached.


                    FINAL RESULTS



   NSTEP       ENERGY          RMS            GMAX         NAME    NUMBER
    100       3.0963E+01     3.2761E-01     1.1240E+00     C5          5

 BOND    =        0.7832  ANGLE   =        1.0723  DIHED      =       11.4498
 VDWAALS =       -3.2490  EEL     =      -34.1324  EGB        =      -15.7588
 1-4 VDW =        3.7669  1-4 EEL =       67.0314  RESTRAINT  =        0.0000

--------------------------------------------------------------------------------
   5.  TIMINGS
--------------------------------------------------------------------------------

|    Read coords time           0.00 ( 0.29% of Total)
|    Fast Water setup           0.00 ( 0.01% of Total)
|                Calc gb radii              0.02 (23.83% of Gen B)
|                Calc gb diag               0.03 (40.92% of Gen B)
|                Calc gb off-diag           0.03 (35.11% of Gen B)
|                Other                      0.00 ( 0.14% of Gen B)
|             Gen Born time              0.08 (100.0% of Nonbo)
|             IPS excludes               0.00 ( 0.02% of Nonbo)
|          Nonbond force              0.08 (90.68% of Force)
|          Bond/Angle/Dihedral        0.01 ( 9.09% of Force)
|          Other                      0.00 ( 0.24% of Force)
|       Force time                 0.09 (100.0% of Runmd)
|    Runmd Time                 0.09 (85.70% of Total)
|    Other                      0.01 (14.00% of Total)
| Total time                 0.11 (100.0% of ALL  )

| Number of list builds   :          0

| Highest rstack allocated:          0
| Highest istack allocated:          0
|           Job began  at 14:25:22.365  on 05/22/2015
|           Setup done at 14:25:22.369  on 05/22/2015
|           Run   done at 14:25:22.472  on 05/22/2015
|     wallclock() was called    1828 times
