
          -------------------------------------------------------
          Amber 14 SANDER                              2014
          -------------------------------------------------------

| Run on 05/22/2015 at 14:25:31

|   Executable path: sander
| Working directory: /net/chevy/raid1/nigel/amber/library/amber_library/c
|          Hostname: chevy.lbl.gov

  [-O]verwriting output

File Assignments:
|  MDIN: sander.in                                                             
| MDOUT: CBJ.min_igb.out                                                       
|INPCRD: CBJ.rst7                                                              
|  PARM: CBJ.prmtop                                                            
|RESTRT: CBJ.min_igb.rst7                                                      
|  REFC: refc                                                                  
| MDVEL: mdvel                                                                 
| MDFRC: mdfrc                                                                 
|  MDEN: mden                                                                  
| MDCRD: mdcrd                                                                 
|MDINFO: mdinfo                                                                
|  MTMD: mtmd                                                                  
|INPDIP: inpdip                                                                
|RSTDIP: rstdip                                                                
|INPTRA: inptraj                                                               


 Here is the input file:

  short minimization                                                           
 &cntrl                                                                        
   imin=1, maxcyc=100, ncyc=50, ntpr=1, cut=99., ntb=0, igb=2                  
 /                                                                             

--------------------------------------------------------------------------------
   1.  RESOURCE   USE: 
--------------------------------------------------------------------------------

| Flags:                                                                        
| New format PARM file being parsed.
| Version =    1.000 Date = 05/22/15 Time = 14:25:31
 NATOM  =      37 NTYPES =       8 NBONH =      11 MBONA  =      29
 NTHETH =      25 MTHETA =      43 NPHIH =      47 MPHIA  =      73
 NHPARM =       0 NPARM  =       0 NNB   =     199 NRES   =       1
 NBONA  =      29 NTHETA =      43 NPHIA =      73 NUMBND =      14
 NUMANG =      24 NPTRA  =      15 NATYP =       9 NPHB   =       0
 IFBOX  =       0 NMXRS  =      37 IFCAP =       0 NEXTRA =       0
 NCOPY  =       0

 Implicit solvent radii are H(N)-modified Bondi radii (mbondi2)                                             

|     Memory Use     Allocated
|     Real                6384
|     Hollerith            114
|     Integer            21911
|     Max Pairs              1
|     nblistReal             0
|     nblist Int             0
|       Total              135 kbytes

| Note: 1-4 EEL scale factors are being read from the topology file.

| Note: 1-4 VDW scale factors are being read from the topology file.
| Duplicated    0 dihedrals
| Duplicated    0 dihedrals

--------------------------------------------------------------------------------
   2.  CONTROL  DATA  FOR  THE  RUN
--------------------------------------------------------------------------------

CBJ                                                                             

General flags:
     imin    =       1, nmropt  =       0

Nature and format of input:
     ntx     =       1, irest   =       0, ntrx    =       1

Nature and format of output:
     ntxo    =       1, ntpr    =       1, ntrx    =       1, ntwr    =     500
     iwrap   =       0, ntwx    =       0, ntwv    =       0, ntwe    =       0
     ioutfm  =       0, ntwprt  =       0, idecomp =       0, rbornstat=      0

Potential function:
     ntf     =       1, ntb     =       0, igb     =       2, nsnb    =      25
     ipol    =       0, gbsa    =       0, iesp    =       0
     dielc   =   1.00000, cut     =  99.00000, intdiel =   1.00000
     saltcon =   0.00000, offset  =   0.09000, gbalpha=    0.80000
     gbbeta  =   0.00000, gbgamma =   2.90912, surften =   0.00500
     rdt     =   0.00000, rgbmax  =  25.00000  extdiel =  78.50000
     alpb  =        0

Frozen or restrained atoms:
     ibelly  =       0, ntr     =       0

Energy minimization:
     maxcyc  =     100, ncyc    =      50, ntmin   =       1
     dx0     =   0.01000, drms    =   0.00010
|  INFO: Old style inpcrd file read


--------------------------------------------------------------------------------
   3.  ATOMIC COORDINATES AND VELOCITIES
--------------------------------------------------------------------------------

CBJ                                                                             
 begin time read from input coords =     0.000 ps

 Number of triangulated 3-point waters found:        0

--------------------------------------------------------------------------------
   4.  RESULTS
--------------------------------------------------------------------------------



   NSTEP       ENERGY          RMS            GMAX         NAME    NUMBER
      1       1.0621E+01     2.1447E+01     8.2996E+01     O26        26

 BOND    =       11.4502  ANGLE   =       25.9298  DIHED      =       11.0033
 VDWAALS =        3.8783  EEL     =        1.0594  EGB        =      -81.6380
 1-4 VDW =       12.2777  1-4 EEL =       26.6606  RESTRAINT  =        0.0000


   NSTEP       ENERGY          RMS            GMAX         NAME    NUMBER
      2       9.5172E+00     2.0481E+01     7.9813E+01     O26        26

 BOND    =       10.7003  ANGLE   =       25.7724  DIHED      =       10.9937
 VDWAALS =        3.6762  EEL     =        1.1039  EGB        =      -81.6490
 1-4 VDW =       12.2559  1-4 EEL =       26.6639  RESTRAINT  =        0.0000


   NSTEP       ENERGY          RMS            GMAX         NAME    NUMBER
      3       8.2585E+00     1.9349E+01     7.6040E+01     O26        26

 BOND    =        9.8548  ANGLE   =       25.5933  DIHED      =       10.9824
 VDWAALS =        3.4362  EEL     =        1.1574  EGB        =      -81.6633
 1-4 VDW =       12.2306  1-4 EEL =       26.6672  RESTRAINT  =        0.0000


   NSTEP       ENERGY          RMS            GMAX         NAME    NUMBER
      4       6.8413E+00     1.8030E+01     7.1584E+01     O26        26

 BOND    =        8.9168  ANGLE   =       25.3923  DIHED      =       10.9689
 VDWAALS =        3.1518  EEL     =        1.2219  EGB        =      -81.6820
 1-4 VDW =       12.2017  1-4 EEL =       26.6699  RESTRAINT  =        0.0000


   NSTEP       ENERGY          RMS            GMAX         NAME    NUMBER
      5       5.2700E+00     1.6511E+01     6.6347E+01     O26        26

 BOND    =        7.8981  ANGLE   =       25.1701  DIHED      =       10.9530
 VDWAALS =        2.8155  EEL     =        1.2998  EGB        =      -81.7072
 1-4 VDW =       12.1691  1-4 EEL =       26.6715  RESTRAINT  =        0.0000


   NSTEP       ENERGY          RMS            GMAX         NAME    NUMBER
      6       3.5622E+00     1.4787E+01     6.0234E+01     O26        26

 BOND    =        6.8230  ANGLE   =       24.9297  DIHED      =       10.9343
 VDWAALS =        2.4187  EEL     =        1.3941  EGB        =      -81.7417
 1-4 VDW =       12.1335  1-4 EEL =       26.6706  RESTRAINT  =        0.0000


   NSTEP       ENERGY          RMS            GMAX         NAME    NUMBER
      7       1.7524E+00     1.2875E+01     5.3177E+01     O26        26

 BOND    =        5.7324  ANGLE   =       24.6763  DIHED      =       10.9123
 VDWAALS =        1.9522  EEL     =        1.5086  EGB        =      -81.7901
 1-4 VDW =       12.0959  1-4 EEL =       26.6649  RESTRAINT  =        0.0000


   NSTEP       ENERGY          RMS            GMAX         NAME    NUMBER
      8      -1.0600E-01     1.0830E+01     4.5173E+01     O26        26

 BOND    =        4.6852  ANGLE   =       24.4188  DIHED      =       10.8869
 VDWAALS =        1.4060  EEL     =        1.6479  EGB        =      -81.8603
 1-4 VDW =       12.0591  1-4 EEL =       26.6504  RESTRAINT  =        0.0000


   NSTEP       ENERGY          RMS            GMAX         NAME    NUMBER
      9      -1.9446E+00     8.7699E+00     3.6362E+01     O26        26

 BOND    =        3.7529  ANGLE   =       24.1710  DIHED      =       10.8582
 VDWAALS =        0.7719  EEL     =        1.8177  EGB        =      -81.9648
 1-4 VDW =       12.0284  1-4 EEL =       26.6201  RESTRAINT  =        0.0000


   NSTEP       ENERGY          RMS            GMAX         NAME    NUMBER
     10      -3.6971E+00     6.8711E+00     2.7465E+01     O26        26

 BOND    =        2.9965  ANGLE   =       23.9549  DIHED      =       10.8269
 VDWAALS =        0.0488  EEL     =        2.0238  EGB        =      -82.1237
 1-4 VDW =       12.0132  1-4 EEL =       26.5624  RESTRAINT  =        0.0000


   NSTEP       ENERGY          RMS            GMAX         NAME    NUMBER
     11      -5.3257E+00     5.2907E+00     2.2144E+01     O26        26

 BOND    =        2.4222  ANGLE   =       23.8072  DIHED      =       10.7955
 VDWAALS =       -0.7454  EEL     =        2.2689  EGB        =      -82.3625
 1-4 VDW =       12.0268  1-4 EEL =       26.4616  RESTRAINT  =        0.0000


   NSTEP       ENERGY          RMS            GMAX         NAME    NUMBER
     12      -6.8215E+00     4.0122E+00     1.6565E+01     O26        26

 BOND    =        1.9656  ANGLE   =       23.7688  DIHED      =       10.7681
 VDWAALS =       -1.5625  EEL     =        2.5481  EGB        =      -82.6914
 1-4 VDW =       12.0767  1-4 EEL =       26.3051  RESTRAINT  =        0.0000


   NSTEP       ENERGY          RMS            GMAX         NAME    NUMBER
     13      -8.1585E+00     2.9296E+00     1.1489E+01     O26        26

 BOND    =        1.6016  ANGLE   =       23.8142  DIHED      =       10.7501
 VDWAALS =       -2.3434  EEL     =        2.8488  EGB        =      -83.0649
 1-4 VDW =       12.1428  1-4 EEL =       26.0923  RESTRAINT  =        0.0000


   NSTEP       ENERGY          RMS            GMAX         NAME    NUMBER
     14      -9.3011E+00     2.0922E+00     7.7931E+00     O26        26

 BOND    =        1.3912  ANGLE   =       23.8530  DIHED      =       10.7477
 VDWAALS =       -3.0412  EEL     =        3.1646  EGB        =      -83.4001
 1-4 VDW =       12.1753  1-4 EEL =       25.8085  RESTRAINT  =        0.0000


   NSTEP       ENERGY          RMS            GMAX         NAME    NUMBER
     15      -1.0160E+01     2.7370E+00     7.8196E+00     C3          3

 BOND    =        1.5410  ANGLE   =       23.7637  DIHED      =       10.7470
 VDWAALS =       -3.6261  EEL     =        3.5598  EGB        =      -83.6997
 1-4 VDW =       12.0951  1-4 EEL =       25.4595  RESTRAINT  =        0.0000


   NSTEP       ENERGY          RMS            GMAX         NAME    NUMBER
     16      -6.9643E+00     1.5164E+01     5.5190E+01     C3          3

 BOND    =        3.8224  ANGLE   =       25.0026  DIHED      =       10.8165
 VDWAALS =       -3.8562  EEL     =        3.6476  EGB        =      -83.6931
 1-4 VDW =       12.0753  1-4 EEL =       25.2206  RESTRAINT  =        0.0000


   NSTEP       ENERGY          RMS            GMAX         NAME    NUMBER
     17      -1.0349E+01     4.9536E+00     1.8318E+01     C3          3

 BOND    =        1.6421  ANGLE   =       23.8937  DIHED      =       10.7819
 VDWAALS =       -3.8991  EEL     =        3.7585  EGB        =      -83.7975
 1-4 VDW =       12.0129  1-4 EEL =       25.2588  RESTRAINT  =        0.0000


   NSTEP       ENERGY          RMS            GMAX         NAME    NUMBER
     18      -1.0016E+01     7.2185E+00     2.4704E+01     C3          3

 BOND    =        2.4339  ANGLE   =       23.6024  DIHED      =       10.7483
 VDWAALS =       -3.9847  EEL     =        3.9351  EGB        =      -83.9620
 1-4 VDW =       11.9468  1-4 EEL =       25.2641  RESTRAINT  =        0.0000


   NSTEP       ENERGY          RMS            GMAX         NAME    NUMBER
     19      -1.0862E+01     1.4770E+00     4.6156E+00     O26        26

 BOND    =        1.5428  ANGLE   =       23.6578  DIHED      =       10.7684
 VDWAALS =       -3.9916  EEL     =        3.9025  EGB        =      -83.9254
 1-4 VDW =       11.9598  1-4 EEL =       25.2239  RESTRAINT  =        0.0000


   NSTEP       ENERGY          RMS            GMAX         NAME    NUMBER
     20      -1.0806E+01     4.0312E+00     1.4518E+01     C3          3

 BOND    =        1.5957  ANGLE   =       23.8068  DIHED      =       10.7923
 VDWAALS =       -4.1043  EEL     =        3.9866  EGB        =      -83.9702
 1-4 VDW =       11.9278  1-4 EEL =       25.1595  RESTRAINT  =        0.0000


   NSTEP       ENERGY          RMS            GMAX         NAME    NUMBER
     21      -1.1086E+01     1.0620E+00     4.2799E+00     O26        26

 BOND    =        1.5506  ANGLE   =       23.6121  DIHED      =       10.7830
 VDWAALS =       -4.1283  EEL     =        4.0395  EGB        =      -84.0122
 1-4 VDW =       11.9042  1-4 EEL =       25.1650  RESTRAINT  =        0.0000


   NSTEP       ENERGY          RMS            GMAX         NAME    NUMBER
     22      -1.1189E+01     1.4311E+00     3.8685E+00     C5          5

 BOND    =        1.5874  ANGLE   =       23.6011  DIHED      =       10.7871
 VDWAALS =       -4.2076  EEL     =        4.1458  EGB        =      -84.0988
 1-4 VDW =       11.8724  1-4 EEL =       25.1232  RESTRAINT  =        0.0000


   NSTEP       ENERGY          RMS            GMAX         NAME    NUMBER
     23      -1.1184E+01     2.7960E+00     1.0107E+01     C6          6

 BOND    =        1.6012  ANGLE   =       23.6551  DIHED      =       10.8030
 VDWAALS =       -4.2785  EEL     =        4.1972  EGB        =      -84.1222
 1-4 VDW =       11.8545  1-4 EEL =       25.1058  RESTRAINT  =        0.0000


   NSTEP       ENERGY          RMS            GMAX         NAME    NUMBER
     24      -1.1328E+01     9.1300E-01     3.7510E+00     O26        26

 BOND    =        1.5979  ANGLE   =       23.5433  DIHED      =       10.7987
 VDWAALS =       -4.2945  EEL     =        4.2359  EGB        =      -84.1486
 1-4 VDW =       11.8355  1-4 EEL =       25.1039  RESTRAINT  =        0.0000


   NSTEP       ENERGY          RMS            GMAX         NAME    NUMBER
     25      -1.1402E+01     9.9472E-01     3.4082E+00     O26        26

 BOND    =        1.5865  ANGLE   =       23.5666  DIHED      =       10.8038
 VDWAALS =       -4.3464  EEL     =        4.3069  EGB        =      -84.2112
 1-4 VDW =       11.8171  1-4 EEL =       25.0751  RESTRAINT  =        0.0000


   NSTEP       ENERGY          RMS            GMAX         NAME    NUMBER
     26      -1.1455E+01     1.4774E+00     5.0421E+00     C6          6

 BOND    =        1.6312  ANGLE   =       23.5108  DIHED      =       10.8127
 VDWAALS =       -4.4116  EEL     =        4.3733  EGB        =      -84.2402
 1-4 VDW =       11.7937  1-4 EEL =       25.0746  RESTRAINT  =        0.0000


   NSTEP       ENERGY          RMS            GMAX         NAME    NUMBER
     27      -1.1457E+01     2.3005E+00     8.3066E+00     C17        17

 BOND    =        1.7398  ANGLE   =       23.4895  DIHED      =       10.8142
 VDWAALS =       -4.4458  EEL     =        4.4417  EGB        =      -84.3023
 1-4 VDW =       11.7623  1-4 EEL =       25.0436  RESTRAINT  =        0.0000


   NSTEP       ENERGY          RMS            GMAX         NAME    NUMBER
     28      -1.1461E+01     2.7553E+00     9.9568E+00     C17        17

 BOND    =        1.6199  ANGLE   =       23.6059  DIHED      =       10.8236
 VDWAALS =       -4.4850  EEL     =        4.4570  EGB        =      -84.3169
 1-4 VDW =       11.7846  1-4 EEL =       25.0495  RESTRAINT  =        0.0000


   NSTEP       ENERGY          RMS            GMAX         NAME    NUMBER
     29      -1.1419E+01     3.5285E+00     1.3624E+01     C5          5

 BOND    =        1.9584  ANGLE   =       23.3577  DIHED      =       10.8205
 VDWAALS =       -4.5122  EEL     =        4.5341  EGB        =      -84.3373
 1-4 VDW =       11.7179  1-4 EEL =       25.0419  RESTRAINT  =        0.0000


   NSTEP       ENERGY          RMS            GMAX         NAME    NUMBER
     30      -1.1636E+01     7.6564E-01     2.9250E+00     O26        26

 BOND    =        1.6429  ANGLE   =       23.4752  DIHED      =       10.8258
 VDWAALS =       -4.5232  EEL     =        4.5264  EGB        =      -84.3587
 1-4 VDW =       11.7422  1-4 EEL =       25.0339  RESTRAINT  =        0.0000


   NSTEP       ENERGY          RMS            GMAX         NAME    NUMBER
     31      -1.1682E+01     1.4725E+00     5.1684E+00     C16        16

 BOND    =        1.6310  ANGLE   =       23.4806  DIHED      =       10.8351
 VDWAALS =       -4.5883  EEL     =        4.6013  EGB        =      -84.4049
 1-4 VDW =       11.7324  1-4 EEL =       25.0308  RESTRAINT  =        0.0000


   NSTEP       ENERGY          RMS            GMAX         NAME    NUMBER
     32      -1.1632E+01     2.7184E+00     1.0777E+01     C17        17

 BOND    =        1.8673  ANGLE   =       23.3808  DIHED      =       10.8372
 VDWAALS =       -4.6177  EEL     =        4.6624  EGB        =      -84.4488
 1-4 VDW =       11.6799  1-4 EEL =       25.0065  RESTRAINT  =        0.0000


   NSTEP       ENERGY          RMS            GMAX         NAME    NUMBER
     33      -1.1763E+01     7.8409E-01     2.5896E+00     O26        26

 BOND    =        1.6727  ANGLE   =       23.4362  DIHED      =       10.8401
 VDWAALS =       -4.6289  EEL     =        4.6642  EGB        =      -84.4569
 1-4 VDW =       11.6989  1-4 EEL =       25.0110  RESTRAINT  =        0.0000


   NSTEP       ENERGY          RMS            GMAX         NAME    NUMBER
     34      -1.1788E+01     1.2699E+00     4.4747E+00     C16        16

 BOND    =        1.6477  ANGLE   =       23.4426  DIHED      =       10.8462
 VDWAALS =       -4.6697  EEL     =        4.7101  EGB        =      -84.4801
 1-4 VDW =       11.6994  1-4 EEL =       25.0159  RESTRAINT  =        0.0000


   NSTEP       ENERGY          RMS            GMAX         NAME    NUMBER
     35      -1.1792E+01     1.7683E+00     6.9364E+00     C17        17

 BOND    =        1.7823  ANGLE   =       23.3760  DIHED      =       10.8483
 VDWAALS =       -4.6915  EEL     =        4.7531  EGB        =      -84.5158
 1-4 VDW =       11.6601  1-4 EEL =       24.9959  RESTRAINT  =        0.0000


   NSTEP       ENERGY          RMS            GMAX         NAME    NUMBER
     36      -1.1798E+01     2.0478E+00     7.6114E+00     C17        17

 BOND    =        1.6470  ANGLE   =       23.4835  DIHED      =       10.8537
 VDWAALS =       -4.7169  EEL     =        4.7676  EGB        =      -84.5329
 1-4 VDW =       11.6929  1-4 EEL =       25.0071  RESTRAINT  =        0.0000


   NSTEP       ENERGY          RMS            GMAX         NAME    NUMBER
     37      -1.1780E+01     2.5854E+00     1.0383E+01     C17        17

 BOND    =        1.8922  ANGLE   =       23.3112  DIHED      =       10.8537
 VDWAALS =       -4.7360  EEL     =        4.8183  EGB        =      -84.5454
 1-4 VDW =       11.6330  1-4 EEL =       24.9931  RESTRAINT  =        0.0000


   NSTEP       ENERGY          RMS            GMAX         NAME    NUMBER
     38      -1.1899E+01     5.9767E-01     2.3167E+00     O26        26

 BOND    =        1.6934  ANGLE   =       23.3921  DIHED      =       10.8566
 VDWAALS =       -4.7450  EEL     =        4.8167  EGB        =      -84.5621
 1-4 VDW =       11.6553  1-4 EEL =       24.9941  RESTRAINT  =        0.0000


   NSTEP       ENERGY          RMS            GMAX         NAME    NUMBER
     39      -1.1933E+01     1.0305E+00     3.4627E+00     C16        16

 BOND    =        1.6723  ANGLE   =       23.3965  DIHED      =       10.8631
 VDWAALS =       -4.7890  EEL     =        4.8718  EGB        =      -84.5972
 1-4 VDW =       11.6529  1-4 EEL =       24.9970  RESTRAINT  =        0.0000


   NSTEP       ENERGY          RMS            GMAX         NAME    NUMBER
     40      -1.1910E+01     2.0035E+00     7.8601E+00     C17        17

 BOND    =        1.8376  ANGLE   =       23.3353  DIHED      =       10.8664
 VDWAALS =       -4.8129  EEL     =        4.9153  EGB        =      -84.6325
 1-4 VDW =       11.6075  1-4 EEL =       24.9735  RESTRAINT  =        0.0000


   NSTEP       ENERGY          RMS            GMAX         NAME    NUMBER
     41      -1.1982E+01     6.1190E-01     2.0861E+00     O26        26

 BOND    =        1.7164  ANGLE   =       23.3655  DIHED      =       10.8679
 VDWAALS =       -4.8214  EEL     =        4.9201  EGB        =      -84.6376
 1-4 VDW =       11.6247  1-4 EEL =       24.9823  RESTRAINT  =        0.0000


   NSTEP       ENERGY          RMS            GMAX         NAME    NUMBER
     42      -1.2002E+01     9.0967E-01     2.9952E+00     C16        16

 BOND    =        1.6892  ANGLE   =       23.3707  DIHED      =       10.8720
 VDWAALS =       -4.8494  EEL     =        4.9544  EGB        =      -84.6562
 1-4 VDW =       11.6285  1-4 EEL =       24.9889  RESTRAINT  =        0.0000


   NSTEP       ENERGY          RMS            GMAX         NAME    NUMBER
     43      -1.2008E+01     1.3050E+00     4.9728E+00     C17        17

 BOND    =        1.7843  ANGLE   =       23.3333  DIHED      =       10.8746
 VDWAALS =       -4.8670  EEL     =        4.9854  EGB        =      -84.6846
 1-4 VDW =       11.5958  1-4 EEL =       24.9706  RESTRAINT  =        0.0000


   NSTEP       ENERGY          RMS            GMAX         NAME    NUMBER
     44      -1.2015E+01     1.4978E+00     5.2836E+00     C17        17

 BOND    =        1.6934  ANGLE   =       23.3830  DIHED      =       10.8776
 VDWAALS =       -4.8862  EEL     =        5.0019  EGB        =      -84.6959
 1-4 VDW =       11.6237  1-4 EEL =       24.9873  RESTRAINT  =        0.0000


   NSTEP       ENERGY          RMS            GMAX         NAME    NUMBER
     45      -1.2010E+01     1.8817E+00     7.4151E+00     C17        17

 BOND    =        1.8477  ANGLE   =       23.3002  DIHED      =       10.8792
 VDWAALS =       -4.8999  EEL     =        5.0334  EGB        =      -84.7119
 1-4 VDW =       11.5755  1-4 EEL =       24.9662  RESTRAINT  =        0.0000


   NSTEP       ENERGY          RMS            GMAX         NAME    NUMBER
     46      -1.2075E+01     4.8490E-01     1.8926E+00     O26        26

 BOND    =        1.7297  ANGLE   =       23.3393  DIHED      =       10.8807
 VDWAALS =       -4.9076  EEL     =        5.0369  EGB        =      -84.7217
 1-4 VDW =       11.5942  1-4 EEL =       24.9735  RESTRAINT  =        0.0000


   NSTEP       ENERGY          RMS            GMAX         NAME    NUMBER
     47      -1.2100E+01     6.9896E-01     2.3109E+00     C23        23

 BOND    =        1.7172  ANGLE   =       23.3349  DIHED      =       10.8851
 VDWAALS =       -4.9379  EEL     =        5.0769  EGB        =      -84.7470
 1-4 VDW =       11.5925  1-4 EEL =       24.9778  RESTRAINT  =        0.0000


   NSTEP       ENERGY          RMS            GMAX         NAME    NUMBER
     48      -1.2097E+01     1.4097E+00     5.1709E+00     C17        17

 BOND    =        1.8128  ANGLE   =       23.3148  DIHED      =       10.8885
 VDWAALS =       -4.9587  EEL     =        5.1101  EGB        =      -84.7800
 1-4 VDW =       11.5587  1-4 EEL =       24.9569  RESTRAINT  =        0.0000


   NSTEP       ENERGY          RMS            GMAX         NAME    NUMBER
     49      -1.2134E+01     4.6386E-01     1.7353E+00     O26        26

 BOND    =        1.7457  ANGLE   =       23.3220  DIHED      =       10.8894
 VDWAALS =       -4.9655  EEL     =        5.1168  EGB        =      -84.7818
 1-4 VDW =       11.5721  1-4 EEL =       24.9670  RESTRAINT  =        0.0000


   NSTEP       ENERGY          RMS            GMAX         NAME    NUMBER
     50      -1.2152E+01     5.7510E-01     1.8300E+00     C23        23

 BOND    =        1.7328  ANGLE   =       23.3179  DIHED      =       10.8923
 VDWAALS =       -4.9861  EEL     =        5.1439  EGB        =      -84.7971
 1-4 VDW =       11.5723  1-4 EEL =       24.9719  RESTRAINT  =        0.0000


   NSTEP       ENERGY          RMS            GMAX         NAME    NUMBER
     51      -1.2162E+01     9.0381E-01     3.2152E+00     C14        14

 BOND    =        1.7873  ANGLE   =       23.3079  DIHED      =       10.8951
 VDWAALS =       -5.0030  EEL     =        5.1699  EGB        =      -84.8251
 1-4 VDW =       11.5494  1-4 EEL =       24.9568  RESTRAINT  =        0.0000


   NSTEP       ENERGY          RMS            GMAX         NAME    NUMBER
     52       3.9854E-01     2.6577E+01     9.9838E+01     C14        14

 BOND    =       12.6155  ANGLE   =       24.4186  DIHED      =       10.9261
 VDWAALS =       -5.2162  EEL     =        5.4270  EGB        =      -84.8937
 1-4 VDW =       11.8954  1-4 EEL =       25.2259  RESTRAINT  =        0.0000


   NSTEP       ENERGY          RMS            GMAX         NAME    NUMBER
     53      -1.2180E+01     4.4923E-01     1.6833E+00     O26        26

 BOND    =        1.7451  ANGLE   =       23.3111  DIHED      =       10.8961
 VDWAALS =       -5.0115  EEL     =        5.1794  EGB        =      -84.8274
 1-4 VDW =       11.5603  1-4 EEL =       24.9666  RESTRAINT  =        0.0000


   NSTEP       ENERGY          RMS            GMAX         NAME    NUMBER
     54      -1.2190E+01     4.4332E-01     1.6705E+00     O26        26

 BOND    =        1.7473  ANGLE   =       23.3073  DIHED      =       10.8975
 VDWAALS =       -5.0208  EEL     =        5.1922  EGB        =      -84.8359
 1-4 VDW =       11.5567  1-4 EEL =       24.9663  RESTRAINT  =        0.0000


   NSTEP       ENERGY          RMS            GMAX         NAME    NUMBER
     55      -1.2268E+01     5.0431E-01     1.5961E+00     C23        23

 BOND    =        1.7705  ANGLE   =       23.2733  DIHED      =       10.9101
 VDWAALS =       -5.1039  EEL     =        5.3099  EGB        =      -84.9142
 1-4 VDW =       11.5232  1-4 EEL =       24.9632  RESTRAINT  =        0.0000


   NSTEP       ENERGY          RMS            GMAX         NAME    NUMBER
     56      -1.2482E+01     2.0675E+00     7.4552E+00     N12        12

 BOND    =        2.0104  ANGLE   =       23.1336  DIHED      =       10.9891
 VDWAALS =       -5.5057  EEL     =        5.9897  EGB        =      -85.3715
 1-4 VDW =       11.3311  1-4 EEL =       24.9417  RESTRAINT  =        0.0000


   NSTEP       ENERGY          RMS            GMAX         NAME    NUMBER
     57      -1.2368E+01     3.1933E+00     1.0297E+01     C5          5

 BOND    =        2.4889  ANGLE   =       23.3410  DIHED      =       11.0924
 VDWAALS =       -5.8333  EEL     =        6.7852  EGB        =      -86.1824
 1-4 VDW =       11.1391  1-4 EEL =       24.8008  RESTRAINT  =        0.0000


   NSTEP       ENERGY          RMS            GMAX         NAME    NUMBER
     58      -1.2608E+01     4.5060E-01     1.5285E+00     O26        26

 BOND    =        2.0987  ANGLE   =       23.1782  DIHED      =       11.0309
 VDWAALS =       -5.6617  EEL     =        6.3293  EGB        =      -85.7154
 1-4 VDW =       11.2487  1-4 EEL =       24.8831  RESTRAINT  =        0.0000


   NSTEP       ENERGY          RMS            GMAX         NAME    NUMBER
     59      -1.2616E+01     3.6151E-01     1.4221E+00     O25        25

 BOND    =        2.0902  ANGLE   =       23.1722  DIHED      =       11.0326
 VDWAALS =       -5.6751  EEL     =        6.3540  EGB        =      -85.7293
 1-4 VDW =       11.2479  1-4 EEL =       24.8914  RESTRAINT  =        0.0000


   NSTEP       ENERGY          RMS            GMAX         NAME    NUMBER
     60      -1.2617E+01     4.8097E-01     1.5214E+00     C10        10

 BOND    =        2.0885  ANGLE   =       23.1701  DIHED      =       11.0334
 VDWAALS =       -5.6809  EEL     =        6.3648  EGB        =      -85.7354
 1-4 VDW =       11.2475  1-4 EEL =       24.8951  RESTRAINT  =        0.0000


   NSTEP       ENERGY          RMS            GMAX         NAME    NUMBER
     61      -1.2632E+01     3.9891E-01     1.6591E+00     O25        25

 BOND    =        2.0659  ANGLE   =       23.2075  DIHED      =       11.0377
 VDWAALS =       -5.7057  EEL     =        6.3994  EGB        =      -85.7775
 1-4 VDW =       11.2414  1-4 EEL =       24.8991  RESTRAINT  =        0.0000


   NSTEP       ENERGY          RMS            GMAX         NAME    NUMBER
     62      -1.2651E+01     7.0849E-01     3.5121E+00     O25        25

 BOND    =        2.0160  ANGLE   =       23.3213  DIHED      =       11.0513
 VDWAALS =       -5.7733  EEL     =        6.4992  EGB        =      -85.8998
 1-4 VDW =       11.2233  1-4 EEL =       24.9106  RESTRAINT  =        0.0000


   NSTEP       ENERGY          RMS            GMAX         NAME    NUMBER
     63      -1.2691E+01     7.9627E-01     3.3252E+00     O26        26

 BOND    =        2.0270  ANGLE   =       23.4234  DIHED      =       11.0558
 VDWAALS =       -5.8260  EEL     =        6.5697  EGB        =      -86.0871
 1-4 VDW =       11.2389  1-4 EEL =       24.9074  RESTRAINT  =        0.0000


   NSTEP       ENERGY          RMS            GMAX         NAME    NUMBER
     64      -1.2692E+01     9.2653E-01     3.3614E+00     O26        26

 BOND    =        2.0324  ANGLE   =       23.4423  DIHED      =       11.0569
 VDWAALS =       -5.8344  EEL     =        6.5816  EGB        =      -86.1188
 1-4 VDW =       11.2415  1-4 EEL =       24.9068  RESTRAINT  =        0.0000


   NSTEP       ENERGY          RMS            GMAX         NAME    NUMBER
     65      -1.2747E+01     7.0612E-01     2.7682E+00     C23        23

 BOND    =        1.9948  ANGLE   =       23.4350  DIHED      =       11.0624
 VDWAALS =       -5.8567  EEL     =        6.5422  EGB        =      -86.1464
 1-4 VDW =       11.2787  1-4 EEL =       24.9427  RESTRAINT  =        0.0000


   NSTEP       ENERGY          RMS            GMAX         NAME    NUMBER
     66      -1.2757E+01     9.7107E-01     4.1614E+00     C23        23

 BOND    =        1.9902  ANGLE   =       23.4350  DIHED      =       11.0673
 VDWAALS =       -5.8693  EEL     =        6.5179  EGB        =      -86.1637
 1-4 VDW =       11.3015  1-4 EEL =       24.9644  RESTRAINT  =        0.0000


   NSTEP       ENERGY          RMS            GMAX         NAME    NUMBER
     67      -1.2798E+01     1.1365E+00     4.8648E+00     C24        24

 BOND    =        2.0915  ANGLE   =       23.2875  DIHED      =       11.0561
 VDWAALS =       -5.8647  EEL     =        6.4067  EGB        =      -86.0601
 1-4 VDW =       11.2644  1-4 EEL =       25.0206  RESTRAINT  =        0.0000


   NSTEP       ENERGY          RMS            GMAX         NAME    NUMBER
     68      -1.2805E+01     7.8322E-01     2.6985E+00     C23        23

 BOND    =        2.0520  ANGLE   =       23.3225  DIHED      =       11.0583
 VDWAALS =       -5.8663  EEL     =        6.4369  EGB        =      -86.0880
 1-4 VDW =       11.2744  1-4 EEL =       25.0054  RESTRAINT  =        0.0000


   NSTEP       ENERGY          RMS            GMAX         NAME    NUMBER
     69      -1.2835E+01     6.8619E-01     2.5612E+00     C24        24

 BOND    =        2.0694  ANGLE   =       23.2691  DIHED      =       11.0589
 VDWAALS =       -5.8533  EEL     =        6.3493  EGB        =      -85.9985
 1-4 VDW =       11.2378  1-4 EEL =       25.0319  RESTRAINT  =        0.0000


   NSTEP       ENERGY          RMS            GMAX         NAME    NUMBER
     70      -1.2835E+01     6.6997E-01     2.4400E+00     C24        24

 BOND    =        2.0685  ANGLE   =       23.2701  DIHED      =       11.0589
 VDWAALS =       -5.8537  EEL     =        6.3514  EGB        =      -86.0006
 1-4 VDW =       11.2387  1-4 EEL =       25.0313  RESTRAINT  =        0.0000


   NSTEP       ENERGY          RMS            GMAX         NAME    NUMBER
     71      -1.2860E+01     5.6912E-01     1.5559E+00     C22        22

 BOND    =        2.0923  ANGLE   =       23.2186  DIHED      =       11.0503
 VDWAALS =       -5.8464  EEL     =        6.3099  EGB        =      -85.9637
 1-4 VDW =       11.2142  1-4 EEL =       25.0648  RESTRAINT  =        0.0000


   NSTEP       ENERGY          RMS            GMAX         NAME    NUMBER
     72      -1.2860E+01     6.2088E-01     1.8959E+00     C22        22

 BOND    =        2.0963  ANGLE   =       23.2140  DIHED      =       11.0495
 VDWAALS =       -5.8456  EEL     =        6.3056  EGB        =      -85.9600
 1-4 VDW =       11.2117  1-4 EEL =       25.0682  RESTRAINT  =        0.0000


   NSTEP       ENERGY          RMS            GMAX         NAME    NUMBER
     73      -1.2887E+01     5.9685E-01     1.8281E+00     O18        18

 BOND    =        2.1433  ANGLE   =       23.1546  DIHED      =       11.0509
 VDWAALS =       -5.8468  EEL     =        6.2979  EGB        =      -85.9753
 1-4 VDW =       11.1991  1-4 EEL =       25.0898  RESTRAINT  =        0.0000


   NSTEP       ENERGY          RMS            GMAX         NAME    NUMBER
     74      -1.2888E+01     7.5518E-01     2.4353E+00     C5          5

 BOND    =        2.1646  ANGLE   =       23.1362  DIHED      =       11.0515
 VDWAALS =       -5.8472  EEL     =        6.2953  EGB        =      -85.9805
 1-4 VDW =       11.1949  1-4 EEL =       25.0970  RESTRAINT  =        0.0000


   NSTEP       ENERGY          RMS            GMAX         NAME    NUMBER
     75      -1.2921E+01     6.3152E-01     2.2400E+00     H16        33

 BOND    =        2.1472  ANGLE   =       23.1006  DIHED      =       11.0452
 VDWAALS =       -5.8491  EEL     =        6.2994  EGB        =      -85.9877
 1-4 VDW =       11.1849  1-4 EEL =       25.1388  RESTRAINT  =        0.0000


   NSTEP       ENERGY          RMS            GMAX         NAME    NUMBER
     76      -1.2927E+01     5.1200E-01     1.8494E+00     H16        33

 BOND    =        2.1453  ANGLE   =       23.1046  DIHED      =       11.0445
 VDWAALS =       -5.8498  EEL     =        6.2965  EGB        =      -85.9908
 1-4 VDW =       11.1846  1-4 EEL =       25.1379  RESTRAINT  =        0.0000


   NSTEP       ENERGY          RMS            GMAX         NAME    NUMBER
     77      -1.2934E+01     4.2174E-01     1.4147E+00     H16        33

 BOND    =        2.1405  ANGLE   =       23.1110  DIHED      =       11.0433
 VDWAALS =       -5.8507  EEL     =        6.2934  EGB        =      -85.9944
 1-4 VDW =       11.1855  1-4 EEL =       25.1378  RESTRAINT  =        0.0000


   NSTEP       ENERGY          RMS            GMAX         NAME    NUMBER
     78      -1.2940E+01     3.6073E-01     9.9652E-01     H16        33

 BOND    =        2.1308  ANGLE   =       23.1202  DIHED      =       11.0414
 VDWAALS =       -5.8518  EEL     =        6.2901  EGB        =      -85.9982
 1-4 VDW =       11.1887  1-4 EEL =       25.1389  RESTRAINT  =        0.0000


   NSTEP       ENERGY          RMS            GMAX         NAME    NUMBER
     79      -1.2947E+01     3.1707E-01     8.8299E-01     O25        25

 BOND    =        2.1168  ANGLE   =       23.1308  DIHED      =       11.0390
 VDWAALS =       -5.8531  EEL     =        6.2865  EGB        =      -86.0022
 1-4 VDW =       11.1947  1-4 EEL =       25.1409  RESTRAINT  =        0.0000


   NSTEP       ENERGY          RMS            GMAX         NAME    NUMBER
     80      -6.1835E+00     7.7319E+00     3.0368E+01     H16        33

 BOND    =        3.7002  ANGLE   =       28.1626  DIHED      =       10.9271
 VDWAALS =       -5.9581  EEL     =        5.6593  EGB        =      -86.6615
 1-4 VDW =       12.5190  1-4 EEL =       25.4678  RESTRAINT  =        0.0000


   NSTEP       ENERGY          RMS            GMAX         NAME    NUMBER
     81      -1.2978E+01     4.0374E-01     1.3427E+00     H16        33

 BOND    =        1.9999  ANGLE   =       23.2315  DIHED      =       11.0136
 VDWAALS =       -5.8630  EEL     =        6.2476  EGB        =      -86.0360
 1-4 VDW =       11.2656  1-4 EEL =       25.1622  RESTRAINT  =        0.0000


   NSTEP       ENERGY          RMS            GMAX         NAME    NUMBER
     82      -1.3007E+01     6.3165E-01     2.4775E+00     C17        17

 BOND    =        1.9418  ANGLE   =       23.2017  DIHED      =       10.9750
 VDWAALS =       -5.8510  EEL     =        6.1734  EGB        =      -85.9814
 1-4 VDW =       11.3269  1-4 EEL =       25.2066  RESTRAINT  =        0.0000


   NSTEP       ENERGY          RMS            GMAX         NAME    NUMBER
     83      -1.3007E+01     5.6758E-01     2.1517E+00     C17        17

 BOND    =        1.9458  ANGLE   =       23.2035  DIHED      =       10.9787
 VDWAALS =       -5.8523  EEL     =        6.1808  EGB        =      -85.9868
 1-4 VDW =       11.3207  1-4 EEL =       25.2022  RESTRAINT  =        0.0000


   NSTEP       ENERGY          RMS            GMAX         NAME    NUMBER
     84      -1.3020E+01     1.0275E+00     5.4572E+00     C24        24

 BOND    =        2.0118  ANGLE   =       23.1147  DIHED      =       10.9452
 VDWAALS =       -5.8294  EEL     =        6.0701  EGB        =      -85.8530
 1-4 VDW =       11.2954  1-4 EEL =       25.2248  RESTRAINT  =        0.0000


   NSTEP       ENERGY          RMS            GMAX         NAME    NUMBER
     85      -1.3026E+01     6.3031E-01     3.0764E+00     C24        24

 BOND    =        1.9806  ANGLE   =       23.1443  DIHED      =       10.9567
 VDWAALS =       -5.8377  EEL     =        6.1096  EGB        =      -85.9005
 1-4 VDW =       11.3043  1-4 EEL =       25.2168  RESTRAINT  =        0.0000


   NSTEP       ENERGY          RMS            GMAX         NAME    NUMBER
     86      -1.3044E+01     4.2042E-01     1.3727E+00     C24        24

 BOND    =        2.0124  ANGLE   =       23.0625  DIHED      =       10.9255
 VDWAALS =       -5.8154  EEL     =        6.0267  EGB        =      -85.7774
 1-4 VDW =       11.2680  1-4 EEL =       25.2540  RESTRAINT  =        0.0000


   NSTEP       ENERGY          RMS            GMAX         NAME    NUMBER
     87      -1.3044E+01     3.9558E-01     1.3032E+00     H10        29

 BOND    =        2.0099  ANGLE   =       23.0667  DIHED      =       10.9272
 VDWAALS =       -5.8167  EEL     =        6.0313  EGB        =      -85.7842
 1-4 VDW =       11.2700  1-4 EEL =       25.2519  RESTRAINT  =        0.0000


   NSTEP       ENERGY          RMS            GMAX         NAME    NUMBER
     88      -1.3054E+01     3.0378E-01     1.0082E+00     O25        25

 BOND    =        2.0368  ANGLE   =       23.0328  DIHED      =       10.9197
 VDWAALS =       -5.8040  EEL     =        5.9774  EGB        =      -85.7479
 1-4 VDW =       11.2639  1-4 EEL =       25.2673  RESTRAINT  =        0.0000


   NSTEP       ENERGY          RMS            GMAX         NAME    NUMBER
     89      -1.3056E+01     4.3593E-01     1.6093E+00     C24        24

 BOND    =        2.0595  ANGLE   =       23.0100  DIHED      =       10.9146
 VDWAALS =       -5.7949  EEL     =        5.9393  EGB        =      -85.7223
 1-4 VDW =       11.2597  1-4 EEL =       25.2781  RESTRAINT  =        0.0000


   NSTEP       ENERGY          RMS            GMAX         NAME    NUMBER
     90      -1.3062E+01     5.6928E-01     2.3514E+00     C24        24

 BOND    =        2.0909  ANGLE   =       23.0121  DIHED      =       10.8972
 VDWAALS =       -5.7744  EEL     =        5.8692  EGB        =      -85.7159
 1-4 VDW =       11.2721  1-4 EEL =       25.2865  RESTRAINT  =        0.0000


   NSTEP       ENERGY          RMS            GMAX         NAME    NUMBER
     91      -1.3064E+01     3.5926E-01     1.4417E+00     O25        25

 BOND    =        2.0778  ANGLE   =       23.0105  DIHED      =       10.9027
 VDWAALS =       -5.7811  EEL     =        5.8918  EGB        =      -85.7180
 1-4 VDW =       11.2681  1-4 EEL =       25.2838  RESTRAINT  =        0.0000


   NSTEP       ENERGY          RMS            GMAX         NAME    NUMBER
     92      -1.3072E+01     2.6441E-01     6.9289E-01     C14        14

 BOND    =        2.0319  ANGLE   =       23.0317  DIHED      =       10.8972
 VDWAALS =       -5.7727  EEL     =        5.8545  EGB        =      -85.7030
 1-4 VDW =       11.2874  1-4 EEL =       25.3006  RESTRAINT  =        0.0000


   NSTEP       ENERGY          RMS            GMAX         NAME    NUMBER
     93      -1.3074E+01     3.7751E-01     1.0788E+00     C3          3

 BOND    =        1.9996  ANGLE   =       23.0491  DIHED      =       10.8930
 VDWAALS =       -5.7662  EEL     =        5.8254  EGB        =      -85.6914
 1-4 VDW =       11.3025  1-4 EEL =       25.3137  RESTRAINT  =        0.0000


   NSTEP       ENERGY          RMS            GMAX         NAME    NUMBER
     94      -1.3084E+01     4.4939E-01     1.3313E+00     C15        15

 BOND    =        2.0016  ANGLE   =       23.0583  DIHED      =       10.8811
 VDWAALS =       -5.7549  EEL     =        5.7747  EGB        =      -85.6897
 1-4 VDW =       11.3111  1-4 EEL =       25.3343  RESTRAINT  =        0.0000


   NSTEP       ENERGY          RMS            GMAX         NAME    NUMBER
     95      -1.3084E+01     4.0873E-01     1.1522E+00     C15        15

 BOND    =        2.0008  ANGLE   =       23.0573  DIHED      =       10.8822
 VDWAALS =       -5.7559  EEL     =        5.7792  EGB        =      -85.6899
 1-4 VDW =       11.3103  1-4 EEL =       25.3325  RESTRAINT  =        0.0000


   NSTEP       ENERGY          RMS            GMAX         NAME    NUMBER
     96      -1.3098E+01     3.4950E-01     1.0561E+00     O25        25

 BOND    =        1.9778  ANGLE   =       23.0726  DIHED      =       10.8732
 VDWAALS =       -5.7492  EEL     =        5.7397  EGB        =      -85.6740
 1-4 VDW =       11.3250  1-4 EEL =       25.3375  RESTRAINT  =        0.0000


   NSTEP       ENERGY          RMS            GMAX         NAME    NUMBER
     97      -1.3102E+01     5.6348E-01     1.7524E+00     C15        15

 BOND    =        1.9610  ANGLE   =       23.0906  DIHED      =       10.8647
 VDWAALS =       -5.7426  EEL     =        5.7014  EGB        =      -85.6588
 1-4 VDW =       11.3394  1-4 EEL =       25.3423  RESTRAINT  =        0.0000


   NSTEP       ENERGY          RMS            GMAX         NAME    NUMBER
     98      -1.3121E+01     5.4709E-01     2.1628E+00     C23        23

 BOND    =        1.8823  ANGLE   =       23.0589  DIHED      =       10.8442
 VDWAALS =       -5.7316  EEL     =        5.6321  EGB        =      -85.5821
 1-4 VDW =       11.4043  1-4 EEL =       25.3708  RESTRAINT  =        0.0000


   NSTEP       ENERGY          RMS            GMAX         NAME    NUMBER
     99      -1.3121E+01     5.6624E-01     2.2815E+00     C23        23

 BOND    =        1.8799  ANGLE   =       23.0580  DIHED      =       10.8435
 VDWAALS =       -5.7312  EEL     =        5.6296  EGB        =      -85.5794
 1-4 VDW =       11.4066  1-4 EEL =       25.3718  RESTRAINT  =        0.0000


   NSTEP       ENERGY          RMS            GMAX         NAME    NUMBER
    100      -1.3133E+01     4.9916E-01     1.9615E+00     C22        22

 BOND    =        1.8481  ANGLE   =       23.0106  DIHED      =       10.8264
 VDWAALS =       -5.7208  EEL     =        5.5556  EGB        =      -85.5056
 1-4 VDW =       11.4674  1-4 EEL =       25.3852  RESTRAINT  =        0.0000


  Maximum number of minimization cycles reached.


                    FINAL RESULTS



   NSTEP       ENERGY          RMS            GMAX         NAME    NUMBER
    100      -1.3133E+01     4.9916E-01     1.9615E+00     C22        22

 BOND    =        1.8481  ANGLE   =       23.0106  DIHED      =       10.8264
 VDWAALS =       -5.7208  EEL     =        5.5556  EGB        =      -85.5056
 1-4 VDW =       11.4674  1-4 EEL =       25.3852  RESTRAINT  =        0.0000

--------------------------------------------------------------------------------
   5.  TIMINGS
--------------------------------------------------------------------------------

|    Read coords time           0.00 ( 0.40% of Total)
|    Fast Water setup           0.00 ( 0.01% of Total)
|                Calc gb radii              0.01 (26.03% of Gen B)
|                Calc gb diag               0.02 (44.55% of Gen B)
|                Calc gb off-diag           0.01 (29.21% of Gen B)
|                Other                      0.00 ( 0.21% of Gen B)
|             Gen Born time              0.05 (100.0% of Nonbo)
|             IPS excludes               0.00 ( 0.05% of Nonbo)
|          Nonbond force              0.05 (87.84% of Force)
|          Bond/Angle/Dihedral        0.01 (11.77% of Force)
|          Other                      0.00 ( 0.39% of Force)
|       Force time                 0.05 (100.0% of Runmd)
|    Runmd Time                 0.05 (78.01% of Total)
|    Other                      0.01 (21.58% of Total)
| Total time                 0.07 (100.0% of ALL  )

| Number of list builds   :          0

| Highest rstack allocated:          0
| Highest istack allocated:          0
|           Job began  at 14:25:31.298  on 05/22/2015
|           Setup done at 14:25:31.301  on 05/22/2015
|           Run   done at 14:25:31.365  on 05/22/2015
|     wallclock() was called    1828 times
