
          -------------------------------------------------------
          Amber 14 SANDER                              2014
          -------------------------------------------------------

| Run on 05/22/2015 at 14:26:14

|   Executable path: sander
| Working directory: /net/chevy/raid1/nigel/amber/library/amber_library/c
|          Hostname: chevy.lbl.gov

  [-O]verwriting output

File Assignments:
|  MDIN: sander.in                                                             
| MDOUT: CMI.min.out                                                           
|INPCRD: CMI.rst7                                                              
|  PARM: CMI.prmtop                                                            
|RESTRT: CMI.min.rst7                                                          
|  REFC: refc                                                                  
| MDVEL: mdvel                                                                 
| MDFRC: mdfrc                                                                 
|  MDEN: mden                                                                  
| MDCRD: mdcrd                                                                 
|MDINFO: mdinfo                                                                
|  MTMD: mtmd                                                                  
|INPDIP: inpdip                                                                
|RSTDIP: rstdip                                                                
|INPTRA: inptraj                                                               


 Here is the input file:

  short minimization                                                           
 &cntrl                                                                        
   imin=1, maxcyc=100, ncyc=50, ntpr=1, cut=99., ntb=0,                        
 /                                                                             

--------------------------------------------------------------------------------
   1.  RESOURCE   USE: 
--------------------------------------------------------------------------------

| Flags:                                                                        
|    NONPERIODIC   ntb=0 and igb=0: Setting up nonperiodic simulation
|  *** cutoff > system size, list only builds once
|Largest sphere to fit in unit cell has radius =    34.169
| New format PARM file being parsed.
| Version =    1.000 Date = 05/22/15 Time = 14:26:14
 NATOM  =      62 NTYPES =       9 NBONH =      30 MBONA  =      35
 NTHETH =      62 MTHETA =      50 NPHIH =     105 MPHIA  =      79
 NHPARM =       0 NPARM  =       0 NNB   =     333 NRES   =       1
 NBONA  =      35 NTHETA =      50 NPHIA =      79 NUMBND =      21
 NUMANG =      37 NPTRA  =      14 NATYP =      15 NPHB   =       0
 IFBOX  =       0 NMXRS  =      62 IFCAP =       0 NEXTRA =       0
 NCOPY  =       0


|     Memory Use     Allocated
|     Real                9322
|     Hollerith            189
|     Integer            30961
|     Max Pairs           1891
|     nblistReal           744
|     nblist Int       1206485
|       Total             4920 kbytes

| Note: 1-4 EEL scale factors are being read from the topology file.

| Note: 1-4 VDW scale factors are being read from the topology file.
| Duplicated    0 dihedrals
| Duplicated    0 dihedrals

--------------------------------------------------------------------------------
   2.  CONTROL  DATA  FOR  THE  RUN
--------------------------------------------------------------------------------

CMI                                                                             

General flags:
     imin    =       1, nmropt  =       0

Nature and format of input:
     ntx     =       1, irest   =       0, ntrx    =       1

Nature and format of output:
     ntxo    =       1, ntpr    =       1, ntrx    =       1, ntwr    =     500
     iwrap   =       0, ntwx    =       0, ntwv    =       0, ntwe    =       0
     ioutfm  =       0, ntwprt  =       0, idecomp =       0, rbornstat=      0

Potential function:
     ntf     =       1, ntb     =       0, igb     =       0, nsnb    =      25
     ipol    =       0, gbsa    =       0, iesp    =       0
     dielc   =   1.00000, cut     =  99.00000, intdiel =   1.00000

Frozen or restrained atoms:
     ibelly  =       0, ntr     =       0

Energy minimization:
     maxcyc  =     100, ncyc    =      50, ntmin   =       1
     dx0     =   0.01000, drms    =   0.00010
|  INFO: Old style inpcrd file read


--------------------------------------------------------------------------------
   3.  ATOMIC COORDINATES AND VELOCITIES
--------------------------------------------------------------------------------

CMI                                                                             
 begin time read from input coords =     0.000 ps

 Number of triangulated 3-point waters found:        0

     Sum of charges from parm topology file =   2.00000100

--------------------------------------------------------------------------------
   4.  RESULTS
--------------------------------------------------------------------------------

 ---------------------------------------------------

     eedmeth=4: Setting switch to one everywhere

 ---------------------------------------------------
| Local SIZE OF NONBOND LIST =       1573
| TOTAL SIZE OF NONBOND LIST =       1573


   NSTEP       ENERGY          RMS            GMAX         NAME    NUMBER
      1      -5.1236E+01     1.6942E+01     8.7886E+01     C4          4

 BOND    =       14.1126  ANGLE   =       22.8240  DIHED      =       16.7651
 VDWAALS =       -5.0424  EEL     =      102.1343  HBOND      =        0.0000
 1-4 VDW =       13.1516  1-4 EEL =     -215.1817  RESTRAINT  =        0.0000


   NSTEP       ENERGY          RMS            GMAX         NAME    NUMBER
      2      -5.3857E+01     1.5100E+01     7.6108E+01     C4          4

 BOND    =       12.1568  ANGLE   =       22.2705  DIHED      =       16.7621
 VDWAALS =       -5.0684  EEL     =      102.1159  HBOND      =        0.0000
 1-4 VDW =       13.1681  1-4 EEL =     -215.2619  RESTRAINT  =        0.0000


   NSTEP       ENERGY          RMS            GMAX         NAME    NUMBER
      3      -5.6612E+01     1.2989E+01     6.2623E+01     C4          4

 BOND    =       10.1418  ANGLE   =       21.6730  DIHED      =       16.7583
 VDWAALS =       -5.1019  EEL     =      102.0959  HBOND      =        0.0000
 1-4 VDW =       13.1873  1-4 EEL =     -215.3662  RESTRAINT  =        0.0000


   NSTEP       ENERGY          RMS            GMAX         NAME    NUMBER
      4      -5.9388E+01     1.0630E+01     4.7564E+01     C4          4

 BOND    =        8.1808  ANGLE   =       21.0446  DIHED      =       16.7528
 VDWAALS =       -5.1464  EEL     =      102.0759  HBOND      =        0.0000
 1-4 VDW =       13.2094  1-4 EEL =     -215.5055  RESTRAINT  =        0.0000


   NSTEP       ENERGY          RMS            GMAX         NAME    NUMBER
      5      -6.2023E+01     8.1119E+00     3.1524E+01     C4          4

 BOND    =        6.4404  ANGLE   =       20.4034  DIHED      =       16.7441
 VDWAALS =       -5.2072  EEL     =      102.0605  HBOND      =        0.0000
 1-4 VDW =       13.2337  1-4 EEL =     -215.6983  RESTRAINT  =        0.0000


   NSTEP       ENERGY          RMS            GMAX         NAME    NUMBER
      6      -6.4328E+01     5.6811E+00     1.8367E+01     C31        27

 BOND    =        5.1270  ANGLE   =       19.7681  DIHED      =       16.7284
 VDWAALS =       -5.2940  EEL     =      102.0620  HBOND      =        0.0000
 1-4 VDW =       13.2592  1-4 EEL =     -215.9785  RESTRAINT  =        0.0000


   NSTEP       ENERGY          RMS            GMAX         NAME    NUMBER
      7      -6.6189E+01     3.8233E+00     1.5235E+01     H53        60

 BOND    =        4.3929  ANGLE   =       19.1548  DIHED      =       16.6957
 VDWAALS =       -5.4235  EEL     =      102.1130  HBOND      =        0.0000
 1-4 VDW =       13.2860  1-4 EEL =     -216.4075  RESTRAINT  =        0.0000


   NSTEP       ENERGY          RMS            GMAX         NAME    NUMBER
      8      -6.7734E+01     2.7770E+00     1.2773E+01     H53        60

 BOND    =        4.0698  ANGLE   =       18.6205  DIHED      =       16.6265
 VDWAALS =       -5.6102  EEL     =      102.2820  HBOND      =        0.0000
 1-4 VDW =       13.3285  1-4 EEL =     -217.0514  RESTRAINT  =        0.0000


   NSTEP       ENERGY          RMS            GMAX         NAME    NUMBER
      9      -6.9101E+01     2.0904E+00     1.1171E+01     H53        60

 BOND    =        3.7642  ANGLE   =       18.2754  DIHED      =       16.5146
 VDWAALS =       -5.8340  EEL     =      102.6005  HBOND      =        0.0000
 1-4 VDW =       13.4466  1-4 EEL =     -217.8685  RESTRAINT  =        0.0000


   NSTEP       ENERGY          RMS            GMAX         NAME    NUMBER
     10      -7.0105E+01     2.7790E+00     1.1874E+01     C3          3

 BOND    =        3.5312  ANGLE   =       18.2823  DIHED      =       16.3855
 VDWAALS =       -6.0618  EEL     =      103.0065  HBOND      =        0.0000
 1-4 VDW =       13.6130  1-4 EEL =     -218.8622  RESTRAINT  =        0.0000


   NSTEP       ENERGY          RMS            GMAX         NAME    NUMBER
     11      -6.7771E+01     1.0629E+01     5.6667E+01     C3          3

 BOND    =        6.5097  ANGLE   =       18.1645  DIHED      =       16.3495
 VDWAALS =       -6.1650  EEL     =      103.3069  HBOND      =        0.0000
 1-4 VDW =       13.7359  1-4 EEL =     -219.6725  RESTRAINT  =        0.0000


   NSTEP       ENERGY          RMS            GMAX         NAME    NUMBER
     12      -7.0651E+01     3.1695E+00     1.4638E+01     C11        11

 BOND    =        3.8751  ANGLE   =       17.9809  DIHED      =       16.3306
 VDWAALS =       -6.1742  EEL     =      103.3311  HBOND      =        0.0000
 1-4 VDW =       13.6757  1-4 EEL =     -219.6700  RESTRAINT  =        0.0000


   NSTEP       ENERGY          RMS            GMAX         NAME    NUMBER
     13      -7.0294E+01     5.5772E+00     2.9671E+01     C3          3

 BOND    =        3.8228  ANGLE   =       18.5822  DIHED      =       16.2969
 VDWAALS =       -6.2132  EEL     =      103.4312  HBOND      =        0.0000
 1-4 VDW =       13.6574  1-4 EEL =     -219.8709  RESTRAINT  =        0.0000


   NSTEP       ENERGY          RMS            GMAX         NAME    NUMBER
     14      -7.1142E+01     1.4421E+00     7.0769E+00     H53        60

 BOND    =        3.5784  ANGLE   =       18.0431  DIHED      =       16.2975
 VDWAALS =       -6.2221  EEL     =      103.4574  HBOND      =        0.0000
 1-4 VDW =       13.6883  1-4 EEL =     -219.9843  RESTRAINT  =        0.0000


   NSTEP       ENERGY          RMS            GMAX         NAME    NUMBER
     15      -7.1213E+01     2.7780E+00     1.3384E+01     C4          4

 BOND    =        3.9479  ANGLE   =       17.8589  DIHED      =       16.2762
 VDWAALS =       -6.2589  EEL     =      103.5760  HBOND      =        0.0000
 1-4 VDW =       13.7201  1-4 EEL =     -220.3332  RESTRAINT  =        0.0000


   NSTEP       ENERGY          RMS            GMAX         NAME    NUMBER
     16      -7.1172E+01     3.7142E+00     1.9818E+01     C3          3

 BOND    =        3.6671  ANGLE   =       18.2985  DIHED      =       16.2526
 VDWAALS =       -6.2791  EEL     =      103.6440  HBOND      =        0.0000
 1-4 VDW =       13.6858  1-4 EEL =     -220.4412  RESTRAINT  =        0.0000


   NSTEP       ENERGY          RMS            GMAX         NAME    NUMBER
     17      -7.1563E+01     9.9391E-01     6.0823E+00     H53        60

 BOND    =        3.6618  ANGLE   =       17.9610  DIHED      =       16.2527
 VDWAALS =       -6.2860  EEL     =      103.6625  HBOND      =        0.0000
 1-4 VDW =       13.7121  1-4 EEL =     -220.5275  RESTRAINT  =        0.0000


   NSTEP       ENERGY          RMS            GMAX         NAME    NUMBER
     18      -7.1713E+01     1.3777E+00     5.9634E+00     C11        11

 BOND    =        3.8197  ANGLE   =       17.8545  DIHED      =       16.2333
 VDWAALS =       -6.3134  EEL     =      103.7481  HBOND      =        0.0000
 1-4 VDW =       13.7320  1-4 EEL =     -220.7871  RESTRAINT  =        0.0000


   NSTEP       ENERGY          RMS            GMAX         NAME    NUMBER
     19      -7.1688E+01     2.7476E+00     1.4726E+01     C4          4

 BOND    =        3.7201  ANGLE   =       18.1198  DIHED      =       16.2091
 VDWAALS =       -6.3342  EEL     =      103.8213  HBOND      =        0.0000
 1-4 VDW =       13.7114  1-4 EEL =     -220.9351  RESTRAINT  =        0.0000


   NSTEP       ENERGY          RMS            GMAX         NAME    NUMBER
     20      -7.1905E+01     8.6804E-01     5.1849E+00     H53        60

 BOND    =        3.7517  ANGLE   =       17.9037  DIHED      =       16.2091
 VDWAALS =       -6.3385  EEL     =      103.8303  HBOND      =        0.0000
 1-4 VDW =       13.7311  1-4 EEL =     -220.9925  RESTRAINT  =        0.0000


   NSTEP       ENERGY          RMS            GMAX         NAME    NUMBER
     21      -7.2000E+01     1.0872E+00     4.8357E+00     H53        60

 BOND    =        3.8600  ANGLE   =       17.8235  DIHED      =       16.1962
 VDWAALS =       -6.3540  EEL     =      103.8747  HBOND      =        0.0000
 1-4 VDW =       13.7455  1-4 EEL =     -221.1455  RESTRAINT  =        0.0000


   NSTEP       ENERGY          RMS            GMAX         NAME    NUMBER
     22      -7.2034E+01     1.8025E+00     9.4421E+00     C4          4

 BOND    =        3.7753  ANGLE   =       17.9742  DIHED      =       16.1773
 VDWAALS =       -6.3681  EEL     =      103.9233  HBOND      =        0.0000
 1-4 VDW =       13.7314  1-4 EEL =     -221.2473  RESTRAINT  =        0.0000


   NSTEP       ENERGY          RMS            GMAX         NAME    NUMBER
     23      -7.2050E+01     2.2116E+00     1.1686E+01     C4          4

 BOND    =        4.0803  ANGLE   =       17.7142  DIHED      =       16.1758
 VDWAALS =       -6.3763  EEL     =      103.9369  HBOND      =        0.0000
 1-4 VDW =       13.7677  1-4 EEL =     -221.3486  RESTRAINT  =        0.0000


   NSTEP       ENERGY          RMS            GMAX         NAME    NUMBER
     24      -7.2041E+01     2.6957E+00     1.4500E+01     C4          4

 BOND    =        3.8141  ANGLE   =       18.0577  DIHED      =       16.1574
 VDWAALS =       -6.3843  EEL     =      103.9683  HBOND      =        0.0000
 1-4 VDW =       13.7298  1-4 EEL =     -221.3840  RESTRAINT  =        0.0000


   NSTEP       ENERGY          RMS            GMAX         NAME    NUMBER
     25      -7.2248E+01     6.8413E-01     4.2207E+00     H53        60

 BOND    =        3.8547  ANGLE   =       17.8281  DIHED      =       16.1584
 VDWAALS =       -6.3874  EEL     =      103.9724  HBOND      =        0.0000
 1-4 VDW =       13.7517  1-4 EEL =     -221.4262  RESTRAINT  =        0.0000


   NSTEP       ENERGY          RMS            GMAX         NAME    NUMBER
     26      -7.2334E+01     9.2065E-01     3.9185E+00     H53        60

 BOND    =        3.9446  ANGLE   =       17.7535  DIHED      =       16.1446
 VDWAALS =       -6.4008  EEL     =      104.0028  HBOND      =        0.0000
 1-4 VDW =       13.7659  1-4 EEL =     -221.5442  RESTRAINT  =        0.0000


   NSTEP       ENERGY          RMS            GMAX         NAME    NUMBER
     27      -7.2321E+01     1.9971E+00     1.0823E+01     C4          4

 BOND    =        3.8796  ANGLE   =       17.9176  DIHED      =       16.1249
 VDWAALS =       -6.4121  EEL     =      104.0376  HBOND      =        0.0000
 1-4 VDW =       13.7489  1-4 EEL =     -221.6178  RESTRAINT  =        0.0000


   NSTEP       ENERGY          RMS            GMAX         NAME    NUMBER
     28      -7.2438E+01     6.2625E-01     3.6587E+00     H53        60

 BOND    =        3.9130  ANGLE   =       17.7772  DIHED      =       16.1259
 VDWAALS =       -6.4139  EEL     =      104.0360  HBOND      =        0.0000
 1-4 VDW =       13.7648  1-4 EEL =     -221.6413  RESTRAINT  =        0.0000


   NSTEP       ENERGY          RMS            GMAX         NAME    NUMBER
     29      -7.2491E+01     7.8513E-01     3.4601E+00     H53        60

 BOND    =        3.9706  ANGLE   =       17.7233  DIHED      =       16.1175
 VDWAALS =       -6.4216  EEL     =      104.0464  HBOND      =        0.0000
 1-4 VDW =       13.7755  1-4 EEL =     -221.7026  RESTRAINT  =        0.0000


   NSTEP       ENERGY          RMS            GMAX         NAME    NUMBER
     30      -7.2512E+01     1.2932E+00     6.4893E+00     C4          4

 BOND    =        3.9264  ANGLE   =       17.8024  DIHED      =       16.1029
 VDWAALS =       -6.4293  EEL     =      104.0679  HBOND      =        0.0000
 1-4 VDW =       13.7655  1-4 EEL =     -221.7482  RESTRAINT  =        0.0000


   NSTEP       ENERGY          RMS            GMAX         NAME    NUMBER
     31      -7.2522E+01     1.6048E+00     8.3607E+00     C4          4

 BOND    =        4.0961  ANGLE   =       17.6420  DIHED      =       16.1034
 VDWAALS =       -6.4330  EEL     =      104.0613  HBOND      =        0.0000
 1-4 VDW =       13.7922  1-4 EEL =     -221.7844  RESTRAINT  =        0.0000


   NSTEP       ENERGY          RMS            GMAX         NAME    NUMBER
     32      -7.2520E+01     1.9582E+00     1.0693E+01     C4          4

 BOND    =        3.9351  ANGLE   =       17.8515  DIHED      =       16.0887
 VDWAALS =       -6.4383  EEL     =      104.0805  HBOND      =        0.0000
 1-4 VDW =       13.7638  1-4 EEL =     -221.8015  RESTRAINT  =        0.0000


   NSTEP       ENERGY          RMS            GMAX         NAME    NUMBER
     33      -7.2633E+01     5.1848E-01     3.0552E+00     H53        60

 BOND    =        3.9710  ANGLE   =       17.7052  DIHED      =       16.0903
 VDWAALS =       -6.4395  EEL     =      104.0764  HBOND      =        0.0000
 1-4 VDW =       13.7811  1-4 EEL =     -221.8171  RESTRAINT  =        0.0000


   NSTEP       ENERGY          RMS            GMAX         NAME    NUMBER
     34      -7.2682E+01     6.7386E-01     3.1285E+00     C8          8

 BOND    =        4.0058  ANGLE   =       17.6652  DIHED      =       16.0815
 VDWAALS =       -6.4463  EEL     =      104.0790  HBOND      =        0.0000
 1-4 VDW =       13.7905  1-4 EEL =     -221.8573  RESTRAINT  =        0.0000


   NSTEP       ENERGY          RMS            GMAX         NAME    NUMBER
     35      -7.2687E+01     1.3540E+00     8.0292E+00     C8          8

 BOND    =        3.9996  ANGLE   =       17.7150  DIHED      =       16.0670
 VDWAALS =       -6.4533  EEL     =      104.0944  HBOND      =        0.0000
 1-4 VDW =       13.7821  1-4 EEL =     -221.8915  RESTRAINT  =        0.0000


   NSTEP       ENERGY          RMS            GMAX         NAME    NUMBER
     36      -7.2693E+01     1.5831E+00     8.6694E+00     C8          8

 BOND    =        4.1116  ANGLE   =       17.5958  DIHED      =       16.0701
 VDWAALS =       -6.4550  EEL     =      104.0779  HBOND      =        0.0000
 1-4 VDW =       13.8071  1-4 EEL =     -221.9002  RESTRAINT  =        0.0000


   NSTEP       ENERGY          RMS            GMAX         NAME    NUMBER
     37      -7.2676E+01     1.9919E+00     1.0335E+01     C4          4

 BOND    =        4.0139  ANGLE   =       17.7564  DIHED      =       16.0553
 VDWAALS =       -6.4599  EEL     =      104.0980  HBOND      =        0.0000
 1-4 VDW =       13.7795  1-4 EEL =     -221.9193  RESTRAINT  =        0.0000


   NSTEP       ENERGY          RMS            GMAX         NAME    NUMBER
     38      -7.2794E+01     4.6720E-01     2.5221E+00     H53        60

 BOND    =        4.0126  ANGLE   =       17.6313  DIHED      =       16.0580
 VDWAALS =       -6.4602  EEL     =      104.0888  HBOND      =        0.0000
 1-4 VDW =       13.7968  1-4 EEL =     -221.9216  RESTRAINT  =        0.0000


   NSTEP       ENERGY          RMS            GMAX         NAME    NUMBER
     39      -7.2828E+01     7.9357E-01     5.0005E+00     C8          8

 BOND    =        4.0335  ANGLE   =       17.6038  DIHED      =       16.0512
 VDWAALS =       -6.4655  EEL     =      104.0814  HBOND      =        0.0000
 1-4 VDW =       13.8062  1-4 EEL =     -221.9387  RESTRAINT  =        0.0000


   NSTEP       ENERGY          RMS            GMAX         NAME    NUMBER
     40      -7.2808E+01     1.5063E+00     1.0694E+01     C8          8

 BOND    =        4.0738  ANGLE   =       17.6181  DIHED      =       16.0385
 VDWAALS =       -6.4706  EEL     =      104.0945  HBOND      =        0.0000
 1-4 VDW =       13.7983  1-4 EEL =     -221.9609  RESTRAINT  =        0.0000


   NSTEP       ENERGY          RMS            GMAX         NAME    NUMBER
     41      -7.2879E+01     4.6352E-01     2.2327E+00     H53        60

 BOND    =        4.0304  ANGLE   =       17.5857  DIHED      =       16.0405
 VDWAALS =       -6.4707  EEL     =      104.0853  HBOND      =        0.0000
 1-4 VDW =       13.8061  1-4 EEL =     -221.9558  RESTRAINT  =        0.0000


   NSTEP       ENERGY          RMS            GMAX         NAME    NUMBER
     42      -7.2899E+01     6.7693E-01     4.1804E+00     C8          8

 BOND    =        4.0382  ANGLE   =       17.5700  DIHED      =       16.0370
 VDWAALS =       -6.4737  EEL     =      104.0762  HBOND      =        0.0000
 1-4 VDW =       13.8127  1-4 EEL =     -221.9600  RESTRAINT  =        0.0000


   NSTEP       ENERGY          RMS            GMAX         NAME    NUMBER
     43      -7.2905E+01     9.8905E-01     6.9287E+00     C8          8

 BOND    =        4.0595  ANGLE   =       17.5635  DIHED      =       16.0279
 VDWAALS =       -6.4772  EEL     =      104.0835  HBOND      =        0.0000
 1-4 VDW =       13.8089  1-4 EEL =     -221.9716  RESTRAINT  =        0.0000


   NSTEP       ENERGY          RMS            GMAX         NAME    NUMBER
     44      -7.2914E+01     1.1274E+00     7.8604E+00     C8          8

 BOND    =        4.0619  ANGLE   =       17.5474  DIHED      =       16.0303
 VDWAALS =       -6.4779  EEL     =      104.0668  HBOND      =        0.0000
 1-4 VDW =       13.8208  1-4 EEL =     -221.9630  RESTRAINT  =        0.0000


   NSTEP       ENERGY          RMS            GMAX         NAME    NUMBER
     45      -7.2909E+01     1.4153E+00     1.0109E+01     C8          8

 BOND    =        4.0888  ANGLE   =       17.5556  DIHED      =       16.0194
 VDWAALS =       -6.4815  EEL     =      104.0800  HBOND      =        0.0000
 1-4 VDW =       13.8097  1-4 EEL =     -221.9808  RESTRAINT  =        0.0000


   NSTEP       ENERGY          RMS            GMAX         NAME    NUMBER
     46      -7.2972E+01     3.6847E-01     1.9079E+00     H53        60

 BOND    =        4.0428  ANGLE   =       17.5283  DIHED      =       16.0216
 VDWAALS =       -6.4814  EEL     =      104.0703  HBOND      =        0.0000
 1-4 VDW =       13.8180  1-4 EEL =     -221.9720  RESTRAINT  =        0.0000


   NSTEP       ENERGY          RMS            GMAX         NAME    NUMBER
     47      -7.2998E+01     5.2331E-01     2.9900E+00     C8          8

 BOND    =        4.0429  ANGLE   =       17.5156  DIHED      =       16.0169
 VDWAALS =       -6.4846  EEL     =      104.0601  HBOND      =        0.0000
 1-4 VDW =       13.8232  1-4 EEL =     -221.9721  RESTRAINT  =        0.0000


   NSTEP       ENERGY          RMS            GMAX         NAME    NUMBER
     48      -7.2995E+01     1.0658E+00     7.7490E+00     C8          8

 BOND    =        4.0871  ANGLE   =       17.4882  DIHED      =       16.0079
 VDWAALS =       -6.4879  EEL     =      104.0636  HBOND      =        0.0000
 1-4 VDW =       13.8230  1-4 EEL =     -221.9765  RESTRAINT  =        0.0000


   NSTEP       ENERGY          RMS            GMAX         NAME    NUMBER
     49      -7.3031E+01     3.4910E-01     1.6987E+00     H53        60

 BOND    =        4.0477  ANGLE   =       17.4897  DIHED      =       16.0092
 VDWAALS =       -6.4880  EEL     =      104.0564  HBOND      =        0.0000
 1-4 VDW =       13.8259  1-4 EEL =     -221.9723  RESTRAINT  =        0.0000


   NSTEP       ENERGY          RMS            GMAX         NAME    NUMBER
     50      -7.3049E+01     4.3321E-01     2.1922E+00     C8          8

 BOND    =        4.0489  ANGLE   =       17.4790  DIHED      =       16.0064
 VDWAALS =       -6.4899  EEL     =      104.0475  HBOND      =        0.0000
 1-4 VDW =       13.8296  1-4 EEL =     -221.9703  RESTRAINT  =        0.0000


   NSTEP       ENERGY          RMS            GMAX         NAME    NUMBER
     51      -7.3058E+01     6.8829E-01     4.7102E+00     C8          8

 BOND    =        4.0624  ANGLE   =       17.4626  DIHED      =       15.9999
 VDWAALS =       -6.4923  EEL     =      104.0484  HBOND      =        0.0000
 1-4 VDW =       13.8301  1-4 EEL =     -221.9690  RESTRAINT  =        0.0000


   NSTEP       ENERGY          RMS            GMAX         NAME    NUMBER
     52      -6.0223E+01     2.0591E+01     1.5512E+02     C8          8

 BOND    =       14.2687  ANGLE   =       20.0813  DIHED      =       16.0384
 VDWAALS =       -6.4976  EEL     =      103.8363  HBOND      =        0.0000
 1-4 VDW =       13.9438  1-4 EEL =     -221.8940  RESTRAINT  =        0.0000


   NSTEP       ENERGY          RMS            GMAX         NAME    NUMBER
     53      -7.3076E+01     3.3470E-01     1.5333E+00     H53        60

 BOND    =        4.0480  ANGLE   =       17.4603  DIHED      =       16.0007
 VDWAALS =       -6.4926  EEL     =      104.0409  HBOND      =        0.0000
 1-4 VDW =       13.8330  1-4 EEL =     -221.9664  RESTRAINT  =        0.0000


   NSTEP       ENERGY          RMS            GMAX         NAME    NUMBER
     54      -7.3085E+01     3.3036E-01     1.5012E+00     H53        60

 BOND    =        4.0496  ANGLE   =       17.4535  DIHED      =       15.9989
 VDWAALS =       -6.4935  EEL     =      104.0379  HBOND      =        0.0000
 1-4 VDW =       13.8341  1-4 EEL =     -221.9652  RESTRAINT  =        0.0000


   NSTEP       ENERGY          RMS            GMAX         NAME    NUMBER
     55      -7.3159E+01     3.2038E-01     1.4395E+00     N53        32

 BOND    =        4.0635  ANGLE   =       17.3943  DIHED      =       15.9837
 VDWAALS =       -6.5014  EEL     =      104.0097  HBOND      =        0.0000
 1-4 VDW =       13.8448  1-4 EEL =     -221.9538  RESTRAINT  =        0.0000


   NSTEP       ENERGY          RMS            GMAX         NAME    NUMBER
     56      -7.3366E+01     1.0219E+00     4.0198E+00     C3          3

 BOND    =        4.1193  ANGLE   =       17.1798  DIHED      =       15.9606
 VDWAALS =       -6.5324  EEL     =      103.8009  HBOND      =        0.0000
 1-4 VDW =       13.9357  1-4 EEL =     -221.8303  RESTRAINT  =        0.0000


   NSTEP       ENERGY          RMS            GMAX         NAME    NUMBER
     57      -7.0999E+01     8.2231E+00     3.5361E+01     C3          3

 BOND    =        5.2567  ANGLE   =       17.7241  DIHED      =       16.0686
 VDWAALS =       -6.4971  EEL     =      103.5529  HBOND      =        0.0000
 1-4 VDW =       14.2706  1-4 EEL =     -221.3747  RESTRAINT  =        0.0000


   NSTEP       ENERGY          RMS            GMAX         NAME    NUMBER
     58      -7.3399E+01     3.5290E-01     1.7678E+00     H53        60

 BOND    =        4.0348  ANGLE   =       17.1804  DIHED      =       15.9640
 VDWAALS =       -6.5324  EEL     =      103.7777  HBOND      =        0.0000
 1-4 VDW =       13.9653  1-4 EEL =     -221.7885  RESTRAINT  =        0.0000


   NSTEP       ENERGY          RMS            GMAX         NAME    NUMBER
     59      -7.3406E+01     2.7581E-01     1.6146E+00     H53        60

 BOND    =        4.0574  ANGLE   =       17.1512  DIHED      =       15.9621
 VDWAALS =       -6.5322  EEL     =      103.7825  HBOND      =        0.0000
 1-4 VDW =       13.9637  1-4 EEL =     -221.7910  RESTRAINT  =        0.0000


   NSTEP       ENERGY          RMS            GMAX         NAME    NUMBER
     60      -7.3414E+01     4.0906E-01     2.2670E+00     N53        32

 BOND    =        4.1182  ANGLE   =       17.0853  DIHED      =       15.9576
 VDWAALS =       -6.5318  EEL     =      103.7937  HBOND      =        0.0000
 1-4 VDW =       13.9600  1-4 EEL =     -221.7967  RESTRAINT  =        0.0000


   NSTEP       ENERGY          RMS            GMAX         NAME    NUMBER
     61      -7.3436E+01     3.9141E-01     2.3709E+00     N53        32

 BOND    =        4.0778  ANGLE   =       17.0999  DIHED      =       15.9466
 VDWAALS =       -6.5310  EEL     =      103.8003  HBOND      =        0.0000
 1-4 VDW =       13.9565  1-4 EEL =     -221.7858  RESTRAINT  =        0.0000


   NSTEP       ENERGY          RMS            GMAX         NAME    NUMBER
     62      -7.3442E+01     6.4083E-01     2.9803E+00     N53        32

 BOND    =        4.0500  ANGLE   =       17.1178  DIHED      =       15.9374
 VDWAALS =       -6.5302  EEL     =      103.8058  HBOND      =        0.0000
 1-4 VDW =       13.9535  1-4 EEL =     -221.7762  RESTRAINT  =        0.0000


   NSTEP       ENERGY          RMS            GMAX         NAME    NUMBER
     63      -7.3483E+01     4.3016E-01     1.9128E+00     C31        27

 BOND    =        4.0470  ANGLE   =       17.1260  DIHED      =       15.9161
 VDWAALS =       -6.5280  EEL     =      103.7931  HBOND      =        0.0000
 1-4 VDW =       13.9615  1-4 EEL =     -221.7990  RESTRAINT  =        0.0000


   NSTEP       ENERGY          RMS            GMAX         NAME    NUMBER
     64      -7.3495E+01     5.7830E-01     2.3403E+00     N7          7

 BOND    =        4.0570  ANGLE   =       17.1443  DIHED      =       15.8984
 VDWAALS =       -6.5259  EEL     =      103.7816  HBOND      =        0.0000
 1-4 VDW =       13.9689  1-4 EEL =     -221.8193  RESTRAINT  =        0.0000


   NSTEP       ENERGY          RMS            GMAX         NAME    NUMBER
     65      -7.3541E+01     7.7179E-01     3.8369E+00     C3          3

 BOND    =        3.9810  ANGLE   =       17.1516  DIHED      =       15.8743
 VDWAALS =       -6.5213  EEL     =      103.8004  HBOND      =        0.0000
 1-4 VDW =       13.9487  1-4 EEL =     -221.7755  RESTRAINT  =        0.0000


   NSTEP       ENERGY          RMS            GMAX         NAME    NUMBER
     66      -7.3541E+01     8.2174E-01     4.1005E+00     C3          3

 BOND    =        3.9777  ANGLE   =       17.1529  DIHED      =       15.8729
 VDWAALS =       -6.5210  EEL     =      103.8017  HBOND      =        0.0000
 1-4 VDW =       13.9474  1-4 EEL =     -221.7725  RESTRAINT  =        0.0000


   NSTEP       ENERGY          RMS            GMAX         NAME    NUMBER
     67      -7.3599E+01     5.4769E-01     2.5341E+00     C21        17

 BOND    =        3.8755  ANGLE   =       17.0861  DIHED      =       15.8614
 VDWAALS =       -6.5138  EEL     =      103.8171  HBOND      =        0.0000
 1-4 VDW =       13.9421  1-4 EEL =     -221.6670  RESTRAINT  =        0.0000


   NSTEP       ENERGY          RMS            GMAX         NAME    NUMBER
     68      -7.3602E+01     6.6569E-01     2.4963E+00     C21        17

 BOND    =        3.8509  ANGLE   =       17.0678  DIHED      =       15.8597
 VDWAALS =       -6.5111  EEL     =      103.8219  HBOND      =        0.0000
 1-4 VDW =       13.9406  1-4 EEL =     -221.6321  RESTRAINT  =        0.0000


   NSTEP       ENERGY          RMS            GMAX         NAME    NUMBER
     69      -7.3642E+01     5.1645E-01     2.1667E+00     C24        20

 BOND    =        3.7289  ANGLE   =       17.1374  DIHED      =       15.8668
 VDWAALS =       -6.5028  EEL     =      103.7934  HBOND      =        0.0000
 1-4 VDW =       13.9435  1-4 EEL =     -221.6094  RESTRAINT  =        0.0000


   NSTEP       ENERGY          RMS            GMAX         NAME    NUMBER
     70      -7.3642E+01     5.1353E-01     2.1635E+00     C24        20

 BOND    =        3.7295  ANGLE   =       17.1369  DIHED      =       15.8668
 VDWAALS =       -6.5029  EEL     =      103.7936  HBOND      =        0.0000
 1-4 VDW =       13.9434  1-4 EEL =     -221.6095  RESTRAINT  =        0.0000


   NSTEP       ENERGY          RMS            GMAX         NAME    NUMBER
     71      -7.3662E+01     4.6480E-01     1.6555E+00     C6          6

 BOND    =        3.8072  ANGLE   =       17.1528  DIHED      =       15.8705
 VDWAALS =       -6.4952  EEL     =      103.7700  HBOND      =        0.0000
 1-4 VDW =       13.9481  1-4 EEL =     -221.7151  RESTRAINT  =        0.0000


   NSTEP       ENERGY          RMS            GMAX         NAME    NUMBER
     72      -7.3662E+01     3.8417E-01     1.3517E+00     H321       52

 BOND    =        3.7925  ANGLE   =       17.1492  DIHED      =       15.8697
 VDWAALS =       -6.4965  EEL     =      103.7738  HBOND      =        0.0000
 1-4 VDW =       13.9473  1-4 EEL =     -221.6984  RESTRAINT  =        0.0000


   NSTEP       ENERGY          RMS            GMAX         NAME    NUMBER
     73      -7.3677E+01     2.7483E-01     1.1962E+00     H321       52

 BOND    =        3.8581  ANGLE   =       17.1632  DIHED      =       15.8640
 VDWAALS =       -6.4914  EEL     =      103.7715  HBOND      =        0.0000
 1-4 VDW =       13.9581  1-4 EEL =     -221.8007  RESTRAINT  =        0.0000


   NSTEP       ENERGY          RMS            GMAX         NAME    NUMBER
     74      -7.3679E+01     3.5331E-01     1.1359E+00     H321       52

 BOND    =        3.8873  ANGLE   =       17.1705  DIHED      =       15.8619
 VDWAALS =       -6.4893  EEL     =      103.7705  HBOND      =        0.0000
 1-4 VDW =       13.9626  1-4 EEL =     -221.8420  RESTRAINT  =        0.0000


   NSTEP       ENERGY          RMS            GMAX         NAME    NUMBER
     75      -7.3695E+01     3.8405E-01     1.8464E+00     C18        16

 BOND    =        3.9257  ANGLE   =       17.2276  DIHED      =       15.8552
 VDWAALS =       -6.4889  EEL     =      103.8422  HBOND      =        0.0000
 1-4 VDW =       13.9696  1-4 EEL =     -222.0266  RESTRAINT  =        0.0000


   NSTEP       ENERGY          RMS            GMAX         NAME    NUMBER
     76      -7.3701E+01     2.4114E-01     1.0558E+00     H21        45

 BOND    =        3.9096  ANGLE   =       17.2397  DIHED      =       15.8548
 VDWAALS =       -6.4903  EEL     =      103.8474  HBOND      =        0.0000
 1-4 VDW =       13.9717  1-4 EEL =     -222.0338  RESTRAINT  =        0.0000


   NSTEP       ENERGY          RMS            GMAX         NAME    NUMBER
     77      -7.3706E+01     1.9738E-01     8.2840E-01     H323       62

 BOND    =        3.8983  ANGLE   =       17.2525  DIHED      =       15.8539
 VDWAALS =       -6.4928  EEL     =      103.8591  HBOND      =        0.0000
 1-4 VDW =       13.9740  1-4 EEL =     -222.0508  RESTRAINT  =        0.0000


   NSTEP       ENERGY          RMS            GMAX         NAME    NUMBER
     78      -7.3711E+01     1.7832E-01     7.5693E-01     H22        46

 BOND    =        3.8936  ANGLE   =       17.2656  DIHED      =       15.8517
 VDWAALS =       -6.4954  EEL     =      103.8748  HBOND      =        0.0000
 1-4 VDW =       13.9754  1-4 EEL =     -222.0766  RESTRAINT  =        0.0000


   NSTEP       ENERGY          RMS            GMAX         NAME    NUMBER
     79      -7.3717E+01     1.7563E-01     7.1118E-01     H22        46

 BOND    =        3.8889  ANGLE   =       17.2863  DIHED      =       15.8488
 VDWAALS =       -6.4977  EEL     =      103.8916  HBOND      =        0.0000
 1-4 VDW =       13.9779  1-4 EEL =     -222.1125  RESTRAINT  =        0.0000


   NSTEP       ENERGY          RMS            GMAX         NAME    NUMBER
     80      -4.0266E+01     3.2769E+01     1.4669E+02     C18        16

 BOND    =       31.7770  ANGLE   =       26.2011  DIHED      =       16.1079
 VDWAALS =       -6.6786  EEL     =      106.5513  HBOND      =        0.0000
 1-4 VDW =       14.3376  1-4 EEL =     -228.5626  RESTRAINT  =        0.0000


   NSTEP       ENERGY          RMS            GMAX         NAME    NUMBER
     81      -7.3724E+01     4.4220E-01     1.8641E+00     C18        16

 BOND    =        3.9224  ANGLE   =       17.3087  DIHED      =       15.8418
 VDWAALS =       -6.5022  EEL     =      103.9298  HBOND      =        0.0000
 1-4 VDW =       13.9793  1-4 EEL =     -222.2037  RESTRAINT  =        0.0000


   NSTEP       ENERGY          RMS            GMAX         NAME    NUMBER
     82      -7.3737E+01     3.8322E-01     1.8294E+00     C18        16

 BOND    =        3.9330  ANGLE   =       17.3526  DIHED      =       15.8338
 VDWAALS =       -6.5065  EEL     =      103.9690  HBOND      =        0.0000
 1-4 VDW =       13.9830  1-4 EEL =     -222.3023  RESTRAINT  =        0.0000


   NSTEP       ENERGY          RMS            GMAX         NAME    NUMBER
     83      -7.3776E+01     3.5735E-01     1.6326E+00     C24        20

 BOND    =        4.0133  ANGLE   =       17.6401  DIHED      =       15.7934
 VDWAALS =       -6.5313  EEL     =      104.2082  HBOND      =        0.0000
 1-4 VDW =       14.0070  1-4 EEL =     -222.9065  RESTRAINT  =        0.0000


   NSTEP       ENERGY          RMS            GMAX         NAME    NUMBER
     84      -7.3677E+01     1.8363E+00     9.7970E+00     C23        19

 BOND    =        4.1973  ANGLE   =       17.8565  DIHED      =       15.7852
 VDWAALS =       -6.5358  EEL     =      104.3590  HBOND      =        0.0000
 1-4 VDW =       14.0287  1-4 EEL =     -223.3677  RESTRAINT  =        0.0000


   NSTEP       ENERGY          RMS            GMAX         NAME    NUMBER
     85      -7.3783E+01     2.4089E-01     8.1993E-01     C31        27

 BOND    =        4.0302  ANGLE   =       17.6784  DIHED      =       15.7911
 VDWAALS =       -6.5324  EEL     =      104.2389  HBOND      =        0.0000
 1-4 VDW =       14.0113  1-4 EEL =     -223.0002  RESTRAINT  =        0.0000


   NSTEP       ENERGY          RMS            GMAX         NAME    NUMBER
     86      -7.3788E+01     2.0230E-01     8.0912E-01     C21        17

 BOND    =        4.0604  ANGLE   =       17.6671  DIHED      =       15.7901
 VDWAALS =       -6.5302  EEL     =      104.2408  HBOND      =        0.0000
 1-4 VDW =       14.0056  1-4 EEL =     -223.0221  RESTRAINT  =        0.0000


   NSTEP       ENERGY          RMS            GMAX         NAME    NUMBER
     87      -7.3796E+01     3.5703E-01     1.2529E+00     N7          7

 BOND    =        4.1633  ANGLE   =       17.6341  DIHED      =       15.7879
 VDWAALS =       -6.5232  EEL     =      104.2468  HBOND      =        0.0000
 1-4 VDW =       13.9872  1-4 EEL =     -223.0923  RESTRAINT  =        0.0000


   NSTEP       ENERGY          RMS            GMAX         NAME    NUMBER
     88      -7.3800E+01     4.9961E-01     1.9127E+00     C8          8

 BOND    =        4.1591  ANGLE   =       17.6510  DIHED      =       15.7887
 VDWAALS =       -6.5147  EEL     =      104.2418  HBOND      =        0.0000
 1-4 VDW =       13.9760  1-4 EEL =     -223.1018  RESTRAINT  =        0.0000


   NSTEP       ENERGY          RMS            GMAX         NAME    NUMBER
     89      -7.3804E+01     2.5070E-01     9.8733E-01     H321       52

 BOND    =        4.1572  ANGLE   =       17.6423  DIHED      =       15.7881
 VDWAALS =       -6.5183  EEL     =      104.2439  HBOND      =        0.0000
 1-4 VDW =       13.9806  1-4 EEL =     -223.0979  RESTRAINT  =        0.0000


   NSTEP       ENERGY          RMS            GMAX         NAME    NUMBER
     90      -7.3811E+01     2.1899E-01     9.6874E-01     C25        21

 BOND    =        4.1333  ANGLE   =       17.6392  DIHED      =       15.7894
 VDWAALS =       -6.5179  EEL     =      104.2366  HBOND      =        0.0000
 1-4 VDW =       13.9750  1-4 EEL =     -223.0666  RESTRAINT  =        0.0000


   NSTEP       ENERGY          RMS            GMAX         NAME    NUMBER
     91      -7.3821E+01     4.4874E-01     2.7539E+00     C11        11

 BOND    =        4.0598  ANGLE   =       17.6333  DIHED      =       15.7949
 VDWAALS =       -6.5166  EEL     =      104.2119  HBOND      =        0.0000
 1-4 VDW =       13.9562  1-4 EEL =     -222.9608  RESTRAINT  =        0.0000


   NSTEP       ENERGY          RMS            GMAX         NAME    NUMBER
     92      -7.3835E+01     4.3324E-01     1.8429E+00     N53        32

 BOND    =        4.0200  ANGLE   =       17.5736  DIHED      =       15.8040
 VDWAALS =       -6.5165  EEL     =      104.1714  HBOND      =        0.0000
 1-4 VDW =       13.9353  1-4 EEL =     -222.8224  RESTRAINT  =        0.0000


   NSTEP       ENERGY          RMS            GMAX         NAME    NUMBER
     93      -7.3835E+01     3.4177E-01     1.8363E+00     N53        32

 BOND    =        4.0254  ANGLE   =       17.5840  DIHED      =       15.8021
 VDWAALS =       -6.5165  EEL     =      104.1791  HBOND      =        0.0000
 1-4 VDW =       13.9393  1-4 EEL =     -222.8487  RESTRAINT  =        0.0000


   NSTEP       ENERGY          RMS            GMAX         NAME    NUMBER
     94      -7.3849E+01     2.7648E-01     1.2892E+00     C31        27

 BOND    =        3.9991  ANGLE   =       17.5416  DIHED      =       15.7995
 VDWAALS =       -6.5160  EEL     =      104.1573  HBOND      =        0.0000
 1-4 VDW =       13.9407  1-4 EEL =     -222.7706  RESTRAINT  =        0.0000


   NSTEP       ENERGY          RMS            GMAX         NAME    NUMBER
     95      -7.3856E+01     4.6241E-01     2.4481E+00     N53        32

 BOND    =        3.9651  ANGLE   =       17.4845  DIHED      =       15.7966
 VDWAALS =       -6.5151  EEL     =      104.1247  HBOND      =        0.0000
 1-4 VDW =       13.9428  1-4 EEL =     -222.6545  RESTRAINT  =        0.0000


   NSTEP       ENERGY          RMS            GMAX         NAME    NUMBER
     96      -7.3875E+01     3.5246E-01     1.2306E+00     N53        32

 BOND    =        3.9757  ANGLE   =       17.4212  DIHED      =       15.7907
 VDWAALS =       -6.5147  EEL     =      104.0558  HBOND      =        0.0000
 1-4 VDW =       13.9557  1-4 EEL =     -222.5594  RESTRAINT  =        0.0000


   NSTEP       ENERGY          RMS            GMAX         NAME    NUMBER
     97      -7.3875E+01     3.2361E-01     1.3230E+00     N53        32

 BOND    =        3.9741  ANGLE   =       17.4254  DIHED      =       15.7910
 VDWAALS =       -6.5147  EEL     =      104.0610  HBOND      =        0.0000
 1-4 VDW =       13.9547  1-4 EEL =     -222.5666  RESTRAINT  =        0.0000


   NSTEP       ENERGY          RMS            GMAX         NAME    NUMBER
     98      -7.3883E+01     3.0808E-01     1.2597E+00     C3          3

 BOND    =        3.9643  ANGLE   =       17.4509  DIHED      =       15.7904
 VDWAALS =       -6.5141  EEL     =      104.0193  HBOND      =        0.0000
 1-4 VDW =       13.9652  1-4 EEL =     -222.5586  RESTRAINT  =        0.0000


   NSTEP       ENERGY          RMS            GMAX         NAME    NUMBER
     99      -7.3883E+01     2.5217E-01     9.2801E-01     C3          3

 BOND    =        3.9648  ANGLE   =       17.4463  DIHED      =       15.7905
 VDWAALS =       -6.5142  EEL     =      104.0261  HBOND      =        0.0000
 1-4 VDW =       13.9635  1-4 EEL =     -222.5599  RESTRAINT  =        0.0000


   NSTEP       ENERGY          RMS            GMAX         NAME    NUMBER
    100      -7.3890E+01     2.0779E-01     9.6937E-01     H53        60

 BOND    =        3.9893  ANGLE   =       17.4043  DIHED      =       15.7869
 VDWAALS =       -6.5135  EEL     =      104.0238  HBOND      =        0.0000
 1-4 VDW =       13.9738  1-4 EEL =     -222.5547  RESTRAINT  =        0.0000


  Maximum number of minimization cycles reached.


                    FINAL RESULTS



   NSTEP       ENERGY          RMS            GMAX         NAME    NUMBER
    100      -7.3890E+01     2.0779E-01     9.6937E-01     H53        60

 BOND    =        3.9893  ANGLE   =       17.4043  DIHED      =       15.7869
 VDWAALS =       -6.5135  EEL     =      104.0238  HBOND      =        0.0000
 1-4 VDW =       13.9738  1-4 EEL =     -222.5547  RESTRAINT  =        0.0000

--------------------------------------------------------------------------------
   5.  TIMINGS
--------------------------------------------------------------------------------

|    Read coords time           0.00 ( 0.58% of Total)
|    Fast Water setup           0.00 ( 0.02% of Total)
|                Build the list             0.00 (94.64% of List )
|                Other                      0.00 ( 5.36% of List )
|             List time                  0.00 ( 4.22% of Nonbo)
|                   Short_ene time             0.02 (99.19% of Direc)
|                   Other                      0.00 ( 0.81% of Direc)
|                Direct Ewald time          0.02 (94.01% of Ewald)
|                Force Adjust               0.00 ( 0.08% of Ewald)
|                Virial junk                0.00 ( 0.13% of Ewald)
|                Start synchronizatio       0.00 ( 0.17% of Ewald)
|                Other                      0.00 ( 5.61% of Ewald)
|             Ewald time                 0.02 (95.35% of Nonbo)
|             IPS excludes               0.00 ( 0.06% of Nonbo)
|             Other                      0.00 ( 0.36% of Nonbo)
|          Nonbond force              0.02 (70.27% of Force)
|          Bond/Angle/Dihedral        0.01 (29.10% of Force)
|          Other                      0.00 ( 0.62% of Force)
|       Force time                 0.03 (100.0% of Runmd)
|    Runmd Time                 0.03 (63.22% of Total)
|    Other                      0.02 (36.19% of Total)
| Total time                 0.04 (99.88% of ALL  )

| Number of list builds   :          1

| Highest rstack allocated:        275
| Highest istack allocated:         55
|           Job began  at 14:26:14.478  on 05/22/2015
|           Setup done at 14:26:14.482  on 05/22/2015
|           Run   done at 14:26:14.523  on 05/22/2015
|     wallclock() was called    2335 times
