
          -------------------------------------------------------
          Amber 16 SANDER                              2016
          -------------------------------------------------------

| Run on 04/20/2016 at 15:24:06

|   Executable path: sander
| Working directory: /gpfs/gpfs/project1/dacase-001/haichit/phenix_amber/run_amber_library/amber_library/7
|          Hostname: e1c029

  [-O]verwriting output

File Assignments:
|  MDIN: 733_sander.in                                                         
| MDOUT: 733.min_igb.out                                                       
|INPCRD: 733.rst7                                                              
|  PARM: 733.prmtop                                                            
|RESTRT: 733.min_igb.rst7                                                      
|  REFC: refc                                                                  
| MDVEL: mdvel                                                                 
| MDFRC: mdfrc                                                                 
|  MDEN: mden                                                                  
| MDCRD: mdcrd                                                                 
|MDINFO: mdinfo                                                                
|  MTMD: mtmd                                                                  
|INPDIP: inpdip                                                                
|RSTDIP: rstdip                                                                
|INPTRA: inptraj                                                               


 Here is the input file:

  short minimization                                                           
 &cntrl                                                                        
   imin=1, maxcyc=100, ncyc=50, ntpr=1, cut=99., ntb=0, igb=2                  
 /                                                                             

--------------------------------------------------------------------------------
   1.  RESOURCE   USE: 
--------------------------------------------------------------------------------

| Flags:                                                                        
| New format PARM file being parsed.
| Version =    1.000 Date = 04/20/16 Time = 15:24:06
 NATOM  =      40 NTYPES =      12 NBONH =      14 MBONA  =      28
 NTHETH =      29 MTHETA =      41 NPHIH =      48 MPHIA  =      65
 NHPARM =       0 NPARM  =       0 NNB   =     207 NRES   =       1
 NBONA  =      28 NTHETA =      41 NPHIA =      65 NUMBND =      15
 NUMANG =      24 NPTRA  =       8 NATYP =      13 NPHB   =       0
 IFBOX  =       0 NMXRS  =      40 IFCAP =       0 NEXTRA =       0
 NCOPY  =       0

 Implicit solvent radii are H(N)-modified Bondi radii (mbondi2)                                             

|     Memory Use     Allocated
|     Real                6718
|     Hollerith            123
|     Integer            22020
|     Max Pairs              1
|     nblistReal             0
|     nblist Int             0
|       Total              138 kbytes

| Note: 1-4 EEL scale factors are being read from the topology file.

| Note: 1-4 VDW scale factors are being read from the topology file.
| Duplicated    0 dihedrals
| Duplicated    0 dihedrals

--------------------------------------------------------------------------------
   2.  CONTROL  DATA  FOR  THE  RUN
--------------------------------------------------------------------------------

733                                                                             

General flags:
     imin    =       1, nmropt  =       0

Nature and format of input:
     ntx     =       1, irest   =       0, ntrx    =       1

Nature and format of output:
     ntxo    =       2, ntpr    =       1, ntrx    =       1, ntwr    =       1
     iwrap   =       0, ntwx    =       0, ntwv    =       0, ntwe    =       0
     ioutfm  =       1, ntwprt  =       0, idecomp =       0, rbornstat=      0

Potential function:
     ntf     =       1, ntb     =       0, igb     =       2, nsnb    =      25
     ipol    =       0, gbsa    =       0, iesp    =       0
     dielc   =   1.00000, cut     =  99.00000, intdiel =   1.00000
     saltcon =   0.00000, offset  =   0.09000, gbalpha=    0.80000
     gbbeta  =   0.00000, gbgamma =   2.90912, surften =   0.00500
     rdt     =   0.00000, rgbmax  =  25.00000  extdiel =  78.50000
     alpb  =        0

Frozen or restrained atoms:
     ibelly  =       0, ntr     =       0

Energy minimization:
     maxcyc  =     100, ncyc    =      50, ntmin   =       1
     dx0     =   0.01000, drms    =   0.00010
|  INFO: Old style inpcrd file read


--------------------------------------------------------------------------------
   3.  ATOMIC COORDINATES AND VELOCITIES
--------------------------------------------------------------------------------

733                                                                             
 begin time read from input coords =     0.000 ps

 Number of triangulated 3-point waters found:        0

--------------------------------------------------------------------------------
   4.  RESULTS
--------------------------------------------------------------------------------



   NSTEP       ENERGY          RMS            GMAX         NAME    NUMBER
      1      -2.6721E+02     1.5573E+01     7.4175E+01     C04         4

 BOND    =       10.0891  ANGLE   =        4.4424  DIHED      =        1.5777
 VDWAALS =        1.1964  EEL     =      149.5224  EGB        =      -61.5519
 1-4 VDW =       12.7461  1-4 EEL =     -385.2288  RESTRAINT  =        0.0000


   NSTEP       ENERGY          RMS            GMAX         NAME    NUMBER
      2      -2.6910E+02     1.3284E+01     6.2166E+01     C04         4

 BOND    =        8.4480  ANGLE   =        4.2637  DIHED      =        1.5802
 VDWAALS =        1.1733  EEL     =      149.5805  EGB        =      -61.5813
 1-4 VDW =       12.7607  1-4 EEL =     -385.3256  RESTRAINT  =        0.0000


   NSTEP       ENERGY          RMS            GMAX         NAME    NUMBER
      3      -2.7099E+02     1.0769E+01     4.8551E+01     C04         4

 BOND    =        6.8154  ANGLE   =        4.1025  DIHED      =        1.5834
 VDWAALS =        1.1376  EEL     =      149.6558  EGB        =      -61.6201
 1-4 VDW =       12.7828  1-4 EEL =     -385.4489  RESTRAINT  =        0.0000


   NSTEP       ENERGY          RMS            GMAX         NAME    NUMBER
      4      -2.7277E+02     8.1658E+00     3.3800E+01     C04         4

 BOND    =        5.3026  ANGLE   =        3.9690  DIHED      =        1.5875
 VDWAALS =        1.0795  EEL     =      149.7559  EGB        =      -61.6715
 1-4 VDW =       12.8148  1-4 EEL =     -385.6080  RESTRAINT  =        0.0000


   NSTEP       ENERGY          RMS            GMAX         NAME    NUMBER
      5      -2.7432E+02     5.7587E+00     1.9427E+01     C04         4

 BOND    =        4.0439  ANGLE   =        3.8640  DIHED      =        1.5923
 VDWAALS =        0.9809  EEL     =      149.8929  EGB        =      -61.7392
 1-4 VDW =       12.8560  1-4 EEL =     -385.8153  RESTRAINT  =        0.0000


   NSTEP       ENERGY          RMS            GMAX         NAME    NUMBER
      6      -2.7560E+02     3.8879E+00     1.4196E+01     Cl3        15

 BOND    =        3.1480  ANGLE   =        3.7721  DIHED      =        1.5966
 VDWAALS =        0.8107  EEL     =      150.0830  EGB        =      -61.8209
 1-4 VDW =       12.8929  1-4 EEL =     -386.0795  RESTRAINT  =        0.0000


   NSTEP       ENERGY          RMS            GMAX         NAME    NUMBER
      7      -2.7662E+02     2.6414E+00     9.5020E+00     Cl1         9

 BOND    =        2.6099  ANGLE   =        3.6945  DIHED      =        1.5943
 VDWAALS =        0.5471  EEL     =      150.3309  EGB        =      -61.8908
 1-4 VDW =       12.8794  1-4 EEL =     -386.3855  RESTRAINT  =        0.0000


   NSTEP       ENERGY          RMS            GMAX         NAME    NUMBER
      8      -2.7744E+02     1.8338E+00     6.4954E+00     Cl1         9

 BOND    =        2.3260  ANGLE   =        3.6206  DIHED      =        1.5789
 VDWAALS =        0.2769  EEL     =      150.5790  EGB        =      -61.9143
 1-4 VDW =       12.7857  1-4 EEL =     -386.6944  RESTRAINT  =        0.0000


   NSTEP       ENERGY          RMS            GMAX         NAME    NUMBER
      9      -2.7776E+02     3.9956E+00     1.4632E+01     C12        16

 BOND    =        2.4781  ANGLE   =        3.5567  DIHED      =        1.5731
 VDWAALS =        0.1318  EEL     =      150.6562  EGB        =      -62.0053
 1-4 VDW =       12.7708  1-4 EEL =     -386.9241  RESTRAINT  =        0.0000


   NSTEP       ENERGY          RMS            GMAX         NAME    NUMBER
     10      -2.7576E+02     1.1816E+01     4.7071E+01     C12        16

 BOND    =        3.8637  ANGLE   =        4.2620  DIHED      =        1.5608
 VDWAALS =        0.0553  EEL     =      150.7564  EGB        =      -61.8885
 1-4 VDW =       12.6057  1-4 EEL =     -386.9721  RESTRAINT  =        0.0000


   NSTEP       ENERGY          RMS            GMAX         NAME    NUMBER
     11      -2.7794E+02     3.7369E+00     1.4244E+01     C12        16

 BOND    =        2.3125  ANGLE   =        3.6125  DIHED      =        1.5638
 VDWAALS =        0.0860  EEL     =      150.7034  EGB        =      -61.9366
 1-4 VDW =       12.6562  1-4 EEL =     -386.9413  RESTRAINT  =        0.0000


   NSTEP       ENERGY          RMS            GMAX         NAME    NUMBER
     12      -2.7766E+02     5.8602E+00     2.3337E+01     C12        16

 BOND    =        2.6417  ANGLE   =        3.5507  DIHED      =        1.5675
 VDWAALS =        0.1048  EEL     =      150.6464  EGB        =      -62.0292
 1-4 VDW =       12.7525  1-4 EEL =     -386.8905  RESTRAINT  =        0.0000


   NSTEP       ENERGY          RMS            GMAX         NAME    NUMBER
     13      -2.7824E+02     1.2372E+00     4.3830E+00     C04         4

 BOND    =        2.1677  ANGLE   =        3.4755  DIHED      =        1.5633
 VDWAALS =        0.0835  EEL     =      150.6791  EGB        =      -62.0071
 1-4 VDW =       12.7049  1-4 EEL =     -386.9072  RESTRAINT  =        0.0000


   NSTEP       ENERGY          RMS            GMAX         NAME    NUMBER
     14      -2.7813E+02     3.5794E+00     1.4427E+01     C12        16

 BOND    =        2.2853  ANGLE   =        3.5224  DIHED      =        1.5556
 VDWAALS =        0.0670  EEL     =      150.7035  EGB        =      -61.9913
 1-4 VDW =       12.6523  1-4 EEL =     -386.9223  RESTRAINT  =        0.0000


   NSTEP       ENERGY          RMS            GMAX         NAME    NUMBER
     15      -2.7835E+02     9.7298E-01     3.3485E+00     C12        16

 BOND    =        2.1285  ANGLE   =        3.4449  DIHED      =        1.5565
 VDWAALS =        0.0698  EEL     =      150.6827  EGB        =      -62.0143
 1-4 VDW =       12.6772  1-4 EEL =     -386.8954  RESTRAINT  =        0.0000


   NSTEP       ENERGY          RMS            GMAX         NAME    NUMBER
     16      -2.7836E+02     1.8131E+00     7.2356E+00     C04         4

 BOND    =        2.1328  ANGLE   =        3.4273  DIHED      =        1.5543
 VDWAALS =        0.0554  EEL     =      150.6699  EGB        =      -62.0598
 1-4 VDW =       12.7029  1-4 EEL =     -386.8423  RESTRAINT  =        0.0000


   NSTEP       ENERGY          RMS            GMAX         NAME    NUMBER
     17      -2.7836E+02     2.2103E+00     8.8483E+00     C12        16

 BOND    =        2.1509  ANGLE   =        3.4350  DIHED      =        1.5494
 VDWAALS =        0.0526  EEL     =      150.6952  EGB        =      -62.0404
 1-4 VDW =       12.6623  1-4 EEL =     -386.8677  RESTRAINT  =        0.0000


   NSTEP       ENERGY          RMS            GMAX         NAME    NUMBER
     18      -2.7834E+02     2.7569E+00     1.0529E+01     C12        16

 BOND    =        2.1743  ANGLE   =        3.4063  DIHED      =        1.5504
 VDWAALS =        0.0555  EEL     =      150.6506  EGB        =      -62.0778
 1-4 VDW =       12.7064  1-4 EEL =     -386.8099  RESTRAINT  =        0.0000


   NSTEP       ENERGY          RMS            GMAX         NAME    NUMBER
     19      -2.7848E+02     6.2526E-01     2.0601E+00     H12        38

 BOND    =        2.0681  ANGLE   =        3.3933  DIHED      =        1.5477
 VDWAALS =        0.0451  EEL     =      150.6722  EGB        =      -62.0714
 1-4 VDW =       12.6827  1-4 EEL =     -386.8177  RESTRAINT  =        0.0000


   NSTEP       ENERGY          RMS            GMAX         NAME    NUMBER
     20      -2.7852E+02     1.0446E+00     4.0113E+00     C12        16

 BOND    =        2.0702  ANGLE   =        3.3672  DIHED      =        1.5420
 VDWAALS =        0.0414  EEL     =      150.6783  EGB        =      -62.0838
 1-4 VDW =       12.6679  1-4 EEL =     -386.8024  RESTRAINT  =        0.0000


   NSTEP       ENERGY          RMS            GMAX         NAME    NUMBER
     21      -2.7849E+02     2.1027E+00     8.5637E+00     C12        16

 BOND    =        2.0769  ANGLE   =        3.3747  DIHED      =        1.5407
 VDWAALS =        0.0261  EEL     =      150.6411  EGB        =      -62.1172
 1-4 VDW =       12.6960  1-4 EEL =     -386.7303  RESTRAINT  =        0.0000


   NSTEP       ENERGY          RMS            GMAX         NAME    NUMBER
     22      -2.7857E+02     6.3845E-01     1.8046E+00     H12        38

 BOND    =        2.0257  ANGLE   =        3.3566  DIHED      =        1.5386
 VDWAALS =        0.0260  EEL     =      150.6602  EGB        =      -62.1115
 1-4 VDW =       12.6775  1-4 EEL =     -386.7465  RESTRAINT  =        0.0000


   NSTEP       ENERGY          RMS            GMAX         NAME    NUMBER
     23      -2.7859E+02     9.3542E-01     3.4257E+00     C12        16

 BOND    =        2.0388  ANGLE   =        3.3336  DIHED      =        1.5344
 VDWAALS =        0.0287  EEL     =      150.6671  EGB        =      -62.1146
 1-4 VDW =       12.6632  1-4 EEL =     -386.7462  RESTRAINT  =        0.0000


   NSTEP       ENERGY          RMS            GMAX         NAME    NUMBER
     24      -2.7860E+02     1.3378E+00     5.2243E+00     C12        16

 BOND    =        2.0149  ANGLE   =        3.3422  DIHED      =        1.5331
 VDWAALS =        0.0137  EEL     =      150.6389  EGB        =      -62.1377
 1-4 VDW =       12.6820  1-4 EEL =     -386.6887  RESTRAINT  =        0.0000


   NSTEP       ENERGY          RMS            GMAX         NAME    NUMBER
     25      -2.7861E+02     1.5822E+00     6.5631E+00     C12        16

 BOND    =        2.0440  ANGLE   =        3.3282  DIHED      =        1.5289
 VDWAALS =        0.0171  EEL     =      150.6708  EGB        =      -62.1310
 1-4 VDW =       12.6510  1-4 EEL =     -386.7171  RESTRAINT  =        0.0000


   NSTEP       ENERGY          RMS            GMAX         NAME    NUMBER
     26      -2.7860E+02     2.0128E+00     8.2113E+00     C12        16

 BOND    =        2.0345  ANGLE   =        3.3262  DIHED      =        1.5291
 VDWAALS =        0.0135  EEL     =      150.6200  EGB        =      -62.1520
 1-4 VDW =       12.6856  1-4 EEL =     -386.6569  RESTRAINT  =        0.0000


   NSTEP       ENERGY          RMS            GMAX         NAME    NUMBER
     27      -2.7867E+02     5.0901E-01     1.5511E+00     H12        38

 BOND    =        1.9844  ANGLE   =        3.3152  DIHED      =        1.5269
 VDWAALS =        0.0081  EEL     =      150.6426  EGB        =      -62.1491
 1-4 VDW =       12.6657  1-4 EEL =     -386.6686  RESTRAINT  =        0.0000


   NSTEP       ENERGY          RMS            GMAX         NAME    NUMBER
     28      -2.7870E+02     7.5867E-01     2.4515E+00     C12        16

 BOND    =        1.9923  ANGLE   =        3.2940  DIHED      =        1.5222
 VDWAALS =        0.0079  EEL     =      150.6453  EGB        =      -62.1574
 1-4 VDW =       12.6533  1-4 EEL =     -386.6589  RESTRAINT  =        0.0000


   NSTEP       ENERGY          RMS            GMAX         NAME    NUMBER
     29      -2.7870E+02     1.4246E+00     5.5145E+00     C12        16

 BOND    =        1.9702  ANGLE   =        3.3098  DIHED      =        1.5200
 VDWAALS =       -0.0093  EEL     =      150.6115  EGB        =      -62.1750
 1-4 VDW =       12.6707  1-4 EEL =     -386.5963  RESTRAINT  =        0.0000


   NSTEP       ENERGY          RMS            GMAX         NAME    NUMBER
     30      -2.7874E+02     4.8277E-01     1.3967E+00     H12        38

 BOND    =        1.9576  ANGLE   =        3.2929  DIHED      =        1.5184
 VDWAALS =       -0.0055  EEL     =      150.6274  EGB        =      -62.1733
 1-4 VDW =       12.6567  1-4 EEL =     -386.6139  RESTRAINT  =        0.0000


   NSTEP       ENERGY          RMS            GMAX         NAME    NUMBER
     31      -2.7876E+02     5.7809E-01     1.4140E+00     C08        10

 BOND    =        1.9659  ANGLE   =        3.2747  DIHED      =        1.5150
 VDWAALS =       -0.0030  EEL     =      150.6263  EGB        =      -62.1771
 1-4 VDW =       12.6483  1-4 EEL =     -386.6098  RESTRAINT  =        0.0000


   NSTEP       ENERGY          RMS            GMAX         NAME    NUMBER
     32      -2.7877E+02     8.6399E-01     2.4581E+00     C12        16

 BOND    =        1.9363  ANGLE   =        3.2884  DIHED      =        1.5125
 VDWAALS =       -0.0195  EEL     =      150.6081  EGB        =      -62.1903
 1-4 VDW =       12.6552  1-4 EEL =     -386.5639  RESTRAINT  =        0.0000


   NSTEP       ENERGY          RMS            GMAX         NAME    NUMBER
     33      -2.7878E+02     1.1271E+00     3.5283E+00     C12        16

 BOND    =        1.9824  ANGLE   =        3.2572  DIHED      =        1.5091
 VDWAALS =       -0.0056  EEL     =      150.6231  EGB        =      -62.1881
 1-4 VDW =       12.6354  1-4 EEL =     -386.5933  RESTRAINT  =        0.0000


   NSTEP       ENERGY          RMS            GMAX         NAME    NUMBER
     34      -2.7878E+02     1.3371E+00     4.4374E+00     C12        16

 BOND    =        1.9320  ANGLE   =        3.2852  DIHED      =        1.5079
 VDWAALS =       -0.0274  EEL     =      150.5888  EGB        =      -62.1992
 1-4 VDW =       12.6556  1-4 EEL =     -386.5279  RESTRAINT  =        0.0000


   NSTEP       ENERGY          RMS            GMAX         NAME    NUMBER
     35      -2.7878E+02     1.6514E+00     5.7626E+00     C12        16

 BOND    =        2.0020  ANGLE   =        3.2528  DIHED      =        1.5044
 VDWAALS =       -0.0113  EEL     =      150.6237  EGB        =      -62.1988
 1-4 VDW =       12.6241  1-4 EEL =     -386.5788  RESTRAINT  =        0.0000


   NSTEP       ENERGY          RMS            GMAX         NAME    NUMBER
     36      -2.7884E+02     4.3286E-01     1.2793E+00     H023       40

 BOND    =        1.9320  ANGLE   =        3.2551  DIHED      =        1.5041
 VDWAALS =       -0.0198  EEL     =      150.5989  EGB        =      -62.2013
 1-4 VDW =       12.6380  1-4 EEL =     -386.5439  RESTRAINT  =        0.0000


   NSTEP       ENERGY          RMS            GMAX         NAME    NUMBER
     37      -2.7886E+02     6.0236E-01     1.4443E+00     N1         26

 BOND    =        1.9077  ANGLE   =        3.2605  DIHED      =        1.5001
 VDWAALS =       -0.0330  EEL     =      150.5865  EGB        =      -62.2119
 1-4 VDW =       12.6377  1-4 EEL =     -386.5077  RESTRAINT  =        0.0000


   NSTEP       ENERGY          RMS            GMAX         NAME    NUMBER
     38      -2.7886E+02     1.2074E+00     3.8983E+00     C14        18

 BOND    =        1.9691  ANGLE   =        3.2259  DIHED      =        1.4960
 VDWAALS =       -0.0160  EEL     =      150.5841  EGB        =      -62.2099
 1-4 VDW =       12.6216  1-4 EEL =     -386.5314  RESTRAINT  =        0.0000


   NSTEP       ENERGY          RMS            GMAX         NAME    NUMBER
     39      -2.7887E+02     1.3446E+00     4.0777E+00     C1         25

 BOND    =        1.8938  ANGLE   =        3.2706  DIHED      =        1.4946
 VDWAALS =       -0.0490  EEL     =      150.5702  EGB        =      -62.2218
 1-4 VDW =       12.6370  1-4 EEL =     -386.4621  RESTRAINT  =        0.0000


   NSTEP       ENERGY          RMS            GMAX         NAME    NUMBER
     40      -2.7886E+02     1.7339E+00     5.5374E+00     C02         2

 BOND    =        2.0034  ANGLE   =        3.2171  DIHED      =        1.4917
 VDWAALS =       -0.0154  EEL     =      150.5727  EGB        =      -62.2180
 1-4 VDW =       12.6140  1-4 EEL =     -386.5224  RESTRAINT  =        0.0000


   NSTEP       ENERGY          RMS            GMAX         NAME    NUMBER
     41      -2.7892E+02     4.2481E-01     1.2145E+00     H023       40

 BOND    =        1.9075  ANGLE   =        3.2334  DIHED      =        1.4910
 VDWAALS =       -0.0339  EEL     =      150.5677  EGB        =      -62.2206
 1-4 VDW =       12.6222  1-4 EEL =     -386.4846  RESTRAINT  =        0.0000


   NSTEP       ENERGY          RMS            GMAX         NAME    NUMBER
     42      -2.7894E+02     7.1060E-01     1.8874E+00     C12        16

 BOND    =        1.8839  ANGLE   =        3.2423  DIHED      =        1.4871
 VDWAALS =       -0.0477  EEL     =      150.5510  EGB        =      -62.2310
 1-4 VDW =       12.6248  1-4 EEL =     -386.4463  RESTRAINT  =        0.0000


   NSTEP       ENERGY          RMS            GMAX         NAME    NUMBER
     43      -2.7893E+02     1.3117E+00     3.8619E+00     C14        18

 BOND    =        1.9521  ANGLE   =        3.2114  DIHED      =        1.4830
 VDWAALS =       -0.0292  EEL     =      150.5566  EGB        =      -62.2231
 1-4 VDW =       12.6029  1-4 EEL =     -386.4824  RESTRAINT  =        0.0000


   NSTEP       ENERGY          RMS            GMAX         NAME    NUMBER
     44      -2.7896E+02     4.2416E-01     1.1810E+00     H1         27

 BOND    =        1.8952  ANGLE   =        3.2217  DIHED      =        1.4828
 VDWAALS =       -0.0409  EEL     =      150.5465  EGB        =      -62.2293
 1-4 VDW =       12.6127  1-4 EEL =     -386.4528  RESTRAINT  =        0.0000


   NSTEP       ENERGY          RMS            GMAX         NAME    NUMBER
     45      -2.7898E+02     5.6283E-01     1.4024E+00     C15        20

 BOND    =        1.8753  ANGLE   =        3.2312  DIHED      =        1.4801
 VDWAALS =       -0.0523  EEL     =      150.5338  EGB        =      -62.2369
 1-4 VDW =       12.6148  1-4 EEL =     -386.4243  RESTRAINT  =        0.0000


   NSTEP       ENERGY          RMS            GMAX         NAME    NUMBER
     46      -2.7899E+02     8.4338E-01     2.7877E+00     C14        18

 BOND    =        1.9124  ANGLE   =        3.2067  DIHED      =        1.4767
 VDWAALS =       -0.0386  EEL     =      150.5350  EGB        =      -62.2312
 1-4 VDW =       12.6009  1-4 EEL =     -386.4469  RESTRAINT  =        0.0000


   NSTEP       ENERGY          RMS            GMAX         NAME    NUMBER
     47      -2.7899E+02     1.0074E+00     2.7664E+00     C12        16

 BOND    =        1.8656  ANGLE   =        3.2355  DIHED      =        1.4755
 VDWAALS =       -0.0617  EEL     =      150.5162  EGB        =      -62.2427
 1-4 VDW =       12.6145  1-4 EEL =     -386.3937  RESTRAINT  =        0.0000


   NSTEP       ENERGY          RMS            GMAX         NAME    NUMBER
     48      -2.7899E+02     1.2357E+00     3.6823E+00     C14        18

 BOND    =        1.9329  ANGLE   =        3.2001  DIHED      =        1.4722
 VDWAALS =       -0.0383  EEL     =      150.5264  EGB        =      -62.2343
 1-4 VDW =       12.5914  1-4 EEL =     -386.4426  RESTRAINT  =        0.0000


   NSTEP       ENERGY          RMS            GMAX         NAME    NUMBER
     49      -2.7899E+02     1.4857E+00     4.1763E+00     C12        16

 BOND    =        1.8658  ANGLE   =        3.2394  DIHED      =        1.4714
 VDWAALS =       -0.0683  EEL     =      150.4999  EGB        =      -62.2451
 1-4 VDW =       12.6152  1-4 EEL =     -386.3682  RESTRAINT  =        0.0000


   NSTEP       ENERGY          RMS            GMAX         NAME    NUMBER
     50      -2.7904E+02     3.7049E-01     1.1303E+00     H023       40

 BOND    =        1.8681  ANGLE   =        3.2145  DIHED      =        1.4699
 VDWAALS =       -0.0556  EEL     =      150.5080  EGB        =      -62.2421
 1-4 VDW =       12.6006  1-4 EEL =     -386.3987  RESTRAINT  =        0.0000


   NSTEP       ENERGY          RMS            GMAX         NAME    NUMBER
     51      -2.7905E+02     5.2275E-01     1.7914E+00     C14        18

 BOND    =        1.8801  ANGLE   =        3.2003  DIHED      =        1.4654
 VDWAALS =       -0.0506  EEL     =      150.4993  EGB        =      -62.2402
 1-4 VDW =       12.5916  1-4 EEL =     -386.4001  RESTRAINT  =        0.0000


   NSTEP       ENERGY          RMS            GMAX         NAME    NUMBER
     52      -2.5478E+02     3.4736E+01     1.3803E+02     C14        18

 BOND    =       22.5280  ANGLE   =        6.6663  DIHED      =        1.4093
 VDWAALS =       -0.5964  EEL     =      150.0377  EGB        =      -62.5762
 1-4 VDW =       12.8931  1-4 EEL =     -385.1385  RESTRAINT  =        0.0000


   NSTEP       ENERGY          RMS            GMAX         NAME    NUMBER
     53      -2.7906E+02     4.5892E-01     1.1110E+00     H023       40

 BOND    =        1.8570  ANGLE   =        3.2129  DIHED      =        1.4641
 VDWAALS =       -0.0620  EEL     =      150.4896  EGB        =      -62.2465
 1-4 VDW =       12.5959  1-4 EEL =     -386.3751  RESTRAINT  =        0.0000


   NSTEP       ENERGY          RMS            GMAX         NAME    NUMBER
     54      -2.7908E+02     4.5371E-01     1.1354E+00     C15        20

 BOND    =        1.8544  ANGLE   =        3.2108  DIHED      =        1.4611
 VDWAALS =       -0.0639  EEL     =      150.4807  EGB        =      -62.2485
 1-4 VDW =       12.5923  1-4 EEL =     -386.3663  RESTRAINT  =        0.0000


   NSTEP       ENERGY          RMS            GMAX         NAME    NUMBER
     55      -2.7921E+02     5.5202E-01     1.6955E+00     C04         4

 BOND    =        1.8340  ANGLE   =        3.1958  DIHED      =        1.4344
 VDWAALS =       -0.0807  EEL     =      150.3995  EGB        =      -62.2675
 1-4 VDW =       12.5598  1-4 EEL =     -386.2847  RESTRAINT  =        0.0000


   NSTEP       ENERGY          RMS            GMAX         NAME    NUMBER
     56      -2.7957E+02     2.6237E+00     8.4604E+00     C17        22

 BOND    =        1.8307  ANGLE   =        3.2722  DIHED      =        1.3112
 VDWAALS =       -0.1556  EEL     =      149.9250  EGB        =      -62.3995
 1-4 VDW =       12.3765  1-4 EEL =     -385.7283  RESTRAINT  =        0.0000


   NSTEP       ENERGY          RMS            GMAX         NAME    NUMBER
     57      -2.7896E+02     5.4455E+00     1.7299E+01     C17        22

 BOND    =        2.1759  ANGLE   =        3.4662  DIHED      =        1.2458
 VDWAALS =       -0.1906  EEL     =      149.4332  EGB        =      -62.3432
 1-4 VDW =       12.2190  1-4 EEL =     -384.9706  RESTRAINT  =        0.0000


   NSTEP       ENERGY          RMS            GMAX         NAME    NUMBER
     58      -2.7973E+02     6.6415E-01     3.3848E+00     H023       40

 BOND    =        1.6889  ANGLE   =        3.2647  DIHED      =        1.2799
 VDWAALS =       -0.1696  EEL     =      149.7594  EGB        =      -62.3777
 1-4 VDW =       12.3227  1-4 EEL =     -385.5007  RESTRAINT  =        0.0000


   NSTEP       ENERGY          RMS            GMAX         NAME    NUMBER
     59      -2.7975E+02     4.6270E-01     2.2321E+00     H12        38

 BOND    =        1.6787  ANGLE   =        3.2586  DIHED      =        1.2790
 VDWAALS =       -0.1747  EEL     =      149.7636  EGB        =      -62.3529
 1-4 VDW =       12.3265  1-4 EEL =     -385.5285  RESTRAINT  =        0.0000


   NSTEP       ENERGY          RMS            GMAX         NAME    NUMBER
     60      -2.7976E+02     6.3290E-01     2.4054E+00     N02        23

 BOND    =        1.6786  ANGLE   =        3.2527  DIHED      =        1.2780
 VDWAALS =       -0.1809  EEL     =      149.7685  EGB        =      -62.3234
 1-4 VDW =       12.3311  1-4 EEL =     -385.5618  RESTRAINT  =        0.0000


   NSTEP       ENERGY          RMS            GMAX         NAME    NUMBER
     61      -2.7978E+02     6.4496E-01     3.1066E+00     N02        23

 BOND    =        1.7374  ANGLE   =        3.2637  DIHED      =        1.2712
 VDWAALS =       -0.1925  EEL     =      149.8080  EGB        =      -62.3218
 1-4 VDW =       12.3250  1-4 EEL =     -385.6686  RESTRAINT  =        0.0000


   NSTEP       ENERGY          RMS            GMAX         NAME    NUMBER
     62      -2.7978E+02     5.7963E-01     3.0392E+00     N02        23

 BOND    =        1.7299  ANGLE   =        3.2623  DIHED      =        1.2718
 VDWAALS =       -0.1914  EEL     =      149.8042  EGB        =      -62.3219
 1-4 VDW =       12.3256  1-4 EEL =     -385.6584  RESTRAINT  =        0.0000


   NSTEP       ENERGY          RMS            GMAX         NAME    NUMBER
     63      -2.7980E+02     4.7206E-01     2.0171E+00     C17        22

 BOND    =        1.8020  ANGLE   =        3.2542  DIHED      =        1.2605
 VDWAALS =       -0.1718  EEL     =      149.8085  EGB        =      -62.3555
 1-4 VDW =       12.3245  1-4 EEL =     -385.7267  RESTRAINT  =        0.0000


   NSTEP       ENERGY          RMS            GMAX         NAME    NUMBER
     64      -2.7981E+02     7.6001E-01     3.5405E+00     C17        22

 BOND    =        1.8795  ANGLE   =        3.2526  DIHED      =        1.2501
 VDWAALS =       -0.1530  EEL     =      149.8128  EGB        =      -62.3876
 1-4 VDW =       12.3235  1-4 EEL =     -385.7902  RESTRAINT  =        0.0000


   NSTEP       ENERGY          RMS            GMAX         NAME    NUMBER
     65      -2.7985E+02     7.1041E-01     3.8474E+00     N02        23

 BOND    =        1.8699  ANGLE   =        3.3407  DIHED      =        1.2241
 VDWAALS =       -0.1318  EEL     =      149.7069  EGB        =      -62.3490
 1-4 VDW =       12.3199  1-4 EEL =     -385.8342  RESTRAINT  =        0.0000


   NSTEP       ENERGY          RMS            GMAX         NAME    NUMBER
     66      -2.7986E+02     8.6185E-01     4.2066E+00     N02        23

 BOND    =        1.8721  ANGLE   =        3.3639  DIHED      =        1.2182
 VDWAALS =       -0.1266  EEL     =      149.6823  EGB        =      -62.3402
 1-4 VDW =       12.3191  1-4 EEL =     -385.8439  RESTRAINT  =        0.0000


   NSTEP       ENERGY          RMS            GMAX         NAME    NUMBER
     67      -2.7991E+02     6.9134E-01     3.3904E+00     C17        22

 BOND    =        1.7672  ANGLE   =        3.4740  DIHED      =        1.1850
 VDWAALS =       -0.0882  EEL     =      149.5163  EGB        =      -62.2256
 1-4 VDW =       12.3107  1-4 EEL =     -385.8482  RESTRAINT  =        0.0000


   NSTEP       ENERGY          RMS            GMAX         NAME    NUMBER
     68      -2.7991E+02     8.5666E-01     4.8138E+00     C17        22

 BOND    =        1.7403  ANGLE   =        3.5143  DIHED      =        1.1748
 VDWAALS =       -0.0753  EEL     =      149.4640  EGB        =      -62.1899
 1-4 VDW =       12.3083  1-4 EEL =     -385.8485  RESTRAINT  =        0.0000


   NSTEP       ENERGY          RMS            GMAX         NAME    NUMBER
     69      -2.7996E+02     6.9052E-01     3.0912E+00     C16        21

 BOND    =        1.7698  ANGLE   =        3.4021  DIHED      =        1.1361
 VDWAALS =        0.0667  EEL     =      149.3029  EGB        =      -62.0697
 1-4 VDW =       12.3201  1-4 EEL =     -385.8901  RESTRAINT  =        0.0000


   NSTEP       ENERGY          RMS            GMAX         NAME    NUMBER
     70      -2.7996E+02     6.4855E-01     2.8839E+00     C16        21

 BOND    =        1.7663  ANGLE   =        3.4079  DIHED      =        1.1385
 VDWAALS =        0.0569  EEL     =      149.3137  EGB        =      -62.0776
 1-4 VDW =       12.3193  1-4 EEL =     -385.8874  RESTRAINT  =        0.0000


   NSTEP       ENERGY          RMS            GMAX         NAME    NUMBER
     71      -2.7998E+02     7.1327E-01     3.2370E+00     C04         4

 BOND    =        1.8992  ANGLE   =        3.3752  DIHED      =        1.1258
 VDWAALS =        0.0822  EEL     =      149.2183  EGB        =      -61.9977
 1-4 VDW =       12.3021  1-4 EEL =     -385.9832  RESTRAINT  =        0.0000


   NSTEP       ENERGY          RMS            GMAX         NAME    NUMBER
     72      -2.7998E+02     4.6374E-01     1.7398E+00     C04         4

 BOND    =        1.8525  ANGLE   =        3.3819  DIHED      =        1.1295
 VDWAALS =        0.0741  EEL     =      149.2481  EGB        =      -62.0227
 1-4 VDW =       12.3073  1-4 EEL =     -385.9532  RESTRAINT  =        0.0000


   NSTEP       ENERGY          RMS            GMAX         NAME    NUMBER
     73      -2.7999E+02     4.4511E-01     1.4313E+00     C04         4

 BOND    =        1.8931  ANGLE   =        3.3858  DIHED      =        1.1243
 VDWAALS =        0.0759  EEL     =      149.2020  EGB        =      -61.9958
 1-4 VDW =       12.2955  1-4 EEL =     -385.9734  RESTRAINT  =        0.0000


   NSTEP       ENERGY          RMS            GMAX         NAME    NUMBER
     74      -2.7999E+02     4.2005E-01     1.2562E+00     C04         4

 BOND    =        1.8904  ANGLE   =        3.3854  DIHED      =        1.1246
 VDWAALS =        0.0758  EEL     =      149.2045  EGB        =      -61.9973
 1-4 VDW =       12.2961  1-4 EEL =     -385.9722  RESTRAINT  =        0.0000


   NSTEP       ENERGY          RMS            GMAX         NAME    NUMBER
     75      -2.8001E+02     3.3744E-01     1.1412E+00     C1         25

 BOND    =        1.8735  ANGLE   =        3.3882  DIHED      =        1.1176
 VDWAALS =        0.0768  EEL     =      149.2115  EGB        =      -61.9906
 1-4 VDW =       12.2877  1-4 EEL =     -385.9700  RESTRAINT  =        0.0000


   NSTEP       ENERGY          RMS            GMAX         NAME    NUMBER
     76      -2.8001E+02     2.6680E-01     9.3539E-01     F          19

 BOND    =        1.8683  ANGLE   =        3.3891  DIHED      =        1.1174
 VDWAALS =        0.0782  EEL     =      149.2072  EGB        =      -61.9906
 1-4 VDW =       12.2910  1-4 EEL =     -385.9691  RESTRAINT  =        0.0000


   NSTEP       ENERGY          RMS            GMAX         NAME    NUMBER
     77      -2.8001E+02     2.3671E-01     9.2240E-01     F          19

 BOND    =        1.8631  ANGLE   =        3.3893  DIHED      =        1.1170
 VDWAALS =        0.0776  EEL     =      149.2059  EGB        =      -61.9915
 1-4 VDW =       12.2933  1-4 EEL =     -385.9663  RESTRAINT  =        0.0000


   NSTEP       ENERGY          RMS            GMAX         NAME    NUMBER
     78      -2.8002E+02     2.2303E-01     8.9328E-01     F          19

 BOND    =        1.8592  ANGLE   =        3.3893  DIHED      =        1.1164
 VDWAALS =        0.0750  EEL     =      149.2062  EGB        =      -61.9940
 1-4 VDW =       12.2943  1-4 EEL =     -385.9616  RESTRAINT  =        0.0000


   NSTEP       ENERGY          RMS            GMAX         NAME    NUMBER
     79      -2.8002E+02     2.1445E-01     8.6508E-01     F          19

 BOND    =        1.8563  ANGLE   =        3.3896  DIHED      =        1.1156
 VDWAALS =        0.0716  EEL     =      149.2063  EGB        =      -61.9980
 1-4 VDW =       12.2945  1-4 EEL =     -385.9553  RESTRAINT  =        0.0000


   NSTEP       ENERGY          RMS            GMAX         NAME    NUMBER
     80      -2.7689E+02     3.8316E+00     1.3857E+01     H12        38

 BOND    =        2.4200  ANGLE   =        5.5388  DIHED      =        1.1317
 VDWAALS =       -0.4078  EEL     =      149.4707  EGB        =      -63.1091
 1-4 VDW =       12.3331  1-4 EEL =     -384.2679  RESTRAINT  =        0.0000


   NSTEP       ENERGY          RMS            GMAX         NAME    NUMBER
     81      -2.8008E+02     4.2182E-01     1.6659E+00     C16        21

 BOND    =        1.8030  ANGLE   =        3.4060  DIHED      =        1.0945
 VDWAALS =       -0.0284  EEL     =      149.2332  EGB        =      -62.1268
 1-4 VDW =       12.2851  1-4 EEL =     -385.7474  RESTRAINT  =        0.0000


   NSTEP       ENERGY          RMS            GMAX         NAME    NUMBER
     82      -2.7972E+02     4.4860E+00     1.7416E+01     C16        21

 BOND    =        2.0949  ANGLE   =        3.5269  DIHED      =        1.0754
 VDWAALS =       -0.0935  EEL     =      149.0815  EGB        =      -62.2614
 1-4 VDW =       12.3093  1-4 EEL =     -385.4531  RESTRAINT  =        0.0000


   NSTEP       ENERGY          RMS            GMAX         NAME    NUMBER
     83      -2.8009E+02     4.3222E-01     1.6453E+00     C17        22

 BOND    =        1.8022  ANGLE   =        3.4068  DIHED      =        1.0917
 VDWAALS =       -0.0370  EEL     =      149.2138  EGB        =      -62.1437
 1-4 VDW =       12.2877  1-4 EEL =     -385.7101  RESTRAINT  =        0.0000


   NSTEP       ENERGY          RMS            GMAX         NAME    NUMBER
     84      -2.8010E+02     3.0369E-01     8.4059E-01     H12        38

 BOND    =        1.7930  ANGLE   =        3.3758  DIHED      =        1.0875
 VDWAALS =       -0.0418  EEL     =      149.2092  EGB        =      -62.1480
 1-4 VDW =       12.2839  1-4 EEL =     -385.6608  RESTRAINT  =        0.0000


   NSTEP       ENERGY          RMS            GMAX         NAME    NUMBER
     85      -2.8011E+02     3.9076E-01     1.2131E+00     C14        18

 BOND    =        1.7834  ANGLE   =        3.3353  DIHED      =        1.0814
 VDWAALS =       -0.0491  EEL     =      149.2021  EGB        =      -62.1547
 1-4 VDW =       12.2785  1-4 EEL =     -385.5853  RESTRAINT  =        0.0000


   NSTEP       ENERGY          RMS            GMAX         NAME    NUMBER
     86      -2.8012E+02     8.9152E-01     3.1400E+00     C04         4

 BOND    =        1.7746  ANGLE   =        3.2459  DIHED      =        1.0720
 VDWAALS =       -0.0028  EEL     =      149.1619  EGB        =      -62.1442
 1-4 VDW =       12.2822  1-4 EEL =     -385.5057  RESTRAINT  =        0.0000


   NSTEP       ENERGY          RMS            GMAX         NAME    NUMBER
     87      -2.8012E+02     5.6581E-01     1.7907E+00     C04         4

 BOND    =        1.7739  ANGLE   =        3.2752  DIHED      =        1.0752
 VDWAALS =       -0.0189  EEL     =      149.1759  EGB        =      -62.1478
 1-4 VDW =       12.2809  1-4 EEL =     -385.5334  RESTRAINT  =        0.0000


   NSTEP       ENERGY          RMS            GMAX         NAME    NUMBER
     88      -2.8014E+02     4.2576E-01     1.2744E+00     C17        22

 BOND    =        1.7512  ANGLE   =        3.2379  DIHED      =        1.0684
 VDWAALS =        0.0080  EEL     =      149.1490  EGB        =      -62.1392
 1-4 VDW =       12.2851  1-4 EEL =     -385.4978  RESTRAINT  =        0.0000


   NSTEP       ENERGY          RMS            GMAX         NAME    NUMBER
     89      -2.8015E+02     5.4643E-01     1.5675E+00     C13        17

 BOND    =        1.7132  ANGLE   =        3.1643  DIHED      =        1.0551
 VDWAALS =        0.0684  EEL     =      149.0895  EGB        =      -62.1206
 1-4 VDW =       12.2944  1-4 EEL =     -385.4181  RESTRAINT  =        0.0000


   NSTEP       ENERGY          RMS            GMAX         NAME    NUMBER
     90      -2.8017E+02     9.9560E-01     3.3762E+00     C12        16

 BOND    =        1.6861  ANGLE   =        3.1890  DIHED      =        1.0408
 VDWAALS =        0.0665  EEL     =      149.0270  EGB        =      -62.0931
 1-4 VDW =       12.3461  1-4 EEL =     -385.4359  RESTRAINT  =        0.0000


   NSTEP       ENERGY          RMS            GMAX         NAME    NUMBER
     91      -2.8018E+02     7.0434E-01     2.2976E+00     C12        16

 BOND    =        1.6876  ANGLE   =        3.1797  DIHED      =        1.0444
 VDWAALS =        0.0671  EEL     =      149.0443  EGB        =      -62.1005
 1-4 VDW =       12.3317  1-4 EEL =     -385.4312  RESTRAINT  =        0.0000


   NSTEP       ENERGY          RMS            GMAX         NAME    NUMBER
     92      -2.8021E+02     4.5187E-01     1.6225E+00     H13        39

 BOND    =        1.6760  ANGLE   =        3.2094  DIHED      =        1.0341
 VDWAALS =        0.0365  EEL     =      149.1085  EGB        =      -62.1132
 1-4 VDW =       12.3615  1-4 EEL =     -385.5208  RESTRAINT  =        0.0000


   NSTEP       ENERGY          RMS            GMAX         NAME    NUMBER
     93      -2.8021E+02     5.8063E-01     2.6014E+00     C04         4

 BOND    =        1.6762  ANGLE   =        3.2282  DIHED      =        1.0297
 VDWAALS =        0.0219  EEL     =      149.1392  EGB        =      -62.1196
 1-4 VDW =       12.3758  1-4 EEL =     -385.5631  RESTRAINT  =        0.0000


   NSTEP       ENERGY          RMS            GMAX         NAME    NUMBER
     94      -2.8023E+02     7.1346E-01     2.6088E+00     C1         25

 BOND    =        1.7404  ANGLE   =        3.1630  DIHED      =        1.0161
 VDWAALS =        0.0339  EEL     =      149.2748  EGB        =      -62.1299
 1-4 VDW =       12.4027  1-4 EEL =     -385.7304  RESTRAINT  =        0.0000


   NSTEP       ENERGY          RMS            GMAX         NAME    NUMBER
     95      -2.8023E+02     5.5565E-01     1.8685E+00     C1         25

 BOND    =        1.7242  ANGLE   =        3.1747  DIHED      =        1.0188
 VDWAALS =        0.0314  EEL     =      149.2474  EGB        =      -62.1277
 1-4 VDW =       12.3972  1-4 EEL =     -385.6967  RESTRAINT  =        0.0000


   NSTEP       ENERGY          RMS            GMAX         NAME    NUMBER
     96      -2.8025E+02     5.0801E-01     2.0965E+00     H13        39

 BOND    =        1.7712  ANGLE   =        3.1736  DIHED      =        1.0052
 VDWAALS =        0.0406  EEL     =      149.2274  EGB        =      -62.0752
 1-4 VDW =       12.4225  1-4 EEL =     -385.8148  RESTRAINT  =        0.0000


   NSTEP       ENERGY          RMS            GMAX         NAME    NUMBER
     97      -2.8025E+02     5.4237E-01     2.1608E+00     H13        39

 BOND    =        1.7753  ANGLE   =        3.1739  DIHED      =        1.0043
 VDWAALS =        0.0412  EEL     =      149.2260  EGB        =      -62.0715
 1-4 VDW =       12.4243  1-4 EEL =     -385.8231  RESTRAINT  =        0.0000


   NSTEP       ENERGY          RMS            GMAX         NAME    NUMBER
     98      -2.8027E+02     5.1091E-01     1.7647E+00     N02        23

 BOND    =        1.7684  ANGLE   =        3.2329  DIHED      =        0.9913
 VDWAALS =        0.0256  EEL     =      149.1849  EGB        =      -62.0027
 1-4 VDW =       12.4409  1-4 EEL =     -385.9127  RESTRAINT  =        0.0000


   NSTEP       ENERGY          RMS            GMAX         NAME    NUMBER
     99      -2.8027E+02     6.2677E-01     2.6001E+00     N02        23

 BOND    =        1.7690  ANGLE   =        3.2500  DIHED      =        0.9881
 VDWAALS =        0.0216  EEL     =      149.1745  EGB        =      -61.9853
 1-4 VDW =       12.4452  1-4 EEL =     -385.9354  RESTRAINT  =        0.0000


   NSTEP       ENERGY          RMS            GMAX         NAME    NUMBER
    100      -2.8030E+02     4.0422E-01     1.6924E+00     N02        23

 BOND    =        1.7208  ANGLE   =        3.2942  DIHED      =        0.9745
 VDWAALS =        0.0535  EEL     =      149.1217  EGB        =      -61.9321
 1-4 VDW =       12.4649  1-4 EEL =     -385.9980  RESTRAINT  =        0.0000


  Maximum number of minimization cycles reached.


                    FINAL RESULTS



   NSTEP       ENERGY          RMS            GMAX         NAME    NUMBER
    100      -2.8030E+02     4.0422E-01     1.6924E+00     N02        23

 BOND    =        1.7208  ANGLE   =        3.2942  DIHED      =        0.9745
 VDWAALS =        0.0535  EEL     =      149.1217  EGB        =      -61.9321
 1-4 VDW =       12.4649  1-4 EEL =     -385.9980  RESTRAINT  =        0.0000

--------------------------------------------------------------------------------
   5.  TIMINGS
--------------------------------------------------------------------------------

|    Read coords time           0.00 ( 0.35% of Total)
|    Fast Water setup           0.00 ( 0.01% of Total)
|                Calc gb radii              0.01 (27.91% of Gen B)
|                Calc gb diag               0.01 (41.80% of Gen B)
|                Calc gb off-diag           0.01 (30.02% of Gen B)
|                Other                      0.00 ( 0.27% of Gen B)
|             Gen Born time              0.02 (100.0% of Nonbo)
|             IPS excludes               0.00 ( 0.03% of Nonbo)
|          Nonbond force              0.02 (83.88% of Force)
|          Bond/Angle/Dihedral        0.00 (15.35% of Force)
|          Other                      0.00 ( 0.76% of Force)
|       Force time                 0.03 (100.0% of Runmd)
|    Runmd Time                 0.03 (42.98% of Total)
|    Other                      0.04 (56.65% of Total)
| Total time                 0.06 (99.38% of ALL  )

| Number of list builds   :          0

| Highest rstack allocated:          0
| Highest istack allocated:          0
|           Job began  at 15:24:06.607  on 04/20/2016
|           Setup done at 15:24:06.613  on 04/20/2016
|           Run   done at 15:24:06.671  on 04/20/2016
|     wallclock() was called    1828 times
