
          -------------------------------------------------------
          Amber 14 SANDER                              2014
          -------------------------------------------------------

| Run on 05/22/2015 at 14:19:22

|   Executable path: sander
| Working directory: /net/chevy/raid1/nigel/amber/library/amber_library/7
|          Hostname: chevy.lbl.gov

  [-O]verwriting output

File Assignments:
|  MDIN: sander.in                                                             
| MDOUT: 7ZE.min.out                                                           
|INPCRD: 7ZE.rst7                                                              
|  PARM: 7ZE.prmtop                                                            
|RESTRT: 7ZE.min.rst7                                                          
|  REFC: refc                                                                  
| MDVEL: mdvel                                                                 
| MDFRC: mdfrc                                                                 
|  MDEN: mden                                                                  
| MDCRD: mdcrd                                                                 
|MDINFO: mdinfo                                                                
|  MTMD: mtmd                                                                  
|INPDIP: inpdip                                                                
|RSTDIP: rstdip                                                                
|INPTRA: inptraj                                                               


 Here is the input file:

  short minimization                                                           
 &cntrl                                                                        
   imin=1, maxcyc=100, ncyc=50, ntpr=1, cut=99., ntb=0,                        
 /                                                                             

--------------------------------------------------------------------------------
   1.  RESOURCE   USE: 
--------------------------------------------------------------------------------

| Flags:                                                                        
|    NONPERIODIC   ntb=0 and igb=0: Setting up nonperiodic simulation
|  *** cutoff > system size, list only builds once
|Largest sphere to fit in unit cell has radius =    32.069
| New format PARM file being parsed.
| Version =    1.000 Date = 05/22/15 Time = 14:19:22
 NATOM  =      19 NTYPES =       5 NBONH =       6 MBONA  =      14
 NTHETH =      12 MTHETA =      19 NPHIH =      25 MPHIA  =      28
 NHPARM =       0 NPARM  =       0 NNB   =      91 NRES   =       1
 NBONA  =      14 NTHETA =      19 NPHIA =      28 NUMBND =       6
 NUMANG =       9 NPTRA  =       4 NATYP =       6 NPHB   =       0
 IFBOX  =       0 NMXRS  =      19 IFCAP =       0 NEXTRA =       0
 NCOPY  =       0


|     Memory Use     Allocated
|     Real                5228
|     Hollerith             60
|     Integer            23146
|     Max Pairs            171
|     nblistReal           228
|     nblist Int        924214
|       Total             3744 kbytes

| Note: 1-4 EEL scale factors are being read from the topology file.

| Note: 1-4 VDW scale factors are being read from the topology file.
| Duplicated    0 dihedrals
| Duplicated    0 dihedrals

--------------------------------------------------------------------------------
   2.  CONTROL  DATA  FOR  THE  RUN
--------------------------------------------------------------------------------

7ZE                                                                             

General flags:
     imin    =       1, nmropt  =       0

Nature and format of input:
     ntx     =       1, irest   =       0, ntrx    =       1

Nature and format of output:
     ntxo    =       1, ntpr    =       1, ntrx    =       1, ntwr    =     500
     iwrap   =       0, ntwx    =       0, ntwv    =       0, ntwe    =       0
     ioutfm  =       0, ntwprt  =       0, idecomp =       0, rbornstat=      0

Potential function:
     ntf     =       1, ntb     =       0, igb     =       0, nsnb    =      25
     ipol    =       0, gbsa    =       0, iesp    =       0
     dielc   =   1.00000, cut     =  99.00000, intdiel =   1.00000

Frozen or restrained atoms:
     ibelly  =       0, ntr     =       0

Energy minimization:
     maxcyc  =     100, ncyc    =      50, ntmin   =       1
     dx0     =   0.01000, drms    =   0.00010
|  INFO: Old style inpcrd file read


--------------------------------------------------------------------------------
   3.  ATOMIC COORDINATES AND VELOCITIES
--------------------------------------------------------------------------------

7ZE                                                                             
 begin time read from input coords =     0.000 ps

 Number of triangulated 3-point waters found:        0

     Sum of charges from parm topology file =  -0.00000000
     Forcing neutrality...

--------------------------------------------------------------------------------
   4.  RESULTS
--------------------------------------------------------------------------------

 ---------------------------------------------------

     eedmeth=4: Setting switch to one everywhere

 ---------------------------------------------------
| Local SIZE OF NONBOND LIST =         82
| TOTAL SIZE OF NONBOND LIST =         82


   NSTEP       ENERGY          RMS            GMAX         NAME    NUMBER
      1       1.4034E+01     1.9419E+01     5.1467E+01     C10        10

 BOND    =        7.1233  ANGLE   =        2.0037  DIHED      =        1.0279
 VDWAALS =        3.7789  EEL     =      -25.5450  HBOND      =        0.0000
 1-4 VDW =        8.4277  1-4 EEL =       17.2179  RESTRAINT  =        0.0000


   NSTEP       ENERGY          RMS            GMAX         NAME    NUMBER
      2       1.3334E+01     1.7680E+01     4.6298E+01     C10        10

 BOND    =        6.5049  ANGLE   =        1.9610  DIHED      =        1.0286
 VDWAALS =        3.7517  EEL     =      -25.5488  HBOND      =        0.0000
 1-4 VDW =        8.4198  1-4 EEL =       17.2173  RESTRAINT  =        0.0000


   NSTEP       ENERGY          RMS            GMAX         NAME    NUMBER
      3       1.2580E+01     1.5647E+01     4.0174E+01     C10        10

 BOND    =        5.8389  ANGLE   =        1.9207  DIHED      =        1.0294
 VDWAALS =        3.7157  EEL     =      -25.5535  HBOND      =        0.0000
 1-4 VDW =        8.4119  1-4 EEL =       17.2170  RESTRAINT  =        0.0000


   NSTEP       ENERGY          RMS            GMAX         NAME    NUMBER
      4       1.1794E+01     1.3305E+01     3.2974E+01     C10        10

 BOND    =        5.1459  ANGLE   =        1.8877  DIHED      =        1.0306
 VDWAALS =        3.6668  EEL     =      -25.5592  HBOND      =        0.0000
 1-4 VDW =        8.4050  1-4 EEL =       17.2173  RESTRAINT  =        0.0000


   NSTEP       ENERGY          RMS            GMAX         NAME    NUMBER
      5       1.1014E+01     1.0690E+01     2.4638E+01     C10        10

 BOND    =        4.4600  ANGLE   =        1.8692  DIHED      =        1.0322
 VDWAALS =        3.5979  EEL     =      -25.5663  HBOND      =        0.0000
 1-4 VDW =        8.4016  1-4 EEL =       17.2190  RESTRAINT  =        0.0000


   NSTEP       ENERGY          RMS            GMAX         NAME    NUMBER
      6       1.0289E+01     7.9755E+00     1.6534E+01     C7          7

 BOND    =        3.8280  ANGLE   =        1.8750  DIHED      =        1.0349
 VDWAALS =        3.4961  EEL     =      -25.5749  HBOND      =        0.0000
 1-4 VDW =        8.4069  1-4 EEL =       17.2234  RESTRAINT  =        0.0000


   NSTEP       ENERGY          RMS            GMAX         NAME    NUMBER
      7       9.6654E+00     5.6611E+00     1.3808E+01     H6         19

 BOND    =        3.2932  ANGLE   =        1.9148  DIHED      =        1.0392
 VDWAALS =        3.3370  EEL     =      -25.5849  HBOND      =        0.0000
 1-4 VDW =        8.4334  1-4 EEL =       17.2328  RESTRAINT  =        0.0000


   NSTEP       ENERGY          RMS            GMAX         NAME    NUMBER
      8       9.1231E+00     4.3311E+00     1.2052E+01     O1          1

 BOND    =        2.8446  ANGLE   =        1.9843  DIHED      =        1.0466
 VDWAALS =        3.0861  EEL     =      -25.5944  HBOND      =        0.0000
 1-4 VDW =        8.5056  1-4 EEL =       17.2502  RESTRAINT  =        0.0000


   NSTEP       ENERGY          RMS            GMAX         NAME    NUMBER
      9       8.6038E+00     3.4411E+00     1.0936E+01     O1          1

 BOND    =        2.4394  ANGLE   =        2.0496  DIHED      =        1.0584
 VDWAALS =        2.7480  EEL     =      -25.5977  HBOND      =        0.0000
 1-4 VDW =        8.6354  1-4 EEL =       17.2706  RESTRAINT  =        0.0000


   NSTEP       ENERGY          RMS            GMAX         NAME    NUMBER
     10       8.1157E+00     2.6490E+00     9.6190E+00     O1          1

 BOND    =        2.1054  ANGLE   =        2.1095  DIHED      =        1.0758
 VDWAALS =        2.3594  EEL     =      -25.5918  HBOND      =        0.0000
 1-4 VDW =        8.7775  1-4 EEL =       17.2799  RESTRAINT  =        0.0000


   NSTEP       ENERGY          RMS            GMAX         NAME    NUMBER
     11       7.6824E+00     2.0294E+00     8.0276E+00     O1          1

 BOND    =        1.8262  ANGLE   =        2.1947  DIHED      =        1.1022
 VDWAALS =        1.9451  EEL     =      -25.5737  HBOND      =        0.0000
 1-4 VDW =        8.9092  1-4 EEL =       17.2788  RESTRAINT  =        0.0000


   NSTEP       ENERGY          RMS            GMAX         NAME    NUMBER
     12       7.4547E+00     4.1970E+00     1.0835E+01     C13        13

 BOND    =        1.7414  ANGLE   =        2.2507  DIHED      =        1.1406
 VDWAALS =        1.5756  EEL     =      -25.5389  HBOND      =        0.0000
 1-4 VDW =        9.0724  1-4 EEL =       17.2129  RESTRAINT  =        0.0000


   NSTEP       ENERGY          RMS            GMAX         NAME    NUMBER
     13       8.4375E+00     1.2390E+01     3.4480E+01     C13        13

 BOND    =        2.4336  ANGLE   =        2.6043  DIHED      =        1.1624
 VDWAALS =        1.4313  EEL     =      -25.5271  HBOND      =        0.0000
 1-4 VDW =        9.0695  1-4 EEL =       17.2635  RESTRAINT  =        0.0000


   NSTEP       ENERGY          RMS            GMAX         NAME    NUMBER
     14       7.3052E+00     3.9015E+00     1.0051E+01     C11        11

 BOND    =        1.6173  ANGLE   =        2.3130  DIHED      =        1.1646
 VDWAALS =        1.4292  EEL     =      -25.5222  HBOND      =        0.0000
 1-4 VDW =        9.0861  1-4 EEL =       17.2172  RESTRAINT  =        0.0000


   NSTEP       ENERGY          RMS            GMAX         NAME    NUMBER
     15       7.4294E+00     6.1576E+00     1.7876E+01     C13        13

 BOND    =        1.7848  ANGLE   =        2.3028  DIHED      =        1.1767
 VDWAALS =        1.3870  EEL     =      -25.5062  HBOND      =        0.0000
 1-4 VDW =        9.1395  1-4 EEL =       17.1447  RESTRAINT  =        0.0000


   NSTEP       ENERGY          RMS            GMAX         NAME    NUMBER
     16       7.1224E+00     1.4942E+00     5.8872E+00     O1          1

 BOND    =        1.5417  ANGLE   =        2.2483  DIHED      =        1.1809
 VDWAALS =        1.3619  EEL     =      -25.5056  HBOND      =        0.0000
 1-4 VDW =        9.1303  1-4 EEL =       17.1648  RESTRAINT  =        0.0000


   NSTEP       ENERGY          RMS            GMAX         NAME    NUMBER
     17       7.1115E+00     3.2087E+00     8.5119E+00     C11        11

 BOND    =        1.5329  ANGLE   =        2.2919  DIHED      =        1.2002
 VDWAALS =        1.2756  EEL     =      -25.4940  HBOND      =        0.0000
 1-4 VDW =        9.1442  1-4 EEL =       17.1607  RESTRAINT  =        0.0000


   NSTEP       ENERGY          RMS            GMAX         NAME    NUMBER
     18       7.1215E+00     4.0278E+00     1.2026E+01     C13        13

 BOND    =        1.5939  ANGLE   =        2.2666  DIHED      =        1.2108
 VDWAALS =        1.2500  EEL     =      -25.4793  HBOND      =        0.0000
 1-4 VDW =        9.1752  1-4 EEL =       17.1044  RESTRAINT  =        0.0000


   NSTEP       ENERGY          RMS            GMAX         NAME    NUMBER
     19       6.9829E+00     1.0276E+00     5.3609E+00     O1          1

 BOND    =        1.4820  ANGLE   =        2.2467  DIHED      =        1.2148
 VDWAALS =        1.2299  EEL     =      -25.4806  HBOND      =        0.0000
 1-4 VDW =        9.1697  1-4 EEL =       17.1204  RESTRAINT  =        0.0000


   NSTEP       ENERGY          RMS            GMAX         NAME    NUMBER
     20       6.9291E+00     1.4269E+00     5.1073E+00     O1          1

 BOND    =        1.4551  ANGLE   =        2.2531  DIHED      =        1.2340
 VDWAALS =        1.1636  EEL     =      -25.4676  HBOND      =        0.0000
 1-4 VDW =        9.1872  1-4 EEL =       17.1037  RESTRAINT  =        0.0000


   NSTEP       ENERGY          RMS            GMAX         NAME    NUMBER
     21       6.9408E+00     3.0035E+00     8.1294E+00     C11        11

 BOND    =        1.5106  ANGLE   =        2.2446  DIHED      =        1.2502
 VDWAALS =        1.1231  EEL     =      -25.4560  HBOND      =        0.0000
 1-4 VDW =        9.2065  1-4 EEL =       17.0618  RESTRAINT  =        0.0000


   NSTEP       ENERGY          RMS            GMAX         NAME    NUMBER
     22       6.8619E+00     9.4126E-01     4.8694E+00     O1          1

 BOND    =        1.4431  ANGLE   =        2.2341  DIHED      =        1.2540
 VDWAALS =        1.1079  EEL     =      -25.4548  HBOND      =        0.0000
 1-4 VDW =        9.2056  1-4 EEL =       17.0720  RESTRAINT  =        0.0000


   NSTEP       ENERGY          RMS            GMAX         NAME    NUMBER
     23       6.8292E+00     1.2113E+00     4.7260E+00     O1          1

 BOND    =        1.4225  ANGLE   =        2.2386  DIHED      =        1.2682
 VDWAALS =        1.0661  EEL     =      -25.4461  HBOND      =        0.0000
 1-4 VDW =        9.2163  1-4 EEL =       17.0636  RESTRAINT  =        0.0000


   NSTEP       ENERGY          RMS            GMAX         NAME    NUMBER
     24       6.8169E+00     1.9518E+00     5.5494E+00     C11        11

 BOND    =        1.4496  ANGLE   =        2.2260  DIHED      =        1.2814
 VDWAALS =        1.0380  EEL     =      -25.4387  HBOND      =        0.0000
 1-4 VDW =        9.2247  1-4 EEL =       17.0359  RESTRAINT  =        0.0000


   NSTEP       ENERGY          RMS            GMAX         NAME    NUMBER
     25       6.8094E+00     2.3760E+00     6.9318E+00     C11        11

 BOND    =        1.4298  ANGLE   =        2.2371  DIHED      =        1.2908
 VDWAALS =        1.0062  EEL     =      -25.4346  HBOND      =        0.0000
 1-4 VDW =        9.2300  1-4 EEL =       17.0502  RESTRAINT  =        0.0000


   NSTEP       ENERGY          RMS            GMAX         NAME    NUMBER
     26       6.8129E+00     2.9444E+00     7.6674E+00     C11        11

 BOND    =        1.4616  ANGLE   =        2.2324  DIHED      =        1.3003
 VDWAALS =        0.9937  EEL     =      -25.4269  HBOND      =        0.0000
 1-4 VDW =        9.2399  1-4 EEL =       17.0117  RESTRAINT  =        0.0000


   NSTEP       ENERGY          RMS            GMAX         NAME    NUMBER
     27       6.7374E+00     7.7429E-01     4.3695E+00     O1          1

 BOND    =        1.4020  ANGLE   =        2.2168  DIHED      =        1.3039
 VDWAALS =        0.9803  EEL     =      -25.4273  HBOND      =        0.0000
 1-4 VDW =        9.2370  1-4 EEL =       17.0247  RESTRAINT  =        0.0000


   NSTEP       ENERGY          RMS            GMAX         NAME    NUMBER
     28       6.7057E+00     1.0389E+00     4.2360E+00     O1          1

 BOND    =        1.3870  ANGLE   =        2.2121  DIHED      =        1.3208
 VDWAALS =        0.9396  EEL     =      -25.4178  HBOND      =        0.0000
 1-4 VDW =        9.2488  1-4 EEL =       17.0153  RESTRAINT  =        0.0000


   NSTEP       ENERGY          RMS            GMAX         NAME    NUMBER
     29       6.7044E+00     2.0848E+00     6.4776E+00     C11        11

 BOND    =        1.4169  ANGLE   =        2.2108  DIHED      =        1.3353
 VDWAALS =        0.9129  EEL     =      -25.4136  HBOND      =        0.0000
 1-4 VDW =        9.2495  1-4 EEL =       16.9926  RESTRAINT  =        0.0000


   NSTEP       ENERGY          RMS            GMAX         NAME    NUMBER
     30       6.6995E+00     2.4244E+00     7.2302E+00     C11        11

 BOND    =        1.4064  ANGLE   =        2.2024  DIHED      =        1.3444
 VDWAALS =        0.8869  EEL     =      -25.4054  HBOND      =        0.0000
 1-4 VDW =        9.2594  1-4 EEL =       17.0055  RESTRAINT  =        0.0000


   NSTEP       ENERGY          RMS            GMAX         NAME    NUMBER
     31       6.7154E+00     3.1726E+00     8.9651E+00     N2          2

 BOND    =        1.4278  ANGLE   =        2.2270  DIHED      =        1.3524
 VDWAALS =        0.8769  EEL     =      -25.4072  HBOND      =        0.0000
 1-4 VDW =        9.2611  1-4 EEL =       16.9774  RESTRAINT  =        0.0000


   NSTEP       ENERGY          RMS            GMAX         NAME    NUMBER
     32       6.6319E+00     7.6031E-01     3.9419E+00     O1          1

 BOND    =        1.3724  ANGLE   =        2.1926  DIHED      =        1.3563
 VDWAALS =        0.8669  EEL     =      -25.4024  HBOND      =        0.0000
 1-4 VDW =        9.2605  1-4 EEL =       16.9857  RESTRAINT  =        0.0000


   NSTEP       ENERGY          RMS            GMAX         NAME    NUMBER
     33       6.6149E+00     1.4553E+00     4.3042E+00     C11        11

 BOND    =        1.3589  ANGLE   =        2.1945  DIHED      =        1.3726
 VDWAALS =        0.8296  EEL     =      -25.3958  HBOND      =        0.0000
 1-4 VDW =        9.2702  1-4 EEL =       16.9849  RESTRAINT  =        0.0000


   NSTEP       ENERGY          RMS            GMAX         NAME    NUMBER
     34       6.6270E+00     2.4261E+00     6.7310E+00     C11        11

 BOND    =        1.4088  ANGLE   =        2.1760  DIHED      =        1.3837
 VDWAALS =        0.8185  EEL     =      -25.3888  HBOND      =        0.0000
 1-4 VDW =        9.2697  1-4 EEL =       16.9591  RESTRAINT  =        0.0000


   NSTEP       ENERGY          RMS            GMAX         NAME    NUMBER
     35       6.5784E+00     7.3569E-01     3.7231E+00     O1          1

 BOND    =        1.3557  ANGLE   =        2.1794  DIHED      =        1.3861
 VDWAALS =        0.8082  EEL     =      -25.3904  HBOND      =        0.0000
 1-4 VDW =        9.2701  1-4 EEL =       16.9693  RESTRAINT  =        0.0000


   NSTEP       ENERGY          RMS            GMAX         NAME    NUMBER
     36       6.5628E+00     1.0328E+00     3.6818E+00     O1          1

 BOND    =        1.3450  ANGLE   =        2.1744  DIHED      =        1.3980
 VDWAALS =        0.7832  EEL     =      -25.3843  HBOND      =        0.0000
 1-4 VDW =        9.2778  1-4 EEL =       16.9686  RESTRAINT  =        0.0000


   NSTEP       ENERGY          RMS            GMAX         NAME    NUMBER
     37       6.5568E+00     1.5127E+00     4.8162E+00     C11        11

 BOND    =        1.3595  ANGLE   =        2.1731  DIHED      =        1.4080
 VDWAALS =        0.7694  EEL     =      -25.3827  HBOND      =        0.0000
 1-4 VDW =        9.2753  1-4 EEL =       16.9542  RESTRAINT  =        0.0000


   NSTEP       ENERGY          RMS            GMAX         NAME    NUMBER
     38       6.5513E+00     1.8028E+00     5.4940E+00     C11        11

 BOND    =        1.3534  ANGLE   =        2.1631  DIHED      =        1.4164
 VDWAALS =        0.7490  EEL     =      -25.3765  HBOND      =        0.0000
 1-4 VDW =        9.2811  1-4 EEL =       16.9648  RESTRAINT  =        0.0000


   NSTEP       ENERGY          RMS            GMAX         NAME    NUMBER
     39       6.5544E+00     2.2992E+00     6.4977E+00     C11        11

 BOND    =        1.3604  ANGLE   =        2.1794  DIHED      =        1.4240
 VDWAALS =        0.7408  EEL     =      -25.3774  HBOND      =        0.0000
 1-4 VDW =        9.2832  1-4 EEL =       16.9439  RESTRAINT  =        0.0000


   NSTEP       ENERGY          RMS            GMAX         NAME    NUMBER
     40       6.5089E+00     6.3028E-01     3.4820E+00     O1          1

 BOND    =        1.3334  ANGLE   =        2.1563  DIHED      =        1.4275
 VDWAALS =        0.7328  EEL     =      -25.3741  HBOND      =        0.0000
 1-4 VDW =        9.2816  1-4 EEL =       16.9514  RESTRAINT  =        0.0000


   NSTEP       ENERGY          RMS            GMAX         NAME    NUMBER
     41       6.4913E+00     9.3489E-01     3.3713E+00     O1          1

 BOND    =        1.3200  ANGLE   =        2.1547  DIHED      =        1.4411
 VDWAALS =        0.7065  EEL     =      -25.3692  HBOND      =        0.0000
 1-4 VDW =        9.2872  1-4 EEL =       16.9510  RESTRAINT  =        0.0000


   NSTEP       ENERGY          RMS            GMAX         NAME    NUMBER
     42       6.4927E+00     1.7805E+00     5.1597E+00     N2          2

 BOND    =        1.3533  ANGLE   =        2.1352  DIHED      =        1.4529
 VDWAALS =        0.6939  EEL     =      -25.3636  HBOND      =        0.0000
 1-4 VDW =        9.2860  1-4 EEL =       16.9350  RESTRAINT  =        0.0000


   NSTEP       ENERGY          RMS            GMAX         NAME    NUMBER
     43       6.4660E+00     6.1940E-01     3.3131E+00     O1          1

 BOND    =        1.3195  ANGLE   =        2.1416  DIHED      =        1.4551
 VDWAALS =        0.6857  EEL     =      -25.3645  HBOND      =        0.0000
 1-4 VDW =        9.2868  1-4 EEL =       16.9419  RESTRAINT  =        0.0000


   NSTEP       ENERGY          RMS            GMAX         NAME    NUMBER
     44       6.4524E+00     7.2160E-01     3.3003E+00     O1          1

 BOND    =        1.3107  ANGLE   =        2.1357  DIHED      =        1.4650
 VDWAALS =        0.6681  EEL     =      -25.3598  HBOND      =        0.0000
 1-4 VDW =        9.2916  1-4 EEL =       16.9412  RESTRAINT  =        0.0000


   NSTEP       ENERGY          RMS            GMAX         NAME    NUMBER
     45       6.4420E+00     1.0199E+00     3.1558E+00     O1          1

 BOND    =        1.3159  ANGLE   =        2.1329  DIHED      =        1.4748
 VDWAALS =        0.6543  EEL     =      -25.3588  HBOND      =        0.0000
 1-4 VDW =        9.2890  1-4 EEL =       16.9341  RESTRAINT  =        0.0000


   NSTEP       ENERGY          RMS            GMAX         NAME    NUMBER
     46       6.4371E+00     1.4016E+00     3.9714E+00     C11        11

 BOND    =        1.3143  ANGLE   =        2.1201  DIHED      =        1.4837
 VDWAALS =        0.6377  EEL     =      -25.3518  HBOND      =        0.0000
 1-4 VDW =        9.2947  1-4 EEL =       16.9383  RESTRAINT  =        0.0000


   NSTEP       ENERGY          RMS            GMAX         NAME    NUMBER
     47       6.4348E+00     1.7691E+00     6.7403E+00     N2          2

 BOND    =        1.3132  ANGLE   =        2.1362  DIHED      =        1.4900
 VDWAALS =        0.6292  EEL     =      -25.3555  HBOND      =        0.0000
 1-4 VDW =        9.2928  1-4 EEL =       16.9290  RESTRAINT  =        0.0000


   NSTEP       ENERGY          RMS            GMAX         NAME    NUMBER
     48       6.4398E+00     2.3056E+00     1.0318E+01     N2          2

 BOND    =        1.3410  ANGLE   =        2.0997  DIHED      =        1.4987
 VDWAALS =        0.6170  EEL     =      -25.3446  HBOND      =        0.0000
 1-4 VDW =        9.2942  1-4 EEL =       16.9339  RESTRAINT  =        0.0000


   NSTEP       ENERGY          RMS            GMAX         NAME    NUMBER
     49       6.3994E+00     5.9290E-01     3.1135E+00     O1          1

 BOND    =        1.2945  ANGLE   =        2.1138  DIHED      =        1.5001
 VDWAALS =        0.6126  EEL     =      -25.3485  HBOND      =        0.0000
 1-4 VDW =        9.2950  1-4 EEL =       16.9318  RESTRAINT  =        0.0000


   NSTEP       ENERGY          RMS            GMAX         NAME    NUMBER
     50       6.3858E+00     8.8411E-01     3.0222E+00     O1          1

 BOND    =        1.2951  ANGLE   =        2.1071  DIHED      =        1.5124
 VDWAALS =        0.5961  EEL     =      -25.3453  HBOND      =        0.0000
 1-4 VDW =        9.2963  1-4 EEL =       16.9241  RESTRAINT  =        0.0000


   NSTEP       ENERGY          RMS            GMAX         NAME    NUMBER
     51       6.3843E+00     1.4840E+00     4.5993E+00     C11        11

 BOND    =        1.2967  ANGLE   =        2.1003  DIHED      =        1.5221
 VDWAALS =        0.5773  EEL     =      -25.3408  HBOND      =        0.0000
 1-4 VDW =        9.2956  1-4 EEL =       16.9332  RESTRAINT  =        0.0000


   NSTEP       ENERGY          RMS            GMAX         NAME    NUMBER
     52       1.7063E+01     3.5660E+01     1.1593E+02     C11        11

 BOND    =        9.6918  ANGLE   =        4.3945  DIHED      =        1.6090
 VDWAALS =        0.5261  EEL     =      -25.3279  HBOND      =        0.0000
 1-4 VDW =        9.4541  1-4 EEL =       16.7150  RESTRAINT  =        0.0000


   NSTEP       ENERGY          RMS            GMAX         NAME    NUMBER
     53       6.3628E+00     5.5606E-01     2.9813E+00     O1          1

 BOND    =        1.2820  ANGLE   =        2.0980  DIHED      =        1.5258
 VDWAALS =        0.5749  EEL     =      -25.3403  HBOND      =        0.0000
 1-4 VDW =        9.2987  1-4 EEL =       16.9238  RESTRAINT  =        0.0000


   NSTEP       ENERGY          RMS            GMAX         NAME    NUMBER
     54       6.3568E+00     5.4370E-01     2.9668E+00     O1          1

 BOND    =        1.2819  ANGLE   =        2.0941  DIHED      =        1.5301
 VDWAALS =        0.5687  EEL     =      -25.3392  HBOND      =        0.0000
 1-4 VDW =        9.2980  1-4 EEL =       16.9233  RESTRAINT  =        0.0000


   NSTEP       ENERGY          RMS            GMAX         NAME    NUMBER
     55       6.3140E+00     1.2391E+00     4.2095E+00     C8          8

 BOND    =        1.2919  ANGLE   =        2.0587  DIHED      =        1.5699
 VDWAALS =        0.5121  EEL     =      -25.3285  HBOND      =        0.0000
 1-4 VDW =        9.2914  1-4 EEL =       16.9184  RESTRAINT  =        0.0000


   NSTEP       ENERGY          RMS            GMAX         NAME    NUMBER
     56       6.2943E+00     2.5902E+00     9.7226E+00     C8          8

 BOND    =        1.3339  ANGLE   =        2.0178  DIHED      =        1.6213
 VDWAALS =        0.4411  EEL     =      -25.3147  HBOND      =        0.0000
 1-4 VDW =        9.2829  1-4 EEL =       16.9121  RESTRAINT  =        0.0000


   NSTEP       ENERGY          RMS            GMAX         NAME    NUMBER
     57       6.1653E+00     2.3268E+00     8.6154E+00     C8          8

 BOND    =        1.2803  ANGLE   =        1.9545  DIHED      =        1.7219
 VDWAALS =        0.3051  EEL     =      -25.2816  HBOND      =        0.0000
 1-4 VDW =        9.2922  1-4 EEL =       16.8929  RESTRAINT  =        0.0000


   NSTEP       ENERGY          RMS            GMAX         NAME    NUMBER
     58       6.2686E+00     6.9945E+00     3.7169E+01     O1          1

 BOND    =        1.5630  ANGLE   =        1.6940  DIHED      =        2.3844
 VDWAALS =       -0.4221  EEL     =      -25.0508  HBOND      =        0.0000
 1-4 VDW =        9.3418  1-4 EEL =       16.7583  RESTRAINT  =        0.0000


   NSTEP       ENERGY          RMS            GMAX         NAME    NUMBER
     59       5.9220E+00     2.8551E+00     1.3470E+01     O1          1

 BOND    =        1.1995  ANGLE   =        1.7839  DIHED      =        2.0546
 VDWAALS =       -0.0936  EEL     =      -25.1690  HBOND      =        0.0000
 1-4 VDW =        9.3191  1-4 EEL =       16.8275  RESTRAINT  =        0.0000


   NSTEP       ENERGY          RMS            GMAX         NAME    NUMBER
     60       6.0729E+00     6.4429E+00     2.7424E+01     N2          2

 BOND    =        1.3098  ANGLE   =        1.6890  DIHED      =        2.3372
 VDWAALS =       -0.3551  EEL     =      -25.0729  HBOND      =        0.0000
 1-4 VDW =        9.4046  1-4 EEL =       16.7602  RESTRAINT  =        0.0000


   NSTEP       ENERGY          RMS            GMAX         NAME    NUMBER
     61       5.8105E+00     1.5612E+00     6.0728E+00     O3          3

 BOND    =        1.1033  ANGLE   =        1.7239  DIHED      =        2.1610
 VDWAALS =       -0.1991  EEL     =      -25.1324  HBOND      =        0.0000
 1-4 VDW =        9.3518  1-4 EEL =       16.8020  RESTRAINT  =        0.0000


   NSTEP       ENERGY          RMS            GMAX         NAME    NUMBER
     62       5.7636E+00     1.0302E+00     4.7698E+00     N2          2

 BOND    =        1.0683  ANGLE   =        1.7170  DIHED      =        2.2022
 VDWAALS =       -0.2482  EEL     =      -25.1250  HBOND      =        0.0000
 1-4 VDW =        9.3438  1-4 EEL =       16.8055  RESTRAINT  =        0.0000


   NSTEP       ENERGY          RMS            GMAX         NAME    NUMBER
     63       5.7530E+00     1.4586E+00     8.5766E+00     N2          2

 BOND    =        1.0647  ANGLE   =        1.7129  DIHED      =        2.2330
 VDWAALS =       -0.2838  EEL     =      -25.1196  HBOND      =        0.0000
 1-4 VDW =        9.3378  1-4 EEL =       16.8080  RESTRAINT  =        0.0000


   NSTEP       ENERGY          RMS            GMAX         NAME    NUMBER
     64       5.6865E+00     1.0165E+00     4.7217E+00     C4          4

 BOND    =        0.9712  ANGLE   =        1.7157  DIHED      =        2.3373
 VDWAALS =       -0.3938  EEL     =      -25.0881  HBOND      =        0.0000
 1-4 VDW =        9.3273  1-4 EEL =       16.8169  RESTRAINT  =        0.0000


   NSTEP       ENERGY          RMS            GMAX         NAME    NUMBER
     65       5.6819E+00     1.4026E+00     6.4238E+00     C4          4

 BOND    =        0.9511  ANGLE   =        1.7204  DIHED      =        2.3733
 VDWAALS =       -0.4292  EEL     =      -25.0774  HBOND      =        0.0000
 1-4 VDW =        9.3239  1-4 EEL =       16.8199  RESTRAINT  =        0.0000


   NSTEP       ENERGY          RMS            GMAX         NAME    NUMBER
     66       5.6337E+00     1.9627E+00     9.9318E+00     N2          2

 BOND    =        0.7897  ANGLE   =        1.7206  DIHED      =        2.5339
 VDWAALS =       -0.5861  EEL     =      -25.0418  HBOND      =        0.0000
 1-4 VDW =        9.3547  1-4 EEL =       16.8627  RESTRAINT  =        0.0000


   NSTEP       ENERGY          RMS            GMAX         NAME    NUMBER
     67       5.6304E+00     1.5406E+00     7.6855E+00     N2          2

 BOND    =        0.8131  ANGLE   =        1.7182  DIHED      =        2.5015
 VDWAALS =       -0.5560  EEL     =      -25.0490  HBOND      =        0.0000
 1-4 VDW =        9.3484  1-4 EEL =       16.8541  RESTRAINT  =        0.0000


   NSTEP       ENERGY          RMS            GMAX         NAME    NUMBER
     68       5.5704E+00     1.3038E+00     4.4037E+00     N2          2

 BOND    =        0.7572  ANGLE   =        1.5902  DIHED      =        2.6774
 VDWAALS =       -0.6876  EEL     =      -25.0098  HBOND      =        0.0000
 1-4 VDW =        9.3674  1-4 EEL =       16.8756  RESTRAINT  =        0.0000


   NSTEP       ENERGY          RMS            GMAX         NAME    NUMBER
     69       5.5683E+00     1.5369E+00     4.7213E+00     N2          2

 BOND    =        0.7509  ANGLE   =        1.5634  DIHED      =        2.7177
 VDWAALS =       -0.7154  EEL     =      -25.0008  HBOND      =        0.0000
 1-4 VDW =        9.3721  1-4 EEL =       16.8803  RESTRAINT  =        0.0000


   NSTEP       ENERGY          RMS            GMAX         NAME    NUMBER
     70       5.5324E+00     1.5432E+00     5.9076E+00     N2          2

 BOND    =        0.7669  ANGLE   =        1.4173  DIHED      =        2.9537
 VDWAALS =       -0.8694  EEL     =      -24.9504  HBOND      =        0.0000
 1-4 VDW =        9.3224  1-4 EEL =       16.8918  RESTRAINT  =        0.0000


   NSTEP       ENERGY          RMS            GMAX         NAME    NUMBER
     71       5.5236E+00     9.8378E-01     3.1031E+00     N2          2

 BOND    =        0.7509  ANGLE   =        1.4560  DIHED      =        2.8820
 VDWAALS =       -0.8252  EEL     =      -24.9657  HBOND      =        0.0000
 1-4 VDW =        9.3372  1-4 EEL =       16.8885  RESTRAINT  =        0.0000


   NSTEP       ENERGY          RMS            GMAX         NAME    NUMBER
     72       5.5049E+00     6.0403E-01     1.3990E+00     O1          1

 BOND    =        0.7666  ANGLE   =        1.4022  DIHED      =        2.9584
 VDWAALS =       -0.8646  EEL     =      -24.9444  HBOND      =        0.0000
 1-4 VDW =        9.2955  1-4 EEL =       16.8913  RESTRAINT  =        0.0000


   NSTEP       ENERGY          RMS            GMAX         NAME    NUMBER
     73       5.5048E+00     6.3610E-01     1.5688E+00     O1          1

 BOND    =        0.7682  ANGLE   =        1.3992  DIHED      =        2.9630
 VDWAALS =       -0.8669  EEL     =      -24.9431  HBOND      =        0.0000
 1-4 VDW =        9.2929  1-4 EEL =       16.8915  RESTRAINT  =        0.0000


   NSTEP       ENERGY          RMS            GMAX         NAME    NUMBER
     74       5.4972E+00     5.2646E-01     1.7576E+00     N2          2

 BOND    =        0.7785  ANGLE   =        1.3756  DIHED      =        3.0021
 VDWAALS =       -0.8879  EEL     =      -24.9277  HBOND      =        0.0000
 1-4 VDW =        9.2618  1-4 EEL =       16.8948  RESTRAINT  =        0.0000


   NSTEP       ENERGY          RMS            GMAX         NAME    NUMBER
     75       5.4972E+00     5.0133E-01     1.6125E+00     N2          2

 BOND    =        0.7777  ANGLE   =        1.3767  DIHED      =        3.0002
 VDWAALS =       -0.8869  EEL     =      -24.9284  HBOND      =        0.0000
 1-4 VDW =        9.2633  1-4 EEL =       16.8946  RESTRAINT  =        0.0000


   NSTEP       ENERGY          RMS            GMAX         NAME    NUMBER
     76       5.4946E+00     3.6513E-01     9.2624E-01     O3          3

 BOND    =        0.7754  ANGLE   =        1.3738  DIHED      =        3.0007
 VDWAALS =       -0.8858  EEL     =      -24.9281  HBOND      =        0.0000
 1-4 VDW =        9.2633  1-4 EEL =       16.8954  RESTRAINT  =        0.0000


   NSTEP       ENERGY          RMS            GMAX         NAME    NUMBER
     77       5.4920E+00     3.3381E-01     9.1847E-01     O3          3

 BOND    =        0.7733  ANGLE   =        1.3715  DIHED      =        3.0004
 VDWAALS =       -0.8849  EEL     =      -24.9278  HBOND      =        0.0000
 1-4 VDW =        9.2629  1-4 EEL =       16.8965  RESTRAINT  =        0.0000


   NSTEP       ENERGY          RMS            GMAX         NAME    NUMBER
     78       5.4891E+00     3.1950E-01     9.1799E-01     O3          3

 BOND    =        0.7725  ANGLE   =        1.3687  DIHED      =        2.9997
 VDWAALS =       -0.8836  EEL     =      -24.9272  HBOND      =        0.0000
 1-4 VDW =        9.2614  1-4 EEL =       16.8976  RESTRAINT  =        0.0000


   NSTEP       ENERGY          RMS            GMAX         NAME    NUMBER
     79       5.4856E+00     3.0997E-01     9.0932E-01     O3          3

 BOND    =        0.7733  ANGLE   =        1.3646  DIHED      =        2.9991
 VDWAALS =       -0.8818  EEL     =      -24.9265  HBOND      =        0.0000
 1-4 VDW =        9.2581  1-4 EEL =       16.8989  RESTRAINT  =        0.0000


   NSTEP       ENERGY          RMS            GMAX         NAME    NUMBER
     80       1.0295E+01     1.5022E+01     7.7338E+01     N2          2

 BOND    =        4.0765  ANGLE   =        2.1589  DIHED      =        3.2458
 VDWAALS =        0.0976  EEL     =      -24.7621  HBOND      =        0.0000
 1-4 VDW =        8.2627  1-4 EEL =       17.2161  RESTRAINT  =        0.0000


   NSTEP       ENERGY          RMS            GMAX         NAME    NUMBER
     81       5.4368E+00     1.2429E+00     6.1546E+00     N2          2

 BOND    =        0.8469  ANGLE   =        1.2657  DIHED      =        2.9790
 VDWAALS =       -0.8283  EEL     =      -24.9090  HBOND      =        0.0000
 1-4 VDW =        9.1492  1-4 EEL =       16.9332  RESTRAINT  =        0.0000


   NSTEP       ENERGY          RMS            GMAX         NAME    NUMBER
     82       5.4910E+00     2.9077E+00     1.4844E+01     N2          2

 BOND    =        0.9758  ANGLE   =        1.1630  DIHED      =        2.9811
 VDWAALS =       -0.7481  EEL     =      -24.8902  HBOND      =        0.0000
 1-4 VDW =        9.0445  1-4 EEL =       16.9649  RESTRAINT  =        0.0000


   NSTEP       ENERGY          RMS            GMAX         NAME    NUMBER
     83       5.4214E+00     3.5923E-01     9.6742E-01     H4         17

 BOND    =        0.8639  ANGLE   =        1.2265  DIHED      =        2.9790
 VDWAALS =       -0.8038  EEL     =      -24.9029  HBOND      =        0.0000
 1-4 VDW =        9.1152  1-4 EEL =       16.9435  RESTRAINT  =        0.0000


   NSTEP       ENERGY          RMS            GMAX         NAME    NUMBER
     84       5.4191E+00     2.9950E-01     9.1817E-01     H4         17

 BOND    =        0.8656  ANGLE   =        1.2213  DIHED      =        2.9782
 VDWAALS =       -0.8002  EEL     =      -24.9040  HBOND      =        0.0000
 1-4 VDW =        9.1139  1-4 EEL =       16.9443  RESTRAINT  =        0.0000


   NSTEP       ENERGY          RMS            GMAX         NAME    NUMBER
     85       5.4160E+00     5.1753E-01     1.4800E+00     N2          2

 BOND    =        0.8736  ANGLE   =        1.2063  DIHED      =        2.9759
 VDWAALS =       -0.7892  EEL     =      -24.9073  HBOND      =        0.0000
 1-4 VDW =        9.1098  1-4 EEL =       16.9469  RESTRAINT  =        0.0000


   NSTEP       ENERGY          RMS            GMAX         NAME    NUMBER
     86       5.4104E+00     3.8757E-01     9.3178E-01     C8          8

 BOND    =        0.8728  ANGLE   =        1.1771  DIHED      =        2.9735
 VDWAALS =       -0.7707  EEL     =      -24.9098  HBOND      =        0.0000
 1-4 VDW =        9.1226  1-4 EEL =       16.9449  RESTRAINT  =        0.0000


   NSTEP       ENERGY          RMS            GMAX         NAME    NUMBER
     87       5.4104E+00     4.0705E-01     9.7416E-01     C4          4

 BOND    =        0.8729  ANGLE   =        1.1757  DIHED      =        2.9734
 VDWAALS =       -0.7698  EEL     =      -24.9099  HBOND      =        0.0000
 1-4 VDW =        9.1232  1-4 EEL =       16.9448  RESTRAINT  =        0.0000


   NSTEP       ENERGY          RMS            GMAX         NAME    NUMBER
     88       5.4047E+00     2.9269E-01     7.7630E-01     O3          3

 BOND    =        0.8418  ANGLE   =        1.1674  DIHED      =        2.9713
 VDWAALS =       -0.7556  EEL     =      -24.9141  HBOND      =        0.0000
 1-4 VDW =        9.1467  1-4 EEL =       16.9473  RESTRAINT  =        0.0000


   NSTEP       ENERGY          RMS            GMAX         NAME    NUMBER
     89       5.4017E+00     4.0868E-01     1.5661E+00     O3          3

 BOND    =        0.8004  ANGLE   =        1.1569  DIHED      =        2.9685
 VDWAALS =       -0.7349  EEL     =      -24.9201  HBOND      =        0.0000
 1-4 VDW =        9.1802  1-4 EEL =       16.9507  RESTRAINT  =        0.0000


   NSTEP       ENERGY          RMS            GMAX         NAME    NUMBER
     90       5.4048E+00     9.3605E-01     4.2269E+00     N2          2

 BOND    =        0.7558  ANGLE   =        1.1406  DIHED      =        2.9650
 VDWAALS =       -0.7021  EEL     =      -24.9359  HBOND      =        0.0000
 1-4 VDW =        9.2322  1-4 EEL =       16.9494  RESTRAINT  =        0.0000


   NSTEP       ENERGY          RMS            GMAX         NAME    NUMBER
     91       5.3981E+00     3.2127E-01     1.2522E+00     N2          2

 BOND    =        0.7776  ANGLE   =        1.1493  DIHED      =        2.9669
 VDWAALS =       -0.7212  EEL     =      -24.9268  HBOND      =        0.0000
 1-4 VDW =        9.2021  1-4 EEL =       16.9502  RESTRAINT  =        0.0000


   NSTEP       ENERGY          RMS            GMAX         NAME    NUMBER
     92       5.3951E+00     2.0908E-01     4.5063E-01     C4          4

 BOND    =        0.7654  ANGLE   =        1.1495  DIHED      =        2.9662
 VDWAALS =       -0.7111  EEL     =      -24.9294  HBOND      =        0.0000
 1-4 VDW =        9.2049  1-4 EEL =       16.9496  RESTRAINT  =        0.0000


   NSTEP       ENERGY          RMS            GMAX         NAME    NUMBER
     93       5.3948E+00     2.6571E-01     9.6710E-01     C4          4

 BOND    =        0.7612  ANGLE   =        1.1498  DIHED      =        2.9659
 VDWAALS =       -0.7071  EEL     =      -24.9304  HBOND      =        0.0000
 1-4 VDW =        9.2060  1-4 EEL =       16.9494  RESTRAINT  =        0.0000


   NSTEP       ENERGY          RMS            GMAX         NAME    NUMBER
     94       5.3933E+00     3.7175E-01     1.3807E+00     C13        13

 BOND    =        0.7532  ANGLE   =        1.1517  DIHED      =        2.9648
 VDWAALS =       -0.7013  EEL     =      -24.9330  HBOND      =        0.0000
 1-4 VDW =        9.2074  1-4 EEL =       16.9505  RESTRAINT  =        0.0000


   NSTEP       ENERGY          RMS            GMAX         NAME    NUMBER
     95       5.3931E+00     2.7764E-01     9.1633E-01     C13        13

 BOND    =        0.7548  ANGLE   =        1.1511  DIHED      =        2.9651
 VDWAALS =       -0.7027  EEL     =      -24.9324  HBOND      =        0.0000
 1-4 VDW =        9.2070  1-4 EEL =       16.9502  RESTRAINT  =        0.0000


   NSTEP       ENERGY          RMS            GMAX         NAME    NUMBER
     96       5.3909E+00     1.9773E-01     5.2175E-01     C4          4

 BOND    =        0.7534  ANGLE   =        1.1464  DIHED      =        2.9650
 VDWAALS =       -0.6982  EEL     =      -24.9314  HBOND      =        0.0000
 1-4 VDW =        9.2107  1-4 EEL =       16.9450  RESTRAINT  =        0.0000


   NSTEP       ENERGY          RMS            GMAX         NAME    NUMBER
     97       5.3907E+00     2.5664E-01     7.2417E-01     C8          8

 BOND    =        0.7532  ANGLE   =        1.1447  DIHED      =        2.9650
 VDWAALS =       -0.6962  EEL     =      -24.9310  HBOND      =        0.0000
 1-4 VDW =        9.2123  1-4 EEL =       16.9428  RESTRAINT  =        0.0000


   NSTEP       ENERGY          RMS            GMAX         NAME    NUMBER
     98       5.3889E+00     2.8115E-01     8.5682E-01     N9          9

 BOND    =        0.7593  ANGLE   =        1.1499  DIHED      =        2.9648
 VDWAALS =       -0.6982  EEL     =      -24.9280  HBOND      =        0.0000
 1-4 VDW =        9.2093  1-4 EEL =       16.9318  RESTRAINT  =        0.0000


   NSTEP       ENERGY          RMS            GMAX         NAME    NUMBER
     99       5.3889E+00     2.4886E-01     7.6954E-01     N9          9

 BOND    =        0.7584  ANGLE   =        1.1493  DIHED      =        2.9648
 VDWAALS =       -0.6980  EEL     =      -24.9284  HBOND      =        0.0000
 1-4 VDW =        9.2096  1-4 EEL =       16.9330  RESTRAINT  =        0.0000


   NSTEP       ENERGY          RMS            GMAX         NAME    NUMBER
    100       5.3867E+00     2.4223E-01     6.4630E-01     C6          6

 BOND    =        0.7773  ANGLE   =        1.1467  DIHED      =        2.9656
 VDWAALS =       -0.7008  EEL     =      -24.9213  HBOND      =        0.0000
 1-4 VDW =        9.1941  1-4 EEL =       16.9251  RESTRAINT  =        0.0000


  Maximum number of minimization cycles reached.


                    FINAL RESULTS



   NSTEP       ENERGY          RMS            GMAX         NAME    NUMBER
    100       5.3867E+00     2.4223E-01     6.4630E-01     C6          6

 BOND    =        0.7773  ANGLE   =        1.1467  DIHED      =        2.9656
 VDWAALS =       -0.7008  EEL     =      -24.9213  HBOND      =        0.0000
 1-4 VDW =        9.1941  1-4 EEL =       16.9251  RESTRAINT  =        0.0000

--------------------------------------------------------------------------------
   5.  TIMINGS
--------------------------------------------------------------------------------

|    Read coords time           0.00 ( 0.80% of Total)
|    Fast Water setup           0.00 ( 0.03% of Total)
|                Build the list             0.00 (93.41% of List )
|                Other                      0.00 ( 6.59% of List )
|             List time                  0.00 ( 8.44% of Nonbo)
|                   Short_ene time             0.00 (98.40% of Direc)
|                   Other                      0.00 ( 1.60% of Direc)
|                Direct Ewald time          0.01 (92.26% of Ewald)
|                Force Adjust               0.00 ( 0.26% of Ewald)
|                Virial junk                0.00 ( 0.42% of Ewald)
|                Start synchronizatio       0.00 ( 0.50% of Ewald)
|                Other                      0.00 ( 6.56% of Ewald)
|             Ewald time                 0.01 (89.71% of Nonbo)
|             IPS excludes               0.00 ( 0.35% of Nonbo)
|             Other                      0.00 ( 1.51% of Nonbo)
|          Nonbond force              0.01 (68.46% of Force)
|          Bond/Angle/Dihedral        0.00 (29.59% of Force)
|          Other                      0.00 ( 1.95% of Force)
|       Force time                 0.01 (100.0% of Runmd)
|    Runmd Time                 0.01 (41.99% of Total)
|    Other                      0.01 (57.18% of Total)
| Total time                 0.02 (99.74% of ALL  )

| Number of list builds   :          1

| Highest rstack allocated:         60
| Highest istack allocated:         12
|           Job began  at 14:19:22.834  on 05/22/2015
|           Setup done at 14:19:22.837  on 05/22/2015
|           Run   done at 14:19:22.855  on 05/22/2015
|     wallclock() was called    2335 times
