
          -------------------------------------------------------
          Amber 14 SANDER                              2014
          -------------------------------------------------------

| Run on 12/05/2014 at 19:05:18

|   Executable path: sander
| Working directory: /net/casegroup2/u2/pjanowsk/Phenix/AmberLibrary/3
|          Hostname: krakow

  [-O]verwriting output

File Assignments:
|  MDIN: sander.in                                                             
| MDOUT: 383.min.out                                                           
|INPCRD: 383.rst7                                                              
|  PARM: 383.prmtop                                                            
|RESTRT: 383.min.rst7                                                          
|  REFC: refc                                                                  
| MDVEL: mdvel                                                                 
| MDFRC: mdfrc                                                                 
|  MDEN: mden                                                                  
| MDCRD: mdcrd                                                                 
|MDINFO: mdinfo                                                                
|  MTMD: mtmd                                                                  
|INPDIP: inpdip                                                                
|RSTDIP: rstdip                                                                
|INPTRA: inptraj                                                               


 Here is the input file:

  short minimization                                                           
 &cntrl                                                                        
   imin=1, maxcyc=100, ncyc=50, ntpr=1, cut=99., ntb=0,                        
 /                                                                             

--------------------------------------------------------------------------------
   1.  RESOURCE   USE: 
--------------------------------------------------------------------------------

| Flags:                                                                        
|    NONPERIODIC   ntb=0 and igb=0: Setting up nonperiodic simulation
|  *** cutoff > system size, list only builds once
|Largest sphere to fit in unit cell has radius =    33.596
| New format PARM file being parsed.
| Version =    1.000 Date = 12/05/14 Time = 19:05:18
 NATOM  =      53 NTYPES =      13 NBONH =      24 MBONA  =      31
 NTHETH =      50 MTHETA =      47 NPHIH =     114 MPHIA  =      91
 NHPARM =       0 NPARM  =       0 NNB   =     309 NRES   =       1
 NBONA  =      31 NTHETA =      47 NPHIA =      91 NUMBND =      22
 NUMANG =      48 NPTRA  =      34 NATYP =      16 NPHB   =       0
 IFBOX  =       0 NMXRS  =      53 IFCAP =       0 NEXTRA =       0
 NCOPY  =       0


|     Memory Use     Allocated
|     Real                8603
|     Hollerith            162
|     Integer            31575
|     Max Pairs           1378
|     nblistReal           636
|     nblist Int       1107810
|       Total             4528 kbytes

| Note: 1-4 EEL scale factors are being read from the topology file.

| Note: 1-4 VDW scale factors are being read from the topology file.
| Duplicated    0 dihedrals
| Duplicated    0 dihedrals

--------------------------------------------------------------------------------
   2.  CONTROL  DATA  FOR  THE  RUN
--------------------------------------------------------------------------------

383                                                                             

General flags:
     imin    =       1, nmropt  =       0

Nature and format of input:
     ntx     =       1, irest   =       0, ntrx    =       1

Nature and format of output:
     ntxo    =       1, ntpr    =       1, ntrx    =       1, ntwr    =     500
     iwrap   =       0, ntwx    =       0, ntwv    =       0, ntwe    =       0
     ioutfm  =       0, ntwprt  =       0, idecomp =       0, rbornstat=      0

Potential function:
     ntf     =       1, ntb     =       0, igb     =       0, nsnb    =      25
     ipol    =       0, gbsa    =       0, iesp    =       0
     dielc   =   1.00000, cut     =  99.00000, intdiel =   1.00000

Frozen or restrained atoms:
     ibelly  =       0, ntr     =       0

Energy minimization:
     maxcyc  =     100, ncyc    =      50, ntmin   =       1
     dx0     =   0.01000, drms    =   0.00010
|  INFO: Old style inpcrd file read


--------------------------------------------------------------------------------
   3.  ATOMIC COORDINATES AND VELOCITIES
--------------------------------------------------------------------------------

383                                                                             
 begin time read from input coords =     0.000 ps

 Number of triangulated 3-point waters found:        0

     Sum of charges from parm topology file =   1.00099901

--------------------------------------------------------------------------------
   4.  RESULTS
--------------------------------------------------------------------------------

 ---------------------------------------------------

     eedmeth=4: Setting switch to one everywhere

 ---------------------------------------------------
| Local SIZE OF NONBOND LIST =       1080
| TOTAL SIZE OF NONBOND LIST =       1080


   NSTEP       ENERGY          RMS            GMAX         NAME    NUMBER
      1       1.2954E+02     1.5255E+01     6.2562E+01     C21        12

 BOND    =       10.9019  ANGLE   =       18.1421  DIHED      =       32.2385
 VDWAALS =       -3.7540  EEL     =     -290.7960  HBOND      =        0.0000
 1-4 VDW =       16.0802  1-4 EEL =      346.7254  RESTRAINT  =        0.0000


   NSTEP       ENERGY          RMS            GMAX         NAME    NUMBER
      2       1.2860E+02     1.4536E+01     5.8828E+01     C21        12

 BOND    =       10.2229  ANGLE   =       17.9434  DIHED      =       32.2356
 VDWAALS =       -3.7653  EEL     =     -290.7953  HBOND      =        0.0000
 1-4 VDW =       16.0765  1-4 EEL =      346.6813  RESTRAINT  =        0.0000


   NSTEP       ENERGY          RMS            GMAX         NAME    NUMBER
      3       1.2753E+02     1.3692E+01     5.4431E+01     C21        12

 BOND    =        9.4583  ANGLE   =       17.7150  DIHED      =       32.2323
 VDWAALS =       -3.7795  EEL     =     -290.7942  HBOND      =        0.0000
 1-4 VDW =       16.0721  1-4 EEL =      346.6276  RESTRAINT  =        0.0000


   NSTEP       ENERGY          RMS            GMAX         NAME    NUMBER
      4       1.2633E+02     1.2712E+01     4.9291E+01     C21        12

 BOND    =        8.6113  ANGLE   =       17.4547  DIHED      =       32.2286
 VDWAALS =       -3.7977  EEL     =     -290.7922  HBOND      =        0.0000
 1-4 VDW =       16.0666  1-4 EEL =      346.5620  RESTRAINT  =        0.0000


   NSTEP       ENERGY          RMS            GMAX         NAME    NUMBER
      5       1.2501E+02     1.1585E+01     4.3339E+01     C21        12

 BOND    =        7.6936  ANGLE   =       17.1612  DIHED      =       32.2245
 VDWAALS =       -3.8213  EEL     =     -290.7890  HBOND      =        0.0000
 1-4 VDW =       16.0598  1-4 EEL =      346.4817  RESTRAINT  =        0.0000


   NSTEP       ENERGY          RMS            GMAX         NAME    NUMBER
      6       1.2358E+02     1.0312E+01     3.6550E+01     C21        12

 BOND    =        6.7287  ANGLE   =       16.8342  DIHED      =       32.2201
 VDWAALS =       -3.8524  EEL     =     -290.7836  HBOND      =        0.0000
 1-4 VDW =       16.0511  1-4 EEL =      346.3826  RESTRAINT  =        0.0000


   NSTEP       ENERGY          RMS            GMAX         NAME    NUMBER
      7       1.2208E+02     8.9158E+00     2.9002E+01     C21        12

 BOND    =        5.7560  ANGLE   =       16.4738  DIHED      =       32.2158
 VDWAALS =       -3.8944  EEL     =     -290.7747  HBOND      =        0.0000
 1-4 VDW =       16.0397  1-4 EEL =      346.2595  RESTRAINT  =        0.0000


   NSTEP       ENERGY          RMS            GMAX         NAME    NUMBER
      8       1.2054E+02     7.4586E+00     2.2900E+01     O18        14

 BOND    =        4.8322  ANGLE   =       16.0801  DIHED      =       32.2123
 VDWAALS =       -3.9526  EEL     =     -290.7600  HBOND      =        0.0000
 1-4 VDW =       16.0241  1-4 EEL =      346.1050  RESTRAINT  =        0.0000


   NSTEP       ENERGY          RMS            GMAX         NAME    NUMBER
      9       1.1903E+02     6.0676E+00     1.8591E+01     H20        38

 BOND    =        4.0257  ANGLE   =       15.6502  DIHED      =       32.2114
 VDWAALS =       -4.0358  EEL     =     -290.7360  HBOND      =        0.0000
 1-4 VDW =       16.0018  1-4 EEL =      345.9087  RESTRAINT  =        0.0000


   NSTEP       ENERGY          RMS            GMAX         NAME    NUMBER
     10       1.1756E+02     4.9236E+00     1.7177E+01     H20        38

 BOND    =        3.3923  ANGLE   =       15.1753  DIHED      =       32.2168
 VDWAALS =       -4.1565  EEL     =     -290.6975  HBOND      =        0.0000
 1-4 VDW =       15.9692  1-4 EEL =      345.6574  RESTRAINT  =        0.0000


   NSTEP       ENERGY          RMS            GMAX         NAME    NUMBER
     11       1.1611E+02     4.1230E+00     1.5952E+01     H19        37

 BOND    =        2.9332  ANGLE   =       14.6473  DIHED      =       32.2360
 VDWAALS =       -4.3288  EEL     =     -290.6404  HBOND      =        0.0000
 1-4 VDW =       15.9228  1-4 EEL =      345.3369  RESTRAINT  =        0.0000


   NSTEP       ENERGY          RMS            GMAX         NAME    NUMBER
     12       1.1462E+02     3.5421E+00     1.5314E+01     H19        37

 BOND    =        2.5952  ANGLE   =       14.0802  DIHED      =       32.2791
 VDWAALS =       -4.5585  EEL     =     -290.5666  HBOND      =        0.0000
 1-4 VDW =       15.8622  1-4 EEL =      344.9317  RESTRAINT  =        0.0000


   NSTEP       ENERGY          RMS            GMAX         NAME    NUMBER
     13       1.1309E+02     3.0271E+00     1.4271E+01     H19        37

 BOND    =        2.3444  ANGLE   =       13.5091  DIHED      =       32.3537
 VDWAALS =       -4.8404  EEL     =     -290.4796  HBOND      =        0.0000
 1-4 VDW =       15.7848  1-4 EEL =      344.4208  RESTRAINT  =        0.0000


   NSTEP       ENERGY          RMS            GMAX         NAME    NUMBER
     14       1.1154E+02     2.5318E+00     1.2795E+01     H19        37

 BOND    =        2.1797  ANGLE   =       12.9553  DIHED      =       32.4633
 VDWAALS =       -5.1623  EEL     =     -290.3742  HBOND      =        0.0000
 1-4 VDW =       15.6838  1-4 EEL =      343.7931  RESTRAINT  =        0.0000


   NSTEP       ENERGY          RMS            GMAX         NAME    NUMBER
     15       1.1001E+02     2.0467E+00     1.1023E+01     H19        37

 BOND    =        2.1386  ANGLE   =       12.4300  DIHED      =       32.6093
 VDWAALS =       -5.5059  EEL     =     -290.2630  HBOND      =        0.0000
 1-4 VDW =       15.5591  1-4 EEL =      343.0379  RESTRAINT  =        0.0000


   NSTEP       ENERGY          RMS            GMAX         NAME    NUMBER
     16       1.0861E+02     1.9410E+00     8.6724E+00     H19        37

 BOND    =        2.1651  ANGLE   =       12.0534  DIHED      =       32.8013
 VDWAALS =       -5.8542  EEL     =     -290.1456  HBOND      =        0.0000
 1-4 VDW =       15.4086  1-4 EEL =      342.1781  RESTRAINT  =        0.0000


   NSTEP       ENERGY          RMS            GMAX         NAME    NUMBER
     17       1.1039E+02     1.0776E+01     5.5363E+01     C10         5

 BOND    =        5.0460  ANGLE   =       12.1108  DIHED      =       32.9735
 VDWAALS =       -6.1197  EEL     =     -290.1905  HBOND      =        0.0000
 1-4 VDW =       15.3890  1-4 EEL =      341.1839  RESTRAINT  =        0.0000


   NSTEP       ENERGY          RMS            GMAX         NAME    NUMBER
     18       1.0753E+02     1.5710E+00     7.0955E+00     H19        37

 BOND    =        2.4644  ANGLE   =       11.7348  DIHED      =       32.9856
 VDWAALS =       -6.1237  EEL     =     -290.1356  HBOND      =        0.0000
 1-4 VDW =       15.3033  1-4 EEL =      341.3005  RESTRAINT  =        0.0000


   NSTEP       ENERGY          RMS            GMAX         NAME    NUMBER
     19       1.0817E+02     6.3942E+00     2.8125E+01     C10         5

 BOND    =        2.8858  ANGLE   =       12.0396  DIHED      =       33.1188
 VDWAALS =       -6.2267  EEL     =     -289.9713  HBOND      =        0.0000
 1-4 VDW =       15.2387  1-4 EEL =      341.0867  RESTRAINT  =        0.0000


   NSTEP       ENERGY          RMS            GMAX         NAME    NUMBER
     20       1.0708E+02     1.4758E+00     5.4383E+00     H19        37

 BOND    =        2.4208  ANGLE   =       11.7190  DIHED      =       33.1032
 VDWAALS =       -6.2374  EEL     =     -290.0894  HBOND      =        0.0000
 1-4 VDW =       15.2470  1-4 EEL =      340.9189  RESTRAINT  =        0.0000


   NSTEP       ENERGY          RMS            GMAX         NAME    NUMBER
     21       1.0718E+02     3.3725E+00     1.4631E+01     C17         9

 BOND    =        3.0365  ANGLE   =       11.6426  DIHED      =       33.1013
 VDWAALS =       -6.2668  EEL     =     -290.2410  HBOND      =        0.0000
 1-4 VDW =       15.2346  1-4 EEL =      340.6707  RESTRAINT  =        0.0000


   NSTEP       ENERGY          RMS            GMAX         NAME    NUMBER
     22       1.0683E+02     9.8884E-01     5.3324E+00     H19        37

 BOND    =        2.5653  ANGLE   =       11.6288  DIHED      =       33.1310
 VDWAALS =       -6.2756  EEL     =     -290.1538  HBOND      =        0.0000
 1-4 VDW =       15.2251  1-4 EEL =      340.7078  RESTRAINT  =        0.0000


   NSTEP       ENERGY          RMS            GMAX         NAME    NUMBER
     23       1.0673E+02     1.4102E+00     6.6520E+00     C21        12

 BOND    =        2.5463  ANGLE   =       11.6761  DIHED      =       33.1813
 VDWAALS =       -6.3107  EEL     =     -290.1493  HBOND      =        0.0000
 1-4 VDW =       15.2097  1-4 EEL =      340.5778  RESTRAINT  =        0.0000


   NSTEP       ENERGY          RMS            GMAX         NAME    NUMBER
     24       1.0672E+02     2.1951E+00     1.1063E+01     C21        12

 BOND    =        2.8516  ANGLE   =       11.6030  DIHED      =       33.1646
 VDWAALS =       -6.3175  EEL     =     -290.2494  HBOND      =        0.0000
 1-4 VDW =       15.2041  1-4 EEL =      340.4672  RESTRAINT  =        0.0000


   NSTEP       ENERGY          RMS            GMAX         NAME    NUMBER
     25       1.0671E+02     2.6282E+00     1.2642E+01     C21        12

 BOND    =        2.5829  ANGLE   =       11.7148  DIHED      =       33.2259
 VDWAALS =       -6.3383  EEL     =     -290.1318  HBOND      =        0.0000
 1-4 VDW =       15.1956  1-4 EEL =      340.4637  RESTRAINT  =        0.0000


   NSTEP       ENERGY          RMS            GMAX         NAME    NUMBER
     26       1.0679E+02     3.5035E+00     1.6579E+01     C17         9

 BOND    =        3.1699  ANGLE   =       11.6454  DIHED      =       33.1840
 VDWAALS =       -6.3399  EEL     =     -290.3749  HBOND      =        0.0000
 1-4 VDW =       15.1873  1-4 EEL =      340.3228  RESTRAINT  =        0.0000


   NSTEP       ENERGY          RMS            GMAX         NAME    NUMBER
     27       1.0644E+02     8.0568E-01     4.2082E+00     H19        37

 BOND    =        2.6985  ANGLE   =       11.5982  DIHED      =       33.2120
 VDWAALS =       -6.3460  EEL     =     -290.2526  HBOND      =        0.0000
 1-4 VDW =       15.1899  1-4 EEL =      340.3421  RESTRAINT  =        0.0000


   NSTEP       ENERGY          RMS            GMAX         NAME    NUMBER
     28       1.0641E+02     1.7478E+00     9.4551E+00     C21        12

 BOND    =        2.6259  ANGLE   =       11.6895  DIHED      =       33.2500
 VDWAALS =       -6.3628  EEL     =     -290.2725  HBOND      =        0.0000
 1-4 VDW =       15.1710  1-4 EEL =      340.3083  RESTRAINT  =        0.0000


   NSTEP       ENERGY          RMS            GMAX         NAME    NUMBER
     29       1.0646E+02     2.5872E+00     1.1842E+01     C21        12

 BOND    =        3.0560  ANGLE   =       11.5753  DIHED      =       33.2294
 VDWAALS =       -6.3662  EEL     =     -290.3607  HBOND      =        0.0000
 1-4 VDW =       15.1878  1-4 EEL =      340.1361  RESTRAINT  =        0.0000


   NSTEP       ENERGY          RMS            GMAX         NAME    NUMBER
     30       1.0626E+02     7.0062E-01     3.6408E+00     H19        37

 BOND    =        2.7519  ANGLE   =       11.5939  DIHED      =       33.2433
 VDWAALS =       -6.3676  EEL     =     -290.3339  HBOND      =        0.0000
 1-4 VDW =       15.1749  1-4 EEL =      340.2014  RESTRAINT  =        0.0000


   NSTEP       ENERGY          RMS            GMAX         NAME    NUMBER
     31       1.0622E+02     1.1611E+00     6.8368E+00     C21        12

 BOND    =        2.6869  ANGLE   =       11.6599  DIHED      =       33.2679
 VDWAALS =       -6.3757  EEL     =     -290.3593  HBOND      =        0.0000
 1-4 VDW =       15.1660  1-4 EEL =      340.1754  RESTRAINT  =        0.0000


   NSTEP       ENERGY          RMS            GMAX         NAME    NUMBER
     32       1.0623E+02     1.7502E+00     9.8537E+00     C21        12

 BOND    =        2.9627  ANGLE   =       11.5682  DIHED      =       33.2499
 VDWAALS =       -6.3752  EEL     =     -290.4399  HBOND      =        0.0000
 1-4 VDW =       15.1678  1-4 EEL =      340.0921  RESTRAINT  =        0.0000


   NSTEP       ENERGY          RMS            GMAX         NAME    NUMBER
     33       1.0613E+02     5.7861E-01     3.2005E+00     H19        37

 BOND    =        2.7807  ANGLE   =       11.5964  DIHED      =       33.2637
 VDWAALS =       -6.3771  EEL     =     -290.4131  HBOND      =        0.0000
 1-4 VDW =       15.1668  1-4 EEL =      340.1111  RESTRAINT  =        0.0000


   NSTEP       ENERGY          RMS            GMAX         NAME    NUMBER
     34       1.0608E+02     7.3667E-01     3.6672E+00     C21        12

 BOND    =        2.7514  ANGLE   =       11.6415  DIHED      =       33.2762
 VDWAALS =       -6.3802  EEL     =     -290.4608  HBOND      =        0.0000
 1-4 VDW =       15.1575  1-4 EEL =      340.0983  RESTRAINT  =        0.0000


   NSTEP       ENERGY          RMS            GMAX         NAME    NUMBER
     35       1.0607E+02     1.2395E+00     6.4706E+00     C21        12

 BOND    =        2.8978  ANGLE   =       11.5623  DIHED      =       33.2701
 VDWAALS =       -6.3786  EEL     =     -290.4848  HBOND      =        0.0000
 1-4 VDW =       15.1691  1-4 EEL =      340.0308  RESTRAINT  =        0.0000


   NSTEP       ENERGY          RMS            GMAX         NAME    NUMBER
     36       1.0606E+02     1.6512E+00     6.8517E+00     C8          1

 BOND    =        2.7661  ANGLE   =       11.6902  DIHED      =       33.2857
 VDWAALS =       -6.3808  EEL     =     -290.5299  HBOND      =        0.0000
 1-4 VDW =       15.1465  1-4 EEL =      340.0872  RESTRAINT  =        0.0000


   NSTEP       ENERGY          RMS            GMAX         NAME    NUMBER
     37       1.0608E+02     2.1183E+00     1.0085E+01     C8          1

 BOND    =        2.9791  ANGLE   =       11.5753  DIHED      =       33.2781
 VDWAALS =       -6.3783  EEL     =     -290.5369  HBOND      =        0.0000
 1-4 VDW =       15.1722  1-4 EEL =      339.9892  RESTRAINT  =        0.0000


   NSTEP       ENERGY          RMS            GMAX         NAME    NUMBER
     38       1.0596E+02     5.1461E-01     2.6966E+00     H19        37

 BOND    =        2.8354  ANGLE   =       11.5989  DIHED      =       33.2810
 VDWAALS =       -6.3785  EEL     =     -290.5555  HBOND      =        0.0000
 1-4 VDW =       15.1580  1-4 EEL =      340.0243  RESTRAINT  =        0.0000


   NSTEP       ENERGY          RMS            GMAX         NAME    NUMBER
     39       1.0592E+02     7.4951E-01     3.9583E+00     C21        12

 BOND    =        2.7863  ANGLE   =       11.6453  DIHED      =       33.2904
 VDWAALS =       -6.3774  EEL     =     -290.6045  HBOND      =        0.0000
 1-4 VDW =       15.1511  1-4 EEL =      340.0334  RESTRAINT  =        0.0000


   NSTEP       ENERGY          RMS            GMAX         NAME    NUMBER
     40       1.0593E+02     1.3857E+00     7.2615E+00     C21        12

 BOND    =        2.9845  ANGLE   =       11.5655  DIHED      =       33.2816
 VDWAALS =       -6.3735  EEL     =     -290.6491  HBOND      =        0.0000
 1-4 VDW =       15.1607  1-4 EEL =      339.9559  RESTRAINT  =        0.0000


   NSTEP       ENERGY          RMS            GMAX         NAME    NUMBER
     41       1.0587E+02     4.8709E-01     2.4196E+00     H19        37

 BOND    =        2.8616  ANGLE   =       11.5993  DIHED      =       33.2877
 VDWAALS =       -6.3733  EEL     =     -290.6560  HBOND      =        0.0000
 1-4 VDW =       15.1540  1-4 EEL =      339.9944  RESTRAINT  =        0.0000


   NSTEP       ENERGY          RMS            GMAX         NAME    NUMBER
     42       1.0584E+02     5.6831E-01     2.7520E+00     C21        12

 BOND    =        2.8226  ANGLE   =       11.6350  DIHED      =       33.2943
 VDWAALS =       -6.3712  EEL     =     -290.6933  HBOND      =        0.0000
 1-4 VDW =       15.1506  1-4 EEL =      339.9999  RESTRAINT  =        0.0000


   NSTEP       ENERGY          RMS            GMAX         NAME    NUMBER
     43       1.0582E+02     8.2509E-01     4.6633E+00     C21        12

 BOND    =        2.9307  ANGLE   =       11.5800  DIHED      =       33.2879
 VDWAALS =       -6.3666  EEL     =     -290.7402  HBOND      =        0.0000
 1-4 VDW =       15.1522  1-4 EEL =      339.9722  RESTRAINT  =        0.0000


   NSTEP       ENERGY          RMS            GMAX         NAME    NUMBER
     44       1.0581E+02     1.1507E+00     5.8608E+00     C21        12

 BOND    =        2.8093  ANGLE   =       11.6628  DIHED      =       33.3016
 VDWAALS =       -6.3652  EEL     =     -290.7495  HBOND      =        0.0000
 1-4 VDW =       15.1507  1-4 EEL =      339.9983  RESTRAINT  =        0.0000


   NSTEP       ENERGY          RMS            GMAX         NAME    NUMBER
     45       1.0581E+02     1.4590E+00     6.8871E+00     C11         4

 BOND    =        2.9956  ANGLE   =       11.5896  DIHED      =       33.2881
 VDWAALS =       -6.3609  EEL     =     -290.8230  HBOND      =        0.0000
 1-4 VDW =       15.1463  1-4 EEL =      339.9699  RESTRAINT  =        0.0000


   NSTEP       ENERGY          RMS            GMAX         NAME    NUMBER
     46       1.0582E+02     1.8972E+00     9.4427E+00     C11         4

 BOND    =        2.8610  ANGLE   =       11.6554  DIHED      =       33.3040
 VDWAALS =       -6.3589  EEL     =     -290.7805  HBOND      =        0.0000
 1-4 VDW =       15.1573  1-4 EEL =      339.9817  RESTRAINT  =        0.0000


   NSTEP       ENERGY          RMS            GMAX         NAME    NUMBER
     47       1.0573E+02     4.5488E-01     1.9300E+00     H19        37

 BOND    =        2.8575  ANGLE   =       11.6239  DIHED      =       33.2984
 VDWAALS =       -6.3577  EEL     =     -290.8278  HBOND      =        0.0000
 1-4 VDW =       15.1486  1-4 EEL =      339.9845  RESTRAINT  =        0.0000


   NSTEP       ENERGY          RMS            GMAX         NAME    NUMBER
     48       1.0570E+02     7.0908E-01     3.3862E+00     C21        12

 BOND    =        2.9489  ANGLE   =       11.5895  DIHED      =       33.2943
 VDWAALS =       -6.3513  EEL     =     -290.8966  HBOND      =        0.0000
 1-4 VDW =       15.1480  1-4 EEL =      339.9663  RESTRAINT  =        0.0000


   NSTEP       ENERGY          RMS            GMAX         NAME    NUMBER
     49       1.0570E+02     1.2588E+00     5.7731E+00     C21        12

 BOND    =        2.8154  ANGLE   =       11.6646  DIHED      =       33.3083
 VDWAALS =       -6.3477  EEL     =     -290.8884  HBOND      =        0.0000
 1-4 VDW =       15.1492  1-4 EEL =      340.0009  RESTRAINT  =        0.0000


   NSTEP       ENERGY          RMS            GMAX         NAME    NUMBER
     50       1.0565E+02     4.3514E-01     1.7493E+00     H19        37

 BOND    =        2.8737  ANGLE   =       11.6248  DIHED      =       33.3019
 VDWAALS =       -6.3458  EEL     =     -290.9329  HBOND      =        0.0000
 1-4 VDW =       15.1463  1-4 EEL =      339.9869  RESTRAINT  =        0.0000


   NSTEP       ENERGY          RMS            GMAX         NAME    NUMBER
     51       1.0563E+02     5.1660E-01     2.2965E+00     C21        12

 BOND    =        2.9345  ANGLE   =       11.5951  DIHED      =       33.2993
 VDWAALS =       -6.3403  EEL     =     -290.9766  HBOND      =        0.0000
 1-4 VDW =       15.1476  1-4 EEL =      339.9717  RESTRAINT  =        0.0000


   NSTEP       ENERGY          RMS            GMAX         NAME    NUMBER
     52       1.1834E+02     2.0811E+01     1.3009E+02     C21        12

 BOND    =       11.0473  ANGLE   =       15.6418  DIHED      =       33.5447
 VDWAALS =       -6.2426  EEL     =     -291.5773  HBOND      =        0.0000
 1-4 VDW =       15.1544  1-4 EEL =      340.7726  RESTRAINT  =        0.0000


   NSTEP       ENERGY          RMS            GMAX         NAME    NUMBER
     53       1.0561E+02     5.7128E-01     2.5077E+00     C21        12

 BOND    =        2.8621  ANGLE   =       11.6340  DIHED      =       33.3060
 VDWAALS =       -6.3371  EEL     =     -290.9973  HBOND      =        0.0000
 1-4 VDW =       15.1449  1-4 EEL =      340.0004  RESTRAINT  =        0.0000


   NSTEP       ENERGY          RMS            GMAX         NAME    NUMBER
     54       1.0558E+02     5.6299E-01     3.0236E+00     C21        12

 BOND    =        2.8697  ANGLE   =       11.6394  DIHED      =       33.3083
 VDWAALS =       -6.3297  EEL     =     -291.0582  HBOND      =        0.0000
 1-4 VDW =       15.1436  1-4 EEL =      340.0036  RESTRAINT  =        0.0000


   NSTEP       ENERGY          RMS            GMAX         NAME    NUMBER
     55       1.0532E+02     1.4066E+00     7.8729E+00     C21        12

 BOND    =        2.9776  ANGLE   =       11.7171  DIHED      =       33.3336
 VDWAALS =       -6.2565  EEL     =     -291.6218  HBOND      =        0.0000
 1-4 VDW =       15.1348  1-4 EEL =      340.0364  RESTRAINT  =        0.0000


   NSTEP       ENERGY          RMS            GMAX         NAME    NUMBER
     56       1.0520E+02     3.0657E+00     1.4885E+01     C21        12

 BOND    =        3.2435  ANGLE   =       11.9030  DIHED      =       33.3784
 VDWAALS =       -6.1385  EEL     =     -292.4085  HBOND      =        0.0000
 1-4 VDW =       15.1293  1-4 EEL =      340.0917  RESTRAINT  =        0.0000


   NSTEP       ENERGY          RMS            GMAX         NAME    NUMBER
     57       1.0472E+02     1.4616E+00     8.5219E+00     C21        12

 BOND    =        3.3816  ANGLE   =       12.0590  DIHED      =       33.4797
 VDWAALS =       -5.8509  EEL     =     -293.7962  HBOND      =        0.0000
 1-4 VDW =       15.1539  1-4 EEL =      340.2886  RESTRAINT  =        0.0000


   NSTEP       ENERGY          RMS            GMAX         NAME    NUMBER
     58       1.0471E+02     1.4598E+00     7.8070E+00     C21        12

 BOND    =        3.4295  ANGLE   =       12.1027  DIHED      =       33.4967
 VDWAALS =       -5.8038  EEL     =     -293.9961  HBOND      =        0.0000
 1-4 VDW =       15.1604  1-4 EEL =      340.3192  RESTRAINT  =        0.0000


   NSTEP       ENERGY          RMS            GMAX         NAME    NUMBER
     59       1.0463E+02     1.1302E+00     6.6783E+00     C21        12

 BOND    =        3.3788  ANGLE   =       11.9455  DIHED      =       33.4871
 VDWAALS =       -5.7923  EEL     =     -293.8613  HBOND      =        0.0000
 1-4 VDW =       15.1785  1-4 EEL =      340.2959  RESTRAINT  =        0.0000


   NSTEP       ENERGY          RMS            GMAX         NAME    NUMBER
     60       1.0462E+02     7.7896E-01     3.9712E+00     C21        12

 BOND    =        3.3680  ANGLE   =       11.9797  DIHED      =       33.4894
 VDWAALS =       -5.7951  EEL     =     -293.8940  HBOND      =        0.0000
 1-4 VDW =       15.1740  1-4 EEL =      340.3015  RESTRAINT  =        0.0000


   NSTEP       ENERGY          RMS            GMAX         NAME    NUMBER
     61       1.0458E+02     6.2729E-01     3.6495E+00     C21        12

 BOND    =        3.3515  ANGLE   =       11.9532  DIHED      =       33.4870
 VDWAALS =       -5.7784  EEL     =     -293.9411  HBOND      =        0.0000
 1-4 VDW =       15.1706  1-4 EEL =      340.3391  RESTRAINT  =        0.0000


   NSTEP       ENERGY          RMS            GMAX         NAME    NUMBER
     62       1.0455E+02     1.1093E+00     6.0342E+00     O23        13

 BOND    =        3.3590  ANGLE   =       11.9130  DIHED      =       33.4827
 VDWAALS =       -5.7479  EEL     =     -294.0255  HBOND      =        0.0000
 1-4 VDW =       15.1646  1-4 EEL =      340.4068  RESTRAINT  =        0.0000


   NSTEP       ENERGY          RMS            GMAX         NAME    NUMBER
     63       1.0444E+02     8.4678E-01     4.3488E+00     O23        13

 BOND    =        3.3099  ANGLE   =       11.9884  DIHED      =       33.5126
 VDWAALS =       -5.6612  EEL     =     -294.4368  HBOND      =        0.0000
 1-4 VDW =       15.1573  1-4 EEL =      340.5649  RESTRAINT  =        0.0000


   NSTEP       ENERGY          RMS            GMAX         NAME    NUMBER
     64       1.0433E+02     1.4674E+00     9.6553E+00     C21        12

 BOND    =        3.2759  ANGLE   =       12.1800  DIHED      =       33.5797
 VDWAALS =       -5.4721  EEL     =     -295.2618  HBOND      =        0.0000
 1-4 VDW =       15.1441  1-4 EEL =      340.8891  RESTRAINT  =        0.0000


   NSTEP       ENERGY          RMS            GMAX         NAME    NUMBER
     65       1.0408E+02     1.3512E+00     5.6682E+00     C11         4

 BOND    =        3.2102  ANGLE   =       12.2252  DIHED      =       33.6835
 VDWAALS =       -5.1836  EEL     =     -296.3927  HBOND      =        0.0000
 1-4 VDW =       15.1869  1-4 EEL =      341.3492  RESTRAINT  =        0.0000


   NSTEP       ENERGY          RMS            GMAX         NAME    NUMBER
     66       1.0407E+02     1.6542E+00     7.1817E+00     C11         4

 BOND    =        3.2215  ANGLE   =       12.2477  DIHED      =       33.7073
 VDWAALS =       -5.1168  EEL     =     -296.6364  HBOND      =        0.0000
 1-4 VDW =       15.1966  1-4 EEL =      341.4510  RESTRAINT  =        0.0000


   NSTEP       ENERGY          RMS            GMAX         NAME    NUMBER
     67       1.0384E+02     1.7275E+00     9.6377E+00     C20        11

 BOND    =        3.1438  ANGLE   =       12.1908  DIHED      =       33.7752
 VDWAALS =       -4.9177  EEL     =     -297.4774  HBOND      =        0.0000
 1-4 VDW =       15.1514  1-4 EEL =      341.9733  RESTRAINT  =        0.0000


   NSTEP       ENERGY          RMS            GMAX         NAME    NUMBER
     68       1.0384E+02     1.5557E+00     9.1961E+00     C20        11

 BOND    =        3.1381  ANGLE   =       12.1884  DIHED      =       33.7686
 VDWAALS =       -4.9365  EEL     =     -297.4006  HBOND      =        0.0000
 1-4 VDW =       15.1546  1-4 EEL =      341.9244  RESTRAINT  =        0.0000


   NSTEP       ENERGY          RMS            GMAX         NAME    NUMBER
     69       1.0371E+02     2.0403E+00     1.4811E+01     C21        12

 BOND    =        2.9884  ANGLE   =       12.0929  DIHED      =       33.9410
 VDWAALS =       -4.5370  EEL     =     -298.4554  HBOND      =        0.0000
 1-4 VDW =       15.0543  1-4 EEL =      342.6211  RESTRAINT  =        0.0000


   NSTEP       ENERGY          RMS            GMAX         NAME    NUMBER
     70       1.0367E+02     1.4573E+00     9.6034E+00     C21        12

 BOND    =        2.9800  ANGLE   =       12.1142  DIHED      =       33.8876
 VDWAALS =       -4.6600  EEL     =     -298.1448  HBOND      =        0.0000
 1-4 VDW =       15.0831  1-4 EEL =      342.4137  RESTRAINT  =        0.0000


   NSTEP       ENERGY          RMS            GMAX         NAME    NUMBER
     71       1.0358E+02     1.3818E+00     5.9487E+00     C11         4

 BOND    =        3.0866  ANGLE   =       11.9071  DIHED      =       33.9780
 VDWAALS =       -4.4828  EEL     =     -298.5212  HBOND      =        0.0000
 1-4 VDW =       15.0024  1-4 EEL =      342.6115  RESTRAINT  =        0.0000


   NSTEP       ENERGY          RMS            GMAX         NAME    NUMBER
     72       1.0357E+02     1.0128E+00     3.6780E+00     C11         4

 BOND    =        3.0424  ANGLE   =       11.9460  DIHED      =       33.9560
 VDWAALS =       -4.5258  EEL     =     -298.4323  HBOND      =        0.0000
 1-4 VDW =       15.0211  1-4 EEL =      342.5643  RESTRAINT  =        0.0000


   NSTEP       ENERGY          RMS            GMAX         NAME    NUMBER
     73       1.0351E+02     5.8373E-01     1.9065E+00     O23        13

 BOND    =        3.1310  ANGLE   =       11.8671  DIHED      =       34.0021
 VDWAALS =       -4.4497  EEL     =     -298.6602  HBOND      =        0.0000
 1-4 VDW =       14.9720  1-4 EEL =      342.6497  RESTRAINT  =        0.0000


   NSTEP       ENERGY          RMS            GMAX         NAME    NUMBER
     74       1.0351E+02     6.6782E-01     2.1610E+00     C20        11

 BOND    =        3.1617  ANGLE   =       11.8515  DIHED      =       34.0150
 VDWAALS =       -4.4282  EEL     =     -298.7231  HBOND      =        0.0000
 1-4 VDW =       14.9586  1-4 EEL =      342.6736  RESTRAINT  =        0.0000


   NSTEP       ENERGY          RMS            GMAX         NAME    NUMBER
     75       1.0346E+02     5.7118E-01     2.2487E+00     C20        11

 BOND    =        3.1715  ANGLE   =       11.8545  DIHED      =       34.0352
 VDWAALS =       -4.4348  EEL     =     -298.7516  HBOND      =        0.0000
 1-4 VDW =       14.9452  1-4 EEL =      342.6440  RESTRAINT  =        0.0000


   NSTEP       ENERGY          RMS            GMAX         NAME    NUMBER
     76       1.0346E+02     5.2720E-01     1.9718E+00     C20        11

 BOND    =        3.1617  ANGLE   =       11.8580  DIHED      =       34.0358
 VDWAALS =       -4.4386  EEL     =     -298.7442  HBOND      =        0.0000
 1-4 VDW =       14.9445  1-4 EEL =      342.6403  RESTRAINT  =        0.0000


   NSTEP       ENERGY          RMS            GMAX         NAME    NUMBER
     77       1.0345E+02     4.9579E-01     1.7115E+00     C20        11

 BOND    =        3.1526  ANGLE   =       11.8618  DIHED      =       34.0362
 VDWAALS =       -4.4439  EEL     =     -298.7345  HBOND      =        0.0000
 1-4 VDW =       14.9436  1-4 EEL =      342.6342  RESTRAINT  =        0.0000


   NSTEP       ENERGY          RMS            GMAX         NAME    NUMBER
     78       1.0344E+02     4.7372E-01     1.5185E+00     H19        37

 BOND    =        3.1448  ANGLE   =       11.8657  DIHED      =       34.0365
 VDWAALS =       -4.4510  EEL     =     -298.7220  HBOND      =        0.0000
 1-4 VDW =       14.9425  1-4 EEL =      342.6251  RESTRAINT  =        0.0000


   NSTEP       ENERGY          RMS            GMAX         NAME    NUMBER
     79       1.0343E+02     4.5651E-01     1.4656E+00     H19        37

 BOND    =        3.1389  ANGLE   =       11.8694  DIHED      =       34.0365
 VDWAALS =       -4.4601  EEL     =     -298.7061  HBOND      =        0.0000
 1-4 VDW =       14.9411  1-4 EEL =      342.6122  RESTRAINT  =        0.0000


   NSTEP       ENERGY          RMS            GMAX         NAME    NUMBER
     80       1.0396E+02     2.9096E+00     1.2974E+01     C21        12

 BOND    =        3.1712  ANGLE   =       13.0265  DIHED      =       34.1304
 VDWAALS =       -5.3214  EEL     =     -296.9543  HBOND      =        0.0000
 1-4 VDW =       14.7978  1-4 EEL =      341.1056  RESTRAINT  =        0.0000


   NSTEP       ENERGY          RMS            GMAX         NAME    NUMBER
     81       1.0327E+02     8.9415E-01     3.8246E+00     C21        12

 BOND    =        3.0620  ANGLE   =       12.0542  DIHED      =       34.0424
 VDWAALS =       -4.7664  EEL     =     -298.1331  HBOND      =        0.0000
 1-4 VDW =       14.8868  1-4 EEL =      342.1228  RESTRAINT  =        0.0000


   NSTEP       ENERGY          RMS            GMAX         NAME    NUMBER
     82       1.0318E+02     1.3721E+00     6.2495E+00     O23        13

 BOND    =        3.4333  ANGLE   =       11.9646  DIHED      =       34.0277
 VDWAALS =       -5.0622  EEL     =     -297.3426  HBOND      =        0.0000
 1-4 VDW =       14.7474  1-4 EEL =      341.4069  RESTRAINT  =        0.0000


   NSTEP       ENERGY          RMS            GMAX         NAME    NUMBER
     83       1.0315E+02     9.2308E-01     4.1524E+00     O23        13

 BOND    =        3.2943  ANGLE   =       11.9759  DIHED      =       34.0312
 VDWAALS =       -4.9765  EEL     =     -297.5795  HBOND      =        0.0000
 1-4 VDW =       14.7877  1-4 EEL =      341.6212  RESTRAINT  =        0.0000


   NSTEP       ENERGY          RMS            GMAX         NAME    NUMBER
     84       1.0310E+02     1.2765E+00     5.7147E+00     C20        11

 BOND    =        3.3223  ANGLE   =       11.9653  DIHED      =       34.0437
 VDWAALS =       -5.0857  EEL     =     -296.9966  HBOND      =        0.0000
 1-4 VDW =       14.6312  1-4 EEL =      341.2202  RESTRAINT  =        0.0000


   NSTEP       ENERGY          RMS            GMAX         NAME    NUMBER
     85       1.0308E+02     7.6924E-01     3.8054E+00     O22        16

 BOND    =        3.2869  ANGLE   =       11.9568  DIHED      =       34.0388
 VDWAALS =       -5.0485  EEL     =     -297.1990  HBOND      =        0.0000
 1-4 VDW =       14.6847  1-4 EEL =      341.3594  RESTRAINT  =        0.0000


   NSTEP       ENERGY          RMS            GMAX         NAME    NUMBER
     86       1.0302E+02     6.4238E-01     3.4832E+00     C21        12

 BOND    =        3.3610  ANGLE   =       11.9252  DIHED      =       34.0160
 VDWAALS =       -5.0702  EEL     =     -296.9757  HBOND      =        0.0000
 1-4 VDW =       14.6412  1-4 EEL =      341.1269  RESTRAINT  =        0.0000


   NSTEP       ENERGY          RMS            GMAX         NAME    NUMBER
     87       1.0302E+02     6.6563E-01     3.6813E+00     C21        12

 BOND    =        3.3651  ANGLE   =       11.9246  DIHED      =       34.0152
 VDWAALS =       -5.0710  EEL     =     -296.9673  HBOND      =        0.0000
 1-4 VDW =       14.6396  1-4 EEL =      341.1182  RESTRAINT  =        0.0000


   NSTEP       ENERGY          RMS            GMAX         NAME    NUMBER
     88       1.0301E+02     9.3809E-01     5.4136E+00     C21        12

 BOND    =        3.3872  ANGLE   =       11.8939  DIHED      =       33.9704
 VDWAALS =       -5.0815  EEL     =     -296.7778  HBOND      =        0.0000
 1-4 VDW =       14.6383  1-4 EEL =      340.9750  RESTRAINT  =        0.0000


   NSTEP       ENERGY          RMS            GMAX         NAME    NUMBER
     89       1.0300E+02     5.5853E-01     3.1839E+00     C21        12

 BOND    =        3.3684  ANGLE   =       11.9016  DIHED      =       33.9862
 VDWAALS =       -5.0778  EEL     =     -296.8451  HBOND      =        0.0000
 1-4 VDW =       14.6386  1-4 EEL =      341.0258  RESTRAINT  =        0.0000


   NSTEP       ENERGY          RMS            GMAX         NAME    NUMBER
     90       1.0297E+02     4.5418E-01     1.8549E+00     O23        13

 BOND    =        3.3266  ANGLE   =       11.8649  DIHED      =       33.9448
 VDWAALS =       -5.0769  EEL     =     -296.7770  HBOND      =        0.0000
 1-4 VDW =       14.6457  1-4 EEL =      341.0389  RESTRAINT  =        0.0000


   NSTEP       ENERGY          RMS            GMAX         NAME    NUMBER
     91       1.0295E+02     7.6803E-01     2.5417E+00     C6         17

 BOND    =        3.2791  ANGLE   =       11.8188  DIHED      =       33.8821
 VDWAALS =       -5.0753  EEL     =     -296.6717  HBOND      =        0.0000
 1-4 VDW =       14.6573  1-4 EEL =      341.0591  RESTRAINT  =        0.0000


   NSTEP       ENERGY          RMS            GMAX         NAME    NUMBER
     92       1.0290E+02     5.5912E-01     1.8633E+00     C17         9

 BOND    =        3.2251  ANGLE   =       11.7291  DIHED      =       33.7532
 VDWAALS =       -5.0195  EEL     =     -296.5555  HBOND      =        0.0000
 1-4 VDW =       14.6485  1-4 EEL =      341.1189  RESTRAINT  =        0.0000


   NSTEP       ENERGY          RMS            GMAX         NAME    NUMBER
     93       1.0290E+02     5.7180E-01     1.9298E+00     C17         9

 BOND    =        3.2244  ANGLE   =       11.7275  DIHED      =       33.7502
 VDWAALS =       -5.0182  EEL     =     -296.5528  HBOND      =        0.0000
 1-4 VDW =       14.6483  1-4 EEL =      341.1203  RESTRAINT  =        0.0000


   NSTEP       ENERGY          RMS            GMAX         NAME    NUMBER
     94       1.0287E+02     5.3394E-01     2.1151E+00     N19        10

 BOND    =        3.1091  ANGLE   =       11.6358  DIHED      =       33.6823
 VDWAALS =       -4.9682  EEL     =     -296.4217  HBOND      =        0.0000
 1-4 VDW =       14.6660  1-4 EEL =      341.1702  RESTRAINT  =        0.0000


   NSTEP       ENERGY          RMS            GMAX         NAME    NUMBER
     95       1.0287E+02     5.0571E-01     1.9134E+00     N19        10

 BOND    =        3.1140  ANGLE   =       11.6401  DIHED      =       33.6857
 VDWAALS =       -4.9708  EEL     =     -296.4284  HBOND      =        0.0000
 1-4 VDW =       14.6651  1-4 EEL =      341.1677  RESTRAINT  =        0.0000


   NSTEP       ENERGY          RMS            GMAX         NAME    NUMBER
     96       1.0285E+02     4.4272E-01     2.2050E+00     C17         9

 BOND    =        3.0260  ANGLE   =       11.6730  DIHED      =       33.6384
 VDWAALS =       -4.9635  EEL     =     -296.4000  HBOND      =        0.0000
 1-4 VDW =       14.6815  1-4 EEL =      341.1979  RESTRAINT  =        0.0000


   NSTEP       ENERGY          RMS            GMAX         NAME    NUMBER
     97       1.0285E+02     4.2917E-01     2.1021E+00     C17         9

 BOND    =        3.0282  ANGLE   =       11.6718  DIHED      =       33.6398
 VDWAALS =       -4.9637  EEL     =     -296.4009  HBOND      =        0.0000
 1-4 VDW =       14.6810  1-4 EEL =      341.1970  RESTRAINT  =        0.0000


   NSTEP       ENERGY          RMS            GMAX         NAME    NUMBER
     98       1.0284E+02     4.3122E-01     2.2291E+00     C17         9

 BOND    =        3.0447  ANGLE   =       11.6397  DIHED      =       33.6100
 VDWAALS =       -4.9788  EEL     =     -296.4215  HBOND      =        0.0000
 1-4 VDW =       14.7087  1-4 EEL =      341.2370  RESTRAINT  =        0.0000


   NSTEP       ENERGY          RMS            GMAX         NAME    NUMBER
     99       1.0284E+02     3.9753E-01     1.9036E+00     C17         9

 BOND    =        3.0428  ANGLE   =       11.6417  DIHED      =       33.6122
 VDWAALS =       -4.9777  EEL     =     -296.4200  HBOND      =        0.0000
 1-4 VDW =       14.7066  1-4 EEL =      341.2340  RESTRAINT  =        0.0000


   NSTEP       ENERGY          RMS            GMAX         NAME    NUMBER
    100       1.0283E+02     3.2259E-01     9.8063E-01     C17         9

 BOND    =        3.0323  ANGLE   =       11.6400  DIHED      =       33.5845
 VDWAALS =       -4.9869  EEL     =     -296.4240  HBOND      =        0.0000
 1-4 VDW =       14.7222  1-4 EEL =      341.2580  RESTRAINT  =        0.0000


  Maximum number of minimization cycles reached.


                    FINAL RESULTS



   NSTEP       ENERGY          RMS            GMAX         NAME    NUMBER
    100       1.0283E+02     3.2259E-01     9.8063E-01     C17         9

 BOND    =        3.0323  ANGLE   =       11.6400  DIHED      =       33.5845
 VDWAALS =       -4.9869  EEL     =     -296.4240  HBOND      =        0.0000
 1-4 VDW =       14.7222  1-4 EEL =      341.2580  RESTRAINT  =        0.0000

--------------------------------------------------------------------------------
   5.  TIMINGS
--------------------------------------------------------------------------------

|    Read coords time           0.00 ( 1.04% of Total)
|    Fast Water setup           0.00 ( 0.01% of Total)
|                Build the list             0.00 (91.96% of List )
|                Other                      0.00 ( 8.04% of List )
|             List time                  0.00 ( 7.31% of Nonbo)
|                   Short_ene time             0.03 (98.47% of Direc)
|                   Other                      0.00 ( 1.53% of Direc)
|                Direct Ewald time          0.03 (91.98% of Ewald)
|                Force Adjust               0.00 ( 0.15% of Ewald)
|                Virial junk                0.00 ( 0.30% of Ewald)
|                Start synchronizatio       0.00 ( 0.25% of Ewald)
|                Other                      0.00 ( 7.32% of Ewald)
|             Ewald time                 0.03 (92.09% of Nonbo)
|             IPS excludes               0.00 ( 0.08% of Nonbo)
|             Other                      0.00 ( 0.52% of Nonbo)
|          Nonbond force              0.03 (62.01% of Force)
|          Bond/Angle/Dihedral        0.02 (36.72% of Force)
|          Other                      0.00 ( 1.27% of Force)
|       Force time                 0.05 (100.0% of Runmd)
|    Runmd Time                 0.05 (15.73% of Total)
|    Other                      0.28 (83.21% of Total)
| Total time                 0.34 (100.0% of ALL  )

| Number of list builds   :          1

| Highest rstack allocated:        225
| Highest istack allocated:         45
|           Job began  at 19:05:18.154  on 12/05/2014
|           Setup done at 19:05:18.184  on 12/05/2014
|           Run   done at 19:05:18.495  on 12/05/2014
|     wallclock() was called    2335 times
