
          -------------------------------------------------------
          Amber 14 SANDER                              2014
          -------------------------------------------------------

| Run on 12/05/2014 at 19:08:26

|   Executable path: sander
| Working directory: /net/casegroup2/u2/pjanowsk/Phenix/AmberLibrary/3
|          Hostname: krakow

  [-O]verwriting output

File Assignments:
|  MDIN: sander.in                                                             
| MDOUT: 3F5.min.out                                                           
|INPCRD: 3F5.rst7                                                              
|  PARM: 3F5.prmtop                                                            
|RESTRT: 3F5.min.rst7                                                          
|  REFC: refc                                                                  
| MDVEL: mdvel                                                                 
| MDFRC: mdfrc                                                                 
|  MDEN: mden                                                                  
| MDCRD: mdcrd                                                                 
|MDINFO: mdinfo                                                                
|  MTMD: mtmd                                                                  
|INPDIP: inpdip                                                                
|RSTDIP: rstdip                                                                
|INPTRA: inptraj                                                               


 Here is the input file:

  short minimization                                                           
 &cntrl                                                                        
   imin=1, maxcyc=100, ncyc=50, ntpr=1, cut=99., ntb=0,                        
 /                                                                             

--------------------------------------------------------------------------------
   1.  RESOURCE   USE: 
--------------------------------------------------------------------------------

| Flags:                                                                        
|    NONPERIODIC   ntb=0 and igb=0: Setting up nonperiodic simulation
|  *** cutoff > system size, list only builds once
|Largest sphere to fit in unit cell has radius =    33.585
| New format PARM file being parsed.
| Version =    1.000 Date = 12/05/14 Time = 19:08:25
 NATOM  =      47 NTYPES =      12 NBONH =      22 MBONA  =      27
 NTHETH =      49 MTHETA =      39 NPHIH =      88 MPHIA  =      73
 NHPARM =       0 NPARM  =       0 NNB   =     253 NRES   =       1
 NBONA  =      27 NTHETA =      39 NPHIA =      73 NUMBND =      22
 NUMANG =      44 NPTRA  =      29 NATYP =      17 NPHB   =       0
 IFBOX  =       0 NMXRS  =      47 IFCAP =       0 NEXTRA =       0
 NCOPY  =       0


|     Memory Use     Allocated
|     Real                8109
|     Hollerith            144
|     Integer            29290
|     Max Pairs           1081
|     nblistReal           564
|     nblist Int       1109598
|       Total             4521 kbytes

| Note: 1-4 EEL scale factors are being read from the topology file.

| Note: 1-4 VDW scale factors are being read from the topology file.
| Duplicated    0 dihedrals
| Duplicated    0 dihedrals

--------------------------------------------------------------------------------
   2.  CONTROL  DATA  FOR  THE  RUN
--------------------------------------------------------------------------------

3F5                                                                             

General flags:
     imin    =       1, nmropt  =       0

Nature and format of input:
     ntx     =       1, irest   =       0, ntrx    =       1

Nature and format of output:
     ntxo    =       1, ntpr    =       1, ntrx    =       1, ntwr    =     500
     iwrap   =       0, ntwx    =       0, ntwv    =       0, ntwe    =       0
     ioutfm  =       0, ntwprt  =       0, idecomp =       0, rbornstat=      0

Potential function:
     ntf     =       1, ntb     =       0, igb     =       0, nsnb    =      25
     ipol    =       0, gbsa    =       0, iesp    =       0
     dielc   =   1.00000, cut     =  99.00000, intdiel =   1.00000

Frozen or restrained atoms:
     ibelly  =       0, ntr     =       0

Energy minimization:
     maxcyc  =     100, ncyc    =      50, ntmin   =       1
     dx0     =   0.01000, drms    =   0.00010
|  INFO: Old style inpcrd file read


--------------------------------------------------------------------------------
   3.  ATOMIC COORDINATES AND VELOCITIES
--------------------------------------------------------------------------------

3F5                                                                             
 begin time read from input coords =     0.000 ps

 Number of triangulated 3-point waters found:        0

     Sum of charges from parm topology file =   2.99899701

--------------------------------------------------------------------------------
   4.  RESULTS
--------------------------------------------------------------------------------

 ---------------------------------------------------

     eedmeth=4: Setting switch to one everywhere

 ---------------------------------------------------
| Local SIZE OF NONBOND LIST =        836
| TOTAL SIZE OF NONBOND LIST =        836


   NSTEP       ENERGY          RMS            GMAX         NAME    NUMBER
      1       2.8407E+01     1.8266E+01     9.4824E+01     C8          8

 BOND    =       16.3531  ANGLE   =       22.7460  DIHED      =       47.0074
 VDWAALS =       -3.5980  EEL     =      165.2567  HBOND      =        0.0000
 1-4 VDW =        7.6299  1-4 EEL =     -226.9880  RESTRAINT  =        0.0000


   NSTEP       ENERGY          RMS            GMAX         NAME    NUMBER
      2       2.7348E+01     1.7429E+01     8.9069E+01     C8          8

 BOND    =       15.5829  ANGLE   =       22.4737  DIHED      =       47.0007
 VDWAALS =       -3.6059  EEL     =      165.2753  HBOND      =        0.0000
 1-4 VDW =        7.6351  1-4 EEL =     -227.0143  RESTRAINT  =        0.0000


   NSTEP       ENERGY          RMS            GMAX         NAME    NUMBER
      3       2.6141E+01     1.6451E+01     8.2326E+01     C8          8

 BOND    =       14.7065  ANGLE   =       22.1660  DIHED      =       46.9922
 VDWAALS =       -3.6156  EEL     =      165.2974  HBOND      =        0.0000
 1-4 VDW =        7.6417  1-4 EEL =     -227.0472  RESTRAINT  =        0.0000


   NSTEP       ENERGY          RMS            GMAX         NAME    NUMBER
      4       2.4783E+01     1.5321E+01     7.4488E+01     C8          8

 BOND    =       13.7213  ANGLE   =       21.8236  DIHED      =       46.9813
 VDWAALS =       -3.6276  EEL     =      165.3234  HBOND      =        0.0000
 1-4 VDW =        7.6504  1-4 EEL =     -227.0891  RESTRAINT  =        0.0000


   NSTEP       ENERGY          RMS            GMAX         NAME    NUMBER
      5       2.3279E+01     1.4030E+01     6.5484E+01     C8          8

 BOND    =       12.6304  ANGLE   =       21.4509  DIHED      =       46.9672
 VDWAALS =       -3.6426  EEL     =      165.3541  HBOND      =        0.0000
 1-4 VDW =        7.6620  1-4 EEL =     -227.1431  RESTRAINT  =        0.0000


   NSTEP       ENERGY          RMS            GMAX         NAME    NUMBER
      6       2.1642E+01     1.2585E+01     5.5324E+01     C8          8

 BOND    =       11.4447  ANGLE   =       21.0569  DIHED      =       46.9485
 VDWAALS =       -3.6616  EEL     =      165.3901  HBOND      =        0.0000
 1-4 VDW =        7.6778  1-4 EEL =     -227.2140  RESTRAINT  =        0.0000


   NSTEP       ENERGY          RMS            GMAX         NAME    NUMBER
      7       1.9903E+01     1.1014E+01     4.4186E+01     C8          8

 BOND    =       10.1843  ANGLE   =       20.6579  DIHED      =       46.9233
 VDWAALS =       -3.6856  EEL     =      165.4320  HBOND      =        0.0000
 1-4 VDW =        7.7002  1-4 EEL =     -227.3092  RESTRAINT  =        0.0000


   NSTEP       ENERGY          RMS            GMAX         NAME    NUMBER
      8       1.8102E+01     9.3822E+00     3.3789E+01     N3          3

 BOND    =        8.8772  ANGLE   =       20.2792  DIHED      =       46.8888
 VDWAALS =       -3.7164  EEL     =      165.4809  HBOND      =        0.0000
 1-4 VDW =        7.7331  1-4 EEL =     -227.4409  RESTRAINT  =        0.0000


   NSTEP       ENERGY          RMS            GMAX         NAME    NUMBER
      9       1.6287E+01     7.7941E+00     3.1620E+01     N3          3

 BOND    =        7.5542  ANGLE   =       19.9546  DIHED      =       46.8406
 VDWAALS =       -3.7557  EEL     =      165.5384  HBOND      =        0.0000
 1-4 VDW =        7.7835  1-4 EEL =     -227.6290  RESTRAINT  =        0.0000


   NSTEP       ENERGY          RMS            GMAX         NAME    NUMBER
     10       1.4496E+01     6.3625E+00     2.7437E+01     N3          3

 BOND    =        6.2447  ANGLE   =       19.7188  DIHED      =       46.7727
 VDWAALS =       -3.8053  EEL     =      165.6085  HBOND      =        0.0000
 1-4 VDW =        7.8633  1-4 EEL =     -227.9066  RESTRAINT  =        0.0000


   NSTEP       ENERGY          RMS            GMAX         NAME    NUMBER
     11       1.2753E+01     5.1425E+00     2.0968E+01     N3          3

 BOND    =        4.9906  ANGLE   =       19.5821  DIHED      =       46.6778
 VDWAALS =       -3.8645  EEL     =      165.7022  HBOND      =        0.0000
 1-4 VDW =        7.9899  1-4 EEL =     -228.3253  RESTRAINT  =        0.0000


   NSTEP       ENERGY          RMS            GMAX         NAME    NUMBER
     12       1.1068E+01     4.1421E+00     1.3212E+01     N3          3

 BOND    =        3.8896  ANGLE   =       19.4911  DIHED      =       46.5486
 VDWAALS =       -3.9276  EEL     =      165.8449  HBOND      =        0.0000
 1-4 VDW =        8.1786  1-4 EEL =     -228.9574  RESTRAINT  =        0.0000


   NSTEP       ENERGY          RMS            GMAX         NAME    NUMBER
     13       9.4336E+00     3.3724E+00     1.1710E+01     H103       45

 BOND    =        3.0694  ANGLE   =       19.3527  DIHED      =       46.3810
 VDWAALS =       -3.9812  EEL     =      166.0739  HBOND      =        0.0000
 1-4 VDW =        8.4167  1-4 EEL =     -229.8789  RESTRAINT  =        0.0000


   NSTEP       ENERGY          RMS            GMAX         NAME    NUMBER
     14       7.8230E+00     2.7775E+00     1.1065E+01     H103       45

 BOND    =        2.5039  ANGLE   =       19.1999  DIHED      =       46.1808
 VDWAALS =       -4.0085  EEL     =      166.4135  HBOND      =        0.0000
 1-4 VDW =        8.6395  1-4 EEL =     -231.1062  RESTRAINT  =        0.0000


   NSTEP       ENERGY          RMS            GMAX         NAME    NUMBER
     15       6.2429E+00     2.2617E+00     9.6275E+00     H103       45

 BOND    =        2.2169  ANGLE   =       18.9922  DIHED      =       45.9656
 VDWAALS =       -4.0170  EEL     =      166.8704  HBOND      =        0.0000
 1-4 VDW =        8.8140  1-4 EEL =     -232.5992  RESTRAINT  =        0.0000


   NSTEP       ENERGY          RMS            GMAX         NAME    NUMBER
     16       4.8429E+00     2.6813E+00     1.4367E+01     C9          9

 BOND    =        1.9428  ANGLE   =       19.3233  DIHED      =       45.7507
 VDWAALS =       -4.0266  EEL     =      167.3069  HBOND      =        0.0000
 1-4 VDW =        8.9451  1-4 EEL =     -234.3994  RESTRAINT  =        0.0000


   NSTEP       ENERGY          RMS            GMAX         NAME    NUMBER
     17       8.2014E+00     1.4414E+01     9.3409E+01     C9          9

 BOND    =        6.3340  ANGLE   =       18.3294  DIHED      =       45.6808
 VDWAALS =       -4.0475  EEL     =      168.2998  HBOND      =        0.0000
 1-4 VDW =        9.2614  1-4 EEL =     -235.6565  RESTRAINT  =        0.0000


   NSTEP       ENERGY          RMS            GMAX         NAME    NUMBER
     18       4.0595E+00     3.8807E+00     2.2436E+01     C8          8

 BOND    =        2.5186  ANGLE   =       18.7115  DIHED      =       45.6471
 VDWAALS =       -4.0510  EEL     =      167.8899  HBOND      =        0.0000
 1-4 VDW =        9.1023  1-4 EEL =     -235.7589  RESTRAINT  =        0.0000


   NSTEP       ENERGY          RMS            GMAX         NAME    NUMBER
     19       4.9832E+00     8.3740E+00     5.4431E+01     C9          9

 BOND    =        2.4292  ANGLE   =       20.7234  DIHED      =       45.5853
 VDWAALS =       -4.0472  EEL     =      167.5967  HBOND      =        0.0000
 1-4 VDW =        9.0030  1-4 EEL =     -236.3072  RESTRAINT  =        0.0000


   NSTEP       ENERGY          RMS            GMAX         NAME    NUMBER
     20       3.5466E+00     2.3239E+00     1.2704E+01     C9          9

 BOND    =        1.9547  ANGLE   =       19.4854  DIHED      =       45.5947
 VDWAALS =       -4.0499  EEL     =      167.8590  HBOND      =        0.0000
 1-4 VDW =        9.0723  1-4 EEL =     -236.3697  RESTRAINT  =        0.0000


   NSTEP       ENERGY          RMS            GMAX         NAME    NUMBER
     21       3.6674E+00     4.5752E+00     2.8075E+01     C8          8

 BOND    =        2.7354  ANGLE   =       18.7488  DIHED      =       45.5884
 VDWAALS =       -4.0631  EEL     =      168.1411  HBOND      =        0.0000
 1-4 VDW =        9.1664  1-4 EEL =     -236.6494  RESTRAINT  =        0.0000


   NSTEP       ENERGY          RMS            GMAX         NAME    NUMBER
     22       3.2101E+00     1.3721E+00     4.4218E+00     H103       45

 BOND    =        2.1271  ANGLE   =       19.1718  DIHED      =       45.5737
 VDWAALS =       -4.0634  EEL     =      168.0357  HBOND      =        0.0000
 1-4 VDW =        9.1256  1-4 EEL =     -236.7603  RESTRAINT  =        0.0000


   NSTEP       ENERGY          RMS            GMAX         NAME    NUMBER
     23       3.0722E+00     1.9666E+00     1.0275E+01     C9          9

 BOND    =        1.9864  ANGLE   =       19.5721  DIHED      =       45.5441
 VDWAALS =       -4.0632  EEL     =      168.0678  HBOND      =        0.0000
 1-4 VDW =        9.1220  1-4 EEL =     -237.1570  RESTRAINT  =        0.0000


   NSTEP       ENERGY          RMS            GMAX         NAME    NUMBER
     24       3.0578E+00     3.0790E+00     1.8393E+01     C8          8

 BOND    =        2.4949  ANGLE   =       19.0065  DIHED      =       45.5411
 VDWAALS =       -4.0730  EEL     =      168.2390  HBOND      =        0.0000
 1-4 VDW =        9.1837  1-4 EEL =     -237.3343  RESTRAINT  =        0.0000


   NSTEP       ENERGY          RMS            GMAX         NAME    NUMBER
     25       3.0207E+00     3.4949E+00     2.1870E+01     C9          9

 BOND    =        1.9768  ANGLE   =       19.9475  DIHED      =       45.5165
 VDWAALS =       -4.0741  EEL     =      168.0948  HBOND      =        0.0000
 1-4 VDW =        9.1302  1-4 EEL =     -237.5711  RESTRAINT  =        0.0000


   NSTEP       ENERGY          RMS            GMAX         NAME    NUMBER
     26       3.0897E+00     4.4580E+00     2.9119E+01     C8          8

 BOND    =        2.8030  ANGLE   =       18.9534  DIHED      =       45.5191
 VDWAALS =       -4.0744  EEL     =      168.3905  HBOND      =        0.0000
 1-4 VDW =        9.2243  1-4 EEL =     -237.7262  RESTRAINT  =        0.0000


   NSTEP       ENERGY          RMS            GMAX         NAME    NUMBER
     27       2.6579E+00     1.0281E+00     3.0694E+00     H202       46

 BOND    =        2.1778  ANGLE   =       19.3963  DIHED      =       45.5093
 VDWAALS =       -4.0787  EEL     =      168.2579  HBOND      =        0.0000
 1-4 VDW =        9.1810  1-4 EEL =     -237.7858  RESTRAINT  =        0.0000


   NSTEP       ENERGY          RMS            GMAX         NAME    NUMBER
     28       2.5389E+00     1.7783E+00     9.6209E+00     C9          9

 BOND    =        2.0377  ANGLE   =       19.7737  DIHED      =       45.4865
 VDWAALS =       -4.0837  EEL     =      168.2840  HBOND      =        0.0000
 1-4 VDW =        9.1865  1-4 EEL =     -238.1457  RESTRAINT  =        0.0000


   NSTEP       ENERGY          RMS            GMAX         NAME    NUMBER
     29       2.6404E+00     3.5443E+00     2.2230E+01     C8          8

 BOND    =        2.7173  ANGLE   =       19.1492  DIHED      =       45.4817
 VDWAALS =       -4.0879  EEL     =      168.4300  HBOND      =        0.0000
 1-4 VDW =        9.2408  1-4 EEL =     -238.2907  RESTRAINT  =        0.0000


   NSTEP       ENERGY          RMS            GMAX         NAME    NUMBER
     30       2.3721E+00     1.0482E+00     4.0904E+00     C8          8

 BOND    =        2.2631  ANGLE   =       19.4918  DIHED      =       45.4765
 VDWAALS =       -4.0901  EEL     =      168.3671  HBOND      =        0.0000
 1-4 VDW =        9.2178  1-4 EEL =     -238.3542  RESTRAINT  =        0.0000


   NSTEP       ENERGY          RMS            GMAX         NAME    NUMBER
     31       2.3188E+00     1.6740E+00     9.1276E+00     C8          8

 BOND    =        2.0802  ANGLE   =       19.8631  DIHED      =       45.4632
 VDWAALS =       -4.0925  EEL     =      168.3574  HBOND      =        0.0000
 1-4 VDW =        9.2157  1-4 EEL =     -238.5682  RESTRAINT  =        0.0000


   NSTEP       ENERGY          RMS            GMAX         NAME    NUMBER
     32       2.3086E+00     2.2897E+00     1.3933E+01     C8          8

 BOND    =        2.5193  ANGLE   =       19.3752  DIHED      =       45.4603
 VDWAALS =       -4.0955  EEL     =      168.4477  HBOND      =        0.0000
 1-4 VDW =        9.2509  1-4 EEL =     -238.6492  RESTRAINT  =        0.0000


   NSTEP       ENERGY          RMS            GMAX         NAME    NUMBER
     33       2.2929E+00     2.6321E+00     1.6375E+01     C8          8

 BOND    =        2.0756  ANGLE   =       20.0759  DIHED      =       45.4517
 VDWAALS =       -4.0999  EEL     =      168.3499  HBOND      =        0.0000
 1-4 VDW =        9.2206  1-4 EEL =     -238.7808  RESTRAINT  =        0.0000


   NSTEP       ENERGY          RMS            GMAX         NAME    NUMBER
     34       2.3255E+00     3.2984E+00     2.1206E+01     C8          8

 BOND    =        2.7128  ANGLE   =       19.3307  DIHED      =       45.4493
 VDWAALS =       -4.0974  EEL     =      168.5111  HBOND      =        0.0000
 1-4 VDW =        9.2791  1-4 EEL =     -238.8601  RESTRAINT  =        0.0000


   NSTEP       ENERGY          RMS            GMAX         NAME    NUMBER
     35       2.0875E+00     7.6792E-01     2.3884E+00     HN20       37

 BOND    =        2.2851  ANGLE   =       19.6741  DIHED      =       45.4461
 VDWAALS =       -4.1017  EEL     =      168.4296  HBOND      =        0.0000
 1-4 VDW =        9.2520  1-4 EEL =     -238.8978  RESTRAINT  =        0.0000


   NSTEP       ENERGY          RMS            GMAX         NAME    NUMBER
     36       2.0142E+00     1.2769E+00     6.7396E+00     C8          8

 BOND    =        2.1689  ANGLE   =       19.9303  DIHED      =       45.4361
 VDWAALS =       -4.1063  EEL     =      168.4237  HBOND      =        0.0000
 1-4 VDW =        9.2586  1-4 EEL =     -239.0972  RESTRAINT  =        0.0000


   NSTEP       ENERGY          RMS            GMAX         NAME    NUMBER
     37       2.0642E+00     2.6263E+00     1.6127E+01     C8          8

 BOND    =        2.6734  ANGLE   =       19.4664  DIHED      =       45.4307
 VDWAALS =       -4.1087  EEL     =      168.4883  HBOND      =        0.0000
 1-4 VDW =        9.2904  1-4 EEL =     -239.1764  RESTRAINT  =        0.0000


   NSTEP       ENERGY          RMS            GMAX         NAME    NUMBER
     38       1.9155E+00     8.0029E-01     2.8961E+00     C8          8

 BOND    =        2.3556  ANGLE   =       19.7293  DIHED      =       45.4295
 VDWAALS =       -4.1107  EEL     =      168.4500  HBOND      =        0.0000
 1-4 VDW =        9.2775  1-4 EEL =     -239.2158  RESTRAINT  =        0.0000


   NSTEP       ENERGY          RMS            GMAX         NAME    NUMBER
     39       1.8777E+00     1.2098E+00     6.3958E+00     C8          8

 BOND    =        2.2056  ANGLE   =       19.9831  DIHED      =       45.4243
 VDWAALS =       -4.1131  EEL     =      168.4306  HBOND      =        0.0000
 1-4 VDW =        9.2792  1-4 EEL =     -239.3321  RESTRAINT  =        0.0000


   NSTEP       ENERGY          RMS            GMAX         NAME    NUMBER
     40       1.8667E+00     1.7028E+00     1.0001E+01     C8          8

 BOND    =        2.5406  ANGLE   =       19.6275  DIHED      =       45.4209
 VDWAALS =       -4.1153  EEL     =      168.4670  HBOND      =        0.0000
 1-4 VDW =        9.2996  1-4 EEL =     -239.3736  RESTRAINT  =        0.0000


   NSTEP       ENERGY          RMS            GMAX         NAME    NUMBER
     41       1.8521E+00     1.9536E+00     1.1848E+01     C8          8

 BOND    =        2.1852  ANGLE   =       20.1328  DIHED      =       45.4189
 VDWAALS =       -4.1188  EEL     =      168.4046  HBOND      =        0.0000
 1-4 VDW =        9.2834  1-4 EEL =     -239.4541  RESTRAINT  =        0.0000


   NSTEP       ENERGY          RMS            GMAX         NAME    NUMBER
     42       1.8638E+00     2.4487E+00     1.5237E+01     C8          8

 BOND    =        2.6708  ANGLE   =       19.5800  DIHED      =       45.4152
 VDWAALS =       -4.1173  EEL     =      168.4814  HBOND      =        0.0000
 1-4 VDW =        9.3193  1-4 EEL =     -239.4857  RESTRAINT  =        0.0000


   NSTEP       ENERGY          RMS            GMAX         NAME    NUMBER
     43       1.7309E+00     6.2450E-01     2.0756E+00     HN20       37

 BOND    =        2.3720  ANGLE   =       19.8406  DIHED      =       45.4149
 VDWAALS =       -4.1206  EEL     =      168.4328  HBOND      =        0.0000
 1-4 VDW =        9.3032  1-4 EEL =     -239.5119  RESTRAINT  =        0.0000


   NSTEP       ENERGY          RMS            GMAX         NAME    NUMBER
     44       1.6791E+00     9.0348E-01     4.3097E+00     C8          8

 BOND    =        2.2833  ANGLE   =       20.0013  DIHED      =       45.4111
 VDWAALS =       -4.1239  EEL     =      168.4111  HBOND      =        0.0000
 1-4 VDW =        9.3094  1-4 EEL =     -239.6132  RESTRAINT  =        0.0000


   NSTEP       ENERGY          RMS            GMAX         NAME    NUMBER
     45       1.6875E+00     1.8499E+00     1.0884E+01     C8          8

 BOND    =        2.6317  ANGLE   =       19.6746  DIHED      =       45.4069
 VDWAALS =       -4.1270  EEL     =      168.4261  HBOND      =        0.0000
 1-4 VDW =        9.3276  1-4 EEL =     -239.6525  RESTRAINT  =        0.0000


   NSTEP       ENERGY          RMS            GMAX         NAME    NUMBER
     46       1.6104E+00     6.0587E-01     1.9703E+00     HN20       37

 BOND    =        2.4118  ANGLE   =       19.8754  DIHED      =       45.4072
 VDWAALS =       -4.1281  EEL     =      168.4023  HBOND      =        0.0000
 1-4 VDW =        9.3212  1-4 EEL =     -239.6793  RESTRAINT  =        0.0000


   NSTEP       ENERGY          RMS            GMAX         NAME    NUMBER
     47       1.5746E+00     7.5858E-01     3.1787E+00     C8          8

 BOND    =        2.3241  ANGLE   =       20.0076  DIHED      =       45.4052
 VDWAALS =       -4.1299  EEL     =      168.3828  HBOND      =        0.0000
 1-4 VDW =        9.3261  1-4 EEL =     -239.7413  RESTRAINT  =        0.0000


   NSTEP       ENERGY          RMS            GMAX         NAME    NUMBER
     48       1.5553E+00     1.1848E+00     6.3533E+00     C8          8

 BOND    =        2.5488  ANGLE   =       19.7847  DIHED      =       45.4026
 VDWAALS =       -4.1334  EEL     =      168.3803  HBOND      =        0.0000
 1-4 VDW =        9.3361  1-4 EEL =     -239.7638  RESTRAINT  =        0.0000


   NSTEP       ENERGY          RMS            GMAX         NAME    NUMBER
     49       1.5445E+00     1.4792E+00     8.5352E+00     C8          8

 BOND    =        2.2706  ANGLE   =       20.1506  DIHED      =       45.4028
 VDWAALS =       -4.1346  EEL     =      168.3432  HBOND      =        0.0000
 1-4 VDW =        9.3317  1-4 EEL =     -239.8198  RESTRAINT  =        0.0000


   NSTEP       ENERGY          RMS            GMAX         NAME    NUMBER
     50       1.5391E+00     1.7751E+00     1.0525E+01     C8          8

 BOND    =        2.6518  ANGLE   =       19.7263  DIHED      =       45.3995
 VDWAALS =       -4.1360  EEL     =      168.3668  HBOND      =        0.0000
 1-4 VDW =        9.3500  1-4 EEL =     -239.8195  RESTRAINT  =        0.0000


   NSTEP       ENERGY          RMS            GMAX         NAME    NUMBER
     51       1.5461E+00     2.1613E+00     1.3202E+01     C8          8

 BOND    =        2.2604  ANGLE   =       20.2594  DIHED      =       45.4015
 VDWAALS =       -4.1397  EEL     =      168.3012  HBOND      =        0.0000
 1-4 VDW =        9.3329  1-4 EEL =     -239.8695  RESTRAINT  =        0.0000


   NSTEP       ENERGY          RMS            GMAX         NAME    NUMBER
     52       2.9085E+00     8.4306E+00     5.2910E+01     C8          8

 BOND    =        4.4259  ANGLE   =       19.2420  DIHED      =       45.3907
 VDWAALS =       -4.1338  EEL     =      168.4319  HBOND      =        0.0000
 1-4 VDW =        9.4189  1-4 EEL =     -239.8670  RESTRAINT  =        0.0000


   NSTEP       ENERGY          RMS            GMAX         NAME    NUMBER
     53       1.4402E+00     5.2651E-01     1.8314E+00     HN20       37

 BOND    =        2.4286  ANGLE   =       19.9423  DIHED      =       45.3993
 VDWAALS =       -4.1386  EEL     =      168.3287  HBOND      =        0.0000
 1-4 VDW =        9.3483  1-4 EEL =     -239.8683  RESTRAINT  =        0.0000


   NSTEP       ENERGY          RMS            GMAX         NAME    NUMBER
     54       1.4274E+00     5.1946E-01     1.8214E+00     HN20       37

 BOND    =        2.4384  ANGLE   =       19.9393  DIHED      =       45.3989
 VDWAALS =       -4.1400  EEL     =      168.3192  HBOND      =        0.0000
 1-4 VDW =        9.3492  1-4 EEL =     -239.8777  RESTRAINT  =        0.0000


   NSTEP       ENERGY          RMS            GMAX         NAME    NUMBER
     55       1.3218E+00     7.9779E-01     3.3219E+00     C6          6

 BOND    =        2.5384  ANGLE   =       19.9158  DIHED      =       45.3952
 VDWAALS =       -4.1522  EEL     =      168.2313  HBOND      =        0.0000
 1-4 VDW =        9.3574  1-4 EEL =     -239.9640  RESTRAINT  =        0.0000


   NSTEP       ENERGY          RMS            GMAX         NAME    NUMBER
     56       1.1394E+00     3.0942E+00     1.5047E+01     C6          6

 BOND    =        3.0792  ANGLE   =       19.8928  DIHED      =       45.3862
 VDWAALS =       -4.1993  EEL     =      167.8819  HBOND      =        0.0000
 1-4 VDW =        9.3943  1-4 EEL =     -240.2956  RESTRAINT  =        0.0000


   NSTEP       ENERGY          RMS            GMAX         NAME    NUMBER
     57       6.4725E-01     1.9957E+00     9.6258E+00     C6          6

 BOND    =        3.0900  ANGLE   =       20.1505  DIHED      =       45.3857
 VDWAALS =       -4.2325  EEL     =      167.5418  HBOND      =        0.0000
 1-4 VDW =        9.5153  1-4 EEL =     -240.8036  RESTRAINT  =        0.0000


   NSTEP       ENERGY          RMS            GMAX         NAME    NUMBER
     58       3.2879E-01     8.6574E-01     3.5091E+00     H103       45

 BOND    =        3.3684  ANGLE   =       20.7936  DIHED      =       45.4144
 VDWAALS =       -4.2863  EEL     =      166.9370  HBOND      =        0.0000
 1-4 VDW =        9.7447  1-4 EEL =     -241.6431  RESTRAINT  =        0.0000


   NSTEP       ENERGY          RMS            GMAX         NAME    NUMBER
     59       2.6530E-01     1.0707E+00     3.5423E+00     H103       45

 BOND    =        3.2988  ANGLE   =       20.7357  DIHED      =       45.4252
 VDWAALS =       -4.2935  EEL     =      166.8066  HBOND      =        0.0000
 1-4 VDW =        9.7857  1-4 EEL =     -241.4931  RESTRAINT  =        0.0000


   NSTEP       ENERGY          RMS            GMAX         NAME    NUMBER
     60       2.6530E-01     1.0726E+00     3.5423E+00     H103       45

 BOND    =        3.2987  ANGLE   =       20.7356  DIHED      =       45.4253
 VDWAALS =       -4.2935  EEL     =      166.8064  HBOND      =        0.0000
 1-4 VDW =        9.7858  1-4 EEL =     -241.4929  RESTRAINT  =        0.0000


   NSTEP       ENERGY          RMS            GMAX         NAME    NUMBER
     61       1.6606E-01     9.6282E-01     4.1512E+00     O18        18

 BOND    =        3.1995  ANGLE   =       20.6363  DIHED      =       45.4493
 VDWAALS =       -4.3191  EEL     =      166.6217  HBOND      =        0.0000
 1-4 VDW =        9.8189  1-4 EEL =     -241.2404  RESTRAINT  =        0.0000


   NSTEP       ENERGY          RMS            GMAX         NAME    NUMBER
     62       1.2226E-01     1.7307E+00     6.1386E+00     O18        18

 BOND    =        3.1293  ANGLE   =       20.5374  DIHED      =       45.4801
 VDWAALS =       -4.3502  EEL     =      166.3945  HBOND      =        0.0000
 1-4 VDW =        9.8609  1-4 EEL =     -240.9297  RESTRAINT  =        0.0000


   NSTEP       ENERGY          RMS            GMAX         NAME    NUMBER
     63      -1.0497E-01     1.2278E+00     3.5327E+00     N5          5

 BOND    =        2.9926  ANGLE   =       20.4468  DIHED      =       45.5183
 VDWAALS =       -4.4022  EEL     =      165.7993  HBOND      =        0.0000
 1-4 VDW =        9.8302  1-4 EEL =     -240.2901  RESTRAINT  =        0.0000


   NSTEP       ENERGY          RMS            GMAX         NAME    NUMBER
     64      -2.1752E-01     1.7537E+00     5.5603E+00     C8          8

 BOND    =        2.9156  ANGLE   =       20.4016  DIHED      =       45.5741
 VDWAALS =       -4.4705  EEL     =      164.9829  HBOND      =        0.0000
 1-4 VDW =        9.7904  1-4 EEL =     -239.4116  RESTRAINT  =        0.0000


   NSTEP       ENERGY          RMS            GMAX         NAME    NUMBER
     65      -1.6602E-01     3.4602E+00     1.2555E+01     C8          8

 BOND    =        2.8922  ANGLE   =       19.5037  DIHED      =       45.6915
 VDWAALS =       -4.5022  EEL     =      164.2218  HBOND      =        0.0000
 1-4 VDW =        9.6945  1-4 EEL =     -237.6675  RESTRAINT  =        0.0000


   NSTEP       ENERGY          RMS            GMAX         NAME    NUMBER
     66      -3.7729E-01     1.3319E+00     3.6887E+00     N7          7

 BOND    =        2.7973  ANGLE   =       19.9084  DIHED      =       45.6286
 VDWAALS =       -4.4857  EEL     =      164.6267  HBOND      =        0.0000
 1-4 VDW =        9.7434  1-4 EEL =     -238.5960  RESTRAINT  =        0.0000


   NSTEP       ENERGY          RMS            GMAX         NAME    NUMBER
     67      -4.8552E-01     9.3982E-01     3.1517E+00     C23        23

 BOND    =        2.6726  ANGLE   =       19.6899  DIHED      =       45.6618
 VDWAALS =       -4.4818  EEL     =      164.1978  HBOND      =        0.0000
 1-4 VDW =        9.7452  1-4 EEL =     -237.9710  RESTRAINT  =        0.0000


   NSTEP       ENERGY          RMS            GMAX         NAME    NUMBER
     68      -4.8788E-01     1.0691E+00     3.8585E+00     C23        23

 BOND    =        2.6630  ANGLE   =       19.6570  DIHED      =       45.6675
 VDWAALS =       -4.4811  EEL     =      164.1243  HBOND      =        0.0000
 1-4 VDW =        9.7456  1-4 EEL =     -237.8642  RESTRAINT  =        0.0000


   NSTEP       ENERGY          RMS            GMAX         NAME    NUMBER
     69      -5.5435E-01     7.5934E-01     2.0493E+00     N5          5

 BOND    =        2.8172  ANGLE   =       19.4477  DIHED      =       45.6878
 VDWAALS =       -4.5088  EEL     =      163.7466  HBOND      =        0.0000
 1-4 VDW =        9.7896  1-4 EEL =     -237.5345  RESTRAINT  =        0.0000


   NSTEP       ENERGY          RMS            GMAX         NAME    NUMBER
     70      -5.5450E-01     7.3104E-01     1.9520E+00     N5          5

 BOND    =        2.8077  ANGLE   =       19.4567  DIHED      =       45.6868
 VDWAALS =       -4.5075  EEL     =      163.7639  HBOND      =        0.0000
 1-4 VDW =        9.7875  1-4 EEL =     -237.5495  RESTRAINT  =        0.0000


   NSTEP       ENERGY          RMS            GMAX         NAME    NUMBER
     71      -6.0315E-01     6.4652E-01     1.9706E+00     C6          6

 BOND    =        2.8283  ANGLE   =       19.4397  DIHED      =       45.6719
 VDWAALS =       -4.5121  EEL     =      163.7095  HBOND      =        0.0000
 1-4 VDW =        9.8207  1-4 EEL =     -237.5611  RESTRAINT  =        0.0000


   NSTEP       ENERGY          RMS            GMAX         NAME    NUMBER
     72      -6.1839E-01     1.0497E+00     3.9199E+00     C8          8

 BOND    =        2.8692  ANGLE   =       19.4333  DIHED      =       45.6577
 VDWAALS =       -4.5165  EEL     =      163.6573  HBOND      =        0.0000
 1-4 VDW =        9.8527  1-4 EEL =     -237.5721  RESTRAINT  =        0.0000


   NSTEP       ENERGY          RMS            GMAX         NAME    NUMBER
     73      -7.0930E-01     8.9425E-01     3.2754E+00     N5          5

 BOND    =        3.0482  ANGLE   =       19.3419  DIHED      =       45.6048
 VDWAALS =       -4.5387  EEL     =      163.5613  HBOND      =        0.0000
 1-4 VDW =        9.8562  1-4 EEL =     -237.5829  RESTRAINT  =        0.0000


   NSTEP       ENERGY          RMS            GMAX         NAME    NUMBER
     74      -7.2821E-01     1.3354E+00     6.4115E+00     N5          5

 BOND    =        3.1996  ANGLE   =       19.2976  DIHED      =       45.5675
 VDWAALS =       -4.5542  EEL     =      163.4924  HBOND      =        0.0000
 1-4 VDW =        9.8593  1-4 EEL =     -237.5902  RESTRAINT  =        0.0000


   NSTEP       ENERGY          RMS            GMAX         NAME    NUMBER
     75      -8.7970E-01     1.1367E+00     4.4888E+00     C6          6

 BOND    =        3.2375  ANGLE   =       19.3715  DIHED      =       45.4614
 VDWAALS =       -4.6222  EEL     =      163.5824  HBOND      =        0.0000
 1-4 VDW =        9.8539  1-4 EEL =     -237.7642  RESTRAINT  =        0.0000


   NSTEP       ENERGY          RMS            GMAX         NAME    NUMBER
     76      -8.9332E-01     1.0211E+00     3.8504E+00     C6          6

 BOND    =        3.2082  ANGLE   =       19.3989  DIHED      =       45.4593
 VDWAALS =       -4.6224  EEL     =      163.5770  HBOND      =        0.0000
 1-4 VDW =        9.8526  1-4 EEL =     -237.7669  RESTRAINT  =        0.0000


   NSTEP       ENERGY          RMS            GMAX         NAME    NUMBER
     77      -9.0791E-01     9.0754E-01     3.1466E+00     C6          6

 BOND    =        3.1766  ANGLE   =       19.4285  DIHED      =       45.4571
 VDWAALS =       -4.6228  EEL     =      163.5725  HBOND      =        0.0000
 1-4 VDW =        9.8510  1-4 EEL =     -237.7706  RESTRAINT  =        0.0000


   NSTEP       ENERGY          RMS            GMAX         NAME    NUMBER
     78      -9.2342E-01     8.0256E-01     2.4113E+00     C6          6

 BOND    =        3.1436  ANGLE   =       19.4583  DIHED      =       45.4547
 VDWAALS =       -4.6234  EEL     =      163.5700  HBOND      =        0.0000
 1-4 VDW =        9.8490  1-4 EEL =     -237.7756  RESTRAINT  =        0.0000


   NSTEP       ENERGY          RMS            GMAX         NAME    NUMBER
     79      -9.3987E-01     7.0957E-01     1.8638E+00     N20        20

 BOND    =        3.1110  ANGLE   =       19.4859  DIHED      =       45.4526
 VDWAALS =       -4.6244  EEL     =      163.5708  HBOND      =        0.0000
 1-4 VDW =        9.8466  1-4 EEL =     -237.7824  RESTRAINT  =        0.0000


   NSTEP       ENERGY          RMS            GMAX         NAME    NUMBER
     80       1.4276E+00     6.4385E+00     3.0998E+01     C6          6

 BOND    =        2.7437  ANGLE   =       22.6933  DIHED      =       45.3788
 VDWAALS =       -4.6907  EEL     =      163.8533  HBOND      =        0.0000
 1-4 VDW =        9.7284  1-4 EEL =     -238.2792  RESTRAINT  =        0.0000


   NSTEP       ENERGY          RMS            GMAX         NAME    NUMBER
     81      -1.0142E+00     7.3991E-01     3.1849E+00     C6          6

 BOND    =        2.8940  ANGLE   =       19.7076  DIHED      =       45.4382
 VDWAALS =       -4.6341  EEL     =      163.6128  HBOND      =        0.0000
 1-4 VDW =        9.8233  1-4 EEL =     -237.8561  RESTRAINT  =        0.0000


   NSTEP       ENERGY          RMS            GMAX         NAME    NUMBER
     82      -1.0514E+00     1.4978E+00     5.9564E+00     C9          9

 BOND    =        3.0479  ANGLE   =       19.4916  DIHED      =       45.4544
 VDWAALS =       -4.6443  EEL     =      163.8233  HBOND      =        0.0000
 1-4 VDW =        9.7863  1-4 EEL =     -238.0106  RESTRAINT  =        0.0000


   NSTEP       ENERGY          RMS            GMAX         NAME    NUMBER
     83      -1.0639E+00     9.6582E-01     3.6993E+00     C9          9

 BOND    =        2.9785  ANGLE   =       19.5573  DIHED      =       45.4489
 VDWAALS =       -4.6409  EEL     =      163.7529  HBOND      =        0.0000
 1-4 VDW =        9.7985  1-4 EEL =     -237.9590  RESTRAINT  =        0.0000


   NSTEP       ENERGY          RMS            GMAX         NAME    NUMBER
     84      -1.1367E+00     7.9520E-01     3.2056E+00     N20        20

 BOND    =        2.9349  ANGLE   =       19.6366  DIHED      =       45.4380
 VDWAALS =       -4.6455  EEL     =      163.8534  HBOND      =        0.0000
 1-4 VDW =        9.7689  1-4 EEL =     -238.1230  RESTRAINT  =        0.0000


   NSTEP       ENERGY          RMS            GMAX         NAME    NUMBER
     85      -1.1554E+00     1.2151E+00     4.0324E+00     C9          9

 BOND    =        2.9287  ANGLE   =       19.7121  DIHED      =       45.4292
 VDWAALS =       -4.6492  EEL     =      163.9367  HBOND      =        0.0000
 1-4 VDW =        9.7454  1-4 EEL =     -238.2583  RESTRAINT  =        0.0000


   NSTEP       ENERGY          RMS            GMAX         NAME    NUMBER
     86      -1.2732E+00     1.0249E+00     3.0191E+00     HN20       37

 BOND    =        2.8579  ANGLE   =       19.7435  DIHED      =       45.3878
 VDWAALS =       -4.6779  EEL     =      164.2973  HBOND      =        0.0000
 1-4 VDW =        9.7062  1-4 EEL =     -238.5879  RESTRAINT  =        0.0000


   NSTEP       ENERGY          RMS            GMAX         NAME    NUMBER
     87      -1.2832E+00     1.3435E+00     4.6520E+00     C8          8

 BOND    =        2.8530  ANGLE   =       19.7668  DIHED      =       45.3723
 VDWAALS =       -4.6890  EEL     =      164.4370  HBOND      =        0.0000
 1-4 VDW =        9.6919  1-4 EEL =     -238.7152  RESTRAINT  =        0.0000


   NSTEP       ENERGY          RMS            GMAX         NAME    NUMBER
     88      -1.4529E+00     1.2150E+00     3.8088E+00     C15        15

 BOND    =        2.8470  ANGLE   =       19.6278  DIHED      =       45.3029
 VDWAALS =       -4.7154  EEL     =      164.6946  HBOND      =        0.0000
 1-4 VDW =        9.6216  1-4 EEL =     -238.8314  RESTRAINT  =        0.0000


   NSTEP       ENERGY          RMS            GMAX         NAME    NUMBER
     89      -1.4719E+00     1.6688E+00     5.5993E+00     C8          8

 BOND    =        2.8764  ANGLE   =       19.5869  DIHED      =       45.2714
 VDWAALS =       -4.7275  EEL     =      164.8155  HBOND      =        0.0000
 1-4 VDW =        9.5901  1-4 EEL =     -238.8846  RESTRAINT  =        0.0000


   NSTEP       ENERGY          RMS            GMAX         NAME    NUMBER
     90      -1.6839E+00     1.3879E+00     4.4750E+00     C21        21

 BOND    =        2.6632  ANGLE   =       19.4445  DIHED      =       45.1707
 VDWAALS =       -4.7268  EEL     =      165.3448  HBOND      =        0.0000
 1-4 VDW =        9.5620  1-4 EEL =     -239.1422  RESTRAINT  =        0.0000


   NSTEP       ENERGY          RMS            GMAX         NAME    NUMBER
     91      -1.6866E+00     1.5493E+00     5.1159E+00     C4          4

 BOND    =        2.6495  ANGLE   =       19.4356  DIHED      =       45.1583
 VDWAALS =       -4.7266  EEL     =      165.4123  HBOND      =        0.0000
 1-4 VDW =        9.5588  1-4 EEL =     -239.1744  RESTRAINT  =        0.0000


   NSTEP       ENERGY          RMS            GMAX         NAME    NUMBER
     92      -1.8651E+00     1.2851E+00     3.9572E+00     C4          4

 BOND    =        2.7954  ANGLE   =       19.2233  DIHED      =       45.0133
 VDWAALS =       -4.7093  EEL     =      165.7101  HBOND      =        0.0000
 1-4 VDW =        9.4767  1-4 EEL =     -239.3746  RESTRAINT  =        0.0000


   NSTEP       ENERGY          RMS            GMAX         NAME    NUMBER
     93      -1.8654E+00     1.2329E+00     3.5905E+00     C4          4

 BOND    =        2.7851  ANGLE   =       19.2292  DIHED      =       45.0191
 VDWAALS =       -4.7101  EEL     =      165.6979  HBOND      =        0.0000
 1-4 VDW =        9.4800  1-4 EEL =     -239.3667  RESTRAINT  =        0.0000


   NSTEP       ENERGY          RMS            GMAX         NAME    NUMBER
     94      -1.9612E+00     1.0390E+00     2.9937E+00     N20        20

 BOND    =        2.7257  ANGLE   =       19.1530  DIHED      =       44.9225
 VDWAALS =       -4.7024  EEL     =      165.7801  HBOND      =        0.0000
 1-4 VDW =        9.5186  1-4 EEL =     -239.3587  RESTRAINT  =        0.0000


   NSTEP       ENERGY          RMS            GMAX         NAME    NUMBER
     95      -1.9638E+00     8.7866E-01     2.5212E+00     O18        18

 BOND    =        2.7233  ANGLE   =       19.1589  DIHED      =       44.9358
 VDWAALS =       -4.7035  EEL     =      165.7684  HBOND      =        0.0000
 1-4 VDW =        9.5132  1-4 EEL =     -239.3600  RESTRAINT  =        0.0000


   NSTEP       ENERGY          RMS            GMAX         NAME    NUMBER
     96      -2.0369E+00     6.8289E-01     2.2116E+00     H202       46

 BOND    =        2.6981  ANGLE   =       19.2115  DIHED      =       44.8713
 VDWAALS =       -4.7114  EEL     =      165.7767  HBOND      =        0.0000
 1-4 VDW =        9.5540  1-4 EEL =     -239.4372  RESTRAINT  =        0.0000


   NSTEP       ENERGY          RMS            GMAX         NAME    NUMBER
     97      -2.0560E+00     1.0137E+00     3.5778E+00     C2          2

 BOND    =        2.7026  ANGLE   =       19.2696  DIHED      =       44.8183
 VDWAALS =       -4.7179  EEL     =      165.7838  HBOND      =        0.0000
 1-4 VDW =        9.5889  1-4 EEL =     -239.5011  RESTRAINT  =        0.0000


   NSTEP       ENERGY          RMS            GMAX         NAME    NUMBER
     98      -2.1235E+00     1.2623E+00     5.7969E+00     C2          2

 BOND    =        2.7072  ANGLE   =       19.3626  DIHED      =       44.6744
 VDWAALS =       -4.7283  EEL     =      165.8207  HBOND      =        0.0000
 1-4 VDW =        9.5515  1-4 EEL =     -239.5116  RESTRAINT  =        0.0000


   NSTEP       ENERGY          RMS            GMAX         NAME    NUMBER
     99      -2.1289E+00     9.6768E-01     3.7933E+00     C2          2

 BOND    =        2.6931  ANGLE   =       19.3368  DIHED      =       44.7048
 VDWAALS =       -4.7262  EEL     =      165.8129  HBOND      =        0.0000
 1-4 VDW =        9.5593  1-4 EEL =     -239.5095  RESTRAINT  =        0.0000


   NSTEP       ENERGY          RMS            GMAX         NAME    NUMBER
    100      -2.2013E+00     8.4464E-01     3.2767E+00     C8          8

 BOND    =        2.6222  ANGLE   =       19.6557  DIHED      =       44.6151
 VDWAALS =       -4.7489  EEL     =      165.7634  HBOND      =        0.0000
 1-4 VDW =        9.5048  1-4 EEL =     -239.6136  RESTRAINT  =        0.0000


  Maximum number of minimization cycles reached.


                    FINAL RESULTS



   NSTEP       ENERGY          RMS            GMAX         NAME    NUMBER
    100      -2.2013E+00     8.4464E-01     3.2767E+00     C8          8

 BOND    =        2.6222  ANGLE   =       19.6557  DIHED      =       44.6151
 VDWAALS =       -4.7489  EEL     =      165.7634  HBOND      =        0.0000
 1-4 VDW =        9.5048  1-4 EEL =     -239.6136  RESTRAINT  =        0.0000

--------------------------------------------------------------------------------
   5.  TIMINGS
--------------------------------------------------------------------------------

|    Read coords time           0.00 ( 1.15% of Total)
|    Fast Water setup           0.00 ( 0.01% of Total)
|                Build the list             0.00 (91.33% of List )
|                Other                      0.00 ( 8.67% of List )
|             List time                  0.00 ( 8.36% of Nonbo)
|                   Short_ene time             0.02 (98.30% of Direc)
|                   Other                      0.00 ( 1.70% of Direc)
|                Direct Ewald time          0.02 (87.73% of Ewald)
|                Force Adjust               0.00 ( 2.22% of Ewald)
|                Virial junk                0.00 ( 2.65% of Ewald)
|                Start synchronizatio       0.00 ( 0.35% of Ewald)
|                Other                      0.00 ( 7.04% of Ewald)
|             Ewald time                 0.03 (91.06% of Nonbo)
|             IPS excludes               0.00 ( 0.14% of Nonbo)
|             Other                      0.00 ( 0.44% of Nonbo)
|          Nonbond force              0.03 (63.48% of Force)
|          Bond/Angle/Dihedral        0.02 (35.11% of Force)
|          Other                      0.00 ( 1.41% of Force)
|       Force time                 0.04 (100.0% of Runmd)
|    Runmd Time                 0.04 (14.45% of Total)
|    Other                      0.26 (84.39% of Total)
| Total time                 0.31 (100.0% of ALL  )

| Number of list builds   :          1

| Highest rstack allocated:        205
| Highest istack allocated:         41
|           Job began  at 19:08:26.807  on 12/05/2014
|           Setup done at 19:08:26.830  on 12/05/2014
|           Run   done at 19:08:27.117  on 12/05/2014
|     wallclock() was called    2335 times
