
          -------------------------------------------------------
          Amber 14 SANDER                              2014
          -------------------------------------------------------

| Run on 05/22/2015 at 14:14:59

|   Executable path: sander
| Working directory: /net/chevy/raid1/nigel/amber/library/amber_library/3
|          Hostname: chevy.lbl.gov

  [-O]verwriting output

File Assignments:
|  MDIN: sander.in                                                             
| MDOUT: 3PJ.min.out                                                           
|INPCRD: 3PJ.rst7                                                              
|  PARM: 3PJ.prmtop                                                            
|RESTRT: 3PJ.min.rst7                                                          
|  REFC: refc                                                                  
| MDVEL: mdvel                                                                 
| MDFRC: mdfrc                                                                 
|  MDEN: mden                                                                  
| MDCRD: mdcrd                                                                 
|MDINFO: mdinfo                                                                
|  MTMD: mtmd                                                                  
|INPDIP: inpdip                                                                
|RSTDIP: rstdip                                                                
|INPTRA: inptraj                                                               


 Here is the input file:

  short minimization                                                           
 &cntrl                                                                        
   imin=1, maxcyc=100, ncyc=50, ntpr=1, cut=99., ntb=0,                        
 /                                                                             

--------------------------------------------------------------------------------
   1.  RESOURCE   USE: 
--------------------------------------------------------------------------------

| Flags:                                                                        
|    NONPERIODIC   ntb=0 and igb=0: Setting up nonperiodic simulation
|  *** cutoff > system size, list only builds once
|Largest sphere to fit in unit cell has radius =    35.088
| New format PARM file being parsed.
| Version =    1.000 Date = 05/22/15 Time = 14:14:59
 NATOM  =      71 NTYPES =      11 NBONH =      35 MBONA  =      39
 NTHETH =      80 MTHETA =      59 NPHIH =     166 MPHIA  =     106
 NHPARM =       0 NPARM  =       0 NNB   =     417 NRES   =       1
 NBONA  =      39 NTHETA =      59 NPHIA =     106 NUMBND =      19
 NUMANG =      36 NPTRA  =      21 NATYP =      13 NPHB   =       0
 IFBOX  =       0 NMXRS  =      71 IFCAP =       0 NEXTRA =       0
 NCOPY  =       0


|     Memory Use     Allocated
|     Real               10069
|     Hollerith            216
|     Integer            35347
|     Max Pairs           2485
|     nblistReal           852
|     nblist Int       1263910
|       Total             5171 kbytes

| Note: 1-4 EEL scale factors are being read from the topology file.

| Note: 1-4 VDW scale factors are being read from the topology file.
| Duplicated    0 dihedrals
| Duplicated    0 dihedrals

--------------------------------------------------------------------------------
   2.  CONTROL  DATA  FOR  THE  RUN
--------------------------------------------------------------------------------

3PJ                                                                             

General flags:
     imin    =       1, nmropt  =       0

Nature and format of input:
     ntx     =       1, irest   =       0, ntrx    =       1

Nature and format of output:
     ntxo    =       1, ntpr    =       1, ntrx    =       1, ntwr    =     500
     iwrap   =       0, ntwx    =       0, ntwv    =       0, ntwe    =       0
     ioutfm  =       0, ntwprt  =       0, idecomp =       0, rbornstat=      0

Potential function:
     ntf     =       1, ntb     =       0, igb     =       0, nsnb    =      25
     ipol    =       0, gbsa    =       0, iesp    =       0
     dielc   =   1.00000, cut     =  99.00000, intdiel =   1.00000

Frozen or restrained atoms:
     ibelly  =       0, ntr     =       0

Energy minimization:
     maxcyc  =     100, ncyc    =      50, ntmin   =       1
     dx0     =   0.01000, drms    =   0.00010
|  INFO: Old style inpcrd file read


--------------------------------------------------------------------------------
   3.  ATOMIC COORDINATES AND VELOCITIES
--------------------------------------------------------------------------------

3PJ                                                                             
 begin time read from input coords =     0.000 ps

 Number of triangulated 3-point waters found:        0

     Sum of charges from parm topology file =   1.99600100

--------------------------------------------------------------------------------
   4.  RESULTS
--------------------------------------------------------------------------------

 ---------------------------------------------------

     eedmeth=4: Setting switch to one everywhere

 ---------------------------------------------------
| Local SIZE OF NONBOND LIST =       2079
| TOTAL SIZE OF NONBOND LIST =       2079


   NSTEP       ENERGY          RMS            GMAX         NAME    NUMBER
      1       1.1291E+02     1.3388E+01     6.0833E+01     C15        13

 BOND    =       11.0656  ANGLE   =       12.0276  DIHED      =       46.1894
 VDWAALS =        3.8469  EEL     =       66.0686  HBOND      =        0.0000
 1-4 VDW =       22.4097  1-4 EEL =      -48.6993  RESTRAINT  =        0.0000


   NSTEP       ENERGY          RMS            GMAX         NAME    NUMBER
      2       1.1195E+02     1.2809E+01     5.8118E+01     C15        13

 BOND    =       10.4241  ANGLE   =       11.7841  DIHED      =       46.1827
 VDWAALS =        3.8192  EEL     =       66.0814  HBOND      =        0.0000
 1-4 VDW =       22.3868  1-4 EEL =      -48.7255  RESTRAINT  =        0.0000


   NSTEP       ENERGY          RMS            GMAX         NAME    NUMBER
      3       1.1086E+02     1.2131E+01     5.4885E+01     C15        13

 BOND    =        9.7003  ANGLE   =       11.5029  DIHED      =       46.1747
 VDWAALS =        3.7841  EEL     =       66.0972  HBOND      =        0.0000
 1-4 VDW =       22.3590  1-4 EEL =      -48.7572  RESTRAINT  =        0.0000


   NSTEP       ENERGY          RMS            GMAX         NAME    NUMBER
      4       1.0963E+02     1.1342E+01     5.1049E+01     C15        13

 BOND    =        8.8963  ANGLE   =       11.1812  DIHED      =       46.1650
 VDWAALS =        3.7393  EEL     =       66.1167  HBOND      =        0.0000
 1-4 VDW =       22.3252  1-4 EEL =      -48.7956  RESTRAINT  =        0.0000


   NSTEP       ENERGY          RMS            GMAX         NAME    NUMBER
      5       1.0826E+02     1.0434E+01     4.6522E+01     C15        13

 BOND    =        8.0216  ANGLE   =       10.8171  DIHED      =       46.1533
 VDWAALS =        3.6814  EEL     =       66.1410  HBOND      =        0.0000
 1-4 VDW =       22.2839  1-4 EEL =      -48.8422  RESTRAINT  =        0.0000


   NSTEP       ENERGY          RMS            GMAX         NAME    NUMBER
      6       1.0676E+02     9.4055E+00     4.1227E+01     C15        13

 BOND    =        7.0959  ANGLE   =       10.4107  DIHED      =       46.1392
 VDWAALS =        3.6051  EEL     =       66.1713  HBOND      =        0.0000
 1-4 VDW =       22.2334  1-4 EEL =      -48.8992  RESTRAINT  =        0.0000


   NSTEP       ENERGY          RMS            GMAX         NAME    NUMBER
      7       1.0515E+02     8.2680E+00     3.5122E+01     C15        13

 BOND    =        6.1528  ANGLE   =        9.9651  DIHED      =       46.1217
 VDWAALS =        3.5030  EEL     =       66.2096  HBOND      =        0.0000
 1-4 VDW =       22.1713  1-4 EEL =      -48.9691  RESTRAINT  =        0.0000


   NSTEP       ENERGY          RMS            GMAX         NAME    NUMBER
      8       1.0349E+02     7.0579E+00     2.8266E+01     C15        13

 BOND    =        5.2413  ANGLE   =        9.4873  DIHED      =       46.0999
 VDWAALS =        3.3633  EEL     =       66.2583  HBOND      =        0.0000
 1-4 VDW =       22.0951  1-4 EEL =      -49.0552  RESTRAINT  =        0.0000


   NSTEP       ENERGY          RMS            GMAX         NAME    NUMBER
      9       1.0181E+02     5.8485E+00     2.0940E+01     C15        13

 BOND    =        4.4221  ANGLE   =        8.9894  DIHED      =       46.0718
 VDWAALS =        3.1683  EEL     =       66.3209  HBOND      =        0.0000
 1-4 VDW =       22.0022  1-4 EEL =      -49.1622  RESTRAINT  =        0.0000


   NSTEP       ENERGY          RMS            GMAX         NAME    NUMBER
     10       1.0017E+02     4.7477E+00     1.5130E+01     CBZ        36

 BOND    =        3.7510  ANGLE   =        8.4907  DIHED      =       46.0346
 VDWAALS =        2.8926  EEL     =       66.4011  HBOND      =        0.0000
 1-4 VDW =       21.8918  1-4 EEL =      -49.2956  RESTRAINT  =        0.0000


   NSTEP       ENERGY          RMS            GMAX         NAME    NUMBER
     11       9.8569E+01     3.8395E+00     1.2378E+01     O10         8

 BOND    =        3.2461  ANGLE   =        8.0223  DIHED      =       45.9844
 VDWAALS =        2.5069  EEL     =       66.5022  HBOND      =        0.0000
 1-4 VDW =       21.7691  1-4 EEL =      -49.4615  RESTRAINT  =        0.0000


   NSTEP       ENERGY          RMS            GMAX         NAME    NUMBER
     12       9.7019E+01     3.0983E+00     1.0997E+01     O10         8

 BOND    =        2.8683  ANGLE   =        7.6324  DIHED      =       45.9186
 VDWAALS =        1.9922  EEL     =       66.6257  HBOND      =        0.0000
 1-4 VDW =       21.6460  1-4 EEL =      -49.6644  RESTRAINT  =        0.0000


   NSTEP       ENERGY          RMS            GMAX         NAME    NUMBER
     13       9.5530E+01     2.4471E+00     9.5629E+00     O10         8

 BOND    =        2.5719  ANGLE   =        7.3740  DIHED      =       45.8411
 VDWAALS =        1.3512  EEL     =       66.7751  HBOND      =        0.0000
 1-4 VDW =       21.5231  1-4 EEL =      -49.9063  RESTRAINT  =        0.0000


   NSTEP       ENERGY          RMS            GMAX         NAME    NUMBER
     14       9.4145E+01     1.8667E+00     7.7987E+00     O10         8

 BOND    =        2.3764  ANGLE   =        7.2753  DIHED      =       45.7613
 VDWAALS =        0.5992  EEL     =       66.9573  HBOND      =        0.0000
 1-4 VDW =       21.3588  1-4 EEL =      -50.1833  RESTRAINT  =        0.0000


   NSTEP       ENERGY          RMS            GMAX         NAME    NUMBER
     15       9.2900E+01     1.4200E+00     6.0282E+00     O10         8

 BOND    =        2.3804  ANGLE   =        7.3128  DIHED      =       45.6735
 VDWAALS =       -0.2248  EEL     =       67.1638  HBOND      =        0.0000
 1-4 VDW =       21.0997  1-4 EEL =      -50.5051  RESTRAINT  =        0.0000


   NSTEP       ENERGY          RMS            GMAX         NAME    NUMBER
     16       9.1976E+01     2.5178E+00     1.2893E+01     CBW        35

 BOND    =        2.7014  ANGLE   =        7.4291  DIHED      =       45.6401
 VDWAALS =       -1.0467  EEL     =       67.3940  HBOND      =        0.0000
 1-4 VDW =       20.6327  1-4 EEL =      -50.7744  RESTRAINT  =        0.0000


   NSTEP       ENERGY          RMS            GMAX         NAME    NUMBER
     17       9.6858E+01     1.2884E+01     7.2116E+01     CBW        35

 BOND    =        7.2540  ANGLE   =        8.4522  DIHED      =       45.5055
 VDWAALS =       -1.2455  EEL     =       67.3610  HBOND      =        0.0000
 1-4 VDW =       20.7224  1-4 EEL =      -51.1917  RESTRAINT  =        0.0000


   NSTEP       ENERGY          RMS            GMAX         NAME    NUMBER
     18       9.1981E+01     4.5518E+00     2.3125E+01     CBW        35

 BOND    =        3.2970  ANGLE   =        7.5724  DIHED      =       45.5608
 VDWAALS =       -1.3516  EEL     =       67.4273  HBOND      =        0.0000
 1-4 VDW =       20.5142  1-4 EEL =      -51.0392  RESTRAINT  =        0.0000


   NSTEP       ENERGY          RMS            GMAX         NAME    NUMBER
     19       9.2113E+01     5.4038E+00     3.0947E+01     CBW        35

 BOND    =        3.4851  ANGLE   =        7.5929  DIHED      =       45.6453
 VDWAALS =       -1.5132  EEL     =       67.5088  HBOND      =        0.0000
 1-4 VDW =       20.2623  1-4 EEL =      -50.8678  RESTRAINT  =        0.0000


   NSTEP       ENERGY          RMS            GMAX         NAME    NUMBER
     20       9.1129E+01     9.8285E-01     3.2384E+00     O10         8

 BOND    =        2.7644  ANGLE   =        7.4212  DIHED      =       45.6117
 VDWAALS =       -1.4999  EEL     =       67.4770  HBOND      =        0.0000
 1-4 VDW =       20.3287  1-4 EEL =      -50.9742  RESTRAINT  =        0.0000


   NSTEP       ENERGY          RMS            GMAX         NAME    NUMBER
     21       9.0958E+01     2.0988E+00     1.1706E+01     C12         9

 BOND    =        3.0123  ANGLE   =        7.4815  DIHED      =       45.5819
 VDWAALS =       -1.7159  EEL     =       67.5003  HBOND      =        0.0000
 1-4 VDW =       20.1950  1-4 EEL =      -51.0975  RESTRAINT  =        0.0000


   NSTEP       ENERGY          RMS            GMAX         NAME    NUMBER
     22       9.1305E+01     4.2655E+00     2.9328E+01     C12         9

 BOND    =        3.3025  ANGLE   =        7.5767  DIHED      =       45.6545
 VDWAALS =       -1.8410  EEL     =       67.5290  HBOND      =        0.0000
 1-4 VDW =       20.0390  1-4 EEL =      -50.9557  RESTRAINT  =        0.0000


   NSTEP       ENERGY          RMS            GMAX         NAME    NUMBER
     23       9.0668E+01     1.1782E+00     5.3765E+00     C12         9

 BOND    =        2.9235  ANGLE   =        7.4524  DIHED      =       45.6220
 VDWAALS =       -1.8502  EEL     =       67.5215  HBOND      =        0.0000
 1-4 VDW =       20.0596  1-4 EEL =      -51.0604  RESTRAINT  =        0.0000


   NSTEP       ENERGY          RMS            GMAX         NAME    NUMBER
     24       9.0651E+01     2.1673E+00     1.2311E+01     C12         9

 BOND    =        3.1345  ANGLE   =        7.4981  DIHED      =       45.5863
 VDWAALS =       -1.9490  EEL     =       67.5200  HBOND      =        0.0000
 1-4 VDW =       20.0139  1-4 EEL =      -51.1526  RESTRAINT  =        0.0000


   NSTEP       ENERGY          RMS            GMAX         NAME    NUMBER
     25       9.0634E+01     2.5912E+00     1.7612E+01     C12         9

 BOND    =        3.0727  ANGLE   =        7.5376  DIHED      =       45.6421
 VDWAALS =       -2.0274  EEL     =       67.5327  HBOND      =        0.0000
 1-4 VDW =       19.9169  1-4 EEL =      -51.0404  RESTRAINT  =        0.0000


   NSTEP       ENERGY          RMS            GMAX         NAME    NUMBER
     26       9.0695E+01     3.2881E+00     2.3037E+01     C12         9

 BOND    =        3.4618  ANGLE   =        7.4735  DIHED      =       45.5874
 VDWAALS =       -2.0608  EEL     =       67.5225  HBOND      =        0.0000
 1-4 VDW =       19.9315  1-4 EEL =      -51.2212  RESTRAINT  =        0.0000


   NSTEP       ENERGY          RMS            GMAX         NAME    NUMBER
     27       9.0306E+01     7.5395E-01     2.4314E+00     C15        13

 BOND    =        3.0231  ANGLE   =        7.4891  DIHED      =       45.6136
 VDWAALS =       -2.0996  EEL     =       67.5285  HBOND      =        0.0000
 1-4 VDW =       19.8817  1-4 EEL =      -51.1308  RESTRAINT  =        0.0000


   NSTEP       ENERGY          RMS            GMAX         NAME    NUMBER
     28       9.0195E+01     1.2866E+00     6.5498E+00     C12         9

 BOND    =        3.0613  ANGLE   =        7.5183  DIHED      =       45.6404
 VDWAALS =       -2.2206  EEL     =       67.5289  HBOND      =        0.0000
 1-4 VDW =       19.7816  1-4 EEL =      -51.1145  RESTRAINT  =        0.0000


   NSTEP       ENERGY          RMS            GMAX         NAME    NUMBER
     29       9.0274E+01     2.5558E+00     1.4673E+01     C12         9

 BOND    =        3.3822  ANGLE   =        7.5145  DIHED      =       45.5952
 VDWAALS =       -2.2841  EEL     =       67.5249  HBOND      =        0.0000
 1-4 VDW =       19.7512  1-4 EEL =      -51.2094  RESTRAINT  =        0.0000


   NSTEP       ENERGY          RMS            GMAX         NAME    NUMBER
     30       9.0038E+01     7.7028E-01     3.1785E+00     C15        13

 BOND    =        3.1126  ANGLE   =        7.5217  DIHED      =       45.6227
 VDWAALS =       -2.3101  EEL     =       67.5238  HBOND      =        0.0000
 1-4 VDW =       19.7218  1-4 EEL =      -51.1546  RESTRAINT  =        0.0000


   NSTEP       ENERGY          RMS            GMAX         NAME    NUMBER
     31       8.9976E+01     1.1471E+00     5.5150E+00     C24        22

 BOND    =        3.1242  ANGLE   =        7.5410  DIHED      =       45.6498
 VDWAALS =       -2.3854  EEL     =       67.5193  HBOND      =        0.0000
 1-4 VDW =       19.6580  1-4 EEL =      -51.1307  RESTRAINT  =        0.0000


   NSTEP       ENERGY          RMS            GMAX         NAME    NUMBER
     32       8.9962E+01     1.6698E+00     8.5412E+00     C12         9

 BOND    =        3.2835  ANGLE   =        7.5309  DIHED      =       45.6156
 VDWAALS =       -2.4296  EEL     =       67.5142  HBOND      =        0.0000
 1-4 VDW =       19.6358  1-4 EEL =      -51.1885  RESTRAINT  =        0.0000


   NSTEP       ENERGY          RMS            GMAX         NAME    NUMBER
     33       8.9942E+01     1.9366E+00     1.1627E+01     C12         9

 BOND    =        3.1800  ANGLE   =        7.5981  DIHED      =       45.6670
 VDWAALS =       -2.4872  EEL     =       67.5088  HBOND      =        0.0000
 1-4 VDW =       19.5780  1-4 EEL =      -51.1023  RESTRAINT  =        0.0000


   NSTEP       ENERGY          RMS            GMAX         NAME    NUMBER
     34       8.9967E+01     2.4393E+00     1.5174E+01     C12         9

 BOND    =        3.4760  ANGLE   =        7.5243  DIHED      =       45.6155
 VDWAALS =       -2.5112  EEL     =       67.5039  HBOND      =        0.0000
 1-4 VDW =       19.5783  1-4 EEL =      -51.2197  RESTRAINT  =        0.0000


   NSTEP       ENERGY          RMS            GMAX         NAME    NUMBER
     35       8.9750E+01     6.0033E-01     2.1176E+00     O13        11

 BOND    =        3.1922  ANGLE   =        7.5560  DIHED      =       45.6425
 VDWAALS =       -2.5372  EEL     =       67.5014  HBOND      =        0.0000
 1-4 VDW =       19.5489  1-4 EEL =      -51.1540  RESTRAINT  =        0.0000


   NSTEP       ENERGY          RMS            GMAX         NAME    NUMBER
     36       8.9673E+01     9.1759E-01     4.6921E+00     C24        22

 BOND    =        3.2042  ANGLE   =        7.5860  DIHED      =       45.6660
 VDWAALS =       -2.6214  EEL     =       67.4888  HBOND      =        0.0000
 1-4 VDW =       19.4826  1-4 EEL =      -51.1330  RESTRAINT  =        0.0000


   NSTEP       ENERGY          RMS            GMAX         NAME    NUMBER
     37       8.9700E+01     1.8743E+00     1.0516E+01     C24        22

 BOND    =        3.4094  ANGLE   =        7.5702  DIHED      =       45.6281
 VDWAALS =       -2.6660  EEL     =       67.4799  HBOND      =        0.0000
 1-4 VDW =       19.4588  1-4 EEL =      -51.1803  RESTRAINT  =        0.0000


   NSTEP       ENERGY          RMS            GMAX         NAME    NUMBER
     38       8.9571E+01     5.9384E-01     2.0246E+00     O13        11

 BOND    =        3.2496  ANGLE   =        7.5873  DIHED      =       45.6541
 VDWAALS =       -2.6880  EEL     =       67.4763  HBOND      =        0.0000
 1-4 VDW =       19.4365  1-4 EEL =      -51.1449  RESTRAINT  =        0.0000


   NSTEP       ENERGY          RMS            GMAX         NAME    NUMBER
     39       8.9522E+01     7.9932E-01     4.1095E+00     C24        22

 BOND    =        3.2507  ANGLE   =        7.6087  DIHED      =       45.6758
 VDWAALS =       -2.7442  EEL     =       67.4646  HBOND      =        0.0000
 1-4 VDW =       19.3921  1-4 EEL =      -51.1259  RESTRAINT  =        0.0000


   NSTEP       ENERGY          RMS            GMAX         NAME    NUMBER
     40       8.9503E+01     1.2278E+00     6.8839E+00     C24        22

 BOND    =        3.3548  ANGLE   =        7.5985  DIHED      =       45.6484
 VDWAALS =       -2.7778  EEL     =       67.4562  HBOND      =        0.0000
 1-4 VDW =       19.3732  1-4 EEL =      -51.1505  RESTRAINT  =        0.0000


   NSTEP       ENERGY          RMS            GMAX         NAME    NUMBER
     41       8.9486E+01     1.4492E+00     8.3772E+00     C24        22

 BOND    =        3.2854  ANGLE   =        7.6521  DIHED      =       45.6954
 VDWAALS =       -2.8254  EEL     =       67.4458  HBOND      =        0.0000
 1-4 VDW =       19.3295  1-4 EEL =      -51.0968  RESTRAINT  =        0.0000


   NSTEP       ENERGY          RMS            GMAX         NAME    NUMBER
     42       8.9488E+01     1.7917E+00     9.8679E+00     C24        22

 BOND    =        3.4702  ANGLE   =        7.6010  DIHED      =       45.6469
 VDWAALS =       -2.8402  EEL     =       67.4393  HBOND      =        0.0000
 1-4 VDW =       19.3304  1-4 EEL =      -51.1594  RESTRAINT  =        0.0000


   NSTEP       ENERGY          RMS            GMAX         NAME    NUMBER
     43       8.9368E+01     4.9384E-01     1.8763E+00     O13        11

 BOND    =        3.3051  ANGLE   =        7.6275  DIHED      =       45.6735
 VDWAALS =       -2.8619  EEL     =       67.4350  HBOND      =        0.0000
 1-4 VDW =       19.3080  1-4 EEL =      -51.1190  RESTRAINT  =        0.0000


   NSTEP       ENERGY          RMS            GMAX         NAME    NUMBER
     44       8.9312E+01     6.2977E-01     3.1116E+00     C24        22

 BOND    =        3.3139  ANGLE   =        7.6491  DIHED      =       45.6913
 VDWAALS =       -2.9211  EEL     =       67.4182  HBOND      =        0.0000
 1-4 VDW =       19.2633  1-4 EEL =      -51.1026  RESTRAINT  =        0.0000


   NSTEP       ENERGY          RMS            GMAX         NAME    NUMBER
     45       8.9300E+01     1.2526E+00     7.8278E+00     C24        22

 BOND    =        3.4170  ANGLE   =        7.6454  DIHED      =       45.6640
 VDWAALS =       -2.9597  EEL     =       67.4055  HBOND      =        0.0000
 1-4 VDW =       19.2398  1-4 EEL =      -51.1125  RESTRAINT  =        0.0000


   NSTEP       ENERGY          RMS            GMAX         NAME    NUMBER
     46       8.9295E+01     1.5208E+00     9.7565E+00     C24        22

 BOND    =        3.3610  ANGLE   =        7.6985  DIHED      =       45.7197
 VDWAALS =       -3.0062  EEL     =       67.3921  HBOND      =        0.0000
 1-4 VDW =       19.1983  1-4 EEL =      -51.0688  RESTRAINT  =        0.0000


   NSTEP       ENERGY          RMS            GMAX         NAME    NUMBER
     47       8.9302E+01     1.8360E+00     1.1367E+01     C24        22

 BOND    =        3.5259  ANGLE   =        7.6519  DIHED      =       45.6600
 VDWAALS =       -3.0123  EEL     =       67.3868  HBOND      =        0.0000
 1-4 VDW =       19.2042  1-4 EEL =      -51.1143  RESTRAINT  =        0.0000


   NSTEP       ENERGY          RMS            GMAX         NAME    NUMBER
     48       8.9177E+01     4.5163E-01     1.7333E+00     O13        11

 BOND    =        3.3628  ANGLE   =        7.6739  DIHED      =       45.6921
 VDWAALS =       -3.0341  EEL     =       67.3810  HBOND      =        0.0000
 1-4 VDW =       19.1828  1-4 EEL =      -51.0819  RESTRAINT  =        0.0000


   NSTEP       ENERGY          RMS            GMAX         NAME    NUMBER
     49       8.9127E+01     6.4348E-01     3.7110E+00     C24        22

 BOND    =        3.3753  ANGLE   =        7.6972  DIHED      =       45.7127
 VDWAALS =       -3.0929  EEL     =       67.3598  HBOND      =        0.0000
 1-4 VDW =       19.1391  1-4 EEL =      -51.0645  RESTRAINT  =        0.0000


   NSTEP       ENERGY          RMS            GMAX         NAME    NUMBER
     50       8.9137E+01     1.4097E+00     9.7102E+00     C24        22

 BOND    =        3.4807  ANGLE   =        7.6964  DIHED      =       45.6766
 VDWAALS =       -3.1218  EEL     =       67.3470  HBOND      =        0.0000
 1-4 VDW =       19.1228  1-4 EEL =      -51.0642  RESTRAINT  =        0.0000


   NSTEP       ENERGY          RMS            GMAX         NAME    NUMBER
     51       8.9063E+01     4.4803E-01     1.6443E+00     O13        11

 BOND    =        3.3988  ANGLE   =        7.7061  DIHED      =       45.7034
 VDWAALS =       -3.1403  EEL     =       67.3406  HBOND      =        0.0000
 1-4 VDW =       19.1066  1-4 EEL =      -51.0525  RESTRAINT  =        0.0000


   NSTEP       ENERGY          RMS            GMAX         NAME    NUMBER
     52       9.4754E+01     1.3189E+01     9.9063E+01     C24        22

 BOND    =        8.9873  ANGLE   =        8.9098  DIHED      =       46.1236
 VDWAALS =       -3.9563  EEL     =       66.9829  HBOND      =        0.0000
 1-4 VDW =       18.4901  1-4 EEL =      -50.7834  RESTRAINT  =        0.0000


   NSTEP       ENERGY          RMS            GMAX         NAME    NUMBER
     53       8.9025E+01     8.9310E-01     6.1160E+00     C24        22

 BOND    =        3.4217  ANGLE   =        7.7348  DIHED      =       45.7335
 VDWAALS =       -3.2047  EEL     =       67.3142  HBOND      =        0.0000
 1-4 VDW =       19.0585  1-4 EEL =      -51.0325  RESTRAINT  =        0.0000


   NSTEP       ENERGY          RMS            GMAX         NAME    NUMBER
     54       8.8952E+01     8.5433E-01     5.8637E+00     C24        22

 BOND    =        3.4469  ANGLE   =        7.7560  DIHED      =       45.7416
 VDWAALS =       -3.2741  EEL     =       67.2842  HBOND      =        0.0000
 1-4 VDW =       19.0088  1-4 EEL =      -51.0117  RESTRAINT  =        0.0000


   NSTEP       ENERGY          RMS            GMAX         NAME    NUMBER
     55       8.8435E+01     7.1931E-01     4.5503E+00     C15        13

 BOND    =        3.7221  ANGLE   =        8.0133  DIHED      =       45.8284
 VDWAALS =       -3.8814  EEL     =       67.0044  HBOND      =        0.0000
 1-4 VDW =       18.5655  1-4 EEL =      -50.8176  RESTRAINT  =        0.0000


   NSTEP       ENERGY          RMS            GMAX         NAME    NUMBER
     56       8.8196E+01     1.1817E+00     7.2916E+00     C15        13

 BOND    =        4.2026  ANGLE   =        8.5137  DIHED      =       45.9718
 VDWAALS =       -4.5894  EEL     =       66.6317  HBOND      =        0.0000
 1-4 VDW =       18.0256  1-4 EEL =      -50.5602  RESTRAINT  =        0.0000


   NSTEP       ENERGY          RMS            GMAX         NAME    NUMBER
     57       9.6334E+01     1.3394E+01     8.1723E+01     C15        13

 BOND    =        9.5223  ANGLE   =       12.6842  DIHED      =       46.3901
 VDWAALS =       -5.8398  EEL     =       66.1006  HBOND      =        0.0000
 1-4 VDW =       17.0730  1-4 EEL =      -49.5959  RESTRAINT  =        0.0000


   NSTEP       ENERGY          RMS            GMAX         NAME    NUMBER
     58       8.8126E+01     3.6151E-01     1.6902E+00     HO10       44

 BOND    =        4.1351  ANGLE   =        8.6512  DIHED      =       45.9994
 VDWAALS =       -4.7068  EEL     =       66.5884  HBOND      =        0.0000
 1-4 VDW =       17.9382  1-4 EEL =      -50.4800  RESTRAINT  =        0.0000


   NSTEP       ENERGY          RMS            GMAX         NAME    NUMBER
     59       8.8114E+01     3.0438E-01     1.0280E+00     HO10       44

 BOND    =        4.1302  ANGLE   =        8.6551  DIHED      =       46.0035
 VDWAALS =       -4.7219  EEL     =       66.5831  HBOND      =        0.0000
 1-4 VDW =       17.9330  1-4 EEL =      -50.4689  RESTRAINT  =        0.0000


   NSTEP       ENERGY          RMS            GMAX         NAME    NUMBER
     60       8.8102E+01     5.6201E-01     2.9087E+00     C12         9

 BOND    =        4.1326  ANGLE   =        8.6659  DIHED      =       46.0135
 VDWAALS =       -4.7585  EEL     =       66.5702  HBOND      =        0.0000
 1-4 VDW =       17.9204  1-4 EEL =      -50.4417  RESTRAINT  =        0.0000


   NSTEP       ENERGY          RMS            GMAX         NAME    NUMBER
     61       8.8063E+01     4.9224E-01     3.1313E+00     O10         8

 BOND    =        4.0798  ANGLE   =        8.6890  DIHED      =       46.0158
 VDWAALS =       -4.7859  EEL     =       66.5102  HBOND      =        0.0000
 1-4 VDW =       17.9201  1-4 EEL =      -50.3658  RESTRAINT  =        0.0000


   NSTEP       ENERGY          RMS            GMAX         NAME    NUMBER
     62       8.8027E+01     9.8593E-01     4.9602E+00     HO10       44

 BOND    =        3.9966  ANGLE   =        8.7534  DIHED      =       46.0227
 VDWAALS =       -4.8456  EEL     =       66.3770  HBOND      =        0.0000
 1-4 VDW =       17.9203  1-4 EEL =      -50.1970  RESTRAINT  =        0.0000


   NSTEP       ENERGY          RMS            GMAX         NAME    NUMBER
     63       8.7913E+01     5.9185E-01     2.7204E+00     O10         8

 BOND    =        3.9046  ANGLE   =        8.8175  DIHED      =       46.0483
 VDWAALS =       -4.8926  EEL     =       66.1034  HBOND      =        0.0000
 1-4 VDW =       17.9370  1-4 EEL =      -50.0051  RESTRAINT  =        0.0000


   NSTEP       ENERGY          RMS            GMAX         NAME    NUMBER
     64       8.7872E+01     6.4002E-01     3.1192E+00     CBZ        36

 BOND    =        3.8428  ANGLE   =        8.9132  DIHED      =       46.0818
 VDWAALS =       -4.9369  EEL     =       65.8143  HBOND      =        0.0000
 1-4 VDW =       17.9587  1-4 EEL =      -49.8015  RESTRAINT  =        0.0000


   NSTEP       ENERGY          RMS            GMAX         NAME    NUMBER
     65       8.7832E+01     8.1298E-01     3.9755E+00     CBZ        36

 BOND    =        3.8316  ANGLE   =        8.9534  DIHED      =       46.0978
 VDWAALS =       -4.9613  EEL     =       65.6309  HBOND      =        0.0000
 1-4 VDW =       17.9486  1-4 EEL =      -49.6690  RESTRAINT  =        0.0000


   NSTEP       ENERGY          RMS            GMAX         NAME    NUMBER
     66       8.7825E+01     5.6235E-01     2.2364E+00     C6          5

 BOND    =        3.8218  ANGLE   =        8.9383  DIHED      =       46.0927
 VDWAALS =       -4.9548  EEL     =       65.6816  HBOND      =        0.0000
 1-4 VDW =       17.9512  1-4 EEL =      -49.7057  RESTRAINT  =        0.0000


   NSTEP       ENERGY          RMS            GMAX         NAME    NUMBER
     67       8.7800E+01     5.8969E-01     2.8554E+00     CBW        35

 BOND    =        3.9080  ANGLE   =        8.8813  DIHED      =       46.0992
 VDWAALS =       -4.9602  EEL     =       65.6099  HBOND      =        0.0000
 1-4 VDW =       17.9222  1-4 EEL =      -49.6605  RESTRAINT  =        0.0000


   NSTEP       ENERGY          RMS            GMAX         NAME    NUMBER
     68       8.7797E+01     4.2658E-01     2.3316E+00     CBZ        36

 BOND    =        3.8809  ANGLE   =        8.8928  DIHED      =       46.0974
 VDWAALS =       -4.9590  EEL     =       65.6271  HBOND      =        0.0000
 1-4 VDW =       17.9291  1-4 EEL =      -49.6713  RESTRAINT  =        0.0000


   NSTEP       ENERGY          RMS            GMAX         NAME    NUMBER
     69       8.7778E+01     3.4543E-01     1.4737E+00     CBV        34

 BOND    =        3.9599  ANGLE   =        8.8521  DIHED      =       46.0936
 VDWAALS =       -4.9519  EEL     =       65.5807  HBOND      =        0.0000
 1-4 VDW =       17.9021  1-4 EEL =      -49.6586  RESTRAINT  =        0.0000


   NSTEP       ENERGY          RMS            GMAX         NAME    NUMBER
     70       8.7777E+01     4.0538E-01     1.7981E+00     CBV        34

 BOND    =        3.9779  ANGLE   =        8.8449  DIHED      =       46.0929
 VDWAALS =       -4.9504  EEL     =       65.5715  HBOND      =        0.0000
 1-4 VDW =       17.8968  1-4 EEL =      -49.6561  RESTRAINT  =        0.0000


   NSTEP       ENERGY          RMS            GMAX         NAME    NUMBER
     71       8.7757E+01     3.8091E-01     1.6270E+00     C6          5

 BOND    =        4.0254  ANGLE   =        8.8499  DIHED      =       46.0937
 VDWAALS =       -4.9399  EEL     =       65.5296  HBOND      =        0.0000
 1-4 VDW =       17.8443  1-4 EEL =      -49.6463  RESTRAINT  =        0.0000


   NSTEP       ENERGY          RMS            GMAX         NAME    NUMBER
     72       8.7756E+01     4.4133E-01     1.9773E+00     C6          5

 BOND    =        4.0359  ANGLE   =        8.8515  DIHED      =       46.0940
 VDWAALS =       -4.9380  EEL     =       65.5224  HBOND      =        0.0000
 1-4 VDW =       17.8353  1-4 EEL =      -49.6446  RESTRAINT  =        0.0000


   NSTEP       ENERGY          RMS            GMAX         NAME    NUMBER
     73       8.7728E+01     3.2540E-01     1.2042E+00     H6         41

 BOND    =        4.1221  ANGLE   =        8.8356  DIHED      =       46.0938
 VDWAALS =       -4.9307  EEL     =       65.4938  HBOND      =        0.0000
 1-4 VDW =       17.7886  1-4 EEL =      -49.6750  RESTRAINT  =        0.0000


   NSTEP       ENERGY          RMS            GMAX         NAME    NUMBER
     74       8.7725E+01     4.3355E-01     2.0277E+00     CAV        31

 BOND    =        4.1708  ANGLE   =        8.8305  DIHED      =       46.0943
 VDWAALS =       -4.9269  EEL     =       65.4799  HBOND      =        0.0000
 1-4 VDW =       17.7662  1-4 EEL =      -49.6898  RESTRAINT  =        0.0000


   NSTEP       ENERGY          RMS            GMAX         NAME    NUMBER
     75       8.7714E+01     7.0703E-01     3.2908E+00     CAV        31

 BOND    =        4.1851  ANGLE   =        8.9017  DIHED      =       46.0919
 VDWAALS =       -4.9422  EEL     =       65.4782  HBOND      =        0.0000
 1-4 VDW =       17.7252  1-4 EEL =      -49.7259  RESTRAINT  =        0.0000


   NSTEP       ENERGY          RMS            GMAX         NAME    NUMBER
     76       8.7699E+01     4.0460E-01     1.4864E+00     C2          2

 BOND    =        4.1741  ANGLE   =        8.8920  DIHED      =       46.0923
 VDWAALS =       -4.9412  EEL     =       65.4756  HBOND      =        0.0000
 1-4 VDW =       17.7275  1-4 EEL =      -49.7210  RESTRAINT  =        0.0000


   NSTEP       ENERGY          RMS            GMAX         NAME    NUMBER
     77       8.7691E+01     2.1712E-01     7.3690E-01     HAV        65

 BOND    =        4.1633  ANGLE   =        8.8872  DIHED      =       46.0923
 VDWAALS =       -4.9418  EEL     =       65.4711  HBOND      =        0.0000
 1-4 VDW =       17.7309  1-4 EEL =      -49.7123  RESTRAINT  =        0.0000


   NSTEP       ENERGY          RMS            GMAX         NAME    NUMBER
     78       8.7684E+01     1.7668E-01     5.5257E-01     O13        11

 BOND    =        4.1403  ANGLE   =        8.8991  DIHED      =       46.0903
 VDWAALS =       -4.9482  EEL     =       65.4640  HBOND      =        0.0000
 1-4 VDW =       17.7372  1-4 EEL =      -49.6985  RESTRAINT  =        0.0000


   NSTEP       ENERGY          RMS            GMAX         NAME    NUMBER
     79       8.7680E+01     2.6235E-01     1.3145E+00     CAV        31

 BOND    =        4.1313  ANGLE   =        8.8886  DIHED      =       46.0861
 VDWAALS =       -4.9514  EEL     =       65.4593  HBOND      =        0.0000
 1-4 VDW =       17.7547  1-4 EEL =      -49.6886  RESTRAINT  =        0.0000


   NSTEP       ENERGY          RMS            GMAX         NAME    NUMBER
     80       1.7061E+02     5.0290E+01     3.0008E+02     CAV        31

 BOND    =       68.5255  ANGLE   =       27.0720  DIHED      =       46.1302
 VDWAALS =       -5.3806  EEL     =       65.2368  HBOND      =        0.0000
 1-4 VDW =       17.7788  1-4 EEL =      -48.7511  RESTRAINT  =        0.0000


   NSTEP       ENERGY          RMS            GMAX         NAME    NUMBER
     81       8.7677E+01     1.4571E-01     5.3555E-01     O13        11

 BOND    =        4.1152  ANGLE   =        8.9046  DIHED      =       46.0853
 VDWAALS =       -4.9547  EEL     =       65.4580  HBOND      =        0.0000
 1-4 VDW =       17.7515  1-4 EEL =      -49.6830  RESTRAINT  =        0.0000


   NSTEP       ENERGY          RMS            GMAX         NAME    NUMBER
     82       8.7675E+01     1.3786E-01     5.1544E-01     O13        11

 BOND    =        4.1105  ANGLE   =        8.9058  DIHED      =       46.0838
 VDWAALS =       -4.9557  EEL     =       65.4557  HBOND      =        0.0000
 1-4 VDW =       17.7533  1-4 EEL =      -49.6782  RESTRAINT  =        0.0000


   NSTEP       ENERGY          RMS            GMAX         NAME    NUMBER
     83       8.7664E+01     2.5726E-01     1.0796E+00     CBW        35

 BOND    =        4.0700  ANGLE   =        8.9182  DIHED      =       46.0702
 VDWAALS =       -4.9651  EEL     =       65.4351  HBOND      =        0.0000
 1-4 VDW =       17.7702  1-4 EEL =      -49.6342  RESTRAINT  =        0.0000


   NSTEP       ENERGY          RMS            GMAX         NAME    NUMBER
     84       8.7663E+01     3.5898E-01     1.5693E+00     CBW        35

 BOND    =        4.0534  ANGLE   =        8.9252  DIHED      =       46.0642
 VDWAALS =       -4.9692  EEL     =       65.4256  HBOND      =        0.0000
 1-4 VDW =       17.7782  1-4 EEL =      -49.6139  RESTRAINT  =        0.0000


   NSTEP       ENERGY          RMS            GMAX         NAME    NUMBER
     85       8.7655E+01     3.5062E-01     2.3527E+00     CBW        35

 BOND    =        3.9905  ANGLE   =        8.9282  DIHED      =       46.0407
 VDWAALS =       -4.9802  EEL     =       65.4180  HBOND      =        0.0000
 1-4 VDW =       17.8167  1-4 EEL =      -49.5585  RESTRAINT  =        0.0000


   NSTEP       ENERGY          RMS            GMAX         NAME    NUMBER
     86       8.7654E+01     2.2156E-01     1.1820E+00     CBW        35

 BOND    =        4.0067  ANGLE   =        8.9261  DIHED      =       46.0475
 VDWAALS =       -4.9771  EEL     =       65.4203  HBOND      =        0.0000
 1-4 VDW =       17.8051  1-4 EEL =      -49.5750  RESTRAINT  =        0.0000


   NSTEP       ENERGY          RMS            GMAX         NAME    NUMBER
     87       8.7648E+01     1.8212E-01     5.8517E-01     F22        20

 BOND    =        4.0074  ANGLE   =        8.9128  DIHED      =       46.0371
 VDWAALS =       -4.9751  EEL     =       65.4238  HBOND      =        0.0000
 1-4 VDW =       17.8080  1-4 EEL =      -49.5656  RESTRAINT  =        0.0000


   NSTEP       ENERGY          RMS            GMAX         NAME    NUMBER
     88       8.7647E+01     2.6870E-01     1.1244E+00     CBU        33

 BOND    =        4.0099  ANGLE   =        8.9038  DIHED      =       46.0298
 VDWAALS =       -4.9736  EEL     =       65.4263  HBOND      =        0.0000
 1-4 VDW =       17.8100  1-4 EEL =      -49.5589  RESTRAINT  =        0.0000


   NSTEP       ENERGY          RMS            GMAX         NAME    NUMBER
     89       8.7637E+01     2.0641E-01     1.0133E+00     CBU        33

 BOND    =        4.0364  ANGLE   =        8.8714  DIHED      =       46.0137
 VDWAALS =       -4.9611  EEL     =       65.4332  HBOND      =        0.0000
 1-4 VDW =       17.7919  1-4 EEL =      -49.5489  RESTRAINT  =        0.0000


   NSTEP       ENERGY          RMS            GMAX         NAME    NUMBER
     90       8.7627E+01     3.0080E-01     1.4386E+00     O10         8

 BOND    =        4.0981  ANGLE   =        8.8081  DIHED      =       45.9807
 VDWAALS =       -4.9337  EEL     =       65.4478  HBOND      =        0.0000
 1-4 VDW =       17.7541  1-4 EEL =      -49.5276  RESTRAINT  =        0.0000


   NSTEP       ENERGY          RMS            GMAX         NAME    NUMBER
     91       8.7634E+01     6.3798E-01     2.7661E+00     CBZ        36

 BOND    =        4.1943  ANGLE   =        8.7232  DIHED      =       45.9121
 VDWAALS =       -4.8748  EEL     =       65.4623  HBOND      =        0.0000
 1-4 VDW =       17.7274  1-4 EEL =      -49.5103  RESTRAINT  =        0.0000


   NSTEP       ENERGY          RMS            GMAX         NAME    NUMBER
     92       8.7619E+01     2.1375E-01     7.7956E-01     O10         8

 BOND    =        4.1314  ANGLE   =        8.7691  DIHED      =       45.9509
 VDWAALS =       -4.9088  EEL     =       65.4540  HBOND      =        0.0000
 1-4 VDW =       17.7425  1-4 EEL =      -49.5202  RESTRAINT  =        0.0000


   NSTEP       ENERGY          RMS            GMAX         NAME    NUMBER
     93       8.7613E+01     2.0469E-01     8.3806E-01     C4          3

 BOND    =        4.1374  ANGLE   =        8.7580  DIHED      =       45.9410
 VDWAALS =       -4.9000  EEL     =       65.4668  HBOND      =        0.0000
 1-4 VDW =       17.7431  1-4 EEL =      -49.5331  RESTRAINT  =        0.0000


   NSTEP       ENERGY          RMS            GMAX         NAME    NUMBER
     94       8.7613E+01     2.7709E-01     1.3711E+00     C4          3

 BOND    =        4.1410  ANGLE   =        8.7540  DIHED      =       45.9368
 VDWAALS =       -4.8963  EEL     =       65.4723  HBOND      =        0.0000
 1-4 VDW =       17.7434  1-4 EEL =      -49.5386  RESTRAINT  =        0.0000


   NSTEP       ENERGY          RMS            GMAX         NAME    NUMBER
     95       8.7604E+01     1.6976E-01     5.3423E-01     C15        13

 BOND    =        4.1165  ANGLE   =        8.7642  DIHED      =       45.9189
 VDWAALS =       -4.8858  EEL     =       65.4973  HBOND      =        0.0000
 1-4 VDW =       17.7473  1-4 EEL =      -49.5542  RESTRAINT  =        0.0000


   NSTEP       ENERGY          RMS            GMAX         NAME    NUMBER
     96       8.7603E+01     2.1432E-01     9.1371E-01     C15        13

 BOND    =        4.1050  ANGLE   =        8.7711  DIHED      =       45.9093
 VDWAALS =       -4.8800  EEL     =       65.5107  HBOND      =        0.0000
 1-4 VDW =       17.7494  1-4 EEL =      -49.5626  RESTRAINT  =        0.0000


   NSTEP       ENERGY          RMS            GMAX         NAME    NUMBER
     97       8.7597E+01     2.3994E-01     1.0189E+00     CAV        31

 BOND    =        4.1175  ANGLE   =        8.7583  DIHED      =       45.8953
 VDWAALS =       -4.8648  EEL     =       65.5288  HBOND      =        0.0000
 1-4 VDW =       17.7578  1-4 EEL =      -49.5957  RESTRAINT  =        0.0000


   NSTEP       ENERGY          RMS            GMAX         NAME    NUMBER
     98       8.7597E+01     2.3583E-01     9.9762E-01     CAV        31

 BOND    =        4.1172  ANGLE   =        8.7585  DIHED      =       45.8955
 VDWAALS =       -4.8651  EEL     =       65.5285  HBOND      =        0.0000
 1-4 VDW =       17.7577  1-4 EEL =      -49.5951  RESTRAINT  =        0.0000


   NSTEP       ENERGY          RMS            GMAX         NAME    NUMBER
     99       8.7589E+01     1.9555E-01     6.2942E-01     HO10       44

 BOND    =        4.1087  ANGLE   =        8.7599  DIHED      =       45.8852
 VDWAALS =       -4.8506  EEL     =       65.5475  HBOND      =        0.0000
 1-4 VDW =       17.7726  1-4 EEL =      -49.6339  RESTRAINT  =        0.0000


   NSTEP       ENERGY          RMS            GMAX         NAME    NUMBER
    100       8.7588E+01     2.7575E-01     1.0037E+00     C12         9

 BOND    =        4.1057  ANGLE   =        8.7618  DIHED      =       45.8795
 VDWAALS =       -4.8423  EEL     =       65.5582  HBOND      =        0.0000
 1-4 VDW =       17.7811  1-4 EEL =      -49.6560  RESTRAINT  =        0.0000


  Maximum number of minimization cycles reached.


                    FINAL RESULTS



   NSTEP       ENERGY          RMS            GMAX         NAME    NUMBER
    100       8.7588E+01     2.7575E-01     1.0037E+00     C12         9

 BOND    =        4.1057  ANGLE   =        8.7618  DIHED      =       45.8795
 VDWAALS =       -4.8423  EEL     =       65.5582  HBOND      =        0.0000
 1-4 VDW =       17.7811  1-4 EEL =      -49.6560  RESTRAINT  =        0.0000

--------------------------------------------------------------------------------
   5.  TIMINGS
--------------------------------------------------------------------------------

|    Read coords time           0.00 ( 0.52% of Total)
|    Fast Water setup           0.00 ( 0.01% of Total)
|                Build the list             0.00 (92.94% of List )
|                Other                      0.00 ( 7.06% of List )
|             List time                  0.00 ( 3.84% of Nonbo)
|                   Short_ene time             0.02 (99.32% of Direc)
|                   Other                      0.00 ( 0.68% of Direc)
|                Direct Ewald time          0.02 (93.53% of Ewald)
|                Force Adjust               0.00 ( 0.08% of Ewald)
|                Virial junk                0.00 ( 0.10% of Ewald)
|                Start synchronizatio       0.00 ( 0.11% of Ewald)
|                Other                      0.00 ( 6.18% of Ewald)
|             Ewald time                 0.02 (95.85% of Nonbo)
|             IPS excludes               0.00 ( 0.04% of Nonbo)
|             Other                      0.00 ( 0.27% of Nonbo)
|          Nonbond force              0.02 (67.86% of Force)
|          Bond/Angle/Dihedral        0.01 (31.61% of Force)
|          Other                      0.00 ( 0.53% of Force)
|       Force time                 0.04 (100.0% of Runmd)
|    Runmd Time                 0.04 (64.99% of Total)
|    Other                      0.02 (34.48% of Total)
| Total time                 0.06 (99.90% of ALL  )

| Number of list builds   :          1

| Highest rstack allocated:        315
| Highest istack allocated:         63
|           Job began  at 14:14:59.964  on 05/22/2015
|           Setup done at 14:14:59.969  on 05/22/2015
|           Run   done at 14:15:00.020  on 05/22/2015
|     wallclock() was called    2335 times
