
          -------------------------------------------------------
          Amber 14 SANDER                              2014
          -------------------------------------------------------

| Run on 02/04/2016 at 23:52:21

|   Executable path: sander
| Working directory: /gpfs/gpfs/project1/dacase-001/haichit/phenix_amber/run_amber_library/amber_library/3
|          Hostname: e1c056

  [-O]verwriting output

File Assignments:
|  MDIN: 3YN_sander.in                                                         
| MDOUT: 3YN.min_igb.out                                                       
|INPCRD: 3YN.rst7                                                              
|  PARM: 3YN.prmtop                                                            
|RESTRT: 3YN.min_igb.rst7                                                      
|  REFC: refc                                                                  
| MDVEL: mdvel                                                                 
| MDFRC: mdfrc                                                                 
|  MDEN: mden                                                                  
| MDCRD: mdcrd                                                                 
|MDINFO: mdinfo                                                                
|  MTMD: mtmd                                                                  
|INPDIP: inpdip                                                                
|RSTDIP: rstdip                                                                
|INPTRA: inptraj                                                               


 Here is the input file:

  short minimization                                                           
 &cntrl                                                                        
   imin=1, maxcyc=100, ncyc=50, ntpr=1, cut=99., ntb=0, igb=2                  
 /                                                                             

--------------------------------------------------------------------------------
   1.  RESOURCE   USE: 
--------------------------------------------------------------------------------

| Flags:                                                                        
| New format PARM file being parsed.
| Version =    1.000 Date = 02/04/16 Time = 23:52:21
 NATOM  =      56 NTYPES =      14 NBONH =      22 MBONA  =      36
 NTHETH =      51 MTHETA =      55 NPHIH =     111 MPHIA  =      94
 NHPARM =       0 NPARM  =       0 NNB   =     307 NRES   =       1
 NBONA  =      36 NTHETA =      55 NPHIA =      94 NUMBND =      20
 NUMANG =      45 NPTRA  =      36 NATYP =      16 NPHB   =       0
 IFBOX  =       0 NMXRS  =      56 IFCAP =       0 NEXTRA =       0
 NCOPY  =       0

 Implicit solvent radii are modified Bondi radii (mbondi)                                                   

|     Memory Use     Allocated
|     Real                8132
|     Hollerith            171
|     Integer            23116
|     Max Pairs              1
|     nblistReal             0
|     nblist Int             0
|       Total              154 kbytes

| Note: 1-4 EEL scale factors are being read from the topology file.

| Note: 1-4 VDW scale factors are being read from the topology file.
| Duplicated    0 dihedrals
| Duplicated    0 dihedrals

--------------------------------------------------------------------------------
   2.  CONTROL  DATA  FOR  THE  RUN
--------------------------------------------------------------------------------

3YN                                                                             

General flags:
     imin    =       1, nmropt  =       0

Nature and format of input:
     ntx     =       1, irest   =       0, ntrx    =       1

Nature and format of output:
     ntxo    =       1, ntpr    =       1, ntrx    =       1, ntwr    =       1
     iwrap   =       0, ntwx    =       0, ntwv    =       0, ntwe    =       0
     ioutfm  =       0, ntwprt  =       0, idecomp =       0, rbornstat=      0

Potential function:
     ntf     =       1, ntb     =       0, igb     =       2, nsnb    =      25
     ipol    =       0, gbsa    =       0, iesp    =       0
     dielc   =   1.00000, cut     =  99.00000, intdiel =   1.00000
     saltcon =   0.00000, offset  =   0.09000, gbalpha=    0.80000
     gbbeta  =   0.00000, gbgamma =   2.90912, surften =   0.00500
     rdt     =   0.00000, rgbmax  =  25.00000  extdiel =  78.50000
     alpb  =        0

Frozen or restrained atoms:
     ibelly  =       0, ntr     =       0

Energy minimization:
     maxcyc  =     100, ncyc    =      50, ntmin   =       1
     dx0     =   0.01000, drms    =   0.00010
|  INFO: Old style inpcrd file read


--------------------------------------------------------------------------------
   3.  ATOMIC COORDINATES AND VELOCITIES
--------------------------------------------------------------------------------

3YN                                                                             
 begin time read from input coords =     0.000 ps

 Number of triangulated 3-point waters found:        0

--------------------------------------------------------------------------------
   4.  RESULTS
--------------------------------------------------------------------------------



   NSTEP       ENERGY          RMS            GMAX         NAME    NUMBER
      1      -4.3150E+02     2.8111E+01     2.1208E+02     OPP        14

 BOND    =       13.4239  ANGLE   =      100.3680  DIHED      =       62.1952
 VDWAALS =       -1.8844  EEL     =      485.6327  EGB        =     -193.1960
 1-4 VDW =       11.1539  1-4 EEL =     -909.1901  RESTRAINT  =        0.0000


   NSTEP       ENERGY          RMS            GMAX         NAME    NUMBER
      2      -4.3539E+02     2.7785E+01     2.2300E+02     OPP        14

 BOND    =       12.0332  ANGLE   =       98.3143  DIHED      =       62.1860
 VDWAALS =       -1.9428  EEL     =      485.7385  EGB        =     -193.3069
 1-4 VDW =       11.1387  1-4 EEL =     -909.5475  RESTRAINT  =        0.0000


   NSTEP       ENERGY          RMS            GMAX         NAME    NUMBER
      3      -4.4044E+02     2.6441E+01     2.1806E+02     OPP        14

 BOND    =       10.6302  ANGLE   =       95.1855  DIHED      =       62.1783
 VDWAALS =       -2.0119  EEL     =      485.8648  EGB        =     -193.4413
 1-4 VDW =       11.1211  1-4 EEL =     -909.9716  RESTRAINT  =        0.0000


   NSTEP       ENERGY          RMS            GMAX         NAME    NUMBER
      4      -4.4619E+02     2.4926E+01     2.1216E+02     OPP        14

 BOND    =        9.2085  ANGLE   =       91.5099  DIHED      =       62.1702
 VDWAALS =       -2.0961  EEL     =      486.0154  EGB        =     -193.6092
 1-4 VDW =       11.1004  1-4 EEL =     -910.4928  RESTRAINT  =        0.0000


   NSTEP       ENERGY          RMS            GMAX         NAME    NUMBER
      5      -4.5266E+02     2.3245E+01     2.0505E+02     OPP        14

 BOND    =        7.8427  ANGLE   =       87.2180  DIHED      =       62.1594
 VDWAALS =       -2.1989  EEL     =      486.1957  EGB        =     -193.8189
 1-4 VDW =       11.0761  1-4 EEL =     -911.1356  RESTRAINT  =        0.0000


   NSTEP       ENERGY          RMS            GMAX         NAME    NUMBER
      6      -4.5986E+02     2.1428E+01     1.9647E+02     OPP        14

 BOND    =        6.6261  ANGLE   =       82.2489  DIHED      =       62.1437
 VDWAALS =       -2.3243  EEL     =      486.4131  EGB        =     -194.0794
 1-4 VDW =       11.0475  1-4 EEL =     -911.9314  RESTRAINT  =        0.0000


   NSTEP       ENERGY          RMS            GMAX         NAME    NUMBER
      7      -4.6776E+02     1.9522E+01     1.8614E+02     OPP        14

 BOND    =        5.6547  ANGLE   =       76.5647  DIHED      =       62.1212
 VDWAALS =       -2.4774  EEL     =      486.6780  EGB        =     -194.4001
 1-4 VDW =       11.0134  1-4 EEL =     -912.9193  RESTRAINT  =        0.0000


   NSTEP       ENERGY          RMS            GMAX         NAME    NUMBER
      8      -4.7636E+02     1.7593E+01     1.7376E+02     OPP        14

 BOND    =        4.9952  ANGLE   =       70.1747  DIHED      =       62.0904
 VDWAALS =       -2.6637  EEL     =      487.0064  EGB        =     -194.7882
 1-4 VDW =       10.9723  1-4 EEL =     -914.1477  RESTRAINT  =        0.0000


   NSTEP       ENERGY          RMS            GMAX         NAME    NUMBER
      9      -4.8561E+02     1.5688E+01     1.5902E+02     OPP        14

 BOND    =        4.6393  ANGLE   =       63.1693  DIHED      =       62.0499
 VDWAALS =       -2.8895  EEL     =      487.4237  EGB        =     -195.2462
 1-4 VDW =       10.9214  1-4 EEL =     -915.6734  RESTRAINT  =        0.0000


   NSTEP       ENERGY          RMS            GMAX         NAME    NUMBER
     10      -4.9543E+02     1.3787E+01     1.4145E+02     OPP        14

 BOND    =        4.4756  ANGLE   =       55.7579  DIHED      =       61.9991
 VDWAALS =       -3.1617  EEL     =      487.9711  EGB        =     -195.7678
 1-4 VDW =       10.8573  1-4 EEL =     -917.5641  RESTRAINT  =        0.0000


   NSTEP       ENERGY          RMS            GMAX         NAME    NUMBER
     11      -5.0568E+02     1.1815E+01     1.2068E+02     OPP        14

 BOND    =        4.3315  ANGLE   =       48.2977  DIHED      =       61.9381
 VDWAALS =       -3.4887  EEL     =      488.7183  EGB        =     -196.3381
 1-4 VDW =       10.7762  1-4 EEL =     -919.9140  RESTRAINT  =        0.0000


   NSTEP       ENERGY          RMS            GMAX         NAME    NUMBER
     12      -5.1600E+02     9.6861E+00     9.6492E+01     OPP        14

 BOND    =        4.0886  ANGLE   =       41.3180  DIHED      =       61.8683
 VDWAALS =       -3.8841  EEL     =      489.7764  EGB        =     -196.9667
 1-4 VDW =       10.6752  1-4 EEL =     -922.8797  RESTRAINT  =        0.0000


   NSTEP       ENERGY          RMS            GMAX         NAME    NUMBER
     13      -5.2583E+02     7.4224E+00     6.9051E+01     OPP        14

 BOND    =        3.7934  ANGLE   =       35.5429  DIHED      =       61.7925
 VDWAALS =       -4.3688  EEL     =      491.3176  EGB        =     -197.7181
 1-4 VDW =       10.5514  1-4 EEL =     -926.7439  RESTRAINT  =        0.0000


   NSTEP       ENERGY          RMS            GMAX         NAME    NUMBER
     14      -5.3450E+02     5.2896E+00     4.0634E+01     OPP        14

 BOND    =        3.6660  ANGLE   =       31.7635  DIHED      =       61.7127
 VDWAALS =       -4.9689  EEL     =      493.6298  EGB        =     -198.7120
 1-4 VDW =       10.3933  1-4 EEL =     -931.9836  RESTRAINT  =        0.0000


   NSTEP       ENERGY          RMS            GMAX         NAME    NUMBER
     15      -5.4178E+02     3.7956E+00     2.4783E+01     O3P         3

 BOND    =        3.9269  ANGLE   =       29.9965  DIHED      =       61.6203
 VDWAALS =       -5.6813  EEL     =      497.2034  EGB        =     -199.9946
 1-4 VDW =       10.1529  1-4 EEL =     -939.0061  RESTRAINT  =        0.0000


   NSTEP       ENERGY          RMS            GMAX         NAME    NUMBER
     16      -5.4834E+02     3.0634E+00     2.2268E+01     O3P         3

 BOND    =        4.4573  ANGLE   =       27.9589  DIHED      =       61.5231
 VDWAALS =       -6.3629  EEL     =      502.2929  EGB        =     -201.4667
 1-4 VDW =        9.7871  1-4 EEL =     -946.5317  RESTRAINT  =        0.0000


   NSTEP       ENERGY          RMS            GMAX         NAME    NUMBER
     17      -5.5166E+02     1.0427E+01     5.1410E+01     C21        27

 BOND    =        7.5224  ANGLE   =       24.5556  DIHED      =       61.4576
 VDWAALS =       -6.7922  EEL     =      507.8698  EGB        =     -203.1789
 1-4 VDW =        9.2873  1-4 EEL =     -952.3845  RESTRAINT  =        0.0000


   NSTEP       ENERGY          RMS            GMAX         NAME    NUMBER
     18      -5.0725E+02     4.3730E+01     2.5195E+02     C21        27

 BOND    =       43.0014  ANGLE   =       35.0732  DIHED      =       61.5141
 VDWAALS =       -7.1102  EEL     =      509.2153  EGB        =     -204.9474
 1-4 VDW =        9.8372  1-4 EEL =     -953.8381  RESTRAINT  =        0.0000


   NSTEP       ENERGY          RMS            GMAX         NAME    NUMBER
     19      -5.4968E+02     1.5612E+01     7.7778E+01     C21        27

 BOND    =        9.3266  ANGLE   =       25.2325  DIHED      =       61.5027
 VDWAALS =       -7.0519  EEL     =      510.0034  EGB        =     -203.8286
 1-4 VDW =        9.3861  1-4 EEL =     -954.2485  RESTRAINT  =        0.0000


   NSTEP       ENERGY          RMS            GMAX         NAME    NUMBER
     20      -5.4898E+02     1.7628E+01     1.0447E+02     C21        27

 BOND    =       11.1568  ANGLE   =       23.7026  DIHED      =       61.4798
 VDWAALS =       -6.9827  EEL     =      511.0770  EGB        =     -203.1275
 1-4 VDW =        9.1339  1-4 EEL =     -955.4199  RESTRAINT  =        0.0000


   NSTEP       ENERGY          RMS            GMAX         NAME    NUMBER
     21      -5.5684E+02     2.5293E+00     1.5874E+01     O3P         3

 BOND    =        5.1328  ANGLE   =       23.0038  DIHED      =       61.4916
 VDWAALS =       -7.0442  EEL     =      510.9358  EGB        =     -203.8362
 1-4 VDW =        9.1769  1-4 EEL =     -955.7040  RESTRAINT  =        0.0000


   NSTEP       ENERGY          RMS            GMAX         NAME    NUMBER
     22      -5.5722E+02     6.9929E+00     3.5603E+01     P2          2

 BOND    =        5.5751  ANGLE   =       22.1814  DIHED      =       61.5155
 VDWAALS =       -7.2542  EEL     =      513.7454  EGB        =     -204.0997
 1-4 VDW =        9.1314  1-4 EEL =     -958.0135  RESTRAINT  =        0.0000


   NSTEP       ENERGY          RMS            GMAX         NAME    NUMBER
     23      -5.5520E+02     1.1613E+01     5.1629E+01     N31        29

 BOND    =        9.3031  ANGLE   =       22.4207  DIHED      =       61.5064
 VDWAALS =       -7.2037  EEL     =      514.2172  EGB        =     -204.7217
 1-4 VDW =        8.9328  1-4 EEL =     -959.6524  RESTRAINT  =        0.0000


   NSTEP       ENERGY          RMS            GMAX         NAME    NUMBER
     24      -5.5943E+02     3.0101E+00     1.3409E+01     O3P         3

 BOND    =        5.5278  ANGLE   =       21.4322  DIHED      =       61.5173
 VDWAALS =       -7.2751  EEL     =      514.7247  EGB        =     -204.6038
 1-4 VDW =        9.0027  1-4 EEL =     -959.7514  RESTRAINT  =        0.0000


   NSTEP       ENERGY          RMS            GMAX         NAME    NUMBER
     25      -5.5916E+02     6.6385E+00     3.3256E+01     P2          2

 BOND    =        5.6105  ANGLE   =       21.1700  DIHED      =       61.5363
 VDWAALS =       -7.4121  EEL     =      516.4703  EGB        =     -204.5552
 1-4 VDW =        9.0099  1-4 EEL =     -960.9945  RESTRAINT  =        0.0000


   NSTEP       ENERGY          RMS            GMAX         NAME    NUMBER
     26      -5.6063E+02     2.1840E+00     1.2149E+01     O3P         3

 BOND    =        5.0797  ANGLE   =       20.7391  DIHED      =       61.5328
 VDWAALS =       -7.3984  EEL     =      516.5888  EGB        =     -204.7295
 1-4 VDW =        8.9650  1-4 EEL =     -961.4036  RESTRAINT  =        0.0000


   NSTEP       ENERGY          RMS            GMAX         NAME    NUMBER
     27      -5.6109E+02     3.3380E+00     1.2376E+01     N31        29

 BOND    =        5.7039  ANGLE   =       20.4229  DIHED      =       61.5391
 VDWAALS =       -7.4388  EEL     =      517.5352  EGB        =     -205.0834
 1-4 VDW =        8.9104  1-4 EEL =     -962.6795  RESTRAINT  =        0.0000


   NSTEP       ENERGY          RMS            GMAX         NAME    NUMBER
     28      -5.6104E+02     5.7055E+00     2.6033E+01     C41        30

 BOND    =        5.6365  ANGLE   =       20.2252  DIHED      =       61.5479
 VDWAALS =       -7.5198  EEL     =      518.5763  EGB        =     -204.9808
 1-4 VDW =        8.9168  1-4 EEL =     -963.4373  RESTRAINT  =        0.0000


   NSTEP       ENERGY          RMS            GMAX         NAME    NUMBER
     29      -5.6192E+02     1.9053E+00     1.1021E+01     O3P         3

 BOND    =        5.2200  ANGLE   =       20.0010  DIHED      =       61.5492
 VDWAALS =       -7.5208  EEL     =      518.7604  EGB        =     -205.0963
 1-4 VDW =        8.8983  1-4 EEL =     -963.7320  RESTRAINT  =        0.0000


   NSTEP       ENERGY          RMS            GMAX         NAME    NUMBER
     30      -5.6236E+02     2.0805E+00     1.0597E+01     O2P        17

 BOND    =        5.5321  ANGLE   =       19.7236  DIHED      =       61.5528
 VDWAALS =       -7.5538  EEL     =      519.5249  EGB        =     -205.3228
 1-4 VDW =        8.8616  1-4 EEL =     -964.6823  RESTRAINT  =        0.0000


   NSTEP       ENERGY          RMS            GMAX         NAME    NUMBER
     31      -5.6275E+02     2.7027E+00     1.3035E+01     P2          2

 BOND    =        5.3308  ANGLE   =       19.4982  DIHED      =       61.5634
 VDWAALS =       -7.6272  EEL     =      520.5824  EGB        =     -205.3360
 1-4 VDW =        8.8611  1-4 EEL =     -965.6220  RESTRAINT  =        0.0000


   NSTEP       ENERGY          RMS            GMAX         NAME    NUMBER
     32      -5.6296E+02     3.7061E+00     1.6317E+01     P2          2

 BOND    =        5.9901  ANGLE   =       19.2248  DIHED      =       61.5611
 VDWAALS =       -7.6375  EEL     =      521.2344  EGB        =     -205.6244
 1-4 VDW =        8.8127  1-4 EEL =     -966.5231  RESTRAINT  =        0.0000


   NSTEP       ENERGY          RMS            GMAX         NAME    NUMBER
     33      -5.6308E+02     4.6948E+00     2.1405E+01     P2          2

 BOND    =        5.7055  ANGLE   =       19.2056  DIHED      =       61.5762
 VDWAALS =       -7.7197  EEL     =      522.1524  EGB        =     -205.5479
 1-4 VDW =        8.8372  1-4 EEL =     -967.2874  RESTRAINT  =        0.0000


   NSTEP       ENERGY          RMS            GMAX         NAME    NUMBER
     34      -5.6292E+02     6.4487E+00     2.7414E+01     C41        30

 BOND    =        6.5994  ANGLE   =       18.9520  DIHED      =       61.5655
 VDWAALS =       -7.7064  EEL     =      522.6052  EGB        =     -205.7944
 1-4 VDW =        8.7896  1-4 EEL =     -967.9310  RESTRAINT  =        0.0000


   NSTEP       ENERGY          RMS            GMAX         NAME    NUMBER
     35      -5.6409E+02     1.8543E+00     9.2595E+00     O2P        17

 BOND    =        5.6313  ANGLE   =       18.7359  DIHED      =       61.5737
 VDWAALS =       -7.7378  EEL     =      522.9125  EGB        =     -205.7829
 1-4 VDW =        8.7958  1-4 EEL =     -968.2190  RESTRAINT  =        0.0000


   NSTEP       ENERGY          RMS            GMAX         NAME    NUMBER
     36      -5.6435E+02     3.2250E+00     1.3705E+01     N31        29

 BOND    =        5.6333  ANGLE   =       18.5672  DIHED      =       61.5831
 VDWAALS =       -7.8072  EEL     =      523.9626  EGB        =     -205.8204
 1-4 VDW =        8.7946  1-4 EEL =     -969.2585  RESTRAINT  =        0.0000


   NSTEP       ENERGY          RMS            GMAX         NAME    NUMBER
     37      -5.6424E+02     5.1689E+00     2.3949E+01     C21        27

 BOND    =        6.2630  ANGLE   =       18.4299  DIHED      =       61.5803
 VDWAALS =       -7.8143  EEL     =      524.5169  EGB        =     -206.0569
 1-4 VDW =        8.7719  1-4 EEL =     -969.9333  RESTRAINT  =        0.0000


   NSTEP       ENERGY          RMS            GMAX         NAME    NUMBER
     38      -5.6496E+02     1.6008E+00     8.5805E+00     O2P        17

 BOND    =        5.6900  ANGLE   =       18.2601  DIHED      =       61.5826
 VDWAALS =       -7.8340  EEL     =      524.7397  EGB        =     -206.0177
 1-4 VDW =        8.7702  1-4 EEL =     -970.1468  RESTRAINT  =        0.0000


   NSTEP       ENERGY          RMS            GMAX         NAME    NUMBER
     39      -5.6526E+02     1.8792E+00     7.8755E+00     O3P         3

 BOND    =        5.6312  ANGLE   =       18.1265  DIHED      =       61.5896
 VDWAALS =       -7.8853  EEL     =      525.5509  EGB        =     -206.0622
 1-4 VDW =        8.7706  1-4 EEL =     -970.9806  RESTRAINT  =        0.0000


   NSTEP       ENERGY          RMS            GMAX         NAME    NUMBER
     40      -5.6548E+02     2.5688E+00     1.0794E+01     P2          2

 BOND    =        5.9403  ANGLE   =       17.9041  DIHED      =       61.5855
 VDWAALS =       -7.9040  EEL     =      526.2352  EGB        =     -206.2459
 1-4 VDW =        8.7498  1-4 EEL =     -971.7454  RESTRAINT  =        0.0000


   NSTEP       ENERGY          RMS            GMAX         NAME    NUMBER
     41      -5.6561E+02     3.2662E+00     1.5996E+01     P2          2

 BOND    =        5.8384  ANGLE   =       17.8887  DIHED      =       61.5977
 VDWAALS =       -7.9644  EEL     =      526.9772  EGB        =     -206.2035
 1-4 VDW =        8.7612  1-4 EEL =     -972.5092  RESTRAINT  =        0.0000


   NSTEP       ENERGY          RMS            GMAX         NAME    NUMBER
     42      -5.6570E+02     3.9058E+00     1.7617E+01     P2          2

 BOND    =        6.2665  ANGLE   =       17.6842  DIHED      =       61.5853
 VDWAALS =       -7.9586  EEL     =      527.4583  EGB        =     -206.4334
 1-4 VDW =        8.7400  1-4 EEL =     -973.0452  RESTRAINT  =        0.0000


   NSTEP       ENERGY          RMS            GMAX         NAME    NUMBER
     43      -5.6569E+02     4.7791E+00     2.2759E+01     N31        29

 BOND    =        6.1975  ANGLE   =       17.7315  DIHED      =       61.6034
 VDWAALS =       -8.0287  EEL     =      528.1652  EGB        =     -206.3090
 1-4 VDW =        8.7525  1-4 EEL =     -973.7979  RESTRAINT  =        0.0000


   NSTEP       ENERGY          RMS            GMAX         NAME    NUMBER
     44      -5.6650E+02     1.3014E+00     6.5006E+00     O3P         3

 BOND    =        5.7886  ANGLE   =       17.4758  DIHED      =       61.5953
 VDWAALS =       -8.0199  EEL     =      528.3354  EGB        =     -206.4340
 1-4 VDW =        8.7459  1-4 EEL =     -973.9836  RESTRAINT  =        0.0000


   NSTEP       ENERGY          RMS            GMAX         NAME    NUMBER
     45      -5.6682E+02     2.0379E+00     7.8343E+00     O2P        17

 BOND    =        5.9790  ANGLE   =       17.2084  DIHED      =       61.5925
 VDWAALS =       -8.0594  EEL     =      529.3246  EGB        =     -206.5646
 1-4 VDW =        8.7317  1-4 EEL =     -975.0362  RESTRAINT  =        0.0000


   NSTEP       ENERGY          RMS            GMAX         NAME    NUMBER
     46      -5.6659E+02     4.9353E+00     2.2793E+01     C21        27

 BOND    =        6.2743  ANGLE   =       17.3977  DIHED      =       61.6030
 VDWAALS =       -8.1155  EEL     =      530.0874  EGB        =     -206.6640
 1-4 VDW =        8.7595  1-4 EEL =     -975.9275  RESTRAINT  =        0.0000


   NSTEP       ENERGY          RMS            GMAX         NAME    NUMBER
     47      -5.6722E+02     1.4726E+00     5.8395E+00     O3P         3

 BOND    =        5.8768  ANGLE   =       17.1212  DIHED      =       61.5978
 VDWAALS =       -8.1130  EEL     =      530.2377  EGB        =     -206.6410
 1-4 VDW =        8.7430  1-4 EEL =     -976.0404  RESTRAINT  =        0.0000


   NSTEP       ENERGY          RMS            GMAX         NAME    NUMBER
     48      -5.6739E+02     1.9468E+00     7.6083E+00     O2P        17

 BOND    =        6.0611  ANGLE   =       16.9213  DIHED      =       61.5914
 VDWAALS =       -8.1281  EEL     =      530.7954  EGB        =     -206.7351
 1-4 VDW =        8.7298  1-4 EEL =     -976.6249  RESTRAINT  =        0.0000


   NSTEP       ENERGY          RMS            GMAX         NAME    NUMBER
     49      -5.6746E+02     2.8436E+00     1.2097E+01     N11        26

 BOND    =        6.0524  ANGLE   =       17.0212  DIHED      =       61.5996
 VDWAALS =       -8.1696  EEL     =      531.3287  EGB        =     -206.7811
 1-4 VDW =        8.7509  1-4 EEL =     -977.2668  RESTRAINT  =        0.0000


   NSTEP       ENERGY          RMS            GMAX         NAME    NUMBER
     50      -5.6746E+02     3.8755E+00     1.9747E+01     C21        27

 BOND    =        6.2977  ANGLE   =       16.7403  DIHED      =       61.5873
 VDWAALS =       -8.1688  EEL     =      531.7533  EGB        =     -206.7760
 1-4 VDW =        8.7271  1-4 EEL =     -977.6207  RESTRAINT  =        0.0000


   NSTEP       ENERGY          RMS            GMAX         NAME    NUMBER
     51      -5.6786E+02     1.1787E+00     6.4355E+00     O2P        17

 BOND    =        6.0196  ANGLE   =       16.7594  DIHED      =       61.5915
 VDWAALS =       -8.1830  EEL     =      531.8763  EGB        =     -206.8450
 1-4 VDW =        8.7374  1-4 EEL =     -977.8188  RESTRAINT  =        0.0000


   NSTEP       ENERGY          RMS            GMAX         NAME    NUMBER
     52      -5.6782E+02     5.0861E+00     2.4558E+01     P2          2

 BOND    =        6.5478  ANGLE   =       16.7472  DIHED      =       61.5996
 VDWAALS =       -8.3040  EEL     =      534.1372  EGB        =     -206.9739
 1-4 VDW =        8.7702  1-4 EEL =     -980.3419  RESTRAINT  =        0.0000


   NSTEP       ENERGY          RMS            GMAX         NAME    NUMBER
     53      -5.6810E+02     2.3531E+00     1.0599E+01     P2          2

 BOND    =        6.0785  ANGLE   =       16.6886  DIHED      =       61.5949
 VDWAALS =       -8.2423  EEL     =      532.9517  EGB        =     -206.9031
 1-4 VDW =        8.7517  1-4 EEL =     -979.0216  RESTRAINT  =        0.0000


   NSTEP       ENERGY          RMS            GMAX         NAME    NUMBER
     54      -5.6856E+02     2.2179E+00     1.0588E+01     P2          2

 BOND    =        6.1211  ANGLE   =       16.4792  DIHED      =       61.5914
 VDWAALS =       -8.2986  EEL     =      534.2741  EGB        =     -207.0364
 1-4 VDW =        8.7590  1-4 EEL =     -980.4546  RESTRAINT  =        0.0000


   NSTEP       ENERGY          RMS            GMAX         NAME    NUMBER
     55      -5.7108E+02     4.1976E+00     2.5784E+01     C41        30

 BOND    =        6.9372  ANGLE   =       15.4705  DIHED      =       61.5825
 VDWAALS =       -8.6778  EEL     =      547.0959  EGB        =     -208.6426
 1-4 VDW =        8.9781  1-4 EEL =     -993.8269  RESTRAINT  =        0.0000


   NSTEP       ENERGY          RMS            GMAX         NAME    NUMBER
     56      -5.7116E+02     5.0367E+00     3.1516E+01     C41        30

 BOND    =        7.2470  ANGLE   =       15.4698  DIHED      =       61.5856
 VDWAALS =       -8.7231  EEL     =      550.0973  EGB        =     -209.0854
 1-4 VDW =        9.0727  1-4 EEL =     -996.8262  RESTRAINT  =        0.0000


   NSTEP       ENERGY          RMS            GMAX         NAME    NUMBER
     57      -5.6459E+02     1.4747E+01     9.0739E+01     C41        30

 BOND    =       12.2019  ANGLE   =       17.4709  DIHED      =       61.6055
 VDWAALS =       -8.4902  EEL     =      569.7457  EGB        =     -212.1652
 1-4 VDW =       10.1830  1-4 EEL =    -1015.1452  RESTRAINT  =        0.0000


   NSTEP       ENERGY          RMS            GMAX         NAME    NUMBER
     58      -5.7189E+02     1.4600E+00     7.0553E+00     O3P         3

 BOND    =        7.0148  ANGLE   =       15.3626  DIHED      =       61.5875
 VDWAALS =       -8.7583  EEL     =      554.6715  EGB        =     -209.7453
 1-4 VDW =        9.2450  1-4 EEL =    -1001.2681  RESTRAINT  =        0.0000


   NSTEP       ENERGY          RMS            GMAX         NAME    NUMBER
     59      -5.7199E+02     1.0230E+00     5.7984E+00     O1P        16

 BOND    =        6.8322  ANGLE   =       15.3229  DIHED      =       61.5837
 VDWAALS =       -8.7636  EEL     =      554.5669  EGB        =     -209.5666
 1-4 VDW =        9.2424  1-4 EEL =    -1001.2103  RESTRAINT  =        0.0000


   NSTEP       ENERGY          RMS            GMAX         NAME    NUMBER
     60      -5.7205E+02     1.3047E+00     5.7017E+00     P          15

 BOND    =        6.6436  ANGLE   =       15.2690  DIHED      =       61.5779
 VDWAALS =       -8.7715  EEL     =      554.4076  EGB        =     -209.2952
 1-4 VDW =        9.2388  1-4 EEL =    -1001.1211  RESTRAINT  =        0.0000


   NSTEP       ENERGY          RMS            GMAX         NAME    NUMBER
     61      -5.7224E+02     1.0428E+00     3.7584E+00     O1P        16

 BOND    =        6.9967  ANGLE   =       14.9484  DIHED      =       61.5193
 VDWAALS =       -8.7830  EEL     =      554.3431  EGB        =     -209.0661
 1-4 VDW =        9.2376  1-4 EEL =    -1001.4350  RESTRAINT  =        0.0000


   NSTEP       ENERGY          RMS            GMAX         NAME    NUMBER
     62      -5.7228E+02     1.5715E+00     5.9365E+00     O5'        18

 BOND    =        7.3472  ANGLE   =       14.7249  DIHED      =       61.4735
 VDWAALS =       -8.7909  EEL     =      554.2922  EGB        =     -208.8901
 1-4 VDW =        9.2371  1-4 EEL =    -1001.6777  RESTRAINT  =        0.0000


   NSTEP       ENERGY          RMS            GMAX         NAME    NUMBER
     63      -5.7262E+02     1.6592E+00     8.8547E+00     OPP        14

 BOND    =        8.0957  ANGLE   =       14.8463  DIHED      =       61.3523
 VDWAALS =       -8.7926  EEL     =      554.1084  EGB        =     -208.8053
 1-4 VDW =        9.2928  1-4 EEL =    -1002.7211  RESTRAINT  =        0.0000


   NSTEP       ENERGY          RMS            GMAX         NAME    NUMBER
     64      -5.7271E+02     2.7610E+00     1.1810E+01     OPP        14

 BOND    =        8.8418  ANGLE   =       14.9958  DIHED      =       61.2545
 VDWAALS =       -8.7860  EEL     =      553.9473  EGB        =     -208.7486
 1-4 VDW =        9.3394  1-4 EEL =    -1003.5537  RESTRAINT  =        0.0000


   NSTEP       ENERGY          RMS            GMAX         NAME    NUMBER
     65      -5.7337E+02     2.0290E+00     1.1810E+01     P2          2

 BOND    =        8.7390  ANGLE   =       15.5863  DIHED      =       61.0578
 VDWAALS =       -8.7240  EEL     =      553.5978  EGB        =     -208.3830
 1-4 VDW =        9.3941  1-4 EEL =    -1004.6424  RESTRAINT  =        0.0000


   NSTEP       ENERGY          RMS            GMAX         NAME    NUMBER
     66      -5.7365E+02     3.0042E+00     1.4810E+01     P          15

 BOND    =        8.8385  ANGLE   =       16.5622  DIHED      =       60.8313
 VDWAALS =       -8.6008  EEL     =      553.0966  EGB        =     -208.0225
 1-4 VDW =        9.4663  1-4 EEL =    -1005.8207  RESTRAINT  =        0.0000


   NSTEP       ENERGY          RMS            GMAX         NAME    NUMBER
     67      -5.7399E+02     3.4933E+00     1.9094E+01     C21        27

 BOND    =        6.6838  ANGLE   =       17.9014  DIHED      =       60.4484
 VDWAALS =       -8.2542  EEL     =      551.3658  EGB        =     -208.0879
 1-4 VDW =        9.4631  1-4 EEL =    -1003.5117  RESTRAINT  =        0.0000


   NSTEP       ENERGY          RMS            GMAX         NAME    NUMBER
     68      -5.7423E+02     1.8779E+00     7.3767E+00     C21        27

 BOND    =        7.2761  ANGLE   =       17.2699  DIHED      =       60.5949
 VDWAALS =       -8.4051  EEL     =      552.0651  EGB        =     -208.0178
 1-4 VDW =        9.4602  1-4 EEL =    -1004.4701  RESTRAINT  =        0.0000


   NSTEP       ENERGY          RMS            GMAX         NAME    NUMBER
     69      -5.7443E+02     1.4890E+00     6.5526E+00     C41        30

 BOND    =        6.8294  ANGLE   =       16.8866  DIHED      =       60.5198
 VDWAALS =       -8.3339  EEL     =      550.0986  EGB        =     -207.9362
 1-4 VDW =        9.3862  1-4 EEL =    -1001.8818  RESTRAINT  =        0.0000


   NSTEP       ENERGY          RMS            GMAX         NAME    NUMBER
     70      -5.7443E+02     1.3667E+00     5.9869E+00     C41        30

 BOND    =        6.8532  ANGLE   =       16.9146  DIHED      =       60.5261
 VDWAALS =       -8.3404  EEL     =      550.2645  EGB        =     -207.9428
 1-4 VDW =        9.3918  1-4 EEL =    -1002.1001  RESTRAINT  =        0.0000


   NSTEP       ENERGY          RMS            GMAX         NAME    NUMBER
     71      -5.7457E+02     1.0502E+00     4.1804E+00     O5'        18

 BOND    =        6.8876  ANGLE   =       16.6494  DIHED      =       60.5232
 VDWAALS =       -8.2994  EEL     =      548.4335  EGB        =     -207.7376
 1-4 VDW =        9.3284  1-4 EEL =    -1000.3570  RESTRAINT  =        0.0000


   NSTEP       ENERGY          RMS            GMAX         NAME    NUMBER
     72      -5.7458E+02     1.3129E+00     5.1642E+00     P2          2

 BOND    =        6.9244  ANGLE   =       16.5660  DIHED      =       60.5227
 VDWAALS =       -8.2833  EEL     =      547.7685  EGB        =     -207.6635
 1-4 VDW =        9.3070  1-4 EEL =     -999.7242  RESTRAINT  =        0.0000


   NSTEP       ENERGY          RMS            GMAX         NAME    NUMBER
     73      -5.7478E+02     1.0560E+00     3.4191E+00     O4P         1

 BOND    =        7.0844  ANGLE   =       15.8115  DIHED      =       60.5546
 VDWAALS =       -8.2063  EEL     =      546.0416  EGB        =     -207.2729
 1-4 VDW =        9.2343  1-4 EEL =     -998.0283  RESTRAINT  =        0.0000


   NSTEP       ENERGY          RMS            GMAX         NAME    NUMBER
     74      -5.7480E+02     1.4389E+00     5.0278E+00     C61        34

 BOND    =        7.1955  ANGLE   =       15.4993  DIHED      =       60.5700
 VDWAALS =       -8.1690  EEL     =      545.2479  EGB        =     -207.0973
 1-4 VDW =        9.2024  1-4 EEL =     -997.2518  RESTRAINT  =        0.0000


   NSTEP       ENERGY          RMS            GMAX         NAME    NUMBER
     75      -5.7504E+02     1.2700E+00     4.4418E+00     OPP        14

 BOND    =        7.2102  ANGLE   =       14.3300  DIHED      =       60.6309
 VDWAALS =       -8.0298  EEL     =      544.1224  EGB        =     -206.9115
 1-4 VDW =        9.1563  1-4 EEL =     -995.5509  RESTRAINT  =        0.0000


   NSTEP       ENERGY          RMS            GMAX         NAME    NUMBER
     76      -5.7506E+02     1.0935E+00     4.0885E+00     OPP        14

 BOND    =        7.1523  ANGLE   =       14.3539  DIHED      =       60.6331
 VDWAALS =       -8.0282  EEL     =      544.1318  EGB        =     -206.9125
 1-4 VDW =        9.1584  1-4 EEL =     -995.5536  RESTRAINT  =        0.0000


   NSTEP       ENERGY          RMS            GMAX         NAME    NUMBER
     77      -5.7509E+02     9.1965E-01     3.6562E+00     OPP        14

 BOND    =        7.0859  ANGLE   =       14.3836  DIHED      =       60.6356
 VDWAALS =       -8.0262  EEL     =      544.1435  EGB        =     -206.9139
 1-4 VDW =        9.1606  1-4 EEL =     -995.5569  RESTRAINT  =        0.0000


   NSTEP       ENERGY          RMS            GMAX         NAME    NUMBER
     78      -5.7511E+02     7.6602E-01     3.1395E+00     OPP        14

 BOND    =        7.0119  ANGLE   =       14.4192  DIHED      =       60.6383
 VDWAALS =       -8.0236  EEL     =      544.1581  EGB        =     -206.9155
 1-4 VDW =        9.1628  1-4 EEL =     -995.5618  RESTRAINT  =        0.0000


   NSTEP       ENERGY          RMS            GMAX         NAME    NUMBER
     79      -5.7513E+02     6.4821E-01     2.6371E+00     O4P         1

 BOND    =        6.9343  ANGLE   =       14.4588  DIHED      =       60.6407
 VDWAALS =       -8.0204  EEL     =      544.1756  EGB        =     -206.9163
 1-4 VDW =        9.1647  1-4 EEL =     -995.5711  RESTRAINT  =        0.0000


   NSTEP       ENERGY          RMS            GMAX         NAME    NUMBER
     80      -5.7330E+02     5.7007E+00     2.7456E+01     P          15

 BOND    =        5.9600  ANGLE   =       16.9203  DIHED      =       60.7291
 VDWAALS =       -7.8252  EEL     =      544.9251  EGB        =     -206.8760
 1-4 VDW =        9.2231  1-4 EEL =     -996.3590  RESTRAINT  =        0.0000


   NSTEP       ENERGY          RMS            GMAX         NAME    NUMBER
     81      -5.7522E+02     8.5133E-01     4.9108E+00     P          15

 BOND    =        6.4902  ANGLE   =       14.7542  DIHED      =       60.6540
 VDWAALS =       -7.9908  EEL     =      544.3090  EGB        =     -206.9002
 1-4 VDW =        9.1732  1-4 EEL =     -995.7118  RESTRAINT  =        0.0000


   NSTEP       ENERGY          RMS            GMAX         NAME    NUMBER
     82      -5.7533E+02     8.0228E-01     2.4983E+00     C61        34

 BOND    =        6.5853  ANGLE   =       14.8465  DIHED      =       60.6474
 VDWAALS =       -7.9476  EEL     =      544.3515  EGB        =     -206.7475
 1-4 VDW =        9.1703  1-4 EEL =     -996.2316  RESTRAINT  =        0.0000


   NSTEP       ENERGY          RMS            GMAX         NAME    NUMBER
     83      -5.7533E+02     9.4683E-01     3.2156E+00     C61        34

 BOND    =        6.6151  ANGLE   =       14.8719  DIHED      =       60.6462
 VDWAALS =       -7.9388  EEL     =      544.3598  EGB        =     -206.7180
 1-4 VDW =        9.1699  1-4 EEL =     -996.3349  RESTRAINT  =        0.0000


   NSTEP       ENERGY          RMS            GMAX         NAME    NUMBER
     84      -5.7541E+02     1.2287E+00     5.6330E+00     C61        34

 BOND    =        6.9758  ANGLE   =       15.1857  DIHED      =       60.6625
 VDWAALS =       -7.8448  EEL     =      544.2024  EGB        =     -206.4314
 1-4 VDW =        9.2140  1-4 EEL =     -997.3761  RESTRAINT  =        0.0000


   NSTEP       ENERGY          RMS            GMAX         NAME    NUMBER
     85      -5.7542E+02     9.8810E-01     4.0102E+00     C61        34

 BOND    =        6.8961  ANGLE   =       15.1211  DIHED      =       60.6595
 VDWAALS =       -7.8625  EEL     =      544.2316  EGB        =     -206.4827
 1-4 VDW =        9.2055  1-4 EEL =     -997.1849  RESTRAINT  =        0.0000


   NSTEP       ENERGY          RMS            GMAX         NAME    NUMBER
     86      -5.7554E+02     9.9871E-01     5.0656E+00     P          15

 BOND    =        7.0715  ANGLE   =       15.0438  DIHED      =       60.6588
 VDWAALS =       -7.7691  EEL     =      544.0648  EGB        =     -206.3096
 1-4 VDW =        9.2115  1-4 EEL =     -997.5075  RESTRAINT  =        0.0000


   NSTEP       ENERGY          RMS            GMAX         NAME    NUMBER
     87      -5.7555E+02     1.4392E+00     6.8810E+00     C41        30

 BOND    =        7.1956  ANGLE   =       15.0207  DIHED      =       60.6597
 VDWAALS =       -7.7159  EEL     =      543.9739  EGB        =     -206.2209
 1-4 VDW =        9.2158  1-4 EEL =     -997.6815  RESTRAINT  =        0.0000


   NSTEP       ENERGY          RMS            GMAX         NAME    NUMBER
     88      -5.7570E+02     1.0217E+00     3.6072E+00     C41        30

 BOND    =        7.1595  ANGLE   =       14.4736  DIHED      =       60.6466
 VDWAALS =       -7.5401  EEL     =      543.7514  EGB        =     -205.9916
 1-4 VDW =        9.1958  1-4 EEL =     -997.3976  RESTRAINT  =        0.0000


   NSTEP       ENERGY          RMS            GMAX         NAME    NUMBER
     89      -5.7570E+02     1.1155E+00     4.6954E+00     C41        30

 BOND    =        7.1638  ANGLE   =       14.4229  DIHED      =       60.6456
 VDWAALS =       -7.5208  EEL     =      543.7281  EGB        =     -205.9695
 1-4 VDW =        9.1940  1-4 EEL =     -997.3677  RESTRAINT  =        0.0000


   NSTEP       ENERGY          RMS            GMAX         NAME    NUMBER
     90      -5.7581E+02     9.3673E-01     3.5230E+00     C4          9

 BOND    =        6.8396  ANGLE   =       14.2178  DIHED      =       60.6331
 VDWAALS =       -7.3532  EEL     =      543.2581  EGB        =     -205.9141
 1-4 VDW =        9.1762  1-4 EEL =     -996.6707  RESTRAINT  =        0.0000


   NSTEP       ENERGY          RMS            GMAX         NAME    NUMBER
     91      -5.7582E+02     1.1243E+00     4.6229E+00     C41        30

 BOND    =        6.7782  ANGLE   =       14.1773  DIHED      =       60.6302
 VDWAALS =       -7.3119  EEL     =      543.1465  EGB        =     -205.9033
 1-4 VDW =        9.1723  1-4 EEL =     -996.5066  RESTRAINT  =        0.0000


   NSTEP       ENERGY          RMS            GMAX         NAME    NUMBER
     92      -5.7592E+02     1.0923E+00     3.7086E+00     C4          9

 BOND    =        6.6367  ANGLE   =       14.1991  DIHED      =       60.6076
 VDWAALS =       -7.0343  EEL     =      542.0403  EGB        =     -205.9513
 1-4 VDW =        9.1476  1-4 EEL =     -995.5676  RESTRAINT  =        0.0000


   NSTEP       ENERGY          RMS            GMAX         NAME    NUMBER
     93      -5.7592E+02     9.9831E-01     3.3203E+00     C4          9

 BOND    =        6.6413  ANGLE   =       14.1948  DIHED      =       60.6094
 VDWAALS =       -7.0588  EEL     =      542.1338  EGB        =     -205.9463
 1-4 VDW =        9.1496  1-4 EEL =     -995.6465  RESTRAINT  =        0.0000


   NSTEP       ENERGY          RMS            GMAX         NAME    NUMBER
     94      -5.7601E+02     9.4143E-01     3.2414E+00     O1P        16

 BOND    =        6.8026  ANGLE   =       14.0908  DIHED      =       60.5850
 VDWAALS =       -6.8265  EEL     =      541.1436  EGB        =     -205.9407
 1-4 VDW =        9.1445  1-4 EEL =     -995.0108  RESTRAINT  =        0.0000


   NSTEP       ENERGY          RMS            GMAX         NAME    NUMBER
     95      -5.7601E+02     9.9379E-01     3.4056E+00     C21        27

 BOND    =        6.8158  ANGLE   =       14.0857  DIHED      =       60.5838
 VDWAALS =       -6.8122  EEL     =      541.0854  EGB        =     -205.9409
 1-4 VDW =        9.1443  1-4 EEL =     -994.9735  RESTRAINT  =        0.0000


   NSTEP       ENERGY          RMS            GMAX         NAME    NUMBER
     96      -5.7613E+02     9.5674E-01     3.2612E+00     C21        27

 BOND    =        6.6970  ANGLE   =       14.0970  DIHED      =       60.5556
 VDWAALS =       -6.5460  EEL     =      540.1238  EGB        =     -205.7406
 1-4 VDW =        9.1345  1-4 EEL =     -994.4478  RESTRAINT  =        0.0000


   NSTEP       ENERGY          RMS            GMAX         NAME    NUMBER
     97      -5.7614E+02     1.2869E+00     6.0741E+00     C21        27

 BOND    =        6.6702  ANGLE   =       14.1150  DIHED      =       60.5452
 VDWAALS =       -6.4254  EEL     =      539.7130  EGB        =     -205.6619
 1-4 VDW =        9.1307  1-4 EEL =     -994.2245  RESTRAINT  =        0.0000


   NSTEP       ENERGY          RMS            GMAX         NAME    NUMBER
     98      -5.7626E+02     1.1575E+00     3.7832E+00     N11        26

 BOND    =        6.5808  ANGLE   =       14.2649  DIHED      =       60.4748
 VDWAALS =       -5.9835  EEL     =      538.3409  EGB        =     -205.3509
 1-4 VDW =        9.1058  1-4 EEL =     -993.6927  RESTRAINT  =        0.0000


   NSTEP       ENERGY          RMS            GMAX         NAME    NUMBER
     99      -5.7626E+02     1.1128E+00     3.4663E+00     N11        26

 BOND    =        6.5808  ANGLE   =       14.2576  DIHED      =       60.4775
 VDWAALS =       -6.0020  EEL     =      538.3953  EGB        =     -205.3623
 1-4 VDW =        9.1067  1-4 EEL =     -993.7137  RESTRAINT  =        0.0000


   NSTEP       ENERGY          RMS            GMAX         NAME    NUMBER
    100      -5.7638E+02     8.3589E-01     3.0635E+00     C4          9

 BOND    =        6.9458  ANGLE   =       14.5775  DIHED      =       60.3786
 VDWAALS =       -5.6572  EEL     =      537.2428  EGB        =     -205.4100
 1-4 VDW =        9.0870  1-4 EEL =     -993.5429  RESTRAINT  =        0.0000


  Maximum number of minimization cycles reached.


                    FINAL RESULTS



   NSTEP       ENERGY          RMS            GMAX         NAME    NUMBER
    100      -5.7638E+02     8.3589E-01     3.0635E+00     C4          9

 BOND    =        6.9458  ANGLE   =       14.5775  DIHED      =       60.3786
 VDWAALS =       -5.6572  EEL     =      537.2428  EGB        =     -205.4100
 1-4 VDW =        9.0870  1-4 EEL =     -993.5429  RESTRAINT  =        0.0000

--------------------------------------------------------------------------------
   5.  TIMINGS
--------------------------------------------------------------------------------

|    Read coords time           0.00 ( 0.29% of Total)
|    Fast Water setup           0.00 ( 0.01% of Total)
|                Calc gb radii              0.01 (26.49% of Gen B)
|                Calc gb diag               0.02 (42.19% of Gen B)
|                Calc gb off-diag           0.01 (31.22% of Gen B)
|                Other                      0.00 ( 0.10% of Gen B)
|             Gen Born time              0.04 (100.0% of Nonbo)
|             IPS excludes               0.00 ( 0.04% of Nonbo)
|          Nonbond force              0.04 (86.08% of Force)
|          Bond/Angle/Dihedral        0.01 (13.63% of Force)
|          Other                      0.00 ( 0.29% of Force)
|       Force time                 0.05 (100.0% of Runmd)
|    Runmd Time                 0.05 (55.76% of Total)
|    Other                      0.04 (43.95% of Total)
| Total time                 0.09 (99.83% of ALL  )

| Number of list builds   :          0

| Highest rstack allocated:          0
| Highest istack allocated:          0
|           Job began  at 23:52:21.325  on 02/04/2016
|           Setup done at 23:52:21.331  on 02/04/2016
|           Run   done at 23:52:21.411  on 02/04/2016
|     wallclock() was called    1828 times
