
          -------------------------------------------------------
          Amber 16 SANDER                              2016
          -------------------------------------------------------

| Run on 04/20/2016 at 15:22:19

|   Executable path: sander
| Working directory: /gpfs/gpfs/project1/dacase-001/haichit/phenix_amber/run_amber_library/amber_library/y
|          Hostname: e1c029

  [-O]verwriting output

File Assignments:
|  MDIN: YIV_sander.in                                                         
| MDOUT: YIV.min_igb.out                                                       
|INPCRD: YIV.rst7                                                              
|  PARM: YIV.prmtop                                                            
|RESTRT: YIV.min_igb.rst7                                                      
|  REFC: refc                                                                  
| MDVEL: mdvel                                                                 
| MDFRC: mdfrc                                                                 
|  MDEN: mden                                                                  
| MDCRD: mdcrd                                                                 
|MDINFO: mdinfo                                                                
|  MTMD: mtmd                                                                  
|INPDIP: inpdip                                                                
|RSTDIP: rstdip                                                                
|INPTRA: inptraj                                                               


 Here is the input file:

  short minimization                                                           
 &cntrl                                                                        
   imin=1, maxcyc=100, ncyc=50, ntpr=1, cut=99., ntb=0, igb=2                  
 /                                                                             

--------------------------------------------------------------------------------
   1.  RESOURCE   USE: 
--------------------------------------------------------------------------------

| Flags:                                                                        
| New format PARM file being parsed.
| Version =    1.000 Date = 04/20/16 Time = 15:22:19
 NATOM  =      19 NTYPES =       7 NBONH =      12 MBONA  =       6
 NTHETH =      28 MTHETA =       5 NPHIH =      39 MPHIA  =       6
 NHPARM =       0 NPARM  =       0 NNB   =      95 NRES   =       1
 NBONA  =       6 NTHETA =       5 NPHIA =       6 NUMBND =       8
 NUMANG =      14 NPTRA  =       8 NATYP =       7 NPHB   =       0
 IFBOX  =       0 NMXRS  =      19 IFCAP =       0 NEXTRA =       0
 NCOPY  =       0

 Implicit solvent radii are H(N)-modified Bondi radii (mbondi2)                                             

|     Memory Use     Allocated
|     Real                4260
|     Hollerith             60
|     Integer            20883
|     Max Pairs              1
|     nblistReal             0
|     nblist Int             0
|       Total              115 kbytes

| Note: 1-4 EEL scale factors are being read from the topology file.

| Note: 1-4 VDW scale factors are being read from the topology file.
| Duplicated    0 dihedrals
| Duplicated    0 dihedrals

--------------------------------------------------------------------------------
   2.  CONTROL  DATA  FOR  THE  RUN
--------------------------------------------------------------------------------

YIV                                                                             

General flags:
     imin    =       1, nmropt  =       0

Nature and format of input:
     ntx     =       1, irest   =       0, ntrx    =       1

Nature and format of output:
     ntxo    =       2, ntpr    =       1, ntrx    =       1, ntwr    =       1
     iwrap   =       0, ntwx    =       0, ntwv    =       0, ntwe    =       0
     ioutfm  =       1, ntwprt  =       0, idecomp =       0, rbornstat=      0

Potential function:
     ntf     =       1, ntb     =       0, igb     =       2, nsnb    =      25
     ipol    =       0, gbsa    =       0, iesp    =       0
     dielc   =   1.00000, cut     =  99.00000, intdiel =   1.00000
     saltcon =   0.00000, offset  =   0.09000, gbalpha=    0.80000
     gbbeta  =   0.00000, gbgamma =   2.90912, surften =   0.00500
     rdt     =   0.00000, rgbmax  =  25.00000  extdiel =  78.50000
     alpb  =        0

Frozen or restrained atoms:
     ibelly  =       0, ntr     =       0

Energy minimization:
     maxcyc  =     100, ncyc    =      50, ntmin   =       1
     dx0     =   0.01000, drms    =   0.00010
|  INFO: Old style inpcrd file read


--------------------------------------------------------------------------------
   3.  ATOMIC COORDINATES AND VELOCITIES
--------------------------------------------------------------------------------

YIV                                                                             
 begin time read from input coords =     0.000 ps

 Number of triangulated 3-point waters found:        0

--------------------------------------------------------------------------------
   4.  RESULTS
--------------------------------------------------------------------------------



   NSTEP       ENERGY          RMS            GMAX         NAME    NUMBER
      1      -4.7822E+01     1.2208E+01     3.4554E+01     C1          3

 BOND    =        3.1395  ANGLE   =        2.2088  DIHED      =        0.4119
 VDWAALS =       -0.7694  EEL     =       18.0391  EGB        =      -70.2268
 1-4 VDW =        1.4253  1-4 EEL =       -2.0503  RESTRAINT  =        0.0000


   NSTEP       ENERGY          RMS            GMAX         NAME    NUMBER
      2      -4.8802E+01     9.5064E+00     2.6237E+01     C1          3

 BOND    =        2.2402  ANGLE   =        2.1534  DIHED      =        0.4083
 VDWAALS =       -0.7699  EEL     =       18.0524  EGB        =      -70.2928
 1-4 VDW =        1.4381  1-4 EEL =       -2.0322  RESTRAINT  =        0.0000


   NSTEP       ENERGY          RMS            GMAX         NAME    NUMBER
      3      -4.9674E+01     6.6938E+00     1.6744E+01     H          17

 BOND    =        1.4257  ANGLE   =        2.1288  DIHED      =        0.4053
 VDWAALS =       -0.7708  EEL     =       18.0695  EGB        =      -70.3662
 1-4 VDW =        1.4501  1-4 EEL =       -2.0164  RESTRAINT  =        0.0000


   NSTEP       ENERGY          RMS            GMAX         NAME    NUMBER
      4      -5.0368E+01     4.3602E+00     1.4995E+01     H          17

 BOND    =        0.7937  ANGLE   =        2.1125  DIHED      =        0.4034
 VDWAALS =       -0.7726  EEL     =       18.0924  EGB        =      -70.4415
 1-4 VDW =        1.4552  1-4 EEL =       -2.0110  RESTRAINT  =        0.0000


   NSTEP       ENERGY          RMS            GMAX         NAME    NUMBER
      5      -5.0925E+01     3.1321E+00     1.2270E+01     H          17

 BOND    =        0.4365  ANGLE   =        1.9865  DIHED      =        0.4030
 VDWAALS =       -0.7760  EEL     =       18.1228  EGB        =      -70.4987
 1-4 VDW =        1.4370  1-4 EEL =       -2.0359  RESTRAINT  =        0.0000


   NSTEP       ENERGY          RMS            GMAX         NAME    NUMBER
      6      -5.1415E+01     2.3188E+00     9.5412E+00     H          17

 BOND    =        0.3446  ANGLE   =        1.6922  DIHED      =        0.4045
 VDWAALS =       -0.7805  EEL     =       18.1600  EGB        =      -70.5226
 1-4 VDW =        1.3876  1-4 EEL =       -2.1005  RESTRAINT  =        0.0000


   NSTEP       ENERGY          RMS            GMAX         NAME    NUMBER
      7      -5.1823E+01     2.0676E+00     7.5624E+00     H          17

 BOND    =        0.1611  ANGLE   =        1.5173  DIHED      =        0.4041
 VDWAALS =       -0.7835  EEL     =       18.2085  EGB        =      -70.4872
 1-4 VDW =        1.3522  1-4 EEL =       -2.1957  RESTRAINT  =        0.0000


   NSTEP       ENERGY          RMS            GMAX         NAME    NUMBER
      8      -5.1876E+01     4.8752E+00     1.3224E+01     C2          5

 BOND    =        0.6041  ANGLE   =        1.2473  DIHED      =        0.4153
 VDWAALS =       -0.7856  EEL     =       18.2194  EGB        =      -70.4982
 1-4 VDW =        1.2549  1-4 EEL =       -2.3328  RESTRAINT  =        0.0000


   NSTEP       ENERGY          RMS            GMAX         NAME    NUMBER
      9      -5.1613E+01     7.1784E+00     2.0132E+01     C2          5

 BOND    =        0.2343  ANGLE   =        1.6450  DIHED      =        0.4011
 VDWAALS =       -0.7831  EEL     =       18.2374  EGB        =      -70.3587
 1-4 VDW =        1.3525  1-4 EEL =       -2.3416  RESTRAINT  =        0.0000


   NSTEP       ENERGY          RMS            GMAX         NAME    NUMBER
     10      -5.2292E+01     1.6129E+00     4.9788E+00     H          17

 BOND    =        0.0903  ANGLE   =        1.2920  DIHED      =        0.4063
 VDWAALS =       -0.7842  EEL     =       18.2280  EGB        =      -70.4470
 1-4 VDW =        1.2842  1-4 EEL =       -2.3617  RESTRAINT  =        0.0000


   NSTEP       ENERGY          RMS            GMAX         NAME    NUMBER
     11      -5.2237E+01     4.2442E+00     1.0810E+01     C           1

 BOND    =        0.3958  ANGLE   =        1.1289  DIHED      =        0.4158
 VDWAALS =       -0.7846  EEL     =       18.2056  EGB        =      -70.3610
 1-4 VDW =        1.2243  1-4 EEL =       -2.4621  RESTRAINT  =        0.0000


   NSTEP       ENERGY          RMS            GMAX         NAME    NUMBER
     12      -5.2473E+01     1.1405E+00     3.8281E+00     H          17

 BOND    =        0.1256  ANGLE   =        1.1856  DIHED      =        0.4100
 VDWAALS =       -0.7838  EEL     =       18.2114  EGB        =      -70.4303
 1-4 VDW =        1.2414  1-4 EEL =       -2.4330  RESTRAINT  =        0.0000


   NSTEP       ENERGY          RMS            GMAX         NAME    NUMBER
     13      -5.2517E+01     2.2178E+00     7.7768E+00     C           1

 BOND    =        0.0369  ANGLE   =        1.1812  DIHED      =        0.4074
 VDWAALS =       -0.7825  EEL     =       18.2002  EGB        =      -70.3374
 1-4 VDW =        1.2469  1-4 EEL =       -2.4694  RESTRAINT  =        0.0000


   NSTEP       ENERGY          RMS            GMAX         NAME    NUMBER
     14      -5.2457E+01     3.8710E+00     1.6147E+01     C           1

 BOND    =        0.3345  ANGLE   =        1.1920  DIHED      =        0.4147
 VDWAALS =       -0.7826  EEL     =       18.1876  EGB        =      -70.5413
 1-4 VDW =        1.1879  1-4 EEL =       -2.4498  RESTRAINT  =        0.0000


   NSTEP       ENERGY          RMS            GMAX         NAME    NUMBER
     15      -5.2616E+01     1.0457E+00     2.8287E+00     H          17

 BOND    =        0.1084  ANGLE   =        1.1339  DIHED      =        0.4116
 VDWAALS =       -0.7822  EEL     =       18.1833  EGB        =      -70.4029
 1-4 VDW =        1.2100  1-4 EEL =       -2.4776  RESTRAINT  =        0.0000


   NSTEP       ENERGY          RMS            GMAX         NAME    NUMBER
     16      -5.2644E+01     1.6072E+00     4.4655E+00     C3          6

 BOND    =        0.0385  ANGLE   =        1.1470  DIHED      =        0.4087
 VDWAALS =       -0.7810  EEL     =       18.1728  EGB        =      -70.3630
 1-4 VDW =        1.2176  1-4 EEL =       -2.4841  RESTRAINT  =        0.0000


   NSTEP       ENERGY          RMS            GMAX         NAME    NUMBER
     17      -5.2647E+01     2.2464E+00     5.1676E+00     C4          7

 BOND    =        0.1903  ANGLE   =        1.1222  DIHED      =        0.4149
 VDWAALS =       -0.7810  EEL     =       18.1569  EGB        =      -70.4384
 1-4 VDW =        1.1753  1-4 EEL =       -2.4870  RESTRAINT  =        0.0000


   NSTEP       ENERGY          RMS            GMAX         NAME    NUMBER
     18      -5.2642E+01     2.8555E+00     1.1243E+01     C           1

 BOND    =        0.0437  ANGLE   =        1.1121  DIHED      =        0.4082
 VDWAALS =       -0.7797  EEL     =       18.1494  EGB        =      -70.2842
 1-4 VDW =        1.2140  1-4 EEL =       -2.5057  RESTRAINT  =        0.0000


   NSTEP       ENERGY          RMS            GMAX         NAME    NUMBER
     19      -5.2736E+01     7.9750E-01     2.1374E+00     H          17

 BOND    =        0.0632  ANGLE   =        1.1134  DIHED      =        0.4110
 VDWAALS =       -0.7797  EEL     =       18.1459  EGB        =      -70.3890
 1-4 VDW =        1.1881  1-4 EEL =       -2.4884  RESTRAINT  =        0.0000


   NSTEP       ENERGY          RMS            GMAX         NAME    NUMBER
     20      -5.2757E+01     1.4281E+00     5.8431E+00     C           1

 BOND    =        0.0967  ANGLE   =        1.0623  DIHED      =        0.4136
 VDWAALS =       -0.7790  EEL     =       18.1245  EGB        =      -70.3374
 1-4 VDW =        1.1705  1-4 EEL =       -2.5085  RESTRAINT  =        0.0000


   NSTEP       ENERGY          RMS            GMAX         NAME    NUMBER
     21      -5.2742E+01     2.3913E+00     1.1232E+01     C           1

 BOND    =        0.1130  ANGLE   =        1.1450  DIHED      =        0.4106
 VDWAALS =       -0.7779  EEL     =       18.1205  EGB        =      -70.4572
 1-4 VDW =        1.1696  1-4 EEL =       -2.4660  RESTRAINT  =        0.0000


   NSTEP       ENERGY          RMS            GMAX         NAME    NUMBER
     22      -5.2803E+01     6.9883E-01     1.7191E+00     H          17

 BOND    =        0.0593  ANGLE   =        1.0861  DIHED      =        0.4117
 VDWAALS =       -0.7779  EEL     =       18.1132  EGB        =      -70.3743
 1-4 VDW =        1.1685  1-4 EEL =       -2.4898  RESTRAINT  =        0.0000


   NSTEP       ENERGY          RMS            GMAX         NAME    NUMBER
     23      -5.2823E+01     9.0923E-01     2.3671E+00     C4          7

 BOND    =        0.0861  ANGLE   =        1.0610  DIHED      =        0.4139
 VDWAALS =       -0.7773  EEL     =       18.0966  EGB        =      -70.3600
 1-4 VDW =        1.1525  1-4 EEL =       -2.4961  RESTRAINT  =        0.0000


   NSTEP       ENERGY          RMS            GMAX         NAME    NUMBER
     24      -5.2832E+01     1.3595E+00     3.7474E+00     C           1

 BOND    =        0.0635  ANGLE   =        1.0920  DIHED      =        0.4111
 VDWAALS =       -0.7762  EEL     =       18.0879  EGB        =      -70.3924
 1-4 VDW =        1.1571  1-4 EEL =       -2.4746  RESTRAINT  =        0.0000


   NSTEP       ENERGY          RMS            GMAX         NAME    NUMBER
     25      -5.2834E+01     1.7634E+00     7.7249E+00     C           1

 BOND    =        0.1057  ANGLE   =        1.0267  DIHED      =        0.4151
 VDWAALS =       -0.7761  EEL     =       18.0717  EGB        =      -70.3143
 1-4 VDW =        1.1394  1-4 EEL =       -2.5023  RESTRAINT  =        0.0000


   NSTEP       ENERGY          RMS            GMAX         NAME    NUMBER
     26      -5.2823E+01     2.3918E+00     1.1844E+01     C           1

 BOND    =        0.1194  ANGLE   =        1.1166  DIHED      =        0.4117
 VDWAALS =       -0.7750  EEL     =       18.0700  EGB        =      -70.4535
 1-4 VDW =        1.1407  1-4 EEL =       -2.4529  RESTRAINT  =        0.0000


   NSTEP       ENERGY          RMS            GMAX         NAME    NUMBER
     27      -5.2883E+01     5.8127E-01     1.3911E+00     C3          6

 BOND    =        0.0608  ANGLE   =        1.0558  DIHED      =        0.4127
 VDWAALS =       -0.7750  EEL     =       18.0629  EGB        =      -70.3636
 1-4 VDW =        1.1407  1-4 EEL =       -2.4772  RESTRAINT  =        0.0000


   NSTEP       ENERGY          RMS            GMAX         NAME    NUMBER
     28      -5.2898E+01     9.0582E-01     2.3685E+00     C4          7

 BOND    =        0.0901  ANGLE   =        1.0421  DIHED      =        0.4150
 VDWAALS =       -0.7742  EEL     =       18.0446  EGB        =      -70.3615
 1-4 VDW =        1.1225  1-4 EEL =       -2.4766  RESTRAINT  =        0.0000


   NSTEP       ENERGY          RMS            GMAX         NAME    NUMBER
     29      -5.2898E+01     1.3949E+00     3.8817E+00     C3          6

 BOND    =        0.0592  ANGLE   =        1.0572  DIHED      =        0.4114
 VDWAALS =       -0.7731  EEL     =       18.0356  EGB        =      -70.3639
 1-4 VDW =        1.1346  1-4 EEL =       -2.4588  RESTRAINT  =        0.0000


   NSTEP       ENERGY          RMS            GMAX         NAME    NUMBER
     30      -5.2925E+01     4.6972E-01     1.0728E+00     H          17

 BOND    =        0.0651  ANGLE   =        1.0392  DIHED      =        0.4135
 VDWAALS =       -0.7731  EEL     =       18.0299  EGB        =      -70.3582
 1-4 VDW =        1.1227  1-4 EEL =       -2.4643  RESTRAINT  =        0.0000


   NSTEP       ENERGY          RMS            GMAX         NAME    NUMBER
     31      -5.2940E+01     5.5769E-01     1.4127E+00     C4          7

 BOND    =        0.0789  ANGLE   =        1.0369  DIHED      =        0.4147
 VDWAALS =       -0.7724  EEL     =       18.0155  EGB        =      -70.3653
 1-4 VDW =        1.1106  1-4 EEL =       -2.4585  RESTRAINT  =        0.0000


   NSTEP       ENERGY          RMS            GMAX         NAME    NUMBER
     32      -5.2946E+01     9.4298E-01     2.4611E+00     C1          3

 BOND    =        0.0585  ANGLE   =        1.0241  DIHED      =        0.4127
 VDWAALS =       -0.7714  EEL     =       18.0032  EGB        =      -70.3380
 1-4 VDW =        1.1162  1-4 EEL =       -2.4517  RESTRAINT  =        0.0000


   NSTEP       ENERGY          RMS            GMAX         NAME    NUMBER
     33      -5.2946E+01     1.3260E+00     4.1402E+00     C           1

 BOND    =        0.1122  ANGLE   =        1.0516  DIHED      =        0.4164
 VDWAALS =       -0.7711  EEL     =       17.9931  EGB        =      -70.3982
 1-4 VDW =        1.0910  1-4 EEL =       -2.4412  RESTRAINT  =        0.0000


   NSTEP       ENERGY          RMS            GMAX         NAME    NUMBER
     34      -5.2967E+01     4.3539E-01     1.0057E+00     C4          7

 BOND    =        0.0741  ANGLE   =        1.0241  DIHED      =        0.4147
 VDWAALS =       -0.7708  EEL     =       17.9898  EGB        =      -70.3534
 1-4 VDW =        1.1003  1-4 EEL =       -2.4462  RESTRAINT  =        0.0000


   NSTEP       ENERGY          RMS            GMAX         NAME    NUMBER
     35      -5.2976E+01     5.9589E-01     1.6826E+00     C           1

 BOND    =        0.0727  ANGLE   =        1.0311  DIHED      =        0.4139
 VDWAALS =       -0.7700  EEL     =       17.9797  EGB        =      -70.3688
 1-4 VDW =        1.0980  1-4 EEL =       -2.4327  RESTRAINT  =        0.0000


   NSTEP       ENERGY          RMS            GMAX         NAME    NUMBER
     36      -5.2978E+01     1.0227E+00     4.8129E+00     C           1

 BOND    =        0.0822  ANGLE   =        1.0035  DIHED      =        0.4156
 VDWAALS =       -0.7696  EEL     =       17.9673  EGB        =      -70.3230
 1-4 VDW =        1.0895  1-4 EEL =       -2.4430  RESTRAINT  =        0.0000


   NSTEP       ENERGY          RMS            GMAX         NAME    NUMBER
     37      -5.2978E+01     1.2932E+00     6.5699E+00     C           1

 BOND    =        0.0952  ANGLE   =        1.0497  DIHED      =        0.4141
 VDWAALS =       -0.7690  EEL     =       17.9647  EGB        =      -70.4060
 1-4 VDW =        1.0873  1-4 EEL =       -2.4135  RESTRAINT  =        0.0000


   NSTEP       ENERGY          RMS            GMAX         NAME    NUMBER
     38      -5.2973E+01     1.6618E+00     9.2522E+00     C           1

 BOND    =        0.0851  ANGLE   =        0.9808  DIHED      =        0.4151
 VDWAALS =       -0.7689  EEL     =       17.9541  EGB        =      -70.2853
 1-4 VDW =        1.0891  1-4 EEL =       -2.4428  RESTRAINT  =        0.0000


   NSTEP       ENERGY          RMS            GMAX         NAME    NUMBER
     39      -5.3000E+01     3.6515E-01     9.1351E-01     C           1

 BOND    =        0.0759  ANGLE   =        1.0148  DIHED      =        0.4150
 VDWAALS =       -0.7686  EEL     =       17.9539  EGB        =      -70.3499
 1-4 VDW =        1.0837  1-4 EEL =       -2.4247  RESTRAINT  =        0.0000


   NSTEP       ENERGY          RMS            GMAX         NAME    NUMBER
     40      -5.3007E+01     6.4890E-01     2.7942E+00     C           1

 BOND    =        0.0819  ANGLE   =        1.0279  DIHED      =        0.4146
 VDWAALS =       -0.7678  EEL     =       17.9428  EGB        =      -70.3761
 1-4 VDW =        1.0785  1-4 EEL =       -2.4086  RESTRAINT  =        0.0000


   NSTEP       ENERGY          RMS            GMAX         NAME    NUMBER
     41      -5.3001E+01     1.3014E+00     7.0858E+00     C           1

 BOND    =        0.0845  ANGLE   =        0.9859  DIHED      =        0.4157
 VDWAALS =       -0.7675  EEL     =       17.9318  EGB        =      -70.3018
 1-4 VDW =        1.0757  1-4 EEL =       -2.4248  RESTRAINT  =        0.0000


   NSTEP       ENERGY          RMS            GMAX         NAME    NUMBER
     42      -5.3017E+01     3.7977E-01     1.2496E+00     C           1

 BOND    =        0.0790  ANGLE   =        1.0097  DIHED      =        0.4154
 VDWAALS =       -0.7673  EEL     =       17.9315  EGB        =      -70.3464
 1-4 VDW =        1.0727  1-4 EEL =       -2.4116  RESTRAINT  =        0.0000


   NSTEP       ENERGY          RMS            GMAX         NAME    NUMBER
     43      -5.3021E+01     5.8361E-01     2.5314E+00     C           1

 BOND    =        0.0840  ANGLE   =        1.0239  DIHED      =        0.4149
 VDWAALS =       -0.7668  EEL     =       17.9249  EGB        =      -70.3735
 1-4 VDW =        1.0697  1-4 EEL =       -2.3980  RESTRAINT  =        0.0000


   NSTEP       ENERGY          RMS            GMAX         NAME    NUMBER
     44      -5.3021E+01     8.6056E-01     4.6370E+00     C           1

 BOND    =        0.0806  ANGLE   =        0.9931  DIHED      =        0.4156
 VDWAALS =       -0.7665  EEL     =       17.9169  EGB        =      -70.3194
 1-4 VDW =        1.0679  1-4 EEL =       -2.4094  RESTRAINT  =        0.0000


   NSTEP       ENERGY          RMS            GMAX         NAME    NUMBER
     45      -5.3022E+01     1.0011E+00     5.2726E+00     C           1

 BOND    =        0.0979  ANGLE   =        1.0364  DIHED      =        0.4153
 VDWAALS =       -0.7661  EEL     =       17.9148  EGB        =      -70.3955
 1-4 VDW =        1.0616  1-4 EEL =       -2.3862  RESTRAINT  =        0.0000


   NSTEP       ENERGY          RMS            GMAX         NAME    NUMBER
     46      -5.3020E+01     1.2589E+00     7.0231E+00     C           1

 BOND    =        0.0830  ANGLE   =        0.9809  DIHED      =        0.4154
 VDWAALS =       -0.7659  EEL     =       17.9071  EGB        =      -70.2991
 1-4 VDW =        1.0664  1-4 EEL =       -2.4073  RESTRAINT  =        0.0000


   NSTEP       ENERGY          RMS            GMAX         NAME    NUMBER
     47      -5.3035E+01     2.8583E-01     7.6506E-01     C           1

 BOND    =        0.0815  ANGLE   =        1.0080  DIHED      =        0.4155
 VDWAALS =       -0.7658  EEL     =       17.9067  EGB        =      -70.3483
 1-4 VDW =        1.0614  1-4 EEL =       -2.3940  RESTRAINT  =        0.0000


   NSTEP       ENERGY          RMS            GMAX         NAME    NUMBER
     48      -5.3039E+01     4.9827E-01     2.3031E+00     C           1

 BOND    =        0.0891  ANGLE   =        1.0210  DIHED      =        0.4156
 VDWAALS =       -0.7652  EEL     =       17.8979  EGB        =      -70.3717
 1-4 VDW =        1.0553  1-4 EEL =       -2.3814  RESTRAINT  =        0.0000


   NSTEP       ENERGY          RMS            GMAX         NAME    NUMBER
     49      -5.3036E+01     1.0170E+00     5.6533E+00     C           1

 BOND    =        0.0842  ANGLE   =        0.9852  DIHED      =        0.4157
 VDWAALS =       -0.7649  EEL     =       17.8897  EGB        =      -70.3094
 1-4 VDW =        1.0566  1-4 EEL =       -2.3929  RESTRAINT  =        0.0000


   NSTEP       ENERGY          RMS            GMAX         NAME    NUMBER
     50      -5.3046E+01     3.0494E-01     1.1752E+00     C           1

 BOND    =        0.0839  ANGLE   =        1.0049  DIHED      =        0.4158
 VDWAALS =       -0.7647  EEL     =       17.8893  EGB        =      -70.3445
 1-4 VDW =        1.0531  1-4 EEL =       -2.3832  RESTRAINT  =        0.0000


   NSTEP       ENERGY          RMS            GMAX         NAME    NUMBER
     51      -5.3048E+01     4.8078E-01     2.2636E+00     C           1

 BOND    =        0.0915  ANGLE   =        1.0201  DIHED      =        0.4158
 VDWAALS =       -0.7644  EEL     =       17.8842  EGB        =      -70.3710
 1-4 VDW =        1.0485  1-4 EEL =       -2.3724  RESTRAINT  =        0.0000


   NSTEP       ENERGY          RMS            GMAX         NAME    NUMBER
     52       3.3870E+01     9.5763E+01     5.3822E+02     C           1

 BOND    =       80.0012  ANGLE   =        5.1665  DIHED      =        0.4288
 VDWAALS =       -0.7424  EEL     =       17.3725  EGB        =      -66.3357
 1-4 VDW =        1.1945  1-4 EEL =       -3.2156  RESTRAINT  =        0.0000


   NSTEP       ENERGY          RMS            GMAX         NAME    NUMBER
     53      -5.3051E+01     2.5816E-01     7.9123E-01     C           1

 BOND    =        0.0854  ANGLE   =        1.0059  DIHED      =        0.4158
 VDWAALS =       -0.7642  EEL     =       17.8813  EGB        =      -70.3470
 1-4 VDW =        1.0492  1-4 EEL =       -2.3768  RESTRAINT  =        0.0000


   NSTEP       ENERGY          RMS            GMAX         NAME    NUMBER
     54      -5.3052E+01     2.5293E-01     7.7467E-01     C           1

 BOND    =        0.0862  ANGLE   =        1.0060  DIHED      =        0.4159
 VDWAALS =       -0.7641  EEL     =       17.8783  EGB        =      -70.3472
 1-4 VDW =        1.0475  1-4 EEL =       -2.3748  RESTRAINT  =        0.0000


   NSTEP       ENERGY          RMS            GMAX         NAME    NUMBER
     55      -5.3066E+01     2.6494E-01     6.3785E-01     C4          7

 BOND    =        0.0934  ANGLE   =        1.0084  DIHED      =        0.4166
 VDWAALS =       -0.7625  EEL     =       17.8509  EGB        =      -70.3485
 1-4 VDW =        1.0324  1-4 EEL =       -2.3565  RESTRAINT  =        0.0000


   NSTEP       ENERGY          RMS            GMAX         NAME    NUMBER
     56      -5.3088E+01     7.6461E-01     2.3012E+00     C2          5

 BOND    =        0.1248  ANGLE   =        1.0385  DIHED      =        0.4194
 VDWAALS =       -0.7564  EEL     =       17.7497  EGB        =      -70.3533
 1-4 VDW =        0.9781  1-4 EEL =       -2.2886  RESTRAINT  =        0.0000


   NSTEP       ENERGY          RMS            GMAX         NAME    NUMBER
     57      -5.3021E+01     2.1383E+00     6.4055E+00     C2          5

 BOND    =        0.2383  ANGLE   =        1.0282  DIHED      =        0.4152
 VDWAALS =       -0.7477  EEL     =       17.6198  EGB        =      -70.3323
 1-4 VDW =        0.9452  1-4 EEL =       -2.1876  RESTRAINT  =        0.0000


   NSTEP       ENERGY          RMS            GMAX         NAME    NUMBER
     58      -5.3098E+01     3.6847E-02     8.3108E-02     H4B        16

 BOND    =        0.1311  ANGLE   =        1.0324  DIHED      =        0.4182
 VDWAALS =       -0.7541  EEL     =       17.7153  EGB        =      -70.3478
 1-4 VDW =        0.9691  1-4 EEL =       -2.2619  RESTRAINT  =        0.0000


   NSTEP       ENERGY          RMS            GMAX         NAME    NUMBER
     59      -5.3098E+01     3.5880E-02     8.2108E-02     H4B        16

 BOND    =        0.1312  ANGLE   =        1.0322  DIHED      =        0.4182
 VDWAALS =       -0.7541  EEL     =       17.7152  EGB        =      -70.3477
 1-4 VDW =        0.9687  1-4 EEL =       -2.2616  RESTRAINT  =        0.0000


   NSTEP       ENERGY          RMS            GMAX         NAME    NUMBER
     60      -5.3098E+01     7.5331E-02     2.2844E-01     C2          5

 BOND    =        0.1327  ANGLE   =        1.0302  DIHED      =        0.4182
 VDWAALS =       -0.7542  EEL     =       17.7146  EGB        =      -70.3466
 1-4 VDW =        0.9654  1-4 EEL =       -2.2584  RESTRAINT  =        0.0000


   NSTEP       ENERGY          RMS            GMAX         NAME    NUMBER
     61      -5.3098E+01     1.5623E-01     4.8599E-01     C2          5

 BOND    =        0.1346  ANGLE   =        1.0279  DIHED      =        0.4181
 VDWAALS =       -0.7543  EEL     =       17.7138  EGB        =      -70.3452
 1-4 VDW =        0.9611  1-4 EEL =       -2.2543  RESTRAINT  =        0.0000


   NSTEP       ENERGY          RMS            GMAX         NAME    NUMBER
     62      -5.3099E+01     7.4010E-02     2.7124E-01     C2          5

 BOND    =        0.1315  ANGLE   =        1.0384  DIHED      =        0.4181
 VDWAALS =       -0.7545  EEL     =       17.7112  EGB        =      -70.3528
 1-4 VDW =        0.9546  1-4 EEL =       -2.2455  RESTRAINT  =        0.0000


   NSTEP       ENERGY          RMS            GMAX         NAME    NUMBER
     63      -5.3099E+01     7.4567E-02     3.5052E-01     C           1

 BOND    =        0.1299  ANGLE   =        1.0446  DIHED      =        0.4181
 VDWAALS =       -0.7547  EEL     =       17.7097  EGB        =      -70.3571
 1-4 VDW =        0.9508  1-4 EEL =       -2.2405  RESTRAINT  =        0.0000


   NSTEP       ENERGY          RMS            GMAX         NAME    NUMBER
     64      -5.3099E+01     1.3218E-01     5.8966E-01     C           1

 BOND    =        0.1259  ANGLE   =        1.0449  DIHED      =        0.4182
 VDWAALS =       -0.7549  EEL     =       17.7093  EGB        =      -70.3517
 1-4 VDW =        0.9502  1-4 EEL =       -2.2410  RESTRAINT  =        0.0000


   NSTEP       ENERGY          RMS            GMAX         NAME    NUMBER
     65      -5.3099E+01     4.8598E-02     1.8553E-01     O1          4

 BOND    =        0.1279  ANGLE   =        1.0447  DIHED      =        0.4181
 VDWAALS =       -0.7548  EEL     =       17.7095  EGB        =      -70.3545
 1-4 VDW =        0.9505  1-4 EEL =       -2.2407  RESTRAINT  =        0.0000


   NSTEP       ENERGY          RMS            GMAX         NAME    NUMBER
     66      -5.3099E+01     4.3446E-02     1.4785E-01     O1          4

 BOND    =        0.1284  ANGLE   =        1.0446  DIHED      =        0.4181
 VDWAALS =       -0.7549  EEL     =       17.7100  EGB        =      -70.3547
 1-4 VDW =        0.9502  1-4 EEL =       -2.2411  RESTRAINT  =        0.0000


   NSTEP       ENERGY          RMS            GMAX         NAME    NUMBER
     67      -5.3099E+01     7.0376E-02     2.4334E-01     H          17

 BOND    =        0.1316  ANGLE   =        1.0434  DIHED      =        0.4182
 VDWAALS =       -0.7554  EEL     =       17.7136  EGB        =      -70.3558
 1-4 VDW =        0.9482  1-4 EEL =       -2.2433  RESTRAINT  =        0.0000


   NSTEP       ENERGY          RMS            GMAX         NAME    NUMBER
     68      -5.3100E+01     9.8102E-02     4.3488E-01     C4          7

 BOND    =        0.1341  ANGLE   =        1.0470  DIHED      =        0.4184
 VDWAALS =       -0.7560  EEL     =       17.7154  EGB        =      -70.3563
 1-4 VDW =        0.9461  1-4 EEL =       -2.2484  RESTRAINT  =        0.0000


   NSTEP       ENERGY          RMS            GMAX         NAME    NUMBER
     69      -5.3100E+01     7.2349E-02     2.8697E-01     C4          7

 BOND    =        0.1335  ANGLE   =        1.0461  DIHED      =        0.4183
 VDWAALS =       -0.7559  EEL     =       17.7150  EGB        =      -70.3562
 1-4 VDW =        0.9466  1-4 EEL =       -2.2472  RESTRAINT  =        0.0000


   NSTEP       ENERGY          RMS            GMAX         NAME    NUMBER
     70      -5.3100E+01     4.6716E-02     1.8720E-01     C1          3

 BOND    =        0.1329  ANGLE   =        1.0494  DIHED      =        0.4184
 VDWAALS =       -0.7563  EEL     =       17.7146  EGB        =      -70.3540
 1-4 VDW =        0.9465  1-4 EEL =       -2.2516  RESTRAINT  =        0.0000


   NSTEP       ENERGY          RMS            GMAX         NAME    NUMBER
     71      -5.3100E+01     5.2520E-02     2.0122E-01     C1          3

 BOND    =        0.1328  ANGLE   =        1.0499  DIHED      =        0.4184
 VDWAALS =       -0.7563  EEL     =       17.7146  EGB        =      -70.3537
 1-4 VDW =        0.9465  1-4 EEL =       -2.2522  RESTRAINT  =        0.0000


   NSTEP       ENERGY          RMS            GMAX         NAME    NUMBER
     72      -5.3100E+01     6.0800E-02     1.6617E-01     C           1

 BOND    =        0.1334  ANGLE   =        1.0484  DIHED      =        0.4185
 VDWAALS =       -0.7565  EEL     =       17.7128  EGB        =      -70.3497
 1-4 VDW =        0.9458  1-4 EEL =       -2.2528  RESTRAINT  =        0.0000


   NSTEP       ENERGY          RMS            GMAX         NAME    NUMBER
     73      -5.3100E+01     3.9136E-02     1.1892E-01     O1          4

 BOND    =        0.1332  ANGLE   =        1.0489  DIHED      =        0.4185
 VDWAALS =       -0.7564  EEL     =       17.7133  EGB        =      -70.3509
 1-4 VDW =        0.9460  1-4 EEL =       -2.2526  RESTRAINT  =        0.0000


   NSTEP       ENERGY          RMS            GMAX         NAME    NUMBER
     74      -5.3100E+01     3.7484E-02     1.4328E-01     O1          4

 BOND    =        0.1329  ANGLE   =        1.0482  DIHED      =        0.4185
 VDWAALS =       -0.7565  EEL     =       17.7111  EGB        =      -70.3494
 1-4 VDW =        0.9467  1-4 EEL =       -2.2517  RESTRAINT  =        0.0000


   NSTEP       ENERGY          RMS            GMAX         NAME    NUMBER
     75      -5.3100E+01     8.5967E-02     3.3511E-01     O1          4

 BOND    =        0.1323  ANGLE   =        1.0466  DIHED      =        0.4184
 VDWAALS =       -0.7566  EEL     =       17.7058  EGB        =      -70.3458
 1-4 VDW =        0.9484  1-4 EEL =       -2.2494  RESTRAINT  =        0.0000


   NSTEP       ENERGY          RMS            GMAX         NAME    NUMBER
     76      -5.3075E+01     1.5263E+00     6.7761E+00     C           1

 BOND    =        0.1697  ANGLE   =        1.0600  DIHED      =        0.4186
 VDWAALS =       -0.7561  EEL     =       17.7068  EGB        =      -70.4169
 1-4 VDW =        0.9526  1-4 EEL =       -2.2099  RESTRAINT  =        0.0000


   NSTEP       ENERGY          RMS            GMAX         NAME    NUMBER
     77      -5.3096E+01     6.1695E-01     2.2282E+00     C           1

 BOND    =        0.1424  ANGLE   =        1.0408  DIHED      =        0.4184
 VDWAALS =       -0.7562  EEL     =       17.7044  EGB        =      -70.3746
 1-4 VDW =        0.9541  1-4 EEL =       -2.2250  RESTRAINT  =        0.0000


   NSTEP       ENERGY          RMS            GMAX         NAME    NUMBER
     78      -5.3098E+01     4.5643E-01     2.3973E+00     C           1

 BOND    =        0.1299  ANGLE   =        1.0290  DIHED      =        0.4184
 VDWAALS =       -0.7563  EEL     =       17.7009  EGB        =      -70.3299
 1-4 VDW =        0.9539  1-4 EEL =       -2.2443  RESTRAINT  =        0.0000


   NSTEP       ENERGY          RMS            GMAX         NAME    NUMBER
     79      -5.3091E+01     9.8231E-01     5.3907E+00     C           1

 BOND    =        0.1485  ANGLE   =        1.0633  DIHED      =        0.4185
 VDWAALS =       -0.7562  EEL     =       17.7028  EGB        =      -70.3915
 1-4 VDW =        0.9493  1-4 EEL =       -2.2261  RESTRAINT  =        0.0000


   NSTEP       ENERGY          RMS            GMAX         NAME    NUMBER
     80      -2.6942E+01     5.2459E+01     2.9053E+02     C           1

 BOND    =       23.7009  ANGLE   =        1.9040  DIHED      =        0.4139
 VDWAALS =       -0.7582  EEL     =       17.6191  EGB        =      -68.0997
 1-4 VDW =        1.1528  1-4 EEL =       -2.8743  RESTRAINT  =        0.0000


   NSTEP       ENERGY          RMS            GMAX         NAME    NUMBER
     81      -5.3101E+01     4.0374E-02     1.3915E-01     C2          5

 BOND    =        0.1321  ANGLE   =        1.0370  DIHED      =        0.4184
 VDWAALS =       -0.7563  EEL     =       17.7012  EGB        =      -70.3482
 1-4 VDW =        0.9529  1-4 EEL =       -2.2377  RESTRAINT  =        0.0000


   NSTEP       ENERGY          RMS            GMAX         NAME    NUMBER
     82      -5.3101E+01     2.0890E-02     7.4258E-02     H          17

 BOND    =        0.1318  ANGLE   =        1.0382  DIHED      =        0.4184
 VDWAALS =       -0.7563  EEL     =       17.7010  EGB        =      -70.3484
 1-4 VDW =        0.9529  1-4 EEL =       -2.2381  RESTRAINT  =        0.0000


   NSTEP       ENERGY          RMS            GMAX         NAME    NUMBER
     83      -5.3101E+01     1.8764E-02     5.6418E-02     C3          6

 BOND    =        0.1316  ANGLE   =        1.0391  DIHED      =        0.4184
 VDWAALS =       -0.7563  EEL     =       17.7008  EGB        =      -70.3485
 1-4 VDW =        0.9529  1-4 EEL =       -2.2385  RESTRAINT  =        0.0000


   NSTEP       ENERGY          RMS            GMAX         NAME    NUMBER
     84      -5.3101E+01     1.6452E-02     4.2757E-02     H          17

 BOND    =        0.1314  ANGLE   =        1.0392  DIHED      =        0.4184
 VDWAALS =       -0.7563  EEL     =       17.7005  EGB        =      -70.3484
 1-4 VDW =        0.9531  1-4 EEL =       -2.2385  RESTRAINT  =        0.0000


   NSTEP       ENERGY          RMS            GMAX         NAME    NUMBER
     85      -5.3101E+01     2.9156E-02     8.5815E-02     N           2

 BOND    =        0.1305  ANGLE   =        1.0399  DIHED      =        0.4183
 VDWAALS =       -0.7563  EEL     =       17.6991  EGB        =      -70.3479
 1-4 VDW =        0.9544  1-4 EEL =       -2.2385  RESTRAINT  =        0.0000


   NSTEP       ENERGY          RMS            GMAX         NAME    NUMBER
     86      -5.3101E+01     3.5590E-02     1.2762E-01     C           1

 BOND    =        0.1306  ANGLE   =        1.0379  DIHED      =        0.4183
 VDWAALS =       -0.7563  EEL     =       17.6974  EGB        =      -70.3466
 1-4 VDW =        0.9559  1-4 EEL =       -2.2378  RESTRAINT  =        0.0000


   NSTEP       ENERGY          RMS            GMAX         NAME    NUMBER
     87      -5.3101E+01     2.9863E-02     1.0044E-01     C           1

 BOND    =        0.1305  ANGLE   =        1.0382  DIHED      =        0.4183
 VDWAALS =       -0.7563  EEL     =       17.6976  EGB        =      -70.3468
 1-4 VDW =        0.9557  1-4 EEL =       -2.2379  RESTRAINT  =        0.0000


   NSTEP       ENERGY          RMS            GMAX         NAME    NUMBER
     88      -5.3101E+01     2.5369E-02     9.0310E-02     C4          7

 BOND    =        0.1305  ANGLE   =        1.0361  DIHED      =        0.4183
 VDWAALS =       -0.7562  EEL     =       17.6959  EGB        =      -70.3457
 1-4 VDW =        0.9574  1-4 EEL =       -2.2370  RESTRAINT  =        0.0000


   NSTEP       ENERGY          RMS            GMAX         NAME    NUMBER
     89      -5.3101E+01     4.7716E-02     1.7990E-01     C2          5

 BOND    =        0.1304  ANGLE   =        1.0314  DIHED      =        0.4182
 VDWAALS =       -0.7561  EEL     =       17.6919  EGB        =      -70.3430
 1-4 VDW =        0.9613  1-4 EEL =       -2.2349  RESTRAINT  =        0.0000


   NSTEP       ENERGY          RMS            GMAX         NAME    NUMBER
     90      -5.3101E+01     3.6659E-02     1.1173E-01     N           2

 BOND    =        0.1316  ANGLE   =        1.0225  DIHED      =        0.4183
 VDWAALS =       -0.7559  EEL     =       17.6869  EGB        =      -70.3403
 1-4 VDW =        0.9663  1-4 EEL =       -2.2303  RESTRAINT  =        0.0000


   NSTEP       ENERGY          RMS            GMAX         NAME    NUMBER
     91      -5.3101E+01     2.6236E-02     8.4639E-02     N           2

 BOND    =        0.1313  ANGLE   =        1.0245  DIHED      =        0.4183
 VDWAALS =       -0.7559  EEL     =       17.6880  EGB        =      -70.3409
 1-4 VDW =        0.9652  1-4 EEL =       -2.2313  RESTRAINT  =        0.0000


   NSTEP       ENERGY          RMS            GMAX         NAME    NUMBER
     92      -5.3101E+01     2.6014E-02     1.1448E-01     C1          3

 BOND    =        0.1295  ANGLE   =        1.0258  DIHED      =        0.4183
 VDWAALS =       -0.7559  EEL     =       17.6869  EGB        =      -70.3419
 1-4 VDW =        0.9668  1-4 EEL =       -2.2304  RESTRAINT  =        0.0000


   NSTEP       ENERGY          RMS            GMAX         NAME    NUMBER
     93      -5.3101E+01     1.4421E-02     4.8763E-02     C1          3

 BOND    =        0.1301  ANGLE   =        1.0254  DIHED      =        0.4183
 VDWAALS =       -0.7559  EEL     =       17.6873  EGB        =      -70.3415
 1-4 VDW =        0.9662  1-4 EEL =       -2.2307  RESTRAINT  =        0.0000


   NSTEP       ENERGY          RMS            GMAX         NAME    NUMBER
     94      -5.3101E+01     1.0614E-02     3.0306E-02     C1          3

 BOND    =        0.1299  ANGLE   =        1.0253  DIHED      =        0.4183
 VDWAALS =       -0.7559  EEL     =       17.6873  EGB        =      -70.3414
 1-4 VDW =        0.9662  1-4 EEL =       -2.2305  RESTRAINT  =        0.0000


   NSTEP       ENERGY          RMS            GMAX         NAME    NUMBER
     95      -5.3101E+01     1.3277E-02     3.6063E-02     C           1

 BOND    =        0.1294  ANGLE   =        1.0253  DIHED      =        0.4183
 VDWAALS =       -0.7560  EEL     =       17.6872  EGB        =      -70.3412
 1-4 VDW =        0.9662  1-4 EEL =       -2.2301  RESTRAINT  =        0.0000


   NSTEP       ENERGY          RMS            GMAX         NAME    NUMBER
     96      -5.3101E+01     2.3146E-02     8.1593E-02     C2          5

 BOND    =        0.1288  ANGLE   =        1.0261  DIHED      =        0.4183
 VDWAALS =       -0.7560  EEL     =       17.6870  EGB        =      -70.3419
 1-4 VDW =        0.9662  1-4 EEL =       -2.2295  RESTRAINT  =        0.0000


   NSTEP       ENERGY          RMS            GMAX         NAME    NUMBER
     97      -5.3101E+01     1.9890E-02     7.0147E-02     C2          5

 BOND    =        0.1289  ANGLE   =        1.0260  DIHED      =        0.4183
 VDWAALS =       -0.7560  EEL     =       17.6870  EGB        =      -70.3418
 1-4 VDW =        0.9662  1-4 EEL =       -2.2295  RESTRAINT  =        0.0000


   NSTEP       ENERGY          RMS            GMAX         NAME    NUMBER
     98      -5.3101E+01     1.7099E-02     4.7585E-02     H          17

 BOND    =        0.1293  ANGLE   =        1.0255  DIHED      =        0.4183
 VDWAALS =       -0.7560  EEL     =       17.6868  EGB        =      -70.3419
 1-4 VDW =        0.9661  1-4 EEL =       -2.2290  RESTRAINT  =        0.0000


   NSTEP       ENERGY          RMS            GMAX         NAME    NUMBER
     99      -5.3101E+01     3.2573E-02     1.1671E-01     C1          3

 BOND    =        0.1302  ANGLE   =        1.0244  DIHED      =        0.4182
 VDWAALS =       -0.7561  EEL     =       17.6865  EGB        =      -70.3421
 1-4 VDW =        0.9659  1-4 EEL =       -2.2280  RESTRAINT  =        0.0000


   NSTEP       ENERGY          RMS            GMAX         NAME    NUMBER
    100      -5.3101E+01     1.6814E-02     4.7972E-02     C2          5

 BOND    =        0.1304  ANGLE   =        1.0249  DIHED      =        0.4182
 VDWAALS =       -0.7563  EEL     =       17.6856  EGB        =      -70.3421
 1-4 VDW =        0.9652  1-4 EEL =       -2.2268  RESTRAINT  =        0.0000


  Maximum number of minimization cycles reached.


                    FINAL RESULTS



   NSTEP       ENERGY          RMS            GMAX         NAME    NUMBER
    100      -5.3101E+01     1.6814E-02     4.7972E-02     C2          5

 BOND    =        0.1304  ANGLE   =        1.0249  DIHED      =        0.4182
 VDWAALS =       -0.7563  EEL     =       17.6856  EGB        =      -70.3421
 1-4 VDW =        0.9652  1-4 EEL =       -2.2268  RESTRAINT  =        0.0000

--------------------------------------------------------------------------------
   5.  TIMINGS
--------------------------------------------------------------------------------

|    Read coords time           0.00 ( 0.49% of Total)
|    Fast Water setup           0.00 ( 0.01% of Total)
|                Calc gb radii              0.00 (32.33% of Gen B)
|                Calc gb diag               0.00 (41.78% of Gen B)
|                Calc gb off-diag           0.00 (25.09% of Gen B)
|                Other                      0.00 ( 0.80% of Gen B)
|             Gen Born time              0.01 (99.89% of Nonbo)
|             IPS excludes               0.00 ( 0.11% of Nonbo)
|          Nonbond force              0.01 (76.08% of Force)
|          Bond/Angle/Dihedral        0.00 (21.70% of Force)
|          Other                      0.00 ( 2.22% of Force)
|       Force time                 0.01 (100.0% of Runmd)
|    Runmd Time                 0.01 (20.64% of Total)
|    Other                      0.03 (78.86% of Total)
| Total time                 0.04 (99.00% of ALL  )

| Number of list builds   :          0

| Highest rstack allocated:          0
| Highest istack allocated:          0
|           Job began  at 15:22:19.477  on 04/20/2016
|           Setup done at 15:22:19.482  on 04/20/2016
|           Run   done at 15:22:19.518  on 04/20/2016
|     wallclock() was called    1828 times
