
          -------------------------------------------------------
          Amber 14 SANDER                              2014
          -------------------------------------------------------

| Run on 02/05/2016 at 00:08:54

|   Executable path: sander
| Working directory: /gpfs/gpfs/project1/dacase-001/haichit/phenix_amber/run_amber_library/amber_library/6
|          Hostname: e1c056

  [-O]verwriting output

File Assignments:
|  MDIN: 62I_sander.in                                                         
| MDOUT: 62I.min.out                                                           
|INPCRD: 62I.rst7                                                              
|  PARM: 62I.prmtop                                                            
|RESTRT: 62I.min.rst7                                                          
|  REFC: refc                                                                  
| MDVEL: mdvel                                                                 
| MDFRC: mdfrc                                                                 
|  MDEN: mden                                                                  
| MDCRD: mdcrd                                                                 
|MDINFO: mdinfo                                                                
|  MTMD: mtmd                                                                  
|INPDIP: inpdip                                                                
|RSTDIP: rstdip                                                                
|INPTRA: inptraj                                                               


 Here is the input file:

  short minimization                                                           
 &cntrl                                                                        
   imin=1, maxcyc=100, ncyc=50, ntpr=1, cut=99., ntb=0,                        
 /                                                                             

--------------------------------------------------------------------------------
   1.  RESOURCE   USE: 
--------------------------------------------------------------------------------

| Flags:                                                                        
|    NONPERIODIC   ntb=0 and igb=0: Setting up nonperiodic simulation
|  *** cutoff > system size, list only builds once
|Largest sphere to fit in unit cell has radius =    32.337
| New format PARM file being parsed.
| Version =    1.000 Date = 02/05/16 Time = 00:08:54
 NATOM  =      53 NTYPES =      13 NBONH =      25 MBONA  =      29
 NTHETH =      58 MTHETA =      44 NPHIH =     123 MPHIA  =      77
 NHPARM =       0 NPARM  =       0 NNB   =     307 NRES   =       1
 NBONA  =      29 NTHETA =      44 NPHIA =      77 NUMBND =      17
 NUMANG =      35 NPTRA  =      29 NATYP =      13 NPHB   =       0
 IFBOX  =       0 NMXRS  =      53 IFCAP =       0 NEXTRA =       0
 NCOPY  =       0


|     Memory Use     Allocated
|     Real                8590
|     Hollerith            162
|     Integer            31373
|     Max Pairs           1378
|     nblistReal           636
|     nblist Int       1013581
|       Total             4159 kbytes

| Note: 1-4 EEL scale factors are being read from the topology file.

| Note: 1-4 VDW scale factors are being read from the topology file.
| Duplicated    0 dihedrals
| Duplicated    0 dihedrals

--------------------------------------------------------------------------------
   2.  CONTROL  DATA  FOR  THE  RUN
--------------------------------------------------------------------------------

62I                                                                             

General flags:
     imin    =       1, nmropt  =       0

Nature and format of input:
     ntx     =       1, irest   =       0, ntrx    =       1

Nature and format of output:
     ntxo    =       1, ntpr    =       1, ntrx    =       1, ntwr    =       1
     iwrap   =       0, ntwx    =       0, ntwv    =       0, ntwe    =       0
     ioutfm  =       0, ntwprt  =       0, idecomp =       0, rbornstat=      0

Potential function:
     ntf     =       1, ntb     =       0, igb     =       0, nsnb    =      25
     ipol    =       0, gbsa    =       0, iesp    =       0
     dielc   =   1.00000, cut     =  99.00000, intdiel =   1.00000

Frozen or restrained atoms:
     ibelly  =       0, ntr     =       0

Energy minimization:
     maxcyc  =     100, ncyc    =      50, ntmin   =       1
     dx0     =   0.01000, drms    =   0.00010
|  INFO: Old style inpcrd file read


--------------------------------------------------------------------------------
   3.  ATOMIC COORDINATES AND VELOCITIES
--------------------------------------------------------------------------------

62I                                                                             
 begin time read from input coords =     0.000 ps

 Number of triangulated 3-point waters found:        0

     Sum of charges from parm topology file =   1.00299899

--------------------------------------------------------------------------------
   4.  RESULTS
--------------------------------------------------------------------------------

 ---------------------------------------------------

     eedmeth=4: Setting switch to one everywhere

 ---------------------------------------------------
| Local SIZE OF NONBOND LIST =       1079
| TOTAL SIZE OF NONBOND LIST =       1079


   NSTEP       ENERGY          RMS            GMAX         NAME    NUMBER
      1      -1.6246E+02     2.0609E+01     7.8689E+01     SAL        25

 BOND    =       20.7031  ANGLE   =       20.3373  DIHED      =       54.1085
 VDWAALS =       -7.1287  EEL     =       24.8901  HBOND      =        0.0000
 1-4 VDW =       13.3683  1-4 EEL =     -288.7415  RESTRAINT  =        0.0000


   NSTEP       ENERGY          RMS            GMAX         NAME    NUMBER
      2      -1.6547E+02     1.9147E+01     7.3169E+01     SAL        25

 BOND    =       18.4533  ANGLE   =       19.6355  DIHED      =       54.0531
 VDWAALS =       -7.1421  EEL     =       24.9432  HBOND      =        0.0000
 1-4 VDW =       13.3157  1-4 EEL =     -288.7287  RESTRAINT  =        0.0000


   NSTEP       ENERGY          RMS            GMAX         NAME    NUMBER
      3      -1.6879E+02     1.7444E+01     6.6556E+01     SAL        25

 BOND    =       15.9969  ANGLE   =       18.8439  DIHED      =       53.9882
 VDWAALS =       -7.1598  EEL     =       25.0060  HBOND      =        0.0000
 1-4 VDW =       13.2516  1-4 EEL =     -288.7174  RESTRAINT  =        0.0000


   NSTEP       ENERGY          RMS            GMAX         NAME    NUMBER
      4      -1.7237E+02     1.5483E+01     5.8662E+01     SAL        25

 BOND    =       13.3905  ANGLE   =       17.9643  DIHED      =       53.9127
 VDWAALS =       -7.1835  EEL     =       25.0791  HBOND      =        0.0000
 1-4 VDW =       13.1727  1-4 EEL =     -288.7108  RESTRAINT  =        0.0000


   NSTEP       ENERGY          RMS            GMAX         NAME    NUMBER
      5      -1.7613E+02     1.3271E+01     4.9319E+01     SAL        25

 BOND    =       10.7357  ANGLE   =       17.0063  DIHED      =       53.8256
 VDWAALS =       -7.2160  EEL     =       25.1607  HBOND      =        0.0000
 1-4 VDW =       13.0748  1-4 EEL =     -288.7152  RESTRAINT  =        0.0000


   NSTEP       ENERGY          RMS            GMAX         NAME    NUMBER
      6      -1.7990E+02     1.0871E+01     3.8458E+01     SAL        25

 BOND    =        8.1918  ANGLE   =       15.9895  DIHED      =       53.7266
 VDWAALS =       -7.2621  EEL     =       25.2440  HBOND      =        0.0000
 1-4 VDW =       12.9515  1-4 EEL =     -288.7434  RESTRAINT  =        0.0000


   NSTEP       ENERGY          RMS            GMAX         NAME    NUMBER
      7      -1.8351E+02     8.4608E+00     2.9522E+01     OAH        16

 BOND    =        5.9764  ANGLE   =       14.9481  DIHED      =       53.6158
 VDWAALS =       -7.3303  EEL     =       25.3079  HBOND      =        0.0000
 1-4 VDW =       12.7933  1-4 EEL =     -288.8223  RESTRAINT  =        0.0000


   NSTEP       ENERGY          RMS            GMAX         NAME    NUMBER
      8      -1.8681E+02     6.4053E+00     2.5247E+01     OAH        16

 BOND    =        4.3178  ANGLE   =       13.9396  DIHED      =       53.4937
 VDWAALS =       -7.4348  EEL     =       25.2982  HBOND      =        0.0000
 1-4 VDW =       12.5887  1-4 EEL =     -289.0100  RESTRAINT  =        0.0000


   NSTEP       ENERGY          RMS            GMAX         NAME    NUMBER
      9      -1.8983E+02     5.0474E+00     2.0690E+01     OAH        16

 BOND    =        3.3142  ANGLE   =       13.0690  DIHED      =       53.3575
 VDWAALS =       -7.5948  EEL     =       25.1048  HBOND      =        0.0000
 1-4 VDW =       12.3330  1-4 EEL =     -289.4182  RESTRAINT  =        0.0000


   NSTEP       ENERGY          RMS            GMAX         NAME    NUMBER
     10      -1.9279E+02     4.1852E+00     1.7234E+01     OAH        16

 BOND    =        2.8563  ANGLE   =       12.4755  DIHED      =       53.1868
 VDWAALS =       -7.8181  EEL     =       24.6477  HBOND      =        0.0000
 1-4 VDW =       12.0457  1-4 EEL =     -290.1881  RESTRAINT  =        0.0000


   NSTEP       ENERGY          RMS            GMAX         NAME    NUMBER
     11      -1.9577E+02     3.5156E+00     1.4425E+01     OAH        16

 BOND    =        2.7967  ANGLE   =       12.1629  DIHED      =       52.9589
 VDWAALS =       -8.0891  EEL     =       24.0954  HBOND      =        0.0000
 1-4 VDW =       11.7322  1-4 EEL =     -291.4292  RESTRAINT  =        0.0000


   NSTEP       ENERGY          RMS            GMAX         NAME    NUMBER
     12      -1.9877E+02     2.9615E+00     1.1716E+01     OAH        16

 BOND    =        3.0765  ANGLE   =       12.1766  DIHED      =       52.7009
 VDWAALS =       -8.3676  EEL     =       23.4973  HBOND      =        0.0000
 1-4 VDW =       11.3987  1-4 EEL =     -293.2503  RESTRAINT  =        0.0000


   NSTEP       ENERGY          RMS            GMAX         NAME    NUMBER
     13      -2.0168E+02     2.9335E+00     1.3396E+01     CAW        11

 BOND    =        3.5656  ANGLE   =       12.5281  DIHED      =       52.3986
 VDWAALS =       -8.6401  EEL     =       23.0915  HBOND      =        0.0000
 1-4 VDW =       11.0906  1-4 EEL =     -295.7135  RESTRAINT  =        0.0000


   NSTEP       ENERGY          RMS            GMAX         NAME    NUMBER
     14      -2.0066E+02     1.1485E+01     8.8298E+01     CAW        11

 BOND    =        7.8100  ANGLE   =       13.7465  DIHED      =       52.3264
 VDWAALS =       -8.7136  EEL     =       21.9872  HBOND      =        0.0000
 1-4 VDW =       10.8904  1-4 EEL =     -298.7047  RESTRAINT  =        0.0000


   NSTEP       ENERGY          RMS            GMAX         NAME    NUMBER
     15      -2.0440E+02     2.8283E+00     1.3203E+01     CAW        11

 BOND    =        4.3607  ANGLE   =       13.3207  DIHED      =       52.1819
 VDWAALS =       -8.8270  EEL     =       22.6990  HBOND      =        0.0000
 1-4 VDW =       10.7679  1-4 EEL =     -298.9017  RESTRAINT  =        0.0000


   NSTEP       ENERGY          RMS            GMAX         NAME    NUMBER
     16      -2.0372E+02     8.6450E+00     5.7795E+01     CAW        11

 BOND    =        6.3014  ANGLE   =       14.1086  DIHED      =       52.1088
 VDWAALS =       -8.8444  EEL     =       22.2617  HBOND      =        0.0000
 1-4 VDW =       10.8869  1-4 EEL =     -300.5423  RESTRAINT  =        0.0000


   NSTEP       ENERGY          RMS            GMAX         NAME    NUMBER
     17      -2.0572E+02     2.2131E+00     9.1530E+00     CAW        11

 BOND    =        4.6551  ANGLE   =       13.8727  DIHED      =       52.0882
 VDWAALS =       -8.8976  EEL     =       22.5915  HBOND      =        0.0000
 1-4 VDW =       10.7282  1-4 EEL =     -300.7606  RESTRAINT  =        0.0000


   NSTEP       ENERGY          RMS            GMAX         NAME    NUMBER
     18      -2.0622E+02     3.3367E+00     1.9063E+01     CAW        11

 BOND    =        5.1862  ANGLE   =       14.3301  DIHED      =       52.0492
 VDWAALS =       -8.9363  EEL     =       22.5416  HBOND      =        0.0000
 1-4 VDW =       10.5635  1-4 EEL =     -301.9550  RESTRAINT  =        0.0000


   NSTEP       ENERGY          RMS            GMAX         NAME    NUMBER
     19      -2.0617E+02     5.5398E+00     3.8545E+01     CAW        11

 BOND    =        5.7096  ANGLE   =       14.7431  DIHED      =       52.0238
 VDWAALS =       -8.9474  EEL     =       22.4835  HBOND      =        0.0000
 1-4 VDW =       10.6929  1-4 EEL =     -302.8714  RESTRAINT  =        0.0000


   NSTEP       ENERGY          RMS            GMAX         NAME    NUMBER
     20      -2.0710E+02     1.8665E+00     7.3528E+00     OAO        27

 BOND    =        5.1158  ANGLE   =       14.6918  DIHED      =       52.0039
 VDWAALS =       -8.9756  EEL     =       22.6002  HBOND      =        0.0000
 1-4 VDW =       10.5829  1-4 EEL =     -303.1198  RESTRAINT  =        0.0000


   NSTEP       ENERGY          RMS            GMAX         NAME    NUMBER
     21      -2.0753E+02     2.2118E+00     6.7276E+00     OAO        27

 BOND    =        5.5014  ANGLE   =       15.0889  DIHED      =       51.9853
 VDWAALS =       -8.9865  EEL     =       22.4616  HBOND      =        0.0000
 1-4 VDW =       10.5114  1-4 EEL =     -304.0928  RESTRAINT  =        0.0000


   NSTEP       ENERGY          RMS            GMAX         NAME    NUMBER
     22      -2.0778E+02     3.3255E+00     2.0045E+01     CAW        11

 BOND    =        5.5653  ANGLE   =       15.4474  DIHED      =       51.9495
 VDWAALS =       -9.0392  EEL     =       22.7933  HBOND      =        0.0000
 1-4 VDW =       10.4963  1-4 EEL =     -304.9948  RESTRAINT  =        0.0000


   NSTEP       ENERGY          RMS            GMAX         NAME    NUMBER
     23      -2.0782E+02     4.6584E+00     3.3194E+01     CAW        11

 BOND    =        6.4302  ANGLE   =       15.8735  DIHED      =       51.9400
 VDWAALS =       -9.0046  EEL     =       22.2464  HBOND      =        0.0000
 1-4 VDW =       10.4719  1-4 EEL =     -305.7820  RESTRAINT  =        0.0000


   NSTEP       ENERGY          RMS            GMAX         NAME    NUMBER
     24      -2.0772E+02     6.1225E+00     5.1680E+01     CAW        11

 BOND    =        6.2828  ANGLE   =       16.0256  DIHED      =       51.9301
 VDWAALS =       -9.0941  EEL     =       23.0857  HBOND      =        0.0000
 1-4 VDW =       10.3876  1-4 EEL =     -306.3393  RESTRAINT  =        0.0000


   NSTEP       ENERGY          RMS            GMAX         NAME    NUMBER
     25      -2.0874E+02     1.5642E+00     6.6130E+00     OAO        27

 BOND    =        5.8085  ANGLE   =       16.0934  DIHED      =       51.9171
 VDWAALS =       -9.0583  EEL     =       22.6594  HBOND      =        0.0000
 1-4 VDW =       10.4323  1-4 EEL =     -306.5967  RESTRAINT  =        0.0000


   NSTEP       ENERGY          RMS            GMAX         NAME    NUMBER
     26      -2.0911E+02     2.1094E+00     7.0773E+00     CAW        11

 BOND    =        6.2103  ANGLE   =       16.5931  DIHED      =       51.9013
 VDWAALS =       -9.0736  EEL     =       22.5773  HBOND      =        0.0000
 1-4 VDW =       10.3732  1-4 EEL =     -307.6934  RESTRAINT  =        0.0000


   NSTEP       ENERGY          RMS            GMAX         NAME    NUMBER
     27      -2.0921E+02     3.4680E+00     1.4737E+01     CAW        11

 BOND    =        6.2966  ANGLE   =       17.0557  DIHED      =       51.8768
 VDWAALS =       -9.1098  EEL     =       22.9059  HBOND      =        0.0000
 1-4 VDW =       10.3817  1-4 EEL =     -308.6160  RESTRAINT  =        0.0000


   NSTEP       ENERGY          RMS            GMAX         NAME    NUMBER
     28      -2.0931E+02     4.0761E+00     1.7315E+01     CAW        11

 BOND    =        7.0042  ANGLE   =       17.4327  DIHED      =       51.8652
 VDWAALS =       -9.0930  EEL     =       22.4686  HBOND      =        0.0000
 1-4 VDW =       10.3222  1-4 EEL =     -309.3079  RESTRAINT  =        0.0000


   NSTEP       ENERGY          RMS            GMAX         NAME    NUMBER
     29      -2.0919E+02     5.3507E+00     3.2663E+01     CAW        11

 BOND    =        6.8074  ANGLE   =       17.7145  DIHED      =       51.8792
 VDWAALS =       -9.1508  EEL     =       23.2135  HBOND      =        0.0000
 1-4 VDW =       10.3284  1-4 EEL =     -309.9836  RESTRAINT  =        0.0000


   NSTEP       ENERGY          RMS            GMAX         NAME    NUMBER
     30      -2.1012E+02     1.4898E+00     6.7734E+00     CAW        11

 BOND    =        6.5098  ANGLE   =       17.7650  DIHED      =       51.8471
 VDWAALS =       -9.1263  EEL     =       22.7917  HBOND      =        0.0000
 1-4 VDW =       10.3244  1-4 EEL =     -310.2319  RESTRAINT  =        0.0000


   NSTEP       ENERGY          RMS            GMAX         NAME    NUMBER
     31      -2.1030E+02     2.9547E+00     1.8796E+01     CAW        11

 BOND    =        6.8969  ANGLE   =       18.2691  DIHED      =       51.8619
 VDWAALS =       -9.1564  EEL     =       22.9339  HBOND      =        0.0000
 1-4 VDW =       10.2413  1-4 EEL =     -311.3419  RESTRAINT  =        0.0000


   NSTEP       ENERGY          RMS            GMAX         NAME    NUMBER
     32      -2.1013E+02     4.7972E+00     3.1871E+01     CAW        11

 BOND    =        7.3497  ANGLE   =       18.7864  DIHED      =       51.7947
 VDWAALS =       -9.1370  EEL     =       22.7173  HBOND      =        0.0000
 1-4 VDW =       10.3406  1-4 EEL =     -311.9836  RESTRAINT  =        0.0000


   NSTEP       ENERGY          RMS            GMAX         NAME    NUMBER
     33      -2.1076E+02     1.3692E+00     5.7112E+00     OAO        27

 BOND    =        6.8300  ANGLE   =       18.7177  DIHED      =       51.8203
 VDWAALS =       -9.1619  EEL     =       22.9366  HBOND      =        0.0000
 1-4 VDW =       10.2726  1-4 EEL =     -312.1784  RESTRAINT  =        0.0000


   NSTEP       ENERGY          RMS            GMAX         NAME    NUMBER
     34      -2.1097E+02     1.8570E+00     9.8609E+00     CAW        11

 BOND    =        7.0836  ANGLE   =       19.1037  DIHED      =       51.8327
 VDWAALS =       -9.1771  EEL     =       22.9884  HBOND      =        0.0000
 1-4 VDW =       10.2257  1-4 EEL =     -313.0234  RESTRAINT  =        0.0000


   NSTEP       ENERGY          RMS            GMAX         NAME    NUMBER
     35      -2.1104E+02     2.8589E+00     1.9538E+01     CAW        11

 BOND    =        7.2342  ANGLE   =       19.5987  DIHED      =       51.7795
 VDWAALS =       -9.1801  EEL     =       22.9911  HBOND      =        0.0000
 1-4 VDW =       10.2706  1-4 EEL =     -313.7349  RESTRAINT  =        0.0000


   NSTEP       ENERGY          RMS            GMAX         NAME    NUMBER
     36      -2.1106E+02     3.7429E+00     2.3952E+01     CAW        11

 BOND    =        7.4687  ANGLE   =       19.7476  DIHED      =       51.8396
 VDWAALS =       -9.2106  EEL     =       23.2362  HBOND      =        0.0000
 1-4 VDW =       10.1674  1-4 EEL =     -314.3092  RESTRAINT  =        0.0000


   NSTEP       ENERGY          RMS            GMAX         NAME    NUMBER
     37      -2.1096E+02     4.9405E+00     3.5121E+01     CAW        11

 BOND    =        7.8959  ANGLE   =       20.2414  DIHED      =       51.7541
 VDWAALS =       -9.1780  EEL     =       22.8659  HBOND      =        0.0000
 1-4 VDW =       10.2827  1-4 EEL =     -314.8184  RESTRAINT  =        0.0000


   NSTEP       ENERGY          RMS            GMAX         NAME    NUMBER
     38      -2.1160E+02     1.1863E+00     5.3511E+00     OAO        27

 BOND    =        7.2909  ANGLE   =       20.1674  DIHED      =       51.7873
 VDWAALS =       -9.2057  EEL     =       23.1468  HBOND      =        0.0000
 1-4 VDW =       10.2155  1-4 EEL =     -315.0054  RESTRAINT  =        0.0000


   NSTEP       ENERGY          RMS            GMAX         NAME    NUMBER
     39      -2.1181E+02     1.7868E+00     9.8165E+00     CAW        11

 BOND    =        7.5274  ANGLE   =       20.6235  DIHED      =       51.8057
 VDWAALS =       -9.2231  EEL     =       23.2597  HBOND      =        0.0000
 1-4 VDW =       10.1739  1-4 EEL =     -315.9753  RESTRAINT  =        0.0000


   NSTEP       ENERGY          RMS            GMAX         NAME    NUMBER
     40      -2.1179E+02     3.3138E+00     2.2416E+01     CAW        11

 BOND    =        7.7891  ANGLE   =       21.2256  DIHED      =       51.7298
 VDWAALS =       -9.2199  EEL     =       23.1775  HBOND      =        0.0000
 1-4 VDW =       10.2296  1-4 EEL =     -316.7183  RESTRAINT  =        0.0000


   NSTEP       ENERGY          RMS            GMAX         NAME    NUMBER
     41      -2.1212E+02     1.1444E+00     5.1771E+00     OAO        27

 BOND    =        7.5654  ANGLE   =       21.1889  DIHED      =       51.7691
 VDWAALS =       -9.2348  EEL     =       23.3389  HBOND      =        0.0000
 1-4 VDW =       10.1843  1-4 EEL =     -316.9277  RESTRAINT  =        0.0000


   NSTEP       ENERGY          RMS            GMAX         NAME    NUMBER
     42      -2.1228E+02     1.2965E+00     4.9784E+00     OAO        27

 BOND    =        7.7586  ANGLE   =       21.5409  DIHED      =       51.7782
 VDWAALS =       -9.2408  EEL     =       23.3546  HBOND      =        0.0000
 1-4 VDW =       10.1672  1-4 EEL =     -317.6400  RESTRAINT  =        0.0000


   NSTEP       ENERGY          RMS            GMAX         NAME    NUMBER
     43      -2.1242E+02     1.7335E+00     6.4643E+00     CAW        11

 BOND    =        7.7608  ANGLE   =       22.0266  DIHED      =       51.7398
 VDWAALS =       -9.2569  EEL     =       23.5078  HBOND      =        0.0000
 1-4 VDW =       10.1712  1-4 EEL =     -318.3688  RESTRAINT  =        0.0000


   NSTEP       ENERGY          RMS            GMAX         NAME    NUMBER
     44      -2.1250E+02     2.3364E+00     9.1985E+00     CAW        11

 BOND    =        8.1376  ANGLE   =       22.2808  DIHED      =       51.7928
 VDWAALS =       -9.2536  EEL     =       23.4504  HBOND      =        0.0000
 1-4 VDW =       10.1527  1-4 EEL =     -319.0604  RESTRAINT  =        0.0000


   NSTEP       ENERGY          RMS            GMAX         NAME    NUMBER
     45      -2.1255E+02     2.9401E+00     1.7058E+01     CAW        11

 BOND    =        7.9865  ANGLE   =       22.8298  DIHED      =       51.6912
 VDWAALS =       -9.2800  EEL     =       23.6733  HBOND      =        0.0000
 1-4 VDW =       10.1526  1-4 EEL =     -319.6007  RESTRAINT  =        0.0000


   NSTEP       ENERGY          RMS            GMAX         NAME    NUMBER
     46      -2.1251E+02     3.9032E+00     2.6471E+01     CAW        11

 BOND    =        8.6087  ANGLE   =       22.8634  DIHED      =       51.8302
 VDWAALS =       -9.2562  EEL     =       23.5260  HBOND      =        0.0000
 1-4 VDW =       10.1672  1-4 EEL =     -320.2445  RESTRAINT  =        0.0000


   NSTEP       ENERGY          RMS            GMAX         NAME    NUMBER
     47      -2.1296E+02     1.1090E+00     4.8366E+00     OAO        27

 BOND    =        8.0951  ANGLE   =       23.0829  DIHED      =       51.7474
 VDWAALS =       -9.2779  EEL     =       23.6560  HBOND      =        0.0000
 1-4 VDW =       10.1403  1-4 EEL =     -320.4024  RESTRAINT  =        0.0000


   NSTEP       ENERGY          RMS            GMAX         NAME    NUMBER
     48      -2.1311E+02     1.6895E+00     1.0239E+01     CAW        11

 BOND    =        8.1864  ANGLE   =       23.6500  DIHED      =       51.7222
 VDWAALS =       -9.2860  EEL     =       23.7568  HBOND      =        0.0000
 1-4 VDW =       10.1608  1-4 EEL =     -321.2989  RESTRAINT  =        0.0000


   NSTEP       ENERGY          RMS            GMAX         NAME    NUMBER
     49      -2.1312E+02     2.7994E+00     1.8258E+01     CAW        11

 BOND    =        8.4635  ANGLE   =       23.9722  DIHED      =       51.7520
 VDWAALS =       -9.3039  EEL     =       23.8836  HBOND      =        0.0000
 1-4 VDW =       10.0996  1-4 EEL =     -321.9864  RESTRAINT  =        0.0000


   NSTEP       ENERGY          RMS            GMAX         NAME    NUMBER
     50      -2.1314E+02     3.4647E+00     2.2662E+01     CAW        11

 BOND    =        8.6090  ANGLE   =       24.4152  DIHED      =       51.6983
 VDWAALS =       -9.2872  EEL     =       23.7617  HBOND      =        0.0000
 1-4 VDW =       10.1875  1-4 EEL =     -322.5195  RESTRAINT  =        0.0000


   NSTEP       ENERGY          RMS            GMAX         NAME    NUMBER
     51      -2.1300E+02     4.6796E+00     3.5464E+01     CAW        11

 BOND    =        8.7379  ANGLE   =       24.5681  DIHED      =       51.7495
 VDWAALS =       -9.3306  EEL     =       24.1809  HBOND      =        0.0000
 1-4 VDW =       10.0677  1-4 EEL =     -322.9774  RESTRAINT  =        0.0000


   NSTEP       ENERGY          RMS            GMAX         NAME    NUMBER
     52      -2.1357E+02     1.0885E+00     4.7220E+00     OAO        27

 BOND    =        8.4196  ANGLE   =       24.6650  DIHED      =       51.7244
 VDWAALS =       -9.3106  EEL     =       23.9762  HBOND      =        0.0000
 1-4 VDW =       10.1254  1-4 EEL =     -323.1745  RESTRAINT  =        0.0000


   NSTEP       ENERGY          RMS            GMAX         NAME    NUMBER
     53      -2.1359E+02     1.0074E+00     4.7333E+00     OAO        27

 BOND    =        8.4390  ANGLE   =       24.6912  DIHED      =       51.7204
 VDWAALS =       -9.3073  EEL     =       23.9426  HBOND      =        0.0000
 1-4 VDW =       10.1350  1-4 EEL =     -323.2069  RESTRAINT  =        0.0000


   NSTEP       ENERGY          RMS            GMAX         NAME    NUMBER
     54      -2.1364E+02     9.3541E-01     4.7406E+00     OAO        27

 BOND    =        8.4412  ANGLE   =       24.8306  DIHED      =       51.7154
 VDWAALS =       -9.3105  EEL     =       23.9818  HBOND      =        0.0000
 1-4 VDW =       10.1359  1-4 EEL =     -323.4328  RESTRAINT  =        0.0000


   NSTEP       ENERGY          RMS            GMAX         NAME    NUMBER
     55      -2.1383E+02     2.4626E+00     9.4656E+00     CAW        11

 BOND    =        8.6244  ANGLE   =       25.9648  DIHED      =       51.6772
 VDWAALS =       -9.3347  EEL     =       24.2844  HBOND      =        0.0000
 1-4 VDW =       10.1463  1-4 EEL =     -325.1907  RESTRAINT  =        0.0000


   NSTEP       ENERGY          RMS            GMAX         NAME    NUMBER
     56      -2.1431E+02     2.4175E+00     9.3700E+00     CAW        11

 BOND    =        8.8789  ANGLE   =       27.3302  DIHED      =       51.6631
 VDWAALS =       -9.3580  EEL     =       24.5544  HBOND      =        0.0000
 1-4 VDW =       10.1493  1-4 EEL =     -327.5279  RESTRAINT  =        0.0000


   NSTEP       ENERGY          RMS            GMAX         NAME    NUMBER
     57      -2.1786E+02     3.3608E+00     2.0119E+01     SAL        25

 BOND    =       11.2183  ANGLE   =       41.5602  DIHED      =       51.6004
 VDWAALS =       -9.5711  EEL     =       27.1132  HBOND      =        0.0000
 1-4 VDW =       10.8304  1-4 EEL =     -350.6080  RESTRAINT  =        0.0000


   NSTEP       ENERGY          RMS            GMAX         NAME    NUMBER
     58      -2.1785E+02     5.1460E+00     3.1990E+01     OAO        27

 BOND    =       12.7941  ANGLE   =       49.2799  DIHED      =       51.6320
 VDWAALS =       -9.6733  EEL     =       28.3535  HBOND      =        0.0000
 1-4 VDW =       12.2553  1-4 EEL =     -362.4948  RESTRAINT  =        0.0000


   NSTEP       ENERGY          RMS            GMAX         NAME    NUMBER
     59      -2.1811E+02     4.1264E+00     2.5561E+01     SAL        25

 BOND    =       11.9243  ANGLE   =       45.3251  DIHED      =       51.6110
 VDWAALS =       -9.6219  EEL     =       27.7301  HBOND      =        0.0000
 1-4 VDW =       11.3760  1-4 EEL =     -356.4569  RESTRAINT  =        0.0000


   NSTEP       ENERGY          RMS            GMAX         NAME    NUMBER
     60      -2.1129E+02     1.2239E+01     6.9593E+01     SAL        25

 BOND    =       18.9050  ANGLE   =       63.4351  DIHED      =       51.4716
 VDWAALS =       -9.8167  EEL     =       29.5857  HBOND      =        0.0000
 1-4 VDW =       19.7858  1-4 EEL =     -384.6597  RESTRAINT  =        0.0000


   NSTEP       ENERGY          RMS            GMAX         NAME    NUMBER
     61      -2.1893E+02     2.3082E+00     1.7191E+01     OAK        24

 BOND    =       12.7633  ANGLE   =       49.7333  DIHED      =       51.5584
 VDWAALS =       -9.6824  EEL     =       28.2281  HBOND      =        0.0000
 1-4 VDW =       12.3940  1-4 EEL =     -363.9294  RESTRAINT  =        0.0000


   NSTEP       ENERGY          RMS            GMAX         NAME    NUMBER
     62      -2.1930E+02     1.4408E+00     9.4384E+00     OAK        24

 BOND    =       12.9321  ANGLE   =       50.4273  DIHED      =       51.5807
 VDWAALS =       -9.7164  EEL     =       28.5833  HBOND      =        0.0000
 1-4 VDW =       12.5457  1-4 EEL =     -365.6549  RESTRAINT  =        0.0000


   NSTEP       ENERGY          RMS            GMAX         NAME    NUMBER
     63      -2.1939E+02     1.7769E+00     6.8689E+00     CAW        11

 BOND    =       13.2320  ANGLE   =       50.9916  DIHED      =       51.5974
 VDWAALS =       -9.7415  EEL     =       28.8559  HBOND      =        0.0000
 1-4 VDW =       12.6710  1-4 EEL =     -366.9945  RESTRAINT  =        0.0000


   NSTEP       ENERGY          RMS            GMAX         NAME    NUMBER
     64      -2.1967E+02     2.0525E+00     9.3518E+00     CAW        11

 BOND    =       13.1976  ANGLE   =       51.9656  DIHED      =       51.5088
 VDWAALS =       -9.7612  EEL     =       29.0596  HBOND      =        0.0000
 1-4 VDW =       12.6733  1-4 EEL =     -368.3093  RESTRAINT  =        0.0000


   NSTEP       ENERGY          RMS            GMAX         NAME    NUMBER
     65      -2.1967E+02     2.0536E+00     9.3610E+00     CAW        11

 BOND    =       13.1977  ANGLE   =       51.9662  DIHED      =       51.5087
 VDWAALS =       -9.7612  EEL     =       29.0597  HBOND      =        0.0000
 1-4 VDW =       12.6733  1-4 EEL =     -368.3100  RESTRAINT  =        0.0000


   NSTEP       ENERGY          RMS            GMAX         NAME    NUMBER
     66      -2.2012E+02     1.8184E+00     7.5485E+00     OAK        24

 BOND    =       12.8315  ANGLE   =       52.9426  DIHED      =       51.4920
 VDWAALS =       -9.7933  EEL     =       29.5784  HBOND      =        0.0000
 1-4 VDW =       12.6298  1-4 EEL =     -369.8043  RESTRAINT  =        0.0000


   NSTEP       ENERGY          RMS            GMAX         NAME    NUMBER
     67      -2.2043E+02     3.5736E+00     1.8353E+01     CAW        11

 BOND    =       12.5096  ANGLE   =       54.8506  DIHED      =       51.4568
 VDWAALS =       -9.8423  EEL     =       30.4724  HBOND      =        0.0000
 1-4 VDW =       12.6003  1-4 EEL =     -372.4801  RESTRAINT  =        0.0000


   NSTEP       ENERGY          RMS            GMAX         NAME    NUMBER
     68      -2.2160E+02     2.7031E+00     1.2345E+01     CAE        23

 BOND    =       12.0482  ANGLE   =       58.1445  DIHED      =       51.3409
 VDWAALS =       -9.9151  EEL     =       31.8530  HBOND      =        0.0000
 1-4 VDW =       12.9858  1-4 EEL =     -378.0611  RESTRAINT  =        0.0000


   NSTEP       ENERGY          RMS            GMAX         NAME    NUMBER
     69      -2.2177E+02     3.3374E+00     1.3586E+01     SAL        25

 BOND    =       11.8189  ANGLE   =       61.1300  DIHED      =       51.2678
 VDWAALS =       -9.9502  EEL     =       32.9001  HBOND      =        0.0000
 1-4 VDW =       13.7088  1-4 EEL =     -382.6439  RESTRAINT  =        0.0000


   NSTEP       ENERGY          RMS            GMAX         NAME    NUMBER
     70      -2.2181E+02     3.0197E+00     1.3096E+01     CAE        23

 BOND    =       11.8726  ANGLE   =       60.1919  DIHED      =       51.2876
 VDWAALS =       -9.9415  EEL     =       32.5870  HBOND      =        0.0000
 1-4 VDW =       13.4281  1-4 EEL =     -381.2382  RESTRAINT  =        0.0000


   NSTEP       ENERGY          RMS            GMAX         NAME    NUMBER
     71      -2.2216E+02     3.3866E+00     1.3970E+01     SAG        15

 BOND    =       13.0923  ANGLE   =       60.6436  DIHED      =       51.0949
 VDWAALS =      -10.1202  EEL     =       33.4094  HBOND      =        0.0000
 1-4 VDW =       14.2926  1-4 EEL =     -384.5773  RESTRAINT  =        0.0000


   NSTEP       ENERGY          RMS            GMAX         NAME    NUMBER
     72      -2.2235E+02     2.0439E+00     7.1376E+00     OAK        24

 BOND    =       12.4482  ANGLE   =       60.4142  DIHED      =       51.1621
 VDWAALS =      -10.0571  EEL     =       33.1108  HBOND      =        0.0000
 1-4 VDW =       13.9029  1-4 EEL =     -383.3329  RESTRAINT  =        0.0000


   NSTEP       ENERGY          RMS            GMAX         NAME    NUMBER
     73      -2.2270E+02     1.3739E+00     5.9876E+00     OAK        24

 BOND    =       13.2577  ANGLE   =       59.4746  DIHED      =       51.2133
 VDWAALS =      -10.2014  EEL     =       33.3464  HBOND      =        0.0000
 1-4 VDW =       14.0149  1-4 EEL =     -383.8024  RESTRAINT  =        0.0000


   NSTEP       ENERGY          RMS            GMAX         NAME    NUMBER
     74      -2.2276E+02     1.8162E+00     8.8406E+00     SAG        15

 BOND    =       13.9043  ANGLE   =       58.8945  DIHED      =       51.2476
 VDWAALS =      -10.2939  EEL     =       33.5033  HBOND      =        0.0000
 1-4 VDW =       14.0965  1-4 EEL =     -384.1149  RESTRAINT  =        0.0000


   NSTEP       ENERGY          RMS            GMAX         NAME    NUMBER
     75      -2.2302E+02     2.0153E+00     9.0286E+00     SAG        15

 BOND    =       14.7960  ANGLE   =       58.1194  DIHED      =       51.1435
 VDWAALS =      -10.5186  EEL     =       33.2335  HBOND      =        0.0000
 1-4 VDW =       14.0423  1-4 EEL =     -383.8342  RESTRAINT  =        0.0000


   NSTEP       ENERGY          RMS            GMAX         NAME    NUMBER
     76      -2.2305E+02     1.7864E+00     7.4326E+00     SAG        15

 BOND    =       14.7138  ANGLE   =       58.1257  DIHED      =       51.1514
 VDWAALS =      -10.5197  EEL     =       33.2576  HBOND      =        0.0000
 1-4 VDW =       14.0334  1-4 EEL =     -383.8164  RESTRAINT  =        0.0000


   NSTEP       ENERGY          RMS            GMAX         NAME    NUMBER
     77      -2.2309E+02     1.5413E+00     5.6429E+00     SAG        15

 BOND    =       14.6175  ANGLE   =       58.1368  DIHED      =       51.1601
 VDWAALS =      -10.5210  EEL     =       33.2843  HBOND      =        0.0000
 1-4 VDW =       14.0221  1-4 EEL =     -383.7919  RESTRAINT  =        0.0000


   NSTEP       ENERGY          RMS            GMAX         NAME    NUMBER
     78      -2.2313E+02     1.2985E+00     5.2918E+00     H23        49

 BOND    =       14.5046  ANGLE   =       58.1557  DIHED      =       51.1690
 VDWAALS =      -10.5226  EEL     =       33.3124  HBOND      =        0.0000
 1-4 VDW =       14.0074  1-4 EEL =     -383.7571  RESTRAINT  =        0.0000


   NSTEP       ENERGY          RMS            GMAX         NAME    NUMBER
     79      -2.2317E+02     1.0900E+00     5.3177E+00     H23        49

 BOND    =       14.3728  ANGLE   =       58.1858  DIHED      =       51.1769
 VDWAALS =      -10.5248  EEL     =       33.3384  HBOND      =        0.0000
 1-4 VDW =       13.9881  1-4 EEL =     -383.7066  RESTRAINT  =        0.0000


   NSTEP       ENERGY          RMS            GMAX         NAME    NUMBER
     80      -2.2233E+02     5.9166E+00     3.1215E+01     SAG        15

 BOND    =       12.2137  ANGLE   =       59.5727  DIHED      =       51.2816
 VDWAALS =      -10.5856  EEL     =       33.7523  HBOND      =        0.0000
 1-4 VDW =       13.4616  1-4 EEL =     -382.0296  RESTRAINT  =        0.0000


   NSTEP       ENERGY          RMS            GMAX         NAME    NUMBER
     81      -2.2331E+02     1.4007E+00     7.1358E+00     SAG        15

 BOND    =       13.5083  ANGLE   =       58.4849  DIHED      =       51.2054
 VDWAALS =      -10.5422  EEL     =       33.4515  HBOND      =        0.0000
 1-4 VDW =       13.8326  1-4 EEL =     -383.2464  RESTRAINT  =        0.0000


   NSTEP       ENERGY          RMS            GMAX         NAME    NUMBER
     82      -2.2348E+02     1.0987E+00     4.4731E+00     CAE        23

 BOND    =       12.7886  ANGLE   =       58.7927  DIHED      =       51.1256
 VDWAALS =      -10.5685  EEL     =       33.2590  HBOND      =        0.0000
 1-4 VDW =       13.6439  1-4 EEL =     -382.5195  RESTRAINT  =        0.0000


   NSTEP       ENERGY          RMS            GMAX         NAME    NUMBER
     83      -2.2349E+02     1.3985E+00     5.4568E+00     CAW        11

 BOND    =       12.5716  ANGLE   =       58.9117  DIHED      =       51.0981
 VDWAALS =      -10.5773  EEL     =       33.1921  HBOND      =        0.0000
 1-4 VDW =       13.5827  1-4 EEL =     -382.2692  RESTRAINT  =        0.0000


   NSTEP       ENERGY          RMS            GMAX         NAME    NUMBER
     84      -2.2371E+02     1.3946E+00     5.9506E+00     OAK        24

 BOND    =       12.3940  ANGLE   =       58.2893  DIHED      =       51.0653
 VDWAALS =      -10.6485  EEL     =       33.0489  HBOND      =        0.0000
 1-4 VDW =       13.2925  1-4 EEL =     -381.1467  RESTRAINT  =        0.0000


   NSTEP       ENERGY          RMS            GMAX         NAME    NUMBER
     85      -2.2371E+02     1.6390E+00     7.0243E+00     OAK        24

 BOND    =       12.3826  ANGLE   =       58.1826  DIHED      =       51.0591
 VDWAALS =      -10.6616  EEL     =       33.0216  HBOND      =        0.0000
 1-4 VDW =       13.2417  1-4 EEL =     -380.9367  RESTRAINT  =        0.0000


   NSTEP       ENERGY          RMS            GMAX         NAME    NUMBER
     86      -2.2399E+02     1.2499E+00     5.4541E+00     OAK        24

 BOND    =       12.8813  ANGLE   =       56.7126  DIHED      =       51.0087
 VDWAALS =      -10.7392  EEL     =       32.6884  HBOND      =        0.0000
 1-4 VDW =       12.9787  1-4 EEL =     -379.5243  RESTRAINT  =        0.0000


   NSTEP       ENERGY          RMS            GMAX         NAME    NUMBER
     87      -2.2402E+02     1.6155E+00     7.1804E+00     OAK        24

 BOND    =       13.1117  ANGLE   =       56.1943  DIHED      =       50.9896
 VDWAALS =      -10.7674  EEL     =       32.5619  HBOND      =        0.0000
 1-4 VDW =       12.8890  1-4 EEL =     -378.9957  RESTRAINT  =        0.0000


   NSTEP       ENERGY          RMS            GMAX         NAME    NUMBER
     88      -2.2418E+02     2.3422E+00     1.3470E+01     SAG        15

 BOND    =       13.6579  ANGLE   =       54.9247  DIHED      =       50.7591
 VDWAALS =      -10.8580  EEL     =       32.0054  HBOND      =        0.0000
 1-4 VDW =       12.6351  1-4 EEL =     -377.3011  RESTRAINT  =        0.0000


   NSTEP       ENERGY          RMS            GMAX         NAME    NUMBER
     89      -2.2422E+02     1.5130E+00     7.8163E+00     OAK        24

 BOND    =       13.4197  ANGLE   =       55.3012  DIHED      =       50.8323
 VDWAALS =      -10.8303  EEL     =       32.1826  HBOND      =        0.0000
 1-4 VDW =       12.7117  1-4 EEL =     -377.8378  RESTRAINT  =        0.0000


   NSTEP       ENERGY          RMS            GMAX         NAME    NUMBER
     90      -2.2444E+02     1.2530E+00     6.3532E+00     SAL        25

 BOND    =       13.3250  ANGLE   =       54.8676  DIHED      =       50.7868
 VDWAALS =      -10.8757  EEL     =       32.0676  HBOND      =        0.0000
 1-4 VDW =       12.6564  1-4 EEL =     -377.2721  RESTRAINT  =        0.0000


   NSTEP       ENERGY          RMS            GMAX         NAME    NUMBER
     91      -2.2446E+02     1.5676E+00     8.3573E+00     SAL        25

 BOND    =       13.3345  ANGLE   =       54.7483  DIHED      =       50.7729
 VDWAALS =      -10.8887  EEL     =       32.0324  HBOND      =        0.0000
 1-4 VDW =       12.6408  1-4 EEL =     -377.0974  RESTRAINT  =        0.0000


   NSTEP       ENERGY          RMS            GMAX         NAME    NUMBER
     92      -2.2481E+02     1.4019E+00     8.4234E+00     OAK        24

 BOND    =       13.0192  ANGLE   =       54.7710  DIHED      =       50.6289
 VDWAALS =      -10.9468  EEL     =       31.9736  HBOND      =        0.0000
 1-4 VDW =       12.6678  1-4 EEL =     -376.9255  RESTRAINT  =        0.0000


   NSTEP       ENERGY          RMS            GMAX         NAME    NUMBER
     93      -2.2492E+02     2.2611E+00     1.0998E+01     OAO        27

 BOND    =       12.8090  ANGLE   =       54.9002  DIHED      =       50.4953
 VDWAALS =      -10.9955  EEL     =       31.9154  HBOND      =        0.0000
 1-4 VDW =       12.6947  1-4 EEL =     -376.7391  RESTRAINT  =        0.0000


   NSTEP       ENERGY          RMS            GMAX         NAME    NUMBER
     94      -2.2562E+02     1.7082E+00     7.3467E+00     OAK        24

 BOND    =       12.8988  ANGLE   =       54.7968  DIHED      =       50.2694
 VDWAALS =      -11.0882  EEL     =       31.8917  HBOND      =        0.0000
 1-4 VDW =       12.8933  1-4 EEL =     -377.2784  RESTRAINT  =        0.0000


   NSTEP       ENERGY          RMS            GMAX         NAME    NUMBER
     95      -2.2585E+02     2.4531E+00     1.0307E+01     NAM        28

 BOND    =       13.1699  ANGLE   =       54.8207  DIHED      =       50.0627
 VDWAALS =      -11.1599  EEL     =       31.8590  HBOND      =        0.0000
 1-4 VDW =       13.0854  1-4 EEL =     -377.6835  RESTRAINT  =        0.0000


   NSTEP       ENERGY          RMS            GMAX         NAME    NUMBER
     96      -2.2622E+02     4.1693E+00     1.7383E+01     NAM        28

 BOND    =       13.2837  ANGLE   =       54.6593  DIHED      =       49.8718
 VDWAALS =      -11.1513  EEL     =       31.6325  HBOND      =        0.0000
 1-4 VDW =       13.4853  1-4 EEL =     -378.0017  RESTRAINT  =        0.0000


   NSTEP       ENERGY          RMS            GMAX         NAME    NUMBER
     97      -2.2643E+02     2.4982E+00     9.6204E+00     OAN        26

 BOND    =       13.0667  ANGLE   =       54.6149  DIHED      =       49.9302
 VDWAALS =      -11.1634  EEL     =       31.7207  HBOND      =        0.0000
 1-4 VDW =       13.3335  1-4 EEL =     -377.9349  RESTRAINT  =        0.0000


   NSTEP       ENERGY          RMS            GMAX         NAME    NUMBER
     98      -2.2705E+02     2.4711E+00     1.4975E+01     CAW        11

 BOND    =       12.0396  ANGLE   =       54.9934  DIHED      =       49.7768
 VDWAALS =      -11.1134  EEL     =       31.4959  HBOND      =        0.0000
 1-4 VDW =       13.5614  1-4 EEL =     -377.8070  RESTRAINT  =        0.0000


   NSTEP       ENERGY          RMS            GMAX         NAME    NUMBER
     99      -2.2705E+02     2.5917E+00     1.6205E+01     CAW        11

 BOND    =       12.0000  ANGLE   =       55.0223  DIHED      =       49.7697
 VDWAALS =      -11.1098  EEL     =       31.4835  HBOND      =        0.0000
 1-4 VDW =       13.5731  1-4 EEL =     -377.7936  RESTRAINT  =        0.0000


   NSTEP       ENERGY          RMS            GMAX         NAME    NUMBER
    100      -2.2724E+02     3.4163E+00     1.7051E+01     CAW        11

 BOND    =       11.0938  ANGLE   =       55.2042  DIHED      =       49.7495
 VDWAALS =      -11.0206  EEL     =       31.3429  HBOND      =        0.0000
 1-4 VDW =       13.8452  1-4 EEL =     -377.4600  RESTRAINT  =        0.0000


  Maximum number of minimization cycles reached.


                    FINAL RESULTS



   NSTEP       ENERGY          RMS            GMAX         NAME    NUMBER
    100      -2.2724E+02     3.4163E+00     1.7051E+01     CAW        11

 BOND    =       11.0938  ANGLE   =       55.2042  DIHED      =       49.7495
 VDWAALS =      -11.0206  EEL     =       31.3429  HBOND      =        0.0000
 1-4 VDW =       13.8452  1-4 EEL =     -377.4600  RESTRAINT  =        0.0000

--------------------------------------------------------------------------------
   5.  TIMINGS
--------------------------------------------------------------------------------

|    Read coords time           0.00 ( 0.38% of Total)
|    Fast Water setup           0.00 ( 0.01% of Total)
|                Build the list             0.00 (90.35% of List )
|                Other                      0.00 ( 9.65% of List )
|             List time                  0.00 ( 5.59% of Nonbo)
|                   Short_ene time             0.01 (98.93% of Direc)
|                   Other                      0.00 ( 1.07% of Direc)
|                Direct Ewald time          0.01 (91.19% of Ewald)
|                Force Adjust               0.00 ( 0.12% of Ewald)
|                Virial junk                0.00 ( 0.20% of Ewald)
|                Start synchronizatio       0.00 ( 0.28% of Ewald)
|                Other                      0.00 ( 8.21% of Ewald)
|             Ewald time                 0.01 (93.98% of Nonbo)
|             IPS excludes               0.00 ( 0.05% of Nonbo)
|             Other                      0.00 ( 0.38% of Nonbo)
|          Nonbond force              0.01 (60.90% of Force)
|          Bond/Angle/Dihedral        0.00 (38.14% of Force)
|          Other                      0.00 ( 0.95% of Force)
|       Force time                 0.01 (100.0% of Runmd)
|    Runmd Time                 0.01 (29.11% of Total)
|    Other                      0.03 (70.50% of Total)
| Total time                 0.04 (99.54% of ALL  )

| Number of list builds   :          1

| Highest rstack allocated:        215
| Highest istack allocated:         43
|           Job began  at 00:08:54.960  on 02/05/2016
|           Setup done at 00:08:54.964  on 02/05/2016
|           Run   done at 00:08:55.005  on 02/05/2016
|     wallclock() was called    2335 times
