
          -------------------------------------------------------
          Amber 14 SANDER                              2014
          -------------------------------------------------------

| Run on 05/22/2015 at 14:18:28

|   Executable path: sander
| Working directory: /net/chevy/raid1/nigel/amber/library/amber_library/6
|          Hostname: chevy.lbl.gov

  [-O]verwriting output

File Assignments:
|  MDIN: sander.in                                                             
| MDOUT: 6PC.min.out                                                           
|INPCRD: 6PC.rst7                                                              
|  PARM: 6PC.prmtop                                                            
|RESTRT: 6PC.min.rst7                                                          
|  REFC: refc                                                                  
| MDVEL: mdvel                                                                 
| MDFRC: mdfrc                                                                 
|  MDEN: mden                                                                  
| MDCRD: mdcrd                                                                 
|MDINFO: mdinfo                                                                
|  MTMD: mtmd                                                                  
|INPDIP: inpdip                                                                
|RSTDIP: rstdip                                                                
|INPTRA: inptraj                                                               


 Here is the input file:

  short minimization                                                           
 &cntrl                                                                        
   imin=1, maxcyc=100, ncyc=50, ntpr=1, cut=99., ntb=0,                        
 /                                                                             

--------------------------------------------------------------------------------
   1.  RESOURCE   USE: 
--------------------------------------------------------------------------------

| Flags:                                                                        
|    NONPERIODIC   ntb=0 and igb=0: Setting up nonperiodic simulation
|  *** cutoff > system size, list only builds once
|Largest sphere to fit in unit cell has radius =    31.095
| New format PARM file being parsed.
| Version =    1.000 Date = 05/22/15 Time = 14:18:28
 NATOM  =      13 NTYPES =       5 NBONH =       4 MBONA  =       9
 NTHETH =       8 MTHETA =      11 NPHIH =      16 MPHIA  =      14
 NHPARM =       0 NPARM  =       0 NNB   =      54 NRES   =       1
 NBONA  =       9 NTHETA =      11 NPHIA =      14 NUMBND =       6
 NUMANG =      10 NPTRA  =       4 NATYP =       6 NPHB   =       0
 IFBOX  =       0 NMXRS  =      13 IFCAP =       0 NEXTRA =       0
 NCOPY  =       0


|     Memory Use     Allocated
|     Real                3874
|     Hollerith             42
|     Integer            21844
|     Max Pairs             78
|     nblistReal           156
|     nblist Int        840009
|       Total             3398 kbytes

| Note: 1-4 EEL scale factors are being read from the topology file.

| Note: 1-4 VDW scale factors are being read from the topology file.
| Duplicated    0 dihedrals
| Duplicated    0 dihedrals

--------------------------------------------------------------------------------
   2.  CONTROL  DATA  FOR  THE  RUN
--------------------------------------------------------------------------------

6PC                                                                             

General flags:
     imin    =       1, nmropt  =       0

Nature and format of input:
     ntx     =       1, irest   =       0, ntrx    =       1

Nature and format of output:
     ntxo    =       1, ntpr    =       1, ntrx    =       1, ntwr    =     500
     iwrap   =       0, ntwx    =       0, ntwv    =       0, ntwe    =       0
     ioutfm  =       0, ntwprt  =       0, idecomp =       0, rbornstat=      0

Potential function:
     ntf     =       1, ntb     =       0, igb     =       0, nsnb    =      25
     ipol    =       0, gbsa    =       0, iesp    =       0
     dielc   =   1.00000, cut     =  99.00000, intdiel =   1.00000

Frozen or restrained atoms:
     ibelly  =       0, ntr     =       0

Energy minimization:
     maxcyc  =     100, ncyc    =      50, ntmin   =       1
     dx0     =   0.01000, drms    =   0.00010
|  INFO: Old style inpcrd file read


--------------------------------------------------------------------------------
   3.  ATOMIC COORDINATES AND VELOCITIES
--------------------------------------------------------------------------------

6PC                                                                             
 begin time read from input coords =     0.000 ps

 Number of triangulated 3-point waters found:        0

     Sum of charges from parm topology file =  -1.00100000

--------------------------------------------------------------------------------
   4.  RESULTS
--------------------------------------------------------------------------------

 ---------------------------------------------------

     eedmeth=4: Setting switch to one everywhere

 ---------------------------------------------------
| Local SIZE OF NONBOND LIST =         25
| TOTAL SIZE OF NONBOND LIST =         25


   NSTEP       ENERGY          RMS            GMAX         NAME    NUMBER
      1       1.0226E+02     1.4560E+01     4.6389E+01     O1          7

 BOND    =        4.5864  ANGLE   =        2.8974  DIHED      =        8.0014
 VDWAALS =       -0.6355  EEL     =      -46.7189  HBOND      =        0.0000
 1-4 VDW =        4.1028  1-4 EEL =      130.0295  RESTRAINT  =        0.0000


   NSTEP       ENERGY          RMS            GMAX         NAME    NUMBER
      2       1.0183E+02     1.3164E+01     4.3331E+01     O1          7

 BOND    =        4.1917  ANGLE   =        2.8596  DIHED      =        8.0015
 VDWAALS =       -0.6359  EEL     =      -46.7282  HBOND      =        0.0000
 1-4 VDW =        4.0928  1-4 EEL =      130.0489  RESTRAINT  =        0.0000


   NSTEP       ENERGY          RMS            GMAX         NAME    NUMBER
      3       1.0137E+02     1.1582E+01     3.9609E+01     O1          7

 BOND    =        3.7656  ANGLE   =        2.8214  DIHED      =        8.0017
 VDWAALS =       -0.6363  EEL     =      -46.7391  HBOND      =        0.0000
 1-4 VDW =        4.0811  1-4 EEL =      130.0732  RESTRAINT  =        0.0000


   NSTEP       ENERGY          RMS            GMAX         NAME    NUMBER
      4       1.0089E+02     9.8305E+00     3.5086E+01     O1          7

 BOND    =        3.3173  ANGLE   =        2.7853  DIHED      =        8.0019
 VDWAALS =       -0.6369  EEL     =      -46.7520  HBOND      =        0.0000
 1-4 VDW =        4.0677  1-4 EEL =      130.1037  RESTRAINT  =        0.0000


   NSTEP       ENERGY          RMS            GMAX         NAME    NUMBER
      5       1.0041E+02     7.9618E+00     2.9623E+01     O1          7

 BOND    =        2.8603  ANGLE   =        2.7553  DIHED      =        8.0022
 VDWAALS =       -0.6376  EEL     =      -46.7667  HBOND      =        0.0000
 1-4 VDW =        4.0536  1-4 EEL =      130.1418  RESTRAINT  =        0.0000


   NSTEP       ENERGY          RMS            GMAX         NAME    NUMBER
      6       9.9958E+01     6.0779E+00     2.3155E+01     O1          7

 BOND    =        2.4102  ANGLE   =        2.7375  DIHED      =        8.0026
 VDWAALS =       -0.6385  EEL     =      -46.7829  HBOND      =        0.0000
 1-4 VDW =        4.0416  1-4 EEL =      130.1876  RESTRAINT  =        0.0000


   NSTEP       ENERGY          RMS            GMAX         NAME    NUMBER
      7       9.9560E+01     4.3192E+00     1.5886E+01     O1          7

 BOND    =        1.9794  ANGLE   =        2.7409  DIHED      =        8.0029
 VDWAALS =       -0.6396  EEL     =      -46.7991  HBOND      =        0.0000
 1-4 VDW =        4.0397  1-4 EEL =      130.2360  RESTRAINT  =        0.0000


   NSTEP       ENERGY          RMS            GMAX         NAME    NUMBER
      8       9.9237E+01     2.7756E+00     8.6963E+00     O1          7

 BOND    =        1.5764  ANGLE   =        2.7801  DIHED      =        8.0034
 VDWAALS =       -0.6408  EEL     =      -46.8118  HBOND      =        0.0000
 1-4 VDW =        4.0662  1-4 EEL =      130.2630  RESTRAINT  =        0.0000


   NSTEP       ENERGY          RMS            GMAX         NAME    NUMBER
      9       9.9011E+01     1.3986E+00     3.2076E+00     O1          7

 BOND    =        1.2450  ANGLE   =        2.8757  DIHED      =        8.0040
 VDWAALS =       -0.6419  EEL     =      -46.8135  HBOND      =        0.0000
 1-4 VDW =        4.1495  1-4 EEL =      130.1927  RESTRAINT  =        0.0000


   NSTEP       ENERGY          RMS            GMAX         NAME    NUMBER
     10       9.8910E+01     8.1870E-01     1.8735E+00     C6          6

 BOND    =        1.1824  ANGLE   =        3.0517  DIHED      =        8.0055
 VDWAALS =       -0.6422  EEL     =      -46.7810  HBOND      =        0.0000
 1-4 VDW =        4.2455  1-4 EEL =      129.8484  RESTRAINT  =        0.0000


   NSTEP       ENERGY          RMS            GMAX         NAME    NUMBER
     11       9.9050E+01     5.0677E+00     1.3988E+01     C5          5

 BOND    =        1.4512  ANGLE   =        3.0936  DIHED      =        8.0079
 VDWAALS =       -0.6384  EEL     =      -46.7133  HBOND      =        0.0000
 1-4 VDW =        4.1109  1-4 EEL =      129.7385  RESTRAINT  =        0.0000


   NSTEP       ENERGY          RMS            GMAX         NAME    NUMBER
     12       9.8865E+01     1.4096E+00     3.8602E+00     C4          3

 BOND    =        1.3378  ANGLE   =        3.0984  DIHED      =        8.0082
 VDWAALS =       -0.6399  EEL     =      -46.7288  HBOND      =        0.0000
 1-4 VDW =        4.1671  1-4 EEL =      129.6226  RESTRAINT  =        0.0000


   NSTEP       ENERGY          RMS            GMAX         NAME    NUMBER
     13       9.9018E+01     5.4464E+00     1.6505E+01     C4          3

 BOND    =        1.4497  ANGLE   =        3.0838  DIHED      =        8.0086
 VDWAALS =       -0.6405  EEL     =      -46.7167  HBOND      =        0.0000
 1-4 VDW =        4.2495  1-4 EEL =      129.5832  RESTRAINT  =        0.0000


   NSTEP       ENERGY          RMS            GMAX         NAME    NUMBER
     14       9.8850E+01     1.5493E+00     4.8987E+00     C4          3

 BOND    =        1.3250  ANGLE   =        3.1114  DIHED      =        8.0083
 VDWAALS =       -0.6406  EEL     =      -46.7349  HBOND      =        0.0000
 1-4 VDW =        4.2204  1-4 EEL =      129.5603  RESTRAINT  =        0.0000


   NSTEP       ENERGY          RMS            GMAX         NAME    NUMBER
     15       9.8882E+01     2.9741E+00     9.1274E+00     C4          3

 BOND    =        1.3491  ANGLE   =        3.1885  DIHED      =        8.0081
 VDWAALS =       -0.6405  EEL     =      -46.7554  HBOND      =        0.0000
 1-4 VDW =        4.1836  1-4 EEL =      129.5489  RESTRAINT  =        0.0000


   NSTEP       ENERGY          RMS            GMAX         NAME    NUMBER
     16       9.8830E+01     6.8477E-01     2.0737E+00     C4          3

 BOND    =        1.3054  ANGLE   =        3.1436  DIHED      =        8.0083
 VDWAALS =       -0.6405  EEL     =      -46.7453  HBOND      =        0.0000
 1-4 VDW =        4.1997  1-4 EEL =      129.5591  RESTRAINT  =        0.0000


   NSTEP       ENERGY          RMS            GMAX         NAME    NUMBER
     17       9.8842E+01     1.8304E+00     5.9050E+00     C4          3

 BOND    =        1.3144  ANGLE   =        3.1378  DIHED      =        8.0086
 VDWAALS =       -0.6405  EEL     =      -46.7396  HBOND      =        0.0000
 1-4 VDW =        4.2228  1-4 EEL =      129.5386  RESTRAINT  =        0.0000


   NSTEP       ENERGY          RMS            GMAX         NAME    NUMBER
     18       9.8822E+01     5.2438E-01     1.5147E+00     C4          3

 BOND    =        1.3053  ANGLE   =        3.1542  DIHED      =        8.0086
 VDWAALS =       -0.6406  EEL     =      -46.7466  HBOND      =        0.0000
 1-4 VDW =        4.2128  1-4 EEL =      129.5285  RESTRAINT  =        0.0000


   NSTEP       ENERGY          RMS            GMAX         NAME    NUMBER
     19       9.8822E+01     9.2905E-01     2.9018E+00     C4          3

 BOND    =        1.3180  ANGLE   =        3.1715  DIHED      =        8.0086
 VDWAALS =       -0.6406  EEL     =      -46.7541  HBOND      =        0.0000
 1-4 VDW =        4.2017  1-4 EEL =      129.5166  RESTRAINT  =        0.0000


   NSTEP       ENERGY          RMS            GMAX         NAME    NUMBER
     20       9.8821E+01     1.1026E+00     3.2893E+00     C4          3

 BOND    =        1.3131  ANGLE   =        3.1544  DIHED      =        8.0088
 VDWAALS =       -0.6406  EEL     =      -46.7477  HBOND      =        0.0000
 1-4 VDW =        4.2161  1-4 EEL =      129.5170  RESTRAINT  =        0.0000


   NSTEP       ENERGY          RMS            GMAX         NAME    NUMBER
     21       9.8823E+01     1.3705E+00     3.9186E+00     C4          3

 BOND    =        1.3225  ANGLE   =        3.1993  DIHED      =        8.0088
 VDWAALS =       -0.6407  EEL     =      -46.7619  HBOND      =        0.0000
 1-4 VDW =        4.2023  1-4 EEL =      129.4923  RESTRAINT  =        0.0000


   NSTEP       ENERGY          RMS            GMAX         NAME    NUMBER
     22       9.8811E+01     3.1728E-01     8.0188E-01     O1          7

 BOND    =        1.3134  ANGLE   =        3.1773  DIHED      =        8.0089
 VDWAALS =       -0.6407  EEL     =      -46.7567  HBOND      =        0.0000
 1-4 VDW =        4.2094  1-4 EEL =      129.4995  RESTRAINT  =        0.0000


   NSTEP       ENERGY          RMS            GMAX         NAME    NUMBER
     23       9.8807E+01     5.2235E-01     1.4696E+00     C4          3

 BOND    =        1.3142  ANGLE   =        3.1823  DIHED      =        8.0091
 VDWAALS =       -0.6407  EEL     =      -46.7585  HBOND      =        0.0000
 1-4 VDW =        4.2139  1-4 EEL =      129.4871  RESTRAINT  =        0.0000


   NSTEP       ENERGY          RMS            GMAX         NAME    NUMBER
     24       9.8810E+01     1.1011E+00     3.3850E+00     C4          3

 BOND    =        1.3253  ANGLE   =        3.2116  DIHED      =        8.0091
 VDWAALS =       -0.6409  EEL     =      -46.7703  HBOND      =        0.0000
 1-4 VDW =        4.2060  1-4 EEL =      129.4691  RESTRAINT  =        0.0000


   NSTEP       ENERGY          RMS            GMAX         NAME    NUMBER
     25       9.8803E+01     3.3287E-01     7.4111E-01     C6          6

 BOND    =        1.3182  ANGLE   =        3.1987  DIHED      =        8.0092
 VDWAALS =       -0.6409  EEL     =      -46.7665  HBOND      =        0.0000
 1-4 VDW =        4.2110  1-4 EEL =      129.4728  RESTRAINT  =        0.0000


   NSTEP       ENERGY          RMS            GMAX         NAME    NUMBER
     26       9.8801E+01     5.1240E-01     1.4743E+00     C4          3

 BOND    =        1.3171  ANGLE   =        3.1987  DIHED      =        8.0094
 VDWAALS =       -0.6409  EEL     =      -46.7663  HBOND      =        0.0000
 1-4 VDW =        4.2154  1-4 EEL =      129.4675  RESTRAINT  =        0.0000


   NSTEP       ENERGY          RMS            GMAX         NAME    NUMBER
     27       9.8800E+01     7.1375E-01     2.1195E+00     C4          3

 BOND    =        1.3230  ANGLE   =        3.2189  DIHED      =        8.0094
 VDWAALS =       -0.6410  EEL     =      -46.7752  HBOND      =        0.0000
 1-4 VDW =        4.2099  1-4 EEL =      129.4553  RESTRAINT  =        0.0000


   NSTEP       ENERGY          RMS            GMAX         NAME    NUMBER
     28       9.8800E+01     8.1768E-01     2.4324E+00     C4          3

 BOND    =        1.3207  ANGLE   =        3.2014  DIHED      =        8.0096
 VDWAALS =       -0.6410  EEL     =      -46.7696  HBOND      =        0.0000
 1-4 VDW =        4.2183  1-4 EEL =      129.4604  RESTRAINT  =        0.0000


   NSTEP       ENERGY          RMS            GMAX         NAME    NUMBER
     29       9.8801E+01     1.0237E+00     2.9999E+00     C4          3

 BOND    =        1.3256  ANGLE   =        3.2365  DIHED      =        8.0095
 VDWAALS =       -0.6411  EEL     =      -46.7813  HBOND      =        0.0000
 1-4 VDW =        4.2092  1-4 EEL =      129.4421  RESTRAINT  =        0.0000


   NSTEP       ENERGY          RMS            GMAX         NAME    NUMBER
     30       9.8794E+01     2.5022E-01     6.6787E-01     O1          7

 BOND    =        1.3206  ANGLE   =        3.2204  DIHED      =        8.0096
 VDWAALS =       -0.6411  EEL     =      -46.7777  HBOND      =        0.0000
 1-4 VDW =        4.2143  1-4 EEL =      129.4477  RESTRAINT  =        0.0000


   NSTEP       ENERGY          RMS            GMAX         NAME    NUMBER
     31       9.8792E+01     3.8391E-01     1.0373E+00     C4          3

 BOND    =        1.3203  ANGLE   =        3.2240  DIHED      =        8.0098
 VDWAALS =       -0.6412  EEL     =      -46.7800  HBOND      =        0.0000
 1-4 VDW =        4.2174  1-4 EEL =      129.4413  RESTRAINT  =        0.0000


   NSTEP       ENERGY          RMS            GMAX         NAME    NUMBER
     32       9.8793E+01     8.0418E-01     2.4829E+00     C4          3

 BOND    =        1.3267  ANGLE   =        3.2459  DIHED      =        8.0099
 VDWAALS =       -0.6413  EEL     =      -46.7896  HBOND      =        0.0000
 1-4 VDW =        4.2127  1-4 EEL =      129.4285  RESTRAINT  =        0.0000


   NSTEP       ENERGY          RMS            GMAX         NAME    NUMBER
     33       9.8789E+01     2.4916E-01     6.1340E-01     O1          7

 BOND    =        1.3225  ANGLE   =        3.2368  DIHED      =        8.0099
 VDWAALS =       -0.6413  EEL     =      -46.7870  HBOND      =        0.0000
 1-4 VDW =        4.2163  1-4 EEL =      129.4315  RESTRAINT  =        0.0000


   NSTEP       ENERGY          RMS            GMAX         NAME    NUMBER
     34       9.8787E+01     3.5506E-01     9.7489E-01     C4          3

 BOND    =        1.3212  ANGLE   =        3.2377  DIHED      =        8.0101
 VDWAALS =       -0.6413  EEL     =      -46.7878  HBOND      =        0.0000
 1-4 VDW =        4.2190  1-4 EEL =      129.4285  RESTRAINT  =        0.0000


   NSTEP       ENERGY          RMS            GMAX         NAME    NUMBER
     35       9.8787E+01     5.3248E-01     1.6018E+00     C4          3

 BOND    =        1.3251  ANGLE   =        3.2525  DIHED      =        8.0101
 VDWAALS =       -0.6414  EEL     =      -46.7949  HBOND      =        0.0000
 1-4 VDW =        4.2158  1-4 EEL =      129.4199  RESTRAINT  =        0.0000


   NSTEP       ENERGY          RMS            GMAX         NAME    NUMBER
     36       9.8787E+01     6.0817E-01     1.8426E+00     C4          3

 BOND    =        1.3229  ANGLE   =        3.2405  DIHED      =        8.0102
 VDWAALS =       -0.6414  EEL     =      -46.7912  HBOND      =        0.0000
 1-4 VDW =        4.2218  1-4 EEL =      129.4238  RESTRAINT  =        0.0000


   NSTEP       ENERGY          RMS            GMAX         NAME    NUMBER
     37       9.8787E+01     7.6248E-01     2.2935E+00     C4          3

 BOND    =        1.3260  ANGLE   =        3.2658  DIHED      =        8.0102
 VDWAALS =       -0.6415  EEL     =      -46.8003  HBOND      =        0.0000
 1-4 VDW =        4.2153  1-4 EEL =      129.4113  RESTRAINT  =        0.0000


   NSTEP       ENERGY          RMS            GMAX         NAME    NUMBER
     38       9.8783E+01     1.9773E-01     5.4914E-01     O1          7

 BOND    =        1.3230  ANGLE   =        3.2546  DIHED      =        8.0103
 VDWAALS =       -0.6415  EEL     =      -46.7977  HBOND      =        0.0000
 1-4 VDW =        4.2192  1-4 EEL =      129.4153  RESTRAINT  =        0.0000


   NSTEP       ENERGY          RMS            GMAX         NAME    NUMBER
     39       9.8782E+01     2.7751E-01     7.2283E-01     C4          3

 BOND    =        1.3222  ANGLE   =        3.2579  DIHED      =        8.0104
 VDWAALS =       -0.6416  EEL     =      -46.8001  HBOND      =        0.0000
 1-4 VDW =        4.2215  1-4 EEL =      129.4115  RESTRAINT  =        0.0000


   NSTEP       ENERGY          RMS            GMAX         NAME    NUMBER
     40       9.8782E+01     5.7671E-01     1.8146E+00     C4          3

 BOND    =        1.3261  ANGLE   =        3.2733  DIHED      =        8.0105
 VDWAALS =       -0.6417  EEL     =      -46.8077  HBOND      =        0.0000
 1-4 VDW =        4.2185  1-4 EEL =      129.4029  RESTRAINT  =        0.0000


   NSTEP       ENERGY          RMS            GMAX         NAME    NUMBER
     41       9.8780E+01     1.8529E-01     5.0315E-01     O1          7

 BOND    =        1.3235  ANGLE   =        3.2673  DIHED      =        8.0105
 VDWAALS =       -0.6417  EEL     =      -46.8059  HBOND      =        0.0000
 1-4 VDW =        4.2211  1-4 EEL =      129.4049  RESTRAINT  =        0.0000


   NSTEP       ENERGY          RMS            GMAX         NAME    NUMBER
     42       9.8779E+01     2.3368E-01     5.8243E-01     C4          3

 BOND    =        1.3222  ANGLE   =        3.2697  DIHED      =        8.0106
 VDWAALS =       -0.6417  EEL     =      -46.8073  HBOND      =        0.0000
 1-4 VDW =        4.2229  1-4 EEL =      129.4026  RESTRAINT  =        0.0000


   NSTEP       ENERGY          RMS            GMAX         NAME    NUMBER
     43       9.8778E+01     3.7819E-01     1.1610E+00     C4          3

 BOND    =        1.3250  ANGLE   =        3.2794  DIHED      =        8.0107
 VDWAALS =       -0.6418  EEL     =      -46.8129  HBOND      =        0.0000
 1-4 VDW =        4.2211  1-4 EEL =      129.3969  RESTRAINT  =        0.0000


   NSTEP       ENERGY          RMS            GMAX         NAME    NUMBER
     44       9.8778E+01     4.6294E-01     1.4558E+00     C4          3

 BOND    =        1.3226  ANGLE   =        3.2726  DIHED      =        8.0108
 VDWAALS =       -0.6418  EEL     =      -46.8106  HBOND      =        0.0000
 1-4 VDW =        4.2255  1-4 EEL =      129.3991  RESTRAINT  =        0.0000


   NSTEP       ENERGY          RMS            GMAX         NAME    NUMBER
     45       9.8778E+01     5.5810E-01     1.7453E+00     C4          3

 BOND    =        1.3253  ANGLE   =        3.2896  DIHED      =        8.0108
 VDWAALS =       -0.6419  EEL     =      -46.8175  HBOND      =        0.0000
 1-4 VDW =        4.2209  1-4 EEL =      129.3911  RESTRAINT  =        0.0000


   NSTEP       ENERGY          RMS            GMAX         NAME    NUMBER
     46       9.8778E+01     6.7446E-01     2.1041E+00     C4          3

 BOND    =        1.3244  ANGLE   =        3.2735  DIHED      =        8.0109
 VDWAALS =       -0.6419  EEL     =      -46.8133  HBOND      =        0.0000
 1-4 VDW =        4.2278  1-4 EEL =      129.3971  RESTRAINT  =        0.0000


   NSTEP       ENERGY          RMS            GMAX         NAME    NUMBER
     47       9.8776E+01     1.5398E-01     4.3738E-01     O1          7

 BOND    =        1.3226  ANGLE   =        3.2844  DIHED      =        8.0109
 VDWAALS =       -0.6419  EEL     =      -46.8170  HBOND      =        0.0000
 1-4 VDW =        4.2246  1-4 EEL =      129.3921  RESTRAINT  =        0.0000


   NSTEP       ENERGY          RMS            GMAX         NAME    NUMBER
     48       9.8775E+01     2.4294E-01     6.8993E-01     C4          3

 BOND    =        1.3238  ANGLE   =        3.2929  DIHED      =        8.0110
 VDWAALS =       -0.6420  EEL     =      -46.8223  HBOND      =        0.0000
 1-4 VDW =        4.2244  1-4 EEL =      129.3869  RESTRAINT  =        0.0000


   NSTEP       ENERGY          RMS            GMAX         NAME    NUMBER
     49       9.8775E+01     5.4941E-01     1.8212E+00     C4          3

 BOND    =        1.3221  ANGLE   =        3.2886  DIHED      =        8.0111
 VDWAALS =       -0.6421  EEL     =      -46.8211  HBOND      =        0.0000
 1-4 VDW =        4.2287  1-4 EEL =      129.3879  RESTRAINT  =        0.0000


   NSTEP       ENERGY          RMS            GMAX         NAME    NUMBER
     50       9.8773E+01     1.6540E-01     3.9791E-01     O1          7

 BOND    =        1.3220  ANGLE   =        3.2949  DIHED      =        8.0111
 VDWAALS =       -0.6421  EEL     =      -46.8240  HBOND      =        0.0000
 1-4 VDW =        4.2266  1-4 EEL =      129.3850  RESTRAINT  =        0.0000


   NSTEP       ENERGY          RMS            GMAX         NAME    NUMBER
     51       9.8773E+01     2.5794E-01     7.8228E-01     C4          3

 BOND    =        1.3238  ANGLE   =        3.3016  DIHED      =        8.0112
 VDWAALS =       -0.6422  EEL     =      -46.8283  HBOND      =        0.0000
 1-4 VDW =        4.2257  1-4 EEL =      129.3812  RESTRAINT  =        0.0000


   NSTEP       ENERGY          RMS            GMAX         NAME    NUMBER
     52       5.8098E+02     2.8784E+02     9.9868E+02     C4          3

 BOND    =      410.6789  ANGLE   =       71.5351  DIHED      =        8.0569
 VDWAALS =       -0.6300  EEL     =      -46.4299  HBOND      =        0.0000
 1-4 VDW =        7.9079  1-4 EEL =      129.8632  RESTRAINT  =        0.0000


   NSTEP       ENERGY          RMS            GMAX         NAME    NUMBER
     53       9.8773E+01     1.4069E-01     3.7922E-01     O1          7

 BOND    =        1.3223  ANGLE   =        3.2996  DIHED      =        8.0112
 VDWAALS =       -0.6422  EEL     =      -46.8276  HBOND      =        0.0000
 1-4 VDW =        4.2274  1-4 EEL =      129.3818  RESTRAINT  =        0.0000


   NSTEP       ENERGY          RMS            GMAX         NAME    NUMBER
     54       9.8772E+01     1.3779E-01     3.7352E-01     O1          7

 BOND    =        1.3220  ANGLE   =        3.3018  DIHED      =        8.0112
 VDWAALS =       -0.6422  EEL     =      -46.8287  HBOND      =        0.0000
 1-4 VDW =        4.2276  1-4 EEL =      129.3806  RESTRAINT  =        0.0000


   NSTEP       ENERGY          RMS            GMAX         NAME    NUMBER
     55       9.8770E+01     1.4901E-01     3.2070E-01     O1          7

 BOND    =        1.3189  ANGLE   =        3.3220  DIHED      =        8.0115
 VDWAALS =       -0.6425  EEL     =      -46.8395  HBOND      =        0.0000
 1-4 VDW =        4.2298  1-4 EEL =      129.3693  RESTRAINT  =        0.0000


   NSTEP       ENERGY          RMS            GMAX         NAME    NUMBER
     56       9.8766E+01     4.4358E-01     1.3561E+00     C2          4

 BOND    =        1.3096  ANGLE   =        3.3984  DIHED      =        8.0126
 VDWAALS =       -0.6433  EEL     =      -46.8783  HBOND      =        0.0000
 1-4 VDW =        4.2378  1-4 EEL =      129.3288  RESTRAINT  =        0.0000


   NSTEP       ENERGY          RMS            GMAX         NAME    NUMBER
     57       9.8782E+01     1.4928E+00     4.2873E+00     C2          4

 BOND    =        1.3747  ANGLE   =        3.4175  DIHED      =        8.0149
 VDWAALS =       -0.6445  EEL     =      -46.9437  HBOND      =        0.0000
 1-4 VDW =        4.2632  1-4 EEL =      129.3000  RESTRAINT  =        0.0000


   NSTEP       ENERGY          RMS            GMAX         NAME    NUMBER
     58       9.8764E+01     3.5488E-02     1.2504E-01     C5          5

 BOND    =        1.3203  ANGLE   =        3.4015  DIHED      =        8.0131
 VDWAALS =       -0.6436  EEL     =      -46.8932  HBOND      =        0.0000
 1-4 VDW =        4.2435  1-4 EEL =      129.3223  RESTRAINT  =        0.0000


   NSTEP       ENERGY          RMS            GMAX         NAME    NUMBER
     59       9.8764E+01     1.4192E-02     3.3831E-02     O2          8

 BOND    =        1.3201  ANGLE   =        3.4012  DIHED      =        8.0131
 VDWAALS =       -0.6436  EEL     =      -46.8935  HBOND      =        0.0000
 1-4 VDW =        4.2437  1-4 EEL =      129.3229  RESTRAINT  =        0.0000


   NSTEP       ENERGY          RMS            GMAX         NAME    NUMBER
     60       9.8764E+01     1.1817E-02     3.7497E-02     O2          8

 BOND    =        1.3201  ANGLE   =        3.4013  DIHED      =        8.0131
 VDWAALS =       -0.6436  EEL     =      -46.8934  HBOND      =        0.0000
 1-4 VDW =        4.2437  1-4 EEL =      129.3228  RESTRAINT  =        0.0000


   NSTEP       ENERGY          RMS            GMAX         NAME    NUMBER
     61       9.8764E+01     1.1032E-02     3.2816E-02     O2          8

 BOND    =        1.3198  ANGLE   =        3.4011  DIHED      =        8.0131
 VDWAALS =       -0.6436  EEL     =      -46.8935  HBOND      =        0.0000
 1-4 VDW =        4.2437  1-4 EEL =      129.3235  RESTRAINT  =        0.0000


   NSTEP       ENERGY          RMS            GMAX         NAME    NUMBER
     62       9.8764E+01     2.5851E-02     7.1371E-02     C2          4

 BOND    =        1.3164  ANGLE   =        3.3993  DIHED      =        8.0131
 VDWAALS =       -0.6436  EEL     =      -46.8946  HBOND      =        0.0000
 1-4 VDW =        4.2439  1-4 EEL =      129.3296  RESTRAINT  =        0.0000


   NSTEP       ENERGY          RMS            GMAX         NAME    NUMBER
     63       9.8764E+01     1.7818E-02     6.7938E-02     C1          1

 BOND    =        1.3135  ANGLE   =        3.3978  DIHED      =        8.0131
 VDWAALS =       -0.6437  EEL     =      -46.8961  HBOND      =        0.0000
 1-4 VDW =        4.2446  1-4 EEL =      129.3348  RESTRAINT  =        0.0000


   NSTEP       ENERGY          RMS            GMAX         NAME    NUMBER
     64       9.8764E+01     2.2456E-02     8.8145E-02     C1          1

 BOND    =        1.3127  ANGLE   =        3.3973  DIHED      =        8.0131
 VDWAALS =       -0.6437  EEL     =      -46.8966  HBOND      =        0.0000
 1-4 VDW =        4.2449  1-4 EEL =      129.3364  RESTRAINT  =        0.0000


   NSTEP       ENERGY          RMS            GMAX         NAME    NUMBER
     65       9.8764E+01     1.7233E-02     5.2649E-02     C1          1

 BOND    =        1.3112  ANGLE   =        3.3952  DIHED      =        8.0131
 VDWAALS =       -0.6438  EEL     =      -46.8980  HBOND      =        0.0000
 1-4 VDW =        4.2461  1-4 EEL =      129.3401  RESTRAINT  =        0.0000


   NSTEP       ENERGY          RMS            GMAX         NAME    NUMBER
     66       9.8764E+01     1.6087E-02     4.3715E-02     C1          1

 BOND    =        1.3113  ANGLE   =        3.3953  DIHED      =        8.0131
 VDWAALS =       -0.6438  EEL     =      -46.8979  HBOND      =        0.0000
 1-4 VDW =        4.2460  1-4 EEL =      129.3399  RESTRAINT  =        0.0000


   NSTEP       ENERGY          RMS            GMAX         NAME    NUMBER
     67       9.8764E+01     1.2483E-02     3.6963E-02     O1          7

 BOND    =        1.3122  ANGLE   =        3.3955  DIHED      =        8.0131
 VDWAALS =       -0.6438  EEL     =      -46.8987  HBOND      =        0.0000
 1-4 VDW =        4.2461  1-4 EEL =      129.3397  RESTRAINT  =        0.0000


   NSTEP       ENERGY          RMS            GMAX         NAME    NUMBER
     68       9.8764E+01     1.8658E-02     4.2636E-02     C6          6

 BOND    =        1.3129  ANGLE   =        3.3957  DIHED      =        8.0131
 VDWAALS =       -0.6438  EEL     =      -46.8995  HBOND      =        0.0000
 1-4 VDW =        4.2461  1-4 EEL =      129.3395  RESTRAINT  =        0.0000


   NSTEP       ENERGY          RMS            GMAX         NAME    NUMBER
     69       9.8764E+01     1.8559E-02     4.1944E-02     O2          8

 BOND    =        1.3123  ANGLE   =        3.3969  DIHED      =        8.0131
 VDWAALS =       -0.6439  EEL     =      -46.9003  HBOND      =        0.0000
 1-4 VDW =        4.2458  1-4 EEL =      129.3400  RESTRAINT  =        0.0000


   NSTEP       ENERGY          RMS            GMAX         NAME    NUMBER
     70       9.8764E+01     3.8758E-02     9.8821E-02     C2          4

 BOND    =        1.3113  ANGLE   =        3.3990  DIHED      =        8.0131
 VDWAALS =       -0.6439  EEL     =      -46.9018  HBOND      =        0.0000
 1-4 VDW =        4.2453  1-4 EEL =      129.3409  RESTRAINT  =        0.0000


   NSTEP       ENERGY          RMS            GMAX         NAME    NUMBER
     71       9.8764E+01     3.9144E-02     1.1366E-01     C2          4

 BOND    =        1.3097  ANGLE   =        3.4009  DIHED      =        8.0130
 VDWAALS =       -0.6439  EEL     =      -46.9033  HBOND      =        0.0000
 1-4 VDW =        4.2459  1-4 EEL =      129.3417  RESTRAINT  =        0.0000


   NSTEP       ENERGY          RMS            GMAX         NAME    NUMBER
     72       9.8764E+01     9.5184E-02     2.8482E-01     C2          4

 BOND    =        1.3059  ANGLE   =        3.4054  DIHED      =        8.0128
 VDWAALS =       -0.6440  EEL     =      -46.9070  HBOND      =        0.0000
 1-4 VDW =        4.2474  1-4 EEL =      129.3434  RESTRAINT  =        0.0000


   NSTEP       ENERGY          RMS            GMAX         NAME    NUMBER
     73       9.8764E+01     1.0583E-01     2.3422E-01     H5         12

 BOND    =        1.3022  ANGLE   =        3.4090  DIHED      =        8.0125
 VDWAALS =       -0.6441  EEL     =      -46.9105  HBOND      =        0.0000
 1-4 VDW =        4.2481  1-4 EEL =      129.3465  RESTRAINT  =        0.0000


   NSTEP       ENERGY          RMS            GMAX         NAME    NUMBER
     74       9.8762E+01     5.0683E-01     1.3347E+00     C2          4

 BOND    =        1.2769  ANGLE   =        3.4415  DIHED      =        8.0036
 VDWAALS =       -0.6449  EEL     =      -46.9429  HBOND      =        0.0000
 1-4 VDW =        4.2549  1-4 EEL =      129.3731  RESTRAINT  =        0.0000


   NSTEP       ENERGY          RMS            GMAX         NAME    NUMBER
     75       9.8764E+01     1.3876E+00     4.1842E+00     C2          4

 BOND    =        1.2705  ANGLE   =        3.4886  DIHED      =        7.9703
 VDWAALS =       -0.6455  EEL     =      -46.9951  HBOND      =        0.0000
 1-4 VDW =        4.2671  1-4 EEL =      129.4077  RESTRAINT  =        0.0000


   NSTEP       ENERGY          RMS            GMAX         NAME    NUMBER
     76       9.8906E+01     5.1984E+00     2.1436E+01     C2          4

 BOND    =        1.5110  ANGLE   =        3.3457  DIHED      =        7.9718
 VDWAALS =       -0.6450  EEL     =      -46.9966  HBOND      =        0.0000
 1-4 VDW =        4.2142  1-4 EEL =      129.5046  RESTRAINT  =        0.0000


   NSTEP       ENERGY          RMS            GMAX         NAME    NUMBER
     77       9.8757E+01     1.5941E+00     5.0476E+00     C2          4

 BOND    =        1.3325  ANGLE   =        3.3985  DIHED      =        7.9697
 VDWAALS =       -0.6451  EEL     =      -46.9952  HBOND      =        0.0000
 1-4 VDW =        4.2289  1-4 EEL =      129.4677  RESTRAINT  =        0.0000


   NSTEP       ENERGY          RMS            GMAX         NAME    NUMBER
     78       9.8774E+01     2.4728E+00     9.6248E+00     C2          4

 BOND    =        1.2672  ANGLE   =        3.4942  DIHED      =        7.9675
 VDWAALS =       -0.6452  EEL     =      -46.9915  HBOND      =        0.0000
 1-4 VDW =        4.2754  1-4 EEL =      129.4065  RESTRAINT  =        0.0000


   NSTEP       ENERGY          RMS            GMAX         NAME    NUMBER
     79       9.8737E+01     4.4719E-01     1.5069E+00     C2          4

 BOND    =        1.2591  ANGLE   =        3.4471  DIHED      =        7.9679
 VDWAALS =       -0.6452  EEL     =      -46.9909  HBOND      =        0.0000
 1-4 VDW =        4.2721  1-4 EEL =      129.4272  RESTRAINT  =        0.0000


   NSTEP       ENERGY          RMS            GMAX         NAME    NUMBER
     80       2.1473E+02     1.2191E+02     3.5761E+02     C2          4

 BOND    =      102.6413  ANGLE   =       17.0235  DIHED      =        7.8761
 VDWAALS =       -0.6206  EEL     =      -46.4456  HBOND      =        0.0000
 1-4 VDW =        2.9770  1-4 EEL =      131.2809  RESTRAINT  =        0.0000


   NSTEP       ENERGY          RMS            GMAX         NAME    NUMBER
     81       9.8735E+01     2.7332E-01     8.0597E-01     O2          8

 BOND    =        1.2716  ANGLE   =        3.4295  DIHED      =        7.9677
 VDWAALS =       -0.6451  EEL     =      -46.9883  HBOND      =        0.0000
 1-4 VDW =        4.2651  1-4 EEL =      129.4347  RESTRAINT  =        0.0000


   NSTEP       ENERGY          RMS            GMAX         NAME    NUMBER
     82       9.8734E+01     2.3778E-01     8.1310E-01     O2          8

 BOND    =        1.2728  ANGLE   =        3.4304  DIHED      =        7.9671
 VDWAALS =       -0.6449  EEL     =      -46.9839  HBOND      =        0.0000
 1-4 VDW =        4.2619  1-4 EEL =      129.4305  RESTRAINT  =        0.0000


   NSTEP       ENERGY          RMS            GMAX         NAME    NUMBER
     83       9.8732E+01     4.7059E-01     1.2905E+00     C3          2

 BOND    =        1.2794  ANGLE   =        3.4348  DIHED      =        7.9649
 VDWAALS =       -0.6444  EEL     =      -46.9681  HBOND      =        0.0000
 1-4 VDW =        4.2502  1-4 EEL =      129.4149  RESTRAINT  =        0.0000


   NSTEP       ENERGY          RMS            GMAX         NAME    NUMBER
     84       9.8728E+01     3.0113E-01     6.7083E-01     C2          4

 BOND    =        1.2881  ANGLE   =        3.4225  DIHED      =        7.9617
 VDWAALS =       -0.6438  EEL     =      -46.9488  HBOND      =        0.0000
 1-4 VDW =        4.2665  1-4 EEL =      129.3813  RESTRAINT  =        0.0000


   NSTEP       ENERGY          RMS            GMAX         NAME    NUMBER
     85       9.8728E+01     3.2555E-01     8.1866E-01     C2          4

 BOND    =        1.2891  ANGLE   =        3.4215  DIHED      =        7.9615
 VDWAALS =       -0.6437  EEL     =      -46.9471  HBOND      =        0.0000
 1-4 VDW =        4.2680  1-4 EEL =      129.3783  RESTRAINT  =        0.0000


   NSTEP       ENERGY          RMS            GMAX         NAME    NUMBER
     86       9.8727E+01     4.1494E-01     1.3885E+00     C2          4

 BOND    =        1.2936  ANGLE   =        3.4228  DIHED      =        7.9591
 VDWAALS =       -0.6433  EEL     =      -46.9349  HBOND      =        0.0000
 1-4 VDW =        4.2811  1-4 EEL =      129.3482  RESTRAINT  =        0.0000


   NSTEP       ENERGY          RMS            GMAX         NAME    NUMBER
     87       9.8726E+01     2.3816E-01     5.9391E-01     C2          4

 BOND    =        1.2914  ANGLE   =        3.4222  DIHED      =        7.9600
 VDWAALS =       -0.6434  EEL     =      -46.9393  HBOND      =        0.0000
 1-4 VDW =        4.2764  1-4 EEL =      129.3591  RESTRAINT  =        0.0000


   NSTEP       ENERGY          RMS            GMAX         NAME    NUMBER
     88       9.8725E+01     2.1528E-01     4.4084E-01     O2          8

 BOND    =        1.2970  ANGLE   =        3.4268  DIHED      =        7.9588
 VDWAALS =       -0.6432  EEL     =      -46.9313  HBOND      =        0.0000
 1-4 VDW =        4.2727  1-4 EEL =      129.3442  RESTRAINT  =        0.0000


   NSTEP       ENERGY          RMS            GMAX         NAME    NUMBER
     89       9.8723E+01     5.0039E-01     1.0894E+00     O2          8

 BOND    =        1.3202  ANGLE   =        3.4456  DIHED      =        7.9543
 VDWAALS =       -0.6420  EEL     =      -46.9007  HBOND      =        0.0000
 1-4 VDW =        4.2588  1-4 EEL =      129.2868  RESTRAINT  =        0.0000


   NSTEP       ENERGY          RMS            GMAX         NAME    NUMBER
     90       9.8718E+01     3.0596E-01     8.0239E-01     O2          8

 BOND    =        1.3801  ANGLE   =        3.4449  DIHED      =        7.9481
 VDWAALS =       -0.6407  EEL     =      -46.8674  HBOND      =        0.0000
 1-4 VDW =        4.2377  1-4 EEL =      129.2155  RESTRAINT  =        0.0000


   NSTEP       ENERGY          RMS            GMAX         NAME    NUMBER
     91       9.8717E+01     3.7881E-01     9.1982E-01     C5          5

 BOND    =        1.4267  ANGLE   =        3.4449  DIHED      =        7.9434
 VDWAALS =       -0.6398  EEL     =      -46.8426  HBOND      =        0.0000
 1-4 VDW =        4.2221  1-4 EEL =      129.1625  RESTRAINT  =        0.0000


   NSTEP       ENERGY          RMS            GMAX         NAME    NUMBER
     92       9.8716E+01     6.5001E-01     2.1173E+00     C6          6

 BOND    =        1.4653  ANGLE   =        3.4458  DIHED      =        7.9357
 VDWAALS =       -0.6390  EEL     =      -46.8248  HBOND      =        0.0000
 1-4 VDW =        4.2077  1-4 EEL =      129.1255  RESTRAINT  =        0.0000


   NSTEP       ENERGY          RMS            GMAX         NAME    NUMBER
     93       9.8715E+01     3.5050E-01     8.8537E-01     C6          6

 BOND    =        1.4483  ANGLE   =        3.4452  DIHED      =        7.9389
 VDWAALS =       -0.6393  EEL     =      -46.8321  HBOND      =        0.0000
 1-4 VDW =        4.2136  1-4 EEL =      129.1406  RESTRAINT  =        0.0000


   NSTEP       ENERGY          RMS            GMAX         NAME    NUMBER
     94       9.8712E+01     3.4251E-01     7.9381E-01     C6          6

 BOND    =        1.4404  ANGLE   =        3.4421  DIHED      =        7.9341
 VDWAALS =       -0.6391  EEL     =      -46.8282  HBOND      =        0.0000
 1-4 VDW =        4.2137  1-4 EEL =      129.1488  RESTRAINT  =        0.0000


   NSTEP       ENERGY          RMS            GMAX         NAME    NUMBER
     95       9.8690E+01     9.2459E-01     3.2326E+00     C3          2

 BOND    =        1.3831  ANGLE   =        3.4161  DIHED      =        7.8854
 VDWAALS =       -0.6371  EEL     =      -46.7931  HBOND      =        0.0000
 1-4 VDW =        4.2149  1-4 EEL =      129.2210  RESTRAINT  =        0.0000


   NSTEP       ENERGY          RMS            GMAX         NAME    NUMBER
     96       9.8684E+01     1.6669E+00     5.9787E+00     C3          2

 BOND    =        1.3536  ANGLE   =        3.3953  DIHED      =        7.8323
 VDWAALS =       -0.6352  EEL     =      -46.7616  HBOND      =        0.0000
 1-4 VDW =        4.2169  1-4 EEL =      129.2827  RESTRAINT  =        0.0000


   NSTEP       ENERGY          RMS            GMAX         NAME    NUMBER
     97       9.8638E+01     2.0517E+00     5.6386E+00     C2          4

 BOND    =        1.3823  ANGLE   =        3.3698  DIHED      =        7.6750
 VDWAALS =       -0.6309  EEL     =      -46.7244  HBOND      =        0.0000
 1-4 VDW =        4.2236  1-4 EEL =      129.3423  RESTRAINT  =        0.0000


   NSTEP       ENERGY          RMS            GMAX         NAME    NUMBER
     98       9.8636E+01     2.4347E+00     7.2915E+00     C2          4

 BOND    =        1.4131  ANGLE   =        3.3639  DIHED      =        7.6214
 VDWAALS =       -0.6296  EEL     =      -46.7142  HBOND      =        0.0000
 1-4 VDW =        4.2262  1-4 EEL =      129.3552  RESTRAINT  =        0.0000


   NSTEP       ENERGY          RMS            GMAX         NAME    NUMBER
     99       9.8576E+01     2.2822E+00     6.7618E+00     O2          8

 BOND    =        1.5470  ANGLE   =        3.2739  DIHED      =        7.4603
 VDWAALS =       -0.6264  EEL     =      -46.7029  HBOND      =        0.0000
 1-4 VDW =        4.2237  1-4 EEL =      129.4002  RESTRAINT  =        0.0000


   NSTEP       ENERGY          RMS            GMAX         NAME    NUMBER
    100       9.8567E+01     2.6754E+00     8.9252E+00     O2          8

 BOND    =        1.6776  ANGLE   =        3.2211  DIHED      =        7.3438
 VDWAALS =       -0.6243  EEL     =      -46.6964  HBOND      =        0.0000
 1-4 VDW =        4.2228  1-4 EEL =      129.4222  RESTRAINT  =        0.0000


  Maximum number of minimization cycles reached.


                    FINAL RESULTS



   NSTEP       ENERGY          RMS            GMAX         NAME    NUMBER
    100       9.8567E+01     2.6754E+00     8.9252E+00     O2          8

 BOND    =        1.6776  ANGLE   =        3.2211  DIHED      =        7.3438
 VDWAALS =       -0.6243  EEL     =      -46.6964  HBOND      =        0.0000
 1-4 VDW =        4.2228  1-4 EEL =      129.4222  RESTRAINT  =        0.0000

--------------------------------------------------------------------------------
   5.  TIMINGS
--------------------------------------------------------------------------------

|    Read coords time           0.00 ( 0.66% of Total)
|    Fast Water setup           0.00 ( 0.03% of Total)
|                Build the list             0.00 (91.44% of List )
|                Other                      0.00 ( 8.56% of List )
|             List time                  0.00 ( 9.48% of Nonbo)
|                   Short_ene time             0.00 (98.13% of Direc)
|                   Other                      0.00 ( 1.87% of Direc)
|                Direct Ewald time          0.00 (92.92% of Ewald)
|                Force Adjust               0.00 ( 0.32% of Ewald)
|                Virial junk                0.00 ( 0.66% of Ewald)
|                Start synchronizatio       0.00 ( 0.73% of Ewald)
|                Other                      0.00 ( 5.36% of Ewald)
|             Ewald time                 0.00 (88.84% of Nonbo)
|             IPS excludes               0.00 ( 0.24% of Nonbo)
|             Other                      0.00 ( 1.45% of Nonbo)
|          Nonbond force              0.00 (73.22% of Force)
|          Bond/Angle/Dihedral        0.00 (24.16% of Force)
|          Other                      0.00 ( 2.62% of Force)
|       Force time                 0.01 (100.0% of Runmd)
|    Runmd Time                 0.01 (28.17% of Total)
|    Other                      0.02 (71.15% of Total)
| Total time                 0.02 (99.80% of ALL  )

| Number of list builds   :          1

| Highest rstack allocated:         35
| Highest istack allocated:          7
|           Job began  at 14:18:28.289  on 05/22/2015
|           Setup done at 14:18:28.291  on 05/22/2015
|           Run   done at 14:18:28.313  on 05/22/2015
|     wallclock() was called    2335 times
