
          -------------------------------------------------------
          Amber 14 SANDER                              2014
          -------------------------------------------------------

| Run on 02/04/2016 at 23:32:23

|   Executable path: sander
| Working directory: /gpfs/gpfs/project1/dacase-001/haichit/phenix_amber/run_amber_library/amber_library/6
|          Hostname: e1c056

  [-O]verwriting output

File Assignments:
|  MDIN: 6SE_sander.in                                                         
| MDOUT: 6SE.min_igb.out                                                       
|INPCRD: 6SE.rst7                                                              
|  PARM: 6SE.prmtop                                                            
|RESTRT: 6SE.min_igb.rst7                                                      
|  REFC: refc                                                                  
| MDVEL: mdvel                                                                 
| MDFRC: mdfrc                                                                 
|  MDEN: mden                                                                  
| MDCRD: mdcrd                                                                 
|MDINFO: mdinfo                                                                
|  MTMD: mtmd                                                                  
|INPDIP: inpdip                                                                
|RSTDIP: rstdip                                                                
|INPTRA: inptraj                                                               


 Here is the input file:

  short minimization                                                           
 &cntrl                                                                        
   imin=1, maxcyc=100, ncyc=50, ntpr=1, cut=99., ntb=0, igb=2                  
 /                                                                             

--------------------------------------------------------------------------------
   1.  RESOURCE   USE: 
--------------------------------------------------------------------------------

| Flags:                                                                        
| New format PARM file being parsed.
| Version =    1.000 Date = 02/04/16 Time = 23:32:23
 NATOM  =       5 NTYPES =       2 NBONH =       2 MBONA  =       2
 NTHETH =       2 MTHETA =       1 NPHIH =       2 MPHIA  =       0
 NHPARM =       0 NPARM  =       0 NNB   =      11 NRES   =       1
 NBONA  =       2 NTHETA =       1 NPHIA =       0 NUMBND =       2
 NUMANG =       2 NPTRA  =       1 NATYP =       3 NPHB   =       0
 IFBOX  =       0 NMXRS  =       5 IFCAP =       0 NEXTRA =       0
 NCOPY  =       0

 Implicit solvent radii are modified Bondi radii (mbondi)                                                   

|     Memory Use     Allocated
|     Real                1487
|     Hollerith             18
|     Integer            20125
|     Max Pairs              1
|     nblistReal             0
|     nblist Int             0
|       Total               90 kbytes

| Note: 1-4 EEL scale factors are being read from the topology file.

| Note: 1-4 VDW scale factors are being read from the topology file.
| Duplicated    0 dihedrals
| Duplicated    0 dihedrals

--------------------------------------------------------------------------------
   2.  CONTROL  DATA  FOR  THE  RUN
--------------------------------------------------------------------------------

6SE                                                                             

General flags:
     imin    =       1, nmropt  =       0

Nature and format of input:
     ntx     =       1, irest   =       0, ntrx    =       1

Nature and format of output:
     ntxo    =       1, ntpr    =       1, ntrx    =       1, ntwr    =       1
     iwrap   =       0, ntwx    =       0, ntwv    =       0, ntwe    =       0
     ioutfm  =       0, ntwprt  =       0, idecomp =       0, rbornstat=      0

Potential function:
     ntf     =       1, ntb     =       0, igb     =       2, nsnb    =      25
     ipol    =       0, gbsa    =       0, iesp    =       0
     dielc   =   1.00000, cut     =  99.00000, intdiel =   1.00000
     saltcon =   0.00000, offset  =   0.09000, gbalpha=    0.80000
     gbbeta  =   0.00000, gbgamma =   2.90912, surften =   0.00500
     rdt     =   0.00000, rgbmax  =  25.00000  extdiel =  78.50000
     alpb  =        0

Frozen or restrained atoms:
     ibelly  =       0, ntr     =       0

Energy minimization:
     maxcyc  =     100, ncyc    =      50, ntmin   =       1
     dx0     =   0.01000, drms    =   0.00010
|  INFO: Old style inpcrd file read


--------------------------------------------------------------------------------
   3.  ATOMIC COORDINATES AND VELOCITIES
--------------------------------------------------------------------------------

6SE                                                                             
 begin time read from input coords =     0.000 ps

 Number of triangulated 3-point waters found:        0

--------------------------------------------------------------------------------
   4.  RESULTS
--------------------------------------------------------------------------------



   NSTEP       ENERGY          RMS            GMAX         NAME    NUMBER
      1       1.1925E+01     2.5353E+01     4.9961E+01     SE2         2

 BOND    =        4.7758  ANGLE   =        7.2164  DIHED      =        8.0996
 VDWAALS =       -0.0000  EEL     =        2.8509  EGB        =       -4.7136
 1-4 VDW =       -0.0091  1-4 EEL =       -6.2953  RESTRAINT  =        0.0000


   NSTEP       ENERGY          RMS            GMAX         NAME    NUMBER
      2       1.1440E+01     2.4711E+01     4.8987E+01     SE2         2

 BOND    =        4.4804  ANGLE   =        7.0451  DIHED      =        8.0968
 VDWAALS =       -0.0000  EEL     =        2.8508  EGB        =       -4.7304
 1-4 VDW =       -0.0091  1-4 EEL =       -6.2936  RESTRAINT  =        0.0000


   NSTEP       ENERGY          RMS            GMAX         NAME    NUMBER
      3       1.0875E+01     2.3944E+01     4.7808E+01     SE2         2

 BOND    =        4.1392  ANGLE   =        6.8426  DIHED      =        8.0929
 VDWAALS =       -0.0000  EEL     =        2.8506  EGB        =       -4.7500
 1-4 VDW =       -0.0090  1-4 EEL =       -6.2916  RESTRAINT  =        0.0000


   NSTEP       ENERGY          RMS            GMAX         NAME    NUMBER
      4       1.0220E+01     2.3029E+01     4.6379E+01     SE2         2

 BOND    =        3.7489  ANGLE   =        6.6041  DIHED      =        8.0875
 VDWAALS =       -0.0000  EEL     =        2.8505  EGB        =       -4.7730
 1-4 VDW =       -0.0090  1-4 EEL =       -6.2893  RESTRAINT  =        0.0000


   NSTEP       ENERGY          RMS            GMAX         NAME    NUMBER
      5       9.4674E+00     2.1938E+01     4.4645E+01     SE2         2

 BOND    =        3.3078  ANGLE   =        6.3244  DIHED      =        8.0800
 VDWAALS =       -0.0000  EEL     =        2.8505  EGB        =       -4.7997
 1-4 VDW =       -0.0090  1-4 EEL =       -6.2866  RESTRAINT  =        0.0000


   NSTEP       ENERGY          RMS            GMAX         NAME    NUMBER
      6       8.6126E+00     2.0641E+01     4.2535E+01     SE2         2

 BOND    =        2.8177  ANGLE   =        5.9979  DIHED      =        8.0694
 VDWAALS =       -0.0000  EEL     =        2.8505  EGB        =       -4.8304
 1-4 VDW =       -0.0090  1-4 EEL =       -6.2834  RESTRAINT  =        0.0000


   NSTEP       ENERGY          RMS            GMAX         NAME    NUMBER
      7       7.6553E+00     1.9101E+01     3.9966E+01     SE2         2

 BOND    =        2.2854  ANGLE   =        5.6193  DIHED      =        8.0540
 VDWAALS =       -0.0000  EEL     =        2.8507  EGB        =       -4.8654
 1-4 VDW =       -0.0089  1-4 EEL =       -6.2798  RESTRAINT  =        0.0000


   NSTEP       ENERGY          RMS            GMAX         NAME    NUMBER
      8       6.6037E+00     1.7283E+01     3.6833E+01     SE2         2

 BOND    =        1.7263  ANGLE   =        5.1841  DIHED      =        8.0313
 VDWAALS =       -0.0000  EEL     =        2.8513  EGB        =       -4.9046
 1-4 VDW =       -0.0089  1-4 EEL =       -6.2758  RESTRAINT  =        0.0000


   NSTEP       ENERGY          RMS            GMAX         NAME    NUMBER
      9       5.4790E+00     1.5153E+01     3.3010E+01     SE2         2

 BOND    =        1.1687  ANGLE   =        4.6891  DIHED      =        7.9968
 VDWAALS =       -0.0000  EEL     =        2.8523  EGB        =       -4.9475
 1-4 VDW =       -0.0089  1-4 EEL =       -6.2716  RESTRAINT  =        0.0000


   NSTEP       ENERGY          RMS            GMAX         NAME    NUMBER
     10       4.3213E+00     1.2695E+01     2.8356E+01     SE2         2

 BOND    =        0.6591  ANGLE   =        4.1345  DIHED      =        7.9425
 VDWAALS =       -0.0000  EEL     =        2.8543  EGB        =       -4.9927
 1-4 VDW =       -0.0088  1-4 EEL =       -6.2676  RESTRAINT  =        0.0000


   NSTEP       ENERGY          RMS            GMAX         NAME    NUMBER
     11       3.1935E+00     9.9661E+00     2.2747E+01     SE2         2

 BOND    =        0.2679  ANGLE   =        3.5263  DIHED      =        7.8525
 VDWAALS =       -0.0000  EEL     =        2.8578  EGB        =       -5.0375
 1-4 VDW =       -0.0088  1-4 EEL =       -6.2647  RESTRAINT  =        0.0000


   NSTEP       ENERGY          RMS            GMAX         NAME    NUMBER
     12       2.1752E+00     7.2600E+00     1.6212E+01     SE2         2

 BOND    =        0.0850  ANGLE   =        2.8843  DIHED      =        7.6928
 VDWAALS =       -0.0000  EEL     =        2.8643  EGB        =       -5.0769
 1-4 VDW =       -0.0088  1-4 EEL =       -6.2655  RESTRAINT  =        0.0000


   NSTEP       ENERGY          RMS            GMAX         NAME    NUMBER
     13       1.2994E+00     5.4743E+00     1.1605E+01     HSE1        4

 BOND    =        0.1550  ANGLE   =        2.2683  DIHED      =        7.3869
 VDWAALS =       -0.0000  EEL     =        2.8763  EGB        =       -5.1020
 1-4 VDW =       -0.0089  1-4 EEL =       -6.2762  RESTRAINT  =        0.0000


   NSTEP       ENERGY          RMS            GMAX         NAME    NUMBER
     14       4.1129E-01     5.0517E+00     1.1449E+01     HSE3        5

 BOND    =        0.2645  ANGLE   =        1.8427  DIHED      =        6.8294
 VDWAALS =       -0.0000  EEL     =        2.8967  EGB        =       -5.1058
 1-4 VDW =       -0.0092  1-4 EEL =       -6.3070  RESTRAINT  =        0.0000


   NSTEP       ENERGY          RMS            GMAX         NAME    NUMBER
     15      -6.0658E-01     4.7904E+00     1.1198E+01     HSE3        5

 BOND    =        0.2297  ANGLE   =        1.6362  DIHED      =        6.0613
 VDWAALS =       -0.0000  EEL     =        2.9244  EGB        =       -5.0945
 1-4 VDW =       -0.0096  1-4 EEL =       -6.3541  RESTRAINT  =        0.0000


   NSTEP       ENERGY          RMS            GMAX         NAME    NUMBER
     16      -1.7583E+00     4.4840E+00     1.0575E+01     HSE3        5

 BOND    =        0.2132  ANGLE   =        1.4167  DIHED      =        5.1382
 VDWAALS =       -0.0000  EEL     =        2.9613  EGB        =       -5.0689
 1-4 VDW =       -0.0101  1-4 EEL =       -6.4088  RESTRAINT  =        0.0000


   NSTEP       ENERGY          RMS            GMAX         NAME    NUMBER
     17      -3.0262E+00     4.2135E+00     1.0052E+01     HSE3        5

 BOND    =        0.2383  ANGLE   =        1.2480  DIHED      =        4.0493
 VDWAALS =       -0.0000  EEL     =        3.0075  EGB        =       -5.0818
 1-4 VDW =       -0.0107  1-4 EEL =       -6.4767  RESTRAINT  =        0.0000


   NSTEP       ENERGY          RMS            GMAX         NAME    NUMBER
     18      -4.1588E+00     6.7706E+00     1.0233E+01     SE3         3

 BOND    =        0.1638  ANGLE   =        1.0129  DIHED      =        3.0049
 VDWAALS =       -0.0000  EEL     =        3.0765  EGB        =       -4.8487
 1-4 VDW =       -0.0114  1-4 EEL =       -6.5567  RESTRAINT  =        0.0000


   NSTEP       ENERGY          RMS            GMAX         NAME    NUMBER
     19      -1.6686E+00     2.3658E+01     3.8375E+01     HSE1        4

 BOND    =        4.4380  ANGLE   =        1.0669  DIHED      =        2.0815
 VDWAALS =       -0.0000  EEL     =        3.0835  EGB        =       -5.7136
 1-4 VDW =       -0.0120  1-4 EEL =       -6.6128  RESTRAINT  =        0.0000


   NSTEP       ENERGY          RMS            GMAX         NAME    NUMBER
     20      -4.9460E+00     7.2168E+00     1.0841E+01     HSE1        4

 BOND    =        0.6527  ANGLE   =        0.9299  DIHED      =        2.1913
 VDWAALS =       -0.0000  EEL     =        3.1096  EGB        =       -5.1952
 1-4 VDW =       -0.0121  1-4 EEL =       -6.6222  RESTRAINT  =        0.0000


   NSTEP       ENERGY          RMS            GMAX         NAME    NUMBER
     21      -4.6677E+00     1.2323E+01     1.9485E+01     SE1         1

 BOND    =        0.5790  ANGLE   =        0.7883  DIHED      =        2.1035
 VDWAALS =       -0.0000  EEL     =        3.1544  EGB        =       -4.6269
 1-4 VDW =       -0.0124  1-4 EEL =       -6.6534  RESTRAINT  =        0.0000


   NSTEP       ENERGY          RMS            GMAX         NAME    NUMBER
     22      -5.6322E+00     3.5540E+00     6.9967E+00     HSE3        5

 BOND    =        0.0949  ANGLE   =        0.8001  DIHED      =        1.9230
 VDWAALS =       -0.0000  EEL     =        3.1489  EGB        =       -4.9258
 1-4 VDW =       -0.0125  1-4 EEL =       -6.6608  RESTRAINT  =        0.0000


   NSTEP       ENERGY          RMS            GMAX         NAME    NUMBER
     23      -5.8667E+00     5.6474E+00     8.3394E+00     HSE1        4

 BOND    =        0.4674  ANGLE   =        0.7552  DIHED      =        1.5756
 VDWAALS =       -0.0000  EEL     =        3.1671  EGB        =       -5.1241
 1-4 VDW =       -0.0129  1-4 EEL =       -6.6950  RESTRAINT  =        0.0000


   NSTEP       ENERGY          RMS            GMAX         NAME    NUMBER
     24      -5.8605E+00     8.4087E+00     1.3030E+01     SE1         1

 BOND    =        0.2309  ANGLE   =        0.6563  DIHED      =        1.5098
 VDWAALS =       -0.0000  EEL     =        3.2017  EGB        =       -4.7234
 1-4 VDW =       -0.0132  1-4 EEL =       -6.7226  RESTRAINT  =        0.0000


   NSTEP       ENERGY          RMS            GMAX         NAME    NUMBER
     25      -6.3294E+00     2.7239E+00     6.1433E+00     HSE3        5

 BOND    =        0.0974  ANGLE   =        0.6605  DIHED      =        1.3898
 VDWAALS =       -0.0000  EEL     =        3.1996  EGB        =       -4.9337
 1-4 VDW =       -0.0133  1-4 EEL =       -6.7297  RESTRAINT  =        0.0000


   NSTEP       ENERGY          RMS            GMAX         NAME    NUMBER
     26      -6.5618E+00     3.2320E+00     5.7185E+00     HSE3        5

 BOND    =        0.2276  ANGLE   =        0.6103  DIHED      =        1.1739
 VDWAALS =       -0.0000  EEL     =        3.2186  EGB        =       -5.0189
 1-4 VDW =       -0.0136  1-4 EEL =       -6.7596  RESTRAINT  =        0.0000


   NSTEP       ENERGY          RMS            GMAX         NAME    NUMBER
     27      -6.6621E+00     5.4815E+00     8.1575E+00     SE1         1

 BOND    =        0.0894  ANGLE   =        0.5307  DIHED      =        1.0644
 VDWAALS =       -0.0000  EEL     =        3.2494  EGB        =       -4.7913
 1-4 VDW =       -0.0140  1-4 EEL =       -6.7908  RESTRAINT  =        0.0000


   NSTEP       ENERGY          RMS            GMAX         NAME    NUMBER
     28      -6.6799E+00     7.0140E+00     1.1053E+01     HSE1        4

 BOND    =        0.6193  ANGLE   =        0.5330  DIHED      =        0.8784
 VDWAALS =       -0.0000  EEL     =        3.2504  EGB        =       -5.1385
 1-4 VDW =       -0.0142  1-4 EEL =       -6.8083  RESTRAINT  =        0.0000


   NSTEP       ENERGY          RMS            GMAX         NAME    NUMBER
     29      -6.6856E+00     8.2036E+00     1.2884E+01     SE1         1

 BOND    =        0.2148  ANGLE   =        0.4549  DIHED      =        0.8977
 VDWAALS =       -0.0000  EEL     =        3.2814  EGB        =       -4.6897
 1-4 VDW =       -0.0144  1-4 EEL =       -6.8302  RESTRAINT  =        0.0000


   NSTEP       ENERGY          RMS            GMAX         NAME    NUMBER
     30      -6.5789E+00     1.0094E+01     1.6217E+01     HSE1        4

 BOND    =        1.0494  ANGLE   =        0.4800  DIHED      =        0.6999
 VDWAALS =       -0.0000  EEL     =        3.2737  EGB        =       -5.2234
 1-4 VDW =       -0.0146  1-4 EEL =       -6.8440  RESTRAINT  =        0.0000


   NSTEP       ENERGY          RMS            GMAX         NAME    NUMBER
     31      -7.2318E+00     2.0904E+00     4.4915E+00     HSE3        5

 BOND    =        0.1336  ANGLE   =        0.4305  DIHED      =        0.7299
 VDWAALS =       -0.0000  EEL     =        3.2898  EGB        =       -4.9472
 1-4 VDW =       -0.0147  1-4 EEL =       -6.8536  RESTRAINT  =        0.0000


   NSTEP       ENERGY          RMS            GMAX         NAME    NUMBER
     32      -7.3797E+00     4.0564E+00     5.9828E+00     SE1         1

 BOND    =        0.0483  ANGLE   =        0.3519  DIHED      =        0.6020
 VDWAALS =       -0.0000  EEL     =        3.3258  EGB        =       -4.7962
 1-4 VDW =       -0.0152  1-4 EEL =       -6.8962  RESTRAINT  =        0.0000


   NSTEP       ENERGY          RMS            GMAX         NAME    NUMBER
     33      -7.1410E+00     8.5146E+00     1.3646E+01     HSE1        4

 BOND    =        0.8023  ANGLE   =        0.3500  DIHED      =        0.4616
 VDWAALS =       -0.0000  EEL     =        3.3289  EGB        =       -5.1519
 1-4 VDW =       -0.0155  1-4 EEL =       -6.9164  RESTRAINT  =        0.0000


   NSTEP       ENERGY          RMS            GMAX         NAME    NUMBER
     34      -7.5825E+00     2.4249E+00     3.5455E+00     HSE1        4

 BOND    =        0.1696  ANGLE   =        0.3193  DIHED      =        0.4805
 VDWAALS =       -0.0000  EEL     =        3.3405  EGB        =       -4.9530
 1-4 VDW =       -0.0155  1-4 EEL =       -6.9238  RESTRAINT  =        0.0000


   NSTEP       ENERGY          RMS            GMAX         NAME    NUMBER
     35      -7.5914E+00     4.4619E+00     6.8375E+00     SE1         1

 BOND    =        0.0481  ANGLE   =        0.2746  DIHED      =        0.4482
 VDWAALS =       -0.0000  EEL     =        3.3641  EGB        =       -4.7624
 1-4 VDW =       -0.0158  1-4 EEL =       -6.9482  RESTRAINT  =        0.0000


   NSTEP       ENERGY          RMS            GMAX         NAME    NUMBER
     36      -7.6145E+00     5.0101E+00     7.8760E+00     HSE1        4

 BOND    =        0.3840  ANGLE   =        0.2744  DIHED      =        0.3684
 VDWAALS =       -0.0000  EEL     =        3.3636  EGB        =       -5.0297
 1-4 VDW =       -0.0160  1-4 EEL =       -6.9592  RESTRAINT  =        0.0000


   NSTEP       ENERGY          RMS            GMAX         NAME    NUMBER
     37      -7.5750E+00     6.3381E+00     1.0024E+01     SE1         1

 BOND    =        0.1041  ANGLE   =        0.2350  DIHED      =        0.3851
 VDWAALS =       -0.0000  EEL     =        3.3872  EGB        =       -4.6929
 1-4 VDW =       -0.0162  1-4 EEL =       -6.9773  RESTRAINT  =        0.0000


   NSTEP       ENERGY          RMS            GMAX         NAME    NUMBER
     38      -7.8335E+00     1.4508E+00     3.2007E+00     HSE3        5

 BOND    =        0.0584  ANGLE   =        0.2345  DIHED      =        0.3460
 VDWAALS =       -0.0000  EEL     =        3.3845  EGB        =       -4.8597
 1-4 VDW =       -0.0163  1-4 EEL =       -6.9809  RESTRAINT  =        0.0000


   NSTEP       ENERGY          RMS            GMAX         NAME    NUMBER
     39      -7.9041E+00     2.5276E+00     3.6756E+00     HSE1        4

 BOND    =        0.1767  ANGLE   =        0.2037  DIHED      =        0.2734
 VDWAALS =       -0.0000  EEL     =        3.4019  EGB        =       -4.9346
 1-4 VDW =       -0.0166  1-4 EEL =       -7.0085  RESTRAINT  =        0.0000


   NSTEP       ENERGY          RMS            GMAX         NAME    NUMBER
     40      -7.8339E+00     5.1586E+00     8.1531E+00     SE1         1

 BOND    =        0.0570  ANGLE   =        0.1739  DIHED      =        0.2673
 VDWAALS =       -0.0000  EEL     =        3.4237  EGB        =       -4.7095
 1-4 VDW =       -0.0169  1-4 EEL =       -7.0294  RESTRAINT  =        0.0000


   NSTEP       ENERGY          RMS            GMAX         NAME    NUMBER
     41      -7.9990E+00     1.4995E+00     2.7634E+00     HSE3        5

 BOND    =        0.0413  ANGLE   =        0.1723  DIHED      =        0.2437
 VDWAALS =       -0.0000  EEL     =        3.4220  EGB        =       -4.8293
 1-4 VDW =       -0.0169  1-4 EEL =       -7.0321  RESTRAINT  =        0.0000


   NSTEP       ENERGY          RMS            GMAX         NAME    NUMBER
     42      -8.0211E+00     2.5426E+00     3.8090E+00     HSE1        4

 BOND    =        0.1764  ANGLE   =        0.1581  DIHED      =        0.2025
 VDWAALS =       -0.0000  EEL     =        3.4305  EGB        =       -4.9233
 1-4 VDW =       -0.0171  1-4 EEL =       -7.0481  RESTRAINT  =        0.0000


   NSTEP       ENERGY          RMS            GMAX         NAME    NUMBER
     43      -8.0256E+00     3.2574E+00     5.0418E+00     SE1         1

 BOND    =        0.0209  ANGLE   =        0.1402  DIHED      =        0.2030
 VDWAALS =       -0.0000  EEL     =        3.4453  EGB        =       -4.7559
 1-4 VDW =       -0.0173  1-4 EEL =       -7.0618  RESTRAINT  =        0.0000


   NSTEP       ENERGY          RMS            GMAX         NAME    NUMBER
     44      -8.0272E+00     3.8102E+00     6.0048E+00     HSE1        4

 BOND    =        0.2692  ANGLE   =        0.1374  DIHED      =        0.1651
 VDWAALS =       -0.0000  EEL     =        3.4448  EGB        =       -4.9567
 1-4 VDW =       -0.0174  1-4 EEL =       -7.0696  RESTRAINT  =        0.0000


   NSTEP       ENERGY          RMS            GMAX         NAME    NUMBER
     45      -8.0053E+00     4.6859E+00     7.4434E+00     SE1         1

 BOND    =        0.0399  ANGLE   =        0.1202  DIHED      =        0.1769
 VDWAALS =       -0.0000  EEL     =        3.4620  EGB        =       -4.7035
 1-4 VDW =       -0.0176  1-4 EEL =       -7.0833  RESTRAINT  =        0.0000


   NSTEP       ENERGY          RMS            GMAX         NAME    NUMBER
     46      -8.1461E+00     9.8274E-01     2.1566E+00     HSE3        5

 BOND    =        0.0494  ANGLE   =        0.1181  DIHED      =        0.1580
 VDWAALS =       -0.0000  EEL     =        3.4600  EGB        =       -4.8283
 1-4 VDW =       -0.0177  1-4 EEL =       -7.0856  RESTRAINT  =        0.0000


   NSTEP       ENERGY          RMS            GMAX         NAME    NUMBER
     47      -8.1793E+00     1.8747E+00     2.7705E+00     HSE1        4

 BOND    =        0.1323  ANGLE   =        0.0997  DIHED      =        0.1233
 VDWAALS =       -0.0000  EEL     =        3.4739  EGB        =       -4.8830
 1-4 VDW =       -0.0180  1-4 EEL =       -7.1076  RESTRAINT  =        0.0000


   NSTEP       ENERGY          RMS            GMAX         NAME    NUMBER
     48      -8.1298E+00     3.9393E+00     6.2635E+00     SE1         1

 BOND    =        0.0222  ANGLE   =        0.0871  DIHED      =        0.1233
 VDWAALS =       -0.0000  EEL     =        3.4899  EGB        =       -4.7111
 1-4 VDW =       -0.0182  1-4 EEL =       -7.1231  RESTRAINT  =        0.0000


   NSTEP       ENERGY          RMS            GMAX         NAME    NUMBER
     49      -8.2246E+00     1.1270E+00     1.8984E+00     HSE3        5

 BOND    =        0.0339  ANGLE   =        0.0849  DIHED      =        0.1119
 VDWAALS =       -0.0000  EEL     =        3.4885  EGB        =       -4.8009
 1-4 VDW =       -0.0182  1-4 EEL =       -7.1248  RESTRAINT  =        0.0000


   NSTEP       ENERGY          RMS            GMAX         NAME    NUMBER
     50      -8.2282E+00     2.0462E+00     3.1327E+00     HSE1        4

 BOND    =        0.1418  ANGLE   =        0.0772  DIHED      =        0.0926
 VDWAALS =       -0.0000  EEL     =        3.4939  EGB        =       -4.8796
 1-4 VDW =       -0.0183  1-4 EEL =       -7.1359  RESTRAINT  =        0.0000


   NSTEP       ENERGY          RMS            GMAX         NAME    NUMBER
     51      -8.2330E+00     2.3433E+00     3.6523E+00     SE1         1

 BOND    =        0.0126  ANGLE   =        0.0703  DIHED      =        0.0951
 VDWAALS =       -0.0000  EEL     =        3.5043  EGB        =       -4.7515
 1-4 VDW =       -0.0185  1-4 EEL =       -7.1453  RESTRAINT  =        0.0000


   NSTEP       ENERGY          RMS            GMAX         NAME    NUMBER
     52      -2.5501E+00     3.0383E+01     4.8941E+01     HSE1        4

 BOND    =        6.7112  ANGLE   =        0.1416  DIHED      =        0.0123
 VDWAALS =       -0.0000  EEL     =        3.5002  EGB        =       -5.7170
 1-4 VDW =       -0.0190  1-4 EEL =       -7.1793  RESTRAINT  =        0.0000


   NSTEP       ENERGY          RMS            GMAX         NAME    NUMBER
     53      -8.2704E+00     6.8890E-01     1.4730E+00     HSE3        5

 BOND    =        0.0616  ANGLE   =        0.0680  DIHED      =        0.0859
 VDWAALS =       -0.0000  EEL     =        3.5041  EGB        =       -4.8235
 1-4 VDW =       -0.0185  1-4 EEL =       -7.1479  RESTRAINT  =        0.0000


   NSTEP       ENERGY          RMS            GMAX         NAME    NUMBER
     54      -8.2769E+00     6.7353E-01     1.4390E+00     HSE3        5

 BOND    =        0.0611  ANGLE   =        0.0653  DIHED      =        0.0822
 VDWAALS =       -0.0000  EEL     =        3.5069  EGB        =       -4.8219
 1-4 VDW =       -0.0186  1-4 EEL =       -7.1519  RESTRAINT  =        0.0000


   NSTEP       ENERGY          RMS            GMAX         NAME    NUMBER
     55      -8.3290E+00     5.3826E-01     1.1276E+00     HSE3        5

 BOND    =        0.0571  ANGLE   =        0.0434  DIHED      =        0.0529
 VDWAALS =       -0.0000  EEL     =        3.5331  EGB        =       -4.8080
 1-4 VDW =       -0.0191  1-4 EEL =       -7.1884  RESTRAINT  =        0.0000


   NSTEP       ENERGY          RMS            GMAX         NAME    NUMBER
     56      -8.4169E+00     3.1323E-01     4.8254E-01     SE1         1

 BOND    =        0.0549  ANGLE   =        0.0066  DIHED      =        0.0002
 VDWAALS =       -0.0000  EEL     =        3.6361  EGB        =       -4.7636
 1-4 VDW =       -0.0212  1-4 EEL =       -7.3299  RESTRAINT  =        0.0000


   NSTEP       ENERGY          RMS            GMAX         NAME    NUMBER
     57      -7.0651E+00     1.4635E+01     2.4372E+01     SE1         1

 BOND    =        0.8990  ANGLE   =        0.0382  DIHED      =        0.0040
 VDWAALS =       -0.0000  EEL     =        3.6697  EGB        =       -4.2864
 1-4 VDW =       -0.0218  1-4 EEL =       -7.3679  RESTRAINT  =        0.0000


   NSTEP       ENERGY          RMS            GMAX         NAME    NUMBER
     58      -8.4176E+00     6.1987E-02     1.0398E-01     SE2         2

 BOND    =        0.0437  ANGLE   =        0.0069  DIHED      =        0.0002
 VDWAALS =       -0.0000  EEL     =        3.6368  EGB        =       -4.7534
 1-4 VDW =       -0.0212  1-4 EEL =       -7.3307  RESTRAINT  =        0.0000


   NSTEP       ENERGY          RMS            GMAX         NAME    NUMBER
     59      -8.4176E+00     5.4029E-02     8.6247E-02     HSE3        5

 BOND    =        0.0436  ANGLE   =        0.0068  DIHED      =        0.0002
 VDWAALS =       -0.0000  EEL     =        3.6369  EGB        =       -4.7530
 1-4 VDW =       -0.0212  1-4 EEL =       -7.3310  RESTRAINT  =        0.0000


   NSTEP       ENERGY          RMS            GMAX         NAME    NUMBER
     60      -8.4178E+00     7.1212E-02     1.1557E-01     SE2         2

 BOND    =        0.0433  ANGLE   =        0.0058  DIHED      =        0.0003
 VDWAALS =       -0.0000  EEL     =        3.6375  EGB        =       -4.7507
 1-4 VDW =       -0.0212  1-4 EEL =       -7.3326  RESTRAINT  =        0.0000


   NSTEP       ENERGY          RMS            GMAX         NAME    NUMBER
     61      -8.4179E+00     3.2651E-02     5.9405E-02     SE1         1

 BOND    =        0.0435  ANGLE   =        0.0045  DIHED      =        0.0005
 VDWAALS =       -0.0000  EEL     =        3.6381  EGB        =       -4.7487
 1-4 VDW =       -0.0213  1-4 EEL =       -7.3345  RESTRAINT  =        0.0000


   NSTEP       ENERGY          RMS            GMAX         NAME    NUMBER
     62      -8.4179E+00     2.3506E-02     4.9141E-02     SE3         3

 BOND    =        0.0435  ANGLE   =        0.0047  DIHED      =        0.0004
 VDWAALS =       -0.0000  EEL     =        3.6380  EGB        =       -4.7490
 1-4 VDW =       -0.0213  1-4 EEL =       -7.3342  RESTRAINT  =        0.0000


   NSTEP       ENERGY          RMS            GMAX         NAME    NUMBER
     63      -8.4179E+00     1.8314E-02     3.3762E-02     SE1         1

 BOND    =        0.0430  ANGLE   =        0.0050  DIHED      =        0.0005
 VDWAALS =       -0.0000  EEL     =        3.6379  EGB        =       -4.7484
 1-4 VDW =       -0.0213  1-4 EEL =       -7.3346  RESTRAINT  =        0.0000


   NSTEP       ENERGY          RMS            GMAX         NAME    NUMBER
     64      -8.4179E+00     2.4936E-02     3.9378E-02     HSE1        4

 BOND    =        0.0427  ANGLE   =        0.0051  DIHED      =        0.0005
 VDWAALS =       -0.0000  EEL     =        3.6379  EGB        =       -4.7480
 1-4 VDW =       -0.0213  1-4 EEL =       -7.3349  RESTRAINT  =        0.0000


   NSTEP       ENERGY          RMS            GMAX         NAME    NUMBER
     65      -8.4178E+00     1.0989E-01     1.8035E-01     HSE1        4

 BOND    =        0.0473  ANGLE   =        0.0054  DIHED      =        0.0006
 VDWAALS =       -0.0000  EEL     =        3.6374  EGB        =       -4.7518
 1-4 VDW =       -0.0213  1-4 EEL =       -7.3355  RESTRAINT  =        0.0000


   NSTEP       ENERGY          RMS            GMAX         NAME    NUMBER
     66      -8.4179E+00     5.2988E-03     1.2388E-02     HSE3        5

 BOND    =        0.0435  ANGLE   =        0.0052  DIHED      =        0.0005
 VDWAALS =       -0.0000  EEL     =        3.6378  EGB        =       -4.7487
 1-4 VDW =       -0.0213  1-4 EEL =       -7.3350  RESTRAINT  =        0.0000


   NSTEP       ENERGY          RMS            GMAX         NAME    NUMBER
     67      -8.4179E+00     5.1318E-03     1.1915E-02     HSE3        5

 BOND    =        0.0435  ANGLE   =        0.0052  DIHED      =        0.0005
 VDWAALS =       -0.0000  EEL     =        3.6378  EGB        =       -4.7486
 1-4 VDW =       -0.0213  1-4 EEL =       -7.3350  RESTRAINT  =        0.0000


   NSTEP       ENERGY          RMS            GMAX         NAME    NUMBER
     68      -8.4179E+00     4.9828E-03     7.6146E-03     HSE3        5

 BOND    =        0.0436  ANGLE   =        0.0052  DIHED      =        0.0005
 VDWAALS =       -0.0000  EEL     =        3.6380  EGB        =       -4.7486
 1-4 VDW =       -0.0213  1-4 EEL =       -7.3353  RESTRAINT  =        0.0000


   NSTEP       ENERGY          RMS            GMAX         NAME    NUMBER
     69      -8.4179E+00     1.0427E-02     2.1778E-02     SE3         3

 BOND    =        0.0437  ANGLE   =        0.0051  DIHED      =        0.0004
 VDWAALS =       -0.0000  EEL     =        3.6386  EGB        =       -4.7486
 1-4 VDW =       -0.0213  1-4 EEL =       -7.3358  RESTRAINT  =        0.0000


   NSTEP       ENERGY          RMS            GMAX         NAME    NUMBER
     70      -8.4179E+00     2.0809E-02     3.9047E-02     SE3         3

 BOND    =        0.0434  ANGLE   =        0.0054  DIHED      =        0.0004
 VDWAALS =       -0.0000  EEL     =        3.6392  EGB        =       -4.7479
 1-4 VDW =       -0.0213  1-4 EEL =       -7.3371  RESTRAINT  =        0.0000


   NSTEP       ENERGY          RMS            GMAX         NAME    NUMBER
     71      -8.4179E+00     5.6351E-03     1.1611E-02     SE2         2

 BOND    =        0.0436  ANGLE   =        0.0052  DIHED      =        0.0004
 VDWAALS =       -0.0000  EEL     =        3.6388  EGB        =       -4.7483
 1-4 VDW =       -0.0213  1-4 EEL =       -7.3363  RESTRAINT  =        0.0000


   NSTEP       ENERGY          RMS            GMAX         NAME    NUMBER
     72      -8.4179E+00     3.7594E-03     7.3711E-03     SE2         2

 BOND    =        0.0435  ANGLE   =        0.0053  DIHED      =        0.0004
 VDWAALS =       -0.0000  EEL     =        3.6389  EGB        =       -4.7482
 1-4 VDW =       -0.0213  1-4 EEL =       -7.3365  RESTRAINT  =        0.0000


   NSTEP       ENERGY          RMS            GMAX         NAME    NUMBER
     73      -8.4179E+00     1.2875E-03     2.3876E-03     SE1         1

 BOND    =        0.0435  ANGLE   =        0.0053  DIHED      =        0.0004
 VDWAALS =       -0.0000  EEL     =        3.6389  EGB        =       -4.7482
 1-4 VDW =       -0.0213  1-4 EEL =       -7.3365  RESTRAINT  =        0.0000


   NSTEP       ENERGY          RMS            GMAX         NAME    NUMBER
     74      -8.4179E+00     8.8841E-04     1.7637E-03     HSE3        5

 BOND    =        0.0435  ANGLE   =        0.0053  DIHED      =        0.0004
 VDWAALS =       -0.0000  EEL     =        3.6389  EGB        =       -4.7482
 1-4 VDW =       -0.0213  1-4 EEL =       -7.3365  RESTRAINT  =        0.0000


   NSTEP       ENERGY          RMS            GMAX         NAME    NUMBER
     75      -8.4179E+00     1.2209E-03     2.8340E-03     SE2         2

 BOND    =        0.0435  ANGLE   =        0.0052  DIHED      =        0.0004
 VDWAALS =       -0.0000  EEL     =        3.6389  EGB        =       -4.7482
 1-4 VDW =       -0.0213  1-4 EEL =       -7.3365  RESTRAINT  =        0.0000


   NSTEP       ENERGY          RMS            GMAX         NAME    NUMBER
     76      -8.4131E+00     6.0162E-01     1.3373E+00     SE2         2

 BOND    =        0.0390  ANGLE   =        0.0033  DIHED      =        0.0005
 VDWAALS =       -0.0000  EEL     =        3.6405  EGB        =       -4.7341
 1-4 VDW =       -0.0214  1-4 EEL =       -7.3409  RESTRAINT  =        0.0000


   NSTEP       ENERGY          RMS            GMAX         NAME    NUMBER
     77      -8.4169E+00     2.4246E-01     5.5714E-01     SE2         2

 BOND    =        0.0426  ANGLE   =        0.0031  DIHED      =        0.0005
 VDWAALS =       -0.0000  EEL     =        3.6401  EGB        =       -4.7425
 1-4 VDW =       -0.0214  1-4 EEL =       -7.3394  RESTRAINT  =        0.0000


   NSTEP       ENERGY          RMS            GMAX         NAME    NUMBER
     78      -8.4174E+00     2.0257E-01     5.3764E-01     SE1         1

 BOND    =        0.0421  ANGLE   =        0.0041  DIHED      =        0.0006
 VDWAALS =       -0.0000  EEL     =        3.6396  EGB        =       -4.7448
 1-4 VDW =       -0.0213  1-4 EEL =       -7.3377  RESTRAINT  =        0.0000


   NSTEP       ENERGY          RMS            GMAX         NAME    NUMBER
     79      -8.4160E+00     4.6621E-01     1.1669E+00     SE1         1

 BOND    =        0.0541  ANGLE   =        0.0044  DIHED      =        0.0005
 VDWAALS =       -0.0000  EEL     =        3.6389  EGB        =       -4.7535
 1-4 VDW =       -0.0213  1-4 EEL =       -7.3389  RESTRAINT  =        0.0000


   NSTEP       ENERGY          RMS            GMAX         NAME    NUMBER
     80       1.2343E+02     1.3617E+02     2.7338E+02     HSE1        4

 BOND    =      132.1077  ANGLE   =        4.9707  DIHED      =        0.3100
 VDWAALS =       -0.0000  EEL     =        3.7610  EGB        =      -10.5256
 1-4 VDW =       -0.0189  1-4 EEL =       -7.1710  RESTRAINT  =        0.0000


   NSTEP       ENERGY          RMS            GMAX         NAME    NUMBER
     81      -8.4177E+00     1.7641E-01     4.1181E-01     SE1         1

 BOND    =        0.0385  ANGLE   =        0.0050  DIHED      =        0.0006
 VDWAALS =       -0.0000  EEL     =        3.6394  EGB        =       -4.7414
 1-4 VDW =       -0.0213  1-4 EEL =       -7.3384  RESTRAINT  =        0.0000


   NSTEP       ENERGY          RMS            GMAX         NAME    NUMBER
     82      -8.4177E+00     1.4211E-01     3.1011E-01     SE1         1

 BOND    =        0.0402  ANGLE   =        0.0049  DIHED      =        0.0006
 VDWAALS =       -0.0000  EEL     =        3.6393  EGB        =       -4.7429
 1-4 VDW =       -0.0213  1-4 EEL =       -7.3384  RESTRAINT  =        0.0000


   NSTEP       ENERGY          RMS            GMAX         NAME    NUMBER
     83      -8.4179E+00     3.9198E-02     7.5103E-02     SE2         2

 BOND    =        0.0426  ANGLE   =        0.0048  DIHED      =        0.0006
 VDWAALS =       -0.0000  EEL     =        3.6392  EGB        =       -4.7458
 1-4 VDW =       -0.0213  1-4 EEL =       -7.3380  RESTRAINT  =        0.0000


   NSTEP       ENERGY          RMS            GMAX         NAME    NUMBER
     84      -8.4179E+00     2.1910E-02     4.3031E-02     SE2         2

 BOND    =        0.0434  ANGLE   =        0.0048  DIHED      =        0.0006
 VDWAALS =       -0.0000  EEL     =        3.6392  EGB        =       -4.7467
 1-4 VDW =       -0.0213  1-4 EEL =       -7.3379  RESTRAINT  =        0.0000


   NSTEP       ENERGY          RMS            GMAX         NAME    NUMBER
     85      -8.4179E+00     1.4819E-02     2.5612E-02     HSE3        5

 BOND    =        0.0434  ANGLE   =        0.0049  DIHED      =        0.0006
 VDWAALS =       -0.0000  EEL     =        3.6391  EGB        =       -4.7469
 1-4 VDW =       -0.0213  1-4 EEL =       -7.3377  RESTRAINT  =        0.0000


   NSTEP       ENERGY          RMS            GMAX         NAME    NUMBER
     86      -8.4179E+00     1.9984E-02     3.8270E-02     SE3         3

 BOND    =        0.0434  ANGLE   =        0.0049  DIHED      =        0.0006
 VDWAALS =       -0.0000  EEL     =        3.6391  EGB        =       -4.7470
 1-4 VDW =       -0.0213  1-4 EEL =       -7.3376  RESTRAINT  =        0.0000


   NSTEP       ENERGY          RMS            GMAX         NAME    NUMBER
     87      -8.4179E+00     1.2125E-02     1.8351E-02     SE3         3

 BOND    =        0.0435  ANGLE   =        0.0051  DIHED      =        0.0005
 VDWAALS =       -0.0000  EEL     =        3.6390  EGB        =       -4.7474
 1-4 VDW =       -0.0213  1-4 EEL =       -7.3373  RESTRAINT  =        0.0000


   NSTEP       ENERGY          RMS            GMAX         NAME    NUMBER
     88      -8.4179E+00     7.3143E-03     1.2078E-02     SE1         1

 BOND    =        0.0436  ANGLE   =        0.0054  DIHED      =        0.0005
 VDWAALS =       -0.0000  EEL     =        3.6389  EGB        =       -4.7481
 1-4 VDW =       -0.0213  1-4 EEL =       -7.3369  RESTRAINT  =        0.0000


   NSTEP       ENERGY          RMS            GMAX         NAME    NUMBER
     89      -8.4179E+00     2.5342E-02     5.4474E-02     SE3         3

 BOND    =        0.0432  ANGLE   =        0.0053  DIHED      =        0.0004
 VDWAALS =       -0.0000  EEL     =        3.6390  EGB        =       -4.7478
 1-4 VDW =       -0.0213  1-4 EEL =       -7.3367  RESTRAINT  =        0.0000


   NSTEP       ENERGY          RMS            GMAX         NAME    NUMBER
     90      -8.4179E+00     8.4179E-03     1.8940E-02     SE3         3

 BOND    =        0.0434  ANGLE   =        0.0053  DIHED      =        0.0005
 VDWAALS =       -0.0000  EEL     =        3.6390  EGB        =       -4.7480
 1-4 VDW =       -0.0213  1-4 EEL =       -7.3368  RESTRAINT  =        0.0000


   NSTEP       ENERGY          RMS            GMAX         NAME    NUMBER
     91      -8.4179E+00     1.5059E-03     3.2740E-03     SE3         3

 BOND    =        0.0435  ANGLE   =        0.0052  DIHED      =        0.0004
 VDWAALS =       -0.0000  EEL     =        3.6390  EGB        =       -4.7481
 1-4 VDW =       -0.0213  1-4 EEL =       -7.3367  RESTRAINT  =        0.0000


   NSTEP       ENERGY          RMS            GMAX         NAME    NUMBER
     92      -8.4179E+00     4.2497E-04     9.9695E-04     HSE3        5

 BOND    =        0.0435  ANGLE   =        0.0052  DIHED      =        0.0004
 VDWAALS =       -0.0000  EEL     =        3.6390  EGB        =       -4.7481
 1-4 VDW =       -0.0213  1-4 EEL =       -7.3367  RESTRAINT  =        0.0000


   NSTEP       ENERGY          RMS            GMAX         NAME    NUMBER
     93      -8.4179E+00     4.0256E-04     9.4862E-04     HSE3        5

 BOND    =        0.0435  ANGLE   =        0.0052  DIHED      =        0.0004
 VDWAALS =       -0.0000  EEL     =        3.6390  EGB        =       -4.7481
 1-4 VDW =       -0.0213  1-4 EEL =       -7.3367  RESTRAINT  =        0.0000


   NSTEP       ENERGY          RMS            GMAX         NAME    NUMBER
     94      -8.4179E+00     4.5193E-04     1.0054E-03     SE1         1

 BOND    =        0.0435  ANGLE   =        0.0052  DIHED      =        0.0004
 VDWAALS =       -0.0000  EEL     =        3.6389  EGB        =       -4.7481
 1-4 VDW =       -0.0213  1-4 EEL =       -7.3366  RESTRAINT  =        0.0000


   NSTEP       ENERGY          RMS            GMAX         NAME    NUMBER
     95      -8.4179E+00     7.1574E-04     1.7546E-03     SE1         1

 BOND    =        0.0435  ANGLE   =        0.0052  DIHED      =        0.0004
 VDWAALS =       -0.0000  EEL     =        3.6389  EGB        =       -4.7482
 1-4 VDW =       -0.0213  1-4 EEL =       -7.3366  RESTRAINT  =        0.0000


   NSTEP       ENERGY          RMS            GMAX         NAME    NUMBER
     96      -8.4179E+00     6.4346E-03     1.5984E-02     SE1         1

 BOND    =        0.0434  ANGLE   =        0.0052  DIHED      =        0.0005
 VDWAALS =       -0.0000  EEL     =        3.6388  EGB        =       -4.7480
 1-4 VDW =       -0.0213  1-4 EEL =       -7.3365  RESTRAINT  =        0.0000


   NSTEP       ENERGY          RMS            GMAX         NAME    NUMBER
     97      -8.4179E+00     7.3057E-05     1.5265E-04     SE2         2

 BOND    =        0.0435  ANGLE   =        0.0052  DIHED      =        0.0004
 VDWAALS =       -0.0000  EEL     =        3.6389  EGB        =       -4.7481
 1-4 VDW =       -0.0213  1-4 EEL =       -7.3365  RESTRAINT  =        0.0000


                    FINAL RESULTS



   NSTEP       ENERGY          RMS            GMAX         NAME    NUMBER
     97      -8.4179E+00     7.3057E-05     1.5265E-04     SE2         2

 BOND    =        0.0435  ANGLE   =        0.0052  DIHED      =        0.0004
 VDWAALS =       -0.0000  EEL     =        3.6389  EGB        =       -4.7481
 1-4 VDW =       -0.0213  1-4 EEL =       -7.3365  RESTRAINT  =        0.0000

--------------------------------------------------------------------------------
   5.  TIMINGS
--------------------------------------------------------------------------------

|    Read coords time           0.00 ( 0.76% of Total)
|    Fast Water setup           0.00 ( 0.02% of Total)
|                Calc gb radii              0.00 (38.77% of Gen B)
|                Calc gb diag               0.00 (33.37% of Gen B)
|                Calc gb off-diag           0.00 (23.51% of Gen B)
|                Other                      0.00 ( 4.35% of Gen B)
|             Gen Born time              0.00 (99.21% of Nonbo)
|             IPS excludes               0.00 ( 0.79% of Nonbo)
|          Nonbond force              0.00 (64.63% of Force)
|          Bond/Angle/Dihedral        0.00 (24.11% of Force)
|          Other                      0.00 (11.26% of Force)
|       Force time                 0.00 (100.0% of Runmd)
|    Runmd Time                 0.00 ( 5.01% of Total)
|    Other                      0.02 (94.21% of Total)
| Total time                 0.02 (99.01% of ALL  )

| Number of list builds   :          0

| Highest rstack allocated:          0
| Highest istack allocated:          0
|           Job began  at 23:32:23.304  on 02/04/2016
|           Setup done at 23:32:23.308  on 02/04/2016
|           Run   done at 23:32:23.323  on 02/04/2016
|     wallclock() was called    1774 times
