
          -------------------------------------------------------
          Amber 14 SANDER                              2014
          -------------------------------------------------------

| Run on 02/04/2016 at 23:57:52

|   Executable path: sander
| Working directory: /gpfs/gpfs/project1/dacase-001/haichit/phenix_amber/run_amber_library/amber_library/1
|          Hostname: e1c056

  [-O]verwriting output

File Assignments:
|  MDIN: 1HZ_sander.in                                                         
| MDOUT: 1HZ.min_igb.out                                                       
|INPCRD: 1HZ.rst7                                                              
|  PARM: 1HZ.prmtop                                                            
|RESTRT: 1HZ.min_igb.rst7                                                      
|  REFC: refc                                                                  
| MDVEL: mdvel                                                                 
| MDFRC: mdfrc                                                                 
|  MDEN: mden                                                                  
| MDCRD: mdcrd                                                                 
|MDINFO: mdinfo                                                                
|  MTMD: mtmd                                                                  
|INPDIP: inpdip                                                                
|RSTDIP: rstdip                                                                
|INPTRA: inptraj                                                               


 Here is the input file:

  short minimization                                                           
 &cntrl                                                                        
   imin=1, maxcyc=100, ncyc=50, ntpr=1, cut=99., ntb=0, igb=2                  
 /                                                                             

--------------------------------------------------------------------------------
   1.  RESOURCE   USE: 
--------------------------------------------------------------------------------

| Flags:                                                                        
| New format PARM file being parsed.
| Version =    1.000 Date = 02/04/16 Time = 23:57:52
 NATOM  =      55 NTYPES =      18 NBONH =      23 MBONA  =      35
 NTHETH =      49 MTHETA =      52 NPHIH =     102 MPHIA  =      87
 NHPARM =       0 NPARM  =       0 NNB   =     309 NRES   =       1
 NBONA  =      35 NTHETA =      52 NPHIA =      87 NUMBND =      27
 NUMANG =      55 NPTRA  =      25 NATYP =      20 NPHB   =       0
 IFBOX  =       0 NMXRS  =      55 IFCAP =       0 NEXTRA =       0
 NCOPY  =       0

 Implicit solvent radii are modified Bondi radii (mbondi)                                                   

|     Memory Use     Allocated
|     Real                8184
|     Hollerith            168
|     Integer            23138
|     Max Pairs              1
|     nblistReal             0
|     nblist Int             0
|       Total              154 kbytes

| Note: 1-4 EEL scale factors are being read from the topology file.

| Note: 1-4 VDW scale factors are being read from the topology file.
| Duplicated    0 dihedrals
| Duplicated    0 dihedrals

--------------------------------------------------------------------------------
   2.  CONTROL  DATA  FOR  THE  RUN
--------------------------------------------------------------------------------

1HZ                                                                             

General flags:
     imin    =       1, nmropt  =       0

Nature and format of input:
     ntx     =       1, irest   =       0, ntrx    =       1

Nature and format of output:
     ntxo    =       1, ntpr    =       1, ntrx    =       1, ntwr    =       1
     iwrap   =       0, ntwx    =       0, ntwv    =       0, ntwe    =       0
     ioutfm  =       0, ntwprt  =       0, idecomp =       0, rbornstat=      0

Potential function:
     ntf     =       1, ntb     =       0, igb     =       2, nsnb    =      25
     ipol    =       0, gbsa    =       0, iesp    =       0
     dielc   =   1.00000, cut     =  99.00000, intdiel =   1.00000
     saltcon =   0.00000, offset  =   0.09000, gbalpha=    0.80000
     gbbeta  =   0.00000, gbgamma =   2.90912, surften =   0.00500
     rdt     =   0.00000, rgbmax  =  25.00000  extdiel =  78.50000
     alpb  =        0

Frozen or restrained atoms:
     ibelly  =       0, ntr     =       0

Energy minimization:
     maxcyc  =     100, ncyc    =      50, ntmin   =       1
     dx0     =   0.01000, drms    =   0.00010
|  INFO: Old style inpcrd file read


--------------------------------------------------------------------------------
   3.  ATOMIC COORDINATES AND VELOCITIES
--------------------------------------------------------------------------------

1HZ                                                                             
 begin time read from input coords =     0.000 ps

 Number of triangulated 3-point waters found:        0

--------------------------------------------------------------------------------
   4.  RESULTS
--------------------------------------------------------------------------------



   NSTEP       ENERGY          RMS            GMAX         NAME    NUMBER
      1      -3.9045E+02     2.0610E+01     9.4777E+01     C22         4

 BOND    =       24.6116  ANGLE   =       22.3209  DIHED      =       23.4134
 VDWAALS =       -4.3079  EEL     =     -101.2781  EGB        =      -88.1718
 1-4 VDW =       11.8510  1-4 EEL =     -278.8841  RESTRAINT  =        0.0000


   NSTEP       ENERGY          RMS            GMAX         NAME    NUMBER
      2      -3.9350E+02     1.9075E+01     8.8690E+01     C22         4

 BOND    =       22.3357  ANGLE   =       21.7202  DIHED      =       23.4263
 VDWAALS =       -4.3417  EEL     =     -101.1774  EGB        =      -88.3627
 1-4 VDW =       11.8570  1-4 EEL =     -278.9599  RESTRAINT  =        0.0000


   NSTEP       ENERGY          RMS            GMAX         NAME    NUMBER
      3      -3.9687E+02     1.7307E+01     8.1387E+01     C22         4

 BOND    =       19.8607  ANGLE   =       21.0522  DIHED      =       23.4415
 VDWAALS =       -4.3840  EEL     =     -101.0516  EGB        =      -88.5951
 1-4 VDW =       11.8672  1-4 EEL =     -279.0562  RESTRAINT  =        0.0000


   NSTEP       ENERGY          RMS            GMAX         NAME    NUMBER
      4      -4.0048E+02     1.5301E+01     7.2650E+01     C22         4

 BOND    =       17.2406  ANGLE   =       20.3245  DIHED      =       23.4594
 VDWAALS =       -4.4375  EEL     =     -100.8928  EGB        =      -88.8783
 1-4 VDW =       11.8842  1-4 EEL =     -279.1804  RESTRAINT  =        0.0000


   NSTEP       ENERGY          RMS            GMAX         NAME    NUMBER
      5      -4.0425E+02     1.3077E+01     6.2261E+01     C22         4

 BOND    =       14.5656  ANGLE   =       19.5536  DIHED      =       23.4802
 VDWAALS =       -4.5065  EEL     =     -100.6890  EGB        =      -89.2231
 1-4 VDW =       11.9119  1-4 EEL =     -279.3447  RESTRAINT  =        0.0000


   NSTEP       ENERGY          RMS            GMAX         NAME    NUMBER
      6      -4.0804E+02     1.0703E+01     5.0070E+01     C22         4

 BOND    =       11.9647  ANGLE   =       18.7665  DIHED      =       23.5039
 VDWAALS =       -4.5980  EEL     =     -100.4219  EGB        =      -89.6401
 1-4 VDW =       11.9566  1-4 EEL =     -279.5694  RESTRAINT  =        0.0000


   NSTEP       ENERGY          RMS            GMAX         NAME    NUMBER
      7      -4.1166E+02     8.3223E+00     3.6199E+01     C22         4

 BOND    =        9.5958  ANGLE   =       17.9994  DIHED      =       23.5297
 VDWAALS =       -4.7234  EEL     =     -100.0622  EGB        =      -90.1344
 1-4 VDW =       12.0284  1-4 EEL =     -279.8911  RESTRAINT  =        0.0000


   NSTEP       ENERGY          RMS            GMAX         NAME    NUMBER
      8      -4.1494E+02     6.1687E+00     2.2584E+01     C6         27

 BOND    =        7.6109  ANGLE   =       17.2851  DIHED      =       23.5556
 VDWAALS =       -4.9016  EEL     =      -99.5634  EGB        =      -90.6886
 1-4 VDW =       12.1407  1-4 EEL =     -280.3813  RESTRAINT  =        0.0000


   NSTEP       ENERGY          RMS            GMAX         NAME    NUMBER
      9      -4.1781E+02     4.4933E+00     1.2481E+01     C6         27

 BOND    =        6.1095  ANGLE   =       16.6178  DIHED      =       23.5792
 VDWAALS =       -5.1579  EEL     =      -98.8615  EGB        =      -91.2241
 1-4 VDW =       12.3012  1-4 EEL =     -281.1791  RESTRAINT  =        0.0000


   NSTEP       ENERGY          RMS            GMAX         NAME    NUMBER
     10      -4.2035E+02     3.3758E+00     9.1720E+00     H5'2       55

 BOND    =        5.1501  ANGLE   =       15.9294  DIHED      =       23.6057
 VDWAALS =       -5.5028  EEL     =      -97.9154  EGB        =      -91.5801
 1-4 VDW =       12.4750  1-4 EEL =     -282.5117  RESTRAINT  =        0.0000


   NSTEP       ENERGY          RMS            GMAX         NAME    NUMBER
     11      -4.2268E+02     2.6059E+00     7.1947E+00     H5'2       55

 BOND    =        4.7482  ANGLE   =       15.2987  DIHED      =       23.6579
 VDWAALS =       -5.8787  EEL     =      -96.8061  EGB        =      -91.7119
 1-4 VDW =       12.5489  1-4 EEL =     -284.5408  RESTRAINT  =        0.0000


   NSTEP       ENERGY          RMS            GMAX         NAME    NUMBER
     12      -4.2475E+02     2.1823E+00     7.2254E+00     H21        53

 BOND    =        4.7817  ANGLE   =       15.0340  DIHED      =       23.7233
 VDWAALS =       -6.2868  EEL     =      -95.5654  EGB        =      -91.8486
 1-4 VDW =       12.5235  1-4 EEL =     -287.1136  RESTRAINT  =        0.0000


   NSTEP       ENERGY          RMS            GMAX         NAME    NUMBER
     13      -4.2418E+02     8.7411E+00     4.9605E+01     C5         26

 BOND    =        7.2224  ANGLE   =       14.8476  DIHED      =       23.7854
 VDWAALS =       -6.7060  EEL     =      -93.9546  EGB        =      -91.4798
 1-4 VDW =       12.6610  1-4 EEL =     -290.5524  RESTRAINT  =        0.0000


   NSTEP       ENERGY          RMS            GMAX         NAME    NUMBER
     14      -4.2633E+02     2.4539E+00     1.0106E+01     C6         27

 BOND    =        5.1755  ANGLE   =       14.9795  DIHED      =       23.7900
 VDWAALS =       -6.7810  EEL     =      -93.9585  EGB        =      -91.8244
 1-4 VDW =       12.4788  1-4 EEL =     -290.1946  RESTRAINT  =        0.0000


   NSTEP       ENERGY          RMS            GMAX         NAME    NUMBER
     15      -4.2453E+02     9.7853E+00     5.1762E+01     C5         26

 BOND    =        7.4094  ANGLE   =       15.1810  DIHED      =       23.8107
 VDWAALS =       -6.7886  EEL     =      -93.5432  EGB        =      -91.8450
 1-4 VDW =       12.6569  1-4 EEL =     -291.4124  RESTRAINT  =        0.0000


   NSTEP       ENERGY          RMS            GMAX         NAME    NUMBER
     16      -4.2671E+02     2.9961E+00     1.5079E+01     C5         26

 BOND    =        5.6230  ANGLE   =       14.9422  DIHED      =       23.8155
 VDWAALS =       -6.8562  EEL     =      -93.4685  EGB        =      -91.9013
 1-4 VDW =       12.5169  1-4 EEL =     -291.3771  RESTRAINT  =        0.0000


   NSTEP       ENERGY          RMS            GMAX         NAME    NUMBER
     17      -4.2646E+02     5.0452E+00     2.5260E+01     C5         26

 BOND    =        5.7495  ANGLE   =       15.3161  DIHED      =       23.8288
 VDWAALS =       -6.9777  EEL     =      -93.2008  EGB        =      -91.9451
 1-4 VDW =       12.3567  1-4 EEL =     -291.5890  RESTRAINT  =        0.0000


   NSTEP       ENERGY          RMS            GMAX         NAME    NUMBER
     18      -4.2709E+02     1.3096E+00     4.5523E+00     C6         27

 BOND    =        5.4224  ANGLE   =       15.0319  DIHED      =       23.8297
 VDWAALS =       -6.9653  EEL     =      -93.1377  EGB        =      -91.8936
 1-4 VDW =       12.4105  1-4 EEL =     -291.7831  RESTRAINT  =        0.0000


   NSTEP       ENERGY          RMS            GMAX         NAME    NUMBER
     19      -4.2715E+02     2.5017E+00     1.2772E+01     C5         26

 BOND    =        5.6525  ANGLE   =       15.0144  DIHED      =       23.8395
 VDWAALS =       -7.0095  EEL     =      -92.8544  EGB        =      -91.8859
 1-4 VDW =       12.4518  1-4 EEL =     -292.3605  RESTRAINT  =        0.0000


   NSTEP       ENERGY          RMS            GMAX         NAME    NUMBER
     20      -4.2713E+02     3.3744E+00     1.6372E+01     C5         26

 BOND    =        5.6846  ANGLE   =       15.2675  DIHED      =       23.8508
 VDWAALS =       -7.0830  EEL     =      -92.7017  EGB        =      -91.9765
 1-4 VDW =       12.3312  1-4 EEL =     -292.4997  RESTRAINT  =        0.0000


   NSTEP       ENERGY          RMS            GMAX         NAME    NUMBER
     21      -4.2742E+02     9.4687E-01     2.6816E+00     H5'2       55

 BOND    =        5.5678  ANGLE   =       15.1034  DIHED      =       23.8520
 VDWAALS =       -7.0783  EEL     =      -92.6358  EGB        =      -91.9349
 1-4 VDW =       12.3662  1-4 EEL =     -292.6587  RESTRAINT  =        0.0000


   NSTEP       ENERGY          RMS            GMAX         NAME    NUMBER
     22      -4.2754E+02     1.2649E+00     5.4573E+00     C5         26

 BOND    =        5.6481  ANGLE   =       15.1270  DIHED      =       23.8614
 VDWAALS =       -7.1267  EEL     =      -92.3771  EGB        =      -91.9315
 1-4 VDW =       12.3663  1-4 EEL =     -293.1058  RESTRAINT  =        0.0000


   NSTEP       ENERGY          RMS            GMAX         NAME    NUMBER
     23      -4.2754E+02     2.4085E+00     1.1397E+01     C6         27

 BOND    =        5.7552  ANGLE   =       15.2816  DIHED      =       23.8740
 VDWAALS =       -7.1902  EEL     =      -92.1964  EGB        =      -92.0057
 1-4 VDW =       12.2770  1-4 EEL =     -293.3381  RESTRAINT  =        0.0000


   NSTEP       ENERGY          RMS            GMAX         NAME    NUMBER
     24      -4.2757E+02     2.7160E+00     1.4006E+01     C5         26

 BOND    =        5.8797  ANGLE   =       15.1560  DIHED      =       23.8757
 VDWAALS =       -7.1894  EEL     =      -92.0428  EGB        =      -91.9332
 1-4 VDW =       12.3428  1-4 EEL =     -293.6560  RESTRAINT  =        0.0000


   NSTEP       ENERGY          RMS            GMAX         NAME    NUMBER
     25      -4.2752E+02     3.4731E+00     1.6910E+01     C5         26

 BOND    =        5.8695  ANGLE   =       15.4416  DIHED      =       23.8847
 VDWAALS =       -7.2523  EEL     =      -91.9410  EGB        =      -92.0444
 1-4 VDW =       12.2387  1-4 EEL =     -293.7123  RESTRAINT  =        0.0000


   NSTEP       ENERGY          RMS            GMAX         NAME    NUMBER
     26      -4.2782E+02     7.9664E-01     2.2839E+00     C6         27

 BOND    =        5.7452  ANGLE   =       15.2553  DIHED      =       23.8855
 VDWAALS =       -7.2440  EEL     =      -91.8877  EGB        =      -91.9987
 1-4 VDW =       12.2698  1-4 EEL =     -293.8445  RESTRAINT  =        0.0000


   NSTEP       ENERGY          RMS            GMAX         NAME    NUMBER
     27      -4.2790E+02     1.4109E+00     6.5691E+00     C5         26

 BOND    =        5.8337  ANGLE   =       15.2780  DIHED      =       23.8950
 VDWAALS =       -7.2884  EEL     =      -91.6284  EGB        =      -91.9939
 1-4 VDW =       12.2612  1-4 EEL =     -294.2561  RESTRAINT  =        0.0000


   NSTEP       ENERGY          RMS            GMAX         NAME    NUMBER
     28      -4.2783E+02     2.7286E+00     1.3187E+01     C6         27

 BOND    =        5.9297  ANGLE   =       15.4541  DIHED      =       23.9052
 VDWAALS =       -7.3422  EEL     =      -91.5063  EGB        =      -92.0806
 1-4 VDW =       12.1783  1-4 EEL =     -294.3699  RESTRAINT  =        0.0000


   NSTEP       ENERGY          RMS            GMAX         NAME    NUMBER
     29      -4.2802E+02     8.1076E-01     2.9647E+00     C6         27

 BOND    =        5.8398  ANGLE   =       15.3518  DIHED      =       23.9053
 VDWAALS =       -7.3380  EEL     =      -91.4569  EGB        =      -92.0456
 1-4 VDW =       12.2019  1-4 EEL =     -294.4760  RESTRAINT  =        0.0000


   NSTEP       ENERGY          RMS            GMAX         NAME    NUMBER
     30      -4.2806E+02     1.2724E+00     5.7767E+00     C5         26

 BOND    =        5.8896  ANGLE   =       15.3574  DIHED      =       23.9104
 VDWAALS =       -7.3623  EEL     =      -91.2895  EGB        =      -92.0329
 1-4 VDW =       12.2052  1-4 EEL =     -294.7361  RESTRAINT  =        0.0000


   NSTEP       ENERGY          RMS            GMAX         NAME    NUMBER
     31      -4.2807E+02     1.7680E+00     8.5047E+00     C6         27

 BOND    =        5.9177  ANGLE   =       15.4621  DIHED      =       23.9179
 VDWAALS =       -7.3999  EEL     =      -91.2054  EGB        =      -92.0968
 1-4 VDW =       12.1452  1-4 EEL =     -294.8075  RESTRAINT  =        0.0000


   NSTEP       ENERGY          RMS            GMAX         NAME    NUMBER
     32      -4.2808E+02     2.0340E+00     1.0066E+01     C5         26

 BOND    =        6.0026  ANGLE   =       15.3715  DIHED      =       23.9192
 VDWAALS =       -7.3992  EEL     =      -91.0938  EGB        =      -92.0425
 1-4 VDW =       12.1813  1-4 EEL =     -295.0189  RESTRAINT  =        0.0000


   NSTEP       ENERGY          RMS            GMAX         NAME    NUMBER
     33      -4.2806E+02     2.5609E+00     1.2195E+01     C6         27

 BOND    =        5.9719  ANGLE   =       15.5753  DIHED      =       23.9261
 VDWAALS =       -7.4447  EEL     =      -91.0186  EGB        =      -92.1335
 1-4 VDW =       12.1083  1-4 EEL =     -295.0428  RESTRAINT  =        0.0000


   NSTEP       ENERGY          RMS            GMAX         NAME    NUMBER
     34      -4.2822E+02     6.1154E-01     1.7486E+00     H1         33

 BOND    =        5.9187  ANGLE   =       15.4509  DIHED      =       23.9266
 VDWAALS =       -7.4386  EEL     =      -90.9802  EGB        =      -92.0977
 1-4 VDW =       12.1292  1-4 EEL =     -295.1335  RESTRAINT  =        0.0000


   NSTEP       ENERGY          RMS            GMAX         NAME    NUMBER
     35      -4.2828E+02     9.8449E-01     4.1099E+00     C5         26

 BOND    =        5.9588  ANGLE   =       15.4727  DIHED      =       23.9334
 VDWAALS =       -7.4705  EEL     =      -90.7972  EGB        =      -92.1002
 1-4 VDW =       12.1149  1-4 EEL =     -295.3904  RESTRAINT  =        0.0000


   NSTEP       ENERGY          RMS            GMAX         NAME    NUMBER
     36      -4.2825E+02     1.9869E+00     9.5965E+00     C6         27

 BOND    =        6.0216  ANGLE   =       15.5798  DIHED      =       23.9416
 VDWAALS =       -7.5109  EEL     =      -90.6977  EGB        =      -92.1704
 1-4 VDW =       12.0565  1-4 EEL =     -295.4712  RESTRAINT  =        0.0000


   NSTEP       ENERGY          RMS            GMAX         NAME    NUMBER
     37      -4.2835E+02     6.1656E-01     2.1179E+00     C6         27

 BOND    =        5.9715  ANGLE   =       15.5214  DIHED      =       23.9415
 VDWAALS =       -7.5083  EEL     =      -90.6606  EGB        =      -92.1434
 1-4 VDW =       12.0716  1-4 EEL =     -295.5453  RESTRAINT  =        0.0000


   NSTEP       ENERGY          RMS            GMAX         NAME    NUMBER
     38      -4.2838E+02     8.8082E-01     3.4688E+00     C5         26

 BOND    =        5.9872  ANGLE   =       15.5346  DIHED      =       23.9454
 VDWAALS =       -7.5273  EEL     =      -90.5400  EGB        =      -92.1389
 1-4 VDW =       12.0675  1-4 EEL =     -295.7117  RESTRAINT  =        0.0000


   NSTEP       ENERGY          RMS            GMAX         NAME    NUMBER
     39      -4.2839E+02     1.2954E+00     6.1577E+00     C6         27

 BOND    =        6.0188  ANGLE   =       15.5922  DIHED      =       23.9515
 VDWAALS =       -7.5559  EEL     =      -90.4703  EGB        =      -92.1901
 1-4 VDW =       12.0254  1-4 EEL =     -295.7649  RESTRAINT  =        0.0000


   NSTEP       ENERGY          RMS            GMAX         NAME    NUMBER
     40      -4.2841E+02     1.4969E+00     6.7588E+00     C5         26

 BOND    =        6.0521  ANGLE   =       15.5469  DIHED      =       23.9523
 VDWAALS =       -7.5571  EEL     =      -90.3847  EGB        =      -92.1489
 1-4 VDW =       12.0471  1-4 EEL =     -295.9129  RESTRAINT  =        0.0000


   NSTEP       ENERGY          RMS            GMAX         NAME    NUMBER
     41      -4.2840E+02     1.8800E+00     9.0099E+00     C6         27

 BOND    =        6.0447  ANGLE   =       15.6689  DIHED      =       23.9582
 VDWAALS =       -7.5909  EEL     =      -90.3293  EGB        =      -92.2244
 1-4 VDW =       11.9942  1-4 EEL =     -295.9205  RESTRAINT  =        0.0000


   NSTEP       ENERGY          RMS            GMAX         NAME    NUMBER
     42      -4.2849E+02     4.9692E-01     1.6559E+00     H1         33

 BOND    =        6.0145  ANGLE   =       15.5958  DIHED      =       23.9583
 VDWAALS =       -7.5870  EEL     =      -90.2991  EGB        =      -92.1958
 1-4 VDW =       12.0086  1-4 EEL =     -295.9866  RESTRAINT  =        0.0000


   NSTEP       ENERGY          RMS            GMAX         NAME    NUMBER
     43      -4.2853E+02     6.8550E-01     2.2788E+00     N1         29

 BOND    =        6.0225  ANGLE   =       15.6198  DIHED      =       23.9632
 VDWAALS =       -7.6107  EEL     =      -90.1723  EGB        =      -92.2018
 1-4 VDW =       11.9952  1-4 EEL =     -296.1452  RESTRAINT  =        0.0000


   NSTEP       ENERGY          RMS            GMAX         NAME    NUMBER
     44      -4.2853E+02     1.3615E+00     6.2924E+00     C6         27

 BOND    =        6.0803  ANGLE   =       15.6623  DIHED      =       23.9701
 VDWAALS =       -7.6414  EEL     =      -90.0907  EGB        =      -92.2560
 1-4 VDW =       11.9541  1-4 EEL =     -296.2084  RESTRAINT  =        0.0000


   NSTEP       ENERGY          RMS            GMAX         NAME    NUMBER
     45      -4.2854E+02     1.5121E+00     6.0486E+00     C5         26

 BOND    =        6.0813  ANGLE   =       15.6374  DIHED      =       23.9699
 VDWAALS =       -7.6406  EEL     =      -90.0145  EGB        =      -92.2087
 1-4 VDW =       11.9769  1-4 EEL =     -296.3412  RESTRAINT  =        0.0000


   NSTEP       ENERGY          RMS            GMAX         NAME    NUMBER
     46      -4.2852E+02     1.9478E+00     9.1334E+00     C6         27

 BOND    =        6.1076  ANGLE   =       15.7294  DIHED      =       23.9763
 VDWAALS =       -7.6726  EEL     =      -89.9716  EGB        =      -92.2908
 1-4 VDW =       11.9261  1-4 EEL =     -296.3277  RESTRAINT  =        0.0000


   NSTEP       ENERGY          RMS            GMAX         NAME    NUMBER
     47      -4.2862E+02     4.6736E-01     1.5981E+00     H1         33

 BOND    =        6.0534  ANGLE   =       15.6681  DIHED      =       23.9758
 VDWAALS =       -7.6679  EEL     =      -89.9442  EGB        =      -92.2582
 1-4 VDW =       11.9410  1-4 EEL =     -296.3901  RESTRAINT  =        0.0000


   NSTEP       ENERGY          RMS            GMAX         NAME    NUMBER
     48      -4.2865E+02     7.9196E-01     2.7406E+00     N1         29

 BOND    =        6.0510  ANGLE   =       15.6971  DIHED      =       23.9803
 VDWAALS =       -7.6902  EEL     =      -89.8241  EGB        =      -92.2608
 1-4 VDW =       11.9301  1-4 EEL =     -296.5345  RESTRAINT  =        0.0000


   NSTEP       ENERGY          RMS            GMAX         NAME    NUMBER
     49      -4.2864E+02     1.4857E+00     6.5292E+00     C6         27

 BOND    =        6.1332  ANGLE   =       15.7159  DIHED      =       23.9869
 VDWAALS =       -7.7168  EEL     =      -89.7703  EGB        =      -92.3195
 1-4 VDW =       11.8915  1-4 EEL =     -296.5576  RESTRAINT  =        0.0000


   NSTEP       ENERGY          RMS            GMAX         NAME    NUMBER
     50      -4.2870E+02     4.6793E-01     1.5612E+00     H1         33

 BOND    =        6.0741  ANGLE   =       15.7063  DIHED      =       23.9864
 VDWAALS =       -7.7158  EEL     =      -89.7423  EGB        =      -92.2975
 1-4 VDW =       11.9010  1-4 EEL =     -296.6074  RESTRAINT  =        0.0000


   NSTEP       ENERGY          RMS            GMAX         NAME    NUMBER
     51      -4.2872E+02     6.5241E-01     2.1723E+00     N1         29

 BOND    =        6.0587  ANGLE   =       15.7321  DIHED      =       23.9891
 VDWAALS =       -7.7303  EEL     =      -89.6612  EGB        =      -92.2965
 1-4 VDW =       11.8961  1-4 EEL =     -296.7033  RESTRAINT  =        0.0000


   NSTEP       ENERGY          RMS            GMAX         NAME    NUMBER
     52      -4.1525E+02     2.2981E+01     9.9924E+01     C2         30

 BOND    =       18.6683  ANGLE   =       17.6063  DIHED      =       24.0751
 VDWAALS =       -8.0422  EEL     =      -88.9439  EGB        =      -93.0063
 1-4 VDW =       11.4897  1-4 EEL =     -297.0945  RESTRAINT  =        0.0000


   NSTEP       ENERGY          RMS            GMAX         NAME    NUMBER
     53      -4.2873E+02     4.8303E-01     1.6720E+00     C6         27

 BOND    =        6.0800  ANGLE   =       15.7298  DIHED      =       23.9921
 VDWAALS =       -7.7417  EEL     =      -89.6366  EGB        =      -92.3201
 1-4 VDW =       11.8802  1-4 EEL =     -296.7163  RESTRAINT  =        0.0000


   NSTEP       ENERGY          RMS            GMAX         NAME    NUMBER
     54      -4.2875E+02     4.7533E-01     1.6047E+00     C6         27

 BOND    =        6.0876  ANGLE   =       15.7356  DIHED      =       23.9950
 VDWAALS =       -7.7542  EEL     =      -89.5854  EGB        =      -92.3302
 1-4 VDW =       11.8696  1-4 EEL =     -296.7697  RESTRAINT  =        0.0000


   NSTEP       ENERGY          RMS            GMAX         NAME    NUMBER
     55      -4.2891E+02     5.8353E-01     2.8768E+00     C4         32

 BOND    =        6.1643  ANGLE   =       15.7968  DIHED      =       24.0223
 VDWAALS =       -7.8665  EEL     =      -89.1150  EGB        =      -92.4251
 1-4 VDW =       11.7735  1-4 EEL =     -297.2600  RESTRAINT  =        0.0000


   NSTEP       ENERGY          RMS            GMAX         NAME    NUMBER
     56      -4.2922E+02     2.1916E+00     1.3209E+01     C4         32

 BOND    =        6.6514  ANGLE   =       16.2483  DIHED      =       24.1549
 VDWAALS =       -8.3039  EEL     =      -87.0255  EGB        =      -92.8843
 1-4 VDW =       11.3693  1-4 EEL =     -299.4347  RESTRAINT  =        0.0000


   NSTEP       ENERGY          RMS            GMAX         NAME    NUMBER
     57      -4.2878E+02     4.4280E+00     2.7375E+01     C4         32

 BOND    =        6.6725  ANGLE   =       18.0484  DIHED      =       24.3426
 VDWAALS =       -8.7903  EEL     =      -84.1162  EGB        =      -93.6278
 1-4 VDW =       10.9451  1-4 EEL =     -302.2554  RESTRAINT  =        0.0000


   NSTEP       ENERGY          RMS            GMAX         NAME    NUMBER
     58      -4.2939E+02     4.2590E-01     1.3194E+00     H8         40

 BOND    =        6.4441  ANGLE   =       16.7732  DIHED      =       24.2160
 VDWAALS =       -8.4874  EEL     =      -86.0271  EGB        =      -93.1264
 1-4 VDW =       11.2171  1-4 EEL =     -300.4029  RESTRAINT  =        0.0000


   NSTEP       ENERGY          RMS            GMAX         NAME    NUMBER
     59      -4.2940E+02     3.7913E-01     1.2114E+00     H21        53

 BOND    =        6.4089  ANGLE   =       16.7724  DIHED      =       24.2189
 VDWAALS =       -8.4998  EEL     =      -85.9878  EGB        =      -93.1176
 1-4 VDW =       11.2184  1-4 EEL =     -300.4184  RESTRAINT  =        0.0000


   NSTEP       ENERGY          RMS            GMAX         NAME    NUMBER
     60      -4.2942E+02     8.2543E-01     3.1865E+00     C5         26

 BOND    =        6.3129  ANGLE   =       16.7736  DIHED      =       24.2286
 VDWAALS =       -8.5391  EEL     =      -85.8615  EGB        =      -93.0897
 1-4 VDW =       11.2226  1-4 EEL =     -300.4681  RESTRAINT  =        0.0000


   NSTEP       ENERGY          RMS            GMAX         NAME    NUMBER
     61      -4.2947E+02     7.3091E-01     2.5519E+00     C5         26

 BOND    =        6.2255  ANGLE   =       16.7317  DIHED      =       24.2438
 VDWAALS =       -8.5810  EEL     =      -85.7987  EGB        =      -93.0783
 1-4 VDW =       11.2113  1-4 EEL =     -300.4258  RESTRAINT  =        0.0000


   NSTEP       ENERGY          RMS            GMAX         NAME    NUMBER
     62      -4.2961E+02     1.4080E+00     7.0790E+00     O2'        20

 BOND    =        5.8258  ANGLE   =       16.5347  DIHED      =       24.3493
 VDWAALS =       -8.8001  EEL     =      -85.4443  EGB        =      -93.0355
 1-4 VDW =       11.1504  1-4 EEL =     -300.1855  RESTRAINT  =        0.0000


   NSTEP       ENERGY          RMS            GMAX         NAME    NUMBER
     63      -4.2978E+02     1.2561E+00     5.0232E+00     C5         26

 BOND    =        5.8919  ANGLE   =       16.2756  DIHED      =       24.5208
 VDWAALS =       -8.9658  EEL     =      -85.5457  EGB        =      -93.5911
 1-4 VDW =       11.1388  1-4 EEL =     -299.5088  RESTRAINT  =        0.0000


   NSTEP       ENERGY          RMS            GMAX         NAME    NUMBER
     64      -4.2978E+02     1.2263E+00     4.8357E+00     C5         26

 BOND    =        5.8880  ANGLE   =       16.2801  DIHED      =       24.5163
 VDWAALS =       -8.9623  EEL     =      -85.5435  EGB        =      -93.5779
 1-4 VDW =       11.1390  1-4 EEL =     -299.5242  RESTRAINT  =        0.0000


   NSTEP       ENERGY          RMS            GMAX         NAME    NUMBER
     65      -4.2985E+02     1.3920E+00     4.0503E+00     C15        10

 BOND    =        6.1778  ANGLE   =       15.9129  DIHED      =       24.6540
 VDWAALS =       -9.0272  EEL     =      -85.9642  EGB        =      -94.0145
 1-4 VDW =       11.1915  1-4 EEL =     -298.7844  RESTRAINT  =        0.0000


   NSTEP       ENERGY          RMS            GMAX         NAME    NUMBER
     66      -4.2987E+02     8.7664E-01     2.5397E+00     O2'        20

 BOND    =        6.0533  ANGLE   =       16.0215  DIHED      =       24.6066
 VDWAALS =       -9.0069  EEL     =      -85.8295  EGB        =      -93.8716
 1-4 VDW =       11.1742  1-4 EEL =     -299.0220  RESTRAINT  =        0.0000


   NSTEP       ENERGY          RMS            GMAX         NAME    NUMBER
     67      -4.2994E+02     5.8147E-01     1.8389E+00     H20        52

 BOND    =        5.8417  ANGLE   =       15.8873  DIHED      =       24.6494
 VDWAALS =       -9.0070  EEL     =      -86.0656  EGB        =      -93.7856
 1-4 VDW =       11.2033  1-4 EEL =     -298.6665  RESTRAINT  =        0.0000


   NSTEP       ENERGY          RMS            GMAX         NAME    NUMBER
     68      -4.2996E+02     7.5257E-01     3.0155E+00     S           2

 BOND    =        5.6699  ANGLE   =       15.7791  DIHED      =       24.6930
 VDWAALS =       -9.0066  EEL     =      -86.2853  EGB        =      -93.7093
 1-4 VDW =       11.2312  1-4 EEL =     -298.3357  RESTRAINT  =        0.0000


   NSTEP       ENERGY          RMS            GMAX         NAME    NUMBER
     69      -4.3003E+02     8.6396E-01     2.9469E+00     H21        53

 BOND    =        5.6693  ANGLE   =       15.6019  DIHED      =       24.8178
 VDWAALS =       -9.0295  EEL     =      -86.5152  EGB        =      -93.7577
 1-4 VDW =       11.2308  1-4 EEL =     -298.0513  RESTRAINT  =        0.0000


   NSTEP       ENERGY          RMS            GMAX         NAME    NUMBER
     70      -4.3003E+02     8.8128E-01     2.9786E+00     H21        53

 BOND    =        5.6704  ANGLE   =       15.5986  DIHED      =       24.8204
 VDWAALS =       -9.0299  EEL     =      -86.5198  EGB        =      -93.7588
 1-4 VDW =       11.2308  1-4 EEL =     -298.0455  RESTRAINT  =        0.0000


   NSTEP       ENERGY          RMS            GMAX         NAME    NUMBER
     71      -4.3013E+02     8.2899E-01     2.9351E+00     O2P         3

 BOND    =        5.7763  ANGLE   =       15.5868  DIHED      =       25.0057
 VDWAALS =       -9.0750  EEL     =      -86.5537  EGB        =      -93.8130
 1-4 VDW =       11.2542  1-4 EEL =     -298.3111  RESTRAINT  =        0.0000


   NSTEP       ENERGY          RMS            GMAX         NAME    NUMBER
     72      -4.3014E+02     1.1819E+00     3.5811E+00     N9         23

 BOND    =        5.8587  ANGLE   =       15.5941  DIHED      =       25.1193
 VDWAALS =       -9.0988  EEL     =      -86.5729  EGB        =      -93.8519
 1-4 VDW =       11.2676  1-4 EEL =     -298.4600  RESTRAINT  =        0.0000


   NSTEP       ENERGY          RMS            GMAX         NAME    NUMBER
     73      -4.3027E+02     1.0250E+00     2.9980E+00     C4         32

 BOND    =        6.1419  ANGLE   =       15.4077  DIHED      =       25.4711
 VDWAALS =       -9.1970  EEL     =      -86.4735  EGB        =      -93.9934
 1-4 VDW =       11.2947  1-4 EEL =     -298.9240  RESTRAINT  =        0.0000


   NSTEP       ENERGY          RMS            GMAX         NAME    NUMBER
     74      -4.3028E+02     1.1761E+00     3.6298E+00     C4         32

 BOND    =        6.2035  ANGLE   =       15.3809  DIHED      =       25.5362
 VDWAALS =       -9.2127  EEL     =      -86.4565  EGB        =      -94.0225
 1-4 VDW =       11.2992  1-4 EEL =     -299.0033  RESTRAINT  =        0.0000


   NSTEP       ENERGY          RMS            GMAX         NAME    NUMBER
     75      -4.3042E+02     1.0807E+00     4.0015E+00     C19         6

 BOND    =        6.0731  ANGLE   =       15.3382  DIHED      =       25.9598
 VDWAALS =       -9.3208  EEL     =      -86.4311  EGB        =      -94.0887
 1-4 VDW =       11.3919  1-4 EEL =     -299.3416  RESTRAINT  =        0.0000


   NSTEP       ENERGY          RMS            GMAX         NAME    NUMBER
     76      -4.3044E+02     8.9840E-01     2.8720E+00     C19         6

 BOND    =        6.0490  ANGLE   =       15.3454  DIHED      =       25.9598
 VDWAALS =       -9.3199  EEL     =      -86.4349  EGB        =      -94.0874
 1-4 VDW =       11.3970  1-4 EEL =     -299.3459  RESTRAINT  =        0.0000


   NSTEP       ENERGY          RMS            GMAX         NAME    NUMBER
     77      -4.3045E+02     7.2961E-01     2.3356E+00     H21        53

 BOND    =        6.0239  ANGLE   =       15.3550  DIHED      =       25.9599
 VDWAALS =       -9.3191  EEL     =      -86.4381  EGB        =      -94.0863
 1-4 VDW =       11.4028  1-4 EEL =     -299.3519  RESTRAINT  =        0.0000


   NSTEP       ENERGY          RMS            GMAX         NAME    NUMBER
     78      -4.3047E+02     6.0261E-01     1.9828E+00     H21        53

 BOND    =        5.9990  ANGLE   =       15.3665  DIHED      =       25.9603
 VDWAALS =       -9.3192  EEL     =      -86.4387  EGB        =      -94.0861
 1-4 VDW =       11.4086  1-4 EEL =     -299.3610  RESTRAINT  =        0.0000


   NSTEP       ENERGY          RMS            GMAX         NAME    NUMBER
     79      -4.3049E+02     5.2402E-01     1.7593E+00     H1         33

 BOND    =        5.9764  ANGLE   =       15.3779  DIHED      =       25.9612
 VDWAALS =       -9.3208  EEL     =      -86.4336  EGB        =      -94.0873
 1-4 VDW =       11.4136  1-4 EEL =     -299.3751  RESTRAINT  =        0.0000


   NSTEP       ENERGY          RMS            GMAX         NAME    NUMBER
     80      -4.2850E+02     4.7481E+00     1.6552E+01     C22         4

 BOND    =        6.5457  ANGLE   =       17.1041  DIHED      =       26.1470
 VDWAALS =       -9.4986  EEL     =      -85.7176  EGB        =      -94.2208
 1-4 VDW =       11.6557  1-4 EEL =     -300.5169  RESTRAINT  =        0.0000


   NSTEP       ENERGY          RMS            GMAX         NAME    NUMBER
     81      -4.3057E+02     6.6322E-01     2.0710E+00     O1P         1

 BOND    =        5.8571  ANGLE   =       15.4826  DIHED      =       25.9790
 VDWAALS =       -9.3522  EEL     =      -86.3144  EGB        =      -94.1049
 1-4 VDW =       11.4485  1-4 EEL =     -299.5664  RESTRAINT  =        0.0000


   NSTEP       ENERGY          RMS            GMAX         NAME    NUMBER
     82      -4.3059E+02     1.2174E+00     4.3930E+00     N6         28

 BOND    =        6.0163  ANGLE   =       15.4157  DIHED      =       26.0402
 VDWAALS =       -9.4197  EEL     =      -85.9962  EGB        =      -94.0877
 1-4 VDW =       11.4613  1-4 EEL =     -300.0217  RESTRAINT  =        0.0000


   NSTEP       ENERGY          RMS            GMAX         NAME    NUMBER
     83      -4.3062E+02     6.3615E-01     2.0176E+00     N6         28

 BOND    =        5.9223  ANGLE   =       15.4351  DIHED      =       26.0133
 VDWAALS =       -9.3910  EEL     =      -86.1322  EGB        =      -94.0944
 1-4 VDW =       11.4554  1-4 EEL =     -299.8269  RESTRAINT  =        0.0000


   NSTEP       ENERGY          RMS            GMAX         NAME    NUMBER
     84      -4.3068E+02     6.2797E-01     2.0232E+00     H2         34

 BOND    =        6.0265  ANGLE   =       15.4232  DIHED      =       26.0723
 VDWAALS =       -9.4003  EEL     =      -86.0894  EGB        =      -94.0727
 1-4 VDW =       11.4729  1-4 EEL =     -300.1110  RESTRAINT  =        0.0000


   NSTEP       ENERGY          RMS            GMAX         NAME    NUMBER
     85      -4.3069E+02     9.0053E-01     3.0740E+00     C6         27

 BOND    =        6.0968  ANGLE   =       15.4258  DIHED      =       26.1049
 VDWAALS =       -9.4051  EEL     =      -86.0665  EGB        =      -94.0625
 1-4 VDW =       11.4827  1-4 EEL =     -300.2629  RESTRAINT  =        0.0000


   NSTEP       ENERGY          RMS            GMAX         NAME    NUMBER
     86      -4.3078E+02     6.6888E-01     2.8638E+00     C22         4

 BOND    =        6.1764  ANGLE   =       15.4706  DIHED      =       26.2154
 VDWAALS =       -9.4131  EEL     =      -86.0720  EGB        =      -94.0969
 1-4 VDW =       11.4345  1-4 EEL =     -300.4901  RESTRAINT  =        0.0000


   NSTEP       ENERGY          RMS            GMAX         NAME    NUMBER
     87      -4.3078E+02     8.6269E-01     3.5880E+00     C22         4

 BOND    =        6.2247  ANGLE   =       15.4997  DIHED      =       26.2615
 VDWAALS =       -9.4159  EEL     =      -86.0743  EGB        =      -94.1131
 1-4 VDW =       11.4154  1-4 EEL =     -300.5810  RESTRAINT  =        0.0000


   NSTEP       ENERGY          RMS            GMAX         NAME    NUMBER
     88      -4.3087E+02     8.1736E-01     2.9760E+00     C4         32

 BOND    =        6.0568  ANGLE   =       15.6685  DIHED      =       26.4105
 VDWAALS =       -9.3903  EEL     =      -86.0855  EGB        =      -93.9719
 1-4 VDW =       11.3492  1-4 EEL =     -300.9033  RESTRAINT  =        0.0000


   NSTEP       ENERGY          RMS            GMAX         NAME    NUMBER
     89      -4.3087E+02     7.7129E-01     2.7488E+00     C4         32

 BOND    =        6.0633  ANGLE   =       15.6570  DIHED      =       26.4019
 VDWAALS =       -9.3918  EEL     =      -86.0849  EGB        =      -93.9792
 1-4 VDW =       11.3529  1-4 EEL =     -300.8856  RESTRAINT  =        0.0000


   NSTEP       ENERGY          RMS            GMAX         NAME    NUMBER
     90      -4.3090E+02     1.2207E+00     6.9597E+00     C4         32

 BOND    =        6.1754  ANGLE   =       15.7443  DIHED      =       26.5212
 VDWAALS =       -9.3631  EEL     =      -86.2036  EGB        =      -93.9693
 1-4 VDW =       11.3267  1-4 EEL =     -301.1274  RESTRAINT  =        0.0000


   NSTEP       ENERGY          RMS            GMAX         NAME    NUMBER
     91      -4.3091E+02     7.2907E-01     3.4535E+00     C4         32

 BOND    =        6.1171  ANGLE   =       15.7066  DIHED      =       26.4774
 VDWAALS =       -9.3738  EEL     =      -86.1608  EGB        =      -93.9715
 1-4 VDW =       11.3361  1-4 EEL =     -301.0404  RESTRAINT  =        0.0000


   NSTEP       ENERGY          RMS            GMAX         NAME    NUMBER
     92      -4.3095E+02     5.7510E-01     2.0266E+00     O2P         3

 BOND    =        6.1527  ANGLE   =       15.8268  DIHED      =       26.5494
 VDWAALS =       -9.3589  EEL     =      -86.2451  EGB        =      -94.0435
 1-4 VDW =       11.3395  1-4 EEL =     -301.1754  RESTRAINT  =        0.0000


   NSTEP       ENERGY          RMS            GMAX         NAME    NUMBER
     93      -4.3096E+02     6.6615E-01     2.2106E+00     C5         26

 BOND    =        6.1636  ANGLE   =       15.8514  DIHED      =       26.5628
 VDWAALS =       -9.3561  EEL     =      -86.2605  EGB        =      -94.0570
 1-4 VDW =       11.3401  1-4 EEL =     -301.1999  RESTRAINT  =        0.0000


   NSTEP       ENERGY          RMS            GMAX         NAME    NUMBER
     94      -4.3100E+02     5.4192E-01     1.7722E+00     C6         27

 BOND    =        6.2539  ANGLE   =       15.8336  DIHED      =       26.6360
 VDWAALS =       -9.3493  EEL     =      -86.3098  EGB        =      -94.0663
 1-4 VDW =       11.3973  1-4 EEL =     -301.3961  RESTRAINT  =        0.0000


   NSTEP       ENERGY          RMS            GMAX         NAME    NUMBER
     95      -4.3100E+02     6.3509E-01     2.2676E+00     C6         27

 BOND    =        6.2768  ANGLE   =       15.8328  DIHED      =       26.6510
 VDWAALS =       -9.3479  EEL     =      -86.3197  EGB        =      -94.0686
 1-4 VDW =       11.4089  1-4 EEL =     -301.4352  RESTRAINT  =        0.0000


   NSTEP       ENERGY          RMS            GMAX         NAME    NUMBER
     96      -4.3103E+02     8.5027E-01     3.8407E+00     C6         27

 BOND    =        6.1809  ANGLE   =       15.9301  DIHED      =       26.7178
 VDWAALS =       -9.3466  EEL     =      -86.3748  EGB        =      -93.9747
 1-4 VDW =       11.4604  1-4 EEL =     -301.6196  RESTRAINT  =        0.0000


   NSTEP       ENERGY          RMS            GMAX         NAME    NUMBER
     97      -4.3103E+02     5.7089E-01     2.0317E+00     C6         27

 BOND    =        6.2008  ANGLE   =       15.8977  DIHED      =       26.6975
 VDWAALS =       -9.3471  EEL     =      -86.3586  EGB        =      -94.0021
 1-4 VDW =       11.4450  1-4 EEL =     -301.5652  RESTRAINT  =        0.0000


   NSTEP       ENERGY          RMS            GMAX         NAME    NUMBER
     98      -4.3106E+02     4.5599E-01     1.6024E+00     O15        11

 BOND    =        6.0935  ANGLE   =       15.9330  DIHED      =       26.7168
 VDWAALS =       -9.3348  EEL     =      -86.4006  EGB        =      -93.9543
 1-4 VDW =       11.4742  1-4 EEL =     -301.5901  RESTRAINT  =        0.0000


   NSTEP       ENERGY          RMS            GMAX         NAME    NUMBER
     99      -4.3106E+02     5.7687E-01     1.8197E+00     O15        11

 BOND    =        6.0626  ANGLE   =       15.9472  DIHED      =       26.7237
 VDWAALS =       -9.3306  EEL     =      -86.4149  EGB        =      -93.9383
 1-4 VDW =       11.4842  1-4 EEL =     -301.5984  RESTRAINT  =        0.0000


   NSTEP       ENERGY          RMS            GMAX         NAME    NUMBER
    100      -4.3110E+02     5.3380E-01     1.7714E+00     S           2

 BOND    =        6.2092  ANGLE   =       15.8718  DIHED      =       26.7374
 VDWAALS =       -9.3077  EEL     =      -86.5717  EGB        =      -94.0240
 1-4 VDW =       11.5014  1-4 EEL =     -301.5174  RESTRAINT  =        0.0000


  Maximum number of minimization cycles reached.


                    FINAL RESULTS



   NSTEP       ENERGY          RMS            GMAX         NAME    NUMBER
    100      -4.3110E+02     5.3380E-01     1.7714E+00     S           2

 BOND    =        6.2092  ANGLE   =       15.8718  DIHED      =       26.7374
 VDWAALS =       -9.3077  EEL     =      -86.5717  EGB        =      -94.0240
 1-4 VDW =       11.5014  1-4 EEL =     -301.5174  RESTRAINT  =        0.0000

--------------------------------------------------------------------------------
   5.  TIMINGS
--------------------------------------------------------------------------------

|    Read coords time           0.00 ( 0.28% of Total)
|    Fast Water setup           0.00 ( 0.01% of Total)
|                Calc gb radii              0.01 (26.75% of Gen B)
|                Calc gb diag               0.01 (41.74% of Gen B)
|                Calc gb off-diag           0.01 (31.33% of Gen B)
|                Other                      0.00 ( 0.18% of Gen B)
|             Gen Born time              0.04 (100.0% of Nonbo)
|             IPS excludes               0.00 ( 0.01% of Nonbo)
|          Nonbond force              0.04 (86.14% of Force)
|          Bond/Angle/Dihedral        0.01 (13.52% of Force)
|          Other                      0.00 ( 0.34% of Force)
|       Force time                 0.04 (100.0% of Runmd)
|    Runmd Time                 0.04 (58.38% of Total)
|    Other                      0.03 (41.34% of Total)
| Total time                 0.07 (99.80% of ALL  )

| Number of list builds   :          0

| Highest rstack allocated:          0
| Highest istack allocated:          0
|           Job began  at 23:57:52.362  on 02/04/2016
|           Setup done at 23:57:52.368  on 02/04/2016
|           Run   done at 23:57:52.433  on 02/04/2016
|     wallclock() was called    1828 times
