
          -------------------------------------------------------
          Amber 14 SANDER                              2014
          -------------------------------------------------------

| Run on 12/05/2014 at 18:37:35

|   Executable path: sander
| Working directory: /net/casegroup2/u2/pjanowsk/Phenix/AmberLibrary/1
|          Hostname: krakow

  [-O]verwriting output

File Assignments:
|  MDIN: sander.in                                                             
| MDOUT: 1QB.min.out                                                           
|INPCRD: 1QB.rst7                                                              
|  PARM: 1QB.prmtop                                                            
|RESTRT: 1QB.min.rst7                                                          
|  REFC: refc                                                                  
| MDVEL: mdvel                                                                 
| MDFRC: mdfrc                                                                 
|  MDEN: mden                                                                  
| MDCRD: mdcrd                                                                 
|MDINFO: mdinfo                                                                
|  MTMD: mtmd                                                                  
|INPDIP: inpdip                                                                
|RSTDIP: rstdip                                                                
|INPTRA: inptraj                                                               


 Here is the input file:

  short minimization                                                           
 &cntrl                                                                        
   imin=1, maxcyc=100, ncyc=50, ntpr=1, cut=99., ntb=0,                        
 /                                                                             

--------------------------------------------------------------------------------
   1.  RESOURCE   USE: 
--------------------------------------------------------------------------------

| Flags:                                                                        
|    NONPERIODIC   ntb=0 and igb=0: Setting up nonperiodic simulation
|  *** cutoff > system size, list only builds once
|Largest sphere to fit in unit cell has radius =    32.038
| New format PARM file being parsed.
| Version =    1.000 Date = 12/05/14 Time = 18:37:34
 NATOM  =      27 NTYPES =       7 NBONH =      14 MBONA  =      14
 NTHETH =      32 MTHETA =      19 NPHIH =      65 MPHIA  =      30
 NHPARM =       0 NPARM  =       0 NNB   =     146 NRES   =       1
 NBONA  =      14 NTHETA =      19 NPHIA =      30 NUMBND =      13
 NUMANG =      26 NPTRA  =      15 NATYP =       9 NPHB   =       0
 IFBOX  =       0 NMXRS  =      27 IFCAP =       0 NEXTRA =       0
 NCOPY  =       0


|     Memory Use     Allocated
|     Real                6436
|     Hollerith             84
|     Integer            25414
|     Max Pairs            351
|     nblistReal           324
|     nblist Int        968511
|       Total             3937 kbytes

| Note: 1-4 EEL scale factors are being read from the topology file.

| Note: 1-4 VDW scale factors are being read from the topology file.
| Duplicated    0 dihedrals
| Duplicated    0 dihedrals

--------------------------------------------------------------------------------
   2.  CONTROL  DATA  FOR  THE  RUN
--------------------------------------------------------------------------------

1QB                                                                             

General flags:
     imin    =       1, nmropt  =       0

Nature and format of input:
     ntx     =       1, irest   =       0, ntrx    =       1

Nature and format of output:
     ntxo    =       1, ntpr    =       1, ntrx    =       1, ntwr    =     500
     iwrap   =       0, ntwx    =       0, ntwv    =       0, ntwe    =       0
     ioutfm  =       0, ntwprt  =       0, idecomp =       0, rbornstat=      0

Potential function:
     ntf     =       1, ntb     =       0, igb     =       0, nsnb    =      25
     ipol    =       0, gbsa    =       0, iesp    =       0
     dielc   =   1.00000, cut     =  99.00000, intdiel =   1.00000

Frozen or restrained atoms:
     ibelly  =       0, ntr     =       0

Energy minimization:
     maxcyc  =     100, ncyc    =      50, ntmin   =       1
     dx0     =   0.01000, drms    =   0.00010
|  INFO: Old style inpcrd file read


--------------------------------------------------------------------------------
   3.  ATOMIC COORDINATES AND VELOCITIES
--------------------------------------------------------------------------------

1QB                                                                             
 begin time read from input coords =     0.000 ps

 Number of triangulated 3-point waters found:        0

     Sum of charges from parm topology file =   1.00200000

--------------------------------------------------------------------------------
   4.  RESULTS
--------------------------------------------------------------------------------

 ---------------------------------------------------

     eedmeth=4: Setting switch to one everywhere

 ---------------------------------------------------
| Local SIZE OF NONBOND LIST =        210
| TOTAL SIZE OF NONBOND LIST =        210


   NSTEP       ENERGY          RMS            GMAX         NAME    NUMBER
      1       2.8732E+01     1.8065E+01     6.1858E+01     C1         13

 BOND    =        5.9982  ANGLE   =       26.0593  DIHED      =       21.6694
 VDWAALS =       -2.0189  EEL     =       72.1910  HBOND      =        0.0000
 1-4 VDW =        2.6583  1-4 EEL =      -97.8253  RESTRAINT  =        0.0000


   NSTEP       ENERGY          RMS            GMAX         NAME    NUMBER
      2       2.7951E+01     1.6661E+01     5.6549E+01     C1         13

 BOND    =        5.3554  ANGLE   =       25.9236  DIHED      =       21.6741
 VDWAALS =       -2.0202  EEL     =       72.2060  HBOND      =        0.0000
 1-4 VDW =        2.6552  1-4 EEL =      -97.8432  RESTRAINT  =        0.0000


   NSTEP       ENERGY          RMS            GMAX         NAME    NUMBER
      3       2.7096E+01     1.5016E+01     5.0302E+01     C1         13

 BOND    =        4.6532  ANGLE   =       25.7748  DIHED      =       21.6796
 VDWAALS =       -2.0219  EEL     =       72.2246  HBOND      =        0.0000
 1-4 VDW =        2.6506  1-4 EEL =      -97.8649  RESTRAINT  =        0.0000


   NSTEP       ENERGY          RMS            GMAX         NAME    NUMBER
      4       2.6185E+01     1.3111E+01     4.3021E+01     C1         13

 BOND    =        3.9080  ANGLE   =       25.6151  DIHED      =       21.6859
 VDWAALS =       -2.0241  EEL     =       72.2480  HBOND      =        0.0000
 1-4 VDW =        2.6436  1-4 EEL =      -97.8910  RESTRAINT  =        0.0000


   NSTEP       ENERGY          RMS            GMAX         NAME    NUMBER
      5       2.5252E+01     1.0947E+01     3.4667E+01     C1         13

 BOND    =        3.1500  ANGLE   =       25.4480  DIHED      =       21.6928
 VDWAALS =       -2.0271  EEL     =       72.2776  HBOND      =        0.0000
 1-4 VDW =        2.6329  1-4 EEL =      -97.9226  RESTRAINT  =        0.0000


   NSTEP       ENERGY          RMS            GMAX         NAME    NUMBER
      6       2.4344E+01     8.5866E+00     2.5375E+01     C1         13

 BOND    =        2.4266  ANGLE   =       25.2777  DIHED      =       21.6997
 VDWAALS =       -2.0312  EEL     =       72.3160  HBOND      =        0.0000
 1-4 VDW =        2.6160  1-4 EEL =      -97.9608  RESTRAINT  =        0.0000


   NSTEP       ENERGY          RMS            GMAX         NAME    NUMBER
      7       2.3524E+01     6.2298E+00     1.5741E+01     C1         13

 BOND    =        1.8029  ANGLE   =       25.1048  DIHED      =       21.7049
 VDWAALS =       -2.0370  EEL     =       72.3667  HBOND      =        0.0000
 1-4 VDW =        2.5890  1-4 EEL =      -98.0071  RESTRAINT  =        0.0000


   NSTEP       ENERGY          RMS            GMAX         NAME    NUMBER
      8       2.2837E+01     4.3141E+00     9.7735E+00     H5         18

 BOND    =        1.3430  ANGLE   =       24.9180  DIHED      =       21.7035
 VDWAALS =       -2.0460  EEL     =       72.4341  HBOND      =        0.0000
 1-4 VDW =        2.5470  1-4 EEL =      -98.0625  RESTRAINT  =        0.0000


   NSTEP       ENERGY          RMS            GMAX         NAME    NUMBER
      9       2.2259E+01     3.1225E+00     7.0615E+00     H6         19

 BOND    =        1.0531  ANGLE   =       24.6966  DIHED      =       21.6847
 VDWAALS =       -2.0599  EEL     =       72.5172  HBOND      =        0.0000
 1-4 VDW =        2.4940  1-4 EEL =      -98.1267  RESTRAINT  =        0.0000


   NSTEP       ENERGY          RMS            GMAX         NAME    NUMBER
     10       2.1745E+01     2.3106E+00     5.4783E+00     H6         19

 BOND    =        0.8529  ANGLE   =       24.4671  DIHED      =       21.6438
 VDWAALS =       -2.0791  EEL     =       72.5980  HBOND      =        0.0000
 1-4 VDW =        2.4689  1-4 EEL =      -98.2067  RESTRAINT  =        0.0000


   NSTEP       ENERGY          RMS            GMAX         NAME    NUMBER
     11       2.1310E+01     1.7060E+00     4.0807E+00     H7         20

 BOND    =        0.7588  ANGLE   =       24.2062  DIHED      =       21.6101
 VDWAALS =       -2.1008  EEL     =       72.6636  HBOND      =        0.0000
 1-4 VDW =        2.4816  1-4 EEL =      -98.3092  RESTRAINT  =        0.0000


   NSTEP       ENERGY          RMS            GMAX         NAME    NUMBER
     12       2.1116E+01     3.5611E+00     1.3956E+01     C1         13

 BOND    =        0.7437  ANGLE   =       24.0957  DIHED      =       21.6020
 VDWAALS =       -2.1191  EEL     =       72.7020  HBOND      =        0.0000
 1-4 VDW =        2.4312  1-4 EEL =      -98.3391  RESTRAINT  =        0.0000


   NSTEP       ENERGY          RMS            GMAX         NAME    NUMBER
     13       2.1913E+01     9.1909E+00     3.4015E+01     C1         13

 BOND    =        1.6855  ANGLE   =       23.9551  DIHED      =       21.6269
 VDWAALS =       -2.1245  EEL     =       72.7005  HBOND      =        0.0000
 1-4 VDW =        2.5667  1-4 EEL =      -98.4976  RESTRAINT  =        0.0000


   NSTEP       ENERGY          RMS            GMAX         NAME    NUMBER
     14       2.0925E+01     2.7412E+00     9.2941E+00     C2          9

 BOND    =        0.8008  ANGLE   =       23.8816  DIHED      =       21.6191
 VDWAALS =       -2.1242  EEL     =       72.6914  HBOND      =        0.0000
 1-4 VDW =        2.4887  1-4 EEL =      -98.4324  RESTRAINT  =        0.0000


   NSTEP       ENERGY          RMS            GMAX         NAME    NUMBER
     15       2.1061E+01     4.8673E+00     1.8956E+01     C1         13

 BOND    =        0.8181  ANGLE   =       24.0360  DIHED      =       21.6202
 VDWAALS =       -2.1256  EEL     =       72.6781  HBOND      =        0.0000
 1-4 VDW =        2.4030  1-4 EEL =      -98.3690  RESTRAINT  =        0.0000


   NSTEP       ENERGY          RMS            GMAX         NAME    NUMBER
     16       2.0764E+01     1.2890E+00     4.1472E+00     C1         13

 BOND    =        0.6501  ANGLE   =       23.9057  DIHED      =       21.6298
 VDWAALS =       -2.1266  EEL     =       72.6791  HBOND      =        0.0000
 1-4 VDW =        2.4412  1-4 EEL =      -98.4149  RESTRAINT  =        0.0000


   NSTEP       ENERGY          RMS            GMAX         NAME    NUMBER
     17       2.0750E+01     2.5113E+00     8.5146E+00     C1         13

 BOND    =        0.7941  ANGLE   =       23.7806  DIHED      =       21.6481
 VDWAALS =       -2.1290  EEL     =       72.6668  HBOND      =        0.0000
 1-4 VDW =        2.4615  1-4 EEL =      -98.4719  RESTRAINT  =        0.0000


   NSTEP       ENERGY          RMS            GMAX         NAME    NUMBER
     18       2.0748E+01     3.0597E+00     1.1883E+01     C1         13

 BOND    =        0.6937  ANGLE   =       23.9045  DIHED      =       21.6464
 VDWAALS =       -2.1298  EEL     =       72.6548  HBOND      =        0.0000
 1-4 VDW =        2.4047  1-4 EEL =      -98.4263  RESTRAINT  =        0.0000


   NSTEP       ENERGY          RMS            GMAX         NAME    NUMBER
     19       2.0768E+01     3.7372E+00     1.4010E+01     C2          9

 BOND    =        0.8756  ANGLE   =       23.7465  DIHED      =       21.6690
 VDWAALS =       -2.1315  EEL     =       72.6525  HBOND      =        0.0000
 1-4 VDW =        2.4649  1-4 EEL =      -98.5088  RESTRAINT  =        0.0000


   NSTEP       ENERGY          RMS            GMAX         NAME    NUMBER
     20       2.0587E+01     8.4143E-01     3.2478E+00     H4         17

 BOND    =        0.6860  ANGLE   =       23.7745  DIHED      =       21.6652
 VDWAALS =       -2.1315  EEL     =       72.6451  HBOND      =        0.0000
 1-4 VDW =        2.4264  1-4 EEL =      -98.4785  RESTRAINT  =        0.0000


   NSTEP       ENERGY          RMS            GMAX         NAME    NUMBER
     21       2.0532E+01     1.3873E+00     4.8671E+00     C1         13

 BOND    =        0.6440  ANGLE   =       23.8004  DIHED      =       21.6782
 VDWAALS =       -2.1336  EEL     =       72.6269  HBOND      =        0.0000
 1-4 VDW =        2.4041  1-4 EEL =      -98.4877  RESTRAINT  =        0.0000


   NSTEP       ENERGY          RMS            GMAX         NAME    NUMBER
     22       2.0577E+01     2.9706E+00     1.0436E+01     C1         13

 BOND    =        0.8780  ANGLE   =       23.6439  DIHED      =       21.7026
 VDWAALS =       -2.1349  EEL     =       72.6137  HBOND      =        0.0000
 1-4 VDW =        2.4240  1-4 EEL =      -98.5503  RESTRAINT  =        0.0000


   NSTEP       ENERGY          RMS            GMAX         NAME    NUMBER
     23       2.0463E+01     8.8584E-01     2.9705E+00     H4         17

 BOND    =        0.7087  ANGLE   =       23.7051  DIHED      =       21.6982
 VDWAALS =       -2.1352  EEL     =       72.6103  HBOND      =        0.0000
 1-4 VDW =        2.4040  1-4 EEL =      -98.5286  RESTRAINT  =        0.0000


   NSTEP       ENERGY          RMS            GMAX         NAME    NUMBER
     24       2.0440E+01     1.4048E+00     4.9221E+00     C1         13

 BOND    =        0.6472  ANGLE   =       23.7670  DIHED      =       21.7030
 VDWAALS =       -2.1365  EEL     =       72.5993  HBOND      =        0.0000
 1-4 VDW =        2.3862  1-4 EEL =      -98.5257  RESTRAINT  =        0.0000


   NSTEP       ENERGY          RMS            GMAX         NAME    NUMBER
     25       2.0435E+01     1.8943E+00     6.3815E+00     C2          9

 BOND    =        0.7904  ANGLE   =       23.6419  DIHED      =       21.7205
 VDWAALS =       -2.1372  EEL     =       72.5899  HBOND      =        0.0000
 1-4 VDW =        2.3998  1-4 EEL =      -98.5705  RESTRAINT  =        0.0000


   NSTEP       ENERGY          RMS            GMAX         NAME    NUMBER
     26       2.0429E+01     2.2002E+00     8.3407E+00     C1         13

 BOND    =        0.6610  ANGLE   =       23.7795  DIHED      =       21.7144
 VDWAALS =       -2.1380  EEL     =       72.5824  HBOND      =        0.0000
 1-4 VDW =        2.3676  1-4 EEL =      -98.5383  RESTRAINT  =        0.0000


   NSTEP       ENERGY          RMS            GMAX         NAME    NUMBER
     27       2.0441E+01     2.7501E+00     1.0384E+01     C2          9

 BOND    =        0.8540  ANGLE   =       23.6161  DIHED      =       21.7359
 VDWAALS =       -2.1388  EEL     =       72.5763  HBOND      =        0.0000
 1-4 VDW =        2.4003  1-4 EEL =      -98.6023  RESTRAINT  =        0.0000


   NSTEP       ENERGY          RMS            GMAX         NAME    NUMBER
     28       2.0341E+01     6.4859E-01     2.6815E+00     H4         17

 BOND    =        0.7025  ANGLE   =       23.6758  DIHED      =       21.7311
 VDWAALS =       -2.1390  EEL     =       72.5720  HBOND      =        0.0000
 1-4 VDW =        2.3776  1-4 EEL =      -98.5791  RESTRAINT  =        0.0000


   NSTEP       ENERGY          RMS            GMAX         NAME    NUMBER
     29       2.0309E+01     1.0621E+00     3.3384E+00     C1         13

 BOND    =        0.6626  ANGLE   =       23.7148  DIHED      =       21.7394
 VDWAALS =       -2.1406  EEL     =       72.5584  HBOND      =        0.0000
 1-4 VDW =        2.3637  1-4 EEL =      -98.5890  RESTRAINT  =        0.0000


   NSTEP       ENERGY          RMS            GMAX         NAME    NUMBER
     30       2.0328E+01     2.1520E+00     6.8754E+00     C2          9

 BOND    =        0.8375  ANGLE   =       23.5902  DIHED      =       21.7588
 VDWAALS =       -2.1413  EEL     =       72.5463  HBOND      =        0.0000
 1-4 VDW =        2.3710  1-4 EEL =      -98.6346  RESTRAINT  =        0.0000


   NSTEP       ENERGY          RMS            GMAX         NAME    NUMBER
     31       2.0266E+01     6.6235E-01     2.4636E+00     H4         17

 BOND    =        0.7174  ANGLE   =       23.6504  DIHED      =       21.7546
 VDWAALS =       -2.1417  EEL     =       72.5448  HBOND      =        0.0000
 1-4 VDW =        2.3611  1-4 EEL =      -98.6204  RESTRAINT  =        0.0000


   NSTEP       ENERGY          RMS            GMAX         NAME    NUMBER
     32       2.0248E+01     9.7463E-01     2.9548E+00     C1         13

 BOND    =        0.6696  ANGLE   =       23.6990  DIHED      =       21.7577
 VDWAALS =       -2.1428  EEL     =       72.5369  HBOND      =        0.0000
 1-4 VDW =        2.3511  1-4 EEL =      -98.6231  RESTRAINT  =        0.0000


   NSTEP       ENERGY          RMS            GMAX         NAME    NUMBER
     33       2.0243E+01     1.4067E+00     4.2307E+00     C2          9

 BOND    =        0.7804  ANGLE   =       23.6067  DIHED      =       21.7716
 VDWAALS =       -2.1433  EEL     =       72.5280  HBOND      =        0.0000
 1-4 VDW =        2.3553  1-4 EEL =      -98.6554  RESTRAINT  =        0.0000


   NSTEP       ENERGY          RMS            GMAX         NAME    NUMBER
     34       2.0236E+01     1.6084E+00     5.4463E+00     C1         13

 BOND    =        0.6649  ANGLE   =       23.7220  DIHED      =       21.7660
 VDWAALS =       -2.1442  EEL     =       72.5241  HBOND      =        0.0000
 1-4 VDW =        2.3394  1-4 EEL =      -98.6359  RESTRAINT  =        0.0000


   NSTEP       ENERGY          RMS            GMAX         NAME    NUMBER
     35       2.0240E+01     2.0160E+00     6.7978E+00     C2          9

 BOND    =        0.8293  ANGLE   =       23.5849  DIHED      =       21.7830
 VDWAALS =       -2.1446  EEL     =       72.5168  HBOND      =        0.0000
 1-4 VDW =        2.3526  1-4 EEL =      -98.6816  RESTRAINT  =        0.0000


   NSTEP       ENERGY          RMS            GMAX         NAME    NUMBER
     36       2.0185E+01     5.2430E-01     2.2260E+00     H4         17

 BOND    =        0.7147  ANGLE   =       23.6457  DIHED      =       21.7788
 VDWAALS =       -2.1450  EEL     =       72.5150  HBOND      =        0.0000
 1-4 VDW =        2.3419  1-4 EEL =      -98.6664  RESTRAINT  =        0.0000


   NSTEP       ENERGY          RMS            GMAX         NAME    NUMBER
     37       2.0162E+01     7.3929E-01     2.1436E+00     H4         17

 BOND    =        0.6854  ANGLE   =       23.6761  DIHED      =       21.7842
 VDWAALS =       -2.1462  EEL     =       72.5058  HBOND      =        0.0000
 1-4 VDW =        2.3338  1-4 EEL =      -98.6769  RESTRAINT  =        0.0000


   NSTEP       ENERGY          RMS            GMAX         NAME    NUMBER
     38       2.0165E+01     1.5141E+00     4.6185E+00     C8         11

 BOND    =        0.8014  ANGLE   =       23.5912  DIHED      =       21.7984
 VDWAALS =       -2.1469  EEL     =       72.4953  HBOND      =        0.0000
 1-4 VDW =        2.3345  1-4 EEL =      -98.7095  RESTRAINT  =        0.0000


   NSTEP       ENERGY          RMS            GMAX         NAME    NUMBER
     39       2.0133E+01     4.9832E-01     2.0601E+00     H4         17

 BOND    =        0.7212  ANGLE   =       23.6401  DIHED      =       21.7954
 VDWAALS =       -2.1473  EEL     =       72.4946  HBOND      =        0.0000
 1-4 VDW =        2.3297  1-4 EEL =      -98.7012  RESTRAINT  =        0.0000


   NSTEP       ENERGY          RMS            GMAX         NAME    NUMBER
     40       2.0117E+01     6.0960E-01     2.0034E+00     H4         17

 BOND    =        0.6945  ANGLE   =       23.6674  DIHED      =       21.7985
 VDWAALS =       -2.1481  EEL     =       72.4888  HBOND      =        0.0000
 1-4 VDW =        2.3241  1-4 EEL =      -98.7082  RESTRAINT  =        0.0000


   NSTEP       ENERGY          RMS            GMAX         NAME    NUMBER
     41       2.0108E+01     9.6788E-01     2.8367E+00     C8         11

 BOND    =        0.7642  ANGLE   =       23.6112  DIHED      =       21.8086
 VDWAALS =       -2.1487  EEL     =       72.4806  HBOND      =        0.0000
 1-4 VDW =        2.3235  1-4 EEL =      -98.7312  RESTRAINT  =        0.0000


   NSTEP       ENERGY          RMS            GMAX         NAME    NUMBER
     42       2.0104E+01     1.2349E+00     3.7049E+00     C1         13

 BOND    =        0.6776  ANGLE   =       23.6995  DIHED      =       21.8047
 VDWAALS =       -2.1496  EEL     =       72.4784  HBOND      =        0.0000
 1-4 VDW =        2.3153  1-4 EEL =      -98.7217  RESTRAINT  =        0.0000


   NSTEP       ENERGY          RMS            GMAX         NAME    NUMBER
     43       2.0102E+01     1.4591E+00     4.4502E+00     C8         11

 BOND    =        0.8021  ANGLE   =       23.5935  DIHED      =       21.8174
 VDWAALS =       -2.1498  EEL     =       72.4716  HBOND      =        0.0000
 1-4 VDW =        2.3199  1-4 EEL =      -98.7532  RESTRAINT  =        0.0000


   NSTEP       ENERGY          RMS            GMAX         NAME    NUMBER
     44       2.0105E+01     1.7860E+00     5.5641E+00     C1         13

 BOND    =        0.6761  ANGLE   =       23.7235  DIHED      =       21.8097
 VDWAALS =       -2.1508  EEL     =       72.4700  HBOND      =        0.0000
 1-4 VDW =        2.3084  1-4 EEL =      -98.7319  RESTRAINT  =        0.0000


   NSTEP       ENERGY          RMS            GMAX         NAME    NUMBER
     45       2.0061E+01     4.3916E-01     1.8266E+00     H4         17

 BOND    =        0.7111  ANGLE   =       23.6554  DIHED      =       21.8165
 VDWAALS =       -2.1507  EEL     =       72.4673  HBOND      =        0.0000
 1-4 VDW =        2.3121  1-4 EEL =      -98.7503  RESTRAINT  =        0.0000


   NSTEP       ENERGY          RMS            GMAX         NAME    NUMBER
     46       2.0044E+01     6.4302E-01     1.7646E+00     H4         17

 BOND    =        0.7468  ANGLE   =       23.6281  DIHED      =       21.8254
 VDWAALS =       -2.1517  EEL     =       72.4583  HBOND      =        0.0000
 1-4 VDW =        2.3089  1-4 EEL =      -98.7714  RESTRAINT  =        0.0000


   NSTEP       ENERGY          RMS            GMAX         NAME    NUMBER
     47       2.0049E+01     1.3889E+00     4.1464E+00     C1         13

 BOND    =        0.6797  ANGLE   =       23.7116  DIHED      =       21.8234
 VDWAALS =       -2.1528  EEL     =       72.4545  HBOND      =        0.0000
 1-4 VDW =        2.3008  1-4 EEL =      -98.7680  RESTRAINT  =        0.0000


   NSTEP       ENERGY          RMS            GMAX         NAME    NUMBER
     48       2.0023E+01     4.4057E-01     1.6956E+00     H4         17

 BOND    =        0.7118  ANGLE   =       23.6612  DIHED      =       21.8286
 VDWAALS =       -2.1528  EEL     =       72.4519  HBOND      =        0.0000
 1-4 VDW =        2.3028  1-4 EEL =      -98.7808  RESTRAINT  =        0.0000


   NSTEP       ENERGY          RMS            GMAX         NAME    NUMBER
     49       2.0012E+01     5.8944E-01     1.6565E+00     H4         17

 BOND    =        0.7470  ANGLE   =       23.6330  DIHED      =       21.8353
 VDWAALS =       -2.1534  EEL     =       72.4457  HBOND      =        0.0000
 1-4 VDW =        2.3013  1-4 EEL =      -98.7967  RESTRAINT  =        0.0000


   NSTEP       ENERGY          RMS            GMAX         NAME    NUMBER
     50       2.0008E+01     9.1779E-01     2.6329E+00     C1         13

 BOND    =        0.6921  ANGLE   =       23.6925  DIHED      =       21.8338
 VDWAALS =       -2.1542  EEL     =       72.4432  HBOND      =        0.0000
 1-4 VDW =        2.2956  1-4 EEL =      -98.7951  RESTRAINT  =        0.0000


   NSTEP       ENERGY          RMS            GMAX         NAME    NUMBER
     51       2.0004E+01     1.0813E+00     3.2292E+00     C8         11

 BOND    =        0.7837  ANGLE   =       23.6137  DIHED      =       21.8432
 VDWAALS =       -2.1544  EEL     =       72.4376  HBOND      =        0.0000
 1-4 VDW =        2.2982  1-4 EEL =      -98.8181  RESTRAINT  =        0.0000


   NSTEP       ENERGY          RMS            GMAX         NAME    NUMBER
     52       3.3283E+01     3.1808E+01     9.6487E+01     C1         13

 BOND    =       11.0512  ANGLE   =       26.6396  DIHED      =       21.7648
 VDWAALS =       -2.1657  EEL     =       72.4256  HBOND      =        0.0000
 1-4 VDW =        2.1972  1-4 EEL =      -98.6297  RESTRAINT  =        0.0000


   NSTEP       ENERGY          RMS            GMAX         NAME    NUMBER
     53       1.9986E+01     3.9077E-01     1.5711E+00     H4         17

 BOND    =        0.7194  ANGLE   =       23.6614  DIHED      =       21.8404
 VDWAALS =       -2.1548  EEL     =       72.4372  HBOND      =        0.0000
 1-4 VDW =        2.2944  1-4 EEL =      -98.8115  RESTRAINT  =        0.0000


   NSTEP       ENERGY          RMS            GMAX         NAME    NUMBER
     54       1.9982E+01     3.8693E-01     1.5559E+00     H4         17

 BOND    =        0.7192  ANGLE   =       23.6628  DIHED      =       21.8418
 VDWAALS =       -2.1551  EEL     =       72.4354  HBOND      =        0.0000
 1-4 VDW =        2.2933  1-4 EEL =      -98.8157  RESTRAINT  =        0.0000


   NSTEP       ENERGY          RMS            GMAX         NAME    NUMBER
     55       1.9941E+01     4.1789E-01     1.4192E+00     H4         17

 BOND    =        0.7184  ANGLE   =       23.6773  DIHED      =       21.8545
 VDWAALS =       -2.1575  EEL     =       72.4195  HBOND      =        0.0000
 1-4 VDW =        2.2835  1-4 EEL =      -98.8545  RESTRAINT  =        0.0000


   NSTEP       ENERGY          RMS            GMAX         NAME    NUMBER
     56       1.9783E+01     1.9929E+00     8.4409E+00     C2          9

 BOND    =        0.7740  ANGLE   =       23.9044  DIHED      =       21.9481
 VDWAALS =       -2.1723  EEL     =       72.2903  HBOND      =        0.0000
 1-4 VDW =        2.2077  1-4 EEL =      -99.1686  RESTRAINT  =        0.0000


   NSTEP       ENERGY          RMS            GMAX         NAME    NUMBER
     57       1.9870E+01     2.8985E+00     1.2212E+01     C2          9

 BOND    =        1.0549  ANGLE   =       24.1936  DIHED      =       22.0432
 VDWAALS =       -2.1807  EEL     =       72.1154  HBOND      =        0.0000
 1-4 VDW =        2.1253  1-4 EEL =      -99.4819  RESTRAINT  =        0.0000


   NSTEP       ENERGY          RMS            GMAX         NAME    NUMBER
     58       1.9699E+01     2.9497E-01     1.2003E+00     H4         17

 BOND    =        0.8251  ANGLE   =       23.9717  DIHED      =       21.9913
 VDWAALS =       -2.1770  EEL     =       72.2172  HBOND      =        0.0000
 1-4 VDW =        2.1714  1-4 EEL =      -99.3002  RESTRAINT  =        0.0000


   NSTEP       ENERGY          RMS            GMAX         NAME    NUMBER
     59       1.9696E+01     2.4736E-01     8.4281E-01     H4         17

 BOND    =        0.8300  ANGLE   =       23.9713  DIHED      =       21.9893
 VDWAALS =       -2.1773  EEL     =       72.2204  HBOND      =        0.0000
 1-4 VDW =        2.1709  1-4 EEL =      -99.3082  RESTRAINT  =        0.0000


   NSTEP       ENERGY          RMS            GMAX         NAME    NUMBER
     60       1.9694E+01     4.4807E-01     1.7632E+00     N10         4

 BOND    =        0.8426  ANGLE   =       23.9709  DIHED      =       21.9856
 VDWAALS =       -2.1779  EEL     =       72.2264  HBOND      =        0.0000
 1-4 VDW =        2.1700  1-4 EEL =      -99.3235  RESTRAINT  =        0.0000


   NSTEP       ENERGY          RMS            GMAX         NAME    NUMBER
     61       1.9685E+01     3.5373E-01     1.7276E+00     N10         4

 BOND    =        0.8396  ANGLE   =       23.9743  DIHED      =       21.9855
 VDWAALS =       -2.1791  EEL     =       72.2332  HBOND      =        0.0000
 1-4 VDW =        2.1705  1-4 EEL =      -99.3387  RESTRAINT  =        0.0000


   NSTEP       ENERGY          RMS            GMAX         NAME    NUMBER
     62       1.9681E+01     5.7602E-01     1.9467E+00     H4         17

 BOND    =        0.8411  ANGLE   =       23.9812  DIHED      =       21.9854
 VDWAALS =       -2.1809  EEL     =       72.2431  HBOND      =        0.0000
 1-4 VDW =        2.1713  1-4 EEL =      -99.3604  RESTRAINT  =        0.0000


   NSTEP       ENERGY          RMS            GMAX         NAME    NUMBER
     63       1.9664E+01     4.2128E-01     1.4974E+00     C7          5

 BOND    =        0.8154  ANGLE   =       24.0100  DIHED      =       22.0056
 VDWAALS =       -2.1846  EEL     =       72.2382  HBOND      =        0.0000
 1-4 VDW =        2.1841  1-4 EEL =      -99.4043  RESTRAINT  =        0.0000


   NSTEP       ENERGY          RMS            GMAX         NAME    NUMBER
     64       1.9663E+01     5.1877E-01     2.1570E+00     N10         4

 BOND    =        0.8102  ANGLE   =       24.0199  DIHED      =       22.0113
 VDWAALS =       -2.1857  EEL     =       72.2368  HBOND      =        0.0000
 1-4 VDW =        2.1878  1-4 EEL =      -99.4168  RESTRAINT  =        0.0000


   NSTEP       ENERGY          RMS            GMAX         NAME    NUMBER
     65       1.9647E+01     4.2967E-01     1.5712E+00     N10         4

 BOND    =        0.7810  ANGLE   =       24.0422  DIHED      =       22.0067
 VDWAALS =       -2.1885  EEL     =       72.2370  HBOND      =        0.0000
 1-4 VDW =        2.2008  1-4 EEL =      -99.4325  RESTRAINT  =        0.0000


   NSTEP       ENERGY          RMS            GMAX         NAME    NUMBER
     66       1.9646E+01     5.1777E-01     1.7566E+00     C7          5

 BOND    =        0.7756  ANGLE   =       24.0488  DIHED      =       22.0059
 VDWAALS =       -2.1892  EEL     =       72.2370  HBOND      =        0.0000
 1-4 VDW =        2.2039  1-4 EEL =      -99.4360  RESTRAINT  =        0.0000


   NSTEP       ENERGY          RMS            GMAX         NAME    NUMBER
     67       1.9641E+01     7.3448E-01     2.3382E+00     C7          5

 BOND    =        0.7175  ANGLE   =       24.0599  DIHED      =       21.9825
 VDWAALS =       -2.1913  EEL     =       72.2550  HBOND      =        0.0000
 1-4 VDW =        2.2217  1-4 EEL =      -99.4044  RESTRAINT  =        0.0000


   NSTEP       ENERGY          RMS            GMAX         NAME    NUMBER
     68       1.9636E+01     3.7417E-01     1.1892E+00     C7          5

 BOND    =        0.7380  ANGLE   =       24.0529  DIHED      =       21.9912
 VDWAALS =       -2.1904  EEL     =       72.2476  HBOND      =        0.0000
 1-4 VDW =        2.2143  1-4 EEL =      -99.4177  RESTRAINT  =        0.0000


   NSTEP       ENERGY          RMS            GMAX         NAME    NUMBER
     69       1.9630E+01     3.4933E-01     1.3430E+00     C9          7

 BOND    =        0.7584  ANGLE   =       24.0229  DIHED      =       21.9809
 VDWAALS =       -2.1904  EEL     =       72.2559  HBOND      =        0.0000
 1-4 VDW =        2.2093  1-4 EEL =      -99.4070  RESTRAINT  =        0.0000


   NSTEP       ENERGY          RMS            GMAX         NAME    NUMBER
     70       1.9630E+01     3.7134E-01     1.4188E+00     C9          7

 BOND    =        0.7600  ANGLE   =       24.0210  DIHED      =       21.9803
 VDWAALS =       -2.1904  EEL     =       72.2564  HBOND      =        0.0000
 1-4 VDW =        2.2090  1-4 EEL =      -99.4063  RESTRAINT  =        0.0000


   NSTEP       ENERGY          RMS            GMAX         NAME    NUMBER
     71       1.9624E+01     3.4186E-01     1.0253E+00     C11         2

 BOND    =        0.7632  ANGLE   =       24.0087  DIHED      =       21.9680
 VDWAALS =       -2.1909  EEL     =       72.2618  HBOND      =        0.0000
 1-4 VDW =        2.2089  1-4 EEL =      -99.3959  RESTRAINT  =        0.0000


   NSTEP       ENERGY          RMS            GMAX         NAME    NUMBER
     72       1.9624E+01     3.8038E-01     1.0937E+00     C11         2

 BOND    =        0.7640  ANGLE   =       24.0074  DIHED      =       21.9665
 VDWAALS =       -2.1910  EEL     =       72.2624  HBOND      =        0.0000
 1-4 VDW =        2.2089  1-4 EEL =      -99.3947  RESTRAINT  =        0.0000


   NSTEP       ENERGY          RMS            GMAX         NAME    NUMBER
     73       1.9616E+01     3.6758E-01     8.9830E-01     H102       27

 BOND    =        0.7534  ANGLE   =       24.0309  DIHED      =       21.9577
 VDWAALS =       -2.1919  EEL     =       72.2551  HBOND      =        0.0000
 1-4 VDW =        2.2075  1-4 EEL =      -99.3972  RESTRAINT  =        0.0000


   NSTEP       ENERGY          RMS            GMAX         NAME    NUMBER
     74       1.9615E+01     4.6944E-01     1.0968E+00     C12         3

 BOND    =        0.7512  ANGLE   =       24.0391  DIHED      =       21.9550
 VDWAALS =       -2.1922  EEL     =       72.2528  HBOND      =        0.0000
 1-4 VDW =        2.2071  1-4 EEL =      -99.3979  RESTRAINT  =        0.0000


   NSTEP       ENERGY          RMS            GMAX         NAME    NUMBER
     75       1.9602E+01     4.0613E-01     1.1061E+00     H102       27

 BOND    =        0.7662  ANGLE   =       24.0453  DIHED      =       21.9523
 VDWAALS =       -2.1935  EEL     =       72.2400  HBOND      =        0.0000
 1-4 VDW =        2.2079  1-4 EEL =      -99.4167  RESTRAINT  =        0.0000


   NSTEP       ENERGY          RMS            GMAX         NAME    NUMBER
     76       1.9598E+01     2.9122E-01     9.6476E-01     H102       27

 BOND    =        0.7646  ANGLE   =       24.0437  DIHED      =       21.9543
 VDWAALS =       -2.1935  EEL     =       72.2386  HBOND      =        0.0000
 1-4 VDW =        2.2076  1-4 EEL =      -99.4172  RESTRAINT  =        0.0000


   NSTEP       ENERGY          RMS            GMAX         NAME    NUMBER
     77       1.9595E+01     2.3445E-01     8.2057E-01     H102       27

 BOND    =        0.7690  ANGLE   =       24.0373  DIHED      =       21.9585
 VDWAALS =       -2.1935  EEL     =       72.2354  HBOND      =        0.0000
 1-4 VDW =        2.2088  1-4 EEL =      -99.4207  RESTRAINT  =        0.0000


   NSTEP       ENERGY          RMS            GMAX         NAME    NUMBER
     78       1.9592E+01     1.9747E-01     7.0228E-01     H102       27

 BOND    =        0.7709  ANGLE   =       24.0346  DIHED      =       21.9639
 VDWAALS =       -2.1934  EEL     =       72.2305  HBOND      =        0.0000
 1-4 VDW =        2.2103  1-4 EEL =      -99.4252  RESTRAINT  =        0.0000


   NSTEP       ENERGY          RMS            GMAX         NAME    NUMBER
     79       1.9588E+01     1.7403E-01     5.6800E-01     H102       27

 BOND    =        0.7730  ANGLE   =       24.0327  DIHED      =       21.9701
 VDWAALS =       -2.1933  EEL     =       72.2254  HBOND      =        0.0000
 1-4 VDW =        2.2109  1-4 EEL =      -99.4306  RESTRAINT  =        0.0000


   NSTEP       ENERGY          RMS            GMAX         NAME    NUMBER
     80       4.1797E+01     2.8977E+01     1.0507E+02     C9          7

 BOND    =        9.7229  ANGLE   =       37.4219  DIHED      =       24.2343
 VDWAALS =       -2.1222  EEL     =       70.7492  HBOND      =        0.0000
 1-4 VDW =        2.1107  1-4 EEL =     -100.3198  RESTRAINT  =        0.0000


   NSTEP       ENERGY          RMS            GMAX         NAME    NUMBER
     81       1.9577E+01     6.0387E-01     2.2057E+00     C9          7

 BOND    =        0.7775  ANGLE   =       24.0486  DIHED      =       22.0009
 VDWAALS =       -2.1922  EEL     =       72.1919  HBOND      =        0.0000
 1-4 VDW =        2.2047  1-4 EEL =      -99.4540  RESTRAINT  =        0.0000


   NSTEP       ENERGY          RMS            GMAX         NAME    NUMBER
     82       1.9568E+01     3.7931E-01     1.3243E+00     H4         17

 BOND    =        0.8011  ANGLE   =       24.0413  DIHED      =       22.0288
 VDWAALS =       -2.1912  EEL     =       72.1656  HBOND      =        0.0000
 1-4 VDW =        2.2046  1-4 EEL =      -99.4824  RESTRAINT  =        0.0000


   NSTEP       ENERGY          RMS            GMAX         NAME    NUMBER
     83       1.9568E+01     3.3578E-01     1.2552E+00     H4         17

 BOND    =        0.7980  ANGLE   =       24.0416  DIHED      =       22.0259
 VDWAALS =       -2.1913  EEL     =       72.1682  HBOND      =        0.0000
 1-4 VDW =        2.2046  1-4 EEL =      -99.4795  RESTRAINT  =        0.0000


   NSTEP       ENERGY          RMS            GMAX         NAME    NUMBER
     84       1.9563E+01     2.9599E-01     1.1324E+00     H4         17

 BOND    =        0.8059  ANGLE   =       24.0415  DIHED      =       22.0248
 VDWAALS =       -2.1909  EEL     =       72.1634  HBOND      =        0.0000
 1-4 VDW =        2.1983  1-4 EEL =      -99.4805  RESTRAINT  =        0.0000


   NSTEP       ENERGY          RMS            GMAX         NAME    NUMBER
     85       1.9560E+01     5.4709E-01     1.7619E+00     C7          5

 BOND    =        0.8215  ANGLE   =       24.0426  DIHED      =       22.0233
 VDWAALS =       -2.1902  EEL     =       72.1558  HBOND      =        0.0000
 1-4 VDW =        2.1887  1-4 EEL =      -99.4819  RESTRAINT  =        0.0000


   NSTEP       ENERGY          RMS            GMAX         NAME    NUMBER
     86       1.9547E+01     3.3996E-01     8.9152E-01     N10         4

 BOND    =        0.8274  ANGLE   =       24.0443  DIHED      =       22.0180
 VDWAALS =       -2.1893  EEL     =       72.1418  HBOND      =        0.0000
 1-4 VDW =        2.1812  1-4 EEL =      -99.4764  RESTRAINT  =        0.0000


   NSTEP       ENERGY          RMS            GMAX         NAME    NUMBER
     87       1.9541E+01     2.9070E-01     7.4584E-01     C7          5

 BOND    =        0.8392  ANGLE   =       24.0518  DIHED      =       22.0125
 VDWAALS =       -2.1881  EEL     =       72.1226  HBOND      =        0.0000
 1-4 VDW =        2.1711  1-4 EEL =      -99.4684  RESTRAINT  =        0.0000


   NSTEP       ENERGY          RMS            GMAX         NAME    NUMBER
     88       1.9537E+01     4.9269E-01     1.4927E+00     C6         10

 BOND    =        0.8231  ANGLE   =       24.0682  DIHED      =       22.0015
 VDWAALS =       -2.1876  EEL     =       72.1219  HBOND      =        0.0000
 1-4 VDW =        2.1699  1-4 EEL =      -99.4600  RESTRAINT  =        0.0000


   NSTEP       ENERGY          RMS            GMAX         NAME    NUMBER
     89       1.9537E+01     3.7509E-01     1.1387E+00     C6         10

 BOND    =        0.8259  ANGLE   =       24.0642  DIHED      =       22.0039
 VDWAALS =       -2.1877  EEL     =       72.1221  HBOND      =        0.0000
 1-4 VDW =        2.1702  1-4 EEL =      -99.4619  RESTRAINT  =        0.0000


   NSTEP       ENERGY          RMS            GMAX         NAME    NUMBER
     90       1.9530E+01     2.9448E-01     1.4515E+00     N10         4

 BOND    =        0.8233  ANGLE   =       24.0620  DIHED      =       21.9982
 VDWAALS =       -2.1877  EEL     =       72.1203  HBOND      =        0.0000
 1-4 VDW =        2.1728  1-4 EEL =      -99.4589  RESTRAINT  =        0.0000


   NSTEP       ENERGY          RMS            GMAX         NAME    NUMBER
     91       1.9527E+01     4.7265E-01     2.2414E+00     N10         4

 BOND    =        0.8220  ANGLE   =       24.0612  DIHED      =       21.9916
 VDWAALS =       -2.1876  EEL     =       72.1177  HBOND      =        0.0000
 1-4 VDW =        2.1764  1-4 EEL =      -99.4546  RESTRAINT  =        0.0000


   NSTEP       ENERGY          RMS            GMAX         NAME    NUMBER
     92       1.9515E+01     4.6903E-01     1.4092E+00     H4         17

 BOND    =        0.8257  ANGLE   =       24.0553  DIHED      =       21.9873
 VDWAALS =       -2.1878  EEL     =       72.1111  HBOND      =        0.0000
 1-4 VDW =        2.1772  1-4 EEL =      -99.4535  RESTRAINT  =        0.0000


   NSTEP       ENERGY          RMS            GMAX         NAME    NUMBER
     93       1.9515E+01     5.3610E-01     1.5431E+00     H4         17

 BOND    =        0.8271  ANGLE   =       24.0548  DIHED      =       21.9868
 VDWAALS =       -2.1879  EEL     =       72.1101  HBOND      =        0.0000
 1-4 VDW =        2.1774  1-4 EEL =      -99.4533  RESTRAINT  =        0.0000


   NSTEP       ENERGY          RMS            GMAX         NAME    NUMBER
     94       1.9497E+01     4.9174E-01     1.3889E+00     C11         2

 BOND    =        0.8127  ANGLE   =       24.0663  DIHED      =       21.9767
 VDWAALS =       -2.1889  EEL     =       72.1138  HBOND      =        0.0000
 1-4 VDW =        2.1790  1-4 EEL =      -99.4621  RESTRAINT  =        0.0000


   NSTEP       ENERGY          RMS            GMAX         NAME    NUMBER
     95       1.9491E+01     8.4628E-01     2.3199E+00     C2          9

 BOND    =        0.8031  ANGLE   =       24.0836  DIHED      =       21.9658
 VDWAALS =       -2.1899  EEL     =       72.1176  HBOND      =        0.0000
 1-4 VDW =        2.1807  1-4 EEL =      -99.4701  RESTRAINT  =        0.0000


   NSTEP       ENERGY          RMS            GMAX         NAME    NUMBER
     96       1.9456E+01     5.8774E-01     1.9675E+00     N10         4

 BOND    =        0.7956  ANGLE   =       24.0628  DIHED      =       21.9475
 VDWAALS =       -2.1912  EEL     =       72.1305  HBOND      =        0.0000
 1-4 VDW =        2.1793  1-4 EEL =      -99.4689  RESTRAINT  =        0.0000


   NSTEP       ENERGY          RMS            GMAX         NAME    NUMBER
     97       1.9447E+01     8.1541E-01     2.7564E+00     N10         4

 BOND    =        0.7967  ANGLE   =       24.0537  DIHED      =       21.9343
 VDWAALS =       -2.1920  EEL     =       72.1400  HBOND      =        0.0000
 1-4 VDW =        2.1781  1-4 EEL =      -99.4634  RESTRAINT  =        0.0000


   NSTEP       ENERGY          RMS            GMAX         NAME    NUMBER
     98       1.9415E+01     8.6412E-01     2.7457E+00     C12         3

 BOND    =        0.6862  ANGLE   =       24.0713  DIHED      =       21.9333
 VDWAALS =       -2.1928  EEL     =       72.1546  HBOND      =        0.0000
 1-4 VDW =        2.1857  1-4 EEL =      -99.4230  RESTRAINT  =        0.0000


   NSTEP       ENERGY          RMS            GMAX         NAME    NUMBER
     99       1.9414E+01     7.0764E-01     2.1800E+00     C12         3

 BOND    =        0.7016  ANGLE   =       24.0664  DIHED      =       21.9333
 VDWAALS =       -2.1927  EEL     =       72.1522  HBOND      =        0.0000
 1-4 VDW =        2.1845  1-4 EEL =      -99.4313  RESTRAINT  =        0.0000


   NSTEP       ENERGY          RMS            GMAX         NAME    NUMBER
    100       1.9380E+01     5.5957E-01     1.6941E+00     C1         13

 BOND    =        0.6973  ANGLE   =       24.0031  DIHED      =       21.9475
 VDWAALS =       -2.1931  EEL     =       72.1395  HBOND      =        0.0000
 1-4 VDW =        2.2056  1-4 EEL =      -99.4199  RESTRAINT  =        0.0000


  Maximum number of minimization cycles reached.


                    FINAL RESULTS



   NSTEP       ENERGY          RMS            GMAX         NAME    NUMBER
    100       1.9380E+01     5.5957E-01     1.6941E+00     C1         13

 BOND    =        0.6973  ANGLE   =       24.0031  DIHED      =       21.9475
 VDWAALS =       -2.1931  EEL     =       72.1395  HBOND      =        0.0000
 1-4 VDW =        2.2056  1-4 EEL =      -99.4199  RESTRAINT  =        0.0000

--------------------------------------------------------------------------------
   5.  TIMINGS
--------------------------------------------------------------------------------

|    Read coords time           0.01 ( 1.92% of Total)
|    Fast Water setup           0.00 ( 0.01% of Total)
|                Build the list             0.00 (89.49% of List )
|                Other                      0.00 (10.51% of List )
|             List time                  0.00 (10.55% of Nonbo)
|                   Short_ene time             0.01 (97.96% of Direc)
|                   Other                      0.00 ( 2.04% of Direc)
|                Direct Ewald time          0.01 (91.21% of Ewald)
|                Force Adjust               0.00 ( 0.25% of Ewald)
|                Virial junk                0.00 ( 0.62% of Ewald)
|                Start synchronizatio       0.00 ( 0.50% of Ewald)
|                Other                      0.00 ( 7.42% of Ewald)
|             Ewald time                 0.01 (88.45% of Nonbo)
|             IPS excludes               0.00 ( 0.22% of Nonbo)
|             Other                      0.00 ( 0.79% of Nonbo)
|          Nonbond force              0.02 (62.05% of Force)
|          Bond/Angle/Dihedral        0.01 (35.77% of Force)
|          Other                      0.00 ( 2.18% of Force)
|       Force time                 0.03 (100.0% of Runmd)
|    Runmd Time                 0.03 ( 9.25% of Total)
|    Other                      0.26 (88.82% of Total)
| Total time                 0.29 (100.0% of ALL  )

| Number of list builds   :          1

| Highest rstack allocated:         95
| Highest istack allocated:         19
|           Job began  at 18:37:35.000  on 12/05/2014
|           Setup done at 18:37:35.024  on 12/05/2014
|           Run   done at 18:37:35.290  on 12/05/2014
|     wallclock() was called    2335 times
