
          -------------------------------------------------------
          Amber 14 SANDER                              2014
          -------------------------------------------------------

| Run on 12/05/2014 at 20:30:18

|   Executable path: sander
| Working directory: /net/casegroup2/u2/pjanowsk/Phenix/AmberLibrary/e
|          Hostname: krakow

  [-O]verwriting output

File Assignments:
|  MDIN: sander.in                                                             
| MDOUT: E49.min.out                                                           
|INPCRD: E49.rst7                                                              
|  PARM: E49.prmtop                                                            
|RESTRT: E49.min.rst7                                                          
|  REFC: refc                                                                  
| MDVEL: mdvel                                                                 
| MDFRC: mdfrc                                                                 
|  MDEN: mden                                                                  
| MDCRD: mdcrd                                                                 
|MDINFO: mdinfo                                                                
|  MTMD: mtmd                                                                  
|INPDIP: inpdip                                                                
|RSTDIP: rstdip                                                                
|INPTRA: inptraj                                                               


 Here is the input file:

  short minimization                                                           
 &cntrl                                                                        
   imin=1, maxcyc=100, ncyc=50, ntpr=1, cut=99., ntb=0,                        
 /                                                                             

--------------------------------------------------------------------------------
   1.  RESOURCE   USE: 
--------------------------------------------------------------------------------

| Flags:                                                                        
|    NONPERIODIC   ntb=0 and igb=0: Setting up nonperiodic simulation
|  *** cutoff > system size, list only builds once
|Largest sphere to fit in unit cell has radius =    33.062
| New format PARM file being parsed.
| Version =    1.000 Date = 12/05/14 Time = 20:30:18
 NATOM  =      38 NTYPES =      11 NBONH =      15 MBONA  =      24
 NTHETH =      31 MTHETA =      36 NPHIH =      44 MPHIA  =      48
 NHPARM =       0 NPARM  =       0 NNB   =     188 NRES   =       1
 NBONA  =      24 NTHETA =      36 NPHIA =      48 NUMBND =      19
 NUMANG =      40 NPTRA  =      10 NATYP =      13 NPHB   =       0
 IFBOX  =       0 NMXRS  =      38 IFCAP =       0 NEXTRA =       0
 NCOPY  =       0


|     Memory Use     Allocated
|     Real                7378
|     Hollerith            117
|     Integer            25833
|     Max Pairs            703
|     nblistReal           456
|     nblist Int       1061028
|       Total             4309 kbytes

| Note: 1-4 EEL scale factors are being read from the topology file.

| Note: 1-4 VDW scale factors are being read from the topology file.
| Duplicated    0 dihedrals
| Duplicated    0 dihedrals

--------------------------------------------------------------------------------
   2.  CONTROL  DATA  FOR  THE  RUN
--------------------------------------------------------------------------------

E49                                                                             

General flags:
     imin    =       1, nmropt  =       0

Nature and format of input:
     ntx     =       1, irest   =       0, ntrx    =       1

Nature and format of output:
     ntxo    =       1, ntpr    =       1, ntrx    =       1, ntwr    =     500
     iwrap   =       0, ntwx    =       0, ntwv    =       0, ntwe    =       0
     ioutfm  =       0, ntwprt  =       0, idecomp =       0, rbornstat=      0

Potential function:
     ntf     =       1, ntb     =       0, igb     =       0, nsnb    =      25
     ipol    =       0, gbsa    =       0, iesp    =       0
     dielc   =   1.00000, cut     =  99.00000, intdiel =   1.00000

Frozen or restrained atoms:
     ibelly  =       0, ntr     =       0

Energy minimization:
     maxcyc  =     100, ncyc    =      50, ntmin   =       1
     dx0     =   0.01000, drms    =   0.00010
|  INFO: Old style inpcrd file read


--------------------------------------------------------------------------------
   3.  ATOMIC COORDINATES AND VELOCITIES
--------------------------------------------------------------------------------

E49                                                                             
 begin time read from input coords =     0.000 ps

 Number of triangulated 3-point waters found:        0

     Sum of charges from parm topology file =   0.99900199

--------------------------------------------------------------------------------
   4.  RESULTS
--------------------------------------------------------------------------------

 ---------------------------------------------------

     eedmeth=4: Setting switch to one everywhere

 ---------------------------------------------------
| Local SIZE OF NONBOND LIST =        521
| TOTAL SIZE OF NONBOND LIST =        521


   NSTEP       ENERGY          RMS            GMAX         NAME    NUMBER
      1       1.5245E+02     6.5164E+01     3.0082E+02     C5          5

 BOND    =       84.8474  ANGLE   =      161.2011  DIHED      =      122.7518
 VDWAALS =       13.1847  EEL     =       38.6591  HBOND      =        0.0000
 1-4 VDW =        6.7522  1-4 EEL =     -274.9457  RESTRAINT  =        0.0000


   NSTEP       ENERGY          RMS            GMAX         NAME    NUMBER
      2       1.4900E+02     6.4119E+01     2.9700E+02     C5          5

 BOND    =       82.5395  ANGLE   =      160.1930  DIHED      =      122.7063
 VDWAALS =       13.0512  EEL     =       38.6477  HBOND      =        0.0000
 1-4 VDW =        6.7791  1-4 EEL =     -274.9170  RESTRAINT  =        0.0000


   NSTEP       ENERGY          RMS            GMAX         NAME    NUMBER
      3       1.4493E+02     6.2877E+01     2.9244E+02     C5          5

 BOND    =       79.8381  ANGLE   =      158.9881  DIHED      =      122.6513
 VDWAALS =       12.8912  EEL     =       38.6341  HBOND      =        0.0000
 1-4 VDW =        6.8121  1-4 EEL =     -274.8827  RESTRAINT  =        0.0000


   NSTEP       ENERGY          RMS            GMAX         NAME    NUMBER
      4       1.4016E+02     6.1405E+01     2.8698E+02     C5          5

 BOND    =       76.6934  ANGLE   =      157.5491  DIHED      =      122.5847
 VDWAALS =       12.6993  EEL     =       38.6181  HBOND      =        0.0000
 1-4 VDW =        6.8526  1-4 EEL =     -274.8421  RESTRAINT  =        0.0000


   NSTEP       ENERGY          RMS            GMAX         NAME    NUMBER
      5       1.3457E+02     5.9667E+01     2.8047E+02     C5          5

 BOND    =       73.0573  ANGLE   =      155.8324  DIHED      =      122.5039
 VDWAALS =       12.4694  EEL     =       38.5992  HBOND      =        0.0000
 1-4 VDW =        6.9028  1-4 EEL =     -274.7939  RESTRAINT  =        0.0000


   NSTEP       ENERGY          RMS            GMAX         NAME    NUMBER
      6       1.2808E+02     5.7624E+01     2.7271E+02     C5          5

 BOND    =       68.8882  ANGLE   =      153.7866  DIHED      =      122.4057
 VDWAALS =       12.1939  EEL     =       38.5771  HBOND      =        0.0000
 1-4 VDW =        6.9652  1-4 EEL =     -274.7370  RESTRAINT  =        0.0000


   NSTEP       ENERGY          RMS            GMAX         NAME    NUMBER
      7       1.2058E+02     5.5233E+01     2.6348E+02     C5          5

 BOND    =       64.1582  ANGLE   =      151.3522  DIHED      =      122.2859
 VDWAALS =       11.8641  EEL     =       38.5515  HBOND      =        0.0000
 1-4 VDW =        7.0433  1-4 EEL =     -274.6703  RESTRAINT  =        0.0000


   NSTEP       ENERGY          RMS            GMAX         NAME    NUMBER
      8       1.1200E+02     5.2456E+01     2.5254E+02     C5          5

 BOND    =       58.8633  ANGLE   =      148.4608  DIHED      =      122.1390
 VDWAALS =       11.4694  EEL     =       38.5220  HBOND      =        0.0000
 1-4 VDW =        7.1418  1-4 EEL =     -274.5926  RESTRAINT  =        0.0000


   NSTEP       ENERGY          RMS            GMAX         NAME    NUMBER
      9       1.0228E+02     4.9261E+01     2.3960E+02     C5          5

 BOND    =       53.0357  ANGLE   =      145.0348  DIHED      =      121.9580
 VDWAALS =       10.9976  EEL     =       38.4887  HBOND      =        0.0000
 1-4 VDW =        7.2671  1-4 EEL =     -274.5030  RESTRAINT  =        0.0000


   NSTEP       ENERGY          RMS            GMAX         NAME    NUMBER
     10       9.1394E+01     4.5632E+01     2.2440E+02     C5          5

 BOND    =       46.7599  ANGLE   =      140.9885  DIHED      =      121.7334
 VDWAALS =       10.4345  EEL     =       38.4520  HBOND      =        0.0000
 1-4 VDW =        7.4278  1-4 EEL =     -274.4018  RESTRAINT  =        0.0000


   NSTEP       ENERGY          RMS            GMAX         NAME    NUMBER
     11       7.9395E+01     4.1579E+01     2.0666E+02     C5          5

 BOND    =       40.1877  ANGLE   =      136.2320  DIHED      =      121.4523
 VDWAALS =        9.7641  EEL     =       38.4133  HBOND      =        0.0000
 1-4 VDW =        7.6363  1-4 EEL =     -274.2906  RESTRAINT  =        0.0000


   NSTEP       ENERGY          RMS            GMAX         NAME    NUMBER
     12       6.6404E+01     3.7154E+01     1.8620E+02     C5          5

 BOND    =       33.5461  ANGLE   =      130.6809  DIHED      =      121.0964
 VDWAALS =        8.9695  EEL     =       38.3755  HBOND      =        0.0000
 1-4 VDW =        7.9097  1-4 EEL =     -274.1746  RESTRAINT  =        0.0000


   NSTEP       ENERGY          RMS            GMAX         NAME    NUMBER
     13       5.2632E+01     3.2456E+01     1.6299E+02     C5          5

 BOND    =       27.1287  ANGLE   =      124.2787  DIHED      =      120.6399
 VDWAALS =        8.0342  EEL     =       38.3444  HBOND      =        0.0000
 1-4 VDW =        8.2720  1-4 EEL =     -274.0659  RESTRAINT  =        0.0000


   NSTEP       ENERGY          RMS            GMAX         NAME    NUMBER
     14       3.8388E+01     2.7609E+01     1.3729E+02     C5          5

 BOND    =       21.2562  ANGLE   =      117.0418  DIHED      =      120.0454
 VDWAALS =        6.9461  EEL     =       38.3302  HBOND      =        0.0000
 1-4 VDW =        8.7563  1-4 EEL =     -273.9884  RESTRAINT  =        0.0000


   NSTEP       ENERGY          RMS            GMAX         NAME    NUMBER
     15       2.4085E+01     2.2706E+01     1.0974E+02     C5          5

 BOND    =       16.2179  ANGLE   =      109.1368  DIHED      =      119.2581
 VDWAALS =        5.7023  EEL     =       38.3501  HBOND      =        0.0000
 1-4 VDW =        9.4079  1-4 EEL =     -273.9883  RESTRAINT  =        0.0000


   NSTEP       ENERGY          RMS            GMAX         NAME    NUMBER
     16       1.0295E+01     1.7781E+01     8.9267E+01     C18        18

 BOND    =       12.2428  ANGLE   =      100.9746  DIHED      =      118.1962
 VDWAALS =        4.3144  EEL     =       38.4289  HBOND      =        0.0000
 1-4 VDW =       10.2860  1-4 EEL =     -274.1483  RESTRAINT  =        0.0000


   NSTEP       ENERGY          RMS            GMAX         NAME    NUMBER
     17      -2.2214E+00     1.2995E+01     6.5766E+01     C18        18

 BOND    =        9.5203  ANGLE   =       93.2686  DIHED      =      116.7325
 VDWAALS =        2.8113  EEL     =       38.5986  HBOND      =        0.0000
 1-4 VDW =       11.4618  1-4 EEL =     -274.6146  RESTRAINT  =        0.0000


   NSTEP       ENERGY          RMS            GMAX         NAME    NUMBER
     18      -1.2755E+01     8.8808E+00     4.1169E+01     C18        18

 BOND    =        8.0986  ANGLE   =       87.0172  DIHED      =      114.6785
 VDWAALS =        1.2607  EEL     =       38.8905  HBOND      =        0.0000
 1-4 VDW =       12.9381  1-4 EEL =     -275.6390  RESTRAINT  =        0.0000


   NSTEP       ENERGY          RMS            GMAX         NAME    NUMBER
     19      -2.1217E+01     5.9839E+00     2.0860E+01     C18        18

 BOND    =        7.7255  ANGLE   =       83.3944  DIHED      =      111.8794
 VDWAALS =       -0.1394  EEL     =       39.2968  HBOND      =        0.0000
 1-4 VDW =       14.1736  1-4 EEL =     -277.5468  RESTRAINT  =        0.0000


   NSTEP       ENERGY          RMS            GMAX         NAME    NUMBER
     20      -2.7988E+01     4.2193E+00     1.6989E+01     O20        20

 BOND    =        8.0466  ANGLE   =       82.8854  DIHED      =      108.6220
 VDWAALS =       -1.0147  EEL     =       39.5787  HBOND      =        0.0000
 1-4 VDW =       14.1044  1-4 EEL =     -280.2107  RESTRAINT  =        0.0000


   NSTEP       ENERGY          RMS            GMAX         NAME    NUMBER
     21      -3.0372E+01     1.3138E+01     6.6890E+01     C6          6

 BOND    =       11.3983  ANGLE   =       83.3779  DIHED      =      105.4414
 VDWAALS =       -1.2342  EEL     =       39.4657  HBOND      =        0.0000
 1-4 VDW =       14.7123  1-4 EEL =     -283.5335  RESTRAINT  =        0.0000


   NSTEP       ENERGY          RMS            GMAX         NAME    NUMBER
     22       1.3348E+00     4.6460E+01     2.3826E+02     C6          6

 BOND    =       38.5944  ANGLE   =       90.6686  DIHED      =      105.0769
 VDWAALS =       -1.0297  EEL     =       39.8162  HBOND      =        0.0000
 1-4 VDW =       12.9420  1-4 EEL =     -284.7334  RESTRAINT  =        0.0000


   NSTEP       ENERGY          RMS            GMAX         NAME    NUMBER
     23      -3.0410E+01     1.5805E+01     8.4006E+01     C6          6

 BOND    =       12.1999  ANGLE   =       85.1266  DIHED      =      104.8279
 VDWAALS =       -1.0859  EEL     =       39.5907  HBOND      =        0.0000
 1-4 VDW =       13.7188  1-4 EEL =     -284.7884  RESTRAINT  =        0.0000


   NSTEP       ENERGY          RMS            GMAX         NAME    NUMBER
     24      -2.8010E+01     2.1002E+01     1.0883E+02     C6          6

 BOND    =       16.5431  ANGLE   =       83.5981  DIHED      =      104.3221
 VDWAALS =       -1.1503  EEL     =       39.4442  HBOND      =        0.0000
 1-4 VDW =       14.5973  1-4 EEL =     -285.3648  RESTRAINT  =        0.0000


   NSTEP       ENERGY          RMS            GMAX         NAME    NUMBER
     25      -3.5181E+01     3.3763E+00     1.3142E+01     C6          6

 BOND    =        9.3281  ANGLE   =       84.3230  DIHED      =      104.2747
 VDWAALS =       -1.1133  EEL     =       39.5856  HBOND      =        0.0000
 1-4 VDW =       14.0549  1-4 EEL =     -285.6336  RESTRAINT  =        0.0000


   NSTEP       ENERGY          RMS            GMAX         NAME    NUMBER
     26      -3.3944E+01     1.2443E+01     7.0536E+01     C6          6

 BOND    =       11.1432  ANGLE   =       85.8117  DIHED      =      103.4106
 VDWAALS =       -1.0085  EEL     =       39.5430  HBOND      =        0.0000
 1-4 VDW =       14.0830  1-4 EEL =     -286.9274  RESTRAINT  =        0.0000


   NSTEP       ENERGY          RMS            GMAX         NAME    NUMBER
     27      -3.6605E+01     2.9239E+00     1.1012E+01     O20        20

 BOND    =        9.4967  ANGLE   =       85.1386  DIHED      =      103.2581
 VDWAALS =       -1.0182  EEL     =       39.5561  HBOND      =        0.0000
 1-4 VDW =       14.1442  1-4 EEL =     -287.1810  RESTRAINT  =        0.0000


   NSTEP       ENERGY          RMS            GMAX         NAME    NUMBER
     28      -3.6828E+01     5.9863E+00     3.0173E+01     C6          6

 BOND    =       10.6129  ANGLE   =       85.6096  DIHED      =      102.7008
 VDWAALS =       -0.9981  EEL     =       39.6787  HBOND      =        0.0000
 1-4 VDW =       13.8719  1-4 EEL =     -288.3042  RESTRAINT  =        0.0000


   NSTEP       ENERGY          RMS            GMAX         NAME    NUMBER
     29      -3.6646E+01     8.3524E+00     4.6461E+01     C6          6

 BOND    =       10.4066  ANGLE   =       86.3711  DIHED      =      102.3863
 VDWAALS =       -0.9418  EEL     =       39.5672  HBOND      =        0.0000
 1-4 VDW =       14.2031  1-4 EEL =     -288.6384  RESTRAINT  =        0.0000


   NSTEP       ENERGY          RMS            GMAX         NAME    NUMBER
     30      -3.7924E+01     2.3043E+00     1.0207E+01     O20        20

 BOND    =        9.9174  ANGLE   =       86.0149  DIHED      =      102.2555
 VDWAALS =       -0.9376  EEL     =       39.6011  HBOND      =        0.0000
 1-4 VDW =       14.1064  1-4 EEL =     -288.8818  RESTRAINT  =        0.0000


   NSTEP       ENERGY          RMS            GMAX         NAME    NUMBER
     31      -3.8392E+01     3.2722E+00     1.0155E+01     N3          3

 BOND    =       10.3866  ANGLE   =       86.5799  DIHED      =      101.7902
 VDWAALS =       -0.9064  EEL     =       39.6877  HBOND      =        0.0000
 1-4 VDW =       13.8580  1-4 EEL =     -289.7879  RESTRAINT  =        0.0000


   NSTEP       ENERGY          RMS            GMAX         NAME    NUMBER
     32      -3.8439E+01     5.6904E+00     2.3967E+01     C2          2

 BOND    =       10.5164  ANGLE   =       86.8475  DIHED      =      101.3791
 VDWAALS =       -0.8579  EEL     =       39.5782  HBOND      =        0.0000
 1-4 VDW =       14.3666  1-4 EEL =     -290.2689  RESTRAINT  =        0.0000


   NSTEP       ENERGY          RMS            GMAX         NAME    NUMBER
     33      -3.8575E+01     6.4617E+00     2.5962E+01     C6          6

 BOND    =       11.3018  ANGLE   =       87.3797  DIHED      =      101.1102
 VDWAALS =       -0.8412  EEL     =       39.7445  HBOND      =        0.0000
 1-4 VDW =       13.6797  1-4 EEL =     -290.9493  RESTRAINT  =        0.0000


   NSTEP       ENERGY          RMS            GMAX         NAME    NUMBER
     34      -3.8366E+01     8.4724E+00     3.6139E+01     C6          6

 BOND    =       11.3294  ANGLE   =       87.3432  DIHED      =      100.8944
 VDWAALS =       -0.8146  EEL     =       39.5895  HBOND      =        0.0000
 1-4 VDW =       14.4228  1-4 EEL =     -291.1302  RESTRAINT  =        0.0000


   NSTEP       ENERGY          RMS            GMAX         NAME    NUMBER
     35      -3.9678E+01     2.1897E+00     9.0131E+00     O20        20

 BOND    =       10.5014  ANGLE   =       87.5869  DIHED      =      100.7325
 VDWAALS =       -0.8047  EEL     =       39.6726  HBOND      =        0.0000
 1-4 VDW =       14.0844  1-4 EEL =     -291.4510  RESTRAINT  =        0.0000


   NSTEP       ENERGY          RMS            GMAX         NAME    NUMBER
     36      -3.9968E+01     4.2591E+00     1.7898E+01     C13        13

 BOND    =       11.3174  ANGLE   =       87.9112  DIHED      =      100.3018
 VDWAALS =       -0.7564  EEL     =       39.7339  HBOND      =        0.0000
 1-4 VDW =       13.7931  1-4 EEL =     -292.2691  RESTRAINT  =        0.0000


   NSTEP       ENERGY          RMS            GMAX         NAME    NUMBER
     37      -3.9702E+01     7.4859E+00     4.1287E+01     C13        13

 BOND    =       10.9506  ANGLE   =       88.8968  DIHED      =       99.9269
 VDWAALS =       -0.7431  EEL     =       39.6893  HBOND      =        0.0000
 1-4 VDW =       14.3341  1-4 EEL =     -292.7570  RESTRAINT  =        0.0000


   NSTEP       ENERGY          RMS            GMAX         NAME    NUMBER
     38      -4.0575E+01     2.2152E+00     8.3253E+00     O20        20

 BOND    =       10.8622  ANGLE   =       88.4280  DIHED      =       99.8951
 VDWAALS =       -0.7242  EEL     =       39.7060  HBOND      =        0.0000
 1-4 VDW =       14.1021  1-4 EEL =     -292.8442  RESTRAINT  =        0.0000


   NSTEP       ENERGY          RMS            GMAX         NAME    NUMBER
     39      -4.0834E+01     3.0092E+00     9.8756E+00     C2          2

 BOND    =       11.3056  ANGLE   =       88.7822  DIHED      =       99.5947
 VDWAALS =       -0.6923  EEL     =       39.7618  HBOND      =        0.0000
 1-4 VDW =       13.8384  1-4 EEL =     -293.4247  RESTRAINT  =        0.0000


   NSTEP       ENERGY          RMS            GMAX         NAME    NUMBER
     40      -4.0966E+01     4.2258E+00     1.7542E+01     C2          2

 BOND    =       11.0898  ANGLE   =       89.1719  DIHED      =       99.2853
 VDWAALS =       -0.6681  EEL     =       39.7160  HBOND      =        0.0000
 1-4 VDW =       14.2659  1-4 EEL =     -293.8265  RESTRAINT  =        0.0000


   NSTEP       ENERGY          RMS            GMAX         NAME    NUMBER
     41      -4.1051E+01     5.2572E+00     2.1227E+01     C13        13

 BOND    =       12.0421  ANGLE   =       89.1987  DIHED      =       99.0844
 VDWAALS =       -0.6352  EEL     =       39.7912  HBOND      =        0.0000
 1-4 VDW =       13.7234  1-4 EEL =     -294.2560  RESTRAINT  =        0.0000


   NSTEP       ENERGY          RMS            GMAX         NAME    NUMBER
     42      -4.0971E+01     7.0163E+00     3.7401E+01     C13        13

 BOND    =       11.3562  ANGLE   =       90.0423  DIHED      =       98.8150
 VDWAALS =       -0.6304  EEL     =       39.7476  HBOND      =        0.0000
 1-4 VDW =       14.3289  1-4 EEL =     -294.6305  RESTRAINT  =        0.0000


   NSTEP       ENERGY          RMS            GMAX         NAME    NUMBER
     43      -4.1769E+01     1.9840E+00     7.4079E+00     O20        20

 BOND    =       11.3559  ANGLE   =       89.6095  DIHED      =       98.7584
 VDWAALS =       -0.6094  EEL     =       39.7628  HBOND      =        0.0000
 1-4 VDW =       14.0762  1-4 EEL =     -294.7226  RESTRAINT  =        0.0000


   NSTEP       ENERGY          RMS            GMAX         NAME    NUMBER
     44      -4.2026E+01     3.0593E+00     9.2097E+00     C2          2

 BOND    =       11.6346  ANGLE   =       90.2062  DIHED      =       98.3950
 VDWAALS =       -0.5762  EEL     =       39.8167  HBOND      =        0.0000
 1-4 VDW =       13.8611  1-4 EEL =     -295.3631  RESTRAINT  =        0.0000


   NSTEP       ENERGY          RMS            GMAX         NAME    NUMBER
     45      -4.2040E+01     5.0064E+00     2.0021E+01     C13        13

 BOND    =       11.9483  ANGLE   =       90.0139  DIHED      =       98.1638
 VDWAALS =       -0.5409  EEL     =       39.7605  HBOND      =        0.0000
 1-4 VDW =       14.2604  1-4 EEL =     -295.6460  RESTRAINT  =        0.0000


   NSTEP       ENERGY          RMS            GMAX         NAME    NUMBER
     46      -4.2075E+01     6.1224E+00     3.2126E+01     C13        13

 BOND    =       11.9650  ANGLE   =       91.1081  DIHED      =       97.8897
 VDWAALS =       -0.5334  EEL     =       39.8537  HBOND      =        0.0000
 1-4 VDW =       13.8172  1-4 EEL =     -296.1754  RESTRAINT  =        0.0000


   NSTEP       ENERGY          RMS            GMAX         NAME    NUMBER
     47      -4.1843E+01     8.2992E+00     5.0828E+01     C13        13

 BOND    =       12.9691  ANGLE   =       90.0821  DIHED      =       97.8205
 VDWAALS =       -0.4916  EEL     =       39.7771  HBOND      =        0.0000
 1-4 VDW =       14.1972  1-4 EEL =     -296.1978  RESTRAINT  =        0.0000


   NSTEP       ENERGY          RMS            GMAX         NAME    NUMBER
     48      -4.2839E+01     1.8963E+00     6.6486E+00     O20        20

 BOND    =       11.7728  ANGLE   =       90.7513  DIHED      =       97.6822
 VDWAALS =       -0.4965  EEL     =       39.8143  HBOND      =        0.0000
 1-4 VDW =       14.0813  1-4 EEL =     -296.4442  RESTRAINT  =        0.0000


   NSTEP       ENERGY          RMS            GMAX         NAME    NUMBER
     49      -4.3068E+01     3.3398E+00     1.1976E+01     C13        13

 BOND    =       12.0114  ANGLE   =       91.4395  DIHED      =       97.2841
 VDWAALS =       -0.4607  EEL     =       39.8642  HBOND      =        0.0000
 1-4 VDW =       13.8883  1-4 EEL =     -297.0944  RESTRAINT  =        0.0000


   NSTEP       ENERGY          RMS            GMAX         NAME    NUMBER
     50      -4.2968E+01     5.8021E+00     2.9662E+01     C13        13

 BOND    =       12.5490  ANGLE   =       91.0297  DIHED      =       97.1139
 VDWAALS =       -0.4245  EEL     =       39.8118  HBOND      =        0.0000
 1-4 VDW =       14.2514  1-4 EEL =     -297.2995  RESTRAINT  =        0.0000


   NSTEP       ENERGY          RMS            GMAX         NAME    NUMBER
     51      -4.3495E+01     1.8494E+00     6.2456E+00     O20        20

 BOND    =       11.9889  ANGLE   =       91.5016  DIHED      =       96.9942
 VDWAALS =       -0.4236  EEL     =       39.8451  HBOND      =        0.0000
 1-4 VDW =       14.1045  1-4 EEL =     -297.5061  RESTRAINT  =        0.0000


   NSTEP       ENERGY          RMS            GMAX         NAME    NUMBER
     52      -4.3460E+01     6.7016E+00     2.7511E+01     C2          2

 BOND    =       13.1947  ANGLE   =       92.7291  DIHED      =       96.1717
 VDWAALS =       -0.3379  EEL     =       39.9459  HBOND      =        0.0000
 1-4 VDW =       13.6475  1-4 EEL =     -298.8111  RESTRAINT  =        0.0000


   NSTEP       ENERGY          RMS            GMAX         NAME    NUMBER
     53      -4.3737E+01     3.0944E+00     1.0658E+01     C2          2

 BOND    =       12.3542  ANGLE   =       92.0583  DIHED      =       96.5950
 VDWAALS =       -0.3821  EEL     =       39.8937  HBOND      =        0.0000
 1-4 VDW =       13.8787  1-4 EEL =     -298.1347  RESTRAINT  =        0.0000


   NSTEP       ENERGY          RMS            GMAX         NAME    NUMBER
     54      -4.4217E+01     3.0481E+00     1.0980E+01     C2          2

 BOND    =       12.5585  ANGLE   =       92.5604  DIHED      =       96.0883
 VDWAALS =       -0.3254  EEL     =       39.9159  HBOND      =        0.0000
 1-4 VDW =       13.8912  1-4 EEL =     -298.9063  RESTRAINT  =        0.0000


   NSTEP       ENERGY          RMS            GMAX         NAME    NUMBER
     55      -4.7977E+01     4.9554E+00     2.4499E+01     C13        13

 BOND    =       14.7540  ANGLE   =       97.6586  DIHED      =       91.4434
 VDWAALS =        0.1891  EEL     =       40.1153  HBOND      =        0.0000
 1-4 VDW =       14.1712  1-4 EEL =     -306.3087  RESTRAINT  =        0.0000


   NSTEP       ENERGY          RMS            GMAX         NAME    NUMBER
     56      -4.6603E+01     1.4399E+01     7.1471E+01     C13        13

 BOND    =       21.7671  ANGLE   =      109.8582  DIHED      =       82.9234
 VDWAALS =        1.2396  EEL     =       40.4785  HBOND      =        0.0000
 1-4 VDW =       19.9199  1-4 EEL =     -322.7902  RESTRAINT  =        0.0000


   NSTEP       ENERGY          RMS            GMAX         NAME    NUMBER
     57      -4.9786E+01     8.6152E+00     4.8287E+01     C13        13

 BOND    =       17.6323  ANGLE   =      103.4128  DIHED      =       87.0401
 VDWAALS =        0.6953  EEL     =       40.3019  HBOND      =        0.0000
 1-4 VDW =       15.2947  1-4 EEL =     -314.1634  RESTRAINT  =        0.0000


   NSTEP       ENERGY          RMS            GMAX         NAME    NUMBER
     58      -2.0721E+01     4.4951E+01     2.9458E+02     H233       38

 BOND    =       27.3617  ANGLE   =      120.4123  DIHED      =       78.3738
 VDWAALS =        2.0047  EEL     =       40.6262  HBOND      =        0.0000
 1-4 VDW =       45.4947  1-4 EEL =     -334.9947  RESTRAINT  =        0.0000


   NSTEP       ENERGY          RMS            GMAX         NAME    NUMBER
     59      -5.0619E+01     5.7370E+00     2.9625E+01     H233       38

 BOND    =       18.0242  ANGLE   =      108.2938  DIHED      =       84.0811
 VDWAALS =        1.0561  EEL     =       40.4110  HBOND      =        0.0000
 1-4 VDW =       17.7053  1-4 EEL =     -320.1901  RESTRAINT  =        0.0000


   NSTEP       ENERGY          RMS            GMAX         NAME    NUMBER
     60      -5.0858E+01     5.1495E+00     2.1635E+01     H233       38

 BOND    =       17.6704  ANGLE   =      106.7464  DIHED      =       84.9721
 VDWAALS =        0.9418  EEL     =       40.3781  HBOND      =        0.0000
 1-4 VDW =       16.7270  1-4 EEL =     -318.2941  RESTRAINT  =        0.0000


   NSTEP       ENERGY          RMS            GMAX         NAME    NUMBER
     61      -5.1457E+01     3.4250E+00     1.8050E+01     H233       38

 BOND    =       17.1918  ANGLE   =      106.2650  DIHED      =       85.0999
 VDWAALS =        0.9210  EEL     =       40.3376  HBOND      =        0.0000
 1-4 VDW =       16.5095  1-4 EEL =     -317.7816  RESTRAINT  =        0.0000


   NSTEP       ENERGY          RMS            GMAX         NAME    NUMBER
     62      -5.1804E+01     3.5631E+00     1.3375E+01     H233       38

 BOND    =       16.8885  ANGLE   =      105.5880  DIHED      =       85.3008
 VDWAALS =        0.8897  EEL     =       40.2761  HBOND      =        0.0000
 1-4 VDW =       16.2676  1-4 EEL =     -317.0151  RESTRAINT  =        0.0000


   NSTEP       ENERGY          RMS            GMAX         NAME    NUMBER
     63      -5.2659E+01     3.1680E+00     1.2436E+01     C14        14

 BOND    =       16.8436  ANGLE   =      106.2345  DIHED      =       84.5334
 VDWAALS =        0.9656  EEL     =       40.3120  HBOND      =        0.0000
 1-4 VDW =       16.1388  1-4 EEL =     -317.6872  RESTRAINT  =        0.0000


   NSTEP       ENERGY          RMS            GMAX         NAME    NUMBER
     64      -5.3889E+01     7.8793E+00     3.6673E+01     C15        15

 BOND    =       17.7654  ANGLE   =      108.6988  DIHED      =       82.0975
 VDWAALS =        1.2274  EEL     =       40.4281  HBOND      =        0.0000
 1-4 VDW =       15.7523  1-4 EEL =     -319.8586  RESTRAINT  =        0.0000


   NSTEP       ENERGY          RMS            GMAX         NAME    NUMBER
     65      -5.7496E+01     5.6241E+00     2.3376E+01     C15        15

 BOND    =       17.5710  ANGLE   =      112.9578  DIHED      =       77.6118
 VDWAALS =        1.9635  EEL     =       40.7466  HBOND      =        0.0000
 1-4 VDW =       16.3892  1-4 EEL =     -324.7364  RESTRAINT  =        0.0000


   NSTEP       ENERGY          RMS            GMAX         NAME    NUMBER
     66      -5.7345E+01     1.0517E+01     4.6527E+01     C14        14

 BOND    =       20.7613  ANGLE   =      125.1471  DIHED      =       68.4597
 VDWAALS =        5.5848  EEL     =       41.4438  HBOND      =        0.0000
 1-4 VDW =       18.4748  1-4 EEL =     -337.2161  RESTRAINT  =        0.0000


   NSTEP       ENERGY          RMS            GMAX         NAME    NUMBER
     67      -5.9881E+01     5.6842E+00     2.2142E+01     C14        14

 BOND    =       17.9361  ANGLE   =      118.8133  DIHED      =       72.5371
 VDWAALS =        3.3419  EEL     =       41.1163  HBOND      =        0.0000
 1-4 VDW =       17.2961  1-4 EEL =     -330.9215  RESTRAINT  =        0.0000


   NSTEP       ENERGY          RMS            GMAX         NAME    NUMBER
     68      -6.0510E+01     8.7048E+00     3.4109E+01     C16        16

 BOND    =       20.0194  ANGLE   =      119.1917  DIHED      =       69.1742
 VDWAALS =        4.6492  EEL     =       41.1681  HBOND      =        0.0000
 1-4 VDW =       17.7055  1-4 EEL =     -332.4185  RESTRAINT  =        0.0000


   NSTEP       ENERGY          RMS            GMAX         NAME    NUMBER
     69      -6.1290E+01     4.4246E+00     2.1400E+01     C16        16

 BOND    =       18.4672  ANGLE   =      118.7896  DIHED      =       70.5226
 VDWAALS =        4.0550  EEL     =       41.1465  HBOND      =        0.0000
 1-4 VDW =       17.5115  1-4 EEL =     -331.7827  RESTRAINT  =        0.0000


   NSTEP       ENERGY          RMS            GMAX         NAME    NUMBER
     70      -6.2312E+01     3.5502E+00     1.3055E+01     CL21       37

 BOND    =       19.2383  ANGLE   =      118.9809  DIHED      =       68.8989
 VDWAALS =        4.5997  EEL     =       41.2390  HBOND      =        0.0000
 1-4 VDW =       17.2011  1-4 EEL =     -332.4704  RESTRAINT  =        0.0000


   NSTEP       ENERGY          RMS            GMAX         NAME    NUMBER
     71      -6.2390E+01     4.2402E+00     1.5336E+01     CL21       37

 BOND    =       19.7006  ANGLE   =      119.0896  DIHED      =       68.3436
 VDWAALS =        4.8204  EEL     =       41.2723  HBOND      =        0.0000
 1-4 VDW =       17.1095  1-4 EEL =     -332.7261  RESTRAINT  =        0.0000


   NSTEP       ENERGY          RMS            GMAX         NAME    NUMBER
     72      -6.3552E+01     4.1290E+00     1.4972E+01     CL21       37

 BOND    =       19.2416  ANGLE   =      120.0796  DIHED      =       66.8220
 VDWAALS =        5.0018  EEL     =       41.2499  HBOND      =        0.0000
 1-4 VDW =       17.0511  1-4 EEL =     -332.9986  RESTRAINT  =        0.0000


   NSTEP       ENERGY          RMS            GMAX         NAME    NUMBER
     73      -6.3578E+01     4.7779E+00     1.7202E+01     C16        16

 BOND    =       19.2578  ANGLE   =      120.2937  DIHED      =       66.5762
 VDWAALS =        5.0381  EEL     =       41.2462  HBOND      =        0.0000
 1-4 VDW =       17.0567  1-4 EEL =     -333.0467  RESTRAINT  =        0.0000


   NSTEP       ENERGY          RMS            GMAX         NAME    NUMBER
     74      -6.4714E+01     4.7310E+00     2.0505E+01     C14        14

 BOND    =       18.9635  ANGLE   =      120.4179  DIHED      =       65.7017
 VDWAALS =        4.7563  EEL     =       41.5715  HBOND      =        0.0000
 1-4 VDW =       17.0499  1-4 EEL =     -333.1751  RESTRAINT  =        0.0000


   NSTEP       ENERGY          RMS            GMAX         NAME    NUMBER
     75      -6.4717E+01     4.5057E+00     1.9423E+01     C14        14

 BOND    =       18.9364  ANGLE   =      120.4043  DIHED      =       65.7392
 VDWAALS =        4.7686  EEL     =       41.5569  HBOND      =        0.0000
 1-4 VDW =       17.0475  1-4 EEL =     -333.1695  RESTRAINT  =        0.0000


   NSTEP       ENERGY          RMS            GMAX         NAME    NUMBER
     76      -6.4766E+01     4.2417E+00     1.7992E+01     C14        14

 BOND    =       18.8896  ANGLE   =      120.4061  DIHED      =       65.7424
 VDWAALS =        4.7634  EEL     =       41.5575  HBOND      =        0.0000
 1-4 VDW =       17.0379  1-4 EEL =     -333.1631  RESTRAINT  =        0.0000


   NSTEP       ENERGY          RMS            GMAX         NAME    NUMBER
     77      -6.4822E+01     3.9400E+00     1.6316E+01     C14        14

 BOND    =       18.8367  ANGLE   =      120.4082  DIHED      =       65.7462
 VDWAALS =        4.7570  EEL     =       41.5583  HBOND      =        0.0000
 1-4 VDW =       17.0264  1-4 EEL =     -333.1545  RESTRAINT  =        0.0000


   NSTEP       ENERGY          RMS            GMAX         NAME    NUMBER
     78      -6.4883E+01     3.6023E+00     1.4373E+01     C14        14

 BOND    =       18.7777  ANGLE   =      120.4103  DIHED      =       65.7509
 VDWAALS =        4.7489  EEL     =       41.5595  HBOND      =        0.0000
 1-4 VDW =       17.0125  1-4 EEL =     -333.1430  RESTRAINT  =        0.0000


   NSTEP       ENERGY          RMS            GMAX         NAME    NUMBER
     79      -6.4950E+01     3.2367E+00     1.2159E+01     C14        14

 BOND    =       18.7125  ANGLE   =      120.4122  DIHED      =       65.7565
 VDWAALS =        4.7386  EEL     =       41.5612  HBOND      =        0.0000
 1-4 VDW =       16.9961  1-4 EEL =     -333.1271  RESTRAINT  =        0.0000


   NSTEP       ENERGY          RMS            GMAX         NAME    NUMBER
     80      -6.5149E+01     4.8289E+00     2.5111E+01     C15        15

 BOND    =       18.3685  ANGLE   =      120.5528  DIHED      =       65.8544
 VDWAALS =        4.5675  EEL     =       41.5940  HBOND      =        0.0000
 1-4 VDW =       16.7484  1-4 EEL =     -332.8346  RESTRAINT  =        0.0000


   NSTEP       ENERGY          RMS            GMAX         NAME    NUMBER
     81      -6.5262E+01     2.7584E+00     1.3653E+01     C15        15

 BOND    =       18.3480  ANGLE   =      120.4668  DIHED      =       65.8152
 VDWAALS =        4.6312  EEL     =       41.5816  HBOND      =        0.0000
 1-4 VDW =       16.8397  1-4 EEL =     -332.9444  RESTRAINT  =        0.0000


   NSTEP       ENERGY          RMS            GMAX         NAME    NUMBER
     82      -6.5619E+01     2.1640E+00     5.7746E+00     H233       38

 BOND    =       17.9302  ANGLE   =      120.2712  DIHED      =       65.8545
 VDWAALS =        4.4835  EEL     =       41.6242  HBOND      =        0.0000
 1-4 VDW =       16.7640  1-4 EEL =     -332.5468  RESTRAINT  =        0.0000


   NSTEP       ENERGY          RMS            GMAX         NAME    NUMBER
     83      -6.5771E+01     3.4270E+00     1.3159E+01     C14        14

 BOND    =       17.6308  ANGLE   =      120.0828  DIHED      =       65.9189
 VDWAALS =        4.3106  EEL     =       41.6759  HBOND      =        0.0000
 1-4 VDW =       16.6787  1-4 EEL =     -332.0688  RESTRAINT  =        0.0000


   NSTEP       ENERGY          RMS            GMAX         NAME    NUMBER
     84      -6.6463E+01     2.8439E+00     1.2751E+01     C13        13

 BOND    =       16.3812  ANGLE   =      119.9270  DIHED      =       65.9578
 VDWAALS =        3.9690  EEL     =       41.6065  HBOND      =        0.0000
 1-4 VDW =       16.7069  1-4 EEL =     -331.0120  RESTRAINT  =        0.0000


   NSTEP       ENERGY          RMS            GMAX         NAME    NUMBER
     85      -6.6560E+01     3.9827E+00     2.1993E+01     C13        13

 BOND    =       15.8856  ANGLE   =      119.8924  DIHED      =       66.0061
 VDWAALS =        3.7947  EEL     =       41.5696  HBOND      =        0.0000
 1-4 VDW =       16.7313  1-4 EEL =     -330.4400  RESTRAINT  =        0.0000


   NSTEP       ENERGY          RMS            GMAX         NAME    NUMBER
     86      -6.7450E+01     3.1597E+00     1.2253E+01     C18        18

 BOND    =       15.8527  ANGLE   =      118.1842  DIHED      =       66.1713
 VDWAALS =        3.3429  EEL     =       41.3262  HBOND      =        0.0000
 1-4 VDW =       16.4402  1-4 EEL =     -328.7672  RESTRAINT  =        0.0000


   NSTEP       ENERGY          RMS            GMAX         NAME    NUMBER
     87      -6.7462E+01     3.5539E+00     1.4271E+01     C18        18

 BOND    =       15.9104  ANGLE   =      117.9822  DIHED      =       66.2006
 VDWAALS =        3.2868  EEL     =       41.2937  HBOND      =        0.0000
 1-4 VDW =       16.4041  1-4 EEL =     -328.5402  RESTRAINT  =        0.0000


   NSTEP       ENERGY          RMS            GMAX         NAME    NUMBER
     88      -6.8016E+01     3.9726E+00     1.5608E+01     C13        13

 BOND    =       16.1397  ANGLE   =      115.8909  DIHED      =       66.4788
 VDWAALS =        2.9565  EEL     =       41.2499  HBOND      =        0.0000
 1-4 VDW =       16.2536  1-4 EEL =     -326.9854  RESTRAINT  =        0.0000


   NSTEP       ENERGY          RMS            GMAX         NAME    NUMBER
     89      -6.8049E+01     3.1305E+00     1.2210E+01     C13        13

 BOND    =       16.0071  ANGLE   =      116.2602  DIHED      =       66.4149
 VDWAALS =        3.0151  EEL     =       41.2582  HBOND      =        0.0000
 1-4 VDW =       16.2805  1-4 EEL =     -327.2856  RESTRAINT  =        0.0000


   NSTEP       ENERGY          RMS            GMAX         NAME    NUMBER
     90      -6.8433E+01     2.9583E+00     8.2968E+00     C13        13

 BOND    =       16.7170  ANGLE   =      113.9434  DIHED      =       66.4056
 VDWAALS =        2.9023  EEL     =       41.0830  HBOND      =        0.0000
 1-4 VDW =       16.3633  1-4 EEL =     -325.8480  RESTRAINT  =        0.0000


   NSTEP       ENERGY          RMS            GMAX         NAME    NUMBER
     91      -6.8445E+01     2.4937E+00     7.4635E+00     CL21       37

 BOND    =       16.5757  ANGLE   =      114.2591  DIHED      =       66.4005
 VDWAALS =        2.9174  EEL     =       41.1083  HBOND      =        0.0000
 1-4 VDW =       16.3505  1-4 EEL =     -326.0562  RESTRAINT  =        0.0000


   NSTEP       ENERGY          RMS            GMAX         NAME    NUMBER
     92      -6.8797E+01     1.8077E+00     4.6918E+00     C8          8

 BOND    =       16.4889  ANGLE   =      113.3450  DIHED      =       66.3698
 VDWAALS =        2.9059  EEL     =       41.1086  HBOND      =        0.0000
 1-4 VDW =       16.2494  1-4 EEL =     -325.2651  RESTRAINT  =        0.0000


   NSTEP       ENERGY          RMS            GMAX         NAME    NUMBER
     93      -6.8860E+01     2.4789E+00     6.9165E+00     N23        22

 BOND    =       16.5423  ANGLE   =      112.8013  DIHED      =       66.3590
 VDWAALS =        2.8994  EEL     =       41.1088  HBOND      =        0.0000
 1-4 VDW =       16.1871  1-4 EEL =     -324.7582  RESTRAINT  =        0.0000


   NSTEP       ENERGY          RMS            GMAX         NAME    NUMBER
     94      -6.9386E+01     2.3554E+00     6.9427E+00     C17        17

 BOND    =       16.3568  ANGLE   =      111.6672  DIHED      =       66.1682
 VDWAALS =        3.0076  EEL     =       40.9636  HBOND      =        0.0000
 1-4 VDW =       16.1545  1-4 EEL =     -323.7042  RESTRAINT  =        0.0000


   NSTEP       ENERGY          RMS            GMAX         NAME    NUMBER
     95      -6.9429E+01     3.1034E+00     1.0684E+01     C9          9

 BOND    =       16.3733  ANGLE   =      111.2928  DIHED      =       66.1039
 VDWAALS =        3.0489  EEL     =       40.9096  HBOND      =        0.0000
 1-4 VDW =       16.1463  1-4 EEL =     -323.3036  RESTRAINT  =        0.0000


   NSTEP       ENERGY          RMS            GMAX         NAME    NUMBER
     96      -6.9924E+01     3.5211E+00     1.2952E+01     C14        14

 BOND    =       16.6320  ANGLE   =      109.6429  DIHED      =       65.7114
 VDWAALS =        3.1633  EEL     =       40.7064  HBOND      =        0.0000
 1-4 VDW =       16.1948  1-4 EEL =     -321.9751  RESTRAINT  =        0.0000


   NSTEP       ENERGY          RMS            GMAX         NAME    NUMBER
     97      -6.9934E+01     3.0750E+00     1.1197E+01     C14        14

 BOND    =       16.5584  ANGLE   =      109.8228  DIHED      =       65.7540
 VDWAALS =        3.1495  EEL     =       40.7308  HBOND      =        0.0000
 1-4 VDW =       16.1869  1-4 EEL =     -322.1360  RESTRAINT  =        0.0000


   NSTEP       ENERGY          RMS            GMAX         NAME    NUMBER
     98      -7.0525E+01     2.4354E+00     7.7988E+00     H17        33

 BOND    =       16.1184  ANGLE   =      108.9253  DIHED      =       65.5111
 VDWAALS =        3.2177  EEL     =       40.7655  HBOND      =        0.0000
 1-4 VDW =       16.0689  1-4 EEL =     -321.1322  RESTRAINT  =        0.0000


   NSTEP       ENERGY          RMS            GMAX         NAME    NUMBER
     99      -7.0546E+01     2.9003E+00     9.5070E+00     C16        16

 BOND    =       16.0872  ANGLE   =      108.7497  DIHED      =       65.4672
 VDWAALS =        3.2342  EEL     =       40.7734  HBOND      =        0.0000
 1-4 VDW =       16.0458  1-4 EEL =     -320.9032  RESTRAINT  =        0.0000


   NSTEP       ENERGY          RMS            GMAX         NAME    NUMBER
    100      -7.1041E+01     3.8868E+00     1.6280E+01     C16        16

 BOND    =       16.0185  ANGLE   =      107.4079  DIHED      =       65.1472
 VDWAALS =        3.4214  EEL     =       40.6042  HBOND      =        0.0000
 1-4 VDW =       16.0411  1-4 EEL =     -319.6817  RESTRAINT  =        0.0000


  Maximum number of minimization cycles reached.


                    FINAL RESULTS



   NSTEP       ENERGY          RMS            GMAX         NAME    NUMBER
    100      -7.1041E+01     3.8868E+00     1.6280E+01     C16        16

 BOND    =       16.0185  ANGLE   =      107.4079  DIHED      =       65.1472
 VDWAALS =        3.4214  EEL     =       40.6042  HBOND      =        0.0000
 1-4 VDW =       16.0411  1-4 EEL =     -319.6817  RESTRAINT  =        0.0000

--------------------------------------------------------------------------------
   5.  TIMINGS
--------------------------------------------------------------------------------

|    Read coords time           0.00 ( 1.70% of Total)
|                Build the list             0.00 (81.35% of List )
|                Other                      0.00 (18.65% of List )
|             List time                  0.00 ( 3.17% of Nonbo)
|                   Short_ene time             0.02 (98.11% of Direc)
|                   Other                      0.00 ( 1.89% of Direc)
|                Direct Ewald time          0.02 (93.03% of Ewald)
|                Force Adjust               0.00 ( 0.19% of Ewald)
|                Virial junk                0.00 ( 0.46% of Ewald)
|                Start synchronizatio       0.00 ( 0.38% of Ewald)
|                Other                      0.00 ( 5.95% of Ewald)
|             Ewald time                 0.02 (96.05% of Nonbo)
|             IPS excludes               0.00 ( 0.23% of Nonbo)
|             Other                      0.00 ( 0.55% of Nonbo)
|          Nonbond force              0.02 (66.40% of Force)
|          Bond/Angle/Dihedral        0.01 (31.61% of Force)
|          Other                      0.00 ( 1.99% of Force)
|       Force time                 0.03 (100.0% of Runmd)
|    Runmd Time                 0.03 (11.32% of Total)
|    Other                      0.24 (86.98% of Total)
| Total time                 0.27 (100.0% of ALL  )

| Number of list builds   :          1

| Highest rstack allocated:        145
| Highest istack allocated:         29
|           Job began  at 20:30:18.161  on 12/05/2014
|           Setup done at 20:30:18.186  on 12/05/2014
|           Run   done at 20:30:18.436  on 12/05/2014
|     wallclock() was called    2335 times
