
          -------------------------------------------------------
          Amber 14 SANDER                              2014
          -------------------------------------------------------

| Run on 02/05/2016 at 00:09:40

|   Executable path: sander
| Working directory: /gpfs/gpfs/project1/dacase-001/haichit/phenix_amber/run_amber_library/amber_library/e
|          Hostname: e1c056

  [-O]verwriting output

File Assignments:
|  MDIN: EA4_sander.in                                                         
| MDOUT: EA4.min_igb.out                                                       
|INPCRD: EA4.rst7                                                              
|  PARM: EA4.prmtop                                                            
|RESTRT: EA4.min_igb.rst7                                                      
|  REFC: refc                                                                  
| MDVEL: mdvel                                                                 
| MDFRC: mdfrc                                                                 
|  MDEN: mden                                                                  
| MDCRD: mdcrd                                                                 
|MDINFO: mdinfo                                                                
|  MTMD: mtmd                                                                  
|INPDIP: inpdip                                                                
|RSTDIP: rstdip                                                                
|INPTRA: inptraj                                                               


 Here is the input file:

  short minimization                                                           
 &cntrl                                                                        
   imin=1, maxcyc=100, ncyc=50, ntpr=1, cut=99., ntb=0, igb=2                  
 /                                                                             

--------------------------------------------------------------------------------
   1.  RESOURCE   USE: 
--------------------------------------------------------------------------------

| Flags:                                                                        
| New format PARM file being parsed.
| Version =    1.000 Date = 02/05/16 Time = 00:09:40
 NATOM  =      37 NTYPES =      11 NBONH =      19 MBONA  =      18
 NTHETH =      42 MTHETA =      22 NPHIH =      77 MPHIA  =      35
 NHPARM =       0 NPARM  =       0 NNB   =     188 NRES   =       1
 NBONA  =      18 NTHETA =      22 NPHIA =      35 NUMBND =      16
 NUMANG =      28 NPTRA  =      18 NATYP =      12 NPHB   =       0
 IFBOX  =       0 NMXRS  =      37 IFCAP =       0 NEXTRA =       0
 NCOPY  =       0

 Implicit solvent radii are modified Bondi radii (mbondi)                                                   

|     Memory Use     Allocated
|     Real                6429
|     Hollerith            114
|     Integer            21875
|     Max Pairs              1
|     nblistReal             0
|     nblist Int             0
|       Total              136 kbytes

| Note: 1-4 EEL scale factors are being read from the topology file.

| Note: 1-4 VDW scale factors are being read from the topology file.
| Duplicated    0 dihedrals
| Duplicated    0 dihedrals

--------------------------------------------------------------------------------
   2.  CONTROL  DATA  FOR  THE  RUN
--------------------------------------------------------------------------------

EA4                                                                             

General flags:
     imin    =       1, nmropt  =       0

Nature and format of input:
     ntx     =       1, irest   =       0, ntrx    =       1

Nature and format of output:
     ntxo    =       1, ntpr    =       1, ntrx    =       1, ntwr    =       1
     iwrap   =       0, ntwx    =       0, ntwv    =       0, ntwe    =       0
     ioutfm  =       0, ntwprt  =       0, idecomp =       0, rbornstat=      0

Potential function:
     ntf     =       1, ntb     =       0, igb     =       2, nsnb    =      25
     ipol    =       0, gbsa    =       0, iesp    =       0
     dielc   =   1.00000, cut     =  99.00000, intdiel =   1.00000
     saltcon =   0.00000, offset  =   0.09000, gbalpha=    0.80000
     gbbeta  =   0.00000, gbgamma =   2.90912, surften =   0.00500
     rdt     =   0.00000, rgbmax  =  25.00000  extdiel =  78.50000
     alpb  =        0

Frozen or restrained atoms:
     ibelly  =       0, ntr     =       0

Energy minimization:
     maxcyc  =     100, ncyc    =      50, ntmin   =       1
     dx0     =   0.01000, drms    =   0.00010
|  INFO: Old style inpcrd file read


--------------------------------------------------------------------------------
   3.  ATOMIC COORDINATES AND VELOCITIES
--------------------------------------------------------------------------------

EA4                                                                             
 begin time read from input coords =     0.000 ps

 Number of triangulated 3-point waters found:        0

--------------------------------------------------------------------------------
   4.  RESULTS
--------------------------------------------------------------------------------



   NSTEP       ENERGY          RMS            GMAX         NAME    NUMBER
      1      -1.8952E+02     2.3602E+01     8.4087E+01     CAK        12

 BOND    =       14.3954  ANGLE   =        5.6279  DIHED      =       25.2779
 VDWAALS =       -4.4651  EEL     =       88.8965  EGB        =     -175.1169
 1-4 VDW =        2.5212  1-4 EEL =     -146.6525  RESTRAINT  =        0.0000


   NSTEP       ENERGY          RMS            GMAX         NAME    NUMBER
      2      -1.9231E+02     2.0699E+01     7.7221E+01     CAK        12

 BOND    =       11.9793  ANGLE   =        5.2258  DIHED      =       25.2750
 VDWAALS =       -4.4766  EEL     =       88.9916  EGB        =     -175.1641
 1-4 VDW =        2.5527  1-4 EEL =     -146.6983  RESTRAINT  =        0.0000


   NSTEP       ENERGY          RMS            GMAX         NAME    NUMBER
      3      -1.9520E+02     1.7346E+01     6.8749E+01     CAK        12

 BOND    =        9.4628  ANGLE   =        4.8427  DIHED      =       25.2711
 VDWAALS =       -4.4901  EEL     =       89.1028  EGB        =     -175.2231
 1-4 VDW =        2.5933  1-4 EEL =     -146.7568  RESTRAINT  =        0.0000


   NSTEP       ENERGY          RMS            GMAX         NAME    NUMBER
      4      -1.9800E+02     1.3567E+01     5.8224E+01     CAK        12

 BOND    =        6.9759  ANGLE   =        4.5154  DIHED      =       25.2652
 VDWAALS =       -4.5056  EEL     =       89.2306  EGB        =     -175.2974
 1-4 VDW =        2.6454  1-4 EEL =     -146.8328  RESTRAINT  =        0.0000


   NSTEP       ENERGY          RMS            GMAX         NAME    NUMBER
      5      -2.0051E+02     9.5428E+00     4.5082E+01     CAK        12

 BOND    =        4.7194  ANGLE   =        4.2849  DIHED      =       25.2546
 VDWAALS =       -4.5228  EEL     =       89.3723  EGB        =     -175.3911
 1-4 VDW =        2.7110  1-4 EEL =     -146.9353  RESTRAINT  =        0.0000


   NSTEP       ENERGY          RMS            GMAX         NAME    NUMBER
      6      -2.0247E+02     5.8737E+00     2.8888E+01     CAK        12

 BOND    =        2.9697  ANGLE   =        4.1563  DIHED      =       25.2315
 VDWAALS =       -4.5389  EEL     =       89.5149  EGB        =     -175.5054
 1-4 VDW =        2.7870  1-4 EEL =     -147.0815  RESTRAINT  =        0.0000


   NSTEP       ENERGY          RMS            GMAX         NAME    NUMBER
      7      -2.0384E+02     3.6369E+00     1.1608E+01     CAK        12

 BOND    =        2.0240  ANGLE   =        3.9677  DIHED      =       25.1697
 VDWAALS =       -4.5428  EEL     =       89.6141  EGB        =     -175.6146
 1-4 VDW =        2.8444  1-4 EEL =     -147.3060  RESTRAINT  =        0.0000


   NSTEP       ENERGY          RMS            GMAX         NAME    NUMBER
      8      -2.0494E+02     2.7382E+00     5.9658E+00     CAH        10

 BOND    =        1.8114  ANGLE   =        3.5151  DIHED      =       25.0200
 VDWAALS =       -4.5081  EEL     =       89.6465  EGB        =     -175.5907
 1-4 VDW =        2.8095  1-4 EEL =     -147.6446  RESTRAINT  =        0.0000


   NSTEP       ENERGY          RMS            GMAX         NAME    NUMBER
      9      -2.0561E+02     4.0708E+00     1.3107E+01     CAH        10

 BOND    =        1.4793  ANGLE   =        3.4649  DIHED      =       24.8684
 VDWAALS =       -4.4762  EEL     =       89.8351  EGB        =     -175.5093
 1-4 VDW =        2.7874  1-4 EEL =     -148.0607  RESTRAINT  =        0.0000


   NSTEP       ENERGY          RMS            GMAX         NAME    NUMBER
     10      -2.0431E+02     1.0675E+01     3.8315E+01     CAH        10

 BOND    =        3.7109  ANGLE   =        3.1791  DIHED      =       24.8588
 VDWAALS =       -4.4316  EEL     =       89.4183  EGB        =     -175.5491
 1-4 VDW =        2.6855  1-4 EEL =     -148.1859  RESTRAINT  =        0.0000


   NSTEP       ENERGY          RMS            GMAX         NAME    NUMBER
     11      -2.0615E+02     3.0599E+00     1.0492E+01     CAH        10

 BOND    =        1.7843  ANGLE   =        3.0889  DIHED      =       24.8527
 VDWAALS =       -4.4426  EEL     =       89.6882  EGB        =     -175.5269
 1-4 VDW =        2.7118  1-4 EEL =     -148.3096  RESTRAINT  =        0.0000


   NSTEP       ENERGY          RMS            GMAX         NAME    NUMBER
     12      -2.0594E+02     5.8028E+00     1.9979E+01     CAH        10

 BOND    =        1.5398  ANGLE   =        3.4664  DIHED      =       24.8365
 VDWAALS =       -4.4463  EEL     =       90.0011  EGB        =     -175.5106
 1-4 VDW =        2.7323  1-4 EEL =     -148.5579  RESTRAINT  =        0.0000


   NSTEP       ENERGY          RMS            GMAX         NAME    NUMBER
     13      -2.0652E+02     1.6207E+00     3.8320E+00     H2         35

 BOND    =        1.4352  ANGLE   =        3.1647  DIHED      =       24.8382
 VDWAALS =       -4.4342  EEL     =       89.8532  EGB        =     -175.5256
 1-4 VDW =        2.6984  1-4 EEL =     -148.5452  RESTRAINT  =        0.0000


   NSTEP       ENERGY          RMS            GMAX         NAME    NUMBER
     14      -2.0660E+02     2.7932E+00     9.3850E+00     CAH        10

 BOND    =        1.7312  ANGLE   =        3.0341  DIHED      =       24.8458
 VDWAALS =       -4.4127  EEL     =       89.7704  EGB        =     -175.5405
 1-4 VDW =        2.6504  1-4 EEL =     -148.6792  RESTRAINT  =        0.0000


   NSTEP       ENERGY          RMS            GMAX         NAME    NUMBER
     15      -2.0658E+02     3.8497E+00     1.2991E+01     CAH        10

 BOND    =        1.4447  ANGLE   =        3.2543  DIHED      =       24.8492
 VDWAALS =       -4.4182  EEL     =       90.0116  EGB        =     -175.5280
 1-4 VDW =        2.6619  1-4 EEL =     -148.8566  RESTRAINT  =        0.0000


   NSTEP       ENERGY          RMS            GMAX         NAME    NUMBER
     16      -2.0685E+02     1.1089E+00     3.4235E+00     H2         35

 BOND    =        1.4641  ANGLE   =        3.0939  DIHED      =       24.8519
 VDWAALS =       -4.4084  EEL     =       89.9072  EGB        =     -175.5426
 1-4 VDW =        2.6373  1-4 EEL =     -148.8497  RESTRAINT  =        0.0000


   NSTEP       ENERGY          RMS            GMAX         NAME    NUMBER
     17      -2.0696E+02     1.4438E+00     3.9876E+00     CAH        10

 BOND    =        1.5726  ANGLE   =        3.0351  DIHED      =       24.8640
 VDWAALS =       -4.3919  EEL     =       89.8925  EGB        =     -175.5568
 1-4 VDW =        2.6000  1-4 EEL =     -148.9723  RESTRAINT  =        0.0000


   NSTEP       ENERGY          RMS            GMAX         NAME    NUMBER
     18      -2.0696E+02     2.7620E+00     9.3699E+00     CAH        10

 BOND    =        1.4457  ANGLE   =        3.1549  DIHED      =       24.8750
 VDWAALS =       -4.3913  EEL     =       90.0577  EGB        =     -175.5499
 1-4 VDW =        2.5915  1-4 EEL =     -149.1417  RESTRAINT  =        0.0000


   NSTEP       ENERGY          RMS            GMAX         NAME    NUMBER
     19      -2.0698E+02     3.0970E+00     1.0279E+01     CAH        10

 BOND    =        1.7854  ANGLE   =        3.0080  DIHED      =       24.8823
 VDWAALS =       -4.3711  EEL     =       89.8794  EGB        =     -175.5838
 1-4 VDW =        2.5493  1-4 EEL =     -149.1278  RESTRAINT  =        0.0000


   NSTEP       ENERGY          RMS            GMAX         NAME    NUMBER
     20      -2.0693E+02     3.9514E+00     1.3296E+01     CAE         7

 BOND    =        1.5038  ANGLE   =        3.1942  DIHED      =       24.8909
 VDWAALS =       -4.3808  EEL     =       90.1450  EGB        =     -175.5532
 1-4 VDW =        2.5649  1-4 EEL =     -149.2924  RESTRAINT  =        0.0000


   NSTEP       ENERGY          RMS            GMAX         NAME    NUMBER
     21      -2.0720E+02     8.7166E-01     2.8115E+00     H2         35

 BOND    =        1.4945  ANGLE   =        3.0547  DIHED      =       24.8932
 VDWAALS =       -4.3708  EEL     =       90.0302  EGB        =     -175.5732
 1-4 VDW =        2.5411  1-4 EEL =     -149.2699  RESTRAINT  =        0.0000


   NSTEP       ENERGY          RMS            GMAX         NAME    NUMBER
     22      -2.0726E+02     1.6568E+00     5.0879E+00     CAH        10

 BOND    =        1.6347  ANGLE   =        3.0114  DIHED      =       24.9086
 VDWAALS =       -4.3525  EEL     =       90.0069  EGB        =     -175.5986
 1-4 VDW =        2.4989  1-4 EEL =     -149.3710  RESTRAINT  =        0.0000


   NSTEP       ENERGY          RMS            GMAX         NAME    NUMBER
     23      -2.0719E+02     3.1736E+00     1.0659E+01     CAH        10

 BOND    =        1.5045  ANGLE   =        3.1373  DIHED      =       24.9185
 VDWAALS =       -4.3579  EEL     =       90.2048  EGB        =     -175.5733
 1-4 VDW =        2.5003  1-4 EEL =     -149.5215  RESTRAINT  =        0.0000


   NSTEP       ENERGY          RMS            GMAX         NAME    NUMBER
     24      -2.0736E+02     9.0631E-01     2.4813E+00     H2         35

 BOND    =        1.5104  ANGLE   =        3.0502  DIHED      =       24.9201
 VDWAALS =       -4.3496  EEL     =       90.1199  EGB        =     -175.5926
 1-4 VDW =        2.4830  1-4 EEL =     -149.5002  RESTRAINT  =        0.0000


   NSTEP       ENERGY          RMS            GMAX         NAME    NUMBER
     25      -2.0738E+02     1.5736E+00     4.8228E+00     CAH        10

 BOND    =        1.6454  ANGLE   =        3.0097  DIHED      =       24.9284
 VDWAALS =       -4.3359  EEL     =       90.0745  EGB        =     -175.6165
 1-4 VDW =        2.4534  1-4 EEL =     -149.5389  RESTRAINT  =        0.0000


   NSTEP       ENERGY          RMS            GMAX         NAME    NUMBER
     26      -2.0738E+02     2.0094E+00     6.5427E+00     CAH        10

 BOND    =        1.5051  ANGLE   =        3.0813  DIHED      =       24.9348
 VDWAALS =       -4.3407  EEL     =       90.2207  EGB        =     -175.5953
 1-4 VDW =        2.4549  1-4 EEL =     -149.6452  RESTRAINT  =        0.0000


   NSTEP       ENERGY          RMS            GMAX         NAME    NUMBER
     27      -2.0739E+02     2.3682E+00     7.8673E+00     CAE         7

 BOND    =        1.7372  ANGLE   =        3.0105  DIHED      =       24.9386
 VDWAALS =       -4.3251  EEL     =       90.0828  EGB        =     -175.6322
 1-4 VDW =        2.4236  1-4 EEL =     -149.6209  RESTRAINT  =        0.0000


   NSTEP       ENERGY          RMS            GMAX         NAME    NUMBER
     28      -2.0736E+02     2.9096E+00     9.9184E+00     CAQ        16

 BOND    =        1.5336  ANGLE   =        3.1060  DIHED      =       24.9444
 VDWAALS =       -4.3339  EEL     =       90.2938  EGB        =     -175.6007
 1-4 VDW =        2.4350  1-4 EEL =     -149.7415  RESTRAINT  =        0.0000


   NSTEP       ENERGY          RMS            GMAX         NAME    NUMBER
     29      -2.0751E+02     6.2382E-01     2.1435E+00     H2         35

 BOND    =        1.5517  ANGLE   =        3.0343  DIHED      =       24.9456
 VDWAALS =       -4.3260  EEL     =       90.2059  EGB        =     -175.6192
 1-4 VDW =        2.4177  1-4 EEL =     -149.7215  RESTRAINT  =        0.0000


   NSTEP       ENERGY          RMS            GMAX         NAME    NUMBER
     30      -2.0755E+02     1.1481E+00     3.2894E+00     C           1

 BOND    =        1.6383  ANGLE   =        3.0159  DIHED      =       24.9548
 VDWAALS =       -4.3130  EEL     =       90.2007  EGB        =     -175.6428
 1-4 VDW =        2.3855  1-4 EEL =     -149.7897  RESTRAINT  =        0.0000


   NSTEP       ENERGY          RMS            GMAX         NAME    NUMBER
     31      -2.0751E+02     2.4010E+00     7.6758E+00     CAH        10

 BOND    =        1.5442  ANGLE   =        3.0842  DIHED      =       24.9612
 VDWAALS =       -4.3179  EEL     =       90.3610  EGB        =     -175.6165
 1-4 VDW =        2.3855  1-4 EEL =     -149.9071  RESTRAINT  =        0.0000


   NSTEP       ENERGY          RMS            GMAX         NAME    NUMBER
     32      -2.0760E+02     7.0742E-01     1.9374E+00     H2         35

 BOND    =        1.5633  ANGLE   =        3.0380  DIHED      =       24.9618
 VDWAALS =       -4.3113  EEL     =       90.2951  EGB        =     -175.6352
 1-4 VDW =        2.3726  1-4 EEL =     -149.8875  RESTRAINT  =        0.0000


   NSTEP       ENERGY          RMS            GMAX         NAME    NUMBER
     33      -2.0762E+02     1.1870E+00     3.4936E+00     C           1

 BOND    =        1.6574  ANGLE   =        3.0169  DIHED      =       24.9658
 VDWAALS =       -4.3015  EEL     =       90.2606  EGB        =     -175.6586
 1-4 VDW =        2.3509  1-4 EEL =     -149.9073  RESTRAINT  =        0.0000


   NSTEP       ENERGY          RMS            GMAX         NAME    NUMBER
     34      -2.0762E+02     1.4883E+00     4.5999E+00     CAH        10

 BOND    =        1.5553  ANGLE   =        3.0555  DIHED      =       24.9696
 VDWAALS =       -4.3061  EEL     =       90.3787  EGB        =     -175.6371
 1-4 VDW =        2.3524  1-4 EEL =     -149.9892  RESTRAINT  =        0.0000


   NSTEP       ENERGY          RMS            GMAX         NAME    NUMBER
     35      -2.0762E+02     1.7725E+00     5.7542E+00     CAE         7

 BOND    =        1.7165  ANGLE   =        3.0194  DIHED      =       24.9714
 VDWAALS =       -4.2940  EEL     =       90.2744  EGB        =     -175.6712
 1-4 VDW =        2.3286  1-4 EEL =     -149.9676  RESTRAINT  =        0.0000


   NSTEP       ENERGY          RMS            GMAX         NAME    NUMBER
     36      -2.0761E+02     2.1616E+00     7.3419E+00     CAQ        16

 BOND    =        1.5674  ANGLE   =        3.0700  DIHED      =       24.9748
 VDWAALS =       -4.3020  EEL     =       90.4420  EGB        =     -175.6420
 1-4 VDW =        2.3374  1-4 EEL =     -150.0608  RESTRAINT  =        0.0000


   NSTEP       ENERGY          RMS            GMAX         NAME    NUMBER
     37      -2.0770E+02     4.9157E-01     1.7258E+00     H2         35

 BOND    =        1.5964  ANGLE   =        3.0325  DIHED      =       24.9753
 VDWAALS =       -4.2957  EEL     =       90.3751  EGB        =     -175.6588
 1-4 VDW =        2.3245  1-4 EEL =     -150.0448  RESTRAINT  =        0.0000


   NSTEP       ENERGY          RMS            GMAX         NAME    NUMBER
     38      -2.0772E+02     8.0372E-01     2.5046E+00     C           1

 BOND    =        1.6511  ANGLE   =        3.0246  DIHED      =       24.9800
 VDWAALS =       -4.2872  EEL     =       90.3796  EGB        =     -175.6784
 1-4 VDW =        2.3016  1-4 EEL =     -150.0936  RESTRAINT  =        0.0000


   NSTEP       ENERGY          RMS            GMAX         NAME    NUMBER
     39      -2.0770E+02     1.7523E+00     5.2801E+00     CAH        10

 BOND    =        1.5798  ANGLE   =        3.0606  DIHED      =       24.9840
 VDWAALS =       -4.2914  EEL     =       90.5066  EGB        =     -175.6555
 1-4 VDW =        2.3003  1-4 EEL =     -150.1876  RESTRAINT  =        0.0000


   NSTEP       ENERGY          RMS            GMAX         NAME    NUMBER
     40      -2.0776E+02     5.3325E-01     1.5923E+00     H2         35

 BOND    =        1.6065  ANGLE   =        3.0368  DIHED      =       24.9842
 VDWAALS =       -4.2862  EEL     =       90.4565  EGB        =     -175.6726
 1-4 VDW =        2.2906  1-4 EEL =     -150.1721  RESTRAINT  =        0.0000


   NSTEP       ENERGY          RMS            GMAX         NAME    NUMBER
     41      -2.0777E+02     8.1826E-01     2.6173E+00     C           1

 BOND    =        1.6654  ANGLE   =        3.0271  DIHED      =       24.9863
 VDWAALS =       -4.2794  EEL     =       90.4390  EGB        =     -175.6923
 1-4 VDW =        2.2745  1-4 EEL =     -150.1893  RESTRAINT  =        0.0000


   NSTEP       ENERGY          RMS            GMAX         NAME    NUMBER
     42      -2.0777E+02     1.1275E+00     3.2675E+00     CAH        10

 BOND    =        1.5962  ANGLE   =        3.0484  DIHED      =       24.9888
 VDWAALS =       -4.2833  EEL     =       90.5325  EGB        =     -175.6735
 1-4 VDW =        2.2748  1-4 EEL =     -150.2566  RESTRAINT  =        0.0000


   NSTEP       ENERGY          RMS            GMAX         NAME    NUMBER
     43      -2.0778E+02     1.2989E+00     4.0634E+00     C           1

 BOND    =        1.7093  ANGLE   =        3.0296  DIHED      =       24.9896
 VDWAALS =       -4.2738  EEL     =       90.4545  EGB        =     -175.7045
 1-4 VDW =        2.2566  1-4 EEL =     -150.2387  RESTRAINT  =        0.0000


   NSTEP       ENERGY          RMS            GMAX         NAME    NUMBER
     44      -2.0777E+02     1.6208E+00     5.3272E+00     CAQ        16

 BOND    =        1.6000  ANGLE   =        3.0570  DIHED      =       24.9919
 VDWAALS =       -4.2809  EEL     =       90.5877  EGB        =     -175.6776
 1-4 VDW =        2.2632  1-4 EEL =     -150.3146  RESTRAINT  =        0.0000


   NSTEP       ENERGY          RMS            GMAX         NAME    NUMBER
     45      -2.0782E+02     4.1161E-01     1.4443E+00     H2         35

 BOND    =        1.6309  ANGLE   =        3.0376  DIHED      =       24.9921
 VDWAALS =       -4.2759  EEL     =       90.5367  EGB        =     -175.6930
 1-4 VDW =        2.2533  1-4 EEL =     -150.3019  RESTRAINT  =        0.0000


   NSTEP       ENERGY          RMS            GMAX         NAME    NUMBER
     46      -2.0784E+02     5.9612E-01     1.9508E+00     C           1

 BOND    =        1.6681  ANGLE   =        3.0346  DIHED      =       24.9944
 VDWAALS =       -4.2703  EEL     =       90.5435  EGB        =     -175.7090
 1-4 VDW =        2.2373  1-4 EEL =     -150.3370  RESTRAINT  =        0.0000


   NSTEP       ENERGY          RMS            GMAX         NAME    NUMBER
     47      -2.0784E+02     1.2322E+00     3.5368E+00     CAQ        16

 BOND    =        1.6138  ANGLE   =        3.0534  DIHED      =       24.9971
 VDWAALS =       -4.2738  EEL     =       90.6414  EGB        =     -175.6905
 1-4 VDW =        2.2355  1-4 EEL =     -150.4120  RESTRAINT  =        0.0000


   NSTEP       ENERGY          RMS            GMAX         NAME    NUMBER
     48      -2.0786E+02     4.0056E-01     1.3511E+00     H2         35

 BOND    =        1.6420  ANGLE   =        3.0419  DIHED      =       24.9971
 VDWAALS =       -4.2697  EEL     =       90.6046  EGB        =     -175.7054
 1-4 VDW =        2.2278  1-4 EEL =     -150.4007  RESTRAINT  =        0.0000


   NSTEP       ENERGY          RMS            GMAX         NAME    NUMBER
     49      -2.0787E+02     5.0803E-01     1.6464E+00     C           1

 BOND    =        1.6726  ANGLE   =        3.0387  DIHED      =       24.9984
 VDWAALS =       -4.2656  EEL     =       90.6048  EGB        =     -175.7195
 1-4 VDW =        2.2165  1-4 EEL =     -150.4208  RESTRAINT  =        0.0000


   NSTEP       ENERGY          RMS            GMAX         NAME    NUMBER
     50      -2.0788E+02     7.9733E-01     2.0725E+00     CAH        10

 BOND    =        1.6319  ANGLE   =        3.0503  DIHED      =       25.0004
 VDWAALS =       -4.2680  EEL     =       90.6744  EGB        =     -175.7058
 1-4 VDW =        2.2141  1-4 EEL =     -150.4783  RESTRAINT  =        0.0000


   NSTEP       ENERGY          RMS            GMAX         NAME    NUMBER
     51      -2.0788E+02     9.8088E-01     3.3694E+00     C           1

 BOND    =        1.7140  ANGLE   =        3.0412  DIHED      =       25.0007
 VDWAALS =       -4.2605  EEL     =       90.6194  EGB        =     -175.7344
 1-4 VDW =        2.1998  1-4 EEL =     -150.4650  RESTRAINT  =        0.0000


   NSTEP       ENERGY          RMS            GMAX         NAME    NUMBER
     52      -1.9567E+02     2.6713E+01     8.3017E+01     C           1

 BOND    =       10.3867  ANGLE   =        5.6556  DIHED      =       25.0336
 VDWAALS =       -4.3419  EEL     =       92.0408  EGB        =     -175.3992
 1-4 VDW =        2.3136  1-4 EEL =     -151.3590  RESTRAINT  =        0.0000


   NSTEP       ENERGY          RMS            GMAX         NAME    NUMBER
     53      -2.0790E+02     3.6360E-01     1.2517E+00     H2         35

 BOND    =        1.6568  ANGLE   =        3.0453  DIHED      =       25.0015
 VDWAALS =       -4.2637  EEL     =       90.6731  EGB        =     -175.7211
 1-4 VDW =        2.2023  1-4 EEL =     -150.4979  RESTRAINT  =        0.0000


   NSTEP       ENERGY          RMS            GMAX         NAME    NUMBER
     54      -2.0791E+02     3.5907E-01     1.2428E+00     H2         35

 BOND    =        1.6580  ANGLE   =        3.0465  DIHED      =       25.0021
 VDWAALS =       -4.2631  EEL     =       90.6829  EGB        =     -175.7220
 1-4 VDW =        2.1990  1-4 EEL =     -150.5124  RESTRAINT  =        0.0000


   NSTEP       ENERGY          RMS            GMAX         NAME    NUMBER
     55      -2.0795E+02     4.7234E-01     1.8604E+00     OAC         6

 BOND    =        1.6721  ANGLE   =        3.0593  DIHED      =       25.0077
 VDWAALS =       -4.2572  EEL     =       90.7730  EGB        =     -175.7305
 1-4 VDW =        2.1687  1-4 EEL =     -150.6466  RESTRAINT  =        0.0000


   NSTEP       ENERGY          RMS            GMAX         NAME    NUMBER
     56      -2.0806E+02     2.0520E+00     9.2747E+00     CAO        15

 BOND    =        1.8072  ANGLE   =        3.1730  DIHED      =       25.0422
 VDWAALS =       -4.2229  EEL     =       91.2250  EGB        =     -175.7731
 1-4 VDW =        2.0213  1-4 EEL =     -151.3299  RESTRAINT  =        0.0000


   NSTEP       ENERGY          RMS            GMAX         NAME    NUMBER
     57      -2.0821E+02     3.0981E-01     1.0061E+00     HN         18

 BOND    =        1.9207  ANGLE   =        3.3088  DIHED      =       25.0885
 VDWAALS =       -4.1650  EEL     =       91.7307  EGB        =     -175.9269
 1-4 VDW =        1.8553  1-4 EEL =     -152.0243  RESTRAINT  =        0.0000


   NSTEP       ENERGY          RMS            GMAX         NAME    NUMBER
     58      -2.0821E+02     3.1076E-01     1.0085E+00     HN         18

 BOND    =        1.9220  ANGLE   =        3.3100  DIHED      =       25.0888
 VDWAALS =       -4.1646  EEL     =       91.7337  EGB        =     -175.9278
 1-4 VDW =        1.8544  1-4 EEL =     -152.0286  RESTRAINT  =        0.0000


   NSTEP       ENERGY          RMS            GMAX         NAME    NUMBER
     59      -2.0822E+02     2.9515E-01     9.0236E-01     HN         18

 BOND    =        1.9030  ANGLE   =        3.2994  DIHED      =       25.0864
 VDWAALS =       -4.1682  EEL     =       91.7605  EGB        =     -175.9208
 1-4 VDW =        1.8565  1-4 EEL =     -152.0345  RESTRAINT  =        0.0000


   NSTEP       ENERGY          RMS            GMAX         NAME    NUMBER
     60      -2.0822E+02     5.3204E-01     1.9106E+00     C           1

 BOND    =        1.8839  ANGLE   =        3.2872  DIHED      =       25.0836
 VDWAALS =       -4.1724  EEL     =       91.7926  EGB        =     -175.9123
 1-4 VDW =        1.8591  1-4 EEL =     -152.0417  RESTRAINT  =        0.0000


   NSTEP       ENERGY          RMS            GMAX         NAME    NUMBER
     61      -2.0823E+02     4.7383E-01     1.5433E+00     N           2

 BOND    =        1.8597  ANGLE   =        3.2955  DIHED      =       25.0827
 VDWAALS =       -4.1797  EEL     =       91.8384  EGB        =     -175.9155
 1-4 VDW =        1.8572  1-4 EEL =     -152.0733  RESTRAINT  =        0.0000


   NSTEP       ENERGY          RMS            GMAX         NAME    NUMBER
     62      -2.0828E+02     9.2794E-01     3.9314E+00     N           2

 BOND    =        1.7467  ANGLE   =        3.3594  DIHED      =       25.0788
 VDWAALS =       -4.2217  EEL     =       92.1098  EGB        =     -175.9336
 1-4 VDW =        1.8463  1-4 EEL =     -152.2614  RESTRAINT  =        0.0000


   NSTEP       ENERGY          RMS            GMAX         NAME    NUMBER
     63      -2.0832E+02     8.6434E-01     2.9068E+00     CAQ        16

 BOND    =        1.8516  ANGLE   =        3.3548  DIHED      =       25.1180
 VDWAALS =       -4.2724  EEL     =       92.4644  EGB        =     -176.0544
 1-4 VDW =        1.8165  1-4 EEL =     -152.6031  RESTRAINT  =        0.0000


   NSTEP       ENERGY          RMS            GMAX         NAME    NUMBER
     64      -2.0833E+02     7.6452E-01     2.6195E+00     HN         18

 BOND    =        1.8373  ANGLE   =        3.3532  DIHED      =       25.1139
 VDWAALS =       -4.2673  EEL     =       92.4281  EGB        =     -176.0422
 1-4 VDW =        1.8195  1-4 EEL =     -152.5679  RESTRAINT  =        0.0000


   NSTEP       ENERGY          RMS            GMAX         NAME    NUMBER
     65      -2.0835E+02     6.7826E-01     3.3701E+00     N           2

 BOND    =        1.9360  ANGLE   =        3.3801  DIHED      =       25.1228
 VDWAALS =       -4.2828  EEL     =       92.6199  EGB        =     -176.0704
 1-4 VDW =        1.8003  1-4 EEL =     -152.8599  RESTRAINT  =        0.0000


   NSTEP       ENERGY          RMS            GMAX         NAME    NUMBER
     66      -2.0835E+02     5.8593E-01     3.1059E+00     N           2

 BOND    =        1.9206  ANGLE   =        3.3756  DIHED      =       25.1215
 VDWAALS =       -4.2808  EEL     =       92.5958  EGB        =     -176.0669
 1-4 VDW =        1.8027  1-4 EEL =     -152.8231  RESTRAINT  =        0.0000


   NSTEP       ENERGY          RMS            GMAX         NAME    NUMBER
     67      -2.0838E+02     3.8951E-01     1.3275E+00     HA         19

 BOND    =        1.8742  ANGLE   =        3.3996  DIHED      =       25.0820
 VDWAALS =       -4.2852  EEL     =       92.6438  EGB        =     -176.0364
 1-4 VDW =        1.8022  1-4 EEL =     -152.8598  RESTRAINT  =        0.0000


   NSTEP       ENERGY          RMS            GMAX         NAME    NUMBER
     68      -2.0839E+02     5.2921E-01     2.0322E+00     CAO        15

 BOND    =        1.8456  ANGLE   =        3.4231  DIHED      =       25.0530
 VDWAALS =       -4.2885  EEL     =       92.6808  EGB        =     -176.0131
 1-4 VDW =        1.8019  1-4 EEL =     -152.8882  RESTRAINT  =        0.0000


   NSTEP       ENERGY          RMS            GMAX         NAME    NUMBER
     69      -2.0841E+02     5.7807E-01     1.7441E+00     CA          4

 BOND    =        1.8371  ANGLE   =        3.4899  DIHED      =       25.0096
 VDWAALS =       -4.2903  EEL     =       92.7511  EGB        =     -176.0118
 1-4 VDW =        1.7826  1-4 EEL =     -152.9783  RESTRAINT  =        0.0000


   NSTEP       ENERGY          RMS            GMAX         NAME    NUMBER
     70      -2.0841E+02     5.7455E-01     1.7253E+00     CA          4

 BOND    =        1.8371  ANGLE   =        3.4894  DIHED      =       25.0099
 VDWAALS =       -4.2903  EEL     =       92.7507  EGB        =     -176.0118
 1-4 VDW =        1.7827  1-4 EEL =     -152.9777  RESTRAINT  =        0.0000


   NSTEP       ENERGY          RMS            GMAX         NAME    NUMBER
     71      -2.0844E+02     5.8195E-01     2.2559E+00     CAO        15

 BOND    =        1.8950  ANGLE   =        3.5992  DIHED      =       24.9799
 VDWAALS =       -4.2731  EEL     =       92.7941  EGB        =     -175.9876
 1-4 VDW =        1.7619  1-4 EEL =     -153.2075  RESTRAINT  =        0.0000


   NSTEP       ENERGY          RMS            GMAX         NAME    NUMBER
     72      -2.0844E+02     6.6146E-01     2.5774E+00     CAO        15

 BOND    =        1.9057  ANGLE   =        3.6173  DIHED      =       24.9755
 VDWAALS =       -4.2705  EEL     =       92.8007  EGB        =     -175.9840
 1-4 VDW =        1.7588  1-4 EEL =     -153.2423  RESTRAINT  =        0.0000


   NSTEP       ENERGY          RMS            GMAX         NAME    NUMBER
     73      -2.0846E+02     8.0039E-01     2.7258E+00     CAQ        16

 BOND    =        1.9717  ANGLE   =        3.6869  DIHED      =       24.9600
 VDWAALS =       -4.2558  EEL     =       92.7971  EGB        =     -175.9635
 1-4 VDW =        1.7419  1-4 EEL =     -153.3990  RESTRAINT  =        0.0000


   NSTEP       ENERGY          RMS            GMAX         NAME    NUMBER
     74      -2.0846E+02     6.3401E-01     1.8663E+00     CAQ        16

 BOND    =        1.9553  ANGLE   =        3.6721  DIHED      =       24.9629
 VDWAALS =       -4.2586  EEL     =       92.7977  EGB        =     -175.9674
 1-4 VDW =        1.7450  1-4 EEL =     -153.3692  RESTRAINT  =        0.0000


   NSTEP       ENERGY          RMS            GMAX         NAME    NUMBER
     75      -2.0849E+02     3.9753E-01     1.1618E+00     O           3

 BOND    =        1.9092  ANGLE   =        3.7485  DIHED      =       24.9872
 VDWAALS =       -4.2452  EEL     =       92.7580  EGB        =     -175.9338
 1-4 VDW =        1.7334  1-4 EEL =     -153.4461  RESTRAINT  =        0.0000


   NSTEP       ENERGY          RMS            GMAX         NAME    NUMBER
     76      -2.0849E+02     2.8930E-01     1.0838E+00     O           3

 BOND    =        1.9019  ANGLE   =        3.7371  DIHED      =       24.9976
 VDWAALS =       -4.2427  EEL     =       92.7471  EGB        =     -175.9313
 1-4 VDW =        1.7347  1-4 EEL =     -153.4372  RESTRAINT  =        0.0000


   NSTEP       ENERGY          RMS            GMAX         NAME    NUMBER
     77      -2.0850E+02     2.2925E-01     8.5096E-01     O           3

 BOND    =        1.8945  ANGLE   =        3.7254  DIHED      =       25.0105
 VDWAALS =       -4.2391  EEL     =       92.7284  EGB        =     -175.9316
 1-4 VDW =        1.7356  1-4 EEL =     -153.4201  RESTRAINT  =        0.0000


   NSTEP       ENERGY          RMS            GMAX         NAME    NUMBER
     78      -2.0850E+02     1.9128E-01     7.0209E-01     HAKA       33

 BOND    =        1.8872  ANGLE   =        3.7132  DIHED      =       25.0234
 VDWAALS =       -4.2347  EEL     =       92.7026  EGB        =     -175.9330
 1-4 VDW =        1.7357  1-4 EEL =     -153.3944  RESTRAINT  =        0.0000


   NSTEP       ENERGY          RMS            GMAX         NAME    NUMBER
     79      -2.0850E+02     1.6803E-01     6.0109E-01     HAKA       33

 BOND    =        1.8786  ANGLE   =        3.7001  DIHED      =       25.0344
 VDWAALS =       -4.2294  EEL     =       92.6722  EGB        =     -175.9317
 1-4 VDW =        1.7356  1-4 EEL =     -153.3637  RESTRAINT  =        0.0000


   NSTEP       ENERGY          RMS            GMAX         NAME    NUMBER
     80      -1.9202E+02     1.8670E+01     8.5304E+01     CAH        10

 BOND    =        7.4649  ANGLE   =       10.0533  DIHED      =       27.2941
 VDWAALS =       -1.0512  EEL     =       83.4099  EGB        =     -176.6177
 1-4 VDW =        1.7576  1-4 EEL =     -144.3271  RESTRAINT  =        0.0000


   NSTEP       ENERGY          RMS            GMAX         NAME    NUMBER
     81      -2.0852E+02     5.1073E-01     2.3814E+00     CAH        10

 BOND    =        1.8424  ANGLE   =        3.6420  DIHED      =       25.0833
 VDWAALS =       -4.1849  EEL     =       92.4182  EGB        =     -175.9449
 1-4 VDW =        1.7305  1-4 EEL =     -153.1051  RESTRAINT  =        0.0000


   NSTEP       ENERGY          RMS            GMAX         NAME    NUMBER
     82      -2.0852E+02     5.7500E-01     2.3369E+00     CAH        10

 BOND    =        1.7894  ANGLE   =        3.5593  DIHED      =       25.1117
 VDWAALS =       -4.1413  EEL     =       92.1887  EGB        =     -175.9088
 1-4 VDW =        1.7331  1-4 EEL =     -152.8561  RESTRAINT  =        0.0000


   NSTEP       ENERGY          RMS            GMAX         NAME    NUMBER
     83      -2.0853E+02     2.9980E-01     1.2200E+00     H2         35

 BOND    =        1.8064  ANGLE   =        3.5886  DIHED      =       25.1008
 VDWAALS =       -4.1581  EEL     =       92.2759  EGB        =     -175.9225
 1-4 VDW =        1.7320  1-4 EEL =     -152.9507  RESTRAINT  =        0.0000


   NSTEP       ENERGY          RMS            GMAX         NAME    NUMBER
     84      -2.0853E+02     2.6762E-01     1.1650E+00     H2         35

 BOND    =        1.7986  ANGLE   =        3.5831  DIHED      =       25.0860
 VDWAALS =       -4.1483  EEL     =       92.2297  EGB        =     -175.9122
 1-4 VDW =        1.7313  1-4 EEL =     -152.9013  RESTRAINT  =        0.0000


   NSTEP       ENERGY          RMS            GMAX         NAME    NUMBER
     85      -2.0854E+02     5.9171E-01     2.9549E+00     CAQ        16

 BOND    =        1.7764  ANGLE   =        3.5674  DIHED      =       25.0329
 VDWAALS =       -4.1123  EEL     =       92.0621  EGB        =     -175.8750
 1-4 VDW =        1.7287  1-4 EEL =     -152.7223  RESTRAINT  =        0.0000


   NSTEP       ENERGY          RMS            GMAX         NAME    NUMBER
     86      -2.0856E+02     2.9188E-01     1.0070E+00     OAN        14

 BOND    =        1.7792  ANGLE   =        3.5460  DIHED      =       24.9603
 VDWAALS =       -4.0693  EEL     =       91.8347  EGB        =     -175.8487
 1-4 VDW =        1.7258  1-4 EEL =     -152.4857  RESTRAINT  =        0.0000


   NSTEP       ENERGY          RMS            GMAX         NAME    NUMBER
     87      -2.0856E+02     3.0923E-01     1.0377E+00     OAN        14

 BOND    =        1.7799  ANGLE   =        3.5449  DIHED      =       24.9553
 VDWAALS =       -4.0662  EEL     =       91.8187  EGB        =     -175.8469
 1-4 VDW =        1.7256  1-4 EEL =     -152.4691  RESTRAINT  =        0.0000


   NSTEP       ENERGY          RMS            GMAX         NAME    NUMBER
     88      -2.0856E+02     2.4650E-01     7.1324E-01     CAQ        16

 BOND    =        1.7889  ANGLE   =        3.5311  DIHED      =       24.9489
 VDWAALS =       -4.0547  EEL     =       91.7670  EGB        =     -175.8392
 1-4 VDW =        1.7311  1-4 EEL =     -152.4377  RESTRAINT  =        0.0000


   NSTEP       ENERGY          RMS            GMAX         NAME    NUMBER
     89      -2.0857E+02     3.9834E-01     1.4962E+00     CAO        15

 BOND    =        1.8042  ANGLE   =        3.5150  DIHED      =       24.9407
 VDWAALS =       -4.0398  EEL     =       91.7006  EGB        =     -175.8293
 1-4 VDW =        1.7382  1-4 EEL =     -152.3975  RESTRAINT  =        0.0000


   NSTEP       ENERGY          RMS            GMAX         NAME    NUMBER
     90      -2.0858E+02     4.3180E-01     1.1616E+00     CAO        15

 BOND    =        1.8203  ANGLE   =        3.4874  DIHED      =       24.9332
 VDWAALS =       -4.0141  EEL     =       91.5896  EGB        =     -175.8008
 1-4 VDW =        1.7529  1-4 EEL =     -152.3442  RESTRAINT  =        0.0000


   NSTEP       ENERGY          RMS            GMAX         NAME    NUMBER
     91      -2.0858E+02     3.5366E-01     9.8493E-01     HN         18

 BOND    =        1.8166  ANGLE   =        3.4915  DIHED      =       24.9344
 VDWAALS =       -4.0185  EEL     =       91.6082  EGB        =     -175.8055
 1-4 VDW =        1.7504  1-4 EEL =     -152.3531  RESTRAINT  =        0.0000


   NSTEP       ENERGY          RMS            GMAX         NAME    NUMBER
     92      -2.0858E+02     3.0702E-01     9.5932E-01     C           1

 BOND    =        1.7911  ANGLE   =        3.4881  DIHED      =       24.9386
 VDWAALS =       -4.0101  EEL     =       91.5957  EGB        =     -175.7818
 1-4 VDW =        1.7616  1-4 EEL =     -152.3681  RESTRAINT  =        0.0000


   NSTEP       ENERGY          RMS            GMAX         NAME    NUMBER
     93      -2.0859E+02     4.2856E-01     1.5608E+00     C           1

 BOND    =        1.7800  ANGLE   =        3.4873  DIHED      =       24.9410
 VDWAALS =       -4.0058  EEL     =       91.5892  EGB        =     -175.7694
 1-4 VDW =        1.7675  1-4 EEL =     -152.3758  RESTRAINT  =        0.0000


   NSTEP       ENERGY          RMS            GMAX         NAME    NUMBER
     94      -2.0860E+02     3.0522E-01     1.0771E+00     N           2

 BOND    =        1.7922  ANGLE   =        3.4739  DIHED      =       24.9655
 VDWAALS =       -3.9984  EEL     =       91.5792  EGB        =     -175.7860
 1-4 VDW =        1.7882  1-4 EEL =     -152.4157  RESTRAINT  =        0.0000


   NSTEP       ENERGY          RMS            GMAX         NAME    NUMBER
     95      -2.0861E+02     4.3666E-01     2.0918E+00     C           1

 BOND    =        1.8086  ANGLE   =        3.4647  DIHED      =       24.9898
 VDWAALS =       -3.9913  EEL     =       91.5695  EGB        =     -175.8019
 1-4 VDW =        1.8082  1-4 EEL =     -152.4535  RESTRAINT  =        0.0000


   NSTEP       ENERGY          RMS            GMAX         NAME    NUMBER
     96      -2.0860E+02     1.1029E+00     5.3141E+00     C           1

 BOND    =        1.8244  ANGLE   =        3.3938  DIHED      =       25.0485
 VDWAALS =       -3.9863  EEL     =       91.6028  EGB        =     -175.8137
 1-4 VDW =        1.8651  1-4 EEL =     -152.5346  RESTRAINT  =        0.0000


   NSTEP       ENERGY          RMS            GMAX         NAME    NUMBER
     97      -2.0861E+02     4.1130E-01     1.6614E+00     CAO        15

 BOND    =        1.8070  ANGLE   =        3.4317  DIHED      =       25.0150
 VDWAALS =       -3.9892  EEL     =       91.5840  EGB        =     -175.8069
 1-4 VDW =        1.8328  1-4 EEL =     -152.4890  RESTRAINT  =        0.0000


   NSTEP       ENERGY          RMS            GMAX         NAME    NUMBER
     98      -2.0863E+02     3.1234E-01     9.0663E-01     CAO        15

 BOND    =        1.8168  ANGLE   =        3.4147  DIHED      =       25.0302
 VDWAALS =       -3.9805  EEL     =       91.5724  EGB        =     -175.8084
 1-4 VDW =        1.8458  1-4 EEL =     -152.5171  RESTRAINT  =        0.0000


   NSTEP       ENERGY          RMS            GMAX         NAME    NUMBER
     99      -2.0863E+02     4.6829E-01     1.9480E+00     OAN        14

 BOND    =        1.8308  ANGLE   =        3.4006  DIHED      =       25.0453
 VDWAALS =       -3.9721  EEL     =       91.5609  EGB        =     -175.8099
 1-4 VDW =        1.8586  1-4 EEL =     -152.5442  RESTRAINT  =        0.0000


   NSTEP       ENERGY          RMS            GMAX         NAME    NUMBER
    100      -2.0864E+02     3.8594E-01     1.7371E+00     CA          4

 BOND    =        1.8454  ANGLE   =        3.3232  DIHED      =       25.0553
 VDWAALS =       -3.9551  EEL     =       91.5693  EGB        =     -175.8379
 1-4 VDW =        1.8747  1-4 EEL =     -152.5177  RESTRAINT  =        0.0000


  Maximum number of minimization cycles reached.


                    FINAL RESULTS



   NSTEP       ENERGY          RMS            GMAX         NAME    NUMBER
    100      -2.0864E+02     3.8594E-01     1.7371E+00     CA          4

 BOND    =        1.8454  ANGLE   =        3.3232  DIHED      =       25.0553
 VDWAALS =       -3.9551  EEL     =       91.5693  EGB        =     -175.8379
 1-4 VDW =        1.8747  1-4 EEL =     -152.5177  RESTRAINT  =        0.0000

--------------------------------------------------------------------------------
   5.  TIMINGS
--------------------------------------------------------------------------------

|    Read coords time           0.00 ( 0.40% of Total)
|    Fast Water setup           0.00 ( 0.01% of Total)
|                Calc gb radii              0.01 (28.18% of Gen B)
|                Calc gb diag               0.01 (42.45% of Gen B)
|                Calc gb off-diag           0.01 (29.08% of Gen B)
|                Other                      0.00 ( 0.30% of Gen B)
|             Gen Born time              0.02 (100.0% of Nonbo)
|             IPS excludes               0.00 ( 0.03% of Nonbo)
|          Nonbond force              0.02 (83.48% of Force)
|          Bond/Angle/Dihedral        0.00 (15.93% of Force)
|          Other                      0.00 ( 0.60% of Force)
|       Force time                 0.02 (100.0% of Runmd)
|    Runmd Time                 0.02 (47.95% of Total)
|    Other                      0.02 (51.64% of Total)
| Total time                 0.05 (99.33% of ALL  )

| Number of list builds   :          0

| Highest rstack allocated:          0
| Highest istack allocated:          0
|           Job began  at 00:09:40.932  on 02/05/2016
|           Setup done at 00:09:40.935  on 02/05/2016
|           Run   done at 00:09:40.978  on 02/05/2016
|     wallclock() was called    1828 times
