
          -------------------------------------------------------
          Amber 14 SANDER                              2014
          -------------------------------------------------------

| Run on 02/04/2016 at 23:20:56

|   Executable path: sander
| Working directory: /gpfs/gpfs/project1/dacase-001/haichit/phenix_amber/run_amber_library/amber_library/e
|          Hostname: e1c056

  [-O]verwriting output

File Assignments:
|  MDIN: EBN_sander.in                                                         
| MDOUT: EBN.min.out                                                           
|INPCRD: EBN.rst7                                                              
|  PARM: EBN.prmtop                                                            
|RESTRT: EBN.min.rst7                                                          
|  REFC: refc                                                                  
| MDVEL: mdvel                                                                 
| MDFRC: mdfrc                                                                 
|  MDEN: mden                                                                  
| MDCRD: mdcrd                                                                 
|MDINFO: mdinfo                                                                
|  MTMD: mtmd                                                                  
|INPDIP: inpdip                                                                
|RSTDIP: rstdip                                                                
|INPTRA: inptraj                                                               


 Here is the input file:

  short minimization                                                           
 &cntrl                                                                        
   imin=1, maxcyc=100, ncyc=50, ntpr=1, cut=99., ntb=0,                        
 /                                                                             

--------------------------------------------------------------------------------
   1.  RESOURCE   USE: 
--------------------------------------------------------------------------------

| Flags:                                                                        
|    NONPERIODIC   ntb=0 and igb=0: Setting up nonperiodic simulation
|  *** cutoff > system size, list only builds once
|Largest sphere to fit in unit cell has radius =    35.550
| New format PARM file being parsed.
| Version =    1.000 Date = 02/04/16 Time = 23:20:56
 NATOM  =      87 NTYPES =      12 NBONH =      46 MBONA  =      42
 NTHETH =     106 MTHETA =      54 NPHIH =     198 MPHIA  =     111
 NHPARM =       0 NPARM  =       0 NNB   =     493 NRES   =       1
 NBONA  =      42 NTHETA =      54 NPHIA =     111 NUMBND =      19
 NUMANG =      36 NPTRA  =      27 NATYP =      14 NPHB   =       0
 IFBOX  =       0 NMXRS  =      87 IFCAP =       0 NEXTRA =       0
 NCOPY  =       0


|     Memory Use     Allocated
|     Real               11331
|     Hollerith            264
|     Integer            37641
|     Max Pairs           3741
|     nblistReal          1044
|     nblist Int       1369522
|       Total             5609 kbytes

| Note: 1-4 EEL scale factors are being read from the topology file.

| Note: 1-4 VDW scale factors are being read from the topology file.
| Duplicated    0 dihedrals
| Duplicated    0 dihedrals

--------------------------------------------------------------------------------
   2.  CONTROL  DATA  FOR  THE  RUN
--------------------------------------------------------------------------------

EBN                                                                             

General flags:
     imin    =       1, nmropt  =       0

Nature and format of input:
     ntx     =       1, irest   =       0, ntrx    =       1

Nature and format of output:
     ntxo    =       1, ntpr    =       1, ntrx    =       1, ntwr    =       1
     iwrap   =       0, ntwx    =       0, ntwv    =       0, ntwe    =       0
     ioutfm  =       0, ntwprt  =       0, idecomp =       0, rbornstat=      0

Potential function:
     ntf     =       1, ntb     =       0, igb     =       0, nsnb    =      25
     ipol    =       0, gbsa    =       0, iesp    =       0
     dielc   =   1.00000, cut     =  99.00000, intdiel =   1.00000

Frozen or restrained atoms:
     ibelly  =       0, ntr     =       0

Energy minimization:
     maxcyc  =     100, ncyc    =      50, ntmin   =       1
     dx0     =   0.01000, drms    =   0.00010
|  INFO: Old style inpcrd file read


--------------------------------------------------------------------------------
   3.  ATOMIC COORDINATES AND VELOCITIES
--------------------------------------------------------------------------------

EBN                                                                             
 begin time read from input coords =     0.000 ps

 Number of triangulated 3-point waters found:        0

     Sum of charges from parm topology file =  -0.00100000
     Forcing neutrality...

--------------------------------------------------------------------------------
   4.  RESULTS
--------------------------------------------------------------------------------

 ---------------------------------------------------

     eedmeth=4: Setting switch to one everywhere

 ---------------------------------------------------
| Local SIZE OF NONBOND LIST =       3258
| TOTAL SIZE OF NONBOND LIST =       3258


   NSTEP       ENERGY          RMS            GMAX         NAME    NUMBER
      1      -1.6265E+02     1.6849E+01     7.1010E+01     NAE        34

 BOND    =       19.3407  ANGLE   =        8.2536  DIHED      =       41.1484
 VDWAALS =       -9.3411  EEL     =      -59.7668  HBOND      =        0.0000
 1-4 VDW =       15.5077  1-4 EEL =     -177.7937  RESTRAINT  =        0.0000


   NSTEP       ENERGY          RMS            GMAX         NAME    NUMBER
      2      -1.6579E+02     1.5521E+01     6.5933E+01     NAE        34

 BOND    =       16.7676  ANGLE   =        8.0185  DIHED      =       41.0732
 VDWAALS =       -9.3501  EEL     =      -59.7415  HBOND      =        0.0000
 1-4 VDW =       15.5020  1-4 EEL =     -178.0575  RESTRAINT  =        0.0000


   NSTEP       ENERGY          RMS            GMAX         NAME    NUMBER
      3      -1.6922E+02     1.3987E+01     5.9856E+01     NAE        34

 BOND    =       13.9724  ANGLE   =        7.7916  DIHED      =       40.9821
 VDWAALS =       -9.3622  EEL     =      -59.7078  HBOND      =        0.0000
 1-4 VDW =       15.4936  1-4 EEL =     -178.3880  RESTRAINT  =        0.0000


   NSTEP       ENERGY          RMS            GMAX         NAME    NUMBER
      4      -1.7287E+02     1.2238E+01     5.2622E+01     NAE        34

 BOND    =       11.0298  ANGLE   =        7.5896  DIHED      =       40.8712
 VDWAALS =       -9.3785  EEL     =      -59.6614  HBOND      =        0.0000
 1-4 VDW =       15.4811  1-4 EEL =     -178.8064  RESTRAINT  =        0.0000


   NSTEP       ENERGY          RMS            GMAX         NAME    NUMBER
      5      -1.7664E+02     1.0296E+01     4.4101E+01     NAE        34

 BOND    =        8.0723  ANGLE   =        7.4303  DIHED      =       40.7348
 VDWAALS =       -9.4014  EEL     =      -59.5946  HBOND      =        0.0000
 1-4 VDW =       15.4618  1-4 EEL =     -179.3439  RESTRAINT  =        0.0000


   NSTEP       ENERGY          RMS            GMAX         NAME    NUMBER
      6      -1.8035E+02     8.2343E+00     3.5827E+01     NAC        32

 BOND    =        5.3101  ANGLE   =        7.3208  DIHED      =       40.5648
 VDWAALS =       -9.4345  EEL     =      -59.4928  HBOND      =        0.0000
 1-4 VDW =       15.4314  1-4 EEL =     -180.0470  RESTRAINT  =        0.0000


   NSTEP       ENERGY          RMS            GMAX         NAME    NUMBER
      7      -1.8380E+02     6.2379E+00     2.6660E+01     NAC        32

 BOND    =        3.0389  ANGLE   =        7.2256  DIHED      =       40.3494
 VDWAALS =       -9.4840  EEL     =      -59.3261  HBOND      =        0.0000
 1-4 VDW =       15.3831  1-4 EEL =     -180.9857  RESTRAINT  =        0.0000


   NSTEP       ENERGY          RMS            GMAX         NAME    NUMBER
      8      -1.8687E+02     4.6324E+00     2.3244E+01     NAC        32

 BOND    =        1.5846  ANGLE   =        7.0053  DIHED      =       40.0749
 VDWAALS =       -9.5600  EEL     =      -59.0336  HBOND      =        0.0000
 1-4 VDW =       15.3088  1-4 EEL =     -182.2522  RESTRAINT  =        0.0000


   NSTEP       ENERGY          RMS            GMAX         NAME    NUMBER
      9      -1.8966E+02     3.5999E+00     1.9411E+01     HNAF       77

 BOND    =        1.0578  ANGLE   =        6.4114  DIHED      =       39.7457
 VDWAALS =       -9.6731  EEL     =      -58.5158  HBOND      =        0.0000
 1-4 VDW =       15.2117  1-4 EEL =     -183.8988  RESTRAINT  =        0.0000


   NSTEP       ENERGY          RMS            GMAX         NAME    NUMBER
     10      -1.9231E+02     2.8531E+00     1.7188E+01     HNAF       77

 BOND    =        1.0855  ANGLE   =        5.4632  DIHED      =       39.4179
 VDWAALS =       -9.8209  EEL     =      -57.7114  HBOND      =        0.0000
 1-4 VDW =       15.1175  1-4 EEL =     -185.8659  RESTRAINT  =        0.0000


   NSTEP       ENERGY          RMS            GMAX         NAME    NUMBER
     11      -1.9481E+02     2.2297E+00     1.4138E+01     HNAF       77

 BOND    =        1.2857  ANGLE   =        4.6415  DIHED      =       39.1633
 VDWAALS =       -9.9922  EEL     =      -56.6633  HBOND      =        0.0000
 1-4 VDW =       14.9927  1-4 EEL =     -188.2405  RESTRAINT  =        0.0000


   NSTEP       ENERGY          RMS            GMAX         NAME    NUMBER
     12      -1.9697E+02     2.2403E+00     9.9173E+00     C          23

 BOND    =        1.7701  ANGLE   =        3.9668  DIHED      =       38.9455
 VDWAALS =      -10.1591  EEL     =      -55.2200  HBOND      =        0.0000
 1-4 VDW =       14.8290  1-4 EEL =     -191.1038  RESTRAINT  =        0.0000


   NSTEP       ENERGY          RMS            GMAX         NAME    NUMBER
     13      -1.9408E+02     1.0536E+01     7.4625E+01     C          23

 BOND    =        5.7848  ANGLE   =        5.2105  DIHED      =       39.0125
 VDWAALS =      -10.3079  EEL     =      -54.3038  HBOND      =        0.0000
 1-4 VDW =       14.4332  1-4 EEL =     -193.9126  RESTRAINT  =        0.0000


   NSTEP       ENERGY          RMS            GMAX         NAME    NUMBER
     14      -1.9851E+02     2.1439E+00     1.0836E+01     C          23

 BOND    =        2.2548  ANGLE   =        4.0471  DIHED      =       38.8804
 VDWAALS =      -10.2940  EEL     =      -53.9421  HBOND      =        0.0000
 1-4 VDW =       14.5799  1-4 EEL =     -194.0357  RESTRAINT  =        0.0000


   NSTEP       ENERGY          RMS            GMAX         NAME    NUMBER
     15      -1.9751E+02     6.3850E+00     4.0627E+01     C          23

 BOND    =        3.7266  ANGLE   =        3.9054  DIHED      =       38.7778
 VDWAALS =      -10.3200  EEL     =      -53.0942  HBOND      =        0.0000
 1-4 VDW =       14.5626  1-4 EEL =     -195.0710  RESTRAINT  =        0.0000


   NSTEP       ENERGY          RMS            GMAX         NAME    NUMBER
     16      -1.9919E+02     1.7374E+00     5.3864E+00     C          23

 BOND    =        2.4217  ANGLE   =        3.8930  DIHED      =       38.8396
 VDWAALS =      -10.3398  EEL     =      -53.1727  HBOND      =        0.0000
 1-4 VDW =       14.4583  1-4 EEL =     -195.2898  RESTRAINT  =        0.0000


   NSTEP       ENERGY          RMS            GMAX         NAME    NUMBER
     17      -1.9923E+02     3.0362E+00     1.7255E+01     C          23

 BOND    =        2.8283  ANGLE   =        4.1334  DIHED      =       38.8751
 VDWAALS =      -10.3798  EEL     =      -52.9643  HBOND      =        0.0000
 1-4 VDW =       14.3723  1-4 EEL =     -196.0914  RESTRAINT  =        0.0000


   NSTEP       ENERGY          RMS            GMAX         NAME    NUMBER
     18      -1.9916E+02     4.0158E+00     2.5398E+01     C          23

 BOND    =        3.0635  ANGLE   =        3.9000  DIHED      =       38.8006
 VDWAALS =      -10.3795  EEL     =      -52.5272  HBOND      =        0.0000
 1-4 VDW =       14.4095  1-4 EEL =     -196.4287  RESTRAINT  =        0.0000


   NSTEP       ENERGY          RMS            GMAX         NAME    NUMBER
     19      -1.9985E+02     1.0108E+00     4.3030E+00     HNAF       77

 BOND    =        2.5754  ANGLE   =        3.9636  DIHED      =       38.8486
 VDWAALS =      -10.3953  EEL     =      -52.5614  HBOND      =        0.0000
 1-4 VDW =       14.3231  1-4 EEL =     -196.6076  RESTRAINT  =        0.0000


   NSTEP       ENERGY          RMS            GMAX         NAME    NUMBER
     20      -2.0011E+02     1.3082E+00     4.4601E+00     CAB        31

 BOND    =        2.7902  ANGLE   =        4.0085  DIHED      =       38.8523
 VDWAALS =      -10.4277  EEL     =      -52.2455  HBOND      =        0.0000
 1-4 VDW =       14.2587  1-4 EEL =     -197.3433  RESTRAINT  =        0.0000


   NSTEP       ENERGY          RMS            GMAX         NAME    NUMBER
     21      -2.0014E+02     2.3901E+00     8.5341E+00     CBO        11

 BOND    =        2.8984  ANGLE   =        4.0787  DIHED      =       38.8519
 VDWAALS =      -10.4439  EEL     =      -51.8693  HBOND      =        0.0000
 1-4 VDW =       14.1815  1-4 EEL =     -197.8360  RESTRAINT  =        0.0000


   NSTEP       ENERGY          RMS            GMAX         NAME    NUMBER
     22      -2.0013E+02     3.0782E+00     1.4152E+01     CBE         1

 BOND    =        3.2992  ANGLE   =        4.1321  DIHED      =       38.8789
 VDWAALS =      -10.4725  EEL     =      -51.8451  HBOND      =        0.0000
 1-4 VDW =       14.1252  1-4 EEL =     -198.2435  RESTRAINT  =        0.0000


   NSTEP       ENERGY          RMS            GMAX         NAME    NUMBER
     23      -2.0058E+02     8.6719E-01     3.0644E+00     OAW        15

 BOND    =        2.9096  ANGLE   =        4.0304  DIHED      =       38.8580
 VDWAALS =      -10.4698  EEL     =      -51.7076  HBOND      =        0.0000
 1-4 VDW =       14.1372  1-4 EEL =     -198.3347  RESTRAINT  =        0.0000


   NSTEP       ENERGY          RMS            GMAX         NAME    NUMBER
     24      -2.0073E+02     1.3030E+00     4.9395E+00     CAV        14

 BOND    =        2.9422  ANGLE   =        4.1282  DIHED      =       38.8805
 VDWAALS =      -10.4921  EEL     =      -51.4528  HBOND      =        0.0000
 1-4 VDW =       14.0406  1-4 EEL =     -198.7765  RESTRAINT  =        0.0000


   NSTEP       ENERGY          RMS            GMAX         NAME    NUMBER
     25      -2.0070E+02     2.3521E+00     9.6999E+00     C          23

 BOND    =        3.3188  ANGLE   =        4.0288  DIHED      =       38.8457
 VDWAALS =      -10.5070  EEL     =      -51.2624  HBOND      =        0.0000
 1-4 VDW =       14.0668  1-4 EEL =     -199.1913  RESTRAINT  =        0.0000


   NSTEP       ENERGY          RMS            GMAX         NAME    NUMBER
     26      -2.0097E+02     7.7858E-01     3.0737E+00     OAW        15

 BOND    =        3.0661  ANGLE   =        4.0805  DIHED      =       38.8734
 VDWAALS =      -10.5136  EEL     =      -51.2428  HBOND      =        0.0000
 1-4 VDW =       14.0093  1-4 EEL =     -199.2392  RESTRAINT  =        0.0000


   NSTEP       ENERGY          RMS            GMAX         NAME    NUMBER
     27      -2.0108E+02     9.1624E-01     2.8308E+00     CAA        30

 BOND    =        3.0572  ANGLE   =        4.1179  DIHED      =       38.8788
 VDWAALS =      -10.5270  EEL     =      -51.0611  HBOND      =        0.0000
 1-4 VDW =       13.9576  1-4 EEL =     -199.5071  RESTRAINT  =        0.0000


   NSTEP       ENERGY          RMS            GMAX         NAME    NUMBER
     28      -2.0116E+02     1.3289E+00     4.9176E+00     C          23

 BOND    =        3.2709  ANGLE   =        4.1137  DIHED      =       38.8875
 VDWAALS =      -10.5456  EEL     =      -50.9623  HBOND      =        0.0000
 1-4 VDW =       13.9181  1-4 EEL =     -199.8404  RESTRAINT  =        0.0000


   NSTEP       ENERGY          RMS            GMAX         NAME    NUMBER
     29      -2.0118E+02     1.8353E+00     8.8002E+00     C          23

 BOND    =        3.1841  ANGLE   =        4.1447  DIHED      =       38.8734
 VDWAALS =      -10.5507  EEL     =      -50.7711  HBOND      =        0.0000
 1-4 VDW =       13.9019  1-4 EEL =     -199.9626  RESTRAINT  =        0.0000


   NSTEP       ENERGY          RMS            GMAX         NAME    NUMBER
     30      -2.0116E+02     2.4334E+00     1.6078E+01     C          23

 BOND    =        3.4988  ANGLE   =        4.2119  DIHED      =       38.9176
 VDWAALS =      -10.5696  EEL     =      -50.8009  HBOND      =        0.0000
 1-4 VDW =       13.8211  1-4 EEL =     -200.2384  RESTRAINT  =        0.0000


   NSTEP       ENERGY          RMS            GMAX         NAME    NUMBER
     31      -2.0143E+02     6.7345E-01     2.6533E+00     OAW        15

 BOND    =        3.2411  ANGLE   =        4.1119  DIHED      =       38.8879
 VDWAALS =      -10.5682  EEL     =      -50.7042  HBOND      =        0.0000
 1-4 VDW =       13.8529  1-4 EEL =     -200.2496  RESTRAINT  =        0.0000


   NSTEP       ENERGY          RMS            GMAX         NAME    NUMBER
     32      -2.0152E+02     9.6990E-01     3.9268E+00     CAV        14

 BOND    =        3.2007  ANGLE   =        4.1974  DIHED      =       38.9010
 VDWAALS =      -10.5822  EEL     =      -50.5623  HBOND      =        0.0000
 1-4 VDW =       13.7957  1-4 EEL =     -200.4713  RESTRAINT  =        0.0000


   NSTEP       ENERGY          RMS            GMAX         NAME    NUMBER
     33      -2.0153E+02     1.6253E+00     7.3302E+00     CBE         1

 BOND    =        3.4991  ANGLE   =        4.0694  DIHED      =       38.8828
 VDWAALS =      -10.5956  EEL     =      -50.4666  HBOND      =        0.0000
 1-4 VDW =       13.7956  1-4 EEL =     -200.7154  RESTRAINT  =        0.0000


   NSTEP       ENERGY          RMS            GMAX         NAME    NUMBER
     34      -2.0154E+02     2.0138E+00     1.3264E+01     CAV        14

 BOND    =        3.2947  ANGLE   =        4.3203  DIHED      =       38.9243
 VDWAALS =      -10.6035  EEL     =      -50.4184  HBOND      =        0.0000
 1-4 VDW =       13.7182  1-4 EEL =     -200.7751  RESTRAINT  =        0.0000


   NSTEP       ENERGY          RMS            GMAX         NAME    NUMBER
     35      -2.0146E+02     2.7536E+00     1.8656E+01     CAV        14

 BOND    =        3.6991  ANGLE   =        4.0432  DIHED      =       38.8648
 VDWAALS =      -10.6087  EEL     =      -50.2972  HBOND      =        0.0000
 1-4 VDW =       13.7798  1-4 EEL =     -200.9429  RESTRAINT  =        0.0000


   NSTEP       ENERGY          RMS            GMAX         NAME    NUMBER
     36      -2.0178E+02     6.2455E-01     2.4497E+00     OAW        15

 BOND    =        3.3659  ANGLE   =        4.1326  DIHED      =       38.9010
 VDWAALS =      -10.6140  EEL     =      -50.3228  HBOND      =        0.0000
 1-4 VDW =       13.7236  1-4 EEL =     -200.9685  RESTRAINT  =        0.0000


   NSTEP       ENERGY          RMS            GMAX         NAME    NUMBER
     37      -2.0184E+02     1.1152E+00     5.3321E+00     CBE         1

 BOND    =        3.3056  ANGLE   =        4.2327  DIHED      =       38.9127
 VDWAALS =      -10.6270  EEL     =      -50.2064  HBOND      =        0.0000
 1-4 VDW =       13.6756  1-4 EEL =     -201.1375  RESTRAINT  =        0.0000


   NSTEP       ENERGY          RMS            GMAX         NAME    NUMBER
     38      -2.0182E+02     1.7781E+00     9.4142E+00     CBE         1

 BOND    =        3.6340  ANGLE   =        4.0833  DIHED      =       38.8945
 VDWAALS =      -10.6376  EEL     =      -50.1428  HBOND      =        0.0000
 1-4 VDW =       13.6746  1-4 EEL =     -201.3265  RESTRAINT  =        0.0000


   NSTEP       ENERGY          RMS            GMAX         NAME    NUMBER
     39      -2.0198E+02     5.6786E-01     2.5055E+00     OAW        15

 BOND    =        3.4211  ANGLE   =        4.1494  DIHED      =       38.9104
 VDWAALS =      -10.6404  EEL     =      -50.1331  HBOND      =        0.0000
 1-4 VDW =       13.6489  1-4 EEL =     -201.3337  RESTRAINT  =        0.0000


   NSTEP       ENERGY          RMS            GMAX         NAME    NUMBER
     40      -2.0204E+02     7.5903E-01     3.1620E+00     NBD        12

 BOND    =        3.3711  ANGLE   =        4.1843  DIHED      =       38.9085
 VDWAALS =      -10.6487  EEL     =      -50.0413  HBOND      =        0.0000
 1-4 VDW =       13.6286  1-4 EEL =     -201.4404  RESTRAINT  =        0.0000


   NSTEP       ENERGY          RMS            GMAX         NAME    NUMBER
     41      -2.0206E+02     1.1705E+00     5.4908E+00     CBE         1

 BOND    =        3.5639  ANGLE   =        4.1555  DIHED      =       38.9236
 VDWAALS =      -10.6613  EEL     =      -50.0260  HBOND      =        0.0000
 1-4 VDW =       13.5848  1-4 EEL =     -201.6028  RESTRAINT  =        0.0000


   NSTEP       ENERGY          RMS            GMAX         NAME    NUMBER
     42      -2.0208E+02     1.4790E+00     7.7805E+00     C          23

 BOND    =        3.4354  ANGLE   =        4.1752  DIHED      =       38.8995
 VDWAALS =      -10.6623  EEL     =      -49.9152  HBOND      =        0.0000
 1-4 VDW =       13.6083  1-4 EEL =     -201.6159  RESTRAINT  =        0.0000


   NSTEP       ENERGY          RMS            GMAX         NAME    NUMBER
     43      -2.0205E+02     1.9594E+00     1.2915E+01     C          23

 BOND    =        3.6621  ANGLE   =        4.2290  DIHED      =       38.9446
 VDWAALS =      -10.6757  EEL     =      -49.9719  HBOND      =        0.0000
 1-4 VDW =       13.5252  1-4 EEL =     -201.7666  RESTRAINT  =        0.0000


   NSTEP       ENERGY          RMS            GMAX         NAME    NUMBER
     44      -2.0222E+02     5.1120E-01     2.2650E+00     OAW        15

 BOND    =        3.4882  ANGLE   =        4.1540  DIHED      =       38.9183
 VDWAALS =      -10.6743  EEL     =      -49.9070  HBOND      =        0.0000
 1-4 VDW =       13.5588  1-4 EEL =     -201.7609  RESTRAINT  =        0.0000


   NSTEP       ENERGY          RMS            GMAX         NAME    NUMBER
     45      -2.0228E+02     7.5340E-01     3.8523E+00     NBD        12

 BOND    =        3.4363  ANGLE   =        4.2009  DIHED      =       38.9205
 VDWAALS =      -10.6833  EEL     =      -49.8331  HBOND      =        0.0000
 1-4 VDW =       13.5358  1-4 EEL =     -201.8553  RESTRAINT  =        0.0000


   NSTEP       ENERGY          RMS            GMAX         NAME    NUMBER
     46      -2.0229E+02     1.2131E+00     7.5912E+00     CBE         1

 BOND    =        3.6539  ANGLE   =        4.1312  DIHED      =       38.9234
 VDWAALS =      -10.6939  EEL     =      -49.8097  HBOND      =        0.0000
 1-4 VDW =       13.5070  1-4 EEL =     -201.9984  RESTRAINT  =        0.0000


   NSTEP       ENERGY          RMS            GMAX         NAME    NUMBER
     47      -2.0231E+02     1.3566E+00     8.3812E+00     NBD        12

 BOND    =        3.4604  ANGLE   =        4.2420  DIHED      =       38.9257
 VDWAALS =      -10.6966  EEL     =      -49.7514  HBOND      =        0.0000
 1-4 VDW =       13.5033  1-4 EEL =     -201.9912  RESTRAINT  =        0.0000


   NSTEP       ENERGY          RMS            GMAX         NAME    NUMBER
     48      -2.0229E+02     1.7435E+00     1.1592E+01     CBE         1

 BOND    =        3.7665  ANGLE   =        4.1347  DIHED      =       38.9231
 VDWAALS =      -10.7059  EEL     =      -49.7425  HBOND      =        0.0000
 1-4 VDW =       13.4769  1-4 EEL =     -202.1415  RESTRAINT  =        0.0000


   NSTEP       ENERGY          RMS            GMAX         NAME    NUMBER
     49      -2.0245E+02     4.5236E-01     2.1929E+00     OAW        15

 BOND    =        3.5427  ANGLE   =        4.1616  DIHED      =       38.9283
 VDWAALS =      -10.7070  EEL     =      -49.7243  HBOND      =        0.0000
 1-4 VDW =       13.4734  1-4 EEL =     -202.1238  RESTRAINT  =        0.0000


   NSTEP       ENERGY          RMS            GMAX         NAME    NUMBER
     50      -2.0250E+02     7.2951E-01     3.3831E+00     NBD        12

 BOND    =        3.5012  ANGLE   =        4.1898  DIHED      =       38.9244
 VDWAALS =      -10.7158  EEL     =      -49.6489  HBOND      =        0.0000
 1-4 VDW =       13.4585  1-4 EEL =     -202.2124  RESTRAINT  =        0.0000


   NSTEP       ENERGY          RMS            GMAX         NAME    NUMBER
     51      -2.0248E+02     1.4298E+00     6.9289E+00     CBE         1

 BOND    =        3.7361  ANGLE   =        4.1655  DIHED      =       38.9479
 VDWAALS =      -10.7278  EEL     =      -49.6694  HBOND      =        0.0000
 1-4 VDW =       13.4053  1-4 EEL =     -202.3391  RESTRAINT  =        0.0000


   NSTEP       ENERGY          RMS            GMAX         NAME    NUMBER
     52      -2.0108E+02     5.8570E+00     3.3051E+01     C          23

 BOND    =        4.5385  ANGLE   =        4.4010  DIHED      =       38.8615
 VDWAALS =      -10.7223  EEL     =      -49.4000  HBOND      =        0.0000
 1-4 VDW =       13.5299  1-4 EEL =     -202.2891  RESTRAINT  =        0.0000


   NSTEP       ENERGY          RMS            GMAX         NAME    NUMBER
     53      -2.0259E+02     4.5563E-01     1.7461E+00     OAW        15

 BOND    =        3.5688  ANGLE   =        4.1553  DIHED      =       38.9291
 VDWAALS =      -10.7267  EEL     =      -49.6131  HBOND      =        0.0000
 1-4 VDW =       13.4296  1-4 EEL =     -202.3285  RESTRAINT  =        0.0000


   NSTEP       ENERGY          RMS            GMAX         NAME    NUMBER
     54      -2.0260E+02     4.0419E-01     1.9260E+00     OAW        15

 BOND    =        3.5524  ANGLE   =        4.1744  DIHED      =       38.9327
 VDWAALS =      -10.7294  EEL     =      -49.6038  HBOND      =        0.0000
 1-4 VDW =       13.4196  1-4 EEL =     -202.3504  RESTRAINT  =        0.0000


   NSTEP       ENERGY          RMS            GMAX         NAME    NUMBER
     55      -2.0263E+02     8.6119E-01     5.6887E+00     CAV        14

 BOND    =        3.5282  ANGLE   =        4.2383  DIHED      =       38.9435
 VDWAALS =      -10.7372  EEL     =      -49.5764  HBOND      =        0.0000
 1-4 VDW =       13.3901  1-4 EEL =     -202.4148  RESTRAINT  =        0.0000


   NSTEP       ENERGY          RMS            GMAX         NAME    NUMBER
     56      -2.0271E+02     8.3028E-01     5.4474E+00     CAV        14

 BOND    =        3.5480  ANGLE   =        4.2409  DIHED      =       38.9477
 VDWAALS =      -10.7499  EEL     =      -49.5177  HBOND      =        0.0000
 1-4 VDW =       13.3581  1-4 EEL =     -202.5396  RESTRAINT  =        0.0000


   NSTEP       ENERGY          RMS            GMAX         NAME    NUMBER
     57      -2.0333E+02     7.6705E-01     3.4954E+00     CAV        14

 BOND    =        3.7517  ANGLE   =        4.3546  DIHED      =       39.0088
 VDWAALS =      -10.8643  EEL     =      -48.9784  HBOND      =        0.0000
 1-4 VDW =       13.0705  1-4 EEL =     -203.6760  RESTRAINT  =        0.0000


   NSTEP       ENERGY          RMS            GMAX         NAME    NUMBER
     58      -2.0373E+02     1.4297E+00     7.5680E+00     CAD        33

 BOND    =        4.1962  ANGLE   =        4.9155  DIHED      =       39.2043
 VDWAALS =      -11.0449  EEL     =      -48.0664  HBOND      =        0.0000
 1-4 VDW =       12.6113  1-4 EEL =     -205.5441  RESTRAINT  =        0.0000


   NSTEP       ENERGY          RMS            GMAX         NAME    NUMBER
     59      -1.9644E+02     1.1216E+01     6.2658E+01     CAD        33

 BOND    =       11.2355  ANGLE   =        6.9168  DIHED      =       39.7544
 VDWAALS =      -11.2879  EEL     =      -46.8863  HBOND      =        0.0000
 1-4 VDW =       12.1422  1-4 EEL =     -208.3158  RESTRAINT  =        0.0000


   NSTEP       ENERGY          RMS            GMAX         NAME    NUMBER
     60      -2.0386E+02     4.2919E-01     1.7726E+00     CAV        14

 BOND    =        4.3218  ANGLE   =        4.9067  DIHED      =       39.2448
 VDWAALS =      -11.0756  EEL     =      -47.9298  HBOND      =        0.0000
 1-4 VDW =       12.5517  1-4 EEL =     -205.8756  RESTRAINT  =        0.0000


   NSTEP       ENERGY          RMS            GMAX         NAME    NUMBER
     61      -2.0388E+02     3.6734E-01     1.7015E+00     OAW        15

 BOND    =        4.3425  ANGLE   =        4.8853  DIHED      =       39.2379
 VDWAALS =      -11.0767  EEL     =      -47.9496  HBOND      =        0.0000
 1-4 VDW =       12.5537  1-4 EEL =     -205.8694  RESTRAINT  =        0.0000


   NSTEP       ENERGY          RMS            GMAX         NAME    NUMBER
     62      -2.0390E+02     6.7496E-01     2.7307E+00     N          21

 BOND    =        4.4288  ANGLE   =        4.8301  DIHED      =       39.2182
 VDWAALS =      -11.0798  EEL     =      -48.0069  HBOND      =        0.0000
 1-4 VDW =       12.5594  1-4 EEL =     -205.8512  RESTRAINT  =        0.0000


   NSTEP       ENERGY          RMS            GMAX         NAME    NUMBER
     63      -2.0397E+02     5.6853E-01     3.5345E+00     HNAE       75

 BOND    =        4.5376  ANGLE   =        4.7185  DIHED      =       39.1918
 VDWAALS =      -11.0833  EEL     =      -48.1677  HBOND      =        0.0000
 1-4 VDW =       12.5811  1-4 EEL =     -205.7505  RESTRAINT  =        0.0000


   NSTEP       ENERGY          RMS            GMAX         NAME    NUMBER
     64      -2.0401E+02     9.5178E-01     4.7142E+00     HNAE       75

 BOND    =        4.7180  ANGLE   =        4.5892  DIHED      =       39.1588
 VDWAALS =      -11.0875  EEL     =      -48.3731  HBOND      =        0.0000
 1-4 VDW =       12.6093  1-4 EEL =     -205.6202  RESTRAINT  =        0.0000


   NSTEP       ENERGY          RMS            GMAX         NAME    NUMBER
     65      -2.0416E+02     7.9445E-01     5.0763E+00     NAE        34

 BOND    =        4.6477  ANGLE   =        4.4880  DIHED      =       39.1292
 VDWAALS =      -11.0935  EEL     =      -48.8573  HBOND      =        0.0000
 1-4 VDW =       12.6709  1-4 EEL =     -205.1410  RESTRAINT  =        0.0000


   NSTEP       ENERGY          RMS            GMAX         NAME    NUMBER
     66      -2.0419E+02     1.2072E+00     7.3695E+00     CAV        14

 BOND    =        4.6303  ANGLE   =        4.4439  DIHED      =       39.1075
 VDWAALS =      -11.0974  EEL     =      -49.2371  HBOND      =        0.0000
 1-4 VDW =       12.7211  1-4 EEL =     -204.7605  RESTRAINT  =        0.0000


   NSTEP       ENERGY          RMS            GMAX         NAME    NUMBER
     67      -2.0437E+02     1.0287E+00     5.9161E+00     CAD        33

 BOND    =        4.0067  ANGLE   =        4.4530  DIHED      =       39.0842
 VDWAALS =      -11.1004  EEL     =      -50.0540  HBOND      =        0.0000
 1-4 VDW =       12.8286  1-4 EEL =     -203.5909  RESTRAINT  =        0.0000


   NSTEP       ENERGY          RMS            GMAX         NAME    NUMBER
     68      -2.0437E+02     9.8948E-01     5.6992E+00     CAD        33

 BOND    =        4.0267  ANGLE   =        4.4501  DIHED      =       39.0849
 VDWAALS =      -11.1004  EEL     =      -50.0229  HBOND      =        0.0000
 1-4 VDW =       12.8243  1-4 EEL =     -203.6359  RESTRAINT  =        0.0000


   NSTEP       ENERGY          RMS            GMAX         NAME    NUMBER
     69      -2.0452E+02     7.1225E-01     4.4981E+00     NAC        32

 BOND    =        3.5936  ANGLE   =        4.3580  DIHED      =       39.0883
 VDWAALS =      -11.0951  EEL     =      -50.4955  HBOND      =        0.0000
 1-4 VDW =       12.8285  1-4 EEL =     -202.7941  RESTRAINT  =        0.0000


   NSTEP       ENERGY          RMS            GMAX         NAME    NUMBER
     70      -2.0452E+02     8.2704E-01     5.8827E+00     NAC        32

 BOND    =        3.5184  ANGLE   =        4.3459  DIHED      =       39.0896
 VDWAALS =      -11.0937  EEL     =      -50.5951  HBOND      =        0.0000
 1-4 VDW =       12.8299  1-4 EEL =     -202.6157  RESTRAINT  =        0.0000


   NSTEP       ENERGY          RMS            GMAX         NAME    NUMBER
     71      -2.0462E+02     7.5204E-01     3.6827E+00     C          23

 BOND    =        3.5456  ANGLE   =        4.2906  DIHED      =       39.0893
 VDWAALS =      -11.0824  EEL     =      -50.9262  HBOND      =        0.0000
 1-4 VDW =       12.7883  1-4 EEL =     -202.3274  RESTRAINT  =        0.0000


   NSTEP       ENERGY          RMS            GMAX         NAME    NUMBER
     72      -2.0462E+02     7.4374E-01     3.6261E+00     C          23

 BOND    =        3.5445  ANGLE   =        4.2909  DIHED      =       39.0893
 VDWAALS =      -11.0826  EEL     =      -50.9223  HBOND      =        0.0000
 1-4 VDW =       12.7888  1-4 EEL =     -202.3307  RESTRAINT  =        0.0000


   NSTEP       ENERGY          RMS            GMAX         NAME    NUMBER
     73      -2.0469E+02     7.7132E-01     3.9236E+00     CBE         1

 BOND    =        4.0015  ANGLE   =        4.0859  DIHED      =       39.0572
 VDWAALS =      -11.0702  EEL     =      -51.1276  HBOND      =        0.0000
 1-4 VDW =       12.7788  1-4 EEL =     -202.4126  RESTRAINT  =        0.0000


   NSTEP       ENERGY          RMS            GMAX         NAME    NUMBER
     74      -2.0469E+02     6.6079E-01     3.0780E+00     CBE         1

 BOND    =        3.9269  ANGLE   =        4.1122  DIHED      =       39.0618
 VDWAALS =      -11.0721  EEL     =      -51.0972  HBOND      =        0.0000
 1-4 VDW =       12.7802  1-4 EEL =     -202.4008  RESTRAINT  =        0.0000


   NSTEP       ENERGY          RMS            GMAX         NAME    NUMBER
     75      -2.0476E+02     5.9960E-01     2.4066E+00     CAV        14

 BOND    =        3.9813  ANGLE   =        4.1815  DIHED      =       39.0529
 VDWAALS =      -11.0647  EEL     =      -51.1608  HBOND      =        0.0000
 1-4 VDW =       12.7620  1-4 EEL =     -202.5085  RESTRAINT  =        0.0000


   NSTEP       ENERGY          RMS            GMAX         NAME    NUMBER
     76      -2.0477E+02     4.9781E-01     1.6823E+00     HNAC       74

 BOND    =        3.9539  ANGLE   =        4.1918  DIHED      =       39.0523
 VDWAALS =      -11.0650  EEL     =      -51.1493  HBOND      =        0.0000
 1-4 VDW =       12.7641  1-4 EEL =     -202.5150  RESTRAINT  =        0.0000


   NSTEP       ENERGY          RMS            GMAX         NAME    NUMBER
     77      -2.0478E+02     4.1722E-01     1.6017E+00     HNAC       74

 BOND    =        3.9244  ANGLE   =        4.2071  DIHED      =       39.0521
 VDWAALS =      -11.0654  EEL     =      -51.1357  HBOND      =        0.0000
 1-4 VDW =       12.7658  1-4 EEL =     -202.5263  RESTRAINT  =        0.0000


   NSTEP       ENERGY          RMS            GMAX         NAME    NUMBER
     78      -2.0479E+02     3.6470E-01     1.5015E+00     HNAF       77

 BOND    =        3.8958  ANGLE   =        4.2278  DIHED      =       39.0525
 VDWAALS =      -11.0663  EEL     =      -51.1200  HBOND      =        0.0000
 1-4 VDW =       12.7668  1-4 EEL =     -202.5458  RESTRAINT  =        0.0000


   NSTEP       ENERGY          RMS            GMAX         NAME    NUMBER
     79      -2.0480E+02     3.3024E-01     1.4254E+00     HNAF       77

 BOND    =        3.8737  ANGLE   =        4.2518  DIHED      =       39.0533
 VDWAALS =      -11.0675  EEL     =      -51.1021  HBOND      =        0.0000
 1-4 VDW =       12.7670  1-4 EEL =     -202.5771  RESTRAINT  =        0.0000


   NSTEP       ENERGY          RMS            GMAX         NAME    NUMBER
     80      -2.0259E+02     3.5567E+00     2.3017E+01     NAC        32

 BOND    =        3.8368  ANGLE   =        8.3103  DIHED      =       39.1376
 VDWAALS =      -11.1646  EEL     =      -49.4801  HBOND      =        0.0000
 1-4 VDW =       12.8042  1-4 EEL =     -206.0339  RESTRAINT  =        0.0000


   NSTEP       ENERGY          RMS            GMAX         NAME    NUMBER
     81      -2.0488E+02     4.7569E-01     3.0239E+00     NAC        32

 BOND    =        3.7598  ANGLE   =        4.5844  DIHED      =       39.0594
 VDWAALS =      -11.0856  EEL     =      -50.8550  HBOND      =        0.0000
 1-4 VDW =       12.7650  1-4 EEL =     -203.1066  RESTRAINT  =        0.0000


   NSTEP       ENERGY          RMS            GMAX         NAME    NUMBER
     82      -2.0494E+02     6.5738E-01     2.5663E+00     NAE        34

 BOND    =        4.2939  ANGLE   =        4.6977  DIHED      =       39.0318
 VDWAALS =      -11.1054  EEL     =      -50.5413  HBOND      =        0.0000
 1-4 VDW =       12.7266  1-4 EEL =     -204.0426  RESTRAINT  =        0.0000


   NSTEP       ENERGY          RMS            GMAX         NAME    NUMBER
     83      -2.0494E+02     5.3189E-01     1.9872E+00     NAE        34

 BOND    =        4.1890  ANGLE   =        4.6722  DIHED      =       39.0364
 VDWAALS =      -11.1019  EEL     =      -50.5981  HBOND      =        0.0000
 1-4 VDW =       12.7333  1-4 EEL =     -203.8732  RESTRAINT  =        0.0000


   NSTEP       ENERGY          RMS            GMAX         NAME    NUMBER
     84      -2.0499E+02     7.2623E-01     4.9753E+00     CAV        14

 BOND    =        4.4272  ANGLE   =        4.8850  DIHED      =       39.0358
 VDWAALS =      -11.1223  EEL     =      -50.3398  HBOND      =        0.0000
 1-4 VDW =       12.6248  1-4 EEL =     -204.5004  RESTRAINT  =        0.0000


   NSTEP       ENERGY          RMS            GMAX         NAME    NUMBER
     85      -2.0499E+02     5.6539E-01     3.8351E+00     CAV        14

 BOND    =        4.3688  ANGLE   =        4.8375  DIHED      =       39.0356
 VDWAALS =      -11.1182  EEL     =      -50.3934  HBOND      =        0.0000
 1-4 VDW =       12.6470  1-4 EEL =     -204.3706  RESTRAINT  =        0.0000


   NSTEP       ENERGY          RMS            GMAX         NAME    NUMBER
     86      -2.0502E+02     7.1094E-01     5.4365E+00     CAV        14

 BOND    =        4.4759  ANGLE   =        4.9117  DIHED      =       39.0122
 VDWAALS =      -11.1370  EEL     =      -50.1993  HBOND      =        0.0000
 1-4 VDW =       12.5888  1-4 EEL =     -204.6733  RESTRAINT  =        0.0000


   NSTEP       ENERGY          RMS            GMAX         NAME    NUMBER
     87      -2.0503E+02     4.5357E-01     2.5192E+00     CAV        14

 BOND    =        4.4336  ANGLE   =        4.8812  DIHED      =       39.0194
 VDWAALS =      -11.1311  EEL     =      -50.2605  HBOND      =        0.0000
 1-4 VDW =       12.6069  1-4 EEL =     -204.5779  RESTRAINT  =        0.0000


   NSTEP       ENERGY          RMS            GMAX         NAME    NUMBER
     88      -2.0505E+02     3.4705E-01     1.2380E+00     CAV        14

 BOND    =        4.3724  ANGLE   =        4.9541  DIHED      =       39.0097
 VDWAALS =      -11.1433  EEL     =      -50.2476  HBOND      =        0.0000
 1-4 VDW =       12.5738  1-4 EEL =     -204.5706  RESTRAINT  =        0.0000


   NSTEP       ENERGY          RMS            GMAX         NAME    NUMBER
     89      -2.0505E+02     3.5085E-01     1.2596E+00     CAV        14

 BOND    =        4.3719  ANGLE   =        4.9550  DIHED      =       39.0096
 VDWAALS =      -11.1434  EEL     =      -50.2474  HBOND      =        0.0000
 1-4 VDW =       12.5735  1-4 EEL =     -204.5705  RESTRAINT  =        0.0000


   NSTEP       ENERGY          RMS            GMAX         NAME    NUMBER
     90      -2.0507E+02     2.7464E-01     1.2379E+00     OAW        15

 BOND    =        4.2901  ANGLE   =        4.9746  DIHED      =       38.9846
 VDWAALS =      -11.1518  EEL     =      -50.2790  HBOND      =        0.0000
 1-4 VDW =       12.5685  1-4 EEL =     -204.4592  RESTRAINT  =        0.0000


   NSTEP       ENERGY          RMS            GMAX         NAME    NUMBER
     91      -2.0508E+02     4.1848E-01     1.9231E+00     NAE        34

 BOND    =        4.2226  ANGLE   =        4.9959  DIHED      =       38.9614
 VDWAALS =      -11.1596  EEL     =      -50.3089  HBOND      =        0.0000
 1-4 VDW =       12.5638  1-4 EEL =     -204.3538  RESTRAINT  =        0.0000


   NSTEP       ENERGY          RMS            GMAX         NAME    NUMBER
     92      -2.0512E+02     3.8965E-01     1.8778E+00     NAE        34

 BOND    =        4.2219  ANGLE   =        4.9134  DIHED      =       38.8946
 VDWAALS =      -11.1787  EEL     =      -50.4339  HBOND      =        0.0000
 1-4 VDW =       12.5632  1-4 EEL =     -204.1034  RESTRAINT  =        0.0000


   NSTEP       ENERGY          RMS            GMAX         NAME    NUMBER
     93      -2.0515E+02     7.6554E-01     2.8171E+00     N          21

 BOND    =        4.2427  ANGLE   =        4.7965  DIHED      =       38.7864
 VDWAALS =      -11.2097  EEL     =      -50.6399  HBOND      =        0.0000
 1-4 VDW =       12.5628  1-4 EEL =     -203.6899  RESTRAINT  =        0.0000


   NSTEP       ENERGY          RMS            GMAX         NAME    NUMBER
     94      -2.0524E+02     5.7341E-01     1.8279E+00     CAD        33

 BOND    =        4.1542  ANGLE   =        4.6182  DIHED      =       38.6050
 VDWAALS =      -11.2538  EEL     =      -50.9445  HBOND      =        0.0000
 1-4 VDW =       12.5862  1-4 EEL =     -203.0042  RESTRAINT  =        0.0000


   NSTEP       ENERGY          RMS            GMAX         NAME    NUMBER
     95      -2.0524E+02     6.9864E-01     2.9086E+00     CAD        33

 BOND    =        4.1395  ANGLE   =        4.5794  DIHED      =       38.5578
 VDWAALS =      -11.2653  EEL     =      -51.0253  HBOND      =        0.0000
 1-4 VDW =       12.5926  1-4 EEL =     -202.8216  RESTRAINT  =        0.0000


   NSTEP       ENERGY          RMS            GMAX         NAME    NUMBER
     96      -2.0532E+02     7.7429E-01     4.2862E+00     CAD        33

 BOND    =        4.0718  ANGLE   =        4.4621  DIHED      =       38.3993
 VDWAALS =      -11.3035  EEL     =      -51.3739  HBOND      =        0.0000
 1-4 VDW =       12.6051  1-4 EEL =     -202.1794  RESTRAINT  =        0.0000


   NSTEP       ENERGY          RMS            GMAX         NAME    NUMBER
     97      -2.0532E+02     7.5976E-01     4.1524E+00     CAD        33

 BOND    =        4.0722  ANGLE   =        4.4639  DIHED      =       38.4021
 VDWAALS =      -11.3028  EEL     =      -51.3675  HBOND      =        0.0000
 1-4 VDW =       12.6049  1-4 EEL =     -202.1914  RESTRAINT  =        0.0000


   NSTEP       ENERGY          RMS            GMAX         NAME    NUMBER
     98      -2.0540E+02     6.9428E-01     2.7399E+00     NAE        34

 BOND    =        4.0623  ANGLE   =        4.2756  DIHED      =       38.2576
 VDWAALS =      -11.3323  EEL     =      -51.7099  HBOND      =        0.0000
 1-4 VDW =       12.6120  1-4 EEL =     -201.5632  RESTRAINT  =        0.0000


   NSTEP       ENERGY          RMS            GMAX         NAME    NUMBER
     99      -2.0540E+02     7.2186E-01     2.8725E+00     NAE        34

 BOND    =        4.0634  ANGLE   =        4.2692  DIHED      =       38.2519
 VDWAALS =      -11.3335  EEL     =      -51.7239  HBOND      =        0.0000
 1-4 VDW =       12.6123  1-4 EEL =     -201.5374  RESTRAINT  =        0.0000


   NSTEP       ENERGY          RMS            GMAX         NAME    NUMBER
    100      -2.0549E+02     5.4396E-01     2.2125E+00     CAD        33

 BOND    =        3.9072  ANGLE   =        4.1889  DIHED      =       38.1620
 VDWAALS =      -11.3481  EEL     =      -51.9871  HBOND      =        0.0000
 1-4 VDW =       12.6228  1-4 EEL =     -201.0347  RESTRAINT  =        0.0000


  Maximum number of minimization cycles reached.


                    FINAL RESULTS



   NSTEP       ENERGY          RMS            GMAX         NAME    NUMBER
    100      -2.0549E+02     5.4396E-01     2.2125E+00     CAD        33

 BOND    =        3.9072  ANGLE   =        4.1889  DIHED      =       38.1620
 VDWAALS =      -11.3481  EEL     =      -51.9871  HBOND      =        0.0000
 1-4 VDW =       12.6228  1-4 EEL =     -201.0347  RESTRAINT  =        0.0000

--------------------------------------------------------------------------------
   5.  TIMINGS
--------------------------------------------------------------------------------

|    Read coords time           0.00 ( 0.31% of Total)
|    Fast Water setup           0.00 ( 0.01% of Total)
|                Build the list             0.00 (94.34% of List )
|                Other                      0.00 ( 5.66% of List )
|             List time                  0.00 ( 3.75% of Nonbo)
|                   Short_ene time             0.02 (99.28% of Direc)
|                   Other                      0.00 ( 0.72% of Direc)
|                Direct Ewald time          0.02 (93.61% of Ewald)
|                Force Adjust               0.00 ( 0.06% of Ewald)
|                Virial junk                0.00 ( 0.14% of Ewald)
|                Start synchronizatio       0.00 ( 0.09% of Ewald)
|                Other                      0.00 ( 6.10% of Ewald)
|             Ewald time                 0.02 (96.03% of Nonbo)
|             IPS excludes               0.00 ( 0.02% of Nonbo)
|             Other                      0.00 ( 0.20% of Nonbo)
|          Nonbond force              0.02 (67.82% of Force)
|          Bond/Angle/Dihedral        0.01 (31.59% of Force)
|          Other                      0.00 ( 0.59% of Force)
|       Force time                 0.03 (100.0% of Runmd)
|    Runmd Time                 0.03 (38.43% of Total)
|    Other                      0.04 (61.25% of Total)
| Total time                 0.07 (99.57% of ALL  )

| Number of list builds   :          1

| Highest rstack allocated:        405
| Highest istack allocated:         81
|           Job began  at 23:20:56.349  on 02/04/2016
|           Setup done at 23:20:56.356  on 02/04/2016
|           Run   done at 23:20:56.418  on 02/04/2016
|     wallclock() was called    2335 times
