
          -------------------------------------------------------
          Amber 16 SANDER                              2016
          -------------------------------------------------------

| Run on 04/20/2016 at 15:20:29

|   Executable path: sander
| Working directory: /gpfs/gpfs/project1/dacase-001/haichit/phenix_amber/run_amber_library/amber_library/e
|          Hostname: e1c029

  [-O]verwriting output

File Assignments:
|  MDIN: ENW_sander.in                                                         
| MDOUT: ENW.min_igb.out                                                       
|INPCRD: ENW.rst7                                                              
|  PARM: ENW.prmtop                                                            
|RESTRT: ENW.min_igb.rst7                                                      
|  REFC: refc                                                                  
| MDVEL: mdvel                                                                 
| MDFRC: mdfrc                                                                 
|  MDEN: mden                                                                  
| MDCRD: mdcrd                                                                 
|MDINFO: mdinfo                                                                
|  MTMD: mtmd                                                                  
|INPDIP: inpdip                                                                
|RSTDIP: rstdip                                                                
|INPTRA: inptraj                                                               


 Here is the input file:

  short minimization                                                           
 &cntrl                                                                        
   imin=1, maxcyc=100, ncyc=50, ntpr=1, cut=99., ntb=0, igb=2                  
 /                                                                             

--------------------------------------------------------------------------------
   1.  RESOURCE   USE: 
--------------------------------------------------------------------------------

| Flags:                                                                        
| New format PARM file being parsed.
| Version =    1.000 Date = 04/20/16 Time = 15:20:29
 NATOM  =      47 NTYPES =      15 NBONH =      23 MBONA  =      17
 NTHETH =      41 MTHETA =      14 NPHIH =      49 MPHIA  =       8
 NHPARM =       0 NPARM  =       0 NNB   =     157 NRES   =       1
 NBONA  =      17 NTHETA =      14 NPHIA =       8 NUMBND =      18
 NUMANG =      24 NPTRA  =       9 NATYP =      15 NPHB   =       0
 IFBOX  =       0 NMXRS  =      47 IFCAP =       0 NEXTRA =       0
 NCOPY  =       0

 Implicit solvent radii are H(N)-modified Bondi radii (mbondi2)                                             

|     Memory Use     Allocated
|     Real                7352
|     Hollerith            144
|     Integer            21721
|     Max Pairs              1
|     nblistReal             0
|     nblist Int             0
|       Total              142 kbytes

| Note: 1-4 EEL scale factors are being read from the topology file.

| Note: 1-4 VDW scale factors are being read from the topology file.
| Duplicated    0 dihedrals
| Duplicated    0 dihedrals

--------------------------------------------------------------------------------
   2.  CONTROL  DATA  FOR  THE  RUN
--------------------------------------------------------------------------------

ENW                                                                             

General flags:
     imin    =       1, nmropt  =       0

Nature and format of input:
     ntx     =       1, irest   =       0, ntrx    =       1

Nature and format of output:
     ntxo    =       2, ntpr    =       1, ntrx    =       1, ntwr    =       1
     iwrap   =       0, ntwx    =       0, ntwv    =       0, ntwe    =       0
     ioutfm  =       1, ntwprt  =       0, idecomp =       0, rbornstat=      0

Potential function:
     ntf     =       1, ntb     =       0, igb     =       2, nsnb    =      25
     ipol    =       0, gbsa    =       0, iesp    =       0
     dielc   =   1.00000, cut     =  99.00000, intdiel =   1.00000
     saltcon =   0.00000, offset  =   0.09000, gbalpha=    0.80000
     gbbeta  =   0.00000, gbgamma =   2.90912, surften =   0.00500
     rdt     =   0.00000, rgbmax  =  25.00000  extdiel =  78.50000
     alpb  =        0

Frozen or restrained atoms:
     ibelly  =       0, ntr     =       0

Energy minimization:
     maxcyc  =     100, ncyc    =      50, ntmin   =       1
     dx0     =   0.01000, drms    =   0.00010
|  INFO: Old style inpcrd file read


--------------------------------------------------------------------------------
   3.  ATOMIC COORDINATES AND VELOCITIES
--------------------------------------------------------------------------------

ENW                                                                             
 begin time read from input coords =     0.000 ps

 Number of triangulated 3-point waters found:        0

--------------------------------------------------------------------------------
   4.  RESULTS
--------------------------------------------------------------------------------



   NSTEP       ENERGY          RMS            GMAX         NAME    NUMBER
      1       9.4923E+01     5.5299E+01     4.1418E+02     C3          2

 BOND    =       43.9680  ANGLE   =      144.3531  DIHED      =        1.4267
 VDWAALS =       24.8054  EEL     =      -24.4148  EGB        =     -117.8078
 1-4 VDW =        2.0031  1-4 EEL =       20.5891  RESTRAINT  =        0.0000


   NSTEP       ENERGY          RMS            GMAX         NAME    NUMBER
      2       9.1668E+01     5.4351E+01     4.0758E+02     C3          2

 BOND    =       42.2543  ANGLE   =      143.1768  DIHED      =        1.4237
 VDWAALS =       24.4435  EEL     =      -24.4120  EGB        =     -117.8271
 1-4 VDW =        2.0036  1-4 EEL =       20.6052  RESTRAINT  =        0.0000


   NSTEP       ENERGY          RMS            GMAX         NAME    NUMBER
      3       8.7836E+01     5.3230E+01     3.9970E+02     C3          2

 BOND    =       40.2649  ANGLE   =      141.7638  DIHED      =        1.4202
 VDWAALS =       24.0172  EEL     =      -24.4087  EGB        =     -117.8503
 1-4 VDW =        2.0042  1-4 EEL =       20.6244  RESTRAINT  =        0.0000


   NSTEP       ENERGY          RMS            GMAX         NAME    NUMBER
      4       8.3342E+01     5.1907E+01     3.9031E+02     C3          2

 BOND    =       37.9730  ANGLE   =      140.0663  DIHED      =        1.4158
 VDWAALS =       23.5168  EEL     =      -24.4045  EGB        =     -117.8782
 1-4 VDW =        2.0051  1-4 EEL =       20.6472  RESTRAINT  =        0.0000


   NSTEP       ENERGY          RMS            GMAX         NAME    NUMBER
      5       7.8096E+01     5.0354E+01     3.7913E+02     C3          2

 BOND    =       35.3579  ANGLE   =      138.0262  DIHED      =        1.4106
 VDWAALS =       22.9320  EEL     =      -24.3994  EGB        =     -117.9115
 1-4 VDW =        2.0064  1-4 EEL =       20.6742  RESTRAINT  =        0.0000


   NSTEP       ENERGY          RMS            GMAX         NAME    NUMBER
      6       7.2010E+01     4.8540E+01     3.6588E+02     C3          2

 BOND    =       32.4105  ANGLE   =      135.5734  DIHED      =        1.4043
 VDWAALS =       22.2517  EEL     =      -24.3929  EGB        =     -117.9514
 1-4 VDW =        2.0081  1-4 EEL =       20.7058  RESTRAINT  =        0.0000


   NSTEP       ENERGY          RMS            GMAX         NAME    NUMBER
      7       6.4995E+01     4.6438E+01     3.5022E+02     C3          2

 BOND    =       29.1405  ANGLE   =      132.6232  DIHED      =        1.3967
 VDWAALS =       21.4650  EEL     =      -24.3847  EGB        =     -117.9990
 1-4 VDW =        2.0107  1-4 EEL =       20.7429  RESTRAINT  =        0.0000


   NSTEP       ENERGY          RMS            GMAX         NAME    NUMBER
      8       5.6979E+01     4.4027E+01     3.3181E+02     C3          2

 BOND    =       25.5868  ANGLE   =      129.0730  DIHED      =        1.3875
 VDWAALS =       20.5613  EEL     =      -24.3743  EGB        =     -118.0558
 1-4 VDW =        2.0145  1-4 EEL =       20.7858  RESTRAINT  =        0.0000


   NSTEP       ENERGY          RMS            GMAX         NAME    NUMBER
      9       4.7908E+01     4.1298E+01     3.1035E+02     C3          2

 BOND    =       21.8292  ANGLE   =      124.7995  DIHED      =        1.3763
 VDWAALS =       19.5318  EEL     =      -24.3609  EGB        =     -118.1234
 1-4 VDW =        2.0201  1-4 EEL =       20.8350  RESTRAINT  =        0.0000


   NSTEP       ENERGY          RMS            GMAX         NAME    NUMBER
     10       3.7760E+01     3.8266E+01     2.8561E+02     C3          2

 BOND    =       17.9993  ANGLE   =      119.6555  DIHED      =        1.3628
 VDWAALS =       18.3706  EEL     =      -24.3436  EGB        =     -118.2032
 1-4 VDW =        2.0285  1-4 EEL =       20.8903  RESTRAINT  =        0.0000


   NSTEP       ENERGY          RMS            GMAX         NAME    NUMBER
     11       2.6555E+01     3.4984E+01     2.5759E+02     C3          2

 BOND    =       14.2861  ANGLE   =      113.4711  DIHED      =        1.3465
 VDWAALS =       17.0768  EEL     =      -24.3208  EGB        =     -118.2969
 1-4 VDW =        2.0413  1-4 EEL =       20.9508  RESTRAINT  =        0.0000


   NSTEP       ENERGY          RMS            GMAX         NAME    NUMBER
     12       1.4351E+01     3.1545E+01     2.2670E+02     C3          2

 BOND    =       10.9238  ANGLE   =      106.0627  DIHED      =        1.3272
 VDWAALS =       15.6582  EEL     =      -24.2905  EGB        =     -118.4054
 1-4 VDW =        2.0611  1-4 EEL =       21.0138  RESTRAINT  =        0.0000


   NSTEP       ENERGY          RMS            GMAX         NAME    NUMBER
     13       1.2361E+00     2.8081E+01     1.9402E+02     C3          2

 BOND    =        8.1469  ANGLE   =       97.2613  DIHED      =        1.3049
 VDWAALS =       14.1351  EEL     =      -24.2498  EGB        =     -118.5291
 1-4 VDW =        2.0921  1-4 EEL =       21.0746  RESTRAINT  =        0.0000


   NSTEP       ENERGY          RMS            GMAX         NAME    NUMBER
     14      -1.2687E+01     2.4703E+01     1.6149E+02     C3          2

 BOND    =        6.1066  ANGLE   =       86.9763  DIHED      =        1.2810
 VDWAALS =       12.5443  EEL     =      -24.1947  EGB        =     -118.6666
 1-4 VDW =        2.1408  1-4 EEL =       21.1253  RESTRAINT  =        0.0000


   NSTEP       ENERGY          RMS            GMAX         NAME    NUMBER
     15      -2.7287E+01     2.1426E+01     1.3163E+02     C3          2

 BOND    =        4.7863  ANGLE   =       75.2922  DIHED      =        1.2590
 VDWAALS =       10.9381  EEL     =      -24.1198  EGB        =     -118.8160
 1-4 VDW =        2.2172  1-4 EEL =       21.1556  RESTRAINT  =        0.0000


   NSTEP       ENERGY          RMS            GMAX         NAME    NUMBER
     16      -4.2323E+01     1.8149E+01     1.0623E+02     C3          2

 BOND    =        3.9998  ANGLE   =       62.5600  DIHED      =        1.2467
 VDWAALS =        9.3744  EEL     =      -24.0194  EGB        =     -118.9768
 1-4 VDW =        2.3359  1-4 EEL =       21.1560  RESTRAINT  =        0.0000


   NSTEP       ENERGY          RMS            GMAX         NAME    NUMBER
     17      -5.7328E+01     1.4773E+01     8.4465E+01     C3          2

 BOND    =        3.4798  ANGLE   =       49.4349  DIHED      =        1.2584
 VDWAALS =        7.9011  EEL     =      -23.8901  EGB        =     -119.1533
 1-4 VDW =        2.5186  1-4 EEL =       21.1224  RESTRAINT  =        0.0000


   NSTEP       ENERGY          RMS            GMAX         NAME    NUMBER
     18      -7.1545E+01     1.1264E+01     6.2629E+01     C3          2

 BOND    =        2.9543  ANGLE   =       36.8705  DIHED      =        1.3183
 VDWAALS =        6.5528  EEL     =      -23.7379  EGB        =     -119.3544
 1-4 VDW =        2.7961  1-4 EEL =       21.0548  RESTRAINT  =        0.0000


   NSTEP       ENERGY          RMS            GMAX         NAME    NUMBER
     19      -8.3882E+01     7.6733E+00     3.8745E+01     C3          2

 BOND    =        2.3084  ANGLE   =       26.0322  DIHED      =        1.4557
 VDWAALS =        5.3491  EEL     =      -23.5880  EGB        =     -119.5848
 1-4 VDW =        3.2043  1-4 EEL =       20.9412  RESTRAINT  =        0.0000


   NSTEP       ENERGY          RMS            GMAX         NAME    NUMBER
     20      -9.3087E+01     4.5128E+00     2.0185E+01     H23        45

 BOND    =        1.8090  ANGLE   =       18.0720  DIHED      =        1.6642
 VDWAALS =        4.2277  EEL     =      -23.4828  EGB        =     -119.8556
 1-4 VDW =        3.7377  1-4 EEL =       20.7411  RESTRAINT  =        0.0000


   NSTEP       ENERGY          RMS            GMAX         NAME    NUMBER
     21      -9.9203E+01     3.9154E+00     2.2880E+01     C2          1

 BOND    =        1.7223  ANGLE   =       13.6881  DIHED      =        1.7367
 VDWAALS =        2.8521  EEL     =      -23.5322  EGB        =     -120.2127
 1-4 VDW =        4.0870  1-4 EEL =       20.4552  RESTRAINT  =        0.0000


   NSTEP       ENERGY          RMS            GMAX         NAME    NUMBER
     22      -8.0936E+01     3.4855E+01     2.1553E+02     C2          1

 BOND    =       22.8516  ANGLE   =       12.6968  DIHED      =        1.5470
 VDWAALS =        1.3839  EEL     =      -23.0047  EGB        =     -120.4029
 1-4 VDW =        4.0068  1-4 EEL =       19.9851  RESTRAINT  =        0.0000


   NSTEP       ENERGY          RMS            GMAX         NAME    NUMBER
     23      -1.0328E+02     5.5020E+00     3.3462E+01     C2          1

 BOND    =        1.7293  ANGLE   =       11.6307  DIHED      =        1.5289
 VDWAALS =        1.4871  EEL     =      -23.5727  EGB        =     -120.4661
 1-4 VDW =        4.0005  1-4 EEL =       20.3778  RESTRAINT  =        0.0000


   NSTEP       ENERGY          RMS            GMAX         NAME    NUMBER
     24      -9.2924E+01     2.5219E+01     1.7408E+02     C2          1

 BOND    =       12.1416  ANGLE   =       11.9737  DIHED      =        1.5345
 VDWAALS =        1.1970  EEL     =      -23.8739  EGB        =     -120.6918
 1-4 VDW =        4.0109  1-4 EEL =       20.7839  RESTRAINT  =        0.0000


   NSTEP       ENERGY          RMS            GMAX         NAME    NUMBER
     25      -1.0406E+02     7.7317E+00     5.3419E+01     C2          1

 BOND    =        2.1430  ANGLE   =       10.8022  DIHED      =        1.5414
 VDWAALS =        1.2269  EEL     =      -23.7880  EGB        =     -120.5519
 1-4 VDW =        4.0201  1-4 EEL =       20.5496  RESTRAINT  =        0.0000


   NSTEP       ENERGY          RMS            GMAX         NAME    NUMBER
     26      -1.0266E+02     1.2831E+01     8.3159E+01     C2          1

 BOND    =        4.2254  ANGLE   =       10.1706  DIHED      =        1.5575
 VDWAALS =        1.1582  EEL     =      -23.6804  EGB        =     -120.4413
 1-4 VDW =        4.0210  1-4 EEL =       20.3314  RESTRAINT  =        0.0000


   NSTEP       ENERGY          RMS            GMAX         NAME    NUMBER
     27      -1.0576E+02     2.9091E+00     1.1549E+01     C3          2

 BOND    =        1.2650  ANGLE   =       10.1283  DIHED      =        1.5511
 VDWAALS =        1.0737  EEL     =      -23.7285  EGB        =     -120.5361
 1-4 VDW =        4.0006  1-4 EEL =       20.4852  RESTRAINT  =        0.0000


   NSTEP       ENERGY          RMS            GMAX         NAME    NUMBER
     28      -1.0561E+02     7.2257E+00     4.9221E+01     C2          1

 BOND    =        1.8003  ANGLE   =       10.0688  DIHED      =        1.5436
 VDWAALS =        0.8450  EEL     =      -23.7824  EGB        =     -120.6415
 1-4 VDW =        3.9300  1-4 EEL =       20.6285  RESTRAINT  =        0.0000


   NSTEP       ENERGY          RMS            GMAX         NAME    NUMBER
     29      -1.0664E+02     2.1285E+00     1.0485E+01     H23        45

 BOND    =        1.0513  ANGLE   =        9.7976  DIHED      =        1.5450
 VDWAALS =        0.8407  EEL     =      -23.7625  EGB        =     -120.5964
 1-4 VDW =        3.9316  1-4 EEL =       20.5510  RESTRAINT  =        0.0000


   NSTEP       ENERGY          RMS            GMAX         NAME    NUMBER
     30      -1.0709E+02     2.7352E+00     1.1389E+01     C2          1

 BOND    =        1.1646  ANGLE   =        9.3902  DIHED      =        1.5433
 VDWAALS =        0.7232  EEL     =      -23.7663  EGB        =     -120.6104
 1-4 VDW =        3.9103  1-4 EEL =       20.5505  RESTRAINT  =        0.0000


   NSTEP       ENERGY          RMS            GMAX         NAME    NUMBER
     31      -1.0724E+02     4.9135E+00     3.3277E+01     C2          1

 BOND    =        1.2951  ANGLE   =        9.3533  DIHED      =        1.5404
 VDWAALS =        0.5611  EEL     =      -23.8002  EGB        =     -120.6886
 1-4 VDW =        3.8502  1-4 EEL =       20.6510  RESTRAINT  =        0.0000


   NSTEP       ENERGY          RMS            GMAX         NAME    NUMBER
     32      -1.0729E+02     6.0280E+00     3.7306E+01     C2          1

 BOND    =        1.6706  ANGLE   =        8.9692  DIHED      =        1.5421
 VDWAALS =        0.5342  EEL     =      -23.7690  EGB        =     -120.6154
 1-4 VDW =        3.8484  1-4 EEL =       20.5285  RESTRAINT  =        0.0000


   NSTEP       ENERGY          RMS            GMAX         NAME    NUMBER
     33      -1.0726E+02     7.2983E+00     4.9361E+01     C2          1

 BOND    =        1.7785  ANGLE   =        9.0522  DIHED      =        1.5375
 VDWAALS =        0.4068  EEL     =      -23.8242  EGB        =     -120.7488
 1-4 VDW =        3.8103  1-4 EEL =       20.7252  RESTRAINT  =        0.0000


   NSTEP       ENERGY          RMS            GMAX         NAME    NUMBER
     34      -1.0831E+02     1.8745E+00     9.1557E+00     H23        45

 BOND    =        0.9734  ANGLE   =        8.8372  DIHED      =        1.5395
 VDWAALS =        0.4008  EEL     =      -23.8011  EGB        =     -120.6960
 1-4 VDW =        3.8035  1-4 EEL =       20.6362  RESTRAINT  =        0.0000


   NSTEP       ENERGY          RMS            GMAX         NAME    NUMBER
     35      -1.0876E+02     2.5034E+00     1.0620E+01     C2          1

 BOND    =        1.0340  ANGLE   =        8.5078  DIHED      =        1.5384
 VDWAALS =        0.2749  EEL     =      -23.8007  EGB        =     -120.7059
 1-4 VDW =        3.7618  1-4 EEL =       20.6313  RESTRAINT  =        0.0000


   NSTEP       ENERGY          RMS            GMAX         NAME    NUMBER
     36      -1.0876E+02     5.4076E+00     3.6606E+01     C2          1

 BOND    =        1.3263  ANGLE   =        8.4186  DIHED      =        1.5366
 VDWAALS =        0.1308  EEL     =      -23.8400  EGB        =     -120.7977
 1-4 VDW =        3.7087  1-4 EEL =       20.7524  RESTRAINT  =        0.0000


   NSTEP       ENERGY          RMS            GMAX         NAME    NUMBER
     37      -1.0883E+02     6.1375E+00     3.8000E+01     C2          1

 BOND    =        1.6063  ANGLE   =        8.1255  DIHED      =        1.5399
 VDWAALS =        0.1051  EEL     =      -23.7906  EGB        =     -120.7131
 1-4 VDW =        3.6952  1-4 EEL =       20.6065  RESTRAINT  =        0.0000


   NSTEP       ENERGY          RMS            GMAX         NAME    NUMBER
     38      -1.0866E+02     7.7268E+00     5.1845E+01     C2          1

 BOND    =        1.8244  ANGLE   =        8.2065  DIHED      =        1.5352
 VDWAALS =       -0.0003  EEL     =      -23.8576  EGB        =     -120.8481
 1-4 VDW =        3.6640  1-4 EEL =       20.8153  RESTRAINT  =        0.0000


   NSTEP       ENERGY          RMS            GMAX         NAME    NUMBER
     39      -1.0981E+02     1.7955E+00     8.0965E+00     H23        45

 BOND    =        0.8977  ANGLE   =        8.0046  DIHED      =        1.5377
 VDWAALS =       -0.0064  EEL     =      -23.8268  EGB        =     -120.7939
 1-4 VDW =        3.6555  1-4 EEL =       20.7202  RESTRAINT  =        0.0000


   NSTEP       ENERGY          RMS            GMAX         NAME    NUMBER
     40      -1.1016E+02     3.0673E+00     1.6043E+01     C2          1

 BOND    =        1.0275  ANGLE   =        7.7058  DIHED      =        1.5386
 VDWAALS =       -0.1234  EEL     =      -23.8146  EGB        =     -120.7957
 1-4 VDW =        3.6070  1-4 EEL =       20.6979  RESTRAINT  =        0.0000


   NSTEP       ENERGY          RMS            GMAX         NAME    NUMBER
     41      -1.0994E+02     6.1697E+00     4.1359E+01     C2          1

 BOND    =        1.4204  ANGLE   =        7.6892  DIHED      =        1.5366
 VDWAALS =       -0.2339  EEL     =      -23.8609  EGB        =     -120.8947
 1-4 VDW =        3.5665  1-4 EEL =       20.8401  RESTRAINT  =        0.0000


   NSTEP       ENERGY          RMS            GMAX         NAME    NUMBER
     42      -1.1066E+02     1.9130E+00     8.9211E+00     C2          1

 BOND    =        0.8629  ANGLE   =        7.5462  DIHED      =        1.5383
 VDWAALS =       -0.2419  EEL     =      -23.8371  EGB        =     -120.8564
 1-4 VDW =        3.5592  1-4 EEL =       20.7728  RESTRAINT  =        0.0000


   NSTEP       ENERGY          RMS            GMAX         NAME    NUMBER
     43      -1.1086E+02     2.8190E+00     1.4386E+01     C2          1

 BOND    =        0.9675  ANGLE   =        7.3457  DIHED      =        1.5397
 VDWAALS =       -0.3120  EEL     =      -23.8196  EGB        =     -120.8459
 1-4 VDW =        3.5277  1-4 EEL =       20.7386  RESTRAINT  =        0.0000


   NSTEP       ENERGY          RMS            GMAX         NAME    NUMBER
     44      -1.1094E+02     4.0102E+00     2.6146E+01     C2          1

 BOND    =        1.0328  ANGLE   =        7.3150  DIHED      =        1.5384
 VDWAALS =       -0.3906  EEL     =      -23.8533  EGB        =     -120.9163
 1-4 VDW =        3.4974  1-4 EEL =       20.8397  RESTRAINT  =        0.0000


   NSTEP       ENERGY          RMS            GMAX         NAME    NUMBER
     45      -1.1102E+02     4.5982E+00     2.7402E+01     C2          1

 BOND    =        1.2055  ANGLE   =        7.1190  DIHED      =        1.5419
 VDWAALS =       -0.4236  EEL     =      -23.8117  EGB        =     -120.8593
 1-4 VDW =        3.4762  1-4 EEL =       20.7316  RESTRAINT  =        0.0000


   NSTEP       ENERGY          RMS            GMAX         NAME    NUMBER
     46      -1.1100E+02     5.7298E+00     3.7954E+01     C2          1

 BOND    =        1.2945  ANGLE   =        7.1501  DIHED      =        1.5388
 VDWAALS =       -0.5001  EEL     =      -23.8611  EGB        =     -120.9600
 1-4 VDW =        3.4513  1-4 EEL =       20.8876  RESTRAINT  =        0.0000


   NSTEP       ENERGY          RMS            GMAX         NAME    NUMBER
     47      -1.1164E+02     1.5550E+00     6.9103E+00     H23        45

 BOND    =        0.8079  ANGLE   =        7.0178  DIHED      =        1.5410
 VDWAALS =       -0.5096  EEL     =      -23.8372  EGB        =     -120.9212
 1-4 VDW =        3.4420  1-4 EEL =       20.8172  RESTRAINT  =        0.0000


   NSTEP       ENERGY          RMS            GMAX         NAME    NUMBER
     48      -1.1193E+02     2.0606E+00     8.6269E+00     C3          2

 BOND    =        0.8478  ANGLE   =        6.8235  DIHED      =        1.5427
 VDWAALS =       -0.5976  EEL     =      -23.8251  EGB        =     -120.9293
 1-4 VDW =        3.4006  1-4 EEL =       20.8063  RESTRAINT  =        0.0000


   NSTEP       ENERGY          RMS            GMAX         NAME    NUMBER
     49      -1.1198E+02     4.1412E+00     2.6990E+01     C2          1

 BOND    =        1.0086  ANGLE   =        6.7529  DIHED      =        1.5421
 VDWAALS =       -0.6886  EEL     =      -23.8561  EGB        =     -120.9976
 1-4 VDW =        3.3626  1-4 EEL =       20.9007  RESTRAINT  =        0.0000


   NSTEP       ENERGY          RMS            GMAX         NAME    NUMBER
     50      -1.1202E+02     4.8042E+00     2.9031E+01     C2          1

 BOND    =        1.1971  ANGLE   =        6.5751  DIHED      =        1.5461
 VDWAALS =       -0.7198  EEL     =      -23.8065  EGB        =     -120.9379
 1-4 VDW =        3.3413  1-4 EEL =       20.7844  RESTRAINT  =        0.0000


   NSTEP       ENERGY          RMS            GMAX         NAME    NUMBER
     51      -1.1196E+02     5.9397E+00     3.9313E+01     C2          1

 BOND    =        1.2968  ANGLE   =        6.6198  DIHED      =        1.5432
 VDWAALS =       -0.7870  EEL     =      -23.8625  EGB        =     -121.0401
 1-4 VDW =        3.3186  1-4 EEL =       20.9463  RESTRAINT  =        0.0000


   NSTEP       ENERGY          RMS            GMAX         NAME    NUMBER
     52      -1.1260E+02     1.9939E+00     1.0693E+01     C2          1

 BOND    =        0.7853  ANGLE   =        6.5094  DIHED      =        1.5450
 VDWAALS =       -0.7945  EEL     =      -23.8393  EGB        =     -121.0070
 1-4 VDW =        3.3112  1-4 EEL =       20.8851  RESTRAINT  =        0.0000


   NSTEP       ENERGY          RMS            GMAX         NAME    NUMBER
     53      -1.1266E+02     1.4357E+00     6.2879E+00     H23        45

 BOND    =        0.7698  ANGLE   =        6.4752  DIHED      =        1.5458
 VDWAALS =       -0.7977  EEL     =      -23.8296  EGB        =     -120.9933
 1-4 VDW =        3.3081  1-4 EEL =       20.8596  RESTRAINT  =        0.0000


   NSTEP       ENERGY          RMS            GMAX         NAME    NUMBER
     54      -1.1275E+02     1.4274E+00     6.2384E+00     H23        45

 BOND    =        0.7657  ANGLE   =        6.4317  DIHED      =        1.5462
 VDWAALS =       -0.8221  EEL     =      -23.8282  EGB        =     -121.0002
 1-4 VDW =        3.2966  1-4 EEL =       20.8640  RESTRAINT  =        0.0000


   NSTEP       ENERGY          RMS            GMAX         NAME    NUMBER
     55      -1.1350E+02     1.3984E+00     5.7786E+00     H23        45

 BOND    =        0.7304  ANGLE   =        6.0400  DIHED      =        1.5504
 VDWAALS =       -1.0428  EEL     =      -23.8148  EGB        =     -121.0650
 1-4 VDW =        3.1917  1-4 EEL =       20.9055  RESTRAINT  =        0.0000


   NSTEP       ENERGY          RMS            GMAX         NAME    NUMBER
     56      -1.1865E+02     3.9632E+00     2.9118E+01     C9          9

 BOND    =        0.7958  ANGLE   =        3.3934  DIHED      =        1.6342
 VDWAALS =       -2.6988  EEL     =      -23.6382  EGB        =     -121.7815
 1-4 VDW =        2.3069  1-4 EEL =       21.3401  RESTRAINT  =        0.0000


   NSTEP       ENERGY          RMS            GMAX         NAME    NUMBER
     57      -1.1944E+02     6.5144E+00     4.4218E+01     C9          9

 BOND    =        1.5904  ANGLE   =        2.8904  DIHED      =        1.7244
 VDWAALS =       -3.3688  EEL     =      -23.4890  EGB        =     -122.3030
 1-4 VDW =        1.8820  1-4 EEL =       21.6309  RESTRAINT  =        0.0000


   NSTEP       ENERGY          RMS            GMAX         NAME    NUMBER
     58      -8.8205E+01     3.8402E+01     3.1312E+02     C9          9

 BOND    =       31.1222  ANGLE   =        7.2253  DIHED      =        2.0776
 VDWAALS =       -4.6608  EEL     =      -23.0703  EGB        =     -124.2065
 1-4 VDW =        0.9575  1-4 EEL =       22.3502  RESTRAINT  =        0.0000


   NSTEP       ENERGY          RMS            GMAX         NAME    NUMBER
     59      -1.2050E+02     2.8611E+00     1.7366E+01     H23        45

 BOND    =        1.1087  ANGLE   =        2.8587  DIHED      =        1.7689
 VDWAALS =       -3.6625  EEL     =      -23.4377  EGB        =     -122.5640
 1-4 VDW =        1.6902  1-4 EEL =       21.7352  RESTRAINT  =        0.0000


   NSTEP       ENERGY          RMS            GMAX         NAME    NUMBER
     60      -1.2083E+02     1.6630E+00     9.1545E+00     H23        45

 BOND    =        0.7954  ANGLE   =        2.9239  DIHED      =        1.7729
 VDWAALS =       -3.7657  EEL     =      -23.3055  EGB        =     -122.6146
 1-4 VDW =        1.6530  1-4 EEL =       21.7060  RESTRAINT  =        0.0000


   NSTEP       ENERGY          RMS            GMAX         NAME    NUMBER
     61      -1.2094E+02     1.7493E+00     7.5097E+00     O51        27

 BOND    =        0.6818  ANGLE   =        3.0041  DIHED      =        1.7769
 VDWAALS =       -3.8575  EEL     =      -23.1830  EGB        =     -122.6620
 1-4 VDW =        1.6192  1-4 EEL =       21.6791  RESTRAINT  =        0.0000


   NSTEP       ENERGY          RMS            GMAX         NAME    NUMBER
     62      -1.2112E+02     1.7398E+00     9.3007E+00     O6         32

 BOND    =        0.5315  ANGLE   =        3.0114  DIHED      =        1.7812
 VDWAALS =       -3.9304  EEL     =      -23.0578  EGB        =     -122.7293
 1-4 VDW =        1.6223  1-4 EEL =       21.6539  RESTRAINT  =        0.0000


   NSTEP       ENERGY          RMS            GMAX         NAME    NUMBER
     63      -1.2111E+02     2.3407E+00     1.0836E+01     C6          6

 BOND    =        0.5359  ANGLE   =        3.0230  DIHED      =        1.7828
 VDWAALS =       -3.9555  EEL     =      -23.0129  EGB        =     -122.7535
 1-4 VDW =        1.6234  1-4 EEL =       21.6448  RESTRAINT  =        0.0000


   NSTEP       ENERGY          RMS            GMAX         NAME    NUMBER
     64      -1.2131E+02     1.2741E+00     4.7927E+00     C11        29

 BOND    =        0.4613  ANGLE   =        2.9779  DIHED      =        1.7834
 VDWAALS =       -3.9765  EEL     =      -23.0181  EGB        =     -122.7503
 1-4 VDW =        1.6288  1-4 EEL =       21.5804  RESTRAINT  =        0.0000


   NSTEP       ENERGY          RMS            GMAX         NAME    NUMBER
     65      -1.1518E+02     1.5330E+01     9.7433E+01     C6          6

 BOND    =        5.7840  ANGLE   =        4.4922  DIHED      =        1.8459
 VDWAALS =       -4.2965  EEL     =      -22.6438  EGB        =     -122.9641
 1-4 VDW =        1.6930  1-4 EEL =       20.9115  RESTRAINT  =        0.0000


   NSTEP       ENERGY          RMS            GMAX         NAME    NUMBER
     66      -1.2135E+02     2.1405E+00     1.1692E+01     C6          6

 BOND    =        0.5054  ANGLE   =        2.9707  DIHED      =        1.7861
 VDWAALS =       -4.0137  EEL     =      -22.9843  EGB        =     -122.7686
 1-4 VDW =        1.6344  1-4 EEL =       21.5183  RESTRAINT  =        0.0000


   NSTEP       ENERGY          RMS            GMAX         NAME    NUMBER
     67      -1.2151E+02     2.8955E+00     1.2638E+01     O6         32

 BOND    =        0.5710  ANGLE   =        2.9564  DIHED      =        1.7921
 VDWAALS =       -4.1708  EEL     =      -22.7437  EGB        =     -122.8991
 1-4 VDW =        1.5801  1-4 EEL =       21.4031  RESTRAINT  =        0.0000


   NSTEP       ENERGY          RMS            GMAX         NAME    NUMBER
     68      -1.2156E+02     1.8457E+00     8.6194E+00     C11        29

 BOND    =        0.4732  ANGLE   =        2.9391  DIHED      =        1.7898
 VDWAALS =       -4.1200  EEL     =      -22.8230  EGB        =     -122.8559
 1-4 VDW =        1.5977  1-4 EEL =       21.4411  RESTRAINT  =        0.0000


   NSTEP       ENERGY          RMS            GMAX         NAME    NUMBER
     69      -1.2177E+02     1.5867E+00     8.8405E+00     C11        29

 BOND    =        0.4440  ANGLE   =        2.8879  DIHED      =        1.7932
 VDWAALS =       -4.2017  EEL     =      -22.7795  EGB        =     -122.8968
 1-4 VDW =        1.5503  1-4 EEL =       21.4285  RESTRAINT  =        0.0000


   NSTEP       ENERGY          RMS            GMAX         NAME    NUMBER
     70      -1.2182E+02     2.5163E+00     1.1471E+01     C2          1

 BOND    =        0.5382  ANGLE   =        2.8697  DIHED      =        1.7969
 VDWAALS =       -4.2739  EEL     =      -22.7394  EGB        =     -122.9350
 1-4 VDW =        1.5082  1-4 EEL =       21.4170  RESTRAINT  =        0.0000


   NSTEP       ENERGY          RMS            GMAX         NAME    NUMBER
     71      -1.2208E+02     2.0436E+00     9.0897E+00     O6         32

 BOND    =        0.5293  ANGLE   =        2.8533  DIHED      =        1.8129
 VDWAALS =       -4.4392  EEL     =      -22.6465  EGB        =     -122.9521
 1-4 VDW =        1.4269  1-4 EEL =       21.3364  RESTRAINT  =        0.0000


   NSTEP       ENERGY          RMS            GMAX         NAME    NUMBER
     72      -1.2208E+02     1.7879E+00     7.9034E+00     O6         32

 BOND    =        0.5033  ANGLE   =        2.8474  DIHED      =        1.8107
 VDWAALS =       -4.4188  EEL     =      -22.6585  EGB        =     -122.9498
 1-4 VDW =        1.4371  1-4 EEL =       21.3468  RESTRAINT  =        0.0000


   NSTEP       ENERGY          RMS            GMAX         NAME    NUMBER
     73      -1.2230E+02     1.1450E+00     3.6995E+00     O6         32

 BOND    =        0.4566  ANGLE   =        2.8511  DIHED      =        1.8179
 VDWAALS =       -4.5173  EEL     =      -22.6829  EGB        =     -122.9373
 1-4 VDW =        1.3897  1-4 EEL =       21.3190  RESTRAINT  =        0.0000


   NSTEP       ENERGY          RMS            GMAX         NAME    NUMBER
     74      -1.2235E+02     1.2669E+00     5.4548E+00     C91        25

 BOND    =        0.4794  ANGLE   =        2.8594  DIHED      =        1.8214
 VDWAALS =       -4.5611  EEL     =      -22.6943  EGB        =     -122.9316
 1-4 VDW =        1.3683  1-4 EEL =       21.3061  RESTRAINT  =        0.0000


   NSTEP       ENERGY          RMS            GMAX         NAME    NUMBER
     75      -1.2249E+02     1.4931E+00     6.9580E+00     C2          1

 BOND    =        0.5697  ANGLE   =        2.8017  DIHED      =        1.8132
 VDWAALS =       -4.6525  EEL     =      -22.6861  EGB        =     -122.9535
 1-4 VDW =        1.3405  1-4 EEL =       21.2796  RESTRAINT  =        0.0000


   NSTEP       ENERGY          RMS            GMAX         NAME    NUMBER
     76      -1.2251E+02     1.2162E+00     5.1766E+00     C2          1

 BOND    =        0.5495  ANGLE   =        2.7999  DIHED      =        1.8124
 VDWAALS =       -4.6528  EEL     =      -22.6787  EGB        =     -122.9528
 1-4 VDW =        1.3426  1-4 EEL =       21.2748  RESTRAINT  =        0.0000


   NSTEP       ENERGY          RMS            GMAX         NAME    NUMBER
     77      -1.2252E+02     9.3934E-01     3.2158E+00     C2          1

 BOND    =        0.5304  ANGLE   =        2.7979  DIHED      =        1.8113
 VDWAALS =       -4.6532  EEL     =      -22.6704  EGB        =     -122.9520
 1-4 VDW =        1.3454  1-4 EEL =       21.2694  RESTRAINT  =        0.0000


   NSTEP       ENERGY          RMS            GMAX         NAME    NUMBER
     78      -1.2253E+02     7.2384E-01     2.2429E+00     O6         32

 BOND    =        0.5141  ANGLE   =        2.7956  DIHED      =        1.8096
 VDWAALS =       -4.6537  EEL     =      -22.6616  EGB        =     -122.9514
 1-4 VDW =        1.3493  1-4 EEL =       21.2635  RESTRAINT  =        0.0000


   NSTEP       ENERGY          RMS            GMAX         NAME    NUMBER
     79      -1.2255E+02     6.2451E-01     1.9478E+00     O6         32

 BOND    =        0.5016  ANGLE   =        2.7927  DIHED      =        1.8070
 VDWAALS =       -4.6545  EEL     =      -22.6541  EGB        =     -122.9516
 1-4 VDW =        1.3543  1-4 EEL =       21.2581  RESTRAINT  =        0.0000


   NSTEP       ENERGY          RMS            GMAX         NAME    NUMBER
     80      -1.2124E+02     5.4577E+00     2.4911E+01     O6         32

 BOND    =        1.3283  ANGLE   =        3.1764  DIHED      =        1.6230
 VDWAALS =       -4.7104  EEL     =      -22.3906  EGB        =     -123.0356
 1-4 VDW =        1.7083  1-4 EEL =       21.0591  RESTRAINT  =        0.0000


   NSTEP       ENERGY          RMS            GMAX         NAME    NUMBER
     81      -1.2261E+02     1.0625E+00     5.0645E+00     O6         32

 BOND    =        0.4558  ANGLE   =        2.7721  DIHED      =        1.7656
 VDWAALS =       -4.6727  EEL     =      -22.5983  EGB        =     -122.9679
 1-4 VDW =        1.4206  1-4 EEL =       21.2156  RESTRAINT  =        0.0000


   NSTEP       ENERGY          RMS            GMAX         NAME    NUMBER
     82      -1.2269E+02     1.4430E+00     6.3647E+00     C2          1

 BOND    =        0.5091  ANGLE   =        2.7476  DIHED      =        1.7229
 VDWAALS =       -4.7275  EEL     =      -22.5896  EGB        =     -123.0058
 1-4 VDW =        1.4567  1-4 EEL =       21.1986  RESTRAINT  =        0.0000


   NSTEP       ENERGY          RMS            GMAX         NAME    NUMBER
     83      -1.2269E+02     1.2816E+00     5.5568E+00     C11        29

 BOND    =        0.4959  ANGLE   =        2.7473  DIHED      =        1.7275
 VDWAALS =       -4.7217  EEL     =      -22.5906  EGB        =     -123.0016
 1-4 VDW =        1.4526  1-4 EEL =       21.2005  RESTRAINT  =        0.0000


   NSTEP       ENERGY          RMS            GMAX         NAME    NUMBER
     84      -1.2280E+02     1.0795E+00     4.5106E+00     C11        29

 BOND    =        0.5256  ANGLE   =        2.7226  DIHED      =        1.6961
 VDWAALS =       -4.7782  EEL     =      -22.6022  EGB        =     -123.0160
 1-4 VDW =        1.4855  1-4 EEL =       21.1632  RESTRAINT  =        0.0000


   NSTEP       ENERGY          RMS            GMAX         NAME    NUMBER
     85      -1.2281E+02     1.4679E+00     5.2668E+00     C2          1

 BOND    =        0.5650  ANGLE   =        2.7235  DIHED      =        1.6840
 VDWAALS =       -4.7996  EEL     =      -22.6066  EGB        =     -123.0221
 1-4 VDW =        1.4993  1-4 EEL =       21.1483  RESTRAINT  =        0.0000


   NSTEP       ENERGY          RMS            GMAX         NAME    NUMBER
     86      -1.2295E+02     1.4094E+00     7.6513E+00     O51        27

 BOND    =        0.5480  ANGLE   =        2.7538  DIHED      =        1.6480
 VDWAALS =       -4.8945  EEL     =      -22.6243  EGB        =     -123.0903
 1-4 VDW =        1.5470  1-4 EEL =       21.1597  RESTRAINT  =        0.0000


   NSTEP       ENERGY          RMS            GMAX         NAME    NUMBER
     87      -1.2295E+02     1.3560E+00     7.4519E+00     O51        27

 BOND    =        0.5452  ANGLE   =        2.7513  DIHED      =        1.6494
 VDWAALS =       -4.8910  EEL     =      -22.6237  EGB        =     -123.0876
 1-4 VDW =        1.5450  1-4 EEL =       21.1593  RESTRAINT  =        0.0000


   NSTEP       ENERGY          RMS            GMAX         NAME    NUMBER
     88      -1.2313E+02     1.1230E+00     4.9118E+00     O6         32

 BOND    =        0.5426  ANGLE   =        2.7161  DIHED      =        1.6273
 VDWAALS =       -4.9965  EEL     =      -22.5606  EGB        =     -123.1565
 1-4 VDW =        1.5525  1-4 EEL =       21.1410  RESTRAINT  =        0.0000


   NSTEP       ENERGY          RMS            GMAX         NAME    NUMBER
     89      -1.2314E+02     1.1519E+00     4.9690E+00     O6         32

 BOND    =        0.5449  ANGLE   =        2.7155  DIHED      =        1.6267
 VDWAALS =       -4.9994  EEL     =      -22.5587  EGB        =     -123.1585
 1-4 VDW =        1.5527  1-4 EEL =       21.1404  RESTRAINT  =        0.0000


   NSTEP       ENERGY          RMS            GMAX         NAME    NUMBER
     90      -1.2326E+02     1.2708E+00     7.3671E+00     C6          6

 BOND    =        0.5670  ANGLE   =        2.6045  DIHED      =        1.6253
 VDWAALS =       -5.0543  EEL     =      -22.4416  EGB        =     -123.2380
 1-4 VDW =        1.5626  1-4 EEL =       21.1125  RESTRAINT  =        0.0000


   NSTEP       ENERGY          RMS            GMAX         NAME    NUMBER
     91      -1.2327E+02     1.4362E+00     8.6210E+00     C6          6

 BOND    =        0.5791  ANGLE   =        2.5919  DIHED      =        1.6253
 VDWAALS =       -5.0619  EEL     =      -22.4249  EGB        =     -123.2494
 1-4 VDW =        1.5641  1-4 EEL =       21.1085  RESTRAINT  =        0.0000


   NSTEP       ENERGY          RMS            GMAX         NAME    NUMBER
     92      -1.2338E+02     1.3573E+00     4.9873E+00     C6          6

 BOND    =        0.6555  ANGLE   =        2.5127  DIHED      =        1.6327
 VDWAALS =       -5.1101  EEL     =      -22.4000  EGB        =     -123.3209
 1-4 VDW =        1.5820  1-4 EEL =       21.0681  RESTRAINT  =        0.0000


   NSTEP       ENERGY          RMS            GMAX         NAME    NUMBER
     93      -1.2338E+02     1.4143E+00     5.5515E+00     C6          6

 BOND    =        0.6620  ANGLE   =        2.5103  DIHED      =        1.6330
 VDWAALS =       -5.1121  EEL     =      -22.3990  EGB        =     -123.3239
 1-4 VDW =        1.5828  1-4 EEL =       21.0664  RESTRAINT  =        0.0000


   NSTEP       ENERGY          RMS            GMAX         NAME    NUMBER
     94      -1.2353E+02     1.1312E+00     5.0658E+00     H23        45

 BOND    =        0.6148  ANGLE   =        2.4888  DIHED      =        1.6476
 VDWAALS =       -5.1985  EEL     =      -22.2585  EGB        =     -123.4237
 1-4 VDW =        1.5927  1-4 EEL =       21.0092  RESTRAINT  =        0.0000


   NSTEP       ENERGY          RMS            GMAX         NAME    NUMBER
     95      -1.2356E+02     1.8344E+00     7.3490E+00     C9          9

 BOND    =        0.6362  ANGLE   =        2.5041  DIHED      =        1.6636
 VDWAALS =       -5.2741  EEL     =      -22.1277  EGB        =     -123.5177
 1-4 VDW =        1.6025  1-4 EEL =       20.9562  RESTRAINT  =        0.0000


   NSTEP       ENERGY          RMS            GMAX         NAME    NUMBER
     96      -1.2370E+02     2.0075E+00     1.0633E+01     C9          9

 BOND    =        0.5485  ANGLE   =        2.5651  DIHED      =        1.7041
 VDWAALS =       -5.4344  EEL     =      -21.8522  EGB        =     -123.6945
 1-4 VDW =        1.6139  1-4 EEL =       20.8483  RESTRAINT  =        0.0000


   NSTEP       ENERGY          RMS            GMAX         NAME    NUMBER
     97      -1.2372E+02     1.4760E+00     6.2077E+00     C9          9

 BOND    =        0.5303  ANGLE   =        2.5423  DIHED      =        1.6931
 VDWAALS =       -5.3974  EEL     =      -21.9200  EGB        =     -123.6506
 1-4 VDW =        1.6109  1-4 EEL =       20.8748  RESTRAINT  =        0.0000


   NSTEP       ENERGY          RMS            GMAX         NAME    NUMBER
     98      -1.2383E+02     1.0390E+00     3.7258E+00     O4          4

 BOND    =        0.5021  ANGLE   =        2.5325  DIHED      =        1.7073
 VDWAALS =       -5.4703  EEL     =      -21.8262  EGB        =     -123.7342
 1-4 VDW =        1.6152  1-4 EEL =       20.8440  RESTRAINT  =        0.0000


   NSTEP       ENERGY          RMS            GMAX         NAME    NUMBER
     99      -1.2383E+02     1.0135E+00     3.6412E+00     O4          4

 BOND    =        0.5006  ANGLE   =        2.5324  DIHED      =        1.7070
 VDWAALS =       -5.4686  EEL     =      -21.8284  EGB        =     -123.7322
 1-4 VDW =        1.6151  1-4 EEL =       20.8447  RESTRAINT  =        0.0000


   NSTEP       ENERGY          RMS            GMAX         NAME    NUMBER
    100      -1.2391E+02     8.0709E-01     2.8173E+00     C6          6

 BOND    =        0.4956  ANGLE   =        2.5311  DIHED      =        1.7080
 VDWAALS =       -5.5097  EEL     =      -21.8383  EGB        =     -123.7683
 1-4 VDW =        1.6128  1-4 EEL =       20.8616  RESTRAINT  =        0.0000


  Maximum number of minimization cycles reached.


                    FINAL RESULTS



   NSTEP       ENERGY          RMS            GMAX         NAME    NUMBER
    100      -1.2391E+02     8.0709E-01     2.8173E+00     C6          6

 BOND    =        0.4956  ANGLE   =        2.5311  DIHED      =        1.7080
 VDWAALS =       -5.5097  EEL     =      -21.8383  EGB        =     -123.7683
 1-4 VDW =        1.6128  1-4 EEL =       20.8616  RESTRAINT  =        0.0000

--------------------------------------------------------------------------------
   5.  TIMINGS
--------------------------------------------------------------------------------

|    Read coords time           0.00 ( 0.35% of Total)
|    Fast Water setup           0.00 ( 0.01% of Total)
|                Calc gb radii              0.01 (29.48% of Gen B)
|                Calc gb diag               0.01 (41.97% of Gen B)
|                Calc gb off-diag           0.01 (28.30% of Gen B)
|                Other                      0.00 ( 0.25% of Gen B)
|             Gen Born time              0.02 (100.0% of Nonbo)
|             IPS excludes               0.00 ( 0.04% of Nonbo)
|          Nonbond force              0.02 (88.14% of Force)
|          Bond/Angle/Dihedral        0.00 (11.00% of Force)
|          Other                      0.00 ( 0.86% of Force)
|       Force time                 0.03 (100.0% of Runmd)
|    Runmd Time                 0.03 (37.21% of Total)
|    Other                      0.04 (62.44% of Total)
| Total time                 0.07 (99.41% of ALL  )

| Number of list builds   :          0

| Highest rstack allocated:          0
| Highest istack allocated:          0
|           Job began  at 15:20:29.921  on 04/20/2016
|           Setup done at 15:20:29.928  on 04/20/2016
|           Run   done at 15:20:29.989  on 04/20/2016
|     wallclock() was called    1828 times
