
          -------------------------------------------------------
          Amber 14 SANDER                              2014
          -------------------------------------------------------

| Run on 12/05/2014 at 20:34:17

|   Executable path: sander
| Working directory: /net/casegroup2/u2/pjanowsk/Phenix/AmberLibrary/e
|          Hostname: krakow

  [-O]verwriting output

File Assignments:
|  MDIN: sander.in                                                             
| MDOUT: EPM.min_igb.out                                                       
|INPCRD: EPM.rst7                                                              
|  PARM: EPM.prmtop                                                            
|RESTRT: EPM.min_igb.rst7                                                      
|  REFC: refc                                                                  
| MDVEL: mdvel                                                                 
| MDFRC: mdfrc                                                                 
|  MDEN: mden                                                                  
| MDCRD: mdcrd                                                                 
|MDINFO: mdinfo                                                                
|  MTMD: mtmd                                                                  
|INPDIP: inpdip                                                                
|RSTDIP: rstdip                                                                
|INPTRA: inptraj                                                               


 Here is the input file:

  short minimization                                                           
 &cntrl                                                                        
   imin=1, maxcyc=100, ncyc=50, ntpr=1, cut=99., ntb=0, igb=2                  
 /                                                                             

--------------------------------------------------------------------------------
   1.  RESOURCE   USE: 
--------------------------------------------------------------------------------

| Flags:                                                                        
| New format PARM file being parsed.
| Version =    1.000 Date = 12/05/14 Time = 20:34:17
 NATOM  =      67 NTYPES =       9 NBONH =      41 MBONA  =      25
 NTHETH =     100 MTHETA =      27 NPHIH =     156 MPHIA  =      55
 NHPARM =       0 NPARM  =       0 NNB   =     374 NRES   =       1
 NBONA  =      25 NTHETA =      27 NPHIA =      55 NUMBND =      10
 NUMANG =      23 NPTRA  =      14 NATYP =       9 NPHB   =       0
 IFBOX  =       0 NMXRS  =      67 IFCAP =       0 NEXTRA =       0
 NCOPY  =       0

 Implicit solvent radii are H(N)-modified Bondi radii (mbondi2)                                             

|     Memory Use     Allocated
|     Real                8932
|     Hollerith            204
|     Integer            23399
|     Max Pairs              1
|     nblistReal             0
|     nblist Int             0
|       Total              161 kbytes

| Note: 1-4 EEL scale factors are being read from the topology file.

| Note: 1-4 VDW scale factors are being read from the topology file.
| Duplicated    0 dihedrals
| Duplicated    0 dihedrals

--------------------------------------------------------------------------------
   2.  CONTROL  DATA  FOR  THE  RUN
--------------------------------------------------------------------------------

EPM                                                                             

General flags:
     imin    =       1, nmropt  =       0

Nature and format of input:
     ntx     =       1, irest   =       0, ntrx    =       1

Nature and format of output:
     ntxo    =       1, ntpr    =       1, ntrx    =       1, ntwr    =     500
     iwrap   =       0, ntwx    =       0, ntwv    =       0, ntwe    =       0
     ioutfm  =       0, ntwprt  =       0, idecomp =       0, rbornstat=      0

Potential function:
     ntf     =       1, ntb     =       0, igb     =       2, nsnb    =      25
     ipol    =       0, gbsa    =       0, iesp    =       0
     dielc   =   1.00000, cut     =  99.00000, intdiel =   1.00000
     saltcon =   0.00000, offset  =   0.09000, gbalpha=    0.80000
     gbbeta  =   0.00000, gbgamma =   2.90912, surften =   0.00500
     rdt     =   0.00000, rgbmax  =  25.00000  extdiel =  78.50000
     alpb  =        0

Frozen or restrained atoms:
     ibelly  =       0, ntr     =       0

Energy minimization:
     maxcyc  =     100, ncyc    =      50, ntmin   =       1
     dx0     =   0.01000, drms    =   0.00010
|  INFO: Old style inpcrd file read


--------------------------------------------------------------------------------
   3.  ATOMIC COORDINATES AND VELOCITIES
--------------------------------------------------------------------------------

EPM                                                                             
 begin time read from input coords =     0.000 ps

 Number of triangulated 3-point waters found:        0

--------------------------------------------------------------------------------
   4.  RESULTS
--------------------------------------------------------------------------------



   NSTEP       ENERGY          RMS            GMAX         NAME    NUMBER
      1      -3.3466E+01     1.7791E+01     5.2237E+01     C3          5

 BOND    =       20.7628  ANGLE   =        6.7006  DIHED      =       19.3078
 VDWAALS =       -0.2574  EEL     =     -207.6995  EGB        =      -33.9012
 1-4 VDW =        8.9648  1-4 EEL =      152.6563  RESTRAINT  =        0.0000


   NSTEP       ENERGY          RMS            GMAX         NAME    NUMBER
      2      -3.6355E+01     1.6188E+01     4.8100E+01     C3          5

 BOND    =       18.1407  ANGLE   =        6.4386  DIHED      =       19.2873
 VDWAALS =       -0.3240  EEL     =     -207.6344  EGB        =      -33.9445
 1-4 VDW =        9.0054  1-4 EEL =      152.6756  RESTRAINT  =        0.0000


   NSTEP       ENERGY          RMS            GMAX         NAME    NUMBER
      3      -3.9467E+01     1.4316E+01     4.3118E+01     C3          5

 BOND    =       15.2738  ANGLE   =        6.2040  DIHED      =       19.2645
 VDWAALS =       -0.4075  EEL     =     -207.5562  EGB        =      -33.9992
 1-4 VDW =        9.0536  1-4 EEL =      152.6996  RESTRAINT  =        0.0000


   NSTEP       ENERGY          RMS            GMAX         NAME    NUMBER
      4      -4.2707E+01     1.2160E+01     3.7676E+01     O2          3

 BOND    =       12.2305  ANGLE   =        6.0279  DIHED      =       19.2395
 VDWAALS =       -0.5137  EEL     =     -207.4615  EGB        =      -34.0697
 1-4 VDW =        9.1106  1-4 EEL =      152.7295  RESTRAINT  =        0.0000


   NSTEP       ENERGY          RMS            GMAX         NAME    NUMBER
      5      -4.5918E+01     9.7433E+00     3.4658E+01     O2          3

 BOND    =        9.1384  ANGLE   =        5.9470  DIHED      =       19.2133
 VDWAALS =       -0.6519  EEL     =     -207.3449  EGB        =      -34.1629
 1-4 VDW =        9.1768  1-4 EEL =      152.7664  RESTRAINT  =        0.0000


   NSTEP       ENERGY          RMS            GMAX         NAME    NUMBER
      6      -4.8883E+01     7.1911E+00     3.0776E+01     O2          3

 BOND    =        6.2066  ANGLE   =        5.9876  DIHED      =       19.1871
 VDWAALS =       -0.8377  EEL     =     -207.1958  EGB        =      -34.2917
 1-4 VDW =        9.2515  1-4 EEL =      152.8098  RESTRAINT  =        0.0000


   NSTEP       ENERGY          RMS            GMAX         NAME    NUMBER
      7      -5.1377E+01     4.8678E+00     2.5693E+01     O2          3

 BOND    =        3.7402  ANGLE   =        6.1085  DIHED      =       19.1639
 VDWAALS =       -1.0976  EEL     =     -206.9886  EGB        =      -34.4817
 1-4 VDW =        9.3277  1-4 EEL =      152.8509  RESTRAINT  =        0.0000


   NSTEP       ENERGY          RMS            GMAX         NAME    NUMBER
      8      -5.3358E+01     3.2867E+00     1.9219E+01     O2          3

 BOND    =        2.0928  ANGLE   =        6.0763  DIHED      =       19.1518
 VDWAALS =       -1.4672  EEL     =     -206.6544  EGB        =      -34.7823
 1-4 VDW =        9.3812  1-4 EEL =      152.8437  RESTRAINT  =        0.0000


   NSTEP       ENERGY          RMS            GMAX         NAME    NUMBER
      9      -5.4968E+01     2.1948E+00     1.2542E+01     O2          3

 BOND    =        1.4043  ANGLE   =        5.6801  DIHED      =       19.1643
 VDWAALS =       -1.9341  EEL     =     -206.0288  EGB        =      -35.2490
 1-4 VDW =        9.3699  1-4 EEL =      152.6253  RESTRAINT  =        0.0000


   NSTEP       ENERGY          RMS            GMAX         NAME    NUMBER
     10      -5.6218E+01     1.6417E+00     7.8389E+00     O2          3

 BOND    =        1.0614  ANGLE   =        5.5422  DIHED      =       19.1667
 VDWAALS =       -2.4245  EEL     =     -204.8738  EGB        =      -35.8869
 1-4 VDW =        9.3160  1-4 EEL =      151.8808  RESTRAINT  =        0.0000


   NSTEP       ENERGY          RMS            GMAX         NAME    NUMBER
     11      -5.6784E+01     3.6337E+00     1.2384E+01     C6         10

 BOND    =        1.9456  ANGLE   =        5.0074  DIHED      =       19.2044
 VDWAALS =       -2.8332  EEL     =     -203.5879  EGB        =      -36.1655
 1-4 VDW =        9.0246  1-4 EEL =      150.6204  RESTRAINT  =        0.0000


   NSTEP       ENERGY          RMS            GMAX         NAME    NUMBER
     12      -5.4627E+01     8.8008E+00     3.7489E+01     C6         10

 BOND    =        2.4824  ANGLE   =        6.6557  DIHED      =       19.2391
 VDWAALS =       -2.9405  EEL     =     -202.2296  EGB        =      -36.9715
 1-4 VDW =        9.2001  1-4 EEL =      149.9375  RESTRAINT  =        0.0000


   NSTEP       ENERGY          RMS            GMAX         NAME    NUMBER
     13      -5.7509E+01     2.5210E+00     9.2227E+00     C1          1

 BOND    =        1.0287  ANGLE   =        5.4228  DIHED      =       19.2403
 VDWAALS =       -2.9699  EEL     =     -202.5135  EGB        =      -36.7350
 1-4 VDW =        9.0458  1-4 EEL =      149.9715  RESTRAINT  =        0.0000


   NSTEP       ENERGY          RMS            GMAX         NAME    NUMBER
     14      -5.7234E+01     4.3833E+00     1.2164E+01     C17        22

 BOND    =        2.2799  ANGLE   =        4.7517  DIHED      =       19.2840
 VDWAALS =       -3.0815  EEL     =     -202.2566  EGB        =      -36.5309
 1-4 VDW =        8.8151  1-4 EEL =      149.5047  RESTRAINT  =        0.0000


   NSTEP       ENERGY          RMS            GMAX         NAME    NUMBER
     15      -5.8064E+01     1.2545E+00     5.9939E+00     O2          3

 BOND    =        1.2742  ANGLE   =        4.9332  DIHED      =       19.2681
 VDWAALS =       -3.0919  EEL     =     -201.9494  EGB        =      -36.7952
 1-4 VDW =        8.8717  1-4 EEL =      149.4251  RESTRAINT  =        0.0000


   NSTEP       ENERGY          RMS            GMAX         NAME    NUMBER
     16      -5.8229E+01     2.0550E+00     5.9671E+00     C18        23

 BOND    =        1.0851  ANGLE   =        5.1719  DIHED      =       19.2812
 VDWAALS =       -3.1711  EEL     =     -201.3590  EGB        =      -37.0496
 1-4 VDW =        8.8499  1-4 EEL =      148.9622  RESTRAINT  =        0.0000


   NSTEP       ENERGY          RMS            GMAX         NAME    NUMBER
     17      -5.8220E+01     2.9865E+00     9.2334E+00     C6         10

 BOND    =        1.7266  ANGLE   =        4.6425  DIHED      =       19.3173
 VDWAALS =       -3.2448  EEL     =     -200.9486  EGB        =      -37.0468
 1-4 VDW =        8.6933  1-4 EEL =      148.6401  RESTRAINT  =        0.0000


   NSTEP       ENERGY          RMS            GMAX         NAME    NUMBER
     18      -5.8616E+01     1.0032E+00     5.6199E+00     O2          3

 BOND    =        1.2523  ANGLE   =        4.8448  DIHED      =       19.3010
 VDWAALS =       -3.2527  EEL     =     -200.8707  EGB        =      -37.1541
 1-4 VDW =        8.7171  1-4 EEL =      148.5462  RESTRAINT  =        0.0000


   NSTEP       ENERGY          RMS            GMAX         NAME    NUMBER
     19      -5.8773E+01     1.5236E+00     7.3638E+00     C1          1

 BOND    =        1.1355  ANGLE   =        4.8463  DIHED      =       19.3105
 VDWAALS =       -3.3076  EEL     =     -200.3512  EGB        =      -37.3094
 1-4 VDW =        8.6932  1-4 EEL =      148.2093  RESTRAINT  =        0.0000


   NSTEP       ENERGY          RMS            GMAX         NAME    NUMBER
     20      -5.8721E+01     2.9768E+00     2.0873E+01     C1          1

 BOND    =        1.6103  ANGLE   =        4.8514  DIHED      =       19.3206
 VDWAALS =       -3.3589  EEL     =     -200.2109  EGB        =      -37.3532
 1-4 VDW =        8.5717  1-4 EEL =      147.8481  RESTRAINT  =        0.0000


   NSTEP       ENERGY          RMS            GMAX         NAME    NUMBER
     21      -5.9006E+01     9.3385E-01     4.9828E+00     O2          3

 BOND    =        1.2726  ANGLE   =        4.7444  DIHED      =       19.3196
 VDWAALS =       -3.3636  EEL     =     -200.0196  EGB        =      -37.4249
 1-4 VDW =        8.5895  1-4 EEL =      147.8758  RESTRAINT  =        0.0000


   NSTEP       ENERGY          RMS            GMAX         NAME    NUMBER
     22      -5.9128E+01     1.0791E+00     4.6858E+00     O2          3

 BOND    =        1.1592  ANGLE   =        4.7754  DIHED      =       19.3229
 VDWAALS =       -3.3984  EEL     =     -199.6690  EGB        =      -37.4959
 1-4 VDW =        8.5794  1-4 EEL =      147.5986  RESTRAINT  =        0.0000


   NSTEP       ENERGY          RMS            GMAX         NAME    NUMBER
     23      -5.9206E+01     1.6151E+00     8.9158E+00     C6         10

 BOND    =        1.4017  ANGLE   =        4.7103  DIHED      =       19.3264
 VDWAALS =       -3.4352  EEL     =     -199.4810  EGB        =      -37.6294
 1-4 VDW =        8.4797  1-4 EEL =      147.4210  RESTRAINT  =        0.0000


   NSTEP       ENERGY          RMS            GMAX         NAME    NUMBER
     24      -5.9217E+01     2.3243E+00     1.4677E+01     C6         10

 BOND    =        1.2321  ANGLE   =        4.6919  DIHED      =       19.3345
 VDWAALS =       -3.4611  EEL     =     -199.0512  EGB        =      -37.6259
 1-4 VDW =        8.5199  1-4 EEL =      147.1431  RESTRAINT  =        0.0000


   NSTEP       ENERGY          RMS            GMAX         NAME    NUMBER
     25      -5.9214E+01     2.8572E+00     1.9630E+01     C6         10

 BOND    =        1.5608  ANGLE   =        4.7975  DIHED      =       19.3232
 VDWAALS =       -3.4797  EEL     =     -199.1567  EGB        =      -37.7616
 1-4 VDW =        8.4144  1-4 EEL =      147.0879  RESTRAINT  =        0.0000


   NSTEP       ENERGY          RMS            GMAX         NAME    NUMBER
     26      -5.9485E+01     7.6291E-01     4.2909E+00     O2          3

 BOND    =        1.2569  ANGLE   =        4.6651  DIHED      =       19.3312
 VDWAALS =       -3.4890  EEL     =     -198.9339  EGB        =      -37.7558
 1-4 VDW =        8.4337  1-4 EEL =      147.0063  RESTRAINT  =        0.0000


   NSTEP       ENERGY          RMS            GMAX         NAME    NUMBER
     27      -5.9604E+01     1.0096E+00     4.5513E+00     C6         10

 BOND    =        1.2087  ANGLE   =        4.6716  DIHED      =       19.3358
 VDWAALS =       -3.5253  EEL     =     -198.5721  EGB        =      -37.8027
 1-4 VDW =        8.4068  1-4 EEL =      146.6729  RESTRAINT  =        0.0000


   NSTEP       ENERGY          RMS            GMAX         NAME    NUMBER
     28      -5.9612E+01     2.0740E+00     1.3425E+01     C6         10

 BOND    =        1.4403  ANGLE   =        4.6252  DIHED      =       19.3261
 VDWAALS =       -3.5476  EEL     =     -198.4100  EGB        =      -38.0271
 1-4 VDW =        8.3170  1-4 EEL =      146.6641  RESTRAINT  =        0.0000


   NSTEP       ENERGY          RMS            GMAX         NAME    NUMBER
     29      -5.9618E+01     2.5068E+00     1.5395E+01     C6         10

 BOND    =        1.3400  ANGLE   =        4.6608  DIHED      =       19.3477
 VDWAALS =       -3.5765  EEL     =     -198.0859  EGB        =      -37.8347
 1-4 VDW =        8.3553  1-4 EEL =      146.1755  RESTRAINT  =        0.0000


   NSTEP       ENERGY          RMS            GMAX         NAME    NUMBER
     30      -5.9568E+01     3.1622E+00     1.8943E+01     C6         10

 BOND    =        1.5675  ANGLE   =        4.6255  DIHED      =       19.3182
 VDWAALS =       -3.5725  EEL     =     -198.1247  EGB        =      -38.1851
 1-4 VDW =        8.2736  1-4 EEL =      146.5289  RESTRAINT  =        0.0000


   NSTEP       ENERGY          RMS            GMAX         NAME    NUMBER
     31      -5.9881E+01     7.2334E-01     3.8445E+00     O2          3

 BOND    =        1.2661  ANGLE   =        4.6182  DIHED      =       19.3333
 VDWAALS =       -3.5886  EEL     =     -197.9883  EGB        =      -38.0430
 1-4 VDW =        8.2889  1-4 EEL =      146.2327  RESTRAINT  =        0.0000


   NSTEP       ENERGY          RMS            GMAX         NAME    NUMBER
     32      -5.9961E+01     1.2992E+00     8.6963E+00     C6         10

 BOND    =        1.2522  ANGLE   =        4.5812  DIHED      =       19.3407
 VDWAALS =       -3.6212  EEL     =     -197.6126  EGB        =      -38.0676
 1-4 VDW =        8.2634  1-4 EEL =      145.9024  RESTRAINT  =        0.0000


   NSTEP       ENERGY          RMS            GMAX         NAME    NUMBER
     33      -5.9909E+01     2.3727E+00     1.8695E+01     C6         10

 BOND    =        1.4723  ANGLE   =        4.6624  DIHED      =       19.3214
 VDWAALS =       -3.6304  EEL     =     -197.6115  EGB        =      -38.2706
 1-4 VDW =        8.1917  1-4 EEL =      145.9560  RESTRAINT  =        0.0000


   NSTEP       ENERGY          RMS            GMAX         NAME    NUMBER
     34      -6.0093E+01     7.2699E-01     3.5867E+00     O2          3

 BOND    =        1.2775  ANGLE   =        4.5960  DIHED      =       19.3320
 VDWAALS =       -3.6403  EEL     =     -197.4599  EGB        =      -38.2041
 1-4 VDW =        8.2052  1-4 EEL =      145.8002  RESTRAINT  =        0.0000


   NSTEP       ENERGY          RMS            GMAX         NAME    NUMBER
     35      -6.0149E+01     1.0674E+00     6.7589E+00     C6         10

 BOND    =        1.2545  ANGLE   =        4.5627  DIHED      =       19.3381
 VDWAALS =       -3.6612  EEL     =     -197.1975  EGB        =      -38.2071
 1-4 VDW =        8.1922  1-4 EEL =      145.5692  RESTRAINT  =        0.0000


   NSTEP       ENERGY          RMS            GMAX         NAME    NUMBER
     36      -6.0166E+01     1.5684E+00     1.2067E+01     C6         10

 BOND    =        1.3613  ANGLE   =        4.6225  DIHED      =       19.3242
 VDWAALS =       -3.6694  EEL     =     -197.1750  EGB        =      -38.3489
 1-4 VDW =        8.1408  1-4 EEL =      145.5789  RESTRAINT  =        0.0000


   NSTEP       ENERGY          RMS            GMAX         NAME    NUMBER
     37      -6.0189E+01     1.7856E+00     1.3352E+01     C6         10

 BOND    =        1.3055  ANGLE   =        4.5347  DIHED      =       19.3417
 VDWAALS =       -3.6884  EEL     =     -196.8834  EGB        =      -38.2568
 1-4 VDW =        8.1557  1-4 EEL =      145.3018  RESTRAINT  =        0.0000


   NSTEP       ENERGY          RMS            GMAX         NAME    NUMBER
     38      -6.0179E+01     2.2360E+00     1.7845E+01     C6         10

 BOND    =        1.4465  ANGLE   =        4.6470  DIHED      =       19.3181
 VDWAALS =       -3.6892  EEL     =     -196.9702  EGB        =      -38.4487
 1-4 VDW =        8.0973  1-4 EEL =      145.4206  RESTRAINT  =        0.0000


   NSTEP       ENERGY          RMS            GMAX         NAME    NUMBER
     39      -6.0347E+01     5.9527E-01     3.3060E+00     O2          3

 BOND    =        1.2715  ANGLE   =        4.5734  DIHED      =       19.3294
 VDWAALS =       -3.6989  EEL     =     -196.8155  EGB        =      -38.3836
 1-4 VDW =        8.1087  1-4 EEL =      145.2677  RESTRAINT  =        0.0000


   NSTEP       ENERGY          RMS            GMAX         NAME    NUMBER
     40      -6.0419E+01     8.1562E-01     4.6582E+00     C6         10

 BOND    =        1.2640  ANGLE   =        4.5445  DIHED      =       19.3323
 VDWAALS =       -3.7196  EEL     =     -196.5577  EGB        =      -38.4165
 1-4 VDW =        8.0830  1-4 EEL =      145.0506  RESTRAINT  =        0.0000


   NSTEP       ENERGY          RMS            GMAX         NAME    NUMBER
     41      -6.0421E+01     1.6552E+00     1.3004E+01     C6         10

 BOND    =        1.3755  ANGLE   =        4.6204  DIHED      =       19.3182
 VDWAALS =       -3.7298  EEL     =     -196.5000  EGB        =      -38.5516
 1-4 VDW =        8.0327  1-4 EEL =      145.0138  RESTRAINT  =        0.0000


   NSTEP       ENERGY          RMS            GMAX         NAME    NUMBER
     42      -6.0439E+01     1.8389E+00     1.3988E+01     C6         10

 BOND    =        1.3222  ANGLE   =        4.5097  DIHED      =       19.3366
 VDWAALS =       -3.7464  EEL     =     -196.2131  EGB        =      -38.4608
 1-4 VDW =        8.0483  1-4 EEL =      144.7646  RESTRAINT  =        0.0000


   NSTEP       ENERGY          RMS            GMAX         NAME    NUMBER
     43      -6.0412E+01     2.3404E+00     1.8820E+01     C6         10

 BOND    =        1.4692  ANGLE   =        4.6551  DIHED      =       19.3121
 VDWAALS =       -3.7460  EEL     =     -196.3324  EGB        =      -38.6350
 1-4 VDW =        7.9932  1-4 EEL =      144.8715  RESTRAINT  =        0.0000


   NSTEP       ENERGY          RMS            GMAX         NAME    NUMBER
     44      -6.0594E+01     5.6534E-01     2.9794E+00     O2          3

 BOND    =        1.2790  ANGLE   =        4.5636  DIHED      =       19.3233
 VDWAALS =       -3.7542  EEL     =     -196.1754  EGB        =      -38.5774
 1-4 VDW =        8.0052  1-4 EEL =      144.7414  RESTRAINT  =        0.0000


   NSTEP       ENERGY          RMS            GMAX         NAME    NUMBER
     45      -6.0653E+01     9.3118E-01     6.0566E+00     C6         10

 BOND    =        1.2759  ANGLE   =        4.5336  DIHED      =       19.3271
 VDWAALS =       -3.7735  EEL     =     -195.9191  EGB        =      -38.5973
 1-4 VDW =        7.9818  1-4 EEL =      144.5184  RESTRAINT  =        0.0000


   NSTEP       ENERGY          RMS            GMAX         NAME    NUMBER
     46      -6.0625E+01     1.8377E+00     1.4668E+01     C6         10

 BOND    =        1.4024  ANGLE   =        4.6204  DIHED      =       19.3099
 VDWAALS =       -3.7784  EEL     =     -195.9171  EGB        =      -38.7423
 1-4 VDW =        7.9348  1-4 EEL =      144.5452  RESTRAINT  =        0.0000


   NSTEP       ENERGY          RMS            GMAX         NAME    NUMBER
     47      -6.0736E+01     5.8122E-01     2.7923E+00     O2          3

 BOND    =        1.2858  ANGLE   =        4.5652  DIHED      =       19.3183
 VDWAALS =       -3.7850  EEL     =     -195.8038  EGB        =      -38.6942
 1-4 VDW =        7.9425  1-4 EEL =      144.4349  RESTRAINT  =        0.0000


   NSTEP       ENERGY          RMS            GMAX         NAME    NUMBER
     48      -6.0774E+01     8.1566E-01     5.0816E+00     C6         10

 BOND    =        1.2766  ANGLE   =        4.5362  DIHED      =       19.3224
 VDWAALS =       -3.7978  EEL     =     -195.6227  EGB        =      -38.6944
 1-4 VDW =        7.9301  1-4 EEL =      144.2754  RESTRAINT  =        0.0000


   NSTEP       ENERGY          RMS            GMAX         NAME    NUMBER
     49      -6.0789E+01     1.2017E+00     9.2492E+00     C6         10

 BOND    =        1.3359  ANGLE   =        4.5952  DIHED      =       19.3102
 VDWAALS =       -3.8018  EEL     =     -195.6114  EGB        =      -38.7965
 1-4 VDW =        7.8960  1-4 EEL =      144.2831  RESTRAINT  =        0.0000


   NSTEP       ENERGY          RMS            GMAX         NAME    NUMBER
     50      -6.0806E+01     1.3881E+00     1.0361E+01     C6         10

 BOND    =        1.3023  ANGLE   =        4.5222  DIHED      =       19.3236
 VDWAALS =       -3.8146  EEL     =     -195.3965  EGB        =      -38.7281
 1-4 VDW =        7.9036  1-4 EEL =      144.0820  RESTRAINT  =        0.0000


   NSTEP       ENERGY          RMS            GMAX         NAME    NUMBER
     51      -6.0804E+01     1.7205E+00     1.3764E+01     C6         10

 BOND    =        1.3919  ANGLE   =        4.6184  DIHED      =       19.3044
 VDWAALS =       -3.8138  EEL     =     -195.4711  EGB        =      -38.8689
 1-4 VDW =        7.8625  1-4 EEL =      144.1722  RESTRAINT  =        0.0000


   NSTEP       ENERGY          RMS            GMAX         NAME    NUMBER
     52      -5.9381E+01     7.0193E+00     5.6841E+01     C6         10

 BOND    =        2.5535  ANGLE   =        4.5225  DIHED      =       19.3559
 VDWAALS =       -3.8504  EEL     =     -194.8111  EGB        =      -38.5978
 1-4 VDW =        7.9076  1-4 EEL =      143.5386  RESTRAINT  =        0.0000


   NSTEP       ENERGY          RMS            GMAX         NAME    NUMBER
     53      -6.0908E+01     4.8193E-01     2.6197E+00     O2          3

 BOND    =        1.2786  ANGLE   =        4.5544  DIHED      =       19.3145
 VDWAALS =       -3.8215  EEL     =     -195.3344  EGB        =      -38.8121
 1-4 VDW =        7.8715  1-4 EEL =      144.0414  RESTRAINT  =        0.0000


   NSTEP       ENERGY          RMS            GMAX         NAME    NUMBER
     54      -6.0924E+01     4.7888E-01     2.5929E+00     O2          3

 BOND    =        1.2790  ANGLE   =        4.5544  DIHED      =       19.3138
 VDWAALS =       -3.8249  EEL     =     -195.2906  EGB        =      -38.8255
 1-4 VDW =        7.8640  1-4 EEL =      144.0055  RESTRAINT  =        0.0000


   NSTEP       ENERGY          RMS            GMAX         NAME    NUMBER
     55      -6.1073E+01     4.5992E-01     2.3543E+00     O2          3

 BOND    =        1.2838  ANGLE   =        4.5576  DIHED      =       19.3075
 VDWAALS =       -3.8551  EEL     =     -194.8862  EGB        =      -38.9492
 1-4 VDW =        7.7953  1-4 EEL =      143.6734  RESTRAINT  =        0.0000


   NSTEP       ENERGY          RMS            GMAX         NAME    NUMBER
     56      -6.1988E+01     1.3641E+00     1.1239E+01     C1          1

 BOND    =        1.4920  ANGLE   =        4.8869  DIHED      =       19.2642
 VDWAALS =       -4.0692  EEL     =     -190.9501  EGB        =      -40.1721
 1-4 VDW =        7.1743  1-4 EEL =      140.3857  RESTRAINT  =        0.0000


   NSTEP       ENERGY          RMS            GMAX         NAME    NUMBER
     57      -6.2035E+01     1.8983E+00     1.4736E+01     C1          1

 BOND    =        1.6365  ANGLE   =        5.0874  DIHED      =       19.2577
 VDWAALS =       -4.1070  EEL     =     -189.8244  EGB        =      -40.5246
 1-4 VDW =        7.0120  1-4 EEL =      139.4271  RESTRAINT  =        0.0000


   NSTEP       ENERGY          RMS            GMAX         NAME    NUMBER
     58      -5.5807E+01     1.4358E+01     1.2424E+02     C1          1

 BOND    =        7.2193  ANGLE   =        7.9079  DIHED      =       19.2120
 VDWAALS =       -4.2052  EEL     =     -185.5114  EGB        =      -40.8778
 1-4 VDW =        6.3474  1-4 EEL =      134.1013  RESTRAINT  =        0.0000


   NSTEP       ENERGY          RMS            GMAX         NAME    NUMBER
     59      -6.2165E+01     6.6330E-01     5.8956E+00     O2          3

 BOND    =        1.5850  ANGLE   =        5.3012  DIHED      =       19.2472
 VDWAALS =       -4.1296  EEL     =     -189.2752  EGB        =      -40.5673
 1-4 VDW =        6.9196  1-4 EEL =      138.7537  RESTRAINT  =        0.0000


   NSTEP       ENERGY          RMS            GMAX         NAME    NUMBER
     60      -6.2193E+01     4.8309E-01     3.2165E+00     C1          1

 BOND    =        1.5538  ANGLE   =        5.3142  DIHED      =       19.2401
 VDWAALS =       -4.1346  EEL     =     -189.2387  EGB        =      -40.5468
 1-4 VDW =        6.9047  1-4 EEL =      138.7147  RESTRAINT  =        0.0000


   NSTEP       ENERGY          RMS            GMAX         NAME    NUMBER
     61      -6.2212E+01     6.1637E-01     4.7916E+00     C1          1

 BOND    =        1.5256  ANGLE   =        5.3397  DIHED      =       19.2274
 VDWAALS =       -4.1434  EEL     =     -189.1739  EGB        =      -40.5106
 1-4 VDW =        6.8782  1-4 EEL =      138.6454  RESTRAINT  =        0.0000


   NSTEP       ENERGY          RMS            GMAX         NAME    NUMBER
     62      -6.2264E+01     5.8283E-01     4.0543E+00     C2          4

 BOND    =        1.3796  ANGLE   =        5.5330  DIHED      =       19.2283
 VDWAALS =       -4.1606  EEL     =     -189.0471  EGB        =      -40.7462
 1-4 VDW =        6.8315  1-4 EEL =      138.7171  RESTRAINT  =        0.0000


   NSTEP       ENERGY          RMS            GMAX         NAME    NUMBER
     63      -6.2269E+01     7.7504E-01     5.0573E+00     C2          4

 BOND    =        1.3333  ANGLE   =        5.6126  DIHED      =       19.2288
 VDWAALS =       -4.1667  EEL     =     -188.9994  EGB        =      -40.8352
 1-4 VDW =        6.8140  1-4 EEL =      138.7441  RESTRAINT  =        0.0000


   NSTEP       ENERGY          RMS            GMAX         NAME    NUMBER
     64      -6.2348E+01     6.3948E-01     3.2377E+00     C1          1

 BOND    =        1.2233  ANGLE   =        5.6918  DIHED      =       19.2385
 VDWAALS =       -4.1909  EEL     =     -188.8611  EGB        =      -40.9594
 1-4 VDW =        6.7603  1-4 EEL =      138.7496  RESTRAINT  =        0.0000


   NSTEP       ENERGY          RMS            GMAX         NAME    NUMBER
     65      -6.2361E+01     9.1821E-01     5.3610E+00     N           9

 BOND    =        1.1792  ANGLE   =        5.7502  DIHED      =       19.2449
 VDWAALS =       -4.2044  EEL     =     -188.7761  EGB        =      -41.0358
 1-4 VDW =        6.7280  1-4 EEL =      138.7527  RESTRAINT  =        0.0000


   NSTEP       ENERGY          RMS            GMAX         NAME    NUMBER
     66      -6.2493E+01     9.1723E-01     4.8729E+00     C2          4

 BOND    =        1.2922  ANGLE   =        5.6775  DIHED      =       19.1638
 VDWAALS =       -4.2126  EEL     =     -188.9254  EGB        =      -40.9751
 1-4 VDW =        6.6267  1-4 EEL =      138.8601  RESTRAINT  =        0.0000


   NSTEP       ENERGY          RMS            GMAX         NAME    NUMBER
     67      -6.2519E+01     1.3940E+00     7.8122E+00     C2          4

 BOND    =        1.4104  ANGLE   =        5.6470  DIHED      =       19.1079
 VDWAALS =       -4.2154  EEL     =     -189.0269  EGB        =      -40.9345
 1-4 VDW =        6.5584  1-4 EEL =      138.9337  RESTRAINT  =        0.0000


   NSTEP       ENERGY          RMS            GMAX         NAME    NUMBER
     68      -6.2726E+01     1.0643E+00     5.9494E+00     N           9

 BOND    =        1.4305  ANGLE   =        5.4977  DIHED      =       18.9872
 VDWAALS =       -4.2140  EEL     =     -189.5988  EGB        =      -40.7596
 1-4 VDW =        6.4477  1-4 EEL =      139.4828  RESTRAINT  =        0.0000


   NSTEP       ENERGY          RMS            GMAX         NAME    NUMBER
     69      -6.2745E+01     1.3122E+00     7.3796E+00     N           9

 BOND    =        1.4775  ANGLE   =        5.4613  DIHED      =       18.9383
 VDWAALS =       -4.2112  EEL     =     -189.8297  EGB        =      -40.6901
 1-4 VDW =        6.4045  1-4 EEL =      139.7045  RESTRAINT  =        0.0000


   NSTEP       ENERGY          RMS            GMAX         NAME    NUMBER
     70      -6.2904E+01     1.1166E+00     7.5166E+00     C1          1

 BOND    =        1.2503  ANGLE   =        5.1155  DIHED      =       18.9408
 VDWAALS =       -4.2177  EEL     =     -191.3067  EGB        =      -40.2125
 1-4 VDW =        6.4094  1-4 EEL =      141.1166  RESTRAINT  =        0.0000


   NSTEP       ENERGY          RMS            GMAX         NAME    NUMBER
     71      -6.2909E+01     9.5323E-01     6.8290E+00     C1          1

 BOND    =        1.2649  ANGLE   =        5.1594  DIHED      =       18.9403
 VDWAALS =       -4.2169  EEL     =     -191.0804  EGB        =      -40.2854
 1-4 VDW =        6.4078  1-4 EEL =      140.9009  RESTRAINT  =        0.0000


   NSTEP       ENERGY          RMS            GMAX         NAME    NUMBER
     72      -6.2999E+01     5.8390E-01     2.4894E+00     C1          1

 BOND    =        1.1005  ANGLE   =        5.0207  DIHED      =       18.9429
 VDWAALS =       -4.2073  EEL     =     -192.0261  EGB        =      -40.1367
 1-4 VDW =        6.4652  1-4 EEL =      141.8421  RESTRAINT  =        0.0000


   NSTEP       ENERGY          RMS            GMAX         NAME    NUMBER
     73      -6.2999E+01     6.0750E-01     2.6017E+00     C1          1

 BOND    =        1.0917  ANGLE   =        5.0130  DIHED      =       18.9433
 VDWAALS =       -4.2066  EEL     =     -192.0969  EGB        =      -40.1255
 1-4 VDW =        6.4697  1-4 EEL =      141.9122  RESTRAINT  =        0.0000


   NSTEP       ENERGY          RMS            GMAX         NAME    NUMBER
     74      -6.3045E+01     7.2955E-01     4.0085E+00     C1          1

 BOND    =        1.1453  ANGLE   =        4.8816  DIHED      =       18.9457
 VDWAALS =       -4.2138  EEL     =     -192.3157  EGB        =      -40.0396
 1-4 VDW =        6.4966  1-4 EEL =      142.0545  RESTRAINT  =        0.0000


   NSTEP       ENERGY          RMS            GMAX         NAME    NUMBER
     75      -6.3046E+01     8.2519E-01     4.7071E+00     C6         10

 BOND    =        1.1563  ANGLE   =        4.8656  DIHED      =       18.9461
 VDWAALS =       -4.2148  EEL     =     -192.3457  EGB        =      -40.0279
 1-4 VDW =        6.5003  1-4 EEL =      142.0740  RESTRAINT  =        0.0000


   NSTEP       ENERGY          RMS            GMAX         NAME    NUMBER
     76      -6.3061E+01     5.6861E-01     3.0025E+00     C6         10

 BOND    =        1.1477  ANGLE   =        4.8633  DIHED      =       18.9477
 VDWAALS =       -4.2148  EEL     =     -192.3458  EGB        =      -40.0468
 1-4 VDW =        6.4978  1-4 EEL =      142.0897  RESTRAINT  =        0.0000


   NSTEP       ENERGY          RMS            GMAX         NAME    NUMBER
     77      -6.3073E+01     3.9201E-01     1.7566E+00     H71        36

 BOND    =        1.1459  ANGLE   =        4.8609  DIHED      =       18.9511
 VDWAALS =       -4.2154  EEL     =     -192.3419  EGB        =      -40.0666
 1-4 VDW =        6.4948  1-4 EEL =      142.0983  RESTRAINT  =        0.0000


   NSTEP       ENERGY          RMS            GMAX         NAME    NUMBER
     78      -6.3084E+01     3.5061E-01     1.6951E+00     H71        36

 BOND    =        1.1513  ANGLE   =        4.8566  DIHED      =       18.9580
 VDWAALS =       -4.2170  EEL     =     -192.3277  EGB        =      -40.0791
 1-4 VDW =        6.4922  1-4 EEL =      142.0816  RESTRAINT  =        0.0000


   NSTEP       ENERGY          RMS            GMAX         NAME    NUMBER
     79      -6.3097E+01     3.2597E-01     1.6039E+00     H71        36

 BOND    =        1.1597  ANGLE   =        4.8469  DIHED      =       18.9670
 VDWAALS =       -4.2196  EEL     =     -192.3028  EGB        =      -40.0831
 1-4 VDW =        6.4908  1-4 EEL =      142.0443  RESTRAINT  =        0.0000


   NSTEP       ENERGY          RMS            GMAX         NAME    NUMBER
     80      -6.1056E+01     4.4989E+00     2.8245E+01     C1          1

 BOND    =        2.9589  ANGLE   =        5.6980  DIHED      =       19.8595
 VDWAALS =       -4.3896  EEL     =     -190.2538  EGB        =      -41.1113
 1-4 VDW =        6.4295  1-4 EEL =      139.7530  RESTRAINT  =        0.0000


   NSTEP       ENERGY          RMS            GMAX         NAME    NUMBER
     81      -6.3181E+01     6.6274E-01     4.4732E+00     C1          1

 BOND    =        1.3023  ANGLE   =        4.7442  DIHED      =       19.0916
 VDWAALS =       -4.2530  EEL     =     -191.9651  EGB        =      -40.2325
 1-4 VDW =        6.4688  1-4 EEL =      141.6623  RESTRAINT  =        0.0000


   NSTEP       ENERGY          RMS            GMAX         NAME    NUMBER
     82      -6.2976E+01     2.6941E+00     2.2235E+01     C1          1

 BOND    =        1.5218  ANGLE   =        4.8471  DIHED      =       19.2528
 VDWAALS =       -4.3038  EEL     =     -191.5642  EGB        =      -40.2386
 1-4 VDW =        6.4567  1-4 EEL =      141.0518  RESTRAINT  =        0.0000


   NSTEP       ENERGY          RMS            GMAX         NAME    NUMBER
     83      -6.3200E+01     3.1400E-01     1.5405E+00     C1          1

 BOND    =        1.3038  ANGLE   =        4.7513  DIHED      =       19.1269
 VDWAALS =       -4.2647  EEL     =     -191.8753  EGB        =      -40.2329
 1-4 VDW =        6.4656  1-4 EEL =      141.5250  RESTRAINT  =        0.0000


   NSTEP       ENERGY          RMS            GMAX         NAME    NUMBER
     84      -6.3208E+01     2.5250E-01     1.0589E+00     C1          1

 BOND    =        1.2927  ANGLE   =        4.7443  DIHED      =       19.1350
 VDWAALS =       -4.2702  EEL     =     -191.8509  EGB        =      -40.2475
 1-4 VDW =        6.4623  1-4 EEL =      141.5264  RESTRAINT  =        0.0000


   NSTEP       ENERGY          RMS            GMAX         NAME    NUMBER
     85      -6.3218E+01     3.4446E-01     1.7764E+00     C6         10

 BOND    =        1.2666  ANGLE   =        4.7270  DIHED      =       19.1608
 VDWAALS =       -4.2876  EEL     =     -191.7738  EGB        =      -40.2939
 1-4 VDW =        6.4518  1-4 EEL =      141.5309  RESTRAINT  =        0.0000


   NSTEP       ENERGY          RMS            GMAX         NAME    NUMBER
     86      -6.3222E+01     7.3034E-01     4.7355E+00     C6         10

 BOND    =        1.2837  ANGLE   =        4.7674  DIHED      =       19.1730
 VDWAALS =       -4.3169  EEL     =     -191.7293  EGB        =      -40.3748
 1-4 VDW =        6.4176  1-4 EEL =      141.5569  RESTRAINT  =        0.0000


   NSTEP       ENERGY          RMS            GMAX         NAME    NUMBER
     87      -6.3228E+01     3.8628E-01     1.9154E+00     C6         10

 BOND    =        1.2698  ANGLE   =        4.7487  DIHED      =       19.1677
 VDWAALS =       -4.3043  EEL     =     -191.7486  EGB        =      -40.3397
 1-4 VDW =        6.4323  1-4 EEL =      141.5457  RESTRAINT  =        0.0000


   NSTEP       ENERGY          RMS            GMAX         NAME    NUMBER
     88      -6.3247E+01     3.1644E-01     1.3417E+00     C6         10

 BOND    =        1.2863  ANGLE   =        4.7347  DIHED      =       19.1684
 VDWAALS =       -4.3254  EEL     =     -191.6929  EGB        =      -40.3594
 1-4 VDW =        6.4108  1-4 EEL =      141.5305  RESTRAINT  =        0.0000


   NSTEP       ENERGY          RMS            GMAX         NAME    NUMBER
     89      -6.3278E+01     3.9430E-01     2.1464E+00     C2          4

 BOND    =        1.3616  ANGLE   =        4.7033  DIHED      =       19.1718
 VDWAALS =       -4.4023  EEL     =     -191.4819  EGB        =      -40.4350
 1-4 VDW =        6.3315  1-4 EEL =      141.4733  RESTRAINT  =        0.0000


   NSTEP       ENERGY          RMS            GMAX         NAME    NUMBER
     90      -6.3258E+01     1.0389E+00     6.2745E+00     C1          1

 BOND    =        1.4809  ANGLE   =        4.6922  DIHED      =       19.1581
 VDWAALS =       -4.4868  EEL     =     -191.2088  EGB        =      -40.5191
 1-4 VDW =        6.2382  1-4 EEL =      141.3876  RESTRAINT  =        0.0000


   NSTEP       ENERGY          RMS            GMAX         NAME    NUMBER
     91      -6.3298E+01     3.6620E-01     2.6526E+00     C1          1

 BOND    =        1.3926  ANGLE   =        4.6898  DIHED      =       19.1656
 VDWAALS =       -4.4381  EEL     =     -191.3687  EGB        =      -40.4693
 1-4 VDW =        6.2923  1-4 EEL =      141.4375  RESTRAINT  =        0.0000


   NSTEP       ENERGY          RMS            GMAX         NAME    NUMBER
     92      -6.3315E+01     4.3346E-01     3.5797E+00     O2          3

 BOND    =        1.3579  ANGLE   =        4.7663  DIHED      =       19.1728
 VDWAALS =       -4.4757  EEL     =     -191.2769  EGB        =      -40.6174
 1-4 VDW =        6.2685  1-4 EEL =      141.4893  RESTRAINT  =        0.0000


   NSTEP       ENERGY          RMS            GMAX         NAME    NUMBER
     93      -6.3315E+01     4.1322E-01     3.4182E+00     O2          3

 BOND    =        1.3590  ANGLE   =        4.7626  DIHED      =       19.1725
 VDWAALS =       -4.4740  EEL     =     -191.2811  EGB        =      -40.6106
 1-4 VDW =        6.2696  1-4 EEL =      141.4869  RESTRAINT  =        0.0000


   NSTEP       ENERGY          RMS            GMAX         NAME    NUMBER
     94      -6.3338E+01     3.2017E-01     1.6164E+00     C1          1

 BOND    =        1.3064  ANGLE   =        4.7774  DIHED      =       19.1842
 VDWAALS =       -4.5136  EEL     =     -191.2914  EGB        =      -40.6167
 1-4 VDW =        6.2516  1-4 EEL =      141.5638  RESTRAINT  =        0.0000


   NSTEP       ENERGY          RMS            GMAX         NAME    NUMBER
     95      -6.3341E+01     4.3707E-01     2.6159E+00     C1          1

 BOND    =        1.2844  ANGLE   =        4.7878  DIHED      =       19.1907
 VDWAALS =       -4.5342  EEL     =     -191.2967  EGB        =      -40.6200
 1-4 VDW =        6.2422  1-4 EEL =      141.6044  RESTRAINT  =        0.0000


   NSTEP       ENERGY          RMS            GMAX         NAME    NUMBER
     96      -6.3362E+01     6.1494E-01     3.0984E+00     C6         10

 BOND    =        1.2875  ANGLE   =        4.8575  DIHED      =       19.2064
 VDWAALS =       -4.5845  EEL     =     -191.3515  EGB        =      -40.6187
 1-4 VDW =        6.2017  1-4 EEL =      141.6401  RESTRAINT  =        0.0000


   NSTEP       ENERGY          RMS            GMAX         NAME    NUMBER
     97      -6.3363E+01     4.8875E-01     2.4618E+00     C6         10

 BOND    =        1.2839  ANGLE   =        4.8423  DIHED      =       19.2032
 VDWAALS =       -4.5749  EEL     =     -191.3410  EGB        =      -40.6189
 1-4 VDW =        6.2094  1-4 EEL =      141.6333  RESTRAINT  =        0.0000


   NSTEP       ENERGY          RMS            GMAX         NAME    NUMBER
     98      -6.3387E+01     3.8834E-01     1.5705E+00     C6         10

 BOND    =        1.2924  ANGLE   =        4.8314  DIHED      =       19.1902
 VDWAALS =       -4.6104  EEL     =     -191.3887  EGB        =      -40.6473
 1-4 VDW =        6.1869  1-4 EEL =      141.7581  RESTRAINT  =        0.0000


   NSTEP       ENERGY          RMS            GMAX         NAME    NUMBER
     99      -6.3388E+01     4.4667E-01     1.8708E+00     C2          4

 BOND    =        1.2963  ANGLE   =        4.8306  DIHED      =       19.1880
 VDWAALS =       -4.6165  EEL     =     -191.3969  EGB        =      -40.6523
 1-4 VDW =        6.1831  1-4 EEL =      141.7796  RESTRAINT  =        0.0000


   NSTEP       ENERGY          RMS            GMAX         NAME    NUMBER
    100      -6.3412E+01     3.3640E-01     1.5164E+00     C2          4

 BOND    =        1.3414  ANGLE   =        4.7726  DIHED      =       19.1777
 VDWAALS =       -4.6546  EEL     =     -191.4888  EGB        =      -40.6134
 1-4 VDW =        6.1700  1-4 EEL =      141.8831  RESTRAINT  =        0.0000


  Maximum number of minimization cycles reached.


                    FINAL RESULTS



   NSTEP       ENERGY          RMS            GMAX         NAME    NUMBER
    100      -6.3412E+01     3.3640E-01     1.5164E+00     C2          4

 BOND    =        1.3414  ANGLE   =        4.7726  DIHED      =       19.1777
 VDWAALS =       -4.6546  EEL     =     -191.4888  EGB        =      -40.6134
 1-4 VDW =        6.1700  1-4 EEL =      141.8831  RESTRAINT  =        0.0000

--------------------------------------------------------------------------------
   5.  TIMINGS
--------------------------------------------------------------------------------

|    Read coords time           0.00 ( 0.86% of Total)
|                Calc gb radii              0.03 (25.03% of Gen B)
|                Calc gb diag               0.05 (40.48% of Gen B)
|                Calc gb off-diag           0.04 (34.37% of Gen B)
|                Other                      0.00 ( 0.12% of Gen B)
|             Gen Born time              0.13 (100.0% of Nonbo)
|             IPS excludes               0.00 ( 0.02% of Nonbo)
|          Nonbond force              0.13 (89.46% of Force)
|          Bond/Angle/Dihedral        0.01 (10.17% of Force)
|          Other                      0.00 ( 0.37% of Force)
|       Force time                 0.15 (100.0% of Runmd)
|    Runmd Time                 0.15 (36.13% of Total)
|    Other                      0.25 (63.01% of Total)
| Total time                 0.40 (100.0% of ALL  )

| Number of list builds   :          0

| Highest rstack allocated:          0
| Highest istack allocated:          0
|           Job began  at 20:34:17.926  on 12/05/2014
|           Setup done at 20:34:17.950  on 12/05/2014
|           Run   done at 20:34:18.328  on 12/05/2014
|     wallclock() was called    1828 times
