
          -------------------------------------------------------
          Amber 14 SANDER                              2014
          -------------------------------------------------------

| Run on 02/04/2016 at 23:26:33

|   Executable path: sander
| Working directory: /gpfs/gpfs/project1/dacase-001/haichit/phenix_amber/run_amber_library/amber_library/e
|          Hostname: e1c056

  [-O]verwriting output

File Assignments:
|  MDIN: EUT_sander.in                                                         
| MDOUT: EUT.min_igb.out                                                       
|INPCRD: EUT.rst7                                                              
|  PARM: EUT.prmtop                                                            
|RESTRT: EUT.min_igb.rst7                                                      
|  REFC: refc                                                                  
| MDVEL: mdvel                                                                 
| MDFRC: mdfrc                                                                 
|  MDEN: mden                                                                  
| MDCRD: mdcrd                                                                 
|MDINFO: mdinfo                                                                
|  MTMD: mtmd                                                                  
|INPDIP: inpdip                                                                
|RSTDIP: rstdip                                                                
|INPTRA: inptraj                                                               


 Here is the input file:

  short minimization                                                           
 &cntrl                                                                        
   imin=1, maxcyc=100, ncyc=50, ntpr=1, cut=99., ntb=0, igb=2                  
 /                                                                             

--------------------------------------------------------------------------------
   1.  RESOURCE   USE: 
--------------------------------------------------------------------------------

| Flags:                                                                        
| New format PARM file being parsed.
| Version =    1.000 Date = 02/04/16 Time = 23:26:33
 NATOM  =      46 NTYPES =      13 NBONH =      17 MBONA  =      28
 NTHETH =      32 MTHETA =      38 NPHIH =      50 MPHIA  =      49
 NHPARM =       0 NPARM  =       0 NNB   =     206 NRES   =       1
 NBONA  =      28 NTHETA =      38 NPHIA =      49 NUMBND =      20
 NUMANG =      37 NPTRA  =      12 NATYP =      13 NPHB   =       0
 IFBOX  =       0 NMXRS  =      46 IFCAP =       0 NEXTRA =       0
 NCOPY  =       0

 Implicit solvent radii are modified Bondi radii (mbondi)                                                   

|     Memory Use     Allocated
|     Real                7239
|     Hollerith            141
|     Integer            22048
|     Max Pairs              1
|     nblistReal             0
|     nblist Int             0
|       Total              143 kbytes

| Note: 1-4 EEL scale factors are being read from the topology file.

| Note: 1-4 VDW scale factors are being read from the topology file.
| Duplicated    0 dihedrals
| Duplicated    0 dihedrals

--------------------------------------------------------------------------------
   2.  CONTROL  DATA  FOR  THE  RUN
--------------------------------------------------------------------------------

EUT                                                                             

General flags:
     imin    =       1, nmropt  =       0

Nature and format of input:
     ntx     =       1, irest   =       0, ntrx    =       1

Nature and format of output:
     ntxo    =       1, ntpr    =       1, ntrx    =       1, ntwr    =       1
     iwrap   =       0, ntwx    =       0, ntwv    =       0, ntwe    =       0
     ioutfm  =       0, ntwprt  =       0, idecomp =       0, rbornstat=      0

Potential function:
     ntf     =       1, ntb     =       0, igb     =       2, nsnb    =      25
     ipol    =       0, gbsa    =       0, iesp    =       0
     dielc   =   1.00000, cut     =  99.00000, intdiel =   1.00000
     saltcon =   0.00000, offset  =   0.09000, gbalpha=    0.80000
     gbbeta  =   0.00000, gbgamma =   2.90912, surften =   0.00500
     rdt     =   0.00000, rgbmax  =  25.00000  extdiel =  78.50000
     alpb  =        0

Frozen or restrained atoms:
     ibelly  =       0, ntr     =       0

Energy minimization:
     maxcyc  =     100, ncyc    =      50, ntmin   =       1
     dx0     =   0.01000, drms    =   0.00010
|  INFO: Old style inpcrd file read


--------------------------------------------------------------------------------
   3.  ATOMIC COORDINATES AND VELOCITIES
--------------------------------------------------------------------------------

EUT                                                                             
 begin time read from input coords =     0.000 ps

 Number of triangulated 3-point waters found:        0

--------------------------------------------------------------------------------
   4.  RESULTS
--------------------------------------------------------------------------------



   NSTEP       ENERGY          RMS            GMAX         NAME    NUMBER
      1       1.5610E+02     6.6719E+01     3.4198E+02     C6          6

 BOND    =       78.1551  ANGLE   =       84.2825  DIHED      =        4.7127
 VDWAALS =       31.5096  EEL     =      -30.3583  EGB        =      -11.7274
 1-4 VDW =       14.6973  1-4 EEL =      -15.1669  RESTRAINT  =        0.0000


   NSTEP       ENERGY          RMS            GMAX         NAME    NUMBER
      2       1.5223E+02     6.5348E+01     3.3366E+02     C6          6

 BOND    =       75.6216  ANGLE   =       83.5873  DIHED      =        4.7124
 VDWAALS =       30.8657  EEL     =      -30.3414  EGB        =      -11.7252
 1-4 VDW =       14.6886  1-4 EEL =      -15.1829  RESTRAINT  =        0.0000


   NSTEP       ENERGY          RMS            GMAX         NAME    NUMBER
      3       1.4768E+02     6.3728E+01     3.2376E+02     C6          6

 BOND    =       72.6721  ANGLE   =       82.7514  DIHED      =        4.7121
 VDWAALS =       30.1096  EEL     =      -30.3210  EGB        =      -11.7225
 1-4 VDW =       14.6784  1-4 EEL =      -15.2025  RESTRAINT  =        0.0000


   NSTEP       ENERGY          RMS            GMAX         NAME    NUMBER
      4       1.4237E+02     6.1819E+01     3.1203E+02     C6          6

 BOND    =       69.2612  ANGLE   =       81.7462  DIHED      =        4.7117
 VDWAALS =       29.2254  EEL     =      -30.2964  EGB        =      -11.7195
 1-4 VDW =       14.6664  1-4 EEL =      -15.2265  RESTRAINT  =        0.0000


   NSTEP       ENERGY          RMS            GMAX         NAME    NUMBER
      5       1.3621E+02     5.9579E+01     2.9814E+02     C6          6

 BOND    =       65.3501  ANGLE   =       80.5368  DIHED      =        4.7112
 VDWAALS =       28.1963  EEL     =      -30.2667  EGB        =      -11.7159
 1-4 VDW =       14.6525  1-4 EEL =      -15.2559  RESTRAINT  =        0.0000


   NSTEP       ENERGY          RMS            GMAX         NAME    NUMBER
      6       1.2911E+02     5.6968E+01     2.8179E+02     C6          6

 BOND    =       60.9131  ANGLE   =       79.0811  DIHED      =        4.7107
 VDWAALS =       27.0053  EEL     =      -30.2307  EGB        =      -11.7117
 1-4 VDW =       14.6366  1-4 EEL =      -15.2923  RESTRAINT  =        0.0000


   NSTEP       ENERGY          RMS            GMAX         NAME    NUMBER
      7       1.2101E+02     5.3945E+01     2.6265E+02     C6          6

 BOND    =       55.9469  ANGLE   =       77.3284  DIHED      =        4.7102
 VDWAALS =       25.6364  EEL     =      -30.1871  EGB        =      -11.7070
 1-4 VDW =       14.6187  1-4 EEL =      -15.3375  RESTRAINT  =        0.0000


   NSTEP       ENERGY          RMS            GMAX         NAME    NUMBER
      8       1.1186E+02     5.0481E+01     2.4043E+02     C6          6

 BOND    =       50.4837  ANGLE   =       75.2174  DIHED      =        4.7097
 VDWAALS =       24.0752  EEL     =      -30.1341  EGB        =      -11.7016
 1-4 VDW =       14.5990  1-4 EEL =      -15.3940  RESTRAINT  =        0.0000


   NSTEP       ENERGY          RMS            GMAX         NAME    NUMBER
      9       1.0165E+02     4.6561E+01     2.2497E+02     C6          6

 BOND    =       44.6064  ANGLE   =       72.6747  DIHED      =        4.7091
 VDWAALS =       22.3117  EEL     =      -30.0695  EGB        =      -11.6957
 1-4 VDW =       14.5784  1-4 EEL =      -15.4651  RESTRAINT  =        0.0000


   NSTEP       ENERGY          RMS            GMAX         NAME    NUMBER
     10       9.0452E+01     4.2206E+01     2.1435E+02     C6          6

 BOND    =       38.4642  ANGLE   =       69.6142  DIHED      =        4.7087
 VDWAALS =       20.3420  EEL     =      -29.9906  EGB        =      -11.6894
 1-4 VDW =       14.5586  1-4 EEL =      -15.5553  RESTRAINT  =        0.0000


   NSTEP       ENERGY          RMS            GMAX         NAME    NUMBER
     11       7.8398E+01     3.7480E+01     2.0175E+02     C6          6

 BOND    =       32.2830  ANGLE   =       65.9382  DIHED      =        4.7085
 VDWAALS =       18.1723  EEL     =      -29.8938  EGB        =      -11.6830
 1-4 VDW =       14.5433  1-4 EEL =      -15.6708  RESTRAINT  =        0.0000


   NSTEP       ENERGY          RMS            GMAX         NAME    NUMBER
     12       6.5704E+01     3.2511E+01     1.8688E+02     C6          6

 BOND    =       26.3593  ANGLE   =       61.5455  DIHED      =        4.7087
 VDWAALS =       15.8234  EEL     =      -29.7749  EGB        =      -11.6772
 1-4 VDW =       14.5393  1-4 EEL =      -15.8195  RESTRAINT  =        0.0000


   NSTEP       ENERGY          RMS            GMAX         NAME    NUMBER
     13       5.2665E+01     2.7490E+01     1.6937E+02     C6          6

 BOND    =       21.0215  ANGLE   =       56.3519  DIHED      =        4.7095
 VDWAALS =       13.3367  EEL     =      -29.6289  EGB        =      -11.6731
 1-4 VDW =       14.5592  1-4 EEL =      -16.0118  RESTRAINT  =        0.0000


   NSTEP       ENERGY          RMS            GMAX         NAME    NUMBER
     14       3.9706E+01     2.2641E+01     1.4887E+02     C6          6

 BOND    =       16.5452  ANGLE   =       50.4273  DIHED      =        4.7113
 VDWAALS =       10.7792  EEL     =      -29.4505  EGB        =      -11.6721
 1-4 VDW =       14.6250  1-4 EEL =      -16.2591  RESTRAINT  =        0.0000


   NSTEP       ENERGY          RMS            GMAX         NAME    NUMBER
     15       2.6981E+01     1.8192E+01     1.2519E+02     C6          6

 BOND    =       13.0264  ANGLE   =       43.7077  DIHED      =        4.7146
 VDWAALS =        8.2425  EEL     =      -29.2352  EGB        =      -11.6759
 1-4 VDW =       14.7714  1-4 EEL =      -16.5707  RESTRAINT  =        0.0000


   NSTEP       ENERGY          RMS            GMAX         NAME    NUMBER
     16       1.4766E+01     1.4271E+01     9.8911E+01     C6          6

 BOND    =       10.2630  ANGLE   =       36.5287  DIHED      =        4.7201
 VDWAALS =        5.8277  EEL     =      -28.9811  EGB        =      -11.6864
 1-4 VDW =       15.0415  1-4 EEL =      -16.9472  RESTRAINT  =        0.0000


   NSTEP       ENERGY          RMS            GMAX         NAME    NUMBER
     17       3.5361E+00     1.0826E+01     7.2324E+01     C6          6

 BOND    =        7.8272  ANGLE   =       29.6814  DIHED      =        4.7288
 VDWAALS =        3.6024  EEL     =      -28.6901  EGB        =      -11.7054
 1-4 VDW =       15.4659  1-4 EEL =      -17.3743  RESTRAINT  =        0.0000


   NSTEP       ENERGY          RMS            GMAX         NAME    NUMBER
     18      -6.4007E+00     7.7307E+00     4.8142E+01     C6          6

 BOND    =        5.4611  ANGLE   =       23.7429  DIHED      =        4.7416
 VDWAALS =        1.5464  EEL     =      -28.3674  EGB        =      -11.7344
 1-4 VDW =       16.0438  1-4 EEL =      -17.8347  RESTRAINT  =        0.0000


   NSTEP       ENERGY          RMS            GMAX         NAME    NUMBER
     19      -1.4413E+01     5.3300E+00     2.9077E+01     C6          6

 BOND    =        3.5291  ANGLE   =       19.0220  DIHED      =        4.7560
 VDWAALS =       -0.3992  EEL     =      -28.0312  EGB        =      -11.7605
 1-4 VDW =       16.7978  1-4 EEL =      -18.3276  RESTRAINT  =        0.0000


   NSTEP       ENERGY          RMS            GMAX         NAME    NUMBER
     20      -1.4124E+01     2.2505E+01     1.8231E+02     C2          2

 BOND    =        8.6470  ANGLE   =       15.5640  DIHED      =        4.7836
 VDWAALS =       -1.9426  EEL     =      -27.7193  EGB        =      -11.8336
 1-4 VDW =       17.2070  1-4 EEL =      -18.8296  RESTRAINT  =        0.0000


   NSTEP       ENERGY          RMS            GMAX         NAME    NUMBER
     21      -1.8782E+01     1.1541E+01     9.6448E+01     C2          2

 BOND    =        3.9829  ANGLE   =       15.3165  DIHED      =        4.7827
 VDWAALS =       -2.0227  EEL     =      -27.7336  EGB        =      -11.7700
 1-4 VDW =       17.4640  1-4 EEL =      -18.8019  RESTRAINT  =        0.0000


   NSTEP       ENERGY          RMS            GMAX         NAME    NUMBER
     22      -1.1760E+01     2.8255E+01     2.3267E+02     C2          2

 BOND    =       11.8717  ANGLE   =       14.9710  DIHED      =        4.7947
 VDWAALS =       -2.1513  EEL     =      -27.6794  EGB        =      -11.8461
 1-4 VDW =       17.1900  1-4 EEL =      -18.9111  RESTRAINT  =        0.0000


   NSTEP       ENERGY          RMS            GMAX         NAME    NUMBER
     23      -2.0297E+01     8.3511E+00     6.3358E+01     C2          2

 BOND    =        3.3308  ANGLE   =       14.8303  DIHED      =        4.7943
 VDWAALS =       -2.1889  EEL     =      -27.6872  EGB        =      -11.8104
 1-4 VDW =       17.3204  1-4 EEL =      -18.8864  RESTRAINT  =        0.0000


   NSTEP       ENERGY          RMS            GMAX         NAME    NUMBER
     24      -1.8837E+01     1.5391E+01     1.2991E+02     C2          2

 BOND    =        5.0710  ANGLE   =       14.4598  DIHED      =        4.7983
 VDWAALS =       -2.3081  EEL     =      -27.6809  EGB        =      -11.7745
 1-4 VDW =       17.4779  1-4 EEL =      -18.8809  RESTRAINT  =        0.0000


   NSTEP       ENERGY          RMS            GMAX         NAME    NUMBER
     25      -2.1500E+01     4.0345E+00     2.9205E+01     C2          2

 BOND    =        2.6190  ANGLE   =       14.3962  DIHED      =        4.8004
 VDWAALS =       -2.3319  EEL     =      -27.6684  EGB        =      -11.7962
 1-4 VDW =       17.3882  1-4 EEL =      -18.9071  RESTRAINT  =        0.0000


   NSTEP       ENERGY          RMS            GMAX         NAME    NUMBER
     26      -2.1339E+01     8.6194E+00     6.6788E+01     C2          2

 BOND    =        3.3605  ANGLE   =       14.0613  DIHED      =        4.8074
 VDWAALS =       -2.4523  EEL     =      -27.6381  EGB        =      -11.8217
 1-4 VDW =       17.3030  1-4 EEL =      -18.9595  RESTRAINT  =        0.0000


   NSTEP       ENERGY          RMS            GMAX         NAME    NUMBER
     27      -2.2225E+01     2.6495E+00     1.2916E+01     C2          2

 BOND    =        2.5266  ANGLE   =       13.9757  DIHED      =        4.8081
 VDWAALS =       -2.4825  EEL     =      -27.6373  EGB        =      -11.8106
 1-4 VDW =       17.3503  1-4 EEL =      -18.9556  RESTRAINT  =        0.0000


   NSTEP       ENERGY          RMS            GMAX         NAME    NUMBER
     28      -2.2558E+01     3.6529E+00     2.6834E+01     C2          2

 BOND    =        2.5547  ANGLE   =       13.6920  DIHED      =        4.8125
 VDWAALS =       -2.5867  EEL     =      -27.6205  EGB        =      -11.8085
 1-4 VDW =       17.3746  1-4 EEL =      -18.9760  RESTRAINT  =        0.0000


   NSTEP       ENERGY          RMS            GMAX         NAME    NUMBER
     29      -2.2633E+01     5.8688E+00     4.3395E+01     C2          2

 BOND    =        2.8588  ANGLE   =       13.4821  DIHED      =        4.8166
 VDWAALS =       -2.6652  EEL     =      -27.5998  EGB        =      -11.8277
 1-4 VDW =       17.3122  1-4 EEL =      -19.0101  RESTRAINT  =        0.0000


   NSTEP       ENERGY          RMS            GMAX         NAME    NUMBER
     30      -2.2744E+01     6.6466E+00     5.5308E+01     C2          2

 BOND    =        2.8665  ANGLE   =       13.3209  DIHED      =        4.8181
 VDWAALS =       -2.7285  EEL     =      -27.5955  EGB        =      -11.8108
 1-4 VDW =       17.3922  1-4 EEL =      -19.0067  RESTRAINT  =        0.0000


   NSTEP       ENERGY          RMS            GMAX         NAME    NUMBER
     31      -2.2666E+01     8.3530E+00     6.5641E+01     C2          2

 BOND    =        3.2791  ANGLE   =       13.1833  DIHED      =        4.8212
 VDWAALS =       -2.7798  EEL     =      -27.5757  EGB        =      -11.8394
 1-4 VDW =       17.2880  1-4 EEL =      -19.0431  RESTRAINT  =        0.0000


   NSTEP       ENERGY          RMS            GMAX         NAME    NUMBER
     32      -2.3504E+01     2.1112E+00     1.0514E+01     C2          2

 BOND    =        2.4632  ANGLE   =       13.1201  DIHED      =        4.8215
 VDWAALS =       -2.8057  EEL     =      -27.5756  EGB        =      -11.8281
 1-4 VDW =       17.3376  1-4 EEL =      -19.0374  RESTRAINT  =        0.0000


   NSTEP       ENERGY          RMS            GMAX         NAME    NUMBER
     33      -2.3824E+01     3.0876E+00     2.2775E+01     C2          2

 BOND    =        2.4883  ANGLE   =       12.8624  DIHED      =        4.8249
 VDWAALS =       -2.9095  EEL     =      -27.5570  EGB        =      -11.8297
 1-4 VDW =       17.3547  1-4 EEL =      -19.0578  RESTRAINT  =        0.0000


   NSTEP       ENERGY          RMS            GMAX         NAME    NUMBER
     34      -2.3723E+01     6.4964E+00     5.0253E+01     C2          2

 BOND    =        2.9369  ANGLE   =       12.6806  DIHED      =        4.8275
 VDWAALS =       -2.9818  EEL     =      -27.5363  EGB        =      -11.8507
 1-4 VDW =       17.2902  1-4 EEL =      -19.0895  RESTRAINT  =        0.0000


   NSTEP       ENERGY          RMS            GMAX         NAME    NUMBER
     35      -2.4225E+01     2.0275E+00     9.4213E+00     C2          2

 BOND    =        2.4527  ANGLE   =       12.6357  DIHED      =        4.8276
 VDWAALS =       -3.0019  EEL     =      -27.5357  EGB        =      -11.8430
 1-4 VDW =       17.3252  1-4 EEL =      -19.0857  RESTRAINT  =        0.0000


   NSTEP       ENERGY          RMS            GMAX         NAME    NUMBER
     36      -2.4411E+01     2.7935E+00     2.0573E+01     C2          2

 BOND    =        2.4667  ANGLE   =       12.4807  DIHED      =        4.8288
 VDWAALS =       -3.0683  EEL     =      -27.5239  EGB        =      -11.8430
 1-4 VDW =       17.3439  1-4 EEL =      -19.0962  RESTRAINT  =        0.0000


   NSTEP       ENERGY          RMS            GMAX         NAME    NUMBER
     37      -2.4466E+01     4.3508E+00     3.1797E+01     C2          2

 BOND    =        2.6494  ANGLE   =       12.3603  DIHED      =        4.8300
 VDWAALS =       -3.1180  EEL     =      -27.5090  EGB        =      -11.8585
 1-4 VDW =       17.2976  1-4 EEL =      -19.1181  RESTRAINT  =        0.0000


   NSTEP       ENERGY          RMS            GMAX         NAME    NUMBER
     38      -2.4534E+01     4.9834E+00     4.1452E+01     C2          2

 BOND    =        2.6418  ANGLE   =       12.2670  DIHED      =        4.8300
 VDWAALS =       -3.1619  EEL     =      -27.5053  EGB        =      -11.8473
 1-4 VDW =       17.3561  1-4 EEL =      -19.1142  RESTRAINT  =        0.0000


   NSTEP       ENERGY          RMS            GMAX         NAME    NUMBER
     39      -2.4506E+01     6.2149E+00     4.8535E+01     C2          2

 BOND    =        2.8953  ANGLE   =       12.1829  DIHED      =        4.8309
 VDWAALS =       -3.1954  EEL     =      -27.4906  EGB        =      -11.8695
 1-4 VDW =       17.2797  1-4 EEL =      -19.1394  RESTRAINT  =        0.0000


   NSTEP       ENERGY          RMS            GMAX         NAME    NUMBER
     40      -2.4973E+01     1.6414E+00     7.6706E+00     C2          2

 BOND    =        2.4349  ANGLE   =       12.1460  DIHED      =        4.8307
 VDWAALS =       -3.2139  EEL     =      -27.4902  EGB        =      -11.8616
 1-4 VDW =       17.3163  1-4 EEL =      -19.1347  RESTRAINT  =        0.0000


   NSTEP       ENERGY          RMS            GMAX         NAME    NUMBER
     41      -2.5171E+01     2.2303E+00     1.5727E+01     C2          2

 BOND    =        2.4456  ANGLE   =       11.9958  DIHED      =        4.8308
 VDWAALS =       -3.2832  EEL     =      -27.4759  EGB        =      -11.8650
 1-4 VDW =       17.3278  1-4 EEL =      -19.1473  RESTRAINT  =        0.0000


   NSTEP       ENERGY          RMS            GMAX         NAME    NUMBER
     42      -2.5160E+01     4.6489E+00     3.5346E+01     C2          2

 BOND    =        2.6942  ANGLE   =       11.8777  DIHED      =        4.8310
 VDWAALS =       -3.3361  EEL     =      -27.4594  EGB        =      -11.8817
 1-4 VDW =       17.2832  1-4 EEL =      -19.1694  RESTRAINT  =        0.0000


   NSTEP       ENERGY          RMS            GMAX         NAME    NUMBER
     43      -2.5425E+01     1.5187E+00     6.7683E+00     C2          2

 BOND    =        2.4395  ANGLE   =       11.8490  DIHED      =        4.8307
 VDWAALS =       -3.3514  EEL     =      -27.4584  EGB        =      -11.8766
 1-4 VDW =       17.3090  1-4 EEL =      -19.1665  RESTRAINT  =        0.0000


   NSTEP       ENERGY          RMS            GMAX         NAME    NUMBER
     44      -2.5560E+01     1.8256E+00     1.1744E+01     C2          2

 BOND    =        2.4408  ANGLE   =       11.7517  DIHED      =        4.8301
 VDWAALS =       -3.3991  EEL     =      -27.4480  EGB        =      -11.8791
 1-4 VDW =       17.3187  1-4 EEL =      -19.1746  RESTRAINT  =        0.0000


   NSTEP       ENERGY          RMS            GMAX         NAME    NUMBER
     45      -2.5632E+01     2.9801E+00     2.0709E+01     C2          2

 BOND    =        2.5431  ANGLE   =       11.6630  DIHED      =        4.8297
 VDWAALS =       -3.4413  EEL     =      -27.4350  EGB        =      -11.8912
 1-4 VDW =       17.2901  1-4 EEL =      -19.1906  RESTRAINT  =        0.0000


   NSTEP       ENERGY          RMS            GMAX         NAME    NUMBER
     46      -2.5658E+01     3.8703E+00     3.2162E+01     C2          2

 BOND    =        2.5626  ANGLE   =       11.5984  DIHED      =        4.8287
 VDWAALS =       -3.4767  EEL     =      -27.4304  EGB        =      -11.8846
 1-4 VDW =       17.3320  1-4 EEL =      -19.1884  RESTRAINT  =        0.0000


   NSTEP       ENERGY          RMS            GMAX         NAME    NUMBER
     47      -2.5679E+01     4.5116E+00     3.4698E+01     C2          2

 BOND    =        2.6971  ANGLE   =       11.5463  DIHED      =        4.8285
 VDWAALS =       -3.5000  EEL     =      -27.4190  EGB        =      -11.9018
 1-4 VDW =       17.2762  1-4 EEL =      -19.2066  RESTRAINT  =        0.0000


   NSTEP       ENERGY          RMS            GMAX         NAME    NUMBER
     48      -2.5643E+01     5.5591E+00     4.6973E+01     C2          2

 BOND    =        2.7384  ANGLE   =       11.4887  DIHED      =        4.8272
 VDWAALS =       -3.5344  EEL     =      -27.4167  EGB        =      -11.8892
 1-4 VDW =       17.3419  1-4 EEL =      -19.1987  RESTRAINT  =        0.0000


   NSTEP       ENERGY          RMS            GMAX         NAME    NUMBER
     49      -2.6011E+01     1.3292E+00     5.4640E+00     C2          2

 BOND    =        2.4478  ANGLE   =       11.4688  DIHED      =        4.8271
 VDWAALS =       -3.5426  EEL     =      -27.4113  EGB        =      -11.8991
 1-4 VDW =       17.3071  1-4 EEL =      -19.2085  RESTRAINT  =        0.0000


   NSTEP       ENERGY          RMS            GMAX         NAME    NUMBER
     50      -2.6136E+01     2.0578E+00     1.2547E+01     C2          2

 BOND    =        2.5035  ANGLE   =       11.3709  DIHED      =        4.8256
 VDWAALS =       -3.5965  EEL     =      -27.3956  EGB        =      -11.9105
 1-4 VDW =       17.2904  1-4 EEL =      -19.2242  RESTRAINT  =        0.0000


   NSTEP       ENERGY          RMS            GMAX         NAME    NUMBER
     51      -2.6062E+01     4.4336E+00     3.7351E+01     C2          2

 BOND    =        2.6370  ANGLE   =       11.3068  DIHED      =        4.8239
 VDWAALS =       -3.6411  EEL     =      -27.3875  EGB        =      -11.9065
 1-4 VDW =       17.3298  1-4 EEL =      -19.2247  RESTRAINT  =        0.0000


   NSTEP       ENERGY          RMS            GMAX         NAME    NUMBER
     52      -2.6029E+01     5.2897E+00     4.1881E+01     C2          2

 BOND    =        2.8182  ANGLE   =       11.2701  DIHED      =        4.8234
 VDWAALS =       -3.6594  EEL     =      -27.3761  EGB        =      -11.9261
 1-4 VDW =       17.2647  1-4 EEL =      -19.2440  RESTRAINT  =        0.0000


   NSTEP       ENERGY          RMS            GMAX         NAME    NUMBER
     53      -2.6303E+01     1.1832E+00     5.1947E+00     C12        12

 BOND    =        2.4683  ANGLE   =       11.2888  DIHED      =        4.8236
 VDWAALS =       -3.6500  EEL     =      -27.3820  EGB        =      -11.9159
 1-4 VDW =       17.2981  1-4 EEL =      -19.2340  RESTRAINT  =        0.0000


   NSTEP       ENERGY          RMS            GMAX         NAME    NUMBER
     54      -2.6336E+01     1.1720E+00     5.1767E+00     C12        12

 BOND    =        2.4704  ANGLE   =       11.2687  DIHED      =        4.8231
 VDWAALS =       -3.6631  EEL     =      -27.3784  EGB        =      -11.9179
 1-4 VDW =       17.2977  1-4 EEL =      -19.2369  RESTRAINT  =        0.0000


   NSTEP       ENERGY          RMS            GMAX         NAME    NUMBER
     55      -2.6637E+01     1.0687E+00     5.0072E+00     C12        12

 BOND    =        2.4930  ANGLE   =       11.0858  DIHED      =        4.8186
 VDWAALS =       -3.7841  EEL     =      -27.3442  EGB        =      -11.9367
 1-4 VDW =       17.2950  1-4 EEL =      -19.2647  RESTRAINT  =        0.0000


   NSTEP       ENERGY          RMS            GMAX         NAME    NUMBER
     56      -2.7968E+01     1.3578E+00     7.6411E+00     H122       36

 BOND    =        3.0375  ANGLE   =       10.1006  DIHED      =        4.8387
 VDWAALS =       -4.6807  EEL     =      -27.0077  EGB        =      -12.1282
 1-4 VDW =       17.4102  1-4 EEL =      -19.5384  RESTRAINT  =        0.0000


   NSTEP       ENERGY          RMS            GMAX         NAME    NUMBER
     57      -8.1231E+00     2.4903E+01     1.6147E+02     C6          6

 BOND    =       23.8018  ANGLE   =       10.4941  DIHED      =        4.8971
 VDWAALS =       -6.0494  EEL     =      -26.5605  EGB        =      -12.4620
 1-4 VDW =       17.2776  1-4 EEL =      -19.5218  RESTRAINT  =        0.0000


   NSTEP       ENERGY          RMS            GMAX         NAME    NUMBER
     58      -2.8112E+01     1.5587E+00     9.0162E+00     C6          6

 BOND    =        3.1023  ANGLE   =       10.0579  DIHED      =        4.8345
 VDWAALS =       -4.8365  EEL     =      -26.9732  EGB        =      -12.1529
 1-4 VDW =       17.3925  1-4 EEL =      -19.5366  RESTRAINT  =        0.0000


   NSTEP       ENERGY          RMS            GMAX         NAME    NUMBER
     59      -2.8278E+01     1.6502E+00     7.8801E+00     C12        12

 BOND    =        3.1649  ANGLE   =       10.0400  DIHED      =        4.8214
 VDWAALS =       -4.9866  EEL     =      -26.9224  EGB        =      -12.1877
 1-4 VDW =       17.3202  1-4 EEL =      -19.5281  RESTRAINT  =        0.0000


   NSTEP       ENERGY          RMS            GMAX         NAME    NUMBER
     60      -2.8282E+01     2.0391E+00     1.1879E+01     C4          4

 BOND    =        3.2178  ANGLE   =       10.0374  DIHED      =        4.8185
 VDWAALS =       -5.0249  EEL     =      -26.9090  EGB        =      -12.1969
 1-4 VDW =       17.3015  1-4 EEL =      -19.5259  RESTRAINT  =        0.0000


   NSTEP       ENERGY          RMS            GMAX         NAME    NUMBER
     61      -2.8574E+01     1.5865E+00     9.1158E+00     C4          4

 BOND    =        3.1535  ANGLE   =        9.9996  DIHED      =        4.7990
 VDWAALS =       -5.1711  EEL     =      -26.8355  EGB        =      -12.2558
 1-4 VDW =       17.2848  1-4 EEL =      -19.5486  RESTRAINT  =        0.0000


   NSTEP       ENERGY          RMS            GMAX         NAME    NUMBER
     62      -2.8514E+01     4.2946E+00     3.3073E+01     N20        20

 BOND    =        3.6351  ANGLE   =       10.1350  DIHED      =        4.7735
 VDWAALS =       -5.6190  EEL     =      -26.5832  EGB        =      -12.4594
 1-4 VDW =       17.2310  1-4 EEL =      -19.6275  RESTRAINT  =        0.0000


   NSTEP       ENERGY          RMS            GMAX         NAME    NUMBER
     63      -2.8752E+01     2.3551E+00     1.6264E+01     N20        20

 BOND    =        3.2350  ANGLE   =       10.0110  DIHED      =        4.7797
 VDWAALS =       -5.3842  EEL     =      -26.7211  EGB        =      -12.3478
 1-4 VDW =       17.2598  1-4 EEL =      -19.5841  RESTRAINT  =        0.0000


   NSTEP       ENERGY          RMS            GMAX         NAME    NUMBER
     64      -2.9215E+01     2.1342E+00     9.5961E+00     N19        19

 BOND    =        3.0968  ANGLE   =        9.9872  DIHED      =        4.8036
 VDWAALS =       -5.7060  EEL     =      -26.5278  EGB        =      -12.4841
 1-4 VDW =       17.2625  1-4 EEL =      -19.6475  RESTRAINT  =        0.0000


   NSTEP       ENERGY          RMS            GMAX         NAME    NUMBER
     65      -2.9216E+01     2.0797E+00     9.3255E+00     N19        19

 BOND    =        3.0934  ANGLE   =        9.9837  DIHED      =        4.8025
 VDWAALS =       -5.6982  EEL     =      -26.5328  EGB        =      -12.4806
 1-4 VDW =       17.2621  1-4 EEL =      -19.6459  RESTRAINT  =        0.0000


   NSTEP       ENERGY          RMS            GMAX         NAME    NUMBER
     66      -2.9392E+01     2.9625E+00     1.4584E+01     C8          8

 BOND    =        3.3999  ANGLE   =        9.7086  DIHED      =        4.8296
 VDWAALS =       -5.9318  EEL     =      -26.4643  EGB        =      -12.5164
 1-4 VDW =       17.2136  1-4 EEL =      -19.6309  RESTRAINT  =        0.0000


   NSTEP       ENERGY          RMS            GMAX         NAME    NUMBER
     67      -2.9454E+01     1.8225E+00     8.4150E+00     C8          8

 BOND    =        3.2142  ANGLE   =        9.7676  DIHED      =        4.8184
 VDWAALS =       -5.8550  EEL     =      -26.4877  EGB        =      -12.5040
 1-4 VDW =       17.2286  1-4 EEL =      -19.6358  RESTRAINT  =        0.0000


   NSTEP       ENERGY          RMS            GMAX         NAME    NUMBER
     68      -2.9603E+01     1.7541E+00     6.8015E+00     C9          9

 BOND    =        3.4279  ANGLE   =        9.5041  DIHED      =        4.8349
 VDWAALS =       -5.9700  EEL     =      -26.4453  EGB        =      -12.5687
 1-4 VDW =       17.2218  1-4 EEL =      -19.6082  RESTRAINT  =        0.0000


   NSTEP       ENERGY          RMS            GMAX         NAME    NUMBER
     69      -2.9609E+01     1.4309E+00     4.8252E+00     C7          7

 BOND    =        3.3719  ANGLE   =        9.5392  DIHED      =        4.8318
 VDWAALS =       -5.9513  EEL     =      -26.4524  EGB        =      -12.5579
 1-4 VDW =       17.2227  1-4 EEL =      -19.6127  RESTRAINT  =        0.0000


   NSTEP       ENERGY          RMS            GMAX         NAME    NUMBER
     70      -2.9749E+01     1.0381E+00     3.5891E+00     C4          4

 BOND    =        3.3282  ANGLE   =        9.4231  DIHED      =        4.8511
 VDWAALS =       -6.0122  EEL     =      -26.4277  EGB        =      -12.5801
 1-4 VDW =       17.2628  1-4 EEL =      -19.5945  RESTRAINT  =        0.0000


   NSTEP       ENERGY          RMS            GMAX         NAME    NUMBER
     71      -2.9783E+01     1.3573E+00     4.9558E+00     C4          4

 BOND    =        3.3416  ANGLE   =        9.3613  DIHED      =        4.8648
 VDWAALS =       -6.0497  EEL     =      -26.4121  EGB        =      -12.5942
 1-4 VDW =       17.2888  1-4 EEL =      -19.5832  RESTRAINT  =        0.0000


   NSTEP       ENERGY          RMS            GMAX         NAME    NUMBER
     72      -2.9968E+01     1.5626E+00     7.3255E+00     C7          7

 BOND    =        3.2604  ANGLE   =        9.2492  DIHED      =        4.9104
 VDWAALS =       -6.1533  EEL     =      -26.3824  EGB        =      -12.6291
 1-4 VDW =       17.3290  1-4 EEL =      -19.5524  RESTRAINT  =        0.0000


   NSTEP       ENERGY          RMS            GMAX         NAME    NUMBER
     73      -2.9974E+01     1.7924E+00     8.1644E+00     C7          7

 BOND    =        3.2652  ANGLE   =        9.2360  DIHED      =        4.9182
 VDWAALS =       -6.1686  EEL     =      -26.3779  EGB        =      -12.6344
 1-4 VDW =       17.3354  1-4 EEL =      -19.5477  RESTRAINT  =        0.0000


   NSTEP       ENERGY          RMS            GMAX         NAME    NUMBER
     74      -3.0183E+01     1.2199E+00     5.1473E+00     C10        10

 BOND    =        3.1868  ANGLE   =        9.0951  DIHED      =        4.9833
 VDWAALS =       -6.2904  EEL     =      -26.3849  EGB        =      -12.6640
 1-4 VDW =       17.3675  1-4 EEL =      -19.4767  RESTRAINT  =        0.0000


   NSTEP       ENERGY          RMS            GMAX         NAME    NUMBER
     75      -3.0188E+01     1.3401E+00     5.7388E+00     C10        10

 BOND    =        3.1912  ANGLE   =        9.0839  DIHED      =        4.9917
 VDWAALS =       -6.3036  EEL     =      -26.3856  EGB        =      -12.6674
 1-4 VDW =       17.3712  1-4 EEL =      -19.4688  RESTRAINT  =        0.0000


   NSTEP       ENERGY          RMS            GMAX         NAME    NUMBER
     76      -3.0203E+01     1.2102E+00     4.9644E+00     C10        10

 BOND    =        3.1768  ANGLE   =        9.0838  DIHED      =        4.9910
 VDWAALS =       -6.3045  EEL     =      -26.3857  EGB        =      -12.6675
 1-4 VDW =       17.3712  1-4 EEL =      -19.4678  RESTRAINT  =        0.0000


   NSTEP       ENERGY          RMS            GMAX         NAME    NUMBER
     77      -3.0219E+01     1.0763E+00     4.3873E+00     H122       36

 BOND    =        3.1611  ANGLE   =        9.0843  DIHED      =        4.9901
 VDWAALS =       -6.3057  EEL     =      -26.3860  EGB        =      -12.6676
 1-4 VDW =       17.3714  1-4 EEL =      -19.4666  RESTRAINT  =        0.0000


   NSTEP       ENERGY          RMS            GMAX         NAME    NUMBER
     78      -3.0236E+01     9.4506E-01     3.9121E+00     H122       36

 BOND    =        3.1440  ANGLE   =        9.0854  DIHED      =        4.9889
 VDWAALS =       -6.3070  EEL     =      -26.3867  EGB        =      -12.6676
 1-4 VDW =       17.3720  1-4 EEL =      -19.4652  RESTRAINT  =        0.0000


   NSTEP       ENERGY          RMS            GMAX         NAME    NUMBER
     79      -3.0254E+01     8.2430E-01     3.3647E+00     H122       36

 BOND    =        3.1253  ANGLE   =        9.0874  DIHED      =        4.9875
 VDWAALS =       -6.3087  EEL     =      -26.3882  EGB        =      -12.6672
 1-4 VDW =       17.3733  1-4 EEL =      -19.4634  RESTRAINT  =        0.0000


   NSTEP       ENERGY          RMS            GMAX         NAME    NUMBER
     80      -2.7957E+01     7.4014E+00     2.8790E+01     C10        10

 BOND    =        4.6542  ANGLE   =        9.7659  DIHED      =        4.9810
 VDWAALS =       -6.3944  EEL     =      -26.4978  EGB        =      -12.6327
 1-4 VDW =       17.5308  1-4 EEL =      -19.3639  RESTRAINT  =        0.0000


   NSTEP       ENERGY          RMS            GMAX         NAME    NUMBER
     81      -3.0322E+01     8.7780E-01     3.1745E+00     N22        22

 BOND    =        3.0257  ANGLE   =        9.1209  DIHED      =        4.9771
 VDWAALS =       -6.3227  EEL     =      -26.4047  EGB        =      -12.6616
 1-4 VDW =       17.3917  1-4 EEL =      -19.4484  RESTRAINT  =        0.0000


   NSTEP       ENERGY          RMS            GMAX         NAME    NUMBER
     82      -3.0387E+01     1.2041E+00     4.4644E+00     C4          4

 BOND    =        2.8511  ANGLE   =        9.1846  DIHED      =        4.9778
 VDWAALS =       -6.3352  EEL     =      -26.4412  EGB        =      -12.6387
 1-4 VDW =       17.4513  1-4 EEL =      -19.4367  RESTRAINT  =        0.0000


   NSTEP       ENERGY          RMS            GMAX         NAME    NUMBER
     83      -3.0388E+01     1.1341E+00     4.1876E+00     C4          4

 BOND    =        2.8586  ANGLE   =        9.1796  DIHED      =        4.9775
 VDWAALS =       -6.3346  EEL     =      -26.4391  EGB        =      -12.6400
 1-4 VDW =       17.4478  1-4 EEL =      -19.4374  RESTRAINT  =        0.0000


   NSTEP       ENERGY          RMS            GMAX         NAME    NUMBER
     84      -3.0462E+01     9.4657E-01     3.5930E+00     N20        20

 BOND    =        2.6854  ANGLE   =        9.2086  DIHED      =        4.9961
 VDWAALS =       -6.3405  EEL     =      -26.4614  EGB        =      -12.6178
 1-4 VDW =       17.4853  1-4 EEL =      -19.4177  RESTRAINT  =        0.0000


   NSTEP       ENERGY          RMS            GMAX         NAME    NUMBER
     85      -3.0462E+01     1.1133E+00     4.4709E+00     N20        20

 BOND    =        2.6628  ANGLE   =        9.2168  DIHED      =        5.0003
 VDWAALS =       -6.3415  EEL     =      -26.4656  EGB        =      -12.6136
 1-4 VDW =       17.4926  1-4 EEL =      -19.4140  RESTRAINT  =        0.0000


   NSTEP       ENERGY          RMS            GMAX         NAME    NUMBER
     86      -3.0546E+01     1.0429E+00     3.4849E+00     C10        10

 BOND    =        2.5997  ANGLE   =        9.1435  DIHED      =        5.0234
 VDWAALS =       -6.3287  EEL     =      -26.5158  EGB        =      -12.5830
 1-4 VDW =       17.4712  1-4 EEL =      -19.3562  RESTRAINT  =        0.0000


   NSTEP       ENERGY          RMS            GMAX         NAME    NUMBER
     87      -3.0547E+01     1.2031E+00     4.4536E+00     C10        10

 BOND    =        2.5965  ANGLE   =        9.1361  DIHED      =        5.0278
 VDWAALS =       -6.3263  EEL     =      -26.5243  EGB        =      -12.5778
 1-4 VDW =       17.4679  1-4 EEL =      -19.3464  RESTRAINT  =        0.0000


   NSTEP       ENERGY          RMS            GMAX         NAME    NUMBER
     88      -3.0641E+01     1.1769E+00     6.4961E+00     N20        20

 BOND    =        2.6002  ANGLE   =        9.0277  DIHED      =        5.0465
 VDWAALS =       -6.3050  EEL     =      -26.5869  EGB        =      -12.5503
 1-4 VDW =       17.4129  1-4 EEL =      -19.2865  RESTRAINT  =        0.0000


   NSTEP       ENERGY          RMS            GMAX         NAME    NUMBER
     89      -3.0641E+01     1.2069E+00     6.7120E+00     N20        20

 BOND    =        2.6018  ANGLE   =        9.0255  DIHED      =        5.0471
 VDWAALS =       -6.3044  EEL     =      -26.5885  EGB        =      -12.5496
 1-4 VDW =       17.4115  1-4 EEL =      -19.2849  RESTRAINT  =        0.0000


   NSTEP       ENERGY          RMS            GMAX         NAME    NUMBER
     90      -3.0704E+01     1.9348E+00     1.3159E+01     C4          4

 BOND    =        2.5249  ANGLE   =        9.0506  DIHED      =        5.0698
 VDWAALS =       -6.2819  EEL     =      -26.6665  EGB        =      -12.5132
 1-4 VDW =       17.3075  1-4 EEL =      -19.1956  RESTRAINT  =        0.0000


   NSTEP       ENERGY          RMS            GMAX         NAME    NUMBER
     91      -3.0713E+01     1.3860E+00     8.6832E+00     C2          2

 BOND    =        2.5237  ANGLE   =        9.0414  DIHED      =        5.0634
 VDWAALS =       -6.2881  EEL     =      -26.6460  EGB        =      -12.5228
 1-4 VDW =       17.3343  1-4 EEL =      -19.2192  RESTRAINT  =        0.0000


   NSTEP       ENERGY          RMS            GMAX         NAME    NUMBER
     92      -3.0783E+01     1.4630E+00     8.7187E+00     C2          2

 BOND    =        2.4400  ANGLE   =        9.0165  DIHED      =        5.0809
 VDWAALS =       -6.2747  EEL     =      -26.6922  EGB        =      -12.5020
 1-4 VDW =       17.3109  1-4 EEL =      -19.1623  RESTRAINT  =        0.0000


   NSTEP       ENERGY          RMS            GMAX         NAME    NUMBER
     93      -3.0783E+01     1.3754E+00     7.6963E+00     C2          2

 BOND    =        2.4413  ANGLE   =        9.0175  DIHED      =        5.0798
 VDWAALS =       -6.2755  EEL     =      -26.6895  EGB        =      -12.5032
 1-4 VDW =       17.3122  1-4 EEL =      -19.1656  RESTRAINT  =        0.0000


   NSTEP       ENERGY          RMS            GMAX         NAME    NUMBER
     94      -3.0875E+01     8.5587E-01     2.3342E+00     F26        25

 BOND    =        2.4239  ANGLE   =        8.9147  DIHED      =        5.0931
 VDWAALS =       -6.2677  EEL     =      -26.7051  EGB        =      -12.5035
 1-4 VDW =       17.3272  1-4 EEL =      -19.1582  RESTRAINT  =        0.0000


   NSTEP       ENERGY          RMS            GMAX         NAME    NUMBER
     95      -3.0886E+01     1.0331E+00     4.6985E+00     C6          6

 BOND    =        2.4350  ANGLE   =        8.8816  DIHED      =        5.0987
 VDWAALS =       -6.2644  EEL     =      -26.7110  EGB        =      -12.5036
 1-4 VDW =       17.3333  1-4 EEL =      -19.1555  RESTRAINT  =        0.0000


   NSTEP       ENERGY          RMS            GMAX         NAME    NUMBER
     96      -3.0956E+01     8.3552E-01     2.5884E+00     C10        10

 BOND    =        2.4337  ANGLE   =        8.8255  DIHED      =        5.0988
 VDWAALS =       -6.2778  EEL     =      -26.7072  EGB        =      -12.4915
 1-4 VDW =       17.3441  1-4 EEL =      -19.1812  RESTRAINT  =        0.0000


   NSTEP       ENERGY          RMS            GMAX         NAME    NUMBER
     97      -3.0957E+01     9.2928E-01     2.8202E+00     C10        10

 BOND    =        2.4386  ANGLE   =        8.8200  DIHED      =        5.0990
 VDWAALS =       -6.2794  EEL     =      -26.7067  EGB        =      -12.4900
 1-4 VDW =       17.3455  1-4 EEL =      -19.1843  RESTRAINT  =        0.0000


   NSTEP       ENERGY          RMS            GMAX         NAME    NUMBER
     98      -3.1030E+01     9.3972E-01     3.8305E+00     F26        25

 BOND    =        2.4253  ANGLE   =        8.8158  DIHED      =        5.0984
 VDWAALS =       -6.3183  EEL     =      -26.6917  EGB        =      -12.5046
 1-4 VDW =       17.3319  1-4 EEL =      -19.1865  RESTRAINT  =        0.0000


   NSTEP       ENERGY          RMS            GMAX         NAME    NUMBER
     99      -3.1038E+01     1.2078E+00     4.8947E+00     C6          6

 BOND    =        2.4319  ANGLE   =        8.8185  DIHED      =        5.0986
 VDWAALS =       -6.3313  EEL     =      -26.6865  EGB        =      -12.5095
 1-4 VDW =       17.3276  1-4 EEL =      -19.1872  RESTRAINT  =        0.0000


   NSTEP       ENERGY          RMS            GMAX         NAME    NUMBER
    100      -3.1129E+01     1.1338E+00     6.7652E+00     C2          2

 BOND    =        2.3292  ANGLE   =        8.9136  DIHED      =        5.0970
 VDWAALS =       -6.3999  EEL     =      -26.6734  EGB        =      -12.5213
 1-4 VDW =       17.3047  1-4 EEL =      -19.1789  RESTRAINT  =        0.0000


  Maximum number of minimization cycles reached.


                    FINAL RESULTS



   NSTEP       ENERGY          RMS            GMAX         NAME    NUMBER
    100      -3.1129E+01     1.1338E+00     6.7652E+00     C2          2

 BOND    =        2.3292  ANGLE   =        8.9136  DIHED      =        5.0970
 VDWAALS =       -6.3999  EEL     =      -26.6734  EGB        =      -12.5213
 1-4 VDW =       17.3047  1-4 EEL =      -19.1789  RESTRAINT  =        0.0000

--------------------------------------------------------------------------------
   5.  TIMINGS
--------------------------------------------------------------------------------

|    Read coords time           0.00 ( 0.32% of Total)
|    Fast Water setup           0.00 ( 0.01% of Total)
|                Calc gb radii              0.01 (27.08% of Gen B)
|                Calc gb diag               0.01 (42.45% of Gen B)
|                Calc gb off-diag           0.01 (30.30% of Gen B)
|                Other                      0.00 ( 0.17% of Gen B)
|             Gen Born time              0.03 (100.0% of Nonbo)
|             IPS excludes               0.00 ( 0.03% of Nonbo)
|          Nonbond force              0.03 (88.48% of Force)
|          Bond/Angle/Dihedral        0.00 (11.08% of Force)
|          Other                      0.00 ( 0.44% of Force)
|       Force time                 0.03 (100.0% of Runmd)
|    Runmd Time                 0.03 (48.97% of Total)
|    Other                      0.03 (50.71% of Total)
| Total time                 0.07 (99.67% of ALL  )

| Number of list builds   :          0

| Highest rstack allocated:          0
| Highest istack allocated:          0
|           Job began  at 23:26:33.463  on 02/04/2016
|           Setup done at 23:26:33.469  on 02/04/2016
|           Run   done at 23:26:33.529  on 02/04/2016
|     wallclock() was called    1828 times
