
          -------------------------------------------------------
          Amber 14 SANDER                              2014
          -------------------------------------------------------

| Run on 05/22/2015 at 14:31:16

|   Executable path: sander
| Working directory: /net/chevy/raid1/nigel/amber/library/amber_library/f
|          Hostname: chevy.lbl.gov

  [-O]verwriting output

File Assignments:
|  MDIN: sander.in                                                             
| MDOUT: FLQ.min_igb.out                                                       
|INPCRD: FLQ.rst7                                                              
|  PARM: FLQ.prmtop                                                            
|RESTRT: FLQ.min_igb.rst7                                                      
|  REFC: refc                                                                  
| MDVEL: mdvel                                                                 
| MDFRC: mdfrc                                                                 
|  MDEN: mden                                                                  
| MDCRD: mdcrd                                                                 
|MDINFO: mdinfo                                                                
|  MTMD: mtmd                                                                  
|INPDIP: inpdip                                                                
|RSTDIP: rstdip                                                                
|INPTRA: inptraj                                                               


 Here is the input file:

  short minimization                                                           
 &cntrl                                                                        
   imin=1, maxcyc=100, ncyc=50, ntpr=1, cut=99., ntb=0, igb=2                  
 /                                                                             

--------------------------------------------------------------------------------
   1.  RESOURCE   USE: 
--------------------------------------------------------------------------------

| Flags:                                                                        
| New format PARM file being parsed.
| Version =    1.000 Date = 05/22/15 Time = 14:31:16
 NATOM  =      68 NTYPES =      13 NBONH =      30 MBONA  =      40
 NTHETH =      60 MTHETA =      57 NPHIH =      99 MPHIA  =      93
 NHPARM =       0 NPARM  =       0 NNB   =     345 NRES   =       1
 NBONA  =      40 NTHETA =      57 NPHIA =      93 NUMBND =      22
 NUMANG =      47 NPTRA  =      16 NATYP =      15 NPHB   =       0
 IFBOX  =       0 NMXRS  =      68 IFCAP =       0 NEXTRA =       0
 NCOPY  =       0

 Implicit solvent radii are H(N)-modified Bondi radii (mbondi2)                                             

|     Memory Use     Allocated
|     Real                9124
|     Hollerith            207
|     Integer            23324
|     Max Pairs              1
|     nblistReal             0
|     nblist Int             0
|       Total              163 kbytes

| Note: 1-4 EEL scale factors are being read from the topology file.

| Note: 1-4 VDW scale factors are being read from the topology file.
| Duplicated    0 dihedrals
| Duplicated    0 dihedrals

--------------------------------------------------------------------------------
   2.  CONTROL  DATA  FOR  THE  RUN
--------------------------------------------------------------------------------

FLQ                                                                             

General flags:
     imin    =       1, nmropt  =       0

Nature and format of input:
     ntx     =       1, irest   =       0, ntrx    =       1

Nature and format of output:
     ntxo    =       1, ntpr    =       1, ntrx    =       1, ntwr    =     500
     iwrap   =       0, ntwx    =       0, ntwv    =       0, ntwe    =       0
     ioutfm  =       0, ntwprt  =       0, idecomp =       0, rbornstat=      0

Potential function:
     ntf     =       1, ntb     =       0, igb     =       2, nsnb    =      25
     ipol    =       0, gbsa    =       0, iesp    =       0
     dielc   =   1.00000, cut     =  99.00000, intdiel =   1.00000
     saltcon =   0.00000, offset  =   0.09000, gbalpha=    0.80000
     gbbeta  =   0.00000, gbgamma =   2.90912, surften =   0.00500
     rdt     =   0.00000, rgbmax  =  25.00000  extdiel =  78.50000
     alpb  =        0

Frozen or restrained atoms:
     ibelly  =       0, ntr     =       0

Energy minimization:
     maxcyc  =     100, ncyc    =      50, ntmin   =       1
     dx0     =   0.01000, drms    =   0.00010
|  INFO: Old style inpcrd file read


--------------------------------------------------------------------------------
   3.  ATOMIC COORDINATES AND VELOCITIES
--------------------------------------------------------------------------------

FLQ                                                                             
 begin time read from input coords =     0.000 ps

 Number of triangulated 3-point waters found:        0

--------------------------------------------------------------------------------
   4.  RESULTS
--------------------------------------------------------------------------------



   NSTEP       ENERGY          RMS            GMAX         NAME    NUMBER
      1       6.1662E+01     3.5131E+01     2.2110E+02     C5'        27

 BOND    =       64.1223  ANGLE   =       81.4799  DIHED      =       24.7009
 VDWAALS =       -8.7097  EEL     =      110.2092  EGB        =     -117.4491
 1-4 VDW =       17.5878  1-4 EEL =     -110.2790  RESTRAINT  =        0.0000


   NSTEP       ENERGY          RMS            GMAX         NAME    NUMBER
      2       5.9187E+01     3.4194E+01     2.1528E+02     C5'        27

 BOND    =       61.9235  ANGLE   =       81.2051  DIHED      =       24.6760
 VDWAALS =       -8.7088  EEL     =      110.2183  EGB        =     -117.4636
 1-4 VDW =       17.6087  1-4 EEL =     -110.2723  RESTRAINT  =        0.0000


   NSTEP       ENERGY          RMS            GMAX         NAME    NUMBER
      3       5.6304E+01     3.3080E+01     2.0833E+02     C5'        27

 BOND    =       59.3636  ANGLE   =       80.8840  DIHED      =       24.6459
 VDWAALS =       -8.7078  EEL     =      110.2293  EGB        =     -117.4811
 1-4 VDW =       17.6348  1-4 EEL =     -110.2643  RESTRAINT  =        0.0000


   NSTEP       ENERGY          RMS            GMAX         NAME    NUMBER
      4       5.2971E+01     3.1761E+01     2.0003E+02     C5'        27

 BOND    =       56.4037  ANGLE   =       80.5109  DIHED      =       24.6093
 VDWAALS =       -8.7067  EEL     =      110.2428  EGB        =     -117.5020
 1-4 VDW =       17.6677  1-4 EEL =     -110.2550  RESTRAINT  =        0.0000


   NSTEP       ENERGY          RMS            GMAX         NAME    NUMBER
      5       4.9148E+01     3.0205E+01     1.9013E+02     C5'        27

 BOND    =       53.0110  ANGLE   =       80.0801  DIHED      =       24.5645
 VDWAALS =       -8.7053  EEL     =      110.2593  EGB        =     -117.5270
 1-4 VDW =       17.7093  1-4 EEL =     -110.2441  RESTRAINT  =        0.0000


   NSTEP       ENERGY          RMS            GMAX         NAME    NUMBER
      6       4.4811E+01     2.8377E+01     1.7835E+02     C5'        27

 BOND    =       49.1652  ANGLE   =       79.5867  DIHED      =       24.5093
 VDWAALS =       -8.7038  EEL     =      110.2796  EGB        =     -117.5570
 1-4 VDW =       17.7627  1-4 EEL =     -110.2316  RESTRAINT  =        0.0000


   NSTEP       ENERGY          RMS            GMAX         NAME    NUMBER
      7       3.9959E+01     2.6249E+01     1.6439E+02     C5'        27

 BOND    =       44.8677  ANGLE   =       79.0263  DIHED      =       24.4408
 VDWAALS =       -8.7022  EEL     =      110.3046  EGB        =     -117.5928
 1-4 VDW =       17.8321  1-4 EEL =     -110.2173  RESTRAINT  =        0.0000


   NSTEP       ENERGY          RMS            GMAX         NAME    NUMBER
      8       3.4627E+01     2.3796E+01     1.4793E+02     C5'        27

 BOND    =       40.1544  ANGLE   =       78.3955  DIHED      =       24.3550
 VDWAALS =       -8.7005  EEL     =      110.3357  EGB        =     -117.6352
 1-4 VDW =       17.9234  1-4 EEL =     -110.2015  RESTRAINT  =        0.0000


   NSTEP       ENERGY          RMS            GMAX         NAME    NUMBER
      9       2.8899E+01     2.1021E+01     1.2870E+02     C5'        27

 BOND    =       35.1108  ANGLE   =       77.6910  DIHED      =       24.2458
 VDWAALS =       -8.6989  EEL     =      110.3745  EGB        =     -117.6852
 1-4 VDW =       18.0461  1-4 EEL =     -110.1848  RESTRAINT  =        0.0000


   NSTEP       ENERGY          RMS            GMAX         NAME    NUMBER
     10       2.2927E+01     1.7970E+01     1.0659E+02     C5'        27

 BOND    =       29.8881  ANGLE   =       76.9059  DIHED      =       24.1044
 VDWAALS =       -8.6977  EEL     =      110.4232  EGB        =     -117.7430
 1-4 VDW =       18.2143  1-4 EEL =     -110.1685  RESTRAINT  =        0.0000


   NSTEP       ENERGY          RMS            GMAX         NAME    NUMBER
     11       1.6921E+01     1.4778E+01     8.1914E+01     C5'        27

 BOND    =       24.7095  ANGLE   =       76.0201  DIHED      =       23.9177
 VDWAALS =       -8.6976  EEL     =      110.4845  EGB        =     -117.8080
 1-4 VDW =       18.4508  1-4 EEL =     -110.1559  RESTRAINT  =        0.0000


   NSTEP       ENERGY          RMS            GMAX         NAME    NUMBER
     12       1.1118E+01     1.1714E+01     5.5979E+01     C5'        27

 BOND    =       19.8481  ANGLE   =       74.9787  DIHED      =       23.6676
 VDWAALS =       -8.6996  EEL     =      110.5609  EGB        =     -117.8758
 1-4 VDW =       18.7912  1-4 EEL =     -110.1536  RESTRAINT  =        0.0000


   NSTEP       ENERGY          RMS            GMAX         NAME    NUMBER
     13       5.6731E+00     9.1204E+00     4.0089E+01     O9'        31

 BOND    =       15.5513  ANGLE   =       73.6637  DIHED      =       23.3354
 VDWAALS =       -8.7053  EEL     =      110.6521  EGB        =     -117.9354
 1-4 VDW =       19.2849  1-4 EEL =     -110.1736  RESTRAINT  =        0.0000


   NSTEP       ENERGY          RMS            GMAX         NAME    NUMBER
     14       5.8415E-01     7.1317E+00     3.8190E+01     O9'        31

 BOND    =       11.9485  ANGLE   =       71.9128  DIHED      =       22.9189
 VDWAALS =       -8.7158  EEL     =      110.7499  EGB        =     -117.9669
 1-4 VDW =       19.9698  1-4 EEL =     -110.2331  RESTRAINT  =        0.0000


   NSTEP       ENERGY          RMS            GMAX         NAME    NUMBER
     15      -4.2026E+00     5.5884E+00     3.3980E+01     O9'        31

 BOND    =        9.0682  ANGLE   =       69.6701  DIHED      =       22.4462
 VDWAALS =       -8.7281  EEL     =      110.8398  EGB        =     -117.9579
 1-4 VDW =       20.8021  1-4 EEL =     -110.3431  RESTRAINT  =        0.0000


   NSTEP       ENERGY          RMS            GMAX         NAME    NUMBER
     16      -8.7005E+00     4.3845E+00     2.8966E+01     O9'        31

 BOND    =        6.8993  ANGLE   =       67.0509  DIHED      =       21.9259
 VDWAALS =       -8.7365  EEL     =      110.9281  EGB        =     -117.9271
 1-4 VDW =       21.6595  1-4 EEL =     -110.5008  RESTRAINT  =        0.0000


   NSTEP       ENERGY          RMS            GMAX         NAME    NUMBER
     17      -1.2917E+01     3.4591E+00     2.3750E+01     O9'        31

 BOND    =        5.3216  ANGLE   =       64.2102  DIHED      =       21.3295
 VDWAALS =       -8.7385  EEL     =      111.0391  EGB        =     -117.8925
 1-4 VDW =       22.5100  1-4 EEL =     -110.6967  RESTRAINT  =        0.0000


   NSTEP       ENERGY          RMS            GMAX         NAME    NUMBER
     18      -1.6426E+01     4.3576E+00     2.1015E+01     C5'        27

 BOND    =        5.0433  ANGLE   =       61.2083  DIHED      =       20.7070
 VDWAALS =       -8.7231  EEL     =      111.1096  EGB        =     -117.8667
 1-4 VDW =       22.9490  1-4 EEL =     -110.8534  RESTRAINT  =        0.0000


   NSTEP       ENERGY          RMS            GMAX         NAME    NUMBER
     19      -8.2659E+00     1.9899E+01     9.8338E+01     C5'        27

 BOND    =       11.6791  ANGLE   =       61.6108  DIHED      =       20.1912
 VDWAALS =       -8.7144  EEL     =      111.3272  EGB        =     -117.7820
 1-4 VDW =       24.6083  1-4 EEL =     -111.1860  RESTRAINT  =        0.0000


   NSTEP       ENERGY          RMS            GMAX         NAME    NUMBER
     20      -1.8321E+01     5.7697E+00     3.1438E+01     C14        66

 BOND    =        4.3401  ANGLE   =       59.7204  DIHED      =       20.2016
 VDWAALS =       -8.7006  EEL     =      111.2150  EGB        =     -117.8100
 1-4 VDW =       23.7702  1-4 EEL =     -111.0576  RESTRAINT  =        0.0000


   NSTEP       ENERGY          RMS            GMAX         NAME    NUMBER
     21      -1.6723E+01     1.0794E+01     5.7262E+01     C5'        27

 BOND    =        7.6693  ANGLE   =       58.9024  DIHED      =       20.0832
 VDWAALS =       -8.6785  EEL     =      111.1123  EGB        =     -117.8476
 1-4 VDW =       22.9762  1-4 EEL =     -110.9399  RESTRAINT  =        0.0000


   NSTEP       ENERGY          RMS            GMAX         NAME    NUMBER
     22      -1.9854E+01     2.8691E+00     1.2324E+01     O9'        31

 BOND    =        4.3920  ANGLE   =       58.6843  DIHED      =       20.0172
 VDWAALS =       -8.6819  EEL     =      111.1787  EGB        =     -117.8201
 1-4 VDW =       23.4050  1-4 EEL =     -111.0295  RESTRAINT  =        0.0000


   NSTEP       ENERGY          RMS            GMAX         NAME    NUMBER
     23      -1.9860E+01     5.6814E+00     3.2774E+01     C14        66

 BOND    =        4.2910  ANGLE   =       58.4539  DIHED      =       19.8348
 VDWAALS =       -8.6714  EEL     =      111.2296  EGB        =     -117.7764
 1-4 VDW =       23.9121  1-4 EEL =     -111.1333  RESTRAINT  =        0.0000


   NSTEP       ENERGY          RMS            GMAX         NAME    NUMBER
     24      -1.9949E+01     6.5193E+00     3.4665E+01     C5'        27

 BOND    =        5.5057  ANGLE   =       57.8262  DIHED      =       19.7437
 VDWAALS =       -8.6553  EEL     =      111.1617  EGB        =     -117.8176
 1-4 VDW =       23.3303  1-4 EEL =     -111.0436  RESTRAINT  =        0.0000


   NSTEP       ENERGY          RMS            GMAX         NAME    NUMBER
     25      -1.9576E+01     8.3078E+00     4.2894E+01     C14        66

 BOND    =        4.9407  ANGLE   =       58.1061  DIHED      =       19.6299
 VDWAALS =       -8.6561  EEL     =      111.2658  EGB        =     -117.7614
 1-4 VDW =       24.0966  1-4 EEL =     -111.1977  RESTRAINT  =        0.0000


   NSTEP       ENERGY          RMS            GMAX         NAME    NUMBER
     26      -2.1499E+01     1.7995E+00     8.6727E+00     O9'        31

 BOND    =        3.9971  ANGLE   =       57.5209  DIHED      =       19.6002
 VDWAALS =       -8.6480  EEL     =      111.2073  EGB        =     -117.7761
 1-4 VDW =       23.7330  1-4 EEL =     -111.1332  RESTRAINT  =        0.0000


   NSTEP       ENERGY          RMS            GMAX         NAME    NUMBER
     27      -2.1873E+01     3.5660E+00     1.8599E+01     N1         22

 BOND    =        4.5326  ANGLE   =       56.9503  DIHED      =       19.3862
 VDWAALS =       -8.6259  EEL     =      111.2050  EGB        =     -117.7939
 1-4 VDW =       23.6089  1-4 EEL =     -111.1362  RESTRAINT  =        0.0000


   NSTEP       ENERGY          RMS            GMAX         NAME    NUMBER
     28      -2.1394E+01     6.4423E+00     4.1296E+01     C14        66

 BOND    =        4.6079  ANGLE   =       56.9498  DIHED      =       19.2907
 VDWAALS =       -8.6210  EEL     =      111.2316  EGB        =     -117.7186
 1-4 VDW =       24.0953  1-4 EEL =     -111.2298  RESTRAINT  =        0.0000


   NSTEP       ENERGY          RMS            GMAX         NAME    NUMBER
     29      -2.2557E+01     1.8047E+00     1.0218E+01     C14        66

 BOND    =        4.0276  ANGLE   =       56.6485  DIHED      =       19.2465
 VDWAALS =       -8.6155  EEL     =      111.2127  EGB        =     -117.7480
 1-4 VDW =       23.8625  1-4 EEL =     -111.1917  RESTRAINT  =        0.0000


   NSTEP       ENERGY          RMS            GMAX         NAME    NUMBER
     30      -2.2710E+01     3.1657E+00     1.7133E+01     N1         22

 BOND    =        4.4708  ANGLE   =       56.3491  DIHED      =       19.1064
 VDWAALS =       -8.5992  EEL     =      111.2143  EGB        =     -117.7774
 1-4 VDW =       23.7084  1-4 EEL =     -111.1820  RESTRAINT  =        0.0000


   NSTEP       ENERGY          RMS            GMAX         NAME    NUMBER
     31      -2.2727E+01     4.1216E+00     2.7704E+01     C14        66

 BOND    =        4.2415  ANGLE   =       56.2824  DIHED      =       19.0335
 VDWAALS =       -8.5970  EEL     =      111.2199  EGB        =     -117.7126
 1-4 VDW =       24.0484  1-4 EEL =     -111.2427  RESTRAINT  =        0.0000


   NSTEP       ENERGY          RMS            GMAX         NAME    NUMBER
     32      -2.2737E+01     4.8255E+00     2.7755E+01     N1         22

 BOND    =        4.9532  ANGLE   =       56.0339  DIHED      =       18.9380
 VDWAALS =       -8.5830  EEL     =      111.2035  EGB        =     -117.7753
 1-4 VDW =       23.6799  1-4 EEL =     -111.1871  RESTRAINT  =        0.0000


   NSTEP       ENERGY          RMS            GMAX         NAME    NUMBER
     33      -2.2561E+01     6.0015E+00     3.8464E+01     C14        66

 BOND    =        4.5852  ANGLE   =       56.1241  DIHED      =       18.8815
 VDWAALS =       -8.5822  EEL     =      111.2391  EGB        =     -117.7003
 1-4 VDW =       24.1742  1-4 EEL =     -111.2822  RESTRAINT  =        0.0000


   NSTEP       ENERGY          RMS            GMAX         NAME    NUMBER
     34      -2.3592E+01     1.2829E+00     6.2555E+00     C14        66

 BOND    =        4.1163  ANGLE   =       55.8475  DIHED      =       18.8397
 VDWAALS =       -8.5769  EEL     =      111.2129  EGB        =     -117.7272
 1-4 VDW =       23.9356  1-4 EEL =     -111.2396  RESTRAINT  =        0.0000


   NSTEP       ENERGY          RMS            GMAX         NAME    NUMBER
     35      -2.3817E+01     2.5131E+00     1.4434E+01     N1         22

 BOND    =        4.3996  ANGLE   =       55.5877  DIHED      =       18.6653
 VDWAALS =       -8.5571  EEL     =      111.2247  EGB        =     -117.7521
 1-4 VDW =       23.8607  1-4 EEL =     -111.2460  RESTRAINT  =        0.0000


   NSTEP       ENERGY          RMS            GMAX         NAME    NUMBER
     36      -2.3543E+01     4.7573E+00     3.4328E+01     C14        66

 BOND    =        4.5380  ANGLE   =       55.4841  DIHED      =       18.5805
 VDWAALS =       -8.5565  EEL     =      111.1989  EGB        =     -117.6639
 1-4 VDW =       24.1670  1-4 EEL =     -111.2908  RESTRAINT  =        0.0000


   NSTEP       ENERGY          RMS            GMAX         NAME    NUMBER
     37      -2.4190E+01     1.3715E+00     8.3874E+00     C14        66

 BOND    =        4.1763  ANGLE   =       55.3870  DIHED      =       18.5481
 VDWAALS =       -8.5497  EEL     =      111.2103  EGB        =     -117.7059
 1-4 VDW =       24.0181  1-4 EEL =     -111.2742  RESTRAINT  =        0.0000


   NSTEP       ENERGY          RMS            GMAX         NAME    NUMBER
     38      -2.4281E+01     2.3460E+00     1.3515E+01     N1         22

 BOND    =        4.4229  ANGLE   =       55.2620  DIHED      =       18.4373
 VDWAALS =       -8.5361  EEL     =      111.2243  EGB        =     -117.7381
 1-4 VDW =       23.9184  1-4 EEL =     -111.2719  RESTRAINT  =        0.0000


   NSTEP       ENERGY          RMS            GMAX         NAME    NUMBER
     39      -2.4306E+01     3.0145E+00     2.1989E+01     C14        66

 BOND    =        4.3179  ANGLE   =       55.1747  DIHED      =       18.3778
 VDWAALS =       -8.5357  EEL     =      111.2024  EGB        =     -117.6735
 1-4 VDW =       24.1319  1-4 EEL =     -111.3014  RESTRAINT  =        0.0000


   NSTEP       ENERGY          RMS            GMAX         NAME    NUMBER
     40      -2.4323E+01     3.5352E+00     2.2692E+01     N1         22

 BOND    =        4.6899  ANGLE   =       55.1063  DIHED      =       18.2998
 VDWAALS =       -8.5226  EEL     =      111.2247  EGB        =     -117.7443
 1-4 VDW =       23.9017  1-4 EEL =     -111.2780  RESTRAINT  =        0.0000


   NSTEP       ENERGY          RMS            GMAX         NAME    NUMBER
     41      -2.4248E+01     4.3529E+00     3.2288E+01     C14        66

 BOND    =        4.5360  ANGLE   =       55.0536  DIHED      =       18.2515
 VDWAALS =       -8.5248  EEL     =      111.2019  EGB        =     -117.6537
 1-4 VDW =       24.2103  1-4 EEL =     -111.3230  RESTRAINT  =        0.0000


   NSTEP       ENERGY          RMS            GMAX         NAME    NUMBER
     42      -2.4809E+01     9.8366E-01     4.6463E+00     C14        66

 BOND    =        4.2508  ANGLE   =       54.9663  DIHED      =       18.2176
 VDWAALS =       -8.5187  EEL     =      111.2099  EGB        =     -117.6946
 1-4 VDW =       24.0639  1-4 EEL =     -111.3043  RESTRAINT  =        0.0000


   NSTEP       ENERGY          RMS            GMAX         NAME    NUMBER
     43      -2.4977E+01     1.6863E+00     9.0506E+00     N1         22

 BOND    =        4.3965  ANGLE   =       54.8311  DIHED      =       18.0793
 VDWAALS =       -8.5039  EEL     =      111.2212  EGB        =     -117.7121
 1-4 VDW =       24.0232  1-4 EEL =     -111.3119  RESTRAINT  =        0.0000


   NSTEP       ENERGY          RMS            GMAX         NAME    NUMBER
     44      -2.4841E+01     3.5264E+00     2.5395E+01     C14        66

 BOND    =        4.4855  ANGLE   =       54.7472  DIHED      =       18.0014
 VDWAALS =       -8.5020  EEL     =      111.1880  EGB        =     -117.6436
 1-4 VDW =       24.2164  1-4 EEL =     -111.3337  RESTRAINT  =        0.0000


   NSTEP       ENERGY          RMS            GMAX         NAME    NUMBER
     45      -2.5201E+01     1.0676E+00     6.3739E+00     C14        66

 BOND    =        4.2947  ANGLE   =       54.7051  DIHED      =       17.9736
 VDWAALS =       -8.4969  EEL     =      111.2053  EGB        =     -117.6782
 1-4 VDW =       24.1233  1-4 EEL =     -111.3278  RESTRAINT  =        0.0000


   NSTEP       ENERGY          RMS            GMAX         NAME    NUMBER
     46      -2.5278E+01     1.6698E+00     9.0296E+00     N1         22

 BOND    =        4.4381  ANGLE   =       54.6390  DIHED      =       17.8876
 VDWAALS =       -8.4864  EEL     =      111.2194  EGB        =     -117.7028
 1-4 VDW =       24.0564  1-4 EEL =     -111.3293  RESTRAINT  =        0.0000


   NSTEP       ENERGY          RMS            GMAX         NAME    NUMBER
     47      -2.5302E+01     2.2544E+00     1.6269E+01     C14        66

 BOND    =        4.3703  ANGLE   =       54.5803  DIHED      =       17.8340
 VDWAALS =       -8.4860  EEL     =      111.1944  EGB        =     -117.6524
 1-4 VDW =       24.2011  1-4 EEL =     -111.3442  RESTRAINT  =        0.0000


   NSTEP       ENERGY          RMS            GMAX         NAME    NUMBER
     48      -2.5331E+01     2.6031E+00     1.6338E+01     N1         22

 BOND    =        4.5957  ANGLE   =       54.5536  DIHED      =       17.7721
 VDWAALS =       -8.4753  EEL     =      111.2236  EGB        =     -117.7101
 1-4 VDW =       24.0452  1-4 EEL =     -111.3363  RESTRAINT  =        0.0000


   NSTEP       ENERGY          RMS            GMAX         NAME    NUMBER
     49      -2.5302E+01     3.2350E+00     2.4069E+01     C14        66

 BOND    =        4.5006  ANGLE   =       54.4986  DIHED      =       17.7294
 VDWAALS =       -8.4774  EEL     =      111.1882  EGB        =     -117.6349
 1-4 VDW =       24.2495  1-4 EEL =     -111.3565  RESTRAINT  =        0.0000


   NSTEP       ENERGY          RMS            GMAX         NAME    NUMBER
     50      -2.5617E+01     8.0798E-01     3.9916E+00     O9'        31

 BOND    =        4.3470  ANGLE   =       54.4649  DIHED      =       17.7025
 VDWAALS =       -8.4723  EEL     =      111.2047  EGB        =     -117.6703
 1-4 VDW =       24.1565  1-4 EEL =     -111.3501  RESTRAINT  =        0.0000


   NSTEP       ENERGY          RMS            GMAX         NAME    NUMBER
     51      -2.5736E+01     1.1953E+00     5.6174E+00     N1         22

 BOND    =        4.4407  ANGLE   =       54.3859  DIHED      =       17.6000
 VDWAALS =       -8.4614  EEL     =      111.2124  EGB        =     -117.6819
 1-4 VDW =       24.1239  1-4 EEL =     -111.3558  RESTRAINT  =        0.0000


   NSTEP       ENERGY          RMS            GMAX         NAME    NUMBER
     52      -2.2966E+01     1.0417E+01     6.9598E+01     C14        66

 BOND    =        6.7375  ANGLE   =       54.5501  DIHED      =       17.3585
 VDWAALS =       -8.4551  EEL     =      111.1290  EGB        =     -117.5213
 1-4 VDW =       24.6402  1-4 EEL =     -111.4046  RESTRAINT  =        0.0000


   NSTEP       ENERGY          RMS            GMAX         NAME    NUMBER
     53      -2.5802E+01     9.1442E-01     5.5797E+00     C14        66

 BOND    =        4.3641  ANGLE   =       54.3590  DIHED      =       17.5672
 VDWAALS =       -8.4607  EEL     =      111.2014  EGB        =     -117.6604
 1-4 VDW =       24.1893  1-4 EEL =     -111.3623  RESTRAINT  =        0.0000


   NSTEP       ENERGY          RMS            GMAX         NAME    NUMBER
     54      -2.5881E+01     8.9614E-01     5.2339E+00     C14        66

 BOND    =        4.3709  ANGLE   =       54.3182  DIHED      =       17.5108
 VDWAALS =       -8.4558  EEL     =      111.2002  EGB        =     -117.6577
 1-4 VDW =       24.1995  1-4 EEL =     -111.3669  RESTRAINT  =        0.0000


   NSTEP       ENERGY          RMS            GMAX         NAME    NUMBER
     55      -2.6520E+01     9.1670E-01     3.8261E+00     O9'        31

 BOND    =        4.4537  ANGLE   =       53.9731  DIHED      =       17.0224
 VDWAALS =       -8.4079  EEL     =      111.1902  EGB        =     -117.6342
 1-4 VDW =       24.2933  1-4 EEL =     -111.4103  RESTRAINT  =        0.0000


   NSTEP       ENERGY          RMS            GMAX         NAME    NUMBER
     56      -2.7570E+01     2.5981E+00     1.3660E+01     N1         22

 BOND    =        5.1293  ANGLE   =       53.1471  DIHED      =       15.6755
 VDWAALS =       -8.1745  EEL     =      111.1661  EGB        =     -117.5644
 1-4 VDW =       24.6391  1-4 EEL =     -111.5883  RESTRAINT  =        0.0000


   NSTEP       ENERGY          RMS            GMAX         NAME    NUMBER
     57      -1.6468E+01     1.8550E+01     7.9865E+01     C3'        25

 BOND    =       16.1945  ANGLE   =       53.2565  DIHED      =       15.2548
 VDWAALS =       -7.7706  EEL     =      111.3423  EGB        =     -117.5675
 1-4 VDW =       24.6437  1-4 EEL =     -111.8215  RESTRAINT  =        0.0000


   NSTEP       ENERGY          RMS            GMAX         NAME    NUMBER
     58      -2.7792E+01     8.0473E-01     4.2352E+00     H192       53

 BOND    =        5.2008  ANGLE   =       52.9651  DIHED      =       15.5402
 VDWAALS =       -8.1301  EEL     =      111.1847  EGB        =     -117.5598
 1-4 VDW =       24.6226  1-4 EEL =     -111.6156  RESTRAINT  =        0.0000


   NSTEP       ENERGY          RMS            GMAX         NAME    NUMBER
     59      -2.7830E+01     6.3894E-01     3.3721E+00     H192       53

 BOND    =        5.1511  ANGLE   =       52.9775  DIHED      =       15.5268
 VDWAALS =       -8.1327  EEL     =      111.1851  EGB        =     -117.5542
 1-4 VDW =       24.6292  1-4 EEL =     -111.6132  RESTRAINT  =        0.0000


   NSTEP       ENERGY          RMS            GMAX         NAME    NUMBER
     60      -2.7862E+01     1.0389E+00     6.9988E+00     C4'        26

 BOND    =        5.0888  ANGLE   =       53.0097  DIHED      =       15.4993
 VDWAALS =       -8.1383  EEL     =      111.1859  EGB        =     -117.5428
 1-4 VDW =       24.6433  1-4 EEL =     -111.6081  RESTRAINT  =        0.0000


   NSTEP       ENERGY          RMS            GMAX         NAME    NUMBER
     61      -2.7951E+01     8.1868E-01     4.1480E+00     C19        20

 BOND    =        4.9459  ANGLE   =       53.0703  DIHED      =       15.4400
 VDWAALS =       -8.1540  EEL     =      111.1933  EGB        =     -117.5367
 1-4 VDW =       24.6944  1-4 EEL =     -111.6044  RESTRAINT  =        0.0000


   NSTEP       ENERGY          RMS            GMAX         NAME    NUMBER
     62      -2.7958E+01     1.0449E+00     5.2394E+00     C3'        25

 BOND    =        4.9153  ANGLE   =       53.0960  DIHED      =       15.4198
 VDWAALS =       -8.1595  EEL     =      111.1959  EGB        =     -117.5346
 1-4 VDW =       24.7126  1-4 EEL =     -111.6031  RESTRAINT  =        0.0000


   NSTEP       ENERGY          RMS            GMAX         NAME    NUMBER
     63      -2.8078E+01     1.0163E+00     5.9176E+00     C9'        30

 BOND    =        4.7428  ANGLE   =       53.2514  DIHED      =       15.3097
 VDWAALS =       -8.1817  EEL     =      111.2145  EGB        =     -117.5509
 1-4 VDW =       24.7481  1-4 EEL =     -111.6122  RESTRAINT  =        0.0000


   NSTEP       ENERGY          RMS            GMAX         NAME    NUMBER
     64      -2.8086E+01     1.3150E+00     8.7897E+00     C9'        30

 BOND    =        4.7052  ANGLE   =       53.3131  DIHED      =       15.2742
 VDWAALS =       -8.1891  EEL     =      111.2207  EGB        =     -117.5565
 1-4 VDW =       24.7612  1-4 EEL =     -111.6153  RESTRAINT  =        0.0000


   NSTEP       ENERGY          RMS            GMAX         NAME    NUMBER
     65      -2.8260E+01     1.0123E+00     5.4982E+00     N1         22

 BOND    =        4.4093  ANGLE   =       53.6423  DIHED      =       15.1255
 VDWAALS =       -8.2345  EEL     =      111.2089  EGB        =     -117.5499
 1-4 VDW =       24.7614  1-4 EEL =     -111.6230  RESTRAINT  =        0.0000


   NSTEP       ENERGY          RMS            GMAX         NAME    NUMBER
     66      -2.8282E+01     1.3673E+00     7.0111E+00     N1         22

 BOND    =        4.3050  ANGLE   =       53.8219  DIHED      =       15.0568
 VDWAALS =       -8.2573  EEL     =      111.2031  EGB        =     -117.5470
 1-4 VDW =       24.7626  1-4 EEL =     -111.6271  RESTRAINT  =        0.0000


   NSTEP       ENERGY          RMS            GMAX         NAME    NUMBER
     67      -2.8403E+01     1.3069E+00     5.7420E+00     N1         22

 BOND    =        4.5006  ANGLE   =       54.0636  DIHED      =       14.8617
 VDWAALS =       -8.3026  EEL     =      111.2133  EGB        =     -117.5695
 1-4 VDW =       24.4798  1-4 EEL =     -111.6501  RESTRAINT  =        0.0000


   NSTEP       ENERGY          RMS            GMAX         NAME    NUMBER
     68      -2.8425E+01     8.6938E-01     3.9941E+00     C9'        30

 BOND    =        4.4071  ANGLE   =       53.9847  DIHED      =       14.9116
 VDWAALS =       -8.2898  EEL     =      111.2103  EGB        =     -117.5630
 1-4 VDW =       24.5578  1-4 EEL =     -111.6435  RESTRAINT  =        0.0000


   NSTEP       ENERGY          RMS            GMAX         NAME    NUMBER
     69      -2.8500E+01     6.9934E-01     3.9437E+00     HN1        54

 BOND    =        4.4391  ANGLE   =       53.9431  DIHED      =       14.8555
 VDWAALS =       -8.2855  EEL     =      111.2160  EGB        =     -117.5694
 1-4 VDW =       24.5545  1-4 EEL =     -111.6536  RESTRAINT  =        0.0000


   NSTEP       ENERGY          RMS            GMAX         NAME    NUMBER
     70      -2.8508E+01     9.2408E-01     5.3089E+00     C9'        30

 BOND    =        4.4692  ANGLE   =       53.9325  DIHED      =       14.8329
 VDWAALS =       -8.2838  EEL     =      111.2184  EGB        =     -117.5723
 1-4 VDW =       24.5532  1-4 EEL =     -111.6579  RESTRAINT  =        0.0000


   NSTEP       ENERGY          RMS            GMAX         NAME    NUMBER
     71      -2.8609E+01     7.2735E-01     3.0065E+00     C6'        28

 BOND    =        4.4654  ANGLE   =       54.0048  DIHED      =       14.7599
 VDWAALS =       -8.2712  EEL     =      111.2009  EGB        =     -117.5817
 1-4 VDW =       24.4723  1-4 EEL =     -111.6592  RESTRAINT  =        0.0000


   NSTEP       ENERGY          RMS            GMAX         NAME    NUMBER
     72      -2.8613E+01     8.8275E-01     3.7830E+00     C2'        24

 BOND    =        4.4775  ANGLE   =       54.0308  DIHED      =       14.7423
 VDWAALS =       -8.2680  EEL     =      111.1965  EGB        =     -117.5843
 1-4 VDW =       24.4515  1-4 EEL =     -111.6596  RESTRAINT  =        0.0000


   NSTEP       ENERGY          RMS            GMAX         NAME    NUMBER
     73      -2.8692E+01     1.0522E+00     4.0431E+00     C6          8

 BOND    =        4.7755  ANGLE   =       53.9630  DIHED      =       14.6594
 VDWAALS =       -8.2573  EEL     =      111.1621  EGB        =     -117.5977
 1-4 VDW =       24.2359  1-4 EEL =     -111.6330  RESTRAINT  =        0.0000


   NSTEP       ENERGY          RMS            GMAX         NAME    NUMBER
     74      -2.8695E+01     8.8517E-01     3.2212E+00     C6          8

 BOND    =        4.7201  ANGLE   =       53.9703  DIHED      =       14.6712
 VDWAALS =       -8.2589  EEL     =      111.1672  EGB        =     -117.5956
 1-4 VDW =       24.2679  1-4 EEL =     -111.6370  RESTRAINT  =        0.0000


   NSTEP       ENERGY          RMS            GMAX         NAME    NUMBER
     75      -2.8781E+01     1.0530E+00     6.0111E+00     C4'        26

 BOND    =        4.7616  ANGLE   =       54.0398  DIHED      =       14.6132
 VDWAALS =       -8.2581  EEL     =      111.1582  EGB        =     -117.6056
 1-4 VDW =       24.1394  1-4 EEL =     -111.6289  RESTRAINT  =        0.0000


   NSTEP       ENERGY          RMS            GMAX         NAME    NUMBER
     76      -2.8798E+01     8.6850E-01     4.1546E+00     C4'        26

 BOND    =        4.7415  ANGLE   =       54.0412  DIHED      =       14.6131
 VDWAALS =       -8.2584  EEL     =      111.1577  EGB        =     -117.6054
 1-4 VDW =       24.1381  1-4 EEL =     -111.6257  RESTRAINT  =        0.0000


   NSTEP       ENERGY          RMS            GMAX         NAME    NUMBER
     77      -2.8815E+01     7.0044E-01     3.1110E+00     H2'        55

 BOND    =        4.7190  ANGLE   =       54.0420  DIHED      =       14.6129
 VDWAALS =       -8.2589  EEL     =      111.1574  EGB        =     -117.6047
 1-4 VDW =       24.1400  1-4 EEL =     -111.6224  RESTRAINT  =        0.0000


   NSTEP       ENERGY          RMS            GMAX         NAME    NUMBER
     78      -2.8831E+01     5.7449E-01     2.7794E+00     H2'        55

 BOND    =        4.6936  ANGLE   =       54.0402  DIHED      =       14.6126
 VDWAALS =       -8.2597  EEL     =      111.1574  EGB        =     -117.6032
 1-4 VDW =       24.1479  1-4 EEL =     -111.6199  RESTRAINT  =        0.0000


   NSTEP       ENERGY          RMS            GMAX         NAME    NUMBER
     79      -2.8848E+01     4.9210E-01     2.3993E+00     H2'        55

 BOND    =        4.6661  ANGLE   =       54.0323  DIHED      =       14.6122
 VDWAALS =       -8.2608  EEL     =      111.1579  EGB        =     -117.6009
 1-4 VDW =       24.1645  1-4 EEL =     -111.6188  RESTRAINT  =        0.0000


   NSTEP       ENERGY          RMS            GMAX         NAME    NUMBER
     80      -2.6255E+01     5.4457E+00     1.9803E+01     C19        20

 BOND    =        5.4367  ANGLE   =       54.1455  DIHED      =       14.6828
 VDWAALS =       -8.3284  EEL     =      111.1970  EGB        =     -117.4564
 1-4 VDW =       25.6949  1-4 EEL =     -111.6270  RESTRAINT  =        0.0000


   NSTEP       ENERGY          RMS            GMAX         NAME    NUMBER
     81      -2.8917E+01     6.2761E-01     2.4790E+00     C2'        24

 BOND    =        4.5114  ANGLE   =       53.9219  DIHED      =       14.6081
 VDWAALS =       -8.2712  EEL     =      111.1634  EGB        =     -117.5801
 1-4 VDW =       24.3495  1-4 EEL =     -111.6199  RESTRAINT  =        0.0000


   NSTEP       ENERGY          RMS            GMAX         NAME    NUMBER
     82      -2.8975E+01     7.3934E-01     4.4084E+00     C2'        24

 BOND    =        4.5652  ANGLE   =       53.6802  DIHED      =       14.5993
 VDWAALS =       -8.2765  EEL     =      111.1605  EGB        =     -117.5736
 1-4 VDW =       24.4905  1-4 EEL =     -111.6207  RESTRAINT  =        0.0000


   NSTEP       ENERGY          RMS            GMAX         NAME    NUMBER
     83      -2.8977E+01     6.2812E-01     3.4311E+00     C2'        24

 BOND    =        4.5502  ANGLE   =       53.7126  DIHED      =       14.6001
 VDWAALS =       -8.2757  EEL     =      111.1609  EGB        =     -117.5745
 1-4 VDW =       24.4703  1-4 EEL =     -111.6206  RESTRAINT  =        0.0000


   NSTEP       ENERGY          RMS            GMAX         NAME    NUMBER
     84      -2.9019E+01     1.0395E+00     7.0516E+00     C3'        25

 BOND    =        4.4197  ANGLE   =       53.7635  DIHED      =       14.6077
 VDWAALS =       -8.2680  EEL     =      111.1498  EGB        =     -117.5615
 1-4 VDW =       24.4836  1-4 EEL =     -111.6138  RESTRAINT  =        0.0000


   NSTEP       ENERGY          RMS            GMAX         NAME    NUMBER
     85      -2.9023E+01     7.8786E-01     4.7621E+00     C3'        25

 BOND    =        4.4409  ANGLE   =       53.7475  DIHED      =       14.6053
 VDWAALS =       -8.2698  EEL     =      111.1523  EGB        =     -117.5644
 1-4 VDW =       24.4803  1-4 EEL =     -111.6153  RESTRAINT  =        0.0000


   NSTEP       ENERGY          RMS            GMAX         NAME    NUMBER
     86      -2.9078E+01     7.1245E-01     4.2864E+00     C4'        26

 BOND    =        4.4398  ANGLE   =       53.7243  DIHED      =       14.6125
 VDWAALS =       -8.2541  EEL     =      111.1517  EGB        =     -117.5629
 1-4 VDW =       24.4196  1-4 EEL =     -111.6089  RESTRAINT  =        0.0000


   NSTEP       ENERGY          RMS            GMAX         NAME    NUMBER
     87      -2.9080E+01     8.4626E-01     6.0358E+00     C4'        26

 BOND    =        4.4457  ANGLE   =       53.7223  DIHED      =       14.6147
 VDWAALS =       -8.2508  EEL     =      111.1515  EGB        =     -117.5626
 1-4 VDW =       24.4070  1-4 EEL =     -111.6076  RESTRAINT  =        0.0000


   NSTEP       ENERGY          RMS            GMAX         NAME    NUMBER
     88      -2.9132E+01     7.0938E-01     4.3175E+00     C9'        30

 BOND    =        4.6227  ANGLE   =       53.5185  DIHED      =       14.6272
 VDWAALS =       -8.2317  EEL     =      111.1600  EGB        =     -117.5636
 1-4 VDW =       24.3440  1-4 EEL =     -111.6085  RESTRAINT  =        0.0000


   NSTEP       ENERGY          RMS            GMAX         NAME    NUMBER
     89      -2.9132E+01     6.4300E-01     3.5651E+00     C9'        30

 BOND    =        4.6045  ANGLE   =       53.5345  DIHED      =       14.6258
 VDWAALS =       -8.2334  EEL     =      111.1593  EGB        =     -117.5635
 1-4 VDW =       24.3494  1-4 EEL =     -111.6084  RESTRAINT  =        0.0000


   NSTEP       ENERGY          RMS            GMAX         NAME    NUMBER
     90      -2.9172E+01     4.5424E-01     2.2328E+00     O9'        31

 BOND    =        4.7754  ANGLE   =       53.3594  DIHED      =       14.6281
 VDWAALS =       -8.2262  EEL     =      111.1566  EGB        =     -117.5686
 1-4 VDW =       24.3099  1-4 EEL =     -111.6065  RESTRAINT  =        0.0000


   NSTEP       ENERGY          RMS            GMAX         NAME    NUMBER
     91      -2.9176E+01     5.8774E-01     2.5652E+00     C19        20

 BOND    =        4.8580  ANGLE   =       53.2874  DIHED      =       14.6299
 VDWAALS =       -8.2231  EEL     =      111.1554  EGB        =     -117.5708
 1-4 VDW =       24.2929  1-4 EEL =     -111.6056  RESTRAINT  =        0.0000


   NSTEP       ENERGY          RMS            GMAX         NAME    NUMBER
     92      -2.9205E+01     6.6757E-01     4.0934E+00     C9'        30

 BOND    =        4.9688  ANGLE   =       53.1498  DIHED      =       14.6230
 VDWAALS =       -8.2194  EEL     =      111.1274  EGB        =     -117.5718
 1-4 VDW =       24.3078  1-4 EEL =     -111.5911  RESTRAINT  =        0.0000


   NSTEP       ENERGY          RMS            GMAX         NAME    NUMBER
     93      -2.9207E+01     5.4757E-01     3.0740E+00     C9'        30

 BOND    =        4.9454  ANGLE   =       53.1719  DIHED      =       14.6239
 VDWAALS =       -8.2200  EEL     =      111.1321  EGB        =     -117.5717
 1-4 VDW =       24.3052  1-4 EEL =     -111.5935  RESTRAINT  =        0.0000


   NSTEP       ENERGY          RMS            GMAX         NAME    NUMBER
     94      -2.9240E+01     6.0096E-01     3.1558E+00     H192       53

 BOND    =        4.9421  ANGLE   =       53.1642  DIHED      =       14.6169
 VDWAALS =       -8.2142  EEL     =      111.1348  EGB        =     -117.5785
 1-4 VDW =       24.2900  1-4 EEL =     -111.5951  RESTRAINT  =        0.0000


   NSTEP       ENERGY          RMS            GMAX         NAME    NUMBER
     95      -2.9242E+01     7.5856E-01     3.9992E+00     C9'        30

 BOND    =        4.9471  ANGLE   =       53.1635  DIHED      =       14.6152
 VDWAALS =       -8.2126  EEL     =      111.1356  EGB        =     -117.5806
 1-4 VDW =       24.2856  1-4 EEL =     -111.5956  RESTRAINT  =        0.0000


   NSTEP       ENERGY          RMS            GMAX         NAME    NUMBER
     96      -2.9299E+01     5.8314E-01     3.5235E+00     H192       53

 BOND    =        4.9246  ANGLE   =       53.1996  DIHED      =       14.6070
 VDWAALS =       -8.2101  EEL     =      111.1251  EGB        =     -117.5769
 1-4 VDW =       24.2081  1-4 EEL =     -111.5761  RESTRAINT  =        0.0000


   NSTEP       ENERGY          RMS            GMAX         NAME    NUMBER
     97      -2.9335E+01     9.0432E-01     5.8741E+00     C6'        28

 BOND    =        4.9173  ANGLE   =       53.2779  DIHED      =       14.5999
 VDWAALS =       -8.2058  EEL     =      111.1078  EGB        =     -117.5711
 1-4 VDW =       24.0836  1-4 EEL =     -111.5441  RESTRAINT  =        0.0000


   NSTEP       ENERGY          RMS            GMAX         NAME    NUMBER
     98      -2.9390E+01     1.2167E+00     9.4599E+00     C5'        27

 BOND    =        4.6875  ANGLE   =       53.3022  DIHED      =       14.5893
 VDWAALS =       -8.2150  EEL     =      111.0929  EGB        =     -117.5551
 1-4 VDW =       24.2291  1-4 EEL =     -111.5206  RESTRAINT  =        0.0000


   NSTEP       ENERGY          RMS            GMAX         NAME    NUMBER
     99      -2.9401E+01     8.2016E-01     6.1088E+00     C5'        27

 BOND    =        4.7360  ANGLE   =       53.2887  DIHED      =       14.5906
 VDWAALS =       -8.2124  EEL     =      111.0972  EGB        =     -117.5597
 1-4 VDW =       24.1862  1-4 EEL =     -111.5274  RESTRAINT  =        0.0000


   NSTEP       ENERGY          RMS            GMAX         NAME    NUMBER
    100      -2.9476E+01     6.3305E-01     3.3478E+00     C19        20

 BOND    =        4.7341  ANGLE   =       53.1214  DIHED      =       14.5759
 VDWAALS =       -8.2204  EEL     =      111.1020  EGB        =     -117.5630
 1-4 VDW =       24.2927  1-4 EEL =     -111.5184  RESTRAINT  =        0.0000


  Maximum number of minimization cycles reached.


                    FINAL RESULTS



   NSTEP       ENERGY          RMS            GMAX         NAME    NUMBER
    100      -2.9476E+01     6.3305E-01     3.3478E+00     C19        20

 BOND    =        4.7341  ANGLE   =       53.1214  DIHED      =       14.5759
 VDWAALS =       -8.2204  EEL     =      111.1020  EGB        =     -117.5630
 1-4 VDW =       24.2927  1-4 EEL =     -111.5184  RESTRAINT  =        0.0000

--------------------------------------------------------------------------------
   5.  TIMINGS
--------------------------------------------------------------------------------

|    Read coords time           0.00 ( 0.32% of Total)
|    Fast Water setup           0.00 ( 0.01% of Total)
|                Calc gb radii              0.02 (26.54% of Gen B)
|                Calc gb diag               0.03 (41.80% of Gen B)
|                Calc gb off-diag           0.02 (31.52% of Gen B)
|                Other                      0.00 ( 0.14% of Gen B)
|             Gen Born time              0.08 (100.0% of Nonbo)
|             IPS excludes               0.00 ( 0.02% of Nonbo)
|          Nonbond force              0.08 (88.70% of Force)
|          Bond/Angle/Dihedral        0.01 (11.06% of Force)
|          Other                      0.00 ( 0.24% of Force)
|       Force time                 0.09 (100.0% of Runmd)
|    Runmd Time                 0.09 (84.18% of Total)
|    Other                      0.02 (15.49% of Total)
| Total time                 0.11 (100.0% of ALL  )

| Number of list builds   :          0

| Highest rstack allocated:          0
| Highest istack allocated:          0
|           Job began  at 14:31:16.577  on 05/22/2015
|           Setup done at 14:31:16.581  on 05/22/2015
|           Run   done at 14:31:16.682  on 05/22/2015
|     wallclock() was called    1828 times
