
          -------------------------------------------------------
          Amber 14 SANDER                              2014
          -------------------------------------------------------

| Run on 12/05/2014 at 22:27:10

|   Executable path: sander
| Working directory: /net/casegroup2/u2/pjanowsk/Phenix/AmberLibrary/s
|          Hostname: krakow

  [-O]verwriting output

File Assignments:
|  MDIN: sander.in                                                             
| MDOUT: SDC.min_igb.out                                                       
|INPCRD: SDC.rst7                                                              
|  PARM: SDC.prmtop                                                            
|RESTRT: SDC.min_igb.rst7                                                      
|  REFC: refc                                                                  
| MDVEL: mdvel                                                                 
| MDFRC: mdfrc                                                                 
|  MDEN: mden                                                                  
| MDCRD: mdcrd                                                                 
|MDINFO: mdinfo                                                                
|  MTMD: mtmd                                                                  
|INPDIP: inpdip                                                                
|RSTDIP: rstdip                                                                
|INPTRA: inptraj                                                               


 Here is the input file:

  short minimization                                                           
 &cntrl                                                                        
   imin=1, maxcyc=100, ncyc=50, ntpr=1, cut=99., ntb=0, igb=2                  
 /                                                                             

--------------------------------------------------------------------------------
   1.  RESOURCE   USE: 
--------------------------------------------------------------------------------

| Flags:                                                                        
| New format PARM file being parsed.
| Version =    1.000 Date = 12/05/14 Time = 22:27:10
 NATOM  =      26 NTYPES =       8 NBONH =      13 MBONA  =      12
 NTHETH =      30 MTHETA =      16 NPHIH =      45 MPHIA  =      13
 NHPARM =       0 NPARM  =       0 NNB   =     132 NRES   =       1
 NBONA  =      12 NTHETA =      16 NPHIA =      13 NUMBND =      11
 NUMANG =      22 NPTRA  =       6 NATYP =       9 NPHB   =       0
 IFBOX  =       0 NMXRS  =      26 IFCAP =       0 NEXTRA =       0
 NCOPY  =       0

 Implicit solvent radii are H(N)-modified Bondi radii (mbondi2)                                             

|     Memory Use     Allocated
|     Real                5429
|     Hollerith             81
|     Integer            21194
|     Max Pairs              1
|     nblistReal             0
|     nblist Int             0
|       Total              125 kbytes

| Note: 1-4 EEL scale factors are being read from the topology file.

| Note: 1-4 VDW scale factors are being read from the topology file.
| Duplicated    0 dihedrals
| Duplicated    0 dihedrals

--------------------------------------------------------------------------------
   2.  CONTROL  DATA  FOR  THE  RUN
--------------------------------------------------------------------------------

SDC                                                                             

General flags:
     imin    =       1, nmropt  =       0

Nature and format of input:
     ntx     =       1, irest   =       0, ntrx    =       1

Nature and format of output:
     ntxo    =       1, ntpr    =       1, ntrx    =       1, ntwr    =     500
     iwrap   =       0, ntwx    =       0, ntwv    =       0, ntwe    =       0
     ioutfm  =       0, ntwprt  =       0, idecomp =       0, rbornstat=      0

Potential function:
     ntf     =       1, ntb     =       0, igb     =       2, nsnb    =      25
     ipol    =       0, gbsa    =       0, iesp    =       0
     dielc   =   1.00000, cut     =  99.00000, intdiel =   1.00000
     saltcon =   0.00000, offset  =   0.09000, gbalpha=    0.80000
     gbbeta  =   0.00000, gbgamma =   2.90912, surften =   0.00500
     rdt     =   0.00000, rgbmax  =  25.00000  extdiel =  78.50000
     alpb  =        0

Frozen or restrained atoms:
     ibelly  =       0, ntr     =       0

Energy minimization:
     maxcyc  =     100, ncyc    =      50, ntmin   =       1
     dx0     =   0.01000, drms    =   0.00010
|  INFO: Old style inpcrd file read


--------------------------------------------------------------------------------
   3.  ATOMIC COORDINATES AND VELOCITIES
--------------------------------------------------------------------------------

SDC                                                                             
 begin time read from input coords =     0.000 ps

 Number of triangulated 3-point waters found:        0

--------------------------------------------------------------------------------
   4.  RESULTS
--------------------------------------------------------------------------------



   NSTEP       ENERGY          RMS            GMAX         NAME    NUMBER
      1      -2.8019E+02     2.4134E+01     9.1086E+01     C09         9

 BOND    =       16.2977  ANGLE   =       12.9791  DIHED      =        5.3409
 VDWAALS =       10.1628  EEL     =     -203.4605  EGB        =      -86.3286
 1-4 VDW =        0.5532  1-4 EEL =      -35.7344  RESTRAINT  =        0.0000


   NSTEP       ENERGY          RMS            GMAX         NAME    NUMBER
      2      -2.8264E+02     2.2191E+01     8.1128E+01     C09         9

 BOND    =       14.3596  ANGLE   =       12.6786  DIHED      =        5.3348
 VDWAALS =       10.0188  EEL     =     -203.5323  EGB        =      -86.3655
 1-4 VDW =        0.5596  1-4 EEL =      -35.6975  RESTRAINT  =        0.0000


   NSTEP       ENERGY          RMS            GMAX         NAME    NUMBER
      3      -2.8532E+02     1.9938E+01     6.9506E+01     C09         9

 BOND    =       12.2607  ANGLE   =       12.3687  DIHED      =        5.3285
 VDWAALS =        9.8406  EEL     =     -203.6224  EGB        =      -86.4164
 1-4 VDW =        0.5669  1-4 EEL =      -35.6477  RESTRAINT  =        0.0000


   NSTEP       ENERGY          RMS            GMAX         NAME    NUMBER
      4      -2.8816E+02     1.7361E+01     5.6105E+01     C09         9

 BOND    =       10.0598  ANGLE   =       12.0673  DIHED      =        5.3221
 VDWAALS =        9.6159  EEL     =     -203.7360  EGB        =      -86.4874
 1-4 VDW =        0.5750  1-4 EEL =      -35.5811  RESTRAINT  =        0.0000


   NSTEP       ENERGY          RMS            GMAX         NAME    NUMBER
      5      -2.9107E+02     1.4488E+01     4.0978E+01     C09         9

 BOND    =        7.8590  ANGLE   =       11.8021  DIHED      =        5.3162
 VDWAALS =        9.3248  EEL     =     -203.8788  EGB        =      -86.5874
 1-4 VDW =        0.5834  1-4 EEL =      -35.4935  RESTRAINT  =        0.0000


   NSTEP       ENERGY          RMS            GMAX         NAME    NUMBER
      6      -2.9391E+02     1.1442E+01     2.9290E+01     H092       20

 BOND    =        5.8148  ANGLE   =       11.6116  DIHED      =        5.3116
 VDWAALS =        8.9326  EEL     =     -204.0553  EGB        =      -86.7294
 1-4 VDW =        0.5906  1-4 EEL =      -35.3852  RESTRAINT  =        0.0000


   NSTEP       ENERGY          RMS            GMAX         NAME    NUMBER
      7      -2.9651E+02     8.5462E+00     2.1248E+01     H092       20

 BOND    =        4.1351  ANGLE   =       11.5392  DIHED      =        5.3094
 VDWAALS =        8.3771  EEL     =     -204.2587  EGB        =      -86.9298
 1-4 VDW =        0.5930  1-4 EEL =      -35.2750  RESTRAINT  =        0.0000


   NSTEP       ENERGY          RMS            GMAX         NAME    NUMBER
      8      -2.9881E+02     6.3613E+00     1.5462E+01     H091       19

 BOND    =        3.0140  ANGLE   =       11.6089  DIHED      =        5.3108
 VDWAALS =        7.5633  EEL     =     -204.4341  EGB        =      -87.1991
 1-4 VDW =        0.5817  1-4 EEL =      -35.2507  RESTRAINT  =        0.0000


   NSTEP       ENERGY          RMS            GMAX         NAME    NUMBER
      9      -3.0092E+02     5.0225E+00     1.3146E+01     O01         1

 BOND    =        2.4596  ANGLE   =       11.7802  DIHED      =        5.3184
 VDWAALS =        6.4478  EEL     =     -204.3892  EGB        =      -87.5061
 1-4 VDW =        0.5417  1-4 EEL =      -35.5727  RESTRAINT  =        0.0000


   NSTEP       ENERGY          RMS            GMAX         NAME    NUMBER
     10      -3.0295E+02     3.9917E+00     1.0582E+01     O01         1

 BOND    =        2.2805  ANGLE   =       12.0012  DIHED      =        5.3376
 VDWAALS =        5.2014  EEL     =     -203.8282  EGB        =      -87.8187
 1-4 VDW =        0.4687  1-4 EEL =      -36.5919  RESTRAINT  =        0.0000


   NSTEP       ENERGY          RMS            GMAX         NAME    NUMBER
     11      -3.0487E+02     3.1553E+00     7.9306E+00     O01         1

 BOND    =        2.3429  ANGLE   =       12.3214  DIHED      =        5.3652
 VDWAALS =        3.9959  EEL     =     -202.6459  EGB        =      -88.2807
 1-4 VDW =        0.3785  1-4 EEL =      -38.3474  RESTRAINT  =        0.0000


   NSTEP       ENERGY          RMS            GMAX         NAME    NUMBER
     12      -3.0660E+02     3.1625E+00     8.6954E+00     O05         5

 BOND    =        2.7316  ANGLE   =       12.4751  DIHED      =        5.4033
 VDWAALS =        2.9282  EEL     =     -200.6887  EGB        =      -88.7076
 1-4 VDW =        0.2973  1-4 EEL =      -41.0393  RESTRAINT  =        0.0000


   NSTEP       ENERGY          RMS            GMAX         NAME    NUMBER
     13      -3.0451E+02     1.5862E+01     8.4399E+01     C04         4

 BOND    =        5.6175  ANGLE   =       14.6689  DIHED      =        5.4189
 VDWAALS =        2.1774  EEL     =     -199.0116  EGB        =      -90.1571
 1-4 VDW =        0.1495  1-4 EEL =      -43.3702  RESTRAINT  =        0.0000


   NSTEP       ENERGY          RMS            GMAX         NAME    NUMBER
     14      -3.0797E+02     3.0019E+00     1.2776E+01     C04         4

 BOND    =        3.1311  ANGLE   =       12.9836  DIHED      =        5.4429
 VDWAALS =        2.1907  EEL     =     -198.6959  EGB        =      -89.5258
 1-4 VDW =        0.2034  1-4 EEL =      -43.6971  RESTRAINT  =        0.0000


   NSTEP       ENERGY          RMS            GMAX         NAME    NUMBER
     15      -3.0727E+02     9.7169E+00     5.8269E+01     C04         4

 BOND    =        4.4462  ANGLE   =       12.7973  DIHED      =        5.4549
 VDWAALS =        1.9060  EEL     =     -197.4042  EGB        =      -89.0881
 1-4 VDW =        0.2015  1-4 EEL =      -45.5787  RESTRAINT  =        0.0000


   NSTEP       ENERGY          RMS            GMAX         NAME    NUMBER
     16      -3.0860E+02     2.6016E+00     7.0272E+00     C08         8

 BOND    =        3.2574  ANGLE   =       13.0155  DIHED      =        5.4619
 VDWAALS =        1.8494  EEL     =     -197.4425  EGB        =      -89.5452
 1-4 VDW =        0.1786  1-4 EEL =      -45.3750  RESTRAINT  =        0.0000


   NSTEP       ENERGY          RMS            GMAX         NAME    NUMBER
     17      -3.0868E+02     4.7110E+00     2.2512E+01     C04         4

 BOND    =        3.5883  ANGLE   =       13.4251  DIHED      =        5.4683
 VDWAALS =        1.7260  EEL     =     -196.9531  EGB        =      -90.0402
 1-4 VDW =        0.1347  1-4 EEL =      -46.0250  RESTRAINT  =        0.0000


   NSTEP       ENERGY          RMS            GMAX         NAME    NUMBER
     18      -3.0853E+02     7.0044E+00     4.0169E+01     C04         4

 BOND    =        4.0787  ANGLE   =       12.7476  DIHED      =        5.4877
 VDWAALS =        1.6314  EEL     =     -196.4604  EGB        =      -89.5884
 1-4 VDW =        0.1740  1-4 EEL =      -46.6007  RESTRAINT  =        0.0000


   NSTEP       ENERGY          RMS            GMAX         NAME    NUMBER
     19      -3.0920E+02     1.8723E+00     5.4383E+00     C04         4

 BOND    =        3.4486  ANGLE   =       13.1555  DIHED      =        5.4777
 VDWAALS =        1.5869  EEL     =     -196.3654  EGB        =      -89.8510
 1-4 VDW =        0.1430  1-4 EEL =      -46.7929  RESTRAINT  =        0.0000


   NSTEP       ENERGY          RMS            GMAX         NAME    NUMBER
     20      -3.0934E+02     3.3214E+00     1.9109E+01     C04         4

 BOND    =        3.6027  ANGLE   =       13.4148  DIHED      =        5.4908
 VDWAALS =        1.4596  EEL     =     -195.8952  EGB        =      -90.1887
 1-4 VDW =        0.1168  1-4 EEL =      -47.3370  RESTRAINT  =        0.0000


   NSTEP       ENERGY          RMS            GMAX         NAME    NUMBER
     21      -3.0925E+02     5.4821E+00     3.3590E+01     C04         4

 BOND    =        3.9854  ANGLE   =       13.1573  DIHED      =        5.4867
 VDWAALS =        1.4009  EEL     =     -195.4184  EGB        =      -89.8720
 1-4 VDW =        0.1235  1-4 EEL =      -48.1144  RESTRAINT  =        0.0000


   NSTEP       ENERGY          RMS            GMAX         NAME    NUMBER
     22      -3.0964E+02     1.6450E+00     4.3901E+00     HP22       23

 BOND    =        3.6257  ANGLE   =       13.2701  DIHED      =        5.4935
 VDWAALS =        1.3621  EEL     =     -195.3935  EGB        =      -90.0759
 1-4 VDW =        0.1168  1-4 EEL =      -48.0421  RESTRAINT  =        0.0000


   NSTEP       ENERGY          RMS            GMAX         NAME    NUMBER
     23      -3.0978E+02     2.2369E+00     9.6783E+00     C04         4

 BOND    =        3.6668  ANGLE   =       13.5413  DIHED      =        5.4985
 VDWAALS =        1.2675  EEL     =     -195.0274  EGB        =      -90.3169
 1-4 VDW =        0.0955  1-4 EEL =      -48.5005  RESTRAINT  =        0.0000


   NSTEP       ENERGY          RMS            GMAX         NAME    NUMBER
     24      -3.0982E+02     3.3429E+00     1.5719E+01     C04         4

 BOND    =        3.9299  ANGLE   =       13.1947  DIHED      =        5.5065
 VDWAALS =        1.2151  EEL     =     -194.6363  EGB        =      -90.1075
 1-4 VDW =        0.1065  1-4 EEL =      -49.0312  RESTRAINT  =        0.0000


   NSTEP       ENERGY          RMS            GMAX         NAME    NUMBER
     25      -3.0987E+02     3.9302E+00     1.8930E+01     C04         4

 BOND    =        3.8151  ANGLE   =       13.8384  DIHED      =        5.5025
 VDWAALS =        1.1257  EEL     =     -194.4617  EGB        =      -90.5439
 1-4 VDW =        0.0755  1-4 EEL =      -49.2181  RESTRAINT  =        0.0000


   NSTEP       ENERGY          RMS            GMAX         NAME    NUMBER
     26      -3.0985E+02     4.8882E+00     2.1572E+01     C04         4

 BOND    =        4.2370  ANGLE   =       13.1354  DIHED      =        5.5180
 VDWAALS =        1.1180  EEL     =     -194.1036  EGB        =      -90.1377
 1-4 VDW =        0.1000  1-4 EEL =      -49.7144  RESTRAINT  =        0.0000


   NSTEP       ENERGY          RMS            GMAX         NAME    NUMBER
     27      -3.1020E+02     1.3222E+00     4.0829E+00     HP22       23

 BOND    =        3.8399  ANGLE   =       13.4992  DIHED      =        5.5116
 VDWAALS =        1.0737  EEL     =     -194.0523  EGB        =      -90.3821
 1-4 VDW =        0.0818  1-4 EEL =      -49.7727  RESTRAINT  =        0.0000


   NSTEP       ENERGY          RMS            GMAX         NAME    NUMBER
     28      -3.1034E+02     2.0219E+00     1.1199E+01     C04         4

 BOND    =        3.8864  ANGLE   =       13.7025  DIHED      =        5.5177
 VDWAALS =        0.9734  EEL     =     -193.6523  EGB        =      -90.5838
 1-4 VDW =        0.0681  1-4 EEL =      -50.2491  RESTRAINT  =        0.0000


   NSTEP       ENERGY          RMS            GMAX         NAME    NUMBER
     29      -3.1029E+02     4.2127E+00     2.6467E+01     C04         4

 BOND    =        4.2172  ANGLE   =       13.5039  DIHED      =        5.5192
 VDWAALS =        0.9347  EEL     =     -193.2295  EGB        =      -90.3837
 1-4 VDW =        0.0686  1-4 EEL =      -50.9166  RESTRAINT  =        0.0000


   NSTEP       ENERGY          RMS            GMAX         NAME    NUMBER
     30      -3.1052E+02     1.3502E+00     4.1673E+00     C04         4

 BOND    =        3.9880  ANGLE   =       13.6107  DIHED      =        5.5227
 VDWAALS =        0.9051  EEL     =     -193.2119  EGB        =      -90.5370
 1-4 VDW =        0.0647  1-4 EEL =      -50.8598  RESTRAINT  =        0.0000


   NSTEP       ENERGY          RMS            GMAX         NAME    NUMBER
     31      -3.1060E+02     1.7351E+00     8.1980E+00     C04         4

 BOND    =        3.9829  ANGLE   =       13.8321  DIHED      =        5.5244
 VDWAALS =        0.8391  EEL     =     -192.9626  EGB        =      -90.7132
 1-4 VDW =        0.0530  1-4 EEL =      -51.1593  RESTRAINT  =        0.0000


   NSTEP       ENERGY          RMS            GMAX         NAME    NUMBER
     32      -3.1065E+02     2.4517E+00     1.3509E+01     C04         4

 BOND    =        4.1747  ANGLE   =       13.5931  DIHED      =        5.5306
 VDWAALS =        0.8103  EEL     =     -192.6551  EGB        =      -90.5588
 1-4 VDW =        0.0580  1-4 EEL =      -51.6051  RESTRAINT  =        0.0000


   NSTEP       ENERGY          RMS            GMAX         NAME    NUMBER
     33      -3.1069E+02     2.9729E+00     1.7799E+01     C04         4

 BOND    =        4.0802  ANGLE   =       14.0297  DIHED      =        5.5290
 VDWAALS =        0.7424  EEL     =     -192.5248  EGB        =      -90.8835
 1-4 VDW =        0.0413  1-4 EEL =      -51.7024  RESTRAINT  =        0.0000


   NSTEP       ENERGY          RMS            GMAX         NAME    NUMBER
     34      -3.1070E+02     3.6508E+00     2.2952E+01     C04         4

 BOND    =        4.3648  ANGLE   =       13.6039  DIHED      =        5.5355
 VDWAALS =        0.7400  EEL     =     -192.2202  EGB        =      -90.5723
 1-4 VDW =        0.0522  1-4 EEL =      -52.2015  RESTRAINT  =        0.0000


   NSTEP       ENERGY          RMS            GMAX         NAME    NUMBER
     35      -3.1068E+02     4.5157E+00     2.9592E+01     C04         4

 BOND    =        4.2404  ANGLE   =       14.1777  DIHED      =        5.5350
 VDWAALS =        0.6614  EEL     =     -192.1597  EGB        =      -91.0318
 1-4 VDW =        0.0338  1-4 EEL =      -52.1320  RESTRAINT  =        0.0000


   NSTEP       ENERGY          RMS            GMAX         NAME    NUMBER
     36      -3.1096E+02     1.1619E+00     3.9552E+00     C04         4

 BOND    =        4.1368  ANGLE   =       13.9282  DIHED      =        5.5355
 VDWAALS =        0.6684  EEL     =     -192.0136  EGB        =      -90.8420
 1-4 VDW =        0.0379  1-4 EEL =      -52.4115  RESTRAINT  =        0.0000


   NSTEP       ENERGY          RMS            GMAX         NAME    NUMBER
     37      -3.1104E+02     2.1259E+00     1.1116E+01     C04         4

 BOND    =        4.2996  ANGLE   =       13.7973  DIHED      =        5.5449
 VDWAALS =        0.6139  EEL     =     -191.6515  EGB        =      -90.8079
 1-4 VDW =        0.0398  1-4 EEL =      -52.8770  RESTRAINT  =        0.0000


   NSTEP       ENERGY          RMS            GMAX         NAME    NUMBER
     38      -3.1098E+02     3.9783E+00     2.6717E+01     C04         4

 BOND    =        4.3028  ANGLE   =       14.2968  DIHED      =        5.5347
 VDWAALS =        0.5567  EEL     =     -191.4438  EGB        =      -91.0532
 1-4 VDW =        0.0187  1-4 EEL =      -53.1915  RESTRAINT  =        0.0000


   NSTEP       ENERGY          RMS            GMAX         NAME    NUMBER
     39      -3.1118E+02     1.2087E+00     4.1996E+00     C04         4

 BOND    =        4.2292  ANGLE   =       14.0629  DIHED      =        5.5428
 VDWAALS =        0.5539  EEL     =     -191.3895  EGB        =      -90.9756
 1-4 VDW =        0.0271  1-4 EEL =      -53.2258  RESTRAINT  =        0.0000


   NSTEP       ENERGY          RMS            GMAX         NAME    NUMBER
     40      -3.1123E+02     1.6742E+00     6.6735E+00     C04         4

 BOND    =        4.3503  ANGLE   =       13.9219  DIHED      =        5.5494
 VDWAALS =        0.5241  EEL     =     -191.1454  EGB        =      -90.9118
 1-4 VDW =        0.0302  1-4 EEL =      -53.5518  RESTRAINT  =        0.0000


   NSTEP       ENERGY          RMS            GMAX         NAME    NUMBER
     41      -3.1126E+02     2.4035E+00     1.4152E+01     C04         4

 BOND    =        4.2979  ANGLE   =       14.2733  DIHED      =        5.5442
 VDWAALS =        0.4762  EEL     =     -190.9793  EGB        =      -91.1161
 1-4 VDW =        0.0160  1-4 EEL =      -53.7708  RESTRAINT  =        0.0000


   NSTEP       ENERGY          RMS            GMAX         NAME    NUMBER
     42      -3.1127E+02     2.9915E+00     1.8148E+01     C04         4

 BOND    =        4.5005  ANGLE   =       13.8994  DIHED      =        5.5572
 VDWAALS =        0.4668  EEL     =     -190.8068  EGB        =      -90.9463
 1-4 VDW =        0.0293  1-4 EEL =      -53.9742  RESTRAINT  =        0.0000


   NSTEP       ENERGY          RMS            GMAX         NAME    NUMBER
     43      -3.1125E+02     3.9003E+00     2.6790E+01     C04         4

 BOND    =        4.4265  ANGLE   =       14.4003  DIHED      =        5.5440
 VDWAALS =        0.4259  EEL     =     -190.6587  EGB        =      -91.1697
 1-4 VDW =        0.0085  1-4 EEL =      -54.2307  RESTRAINT  =        0.0000


   NSTEP       ENERGY          RMS            GMAX         NAME    NUMBER
     44      -3.1144E+02     1.0223E+00     3.3356E+00     HP22       23

 BOND    =        4.3511  ANGLE   =       14.1846  DIHED      =        5.5525
 VDWAALS =        0.4216  EEL     =     -190.6163  EGB        =      -91.1109
 1-4 VDW =        0.0166  1-4 EEL =      -54.2391  RESTRAINT  =        0.0000


   NSTEP       ENERGY          RMS            GMAX         NAME    NUMBER
     45      -3.1151E+02     1.4410E+00     5.6940E+00     C04         4

 BOND    =        4.4575  ANGLE   =       14.0951  DIHED      =        5.5580
 VDWAALS =        0.3873  EEL     =     -190.3470  EGB        =      -91.0707
 1-4 VDW =        0.0177  1-4 EEL =      -54.6059  RESTRAINT  =        0.0000


   NSTEP       ENERGY          RMS            GMAX         NAME    NUMBER
     46      -3.1152E+02     2.4170E+00     1.1158E+01     C04         4

 BOND    =        4.4152  ANGLE   =       14.4439  DIHED      =        5.5548
 VDWAALS =        0.3366  EEL     =     -190.1748  EGB        =      -91.2965
 1-4 VDW =        0.0051  1-4 EEL =      -54.8068  RESTRAINT  =        0.0000


   NSTEP       ENERGY          RMS            GMAX         NAME    NUMBER
     47      -3.1154E+02     2.7806E+00     1.3362E+01     C04         4

 BOND    =        4.6273  ANGLE   =       14.0401  DIHED      =        5.5656
 VDWAALS =        0.3352  EEL     =     -189.9866  EGB        =      -91.0662
 1-4 VDW =        0.0180  1-4 EEL =      -55.0779  RESTRAINT  =        0.0000


   NSTEP       ENERGY          RMS            GMAX         NAME    NUMBER
     48      -3.1152E+02     3.6346E+00     2.1979E+01     C04         4

 BOND    =        4.5074  ANGLE   =       14.6123  DIHED      =        5.5548
 VDWAALS =        0.2862  EEL     =     -189.8781  EGB        =      -91.3918
 1-4 VDW =       -0.0025  1-4 EEL =      -55.2120  RESTRAINT  =        0.0000


   NSTEP       ENERGY          RMS            GMAX         NAME    NUMBER
     49      -3.1170E+02     9.8705E-01     3.1468E+00     HP22       23

 BOND    =        4.4723  ANGLE   =       14.3335  DIHED      =        5.5627
 VDWAALS =        0.2881  EEL     =     -189.8124  EGB        =      -91.2674
 1-4 VDW =        0.0065  1-4 EEL =      -55.2871  RESTRAINT  =        0.0000


   NSTEP       ENERGY          RMS            GMAX         NAME    NUMBER
     50      -3.1176E+02     1.6417E+00     9.5931E+00     C04         4

 BOND    =        4.5812  ANGLE   =       14.2669  DIHED      =        5.5663
 VDWAALS =        0.2580  EEL     =     -189.5389  EGB        =      -91.2152
 1-4 VDW =        0.0066  1-4 EEL =      -55.6835  RESTRAINT  =        0.0000


   NSTEP       ENERGY          RMS            GMAX         NAME    NUMBER
     51      -3.1175E+02     2.8238E+00     1.7750E+01     C04         4

 BOND    =        4.5642  ANGLE   =       14.5218  DIHED      =        5.5687
 VDWAALS =        0.2127  EEL     =     -189.4354  EGB        =      -91.4484
 1-4 VDW =       -0.0001  1-4 EEL =      -55.7290  RESTRAINT  =        0.0000


   NSTEP       ENERGY          RMS            GMAX         NAME    NUMBER
     52      -3.1051E+02     1.0707E+01     6.8088E+01     C04         4

 BOND    =        6.0286  ANGLE   =       14.2320  DIHED      =        5.5670
 VDWAALS =        0.2214  EEL     =     -188.9488  EGB        =      -90.9520
 1-4 VDW =        0.0061  1-4 EEL =      -56.6606  RESTRAINT  =        0.0000


   NSTEP       ENERGY          RMS            GMAX         NAME    NUMBER
     53      -3.1186E+02     9.4631E-01     3.6209E+00     C04         4

 BOND    =        4.5500  ANGLE   =       14.4100  DIHED      =        5.5680
 VDWAALS =        0.2147  EEL     =     -189.3272  EGB        =      -91.3351
 1-4 VDW =        0.0011  1-4 EEL =      -55.9385  RESTRAINT  =        0.0000


   NSTEP       ENERGY          RMS            GMAX         NAME    NUMBER
     54      -3.1188E+02     8.6402E-01     2.9479E+00     HP22       23

 BOND    =        4.5701  ANGLE   =       14.3904  DIHED      =        5.5698
 VDWAALS =        0.2051  EEL     =     -189.2585  EGB        =      -91.3335
 1-4 VDW =        0.0016  1-4 EEL =      -56.0253  RESTRAINT  =        0.0000


   NSTEP       ENERGY          RMS            GMAX         NAME    NUMBER
     55      -3.1192E+02     2.1002E+00     1.1842E+01     C04         4

 BOND    =        4.7027  ANGLE   =       14.3154  DIHED      =        5.5777
 VDWAALS =        0.1644  EEL     =     -188.9677  EGB        =      -91.3267
 1-4 VDW =        0.0036  1-4 EEL =      -56.3939  RESTRAINT  =        0.0000


   NSTEP       ENERGY          RMS            GMAX         NAME    NUMBER
     56      -3.1206E+02     2.0291E+00     1.1437E+01     C04         4

 BOND    =        4.7584  ANGLE   =       14.4079  DIHED      =        5.5830
 VDWAALS =        0.0988  EEL     =     -188.5458  EGB        =      -91.4134
 1-4 VDW =       -0.0011  1-4 EEL =      -56.9460  RESTRAINT  =        0.0000


   NSTEP       ENERGY          RMS            GMAX         NAME    NUMBER
     57      -3.1308E+02     1.4171E+00     7.7767E+00     C04         4

 BOND    =        5.3113  ANGLE   =       15.4304  DIHED      =        5.6334
 VDWAALS =       -0.4513  EEL     =     -184.6851  EGB        =      -92.2134
 1-4 VDW =       -0.0370  1-4 EEL =      -62.0634  RESTRAINT  =        0.0000


   NSTEP       ENERGY          RMS            GMAX         NAME    NUMBER
     58      -3.1395E+02     1.8338E+00     6.5979E+00     HP22       23

 BOND    =        6.8493  ANGLE   =       18.6496  DIHED      =        5.7519
 VDWAALS =       -1.3558  EEL     =     -176.5336  EGB        =      -93.9539
 1-4 VDW =       -0.0707  1-4 EEL =      -73.2864  RESTRAINT  =        0.0000


   NSTEP       ENERGY          RMS            GMAX         NAME    NUMBER
     59      -2.9983E+02     2.5655E+01     9.1422E+01     NP2         2

 BOND    =       17.6823  ANGLE   =       27.4462  DIHED      =        6.0144
 VDWAALS =       -2.0576  EEL     =     -168.1607  EGB        =      -93.5872
 1-4 VDW =       -0.0889  1-4 EEL =      -87.0826  RESTRAINT  =        0.0000


   NSTEP       ENERGY          RMS            GMAX         NAME    NUMBER
     60      -3.1407E+02     1.4329E+00     5.0265E+00     S10        10

 BOND    =        6.6450  ANGLE   =       19.1379  DIHED      =        5.7724
 VDWAALS =       -1.4299  EEL     =     -175.8243  EGB        =      -93.8917
 1-4 VDW =       -0.0750  1-4 EEL =      -74.4039  RESTRAINT  =        0.0000


   NSTEP       ENERGY          RMS            GMAX         NAME    NUMBER
     61      -3.1417E+02     1.3516E+00     3.9649E+00     S10        10

 BOND    =        6.5338  ANGLE   =       19.3441  DIHED      =        5.7902
 VDWAALS =       -1.4902  EEL     =     -175.5440  EGB        =      -93.9759
 1-4 VDW =       -0.0746  1-4 EEL =      -74.7494  RESTRAINT  =        0.0000


   NSTEP       ENERGY          RMS            GMAX         NAME    NUMBER
     62      -3.1418E+02     1.7847E+00     7.6808E+00     S10        10

 BOND    =        6.5134  ANGLE   =       19.4348  DIHED      =        5.7975
 VDWAALS =       -1.5146  EEL     =     -175.4284  EGB        =      -94.0111
 1-4 VDW =       -0.0745  1-4 EEL =      -74.8925  RESTRAINT  =        0.0000


   NSTEP       ENERGY          RMS            GMAX         NAME    NUMBER
     63      -3.1432E+02     1.5151E+00     3.5378E+00     S10        10

 BOND    =        6.5065  ANGLE   =       19.5512  DIHED      =        5.8119
 VDWAALS =       -1.5928  EEL     =     -175.1815  EGB        =      -94.2850
 1-4 VDW =       -0.0639  1-4 EEL =      -75.0687  RESTRAINT  =        0.0000


   NSTEP       ENERGY          RMS            GMAX         NAME    NUMBER
     64      -3.1435E+02     2.1661E+00     7.1979E+00     S10        10

 BOND    =        6.5511  ANGLE   =       19.6389  DIHED      =        5.8210
 VDWAALS =       -1.6394  EEL     =     -175.0284  EGB        =      -94.4558
 1-4 VDW =       -0.0571  1-4 EEL =      -75.1780  RESTRAINT  =        0.0000


   NSTEP       ENERGY          RMS            GMAX         NAME    NUMBER
     65      -3.1459E+02     1.5988E+00     4.4316E+00     N12        12

 BOND    =        6.6877  ANGLE   =       19.4805  DIHED      =        5.8478
 VDWAALS =       -1.7283  EEL     =     -174.6877  EGB        =      -94.7037
 1-4 VDW =       -0.0241  1-4 EEL =      -75.4629  RESTRAINT  =        0.0000


   NSTEP       ENERGY          RMS            GMAX         NAME    NUMBER
     66      -3.1464E+02     2.2275E+00     6.6369E+00     N12        12

 BOND    =        6.8416  ANGLE   =       19.4244  DIHED      =        5.8659
 VDWAALS =       -1.7832  EEL     =     -174.4628  EGB        =      -94.8704
 1-4 VDW =       -0.0014  1-4 EEL =      -75.6512  RESTRAINT  =        0.0000


   NSTEP       ENERGY          RMS            GMAX         NAME    NUMBER
     67      -3.1502E+02     2.1499E+00     6.1745E+00     N12        12

 BOND    =        6.3922  ANGLE   =       19.5721  DIHED      =        5.9247
 VDWAALS =       -1.8822  EEL     =     -173.5673  EGB        =      -95.2689
 1-4 VDW =        0.0213  1-4 EEL =      -76.2078  RESTRAINT  =        0.0000


   NSTEP       ENERGY          RMS            GMAX         NAME    NUMBER
     68      -3.1505E+02     2.8870E+00     7.8126E+00     C04         4

 BOND    =        6.2773  ANGLE   =       19.6850  DIHED      =        5.9499
 VDWAALS =       -1.9199  EEL     =     -173.1946  EGB        =      -95.4408
 1-4 VDW =        0.0317  1-4 EEL =      -76.4412  RESTRAINT  =        0.0000


   NSTEP       ENERGY          RMS            GMAX         NAME    NUMBER
     69      -3.1524E+02     3.8690E+00     1.9117E+01     C04         4

 BOND    =        5.7089  ANGLE   =       19.8004  DIHED      =        6.0376
 VDWAALS =       -1.9873  EEL     =     -171.7884  EGB        =      -95.7918
 1-4 VDW =        0.0603  1-4 EEL =      -77.2788  RESTRAINT  =        0.0000


   NSTEP       ENERGY          RMS            GMAX         NAME    NUMBER
     70      -3.1532E+02     2.2984E+00     9.6200E+00     C04         4

 BOND    =        5.8193  ANGLE   =       19.6966  DIHED      =        6.0060
 VDWAALS =       -1.9651  EEL     =     -172.2790  EGB        =      -95.6643
 1-4 VDW =        0.0493  1-4 EEL =      -76.9831  RESTRAINT  =        0.0000


   NSTEP       ENERGY          RMS            GMAX         NAME    NUMBER
     71      -3.1552E+02     1.7834E+00     5.6105E+00     S10        10

 BOND    =        5.6844  ANGLE   =       19.7259  DIHED      =        6.0312
 VDWAALS =       -1.9674  EEL     =     -171.7641  EGB        =      -95.9660
 1-4 VDW =        0.0538  1-4 EEL =      -77.3210  RESTRAINT  =        0.0000


   NSTEP       ENERGY          RMS            GMAX         NAME    NUMBER
     72      -3.1553E+02     2.1345E+00     6.4391E+00     O05         5

 BOND    =        5.6780  ANGLE   =       19.7485  DIHED      =        6.0376
 VDWAALS =       -1.9677  EEL     =     -171.6416  EGB        =      -96.0399
 1-4 VDW =        0.0552  1-4 EEL =      -77.4011  RESTRAINT  =        0.0000


   NSTEP       ENERGY          RMS            GMAX         NAME    NUMBER
     73      -3.1580E+02     1.4827E+00     3.9895E+00     C03         3

 BOND    =        5.9761  ANGLE   =       19.5252  DIHED      =        6.0502
 VDWAALS =       -1.9577  EEL     =     -171.4405  EGB        =      -96.4098
 1-4 VDW =        0.0721  1-4 EEL =      -77.6168  RESTRAINT  =        0.0000


   NSTEP       ENERGY          RMS            GMAX         NAME    NUMBER
     74      -3.1587E+02     2.0593E+00     6.9255E+00     C06         6

 BOND    =        6.2907  ANGLE   =       19.4209  DIHED      =        6.0620
 VDWAALS =       -1.9485  EEL     =     -171.2808  EGB        =      -96.7186
 1-4 VDW =        0.0874  1-4 EEL =      -77.7823  RESTRAINT  =        0.0000


   NSTEP       ENERGY          RMS            GMAX         NAME    NUMBER
     75      -3.1615E+02     2.2846E+00     7.3211E+00     C06         6

 BOND    =        6.7224  ANGLE   =       19.2219  DIHED      =        6.0505
 VDWAALS =       -1.9532  EEL     =     -170.8407  EGB        =      -97.6835
 1-4 VDW =        0.1267  1-4 EEL =      -77.7923  RESTRAINT  =        0.0000


   NSTEP       ENERGY          RMS            GMAX         NAME    NUMBER
     76      -3.1619E+02     1.9520E+00     5.9704E+00     C06         6

 BOND    =        6.6700  ANGLE   =       19.2026  DIHED      =        6.0518
 VDWAALS =       -1.9527  EEL     =     -170.8246  EGB        =      -97.6846
 1-4 VDW =        0.1226  1-4 EEL =      -77.7766  RESTRAINT  =        0.0000


   NSTEP       ENERGY          RMS            GMAX         NAME    NUMBER
     77      -3.1624E+02     1.6060E+00     4.4576E+00     C06         6

 BOND    =        6.6120  ANGLE   =       19.1786  DIHED      =        6.0534
 VDWAALS =       -1.9523  EEL     =     -170.8037  EGB        =      -97.6892
 1-4 VDW =        0.1176  1-4 EEL =      -77.7515  RESTRAINT  =        0.0000


   NSTEP       ENERGY          RMS            GMAX         NAME    NUMBER
     78      -3.1628E+02     1.2851E+00     3.1226E+00     N12        12

 BOND    =        6.5480  ANGLE   =       19.1480  DIHED      =        6.0551
 VDWAALS =       -1.9521  EEL     =     -170.7764  EGB        =      -97.7008
 1-4 VDW =        0.1116  1-4 EEL =      -77.7106  RESTRAINT  =        0.0000


   NSTEP       ENERGY          RMS            GMAX         NAME    NUMBER
     79      -3.1632E+02     1.0445E+00     3.1587E+00     H123       25

 BOND    =        6.4778  ANGLE   =       19.1073  DIHED      =        6.0565
 VDWAALS =       -1.9526  EEL     =     -170.7420  EGB        =      -97.7257
 1-4 VDW =        0.1045  1-4 EEL =      -77.6436  RESTRAINT  =        0.0000


   NSTEP       ENERGY          RMS            GMAX         NAME    NUMBER
     80      -3.1542E+02     5.9213E+00     1.8487E+01     C06         6

 BOND    =        5.8620  ANGLE   =       18.7097  DIHED      =        6.0730
 VDWAALS =       -1.9886  EEL     =     -169.8876  EGB        =      -98.7982
 1-4 VDW =       -0.0522  1-4 EEL =      -75.3377  RESTRAINT  =        0.0000


   NSTEP       ENERGY          RMS            GMAX         NAME    NUMBER
     81      -3.1645E+02     1.3578E+00     4.1756E+00     C03         3

 BOND    =        6.1110  ANGLE   =       18.8280  DIHED      =        6.0593
 VDWAALS =       -1.9629  EEL     =     -170.5146  EGB        =      -98.0011
 1-4 VDW =        0.0590  1-4 EEL =      -77.0290  RESTRAINT  =        0.0000


   NSTEP       ENERGY          RMS            GMAX         NAME    NUMBER
     82      -3.1658E+02     1.4246E+00     4.3648E+00     NP2         2

 BOND    =        6.0223  ANGLE   =       18.3770  DIHED      =        6.0335
 VDWAALS =       -1.9931  EEL     =     -170.4601  EGB        =      -98.5040
 1-4 VDW =        0.0215  1-4 EEL =      -76.0808  RESTRAINT  =        0.0000


   NSTEP       ENERGY          RMS            GMAX         NAME    NUMBER
     83      -3.1658E+02     1.4321E+00     4.3950E+00     NP2         2

 BOND    =        6.0222  ANGLE   =       18.3750  DIHED      =        6.0334
 VDWAALS =       -1.9933  EEL     =     -170.4598  EGB        =      -98.5067
 1-4 VDW =        0.0213  1-4 EEL =      -76.0759  RESTRAINT  =        0.0000


   NSTEP       ENERGY          RMS            GMAX         NAME    NUMBER
     84      -3.1675E+02     1.3901E+00     6.0078E+00     C03         3

 BOND    =        6.3629  ANGLE   =       17.5904  DIHED      =        5.9942
 VDWAALS =       -2.0241  EEL     =     -170.5992  EGB        =      -99.0009
 1-4 VDW =       -0.0348  1-4 EEL =      -75.0421  RESTRAINT  =        0.0000


   NSTEP       ENERGY          RMS            GMAX         NAME    NUMBER
     85      -3.1677E+02     1.8203E+00     8.6031E+00     C03         3

 BOND    =        6.5163  ANGLE   =       17.3250  DIHED      =        5.9801
 VDWAALS =       -2.0343  EEL     =     -170.6503  EGB        =      -99.1809
 1-4 VDW =       -0.0542  1-4 EEL =      -74.6683  RESTRAINT  =        0.0000


   NSTEP       ENERGY          RMS            GMAX         NAME    NUMBER
     86      -3.1697E+02     1.5667E+00     4.6780E+00     C04         4

 BOND    =        6.5051  ANGLE   =       16.6625  DIHED      =        5.9271
 VDWAALS =       -2.0672  EEL     =     -170.5993  EGB        =     -100.1547
 1-4 VDW =       -0.1246  1-4 EEL =      -73.1217  RESTRAINT  =        0.0000


   NSTEP       ENERGY          RMS            GMAX         NAME    NUMBER
     87      -3.1698E+02     1.7587E+00     5.6045E+00     C04         4

 BOND    =        6.5131  ANGLE   =       16.5878  DIHED      =        5.9201
 VDWAALS =       -2.0711  EEL     =     -170.5931  EGB        =     -100.2877
 1-4 VDW =       -0.1336  1-4 EEL =      -72.9114  RESTRAINT  =        0.0000


   NSTEP       ENERGY          RMS            GMAX         NAME    NUMBER
     88      -3.1702E+02     3.6458E+00     1.7553E+01     C04         4

 BOND    =        6.6183  ANGLE   =       15.7091  DIHED      =        5.8455
 VDWAALS =       -2.1069  EEL     =     -170.5018  EGB        =     -101.1932
 1-4 VDW =       -0.1916  1-4 EEL =      -71.2025  RESTRAINT  =        0.0000


   NSTEP       ENERGY          RMS            GMAX         NAME    NUMBER
     89      -3.1709E+02     1.9428E+00     7.5876E+00     C04         4

 BOND    =        6.5118  ANGLE   =       16.0624  DIHED      =        5.8772
 VDWAALS =       -2.0926  EEL     =     -170.5400  EGB        =     -100.8022
 1-4 VDW =       -0.1678  1-4 EEL =      -71.9362  RESTRAINT  =        0.0000


   NSTEP       ENERGY          RMS            GMAX         NAME    NUMBER
     90      -3.1722E+02     1.2710E+00     3.0635E+00     H061       15

 BOND    =        6.5634  ANGLE   =       15.4496  DIHED      =        5.8209
 VDWAALS =       -2.1095  EEL     =     -170.4619  EGB        =     -101.2528
 1-4 VDW =       -0.2033  1-4 EEL =      -71.0300  RESTRAINT  =        0.0000


   NSTEP       ENERGY          RMS            GMAX         NAME    NUMBER
     91      -3.1723E+02     1.5130E+00     3.9217E+00     NP2         2

 BOND    =        6.5956  ANGLE   =       15.2984  DIHED      =        5.8062
 VDWAALS =       -2.1134  EEL     =     -170.4418  EGB        =     -101.3737
 1-4 VDW =       -0.2122  1-4 EEL =      -70.7891  RESTRAINT  =        0.0000


   NSTEP       ENERGY          RMS            GMAX         NAME    NUMBER
     92      -3.1735E+02     1.2106E+00     2.8786E+00     S10        10

 BOND    =        6.6307  ANGLE   =       14.6794  DIHED      =        5.7611
 VDWAALS =       -2.1287  EEL     =     -170.5304  EGB        =     -101.7820
 1-4 VDW =       -0.2319  1-4 EEL =      -69.7473  RESTRAINT  =        0.0000


   NSTEP       ENERGY          RMS            GMAX         NAME    NUMBER
     93      -3.1737E+02     1.6900E+00     5.6441E+00     C04         4

 BOND    =        6.6804  ANGLE   =       14.3425  DIHED      =        5.7355
 VDWAALS =       -2.1368  EEL     =     -170.5826  EGB        =     -102.0233
 1-4 VDW =       -0.2427  1-4 EEL =      -69.1409  RESTRAINT  =        0.0000


   NSTEP       ENERGY          RMS            GMAX         NAME    NUMBER
     94      -3.1746E+02     2.1509E+00     8.9709E+00     S10        10

 BOND    =        6.5154  ANGLE   =       13.6400  DIHED      =        5.6491
 VDWAALS =       -2.1674  EEL     =     -170.7317  EGB        =     -102.9535
 1-4 VDW =       -0.2693  1-4 EEL =      -67.1422  RESTRAINT  =        0.0000


   NSTEP       ENERGY          RMS            GMAX         NAME    NUMBER
     95      -3.1747E+02     1.5686E+00     5.4030E+00     S10        10

 BOND    =        6.5336  ANGLE   =       13.8047  DIHED      =        5.6706
 VDWAALS =       -2.1601  EEL     =     -170.6933  EGB        =     -102.7162
 1-4 VDW =       -0.2630  1-4 EEL =      -67.6478  RESTRAINT  =        0.0000


   NSTEP       ENERGY          RMS            GMAX         NAME    NUMBER
     96      -3.1760E+02     1.2074E+00     3.2776E+00     C03         3

 BOND    =        6.2775  ANGLE   =       13.2655  DIHED      =        5.6159
 VDWAALS =       -2.1841  EEL     =     -170.8717  EGB        =     -103.1667
 1-4 VDW =       -0.2740  1-4 EEL =      -66.2576  RESTRAINT  =        0.0000


   NSTEP       ENERGY          RMS            GMAX         NAME    NUMBER
     97      -3.1762E+02     1.6469E+00     4.1982E+00     N12        12

 BOND    =        6.1545  ANGLE   =       12.9594  DIHED      =        5.5832
 VDWAALS =       -2.1979  EEL     =     -170.9836  EGB        =     -103.4464
 1-4 VDW =       -0.2799  1-4 EEL =      -65.4052  RESTRAINT  =        0.0000


   NSTEP       ENERGY          RMS            GMAX         NAME    NUMBER
     98      -3.1776E+02     1.8441E+00     9.0538E+00     C04         4

 BOND    =        5.8396  ANGLE   =       12.0174  DIHED      =        5.4933
 VDWAALS =       -2.2377  EEL     =     -171.4649  EGB        =     -104.1265
 1-4 VDW =       -0.2997  1-4 EEL =      -62.9766  RESTRAINT  =        0.0000


   NSTEP       ENERGY          RMS            GMAX         NAME    NUMBER
     99      -3.1776E+02     1.7805E+00     8.7130E+00     C04         4

 BOND    =        5.8479  ANGLE   =       12.0489  DIHED      =        5.4964
 VDWAALS =       -2.2363  EEL     =     -171.4473  EGB        =     -104.1017
 1-4 VDW =       -0.2990  1-4 EEL =      -63.0641  RESTRAINT  =        0.0000


   NSTEP       ENERGY          RMS            GMAX         NAME    NUMBER
    100      -3.1789E+02     1.9405E+00     6.5094E+00     C04         4

 BOND    =        5.6658  ANGLE   =       11.0434  DIHED      =        5.3993
 VDWAALS =       -2.2819  EEL     =     -171.9863  EGB        =     -105.1405
 1-4 VDW =       -0.3094  1-4 EEL =      -60.2818  RESTRAINT  =        0.0000


  Maximum number of minimization cycles reached.


                    FINAL RESULTS



   NSTEP       ENERGY          RMS            GMAX         NAME    NUMBER
    100      -3.1789E+02     1.9405E+00     6.5094E+00     C04         4

 BOND    =        5.6658  ANGLE   =       11.0434  DIHED      =        5.3993
 VDWAALS =       -2.2819  EEL     =     -171.9863  EGB        =     -105.1405
 1-4 VDW =       -0.3094  1-4 EEL =      -60.2818  RESTRAINT  =        0.0000

--------------------------------------------------------------------------------
   5.  TIMINGS
--------------------------------------------------------------------------------

|    Read coords time           0.00 ( 1.06% of Total)
|                Calc gb radii              0.01 (32.45% of Gen B)
|                Calc gb diag               0.01 (42.00% of Gen B)
|                Calc gb off-diag           0.01 (25.09% of Gen B)
|                Other                      0.00 ( 0.46% of Gen B)
|             Gen Born time              0.03 (100.0% of Nonbo)
|             IPS excludes               0.00 ( 0.08% of Nonbo)
|          Nonbond force              0.03 (84.07% of Force)
|          Bond/Angle/Dihedral        0.01 (14.63% of Force)
|          Other                      0.00 ( 1.30% of Force)
|       Force time                 0.04 (100.0% of Runmd)
|    Runmd Time                 0.04 (13.98% of Total)
|    Other                      0.24 (84.96% of Total)
| Total time                 0.28 (100.0% of ALL  )

| Number of list builds   :          0

| Highest rstack allocated:          0
| Highest istack allocated:          0
|           Job began  at 22:27:10.960  on 12/05/2014
|           Setup done at 22:27:10.971  on 12/05/2014
|           Run   done at 22:27:11.237  on 12/05/2014
|     wallclock() was called    1828 times
