
          -------------------------------------------------------
          Amber 14 SANDER                              2014
          -------------------------------------------------------

| Run on 02/04/2016 at 23:33:26

|   Executable path: sander
| Working directory: /gpfs/gpfs/project1/dacase-001/haichit/phenix_amber/run_amber_library/amber_library/s
|          Hostname: e1c056

  [-O]verwriting output

File Assignments:
|  MDIN: STE_sander.in                                                         
| MDOUT: STE.min_igb.out                                                       
|INPCRD: STE.rst7                                                              
|  PARM: STE.prmtop                                                            
|RESTRT: STE.min_igb.rst7                                                      
|  REFC: refc                                                                  
| MDVEL: mdvel                                                                 
| MDFRC: mdfrc                                                                 
|  MDEN: mden                                                                  
| MDCRD: mdcrd                                                                 
|MDINFO: mdinfo                                                                
|  MTMD: mtmd                                                                  
|INPDIP: inpdip                                                                
|RSTDIP: rstdip                                                                
|INPTRA: inptraj                                                               


 Here is the input file:

  short minimization                                                           
 &cntrl                                                                        
   imin=1, maxcyc=100, ncyc=50, ntpr=1, cut=99., ntb=0, igb=2                  
 /                                                                             

--------------------------------------------------------------------------------
   1.  RESOURCE   USE: 
--------------------------------------------------------------------------------

| Flags:                                                                        
| New format PARM file being parsed.
| Version =    1.000 Date = 02/04/16 Time = 23:33:26
 NATOM  =      55 NTYPES =       4 NBONH =      35 MBONA  =      19
 NTHETH =      86 MTHETA =      19 NPHIH =     141 MPHIA  =      46
 NHPARM =       0 NPARM  =       0 NNB   =     310 NRES   =       1
 NBONA  =      19 NTHETA =      19 NPHIA =      46 NUMBND =       4
 NUMANG =       7 NPTRA  =      11 NATYP =       4 NPHB   =       0
 IFBOX  =       0 NMXRS  =      55 IFCAP =       0 NEXTRA =       0
 NCOPY  =       0

 Implicit solvent radii are modified Bondi radii (mbondi)                                                   

|     Memory Use     Allocated
|     Real                7842
|     Hollerith            168
|     Integer            22818
|     Max Pairs              1
|     nblistReal             0
|     nblist Int             0
|       Total              151 kbytes

| Note: 1-4 EEL scale factors are being read from the topology file.

| Note: 1-4 VDW scale factors are being read from the topology file.
| Duplicated    0 dihedrals
| Duplicated    0 dihedrals

--------------------------------------------------------------------------------
   2.  CONTROL  DATA  FOR  THE  RUN
--------------------------------------------------------------------------------

STE                                                                             

General flags:
     imin    =       1, nmropt  =       0

Nature and format of input:
     ntx     =       1, irest   =       0, ntrx    =       1

Nature and format of output:
     ntxo    =       1, ntpr    =       1, ntrx    =       1, ntwr    =       1
     iwrap   =       0, ntwx    =       0, ntwv    =       0, ntwe    =       0
     ioutfm  =       0, ntwprt  =       0, idecomp =       0, rbornstat=      0

Potential function:
     ntf     =       1, ntb     =       0, igb     =       2, nsnb    =      25
     ipol    =       0, gbsa    =       0, iesp    =       0
     dielc   =   1.00000, cut     =  99.00000, intdiel =   1.00000
     saltcon =   0.00000, offset  =   0.09000, gbalpha=    0.80000
     gbbeta  =   0.00000, gbgamma =   2.90912, surften =   0.00500
     rdt     =   0.00000, rgbmax  =  25.00000  extdiel =  78.50000
     alpb  =        0

Frozen or restrained atoms:
     ibelly  =       0, ntr     =       0

Energy minimization:
     maxcyc  =     100, ncyc    =      50, ntmin   =       1
     dx0     =   0.01000, drms    =   0.00010
|  INFO: Old style inpcrd file read


--------------------------------------------------------------------------------
   3.  ATOMIC COORDINATES AND VELOCITIES
--------------------------------------------------------------------------------

STE                                                                             
 begin time read from input coords =     0.000 ps

 Number of triangulated 3-point waters found:        0

--------------------------------------------------------------------------------
   4.  RESULTS
--------------------------------------------------------------------------------



   NSTEP       ENERGY          RMS            GMAX         NAME    NUMBER
      1      -5.4535E+01     1.4908E+01     3.7957E+01     C17        19

 BOND    =       12.6353  ANGLE   =        2.2692  DIHED      =        9.3033
 VDWAALS =       -2.5748  EEL     =       -4.4957  EGB        =      -82.5903
 1-4 VDW =        6.9295  1-4 EEL =        3.9884  RESTRAINT  =        0.0000


   NSTEP       ENERGY          RMS            GMAX         NAME    NUMBER
      2      -5.6686E+01     1.3013E+01     3.4186E+01     O1          2

 BOND    =       10.3751  ANGLE   =        2.2614  DIHED      =        9.2910
 VDWAALS =       -2.5778  EEL     =       -4.4981  EGB        =      -82.5071
 1-4 VDW =        6.9840  1-4 EEL =        3.9853  RESTRAINT  =        0.0000


   NSTEP       ENERGY          RMS            GMAX         NAME    NUMBER
      3      -5.8886E+01     1.0793E+01     3.0028E+01     O1          2

 BOND    =        7.9707  ANGLE   =        2.3323  DIHED      =        9.2781
 VDWAALS =       -2.5821  EEL     =       -4.5006  EGB        =      -82.4153
 1-4 VDW =        7.0492  1-4 EEL =        3.9816  RESTRAINT  =        0.0000


   NSTEP       ENERGY          RMS            GMAX         NAME    NUMBER
      4      -6.0994E+01     8.2443E+00     2.5001E+01     O1          2

 BOND    =        5.5282  ANGLE   =        2.5197  DIHED      =        9.2653
 VDWAALS =       -2.5886  EEL     =       -4.5026  EGB        =      -82.3199
 1-4 VDW =        7.1265  1-4 EEL =        3.9772  RESTRAINT  =        0.0000


   NSTEP       ENERGY          RMS            GMAX         NAME    NUMBER
      5      -6.2805E+01     5.4714E+00     1.8906E+01     O1          2

 BOND    =        3.2336  ANGLE   =        2.8564  DIHED      =        9.2535
 VDWAALS =       -2.5993  EEL     =       -4.5032  EGB        =      -82.2352
 1-4 VDW =        7.2168  1-4 EEL =        3.9723  RESTRAINT  =        0.0000


   NSTEP       ENERGY          RMS            GMAX         NAME    NUMBER
      6      -6.4097E+01     3.0314E+00     1.1590E+01     O1          2

 BOND    =        1.3956  ANGLE   =        3.3059  DIHED      =        9.2441
 VDWAALS =       -2.6190  EEL     =       -4.4989  EGB        =      -82.2061
 1-4 VDW =        7.3146  1-4 EEL =        3.9667  RESTRAINT  =        0.0000


   NSTEP       ENERGY          RMS            GMAX         NAME    NUMBER
      7      -6.4937E+01     1.8210E+00     8.4844E+00     O1          2

 BOND    =        0.5104  ANGLE   =        3.4886  DIHED      =        9.2397
 VDWAALS =       -2.6590  EEL     =       -4.4787  EGB        =      -82.3759
 1-4 VDW =        7.3776  1-4 EEL =        3.9607  RESTRAINT  =        0.0000


   NSTEP       ENERGY          RMS            GMAX         NAME    NUMBER
      8      -6.5397E+01     1.6143E+00     5.8866E+00     C1          1

 BOND    =        0.7750  ANGLE   =        3.1792  DIHED      =        9.2460
 VDWAALS =       -2.7178  EEL     =       -4.4329  EGB        =      -82.7295
 1-4 VDW =        7.3387  1-4 EEL =        3.9438  RESTRAINT  =        0.0000


   NSTEP       ENERGY          RMS            GMAX         NAME    NUMBER
      9      -6.4810E+01     4.8876E+00     1.4557E+01     C5          7

 BOND    =        0.2737  ANGLE   =        4.1487  DIHED      =        9.2146
 VDWAALS =       -2.7551  EEL     =       -4.4001  EGB        =      -82.6305
 1-4 VDW =        7.4476  1-4 EEL =        3.8910  RESTRAINT  =        0.0000


   NSTEP       ENERGY          RMS            GMAX         NAME    NUMBER
     10      -6.5659E+01     1.3713E+00     4.2192E+00     O1          2

 BOND    =        0.3124  ANGLE   =        3.4974  DIHED      =        9.2276
 VDWAALS =       -2.7619  EEL     =       -4.3915  EGB        =      -82.7765
 1-4 VDW =        7.3359  1-4 EEL =        3.8974  RESTRAINT  =        0.0000


   NSTEP       ENERGY          RMS            GMAX         NAME    NUMBER
     11      -6.5559E+01     2.6985E+00     8.2592E+00     C17        19

 BOND    =        1.0710  ANGLE   =        3.0869  DIHED      =        9.2465
 VDWAALS =       -2.7822  EEL     =       -4.3697  EGB        =      -82.8894
 1-4 VDW =        7.1871  1-4 EEL =        3.8911  RESTRAINT  =        0.0000


   NSTEP       ENERGY          RMS            GMAX         NAME    NUMBER
     12      -6.5832E+01     7.8379E-01     3.6573E+00     O1          2

 BOND    =        0.5375  ANGLE   =        3.2828  DIHED      =        9.2328
 VDWAALS =       -2.7852  EEL     =       -4.3657  EGB        =      -82.8497
 1-4 VDW =        7.2338  1-4 EEL =        3.8812  RESTRAINT  =        0.0000


   NSTEP       ENERGY          RMS            GMAX         NAME    NUMBER
     13      -6.5884E+01     1.2806E+00     3.7973E+00     C16        18

 BOND    =        0.3020  ANGLE   =        3.5148  DIHED      =        9.2222
 VDWAALS =       -2.8003  EEL     =       -4.3483  EGB        =      -82.8636
 1-4 VDW =        7.2291  1-4 EEL =        3.8599  RESTRAINT  =        0.0000


   NSTEP       ENERGY          RMS            GMAX         NAME    NUMBER
     14      -6.5887E+01     1.7883E+00     5.3198E+00     C17        19

 BOND    =        0.7646  ANGLE   =        3.1766  DIHED      =        9.2370
 VDWAALS =       -2.8112  EEL     =       -4.3376  EGB        =      -82.9050
 1-4 VDW =        7.1289  1-4 EEL =        3.8597  RESTRAINT  =        0.0000


   NSTEP       ENERGY          RMS            GMAX         NAME    NUMBER
     15      -6.5895E+01     2.1206E+00     6.8493E+00     C1          1

 BOND    =        0.2576  ANGLE   =        3.6336  DIHED      =        9.2156
 VDWAALS =       -2.8179  EEL     =       -4.3290  EGB        =      -82.8865
 1-4 VDW =        7.1938  1-4 EEL =        3.8383  RESTRAINT  =        0.0000


   NSTEP       ENERGY          RMS            GMAX         NAME    NUMBER
     16      -6.5816E+01     3.0142E+00     1.5768E+01     C1          1

 BOND    =        0.9490  ANGLE   =        3.1678  DIHED      =        9.2405
 VDWAALS =       -2.8261  EEL     =       -4.3199  EGB        =      -82.9482
 1-4 VDW =        7.0704  1-4 EEL =        3.8502  RESTRAINT  =        0.0000


   NSTEP       ENERGY          RMS            GMAX         NAME    NUMBER
     17      -6.6092E+01     8.4157E-01     3.0200E+00     C1          1

 BOND    =        0.5139  ANGLE   =        3.2980  DIHED      =        9.2278
 VDWAALS =       -2.8284  EEL     =       -4.3195  EGB        =      -82.9209
 1-4 VDW =        7.1004  1-4 EEL =        3.8371  RESTRAINT  =        0.0000


   NSTEP       ENERGY          RMS            GMAX         NAME    NUMBER
     18      -6.6053E+01     2.1108E+00     1.2601E+01     C1          1

 BOND    =        0.3172  ANGLE   =        3.5499  DIHED      =        9.2188
 VDWAALS =       -2.8374  EEL     =       -4.3056  EGB        =      -82.9400
 1-4 VDW =        7.1166  1-4 EEL =        3.8276  RESTRAINT  =        0.0000


   NSTEP       ENERGY          RMS            GMAX         NAME    NUMBER
     19      -6.6178E+01     6.5281E-01     2.8043E+00     O1          2

 BOND    =        0.3558  ANGLE   =        3.4182  DIHED      =        9.2217
 VDWAALS =       -2.8397  EEL     =       -4.3063  EGB        =      -82.9371
 1-4 VDW =        7.0856  1-4 EEL =        3.8239  RESTRAINT  =        0.0000


   NSTEP       ENERGY          RMS            GMAX         NAME    NUMBER
     20      -6.6217E+01     8.0811E-01     2.7780E+00     O1          2

 BOND    =        0.5065  ANGLE   =        3.2923  DIHED      =        9.2275
 VDWAALS =       -2.8469  EEL     =       -4.3000  EGB        =      -82.9521
 1-4 VDW =        7.0345  1-4 EEL =        3.8211  RESTRAINT  =        0.0000


   NSTEP       ENERGY          RMS            GMAX         NAME    NUMBER
     21      -6.6243E+01     1.0959E+00     3.0980E+00     C5          7

 BOND    =        0.2963  ANGLE   =        3.4794  DIHED      =        9.2177
 VDWAALS =       -2.8527  EEL     =       -4.2935  EGB        =      -82.9505
 1-4 VDW =        7.0509  1-4 EEL =        3.8097  RESTRAINT  =        0.0000


   NSTEP       ENERGY          RMS            GMAX         NAME    NUMBER
     22      -6.6252E+01     1.4902E+00     7.4298E+00     C1          1

 BOND    =        0.5897  ANGLE   =        3.2542  DIHED      =        9.2303
 VDWAALS =       -2.8583  EEL     =       -4.2883  EGB        =      -82.9763
 1-4 VDW =        6.9824  1-4 EEL =        3.8139  RESTRAINT  =        0.0000


   NSTEP       ENERGY          RMS            GMAX         NAME    NUMBER
     23      -6.6228E+01     2.1785E+00     1.4534E+01     C1          1

 BOND    =        0.3698  ANGLE   =        3.4761  DIHED      =        9.2158
 VDWAALS =       -2.8624  EEL     =       -4.2864  EGB        =      -82.9515
 1-4 VDW =        7.0133  1-4 EEL =        3.7978  RESTRAINT  =        0.0000


   NSTEP       ENERGY          RMS            GMAX         NAME    NUMBER
     24      -6.6354E+01     5.8000E-01     2.5033E+00     O1          2

 BOND    =        0.3446  ANGLE   =        3.3992  DIHED      =        9.2207
 VDWAALS =       -2.8637  EEL     =       -4.2832  EGB        =      -82.9701
 1-4 VDW =        6.9950  1-4 EEL =        3.8031  RESTRAINT  =        0.0000


   NSTEP       ENERGY          RMS            GMAX         NAME    NUMBER
     25      -6.6391E+01     8.2570E-01     2.3830E+00     O1          2

 BOND    =        0.4905  ANGLE   =        3.2807  DIHED      =        9.2264
 VDWAALS =       -2.8704  EEL     =       -4.2785  EGB        =      -82.9822
 1-4 VDW =        6.9430  1-4 EEL =        3.7998  RESTRAINT  =        0.0000


   NSTEP       ENERGY          RMS            GMAX         NAME    NUMBER
     26      -6.6403E+01     1.2428E+00     4.9087E+00     C1          1

 BOND    =        0.2694  ANGLE   =        3.4761  DIHED      =        9.2169
 VDWAALS =       -2.8747  EEL     =       -4.2722  EGB        =      -82.9801
 1-4 VDW =        6.9679  1-4 EEL =        3.7936  RESTRAINT  =        0.0000


   NSTEP       ENERGY          RMS            GMAX         NAME    NUMBER
     27      -6.6401E+01     1.7162E+00     1.0178E+01     C1          1

 BOND    =        0.5831  ANGLE   =        3.2470  DIHED      =        9.2275
 VDWAALS =       -2.8796  EEL     =       -4.2723  EGB        =      -82.9934
 1-4 VDW =        6.8958  1-4 EEL =        3.7909  RESTRAINT  =        0.0000


   NSTEP       ENERGY          RMS            GMAX         NAME    NUMBER
     28      -6.6486E+01     5.5409E-01     2.3190E+00     O1          2

 BOND    =        0.4129  ANGLE   =        3.3160  DIHED      =        9.2239
 VDWAALS =       -2.8804  EEL     =       -4.2692  EGB        =      -82.9934
 1-4 VDW =        6.9121  1-4 EEL =        3.7919  RESTRAINT  =        0.0000


   NSTEP       ENERGY          RMS            GMAX         NAME    NUMBER
     29      -6.6515E+01     8.4971E-01     4.2777E+00     C1          1

 BOND    =        0.3232  ANGLE   =        3.3894  DIHED      =        9.2189
 VDWAALS =       -2.8852  EEL     =       -4.2657  EGB        =      -82.9891
 1-4 VDW =        6.9087  1-4 EEL =        3.7847  RESTRAINT  =        0.0000


   NSTEP       ENERGY          RMS            GMAX         NAME    NUMBER
     30      -6.6512E+01     1.4607E+00     1.0227E+01     C1          1

 BOND    =        0.4674  ANGLE   =        3.2967  DIHED      =        9.2259
 VDWAALS =       -2.8888  EEL     =       -4.2612  EGB        =      -83.0127
 1-4 VDW =        6.8717  1-4 EEL =        3.7890  RESTRAINT  =        0.0000


   NSTEP       ENERGY          RMS            GMAX         NAME    NUMBER
     31      -6.6569E+01     4.8395E-01     2.1798E+00     O1          2

 BOND    =        0.3912  ANGLE   =        3.3143  DIHED      =        9.2232
 VDWAALS =       -2.8900  EEL     =       -4.2617  EGB        =      -83.0028
 1-4 VDW =        6.8724  1-4 EEL =        3.7846  RESTRAINT  =        0.0000


   NSTEP       ENERGY          RMS            GMAX         NAME    NUMBER
     32      -6.6600E+01     5.1281E-01     2.1253E+00     O1          2

 BOND    =        0.3314  ANGLE   =        3.3547  DIHED      =        9.2203
 VDWAALS =       -2.8935  EEL     =       -4.2589  EGB        =      -83.0011
 1-4 VDW =        6.8668  1-4 EEL =        3.7805  RESTRAINT  =        0.0000


   NSTEP       ENERGY          RMS            GMAX         NAME    NUMBER
     33      -6.6629E+01     6.8532E-01     3.3106E+00     C1          1

 BOND    =        0.4070  ANGLE   =        3.2935  DIHED      =        9.2243
 VDWAALS =       -2.8977  EEL     =       -4.2555  EGB        =      -83.0158
 1-4 VDW =        6.8342  1-4 EEL =        3.7807  RESTRAINT  =        0.0000


   NSTEP       ENERGY          RMS            GMAX         NAME    NUMBER
     34      -6.6637E+01     1.1896E+00     7.7308E+00     C1          1

 BOND    =        0.3279  ANGLE   =        3.3609  DIHED      =        9.2184
 VDWAALS =       -2.9012  EEL     =       -4.2545  EGB        =      -82.9979
 1-4 VDW =        6.8359  1-4 EEL =        3.7732  RESTRAINT  =        0.0000


   NSTEP       ENERGY          RMS            GMAX         NAME    NUMBER
     35      -6.6637E+01     1.5494E+00     1.1499E+01     C1          1

 BOND    =        0.4207  ANGLE   =        3.3099  DIHED      =        9.2242
 VDWAALS =       -2.9034  EEL     =       -4.2500  EGB        =      -83.0296
 1-4 VDW =        6.8121  1-4 EEL =        3.7793  RESTRAINT  =        0.0000


   NSTEP       ENERGY          RMS            GMAX         NAME    NUMBER
     36      -6.6698E+01     4.4687E-01     2.0114E+00     O1          2

 BOND    =        0.3611  ANGLE   =        3.3077  DIHED      =        9.2224
 VDWAALS =       -2.9044  EEL     =       -4.2510  EGB        =      -83.0177
 1-4 VDW =        6.8089  1-4 EEL =        3.7752  RESTRAINT  =        0.0000


   NSTEP       ENERGY          RMS            GMAX         NAME    NUMBER
     37      -6.6729E+01     5.2385E-01     1.9665E+00     O1          2

 BOND    =        0.3290  ANGLE   =        3.3217  DIHED      =        9.2206
 VDWAALS =       -2.9080  EEL     =       -4.2490  EGB        =      -83.0124
 1-4 VDW =        6.7973  1-4 EEL =        3.7716  RESTRAINT  =        0.0000


   NSTEP       ENERGY          RMS            GMAX         NAME    NUMBER
     38      -6.6748E+01     9.4829E-01     6.4997E+00     C1          1

 BOND    =        0.3802  ANGLE   =        3.2948  DIHED      =        9.2236
 VDWAALS =       -2.9117  EEL     =       -4.2452  EGB        =      -83.0346
 1-4 VDW =        6.7722  1-4 EEL =        3.7731  RESTRAINT  =        0.0000


   NSTEP       ENERGY          RMS            GMAX         NAME    NUMBER
     39      -6.6743E+01     1.4189E+00     1.0203E+01     C1          1

 BOND    =        0.3652  ANGLE   =        3.3080  DIHED      =        9.2198
 VDWAALS =       -2.9142  EEL     =       -4.2465  EGB        =      -83.0081
 1-4 VDW =        6.7666  1-4 EEL =        3.7659  RESTRAINT  =        0.0000


   NSTEP       ENERGY          RMS            GMAX         NAME    NUMBER
     40      -6.6794E+01     4.4959E-01     1.9057E+00     O1          2

 BOND    =        0.3292  ANGLE   =        3.3043  DIHED      =        9.2211
 VDWAALS =       -2.9148  EEL     =       -4.2446  EGB        =      -83.0205
 1-4 VDW =        6.7629  1-4 EEL =        3.7685  RESTRAINT  =        0.0000


   NSTEP       ENERGY          RMS            GMAX         NAME    NUMBER
     41      -6.6819E+01     5.6027E-01     3.0335E+00     C1          1

 BOND    =        0.3437  ANGLE   =        3.2936  DIHED      =        9.2223
 VDWAALS =       -2.9176  EEL     =       -4.2420  EGB        =      -83.0329
 1-4 VDW =        6.7458  1-4 EEL =        3.7686  RESTRAINT  =        0.0000


   NSTEP       ENERGY          RMS            GMAX         NAME    NUMBER
     42      -6.6832E+01     9.2318E-01     6.1607E+00     C1          1

 BOND    =        0.3388  ANGLE   =        3.2917  DIHED      =        9.2205
 VDWAALS =       -2.9205  EEL     =       -4.2420  EGB        =      -83.0185
 1-4 VDW =        6.7343  1-4 EEL =        3.7641  RESTRAINT  =        0.0000


   NSTEP       ENERGY          RMS            GMAX         NAME    NUMBER
     43      -6.6838E+01     1.1788E+00     8.7162E+00     C1          1

 BOND    =        0.3527  ANGLE   =        3.2961  DIHED      =        9.2225
 VDWAALS =       -2.9222  EEL     =       -4.2384  EGB        =      -83.0413
 1-4 VDW =        6.7250  1-4 EEL =        3.7680  RESTRAINT  =        0.0000


   NSTEP       ENERGY          RMS            GMAX         NAME    NUMBER
     44      -6.6842E+01     1.3891E+00     1.0095E+01     C1          1

 BOND    =        0.3685  ANGLE   =        3.2818  DIHED      =        9.2206
 VDWAALS =       -2.9243  EEL     =       -4.2404  EGB        =      -83.0224
 1-4 VDW =        6.7128  1-4 EEL =        3.7614  RESTRAINT  =        0.0000


   NSTEP       ENERGY          RMS            GMAX         NAME    NUMBER
     45      -6.6837E+01     1.6992E+00     1.2964E+01     C1          1

 BOND    =        0.3736  ANGLE   =        3.2970  DIHED      =        9.2226
 VDWAALS =       -2.9256  EEL     =       -4.2358  EGB        =      -83.0450
 1-4 VDW =        6.7088  1-4 EEL =        3.7676  RESTRAINT  =        0.0000


   NSTEP       ENERGY          RMS            GMAX         NAME    NUMBER
     46      -6.6908E+01     4.2638E-01     1.8129E+00     O1          2

 BOND    =        0.3219  ANGLE   =        3.2818  DIHED      =        9.2216
 VDWAALS =       -2.9266  EEL     =       -4.2372  EGB        =      -83.0357
 1-4 VDW =        6.7022  1-4 EEL =        3.7637  RESTRAINT  =        0.0000


   NSTEP       ENERGY          RMS            GMAX         NAME    NUMBER
     47      -6.6937E+01     6.1390E-01     3.4202E+00     C1          1

 BOND    =        0.3241  ANGLE   =        3.2717  DIHED      =        9.2211
 VDWAALS =       -2.9301  EEL     =       -4.2360  EGB        =      -83.0326
 1-4 VDW =        6.6836  1-4 EEL =        3.7608  RESTRAINT  =        0.0000


   NSTEP       ENERGY          RMS            GMAX         NAME    NUMBER
     48      -6.6934E+01     1.2973E+00     9.7527E+00     C1          1

 BOND    =        0.3417  ANGLE   =        3.2805  DIHED      =        9.2222
 VDWAALS =       -2.9327  EEL     =       -4.2325  EGB        =      -83.0490
 1-4 VDW =        6.6720  1-4 EEL =        3.7637  RESTRAINT  =        0.0000


   NSTEP       ENERGY          RMS            GMAX         NAME    NUMBER
     49      -6.6976E+01     4.3078E-01     1.7912E+00     C1          1

 BOND    =        0.3135  ANGLE   =        3.2698  DIHED      =        9.2215
 VDWAALS =       -2.9335  EEL     =       -4.2334  EGB        =      -83.0416
 1-4 VDW =        6.6666  1-4 EEL =        3.7610  RESTRAINT  =        0.0000


   NSTEP       ENERGY          RMS            GMAX         NAME    NUMBER
     50      -6.6997E+01     5.3127E-01     2.5747E+00     C1          1

 BOND    =        0.3145  ANGLE   =        3.2615  DIHED      =        9.2211
 VDWAALS =       -2.9359  EEL     =       -4.2329  EGB        =      -83.0379
 1-4 VDW =        6.6537  1-4 EEL =        3.7588  RESTRAINT  =        0.0000


   NSTEP       ENERGY          RMS            GMAX         NAME    NUMBER
     51      -6.7010E+01     8.2471E-01     5.8082E+00     C1          1

 BOND    =        0.3157  ANGLE   =        3.2656  DIHED      =        9.2218
 VDWAALS =       -2.9379  EEL     =       -4.2304  EGB        =      -83.0490
 1-4 VDW =        6.6437  1-4 EEL =        3.7605  RESTRAINT  =        0.0000


   NSTEP       ENERGY          RMS            GMAX         NAME    NUMBER
     52      -5.6051E+01     2.1689E+01     1.6891E+02     C1          1

 BOND    =       10.5647  ANGLE   =        4.1799  DIHED      =        9.2101
 VDWAALS =       -2.9634  EEL     =       -4.2463  EGB        =      -82.9896
 1-4 VDW =        6.4929  1-4 EEL =        3.7006  RESTRAINT  =        0.0000


   NSTEP       ENERGY          RMS            GMAX         NAME    NUMBER
     53      -6.7031E+01     4.4509E-01     1.6396E+00     O1          2

 BOND    =        0.3085  ANGLE   =        3.2572  DIHED      =        9.2212
 VDWAALS =       -2.9390  EEL     =       -4.2310  EGB        =      -83.0427
 1-4 VDW =        6.6370  1-4 EEL =        3.7580  RESTRAINT  =        0.0000


   NSTEP       ENERGY          RMS            GMAX         NAME    NUMBER
     54      -6.7043E+01     4.4370E-01     1.6377E+00     O1          2

 BOND    =        0.3067  ANGLE   =        3.2544  DIHED      =        9.2211
 VDWAALS =       -2.9402  EEL     =       -4.2305  EGB        =      -83.0430
 1-4 VDW =        6.6305  1-4 EEL =        3.7576  RESTRAINT  =        0.0000


   NSTEP       ENERGY          RMS            GMAX         NAME    NUMBER
     55      -6.7157E+01     4.3474E-01     1.6215E+00     O1          2

 BOND    =        0.2908  ANGLE   =        3.2287  DIHED      =        9.2209
 VDWAALS =       -2.9514  EEL     =       -4.2252  EGB        =      -83.0450
 1-4 VDW =        6.5708  1-4 EEL =        3.7536  RESTRAINT  =        0.0000


   NSTEP       ENERGY          RMS            GMAX         NAME    NUMBER
     56      -6.8107E+01     6.0792E-01     4.4618E+00     C1          1

 BOND    =        0.2093  ANGLE   =        3.0345  DIHED      =        9.2226
 VDWAALS =       -3.0497  EEL     =       -4.1730  EGB        =      -83.0636
 1-4 VDW =        5.9976  1-4 EEL =        3.7151  RESTRAINT  =        0.0000


   NSTEP       ENERGY          RMS            GMAX         NAME    NUMBER
     57      -6.9048E+01     1.3844E+00     1.1356E+01     C1          1

 BOND    =        0.6049  ANGLE   =        3.0380  DIHED      =        9.2585
 VDWAALS =       -3.2058  EEL     =       -4.0532  EGB        =      -83.0974
 1-4 VDW =        4.7769  1-4 EEL =        3.6301  RESTRAINT  =        0.0000


   NSTEP       ENERGY          RMS            GMAX         NAME    NUMBER
     58      -2.1448E+01     3.7882E+01     2.7374E+02     C1          1

 BOND    =       33.6395  ANGLE   =       23.7341  DIHED      =        9.6299
 VDWAALS =       -3.3232  EEL     =       -3.8399  EGB        =      -87.8652
 1-4 VDW =        2.9791  1-4 EEL =        3.5978  RESTRAINT  =        0.0000


   NSTEP       ENERGY          RMS            GMAX         NAME    NUMBER
     59      -6.9132E+01     8.8526E-01     6.0314E+00     O1          2

 BOND    =        0.5331  ANGLE   =        3.2801  DIHED      =        9.2670
 VDWAALS =       -3.2137  EEL     =       -4.0442  EGB        =      -83.2735
 1-4 VDW =        4.6911  1-4 EEL =        3.6282  RESTRAINT  =        0.0000


   NSTEP       ENERGY          RMS            GMAX         NAME    NUMBER
     60      -6.9176E+01     6.8647E-01     3.9554E+00     C1          1

 BOND    =        0.4671  ANGLE   =        3.3312  DIHED      =        9.2682
 VDWAALS =       -3.2166  EEL     =       -4.0472  EGB        =      -83.2874
 1-4 VDW =        4.6741  1-4 EEL =        3.6342  RESTRAINT  =        0.0000


   NSTEP       ENERGY          RMS            GMAX         NAME    NUMBER
     61      -6.9178E+01     7.9826E-01     5.4278E+00     C1          1

 BOND    =        0.4614  ANGLE   =        3.3413  DIHED      =        9.2684
 VDWAALS =       -3.2171  EEL     =       -4.0477  EGB        =      -83.2901
 1-4 VDW =        4.6710  1-4 EEL =        3.6352  RESTRAINT  =        0.0000


   NSTEP       ENERGY          RMS            GMAX         NAME    NUMBER
     62      -6.9225E+01     5.4998E-01     2.7178E+00     C2          4

 BOND    =        0.3974  ANGLE   =        3.4226  DIHED      =        9.2682
 VDWAALS =       -3.2217  EEL     =       -4.0535  EGB        =      -83.3299
 1-4 VDW =        4.6495  1-4 EEL =        3.6426  RESTRAINT  =        0.0000


   NSTEP       ENERGY          RMS            GMAX         NAME    NUMBER
     63      -6.9228E+01     6.9605E-01     4.5770E+00     O2          3

 BOND    =        0.3856  ANGLE   =        3.4544  DIHED      =        9.2682
 VDWAALS =       -3.2233  EEL     =       -4.0556  EGB        =      -83.3447
 1-4 VDW =        4.6417  1-4 EEL =        3.6453  RESTRAINT  =        0.0000


   NSTEP       ENERGY          RMS            GMAX         NAME    NUMBER
     64      -6.9288E+01     5.6586E-01     3.1234E+00     O2          3

 BOND    =        0.3744  ANGLE   =        3.5257  DIHED      =        9.2662
 VDWAALS =       -3.2272  EEL     =       -4.0591  EGB        =      -83.4524
 1-4 VDW =        4.6276  1-4 EEL =        3.6567  RESTRAINT  =        0.0000


   NSTEP       ENERGY          RMS            GMAX         NAME    NUMBER
     65      -6.9314E+01     9.2423E-01     5.4694E+00     C1          1

 BOND    =        0.3852  ANGLE   =        3.6349  DIHED      =        9.2640
 VDWAALS =       -3.2319  EEL     =       -4.0633  EGB        =      -83.5847
 1-4 VDW =        4.6113  1-4 EEL =        3.6706  RESTRAINT  =        0.0000


   NSTEP       ENERGY          RMS            GMAX         NAME    NUMBER
     66      -6.9445E+01     7.6611E-01     4.9456E+00     C2          4

 BOND    =        0.3426  ANGLE   =        3.5417  DIHED      =        9.2676
 VDWAALS =       -3.2386  EEL     =       -4.0882  EGB        =      -83.5254
 1-4 VDW =        4.5626  1-4 EEL =        3.6926  RESTRAINT  =        0.0000


   NSTEP       ENERGY          RMS            GMAX         NAME    NUMBER
     67      -6.9495E+01     1.2464E+00     6.4717E+00     C2          4

 BOND    =        0.3406  ANGLE   =        3.4827  DIHED      =        9.2724
 VDWAALS =       -3.2451  EEL     =       -4.1159  EGB        =      -83.4599
 1-4 VDW =        4.5125  1-4 EEL =        3.7173  RESTRAINT  =        0.0000


   NSTEP       ENERGY          RMS            GMAX         NAME    NUMBER
     68      -6.9624E+01     1.0293E+00     4.1126E+00     C2          4

 BOND    =        0.4354  ANGLE   =        3.1499  DIHED      =        9.2613
 VDWAALS =       -3.2496  EEL     =       -4.1797  EGB        =      -83.3023
 1-4 VDW =        4.4638  1-4 EEL =        3.7977  RESTRAINT  =        0.0000


   NSTEP       ENERGY          RMS            GMAX         NAME    NUMBER
     69      -6.9636E+01     7.4261E-01     4.2576E+00     C3          5

 BOND    =        0.3881  ANGLE   =        3.2115  DIHED      =        9.2635
 VDWAALS =       -3.2490  EEL     =       -4.1650  EGB        =      -83.3381
 1-4 VDW =        4.4738  1-4 EEL =        3.7792  RESTRAINT  =        0.0000


   NSTEP       ENERGY          RMS            GMAX         NAME    NUMBER
     70      -6.9681E+01     6.8018E-01     4.6041E+00     C1          1

 BOND    =        0.3655  ANGLE   =        3.1323  DIHED      =        9.2659
 VDWAALS =       -3.2484  EEL     =       -4.1751  EGB        =      -83.2733
 1-4 VDW =        4.4450  1-4 EEL =        3.8073  RESTRAINT  =        0.0000


   NSTEP       ENERGY          RMS            GMAX         NAME    NUMBER
     71      -6.9681E+01     6.0626E-01     3.9049E+00     C1          1

 BOND    =        0.3650  ANGLE   =        3.1381  DIHED      =        9.2657
 VDWAALS =       -3.2484  EEL     =       -4.1740  EGB        =      -83.2799
 1-4 VDW =        4.4478  1-4 EEL =        3.8044  RESTRAINT  =        0.0000


   NSTEP       ENERGY          RMS            GMAX         NAME    NUMBER
     72      -6.9687E+01     8.2452E-01     6.6957E+00     C1          1

 BOND    =        0.3731  ANGLE   =        3.0684  DIHED      =        9.2637
 VDWAALS =       -3.2477  EEL     =       -4.1762  EGB        =      -83.2114
 1-4 VDW =        4.4303  1-4 EEL =        3.8125  RESTRAINT  =        0.0000


   NSTEP       ENERGY          RMS            GMAX         NAME    NUMBER
     73      -6.9698E+01     3.6907E-01     1.9709E+00     C1          1

 BOND    =        0.3597  ANGLE   =        3.0957  DIHED      =        9.2645
 VDWAALS =       -3.2481  EEL     =       -4.1753  EGB        =      -83.2417
 1-4 VDW =        4.4380  1-4 EEL =        3.8089  RESTRAINT  =        0.0000


   NSTEP       ENERGY          RMS            GMAX         NAME    NUMBER
     74      -6.9708E+01     2.5879E-01     1.1267E+00     C1          1

 BOND    =        0.3662  ANGLE   =        3.0771  DIHED      =        9.2606
 VDWAALS =       -3.2479  EEL     =       -4.1739  EGB        =      -83.2347
 1-4 VDW =        4.4357  1-4 EEL =        3.8087  RESTRAINT  =        0.0000


   NSTEP       ENERGY          RMS            GMAX         NAME    NUMBER
     75      -6.9713E+01     3.4705E-01     1.7744E+00     C6          8

 BOND    =        0.3808  ANGLE   =        3.0544  DIHED      =        9.2553
 VDWAALS =       -3.2477  EEL     =       -4.1720  EGB        =      -83.2251
 1-4 VDW =        4.4325  1-4 EEL =        3.8083  RESTRAINT  =        0.0000


   NSTEP       ENERGY          RMS            GMAX         NAME    NUMBER
     76      -6.9719E+01     2.0841E-01     8.5341E-01     O2          3

 BOND    =        0.3695  ANGLE   =        3.0647  DIHED      =        9.2548
 VDWAALS =       -3.2478  EEL     =       -4.1733  EGB        =      -83.2257
 1-4 VDW =        4.4301  1-4 EEL =        3.8089  RESTRAINT  =        0.0000


   NSTEP       ENERGY          RMS            GMAX         NAME    NUMBER
     77      -6.9723E+01     1.6424E-01     8.1944E-01     O2          3

 BOND    =        0.3662  ANGLE   =        3.0745  DIHED      =        9.2530
 VDWAALS =       -3.2481  EEL     =       -4.1742  EGB        =      -83.2307
 1-4 VDW =        4.4282  1-4 EEL =        3.8079  RESTRAINT  =        0.0000


   NSTEP       ENERGY          RMS            GMAX         NAME    NUMBER
     78      -6.9728E+01     1.5963E-01     8.5424E-01     C1          1

 BOND    =        0.3711  ANGLE   =        3.0777  DIHED      =        9.2503
 VDWAALS =       -3.2483  EEL     =       -4.1743  EGB        =      -83.2357
 1-4 VDW =        4.4268  1-4 EEL =        3.8049  RESTRAINT  =        0.0000


   NSTEP       ENERGY          RMS            GMAX         NAME    NUMBER
     79      -6.9730E+01     2.9938E-01     2.1722E+00     C1          1

 BOND    =        0.3688  ANGLE   =        3.0891  DIHED      =        9.2485
 VDWAALS =       -3.2485  EEL     =       -4.1741  EGB        =      -83.2427
 1-4 VDW =        4.4238  1-4 EEL =        3.8049  RESTRAINT  =        0.0000


   NSTEP       ENERGY          RMS            GMAX         NAME    NUMBER
     80       2.2372E+01     6.1368E+01     5.5044E+02     C1          1

 BOND    =       83.5003  ANGLE   =       13.0012  DIHED      =        9.1947
 VDWAALS =       -3.2579  EEL     =       -4.1797  EGB        =      -83.9076
 1-4 VDW =        4.4596  1-4 EEL =        3.5615  RESTRAINT  =        0.0000


   NSTEP       ENERGY          RMS            GMAX         NAME    NUMBER
     81      -6.9733E+01     1.3936E-01     7.4030E-01     C1          1

 BOND    =        0.3705  ANGLE   =        3.0865  DIHED      =        9.2478
 VDWAALS =       -3.2486  EEL     =       -4.1741  EGB        =      -83.2420
 1-4 VDW =        4.4236  1-4 EEL =        3.8036  RESTRAINT  =        0.0000


   NSTEP       ENERGY          RMS            GMAX         NAME    NUMBER
     82      -6.9734E+01     1.3209E-01     7.0878E-01     O2          3

 BOND    =        0.3722  ANGLE   =        3.0855  DIHED      =        9.2472
 VDWAALS =       -3.2487  EEL     =       -4.1739  EGB        =      -83.2425
 1-4 VDW =        4.4233  1-4 EEL =        3.8030  RESTRAINT  =        0.0000


   NSTEP       ENERGY          RMS            GMAX         NAME    NUMBER
     83      -6.9740E+01     2.5139E-01     1.1315E+00     C3          5

 BOND    =        0.3907  ANGLE   =        3.0785  DIHED      =        9.2414
 VDWAALS =       -3.2492  EEL     =       -4.1723  EGB        =      -83.2477
 1-4 VDW =        4.4204  1-4 EEL =        3.7978  RESTRAINT  =        0.0000


   NSTEP       ENERGY          RMS            GMAX         NAME    NUMBER
     84      -6.9741E+01     3.5273E-01     1.6714E+00     C3          5

 BOND    =        0.4006  ANGLE   =        3.0762  DIHED      =        9.2388
 VDWAALS =       -3.2494  EEL     =       -4.1716  EGB        =      -83.2503
 1-4 VDW =        4.4191  1-4 EEL =        3.7954  RESTRAINT  =        0.0000


   NSTEP       ENERGY          RMS            GMAX         NAME    NUMBER
     85      -6.9753E+01     1.5399E-01     7.6597E-01     C3          5

 BOND    =        0.3937  ANGLE   =        3.1043  DIHED      =        9.2332
 VDWAALS =       -3.2503  EEL     =       -4.1707  EGB        =      -83.2632
 1-4 VDW =        4.4074  1-4 EEL =        3.7928  RESTRAINT  =        0.0000


   NSTEP       ENERGY          RMS            GMAX         NAME    NUMBER
     86      -6.9755E+01     1.3644E-01     5.3274E-01     C1          1

 BOND    =        0.3917  ANGLE   =        3.1226  DIHED      =        9.2304
 VDWAALS =       -3.2508  EEL     =       -4.1702  EGB        =      -83.2709
 1-4 VDW =        4.4012  1-4 EEL =        3.7914  RESTRAINT  =        0.0000


   NSTEP       ENERGY          RMS            GMAX         NAME    NUMBER
     87      -6.9757E+01     1.5563E-01     6.1924E-01     O2          3

 BOND    =        0.4011  ANGLE   =        3.1112  DIHED      =        9.2294
 VDWAALS =       -3.2512  EEL     =       -4.1703  EGB        =      -83.2746
 1-4 VDW =        4.4032  1-4 EEL =        3.7942  RESTRAINT  =        0.0000


   NSTEP       ENERGY          RMS            GMAX         NAME    NUMBER
     88      -6.9757E+01     2.0394E-01     8.6955E-01     C4          6

 BOND    =        0.4049  ANGLE   =        3.1073  DIHED      =        9.2291
 VDWAALS =       -3.2514  EEL     =       -4.1703  EGB        =      -83.2759
 1-4 VDW =        4.4040  1-4 EEL =        3.7951  RESTRAINT  =        0.0000


   NSTEP       ENERGY          RMS            GMAX         NAME    NUMBER
     89      -6.9762E+01     1.7396E-01     7.2524E-01     C4          6

 BOND    =        0.4010  ANGLE   =        3.0968  DIHED      =        9.2306
 VDWAALS =       -3.2523  EEL     =       -4.1708  EGB        =      -83.2698
 1-4 VDW =        4.4041  1-4 EEL =        3.7983  RESTRAINT  =        0.0000


   NSTEP       ENERGY          RMS            GMAX         NAME    NUMBER
     90      -6.9773E+01     2.1709E-01     1.2198E+00     C1          1

 BOND    =        0.3855  ANGLE   =        3.0559  DIHED      =        9.2382
 VDWAALS =       -3.2562  EEL     =       -4.1733  EGB        =      -83.2414
 1-4 VDW =        4.4052  1-4 EEL =        3.8136  RESTRAINT  =        0.0000


   NSTEP       ENERGY          RMS            GMAX         NAME    NUMBER
     91      -6.9757E+01     8.5923E-01     5.7734E+00     C1          1

 BOND    =        0.4253  ANGLE   =        3.1527  DIHED      =        9.2414
 VDWAALS =       -3.2619  EEL     =       -4.1797  EGB        =      -83.3775
 1-4 VDW =        4.4141  1-4 EEL =        3.8284  RESTRAINT  =        0.0000


   NSTEP       ENERGY          RMS            GMAX         NAME    NUMBER
     92      -6.9778E+01     2.5115E-01     1.3246E+00     C1          1

 BOND    =        0.3916  ANGLE   =        3.0855  DIHED      =        9.2392
 VDWAALS =       -3.2582  EEL     =       -4.1755  EGB        =      -83.2870
 1-4 VDW =        4.4080  1-4 EEL =        3.8185  RESTRAINT  =        0.0000


   NSTEP       ENERGY          RMS            GMAX         NAME    NUMBER
     93      -6.9785E+01     1.9713E-01     8.9959E-01     C1          1

 BOND    =        0.3846  ANGLE   =        3.0858  DIHED      =        9.2382
 VDWAALS =       -3.2602  EEL     =       -4.1817  EGB        =      -83.2874
 1-4 VDW =        4.4132  1-4 EEL =        3.8221  RESTRAINT  =        0.0000


   NSTEP       ENERGY          RMS            GMAX         NAME    NUMBER
     94      -6.9788E+01     2.9184E-01     2.0924E+00     C2          4

 BOND    =        0.3809  ANGLE   =        3.0880  DIHED      =        9.2374
 VDWAALS =       -3.2620  EEL     =       -4.1872  EGB        =      -83.2878
 1-4 VDW =        4.4179  1-4 EEL =        3.8252  RESTRAINT  =        0.0000


   NSTEP       ENERGY          RMS            GMAX         NAME    NUMBER
     95      -6.9795E+01     3.4192E-01     2.1937E+00     C1          1

 BOND    =        0.3509  ANGLE   =        3.1598  DIHED      =        9.2357
 VDWAALS =       -3.2652  EEL     =       -4.1970  EGB        =      -83.3324
 1-4 VDW =        4.4200  1-4 EEL =        3.8331  RESTRAINT  =        0.0000


   NSTEP       ENERGY          RMS            GMAX         NAME    NUMBER
     96      -6.9796E+01     2.7046E-01     1.6114E+00     C1          1

 BOND    =        0.3554  ANGLE   =        3.1453  DIHED      =        9.2360
 VDWAALS =       -3.2646  EEL     =       -4.1951  EGB        =      -83.3237
 1-4 VDW =        4.4196  1-4 EEL =        3.8316  RESTRAINT  =        0.0000


   NSTEP       ENERGY          RMS            GMAX         NAME    NUMBER
     97      -6.9806E+01     2.4019E-01     1.2136E+00     O1          2

 BOND    =        0.3468  ANGLE   =        3.1141  DIHED      =        9.2334
 VDWAALS =       -3.2658  EEL     =       -4.2019  EGB        =      -83.2938
 1-4 VDW =        4.4224  1-4 EEL =        3.8388  RESTRAINT  =        0.0000


   NSTEP       ENERGY          RMS            GMAX         NAME    NUMBER
     98      -6.9812E+01     3.9543E-01     1.9923E+00     O1          2

 BOND    =        0.3407  ANGLE   =        3.0725  DIHED      =        9.2299
 VDWAALS =       -3.2675  EEL     =       -4.2115  EGB        =      -83.2513
 1-4 VDW =        4.4266  1-4 EEL =        3.8491  RESTRAINT  =        0.0000


   NSTEP       ENERGY          RMS            GMAX         NAME    NUMBER
     99      -6.9828E+01     3.4153E-01     1.8916E+00     C1          1

 BOND    =        0.3549  ANGLE   =        2.9967  DIHED      =        9.2259
 VDWAALS =       -3.2702  EEL     =       -4.2195  EGB        =      -83.2075
 1-4 VDW =        4.4299  1-4 EEL =        3.8622  RESTRAINT  =        0.0000


   NSTEP       ENERGY          RMS            GMAX         NAME    NUMBER
    100      -6.9828E+01     3.3586E-01     1.8636E+00     C1          1

 BOND    =        0.3542  ANGLE   =        2.9986  DIHED      =        9.2260
 VDWAALS =       -3.2701  EEL     =       -4.2193  EGB        =      -83.2087
 1-4 VDW =        4.4298  1-4 EEL =        3.8618  RESTRAINT  =        0.0000


  Maximum number of minimization cycles reached.


                    FINAL RESULTS



   NSTEP       ENERGY          RMS            GMAX         NAME    NUMBER
    100      -6.9828E+01     3.3586E-01     1.8636E+00     C1          1

 BOND    =        0.3542  ANGLE   =        2.9986  DIHED      =        9.2260
 VDWAALS =       -3.2701  EEL     =       -4.2193  EGB        =      -83.2087
 1-4 VDW =        4.4298  1-4 EEL =        3.8618  RESTRAINT  =        0.0000

--------------------------------------------------------------------------------
   5.  TIMINGS
--------------------------------------------------------------------------------

|    Read coords time           0.00 ( 0.30% of Total)
|                Calc gb radii              0.01 (24.15% of Gen B)
|                Calc gb diag               0.01 (40.40% of Gen B)
|                Calc gb off-diag           0.01 (35.32% of Gen B)
|                Other                      0.00 ( 0.13% of Gen B)
|             Gen Born time              0.03 (100.0% of Nonbo)
|             IPS excludes               0.00 ( 0.03% of Nonbo)
|          Nonbond force              0.03 (84.67% of Force)
|          Bond/Angle/Dihedral        0.01 (14.99% of Force)
|          Other                      0.00 ( 0.34% of Force)
|       Force time                 0.04 (100.0% of Runmd)
|    Runmd Time                 0.04 (54.34% of Total)
|    Other                      0.03 (45.35% of Total)
| Total time                 0.07 (99.80% of ALL  )

| Number of list builds   :          0

| Highest rstack allocated:          0
| Highest istack allocated:          0
|           Job began  at 23:33:26.373  on 02/04/2016
|           Setup done at 23:33:26.379  on 02/04/2016
|           Run   done at 23:33:26.441  on 02/04/2016
|     wallclock() was called    1828 times
