
          -------------------------------------------------------
          Amber 14 SANDER                              2014
          -------------------------------------------------------

| Run on 05/22/2015 at 14:53:56

|   Executable path: sander
| Working directory: /net/chevy/raid1/nigel/amber/library/amber_library/v
|          Hostname: chevy.lbl.gov

  [-O]verwriting output

File Assignments:
|  MDIN: sander.in                                                             
| MDOUT: VC2.min.out                                                           
|INPCRD: VC2.rst7                                                              
|  PARM: VC2.prmtop                                                            
|RESTRT: VC2.min.rst7                                                          
|  REFC: refc                                                                  
| MDVEL: mdvel                                                                 
| MDFRC: mdfrc                                                                 
|  MDEN: mden                                                                  
| MDCRD: mdcrd                                                                 
|MDINFO: mdinfo                                                                
|  MTMD: mtmd                                                                  
|INPDIP: inpdip                                                                
|RSTDIP: rstdip                                                                
|INPTRA: inptraj                                                               


 Here is the input file:

  short minimization                                                           
 &cntrl                                                                        
   imin=1, maxcyc=100, ncyc=50, ntpr=1, cut=99., ntb=0,                        
 /                                                                             

--------------------------------------------------------------------------------
   1.  RESOURCE   USE: 
--------------------------------------------------------------------------------

| Flags:                                                                        
|    NONPERIODIC   ntb=0 and igb=0: Setting up nonperiodic simulation
|  *** cutoff > system size, list only builds once
|Largest sphere to fit in unit cell has radius =    32.947
| New format PARM file being parsed.
| Version =    1.000 Date = 05/22/15 Time = 14:53:56
 NATOM  =      29 NTYPES =       9 NBONH =      14 MBONA  =      16
 NTHETH =      32 MTHETA =      25 NPHIH =      52 MPHIA  =      41
 NHPARM =       0 NPARM  =       0 NNB   =     166 NRES   =       1
 NBONA  =      16 NTHETA =      25 NPHIA =      41 NUMBND =      10
 NUMANG =      23 NPTRA  =      10 NATYP =      10 NPHB   =       0
 IFBOX  =       0 NMXRS  =      29 IFCAP =       0 NEXTRA =       0
 NCOPY  =       0


|     Memory Use     Allocated
|     Real                6634
|     Hollerith             90
|     Integer            25536
|     Max Pairs            406
|     nblistReal           348
|     nblist Int        968625
|       Total             3939 kbytes

| Note: 1-4 EEL scale factors are being read from the topology file.

| Note: 1-4 VDW scale factors are being read from the topology file.
| Duplicated    0 dihedrals
| Duplicated    0 dihedrals

--------------------------------------------------------------------------------
   2.  CONTROL  DATA  FOR  THE  RUN
--------------------------------------------------------------------------------

VC2                                                                             

General flags:
     imin    =       1, nmropt  =       0

Nature and format of input:
     ntx     =       1, irest   =       0, ntrx    =       1

Nature and format of output:
     ntxo    =       1, ntpr    =       1, ntrx    =       1, ntwr    =     500
     iwrap   =       0, ntwx    =       0, ntwv    =       0, ntwe    =       0
     ioutfm  =       0, ntwprt  =       0, idecomp =       0, rbornstat=      0

Potential function:
     ntf     =       1, ntb     =       0, igb     =       0, nsnb    =      25
     ipol    =       0, gbsa    =       0, iesp    =       0
     dielc   =   1.00000, cut     =  99.00000, intdiel =   1.00000

Frozen or restrained atoms:
     ibelly  =       0, ntr     =       0

Energy minimization:
     maxcyc  =     100, ncyc    =      50, ntmin   =       1
     dx0     =   0.01000, drms    =   0.00010
|  INFO: Old style inpcrd file read


--------------------------------------------------------------------------------
   3.  ATOMIC COORDINATES AND VELOCITIES
--------------------------------------------------------------------------------

VC2                                                                             
 begin time read from input coords =     0.000 ps

 Number of triangulated 3-point waters found:        0

     Sum of charges from parm topology file =  -0.99900200

--------------------------------------------------------------------------------
   4.  RESULTS
--------------------------------------------------------------------------------

 ---------------------------------------------------

     eedmeth=4: Setting switch to one everywhere

 ---------------------------------------------------
| Local SIZE OF NONBOND LIST =        245
| TOTAL SIZE OF NONBOND LIST =        245


   NSTEP       ENERGY          RMS            GMAX         NAME    NUMBER
      1       1.3960E+02     4.2749E+01     2.0904E+02     SAE        15

 BOND    =        9.6196  ANGLE   =       12.6700  DIHED      =       23.5291
 VDWAALS =        4.7489  EEL     =      -43.0205  HBOND      =        0.0000
 1-4 VDW =       49.2363  1-4 EEL =       82.8184  RESTRAINT  =        0.0000


   NSTEP       ENERGY          RMS            GMAX         NAME    NUMBER
      2       1.3764E+02     4.1280E+01     2.0122E+02     SAE        15

 BOND    =        9.3901  ANGLE   =       12.5334  DIHED      =       23.5291
 VDWAALS =        4.7150  EEL     =      -43.0087  HBOND      =        0.0000
 1-4 VDW =       47.7145  1-4 EEL =       82.7693  RESTRAINT  =        0.0000


   NSTEP       ENERGY          RMS            GMAX         NAME    NUMBER
      3       1.3538E+02     3.9583E+01     1.9240E+02     SAH        12

 BOND    =        9.1247  ANGLE   =       12.3734  DIHED      =       23.5291
 VDWAALS =        4.6734  EEL     =      -42.9941  HBOND      =        0.0000
 1-4 VDW =       45.9632  1-4 EEL =       82.7106  RESTRAINT  =        0.0000


   NSTEP       ENERGY          RMS            GMAX         NAME    NUMBER
      4       1.3279E+02     3.7638E+01     1.8322E+02     SAH        12

 BOND    =        8.8208  ANGLE   =       12.1872  DIHED      =       23.5292
 VDWAALS =        4.6222  EEL     =      -42.9760  HBOND      =        0.0000
 1-4 VDW =       43.9644  1-4 EEL =       82.6403  RESTRAINT  =        0.0000


   NSTEP       ENERGY          RMS            GMAX         NAME    NUMBER
      5       1.2984E+02     3.5428E+01     1.7286E+02     SAH        12

 BOND    =        8.4768  ANGLE   =       11.9724  DIHED      =       23.5292
 VDWAALS =        4.5587  EEL     =      -42.9533  HBOND      =        0.0000
 1-4 VDW =       41.7049  1-4 EEL =       82.5562  RESTRAINT  =        0.0000


   NSTEP       ENERGY          RMS            GMAX         NAME    NUMBER
      6       1.2654E+02     3.2942E+01     1.6132E+02     SAH        12

 BOND    =        8.0935  ANGLE   =       11.7272  DIHED      =       23.5292
 VDWAALS =        4.4796  EEL     =      -42.9247  HBOND      =        0.0000
 1-4 VDW =       39.1799  1-4 EEL =       82.4558  RESTRAINT  =        0.0000


   NSTEP       ENERGY          RMS            GMAX         NAME    NUMBER
      7       1.2288E+02     3.0182E+01     1.4863E+02     SAH        12

 BOND    =        7.6752  ANGLE   =       11.4517  DIHED      =       23.5293
 VDWAALS =        4.3806  EEL     =      -42.8883  HBOND      =        0.0000
 1-4 VDW =       36.3962  1-4 EEL =       82.3359  RESTRAINT  =        0.0000


   NSTEP       ENERGY          RMS            GMAX         NAME    NUMBER
      8       1.1889E+02     2.7167E+01     1.3490E+02     SAH        12

 BOND    =        7.2307  ANGLE   =       11.1486  DIHED      =       23.5294
 VDWAALS =        4.2558  EEL     =      -42.8413  HBOND      =        0.0000
 1-4 VDW =       33.3758  1-4 EEL =       82.1927  RESTRAINT  =        0.0000


   NSTEP       ENERGY          RMS            GMAX         NAME    NUMBER
      9       1.1463E+02     2.3940E+01     1.2033E+02     SAH        12

 BOND    =        6.7744  ANGLE   =       10.8252  DIHED      =       23.5297
 VDWAALS =        4.0973  EEL     =      -42.7800  HBOND      =        0.0000
 1-4 VDW =       30.1598  1-4 EEL =       82.0219  RESTRAINT  =        0.0000


   NSTEP       ENERGY          RMS            GMAX         NAME    NUMBER
     10       1.1018E+02     2.0584E+01     1.0521E+02     SAH        12

 BOND    =        6.3242  ANGLE   =       10.4958  DIHED      =       23.5301
 VDWAALS =        3.8950  EEL     =      -42.6988  HBOND      =        0.0000
 1-4 VDW =       26.8111  1-4 EEL =       81.8182  RESTRAINT  =        0.0000


   NSTEP       ENERGY          RMS            GMAX         NAME    NUMBER
     11       1.0564E+02     1.7236E+01     8.9926E+01     SAH        12

 BOND    =        5.8928  ANGLE   =       10.1831  DIHED      =       23.5309
 VDWAALS =        3.6361  EEL     =      -42.5901  HBOND      =        0.0000
 1-4 VDW =       23.4160  1-4 EEL =       81.5754  RESTRAINT  =        0.0000


   NSTEP       ENERGY          RMS            GMAX         NAME    NUMBER
     12       1.0115E+02     1.4101E+01     7.4956E+01     SAH        12

 BOND    =        5.4663  ANGLE   =        9.9189  DIHED      =       23.5324
 VDWAALS =        3.3060  EEL     =      -42.4437  HBOND      =        0.0000
 1-4 VDW =       20.0839  1-4 EEL =       81.2860  RESTRAINT  =        0.0000


   NSTEP       ENERGY          RMS            GMAX         NAME    NUMBER
     13       9.6774E+01     1.1396E+01     6.0824E+01     SAH        12

 BOND    =        4.9729  ANGLE   =        9.7379  DIHED      =       23.5348
 VDWAALS =        2.8941  EEL     =      -42.2487  HBOND      =        0.0000
 1-4 VDW =       16.9414  1-4 EEL =       80.9416  RESTRAINT  =        0.0000


   NSTEP       ENERGY          RMS            GMAX         NAME    NUMBER
     14       9.2539E+01     9.1723E+00     4.7962E+01     SAH        12

 BOND    =        4.2985  ANGLE   =        9.6636  DIHED      =       23.5385
 VDWAALS =        2.4051  EEL     =      -42.0005  HBOND      =        0.0000
 1-4 VDW =       14.1022  1-4 EEL =       80.5315  RESTRAINT  =        0.0000


   NSTEP       ENERGY          RMS            GMAX         NAME    NUMBER
     15       8.8475E+01     7.2405E+00     3.6407E+01     SAH        12

 BOND    =        3.4511  ANGLE   =        9.6952  DIHED      =       23.5441
 VDWAALS =        1.8676  EEL     =      -41.7088  HBOND      =        0.0000
 1-4 VDW =       11.5899  1-4 EEL =       80.0362  RESTRAINT  =        0.0000


   NSTEP       ENERGY          RMS            GMAX         NAME    NUMBER
     16       8.4701E+01     5.4921E+00     2.5849E+01     SAE        15

 BOND    =        2.7009  ANGLE   =        9.7935  DIHED      =       23.5533
 VDWAALS =        1.3218  EEL     =      -41.3926  HBOND      =        0.0000
 1-4 VDW =        9.3042  1-4 EEL =       79.4199  RESTRAINT  =        0.0000


   NSTEP       ENERGY          RMS            GMAX         NAME    NUMBER
     17       8.1341E+01     3.9938E+00     1.9877E+01     SAE        15

 BOND    =        2.2950  ANGLE   =        9.8521  DIHED      =       23.5712
 VDWAALS =        0.8084  EEL     =      -41.0656  HBOND      =        0.0000
 1-4 VDW =        7.2046  1-4 EEL =       78.6747  RESTRAINT  =        0.0000


   NSTEP       ENERGY          RMS            GMAX         NAME    NUMBER
     18       7.8477E+01     2.7912E+00     1.3737E+01     SAE        15

 BOND    =        2.1237  ANGLE   =        9.7612  DIHED      =       23.6114
 VDWAALS =        0.3672  EEL     =      -40.7622  HBOND      =        0.0000
 1-4 VDW =        5.4782  1-4 EEL =       77.8981  RESTRAINT  =        0.0000


   NSTEP       ENERGY          RMS            GMAX         NAME    NUMBER
     19       7.6287E+01     2.9996E+00     9.1880E+00     N           5

 BOND    =        2.3575  ANGLE   =        9.5009  DIHED      =       23.7077
 VDWAALS =       -0.0086  EEL     =      -40.4721  HBOND      =        0.0000
 1-4 VDW =        4.1906  1-4 EEL =       77.0109  RESTRAINT  =        0.0000


   NSTEP       ENERGY          RMS            GMAX         NAME    NUMBER
     20       8.5498E+01     2.3762E+01     8.7245E+01     C           2

 BOND    =        9.2201  ANGLE   =       11.4361  DIHED      =       23.7566
 VDWAALS =       -0.2325  EEL     =      -40.2721  HBOND      =        0.0000
 1-4 VDW =        3.7791  1-4 EEL =       77.8102  RESTRAINT  =        0.0000


   NSTEP       ENERGY          RMS            GMAX         NAME    NUMBER
     21       7.6213E+01     7.6120E+00     2.4298E+01     CG2         7

 BOND    =        2.5953  ANGLE   =        9.7055  DIHED      =       23.7761
 VDWAALS =       -0.2326  EEL     =      -40.2570  HBOND      =        0.0000
 1-4 VDW =        3.6858  1-4 EEL =       76.9399  RESTRAINT  =        0.0000


   NSTEP       ENERGY          RMS            GMAX         NAME    NUMBER
     22       7.7057E+01     1.0647E+01     3.5124E+01     N           5

 BOND    =        4.1743  ANGLE   =        9.7541  DIHED      =       23.8207
 VDWAALS =       -0.2636  EEL     =      -40.2036  HBOND      =        0.0000
 1-4 VDW =        3.5002  1-4 EEL =       76.2745  RESTRAINT  =        0.0000


   NSTEP       ENERGY          RMS            GMAX         NAME    NUMBER
     23       7.4905E+01     2.3516E+00     8.2984E+00     C           2

 BOND    =        2.4487  ANGLE   =        9.0936  DIHED      =       23.7947
 VDWAALS =       -0.2706  EEL     =      -40.2289  HBOND      =        0.0000
 1-4 VDW =        3.5266  1-4 EEL =       76.5414  RESTRAINT  =        0.0000


   NSTEP       ENERGY          RMS            GMAX         NAME    NUMBER
     24       7.6158E+01     1.0236E+01     4.3925E+01     C           2

 BOND    =        2.8425  ANGLE   =        9.7587  DIHED      =       23.8099
 VDWAALS =       -0.3531  EEL     =      -40.0693  HBOND      =        0.0000
 1-4 VDW =        3.4407  1-4 EEL =       76.7287  RESTRAINT  =        0.0000


   NSTEP       ENERGY          RMS            GMAX         NAME    NUMBER
     25       7.4755E+01     3.0433E+00     1.0215E+01     CG2         7

 BOND    =        2.0392  ANGLE   =        9.4328  DIHED      =       23.8062
 VDWAALS =       -0.3451  EEL     =      -40.1331  HBOND      =        0.0000
 1-4 VDW =        3.4219  1-4 EEL =       76.5332  RESTRAINT  =        0.0000


   NSTEP       ENERGY          RMS            GMAX         NAME    NUMBER
     26       7.4743E+01     3.8367E+00     1.7516E+01     C           2

 BOND    =        2.7383  ANGLE   =        9.0292  DIHED      =       23.8048
 VDWAALS =       -0.3599  EEL     =      -40.1661  HBOND      =        0.0000
 1-4 VDW =        3.3439  1-4 EEL =       76.3532  RESTRAINT  =        0.0000


   NSTEP       ENERGY          RMS            GMAX         NAME    NUMBER
     27       7.4995E+01     6.3991E+00     3.1125E+01     C           2

 BOND    =        2.3244  ANGLE   =        9.4500  DIHED      =       23.8134
 VDWAALS =       -0.4027  EEL     =      -40.0347  HBOND      =        0.0000
 1-4 VDW =        3.3260  1-4 EEL =       76.5187  RESTRAINT  =        0.0000


   NSTEP       ENERGY          RMS            GMAX         NAME    NUMBER
     28       7.4437E+01     1.4709E+00     4.1969E+00     CG2         7

 BOND    =        2.1158  ANGLE   =        9.2922  DIHED      =       23.8092
 VDWAALS =       -0.3971  EEL     =      -40.0927  HBOND      =        0.0000
 1-4 VDW =        3.3146  1-4 EEL =       76.3950  RESTRAINT  =        0.0000


   NSTEP       ENERGY          RMS            GMAX         NAME    NUMBER
     29       7.4459E+01     2.9242E+00     1.1398E+01     C           2

 BOND    =        2.5935  ANGLE   =        9.0166  DIHED      =       23.8063
 VDWAALS =       -0.4265  EEL     =      -40.1021  HBOND      =        0.0000
 1-4 VDW =        3.2369  1-4 EEL =       76.3346  RESTRAINT  =        0.0000


   NSTEP       ENERGY          RMS            GMAX         NAME    NUMBER
     30       7.4296E+01     1.0099E+00     3.3040E+00     H15        28

 BOND    =        2.2576  ANGLE   =        9.1932  DIHED      =       23.8090
 VDWAALS =       -0.4353  EEL     =      -40.0687  HBOND      =        0.0000
 1-4 VDW =        3.2364  1-4 EEL =       76.3038  RESTRAINT  =        0.0000


   NSTEP       ENERGY          RMS            GMAX         NAME    NUMBER
     31       7.4252E+01     1.7334E+00     7.3024E+00     C           2

 BOND    =        2.1799  ANGLE   =        9.2303  DIHED      =       23.8070
 VDWAALS =       -0.4645  EEL     =      -40.0384  HBOND      =        0.0000
 1-4 VDW =        3.2000  1-4 EEL =       76.3380  RESTRAINT  =        0.0000


   NSTEP       ENERGY          RMS            GMAX         NAME    NUMBER
     32       7.4295E+01     3.2289E+00     1.8607E+01     C           2

 BOND    =        2.3794  ANGLE   =        9.2851  DIHED      =       23.8068
 VDWAALS =       -0.4729  EEL     =      -40.0492  HBOND      =        0.0000
 1-4 VDW =        3.1714  1-4 EEL =       76.1743  RESTRAINT  =        0.0000


   NSTEP       ENERGY          RMS            GMAX         NAME    NUMBER
     33       7.4163E+01     8.7915E-01     3.0287E+00     H15        28

 BOND    =        2.2411  ANGLE   =        9.2273  DIHED      =       23.8059
 VDWAALS =       -0.4820  EEL     =      -40.0309  HBOND      =        0.0000
 1-4 VDW =        3.1620  1-4 EEL =       76.2397  RESTRAINT  =        0.0000


   NSTEP       ENERGY          RMS            GMAX         NAME    NUMBER
     34       7.4125E+01     1.2804E+00     5.4875E+00     C           2

 BOND    =        2.1989  ANGLE   =        9.2297  DIHED      =       23.8028
 VDWAALS =       -0.5031  EEL     =      -40.0074  HBOND      =        0.0000
 1-4 VDW =        3.1356  1-4 EEL =       76.2687  RESTRAINT  =        0.0000


   NSTEP       ENERGY          RMS            GMAX         NAME    NUMBER
     35       7.4132E+01     2.3089E+00     1.3512E+01     C           2

 BOND    =        2.2927  ANGLE   =        9.2982  DIHED      =       23.8016
 VDWAALS =       -0.5117  EEL     =      -40.0147  HBOND      =        0.0000
 1-4 VDW =        3.1141  1-4 EEL =       76.1517  RESTRAINT  =        0.0000


   NSTEP       ENERGY          RMS            GMAX         NAME    NUMBER
     36       7.4063E+01     7.3461E-01     2.8065E+00     H15        28

 BOND    =        2.2249  ANGLE   =        9.2544  DIHED      =       23.8006
 VDWAALS =       -0.5188  EEL     =      -40.0014  HBOND      =        0.0000
 1-4 VDW =        3.1061  1-4 EEL =       76.1974  RESTRAINT  =        0.0000


   NSTEP       ENERGY          RMS            GMAX         NAME    NUMBER
     37       7.4029E+01     8.6233E-01     2.9615E+00     C           2

 BOND    =        2.2085  ANGLE   =        9.2475  DIHED      =       23.7972
 VDWAALS =       -0.5343  EEL     =      -39.9854  HBOND      =        0.0000
 1-4 VDW =        3.0855  1-4 EEL =       76.2104  RESTRAINT  =        0.0000


   NSTEP       ENERGY          RMS            GMAX         NAME    NUMBER
     38       7.4011E+01     1.4630E+00     8.3795E+00     C           2

 BOND    =        2.2408  ANGLE   =        9.3027  DIHED      =       23.7948
 VDWAALS =       -0.5449  EEL     =      -39.9853  HBOND      =        0.0000
 1-4 VDW =        3.0662  1-4 EEL =       76.1371  RESTRAINT  =        0.0000


   NSTEP       ENERGY          RMS            GMAX         NAME    NUMBER
     39       7.4010E+01     1.9870E+00     1.1174E+01     C           2

 BOND    =        2.2441  ANGLE   =        9.2375  DIHED      =       23.7916
 VDWAALS =       -0.5592  EEL     =      -39.9624  HBOND      =        0.0000
 1-4 VDW =        3.0488  1-4 EEL =       76.2093  RESTRAINT  =        0.0000


   NSTEP       ENERGY          RMS            GMAX         NAME    NUMBER
     40       7.4005E+01     2.2758E+00     1.3530E+01     C           2

 BOND    =        2.2714  ANGLE   =        9.3317  DIHED      =       23.7898
 VDWAALS =       -0.5607  EEL     =      -39.9763  HBOND      =        0.0000
 1-4 VDW =        3.0436  1-4 EEL =       76.1053  RESTRAINT  =        0.0000


   NSTEP       ENERGY          RMS            GMAX         NAME    NUMBER
     41       7.4020E+01     2.8418E+00     1.6295E+01     C           2

 BOND    =        2.2828  ANGLE   =        9.2429  DIHED      =       23.7872
 VDWAALS =       -0.5765  EEL     =      -39.9462  HBOND      =        0.0000
 1-4 VDW =        3.0240  1-4 EEL =       76.2053  RESTRAINT  =        0.0000


   NSTEP       ENERGY          RMS            GMAX         NAME    NUMBER
     42       7.3919E+01     6.4816E-01     2.4651E+00     H15        28

 BOND    =        2.2111  ANGLE   =        9.2834  DIHED      =       23.7861
 VDWAALS =       -0.5758  EEL     =      -39.9566  HBOND      =        0.0000
 1-4 VDW =        3.0236  1-4 EEL =       76.1477  RESTRAINT  =        0.0000


   NSTEP       ENERGY          RMS            GMAX         NAME    NUMBER
     43       7.3890E+01     1.1239E+00     6.1390E+00     C           2

 BOND    =        2.2227  ANGLE   =        9.3223  DIHED      =       23.7807
 VDWAALS =       -0.5899  EEL     =      -39.9511  HBOND      =        0.0000
 1-4 VDW =        3.0027  1-4 EEL =       76.1023  RESTRAINT  =        0.0000


   NSTEP       ENERGY          RMS            GMAX         NAME    NUMBER
     44       7.3912E+01     2.2958E+00     1.3051E+01     C           2

 BOND    =        2.2537  ANGLE   =        9.2710  DIHED      =       23.7766
 VDWAALS =       -0.6052  EEL     =      -39.9285  HBOND      =        0.0000
 1-4 VDW =        2.9829  1-4 EEL =       76.1617  RESTRAINT  =        0.0000


   NSTEP       ENERGY          RMS            GMAX         NAME    NUMBER
     45       7.3848E+01     7.0241E-01     2.2905E+00     H15        28

 BOND    =        2.2093  ANGLE   =        9.3018  DIHED      =       23.7755
 VDWAALS =       -0.6050  EEL     =      -39.9358  HBOND      =        0.0000
 1-4 VDW =        2.9824  1-4 EEL =       76.1203  RESTRAINT  =        0.0000


   NSTEP       ENERGY          RMS            GMAX         NAME    NUMBER
     46       7.3833E+01     1.0735E+00     5.8407E+00     C           2

 BOND    =        2.2194  ANGLE   =        9.3380  DIHED      =       23.7715
 VDWAALS =       -0.6124  EEL     =      -39.9359  HBOND      =        0.0000
 1-4 VDW =        2.9716  1-4 EEL =       76.0806  RESTRAINT  =        0.0000


   NSTEP       ENERGY          RMS            GMAX         NAME    NUMBER
     47       7.3827E+01     1.4790E+00     7.9313E+00     C           2

 BOND    =        2.2208  ANGLE   =        9.2996  DIHED      =       23.7682
 VDWAALS =       -0.6231  EEL     =      -39.9201  HBOND      =        0.0000
 1-4 VDW =        2.9582  1-4 EEL =       76.1238  RESTRAINT  =        0.0000


   NSTEP       ENERGY          RMS            GMAX         NAME    NUMBER
     48       7.3821E+01     1.6978E+00     9.8452E+00     C           2

 BOND    =        2.2406  ANGLE   =        9.3615  DIHED      =       23.7652
 VDWAALS =       -0.6245  EEL     =      -39.9312  HBOND      =        0.0000
 1-4 VDW =        2.9550  1-4 EEL =       76.0542  RESTRAINT  =        0.0000


   NSTEP       ENERGY          RMS            GMAX         NAME    NUMBER
     49       7.3824E+01     2.1125E+00     1.1827E+01     C           2

 BOND    =        2.2388  ANGLE   =        9.3015  DIHED      =       23.7622
 VDWAALS =       -0.6363  EEL     =      -39.9086  HBOND      =        0.0000
 1-4 VDW =        2.9408  1-4 EEL =       76.1260  RESTRAINT  =        0.0000


   NSTEP       ENERGY          RMS            GMAX         NAME    NUMBER
     50       7.3768E+01     5.5404E-01     2.1054E+00     H15        28

 BOND    =        2.2032  ANGLE   =        9.3318  DIHED      =       23.7608
 VDWAALS =       -0.6359  EEL     =      -39.9168  HBOND      =        0.0000
 1-4 VDW =        2.9407  1-4 EEL =       76.0845  RESTRAINT  =        0.0000


   NSTEP       ENERGY          RMS            GMAX         NAME    NUMBER
     51       7.3745E+01     7.6788E-01     3.6587E+00     C           2

 BOND    =        2.2080  ANGLE   =        9.3545  DIHED      =       23.7549
 VDWAALS =       -0.6455  EEL     =      -39.9141  HBOND      =        0.0000
 1-4 VDW =        2.9277  1-4 EEL =       76.0589  RESTRAINT  =        0.0000


   NSTEP       ENERGY          RMS            GMAX         NAME    NUMBER
     52       9.2315E+01     3.9626E+01     2.3421E+02     C           2

 BOND    =       18.8783  ANGLE   =       10.7593  DIHED      =       23.6500
 VDWAALS =       -0.8507  EEL     =      -39.5856  HBOND      =        0.0000
 1-4 VDW =        2.6881  1-4 EEL =       76.7752  RESTRAINT  =        0.0000


   NSTEP       ENERGY          RMS            GMAX         NAME    NUMBER
     53       7.3732E+01     6.8182E-01     2.4195E+00     C           2

 BOND    =        2.2007  ANGLE   =        9.3391  DIHED      =       23.7523
 VDWAALS =       -0.6515  EEL     =      -39.9062  HBOND      =        0.0000
 1-4 VDW =        2.9203  1-4 EEL =       76.0770  RESTRAINT  =        0.0000


   NSTEP       ENERGY          RMS            GMAX         NAME    NUMBER
     54       7.3711E+01     6.7103E-01     2.3941E+00     C           2

 BOND    =        2.1993  ANGLE   =        9.3451  DIHED      =       23.7475
 VDWAALS =       -0.6595  EEL     =      -39.9016  HBOND      =        0.0000
 1-4 VDW =        2.9101  1-4 EEL =       76.0704  RESTRAINT  =        0.0000


   NSTEP       ENERGY          RMS            GMAX         NAME    NUMBER
     55       7.3539E+01     5.8394E-01     2.1507E+00     C           2

 BOND    =        2.1875  ANGLE   =        9.4098  DIHED      =       23.7024
 VDWAALS =       -0.7314  EEL     =      -39.8592  HBOND      =        0.0000
 1-4 VDW =        2.8204  1-4 EEL =       76.0101  RESTRAINT  =        0.0000


   NSTEP       ENERGY          RMS            GMAX         NAME    NUMBER
     56       7.3080E+01     9.3095E-01     2.6897E+00     SAE        15

 BOND    =        2.1974  ANGLE   =       10.1037  DIHED      =       23.4129
 VDWAALS =       -1.1151  EEL     =      -39.6024  HBOND      =        0.0000
 1-4 VDW =        2.4221  1-4 EEL =       75.6615  RESTRAINT  =        0.0000


   NSTEP       ENERGY          RMS            GMAX         NAME    NUMBER
     57       7.7741E+01     1.3002E+01     4.4391E+01     SAE        15

 BOND    =        6.6336  ANGLE   =       11.5117  DIHED      =       22.7876
 VDWAALS =       -1.6447  EEL     =      -39.3614  HBOND      =        0.0000
 1-4 VDW =        2.1724  1-4 EEL =       75.6417  RESTRAINT  =        0.0000


   NSTEP       ENERGY          RMS            GMAX         NAME    NUMBER
     58       7.3014E+01     1.0992E+00     3.3733E+00     SAE        15

 BOND    =        2.1619  ANGLE   =       10.2067  DIHED      =       23.3493
 VDWAALS =       -1.1747  EEL     =      -39.5789  HBOND      =        0.0000
 1-4 VDW =        2.3887  1-4 EEL =       75.6608  RESTRAINT  =        0.0000


   NSTEP       ENERGY          RMS            GMAX         NAME    NUMBER
     59       7.2901E+01     1.1174E+00     3.5873E+00     SAE        15

 BOND    =        2.0234  ANGLE   =       10.2800  DIHED      =       23.2727
 VDWAALS =       -1.2328  EEL     =      -39.5316  HBOND      =        0.0000
 1-4 VDW =        2.3816  1-4 EEL =       75.7078  RESTRAINT  =        0.0000


   NSTEP       ENERGY          RMS            GMAX         NAME    NUMBER
     60       7.2825E+01     2.4192E+00     1.0889E+01     C           2

 BOND    =        1.8598  ANGLE   =       10.4473  DIHED      =       23.1389
 VDWAALS =       -1.3320  EEL     =      -39.4478  HBOND      =        0.0000
 1-4 VDW =        2.3712  1-4 EEL =       75.7880  RESTRAINT  =        0.0000


   NSTEP       ENERGY          RMS            GMAX         NAME    NUMBER
     61       7.2503E+01     1.9118E+00     6.2821E+00     C           2

 BOND    =        1.8035  ANGLE   =       10.3889  DIHED      =       22.9257
 VDWAALS =       -1.4423  EEL     =      -39.4406  HBOND      =        0.0000
 1-4 VDW =        2.3708  1-4 EEL =       75.8972  RESTRAINT  =        0.0000


   NSTEP       ENERGY          RMS            GMAX         NAME    NUMBER
     62       7.2173E+01     2.9423E+00     1.4858E+01     CA          4

 BOND    =        1.9693  ANGLE   =       10.3689  DIHED      =       22.4003
 VDWAALS =       -1.7052  EEL     =      -39.3969  HBOND      =        0.0000
 1-4 VDW =        2.3908  1-4 EEL =       76.1462  RESTRAINT  =        0.0000


   NSTEP       ENERGY          RMS            GMAX         NAME    NUMBER
     63       7.2304E+01     5.3748E+00     1.5773E+01     C           2

 BOND    =        2.2652  ANGLE   =       10.6611  DIHED      =       21.7386
 VDWAALS =       -1.8688  EEL     =      -39.3969  HBOND      =        0.0000
 1-4 VDW =        2.4731  1-4 EEL =       76.4313  RESTRAINT  =        0.0000


   NSTEP       ENERGY          RMS            GMAX         NAME    NUMBER
     64       7.1843E+01     2.3892E+00     6.9401E+00     N           5

 BOND    =        1.8678  ANGLE   =       10.3953  DIHED      =       22.0616
 VDWAALS =       -1.7965  EEL     =      -39.4056  HBOND      =        0.0000
 1-4 VDW =        2.4239  1-4 EEL =       76.2962  RESTRAINT  =        0.0000


   NSTEP       ENERGY          RMS            GMAX         NAME    NUMBER
     65       7.1619E+01     1.6473E+00     6.2819E+00     C           2

 BOND    =        1.7447  ANGLE   =       10.1654  DIHED      =       21.8897
 VDWAALS =       -1.8061  EEL     =      -39.4340  HBOND      =        0.0000
 1-4 VDW =        2.4601  1-4 EEL =       76.5990  RESTRAINT  =        0.0000


   NSTEP       ENERGY          RMS            GMAX         NAME    NUMBER
     66       7.1619E+01     1.6732E+00     6.4712E+00     C           2

 BOND    =        1.7453  ANGLE   =       10.1623  DIHED      =       21.8866
 VDWAALS =       -1.8062  EEL     =      -39.4344  HBOND      =        0.0000
 1-4 VDW =        2.4608  1-4 EEL =       76.6045  RESTRAINT  =        0.0000


   NSTEP       ENERGY          RMS            GMAX         NAME    NUMBER
     67       7.1489E+01     1.6154E+00     5.4731E+00     C           2

 BOND    =        1.6350  ANGLE   =       10.1605  DIHED      =       21.7961
 VDWAALS =       -1.8039  EEL     =      -39.4348  HBOND      =        0.0000
 1-4 VDW =        2.5111  1-4 EEL =       76.6252  RESTRAINT  =        0.0000


   NSTEP       ENERGY          RMS            GMAX         NAME    NUMBER
     68       7.1487E+01     1.8385E+00     6.7856E+00     C           2

 BOND    =        1.6327  ANGLE   =       10.1629  DIHED      =       21.7825
 VDWAALS =       -1.8034  EEL     =      -39.4347  HBOND      =        0.0000
 1-4 VDW =        2.5188  1-4 EEL =       76.6283  RESTRAINT  =        0.0000


   NSTEP       ENERGY          RMS            GMAX         NAME    NUMBER
     69       7.1378E+01     1.9756E+00     7.7885E+00     C           2

 BOND    =        1.5671  ANGLE   =       10.0379  DIHED      =       21.6541
 VDWAALS =       -1.8148  EEL     =      -39.3696  HBOND      =        0.0000
 1-4 VDW =        2.6043  1-4 EEL =       76.6986  RESTRAINT  =        0.0000


   NSTEP       ENERGY          RMS            GMAX         NAME    NUMBER
     70       7.1374E+01     1.6780E+00     5.5566E+00     C           2

 BOND    =        1.5622  ANGLE   =       10.0520  DIHED      =       21.6734
 VDWAALS =       -1.8133  EEL     =      -39.3796  HBOND      =        0.0000
 1-4 VDW =        2.5912  1-4 EEL =       76.6881  RESTRAINT  =        0.0000


   NSTEP       ENERGY          RMS            GMAX         NAME    NUMBER
     71       7.1253E+01     1.2760E+00     3.2631E+00     CAG        11

 BOND    =        1.5673  ANGLE   =        9.9093  DIHED      =       21.5598
 VDWAALS =       -1.8386  EEL     =      -39.3072  HBOND      =        0.0000
 1-4 VDW =        2.6641  1-4 EEL =       76.6987  RESTRAINT  =        0.0000


   NSTEP       ENERGY          RMS            GMAX         NAME    NUMBER
     72       7.1237E+01     1.5707E+00     5.1979E+00     C           2

 BOND    =        1.5995  ANGLE   =        9.8482  DIHED      =       21.5008
 VDWAALS =       -1.8502  EEL     =      -39.2680  HBOND      =        0.0000
 1-4 VDW =        2.7033  1-4 EEL =       76.7033  RESTRAINT  =        0.0000


   NSTEP       ENERGY          RMS            GMAX         NAME    NUMBER
     73       7.1067E+01     1.3042E+00     3.0839E+00     CAO        10

 BOND    =        1.4506  ANGLE   =        9.8310  DIHED      =       21.3929
 VDWAALS =       -1.9127  EEL     =      -39.0488  HBOND      =        0.0000
 1-4 VDW =        2.7784  1-4 EEL =       76.5751  RESTRAINT  =        0.0000


   NSTEP       ENERGY          RMS            GMAX         NAME    NUMBER
     74       7.1052E+01     1.7245E+00     4.7813E+00     CAO        10

 BOND    =        1.4258  ANGLE   =        9.8401  DIHED      =       21.3511
 VDWAALS =       -1.9349  EEL     =      -38.9620  HBOND      =        0.0000
 1-4 VDW =        2.8084  1-4 EEL =       76.5234  RESTRAINT  =        0.0000


   NSTEP       ENERGY          RMS            GMAX         NAME    NUMBER
     75       7.0865E+01     1.5938E+00     4.6865E+00     C           2

 BOND    =        1.4438  ANGLE   =        9.7571  DIHED      =       21.2156
 VDWAALS =       -1.9996  EEL     =      -38.7296  HBOND      =        0.0000
 1-4 VDW =        2.8603  1-4 EEL =       76.3178  RESTRAINT  =        0.0000


   NSTEP       ENERGY          RMS            GMAX         NAME    NUMBER
     76       7.0842E+01     1.3248E+00     3.2392E+00     N           5

 BOND    =        1.4155  ANGLE   =        9.7575  DIHED      =       21.2112
 VDWAALS =       -1.9983  EEL     =      -38.7286  HBOND      =        0.0000
 1-4 VDW =        2.8606  1-4 EEL =       76.3240  RESTRAINT  =        0.0000


   NSTEP       ENERGY          RMS            GMAX         NAME    NUMBER
     77       7.0819E+01     1.1016E+00     2.8272E+00     N           5

 BOND    =        1.3892  ANGLE   =        9.7535  DIHED      =       21.2052
 VDWAALS =       -1.9966  EEL     =      -38.7274  HBOND      =        0.0000
 1-4 VDW =        2.8605  1-4 EEL =       76.3342  RESTRAINT  =        0.0000


   NSTEP       ENERGY          RMS            GMAX         NAME    NUMBER
     78       7.0795E+01     9.4914E-01     2.3687E+00     N           5

 BOND    =        1.3682  ANGLE   =        9.7418  DIHED      =       21.1973
 VDWAALS =       -1.9948  EEL     =      -38.7263  HBOND      =        0.0000
 1-4 VDW =        2.8596  1-4 EEL =       76.3491  RESTRAINT  =        0.0000


   NSTEP       ENERGY          RMS            GMAX         NAME    NUMBER
     79       7.0770E+01     8.5694E-01     1.9617E+00     H11        24

 BOND    =        1.3560  ANGLE   =        9.7211  DIHED      =       21.1875
 VDWAALS =       -1.9930  EEL     =      -38.7254  HBOND      =        0.0000
 1-4 VDW =        2.8571  1-4 EEL =       76.3665  RESTRAINT  =        0.0000


   NSTEP       ENERGY          RMS            GMAX         NAME    NUMBER
     80       7.1112E+01     4.5789E+00     1.7365E+01     SAE        15

 BOND    =        1.9218  ANGLE   =        9.3919  DIHED      =       20.7915
 VDWAALS =       -1.9167  EEL     =      -38.6752  HBOND      =        0.0000
 1-4 VDW =        2.7280  1-4 EEL =       76.8706  RESTRAINT  =        0.0000


   NSTEP       ENERGY          RMS            GMAX         NAME    NUMBER
     81       7.0582E+01     1.6207E+00     7.0230E+00     SAE        15

 BOND    =        1.4041  ANGLE   =        9.4584  DIHED      =       21.0380
 VDWAALS =       -1.9709  EEL     =      -38.7066  HBOND      =        0.0000
 1-4 VDW =        2.8035  1-4 EEL =       76.5556  RESTRAINT  =        0.0000


   NSTEP       ENERGY          RMS            GMAX         NAME    NUMBER
     82       7.0343E+01     1.5071E+00     4.5964E+00     C           2

 BOND    =        1.5622  ANGLE   =        9.3291  DIHED      =       20.9092
 VDWAALS =       -1.9831  EEL     =      -38.5838  HBOND      =        0.0000
 1-4 VDW =        2.7122  1-4 EEL =       76.3973  RESTRAINT  =        0.0000


   NSTEP       ENERGY          RMS            GMAX         NAME    NUMBER
     83       7.0324E+01     1.9783E+00     6.0321E+00     C           2

 BOND    =        1.6615  ANGLE   =        9.3068  DIHED      =       20.8608
 VDWAALS =       -1.9850  EEL     =      -38.5377  HBOND      =        0.0000
 1-4 VDW =        2.6799  1-4 EEL =       76.3375  RESTRAINT  =        0.0000


   NSTEP       ENERGY          RMS            GMAX         NAME    NUMBER
     84       7.0071E+01     2.4045E+00     1.1475E+01     C           2

 BOND    =        1.7206  ANGLE   =        9.2404  DIHED      =       20.7052
 VDWAALS =       -2.0305  EEL     =      -38.1099  HBOND      =        0.0000
 1-4 VDW =        2.5758  1-4 EEL =       75.9695  RESTRAINT  =        0.0000


   NSTEP       ENERGY          RMS            GMAX         NAME    NUMBER
     85       7.0071E+01     2.3470E+00     1.1151E+01     C           2

 BOND    =        1.7156  ANGLE   =        9.2397  DIHED      =       20.7088
 VDWAALS =       -2.0296  EEL     =      -38.1200  HBOND      =        0.0000
 1-4 VDW =        2.5781  1-4 EEL =       75.9783  RESTRAINT  =        0.0000


   NSTEP       ENERGY          RMS            GMAX         NAME    NUMBER
     86       6.9926E+01     2.9519E+00     1.4555E+01     C           2

 BOND    =        1.8779  ANGLE   =        9.4413  DIHED      =       20.5702
 VDWAALS =       -2.0645  EEL     =      -37.7683  HBOND      =        0.0000
 1-4 VDW =        2.4916  1-4 EEL =       75.3775  RESTRAINT  =        0.0000


   NSTEP       ENERGY          RMS            GMAX         NAME    NUMBER
     87       6.9893E+01     1.9369E+00     6.7882E+00     C           2

 BOND    =        1.7778  ANGLE   =        9.3584  DIHED      =       20.6116
 VDWAALS =       -2.0559  EEL     =      -37.8741  HBOND      =        0.0000
 1-4 VDW =        2.5159  1-4 EEL =       75.5587  RESTRAINT  =        0.0000


   NSTEP       ENERGY          RMS            GMAX         NAME    NUMBER
     88       6.9759E+01     1.2157E+00     2.9338E+00     SAE        15

 BOND    =        1.7996  ANGLE   =        9.4262  DIHED      =       20.5584
 VDWAALS =       -2.0647  EEL     =      -37.7108  HBOND      =        0.0000
 1-4 VDW =        2.4752  1-4 EEL =       75.2752  RESTRAINT  =        0.0000


   NSTEP       ENERGY          RMS            GMAX         NAME    NUMBER
     89       6.9758E+01     1.3173E+00     3.1627E+00     SAE        15

 BOND    =        1.8110  ANGLE   =        9.4344  DIHED      =       20.5534
 VDWAALS =       -2.0653  EEL     =      -37.6954  HBOND      =        0.0000
 1-4 VDW =        2.4716  1-4 EEL =       75.2484  RESTRAINT  =        0.0000


   NSTEP       ENERGY          RMS            GMAX         NAME    NUMBER
     90       6.9663E+01     1.0669E+00     2.8523E+00     SAE        15

 BOND    =        1.7165  ANGLE   =        9.4541  DIHED      =       20.5279
 VDWAALS =       -2.0491  EEL     =      -37.6073  HBOND      =        0.0000
 1-4 VDW =        2.4644  1-4 EEL =       75.1565  RESTRAINT  =        0.0000


   NSTEP       ENERGY          RMS            GMAX         NAME    NUMBER
     91       6.9630E+01     1.6878E+00     7.5213E+00     C           2

 BOND    =        1.6602  ANGLE   =        9.4957  DIHED      =       20.5016
 VDWAALS =       -2.0307  EEL     =      -37.5153  HBOND      =        0.0000
 1-4 VDW =        2.4582  1-4 EEL =       75.0598  RESTRAINT  =        0.0000


   NSTEP       ENERGY          RMS            GMAX         NAME    NUMBER
     92       6.9468E+01     1.2683E+00     3.4718E+00     H14        27

 BOND    =        1.7250  ANGLE   =        9.2352  DIHED      =       20.4416
 VDWAALS =       -1.9635  EEL     =      -37.4283  HBOND      =        0.0000
 1-4 VDW =        2.4573  1-4 EEL =       75.0012  RESTRAINT  =        0.0000


   NSTEP       ENERGY          RMS            GMAX         NAME    NUMBER
     93       6.9458E+01     1.5822E+00     4.9396E+00     C           2

 BOND    =        1.7648  ANGLE   =        9.1717  DIHED      =       20.4221
 VDWAALS =       -1.9403  EEL     =      -37.3998  HBOND      =        0.0000
 1-4 VDW =        2.4580  1-4 EEL =       74.9815  RESTRAINT  =        0.0000


   NSTEP       ENERGY          RMS            GMAX         NAME    NUMBER
     94       6.9370E+01     1.8247E+00     5.2361E+00     CAF        14

 BOND    =        1.8583  ANGLE   =        9.0757  DIHED      =       20.3637
 VDWAALS =       -1.8556  EEL     =      -37.3167  HBOND      =        0.0000
 1-4 VDW =        2.4676  1-4 EEL =       74.7770  RESTRAINT  =        0.0000


   NSTEP       ENERGY          RMS            GMAX         NAME    NUMBER
     95       6.9351E+01     1.1995E+00     3.1521E+00     CAF        14

 BOND    =        1.8002  ANGLE   =        9.0905  DIHED      =       20.3809
 VDWAALS =       -1.8816  EEL     =      -37.3413  HBOND      =        0.0000
 1-4 VDW =        2.4642  1-4 EEL =       74.8380  RESTRAINT  =        0.0000


   NSTEP       ENERGY          RMS            GMAX         NAME    NUMBER
     96       6.9269E+01     9.9904E-01     3.2994E+00     C           2

 BOND    =        1.8523  ANGLE   =        8.9475  DIHED      =       20.3430
 VDWAALS =       -1.8671  EEL     =      -37.3099  HBOND      =        0.0000
 1-4 VDW =        2.4760  1-4 EEL =       74.8273  RESTRAINT  =        0.0000


   NSTEP       ENERGY          RMS            GMAX         NAME    NUMBER
     97       6.9260E+01     1.3485E+00     5.4481E+00     C           2

 BOND    =        1.8948  ANGLE   =        8.8908  DIHED      =       20.3255
 VDWAALS =       -1.8600  EEL     =      -37.2952  HBOND      =        0.0000
 1-4 VDW =        2.4819  1-4 EEL =       74.8219  RESTRAINT  =        0.0000


   NSTEP       ENERGY          RMS            GMAX         NAME    NUMBER
     98       6.9188E+01     1.9295E+00     8.9386E+00     C           2

 BOND    =        2.0133  ANGLE   =        8.6165  DIHED      =       20.2430
 VDWAALS =       -1.8547  EEL     =      -37.2339  HBOND      =        0.0000
 1-4 VDW =        2.5007  1-4 EEL =       74.9026  RESTRAINT  =        0.0000


   NSTEP       ENERGY          RMS            GMAX         NAME    NUMBER
     99       6.9184E+01     1.5771E+00     6.4252E+00     C           2

 BOND    =        1.9821  ANGLE   =        8.6591  DIHED      =       20.2573
 VDWAALS =       -1.8557  EEL     =      -37.2447  HBOND      =        0.0000
 1-4 VDW =        2.4972  1-4 EEL =       74.8888  RESTRAINT  =        0.0000


   NSTEP       ENERGY          RMS            GMAX         NAME    NUMBER
    100       6.9081E+01     9.9926E-01     3.2810E+00     SAE        15

 BOND    =        1.9732  ANGLE   =        8.5961  DIHED      =       20.1645
 VDWAALS =       -1.8562  EEL     =      -37.2279  HBOND      =        0.0000
 1-4 VDW =        2.5124  1-4 EEL =       74.9190  RESTRAINT  =        0.0000


  Maximum number of minimization cycles reached.


                    FINAL RESULTS



   NSTEP       ENERGY          RMS            GMAX         NAME    NUMBER
    100       6.9081E+01     9.9926E-01     3.2810E+00     SAE        15

 BOND    =        1.9732  ANGLE   =        8.5961  DIHED      =       20.1645
 VDWAALS =       -1.8562  EEL     =      -37.2279  HBOND      =        0.0000
 1-4 VDW =        2.5124  1-4 EEL =       74.9190  RESTRAINT  =        0.0000

--------------------------------------------------------------------------------
   5.  TIMINGS
--------------------------------------------------------------------------------

|    Read coords time           0.00 ( 0.57% of Total)
|    Fast Water setup           0.00 ( 0.02% of Total)
|                Build the list             0.00 (91.65% of List )
|                Other                      0.00 ( 8.35% of List )
|             List time                  0.00 ( 6.85% of Nonbo)
|                   Short_ene time             0.01 (98.57% of Direc)
|                   Other                      0.00 ( 1.43% of Direc)
|                Direct Ewald time          0.01 (90.65% of Ewald)
|                Force Adjust               0.00 ( 0.22% of Ewald)
|                Virial junk                0.00 ( 0.37% of Ewald)
|                Start synchronizatio       0.00 ( 0.36% of Ewald)
|                Other                      0.00 ( 8.40% of Ewald)
|             Ewald time                 0.01 (91.95% of Nonbo)
|             IPS excludes               0.00 ( 0.22% of Nonbo)
|             Other                      0.00 ( 0.99% of Nonbo)
|          Nonbond force              0.01 (64.26% of Force)
|          Bond/Angle/Dihedral        0.00 (34.43% of Force)
|          Other                      0.00 ( 1.31% of Force)
|       Force time                 0.01 (100.0% of Runmd)
|    Runmd Time                 0.01 (36.55% of Total)
|    Other                      0.02 (62.85% of Total)
| Total time                 0.03 (99.82% of ALL  )

| Number of list builds   :          1

| Highest rstack allocated:        110
| Highest istack allocated:         22
|           Job began  at 14:53:56.693  on 05/22/2015
|           Setup done at 14:53:56.696  on 05/22/2015
|           Run   done at 14:53:56.726  on 05/22/2015
|     wallclock() was called    2335 times
