
          -------------------------------------------------------
          Amber 14 SANDER                              2014
          -------------------------------------------------------

| Run on 05/22/2015 at 14:02:18

|   Executable path: sander
| Working directory: /net/chevy/raid1/nigel/amber/library/amber_library/0
|          Hostname: chevy.lbl.gov

  [-O]verwriting output

File Assignments:
|  MDIN: sander.in                                                             
| MDOUT: 018.min.out                                                           
|INPCRD: 018.rst7                                                              
|  PARM: 018.prmtop                                                            
|RESTRT: 018.min.rst7                                                          
|  REFC: refc                                                                  
| MDVEL: mdvel                                                                 
| MDFRC: mdfrc                                                                 
|  MDEN: mden                                                                  
| MDCRD: mdcrd                                                                 
|MDINFO: mdinfo                                                                
|  MTMD: mtmd                                                                  
|INPDIP: inpdip                                                                
|RSTDIP: rstdip                                                                
|INPTRA: inptraj                                                               


 Here is the input file:

  short minimization                                                           
 &cntrl                                                                        
   imin=1, maxcyc=100, ncyc=50, ntpr=1, cut=99., ntb=0,                        
 /                                                                             

--------------------------------------------------------------------------------
   1.  RESOURCE   USE: 
--------------------------------------------------------------------------------

| Flags:                                                                        
|    NONPERIODIC   ntb=0 and igb=0: Setting up nonperiodic simulation
|  *** cutoff > system size, list only builds once
|Largest sphere to fit in unit cell has radius =    32.677
| New format PARM file being parsed.
| Version =    1.000 Date = 05/22/15 Time = 14:02:18
 NATOM  =      29 NTYPES =      10 NBONH =       9 MBONA  =      21
 NTHETH =      19 MTHETA =      30 NPHIH =      38 MPHIA  =      39
 NHPARM =       0 NPARM  =       0 NNB   =     142 NRES   =       1
 NBONA  =      21 NTHETA =      30 NPHIA =      39 NUMBND =      16
 NUMANG =      25 NPTRA  =       8 NATYP =      13 NPHB   =       0
 IFBOX  =       0 NMXRS  =      29 IFCAP =       0 NEXTRA =       0
 NCOPY  =       0


|     Memory Use     Allocated
|     Real                6654
|     Hollerith             90
|     Integer            24723
|     Max Pairs            406
|     nblistReal           348
|     nblist Int       1012534
|       Total             4108 kbytes

| Note: 1-4 EEL scale factors are being read from the topology file.

| Note: 1-4 VDW scale factors are being read from the topology file.
| Duplicated    0 dihedrals
| Duplicated    0 dihedrals

--------------------------------------------------------------------------------
   2.  CONTROL  DATA  FOR  THE  RUN
--------------------------------------------------------------------------------

018                                                                             

General flags:
     imin    =       1, nmropt  =       0

Nature and format of input:
     ntx     =       1, irest   =       0, ntrx    =       1

Nature and format of output:
     ntxo    =       1, ntpr    =       1, ntrx    =       1, ntwr    =     500
     iwrap   =       0, ntwx    =       0, ntwv    =       0, ntwe    =       0
     ioutfm  =       0, ntwprt  =       0, idecomp =       0, rbornstat=      0

Potential function:
     ntf     =       1, ntb     =       0, igb     =       0, nsnb    =      25
     ipol    =       0, gbsa    =       0, iesp    =       0
     dielc   =   1.00000, cut     =  99.00000, intdiel =   1.00000

Frozen or restrained atoms:
     ibelly  =       0, ntr     =       0

Energy minimization:
     maxcyc  =     100, ncyc    =      50, ntmin   =       1
     dx0     =   0.01000, drms    =   0.00010
|  INFO: Old style inpcrd file read


--------------------------------------------------------------------------------
   3.  ATOMIC COORDINATES AND VELOCITIES
--------------------------------------------------------------------------------

018                                                                             
 begin time read from input coords =     0.000 ps

 Number of triangulated 3-point waters found:        0

     Sum of charges from parm topology file =  -0.00100100
     Forcing neutrality...

--------------------------------------------------------------------------------
   4.  RESULTS
--------------------------------------------------------------------------------

 ---------------------------------------------------

     eedmeth=4: Setting switch to one everywhere

 ---------------------------------------------------
| Local SIZE OF NONBOND LIST =        269
| TOTAL SIZE OF NONBOND LIST =        269


   NSTEP       ENERGY          RMS            GMAX         NAME    NUMBER
      1      -2.7392E+01     2.0466E+01     6.6255E+01     CAN        17

 BOND    =        8.6872  ANGLE   =        7.5287  DIHED      =        0.1878
 VDWAALS =        1.2462  EEL     =       35.5259  HBOND      =        0.0000
 1-4 VDW =        7.0888  1-4 EEL =      -87.6568  RESTRAINT  =        0.0000


   NSTEP       ENERGY          RMS            GMAX         NAME    NUMBER
      2      -2.9532E+01     1.7791E+01     5.8620E+01     SAO        18

 BOND    =        7.1071  ANGLE   =        6.9542  DIHED      =        0.1903
 VDWAALS =        1.2517  EEL     =       35.4764  HBOND      =        0.0000
 1-4 VDW =        7.1374  1-4 EEL =      -87.6486  RESTRAINT  =        0.0000


   NSTEP       ENERGY          RMS            GMAX         NAME    NUMBER
      3      -3.1713E+01     1.4748E+01     5.0949E+01     SAO        18

 BOND    =        5.5176  ANGLE   =        6.3451  DIHED      =        0.1935
 VDWAALS =        1.2575  EEL     =       35.4168  HBOND      =        0.0000
 1-4 VDW =        7.1943  1-4 EEL =      -87.6380  RESTRAINT  =        0.0000


   NSTEP       ENERGY          RMS            GMAX         NAME    NUMBER
      4      -3.3811E+01     1.1376E+01     4.1473E+01     SAO        18

 BOND    =        4.0225  ANGLE   =        5.7259  DIHED      =        0.1978
 VDWAALS =        1.2632  EEL     =       35.3452  HBOND      =        0.0000
 1-4 VDW =        7.2585  1-4 EEL =      -87.6242  RESTRAINT  =        0.0000


   NSTEP       ENERGY          RMS            GMAX         NAME    NUMBER
      5      -3.5651E+01     7.8159E+00     2.9816E+01     SAO        18

 BOND    =        2.7635  ANGLE   =        5.1357  DIHED      =        0.2033
 VDWAALS =        1.2672  EEL     =       35.2599  HBOND      =        0.0000
 1-4 VDW =        7.3255  1-4 EEL =      -87.6058  RESTRAINT  =        0.0000


   NSTEP       ENERGY          RMS            GMAX         NAME    NUMBER
      6      -3.7033E+01     4.4496E+00     1.5925E+01     SAO        18

 BOND    =        1.9009  ANGLE   =        4.6287  DIHED      =        0.2098
 VDWAALS =        1.2660  EEL     =       35.1617  HBOND      =        0.0000
 1-4 VDW =        7.3816  1-4 EEL =      -87.5821  RESTRAINT  =        0.0000


   NSTEP       ENERGY          RMS            GMAX         NAME    NUMBER
      7      -3.7855E+01     2.3671E+00     8.0806E+00     HNAK       24

 BOND    =        1.5130  ANGLE   =        4.2664  DIHED      =        0.2140
 VDWAALS =        1.2516  EEL     =       35.0660  HBOND      =        0.0000
 1-4 VDW =        7.3954  1-4 EEL =      -87.5617  RESTRAINT  =        0.0000


   NSTEP       ENERGY          RMS            GMAX         NAME    NUMBER
      8      -3.8367E+01     2.1209E+00     6.6657E+00     NAK        14

 BOND    =        1.2801  ANGLE   =        4.1098  DIHED      =        0.2021
 VDWAALS =        1.2230  EEL     =       35.0716  HBOND      =        0.0000
 1-4 VDW =        7.3841  1-4 EEL =      -87.6378  RESTRAINT  =        0.0000


   NSTEP       ENERGY          RMS            GMAX         NAME    NUMBER
      9      -3.7867E+01     7.5939E+00     2.5439E+01     CAJ        11

 BOND    =        1.6961  ANGLE   =        4.3155  DIHED      =        0.2103
 VDWAALS =        1.1632  EEL     =       35.2259  HBOND      =        0.0000
 1-4 VDW =        7.4267  1-4 EEL =      -87.9046  RESTRAINT  =        0.0000


   NSTEP       ENERGY          RMS            GMAX         NAME    NUMBER
     10      -3.8701E+01     1.8024E+00     4.9979E+00     HNAK       24

 BOND    =        1.0740  ANGLE   =        4.1291  DIHED      =        0.2072
 VDWAALS =        1.1649  EEL     =       35.1980  HBOND      =        0.0000
 1-4 VDW =        7.4427  1-4 EEL =      -87.9169  RESTRAINT  =        0.0000


   NSTEP       ENERGY          RMS            GMAX         NAME    NUMBER
     11      -3.8647E+01     3.4629E+00     9.6114E+00     CAN        17

 BOND    =        1.1379  ANGLE   =        4.2078  DIHED      =        0.2048
 VDWAALS =        1.1482  EEL     =       35.2598  HBOND      =        0.0000
 1-4 VDW =        7.3614  1-4 EEL =      -87.9664  RESTRAINT  =        0.0000


   NSTEP       ENERGY          RMS            GMAX         NAME    NUMBER
     12      -3.8876E+01     1.2143E+00     3.7762E+00     NAQ         2

 BOND    =        1.0094  ANGLE   =        4.1175  DIHED      =        0.2085
 VDWAALS =        1.1561  EEL     =       35.2326  HBOND      =        0.0000
 1-4 VDW =        7.4048  1-4 EEL =      -88.0045  RESTRAINT  =        0.0000


   NSTEP       ENERGY          RMS            GMAX         NAME    NUMBER
     13      -3.8839E+01     3.2913E+00     1.4615E+01     NAQ         2

 BOND    =        1.0776  ANGLE   =        4.0850  DIHED      =        0.2159
 VDWAALS =        1.1559  EEL     =       35.3384  HBOND      =        0.0000
 1-4 VDW =        7.4247  1-4 EEL =      -88.1363  RESTRAINT  =        0.0000


   NSTEP       ENERGY          RMS            GMAX         NAME    NUMBER
     14      -3.8965E+01     8.8122E-01     3.3104E+00     HNAK       24

 BOND    =        0.9713  ANGLE   =        4.1042  DIHED      =        0.2149
 VDWAALS =        1.1566  EEL     =       35.2825  HBOND      =        0.0000
 1-4 VDW =        7.4197  1-4 EEL =      -88.1138  RESTRAINT  =        0.0000


   NSTEP       ENERGY          RMS            GMAX         NAME    NUMBER
     15      -3.9002E+01     1.1957E+00     4.1295E+00     OAR         1

 BOND    =        0.9744  ANGLE   =        4.1017  DIHED      =        0.2157
 VDWAALS =        1.1553  EEL     =       35.3174  HBOND      =        0.0000
 1-4 VDW =        7.4043  1-4 EEL =      -88.1705  RESTRAINT  =        0.0000


   NSTEP       ENERGY          RMS            GMAX         NAME    NUMBER
     16      -3.8974E+01     2.6788E+00     1.4243E+01     NAQ         2

 BOND    =        1.0116  ANGLE   =        4.1158  DIHED      =        0.2204
 VDWAALS =        1.1643  EEL     =       35.2921  HBOND      =        0.0000
 1-4 VDW =        7.4080  1-4 EEL =      -88.1857  RESTRAINT  =        0.0000


   NSTEP       ENERGY          RMS            GMAX         NAME    NUMBER
     17      -3.9054E+01     7.2432E-01     2.6002E+00     HNAK       24

 BOND    =        0.9502  ANGLE   =        4.0917  DIHED      =        0.2207
 VDWAALS =        1.1621  EEL     =       35.3303  HBOND      =        0.0000
 1-4 VDW =        7.4112  1-4 EEL =      -88.2205  RESTRAINT  =        0.0000


   NSTEP       ENERGY          RMS            GMAX         NAME    NUMBER
     18      -3.9076E+01     1.0284E+00     2.8978E+00     OAR         1

 BOND    =        0.9500  ANGLE   =        4.0993  DIHED      =        0.2221
 VDWAALS =        1.1606  EEL     =       35.3479  HBOND      =        0.0000
 1-4 VDW =        7.4064  1-4 EEL =      -88.2629  RESTRAINT  =        0.0000


   NSTEP       ENERGY          RMS            GMAX         NAME    NUMBER
     19      -3.9074E+01     1.7799E+00     7.1391E+00     NAQ         2

 BOND    =        0.9701  ANGLE   =        4.0925  DIHED      =        0.2255
 VDWAALS =        1.1687  EEL     =       35.3452  HBOND      =        0.0000
 1-4 VDW =        7.3985  1-4 EEL =      -88.2740  RESTRAINT  =        0.0000


   NSTEP       ENERGY          RMS            GMAX         NAME    NUMBER
     20      -3.9113E+01     5.7959E-01     2.1619E+00     HNAK       24

 BOND    =        0.9388  ANGLE   =        4.0852  DIHED      =        0.2259
 VDWAALS =        1.1677  EEL     =       35.3634  HBOND      =        0.0000
 1-4 VDW =        7.4041  1-4 EEL =      -88.2980  RESTRAINT  =        0.0000


   NSTEP       ENERGY          RMS            GMAX         NAME    NUMBER
     21      -3.9131E+01     6.9704E-01     1.9843E+00     CAF        12

 BOND    =        0.9325  ANGLE   =        4.0951  DIHED      =        0.2278
 VDWAALS =        1.1680  EEL     =       35.3680  HBOND      =        0.0000
 1-4 VDW =        7.4041  1-4 EEL =      -88.3268  RESTRAINT  =        0.0000


   NSTEP       ENERGY          RMS            GMAX         NAME    NUMBER
     22      -3.9141E+01     1.0946E+00     4.4617E+00     CAJ        11

 BOND    =        0.9455  ANGLE   =        4.0752  DIHED      =        0.2308
 VDWAALS =        1.1734  EEL     =       35.3909  HBOND      =        0.0000
 1-4 VDW =        7.3960  1-4 EEL =      -88.3526  RESTRAINT  =        0.0000


   NSTEP       ENERGY          RMS            GMAX         NAME    NUMBER
     23      -3.9145E+01     1.3919E+00     4.6178E+00     CAI         4

 BOND    =        0.9345  ANGLE   =        4.1044  DIHED      =        0.2319
 VDWAALS =        1.1739  EEL     =       35.3793  HBOND      =        0.0000
 1-4 VDW =        7.4066  1-4 EEL =      -88.3752  RESTRAINT  =        0.0000


   NSTEP       ENERGY          RMS            GMAX         NAME    NUMBER
     24      -3.9146E+01     1.6688E+00     6.6906E+00     CAJ        11

 BOND    =        0.9603  ANGLE   =        4.0714  DIHED      =        0.2343
 VDWAALS =        1.1757  EEL     =       35.4120  HBOND      =        0.0000
 1-4 VDW =        7.3903  1-4 EEL =      -88.3898  RESTRAINT  =        0.0000


   NSTEP       ENERGY          RMS            GMAX         NAME    NUMBER
     25      -3.9139E+01     2.0736E+00     7.0240E+00     CAI         4

 BOND    =        0.9462  ANGLE   =        4.1175  DIHED      =        0.2351
 VDWAALS =        1.1796  EEL     =       35.3801  HBOND      =        0.0000
 1-4 VDW =        7.4077  1-4 EEL =      -88.4048  RESTRAINT  =        0.0000


   NSTEP       ENERGY          RMS            GMAX         NAME    NUMBER
     26      -3.9193E+01     4.8827E-01     1.5143E+00     OAP         3

 BOND    =        0.9214  ANGLE   =        4.0822  DIHED      =        0.2362
 VDWAALS =        1.1787  EEL     =       35.4060  HBOND      =        0.0000
 1-4 VDW =        7.3982  1-4 EEL =      -88.4153  RESTRAINT  =        0.0000


   NSTEP       ENERGY          RMS            GMAX         NAME    NUMBER
     27      -3.9205E+01     9.2983E-01     3.0355E+00     CAJ        11

 BOND    =        0.9303  ANGLE   =        4.0759  DIHED      =        0.2397
 VDWAALS =        1.1832  EEL     =       35.4121  HBOND      =        0.0000
 1-4 VDW =        7.3900  1-4 EEL =      -88.4366  RESTRAINT  =        0.0000


   NSTEP       ENERGY          RMS            GMAX         NAME    NUMBER
     28      -3.9193E+01     1.7069E+00     5.6213E+00     NAQ         2

 BOND    =        0.9358  ANGLE   =        4.0852  DIHED      =        0.2417
 VDWAALS =        1.1846  EEL     =       35.4373  HBOND      =        0.0000
 1-4 VDW =        7.4031  1-4 EEL =      -88.4807  RESTRAINT  =        0.0000


   NSTEP       ENERGY          RMS            GMAX         NAME    NUMBER
     29      -3.9228E+01     5.0359E-01     1.4660E+00     OAP         3

 BOND    =        0.9142  ANGLE   =        4.0802  DIHED      =        0.2422
 VDWAALS =        1.1855  EEL     =       35.4246  HBOND      =        0.0000
 1-4 VDW =        7.3950  1-4 EEL =      -88.4693  RESTRAINT  =        0.0000


   NSTEP       ENERGY          RMS            GMAX         NAME    NUMBER
     30      -3.9235E+01     7.7633E-01     2.8458E+00     CAJ        11

 BOND    =        0.9235  ANGLE   =        4.0702  DIHED      =        0.2447
 VDWAALS =        1.1882  EEL     =       35.4312  HBOND      =        0.0000
 1-4 VDW =        7.3877  1-4 EEL =      -88.4807  RESTRAINT  =        0.0000


   NSTEP       ENERGY          RMS            GMAX         NAME    NUMBER
     31      -3.9238E+01     1.0582E+00     3.2985E+00     CAF        12

 BOND    =        0.9142  ANGLE   =        4.0840  DIHED      =        0.2462
 VDWAALS =        1.1899  EEL     =       35.4380  HBOND      =        0.0000
 1-4 VDW =        7.3971  1-4 EEL =      -88.5068  RESTRAINT  =        0.0000


   NSTEP       ENERGY          RMS            GMAX         NAME    NUMBER
     32      -3.9240E+01     1.2348E+00     4.2716E+00     CAJ        11

 BOND    =        0.9336  ANGLE   =        4.0696  DIHED      =        0.2478
 VDWAALS =        1.1911  EEL     =       35.4348  HBOND      =        0.0000
 1-4 VDW =        7.3826  1-4 EEL =      -88.4996  RESTRAINT  =        0.0000


   NSTEP       ENERGY          RMS            GMAX         NAME    NUMBER
     33      -3.9237E+01     1.5658E+00     4.4627E+00     CAF        12

 BOND    =        0.9223  ANGLE   =        4.0820  DIHED      =        0.2492
 VDWAALS =        1.1932  EEL     =       35.4543  HBOND      =        0.0000
 1-4 VDW =        7.3988  1-4 EEL =      -88.5365  RESTRAINT  =        0.0000


   NSTEP       ENERGY          RMS            GMAX         NAME    NUMBER
     34      -3.9267E+01     3.9745E-01     1.1223E+00     OAP         3

 BOND    =        0.9075  ANGLE   =        4.0747  DIHED      =        0.2498
 VDWAALS =        1.1933  EEL     =       35.4433  HBOND      =        0.0000
 1-4 VDW =        7.3897  1-4 EEL =      -88.5255  RESTRAINT  =        0.0000


   NSTEP       ENERGY          RMS            GMAX         NAME    NUMBER
     35      -3.9276E+01     6.7485E-01     2.5040E+00     CAJ        11

 BOND    =        0.9152  ANGLE   =        4.0628  DIHED      =        0.2528
 VDWAALS =        1.1957  EEL     =       35.4577  HBOND      =        0.0000
 1-4 VDW =        7.3841  1-4 EEL =      -88.5446  RESTRAINT  =        0.0000


   NSTEP       ENERGY          RMS            GMAX         NAME    NUMBER
     36      -3.9272E+01     1.2335E+00     4.0572E+00     CAI         4

 BOND    =        0.9069  ANGLE   =        4.0912  DIHED      =        0.2542
 VDWAALS =        1.1983  EEL     =       35.4405  HBOND      =        0.0000
 1-4 VDW =        7.3919  1-4 EEL =      -88.5552  RESTRAINT  =        0.0000


   NSTEP       ENERGY          RMS            GMAX         NAME    NUMBER
     37      -3.9291E+01     3.9155E-01     1.2188E+00     OAP         3

 BOND    =        0.9031  ANGLE   =        4.0718  DIHED      =        0.2550
 VDWAALS =        1.1979  EEL     =       35.4556  HBOND      =        0.0000
 1-4 VDW =        7.3870  1-4 EEL =      -88.5614  RESTRAINT  =        0.0000


   NSTEP       ENERGY          RMS            GMAX         NAME    NUMBER
     38      -3.9298E+01     5.2811E-01     1.8868E+00     CAJ        11

 BOND    =        0.9091  ANGLE   =        4.0632  DIHED      =        0.2570
 VDWAALS =        1.1994  EEL     =       35.4622  HBOND      =        0.0000
 1-4 VDW =        7.3821  1-4 EEL =      -88.5706  RESTRAINT  =        0.0000


   NSTEP       ENERGY          RMS            GMAX         NAME    NUMBER
     39      -3.9301E+01     7.6918E-01     2.5336E+00     CAF        12

 BOND    =        0.8996  ANGLE   =        4.0772  DIHED      =        0.2584
 VDWAALS =        1.2010  EEL     =       35.4603  HBOND      =        0.0000
 1-4 VDW =        7.3883  1-4 EEL =      -88.5857  RESTRAINT  =        0.0000


   NSTEP       ENERGY          RMS            GMAX         NAME    NUMBER
     40      -3.9303E+01     9.0513E-01     3.5431E+00     CAJ        11

 BOND    =        0.9169  ANGLE   =        4.0579  DIHED      =        0.2600
 VDWAALS =        1.2012  EEL     =       35.4703  HBOND      =        0.0000
 1-4 VDW =        7.3777  1-4 EEL =      -88.5876  RESTRAINT  =        0.0000


   NSTEP       ENERGY          RMS            GMAX         NAME    NUMBER
     41      -3.9304E+01     1.1150E+00     3.8567E+00     CAJ        11

 BOND    =        0.8996  ANGLE   =        4.0824  DIHED      =        0.2610
 VDWAALS =        1.2035  EEL     =       35.4622  HBOND      =        0.0000
 1-4 VDW =        7.3893  1-4 EEL =      -88.6018  RESTRAINT  =        0.0000


   NSTEP       ENERGY          RMS            GMAX         NAME    NUMBER
     42      -3.9302E+01     1.3345E+00     5.2729E+00     CAJ        11

 BOND    =        0.9294  ANGLE   =        4.0534  DIHED      =        0.2627
 VDWAALS =        1.2023  EEL     =       35.4795  HBOND      =        0.0000
 1-4 VDW =        7.3736  1-4 EEL =      -88.6032  RESTRAINT  =        0.0000


   NSTEP       ENERGY          RMS            GMAX         NAME    NUMBER
     43      -3.9326E+01     3.2353E-01     9.2086E-01     NAQ         2

 BOND    =        0.9000  ANGLE   =        4.0637  DIHED      =        0.2630
 VDWAALS =        1.2039  EEL     =       35.4710  HBOND      =        0.0000
 1-4 VDW =        7.3805  1-4 EEL =      -88.6078  RESTRAINT  =        0.0000


   NSTEP       ENERGY          RMS            GMAX         NAME    NUMBER
     44      -3.9334E+01     5.0733E-01     1.6651E+00     OAP         3

 BOND    =        0.8953  ANGLE   =        4.0663  DIHED      =        0.2656
 VDWAALS =        1.2054  EEL     =       35.4781  HBOND      =        0.0000
 1-4 VDW =        7.3826  1-4 EEL =      -88.6274  RESTRAINT  =        0.0000


   NSTEP       ENERGY          RMS            GMAX         NAME    NUMBER
     45      -3.9329E+01     1.1326E+00     4.2483E+00     NAQ         2

 BOND    =        0.9171  ANGLE   =        4.0593  DIHED      =        0.2675
 VDWAALS =        1.2066  EEL     =       35.4696  HBOND      =        0.0000
 1-4 VDW =        7.3718  1-4 EEL =      -88.6214  RESTRAINT  =        0.0000


   NSTEP       ENERGY          RMS            GMAX         NAME    NUMBER
     46      -3.9345E+01     3.5360E-01     9.7675E-01     CAJ        11

 BOND    =        0.8982  ANGLE   =        4.0597  DIHED      =        0.2680
 VDWAALS =        1.2067  EEL     =       35.4794  HBOND      =        0.0000
 1-4 VDW =        7.3772  1-4 EEL =      -88.6341  RESTRAINT  =        0.0000


   NSTEP       ENERGY          RMS            GMAX         NAME    NUMBER
     47      -3.9350E+01     4.9699E-01     1.5379E+00     CAF        12

 BOND    =        0.8921  ANGLE   =        4.0662  DIHED      =        0.2694
 VDWAALS =        1.2075  EEL     =       35.4814  HBOND      =        0.0000
 1-4 VDW =        7.3804  1-4 EEL =      -88.6466  RESTRAINT  =        0.0000


   NSTEP       ENERGY          RMS            GMAX         NAME    NUMBER
     48      -3.9352E+01     6.9799E-01     2.4817E+00     CAJ        11

 BOND    =        0.9046  ANGLE   =        4.0552  DIHED      =        0.2709
 VDWAALS =        1.2079  EEL     =       35.4825  HBOND      =        0.0000
 1-4 VDW =        7.3724  1-4 EEL =      -88.6454  RESTRAINT  =        0.0000


   NSTEP       ENERGY          RMS            GMAX         NAME    NUMBER
     49      -3.9354E+01     8.2067E-01     2.5806E+00     CAF        12

 BOND    =        0.8912  ANGLE   =        4.0679  DIHED      =        0.2719
 VDWAALS =        1.2086  EEL     =       35.4871  HBOND      =        0.0000
 1-4 VDW =        7.3817  1-4 EEL =      -88.6623  RESTRAINT  =        0.0000


   NSTEP       ENERGY          RMS            GMAX         NAME    NUMBER
     50      -3.9354E+01     1.0276E+00     3.3634E+00     CAJ        11

 BOND    =        0.9123  ANGLE   =        4.0549  DIHED      =        0.2731
 VDWAALS =        1.2085  EEL     =       35.4807  HBOND      =        0.0000
 1-4 VDW =        7.3687  1-4 EEL =      -88.6518  RESTRAINT  =        0.0000


   NSTEP       ENERGY          RMS            GMAX         NAME    NUMBER
     51      -3.9367E+01     2.9433E-01     1.0219E+00     OAP         3

 BOND    =        0.8935  ANGLE   =        4.0575  DIHED      =        0.2735
 VDWAALS =        1.2089  EEL     =       35.4878  HBOND      =        0.0000
 1-4 VDW =        7.3747  1-4 EEL =      -88.6632  RESTRAINT  =        0.0000


   NSTEP       ENERGY          RMS            GMAX         NAME    NUMBER
     52      -8.1081E+00     5.0307E+01     1.8415E+02     CAJ        11

 BOND    =       22.4736  ANGLE   =       13.9701  DIHED      =        0.5823
 VDWAALS =        1.4698  EEL     =       35.2283  HBOND      =        0.0000
 1-4 VDW =        7.8978  1-4 EEL =      -89.7300  RESTRAINT  =        0.0000


   NSTEP       ENERGY          RMS            GMAX         NAME    NUMBER
     53      -3.9375E+01     7.2706E-01     2.2840E+00     CAJ        11

 BOND    =        0.8873  ANGLE   =        4.0698  DIHED      =        0.2767
 VDWAALS =        1.2103  EEL     =       35.4828  HBOND      =        0.0000
 1-4 VDW =        7.3771  1-4 EEL =      -88.6791  RESTRAINT  =        0.0000


   NSTEP       ENERGY          RMS            GMAX         NAME    NUMBER
     54      -3.9390E+01     6.9849E-01     2.2677E+00     CAJ        11

 BOND    =        0.8848  ANGLE   =        4.0675  DIHED      =        0.2808
 VDWAALS =        1.2114  EEL     =       35.4893  HBOND      =        0.0000
 1-4 VDW =        7.3749  1-4 EEL =      -88.6990  RESTRAINT  =        0.0000


   NSTEP       ENERGY          RMS            GMAX         NAME    NUMBER
     55      -3.9496E+01     9.6677E-01     3.8713E+00     NAQ         2

 BOND    =        0.8729  ANGLE   =        4.0583  DIHED      =        0.3215
 VDWAALS =        1.2274  EEL     =       35.5508  HBOND      =        0.0000
 1-4 VDW =        7.3558  1-4 EEL =      -88.8831  RESTRAINT  =        0.0000


   NSTEP       ENERGY          RMS            GMAX         NAME    NUMBER
     56      -3.9541E+01     1.8526E+00     9.9314E+00     NAQ         2

 BOND    =        0.8861  ANGLE   =        4.0753  DIHED      =        0.3776
 VDWAALS =        1.2599  EEL     =       35.6285  HBOND      =        0.0000
 1-4 VDW =        7.3354  1-4 EEL =      -89.1041  RESTRAINT  =        0.0000


   NSTEP       ENERGY          RMS            GMAX         NAME    NUMBER
     57      -3.9307E+01     4.6469E+00     2.5073E+01     NAQ         2

 BOND    =        1.1619  ANGLE   =        4.1641  DIHED      =        0.5043
 VDWAALS =        1.3583  EEL     =       35.6420  HBOND      =        0.0000
 1-4 VDW =        7.2620  1-4 EEL =      -89.3998  RESTRAINT  =        0.0000


   NSTEP       ENERGY          RMS            GMAX         NAME    NUMBER
     58      -3.9590E+01     3.9066E-01     1.0999E+00     OAR         1

 BOND    =        0.8716  ANGLE   =        4.0881  DIHED      =        0.4119
 VDWAALS =        1.2839  EEL     =       35.6314  HBOND      =        0.0000
 1-4 VDW =        7.3140  1-4 EEL =      -89.1911  RESTRAINT  =        0.0000


   NSTEP       ENERGY          RMS            GMAX         NAME    NUMBER
     59      -3.9595E+01     3.7459E-01     1.0060E+00     HNAK       24

 BOND    =        0.8691  ANGLE   =        4.0887  DIHED      =        0.4126
 VDWAALS =        1.2793  EEL     =       35.6317  HBOND      =        0.0000
 1-4 VDW =        7.3137  1-4 EEL =      -89.1897  RESTRAINT  =        0.0000


   NSTEP       ENERGY          RMS            GMAX         NAME    NUMBER
     60      -3.9621E+01     8.8141E-01     3.5752E+00     CAJ        11

 BOND    =        0.8573  ANGLE   =        4.0968  DIHED      =        0.4199
 VDWAALS =        1.2365  EEL     =       35.6340  HBOND      =        0.0000
 1-4 VDW =        7.3107  1-4 EEL =      -89.1761  RESTRAINT  =        0.0000


   NSTEP       ENERGY          RMS            GMAX         NAME    NUMBER
     61      -3.9625E+01     1.3041E+00     5.4568E+00     CAJ        11

 BOND    =        0.8594  ANGLE   =        4.1029  DIHED      =        0.4243
 VDWAALS =        1.2131  EEL     =       35.6352  HBOND      =        0.0000
 1-4 VDW =        7.3091  1-4 EEL =      -89.1686  RESTRAINT  =        0.0000


   NSTEP       ENERGY          RMS            GMAX         NAME    NUMBER
     62      -3.9685E+01     1.0310E+00     3.6163E+00     OAR         1

 BOND    =        0.8233  ANGLE   =        4.1678  DIHED      =        0.4375
 VDWAALS =        1.1259  EEL     =       35.6239  HBOND      =        0.0000
 1-4 VDW =        7.2932  1-4 EEL =      -89.1565  RESTRAINT  =        0.0000


   NSTEP       ENERGY          RMS            GMAX         NAME    NUMBER
     63      -3.9766E+01     1.5088E+00     5.4686E+00     OAR         1

 BOND    =        0.7681  ANGLE   =        4.3962  DIHED      =        0.4935
 VDWAALS =        0.8636  EEL     =       35.5889  HBOND      =        0.0000
 1-4 VDW =        7.2424  1-4 EEL =      -89.1190  RESTRAINT  =        0.0000


   NSTEP       ENERGY          RMS            GMAX         NAME    NUMBER
     64      -3.9896E+01     1.5780E+00     5.9688E+00     NAQ         2

 BOND    =        0.7675  ANGLE   =        4.4070  DIHED      =        0.6149
 VDWAALS =        0.6239  EEL     =       35.5032  HBOND      =        0.0000
 1-4 VDW =        7.2236  1-4 EEL =      -89.0363  RESTRAINT  =        0.0000


   NSTEP       ENERGY          RMS            GMAX         NAME    NUMBER
     65      -3.9898E+01     1.4225E+00     5.4928E+00     NAQ         2

 BOND    =        0.7594  ANGLE   =        4.4021  DIHED      =        0.6016
 VDWAALS =        0.6464  EEL     =       35.5112  HBOND      =        0.0000
 1-4 VDW =        7.2257  1-4 EEL =      -89.0441  RESTRAINT  =        0.0000


   NSTEP       ENERGY          RMS            GMAX         NAME    NUMBER
     66      -3.9932E+01     2.1230E+00     1.2078E+01     NAQ         2

 BOND    =        1.0475  ANGLE   =        4.1474  DIHED      =        0.7178
 VDWAALS =        0.5389  EEL     =       35.3965  HBOND      =        0.0000
 1-4 VDW =        7.1745  1-4 EEL =      -88.9548  RESTRAINT  =        0.0000


   NSTEP       ENERGY          RMS            GMAX         NAME    NUMBER
     67      -3.9964E+01     1.1502E+00     5.1770E+00     CAI         4

 BOND    =        0.9050  ANGLE   =        4.2324  DIHED      =        0.6673
 VDWAALS =        0.5837  EEL     =       35.4432  HBOND      =        0.0000
 1-4 VDW =        7.1962  1-4 EEL =      -88.9914  RESTRAINT  =        0.0000


   NSTEP       ENERGY          RMS            GMAX         NAME    NUMBER
     68      -4.0013E+01     1.0279E+00     3.2667E+00     NAQ         2

 BOND    =        0.9577  ANGLE   =        4.1754  DIHED      =        0.7078
 VDWAALS =        0.5640  EEL     =       35.3777  HBOND      =        0.0000
 1-4 VDW =        7.1334  1-4 EEL =      -88.9285  RESTRAINT  =        0.0000


   NSTEP       ENERGY          RMS            GMAX         NAME    NUMBER
     69      -4.0013E+01     1.1656E+00     3.7862E+00     NAQ         2

 BOND    =        0.9697  ANGLE   =        4.1690  DIHED      =        0.7141
 VDWAALS =        0.5609  EEL     =       35.3680  HBOND      =        0.0000
 1-4 VDW =        7.1241  1-4 EEL =      -88.9192  RESTRAINT  =        0.0000


   NSTEP       ENERGY          RMS            GMAX         NAME    NUMBER
     70      -4.0073E+01     1.1927E+00     4.2461E+00     CAI         4

 BOND    =        0.9593  ANGLE   =        4.1280  DIHED      =        0.7632
 VDWAALS =        0.5416  EEL     =       35.3636  HBOND      =        0.0000
 1-4 VDW =        7.0936  1-4 EEL =      -88.9228  RESTRAINT  =        0.0000


   NSTEP       ENERGY          RMS            GMAX         NAME    NUMBER
     71      -4.0076E+01     1.4346E+00     5.2639E+00     CAI         4

 BOND    =        0.9661  ANGLE   =        4.1206  DIHED      =        0.7748
 VDWAALS =        0.5370  EEL     =       35.3627  HBOND      =        0.0000
 1-4 VDW =        7.0868  1-4 EEL =      -88.9235  RESTRAINT  =        0.0000


   NSTEP       ENERGY          RMS            GMAX         NAME    NUMBER
     72      -4.0163E+01     1.1644E+00     3.2659E+00     CAE        13

 BOND    =        0.9429  ANGLE   =        4.0682  DIHED      =        0.8387
 VDWAALS =        0.5036  EEL     =       35.3638  HBOND      =        0.0000
 1-4 VDW =        7.0932  1-4 EEL =      -88.9730  RESTRAINT  =        0.0000


   NSTEP       ENERGY          RMS            GMAX         NAME    NUMBER
     73      -4.0179E+01     1.6665E+00     5.0700E+00     CAJ        11

 BOND    =        0.9553  ANGLE   =        4.0452  DIHED      =        0.8843
 VDWAALS =        0.4800  EEL     =       35.3650  HBOND      =        0.0000
 1-4 VDW =        7.0966  1-4 EEL =      -89.0056  RESTRAINT  =        0.0000


   NSTEP       ENERGY          RMS            GMAX         NAME    NUMBER
     74      -4.0310E+01     1.2911E+00     3.8208E+00     HAF        22

 BOND    =        0.8599  ANGLE   =        4.0371  DIHED      =        1.0029
 VDWAALS =        0.3779  EEL     =       35.4834  HBOND      =        0.0000
 1-4 VDW =        7.1064  1-4 EEL =      -89.1773  RESTRAINT  =        0.0000


   NSTEP       ENERGY          RMS            GMAX         NAME    NUMBER
     75      -4.0318E+01     1.6128E+00     4.3383E+00     CAD         6

 BOND    =        0.8562  ANGLE   =        4.0385  DIHED      =        1.0436
 VDWAALS =        0.3449  EEL     =       35.5212  HBOND      =        0.0000
 1-4 VDW =        7.1093  1-4 EEL =      -89.2312  RESTRAINT  =        0.0000


   NSTEP       ENERGY          RMS            GMAX         NAME    NUMBER
     76      -4.0337E+01     1.3578E+00     3.7249E+00     HAF        22

 BOND    =        0.8478  ANGLE   =        4.0379  DIHED      =        1.0431
 VDWAALS =        0.3366  EEL     =       35.5174  HBOND      =        0.0000
 1-4 VDW =        7.1069  1-4 EEL =      -89.2261  RESTRAINT  =        0.0000


   NSTEP       ENERGY          RMS            GMAX         NAME    NUMBER
     77      -4.0356E+01     1.1179E+00     3.1142E+00     HAF        22

 BOND    =        0.8403  ANGLE   =        4.0385  DIHED      =        1.0424
 VDWAALS =        0.3259  EEL     =       35.5146  HBOND      =        0.0000
 1-4 VDW =        7.1042  1-4 EEL =      -89.2214  RESTRAINT  =        0.0000


   NSTEP       ENERGY          RMS            GMAX         NAME    NUMBER
     78      -4.0374E+01     9.2412E-01     2.4310E+00     HAF        22

 BOND    =        0.8334  ANGLE   =        4.0410  DIHED      =        1.0416
 VDWAALS =        0.3123  EEL     =       35.5142  HBOND      =        0.0000
 1-4 VDW =        7.1015  1-4 EEL =      -89.2182  RESTRAINT  =        0.0000


   NSTEP       ENERGY          RMS            GMAX         NAME    NUMBER
     79      -4.0393E+01     7.8462E-01     1.8359E+00     OAR         1

 BOND    =        0.8251  ANGLE   =        4.0464  DIHED      =        1.0407
 VDWAALS =        0.2957  EEL     =       35.5180  HBOND      =        0.0000
 1-4 VDW =        7.0997  1-4 EEL =      -89.2186  RESTRAINT  =        0.0000


   NSTEP       ENERGY          RMS            GMAX         NAME    NUMBER
     80      -3.7769E+01     7.4297E+00     2.5941E+01     HAF        22

 BOND    =        2.5460  ANGLE   =        5.4445  DIHED      =        1.1062
 VDWAALS =       -0.5034  EEL     =       35.9363  HBOND      =        0.0000
 1-4 VDW =        7.1809  1-4 EEL =      -89.4797  RESTRAINT  =        0.0000


   NSTEP       ENERGY          RMS            GMAX         NAME    NUMBER
     81      -4.0461E+01     7.7217E-01     2.3168E+00     CAF        12

 BOND    =        0.7840  ANGLE   =        4.1200  DIHED      =        1.0372
 VDWAALS =        0.1712  EEL     =       35.5757  HBOND      =        0.0000
 1-4 VDW =        7.1047  1-4 EEL =      -89.2543  RESTRAINT  =        0.0000


   NSTEP       ENERGY          RMS            GMAX         NAME    NUMBER
     82      -4.0447E+01     1.8513E+00     6.1537E+00     CAI         4

 BOND    =        0.6542  ANGLE   =        4.2470  DIHED      =        1.0474
 VDWAALS =        0.0807  EEL     =       35.7122  HBOND      =        0.0000
 1-4 VDW =        7.2244  1-4 EEL =      -89.4128  RESTRAINT  =        0.0000


   NSTEP       ENERGY          RMS            GMAX         NAME    NUMBER
     83      -4.0491E+01     7.1960E-01     2.4563E+00     CAI         4

 BOND    =        0.6967  ANGLE   =        4.1721  DIHED      =        1.0405
 VDWAALS =        0.1301  EEL     =       35.6373  HBOND      =        0.0000
 1-4 VDW =        7.1576  1-4 EEL =      -89.3257  RESTRAINT  =        0.0000


   NSTEP       ENERGY          RMS            GMAX         NAME    NUMBER
     84      -4.0526E+01     7.4745E-01     2.0271E+00     CAI         4

 BOND    =        0.6394  ANGLE   =        4.1909  DIHED      =        1.0438
 VDWAALS =        0.1049  EEL     =       35.6727  HBOND      =        0.0000
 1-4 VDW =        7.1833  1-4 EEL =      -89.3612  RESTRAINT  =        0.0000


   NSTEP       ENERGY          RMS            GMAX         NAME    NUMBER
     85      -4.0530E+01     1.0443E+00     3.1673E+00     CAH         5

 BOND    =        0.6199  ANGLE   =        4.2034  DIHED      =        1.0464
 VDWAALS =        0.0931  EEL     =       35.6893  HBOND      =        0.0000
 1-4 VDW =        7.1955  1-4 EEL =      -89.3778  RESTRAINT  =        0.0000


   NSTEP       ENERGY          RMS            GMAX         NAME    NUMBER
     86      -4.0576E+01     7.7085E-01     2.6896E+00     NAQ         2

 BOND    =        0.6109  ANGLE   =        4.1734  DIHED      =        1.0587
 VDWAALS =        0.0895  EEL     =       35.7202  HBOND      =        0.0000
 1-4 VDW =        7.1898  1-4 EEL =      -89.4181  RESTRAINT  =        0.0000


   NSTEP       ENERGY          RMS            GMAX         NAME    NUMBER
     87      -4.0577E+01     9.0325E-01     3.5110E+00     NAQ         2

 BOND    =        0.6134  ANGLE   =        4.1700  DIHED      =        1.0621
 VDWAALS =        0.0888  EEL     =       35.7264  HBOND      =        0.0000
 1-4 VDW =        7.1887  1-4 EEL =      -89.4263  RESTRAINT  =        0.0000


   NSTEP       ENERGY          RMS            GMAX         NAME    NUMBER
     88      -4.0592E+01     1.3487E+00     8.0640E+00     NAQ         2

 BOND    =        0.6676  ANGLE   =        4.0376  DIHED      =        1.0819
 VDWAALS =        0.1166  EEL     =       35.7924  HBOND      =        0.0000
 1-4 VDW =        7.2075  1-4 EEL =      -89.4957  RESTRAINT  =        0.0000


   NSTEP       ENERGY          RMS            GMAX         NAME    NUMBER
     89      -4.0599E+01     7.9419E-01     3.8740E+00     NAQ         2

 BOND    =        0.6390  ANGLE   =        4.0827  DIHED      =        1.0739
 VDWAALS =        0.1065  EEL     =       35.7684  HBOND      =        0.0000
 1-4 VDW =        7.2006  1-4 EEL =      -89.4705  RESTRAINT  =        0.0000


   NSTEP       ENERGY          RMS            GMAX         NAME    NUMBER
     90      -4.0622E+01     5.4652E-01     1.6688E+00     HNAK       24

 BOND    =        0.6551  ANGLE   =        4.0192  DIHED      =        1.0859
 VDWAALS =        0.1203  EEL     =       35.7699  HBOND      =        0.0000
 1-4 VDW =        7.2177  1-4 EEL =      -89.4905  RESTRAINT  =        0.0000


   NSTEP       ENERGY          RMS            GMAX         NAME    NUMBER
     91      -4.0625E+01     7.0461E-01     2.1904E+00     CAH         5

 BOND    =        0.6665  ANGLE   =        3.9943  DIHED      =        1.0916
 VDWAALS =        0.1262  EEL     =       35.7706  HBOND      =        0.0000
 1-4 VDW =        7.2252  1-4 EEL =      -89.4992  RESTRAINT  =        0.0000


   NSTEP       ENERGY          RMS            GMAX         NAME    NUMBER
     92      -4.0640E+01     6.8547E-01     2.0311E+00     CAH         5

 BOND    =        0.6621  ANGLE   =        3.9737  DIHED      =        1.1112
 VDWAALS =        0.1214  EEL     =       35.7923  HBOND      =        0.0000
 1-4 VDW =        7.2294  1-4 EEL =      -89.5299  RESTRAINT  =        0.0000


   NSTEP       ENERGY          RMS            GMAX         NAME    NUMBER
     93      -4.0641E+01     5.2903E-01     1.2992E+00     OAP         3

 BOND    =        0.6599  ANGLE   =        3.9771  DIHED      =        1.1070
 VDWAALS =        0.1224  EEL     =       35.7879  HBOND      =        0.0000
 1-4 VDW =        7.2285  1-4 EEL =      -89.5237  RESTRAINT  =        0.0000


   NSTEP       ENERGY          RMS            GMAX         NAME    NUMBER
     94      -4.0654E+01     3.8358E-01     9.1221E-01     NAK        14

 BOND    =        0.6557  ANGLE   =        3.9501  DIHED      =        1.1187
 VDWAALS =        0.1167  EEL     =       35.7958  HBOND      =        0.0000
 1-4 VDW =        7.2281  1-4 EEL =      -89.5188  RESTRAINT  =        0.0000


   NSTEP       ENERGY          RMS            GMAX         NAME    NUMBER
     95      -4.0656E+01     5.3550E-01     1.6264E+00     CAC         7

 BOND    =        0.6570  ANGLE   =        3.9333  DIHED      =        1.1270
 VDWAALS =        0.1128  EEL     =       35.8013  HBOND      =        0.0000
 1-4 VDW =        7.2278  1-4 EEL =      -89.5155  RESTRAINT  =        0.0000


   NSTEP       ENERGY          RMS            GMAX         NAME    NUMBER
     96      -4.0666E+01     6.5539E-01     2.4337E+00     CAJ        11

 BOND    =        0.6110  ANGLE   =        3.8864  DIHED      =        1.1524
 VDWAALS =        0.1028  EEL     =       35.8238  HBOND      =        0.0000
 1-4 VDW =        7.2415  1-4 EEL =      -89.4843  RESTRAINT  =        0.0000


   NSTEP       ENERGY          RMS            GMAX         NAME    NUMBER
     97      -4.0668E+01     4.6402E-01     1.6363E+00     CAJ        11

 BOND    =        0.6204  ANGLE   =        3.8973  DIHED      =        1.1456
 VDWAALS =        0.1054  EEL     =       35.8179  HBOND      =        0.0000
 1-4 VDW =        7.2379  1-4 EEL =      -89.4924  RESTRAINT  =        0.0000


   NSTEP       ENERGY          RMS            GMAX         NAME    NUMBER
     98      -4.0678E+01     4.6505E-01     1.4725E+00     CAJ        11

 BOND    =        0.6185  ANGLE   =        3.8731  DIHED      =        1.1635
 VDWAALS =        0.0900  EEL     =       35.8182  HBOND      =        0.0000
 1-4 VDW =        7.2408  1-4 EEL =      -89.4822  RESTRAINT  =        0.0000


   NSTEP       ENERGY          RMS            GMAX         NAME    NUMBER
     99      -4.0678E+01     5.4861E-01     2.0829E+00     CAJ        11

 BOND    =        0.6192  ANGLE   =        3.8689  DIHED      =        1.1671
 VDWAALS =        0.0870  EEL     =       35.8183  HBOND      =        0.0000
 1-4 VDW =        7.2413  1-4 EEL =      -89.4801  RESTRAINT  =        0.0000


   NSTEP       ENERGY          RMS            GMAX         NAME    NUMBER
    100      -4.0695E+01     4.2145E-01     9.0928E-01     NAK        14

 BOND    =        0.6209  ANGLE   =        3.8208  DIHED      =        1.1918
 VDWAALS =        0.0742  EEL     =       35.8252  HBOND      =        0.0000
 1-4 VDW =        7.2405  1-4 EEL =      -89.4683  RESTRAINT  =        0.0000


  Maximum number of minimization cycles reached.


                    FINAL RESULTS



   NSTEP       ENERGY          RMS            GMAX         NAME    NUMBER
    100      -4.0695E+01     4.2145E-01     9.0928E-01     NAK        14

 BOND    =        0.6209  ANGLE   =        3.8208  DIHED      =        1.1918
 VDWAALS =        0.0742  EEL     =       35.8252  HBOND      =        0.0000
 1-4 VDW =        7.2405  1-4 EEL =      -89.4683  RESTRAINT  =        0.0000

--------------------------------------------------------------------------------
   5.  TIMINGS
--------------------------------------------------------------------------------

|    Read coords time           0.00 ( 0.67% of Total)
|    Fast Water setup           0.00 ( 0.02% of Total)
|                Build the list             0.00 (93.53% of List )
|                Other                      0.00 ( 6.47% of List )
|             List time                  0.00 ( 7.47% of Nonbo)
|                   Short_ene time             0.01 (98.68% of Direc)
|                   Other                      0.00 ( 1.32% of Direc)
|                Direct Ewald time          0.01 (92.51% of Ewald)
|                Force Adjust               0.00 ( 0.16% of Ewald)
|                Virial junk                0.00 ( 0.37% of Ewald)
|                Start synchronizatio       0.00 ( 0.38% of Ewald)
|                Other                      0.00 ( 6.58% of Ewald)
|             Ewald time                 0.01 (91.42% of Nonbo)
|             IPS excludes               0.00 ( 0.19% of Nonbo)
|             Other                      0.00 ( 0.92% of Nonbo)
|          Nonbond force              0.01 (68.22% of Force)
|          Bond/Angle/Dihedral        0.00 (30.34% of Force)
|          Other                      0.00 ( 1.44% of Force)
|       Force time                 0.01 (100.0% of Runmd)
|    Runmd Time                 0.01 (42.97% of Total)
|    Other                      0.02 (56.33% of Total)
| Total time                 0.03 (99.81% of ALL  )

| Number of list builds   :          1

| Highest rstack allocated:        105
| Highest istack allocated:         21
|           Job began  at 14:02:18.700  on 05/22/2015
|           Setup done at 14:02:18.703  on 05/22/2015
|           Run   done at 14:02:18.728  on 05/22/2015
|     wallclock() was called    2335 times
