
          -------------------------------------------------------
          Amber 14 SANDER                              2014
          -------------------------------------------------------

| Run on 12/05/2014 at 18:06:31

|   Executable path: sander
| Working directory: /net/casegroup2/u2/pjanowsk/Phenix/AmberLibrary/0
|          Hostname: krakow

  [-O]verwriting output

File Assignments:
|  MDIN: sander.in                                                             
| MDOUT: 02C.min.out                                                           
|INPCRD: 02C.rst7                                                              
|  PARM: 02C.prmtop                                                            
|RESTRT: 02C.min.rst7                                                          
|  REFC: refc                                                                  
| MDVEL: mdvel                                                                 
| MDFRC: mdfrc                                                                 
|  MDEN: mden                                                                  
| MDCRD: mdcrd                                                                 
|MDINFO: mdinfo                                                                
|  MTMD: mtmd                                                                  
|INPDIP: inpdip                                                                
|RSTDIP: rstdip                                                                
|INPTRA: inptraj                                                               


 Here is the input file:

  short minimization                                                           
 &cntrl                                                                        
   imin=1, maxcyc=100, ncyc=50, ntpr=1, cut=99., ntb=0,                        
 /                                                                             

--------------------------------------------------------------------------------
   1.  RESOURCE   USE: 
--------------------------------------------------------------------------------

| Flags:                                                                        
|    NONPERIODIC   ntb=0 and igb=0: Setting up nonperiodic simulation
|  *** cutoff > system size, list only builds once
|Largest sphere to fit in unit cell has radius =    31.650
| New format PARM file being parsed.
| Version =    1.000 Date = 12/05/14 Time = 18:06:31
 NATOM  =      20 NTYPES =       7 NBONH =      10 MBONA  =      10
 NTHETH =      20 MTHETA =      13 NPHIH =      25 MPHIA  =      18
 NHPARM =       0 NPARM  =       0 NNB   =      91 NRES   =       1
 NBONA  =      10 NTHETA =      13 NPHIA =      18 NUMBND =      13
 NUMANG =      22 NPTRA  =       8 NATYP =      11 NPHB   =       0
 IFBOX  =       0 NMXRS  =      20 IFCAP =       0 NEXTRA =       0
 NCOPY  =       0


|     Memory Use     Allocated
|     Real                5496
|     Hollerith             63
|     Integer            22777
|     Max Pairs            190
|     nblistReal           240
|     nblist Int        924232
|       Total             3745 kbytes

| Note: 1-4 EEL scale factors are being read from the topology file.

| Note: 1-4 VDW scale factors are being read from the topology file.
| Duplicated    0 dihedrals
| Duplicated    0 dihedrals

--------------------------------------------------------------------------------
   2.  CONTROL  DATA  FOR  THE  RUN
--------------------------------------------------------------------------------

02C                                                                             

General flags:
     imin    =       1, nmropt  =       0

Nature and format of input:
     ntx     =       1, irest   =       0, ntrx    =       1

Nature and format of output:
     ntxo    =       1, ntpr    =       1, ntrx    =       1, ntwr    =     500
     iwrap   =       0, ntwx    =       0, ntwv    =       0, ntwe    =       0
     ioutfm  =       0, ntwprt  =       0, idecomp =       0, rbornstat=      0

Potential function:
     ntf     =       1, ntb     =       0, igb     =       0, nsnb    =      25
     ipol    =       0, gbsa    =       0, iesp    =       0
     dielc   =   1.00000, cut     =  99.00000, intdiel =   1.00000

Frozen or restrained atoms:
     ibelly  =       0, ntr     =       0

Energy minimization:
     maxcyc  =     100, ncyc    =      50, ntmin   =       1
     dx0     =   0.01000, drms    =   0.00010
|  INFO: Old style inpcrd file read


--------------------------------------------------------------------------------
   3.  ATOMIC COORDINATES AND VELOCITIES
--------------------------------------------------------------------------------

02C                                                                             
 begin time read from input coords =     0.000 ps

 Number of triangulated 3-point waters found:        0

     Sum of charges from parm topology file =   1.99900000

--------------------------------------------------------------------------------
   4.  RESULTS
--------------------------------------------------------------------------------

 ---------------------------------------------------

     eedmeth=4: Setting switch to one everywhere

 ---------------------------------------------------
| Local SIZE OF NONBOND LIST =        103
| TOTAL SIZE OF NONBOND LIST =        103


   NSTEP       ENERGY          RMS            GMAX         NAME    NUMBER
      1       8.8783E+01     2.3028E+01     6.8033E+01     C2          2

 BOND    =        6.4833  ANGLE   =        7.7766  DIHED      =       15.9621
 VDWAALS =       -0.9338  EEL     =      -68.0546  HBOND      =        0.0000
 1-4 VDW =        0.0672  1-4 EEL =      127.4825  RESTRAINT  =        0.0000


   NSTEP       ENERGY          RMS            GMAX         NAME    NUMBER
      2       8.7917E+01     2.1711E+01     6.2438E+01     C1          1

 BOND    =        5.9296  ANGLE   =        7.5588  DIHED      =       15.9292
 VDWAALS =       -0.9334  EEL     =      -68.0858  HBOND      =        0.0000
 1-4 VDW =        0.0695  1-4 EEL =      127.4493  RESTRAINT  =        0.0000


   NSTEP       ENERGY          RMS            GMAX         NAME    NUMBER
      3       8.6944E+01     2.0174E+01     5.6120E+01     C1          1

 BOND    =        5.3173  ANGLE   =        7.3125  DIHED      =       15.8895
 VDWAALS =       -0.9329  EEL     =      -68.1224  HBOND      =        0.0000
 1-4 VDW =        0.0723  1-4 EEL =      127.4079  RESTRAINT  =        0.0000


   NSTEP       ENERGY          RMS            GMAX         NAME    NUMBER
      4       8.5869E+01     1.8399E+01     4.9963E+01     C1          1

 BOND    =        4.6554  ANGLE   =        7.0383  DIHED      =       15.8412
 VDWAALS =       -0.9324  EEL     =      -68.1649  HBOND      =        0.0000
 1-4 VDW =        0.0756  1-4 EEL =      127.3560  RESTRAINT  =        0.0000


   NSTEP       ENERGY          RMS            GMAX         NAME    NUMBER
      5       8.4706E+01     1.6384E+01     4.5068E+01     C1          1

 BOND    =        3.9613  ANGLE   =        6.7390  DIHED      =       15.7820
 VDWAALS =       -0.9316  EEL     =      -68.2135  HBOND      =        0.0000
 1-4 VDW =        0.0795  1-4 EEL =      127.2898  RESTRAINT  =        0.0000


   NSTEP       ENERGY          RMS            GMAX         NAME    NUMBER
      6       8.3483E+01     1.4154E+01     3.9132E+01     C1          1

 BOND    =        3.2636  ANGLE   =        6.4204  DIHED      =       15.7084
 VDWAALS =       -0.9307  EEL     =      -68.2675  HBOND      =        0.0000
 1-4 VDW =        0.0841  1-4 EEL =      127.2043  RESTRAINT  =        0.0000


   NSTEP       ENERGY          RMS            GMAX         NAME    NUMBER
      7       8.2237E+01     1.1799E+01     3.2302E+01     S5          5

 BOND    =        2.6027  ANGLE   =        6.0921  DIHED      =       15.6151
 VDWAALS =       -0.9294  EEL     =      -68.3239  HBOND      =        0.0000
 1-4 VDW =        0.0891  1-4 EEL =      127.0913  RESTRAINT  =        0.0000


   NSTEP       ENERGY          RMS            GMAX         NAME    NUMBER
      8       8.1015E+01     9.4990E+00     2.6385E+01     S5          5

 BOND    =        2.0270  ANGLE   =        5.7655  DIHED      =       15.4930
 VDWAALS =       -0.9278  EEL     =      -68.3750  HBOND      =        0.0000
 1-4 VDW =        0.0943  1-4 EEL =      126.9383  RESTRAINT  =        0.0000


   NSTEP       ENERGY          RMS            GMAX         NAME    NUMBER
      9       7.9850E+01     7.5211E+00     2.0444E+01     N28         9

 BOND    =        1.5799  ANGLE   =        5.4475  DIHED      =       15.3277
 VDWAALS =       -0.9257  EEL     =      -68.4036  HBOND      =        0.0000
 1-4 VDW =        0.0987  1-4 EEL =      126.7259  RESTRAINT  =        0.0000


   NSTEP       ENERGY          RMS            GMAX         NAME    NUMBER
     10       7.8739E+01     6.0583E+00     1.8742E+01     N28         9

 BOND    =        1.2866  ANGLE   =        5.1255  DIHED      =       15.0988
 VDWAALS =       -0.9231  EEL     =      -68.3773  HBOND      =        0.0000
 1-4 VDW =        0.1002  1-4 EEL =      126.4285  RESTRAINT  =        0.0000


   NSTEP       ENERGY          RMS            GMAX         NAME    NUMBER
     11       7.7643E+01     5.0830E+00     1.7175E+01     N28         9

 BOND    =        1.1549  ANGLE   =        4.7637  DIHED      =       14.7870
 VDWAALS =       -0.9203  EEL     =      -68.2566  HBOND      =        0.0000
 1-4 VDW =        0.0970  1-4 EEL =      126.0173  RESTRAINT  =        0.0000


   NSTEP       ENERGY          RMS            GMAX         NAME    NUMBER
     12       7.6517E+01     4.3886E+00     1.6260E+01     N28         9

 BOND    =        1.1408  ANGLE   =        4.3714  DIHED      =       14.3847
 VDWAALS =       -0.9176  EEL     =      -68.0162  HBOND      =        0.0000
 1-4 VDW =        0.0892  1-4 EEL =      125.4653  RESTRAINT  =        0.0000


   NSTEP       ENERGY          RMS            GMAX         NAME    NUMBER
     13       7.5348E+01     3.7904E+00     1.5520E+01     N28         9

 BOND    =        1.1222  ANGLE   =        4.0597  DIHED      =       13.8901
 VDWAALS =       -0.9151  EEL     =      -67.6548  HBOND      =        0.0000
 1-4 VDW =        0.0796  1-4 EEL =      124.7658  RESTRAINT  =        0.0000


   NSTEP       ENERGY          RMS            GMAX         NAME    NUMBER
     14       7.4149E+01     3.2510E+00     1.4778E+01     N28         9

 BOND    =        1.1799  ANGLE   =        3.7913  DIHED      =       13.3121
 VDWAALS =       -0.9129  EEL     =      -67.2471  HBOND      =        0.0000
 1-4 VDW =        0.0775  1-4 EEL =      123.9481  RESTRAINT  =        0.0000


   NSTEP       ENERGY          RMS            GMAX         NAME    NUMBER
     15       7.3023E+01     3.8035E+00     1.4404E+01     C2          2

 BOND    =        1.1156  ANGLE   =        3.8134  DIHED      =       12.6283
 VDWAALS =       -0.9105  EEL     =      -66.7025  HBOND      =        0.0000
 1-4 VDW =        0.0765  1-4 EEL =      123.0022  RESTRAINT  =        0.0000


   NSTEP       ENERGY          RMS            GMAX         NAME    NUMBER
     16       7.4383E+01     1.5462E+01     7.4152E+01     C2          2

 BOND    =        3.7717  ANGLE   =        3.4787  DIHED      =       12.2525
 VDWAALS =       -0.9101  EEL     =      -66.7479  HBOND      =        0.0000
 1-4 VDW =        0.1235  1-4 EEL =      122.4150  RESTRAINT  =        0.0000


   NSTEP       ENERGY          RMS            GMAX         NAME    NUMBER
     17       7.2078E+01     3.6072E+00     1.3257E+01     C1          1

 BOND    =        1.4717  ANGLE   =        3.5464  DIHED      =       12.0627
 VDWAALS =       -0.9092  EEL     =      -66.4666  HBOND      =        0.0000
 1-4 VDW =        0.1034  1-4 EEL =      122.2694  RESTRAINT  =        0.0000


   NSTEP       ENERGY          RMS            GMAX         NAME    NUMBER
     18       7.2364E+01     9.1324E+00     4.4767E+01     C2          2

 BOND    =        1.5137  ANGLE   =        4.1537  DIHED      =       11.6666
 VDWAALS =       -0.9073  EEL     =      -66.0221  HBOND      =        0.0000
 1-4 VDW =        0.0881  1-4 EEL =      121.8714  RESTRAINT  =        0.0000


   NSTEP       ENERGY          RMS            GMAX         NAME    NUMBER
     19       7.1535E+01     2.6104E+00     1.0616E+01     N28         9

 BOND    =        1.2438  ANGLE   =        3.7199  DIHED      =       11.6749
 VDWAALS =       -0.9077  EEL     =      -66.1561  HBOND      =        0.0000
 1-4 VDW =        0.1037  1-4 EEL =      121.8562  RESTRAINT  =        0.0000


   NSTEP       ENERGY          RMS            GMAX         NAME    NUMBER
     20       7.1358E+01     4.2881E+00     1.8605E+01     C2          2

 BOND    =        1.6234  ANGLE   =        3.5501  DIHED      =       11.4973
 VDWAALS =       -0.9074  EEL     =      -66.1895  HBOND      =        0.0000
 1-4 VDW =        0.1244  1-4 EEL =      121.6597  RESTRAINT  =        0.0000


   NSTEP       ENERGY          RMS            GMAX         NAME    NUMBER
     21       7.1353E+01     6.1337E+00     2.9764E+01     C2          2

 BOND    =        1.3547  ANGLE   =        3.9566  DIHED      =       11.2541
 VDWAALS =       -0.9061  EEL     =      -65.8812  HBOND      =        0.0000
 1-4 VDW =        0.1091  1-4 EEL =      121.4658  RESTRAINT  =        0.0000


   NSTEP       ENERGY          RMS            GMAX         NAME    NUMBER
     22       7.1291E+01     6.8550E+00     3.2738E+01     C2          2

 BOND    =        1.9698  ANGLE   =        3.5315  DIHED      =       11.2494
 VDWAALS =       -0.9064  EEL     =      -66.0972  HBOND      =        0.0000
 1-4 VDW =        0.1382  1-4 EEL =      121.4058  RESTRAINT  =        0.0000


   NSTEP       ENERGY          RMS            GMAX         NAME    NUMBER
     23       7.1420E+01     8.7093E+00     4.2887E+01     C2          2

 BOND    =        1.6030  ANGLE   =        4.1413  DIHED      =       10.9691
 VDWAALS =       -0.9050  EEL     =      -65.7264  HBOND      =        0.0000
 1-4 VDW =        0.1149  1-4 EEL =      121.2231  RESTRAINT  =        0.0000


   NSTEP       ENERGY          RMS            GMAX         NAME    NUMBER
     24       7.0653E+01     2.0018E+00     9.0204E+00     N28         9

 BOND    =        1.3385  ANGLE   =        3.7325  DIHED      =       10.9943
 VDWAALS =       -0.9052  EEL     =      -65.8539  HBOND      =        0.0000
 1-4 VDW =        0.1301  1-4 EEL =      121.2172  RESTRAINT  =        0.0000


   NSTEP       ENERGY          RMS            GMAX         NAME    NUMBER
     25       7.0445E+01     3.5682E+00     1.5805E+01     C2          2

 BOND    =        1.6133  ANGLE   =        3.6336  DIHED      =       10.7774
 VDWAALS =       -0.9044  EEL     =      -65.8357  HBOND      =        0.0000
 1-4 VDW =        0.1485  1-4 EEL =      121.0123  RESTRAINT  =        0.0000


   NSTEP       ENERGY          RMS            GMAX         NAME    NUMBER
     26       7.0617E+01     6.9627E+00     3.4966E+01     C2          2

 BOND    =        1.4707  ANGLE   =        4.0639  DIHED      =       10.5239
 VDWAALS =       -0.9030  EEL     =      -65.5333  HBOND      =        0.0000
 1-4 VDW =        0.1326  1-4 EEL =      120.8621  RESTRAINT  =        0.0000


   NSTEP       ENERGY          RMS            GMAX         NAME    NUMBER
     27       7.0138E+01     2.0979E+00     7.8838E+00     N28         9

 BOND    =        1.3638  ANGLE   =        3.7915  DIHED      =       10.5355
 VDWAALS =       -0.9032  EEL     =      -65.6415  HBOND      =        0.0000
 1-4 VDW =        0.1458  1-4 EEL =      120.8458  RESTRAINT  =        0.0000


   NSTEP       ENERGY          RMS            GMAX         NAME    NUMBER
     28       7.0029E+01     3.2824E+00     1.4567E+01     C2          2

 BOND    =        1.6144  ANGLE   =        3.6774  DIHED      =       10.4178
 VDWAALS =       -0.9027  EEL     =      -65.6761  HBOND      =        0.0000
 1-4 VDW =        0.1612  1-4 EEL =      120.7370  RESTRAINT  =        0.0000


   NSTEP       ENERGY          RMS            GMAX         NAME    NUMBER
     29       6.9998E+01     4.5083E+00     2.1976E+01     C2          2

 BOND    =        1.3837  ANGLE   =        3.9511  DIHED      =       10.2351
 VDWAALS =       -0.9016  EEL     =      -65.4591  HBOND      =        0.0000
 1-4 VDW =        0.1491  1-4 EEL =      120.6401  RESTRAINT  =        0.0000


   NSTEP       ENERGY          RMS            GMAX         NAME    NUMBER
     30       6.9955E+01     5.1610E+00     2.5152E+01     C2          2

 BOND    =        1.8374  ANGLE   =        3.6586  DIHED      =       10.2263
 VDWAALS =       -0.9018  EEL     =      -65.6289  HBOND      =        0.0000
 1-4 VDW =        0.1731  1-4 EEL =      120.5905  RESTRAINT  =        0.0000


   NSTEP       ENERGY          RMS            GMAX         NAME    NUMBER
     31       6.9995E+01     6.4363E+00     3.2269E+01     C2          2

 BOND    =        1.4882  ANGLE   =        4.0803  DIHED      =       10.0153
 VDWAALS =       -0.9004  EEL     =      -65.3356  HBOND      =        0.0000
 1-4 VDW =        0.1520  1-4 EEL =      120.4954  RESTRAINT  =        0.0000


   NSTEP       ENERGY          RMS            GMAX         NAME    NUMBER
     32       6.9571E+01     1.6204E+00     6.9374E+00     N28         9

 BOND    =        1.4184  ANGLE   =        3.8160  DIHED      =       10.0316
 VDWAALS =       -0.9006  EEL     =      -65.4437  HBOND      =        0.0000
 1-4 VDW =        0.1655  1-4 EEL =      120.4839  RESTRAINT  =        0.0000


   NSTEP       ENERGY          RMS            GMAX         NAME    NUMBER
     33       6.9409E+01     2.3948E+00     9.6932E+00     C2          2

 BOND    =        1.5704  ANGLE   =        3.7564  DIHED      =        9.8687
 VDWAALS =       -0.8998  EEL     =      -65.4273  HBOND      =        0.0000
 1-4 VDW =        0.1779  1-4 EEL =      120.3627  RESTRAINT  =        0.0000


   NSTEP       ENERGY          RMS            GMAX         NAME    NUMBER
     34       6.9448E+01     4.9699E+00     2.4955E+01     C2          2

 BOND    =        1.4193  ANGLE   =        4.0336  DIHED      =        9.6641
 VDWAALS =       -0.8984  EEL     =      -65.2021  HBOND      =        0.0000
 1-4 VDW =        0.1659  1-4 EEL =      120.2659  RESTRAINT  =        0.0000


   NSTEP       ENERGY          RMS            GMAX         NAME    NUMBER
     35       6.9196E+01     1.6054E+00     6.2181E+00     N28         9

 BOND    =        1.4313  ANGLE   =        3.8572  DIHED      =        9.6671
 VDWAALS =       -0.8985  EEL     =      -65.2864  HBOND      =        0.0000
 1-4 VDW =        0.1769  1-4 EEL =      120.2482  RESTRAINT  =        0.0000


   NSTEP       ENERGY          RMS            GMAX         NAME    NUMBER
     36       6.9088E+01     2.0996E+00     8.0177E+00     C2          2

 BOND    =        1.5616  ANGLE   =        3.7948  DIHED      =        9.5633
 VDWAALS =       -0.8980  EEL     =      -65.2924  HBOND      =        0.0000
 1-4 VDW =        0.1867  1-4 EEL =      120.1722  RESTRAINT  =        0.0000


   NSTEP       ENERGY          RMS            GMAX         NAME    NUMBER
     37       6.9038E+01     3.2564E+00     1.5568E+01     C2          2

 BOND    =        1.4021  ANGLE   =        3.9703  DIHED      =        9.4124
 VDWAALS =       -0.8970  EEL     =      -65.1316  HBOND      =        0.0000
 1-4 VDW =        0.1782  1-4 EEL =      120.1039  RESTRAINT  =        0.0000


   NSTEP       ENERGY          RMS            GMAX         NAME    NUMBER
     38       6.9000E+01     3.8946E+00     1.8928E+01     C2          2

 BOND    =        1.7527  ANGLE   =        3.7614  DIHED      =        9.3885
 VDWAALS =       -0.8970  EEL     =      -65.2601  HBOND      =        0.0000
 1-4 VDW =        0.1976  1-4 EEL =      120.0566  RESTRAINT  =        0.0000


   NSTEP       ENERGY          RMS            GMAX         NAME    NUMBER
     39       6.8990E+01     4.7354E+00     2.3858E+01     C2          2

 BOND    =        1.4332  ANGLE   =        4.0612  DIHED      =        9.2318
 VDWAALS =       -0.8959  EEL     =      -65.0232  HBOND      =        0.0000
 1-4 VDW =        0.1789  1-4 EEL =      120.0039  RESTRAINT  =        0.0000


   NSTEP       ENERGY          RMS            GMAX         NAME    NUMBER
     40       6.9007E+01     5.6789E+00     2.8669E+01     C2          2

 BOND    =        1.9755  ANGLE   =        3.7453  DIHED      =        9.2447
 VDWAALS =       -0.8961  EEL     =      -65.2326  HBOND      =        0.0000
 1-4 VDW =        0.2064  1-4 EEL =      119.9643  RESTRAINT  =        0.0000


   NSTEP       ENERGY          RMS            GMAX         NAME    NUMBER
     41       6.8677E+01     1.3928E+00     5.5096E+00     N28         9

 BOND    =        1.5059  ANGLE   =        3.8641  DIHED      =        9.1635
 VDWAALS =       -0.8956  EEL     =      -65.0963  HBOND      =        0.0000
 1-4 VDW =        0.1944  1-4 EEL =      119.9408  RESTRAINT  =        0.0000


   NSTEP       ENERGY          RMS            GMAX         NAME    NUMBER
     42       6.8541E+01     1.9608E+00     7.8636E+00     C2          2

 BOND    =        1.4322  ANGLE   =        3.9462  DIHED      =        8.9894
 VDWAALS =       -0.8944  EEL     =      -64.9772  HBOND      =        0.0000
 1-4 VDW =        0.1930  1-4 EEL =      119.8515  RESTRAINT  =        0.0000


   NSTEP       ENERGY          RMS            GMAX         NAME    NUMBER
     43       6.8565E+01     4.3771E+00     2.1886E+01     C2          2

 BOND    =        1.8440  ANGLE   =        3.7902  DIHED      =        8.9064
 VDWAALS =       -0.8941  EEL     =      -65.0667  HBOND      =        0.0000
 1-4 VDW =        0.2118  1-4 EEL =      119.7733  RESTRAINT  =        0.0000


   NSTEP       ENERGY          RMS            GMAX         NAME    NUMBER
     44       6.8368E+01     1.3955E+00     5.0551E+00     N28         9

 BOND    =        1.5265  ANGLE   =        3.8852  DIHED      =        8.8472
 VDWAALS =       -0.8936  EEL     =      -64.9599  HBOND      =        0.0000
 1-4 VDW =        0.2023  1-4 EEL =      119.7602  RESTRAINT  =        0.0000


   NSTEP       ENERGY          RMS            GMAX         NAME    NUMBER
     45       6.8278E+01     1.7978E+00     6.9349E+00     C2          2

 BOND    =        1.4449  ANGLE   =        3.9603  DIHED      =        8.7256
 VDWAALS =       -0.8928  EEL     =      -64.8622  HBOND      =        0.0000
 1-4 VDW =        0.1991  1-4 EEL =      119.7032  RESTRAINT  =        0.0000


   NSTEP       ENERGY          RMS            GMAX         NAME    NUMBER
     46       6.8235E+01     2.8865E+00     1.3596E+01     C2          2

 BOND    =        1.6883  ANGLE   =        3.8432  DIHED      =        8.6602
 VDWAALS =       -0.8925  EEL     =      -64.9210  HBOND      =        0.0000
 1-4 VDW =        0.2121  1-4 EEL =      119.6452  RESTRAINT  =        0.0000


   NSTEP       ENERGY          RMS            GMAX         NAME    NUMBER
     47       6.8207E+01     3.5072E+00     1.7481E+01     C2          2

 BOND    =        1.4222  ANGLE   =        4.0580  DIHED      =        8.5416
 VDWAALS =       -0.8916  EEL     =      -64.7328  HBOND      =        0.0000
 1-4 VDW =        0.1966  1-4 EEL =      119.6130  RESTRAINT  =        0.0000


   NSTEP       ENERGY          RMS            GMAX         NAME    NUMBER
     48       6.8196E+01     4.2288E+00     2.1210E+01     C2          2

 BOND    =        1.8406  ANGLE   =        3.8221  DIHED      =        8.5319
 VDWAALS =       -0.8918  EEL     =      -64.8929  HBOND      =        0.0000
 1-4 VDW =        0.2186  1-4 EEL =      119.5674  RESTRAINT  =        0.0000


   NSTEP       ENERGY          RMS            GMAX         NAME    NUMBER
     49       6.8211E+01     5.0931E+00     2.6261E+01     C2          2

 BOND    =        1.4540  ANGLE   =        4.1498  DIHED      =        8.3913
 VDWAALS =       -0.8906  EEL     =      -64.6268  HBOND      =        0.0000
 1-4 VDW =        0.1943  1-4 EEL =      119.5395  RESTRAINT  =        0.0000


   NSTEP       ENERGY          RMS            GMAX         NAME    NUMBER
     50       6.7945E+01     1.2620E+00     4.3865E+00     N28         9

 BOND    =        1.4882  ANGLE   =        3.9514  DIHED      =        8.4001
 VDWAALS =       -0.8908  EEL     =      -64.7316  HBOND      =        0.0000
 1-4 VDW =        0.2074  1-4 EEL =      119.5203  RESTRAINT  =        0.0000


   NSTEP       ENERGY          RMS            GMAX         NAME    NUMBER
     51       6.7835E+01     1.7870E+00     6.9319E+00     C2          2

 BOND    =        1.5958  ANGLE   =        3.9048  DIHED      =        8.2798
 VDWAALS =       -0.8902  EEL     =      -64.7152  HBOND      =        0.0000
 1-4 VDW =        0.2144  1-4 EEL =      119.4456  RESTRAINT  =        0.0000


   NSTEP       ENERGY          RMS            GMAX         NAME    NUMBER
     52       7.1320E+01     1.9952E+01     1.0570E+02     C2          2

 BOND    =        3.6424  ANGLE   =        5.4016  DIHED      =        7.6781
 VDWAALS =       -0.8855  EEL     =      -63.9172  HBOND      =        0.0000
 1-4 VDW =        0.1586  1-4 EEL =      119.2422  RESTRAINT  =        0.0000


   NSTEP       ENERGY          RMS            GMAX         NAME    NUMBER
     53       6.7779E+01     1.5625E+00     5.6200E+00     C2          2

 BOND    =        1.4666  ANGLE   =        3.9886  DIHED      =        8.2102
 VDWAALS =       -0.8897  EEL     =      -64.6264  HBOND      =        0.0000
 1-4 VDW =        0.2081  1-4 EEL =      119.4220  RESTRAINT  =        0.0000


   NSTEP       ENERGY          RMS            GMAX         NAME    NUMBER
     54       6.7693E+01     1.5444E+00     5.5625E+00     C2          2

 BOND    =        1.4691  ANGLE   =        3.9944  DIHED      =        8.1189
 VDWAALS =       -0.8891  EEL     =      -64.5822  HBOND      =        0.0000
 1-4 VDW =        0.2092  1-4 EEL =      119.3731  RESTRAINT  =        0.0000


   NSTEP       ENERGY          RMS            GMAX         NAME    NUMBER
     55       6.6954E+01     1.4121E+00     5.2671E+00     C2          2

 BOND    =        1.4847  ANGLE   =        4.0444  DIHED      =        7.3145
 VDWAALS =       -0.8842  EEL     =      -64.1701  HBOND      =        0.0000
 1-4 VDW =        0.2180  1-4 EEL =      118.9471  RESTRAINT  =        0.0000


   NSTEP       ENERGY          RMS            GMAX         NAME    NUMBER
     56       6.5446E+01     5.8485E+00     1.6972E+01     N28         9

 BOND    =        2.0336  ANGLE   =        4.1540  DIHED      =        3.5871
 VDWAALS =       -0.8558  EEL     =      -60.6842  HBOND      =        0.0000
 1-4 VDW =        0.1822  1-4 EEL =      117.0289  RESTRAINT  =        0.0000


   NSTEP       ENERGY          RMS            GMAX         NAME    NUMBER
     57       6.4907E+01     3.3212E+00     1.0455E+01     C2          2

 BOND    =        1.5894  ANGLE   =        4.1679  DIHED      =        4.2493
 VDWAALS =       -0.8622  EEL     =      -61.8357  HBOND      =        0.0000
 1-4 VDW =        0.2137  1-4 EEL =      117.3844  RESTRAINT  =        0.0000


   NSTEP       ENERGY          RMS            GMAX         NAME    NUMBER
     58       8.3884E+01     4.0213E+01     1.8996E+02     C2          2

 BOND    =       18.4113  ANGLE   =        5.9265  DIHED      =        3.5063
 VDWAALS =       -0.8531  EEL     =      -60.0914  HBOND      =        0.0000
 1-4 VDW =        0.5129  1-4 EEL =      116.4713  RESTRAINT  =        0.0000


   NSTEP       ENERGY          RMS            GMAX         NAME    NUMBER
     59       6.4666E+01     2.6113E+00     9.6601E+00     C2          2

 BOND    =        1.7683  ANGLE   =        3.8475  DIHED      =        4.0766
 VDWAALS =       -0.8609  EEL     =      -61.6595  HBOND      =        0.0000
 1-4 VDW =        0.2394  1-4 EEL =      117.2548  RESTRAINT  =        0.0000


   NSTEP       ENERGY          RMS            GMAX         NAME    NUMBER
     60       6.4485E+01     1.6941E+00     7.7634E+00     N28         9

 BOND    =        1.5486  ANGLE   =        3.8734  DIHED      =        3.9232
 VDWAALS =       -0.8602  EEL     =      -61.3422  HBOND      =        0.0000
 1-4 VDW =        0.2350  1-4 EEL =      117.1075  RESTRAINT  =        0.0000


   NSTEP       ENERGY          RMS            GMAX         NAME    NUMBER
     61       6.4477E+01     2.0371E+00     8.9192E+00     N28         9

 BOND    =        1.5181  ANGLE   =        3.8892  DIHED      =        3.8839
 VDWAALS =       -0.8601  EEL     =      -61.2568  HBOND      =        0.0000
 1-4 VDW =        0.2338  1-4 EEL =      117.0685  RESTRAINT  =        0.0000


   NSTEP       ENERGY          RMS            GMAX         NAME    NUMBER
     62       6.4338E+01     1.2946E+00     4.1281E+00     N28         9

 BOND    =        1.4737  ANGLE   =        4.1636  DIHED      =        3.7494
 VDWAALS =       -0.8625  EEL     =      -61.1575  HBOND      =        0.0000
 1-4 VDW =        0.2232  1-4 EEL =      116.7487  RESTRAINT  =        0.0000


   NSTEP       ENERGY          RMS            GMAX         NAME    NUMBER
     63       6.4332E+01     1.5043E+00     4.7059E+00     N28         9

 BOND    =        1.4830  ANGLE   =        4.2420  DIHED      =        3.7156
 VDWAALS =       -0.8631  EEL     =      -61.1322  HBOND      =        0.0000
 1-4 VDW =        0.2205  1-4 EEL =      116.6667  RESTRAINT  =        0.0000


   NSTEP       ENERGY          RMS            GMAX         NAME    NUMBER
     64       6.4234E+01     1.7830E+00     6.7296E+00     C2          2

 BOND    =        1.6670  ANGLE   =        4.2531  DIHED      =        3.6219
 VDWAALS =       -0.8656  EEL     =      -61.0899  HBOND      =        0.0000
 1-4 VDW =        0.2088  1-4 EEL =      116.4388  RESTRAINT  =        0.0000


   NSTEP       ENERGY          RMS            GMAX         NAME    NUMBER
     65       6.4231E+01     2.1581E+00     8.5721E+00     C2          2

 BOND    =        1.7228  ANGLE   =        4.2595  DIHED      =        3.6012
 VDWAALS =       -0.8662  EEL     =      -61.0806  HBOND      =        0.0000
 1-4 VDW =        0.2063  1-4 EEL =      116.3877  RESTRAINT  =        0.0000


   NSTEP       ENERGY          RMS            GMAX         NAME    NUMBER
     66       6.4086E+01     1.5349E+00     4.2311E+00     N29        10

 BOND    =        1.7547  ANGLE   =        4.3890  DIHED      =        3.4706
 VDWAALS =       -0.8681  EEL     =      -60.9811  HBOND      =        0.0000
 1-4 VDW =        0.1807  1-4 EEL =      116.1404  RESTRAINT  =        0.0000


   NSTEP       ENERGY          RMS            GMAX         NAME    NUMBER
     67       6.4057E+01     2.1012E+00     7.9416E+00     C1          1

 BOND    =        1.8122  ANGLE   =        4.5128  DIHED      =        3.3821
 VDWAALS =       -0.8693  EEL     =      -60.9138  HBOND      =        0.0000
 1-4 VDW =        0.1642  1-4 EEL =      115.9686  RESTRAINT  =        0.0000


   NSTEP       ENERGY          RMS            GMAX         NAME    NUMBER
     68       6.3942E+01     2.2780E+00     7.5205E+00     N3          3

 BOND    =        1.7777  ANGLE   =        4.9652  DIHED      =        3.1100
 VDWAALS =       -0.8702  EEL     =      -60.8396  HBOND      =        0.0000
 1-4 VDW =        0.1372  1-4 EEL =      115.6612  RESTRAINT  =        0.0000


   NSTEP       ENERGY          RMS            GMAX         NAME    NUMBER
     69       6.3928E+01     1.6277E+00     5.5131E+00     N3          3

 BOND    =        1.7570  ANGLE   =        4.8423  DIHED      =        3.1754
 VDWAALS =       -0.8700  EEL     =      -60.8565  HBOND      =        0.0000
 1-4 VDW =        0.1436  1-4 EEL =      115.7361  RESTRAINT  =        0.0000


   NSTEP       ENERGY          RMS            GMAX         NAME    NUMBER
     70       6.3809E+01     1.2969E+00     3.5142E+00     HN28       15

 BOND    =        1.7043  ANGLE   =        4.9115  DIHED      =        3.0105
 VDWAALS =       -0.8709  EEL     =      -60.7600  HBOND      =        0.0000
 1-4 VDW =        0.1424  1-4 EEL =      115.6710  RESTRAINT  =        0.0000


   NSTEP       ENERGY          RMS            GMAX         NAME    NUMBER
     71       6.3767E+01     2.0383E+00     6.6827E+00     C7          7

 BOND    =        1.6861  ANGLE   =        5.0173  DIHED      =        2.8515
 VDWAALS =       -0.8718  EEL     =      -60.6640  HBOND      =        0.0000
 1-4 VDW =        0.1412  1-4 EEL =      115.6068  RESTRAINT  =        0.0000


   NSTEP       ENERGY          RMS            GMAX         NAME    NUMBER
     72       6.3645E+01     2.3145E+00     9.6851E+00     C2          2

 BOND    =        1.7368  ANGLE   =        5.1778  DIHED      =        2.5451
 VDWAALS =       -0.8741  EEL     =      -60.5146  HBOND      =        0.0000
 1-4 VDW =        0.1383  1-4 EEL =      115.4353  RESTRAINT  =        0.0000


   NSTEP       ENERGY          RMS            GMAX         NAME    NUMBER
     73       6.3637E+01     1.8136E+00     7.6114E+00     C2          2

 BOND    =        1.7057  ANGLE   =        5.1379  DIHED      =        2.6027
 VDWAALS =       -0.8737  EEL     =      -60.5429  HBOND      =        0.0000
 1-4 VDW =        0.1388  1-4 EEL =      115.4681  RESTRAINT  =        0.0000


   NSTEP       ENERGY          RMS            GMAX         NAME    NUMBER
     74       6.3528E+01     1.9610E+00     6.0932E+00     C2          2

 BOND    =        1.8883  ANGLE   =        5.1255  DIHED      =        2.3983
 VDWAALS =       -0.8765  EEL     =      -60.5268  HBOND      =        0.0000
 1-4 VDW =        0.1409  1-4 EEL =      115.3784  RESTRAINT  =        0.0000


   NSTEP       ENERGY          RMS            GMAX         NAME    NUMBER
     75       6.3528E+01     2.0596E+00     6.8015E+00     C2          2

 BOND    =        1.9018  ANGLE   =        5.1258  DIHED      =        2.3881
 VDWAALS =       -0.8766  EEL     =      -60.5262  HBOND      =        0.0000
 1-4 VDW =        0.1410  1-4 EEL =      115.3740  RESTRAINT  =        0.0000


   NSTEP       ENERGY          RMS            GMAX         NAME    NUMBER
     76       6.3508E+01     1.7628E+00     5.1513E+00     C2          2

 BOND    =        1.8686  ANGLE   =        5.1254  DIHED      =        2.3865
 VDWAALS =       -0.8767  EEL     =      -60.5256  HBOND      =        0.0000
 1-4 VDW =        0.1416  1-4 EEL =      115.3882  RESTRAINT  =        0.0000


   NSTEP       ENERGY          RMS            GMAX         NAME    NUMBER
     77       6.3488E+01     1.4605E+00     3.8684E+00     HN28       15

 BOND    =        1.8339  ANGLE   =        5.1242  DIHED      =        2.3845
 VDWAALS =       -0.8768  EEL     =      -60.5270  HBOND      =        0.0000
 1-4 VDW =        0.1425  1-4 EEL =      115.4069  RESTRAINT  =        0.0000


   NSTEP       ENERGY          RMS            GMAX         NAME    NUMBER
     78       6.3469E+01     1.1879E+00     3.5171E+00     HN28       15

 BOND    =        1.8003  ANGLE   =        5.1207  DIHED      =        2.3820
 VDWAALS =       -0.8770  EEL     =      -60.5326  HBOND      =        0.0000
 1-4 VDW =        0.1438  1-4 EEL =      115.4316  RESTRAINT  =        0.0000


   NSTEP       ENERGY          RMS            GMAX         NAME    NUMBER
     79       6.3450E+01     9.8492E-01     3.1213E+00     HN28       15

 BOND    =        1.7720  ANGLE   =        5.1125  DIHED      =        2.3789
 VDWAALS =       -0.8772  EEL     =      -60.5459  HBOND      =        0.0000
 1-4 VDW =        0.1458  1-4 EEL =      115.4635  RESTRAINT  =        0.0000


   NSTEP       ENERGY          RMS            GMAX         NAME    NUMBER
     80       6.6164E+01     1.1071E+01     3.5404E+01     C2          2

 BOND    =        3.0550  ANGLE   =        5.6149  DIHED      =        2.4954
 VDWAALS =       -0.8885  EEL     =      -61.6928  HBOND      =        0.0000
 1-4 VDW =        0.2933  1-4 EEL =      117.2869  RESTRAINT  =        0.0000


   NSTEP       ENERGY          RMS            GMAX         NAME    NUMBER
     81       6.3383E+01     1.2237E+00     3.8133E+00     HN28       15

 BOND    =        1.6933  ANGLE   =        5.0348  DIHED      =        2.3584
 VDWAALS =       -0.8787  EEL     =      -60.6993  HBOND      =        0.0000
 1-4 VDW =        0.1636  1-4 EEL =      115.7105  RESTRAINT  =        0.0000


   NSTEP       ENERGY          RMS            GMAX         NAME    NUMBER
     82       6.3328E+01     1.5419E+00     6.1293E+00     N3          3

 BOND    =        1.8253  ANGLE   =        4.9001  DIHED      =        2.3310
 VDWAALS =       -0.8801  EEL     =      -60.9655  HBOND      =        0.0000
 1-4 VDW =        0.1850  1-4 EEL =      115.9327  RESTRAINT  =        0.0000


   NSTEP       ENERGY          RMS            GMAX         NAME    NUMBER
     83       6.3326E+01     1.2737E+00     4.9623E+00     N3          3

 BOND    =        1.7985  ANGLE   =        4.9171  DIHED      =        2.3347
 VDWAALS =       -0.8799  EEL     =      -60.9220  HBOND      =        0.0000
 1-4 VDW =        0.1815  1-4 EEL =      115.8963  RESTRAINT  =        0.0000


   NSTEP       ENERGY          RMS            GMAX         NAME    NUMBER
     84       6.3254E+01     1.3336E+00     4.3737E+00     C1          1

 BOND    =        1.7911  ANGLE   =        4.7967  DIHED      =        2.2871
 VDWAALS =       -0.8808  EEL     =      -61.0435  HBOND      =        0.0000
 1-4 VDW =        0.1949  1-4 EEL =      116.1087  RESTRAINT  =        0.0000


   NSTEP       ENERGY          RMS            GMAX         NAME    NUMBER
     85       6.3249E+01     1.7575E+00     6.9168E+00     C1          1

 BOND    =        1.8029  ANGLE   =        4.7579  DIHED      =        2.2709
 VDWAALS =       -0.8811  EEL     =      -61.0873  HBOND      =        0.0000
 1-4 VDW =        0.1998  1-4 EEL =      116.1856  RESTRAINT  =        0.0000


   NSTEP       ENERGY          RMS            GMAX         NAME    NUMBER
     86       6.3144E+01     1.2202E+00     3.1397E+00     HN28       15

 BOND    =        1.7242  ANGLE   =        4.5600  DIHED      =        2.2029
 VDWAALS =       -0.8818  EEL     =      -61.2503  HBOND      =        0.0000
 1-4 VDW =        0.2209  1-4 EEL =      116.5683  RESTRAINT  =        0.0000


   NSTEP       ENERGY          RMS            GMAX         NAME    NUMBER
     87       6.3130E+01     1.6114E+00     5.1545E+00     C6          6

 BOND    =        1.7001  ANGLE   =        4.4768  DIHED      =        2.1715
 VDWAALS =       -0.8822  EEL     =      -61.3341  HBOND      =        0.0000
 1-4 VDW =        0.2322  1-4 EEL =      116.7660  RESTRAINT  =        0.0000


   NSTEP       ENERGY          RMS            GMAX         NAME    NUMBER
     88       6.3058E+01     1.5933E+00     5.2882E+00     N28         9

 BOND    =        1.4962  ANGLE   =        4.3597  DIHED      =        2.0858
 VDWAALS =       -0.8813  EEL     =      -61.5728  HBOND      =        0.0000
 1-4 VDW =        0.2558  1-4 EEL =      117.3144  RESTRAINT  =        0.0000


   NSTEP       ENERGY          RMS            GMAX         NAME    NUMBER
     89       6.3052E+01     1.1968E+00     3.7022E+00     N28         9

 BOND    =        1.5253  ANGLE   =        4.3795  DIHED      =        2.1035
 VDWAALS =       -0.8815  EEL     =      -61.5215  HBOND      =        0.0000
 1-4 VDW =        0.2506  1-4 EEL =      117.1961  RESTRAINT  =        0.0000


   NSTEP       ENERGY          RMS            GMAX         NAME    NUMBER
     90       6.2991E+01     9.6354E-01     3.2292E+00     C2          2

 BOND    =        1.4618  ANGLE   =        4.2810  DIHED      =        2.0649
 VDWAALS =       -0.8815  EEL     =      -61.6440  HBOND      =        0.0000
 1-4 VDW =        0.2593  1-4 EEL =      117.4493  RESTRAINT  =        0.0000


   NSTEP       ENERGY          RMS            GMAX         NAME    NUMBER
     91       6.2979E+01     1.3931E+00     4.8599E+00     C2          2

 BOND    =        1.4438  ANGLE   =        4.2183  DIHED      =        2.0402
 VDWAALS =       -0.8815  EEL     =      -61.7258  HBOND      =        0.0000
 1-4 VDW =        0.2653  1-4 EEL =      117.6188  RESTRAINT  =        0.0000


   NSTEP       ENERGY          RMS            GMAX         NAME    NUMBER
     92       6.2922E+01     1.8667E+00     7.5193E+00     C6          6

 BOND    =        1.6409  ANGLE   =        4.0924  DIHED      =        1.9613
 VDWAALS =       -0.8830  EEL     =      -62.0017  HBOND      =        0.0000
 1-4 VDW =        0.2756  1-4 EEL =      117.8362  RESTRAINT  =        0.0000


   NSTEP       ENERGY          RMS            GMAX         NAME    NUMBER
     93       6.2919E+01     1.5083E+00     5.3933E+00     C6          6

 BOND    =        1.5956  ANGLE   =        4.1120  DIHED      =        1.9751
 VDWAALS =       -0.8828  EEL     =      -61.9515  HBOND      =        0.0000
 1-4 VDW =        0.2737  1-4 EEL =      117.7965  RESTRAINT  =        0.0000


   NSTEP       ENERGY          RMS            GMAX         NAME    NUMBER
     94       6.2842E+01     1.2377E+00     3.3540E+00     H291       16

 BOND    =        1.5279  ANGLE   =        4.1545  DIHED      =        1.9079
 VDWAALS =       -0.8841  EEL     =      -62.0505  HBOND      =        0.0000
 1-4 VDW =        0.2595  1-4 EEL =      117.9264  RESTRAINT  =        0.0000


   NSTEP       ENERGY          RMS            GMAX         NAME    NUMBER
     95       6.2836E+01     1.5593E+00     4.1300E+00     N29        10

 BOND    =        1.5184  ANGLE   =        4.1750  DIHED      =        1.8851
 VDWAALS =       -0.8845  EEL     =      -62.0856  HBOND      =        0.0000
 1-4 VDW =        0.2545  1-4 EEL =      117.9731  RESTRAINT  =        0.0000


   NSTEP       ENERGY          RMS            GMAX         NAME    NUMBER
     96       6.2710E+01     1.2366E+00     4.2968E+00     N29        10

 BOND    =        1.5897  ANGLE   =        4.1022  DIHED      =        1.8013
 VDWAALS =       -0.8867  EEL     =      -62.2690  HBOND      =        0.0000
 1-4 VDW =        0.2566  1-4 EEL =      118.1157  RESTRAINT  =        0.0000


   NSTEP       ENERGY          RMS            GMAX         NAME    NUMBER
     97       6.2659E+01     1.7301E+00     5.2342E+00     N29        10

 BOND    =        1.7256  ANGLE   =        4.0430  DIHED      =        1.7222
 VDWAALS =       -0.8891  EEL     =      -62.4788  HBOND      =        0.0000
 1-4 VDW =        0.2590  1-4 EEL =      118.2767  RESTRAINT  =        0.0000


   NSTEP       ENERGY          RMS            GMAX         NAME    NUMBER
     98       6.2589E+01     2.4045E+00     8.4995E+00     N29        10

 BOND    =        1.5159  ANGLE   =        4.3413  DIHED      =        1.5655
 VDWAALS =       -0.8962  EEL     =      -62.9852  HBOND      =        0.0000
 1-4 VDW =        0.3069  1-4 EEL =      118.7410  RESTRAINT  =        0.0000


   NSTEP       ENERGY          RMS            GMAX         NAME    NUMBER
     99       6.2548E+01     1.2864E+00     3.3076E+00     N29        10

 BOND    =        1.5505  ANGLE   =        4.2127  DIHED      =        1.6184
 VDWAALS =       -0.8935  EEL     =      -62.7923  HBOND      =        0.0000
 1-4 VDW =        0.2883  1-4 EEL =      118.5642  RESTRAINT  =        0.0000


   NSTEP       ENERGY          RMS            GMAX         NAME    NUMBER
    100       6.2490E+01     1.3960E+00     5.6017E+00     C6          6

 BOND    =        1.4012  ANGLE   =        4.3173  DIHED      =        1.5835
 VDWAALS =       -0.8961  EEL     =      -62.8305  HBOND      =        0.0000
 1-4 VDW =        0.2832  1-4 EEL =      118.6316  RESTRAINT  =        0.0000


  Maximum number of minimization cycles reached.


                    FINAL RESULTS



   NSTEP       ENERGY          RMS            GMAX         NAME    NUMBER
    100       6.2490E+01     1.3960E+00     5.6017E+00     C6          6

 BOND    =        1.4012  ANGLE   =        4.3173  DIHED      =        1.5835
 VDWAALS =       -0.8961  EEL     =      -62.8305  HBOND      =        0.0000
 1-4 VDW =        0.2832  1-4 EEL =      118.6316  RESTRAINT  =        0.0000

--------------------------------------------------------------------------------
   5.  TIMINGS
--------------------------------------------------------------------------------

|    Read coords time           0.00 ( 1.08% of Total)
|    Fast Water setup           0.00 ( 0.01% of Total)
|                Build the list             0.00 (87.31% of List )
|                Other                      0.00 (12.69% of List )
|             List time                  0.00 ( 6.92% of Nonbo)
|                   Short_ene time             0.02 (98.06% of Direc)
|                   Other                      0.00 ( 1.94% of Direc)
|                Direct Ewald time          0.02 (94.19% of Ewald)
|                Force Adjust               0.00 ( 0.21% of Ewald)
|                Virial junk                0.00 ( 0.58% of Ewald)
|                Start synchronizatio       0.00 ( 0.43% of Ewald)
|                Other                      0.00 ( 4.58% of Ewald)
|             Ewald time                 0.02 (92.11% of Nonbo)
|             IPS excludes               0.00 ( 0.22% of Nonbo)
|             Other                      0.00 ( 0.75% of Nonbo)
|          Nonbond force              0.02 (73.09% of Force)
|          Bond/Angle/Dihedral        0.01 (24.41% of Force)
|          Other                      0.00 ( 2.50% of Force)
|       Force time                 0.03 (100.0% of Runmd)
|    Runmd Time                 0.03 (11.12% of Total)
|    Other                      0.27 (87.79% of Total)
| Total time                 0.30 (100.0% of ALL  )

| Number of list builds   :          1

| Highest rstack allocated:         75
| Highest istack allocated:         15
|           Job began  at 18:06:31.594  on 12/05/2014
|           Setup done at 18:06:31.616  on 12/05/2014
|           Run   done at 18:06:31.897  on 12/05/2014
|     wallclock() was called    2335 times
