
          -------------------------------------------------------
          Amber 14 SANDER                              2014
          -------------------------------------------------------

| Run on 05/22/2015 at 14:51:41

|   Executable path: sander
| Working directory: /net/chevy/raid1/nigel/amber/library/amber_library/t
|          Hostname: chevy.lbl.gov

  [-O]verwriting output

File Assignments:
|  MDIN: sander.in                                                             
| MDOUT: TCF.min_igb.out                                                       
|INPCRD: TCF.rst7                                                              
|  PARM: TCF.prmtop                                                            
|RESTRT: TCF.min_igb.rst7                                                      
|  REFC: refc                                                                  
| MDVEL: mdvel                                                                 
| MDFRC: mdfrc                                                                 
|  MDEN: mden                                                                  
| MDCRD: mdcrd                                                                 
|MDINFO: mdinfo                                                                
|  MTMD: mtmd                                                                  
|INPDIP: inpdip                                                                
|RSTDIP: rstdip                                                                
|INPTRA: inptraj                                                               


 Here is the input file:

  short minimization                                                           
 &cntrl                                                                        
   imin=1, maxcyc=100, ncyc=50, ntpr=1, cut=99., ntb=0, igb=2                  
 /                                                                             

--------------------------------------------------------------------------------
   1.  RESOURCE   USE: 
--------------------------------------------------------------------------------

| Flags:                                                                        
| New format PARM file being parsed.
| Version =    1.000 Date = 05/22/15 Time = 14:51:41
 NATOM  =      23 NTYPES =       8 NBONH =      11 MBONA  =      12
 NTHETH =      24 MTHETA =      15 NPHIH =      48 MPHIA  =      18
 NHPARM =       0 NPARM  =       0 NNB   =     114 NRES   =       1
 NBONA  =      12 NTHETA =      15 NPHIA =      18 NUMBND =      10
 NUMANG =      15 NPTRA  =      11 NATYP =       9 NPHB   =       0
 IFBOX  =       0 NMXRS  =      23 IFCAP =       0 NEXTRA =       0
 NCOPY  =       0

 Implicit solvent radii are H(N)-modified Bondi radii (mbondi2)                                             

|     Memory Use     Allocated
|     Real                5179
|     Hollerith             72
|     Integer            21130
|     Max Pairs              1
|     nblistReal             0
|     nblist Int             0
|       Total              123 kbytes

| Note: 1-4 EEL scale factors are being read from the topology file.

| Note: 1-4 VDW scale factors are being read from the topology file.
| Duplicated    0 dihedrals
| Duplicated    0 dihedrals

--------------------------------------------------------------------------------
   2.  CONTROL  DATA  FOR  THE  RUN
--------------------------------------------------------------------------------

TCF                                                                             

General flags:
     imin    =       1, nmropt  =       0

Nature and format of input:
     ntx     =       1, irest   =       0, ntrx    =       1

Nature and format of output:
     ntxo    =       1, ntpr    =       1, ntrx    =       1, ntwr    =     500
     iwrap   =       0, ntwx    =       0, ntwv    =       0, ntwe    =       0
     ioutfm  =       0, ntwprt  =       0, idecomp =       0, rbornstat=      0

Potential function:
     ntf     =       1, ntb     =       0, igb     =       2, nsnb    =      25
     ipol    =       0, gbsa    =       0, iesp    =       0
     dielc   =   1.00000, cut     =  99.00000, intdiel =   1.00000
     saltcon =   0.00000, offset  =   0.09000, gbalpha=    0.80000
     gbbeta  =   0.00000, gbgamma =   2.90912, surften =   0.00500
     rdt     =   0.00000, rgbmax  =  25.00000  extdiel =  78.50000
     alpb  =        0

Frozen or restrained atoms:
     ibelly  =       0, ntr     =       0

Energy minimization:
     maxcyc  =     100, ncyc    =      50, ntmin   =       1
     dx0     =   0.01000, drms    =   0.00010
|  INFO: Old style inpcrd file read


--------------------------------------------------------------------------------
   3.  ATOMIC COORDINATES AND VELOCITIES
--------------------------------------------------------------------------------

TCF                                                                             
 begin time read from input coords =     0.000 ps

 Number of triangulated 3-point waters found:        0

--------------------------------------------------------------------------------
   4.  RESULTS
--------------------------------------------------------------------------------



   NSTEP       ENERGY          RMS            GMAX         NAME    NUMBER
      1      -1.1200E+02     1.1084E+01     4.1245E+01     C1B         1

 BOND    =        2.7315  ANGLE   =        2.3153  DIHED      =       11.5984
 VDWAALS =       -1.3449  EEL     =       35.1648  EGB        =      -75.1160
 1-4 VDW =        4.9953  1-4 EEL =      -92.3443  RESTRAINT  =        0.0000


   NSTEP       ENERGY          RMS            GMAX         NAME    NUMBER
      2      -1.1297E+02     8.3896E+00     3.1926E+01     C1B         1

 BOND    =        2.0219  ANGLE   =        2.0787  DIHED      =       11.6027
 VDWAALS =       -1.3426  EEL     =       35.1659  EGB        =      -75.1740
 1-4 VDW =        5.0216  1-4 EEL =      -92.3402  RESTRAINT  =        0.0000


   NSTEP       ENERGY          RMS            GMAX         NAME    NUMBER
      3      -1.1379E+02     5.6507E+00     2.1078E+01     C1B         1

 BOND    =        1.4585  ANGLE   =        1.8397  DIHED      =       11.6060
 VDWAALS =       -1.3397  EEL     =       35.1700  EGB        =      -75.2522
 1-4 VDW =        5.0546  1-4 EEL =      -92.3317  RESTRAINT  =        0.0000


   NSTEP       ENERGY          RMS            GMAX         NAME    NUMBER
      4      -1.1441E+02     3.3562E+00     9.5880E+00     C1B         1

 BOND    =        1.1368  ANGLE   =        1.5746  DIHED      =       11.6048
 VDWAALS =       -1.3358  EEL     =       35.1811  EGB        =      -75.3519
 1-4 VDW =        5.0930  1-4 EEL =      -92.3161  RESTRAINT  =        0.0000


   NSTEP       ENERGY          RMS            GMAX         NAME    NUMBER
      5      -1.1484E+02     2.1161E+00     5.9436E+00     O1B         2

 BOND    =        1.0436  ANGLE   =        1.2440  DIHED      =       11.5921
 VDWAALS =       -1.3301  EEL     =       35.2060  EGB        =      -75.4359
 1-4 VDW =        5.1293  1-4 EEL =      -92.2914  RESTRAINT  =        0.0000


   NSTEP       ENERGY          RMS            GMAX         NAME    NUMBER
      6      -1.1513E+02     1.6977E+00     4.7560E+00     CB2         6

 BOND    =        0.8456  ANGLE   =        1.0149  DIHED      =       11.5781
 VDWAALS =       -1.3227  EEL     =       35.2352  EGB        =      -75.4071
 1-4 VDW =        5.1732  1-4 EEL =      -92.2483  RESTRAINT  =        0.0000


   NSTEP       ENERGY          RMS            GMAX         NAME    NUMBER
      7      -1.1486E+02     6.2288E+00     1.7048E+01     CB2         6

 BOND    =        1.3647  ANGLE   =        0.8235  DIHED      =       11.5524
 VDWAALS =       -1.3221  EEL     =       35.2602  EGB        =      -75.7155
 1-4 VDW =        5.1771  1-4 EEL =      -91.9998  RESTRAINT  =        0.0000


   NSTEP       ENERGY          RMS            GMAX         NAME    NUMBER
      8      -1.1530E+02     1.3740E+00     5.0573E+00     C2B         3

 BOND    =        0.8319  ANGLE   =        0.8222  DIHED      =       11.5561
 VDWAALS =       -1.3199  EEL     =       35.2595  EGB        =      -75.6005
 1-4 VDW =        5.1889  1-4 EEL =      -92.0355  RESTRAINT  =        0.0000


   NSTEP       ENERGY          RMS            GMAX         NAME    NUMBER
      9      -1.1527E+02     2.7143E+00     7.6418E+00     C1B         1

 BOND    =        0.6436  ANGLE   =        0.9058  DIHED      =       11.5500
 VDWAALS =       -1.3186  EEL     =       35.2705  EGB        =      -75.4858
 1-4 VDW =        5.1700  1-4 EEL =      -92.0073  RESTRAINT  =        0.0000


   NSTEP       ENERGY          RMS            GMAX         NAME    NUMBER
     10      -1.1539E+02     9.1864E-01     2.6366E+00     C3B         4

 BOND    =        0.6807  ANGLE   =        0.8196  DIHED      =       11.5464
 VDWAALS =       -1.3196  EEL     =       35.2698  EGB        =      -75.6059
 1-4 VDW =        5.1719  1-4 EEL =      -91.9492  RESTRAINT  =        0.0000


   NSTEP       ENERGY          RMS            GMAX         NAME    NUMBER
     11      -1.1540E+02     1.7656E+00     5.4224E+00     C2B         3

 BOND    =        0.7145  ANGLE   =        0.7812  DIHED      =       11.5443
 VDWAALS =       -1.3193  EEL     =       35.2730  EGB        =      -75.6763
 1-4 VDW =        5.1731  1-4 EEL =      -91.8890  RESTRAINT  =        0.0000


   NSTEP       ENERGY          RMS            GMAX         NAME    NUMBER
     12      -1.1537E+02     2.7756E+00     7.9533E+00     CB5         9

 BOND    =        0.7302  ANGLE   =        0.8060  DIHED      =       11.5332
 VDWAALS =       -1.3211  EEL     =       35.2814  EGB        =      -75.6975
 1-4 VDW =        5.1382  1-4 EEL =      -91.8440  RESTRAINT  =        0.0000


   NSTEP       ENERGY          RMS            GMAX         NAME    NUMBER
     13      -1.1546E+02     6.6947E-01     1.7390E+00     C1B         1

 BOND    =        0.6431  ANGLE   =        0.7863  DIHED      =       11.5370
 VDWAALS =       -1.3204  EEL     =       35.2788  EGB        =      -75.6849
 1-4 VDW =        5.1500  1-4 EEL =      -91.8486  RESTRAINT  =        0.0000


   NSTEP       ENERGY          RMS            GMAX         NAME    NUMBER
     14      -1.1548E+02     1.0924E+00     3.4216E+00     C2B         3

 BOND    =        0.6549  ANGLE   =        0.7592  DIHED      =       11.5370
 VDWAALS =       -1.3207  EEL     =       35.2800  EGB        =      -75.7274
 1-4 VDW =        5.1476  1-4 EEL =      -91.8089  RESTRAINT  =        0.0000


   NSTEP       ENERGY          RMS            GMAX         NAME    NUMBER
     15      -1.1546E+02     2.0548E+00     5.6246E+00     CB5         9

 BOND    =        0.6655  ANGLE   =        0.7867  DIHED      =       11.5263
 VDWAALS =       -1.3223  EEL     =       35.2875  EGB        =      -75.7574
 1-4 VDW =        5.1162  1-4 EEL =      -91.7671  RESTRAINT  =        0.0000


   NSTEP       ENERGY          RMS            GMAX         NAME    NUMBER
     16      -1.1551E+02     5.8304E-01     1.6262E+00     C1B         1

 BOND    =        0.6162  ANGLE   =        0.7704  DIHED      =       11.5302
 VDWAALS =       -1.3219  EEL     =       35.2853  EGB        =      -75.7436
 1-4 VDW =        5.1250  1-4 EEL =      -91.7731  RESTRAINT  =        0.0000


   NSTEP       ENERGY          RMS            GMAX         NAME    NUMBER
     17      -1.1553E+02     8.2461E-01     2.3759E+00     C2B         3

 BOND    =        0.6224  ANGLE   =        0.7515  DIHED      =       11.5317
 VDWAALS =       -1.3223  EEL     =       35.2851  EGB        =      -75.7658
 1-4 VDW =        5.1234  1-4 EEL =      -91.7517  RESTRAINT  =        0.0000


   NSTEP       ENERGY          RMS            GMAX         NAME    NUMBER
     18      -1.1553E+02     1.4344E+00     4.5311E+00     C1B         1

 BOND    =        0.6300  ANGLE   =        0.7725  DIHED      =       11.5231
 VDWAALS =       -1.3237  EEL     =       35.2907  EGB        =      -75.7983
 1-4 VDW =        5.0981  1-4 EEL =      -91.7174  RESTRAINT  =        0.0000


   NSTEP       ENERGY          RMS            GMAX         NAME    NUMBER
     19      -1.1555E+02     4.7044E-01     1.3476E+00     HXT3       23

 BOND    =        0.6014  ANGLE   =        0.7616  DIHED      =       11.5263
 VDWAALS =       -1.3235  EEL     =       35.2891  EGB        =      -75.7844
 1-4 VDW =        5.1039  1-4 EEL =      -91.7232  RESTRAINT  =        0.0000


   NSTEP       ENERGY          RMS            GMAX         NAME    NUMBER
     20      -1.1556E+02     5.2464E-01     1.3725E+00     C2B         3

 BOND    =        0.6014  ANGLE   =        0.7510  DIHED      =       11.5272
 VDWAALS =       -1.3241  EEL     =       35.2891  EGB        =      -75.7973
 1-4 VDW =        5.0998  1-4 EEL =      -91.7084  RESTRAINT  =        0.0000


   NSTEP       ENERGY          RMS            GMAX         NAME    NUMBER
     21      -1.1557E+02     8.5370E-01     3.1224E+00     C1B         1

 BOND    =        0.6019  ANGLE   =        0.7653  DIHED      =       11.5213
 VDWAALS =       -1.3253  EEL     =       35.2927  EGB        =      -75.8251
 1-4 VDW =        5.0806  1-4 EEL =      -91.6808  RESTRAINT  =        0.0000


   NSTEP       ENERGY          RMS            GMAX         NAME    NUMBER
     22      -1.1557E+02     1.2595E+00     4.3315E+00     C1B         1

 BOND    =        0.5888  ANGLE   =        0.7498  DIHED      =       11.5275
 VDWAALS =       -1.3252  EEL     =       35.2901  EGB        =      -75.7977
 1-4 VDW =        5.0882  1-4 EEL =      -91.6906  RESTRAINT  =        0.0000


   NSTEP       ENERGY          RMS            GMAX         NAME    NUMBER
     23      -1.1559E+02     4.1027E-01     1.0060E+00     HXT3       23

 BOND    =        0.5884  ANGLE   =        0.7532  DIHED      =       11.5239
 VDWAALS =       -1.3258  EEL     =       35.2919  EGB        =      -75.8226
 1-4 VDW =        5.0790  1-4 EEL =      -91.6750  RESTRAINT  =        0.0000


   NSTEP       ENERGY          RMS            GMAX         NAME    NUMBER
     24      -1.1560E+02     4.8179E-01     1.5951E+00     C1B         1

 BOND    =        0.5873  ANGLE   =        0.7602  DIHED      =       11.5208
 VDWAALS =       -1.3267  EEL     =       35.2937  EGB        =      -75.8415
 1-4 VDW =        5.0664  1-4 EEL =      -91.6566  RESTRAINT  =        0.0000


   NSTEP       ENERGY          RMS            GMAX         NAME    NUMBER
     25      -1.1560E+02     7.9310E-01     2.8854E+00     C1B         1

 BOND    =        0.5773  ANGLE   =        0.7509  DIHED      =       11.5239
 VDWAALS =       -1.3271  EEL     =       35.2929  EGB        =      -75.8275
 1-4 VDW =        5.0653  1-4 EEL =      -91.6576  RESTRAINT  =        0.0000


   NSTEP       ENERGY          RMS            GMAX         NAME    NUMBER
     26      -1.1560E+02     1.0648E+00     4.4995E+00     C1B         1

 BOND    =        0.5991  ANGLE   =        0.7680  DIHED      =       11.5172
 VDWAALS =       -1.3282  EEL     =       35.2957  EGB        =      -75.8756
 1-4 VDW =        5.0482  1-4 EEL =      -91.6271  RESTRAINT  =        0.0000


   NSTEP       ENERGY          RMS            GMAX         NAME    NUMBER
     27      -1.1560E+02     1.2272E+00     4.5652E+00     C1B         1

 BOND    =        0.5733  ANGLE   =        0.7534  DIHED      =       11.5238
 VDWAALS =       -1.3279  EEL     =       35.2936  EGB        =      -75.8278
 1-4 VDW =        5.0556  1-4 EEL =      -91.6483  RESTRAINT  =        0.0000


   NSTEP       ENERGY          RMS            GMAX         NAME    NUMBER
     28      -1.1560E+02     1.5308E+00     5.9402E+00     C1B         1

 BOND    =        0.6118  ANGLE   =        0.7736  DIHED      =       11.5153
 VDWAALS =       -1.3294  EEL     =       35.2970  EGB        =      -75.8959
 1-4 VDW =        5.0356  1-4 EEL =      -91.6087  RESTRAINT  =        0.0000


   NSTEP       ENERGY          RMS            GMAX         NAME    NUMBER
     29      -1.1563E+02     3.5515E-01     9.1613E-01     HXT3       23

 BOND    =        0.5752  ANGLE   =        0.7617  DIHED      =       11.5189
 VDWAALS =       -1.3291  EEL     =       35.2957  EGB        =      -75.8675
 1-4 VDW =        5.0405  1-4 EEL =      -91.6220  RESTRAINT  =        0.0000


   NSTEP       ENERGY          RMS            GMAX         NAME    NUMBER
     30      -1.1563E+02     5.9221E-01     2.2213E+00     C1B         1

 BOND    =        0.5661  ANGLE   =        0.7578  DIHED      =       11.5204
 VDWAALS =       -1.3299  EEL     =       35.2958  EGB        =      -75.8593
 1-4 VDW =        5.0332  1-4 EEL =      -91.6188  RESTRAINT  =        0.0000


   NSTEP       ENERGY          RMS            GMAX         NAME    NUMBER
     31      -1.1563E+02     1.2235E+00     5.6949E+00     C1B         1

 BOND    =        0.5940  ANGLE   =        0.7790  DIHED      =       11.5137
 VDWAALS =       -1.3312  EEL     =       35.2980  EGB        =      -75.9133
 1-4 VDW =        5.0164  1-4 EEL =      -91.5857  RESTRAINT  =        0.0000


   NSTEP       ENERGY          RMS            GMAX         NAME    NUMBER
     32      -1.1565E+02     3.7216E-01     1.3261E+00     C1B         1

 BOND    =        0.5702  ANGLE   =        0.7678  DIHED      =       11.5169
 VDWAALS =       -1.3310  EEL     =       35.2971  EGB        =      -75.8885
 1-4 VDW =        5.0197  1-4 EEL =      -91.5975  RESTRAINT  =        0.0000


   NSTEP       ENERGY          RMS            GMAX         NAME    NUMBER
     33      -1.1565E+02     5.6738E-01     2.2425E+00     C1B         1

 BOND    =        0.5621  ANGLE   =        0.7618  DIHED      =       11.5191
 VDWAALS =       -1.3314  EEL     =       35.2968  EGB        =      -75.8730
 1-4 VDW =        5.0167  1-4 EEL =      -91.6015  RESTRAINT  =        0.0000


   NSTEP       ENERGY          RMS            GMAX         NAME    NUMBER
     34      -1.1565E+02     7.9220E-01     3.7222E+00     C1B         1

 BOND    =        0.5772  ANGLE   =        0.7779  DIHED      =       11.5142
 VDWAALS =       -1.3324  EEL     =       35.2984  EGB        =      -75.9131
 1-4 VDW =        5.0048  1-4 EEL =      -91.5774  RESTRAINT  =        0.0000


   NSTEP       ENERGY          RMS            GMAX         NAME    NUMBER
     35      -1.1565E+02     9.0709E-01     3.7830E+00     C1B         1

 BOND    =        0.5604  ANGLE   =        0.7626  DIHED      =       11.5196
 VDWAALS =       -1.3322  EEL     =       35.2970  EGB        =      -75.8714
 1-4 VDW =        5.0088  1-4 EEL =      -91.5968  RESTRAINT  =        0.0000


   NSTEP       ENERGY          RMS            GMAX         NAME    NUMBER
     36      -1.1565E+02     1.1362E+00     4.9893E+00     C1B         1

 BOND    =        0.5845  ANGLE   =        0.7850  DIHED      =       11.5126
 VDWAALS =       -1.3333  EEL     =       35.2992  EGB        =      -75.9278
 1-4 VDW =        4.9940  1-4 EEL =      -91.5648  RESTRAINT  =        0.0000


   NSTEP       ENERGY          RMS            GMAX         NAME    NUMBER
     37      -1.1566E+02     2.8455E-01     7.2732E-01     HXT3       23

 BOND    =        0.5629  ANGLE   =        0.7738  DIHED      =       11.5158
 VDWAALS =       -1.3331  EEL     =       35.2983  EGB        =      -75.9034
 1-4 VDW =        4.9973  1-4 EEL =      -91.5766  RESTRAINT  =        0.0000


   NSTEP       ENERGY          RMS            GMAX         NAME    NUMBER
     38      -1.1567E+02     4.2237E-01     1.6232E+00     C1B         1

 BOND    =        0.5577  ANGLE   =        0.7710  DIHED      =       11.5170
 VDWAALS =       -1.3338  EEL     =       35.2984  EGB        =      -75.8955
 1-4 VDW =        4.9911  1-4 EEL =      -91.5762  RESTRAINT  =        0.0000


   NSTEP       ENERGY          RMS            GMAX         NAME    NUMBER
     39      -1.1567E+02     8.7423E-01     4.4882E+00     C1B         1

 BOND    =        0.5736  ANGLE   =        0.7906  DIHED      =       11.5119
 VDWAALS =       -1.3348  EEL     =       35.2998  EGB        =      -75.9372
 1-4 VDW =        4.9785  1-4 EEL =      -91.5511  RESTRAINT  =        0.0000


   NSTEP       ENERGY          RMS            GMAX         NAME    NUMBER
     40      -1.1568E+02     2.7700E-01     9.0118E-01     C1B         1

 BOND    =        0.5601  ANGLE   =        0.7807  DIHED      =       11.5146
 VDWAALS =       -1.3347  EEL     =       35.2992  EGB        =      -75.9165
 1-4 VDW =        4.9806  1-4 EEL =      -91.5612  RESTRAINT  =        0.0000


   NSTEP       ENERGY          RMS            GMAX         NAME    NUMBER
     41      -1.1568E+02     3.7218E-01     1.4400E+00     C1B         1

 BOND    =        0.5558  ANGLE   =        0.7767  DIHED      =       11.5160
 VDWAALS =       -1.3351  EEL     =       35.2991  EGB        =      -75.9064
 1-4 VDW =        4.9769  1-4 EEL =      -91.5637  RESTRAINT  =        0.0000


   NSTEP       ENERGY          RMS            GMAX         NAME    NUMBER
     42      -1.1568E+02     5.7739E-01     3.0094E+00     C1B         1

 BOND    =        0.5645  ANGLE   =        0.7915  DIHED      =       11.5123
 VDWAALS =       -1.3358  EEL     =       35.3001  EGB        =      -75.9367
 1-4 VDW =        4.9678  1-4 EEL =      -91.5455  RESTRAINT  =        0.0000


   NSTEP       ENERGY          RMS            GMAX         NAME    NUMBER
     43      -1.1568E+02     6.7471E-01     3.1914E+00     C1B         1

 BOND    =        0.5545  ANGLE   =        0.7761  DIHED      =       11.5168
 VDWAALS =       -1.3358  EEL     =       35.2992  EGB        =      -75.9017
 1-4 VDW =        4.9700  1-4 EEL =      -91.5622  RESTRAINT  =        0.0000


   NSTEP       ENERGY          RMS            GMAX         NAME    NUMBER
     44      -1.1568E+02     8.3455E-01     4.2244E+00     C1B         1

 BOND    =        0.5690  ANGLE   =        0.7988  DIHED      =       11.5110
 VDWAALS =       -1.3366  EEL     =       35.3008  EGB        =      -75.9490
 1-4 VDW =        4.9589  1-4 EEL =      -91.5357  RESTRAINT  =        0.0000


   NSTEP       ENERGY          RMS            GMAX         NAME    NUMBER
     45      -1.1569E+02     2.2786E-01     5.8411E-01     HXT3       23

 BOND    =        0.5564  ANGLE   =        0.7882  DIHED      =       11.5137
 VDWAALS =       -1.3365  EEL     =       35.3001  EGB        =      -75.9277
 1-4 VDW =        4.9612  1-4 EEL =      -91.5461  RESTRAINT  =        0.0000


   NSTEP       ENERGY          RMS            GMAX         NAME    NUMBER
     46      -1.1569E+02     2.9346E-01     1.0775E+00     C1B         1

 BOND    =        0.5537  ANGLE   =        0.7864  DIHED      =       11.5146
 VDWAALS =       -1.3370  EEL     =       35.3003  EGB        =      -75.9221
 1-4 VDW =        4.9560  1-4 EEL =      -91.5463  RESTRAINT  =        0.0000


   NSTEP       ENERGY          RMS            GMAX         NAME    NUMBER
     47      -1.1569E+02     5.9477E-01     3.3796E+00     C1B         1

 BOND    =        0.5618  ANGLE   =        0.8030  DIHED      =       11.5108
 VDWAALS =       -1.3378  EEL     =       35.3011  EGB        =      -75.9527
 1-4 VDW =        4.9466  1-4 EEL =      -91.5278  RESTRAINT  =        0.0000


   NSTEP       ENERGY          RMS            GMAX         NAME    NUMBER
     48      -1.1570E+02     7.0024E-01     3.6999E+00     C1B         1

 BOND    =        0.5530  ANGLE   =        0.7834  DIHED      =       11.5161
 VDWAALS =       -1.3377  EEL     =       35.3003  EGB        =      -75.9119
 1-4 VDW =        4.9492  1-4 EEL =      -91.5478  RESTRAINT  =        0.0000


   NSTEP       ENERGY          RMS            GMAX         NAME    NUMBER
     49      -1.1569E+02     8.5988E-01     4.7984E+00     C1B         1

 BOND    =        0.5669  ANGLE   =        0.8112  DIHED      =       11.5093
 VDWAALS =       -1.3385  EEL     =       35.3018  EGB        =      -75.9653
 1-4 VDW =        4.9386  1-4 EEL =      -91.5184  RESTRAINT  =        0.0000


   NSTEP       ENERGY          RMS            GMAX         NAME    NUMBER
     50      -1.1570E+02     2.0403E-01     5.7198E-01     C1B         1

 BOND    =        0.5542  ANGLE   =        0.7980  DIHED      =       11.5125
 VDWAALS =       -1.3384  EEL     =       35.3012  EGB        =      -75.9405
 1-4 VDW =        4.9410  1-4 EEL =      -91.5309  RESTRAINT  =        0.0000


   NSTEP       ENERGY          RMS            GMAX         NAME    NUMBER
     51      -1.1571E+02     3.1766E-01     1.4763E+00     C1B         1

 BOND    =        0.5519  ANGLE   =        0.7949  DIHED      =       11.5137
 VDWAALS =       -1.3388  EEL     =       35.3013  EGB        =      -75.9321
 1-4 VDW =        4.9360  1-4 EEL =      -91.5327  RESTRAINT  =        0.0000


   NSTEP       ENERGY          RMS            GMAX         NAME    NUMBER
     52       3.4601E+01     1.1658E+02     7.0749E+02     C1B         1

 BOND    =      127.5699  ANGLE   =       27.8689  DIHED      =       10.9116
 VDWAALS =       -1.3828  EEL     =       35.4028  EGB        =      -81.0846
 1-4 VDW =        4.1946  1-4 EEL =      -88.8798  RESTRAINT  =        0.0000


   NSTEP       ENERGY          RMS            GMAX         NAME    NUMBER
     53      -1.1571E+02     2.1919E-01     8.7820E-01     C1B         1

 BOND    =        0.5540  ANGLE   =        0.8034  DIHED      =       11.5118
 VDWAALS =       -1.3391  EEL     =       35.3017  EGB        =      -75.9476
 1-4 VDW =        4.9322  1-4 EEL =      -91.5238  RESTRAINT  =        0.0000


   NSTEP       ENERGY          RMS            GMAX         NAME    NUMBER
     54      -1.1571E+02     2.1436E-01     8.7517E-01     C1B         1

 BOND    =        0.5537  ANGLE   =        0.8050  DIHED      =       11.5116
 VDWAALS =       -1.3394  EEL     =       35.3019  EGB        =      -75.9493
 1-4 VDW =        4.9293  1-4 EEL =      -91.5217  RESTRAINT  =        0.0000


   NSTEP       ENERGY          RMS            GMAX         NAME    NUMBER
     55      -1.1572E+02     1.9466E-01     8.4761E-01     C1B         1

 BOND    =        0.5518  ANGLE   =        0.8206  DIHED      =       11.5101
 VDWAALS =       -1.3418  EEL     =       35.3033  EGB        =      -75.9656
 1-4 VDW =        4.9022  1-4 EEL =      -91.5025  RESTRAINT  =        0.0000


   NSTEP       ENERGY          RMS            GMAX         NAME    NUMBER
     56      -1.1574E+02     4.2137E-01     1.2771E+00     CB2         6

 BOND    =        0.5553  ANGLE   =        0.8881  DIHED      =       11.5053
 VDWAALS =       -1.3494  EEL     =       35.3083  EGB        =      -76.0245
 1-4 VDW =        4.8070  1-4 EEL =      -91.4323  RESTRAINT  =        0.0000


   NSTEP       ENERGY          RMS            GMAX         NAME    NUMBER
     57      -1.1520E+02     6.9541E+00     2.1414E+01     CB2         6

 BOND    =        0.9454  ANGLE   =        1.1036  DIHED      =       11.5102
 VDWAALS =       -1.3581  EEL     =       35.3223  EGB        =      -76.0186
 1-4 VDW =        4.6816  1-4 EEL =      -91.3906  RESTRAINT  =        0.0000


   NSTEP       ENERGY          RMS            GMAX         NAME    NUMBER
     58      -1.1574E+02     3.5018E-02     1.1569E-01     HB5        22

 BOND    =        0.5545  ANGLE   =        0.8914  DIHED      =       11.5055
 VDWAALS =       -1.3500  EEL     =       35.3091  EGB        =      -76.0242
 1-4 VDW =        4.7992  1-4 EEL =      -91.4299  RESTRAINT  =        0.0000


   NSTEP       ENERGY          RMS            GMAX         NAME    NUMBER
     59      -1.1574E+02     3.4203E-02     1.1343E-01     HB5        22

 BOND    =        0.5545  ANGLE   =        0.8916  DIHED      =       11.5055
 VDWAALS =       -1.3500  EEL     =       35.3092  EGB        =      -76.0239
 1-4 VDW =        4.7991  1-4 EEL =      -91.4305  RESTRAINT  =        0.0000


   NSTEP       ENERGY          RMS            GMAX         NAME    NUMBER
     60      -1.1574E+02     3.2147E-02     9.2470E-02     HB3        21

 BOND    =        0.5549  ANGLE   =        0.8931  DIHED      =       11.5052
 VDWAALS =       -1.3501  EEL     =       35.3104  EGB        =      -76.0208
 1-4 VDW =        4.7984  1-4 EEL =      -91.4357  RESTRAINT  =        0.0000


   NSTEP       ENERGY          RMS            GMAX         NAME    NUMBER
     61      -1.1575E+02     7.3840E-02     3.5345E-01     NXT        12

 BOND    =        0.5562  ANGLE   =        0.8980  DIHED      =       11.5044
 VDWAALS =       -1.3505  EEL     =       35.3142  EGB        =      -76.0105
 1-4 VDW =        4.7959  1-4 EEL =      -91.4527  RESTRAINT  =        0.0000


   NSTEP       ENERGY          RMS            GMAX         NAME    NUMBER
     62      -1.1574E+02     3.5789E-01     1.5080E+00     NXT        12

 BOND    =        0.5751  ANGLE   =        0.8965  DIHED      =       11.5090
 VDWAALS =       -1.3508  EEL     =       35.3167  EGB        =      -76.0157
 1-4 VDW =        4.7939  1-4 EEL =      -91.4677  RESTRAINT  =        0.0000


   NSTEP       ENERGY          RMS            GMAX         NAME    NUMBER
     63      -1.1575E+02     2.7092E-02     1.0804E-01     O1B         2

 BOND    =        0.5593  ANGLE   =        0.8977  DIHED      =       11.5052
 VDWAALS =       -1.3505  EEL     =       35.3147  EGB        =      -76.0115
 1-4 VDW =        4.7956  1-4 EEL =      -91.4555  RESTRAINT  =        0.0000


   NSTEP       ENERGY          RMS            GMAX         NAME    NUMBER
     64      -1.1575E+02     2.1659E-02     8.5901E-02     O1B         2

 BOND    =        0.5595  ANGLE   =        0.8966  DIHED      =       11.5054
 VDWAALS =       -1.3505  EEL     =       35.3148  EGB        =      -76.0111
 1-4 VDW =        4.7958  1-4 EEL =      -91.4557  RESTRAINT  =        0.0000


   NSTEP       ENERGY          RMS            GMAX         NAME    NUMBER
     65      -1.1575E+02     2.8305E-02     9.0529E-02     NXT        12

 BOND    =        0.5596  ANGLE   =        0.8961  DIHED      =       11.5055
 VDWAALS =       -1.3505  EEL     =       35.3148  EGB        =      -76.0109
 1-4 VDW =        4.7959  1-4 EEL =      -91.4557  RESTRAINT  =        0.0000


   NSTEP       ENERGY          RMS            GMAX         NAME    NUMBER
     66      -1.1575E+02     2.4024E-02     8.0689E-02     NXT        12

 BOND    =        0.5588  ANGLE   =        0.8956  DIHED      =       11.5052
 VDWAALS =       -1.3504  EEL     =       35.3153  EGB        =      -76.0116
 1-4 VDW =        4.7962  1-4 EEL =      -91.4544  RESTRAINT  =        0.0000


   NSTEP       ENERGY          RMS            GMAX         NAME    NUMBER
     67      -1.1575E+02     4.2146E-02     1.3492E-01     C2B         3

 BOND    =        0.5560  ANGLE   =        0.8934  DIHED      =       11.5041
 VDWAALS =       -1.3500  EEL     =       35.3172  EGB        =      -76.0142
 1-4 VDW =        4.7975  1-4 EEL =      -91.4493  RESTRAINT  =        0.0000


   NSTEP       ENERGY          RMS            GMAX         NAME    NUMBER
     68      -1.1575E+02     5.0071E-02     1.8781E-01     C2B         3

 BOND    =        0.5545  ANGLE   =        0.8878  DIHED      =       11.5029
 VDWAALS =       -1.3495  EEL     =       35.3203  EGB        =      -76.0180
 1-4 VDW =        4.7992  1-4 EEL =      -91.4426  RESTRAINT  =        0.0000


   NSTEP       ENERGY          RMS            GMAX         NAME    NUMBER
     69      -1.1575E+02     3.2557E-02     9.0358E-02     C2B         3

 BOND    =        0.5550  ANGLE   =        0.8895  DIHED      =       11.5033
 VDWAALS =       -1.3496  EEL     =       35.3194  EGB        =      -76.0169
 1-4 VDW =        4.7987  1-4 EEL =      -91.4446  RESTRAINT  =        0.0000


   NSTEP       ENERGY          RMS            GMAX         NAME    NUMBER
     70      -1.1575E+02     3.6139E-02     1.1579E-01     CB4        10

 BOND    =        0.5556  ANGLE   =        0.8880  DIHED      =       11.5031
 VDWAALS =       -1.3495  EEL     =       35.3207  EGB        =      -76.0192
 1-4 VDW =        4.7992  1-4 EEL =      -91.4434  RESTRAINT  =        0.0000


   NSTEP       ENERGY          RMS            GMAX         NAME    NUMBER
     71      -1.1575E+02     3.5261E-02     1.1133E-01     CB4        10

 BOND    =        0.5556  ANGLE   =        0.8881  DIHED      =       11.5031
 VDWAALS =       -1.3495  EEL     =       35.3207  EGB        =      -76.0191
 1-4 VDW =        4.7992  1-4 EEL =      -91.4435  RESTRAINT  =        0.0000


   NSTEP       ENERGY          RMS            GMAX         NAME    NUMBER
     72      -1.1575E+02     2.6767E-02     8.4707E-02     NXT        12

 BOND    =        0.5570  ANGLE   =        0.8877  DIHED      =       11.5030
 VDWAALS =       -1.3493  EEL     =       35.3217  EGB        =      -76.0213
 1-4 VDW =        4.7996  1-4 EEL =      -91.4438  RESTRAINT  =        0.0000


   NSTEP       ENERGY          RMS            GMAX         NAME    NUMBER
     73      -1.1575E+02     3.1229E-02     8.8277E-02     C2B         3

 BOND    =        0.5573  ANGLE   =        0.8877  DIHED      =       11.5029
 VDWAALS =       -1.3493  EEL     =       35.3219  EGB        =      -76.0217
 1-4 VDW =        4.7997  1-4 EEL =      -91.4439  RESTRAINT  =        0.0000


   NSTEP       ENERGY          RMS            GMAX         NAME    NUMBER
     74      -1.1575E+02     3.1183E-02     8.6467E-02     CB6         8

 BOND    =        0.5584  ANGLE   =        0.8889  DIHED      =       11.5023
 VDWAALS =       -1.3492  EEL     =       35.3226  EGB        =      -76.0245
 1-4 VDW =        4.7999  1-4 EEL =      -91.4438  RESTRAINT  =        0.0000


   NSTEP       ENERGY          RMS            GMAX         NAME    NUMBER
     75      -1.1575E+02     2.9317E-02     8.2212E-02     HXT3       23

 BOND    =        0.5583  ANGLE   =        0.8888  DIHED      =       11.5024
 VDWAALS =       -1.3492  EEL     =       35.3225  EGB        =      -76.0243
 1-4 VDW =        4.7999  1-4 EEL =      -91.4438  RESTRAINT  =        0.0000


   NSTEP       ENERGY          RMS            GMAX         NAME    NUMBER
     76      -1.1574E+02     2.3937E-01     1.0068E+00     CB6         8

 BOND    =        0.5502  ANGLE   =        0.8903  DIHED      =       11.5035
 VDWAALS =       -1.3495  EEL     =       35.3217  EGB        =      -76.0185
 1-4 VDW =        4.7989  1-4 EEL =      -91.4412  RESTRAINT  =        0.0000


   NSTEP       ENERGY          RMS            GMAX         NAME    NUMBER
     77      -1.1575E+02     6.2072E-02     2.1543E-01     C2B         3

 BOND    =        0.5523  ANGLE   =        0.8891  DIHED      =       11.5032
 VDWAALS =       -1.3495  EEL     =       35.3214  EGB        =      -76.0176
 1-4 VDW =        4.7989  1-4 EEL =      -91.4434  RESTRAINT  =        0.0000


   NSTEP       ENERGY          RMS            GMAX         NAME    NUMBER
     78      -1.1575E+02     1.0769E-01     4.0052E-01     CB2         6

 BOND    =        0.5589  ANGLE   =        0.8909  DIHED      =       11.5022
 VDWAALS =       -1.3493  EEL     =       35.3205  EGB        =      -76.0212
 1-4 VDW =        4.7990  1-4 EEL =      -91.4464  RESTRAINT  =        0.0000


   NSTEP       ENERGY          RMS            GMAX         NAME    NUMBER
     79      -1.1575E+02     2.7724E-02     8.9352E-02     C2B         3

 BOND    =        0.5578  ANGLE   =        0.8899  DIHED      =       11.5029
 VDWAALS =       -1.3493  EEL     =       35.3206  EGB        =      -76.0197
 1-4 VDW =        4.7988  1-4 EEL =      -91.4466  RESTRAINT  =        0.0000


   NSTEP       ENERGY          RMS            GMAX         NAME    NUMBER
     80       1.2771E+04     8.8525E+02     3.4718E+03     CB2         6

 BOND    =    10304.2215  ANGLE   =     2536.3083  DIHED      =       72.8519
 VDWAALS =       -1.0487  EEL     =       36.1679  EGB        =     -132.7923
 1-4 VDW =       38.6090  1-4 EEL =      -83.5121  RESTRAINT  =        0.0000


   NSTEP       ENERGY          RMS            GMAX         NAME    NUMBER
     81      -1.1575E+02     2.6399E-02     1.0120E-01     CB1         5

 BOND    =        0.5575  ANGLE   =        0.8895  DIHED      =       11.5031
 VDWAALS =       -1.3494  EEL     =       35.3207  EGB        =      -76.0191
 1-4 VDW =        4.7987  1-4 EEL =      -91.4466  RESTRAINT  =        0.0000


   NSTEP       ENERGY          RMS            GMAX         NAME    NUMBER
     82      -1.1575E+02     1.5851E-02     4.7616E-02     CB1         5

 BOND    =        0.5576  ANGLE   =        0.8896  DIHED      =       11.5031
 VDWAALS =       -1.3493  EEL     =       35.3207  EGB        =      -76.0193
 1-4 VDW =        4.7987  1-4 EEL =      -91.4466  RESTRAINT  =        0.0000


   NSTEP       ENERGY          RMS            GMAX         NAME    NUMBER
     83      -1.1575E+02     1.1483E-02     3.9479E-02     HXT1       15

 BOND    =        0.5574  ANGLE   =        0.8896  DIHED      =       11.5031
 VDWAALS =       -1.3494  EEL     =       35.3206  EGB        =      -76.0190
 1-4 VDW =        4.7987  1-4 EEL =      -91.4466  RESTRAINT  =        0.0000


   NSTEP       ENERGY          RMS            GMAX         NAME    NUMBER
     84      -1.1575E+02     1.6571E-02     4.8364E-02     NXT        12

 BOND    =        0.5573  ANGLE   =        0.8895  DIHED      =       11.5032
 VDWAALS =       -1.3494  EEL     =       35.3205  EGB        =      -76.0187
 1-4 VDW =        4.7986  1-4 EEL =      -91.4466  RESTRAINT  =        0.0000


   NSTEP       ENERGY          RMS            GMAX         NAME    NUMBER
     85      -1.1575E+02     1.5791E-02     3.9992E-02     HXT1       15

 BOND    =        0.5572  ANGLE   =        0.8901  DIHED      =       11.5032
 VDWAALS =       -1.3494  EEL     =       35.3200  EGB        =      -76.0185
 1-4 VDW =        4.7986  1-4 EEL =      -91.4468  RESTRAINT  =        0.0000


   NSTEP       ENERGY          RMS            GMAX         NAME    NUMBER
     86      -1.1575E+02     5.0714E-02     1.5624E-01     C2B         3

 BOND    =        0.5565  ANGLE   =        0.8942  DIHED      =       11.5034
 VDWAALS =       -1.3494  EEL     =       35.3160  EGB        =      -76.0166
 1-4 VDW =        4.7982  1-4 EEL =      -91.4480  RESTRAINT  =        0.0000


   NSTEP       ENERGY          RMS            GMAX         NAME    NUMBER
     87      -1.1575E+02     3.0812E-02     1.0222E-01     O1B         2

 BOND    =        0.5587  ANGLE   =        0.8964  DIHED      =       11.5043
 VDWAALS =       -1.3493  EEL     =       35.3116  EGB        =      -76.0145
 1-4 VDW =        4.7969  1-4 EEL =      -91.4498  RESTRAINT  =        0.0000


   NSTEP       ENERGY          RMS            GMAX         NAME    NUMBER
     88      -1.1575E+02     3.8422E-02     1.2283E-01     O1B         2

 BOND    =        0.5597  ANGLE   =        0.8973  DIHED      =       11.5047
 VDWAALS =       -1.3493  EEL     =       35.3097  EGB        =      -76.0136
 1-4 VDW =        4.7963  1-4 EEL =      -91.4506  RESTRAINT  =        0.0000


   NSTEP       ENERGY          RMS            GMAX         NAME    NUMBER
     89      -1.1575E+02     3.4063E-02     1.3060E-01     NXT        12

 BOND    =        0.5615  ANGLE   =        0.8951  DIHED      =       11.5058
 VDWAALS =       -1.3491  EEL     =       35.3063  EGB        =      -76.0108
 1-4 VDW =        4.7959  1-4 EEL =      -91.4505  RESTRAINT  =        0.0000


   NSTEP       ENERGY          RMS            GMAX         NAME    NUMBER
     90      -1.1575E+02     4.6512E-02     1.6799E-01     NXT        12

 BOND    =        0.5623  ANGLE   =        0.8941  DIHED      =       11.5063
 VDWAALS =       -1.3491  EEL     =       35.3047  EGB        =      -76.0096
 1-4 VDW =        4.7957  1-4 EEL =      -91.4505  RESTRAINT  =        0.0000


   NSTEP       ENERGY          RMS            GMAX         NAME    NUMBER
     91      -1.1575E+02     4.0225E-02     1.5808E-01     C1B         1

 BOND    =        0.5620  ANGLE   =        0.8936  DIHED      =       11.5061
 VDWAALS =       -1.3487  EEL     =       35.3003  EGB        =      -76.0075
 1-4 VDW =        4.7951  1-4 EEL =      -91.4468  RESTRAINT  =        0.0000


   NSTEP       ENERGY          RMS            GMAX         NAME    NUMBER
     92      -1.1575E+02     3.8606E-02     1.4962E-01     C1B         1

 BOND    =        0.5620  ANGLE   =        0.8936  DIHED      =       11.5061
 VDWAALS =       -1.3487  EEL     =       35.3005  EGB        =      -76.0075
 1-4 VDW =        4.7951  1-4 EEL =      -91.4470  RESTRAINT  =        0.0000


   NSTEP       ENERGY          RMS            GMAX         NAME    NUMBER
     93      -1.1575E+02     5.0459E-02     2.0745E-01     C1B         1

 BOND    =        0.5607  ANGLE   =        0.8918  DIHED      =       11.5062
 VDWAALS =       -1.3485  EEL     =       35.2975  EGB        =      -76.0040
 1-4 VDW =        4.7953  1-4 EEL =      -91.4450  RESTRAINT  =        0.0000


   NSTEP       ENERGY          RMS            GMAX         NAME    NUMBER
     94      -1.1575E+02     5.8762E-02     2.6887E-01     C1B         1

 BOND    =        0.5605  ANGLE   =        0.8915  DIHED      =       11.5062
 VDWAALS =       -1.3484  EEL     =       35.2970  EGB        =      -76.0034
 1-4 VDW =        4.7953  1-4 EEL =      -91.4446  RESTRAINT  =        0.0000


   NSTEP       ENERGY          RMS            GMAX         NAME    NUMBER
     95      -1.1575E+02     4.5638E-02     1.6658E-01     C1B         1

 BOND    =        0.5592  ANGLE   =        0.8912  DIHED      =       11.5061
 VDWAALS =       -1.3482  EEL     =       35.2935  EGB        =      -76.0030
 1-4 VDW =        4.7956  1-4 EEL =      -91.4404  RESTRAINT  =        0.0000


   NSTEP       ENERGY          RMS            GMAX         NAME    NUMBER
     96      -1.1575E+02     6.3846E-02     1.7317E-01     HXT2       16

 BOND    =        0.5560  ANGLE   =        0.8905  DIHED      =       11.5058
 VDWAALS =       -1.3476  EEL     =       35.2852  EGB        =      -76.0022
 1-4 VDW =        4.7962  1-4 EEL =      -91.4302  RESTRAINT  =        0.0000


   NSTEP       ENERGY          RMS            GMAX         NAME    NUMBER
     97      -1.1575E+02     7.4113E-02     2.2567E-01     C3B         4

 BOND    =        0.5538  ANGLE   =        0.8890  DIHED      =       11.5050
 VDWAALS =       -1.3467  EEL     =       35.2764  EGB        =      -76.0017
 1-4 VDW =        4.7972  1-4 EEL =      -91.4196  RESTRAINT  =        0.0000


   NSTEP       ENERGY          RMS            GMAX         NAME    NUMBER
     98      -1.1575E+02     1.2296E-01     5.4461E-01     C3B         4

 BOND    =        0.5521  ANGLE   =        0.8879  DIHED      =       11.5042
 VDWAALS =       -1.3460  EEL     =       35.2693  EGB        =      -76.0012
 1-4 VDW =        4.7980  1-4 EEL =      -91.4110  RESTRAINT  =        0.0000


   NSTEP       ENERGY          RMS            GMAX         NAME    NUMBER
     99      -1.1575E+02     1.0509E-01     4.2383E-01     C3B         4

 BOND    =        0.5520  ANGLE   =        0.8892  DIHED      =       11.5018
 VDWAALS =       -1.3444  EEL     =       35.2541  EGB        =      -76.0022
 1-4 VDW =        4.7992  1-4 EEL =      -91.3971  RESTRAINT  =        0.0000


   NSTEP       ENERGY          RMS            GMAX         NAME    NUMBER
    100      -1.1575E+02     1.8354E-01     6.2006E-01     CB2         6

 BOND    =        0.5519  ANGLE   =        0.8916  DIHED      =       11.4981
 VDWAALS =       -1.3425  EEL     =       35.2351  EGB        =      -76.0035
 1-4 VDW =        4.8007  1-4 EEL =      -91.3792  RESTRAINT  =        0.0000


  Maximum number of minimization cycles reached.


                    FINAL RESULTS



   NSTEP       ENERGY          RMS            GMAX         NAME    NUMBER
    100      -1.1575E+02     1.8354E-01     6.2006E-01     CB2         6

 BOND    =        0.5519  ANGLE   =        0.8916  DIHED      =       11.4981
 VDWAALS =       -1.3425  EEL     =       35.2351  EGB        =      -76.0035
 1-4 VDW =        4.8007  1-4 EEL =      -91.3792  RESTRAINT  =        0.0000

--------------------------------------------------------------------------------
   5.  TIMINGS
--------------------------------------------------------------------------------

|    Read coords time           0.00 ( 0.46% of Total)
|    Fast Water setup           0.00 ( 0.01% of Total)
|                Calc gb radii              0.01 (29.18% of Gen B)
|                Calc gb diag               0.01 (42.09% of Gen B)
|                Calc gb off-diag           0.01 (28.34% of Gen B)
|                Other                      0.00 ( 0.39% of Gen B)
|             Gen Born time              0.02 (100.0% of Nonbo)
|             IPS excludes               0.00 ( 0.06% of Nonbo)
|          Nonbond force              0.02 (82.99% of Force)
|          Bond/Angle/Dihedral        0.00 (16.00% of Force)
|          Other                      0.00 ( 1.01% of Force)
|       Force time                 0.02 (100.0% of Runmd)
|    Runmd Time                 0.02 (34.40% of Total)
|    Other                      0.04 (65.13% of Total)
| Total time                 0.07 (100.0% of ALL  )

| Number of list builds   :          0

| Highest rstack allocated:          0
| Highest istack allocated:          0
|           Job began  at 14:51:41.411  on 05/22/2015
|           Setup done at 14:51:41.414  on 05/22/2015
|           Run   done at 14:51:41.478  on 05/22/2015
|     wallclock() was called    1828 times
