
          -------------------------------------------------------
          Amber 14 SANDER                              2014
          -------------------------------------------------------

| Run on 05/22/2015 at 14:51:49

|   Executable path: sander
| Working directory: /net/chevy/raid1/nigel/amber/library/amber_library/t
|          Hostname: chevy.lbl.gov

  [-O]verwriting output

File Assignments:
|  MDIN: sander.in                                                             
| MDOUT: TEE.min_igb.out                                                       
|INPCRD: TEE.rst7                                                              
|  PARM: TEE.prmtop                                                            
|RESTRT: TEE.min_igb.rst7                                                      
|  REFC: refc                                                                  
| MDVEL: mdvel                                                                 
| MDFRC: mdfrc                                                                 
|  MDEN: mden                                                                  
| MDCRD: mdcrd                                                                 
|MDINFO: mdinfo                                                                
|  MTMD: mtmd                                                                  
|INPDIP: inpdip                                                                
|RSTDIP: rstdip                                                                
|INPTRA: inptraj                                                               


 Here is the input file:

  short minimization                                                           
 &cntrl                                                                        
   imin=1, maxcyc=100, ncyc=50, ntpr=1, cut=99., ntb=0, igb=2                  
 /                                                                             

--------------------------------------------------------------------------------
   1.  RESOURCE   USE: 
--------------------------------------------------------------------------------

| Flags:                                                                        
| New format PARM file being parsed.
| Version =    1.000 Date = 05/22/15 Time = 14:51:49
 NATOM  =      10 NTYPES =       6 NBONH =       6 MBONA  =       3
 NTHETH =      11 MTHETA =       2 NPHIH =      13 MPHIA  =       1
 NHPARM =       0 NPARM  =       0 NNB   =      36 NRES   =       1
 NBONA  =       3 NTHETA =       2 NPHIA =       1 NUMBND =       7
 NUMANG =       9 NPTRA  =       4 NATYP =       7 NPHB   =       0
 IFBOX  =       0 NMXRS  =      10 IFCAP =       0 NEXTRA =       0
 NCOPY  =       0

 Implicit solvent radii are H(N)-modified Bondi radii (mbondi2)                                             

|     Memory Use     Allocated
|     Real                2293
|     Hollerith             33
|     Integer            20382
|     Max Pairs              1
|     nblistReal             0
|     nblist Int             0
|       Total               97 kbytes

| Note: 1-4 EEL scale factors are being read from the topology file.

| Note: 1-4 VDW scale factors are being read from the topology file.
| Duplicated    0 dihedrals
| Duplicated    0 dihedrals

--------------------------------------------------------------------------------
   2.  CONTROL  DATA  FOR  THE  RUN
--------------------------------------------------------------------------------

TEE                                                                             

General flags:
     imin    =       1, nmropt  =       0

Nature and format of input:
     ntx     =       1, irest   =       0, ntrx    =       1

Nature and format of output:
     ntxo    =       1, ntpr    =       1, ntrx    =       1, ntwr    =     500
     iwrap   =       0, ntwx    =       0, ntwv    =       0, ntwe    =       0
     ioutfm  =       0, ntwprt  =       0, idecomp =       0, rbornstat=      0

Potential function:
     ntf     =       1, ntb     =       0, igb     =       2, nsnb    =      25
     ipol    =       0, gbsa    =       0, iesp    =       0
     dielc   =   1.00000, cut     =  99.00000, intdiel =   1.00000
     saltcon =   0.00000, offset  =   0.09000, gbalpha=    0.80000
     gbbeta  =   0.00000, gbgamma =   2.90912, surften =   0.00500
     rdt     =   0.00000, rgbmax  =  25.00000  extdiel =  78.50000
     alpb  =        0

Frozen or restrained atoms:
     ibelly  =       0, ntr     =       0

Energy minimization:
     maxcyc  =     100, ncyc    =      50, ntmin   =       1
     dx0     =   0.01000, drms    =   0.00010
|  INFO: Old style inpcrd file read


--------------------------------------------------------------------------------
   3.  ATOMIC COORDINATES AND VELOCITIES
--------------------------------------------------------------------------------

TEE                                                                             
 begin time read from input coords =     0.000 ps

 Number of triangulated 3-point waters found:        0

--------------------------------------------------------------------------------
   4.  RESULTS
--------------------------------------------------------------------------------



   NSTEP       ENERGY          RMS            GMAX         NAME    NUMBER
      1       4.0987E+00     2.9445E+01     1.0665E+02     CB          2

 BOND    =        6.7679  ANGLE   =        5.3357  DIHED      =        0.0000
 VDWAALS =       -0.0859  EEL     =       41.4209  EGB        =      -66.3563
 1-4 VDW =       -0.0996  1-4 EEL =       17.1159  RESTRAINT  =        0.0000


   NSTEP       ENERGY          RMS            GMAX         NAME    NUMBER
      2       3.3153E+00     2.7777E+01     1.0132E+02     CB          2

 BOND    =        6.1281  ANGLE   =        5.2174  DIHED      =        0.0000
 VDWAALS =       -0.0858  EEL     =       41.4186  EGB        =      -66.3739
 1-4 VDW =       -0.1006  1-4 EEL =       17.1115  RESTRAINT  =        0.0000


   NSTEP       ENERGY          RMS            GMAX         NAME    NUMBER
      3       2.4346E+00     2.5837E+01     9.4940E+01     CB          2

 BOND    =        5.4151  ANGLE   =        5.0810  DIHED      =        0.0000
 VDWAALS =       -0.0857  EEL     =       41.4154  EGB        =      -66.3957
 1-4 VDW =       -0.1018  1-4 EEL =       17.1063  RESTRAINT  =        0.0000


   NSTEP       ENERGY          RMS            GMAX         NAME    NUMBER
      4       1.4603E+00     2.3600E+01     8.7324E+01     CB          2

 BOND    =        4.6358  ANGLE   =        4.9252  DIHED      =        0.0000
 VDWAALS =       -0.0855  EEL     =       41.4110  EGB        =      -66.4231
 1-4 VDW =       -0.1033  1-4 EEL =       17.1001  RESTRAINT  =        0.0000


   NSTEP       ENERGY          RMS            GMAX         NAME    NUMBER
      5       4.0475E-01     2.1053E+01     7.8266E+01     CB          2

 BOND    =        3.8059  ANGLE   =        4.7494  DIHED      =        0.0000
 VDWAALS =       -0.0853  EEL     =       41.4046  EGB        =      -66.4576
 1-4 VDW =       -0.1050  1-4 EEL =       17.0927  RESTRAINT  =        0.0000


   NSTEP       ENERGY          RMS            GMAX         NAME    NUMBER
      6      -7.0816E-01     1.8206E+01     6.7571E+01     CB          2

 BOND    =        2.9529  ANGLE   =        4.5536  DIHED      =        0.0000
 VDWAALS =       -0.0850  EEL     =       41.3951  EGB        =      -66.5017
 1-4 VDW =       -0.1069  1-4 EEL =       17.0837  RESTRAINT  =        0.0000


   NSTEP       ENERGY          RMS            GMAX         NAME    NUMBER
      7      -1.8400E+00     1.5110E+01     5.5122E+01     CB          2

 BOND    =        2.1201  ANGLE   =        4.3396  DIHED      =        0.0000
 VDWAALS =       -0.0846  EEL     =       41.3806  EGB        =      -66.5590
 1-4 VDW =       -0.1092  1-4 EEL =       17.0726  RESTRAINT  =        0.0000


   NSTEP       ENERGY          RMS            GMAX         NAME    NUMBER
      8      -2.9375E+00     1.1887E+01     4.1057E+01     CB          2

 BOND    =        1.3677  ANGLE   =        4.1105  DIHED      =        0.0000
 VDWAALS =       -0.0842  EEL     =       41.3575  EGB        =      -66.6350
 1-4 VDW =       -0.1118  1-4 EEL =       17.0578  RESTRAINT  =        0.0000


   NSTEP       ENERGY          RMS            GMAX         NAME    NUMBER
      9      -3.9397E+00     8.7965E+00     2.6193E+01     CB          2

 BOND    =        0.7692  ANGLE   =        3.8727  DIHED      =        0.0000
 VDWAALS =       -0.0837  EEL     =       41.3190  EGB        =      -66.7376
 1-4 VDW =       -0.1147  1-4 EEL =       17.0354  RESTRAINT  =        0.0000


   NSTEP       ENERGY          RMS            GMAX         NAME    NUMBER
     10      -4.8067E+00     6.3529E+00     1.3327E+01     CA          3

 BOND    =        0.3851  ANGLE   =        3.6393  DIHED      =        0.0000
 VDWAALS =       -0.0831  EEL     =       41.2526  EGB        =      -66.8781
 1-4 VDW =       -0.1176  1-4 EEL =       16.9952  RESTRAINT  =        0.0000


   NSTEP       ENERGY          RMS            GMAX         NAME    NUMBER
     11      -5.5795E+00     4.9142E+00     9.6185E+00     HB2         7

 BOND    =        0.1857  ANGLE   =        3.4422  DIHED      =        0.0000
 VDWAALS =       -0.0825  EEL     =       41.1417  EGB        =      -67.0616
 1-4 VDW =       -0.1200  1-4 EEL =       16.9149  RESTRAINT  =        0.0000


   NSTEP       ENERGY          RMS            GMAX         NAME    NUMBER
     12      -6.3068E+00     3.7457E+00     7.2859E+00     HN3        10

 BOND    =        0.1000  ANGLE   =        3.2965  DIHED      =        0.0000
 VDWAALS =       -0.0822  EEL     =       40.9896  EGB        =      -67.2720
 1-4 VDW =       -0.1200  1-4 EEL =       16.7814  RESTRAINT  =        0.0000


   NSTEP       ENERGY          RMS            GMAX         NAME    NUMBER
     13      -6.9328E+00     2.8414E+00     6.7065E+00     HB2         7

 BOND    =        0.1717  ANGLE   =        3.1731  DIHED      =        0.0000
 VDWAALS =       -0.0822  EEL     =       40.8147  EGB        =      -67.5246
 1-4 VDW =       -0.1164  1-4 EEL =       16.6309  RESTRAINT  =        0.0000


   NSTEP       ENERGY          RMS            GMAX         NAME    NUMBER
     14      -6.9711E+00     9.5305E+00     3.4494E+01     CA          3

 BOND    =        0.6303  ANGLE   =        3.3028  DIHED      =        0.0000
 VDWAALS =       -0.0827  EEL     =       40.6608  EGB        =      -67.8054
 1-4 VDW =       -0.1130  1-4 EEL =       16.4362  RESTRAINT  =        0.0000


   NSTEP       ENERGY          RMS            GMAX         NAME    NUMBER
     15      -5.3660E+00     2.1121E+01     8.0458E+01     CA          3

 BOND    =        2.1433  ANGLE   =        3.3987  DIHED      =        0.0000
 VDWAALS =       -0.0838  EEL     =       40.6376  EGB        =      -67.8289
 1-4 VDW =       -0.1005  1-4 EEL =       16.4676  RESTRAINT  =        0.0000


   NSTEP       ENERGY          RMS            GMAX         NAME    NUMBER
     16      -7.3301E+00     5.7847E+00     2.1440E+01     CA          3

 BOND    =        0.4413  ANGLE   =        3.1817  DIHED      =        0.0000
 VDWAALS =       -0.0836  EEL     =       40.6406  EGB        =      -67.8320
 1-4 VDW =       -0.1051  1-4 EEL =       16.4271  RESTRAINT  =        0.0000


   NSTEP       ENERGY          RMS            GMAX         NAME    NUMBER
     17      -6.8063E+00     1.2518E+01     4.7086E+01     CA          3

 BOND    =        1.0068  ANGLE   =        3.2594  DIHED      =        0.0000
 VDWAALS =       -0.0837  EEL     =       40.6410  EGB        =      -67.8715
 1-4 VDW =       -0.1091  1-4 EEL =       16.3507  RESTRAINT  =        0.0000


   NSTEP       ENERGY          RMS            GMAX         NAME    NUMBER
     18      -7.4999E+00     3.3959E+00     1.1775E+01     CB          2

 BOND    =        0.3756  ANGLE   =        3.1941  DIHED      =        0.0000
 VDWAALS =       -0.0840  EEL     =       40.6383  EGB        =      -67.8812
 1-4 VDW =       -0.1057  1-4 EEL =       16.3628  RESTRAINT  =        0.0000


   NSTEP       ENERGY          RMS            GMAX         NAME    NUMBER
     19      -7.3462E+00     7.3257E+00     2.7792E+01     CA          3

 BOND    =        0.5547  ANGLE   =        3.2013  DIHED      =        0.0000
 VDWAALS =       -0.0846  EEL     =       40.6351  EGB        =      -67.9072
 1-4 VDW =       -0.1003  1-4 EEL =       16.3548  RESTRAINT  =        0.0000


   NSTEP       ENERGY          RMS            GMAX         NAME    NUMBER
     20      -7.5886E+00     2.0470E+00     6.6905E+00     CA          3

 BOND    =        0.3673  ANGLE   =        3.1658  DIHED      =        0.0000
 VDWAALS =       -0.0846  EEL     =       40.6380  EGB        =      -67.9100
 1-4 VDW =       -0.1017  1-4 EEL =       16.3367  RESTRAINT  =        0.0000


   NSTEP       ENERGY          RMS            GMAX         NAME    NUMBER
     21      -7.5685E+00     4.0368E+00     1.4663E+01     CA          3

 BOND    =        0.4495  ANGLE   =        3.1592  DIHED      =        0.0000
 VDWAALS =       -0.0849  EEL     =       40.6461  EGB        =      -67.9326
 1-4 VDW =       -0.1018  1-4 EEL =       16.2962  RESTRAINT  =        0.0000


   NSTEP       ENERGY          RMS            GMAX         NAME    NUMBER
     22      -7.6465E+00     1.2198E+00     3.2544E+00     HS          9

 BOND    =        0.3800  ANGLE   =        3.1539  DIHED      =        0.0000
 VDWAALS =       -0.0851  EEL     =       40.6473  EGB        =      -67.9389
 1-4 VDW =       -0.1003  1-4 EEL =       16.2965  RESTRAINT  =        0.0000


   NSTEP       ENERGY          RMS            GMAX         NAME    NUMBER
     23      -7.6700E+00     1.7863E+00     5.8608E+00     CA          3

 BOND    =        0.3975  ANGLE   =        3.1397  DIHED      =        0.0000
 VDWAALS =       -0.0856  EEL     =       40.6559  EGB        =      -67.9564
 1-4 VDW =       -0.0979  1-4 EEL =       16.2768  RESTRAINT  =        0.0000


   NSTEP       ENERGY          RMS            GMAX         NAME    NUMBER
     24      -7.6731E+00     2.7269E+00     9.6572E+00     CA          3

 BOND    =        0.4403  ANGLE   =        3.1207  DIHED      =        0.0000
 VDWAALS =       -0.0858  EEL     =       40.6675  EGB        =      -67.9673
 1-4 VDW =       -0.0980  1-4 EEL =       16.2494  RESTRAINT  =        0.0000


   NSTEP       ENERGY          RMS            GMAX         NAME    NUMBER
     25      -7.6815E+00     3.0349E+00     1.1196E+01     CA          3

 BOND    =        0.4320  ANGLE   =        3.1257  DIHED      =        0.0000
 VDWAALS =       -0.0862  EEL     =       40.6747  EGB        =      -67.9795
 1-4 VDW =       -0.0951  1-4 EEL =       16.2470  RESTRAINT  =        0.0000


   NSTEP       ENERGY          RMS            GMAX         NAME    NUMBER
     26      -7.6717E+00     3.8606E+00     1.4265E+01     CA          3

 BOND    =        0.4934  ANGLE   =        3.0929  DIHED      =        0.0000
 VDWAALS =       -0.0864  EEL     =       40.6867  EGB        =      -67.9822
 1-4 VDW =       -0.0963  1-4 EEL =       16.2201  RESTRAINT  =        0.0000


   NSTEP       ENERGY          RMS            GMAX         NAME    NUMBER
     27      -7.7440E+00     9.3506E-01     3.0454E+00     HS          9

 BOND    =        0.4207  ANGLE   =        3.0929  DIHED      =        0.0000
 VDWAALS =       -0.0866  EEL     =       40.6902  EGB        =      -67.9880
 1-4 VDW =       -0.0947  1-4 EEL =       16.2215  RESTRAINT  =        0.0000


   NSTEP       ENERGY          RMS            GMAX         NAME    NUMBER
     28      -7.7675E+00     1.5020E+00     4.9074E+00     CA          3

 BOND    =        0.4304  ANGLE   =        3.0728  DIHED      =        0.0000
 VDWAALS =       -0.0872  EEL     =       40.7113  EGB        =      -68.0028
 1-4 VDW =       -0.0922  1-4 EEL =       16.2000  RESTRAINT  =        0.0000


   NSTEP       ENERGY          RMS            GMAX         NAME    NUMBER
     29      -7.7544E+00     3.0589E+00     1.1225E+01     CA          3

 BOND    =        0.4878  ANGLE   =        3.0395  DIHED      =        0.0000
 VDWAALS =       -0.0875  EEL     =       40.7300  EGB        =      -68.0071
 1-4 VDW =       -0.0922  1-4 EEL =       16.1752  RESTRAINT  =        0.0000


   NSTEP       ENERGY          RMS            GMAX         NAME    NUMBER
     30      -7.7989E+00     9.4066E-01     2.8484E+00     HS          9

 BOND    =        0.4412  ANGLE   =        3.0394  DIHED      =        0.0000
 VDWAALS =       -0.0876  EEL     =       40.7338  EGB        =      -68.0108
 1-4 VDW =       -0.0910  1-4 EEL =       16.1761  RESTRAINT  =        0.0000


   NSTEP       ENERGY          RMS            GMAX         NAME    NUMBER
     31      -7.8118E+00     1.3893E+00     4.5198E+00     CA          3

 BOND    =        0.4421  ANGLE   =        3.0255  DIHED      =        0.0000
 VDWAALS =       -0.0881  EEL     =       40.7509  EGB        =      -68.0183
 1-4 VDW =       -0.0890  1-4 EEL =       16.1652  RESTRAINT  =        0.0000


   NSTEP       ENERGY          RMS            GMAX         NAME    NUMBER
     32      -7.8155E+00     2.0086E+00     7.0809E+00     CA          3

 BOND    =        0.4700  ANGLE   =        2.9970  DIHED      =        0.0000
 VDWAALS =       -0.0883  EEL     =       40.7663  EGB        =      -68.0198
 1-4 VDW =       -0.0890  1-4 EEL =       16.1483  RESTRAINT  =        0.0000


   NSTEP       ENERGY          RMS            GMAX         NAME    NUMBER
     33      -7.8208E+00     2.2835E+00     8.3272E+00     CA          3

 BOND    =        0.4560  ANGLE   =        2.9997  DIHED      =        0.0000
 VDWAALS =       -0.0887  EEL     =       40.7777  EGB        =      -68.0264
 1-4 VDW =       -0.0867  1-4 EEL =       16.1475  RESTRAINT  =        0.0000


   NSTEP       ENERGY          RMS            GMAX         NAME    NUMBER
     34      -7.8180E+00     2.8600E+00     1.0534E+01     CA          3

 BOND    =        0.4974  ANGLE   =        2.9642  DIHED      =        0.0000
 VDWAALS =       -0.0888  EEL     =       40.7920  EGB        =      -68.0246
 1-4 VDW =       -0.0875  1-4 EEL =       16.1295  RESTRAINT  =        0.0000


   NSTEP       ENERGY          RMS            GMAX         NAME    NUMBER
     35      -7.8581E+00     7.4879E-01     2.6660E+00     HS          9

 BOND    =        0.4522  ANGLE   =        2.9653  DIHED      =        0.0000
 VDWAALS =       -0.0890  EEL     =       40.7967  EGB        =      -68.0280
 1-4 VDW =       -0.0863  1-4 EEL =       16.1310  RESTRAINT  =        0.0000


   NSTEP       ENERGY          RMS            GMAX         NAME    NUMBER
     36      -7.8747E+00     1.0445E+00     3.0593E+00     CA          3

 BOND    =        0.4521  ANGLE   =        2.9414  DIHED      =        0.0000
 VDWAALS =       -0.0895  EEL     =       40.8208  EGB        =      -68.0333
 1-4 VDW =       -0.0843  1-4 EEL =       16.1180  RESTRAINT  =        0.0000


   NSTEP       ENERGY          RMS            GMAX         NAME    NUMBER
     37      -7.8736E+00     2.1485E+00     7.7639E+00     CA          3

 BOND    =        0.4849  ANGLE   =        2.9055  DIHED      =        0.0000
 VDWAALS =       -0.0899  EEL     =       40.8425  EGB        =      -68.0335
 1-4 VDW =       -0.0839  1-4 EEL =       16.1008  RESTRAINT  =        0.0000


   NSTEP       ENERGY          RMS            GMAX         NAME    NUMBER
     38      -7.8966E+00     7.1182E-01     2.5229E+00     HS          9

 BOND    =        0.4579  ANGLE   =        2.9056  DIHED      =        0.0000
 VDWAALS =       -0.0900  EEL     =       40.8472  EGB        =      -68.0358
 1-4 VDW =       -0.0829  1-4 EEL =       16.1014  RESTRAINT  =        0.0000


   NSTEP       ENERGY          RMS            GMAX         NAME    NUMBER
     39      -7.9083E+00     8.5833E-01     2.5081E+00     HS          9

 BOND    =        0.4555  ANGLE   =        2.8877  DIHED      =        0.0000
 VDWAALS =       -0.0904  EEL     =       40.8656  EGB        =      -68.0386
 1-4 VDW =       -0.0814  1-4 EEL =       16.0933  RESTRAINT  =        0.0000


   NSTEP       ENERGY          RMS            GMAX         NAME    NUMBER
     40      -7.9152E+00     1.3636E+00     4.5794E+00     CA          3

 BOND    =        0.4714  ANGLE   =        2.8585  DIHED      =        0.0000
 VDWAALS =       -0.0907  EEL     =       40.8844  EGB        =      -68.0387
 1-4 VDW =       -0.0808  1-4 EEL =       16.0808  RESTRAINT  =        0.0000


   NSTEP       ENERGY          RMS            GMAX         NAME    NUMBER
     41      -7.9180E+00     1.7721E+00     6.3710E+00     CA          3

 BOND    =        0.4606  ANGLE   =        2.8567  DIHED      =        0.0000
 VDWAALS =       -0.0910  EEL     =       40.8975  EGB        =      -68.0425
 1-4 VDW =       -0.0789  1-4 EEL =       16.0796  RESTRAINT  =        0.0000


   NSTEP       ENERGY          RMS            GMAX         NAME    NUMBER
     42      -7.9205E+00     2.0706E+00     7.5232E+00     CA          3

 BOND    =        0.4872  ANGLE   =        2.8249  DIHED      =        0.0000
 VDWAALS =       -0.0912  EEL     =       40.9111  EGB        =      -68.0399
 1-4 VDW =       -0.0794  1-4 EEL =       16.0668  RESTRAINT  =        0.0000


   NSTEP       ENERGY          RMS            GMAX         NAME    NUMBER
     43      -7.9180E+00     2.5468E+00     9.4823E+00     CA          3

 BOND    =        0.4704  ANGLE   =        2.8328  DIHED      =        0.0000
 VDWAALS =       -0.0915  EEL     =       40.9230  EGB        =      -68.0451
 1-4 VDW =       -0.0769  1-4 EEL =       16.0693  RESTRAINT  =        0.0000


   NSTEP       ENERGY          RMS            GMAX         NAME    NUMBER
     44      -7.9497E+00     6.3617E-01     2.3217E+00     HS          9

 BOND    =        0.4582  ANGLE   =        2.8127  DIHED      =        0.0000
 VDWAALS =       -0.0915  EEL     =       40.9287  EGB        =      -68.0432
 1-4 VDW =       -0.0774  1-4 EEL =       16.0627  RESTRAINT  =        0.0000


   NSTEP       ENERGY          RMS            GMAX         NAME    NUMBER
     45      -7.9622E+00     9.2235E-01     2.7039E+00     CA          3

 BOND    =        0.4660  ANGLE   =        2.7797  DIHED      =        0.0000
 VDWAALS =       -0.0920  EEL     =       40.9540  EGB        =      -68.0436
 1-4 VDW =       -0.0762  1-4 EEL =       16.0499  RESTRAINT  =        0.0000


   NSTEP       ENERGY          RMS            GMAX         NAME    NUMBER
     46      -7.9593E+00     1.9705E+00     7.2352E+00     CA          3

 BOND    =        0.4630  ANGLE   =        2.7711  DIHED      =        0.0000
 VDWAALS =       -0.0924  EEL     =       40.9737  EGB        =      -68.0471
 1-4 VDW =       -0.0739  1-4 EEL =       16.0462  RESTRAINT  =        0.0000


   NSTEP       ENERGY          RMS            GMAX         NAME    NUMBER
     47      -7.9783E+00     6.3052E-01     2.1911E+00     HS          9

 BOND    =        0.4581  ANGLE   =        2.7559  DIHED      =        0.0000
 VDWAALS =       -0.0925  EEL     =       40.9788  EGB        =      -68.0457
 1-4 VDW =       -0.0742  1-4 EEL =       16.0412  RESTRAINT  =        0.0000


   NSTEP       ENERGY          RMS            GMAX         NAME    NUMBER
     48      -7.9864E+00     8.2694E-01     2.3247E+00     CA          3

 BOND    =        0.4646  ANGLE   =        2.7317  DIHED      =        0.0000
 VDWAALS =       -0.0928  EEL     =       40.9965  EGB        =      -68.0454
 1-4 VDW =       -0.0734  1-4 EEL =       16.0323  RESTRAINT  =        0.0000


   NSTEP       ENERGY          RMS            GMAX         NAME    NUMBER
     49      -7.9899E+00     1.3005E+00     4.5418E+00     CA          3

 BOND    =        0.4575  ANGLE   =        2.7237  DIHED      =        0.0000
 VDWAALS =       -0.0931  EEL     =       41.0119  EGB        =      -68.0477
 1-4 VDW =       -0.0717  1-4 EEL =       16.0294  RESTRAINT  =        0.0000


   NSTEP       ENERGY          RMS            GMAX         NAME    NUMBER
     50      -7.9926E+00     1.5485E+00     5.5288E+00     CA          3

 BOND    =        0.4767  ANGLE   =        2.6971  DIHED      =        0.0000
 VDWAALS =       -0.0933  EEL     =       41.0244  EGB        =      -68.0454
 1-4 VDW =       -0.0719  1-4 EEL =       16.0197  RESTRAINT  =        0.0000


   NSTEP       ENERGY          RMS            GMAX         NAME    NUMBER
     51      -7.9931E+00     1.8870E+00     6.9475E+00     CA          3

 BOND    =        0.4609  ANGLE   =        2.7015  DIHED      =        0.0000
 VDWAALS =       -0.0935  EEL     =       41.0355  EGB        =      -68.0489
 1-4 VDW =       -0.0699  1-4 EEL =       16.0213  RESTRAINT  =        0.0000


   NSTEP       ENERGY          RMS            GMAX         NAME    NUMBER
     52       4.8168E+00     5.2519E+01     2.0054E+02     CA          3

 BOND    =       12.4681  ANGLE   =        3.4644  DIHED      =        0.0000
 VDWAALS =       -0.0954  EEL     =       41.2076  EGB        =      -68.0029
 1-4 VDW =       -0.0807  1-4 EEL =       15.8558  RESTRAINT  =        0.0000


   NSTEP       ENERGY          RMS            GMAX         NAME    NUMBER
     53      -8.0112E+00     5.4204E-01     2.0063E+00     HS          9

 BOND    =        0.4593  ANGLE   =        2.6834  DIHED      =        0.0000
 VDWAALS =       -0.0936  EEL     =       41.0416  EGB        =      -68.0471
 1-4 VDW =       -0.0703  1-4 EEL =       16.0154  RESTRAINT  =        0.0000


   NSTEP       ENERGY          RMS            GMAX         NAME    NUMBER
     54      -8.0143E+00     5.3761E-01     1.9899E+00     HS          9

 BOND    =        0.4592  ANGLE   =        2.6765  DIHED      =        0.0000
 VDWAALS =       -0.0937  EEL     =       41.0478  EGB        =      -68.0472
 1-4 VDW =       -0.0699  1-4 EEL =       16.0130  RESTRAINT  =        0.0000


   NSTEP       ENERGY          RMS            GMAX         NAME    NUMBER
     55      -8.0416E+00     4.9661E-01     1.8343E+00     HS          9

 BOND    =        0.4576  ANGLE   =        2.6135  DIHED      =        0.0000
 VDWAALS =       -0.0948  EEL     =       41.1059  EGB        =      -68.0484
 1-4 VDW =       -0.0660  1-4 EEL =       15.9907  RESTRAINT  =        0.0000


   NSTEP       ENERGY          RMS            GMAX         NAME    NUMBER
     56      -8.1916E+00     2.2631E-01     7.2493E-01     SG          4

 BOND    =        0.4500  ANGLE   =        2.0663  DIHED      =        0.0000
 VDWAALS =       -0.1057  EEL     =       41.7147  EGB        =      -68.0601
 1-4 VDW =       -0.0215  1-4 EEL =       15.7646  RESTRAINT  =        0.0000


   NSTEP       ENERGY          RMS            GMAX         NAME    NUMBER
     57      -7.1332E+00     1.0690E+01     2.7623E+01     SG          4

 BOND    =        1.3688  ANGLE   =        1.8064  DIHED      =        0.0000
 VDWAALS =       -0.1096  EEL     =       41.8230  EGB        =      -67.8892
 1-4 VDW =        0.0173  1-4 EEL =       15.8502  RESTRAINT  =        0.0000


   NSTEP       ENERGY          RMS            GMAX         NAME    NUMBER
     58      -8.1923E+00     1.5021E-01     4.6915E-01     CB          2

 BOND    =        0.4485  ANGLE   =        2.0572  DIHED      =        0.0000
 VDWAALS =       -0.1058  EEL     =       41.7175  EGB        =      -68.0558
 1-4 VDW =       -0.0206  1-4 EEL =       15.7667  RESTRAINT  =        0.0000


   NSTEP       ENERGY          RMS            GMAX         NAME    NUMBER
     59      -8.1925E+00     1.8444E-01     5.5414E-01     CA          3

 BOND    =        0.4449  ANGLE   =        2.0533  DIHED      =        0.0000
 VDWAALS =       -0.1059  EEL     =       41.7212  EGB        =      -68.0541
 1-4 VDW =       -0.0202  1-4 EEL =       15.7683  RESTRAINT  =        0.0000


   NSTEP       ENERGY          RMS            GMAX         NAME    NUMBER
     60      -8.1925E+00     1.3734E-01     4.6022E-01     HS          9

 BOND    =        0.4457  ANGLE   =        2.0543  DIHED      =        0.0000
 VDWAALS =       -0.1058  EEL     =       41.7202  EGB        =      -68.0545
 1-4 VDW =       -0.0203  1-4 EEL =       15.7679  RESTRAINT  =        0.0000


   NSTEP       ENERGY          RMS            GMAX         NAME    NUMBER
     61      -8.1928E+00     1.1104E-01     3.8711E-01     HS          9

 BOND    =        0.4388  ANGLE   =        2.0529  DIHED      =        0.0000
 VDWAALS =       -0.1059  EEL     =       41.7255  EGB        =      -68.0539
 1-4 VDW =       -0.0201  1-4 EEL =       15.7698  RESTRAINT  =        0.0000


   NSTEP       ENERGY          RMS            GMAX         NAME    NUMBER
     62      -8.1934E+00     1.4564E-01     5.0199E-01     N           1

 BOND    =        0.4159  ANGLE   =        2.0486  DIHED      =        0.0000
 VDWAALS =       -0.1061  EEL     =       41.7433  EGB        =      -68.0521
 1-4 VDW =       -0.0191  1-4 EEL =       15.7762  RESTRAINT  =        0.0000


   NSTEP       ENERGY          RMS            GMAX         NAME    NUMBER
     63      -8.1930E+00     3.4230E-01     1.1426E+00     N           1

 BOND    =        0.4178  ANGLE   =        1.9795  DIHED      =        0.0000
 VDWAALS =       -0.1065  EEL     =       41.7731  EGB        =      -68.0283
 1-4 VDW =       -0.0175  1-4 EEL =       15.7889  RESTRAINT  =        0.0000


   NSTEP       ENERGY          RMS            GMAX         NAME    NUMBER
     64      -8.1937E+00     1.1703E-01     2.3513E-01     HB2         7

 BOND    =        0.4165  ANGLE   =        2.0192  DIHED      =        0.0000
 VDWAALS =       -0.1062  EEL     =       41.7558  EGB        =      -68.0421
 1-4 VDW =       -0.0184  1-4 EEL =       15.7815  RESTRAINT  =        0.0000


   NSTEP       ENERGY          RMS            GMAX         NAME    NUMBER
     65      -8.1941E+00     9.1406E-02     2.3262E-01     HS          9

 BOND    =        0.4189  ANGLE   =        2.0075  DIHED      =        0.0000
 VDWAALS =       -0.1064  EEL     =       41.7632  EGB        =      -68.0393
 1-4 VDW =       -0.0180  1-4 EEL =       15.7800  RESTRAINT  =        0.0000


   NSTEP       ENERGY          RMS            GMAX         NAME    NUMBER
     66      -8.1942E+00     1.4165E-01     4.2846E-01     CA          3

 BOND    =        0.4216  ANGLE   =        1.9951  DIHED      =        0.0000
 VDWAALS =       -0.1065  EEL     =       41.7710  EGB        =      -68.0363
 1-4 VDW =       -0.0174  1-4 EEL =       15.7783  RESTRAINT  =        0.0000


   NSTEP       ENERGY          RMS            GMAX         NAME    NUMBER
     67      -8.1944E+00     1.9898E-01     5.7997E-01     CB          2

 BOND    =        0.4353  ANGLE   =        1.9686  DIHED      =        0.0000
 VDWAALS =       -0.1068  EEL     =       41.7840  EGB        =      -68.0345
 1-4 VDW =       -0.0166  1-4 EEL =       15.7756  RESTRAINT  =        0.0000


   NSTEP       ENERGY          RMS            GMAX         NAME    NUMBER
     68      -8.1945E+00     1.0892E-01     2.7909E-01     CB          2

 BOND    =        0.4299  ANGLE   =        1.9788  DIHED      =        0.0000
 VDWAALS =       -0.1067  EEL     =       41.7790  EGB        =      -68.0352
 1-4 VDW =       -0.0169  1-4 EEL =       15.7766  RESTRAINT  =        0.0000


   NSTEP       ENERGY          RMS            GMAX         NAME    NUMBER
     69      -8.1948E+00     9.1767E-02     2.4262E-01     SG          4

 BOND    =        0.4299  ANGLE   =        1.9773  DIHED      =        0.0000
 VDWAALS =       -0.1068  EEL     =       41.7848  EGB        =      -68.0380
 1-4 VDW =       -0.0163  1-4 EEL =       15.7743  RESTRAINT  =        0.0000


   NSTEP       ENERGY          RMS            GMAX         NAME    NUMBER
     70      -8.1954E+00     1.5310E-01     4.1904E-01     CB          2

 BOND    =        0.4302  ANGLE   =        1.9720  DIHED      =        0.0000
 VDWAALS =       -0.1072  EEL     =       41.8065  EGB        =      -68.0483
 1-4 VDW =       -0.0141  1-4 EEL =       15.7654  RESTRAINT  =        0.0000


   NSTEP       ENERGY          RMS            GMAX         NAME    NUMBER
     71      -8.1947E+00     2.9415E-01     7.6378E-01     SG          4

 BOND    =        0.4217  ANGLE   =        1.9730  DIHED      =        0.0000
 VDWAALS =       -0.1080  EEL     =       41.8335  EGB        =      -68.0593
 1-4 VDW =       -0.0091  1-4 EEL =       15.7533  RESTRAINT  =        0.0000


   NSTEP       ENERGY          RMS            GMAX         NAME    NUMBER
     72      -8.1957E+00     4.3814E-02     1.1102E-01     HA          8

 BOND    =        0.4268  ANGLE   =        1.9723  DIHED      =        0.0000
 VDWAALS =       -0.1075  EEL     =       41.8163  EGB        =      -68.0523
 1-4 VDW =       -0.0123  1-4 EEL =       15.7610  RESTRAINT  =        0.0000


   NSTEP       ENERGY          RMS            GMAX         NAME    NUMBER
     73      -8.1957E+00     3.6124E-02     9.5705E-02     HB2         7

 BOND    =        0.4270  ANGLE   =        1.9709  DIHED      =        0.0000
 VDWAALS =       -0.1075  EEL     =       41.8181  EGB        =      -68.0512
 1-4 VDW =       -0.0122  1-4 EEL =       15.7593  RESTRAINT  =        0.0000


   NSTEP       ENERGY          RMS            GMAX         NAME    NUMBER
     74      -8.1958E+00     5.6897E-02     1.8617E-01     N           1

 BOND    =        0.4278  ANGLE   =        1.9666  DIHED      =        0.0000
 VDWAALS =       -0.1076  EEL     =       41.8236  EGB        =      -68.0479
 1-4 VDW =       -0.0122  1-4 EEL =       15.7538  RESTRAINT  =        0.0000


   NSTEP       ENERGY          RMS            GMAX         NAME    NUMBER
     75      -8.1957E+00     9.4906E-02     3.5139E-01     N           1

 BOND    =        0.4291  ANGLE   =        1.9712  DIHED      =        0.0000
 VDWAALS =       -0.1077  EEL     =       41.8285  EGB        =      -68.0493
 1-4 VDW =       -0.0117  1-4 EEL =       15.7442  RESTRAINT  =        0.0000


   NSTEP       ENERGY          RMS            GMAX         NAME    NUMBER
     76      -8.1908E+00     7.9498E-01     3.1586E+00     N           1

 BOND    =        0.4331  ANGLE   =        1.9371  DIHED      =        0.0000
 VDWAALS =       -0.1076  EEL     =       41.8434  EGB        =      -68.0374
 1-4 VDW =       -0.0136  1-4 EEL =       15.7542  RESTRAINT  =        0.0000


   NSTEP       ENERGY          RMS            GMAX         NAME    NUMBER
     77      -8.1949E+00     3.3053E-01     1.3420E+00     N           1

 BOND    =        0.4300  ANGLE   =        1.9546  DIHED      =        0.0000
 VDWAALS =       -0.1076  EEL     =       41.8351  EGB        =      -68.0447
 1-4 VDW =       -0.0127  1-4 EEL =       15.7504  RESTRAINT  =        0.0000


   NSTEP       ENERGY          RMS            GMAX         NAME    NUMBER
     78      -8.1955E+00     2.2271E-01     9.3564E-01     N           1

 BOND    =        0.4286  ANGLE   =        1.9768  DIHED      =        0.0000
 VDWAALS =       -0.1077  EEL     =       41.8254  EGB        =      -68.0537
 1-4 VDW =       -0.0115  1-4 EEL =       15.7466  RESTRAINT  =        0.0000


   NSTEP       ENERGY          RMS            GMAX         NAME    NUMBER
     79      -8.1943E+00     4.5079E-01     1.8826E+00     N           1

 BOND    =        0.4293  ANGLE   =        1.9487  DIHED      =        0.0000
 VDWAALS =       -0.1076  EEL     =       41.8381  EGB        =      -68.0424
 1-4 VDW =       -0.0130  1-4 EEL =       15.7527  RESTRAINT  =        0.0000


   NSTEP       ENERGY          RMS            GMAX         NAME    NUMBER
     80       1.5242E+02     1.4788E+02     6.2120E+02     N           1

 BOND    =      132.1252  ANGLE   =       38.2519  DIHED      =        0.0132
 VDWAALS =       -0.1107  EEL     =       39.0146  EGB        =      -72.0358
 1-4 VDW =        0.7432  1-4 EEL =       14.4160  RESTRAINT  =        0.0000


   NSTEP       ENERGY          RMS            GMAX         NAME    NUMBER
     81      -8.1958E+00     1.7045E-02     4.2468E-02     CA          3

 BOND    =        0.4283  ANGLE   =        1.9662  DIHED      =        0.0000
 VDWAALS =       -0.1077  EEL     =       41.8297  EGB        =      -68.0489
 1-4 VDW =       -0.0120  1-4 EEL =       15.7485  RESTRAINT  =        0.0000


   NSTEP       ENERGY          RMS            GMAX         NAME    NUMBER
     82      -8.1958E+00     1.2985E-02     3.9366E-02     CB          2

 BOND    =        0.4283  ANGLE   =        1.9660  DIHED      =        0.0000
 VDWAALS =       -0.1077  EEL     =       41.8297  EGB        =      -68.0488
 1-4 VDW =       -0.0120  1-4 EEL =       15.7487  RESTRAINT  =        0.0000


   NSTEP       ENERGY          RMS            GMAX         NAME    NUMBER
     83      -8.1958E+00     1.3930E-02     4.5275E-02     CB          2

 BOND    =        0.4283  ANGLE   =        1.9659  DIHED      =        0.0000
 VDWAALS =       -0.1077  EEL     =       41.8297  EGB        =      -68.0488
 1-4 VDW =       -0.0120  1-4 EEL =       15.7487  RESTRAINT  =        0.0000


   NSTEP       ENERGY          RMS            GMAX         NAME    NUMBER
     84      -8.1959E+00     9.7509E-03     2.3784E-02     HN1         5

 BOND    =        0.4283  ANGLE   =        1.9660  DIHED      =        0.0000
 VDWAALS =       -0.1077  EEL     =       41.8295  EGB        =      -68.0488
 1-4 VDW =       -0.0120  1-4 EEL =       15.7487  RESTRAINT  =        0.0000


   NSTEP       ENERGY          RMS            GMAX         NAME    NUMBER
     85      -8.1959E+00     1.3433E-02     2.7481E-02     N           1

 BOND    =        0.4283  ANGLE   =        1.9661  DIHED      =        0.0000
 VDWAALS =       -0.1077  EEL     =       41.8294  EGB        =      -68.0488
 1-4 VDW =       -0.0120  1-4 EEL =       15.7487  RESTRAINT  =        0.0000


   NSTEP       ENERGY          RMS            GMAX         NAME    NUMBER
     86      -8.1959E+00     1.2506E-02     3.0282E-02     N           1

 BOND    =        0.4279  ANGLE   =        1.9662  DIHED      =        0.0000
 VDWAALS =       -0.1077  EEL     =       41.8294  EGB        =      -68.0485
 1-4 VDW =       -0.0119  1-4 EEL =       15.7488  RESTRAINT  =        0.0000


   NSTEP       ENERGY          RMS            GMAX         NAME    NUMBER
     87      -8.1959E+00     3.3723E-02     8.9824E-02     N           1

 BOND    =        0.4262  ANGLE   =        1.9664  DIHED      =        0.0000
 VDWAALS =       -0.1077  EEL     =       41.8292  EGB        =      -68.0472
 1-4 VDW =       -0.0119  1-4 EEL =       15.7491  RESTRAINT  =        0.0000


   NSTEP       ENERGY          RMS            GMAX         NAME    NUMBER
     88      -8.1959E+00     2.8025E-02     6.0952E-02     HN1         5

 BOND    =        0.4265  ANGLE   =        1.9628  DIHED      =        0.0000
 VDWAALS =       -0.1077  EEL     =       41.8289  EGB        =      -68.0447
 1-4 VDW =       -0.0119  1-4 EEL =       15.7501  RESTRAINT  =        0.0000


   NSTEP       ENERGY          RMS            GMAX         NAME    NUMBER
     89      -8.1959E+00     3.2672E-02     6.0943E-02     SG          4

 BOND    =        0.4266  ANGLE   =        1.9621  DIHED      =        0.0000
 VDWAALS =       -0.1076  EEL     =       41.8288  EGB        =      -68.0442
 1-4 VDW =       -0.0118  1-4 EEL =       15.7503  RESTRAINT  =        0.0000


   NSTEP       ENERGY          RMS            GMAX         NAME    NUMBER
     90      -8.1959E+00     3.1327E-02     8.8835E-02     N           1

 BOND    =        0.4262  ANGLE   =        1.9621  DIHED      =        0.0000
 VDWAALS =       -0.1076  EEL     =       41.8279  EGB        =      -68.0434
 1-4 VDW =       -0.0118  1-4 EEL =       15.7508  RESTRAINT  =        0.0000


   NSTEP       ENERGY          RMS            GMAX         NAME    NUMBER
     91      -8.1960E+00     7.1889E-02     1.8235E-01     CA          3

 BOND    =        0.4254  ANGLE   =        1.9619  DIHED      =        0.0000
 VDWAALS =       -0.1076  EEL     =       41.8256  EGB        =      -68.0414
 1-4 VDW =       -0.0118  1-4 EEL =       15.7519  RESTRAINT  =        0.0000


   NSTEP       ENERGY          RMS            GMAX         NAME    NUMBER
     92      -8.1961E+00     6.0788E-02     1.2872E-01     CA          3

 BOND    =        0.4234  ANGLE   =        1.9644  DIHED      =        0.0000
 VDWAALS =       -0.1075  EEL     =       41.8228  EGB        =      -68.0413
 1-4 VDW =       -0.0120  1-4 EEL =       15.7542  RESTRAINT  =        0.0000


   NSTEP       ENERGY          RMS            GMAX         NAME    NUMBER
     93      -8.1963E+00     9.3720E-02     1.9348E-01     HA          8

 BOND    =        0.4147  ANGLE   =        1.9752  DIHED      =        0.0002
 VDWAALS =       -0.1072  EEL     =       41.8101  EGB        =      -68.0407
 1-4 VDW =       -0.0128  1-4 EEL =       15.7642  RESTRAINT  =        0.0000


   NSTEP       ENERGY          RMS            GMAX         NAME    NUMBER
     94      -8.1971E+00     1.2694E-01     3.1717E-01     HA          8

 BOND    =        0.4141  ANGLE   =        1.9753  DIHED      =        0.0004
 VDWAALS =       -0.1068  EEL     =       41.7927  EGB        =      -68.0326
 1-4 VDW =       -0.0142  1-4 EEL =       15.7741  RESTRAINT  =        0.0000


   NSTEP       ENERGY          RMS            GMAX         NAME    NUMBER
     95      -8.1842E+00     1.2272E+00     2.9884E+00     HS          9

 BOND    =        0.4678  ANGLE   =        1.9557  DIHED      =        0.0090
 VDWAALS =       -0.1033  EEL     =       41.6036  EGB        =      -67.9465
 1-4 VDW =       -0.0257  1-4 EEL =       15.8552  RESTRAINT  =        0.0000


   NSTEP       ENERGY          RMS            GMAX         NAME    NUMBER
     96      -8.1993E+00     4.9517E-01     1.4186E+00     HS          9

 BOND    =        0.4244  ANGLE   =        1.9694  DIHED      =        0.0033
 VDWAALS =       -0.1051  EEL     =       41.7048  EGB        =      -67.9925
 1-4 VDW =       -0.0200  1-4 EEL =       15.8164  RESTRAINT  =        0.0000


   NSTEP       ENERGY          RMS            GMAX         NAME    NUMBER
     97      -8.1995E+00     4.0136E-01     1.1781E+00     HS          9

 BOND    =        0.4206  ANGLE   =        1.9712  DIHED      =        0.0026
 VDWAALS =       -0.1055  EEL     =       41.7223  EGB        =      -68.0004
 1-4 VDW =       -0.0189  1-4 EEL =       15.8088  RESTRAINT  =        0.0000


   NSTEP       ENERGY          RMS            GMAX         NAME    NUMBER
     98      -8.1975E+00     8.4224E-01     2.1642E+00     HS          9

 BOND    =        0.4450  ANGLE   =        1.9632  DIHED      =        0.0074
 VDWAALS =       -0.1038  EEL     =       41.6263  EGB        =      -67.9565
 1-4 VDW =       -0.0239  1-4 EEL =       15.8449  RESTRAINT  =        0.0000


   NSTEP       ENERGY          RMS            GMAX         NAME    NUMBER
     99      -8.2003E+00     5.6385E-01     1.5912E+00     HS          9

 BOND    =        0.4285  ANGLE   =        1.9683  DIHED      =        0.0046
 VDWAALS =       -0.1047  EEL     =       41.6785  EGB        =      -67.9804
 1-4 VDW =       -0.0213  1-4 EEL =       15.8262  RESTRAINT  =        0.0000


   NSTEP       ENERGY          RMS            GMAX         NAME    NUMBER
    100      -8.2003E+00     5.3827E-01     1.5321E+00     HS          9

 BOND    =        0.4272  ANGLE   =        1.9688  DIHED      =        0.0043
 VDWAALS =       -0.1048  EEL     =       41.6844  EGB        =      -67.9831
 1-4 VDW =       -0.0210  1-4 EEL =       15.8239  RESTRAINT  =        0.0000


  Maximum number of minimization cycles reached.


                    FINAL RESULTS



   NSTEP       ENERGY          RMS            GMAX         NAME    NUMBER
    100      -8.2003E+00     5.3827E-01     1.5321E+00     HS          9

 BOND    =        0.4272  ANGLE   =        1.9688  DIHED      =        0.0043
 VDWAALS =       -0.1048  EEL     =       41.6844  EGB        =      -67.9831
 1-4 VDW =       -0.0210  1-4 EEL =       15.8239  RESTRAINT  =        0.0000

--------------------------------------------------------------------------------
   5.  TIMINGS
--------------------------------------------------------------------------------

|    Read coords time           0.00 ( 1.01% of Total)
|    Fast Water setup           0.00 ( 0.03% of Total)
|                Calc gb radii              0.00 (33.14% of Gen B)
|                Calc gb diag               0.00 (41.04% of Gen B)
|                Calc gb off-diag           0.00 (23.73% of Gen B)
|                Other                      0.00 ( 2.09% of Gen B)
|             Gen Born time              0.00 (99.54% of Nonbo)
|             IPS excludes               0.00 ( 0.46% of Nonbo)
|          Nonbond force              0.00 (78.15% of Force)
|          Bond/Angle/Dihedral        0.00 (18.71% of Force)
|          Other                      0.00 ( 3.14% of Force)
|       Force time                 0.01 (100.0% of Runmd)
|    Runmd Time                 0.01 (28.87% of Total)
|    Other                      0.01 (70.08% of Total)
| Total time                 0.02 (99.73% of ALL  )

| Number of list builds   :          0

| Highest rstack allocated:          0
| Highest istack allocated:          0
|           Job began  at 14:51:49.341  on 05/22/2015
|           Setup done at 14:51:49.343  on 05/22/2015
|           Run   done at 14:51:49.361  on 05/22/2015
|     wallclock() was called    1828 times
