
          -------------------------------------------------------
          Amber 14 SANDER                              2014
          -------------------------------------------------------

| Run on 05/22/2015 at 14:52:49

|   Executable path: sander
| Working directory: /net/chevy/raid1/nigel/amber/library/amber_library/t
|          Hostname: chevy.lbl.gov

  [-O]verwriting output

File Assignments:
|  MDIN: sander.in                                                             
| MDOUT: TSL.min.out                                                           
|INPCRD: TSL.rst7                                                              
|  PARM: TSL.prmtop                                                            
|RESTRT: TSL.min.rst7                                                          
|  REFC: refc                                                                  
| MDVEL: mdvel                                                                 
| MDFRC: mdfrc                                                                 
|  MDEN: mden                                                                  
| MDCRD: mdcrd                                                                 
|MDINFO: mdinfo                                                                
|  MTMD: mtmd                                                                  
|INPDIP: inpdip                                                                
|RSTDIP: rstdip                                                                
|INPTRA: inptraj                                                               


 Here is the input file:

  short minimization                                                           
 &cntrl                                                                        
   imin=1, maxcyc=100, ncyc=50, ntpr=1, cut=99., ntb=0,                        
 /                                                                             

--------------------------------------------------------------------------------
   1.  RESOURCE   USE: 
--------------------------------------------------------------------------------

| Flags:                                                                        
|    NONPERIODIC   ntb=0 and igb=0: Setting up nonperiodic simulation
|  *** cutoff > system size, list only builds once
|Largest sphere to fit in unit cell has radius =    32.071
| New format PARM file being parsed.
| Version =    1.000 Date = 05/22/15 Time = 14:52:49
 NATOM  =      28 NTYPES =      13 NBONH =      13 MBONA  =      15
 NTHETH =      27 MTHETA =      23 NPHIH =      47 MPHIA  =      30
 NHPARM =       0 NPARM  =       0 NNB   =     151 NRES   =       1
 NBONA  =      15 NTHETA =      23 NPHIA =      30 NUMBND =      19
 NUMANG =      34 NPTRA  =      12 NATYP =      15 NPHB   =       0
 IFBOX  =       0 NMXRS  =      28 IFCAP =       0 NEXTRA =       0
 NCOPY  =       0


|     Memory Use     Allocated
|     Real                6635
|     Hollerith             87
|     Integer            24831
|     Max Pairs            378
|     nblistReal           336
|     nblist Int        968553
|       Total             3936 kbytes

| Note: 1-4 EEL scale factors are being read from the topology file.

| Note: 1-4 VDW scale factors are being read from the topology file.
| Duplicated    0 dihedrals
| Duplicated    0 dihedrals

--------------------------------------------------------------------------------
   2.  CONTROL  DATA  FOR  THE  RUN
--------------------------------------------------------------------------------

TSL                                                                             

General flags:
     imin    =       1, nmropt  =       0

Nature and format of input:
     ntx     =       1, irest   =       0, ntrx    =       1

Nature and format of output:
     ntxo    =       1, ntpr    =       1, ntrx    =       1, ntwr    =     500
     iwrap   =       0, ntwx    =       0, ntwv    =       0, ntwe    =       0
     ioutfm  =       0, ntwprt  =       0, idecomp =       0, rbornstat=      0

Potential function:
     ntf     =       1, ntb     =       0, igb     =       0, nsnb    =      25
     ipol    =       0, gbsa    =       0, iesp    =       0
     dielc   =   1.00000, cut     =  99.00000, intdiel =   1.00000

Frozen or restrained atoms:
     ibelly  =       0, ntr     =       0

Energy minimization:
     maxcyc  =     100, ncyc    =      50, ntmin   =       1
     dx0     =   0.01000, drms    =   0.00010
|  INFO: Old style inpcrd file read


--------------------------------------------------------------------------------
   3.  ATOMIC COORDINATES AND VELOCITIES
--------------------------------------------------------------------------------

TSL                                                                             
 begin time read from input coords =     0.000 ps

 Number of triangulated 3-point waters found:        0

     Sum of charges from parm topology file =   0.00300200
     Forcing neutrality...

--------------------------------------------------------------------------------
   4.  RESULTS
--------------------------------------------------------------------------------

 ---------------------------------------------------

     eedmeth=4: Setting switch to one everywhere

 ---------------------------------------------------
| Local SIZE OF NONBOND LIST =        232
| TOTAL SIZE OF NONBOND LIST =        232


   NSTEP       ENERGY          RMS            GMAX         NAME    NUMBER
      1       2.0655E+02     5.6699E+01     2.4483E+02     O10        10

 BOND    =       64.4783  ANGLE   =      159.1076  DIHED      =       39.1363
 VDWAALS =        0.4814  EEL     =       -5.8958  HBOND      =        0.0000
 1-4 VDW =        4.9674  1-4 EEL =      -55.7279  RESTRAINT  =        0.0000


   NSTEP       ENERGY          RMS            GMAX         NAME    NUMBER
      2       2.0397E+02     5.5739E+01     2.4183E+02     O10        10

 BOND    =       62.9429  ANGLE   =      158.0975  DIHED      =       39.1115
 VDWAALS =        0.4680  EEL     =       -5.8412  HBOND      =        0.0000
 1-4 VDW =        4.9667  1-4 EEL =      -55.7742  RESTRAINT  =        0.0000


   NSTEP       ENERGY          RMS            GMAX         NAME    NUMBER
      3       2.0094E+02     5.4612E+01     2.3819E+02     O10        10

 BOND    =       61.1469  ANGLE   =      156.8883  DIHED      =       39.0900
 VDWAALS =        0.4519  EEL     =       -5.7752  HBOND      =        0.0000
 1-4 VDW =        4.9659  1-4 EEL =      -55.8307  RESTRAINT  =        0.0000


   NSTEP       ENERGY          RMS            GMAX         NAME    NUMBER
      4       1.9738E+02     5.3292E+01     2.3378E+02     O10        10

 BOND    =       59.0586  ANGLE   =      155.4418  DIHED      =       39.0740
 VDWAALS =        0.4329  EEL     =       -5.6953  HBOND      =        0.0000
 1-4 VDW =        4.9651  1-4 EEL =      -55.8998  RESTRAINT  =        0.0000


   NSTEP       ENERGY          RMS            GMAX         NAME    NUMBER
      5       1.9322E+02     5.1748E+01     2.2845E+02     O10        10

 BOND    =       56.6480  ANGLE   =      153.7130  DIHED      =       39.0668
 VDWAALS =        0.4101  EEL     =       -5.5985  HBOND      =        0.0000
 1-4 VDW =        4.9641  1-4 EEL =      -55.9847  RESTRAINT  =        0.0000


   NSTEP       ENERGY          RMS            GMAX         NAME    NUMBER
      6       1.8839E+02     4.9950E+01     2.2201E+02     O10        10

 BOND    =       53.8912  ANGLE   =      151.6488  DIHED      =       39.0717
 VDWAALS =        0.3832  EEL     =       -5.4811  HBOND      =        0.0000
 1-4 VDW =        4.9631  1-4 EEL =      -56.0895  RESTRAINT  =        0.0000


   NSTEP       ENERGY          RMS            GMAX         NAME    NUMBER
      7       1.8281E+02     4.7864E+01     2.1426E+02     O10        10

 BOND    =       50.7753  ANGLE   =      149.1880  DIHED      =       39.0929
 VDWAALS =        0.3513  EEL     =       -5.3386  HBOND      =        0.0000
 1-4 VDW =        4.9621  1-4 EEL =      -56.2192  RESTRAINT  =        0.0000


   NSTEP       ENERGY          RMS            GMAX         NAME    NUMBER
      8       1.7643E+02     4.5457E+01     2.0498E+02     O10        10

 BOND    =       47.3055  ANGLE   =      146.2599  DIHED      =       39.1349
 VDWAALS =        0.3137  EEL     =       -5.1656  HBOND      =        0.0000
 1-4 VDW =        4.9611  1-4 EEL =      -56.3807  RESTRAINT  =        0.0000


   NSTEP       ENERGY          RMS            GMAX         NAME    NUMBER
      9       1.6919E+02     4.2704E+01     1.9394E+02     O10        10

 BOND    =       43.5150  ANGLE   =      142.7848  DIHED      =       39.2026
 VDWAALS =        0.2698  EEL     =       -4.9558  HBOND      =        0.0000
 1-4 VDW =        4.9603  1-4 EEL =      -56.5829  RESTRAINT  =        0.0000


   NSTEP       ENERGY          RMS            GMAX         NAME    NUMBER
     10       1.6109E+02     3.9591E+01     1.8091E+02     O10        10

 BOND    =       39.4747  ANGLE   =      138.6760  DIHED      =       39.3015
 VDWAALS =        0.2191  EEL     =       -4.7017  HBOND      =        0.0000
 1-4 VDW =        4.9596  1-4 EEL =      -56.8376  RESTRAINT  =        0.0000


   NSTEP       ENERGY          RMS            GMAX         NAME    NUMBER
     11       1.5215E+02     3.6135E+01     1.6574E+02     O10        10

 BOND    =       35.3021  ANGLE   =      133.8444  DIHED      =       39.4371
 VDWAALS =        0.1615  EEL     =       -4.3954  HBOND      =        0.0000
 1-4 VDW =        4.9592  1-4 EEL =      -57.1604  RESTRAINT  =        0.0000


   NSTEP       ENERGY          RMS            GMAX         NAME    NUMBER
     12       1.4244E+02     3.2397E+01     1.4841E+02     O10        10

 BOND    =       31.1620  ANGLE   =      128.2100  DIHED      =       39.6155
 VDWAALS =        0.0980  EEL     =       -4.0290  HBOND      =        0.0000
 1-4 VDW =        4.9592  1-4 EEL =      -57.5723  RESTRAINT  =        0.0000


   NSTEP       ENERGY          RMS            GMAX         NAME    NUMBER
     13       1.3211E+02     2.8503E+01     1.2916E+02     O10        10

 BOND    =       27.2453  ANGLE   =      121.7246  DIHED      =       39.8428
 VDWAALS =        0.0313  EEL     =       -3.5974  HBOND      =        0.0000
 1-4 VDW =        4.9593  1-4 EEL =      -58.1002  RESTRAINT  =        0.0000


   NSTEP       ENERGY          RMS            GMAX         NAME    NUMBER
     14       1.2129E+02     2.4654E+01     1.0866E+02     O10        10

 BOND    =       23.7107  ANGLE   =      114.4123  DIHED      =       40.1251
 VDWAALS =       -0.0320  EEL     =       -3.1022  HBOND      =        0.0000
 1-4 VDW =        4.9588  1-4 EEL =      -58.7778  RESTRAINT  =        0.0000


   NSTEP       ENERGY          RMS            GMAX         NAME    NUMBER
     15       1.1015E+02     2.1089E+01     8.8166E+01     O10        10

 BOND    =       20.5838  ANGLE   =      106.4244  DIHED      =       40.4668
 VDWAALS =       -0.0786  EEL     =       -2.5585  HBOND      =        0.0000
 1-4 VDW =        4.9560  1-4 EEL =      -59.6419  RESTRAINT  =        0.0000


   NSTEP       ENERGY          RMS            GMAX         NAME    NUMBER
     16       9.8745E+01     1.7989E+01     7.4149E+01     O12         4

 BOND    =       17.6786  ANGLE   =       98.0550  DIHED      =       40.8706
 VDWAALS =       -0.0854  EEL     =       -1.9973  HBOND      =        0.0000
 1-4 VDW =        4.9482  1-4 EEL =      -60.7251  RESTRAINT  =        0.0000


   NSTEP       ENERGY          RMS            GMAX         NAME    NUMBER
     17       8.7049E+01     1.5414E+01     6.1099E+01     O12         4

 BOND    =       14.7012  ANGLE   =       89.5881  DIHED      =       41.3404
 VDWAALS =       -0.0160  EEL     =       -1.4501  HBOND      =        0.0000
 1-4 VDW =        4.9330  1-4 EEL =      -62.0473  RESTRAINT  =        0.0000


   NSTEP       ENERGY          RMS            GMAX         NAME    NUMBER
     18       7.4971E+01     1.3324E+01     5.0228E+01     O12         4

 BOND    =       11.5852  ANGLE   =       80.9318  DIHED      =       41.8913
 VDWAALS =        0.1787  EEL     =       -0.9089  HBOND      =        0.0000
 1-4 VDW =        4.9126  1-4 EEL =      -63.6198  RESTRAINT  =        0.0000


   NSTEP       ENERGY          RMS            GMAX         NAME    NUMBER
     19       6.2392E+01     1.1578E+01     4.1330E+01     O12         4

 BOND    =        8.6462  ANGLE   =       71.5186  DIHED      =       42.5499
 VDWAALS =        0.5620  EEL     =       -0.3321  HBOND      =        0.0000
 1-4 VDW =        4.8944  1-4 EEL =      -65.4466  RESTRAINT  =        0.0000


   NSTEP       ENERGY          RMS            GMAX         NAME    NUMBER
     20       4.9340E+01     9.8899E+00     3.5444E+01     O13         5

 BOND    =        6.1666  ANGLE   =       61.0159  DIHED      =       43.3080
 VDWAALS =        1.2157  EEL     =        0.2361  HBOND      =        0.0000
 1-4 VDW =        4.8752  1-4 EEL =      -67.4777  RESTRAINT  =        0.0000


   NSTEP       ENERGY          RMS            GMAX         NAME    NUMBER
     21       3.6326E+01     7.9142E+00     2.8478E+01     O13         5

 BOND    =        4.1271  ANGLE   =       49.9432  DIHED      =       44.1108
 VDWAALS =        2.2208  EEL     =        0.7348  HBOND      =        0.0000
 1-4 VDW =        4.8444  1-4 EEL =      -69.6553  RESTRAINT  =        0.0000


   NSTEP       ENERGY          RMS            GMAX         NAME    NUMBER
     22       2.4707E+01     6.0564E+00     2.1636E+01     C9          8

 BOND    =        3.0150  ANGLE   =       39.1981  DIHED      =       44.9312
 VDWAALS =        3.4582  EEL     =        1.2062  HBOND      =        0.0000
 1-4 VDW =        4.7541  1-4 EEL =      -71.8555  RESTRAINT  =        0.0000


   NSTEP       ENERGY          RMS            GMAX         NAME    NUMBER
     23       2.8776E+01     3.0969E+01     1.7491E+02     C9          8

 BOND    =       10.5782  ANGLE   =       36.0260  DIHED      =       45.3032
 VDWAALS =        4.1885  EEL     =        2.5547  HBOND      =        0.0000
 1-4 VDW =        4.7882  1-4 EEL =      -74.6625  RESTRAINT  =        0.0000


   NSTEP       ENERGY          RMS            GMAX         NAME    NUMBER
     24       1.7087E+01     1.0172E+01     5.9349E+01     C9          8

 BOND    =        3.8305  ANGLE   =       31.1996  DIHED      =       45.4431
 VDWAALS =        3.9109  EEL     =        2.0554  HBOND      =        0.0000
 1-4 VDW =        4.5162  1-4 EEL =      -73.8684  RESTRAINT  =        0.0000


   NSTEP       ENERGY          RMS            GMAX         NAME    NUMBER
     25       3.1788E+01     3.6668E+01     2.1429E+02     C9          8

 BOND    =       14.8900  ANGLE   =       34.9297  DIHED      =       45.4630
 VDWAALS =        3.8595  EEL     =        3.3372  HBOND      =        0.0000
 1-4 VDW =        4.7246  1-4 EEL =      -75.4156  RESTRAINT  =        0.0000


   NSTEP       ENERGY          RMS            GMAX         NAME    NUMBER
     26       1.6259E+01     1.2589E+01     7.0338E+01     C9          8

 BOND    =        3.0569  ANGLE   =       31.4506  DIHED      =       45.4058
 VDWAALS =        3.7362  EEL     =        2.8486  HBOND      =        0.0000
 1-4 VDW =        4.5326  1-4 EEL =      -74.7712  RESTRAINT  =        0.0000


   NSTEP       ENERGY          RMS            GMAX         NAME    NUMBER
     27       1.7197E+01     1.6637E+01     9.8521E+01     C9          8

 BOND    =        6.3604  ANGLE   =       29.4042  DIHED      =       45.3404
 VDWAALS =        3.5276  EEL     =        2.3864  HBOND      =        0.0000
 1-4 VDW =        4.3392  1-4 EEL =      -74.1616  RESTRAINT  =        0.0000


   NSTEP       ENERGY          RMS            GMAX         NAME    NUMBER
     28       1.3596E+01     3.5092E+00     1.4188E+01     H12        19

 BOND    =        2.3249  ANGLE   =       29.8149  DIHED      =       45.3476
 VDWAALS =        3.5415  EEL     =        2.7392  HBOND      =        0.0000
 1-4 VDW =        4.4011  1-4 EEL =      -74.5736  RESTRAINT  =        0.0000


   NSTEP       ENERGY          RMS            GMAX         NAME    NUMBER
     29       1.3141E+01     7.9253E+00     4.2655E+01     C9          8

 BOND    =        2.3390  ANGLE   =       29.6484  DIHED      =       45.2715
 VDWAALS =        3.3825  EEL     =        3.1501  HBOND      =        0.0000
 1-4 VDW =        4.3641  1-4 EEL =      -75.0143  RESTRAINT  =        0.0000


   NSTEP       ENERGY          RMS            GMAX         NAME    NUMBER
     30       1.3889E+01     1.2727E+01     7.4464E+01     C9          8

 BOND    =        4.8199  ANGLE   =       28.1625  DIHED      =       45.2009
 VDWAALS =        3.2046  EEL     =        2.8616  HBOND      =        0.0000
 1-4 VDW =        4.2214  1-4 EEL =      -74.5823  RESTRAINT  =        0.0000


   NSTEP       ENERGY          RMS            GMAX         NAME    NUMBER
     31       1.1798E+01     3.3844E+00     1.3170E+01     C9          8

 BOND    =        2.3852  ANGLE   =       28.4995  DIHED      =       45.1973
 VDWAALS =        3.2114  EEL     =        3.1097  HBOND      =        0.0000
 1-4 VDW =        4.2627  1-4 EEL =      -74.8679  RESTRAINT  =        0.0000


   NSTEP       ENERGY          RMS            GMAX         NAME    NUMBER
     32       1.1473E+01     6.2283E+00     3.2591E+01     C9          8

 BOND    =        2.2157  ANGLE   =       28.5396  DIHED      =       45.1229
 VDWAALS =        3.1110  EEL     =        3.3867  HBOND      =        0.0000
 1-4 VDW =        4.2449  1-4 EEL =      -75.1482  RESTRAINT  =        0.0000


   NSTEP       ENERGY          RMS            GMAX         NAME    NUMBER
     33       1.1513E+01     8.6038E+00     4.9156E+01     C9          8

 BOND    =        3.5575  ANGLE   =       27.4314  DIHED      =       45.0539
 VDWAALS =        2.9744  EEL     =        3.1859  HBOND      =        0.0000
 1-4 VDW =        4.1393  1-4 EEL =      -74.8289  RESTRAINT  =        0.0000


   NSTEP       ENERGY          RMS            GMAX         NAME    NUMBER
     34       1.0509E+01     2.6624E+00     1.2411E+01     H12        19

 BOND    =        2.2958  ANGLE   =       27.6932  DIHED      =       45.0436
 VDWAALS =        2.9708  EEL     =        3.3668  HBOND      =        0.0000
 1-4 VDW =        4.1662  1-4 EEL =      -75.0275  RESTRAINT  =        0.0000


   NSTEP       ENERGY          RMS            GMAX         NAME    NUMBER
     35       1.0019E+01     3.2997E+00     1.2589E+01     C9          8

 BOND    =        2.1511  ANGLE   =       27.5208  DIHED      =       44.9627
 VDWAALS =        2.8735  EEL     =        3.5197  HBOND      =        0.0000
 1-4 VDW =        4.1347  1-4 EEL =      -75.1438  RESTRAINT  =        0.0000


   NSTEP       ENERGY          RMS            GMAX         NAME    NUMBER
     36       9.8103E+00     5.7310E+00     3.1219E+01     C9          8

 BOND    =        2.9013  ANGLE   =       26.7499  DIHED      =       44.8762
 VDWAALS =        2.7406  EEL     =        3.4609  HBOND      =        0.0000
 1-4 VDW =        4.0566  1-4 EEL =      -74.9751  RESTRAINT  =        0.0000


   NSTEP       ENERGY          RMS            GMAX         NAME    NUMBER
     37       9.7298E+00     7.1778E+00     3.9284E+01     C9          8

 BOND    =        2.3226  ANGLE   =       27.2928  DIHED      =       44.8325
 VDWAALS =        2.7166  EEL     =        3.7622  HBOND      =        0.0000
 1-4 VDW =        4.0932  1-4 EEL =      -75.2900  RESTRAINT  =        0.0000


   NSTEP       ENERGY          RMS            GMAX         NAME    NUMBER
     38       9.6978E+00     8.5007E+00     4.8313E+01     C9          8

 BOND    =        3.5684  ANGLE   =       26.2118  DIHED      =       44.7502
 VDWAALS =        2.6017  EEL     =        3.4845  HBOND      =        0.0000
 1-4 VDW =        3.9849  1-4 EEL =      -74.9036  RESTRAINT  =        0.0000


   NSTEP       ENERGY          RMS            GMAX         NAME    NUMBER
     39       9.8595E+00     1.0352E+01     5.8496E+01     C9          8

 BOND    =        2.7384  ANGLE   =       27.1638  DIHED      =       44.7294
 VDWAALS =        2.5985  EEL     =        3.9423  HBOND      =        0.0000
 1-4 VDW =        4.0659  1-4 EEL =      -75.3788  RESTRAINT  =        0.0000


   NSTEP       ENERGY          RMS            GMAX         NAME    NUMBER
     40       8.4328E+00     2.3700E+00     1.1185E+01     H12        19

 BOND    =        2.2035  ANGLE   =       26.3873  DIHED      =       44.6830
 VDWAALS =        2.5439  EEL     =        3.7459  HBOND      =        0.0000
 1-4 VDW =        3.9989  1-4 EEL =      -75.1297  RESTRAINT  =        0.0000


   NSTEP       ENERGY          RMS            GMAX         NAME    NUMBER
     41       7.9609E+00     3.8686E+00     1.9140E+01     C9          8

 BOND    =        2.5849  ANGLE   =       25.7565  DIHED      =       44.5490
 VDWAALS =        2.4006  EEL     =        3.7501  HBOND      =        0.0000
 1-4 VDW =        3.9268  1-4 EEL =      -75.0070  RESTRAINT  =        0.0000


   NSTEP       ENERGY          RMS            GMAX         NAME    NUMBER
     42       8.2757E+00     8.4260E+00     4.7163E+01     C9          8

 BOND    =        2.4810  ANGLE   =       26.2344  DIHED      =       44.4728
 VDWAALS =        2.3496  EEL     =        4.0557  HBOND      =        0.0000
 1-4 VDW =        3.9554  1-4 EEL =      -75.2732  RESTRAINT  =        0.0000


   NSTEP       ENERGY          RMS            GMAX         NAME    NUMBER
     43       7.3556E+00     2.5901E+00     1.0533E+01     H12        19

 BOND    =        2.1806  ANGLE   =       25.6954  DIHED      =       44.4363
 VDWAALS =        2.3082  EEL     =        3.9194  HBOND      =        0.0000
 1-4 VDW =        3.9092  1-4 EEL =      -75.0935  RESTRAINT  =        0.0000


   NSTEP       ENERGY          RMS            GMAX         NAME    NUMBER
     44       7.1213E+00     3.9237E+00     1.9782E+01     C9          8

 BOND    =        2.5960  ANGLE   =       25.1921  DIHED      =       44.3409
 VDWAALS =        2.2150  EEL     =        3.8625  HBOND      =        0.0000
 1-4 VDW =        3.8547  1-4 EEL =      -74.9399  RESTRAINT  =        0.0000


   NSTEP       ENERGY          RMS            GMAX         NAME    NUMBER
     45       7.0407E+00     5.4411E+00     2.9078E+01     C9          8

 BOND    =        2.2140  ANGLE   =       25.5237  DIHED      =       44.2859
 VDWAALS =        2.1848  EEL     =        4.0809  HBOND      =        0.0000
 1-4 VDW =        3.8783  1-4 EEL =      -75.1268  RESTRAINT  =        0.0000


   NSTEP       ENERGY          RMS            GMAX         NAME    NUMBER
     46       6.9393E+00     6.2452E+00     3.4579E+01     C9          8

 BOND    =        3.0306  ANGLE   =       24.7650  DIHED      =       44.2009
 VDWAALS =        2.1015  EEL     =        3.8607  HBOND      =        0.0000
 1-4 VDW =        3.7998  1-4 EEL =      -74.8193  RESTRAINT  =        0.0000


   NSTEP       ENERGY          RMS            GMAX         NAME    NUMBER
     47       6.9894E+00     7.7675E+00     4.3237E+01     C9          8

 BOND    =        2.4020  ANGLE   =       25.4094  DIHED      =       44.1685
 VDWAALS =        2.0928  EEL     =        4.1988  HBOND      =        0.0000
 1-4 VDW =        3.8567  1-4 EEL =      -75.1387  RESTRAINT  =        0.0000


   NSTEP       ENERGY          RMS            GMAX         NAME    NUMBER
     48       6.1763E+00     2.0526E+00     9.8582E+00     H12        19

 BOND    =        2.2034  ANGLE   =       24.8851  DIHED      =       44.1246
 VDWAALS =        2.0527  EEL     =        4.0483  HBOND      =        0.0000
 1-4 VDW =        3.8092  1-4 EEL =      -74.9470  RESTRAINT  =        0.0000


   NSTEP       ENERGY          RMS            GMAX         NAME    NUMBER
     49       5.8289E+00     2.8232E+00     1.2327E+01     C9          8

 BOND    =        2.4175  ANGLE   =       24.4785  DIHED      =       44.0006
 VDWAALS =        1.9568  EEL     =        4.0341  HBOND      =        0.0000
 1-4 VDW =        3.7623  1-4 EEL =      -74.8209  RESTRAINT  =        0.0000


   NSTEP       ENERGY          RMS            GMAX         NAME    NUMBER
     50       5.8255E+00     5.7711E+00     3.1318E+01     C9          8

 BOND    =        2.2250  ANGLE   =       24.7211  DIHED      =       43.9137
 VDWAALS =        1.9078  EEL     =        4.2421  HBOND      =        0.0000
 1-4 VDW =        3.7768  1-4 EEL =      -74.9609  RESTRAINT  =        0.0000


   NSTEP       ENERGY          RMS            GMAX         NAME    NUMBER
     51       5.7359E+00     6.3989E+00     3.5585E+01     C9          8

 BOND    =        3.0405  ANGLE   =       23.9755  DIHED      =       43.8246
 VDWAALS =        1.8319  EEL     =        3.9965  HBOND      =        0.0000
 1-4 VDW =        3.6994  1-4 EEL =      -74.6325  RESTRAINT  =        0.0000


   NSTEP       ENERGY          RMS            GMAX         NAME    NUMBER
     52       5.1710E+00     1.8589E+00     9.2650E+00     H12        19

 BOND    =        2.2424  ANGLE   =       24.1876  DIHED      =       43.8117
 VDWAALS =        1.8310  EEL     =        4.1406  HBOND      =        0.0000
 1-4 VDW =        3.7237  1-4 EEL =      -74.7660  RESTRAINT  =        0.0000


   NSTEP       ENERGY          RMS            GMAX         NAME    NUMBER
     53       5.1612E+00     1.9105E+00     9.2613E+00     H12        19

 BOND    =        2.1896  ANGLE   =       24.2274  DIHED      =       43.8098
 VDWAALS =        1.8308  EEL     =        4.1622  HBOND      =        0.0000
 1-4 VDW =        3.7275  1-4 EEL =      -74.7862  RESTRAINT  =        0.0000


   NSTEP       ENERGY          RMS            GMAX         NAME    NUMBER
     54       5.0560E+00     1.8987E+00     9.1975E+00     H12        19

 BOND    =        2.1883  ANGLE   =       24.1610  DIHED      =       43.7740
 VDWAALS =        1.8082  EEL     =        4.1722  HBOND      =        0.0000
 1-4 VDW =        3.7190  1-4 EEL =      -74.7667  RESTRAINT  =        0.0000


   NSTEP       ENERGY          RMS            GMAX         NAME    NUMBER
     55       4.1128E+00     1.7997E+00     8.7151E+00     H12        19

 BOND    =        2.1731  ANGLE   =       23.5645  DIHED      =       43.4456
 VDWAALS =        1.6024  EEL     =        4.2651  HBOND      =        0.0000
 1-4 VDW =        3.6420  1-4 EEL =      -74.5799  RESTRAINT  =        0.0000


   NSTEP       ENERGY          RMS            GMAX         NAME    NUMBER
     56      -1.6613E+00     4.3637E+00     1.7960E+01     H12        19

 BOND    =        2.2192  ANGLE   =       19.5232  DIHED      =       40.6094
 VDWAALS =       -0.0956  EEL     =        5.2330  HBOND      =        0.0000
 1-4 VDW =        2.9885  1-4 EEL =      -72.1391  RESTRAINT  =        0.0000


   NSTEP       ENERGY          RMS            GMAX         NAME    NUMBER
     57       6.1349E+00     1.9458E+01     8.0365E+01     O12         4

 BOND    =       10.3960  ANGLE   =       19.3430  DIHED      =       38.6429
 VDWAALS =       -1.7918  EEL     =        5.4907  HBOND      =        0.0000
 1-4 VDW =        2.2380  1-4 EEL =      -68.1838  RESTRAINT  =        0.0000


   NSTEP       ENERGY          RMS            GMAX         NAME    NUMBER
     58      -2.8602E+00     3.7091E+00     1.6704E+01     C7         14

 BOND    =        2.1713  ANGLE   =       18.8319  DIHED      =       39.9467
 VDWAALS =       -0.6336  EEL     =        5.3251  HBOND      =        0.0000
 1-4 VDW =        2.7856  1-4 EEL =      -71.2871  RESTRAINT  =        0.0000


   NSTEP       ENERGY          RMS            GMAX         NAME    NUMBER
     59      -3.2284E+00     6.0531E+00     2.7341E+01     C7         14

 BOND    =        2.7609  ANGLE   =       18.2802  DIHED      =       39.1478
 VDWAALS =       -1.0784  EEL     =        5.5246  HBOND      =        0.0000
 1-4 VDW =        2.6778  1-4 EEL =      -70.5413  RESTRAINT  =        0.0000


   NSTEP       ENERGY          RMS            GMAX         NAME    NUMBER
     60      -3.3689E+00     3.7431E+00     1.3615E+01     O12         4

 BOND    =        2.3880  ANGLE   =       18.4011  DIHED      =       39.4101
 VDWAALS =       -0.9341  EEL     =        5.4570  HBOND      =        0.0000
 1-4 VDW =        2.7127  1-4 EEL =      -70.8037  RESTRAINT  =        0.0000


   NSTEP       ENERGY          RMS            GMAX         NAME    NUMBER
     61      -3.9912E+00     2.4357E+00     7.2581E+00     S1          3

 BOND    =        2.1277  ANGLE   =       18.0102  DIHED      =       38.9326
 VDWAALS =       -1.2470  EEL     =        5.7874  HBOND      =        0.0000
 1-4 VDW =        2.6961  1-4 EEL =      -70.2981  RESTRAINT  =        0.0000


   NSTEP       ENERGY          RMS            GMAX         NAME    NUMBER
     62      -4.0172E+00     2.9135E+00     8.6808E+00     C5         12

 BOND    =        2.1429  ANGLE   =       17.9412  DIHED      =       38.8201
 VDWAALS =       -1.3187  EEL     =        5.8691  HBOND      =        0.0000
 1-4 VDW =        2.6929  1-4 EEL =      -70.1646  RESTRAINT  =        0.0000


   NSTEP       ENERGY          RMS            GMAX         NAME    NUMBER
     63      -4.2600E+00     3.6645E+00     1.1940E+01     O12         4

 BOND    =        1.8229  ANGLE   =       17.7007  DIHED      =       38.6762
 VDWAALS =       -1.4339  EEL     =        6.2151  HBOND      =        0.0000
 1-4 VDW =        2.7408  1-4 EEL =      -69.9817  RESTRAINT  =        0.0000


   NSTEP       ENERGY          RMS            GMAX         NAME    NUMBER
     64      -4.2844E+00     2.8737E+00     9.8991E+00     O12         4

 BOND    =        1.8367  ANGLE   =       17.7384  DIHED      =       38.7088
 VDWAALS =       -1.4082  EEL     =        6.1353  HBOND      =        0.0000
 1-4 VDW =        2.7295  1-4 EEL =      -70.0249  RESTRAINT  =        0.0000


   NSTEP       ENERGY          RMS            GMAX         NAME    NUMBER
     65      -4.6747E+00     2.0276E+00     5.7695E+00     H12        19

 BOND    =        1.5298  ANGLE   =       17.7126  DIHED      =       38.5258
 VDWAALS =       -1.4582  EEL     =        6.1857  HBOND      =        0.0000
 1-4 VDW =        2.7114  1-4 EEL =      -69.8817  RESTRAINT  =        0.0000


   NSTEP       ENERGY          RMS            GMAX         NAME    NUMBER
     66      -4.7763E+00     2.8428E+00     8.1629E+00     C6         13

 BOND    =        1.4536  ANGLE   =       17.7209  DIHED      =       38.3815
 VDWAALS =       -1.4971  EEL     =        6.2265  HBOND      =        0.0000
 1-4 VDW =        2.6977  1-4 EEL =      -69.7595  RESTRAINT  =        0.0000


   NSTEP       ENERGY          RMS            GMAX         NAME    NUMBER
     67      -5.4402E+00     2.7428E+00     9.9140E+00     C5         12

 BOND    =        1.4098  ANGLE   =       17.3549  DIHED      =       37.8725
 VDWAALS =       -1.6124  EEL     =        6.5705  HBOND      =        0.0000
 1-4 VDW =        2.7164  1-4 EEL =      -69.7518  RESTRAINT  =        0.0000


   NSTEP       ENERGY          RMS            GMAX         NAME    NUMBER
     68      -5.5304E+00     3.9451E+00     1.3808E+01     C5         12

 BOND    =        1.5281  ANGLE   =       17.2321  DIHED      =       37.6268
 VDWAALS =       -1.6637  EEL     =        6.7523  HBOND      =        0.0000
 1-4 VDW =        2.7302  1-4 EEL =      -69.7363  RESTRAINT  =        0.0000


   NSTEP       ENERGY          RMS            GMAX         NAME    NUMBER
     69      -5.8089E+00     4.8440E+00     2.2768E+01     O12         4

 BOND    =        1.9406  ANGLE   =       16.7018  DIHED      =       36.9967
 VDWAALS =       -1.8238  EEL     =        7.3229  HBOND      =        0.0000
 1-4 VDW =        2.8762  1-4 EEL =      -69.8235  RESTRAINT  =        0.0000


   NSTEP       ENERGY          RMS            GMAX         NAME    NUMBER
     70      -6.0198E+00     3.0958E+00     1.3218E+01     O12         4

 BOND    =        1.5879  ANGLE   =       16.8368  DIHED      =       37.2060
 VDWAALS =       -1.7788  EEL     =        7.1138  HBOND      =        0.0000
 1-4 VDW =        2.8163  1-4 EEL =      -69.8018  RESTRAINT  =        0.0000


   NSTEP       ENERGY          RMS            GMAX         NAME    NUMBER
     71      -6.4094E+00     1.8778E+00     5.3119E+00     O12         4

 BOND    =        1.7010  ANGLE   =       16.6403  DIHED      =       36.9912
 VDWAALS =       -1.8351  EEL     =        7.1808  HBOND      =        0.0000
 1-4 VDW =        2.8398  1-4 EEL =      -69.9274  RESTRAINT  =        0.0000


   NSTEP       ENERGY          RMS            GMAX         NAME    NUMBER
     72      -6.4400E+00     2.3329E+00     6.1090E+00     C9          8

 BOND    =        1.8290  ANGLE   =       16.5893  DIHED      =       36.9143
 VDWAALS =       -1.8538  EEL     =        7.2046  HBOND      =        0.0000
 1-4 VDW =        2.8488  1-4 EEL =      -69.9723  RESTRAINT  =        0.0000


   NSTEP       ENERGY          RMS            GMAX         NAME    NUMBER
     73      -6.6945E+00     2.2353E+00     6.4889E+00     O11         9

 BOND    =        1.9217  ANGLE   =       16.4416  DIHED      =       36.6996
 VDWAALS =       -1.9309  EEL     =        7.4985  HBOND      =        0.0000
 1-4 VDW =        2.8683  1-4 EEL =      -70.1933  RESTRAINT  =        0.0000


   NSTEP       ENERGY          RMS            GMAX         NAME    NUMBER
     74      -6.6950E+00     2.3376E+00     6.8100E+00     O11         9

 BOND    =        1.9338  ANGLE   =       16.4372  DIHED      =       36.6906
 VDWAALS =       -1.9341  EEL     =        7.5112  HBOND      =        0.0000
 1-4 VDW =        2.8691  1-4 EEL =      -70.2028  RESTRAINT  =        0.0000


   NSTEP       ENERGY          RMS            GMAX         NAME    NUMBER
     75      -7.0040E+00     2.4209E+00     7.5172E+00     C9          8

 BOND    =        1.7915  ANGLE   =       16.5096  DIHED      =       36.3569
 VDWAALS =       -1.9702  EEL     =        7.8334  HBOND      =        0.0000
 1-4 VDW =        2.8993  1-4 EEL =      -70.4244  RESTRAINT  =        0.0000


   NSTEP       ENERGY          RMS            GMAX         NAME    NUMBER
     76      -7.0323E+00     2.1754E+00     6.3120E+00     C5         12

 BOND    =        1.7768  ANGLE   =       16.4973  DIHED      =       36.3545
 VDWAALS =       -1.9675  EEL     =        7.8225  HBOND      =        0.0000
 1-4 VDW =        2.8991  1-4 EEL =      -70.4150  RESTRAINT  =        0.0000


   NSTEP       ENERGY          RMS            GMAX         NAME    NUMBER
     77      -7.0625E+00     1.9144E+00     5.5431E+00     N4         11

 BOND    =        1.7607  ANGLE   =       16.4847  DIHED      =       36.3515
 VDWAALS =       -1.9640  EEL     =        7.8099  HBOND      =        0.0000
 1-4 VDW =        2.8991  1-4 EEL =      -70.4046  RESTRAINT  =        0.0000


   NSTEP       ENERGY          RMS            GMAX         NAME    NUMBER
     78      -7.0941E+00     1.6547E+00     4.7785E+00     N4         11

 BOND    =        1.7429  ANGLE   =       16.4731  DIHED      =       36.3478
 VDWAALS =       -1.9593  EEL     =        7.7957  HBOND      =        0.0000
 1-4 VDW =        2.8992  1-4 EEL =      -70.3935  RESTRAINT  =        0.0000


   NSTEP       ENERGY          RMS            GMAX         NAME    NUMBER
     79      -7.1267E+00     1.4217E+00     3.9003E+00     N4         11

 BOND    =        1.7221  ANGLE   =       16.4644  DIHED      =       36.3430
 VDWAALS =       -1.9531  EEL     =        7.7802  HBOND      =        0.0000
 1-4 VDW =        2.8996  1-4 EEL =      -70.3829  RESTRAINT  =        0.0000


   NSTEP       ENERGY          RMS            GMAX         NAME    NUMBER
     80      -6.1332E+00     8.0993E+00     2.6422E+01     C5         12

 BOND    =        2.4402  ANGLE   =       16.8397  DIHED      =       36.1917
 VDWAALS =       -1.7021  EEL     =        7.3283  HBOND      =        0.0000
 1-4 VDW =        2.9315  1-4 EEL =      -70.1625  RESTRAINT  =        0.0000


   NSTEP       ENERGY          RMS            GMAX         NAME    NUMBER
     81      -7.2520E+00     1.7333E+00     4.8334E+00     O11         9

 BOND    =        1.6268  ANGLE   =       16.4689  DIHED      =       36.3013
 VDWAALS =       -1.8958  EEL     =        7.6689  HBOND      =        0.0000
 1-4 VDW =        2.9050  1-4 EEL =      -70.3271  RESTRAINT  =        0.0000


   NSTEP       ENERGY          RMS            GMAX         NAME    NUMBER
     82      -7.4203E+00     1.7148E+00     5.2115E+00     C9          8

 BOND    =        1.4124  ANGLE   =       16.6403  DIHED      =       36.2369
 VDWAALS =       -1.8187  EEL     =        7.6228  HBOND      =        0.0000
 1-4 VDW =        2.9119  1-4 EEL =      -70.4260  RESTRAINT  =        0.0000


   NSTEP       ENERGY          RMS            GMAX         NAME    NUMBER
     83      -7.4412E+00     2.4167E+00     9.4262E+00     C9          8

 BOND    =        1.3516  ANGLE   =       16.7389  DIHED      =       36.2063
 VDWAALS =       -1.7776  EEL     =        7.5987  HBOND      =        0.0000
 1-4 VDW =        2.9161  1-4 EEL =      -70.4752  RESTRAINT  =        0.0000


   NSTEP       ENERGY          RMS            GMAX         NAME    NUMBER
     84      -7.7090E+00     1.9697E+00     5.8120E+00     C5         12

 BOND    =        1.4281  ANGLE   =       16.8140  DIHED      =       36.0655
 VDWAALS =       -1.6490  EEL     =        7.3806  HBOND      =        0.0000
 1-4 VDW =        2.9027  1-4 EEL =      -70.6508  RESTRAINT  =        0.0000


   NSTEP       ENERGY          RMS            GMAX         NAME    NUMBER
     85      -7.7597E+00     2.8302E+00     9.6223E+00     C5         12

 BOND    =        1.5633  ANGLE   =       16.8908  DIHED      =       35.9788
 VDWAALS =       -1.5509  EEL     =        7.2296  HBOND      =        0.0000
 1-4 VDW =        2.8962  1-4 EEL =      -70.7675  RESTRAINT  =        0.0000


   NSTEP       ENERGY          RMS            GMAX         NAME    NUMBER
     86      -8.2000E+00     1.6750E+00     5.8171E+00     O12         4

 BOND    =        1.8191  ANGLE   =       17.0574  DIHED      =       35.7657
 VDWAALS =       -1.2592  EEL     =        6.7697  HBOND      =        0.0000
 1-4 VDW =        2.9001  1-4 EEL =      -71.2528  RESTRAINT  =        0.0000


   NSTEP       ENERGY          RMS            GMAX         NAME    NUMBER
     87      -8.2712E+00     1.9537E+00     6.1110E+00     O12         4

 BOND    =        2.0526  ANGLE   =       17.2209  DIHED      =       35.6521
 VDWAALS =       -1.0493  EEL     =        6.4839  HBOND      =        0.0000
 1-4 VDW =        2.9088  1-4 EEL =      -71.5401  RESTRAINT  =        0.0000


   NSTEP       ENERGY          RMS            GMAX         NAME    NUMBER
     88      -8.3314E+00     3.4442E+00     1.2815E+01     C7         14

 BOND    =        2.0377  ANGLE   =       17.6283  DIHED      =       35.5234
 VDWAALS =       -0.9417  EEL     =        6.5263  HBOND      =        0.0000
 1-4 VDW =        2.9659  1-4 EEL =      -72.0713  RESTRAINT  =        0.0000


   NSTEP       ENERGY          RMS            GMAX         NAME    NUMBER
     89      -8.4100E+00     1.7693E+00     6.2358E+00     C7         14

 BOND    =        1.9674  ANGLE   =       17.4304  DIHED      =       35.5765
 VDWAALS =       -0.9903  EEL     =        6.5082  HBOND      =        0.0000
 1-4 VDW =        2.9399  1-4 EEL =      -71.8422  RESTRAINT  =        0.0000


   NSTEP       ENERGY          RMS            GMAX         NAME    NUMBER
     90      -8.5727E+00     1.3706E+00     3.6841E+00     H12        19

 BOND    =        1.8474  ANGLE   =       17.7057  DIHED      =       35.4418
 VDWAALS =       -0.9559  EEL     =        6.4316  HBOND      =        0.0000
 1-4 VDW =        2.9515  1-4 EEL =      -71.9948  RESTRAINT  =        0.0000


   NSTEP       ENERGY          RMS            GMAX         NAME    NUMBER
     91      -8.6048E+00     1.9814E+00     5.5707E+00     O12         4

 BOND    =        1.8051  ANGLE   =       17.9250  DIHED      =       35.3540
 VDWAALS =       -0.9311  EEL     =        6.3798  HBOND      =        0.0000
 1-4 VDW =        2.9604  1-4 EEL =      -72.0980  RESTRAINT  =        0.0000


   NSTEP       ENERGY          RMS            GMAX         NAME    NUMBER
     92      -8.7678E+00     1.9767E+00     6.0486E+00     C7         14

 BOND    =        1.6207  ANGLE   =       18.2405  DIHED      =       35.1925
 VDWAALS =       -0.8085  EEL     =        6.3625  HBOND      =        0.0000
 1-4 VDW =        3.0235  1-4 EEL =      -72.3989  RESTRAINT  =        0.0000


   NSTEP       ENERGY          RMS            GMAX         NAME    NUMBER
     93      -8.7733E+00     1.6534E+00     5.4255E+00     S1          3

 BOND    =        1.6281  ANGLE   =       18.1853  DIHED      =       35.2158
 VDWAALS =       -0.8277  EEL     =        6.3652  HBOND      =        0.0000
 1-4 VDW =        3.0136  1-4 EEL =      -72.3535  RESTRAINT  =        0.0000


   NSTEP       ENERGY          RMS            GMAX         NAME    NUMBER
     94      -8.8876E+00     1.8919E+00     6.4774E+00     C6         13

 BOND    =        1.7184  ANGLE   =       18.2063  DIHED      =       35.1706
 VDWAALS =       -0.7439  EEL     =        6.2434  HBOND      =        0.0000
 1-4 VDW =        3.0500  1-4 EEL =      -72.5324  RESTRAINT  =        0.0000


   NSTEP       ENERGY          RMS            GMAX         NAME    NUMBER
     95      -8.8877E+00     1.8543E+00     6.2870E+00     C6         13

 BOND    =        1.7150  ANGLE   =       18.2052  DIHED      =       35.1714
 VDWAALS =       -0.7456  EEL     =        6.2459  HBOND      =        0.0000
 1-4 VDW =        3.0492  1-4 EEL =      -72.5288  RESTRAINT  =        0.0000


   NSTEP       ENERGY          RMS            GMAX         NAME    NUMBER
     96      -9.0576E+00     1.2180E+00     4.2159E+00     H12        19

 BOND    =        1.7608  ANGLE   =       18.2958  DIHED      =       35.0623
 VDWAALS =       -0.6580  EEL     =        6.1140  HBOND      =        0.0000
 1-4 VDW =        3.0730  1-4 EEL =      -72.7055  RESTRAINT  =        0.0000


   NSTEP       ENERGY          RMS            GMAX         NAME    NUMBER
     97      -9.1088E+00     1.5619E+00     5.3002E+00     C5         12

 BOND    =        1.8529  ANGLE   =       18.4269  DIHED      =       34.9639
 VDWAALS =       -0.5722  EEL     =        5.9914  HBOND      =        0.0000
 1-4 VDW =        3.0975  1-4 EEL =      -72.8692  RESTRAINT  =        0.0000


   NSTEP       ENERGY          RMS            GMAX         NAME    NUMBER
     98      -9.1083E+00     2.5338E+00     7.1812E+00     C5         12

 BOND    =        1.7817  ANGLE   =       18.7564  DIHED      =       34.7426
 VDWAALS =       -0.4246  EEL     =        5.9531  HBOND      =        0.0000
 1-4 VDW =        3.1159  1-4 EEL =      -73.0336  RESTRAINT  =        0.0000


   NSTEP       ENERGY          RMS            GMAX         NAME    NUMBER
     99      -9.1876E+00     9.6099E-01     2.9463E+00     S1          3

 BOND    =        1.7588  ANGLE   =       18.5715  DIHED      =       34.8546
 VDWAALS =       -0.5002  EEL     =        5.9725  HBOND      =        0.0000
 1-4 VDW =        3.1060  1-4 EEL =      -72.9508  RESTRAINT  =        0.0000


   NSTEP       ENERGY          RMS            GMAX         NAME    NUMBER
    100      -9.2296E+00     7.2725E-01     2.7247E+00     H12        19

 BOND    =        1.7356  ANGLE   =       18.6093  DIHED      =       34.8361
 VDWAALS =       -0.5030  EEL     =        5.9873  HBOND      =        0.0000
 1-4 VDW =        3.0917  1-4 EEL =      -72.9865  RESTRAINT  =        0.0000


  Maximum number of minimization cycles reached.


                    FINAL RESULTS



   NSTEP       ENERGY          RMS            GMAX         NAME    NUMBER
    100      -9.2296E+00     7.2725E-01     2.7247E+00     H12        19

 BOND    =        1.7356  ANGLE   =       18.6093  DIHED      =       34.8361
 VDWAALS =       -0.5030  EEL     =        5.9873  HBOND      =        0.0000
 1-4 VDW =        3.0917  1-4 EEL =      -72.9865  RESTRAINT  =        0.0000

--------------------------------------------------------------------------------
   5.  TIMINGS
--------------------------------------------------------------------------------

|    Read coords time           0.00 ( 0.76% of Total)
|    Fast Water setup           0.00 ( 0.03% of Total)
|                Build the list             0.00 (93.38% of List )
|                Other                      0.00 ( 6.62% of List )
|             List time                  0.00 ( 6.76% of Nonbo)
|                   Short_ene time             0.01 (98.56% of Direc)
|                   Other                      0.00 ( 1.44% of Direc)
|                Direct Ewald time          0.01 (91.02% of Ewald)
|                Force Adjust               0.00 ( 0.29% of Ewald)
|                Virial junk                0.00 ( 0.36% of Ewald)
|                Start synchronizatio       0.00 ( 0.35% of Ewald)
|                Other                      0.00 ( 7.98% of Ewald)
|             Ewald time                 0.01 (92.14% of Nonbo)
|             IPS excludes               0.00 ( 0.17% of Nonbo)
|             Other                      0.00 ( 0.94% of Nonbo)
|          Nonbond force              0.01 (67.08% of Force)
|          Bond/Angle/Dihedral        0.00 (31.35% of Force)
|          Other                      0.00 ( 1.57% of Force)
|       Force time                 0.01 (100.0% of Runmd)
|    Runmd Time                 0.01 (45.95% of Total)
|    Other                      0.01 (53.27% of Total)
| Total time                 0.03 (99.75% of ALL  )

| Number of list builds   :          1

| Highest rstack allocated:        110
| Highest istack allocated:         22
|           Job began  at 14:52:49.213  on 05/22/2015
|           Setup done at 14:52:49.216  on 05/22/2015
|           Run   done at 14:52:49.239  on 05/22/2015
|     wallclock() was called    2335 times
