
          -------------------------------------------------------
          Amber 14 SANDER                              2014
          -------------------------------------------------------

| Run on 12/05/2014 at 22:55:45

|   Executable path: sander
| Working directory: /net/casegroup2/u2/pjanowsk/Phenix/AmberLibrary/x
|          Hostname: krakow

  [-O]verwriting output

File Assignments:
|  MDIN: sander.in                                                             
| MDOUT: X36.min.out                                                           
|INPCRD: X36.rst7                                                              
|  PARM: X36.prmtop                                                            
|RESTRT: X36.min.rst7                                                          
|  REFC: refc                                                                  
| MDVEL: mdvel                                                                 
| MDFRC: mdfrc                                                                 
|  MDEN: mden                                                                  
| MDCRD: mdcrd                                                                 
|MDINFO: mdinfo                                                                
|  MTMD: mtmd                                                                  
|INPDIP: inpdip                                                                
|RSTDIP: rstdip                                                                
|INPTRA: inptraj                                                               


 Here is the input file:

  short minimization                                                           
 &cntrl                                                                        
   imin=1, maxcyc=100, ncyc=50, ntpr=1, cut=99., ntb=0,                        
 /                                                                             

--------------------------------------------------------------------------------
   1.  RESOURCE   USE: 
--------------------------------------------------------------------------------

| Flags:                                                                        
|    NONPERIODIC   ntb=0 and igb=0: Setting up nonperiodic simulation
|  *** cutoff > system size, list only builds once
|Largest sphere to fit in unit cell has radius =    33.297
| New format PARM file being parsed.
| Version =    1.000 Date = 12/05/14 Time = 22:55:45
 NATOM  =      36 NTYPES =       6 NBONH =      15 MBONA  =      23
 NTHETH =      31 MTHETA =      31 NPHIH =      56 MPHIA  =      46
 NHPARM =       0 NPARM  =       0 NNB   =     179 NRES   =       1
 NBONA  =      23 NTHETA =      31 NPHIA =      46 NUMBND =      13
 NUMANG =      23 NPTRA  =      10 NATYP =      10 NPHB   =       0
 IFBOX  =       0 NMXRS  =      36 IFCAP =       0 NEXTRA =       0
 NCOPY  =       0


|     Memory Use     Allocated
|     Real                7137
|     Hollerith            111
|     Integer            26061
|     Max Pairs            630
|     nblistReal           432
|     nblist Int       1060955
|       Total             4308 kbytes

| Note: 1-4 EEL scale factors are being read from the topology file.

| Note: 1-4 VDW scale factors are being read from the topology file.
| Duplicated    0 dihedrals
| Duplicated    0 dihedrals

--------------------------------------------------------------------------------
   2.  CONTROL  DATA  FOR  THE  RUN
--------------------------------------------------------------------------------

X36                                                                             

General flags:
     imin    =       1, nmropt  =       0

Nature and format of input:
     ntx     =       1, irest   =       0, ntrx    =       1

Nature and format of output:
     ntxo    =       1, ntpr    =       1, ntrx    =       1, ntwr    =     500
     iwrap   =       0, ntwx    =       0, ntwv    =       0, ntwe    =       0
     ioutfm  =       0, ntwprt  =       0, idecomp =       0, rbornstat=      0

Potential function:
     ntf     =       1, ntb     =       0, igb     =       0, nsnb    =      25
     ipol    =       0, gbsa    =       0, iesp    =       0
     dielc   =   1.00000, cut     =  99.00000, intdiel =   1.00000

Frozen or restrained atoms:
     ibelly  =       0, ntr     =       0

Energy minimization:
     maxcyc  =     100, ncyc    =      50, ntmin   =       1
     dx0     =   0.01000, drms    =   0.00010
|  INFO: Old style inpcrd file read


--------------------------------------------------------------------------------
   3.  ATOMIC COORDINATES AND VELOCITIES
--------------------------------------------------------------------------------

X36                                                                             
 begin time read from input coords =     0.000 ps

 Number of triangulated 3-point waters found:        0

     Sum of charges from parm topology file =   2.00000000

--------------------------------------------------------------------------------
   4.  RESULTS
--------------------------------------------------------------------------------

 ---------------------------------------------------

     eedmeth=4: Setting switch to one everywhere

 ---------------------------------------------------
| Local SIZE OF NONBOND LIST =        455
| TOTAL SIZE OF NONBOND LIST =        455


   NSTEP       ENERGY          RMS            GMAX         NAME    NUMBER
      1      -6.4149E+00     1.8844E+01     7.8428E+01     C4          4

 BOND    =        8.5831  ANGLE   =       12.4691  DIHED      =       13.2237
 VDWAALS =        9.2133  EEL     =      258.6890  HBOND      =        0.0000
 1-4 VDW =        9.6876  1-4 EEL =     -318.2807  RESTRAINT  =        0.0000


   NSTEP       ENERGY          RMS            GMAX         NAME    NUMBER
      2      -8.6222E+00     1.6578E+01     6.7907E+01     C4          4

 BOND    =        6.9864  ANGLE   =       12.0975  DIHED      =       13.2038
 VDWAALS =        8.9779  EEL     =      258.8503  HBOND      =        0.0000
 1-4 VDW =        9.6780  1-4 EEL =     -318.4161  RESTRAINT  =        0.0000


   NSTEP       ENERGY          RMS            GMAX         NAME    NUMBER
      3      -1.0906E+01     1.3984E+01     5.5345E+01     C4          4

 BOND    =        5.3990  ANGLE   =       11.7101  DIHED      =       13.1778
 VDWAALS =        8.6772  EEL     =      259.0419  HBOND      =        0.0000
 1-4 VDW =        9.6682  1-4 EEL =     -318.5800  RESTRAINT  =        0.0000


   NSTEP       ENERGY          RMS            GMAX         NAME    NUMBER
      4      -1.3152E+01     1.1112E+01     4.0914E+01     S13        13

 BOND    =        3.9454  ANGLE   =       11.3264  DIHED      =       13.1430
 VDWAALS =        8.2858  EEL     =      259.2670  HBOND      =        0.0000
 1-4 VDW =        9.6590  1-4 EEL =     -318.7782  RESTRAINT  =        0.0000


   NSTEP       ENERGY          RMS            GMAX         NAME    NUMBER
      5      -1.5209E+01     8.1756E+00     2.8545E+01     S13        13

 BOND    =        2.7962  ANGLE   =       10.9730  DIHED      =       13.0961
 VDWAALS =        7.7645  EEL     =      259.5241  HBOND      =        0.0000
 1-4 VDW =        9.6522  1-4 EEL =     -319.0156  RESTRAINT  =        0.0000


   NSTEP       ENERGY          RMS            GMAX         NAME    NUMBER
      6      -1.6958E+01     5.7482E+00     2.4312E+01     H11        28

 BOND    =        2.1210  ANGLE   =       10.6717  DIHED      =       13.0341
 VDWAALS =        7.0584  EEL     =      259.7945  HBOND      =        0.0000
 1-4 VDW =        9.6509  1-4 EEL =     -319.2884  RESTRAINT  =        0.0000


   NSTEP       ENERGY          RMS            GMAX         NAME    NUMBER
      7      -1.8473E+01     4.3826E+00     2.0361E+01     H11        28

 BOND    =        1.8967  ANGLE   =       10.4003  DIHED      =       12.9666
 VDWAALS =        6.1532  EEL     =      260.0079  HBOND      =        0.0000
 1-4 VDW =        9.6596  1-4 EEL =     -319.5570  RESTRAINT  =        0.0000


   NSTEP       ENERGY          RMS            GMAX         NAME    NUMBER
      8      -1.9910E+01     3.4376E+00     1.6063E+01     H11        28

 BOND    =        1.7829  ANGLE   =       10.1362  DIHED      =       12.9387
 VDWAALS =        5.2240  EEL     =      260.1070  HBOND      =        0.0000
 1-4 VDW =        9.6781  1-4 EEL =     -319.7765  RESTRAINT  =        0.0000


   NSTEP       ENERGY          RMS            GMAX         NAME    NUMBER
      9      -2.1235E+01     2.6298E+00     1.1671E+01     H11        28

 BOND    =        1.5469  ANGLE   =       10.0090  DIHED      =       12.9885
 VDWAALS =        4.3693  EEL     =      260.2715  HBOND      =        0.0000
 1-4 VDW =        9.6921  1-4 EEL =     -320.1122  RESTRAINT  =        0.0000


   NSTEP       ENERGY          RMS            GMAX         NAME    NUMBER
     10      -2.2375E+01     2.4136E+00     9.5365E+00     S13        13

 BOND    =        1.6170  ANGLE   =        9.9623  DIHED      =       13.0915
 VDWAALS =        3.5503  EEL     =      260.2467  HBOND      =        0.0000
 1-4 VDW =        9.6812  1-4 EEL =     -320.5243  RESTRAINT  =        0.0000


   NSTEP       ENERGY          RMS            GMAX         NAME    NUMBER
     11      -2.2101E+01     7.7274E+00     2.5319E+01     C2          2

 BOND    =        1.7705  ANGLE   =       10.7818  DIHED      =       13.3182
 VDWAALS =        3.0218  EEL     =      260.5431  HBOND      =        0.0000
 1-4 VDW =        9.5960  1-4 EEL =     -321.1318  RESTRAINT  =        0.0000


   NSTEP       ENERGY          RMS            GMAX         NAME    NUMBER
     12      -2.3389E+01     1.7275E+00     6.8664E+00     S13        13

 BOND    =        1.4324  ANGLE   =       10.0557  DIHED      =       13.3035
 VDWAALS =        2.9121  EEL     =      260.3371  HBOND      =        0.0000
 1-4 VDW =        9.6110  1-4 EEL =     -321.0403  RESTRAINT  =        0.0000


   NSTEP       ENERGY          RMS            GMAX         NAME    NUMBER
     13      -2.3530E+01     4.4585E+00     1.7214E+01     C2          2

 BOND    =        1.8460  ANGLE   =       10.3931  DIHED      =       13.4024
 VDWAALS =        2.6253  EEL     =      259.9085  HBOND      =        0.0000
 1-4 VDW =        9.5170  1-4 EEL =     -321.2219  RESTRAINT  =        0.0000


   NSTEP       ENERGY          RMS            GMAX         NAME    NUMBER
     14      -2.2903E+01     8.0935E+00     2.7453E+01     C2          2

 BOND    =        2.2432  ANGLE   =       10.0441  DIHED      =       13.4921
 VDWAALS =        2.5247  EEL     =      260.6456  HBOND      =        0.0000
 1-4 VDW =        9.5793  1-4 EEL =     -321.4317  RESTRAINT  =        0.0000


   NSTEP       ENERGY          RMS            GMAX         NAME    NUMBER
     15      -2.4034E+01     2.0042E+00     6.0461E+00     C2          2

 BOND    =        1.4637  ANGLE   =       10.0635  DIHED      =       13.4955
 VDWAALS =        2.5000  EEL     =      260.3002  HBOND      =        0.0000
 1-4 VDW =        9.5286  1-4 EEL =     -321.3853  RESTRAINT  =        0.0000


   NSTEP       ENERGY          RMS            GMAX         NAME    NUMBER
     16      -2.3940E+01     4.4661E+00     1.7367E+01     C2          2

 BOND    =        1.8389  ANGLE   =       10.3980  DIHED      =       13.5340
 VDWAALS =        2.3710  EEL     =      259.8463  HBOND      =        0.0000
 1-4 VDW =        9.4657  1-4 EEL =     -321.3936  RESTRAINT  =        0.0000


   NSTEP       ENERGY          RMS            GMAX         NAME    NUMBER
     17      -2.4312E+01     1.3357E+00     5.1360E+00     S13        13

 BOND    =        1.5336  ANGLE   =       10.1579  DIHED      =       13.5548
 VDWAALS =        2.3512  EEL     =      260.0722  HBOND      =        0.0000
 1-4 VDW =        9.4799  1-4 EEL =     -321.4610  RESTRAINT  =        0.0000


   NSTEP       ENERGY          RMS            GMAX         NAME    NUMBER
     18      -2.4434E+01     1.8222E+00     6.4733E+00     C2          2

 BOND    =        1.4671  ANGLE   =       10.0752  DIHED      =       13.6208
 VDWAALS =        2.2686  EEL     =      260.2429  HBOND      =        0.0000
 1-4 VDW =        9.4723  1-4 EEL =     -321.5808  RESTRAINT  =        0.0000


   NSTEP       ENERGY          RMS            GMAX         NAME    NUMBER
     19      -2.4460E+01     2.9106E+00     1.2795E+01     C2          2

 BOND    =        1.6606  ANGLE   =       10.2887  DIHED      =       13.6452
 VDWAALS =        2.1809  EEL     =      259.8820  HBOND      =        0.0000
 1-4 VDW =        9.4348  1-4 EEL =     -321.5523  RESTRAINT  =        0.0000


   NSTEP       ENERGY          RMS            GMAX         NAME    NUMBER
     20      -2.4480E+01     3.5083E+00     1.3851E+01     C2          2

 BOND    =        1.6309  ANGLE   =        9.9884  DIHED      =       13.6887
 VDWAALS =        2.1516  EEL     =      260.3099  HBOND      =        0.0000
 1-4 VDW =        9.4503  1-4 EEL =     -321.7004  RESTRAINT  =        0.0000


   NSTEP       ENERGY          RMS            GMAX         NAME    NUMBER
     21      -2.4431E+01     4.4414E+00     1.8153E+01     C2          2

 BOND    =        1.7475  ANGLE   =       10.4321  DIHED      =       13.7089
 VDWAALS =        2.0857  EEL     =      259.8237  HBOND      =        0.0000
 1-4 VDW =        9.4100  1-4 EEL =     -321.6390  RESTRAINT  =        0.0000


   NSTEP       ENERGY          RMS            GMAX         NAME    NUMBER
     22      -2.4793E+01     1.0469E+00     4.1764E+00     S13        13

 BOND    =        1.5063  ANGLE   =       10.1420  DIHED      =       13.7212
 VDWAALS =        2.0764  EEL     =      260.0318  HBOND      =        0.0000
 1-4 VDW =        9.4200  1-4 EEL =     -321.6903  RESTRAINT  =        0.0000


   NSTEP       ENERGY          RMS            GMAX         NAME    NUMBER
     23      -2.4905E+01     1.6848E+00     5.7359E+00     C2          2

 BOND    =        1.5028  ANGLE   =       10.0453  DIHED      =       13.7778
 VDWAALS =        2.0029  EEL     =      260.1667  HBOND      =        0.0000
 1-4 VDW =        9.4074  1-4 EEL =     -321.8084  RESTRAINT  =        0.0000


   NSTEP       ENERGY          RMS            GMAX         NAME    NUMBER
     24      -2.4842E+01     3.4239E+00     1.3701E+01     C2          2

 BOND    =        1.6488  ANGLE   =       10.3669  DIHED      =       13.8090
 VDWAALS =        1.9259  EEL     =      259.7932  HBOND      =        0.0000
 1-4 VDW =        9.3789  1-4 EEL =     -321.7646  RESTRAINT  =        0.0000


   NSTEP       ENERGY          RMS            GMAX         NAME    NUMBER
     25      -2.5059E+01     1.0475E+00     3.7133E+00     S13        13

 BOND    =        1.5119  ANGLE   =       10.1370  DIHED      =       13.8190
 VDWAALS =        1.9253  EEL     =      259.9834  HBOND      =        0.0000
 1-4 VDW =        9.3854  1-4 EEL =     -321.8209  RESTRAINT  =        0.0000


   NSTEP       ENERGY          RMS            GMAX         NAME    NUMBER
     26      -2.5125E+01     1.4887E+00     5.0185E+00     C2          2

 BOND    =        1.4891  ANGLE   =       10.0460  DIHED      =       13.8535
 VDWAALS =        1.8883  EEL     =      260.1327  HBOND      =        0.0000
 1-4 VDW =        9.3807  1-4 EEL =     -321.9151  RESTRAINT  =        0.0000


   NSTEP       ENERGY          RMS            GMAX         NAME    NUMBER
     27      -2.5143E+01     2.2442E+00     8.9594E+00     C2          2

 BOND    =        1.5474  ANGLE   =       10.2522  DIHED      =       13.8764
 VDWAALS =        1.8356  EEL     =      259.8643  HBOND      =        0.0000
 1-4 VDW =        9.3617  1-4 EEL =     -321.8804  RESTRAINT  =        0.0000


   NSTEP       ENERGY          RMS            GMAX         NAME    NUMBER
     28      -2.5163E+01     2.6336E+00     1.1488E+01     C2          2

 BOND    =        1.5996  ANGLE   =        9.9387  DIHED      =       13.8975
 VDWAALS =        1.8290  EEL     =      260.1889  HBOND      =        0.0000
 1-4 VDW =        9.3723  1-4 EEL =     -321.9886  RESTRAINT  =        0.0000


   NSTEP       ENERGY          RMS            GMAX         NAME    NUMBER
     29      -2.5143E+01     3.3067E+00     1.4546E+01     C2          2

 BOND    =        1.5647  ANGLE   =       10.3743  DIHED      =       13.9145
 VDWAALS =        1.7799  EEL     =      259.8199  HBOND      =        0.0000
 1-4 VDW =        9.3453  1-4 EEL =     -321.9421  RESTRAINT  =        0.0000


   NSTEP       ENERGY          RMS            GMAX         NAME    NUMBER
     30      -2.5346E+01     8.3414E-01     3.0225E+00     S13        13

 BOND    =        1.4795  ANGLE   =       10.1094  DIHED      =       13.9224
 VDWAALS =        1.7811  EEL     =      259.9912  HBOND      =        0.0000
 1-4 VDW =        9.3540  1-4 EEL =     -321.9836  RESTRAINT  =        0.0000


   NSTEP       ENERGY          RMS            GMAX         NAME    NUMBER
     31      -2.5423E+01     1.2135E+00     4.2507E+00     C2          2

 BOND    =        1.4855  ANGLE   =       10.0246  DIHED      =       13.9558
 VDWAALS =        1.7414  EEL     =      260.0839  HBOND      =        0.0000
 1-4 VDW =        9.3486  1-4 EEL =     -322.0631  RESTRAINT  =        0.0000


   NSTEP       ENERGY          RMS            GMAX         NAME    NUMBER
     32      -2.5407E+01     2.5031E+00     1.0182E+01     C2          2

 BOND    =        1.5194  ANGLE   =       10.2734  DIHED      =       13.9815
 VDWAALS =        1.6940  EEL     =      259.8405  HBOND      =        0.0000
 1-4 VDW =        9.3290  1-4 EEL =     -322.0452  RESTRAINT  =        0.0000


   NSTEP       ENERGY          RMS            GMAX         NAME    NUMBER
     33      -2.5525E+01     8.0933E-01     2.7033E+00     S13        13

 BOND    =        1.4714  ANGLE   =       10.0939  DIHED      =       13.9870
 VDWAALS =        1.6943  EEL     =      259.9788  HBOND      =        0.0000
 1-4 VDW =        9.3356  1-4 EEL =     -322.0862  RESTRAINT  =        0.0000


   NSTEP       ENERGY          RMS            GMAX         NAME    NUMBER
     34      -2.5578E+01     1.0220E+00     3.1905E+00     C2          2

 BOND    =        1.4635  ANGLE   =       10.0278  DIHED      =       14.0074
 VDWAALS =        1.6719  EEL     =      260.0672  HBOND      =        0.0000
 1-4 VDW =        9.3333  1-4 EEL =     -322.1487  RESTRAINT  =        0.0000


   NSTEP       ENERGY          RMS            GMAX         NAME    NUMBER
     35      -2.5604E+01     1.6120E+00     5.8745E+00     C2          2

 BOND    =        1.4729  ANGLE   =       10.1734  DIHED      =       14.0268
 VDWAALS =        1.6390  EEL     =      259.9027  HBOND      =        0.0000
 1-4 VDW =        9.3205  1-4 EEL =     -322.1391  RESTRAINT  =        0.0000


   NSTEP       ENERGY          RMS            GMAX         NAME    NUMBER
     36      -2.5618E+01     2.0088E+00     8.7150E+00     C2          2

 BOND    =        1.5348  ANGLE   =        9.9264  DIHED      =       14.0393
 VDWAALS =        1.6343  EEL     =      260.1365  HBOND      =        0.0000
 1-4 VDW =        9.3307  1-4 EEL =     -322.2201  RESTRAINT  =        0.0000


   NSTEP       ENERGY          RMS            GMAX         NAME    NUMBER
     37      -2.5623E+01     2.4221E+00     1.0412E+01     C2          2

 BOND    =        1.4678  ANGLE   =       10.2651  DIHED      =       14.0519
 VDWAALS =        1.6038  EEL     =      259.8656  HBOND      =        0.0000
 1-4 VDW =        9.3091  1-4 EEL =     -322.1862  RESTRAINT  =        0.0000


   NSTEP       ENERGY          RMS            GMAX         NAME    NUMBER
     38      -2.5610E+01     2.9379E+00     1.3683E+01     C2          2

 BOND    =        1.6437  ANGLE   =        9.8337  DIHED      =       14.0640
 VDWAALS =        1.6072  EEL     =      260.1815  HBOND      =        0.0000
 1-4 VDW =        9.3302  1-4 EEL =     -322.2701  RESTRAINT  =        0.0000


   NSTEP       ENERGY          RMS            GMAX         NAME    NUMBER
     39      -2.5769E+01     7.0271E-01     2.3558E+00     S13        13

 BOND    =        1.4443  ANGLE   =       10.0336  DIHED      =       14.0680
 VDWAALS =        1.5919  EEL     =      260.0293  HBOND      =        0.0000
 1-4 VDW =        9.3163  1-4 EEL =     -322.2526  RESTRAINT  =        0.0000


   NSTEP       ENERGY          RMS            GMAX         NAME    NUMBER
     40      -2.5829E+01     1.0481E+00     3.6601E+00     C4          4

 BOND    =        1.4286  ANGLE   =       10.1078  DIHED      =       14.0914
 VDWAALS =        1.5604  EEL     =      259.9594  HBOND      =        0.0000
 1-4 VDW =        9.3059  1-4 EEL =     -322.2828  RESTRAINT  =        0.0000


   NSTEP       ENERGY          RMS            GMAX         NAME    NUMBER
     41      -2.5808E+01     2.3069E+00     1.0206E+01     C2          2

 BOND    =        1.5504  ANGLE   =        9.8705  DIHED      =       14.1071
 VDWAALS =        1.5486  EEL     =      260.1638  HBOND      =        0.0000
 1-4 VDW =        9.3168  1-4 EEL =     -322.3651  RESTRAINT  =        0.0000


   NSTEP       ENERGY          RMS            GMAX         NAME    NUMBER
     42      -2.5906E+01     7.2506E-01     2.1663E+00     S13        13

 BOND    =        1.4305  ANGLE   =       10.0098  DIHED      =       14.1109
 VDWAALS =        1.5385  EEL     =      260.0464  HBOND      =        0.0000
 1-4 VDW =        9.3064  1-4 EEL =     -322.3484  RESTRAINT  =        0.0000


   NSTEP       ENERGY          RMS            GMAX         NAME    NUMBER
     43      -2.5942E+01     9.9605E-01     3.4042E+00     C4          4

 BOND    =        1.4176  ANGLE   =       10.0885  DIHED      =       14.1249
 VDWAALS =        1.5191  EEL     =      259.9693  HBOND      =        0.0000
 1-4 VDW =        9.2982  1-4 EEL =     -322.3599  RESTRAINT  =        0.0000


   NSTEP       ENERGY          RMS            GMAX         NAME    NUMBER
     44      -2.5956E+01     1.5230E+00     6.4440E+00     C2          2

 BOND    =        1.4756  ANGLE   =        9.9175  DIHED      =       14.1348
 VDWAALS =        1.5115  EEL     =      260.1182  HBOND      =        0.0000
 1-4 VDW =        9.3064  1-4 EEL =     -322.4204  RESTRAINT  =        0.0000


   NSTEP       ENERGY          RMS            GMAX         NAME    NUMBER
     45      -2.5971E+01     1.7774E+00     7.3485E+00     C2          2

 BOND    =        1.4070  ANGLE   =       10.1715  DIHED      =       14.1436
 VDWAALS =        1.4928  EEL     =      259.9247  HBOND      =        0.0000
 1-4 VDW =        9.2889  1-4 EEL =     -322.3992  RESTRAINT  =        0.0000


   NSTEP       ENERGY          RMS            GMAX         NAME    NUMBER
     46      -2.5970E+01     2.2002E+00     1.0062E+01     C2          2

 BOND    =        1.5414  ANGLE   =        9.8428  DIHED      =       14.1513
 VDWAALS =        1.4943  EEL     =      260.1597  HBOND      =        0.0000
 1-4 VDW =        9.3071  1-4 EEL =     -322.4665  RESTRAINT  =        0.0000


   NSTEP       ENERGY          RMS            GMAX         NAME    NUMBER
     47      -2.6061E+01     6.2080E-01     1.8737E+00     S13        13

 BOND    =        1.4111  ANGLE   =       10.0014  DIHED      =       14.1541
 VDWAALS =        1.4842  EEL     =      260.0454  HBOND      =        0.0000
 1-4 VDW =        9.2959  1-4 EEL =     -322.4531  RESTRAINT  =        0.0000


   NSTEP       ENERGY          RMS            GMAX         NAME    NUMBER
     48      -2.6105E+01     7.7741E-01     2.5823E+00     C4          4

 BOND    =        1.3949  ANGLE   =       10.0497  DIHED      =       14.1674
 VDWAALS =        1.4669  EEL     =      260.0041  HBOND      =        0.0000
 1-4 VDW =        9.2894  1-4 EEL =     -322.4779  RESTRAINT  =        0.0000


   NSTEP       ENERGY          RMS            GMAX         NAME    NUMBER
     49      -2.6120E+01     1.5068E+00     6.4224E+00     C2          2

 BOND    =        1.4600  ANGLE   =        9.8938  DIHED      =       14.1779
 VDWAALS =        1.4570  EEL     =      260.1321  HBOND      =        0.0000
 1-4 VDW =        9.2972  1-4 EEL =     -322.5384  RESTRAINT  =        0.0000


   NSTEP       ENERGY          RMS            GMAX         NAME    NUMBER
     50      -2.6123E+01     1.9045E+00     8.0094E+00     C2          2

 BOND    =        1.3870  ANGLE   =       10.1680  DIHED      =       14.1852
 VDWAALS =        1.4409  EEL     =      259.9339  HBOND      =        0.0000
 1-4 VDW =        9.2783  1-4 EEL =     -322.5162  RESTRAINT  =        0.0000


   NSTEP       ENERGY          RMS            GMAX         NAME    NUMBER
     51      -2.6123E+01     2.2405E+00     1.0240E+01     C2          2

 BOND    =        1.5299  ANGLE   =        9.8166  DIHED      =       14.1907
 VDWAALS =        1.4442  EEL     =      260.1796  HBOND      =        0.0000
 1-4 VDW =        9.2991  1-4 EEL =     -322.5833  RESTRAINT  =        0.0000


   NSTEP       ENERGY          RMS            GMAX         NAME    NUMBER
     52      -2.4507E+01     9.9590E+00     4.6012E+01     C2          2

 BOND    =        2.4807  ANGLE   =       11.2130  DIHED      =       14.2055
 VDWAALS =        1.3902  EEL     =      259.4675  HBOND      =        0.0000
 1-4 VDW =        9.2336  1-4 EEL =     -322.4971  RESTRAINT  =        0.0000


   NSTEP       ENERGY          RMS            GMAX         NAME    NUMBER
     53      -2.6219E+01     5.8016E-01     1.6247E+00     HN3A       23

 BOND    =        1.3809  ANGLE   =       10.0106  DIHED      =       14.1933
 VDWAALS =        1.4337  EEL     =      260.0435  HBOND      =        0.0000
 1-4 VDW =        9.2854  1-4 EEL =     -322.5663  RESTRAINT  =        0.0000


   NSTEP       ENERGY          RMS            GMAX         NAME    NUMBER
     54      -2.6232E+01     5.7603E-01     1.6167E+00     HN3A       23

 BOND    =        1.3818  ANGLE   =       10.0064  DIHED      =       14.1964
 VDWAALS =        1.4302  EEL     =      260.0437  HBOND      =        0.0000
 1-4 VDW =        9.2847  1-4 EEL =     -322.5753  RESTRAINT  =        0.0000


   NSTEP       ENERGY          RMS            GMAX         NAME    NUMBER
     55      -2.6348E+01     6.5556E-01     1.9965E+00     C14        14

 BOND    =        1.3938  ANGLE   =        9.9693  DIHED      =       14.2256
 VDWAALS =        1.3990  EEL     =      260.0452  HBOND      =        0.0000
 1-4 VDW =        9.2782  1-4 EEL =     -322.6586  RESTRAINT  =        0.0000


   NSTEP       ENERGY          RMS            GMAX         NAME    NUMBER
     56      -2.6925E+01     3.9389E+00     1.3650E+01     C2          2

 BOND    =        1.8156  ANGLE   =        9.7058  DIHED      =       14.5973
 VDWAALS =        1.1859  EEL     =      260.0320  HBOND      =        0.0000
 1-4 VDW =        9.2083  1-4 EEL =     -323.4698  RESTRAINT  =        0.0000


   NSTEP       ENERGY          RMS            GMAX         NAME    NUMBER
     57      -2.7575E+01     9.5090E-01     3.1795E+00     S13        13

 BOND    =        1.2721  ANGLE   =        9.9971  DIHED      =       15.1407
 VDWAALS =        1.0876  EEL     =      260.2993  HBOND      =        0.0000
 1-4 VDW =        9.1436  1-4 EEL =     -324.5151  RESTRAINT  =        0.0000


   NSTEP       ENERGY          RMS            GMAX         NAME    NUMBER
     58      -2.7576E+01     8.7190E-01     3.1215E+00     S13        13

 BOND    =        1.2822  ANGLE   =        9.9765  DIHED      =       15.1135
 VDWAALS =        1.0872  EEL     =      260.2889  HBOND      =        0.0000
 1-4 VDW =        9.1466  1-4 EEL =     -324.4709  RESTRAINT  =        0.0000


   NSTEP       ENERGY          RMS            GMAX         NAME    NUMBER
     59      -2.7618E+01     7.8428E-01     3.4149E+00     S13        13

 BOND    =        1.2069  ANGLE   =        9.9964  DIHED      =       15.1329
 VDWAALS =        1.0688  EEL     =      260.3828  HBOND      =        0.0000
 1-4 VDW =        9.1479  1-4 EEL =     -324.5534  RESTRAINT  =        0.0000


   NSTEP       ENERGY          RMS            GMAX         NAME    NUMBER
     60      -2.7623E+01     1.1131E+00     4.1954E+00     C2          2

 BOND    =        1.1793  ANGLE   =       10.0101  DIHED      =       15.1438
 VDWAALS =        1.0592  EEL     =      260.4330  HBOND      =        0.0000
 1-4 VDW =        9.1487  1-4 EEL =     -324.5974  RESTRAINT  =        0.0000


   NSTEP       ENERGY          RMS            GMAX         NAME    NUMBER
     61      -2.7702E+01     8.7046E-01     3.0582E+00     N3          3

 BOND    =        1.1672  ANGLE   =       10.0029  DIHED      =       15.1452
 VDWAALS =        0.9994  EEL     =      260.5186  HBOND      =        0.0000
 1-4 VDW =        9.1730  1-4 EEL =     -324.7080  RESTRAINT  =        0.0000


   NSTEP       ENERGY          RMS            GMAX         NAME    NUMBER
     62      -2.7758E+01     1.4138E+00     4.2908E+00     N1          1

 BOND    =        1.2072  ANGLE   =       10.0010  DIHED      =       15.1565
 VDWAALS =        0.8941  EEL     =      260.6722  HBOND      =        0.0000
 1-4 VDW =        9.2166  1-4 EEL =     -324.9056  RESTRAINT  =        0.0000


   NSTEP       ENERGY          RMS            GMAX         NAME    NUMBER
     63      -2.7879E+01     1.7804E+00     5.9470E+00     C14        14

 BOND    =        1.1749  ANGLE   =       10.1094  DIHED      =       15.1019
 VDWAALS =        0.7739  EEL     =      260.6746  HBOND      =        0.0000
 1-4 VDW =        9.3032  1-4 EEL =     -325.0173  RESTRAINT  =        0.0000


   NSTEP       ENERGY          RMS            GMAX         NAME    NUMBER
     64      -2.7881E+01     1.6184E+00     5.7128E+00     S13        13

 BOND    =        1.1695  ANGLE   =       10.0977  DIHED      =       15.1054
 VDWAALS =        0.7844  EEL     =      260.6745  HBOND      =        0.0000
 1-4 VDW =        9.2956  1-4 EEL =     -325.0077  RESTRAINT  =        0.0000


   NSTEP       ENERGY          RMS            GMAX         NAME    NUMBER
     65      -2.8071E+01     1.2491E+00     5.5317E+00     N3          3

 BOND    =        1.0812  ANGLE   =       10.0885  DIHED      =       15.0205
 VDWAALS =        0.7209  EEL     =      260.6828  HBOND      =        0.0000
 1-4 VDW =        9.3427  1-4 EEL =     -325.0074  RESTRAINT  =        0.0000


   NSTEP       ENERGY          RMS            GMAX         NAME    NUMBER
     66      -2.8143E+01     1.9051E+00     7.1352E+00     N3          3

 BOND    =        1.0443  ANGLE   =       10.1103  DIHED      =       14.9665
 VDWAALS =        0.6521  EEL     =      260.6905  HBOND      =        0.0000
 1-4 VDW =        9.3945  1-4 EEL =     -325.0007  RESTRAINT  =        0.0000


   NSTEP       ENERGY          RMS            GMAX         NAME    NUMBER
     67      -2.8366E+01     2.1160E+00     8.0643E+00     C5          5

 BOND    =        0.9923  ANGLE   =        9.7036  DIHED      =       15.0419
 VDWAALS =        0.5677  EEL     =      260.8031  HBOND      =        0.0000
 1-4 VDW =        9.3711  1-4 EEL =     -324.8454  RESTRAINT  =        0.0000


   NSTEP       ENERGY          RMS            GMAX         NAME    NUMBER
     68      -2.8372E+01     1.8158E+00     6.6576E+00     C5          5

 BOND    =        0.9810  ANGLE   =        9.7520  DIHED      =       15.0216
 VDWAALS =        0.5794  EEL     =      260.7881  HBOND      =        0.0000
 1-4 VDW =        9.3750  1-4 EEL =     -324.8688  RESTRAINT  =        0.0000


   NSTEP       ENERGY          RMS            GMAX         NAME    NUMBER
     69      -2.8486E+01     2.3923E+00     1.0823E+01     C5          5

 BOND    =        1.0193  ANGLE   =        9.6757  DIHED      =       15.1928
 VDWAALS =        0.5757  EEL     =      260.6076  HBOND      =        0.0000
 1-4 VDW =        9.2143  1-4 EEL =     -324.7713  RESTRAINT  =        0.0000


   NSTEP       ENERGY          RMS            GMAX         NAME    NUMBER
     70      -2.8517E+01     1.5380E+00     5.3049E+00     C5          5

 BOND    =        0.9614  ANGLE   =        9.6893  DIHED      =       15.1288
 VDWAALS =        0.5766  EEL     =      260.6657  HBOND      =        0.0000
 1-4 VDW =        9.2655  1-4 EEL =     -324.8044  RESTRAINT  =        0.0000


   NSTEP       ENERGY          RMS            GMAX         NAME    NUMBER
     71      -2.8659E+01     1.0788E+00     2.6738E+00     O12        12

 BOND    =        1.0919  ANGLE   =        9.5333  DIHED      =       15.1966
 VDWAALS =        0.6137  EEL     =      260.5900  HBOND      =        0.0000
 1-4 VDW =        9.1947  1-4 EEL =     -324.8792  RESTRAINT  =        0.0000


   NSTEP       ENERGY          RMS            GMAX         NAME    NUMBER
     72      -2.8682E+01     1.4540E+00     4.4491E+00     C2          2

 BOND    =        1.2084  ANGLE   =        9.4505  DIHED      =       15.2486
 VDWAALS =        0.6366  EEL     =      260.5436  HBOND      =        0.0000
 1-4 VDW =        9.1518  1-4 EEL =     -324.9219  RESTRAINT  =        0.0000


   NSTEP       ENERGY          RMS            GMAX         NAME    NUMBER
     73      -2.8769E+01     1.8567E+00     5.3058E+00     C6          6

 BOND    =        1.3751  ANGLE   =        9.4128  DIHED      =       15.3128
 VDWAALS =        0.6979  EEL     =      260.4010  HBOND      =        0.0000
 1-4 VDW =        9.0794  1-4 EEL =     -325.0484  RESTRAINT  =        0.0000


   NSTEP       ENERGY          RMS            GMAX         NAME    NUMBER
     74      -2.8787E+01     1.2435E+00     3.3628E+00     C6          6

 BOND    =        1.2995  ANGLE   =        9.4135  DIHED      =       15.2893
 VDWAALS =        0.6799  EEL     =      260.4425  HBOND      =        0.0000
 1-4 VDW =        9.1004  1-4 EEL =     -325.0123  RESTRAINT  =        0.0000


   NSTEP       ENERGY          RMS            GMAX         NAME    NUMBER
     75      -2.8880E+01     1.0565E+00     2.4743E+00     C7          7

 BOND    =        1.2866  ANGLE   =        9.4069  DIHED      =       15.3116
 VDWAALS =        0.7067  EEL     =      260.3837  HBOND      =        0.0000
 1-4 VDW =        9.0863  1-4 EEL =     -325.0622  RESTRAINT  =        0.0000


   NSTEP       ENERGY          RMS            GMAX         NAME    NUMBER
     76      -2.8892E+01     9.1310E-01     2.0687E+00     H7         24

 BOND    =        1.2775  ANGLE   =        9.4090  DIHED      =       15.3076
 VDWAALS =        0.7057  EEL     =      260.3736  HBOND      =        0.0000
 1-4 VDW =        9.0846  1-4 EEL =     -325.0499  RESTRAINT  =        0.0000


   NSTEP       ENERGY          RMS            GMAX         NAME    NUMBER
     77      -2.8904E+01     7.8574E-01     1.9827E+00     H7         24

 BOND    =        1.2670  ANGLE   =        9.4123  DIHED      =       15.3027
 VDWAALS =        0.7039  EEL     =      260.3622  HBOND      =        0.0000
 1-4 VDW =        9.0831  1-4 EEL =     -325.0352  RESTRAINT  =        0.0000


   NSTEP       ENERGY          RMS            GMAX         NAME    NUMBER
     78      -2.8916E+01     6.8733E-01     1.8679E+00     H7         24

 BOND    =        1.2541  ANGLE   =        9.4176  DIHED      =       15.2967
 VDWAALS =        0.7011  EEL     =      260.3500  HBOND      =        0.0000
 1-4 VDW =        9.0825  1-4 EEL =     -325.0183  RESTRAINT  =        0.0000


   NSTEP       ENERGY          RMS            GMAX         NAME    NUMBER
     79      -2.8929E+01     6.1629E-01     1.7282E+00     H7         24

 BOND    =        1.2378  ANGLE   =        9.4255  DIHED      =       15.2897
 VDWAALS =        0.6966  EEL     =      260.3375  HBOND      =        0.0000
 1-4 VDW =        9.0834  1-4 EEL =     -325.0000  RESTRAINT  =        0.0000


   NSTEP       ENERGY          RMS            GMAX         NAME    NUMBER
     80      -2.6657E+01     6.2966E+00     1.8819E+01     N1          1

 BOND    =        1.7844  ANGLE   =       11.2654  DIHED      =       15.0138
 VDWAALS =        0.2624  EEL     =      259.5255  HBOND      =        0.0000
 1-4 VDW =        9.2796  1-4 EEL =     -323.7886  RESTRAINT  =        0.0000


   NSTEP       ENERGY          RMS            GMAX         NAME    NUMBER
     81      -2.9006E+01     8.0592E-01     2.1839E+00     C4          4

 BOND    =        1.0825  ANGLE   =        9.5629  DIHED      =       15.2128
 VDWAALS =        0.6285  EEL     =      260.2124  HBOND      =        0.0000
 1-4 VDW =        9.1076  1-4 EEL =     -324.8123  RESTRAINT  =        0.0000


   NSTEP       ENERGY          RMS            GMAX         NAME    NUMBER
     82      -2.9055E+01     1.2992E+00     4.0667E+00     C2          2

 BOND    =        1.0170  ANGLE   =        9.7474  DIHED      =       15.1548
 VDWAALS =        0.4966  EEL     =      260.1669  HBOND      =        0.0000
 1-4 VDW =        9.1542  1-4 EEL =     -324.7914  RESTRAINT  =        0.0000


   NSTEP       ENERGY          RMS            GMAX         NAME    NUMBER
     83      -2.9062E+01     9.3066E-01     2.9175E+00     C2          2

 BOND    =        1.0209  ANGLE   =        9.6946  DIHED      =       15.1678
 VDWAALS =        0.5312  EEL     =      260.1789  HBOND      =        0.0000
 1-4 VDW =        9.1417  1-4 EEL =     -324.7969  RESTRAINT  =        0.0000


   NSTEP       ENERGY          RMS            GMAX         NAME    NUMBER
     84      -2.9123E+01     8.2084E-01     2.1988E+00     N3          3

 BOND    =        1.1109  ANGLE   =        9.7720  DIHED      =       15.1112
 VDWAALS =        0.4475  EEL     =      260.1094  HBOND      =        0.0000
 1-4 VDW =        9.1118  1-4 EEL =     -324.7853  RESTRAINT  =        0.0000


   NSTEP       ENERGY          RMS            GMAX         NAME    NUMBER
     85      -2.9123E+01     8.8313E-01     2.3884E+00     C10        10

 BOND    =        1.1201  ANGLE   =        9.7798  DIHED      =       15.1073
 VDWAALS =        0.4410  EEL     =      260.1038  HBOND      =        0.0000
 1-4 VDW =        9.1094  1-4 EEL =     -324.7844  RESTRAINT  =        0.0000


   NSTEP       ENERGY          RMS            GMAX         NAME    NUMBER
     86      -2.9156E+01     1.1042E+00     3.0619E+00     C14        14

 BOND    =        1.1350  ANGLE   =        9.8824  DIHED      =       15.0713
 VDWAALS =        0.4004  EEL     =      260.0720  HBOND      =        0.0000
 1-4 VDW =        9.0555  1-4 EEL =     -324.7729  RESTRAINT  =        0.0000


   NSTEP       ENERGY          RMS            GMAX         NAME    NUMBER
     87      -2.9163E+01     7.4913E-01     2.0549E+00     C6          6

 BOND    =        1.1201  ANGLE   =        9.8499  DIHED      =       15.0800
 VDWAALS =        0.4118  EEL     =      260.0811  HBOND      =        0.0000
 1-4 VDW =        9.0707  1-4 EEL =     -324.7762  RESTRAINT  =        0.0000


   NSTEP       ENERGY          RMS            GMAX         NAME    NUMBER
     88      -2.9198E+01     6.0329E-01     1.8852E+00     C6          6

 BOND    =        1.1154  ANGLE   =        9.8837  DIHED      =       15.0837
 VDWAALS =        0.4148  EEL     =      260.0338  HBOND      =        0.0000
 1-4 VDW =        9.0359  1-4 EEL =     -324.7650  RESTRAINT  =        0.0000


   NSTEP       ENERGY          RMS            GMAX         NAME    NUMBER
     89      -2.9199E+01     7.4366E-01     2.7741E+00     C6          6

 BOND    =        1.1198  ANGLE   =        9.8945  DIHED      =       15.0857
 VDWAALS =        0.4158  EEL     =      260.0205  HBOND      =        0.0000
 1-4 VDW =        9.0261  1-4 EEL =     -324.7619  RESTRAINT  =        0.0000


   NSTEP       ENERGY          RMS            GMAX         NAME    NUMBER
     90      -2.9230E+01     8.2129E-01     2.6212E+00     N1          1

 BOND    =        1.2588  ANGLE   =        9.8368  DIHED      =       15.1161
 VDWAALS =        0.4671  EEL     =      259.9203  HBOND      =        0.0000
 1-4 VDW =        8.9768  1-4 EEL =     -324.8058  RESTRAINT  =        0.0000


   NSTEP       ENERGY          RMS            GMAX         NAME    NUMBER
     91      -2.9231E+01     6.9115E-01     2.2551E+00     N1          1

 BOND    =        1.2343  ANGLE   =        9.8445  DIHED      =       15.1110
 VDWAALS =        0.4594  EEL     =      259.9352  HBOND      =        0.0000
 1-4 VDW =        8.9841  1-4 EEL =     -324.7993  RESTRAINT  =        0.0000


   NSTEP       ENERGY          RMS            GMAX         NAME    NUMBER
     92      -2.9253E+01     6.5453E-01     2.0901E+00     C8          8

 BOND    =        1.2976  ANGLE   =        9.8730  DIHED      =       15.1275
 VDWAALS =        0.5088  EEL     =      259.8341  HBOND      =        0.0000
 1-4 VDW =        8.9420  1-4 EEL =     -324.8363  RESTRAINT  =        0.0000


   NSTEP       ENERGY          RMS            GMAX         NAME    NUMBER
     93      -2.9254E+01     5.5105E-01     1.7417E+00     C8          8

 BOND    =        1.2855  ANGLE   =        9.8682  DIHED      =       15.1249
 VDWAALS =        0.5016  EEL     =      259.8487  HBOND      =        0.0000
 1-4 VDW =        8.9481  1-4 EEL =     -324.8310  RESTRAINT  =        0.0000


   NSTEP       ENERGY          RMS            GMAX         NAME    NUMBER
     94      -2.9275E+01     5.3333E-01     1.4305E+00     C9          9

 BOND    =        1.2993  ANGLE   =        9.8208  DIHED      =       15.1316
 VDWAALS =        0.4999  EEL     =      259.8709  HBOND      =        0.0000
 1-4 VDW =        8.9565  1-4 EEL =     -324.8536  RESTRAINT  =        0.0000


   NSTEP       ENERGY          RMS            GMAX         NAME    NUMBER
     95      -2.9278E+01     7.7694E-01     2.6802E+00     C9          9

 BOND    =        1.3129  ANGLE   =        9.7960  DIHED      =       15.1361
 VDWAALS =        0.4989  EEL     =      259.8836  HBOND      =        0.0000
 1-4 VDW =        8.9614  1-4 EEL =     -324.8665  RESTRAINT  =        0.0000


   NSTEP       ENERGY          RMS            GMAX         NAME    NUMBER
     96      -2.9313E+01     5.3945E-01     1.3661E+00     C4          4

 BOND    =        1.3047  ANGLE   =        9.7741  DIHED      =       15.1450
 VDWAALS =        0.4690  EEL     =      259.8970  HBOND      =        0.0000
 1-4 VDW =        8.9736  1-4 EEL =     -324.8760  RESTRAINT  =        0.0000


   NSTEP       ENERGY          RMS            GMAX         NAME    NUMBER
     97      -2.9323E+01     7.5049E-01     2.6478E+00     C14        14

 BOND    =        1.3109  ANGLE   =        9.7585  DIHED      =       15.1563
 VDWAALS =        0.4425  EEL     =      259.9091  HBOND      =        0.0000
 1-4 VDW =        8.9845  1-4 EEL =     -324.8844  RESTRAINT  =        0.0000


   NSTEP       ENERGY          RMS            GMAX         NAME    NUMBER
     98      -2.9357E+01     8.4753E-01     2.5885E+00     C8          8

 BOND    =        1.2982  ANGLE   =        9.8088  DIHED      =       15.1701
 VDWAALS =        0.3510  EEL     =      259.9224  HBOND      =        0.0000
 1-4 VDW =        9.0017  1-4 EEL =     -324.9093  RESTRAINT  =        0.0000


   NSTEP       ENERGY          RMS            GMAX         NAME    NUMBER
     99      -2.9358E+01     7.0220E-01     2.1176E+00     C8          8

 BOND    =        1.2958  ANGLE   =        9.7993  DIHED      =       15.1673
 VDWAALS =        0.3654  EEL     =      259.9203  HBOND      =        0.0000
 1-4 VDW =        8.9990  1-4 EEL =     -324.9053  RESTRAINT  =        0.0000


   NSTEP       ENERGY          RMS            GMAX         NAME    NUMBER
    100      -2.9392E+01     6.5547E-01     1.9405E+00     O12        12

 BOND    =        1.2774  ANGLE   =        9.7520  DIHED      =       15.1852
 VDWAALS =        0.2815  EEL     =      259.9700  HBOND      =        0.0000
 1-4 VDW =        9.0466  1-4 EEL =     -324.9051  RESTRAINT  =        0.0000


  Maximum number of minimization cycles reached.


                    FINAL RESULTS



   NSTEP       ENERGY          RMS            GMAX         NAME    NUMBER
    100      -2.9392E+01     6.5547E-01     1.9405E+00     O12        12

 BOND    =        1.2774  ANGLE   =        9.7520  DIHED      =       15.1852
 VDWAALS =        0.2815  EEL     =      259.9700  HBOND      =        0.0000
 1-4 VDW =        9.0466  1-4 EEL =     -324.9051  RESTRAINT  =        0.0000

--------------------------------------------------------------------------------
   5.  TIMINGS
--------------------------------------------------------------------------------

|    Read coords time           0.00 ( 1.16% of Total)
|    Fast Water setup           0.00 ( 0.01% of Total)
|                Build the list             0.00 (90.28% of List )
|                Other                      0.00 ( 9.72% of List )
|             List time                  0.00 ( 9.50% of Nonbo)
|                   Short_ene time             0.02 (98.03% of Direc)
|                   Other                      0.00 ( 1.97% of Direc)
|                Direct Ewald time          0.02 (92.47% of Ewald)
|                Force Adjust               0.00 ( 0.24% of Ewald)
|                Virial junk                0.00 ( 0.44% of Ewald)
|                Start synchronizatio       0.00 ( 0.39% of Ewald)
|                Other                      0.00 ( 6.45% of Ewald)
|             Ewald time                 0.02 (89.68% of Nonbo)
|             IPS excludes               0.00 ( 0.19% of Nonbo)
|             Other                      0.00 ( 0.63% of Nonbo)
|          Nonbond force              0.02 (65.44% of Force)
|          Bond/Angle/Dihedral        0.01 (32.67% of Force)
|          Other                      0.00 ( 1.89% of Force)
|       Force time                 0.03 (100.0% of Runmd)
|    Runmd Time                 0.03 (10.79% of Total)
|    Other                      0.27 (88.04% of Total)
| Total time                 0.31 (100.0% of ALL  )

| Number of list builds   :          1

| Highest rstack allocated:        140
| Highest istack allocated:         28
|           Job began  at 22:55:45.917  on 12/05/2014
|           Setup done at 22:55:45.943  on 12/05/2014
|           Run   done at 22:55:46.226  on 12/05/2014
|     wallclock() was called    2335 times
