
          -------------------------------------------------------
          Amber 16 SANDER                              2016
          -------------------------------------------------------

| Run on 04/20/2016 at 15:18:50

|   Executable path: sander
| Working directory: /gpfs/gpfs/project1/dacase-001/haichit/phenix_amber/run_amber_library/amber_library/u
|          Hostname: e1c029

  [-O]verwriting output

File Assignments:
|  MDIN: U49_sander.in                                                         
| MDOUT: U49.min.out                                                           
|INPCRD: U49.rst7                                                              
|  PARM: U49.prmtop                                                            
|RESTRT: U49.min.rst7                                                          
|  REFC: refc                                                                  
| MDVEL: mdvel                                                                 
| MDFRC: mdfrc                                                                 
|  MDEN: mden                                                                  
| MDCRD: mdcrd                                                                 
|MDINFO: mdinfo                                                                
|  MTMD: mtmd                                                                  
|INPDIP: inpdip                                                                
|RSTDIP: rstdip                                                                
|INPTRA: inptraj                                                               


 Here is the input file:

  short minimization                                                           
 &cntrl                                                                        
   imin=1, maxcyc=100, ncyc=50, ntpr=1, cut=99., ntb=0,                        
 /                                                                             

--------------------------------------------------------------------------------
   1.  RESOURCE   USE: 
--------------------------------------------------------------------------------

| Flags:                                                                        
|    NONPERIODIC   ntb=0 and igb=0: Setting up nonperiodic simulation
|  *** cutoff > system size, list only builds once
|Largest sphere to fit in unit cell has radius =    32.944
| New format PARM file being parsed.
| Version =    1.000 Date = 04/20/16 Time = 15:18:50
 NATOM  =      55 NTYPES =      17 NBONH =      22 MBONA  =      37
 NTHETH =      48 MTHETA =      52 NPHIH =      95 MPHIA  =      81
 NHPARM =       0 NPARM  =       0 NNB   =     304 NRES   =       1
 NBONA  =      37 NTHETA =      52 NPHIA =      81 NUMBND =      23
 NUMANG =      43 NPTRA  =      11 NATYP =      18 NPHB   =       0
 IFBOX  =       0 NMXRS  =      55 IFCAP =       0 NEXTRA =       0
 NCOPY  =       0


|     Memory Use     Allocated
|     Real                8893
|     Hollerith            168
|     Integer            30526
|     Max Pairs           1485
|     nblistReal           660
|     nblist Int       1105546
|       Total             4518 kbytes

| Note: 1-4 EEL scale factors are being read from the topology file.

| Note: 1-4 VDW scale factors are being read from the topology file.
| Duplicated    0 dihedrals
| Duplicated    0 dihedrals

--------------------------------------------------------------------------------
   2.  CONTROL  DATA  FOR  THE  RUN
--------------------------------------------------------------------------------

U49                                                                             

General flags:
     imin    =       1, nmropt  =       0

Nature and format of input:
     ntx     =       1, irest   =       0, ntrx    =       1

Nature and format of output:
     ntxo    =       2, ntpr    =       1, ntrx    =       1, ntwr    =       1
     iwrap   =       0, ntwx    =       0, ntwv    =       0, ntwe    =       0
     ioutfm  =       1, ntwprt  =       0, idecomp =       0, rbornstat=      0

Potential function:
     ntf     =       1, ntb     =       0, igb     =       0, nsnb    =      25
     ipol    =       0, gbsa    =       0, iesp    =       0
     dielc   =   1.00000, cut     =  99.00000, intdiel =   1.00000

Frozen or restrained atoms:
     ibelly  =       0, ntr     =       0

Energy minimization:
     maxcyc  =     100, ncyc    =      50, ntmin   =       1
     dx0     =   0.01000, drms    =   0.00010
|  INFO: Old style inpcrd file read


--------------------------------------------------------------------------------
   3.  ATOMIC COORDINATES AND VELOCITIES
--------------------------------------------------------------------------------

U49                                                                             
 begin time read from input coords =     0.000 ps

 Number of triangulated 3-point waters found:        0

     Sum of charges from parm topology file =   1.00100000

--------------------------------------------------------------------------------
   4.  RESULTS
--------------------------------------------------------------------------------

 ---------------------------------------------------

     eedmeth=4: Setting switch to one everywhere

 ---------------------------------------------------
| Local SIZE OF NONBOND LIST =       1191
| TOTAL SIZE OF NONBOND LIST =       1191


   NSTEP       ENERGY          RMS            GMAX         NAME    NUMBER
      1       1.1516E+02     2.8691E+01     1.3810E+02     C26        24

 BOND    =       26.4961  ANGLE   =       33.9210  DIHED      =       15.1912
 VDWAALS =        5.3919  EEL     =       20.8475  HBOND      =        0.0000
 1-4 VDW =        9.1272  1-4 EEL =        4.1806  RESTRAINT  =        0.0000


   NSTEP       ENERGY          RMS            GMAX         NAME    NUMBER
      2       1.1334E+02     2.7717E+01     1.3317E+02     C26        24

 BOND    =       25.0582  ANGLE   =       33.7169  DIHED      =       15.1824
 VDWAALS =        5.2209  EEL     =       20.8639  HBOND      =        0.0000
 1-4 VDW =        9.1179  1-4 EEL =        4.1841  RESTRAINT  =        0.0000


   NSTEP       ENERGY          RMS            GMAX         NAME    NUMBER
      3       1.1125E+02     2.6559E+01     1.2729E+02     C26        24

 BOND    =       23.4029  ANGLE   =       33.4835  DIHED      =       15.1719
 VDWAALS =        5.0157  EEL     =       20.8837  HBOND      =        0.0000
 1-4 VDW =        9.1070  1-4 EEL =        4.1882  RESTRAINT  =        0.0000


   NSTEP       ENERGY          RMS            GMAX         NAME    NUMBER
      4       1.0886E+02     2.5187E+01     1.2029E+02     C26        24

 BOND    =       21.5166  ANGLE   =       33.2198  DIHED      =       15.1592
 VDWAALS =        4.7695  EEL     =       20.9078  HBOND      =        0.0000
 1-4 VDW =        9.0943  1-4 EEL =        4.1930  RESTRAINT  =        0.0000


   NSTEP       ENERGY          RMS            GMAX         NAME    NUMBER
      5       1.0616E+02     2.3569E+01     1.1197E+02     C26        24

 BOND    =       19.3959  ANGLE   =       32.9263  DIHED      =       15.1440
 VDWAALS =        4.4737  EEL     =       20.9373  HBOND      =        0.0000
 1-4 VDW =        9.0795  1-4 EEL =        4.1985  RESTRAINT  =        0.0000


   NSTEP       ENERGY          RMS            GMAX         NAME    NUMBER
      6       1.0314E+02     2.1670E+01     1.0211E+02     C26        24

 BOND    =       17.0537  ANGLE   =       32.6062  DIHED      =       15.1257
 VDWAALS =        4.1173  EEL     =       20.9734  HBOND      =        0.0000
 1-4 VDW =        9.0625  1-4 EEL =        4.2047  RESTRAINT  =        0.0000


   NSTEP       ENERGY          RMS            GMAX         NAME    NUMBER
      7       9.9858E+01     1.9462E+01     9.0511E+01     C26        24

 BOND    =       14.5293  ANGLE   =       32.2661  DIHED      =       15.1037
 VDWAALS =        3.6864  EEL     =       21.0182  HBOND      =        0.0000
 1-4 VDW =        9.0433  1-4 EEL =        4.2114  RESTRAINT  =        0.0000


   NSTEP       ENERGY          RMS            GMAX         NAME    NUMBER
      8       9.6372E+01     1.6933E+01     7.6975E+01     C26        24

 BOND    =       11.9005  ANGLE   =       31.9171  DIHED      =       15.0771
 VDWAALS =        3.1625  EEL     =       21.0742  HBOND      =        0.0000
 1-4 VDW =        9.0223  1-4 EEL =        4.2185  RESTRAINT  =        0.0000


   NSTEP       ENERGY          RMS            GMAX         NAME    NUMBER
      9       9.2808E+01     1.4107E+01     6.2559E+01     N33        31

 BOND    =        9.2976  ANGLE   =       31.5751  DIHED      =       15.0451
 VDWAALS =        2.5202  EEL     =       21.1451  HBOND      =        0.0000
 1-4 VDW =        9.0002  1-4 EEL =        4.2249  RESTRAINT  =        0.0000


   NSTEP       ENERGY          RMS            GMAX         NAME    NUMBER
     10       8.9345E+01     1.1103E+01     4.8417E+01     N33        31

 BOND    =        6.9123  ANGLE   =       31.2569  DIHED      =       15.0065
 VDWAALS =        1.7243  EEL     =       21.2368  HBOND      =        0.0000
 1-4 VDW =        8.9792  1-4 EEL =        4.2288  RESTRAINT  =        0.0000


   NSTEP       ENERGY          RMS            GMAX         NAME    NUMBER
     11       8.6183E+01     8.2218E+00     3.2455E+01     N33        31

 BOND    =        4.9762  ANGLE   =       30.9685  DIHED      =       14.9609
 VDWAALS =        0.7294  EEL     =       21.3583  HBOND      =        0.0000
 1-4 VDW =        8.9642  1-4 EEL =        4.2258  RESTRAINT  =        0.0000


   NSTEP       ENERGY          RMS            GMAX         NAME    NUMBER
     12       8.3437E+01     5.9427E+00     2.1659E+01     C29        27

 BOND    =        3.6512  ANGLE   =       30.6781  DIHED      =       14.9103
 VDWAALS =       -0.4958  EEL     =       21.5212  HBOND      =        0.0000
 1-4 VDW =        8.9658  1-4 EEL =        4.2065  RESTRAINT  =        0.0000


   NSTEP       ENERGY          RMS            GMAX         NAME    NUMBER
     13       8.1037E+01     4.3377E+00     1.6808E+01     C29        27

 BOND    =        2.8295  ANGLE   =       30.3222  DIHED      =       14.8650
 VDWAALS =       -1.8651  EEL     =       21.7298  HBOND      =        0.0000
 1-4 VDW =        8.9994  1-4 EEL =        4.1565  RESTRAINT  =        0.0000


   NSTEP       ENERGY          RMS            GMAX         NAME    NUMBER
     14       7.8965E+01     3.0636E+00     1.3100E+01     H292       51

 BOND    =        2.2263  ANGLE   =       29.9375  DIHED      =       14.8438
 VDWAALS =       -3.1435  EEL     =       21.9703  HBOND      =        0.0000
 1-4 VDW =        9.0612  1-4 EEL =        4.0693  RESTRAINT  =        0.0000


   NSTEP       ENERGY          RMS            GMAX         NAME    NUMBER
     15       7.7257E+01     2.2104E+00     1.0614E+01     C29        27

 BOND    =        1.7312  ANGLE   =       29.6393  DIHED      =       14.8558
 VDWAALS =       -4.2438  EEL     =       22.2175  HBOND      =        0.0000
 1-4 VDW =        9.1066  1-4 EEL =        3.9506  RESTRAINT  =        0.0000


   NSTEP       ENERGY          RMS            GMAX         NAME    NUMBER
     16       7.6267E+01     4.4942E+00     2.0560E+01     C24        22

 BOND    =        1.9539  ANGLE   =       29.1693  DIHED      =       14.8882
 VDWAALS =       -5.1440  EEL     =       22.4542  HBOND      =        0.0000
 1-4 VDW =        9.1413  1-4 EEL =        3.8038  RESTRAINT  =        0.0000


   NSTEP       ENERGY          RMS            GMAX         NAME    NUMBER
     17       8.1605E+01     1.7408E+01     1.0723E+02     C24        22

 BOND    =        6.9143  ANGLE   =       29.6656  DIHED      =       14.9145
 VDWAALS =       -5.2365  EEL     =       22.4779  HBOND      =        0.0000
 1-4 VDW =        9.0831  1-4 EEL =        3.7860  RESTRAINT  =        0.0000


   NSTEP       ENERGY          RMS            GMAX         NAME    NUMBER
     18       7.6025E+01     5.5657E+00     2.6055E+01     C24        22

 BOND    =        1.8081  ANGLE   =       29.2921  DIHED      =       14.9128
 VDWAALS =       -5.3272  EEL     =       22.5036  HBOND      =        0.0000
 1-4 VDW =        9.0688  1-4 EEL =        3.7673  RESTRAINT  =        0.0000


   NSTEP       ENERGY          RMS            GMAX         NAME    NUMBER
     19       7.6316E+01     7.7086E+00     4.5887E+01     C24        22

 BOND    =        2.5921  ANGLE   =       28.9858  DIHED      =       14.9062
 VDWAALS =       -5.5390  EEL     =       22.5473  HBOND      =        0.0000
 1-4 VDW =        9.0970  1-4 EEL =        3.7265  RESTRAINT  =        0.0000


   NSTEP       ENERGY          RMS            GMAX         NAME    NUMBER
     20       7.5102E+01     1.6845E+00     7.7525E+00     C29        27

 BOND    =        1.3872  ANGLE   =       28.9786  DIHED      =       14.9092
 VDWAALS =       -5.5426  EEL     =       22.5458  HBOND      =        0.0000
 1-4 VDW =        9.0946  1-4 EEL =        3.7292  RESTRAINT  =        0.0000


   NSTEP       ENERGY          RMS            GMAX         NAME    NUMBER
     21       7.5027E+01     3.3960E+00     1.4632E+01     C31        29

 BOND    =        1.3852  ANGLE   =       29.0629  DIHED      =       14.9303
 VDWAALS =       -5.6843  EEL     =       22.5931  HBOND      =        0.0000
 1-4 VDW =        9.0286  1-4 EEL =        3.7115  RESTRAINT  =        0.0000


   NSTEP       ENERGY          RMS            GMAX         NAME    NUMBER
     22       7.5117E+01     4.7630E+00     1.9421E+01     C24        22

 BOND    =        1.8589  ANGLE   =       28.8386  DIHED      =       14.9191
 VDWAALS =       -5.8732  EEL     =       22.5997  HBOND      =        0.0000
 1-4 VDW =        9.0966  1-4 EEL =        3.6773  RESTRAINT  =        0.0000


   NSTEP       ENERGY          RMS            GMAX         NAME    NUMBER
     23       7.4561E+01     1.4234E+00     6.3850E+00     C29        27

 BOND    =        1.2896  ANGLE   =       28.8675  DIHED      =       14.9296
 VDWAALS =       -5.8748  EEL     =       22.6169  HBOND      =        0.0000
 1-4 VDW =        9.0514  1-4 EEL =        3.6804  RESTRAINT  =        0.0000


   NSTEP       ENERGY          RMS            GMAX         NAME    NUMBER
     24       7.4507E+01     2.9388E+00     1.6424E+01     C24        22

 BOND    =        1.3367  ANGLE   =       28.8672  DIHED      =       14.9415
 VDWAALS =       -5.9752  EEL     =       22.6415  HBOND      =        0.0000
 1-4 VDW =        9.0230  1-4 EEL =        3.6723  RESTRAINT  =        0.0000


   NSTEP       ENERGY          RMS            GMAX         NAME    NUMBER
     25       7.4604E+01     4.4520E+00     2.7863E+01     C24        22

 BOND    =        1.6160  ANGLE   =       28.8083  DIHED      =       14.9443
 VDWAALS =       -6.0960  EEL     =       22.6611  HBOND      =        0.0000
 1-4 VDW =        9.0189  1-4 EEL =        3.6518  RESTRAINT  =        0.0000


   NSTEP       ENERGY          RMS            GMAX         NAME    NUMBER
     26       7.4214E+01     1.1212E+00     5.5355E+00     C29        27

 BOND    =        1.2419  ANGLE   =       28.7963  DIHED      =       14.9453
 VDWAALS =       -6.1049  EEL     =       22.6604  HBOND      =        0.0000
 1-4 VDW =        9.0221  1-4 EEL =        3.6532  RESTRAINT  =        0.0000


   NSTEP       ENERGY          RMS            GMAX         NAME    NUMBER
     27       7.4104E+01     1.6580E+00     7.4792E+00     C24        22

 BOND    =        1.2208  ANGLE   =       28.7893  DIHED      =       14.9555
 VDWAALS =       -6.1889  EEL     =       22.6806  HBOND      =        0.0000
 1-4 VDW =        8.9990  1-4 EEL =        3.6478  RESTRAINT  =        0.0000


   NSTEP       ENERGY          RMS            GMAX         NAME    NUMBER
     28       7.4123E+01     3.0172E+00     1.7125E+01     C24        22

 BOND    =        1.4053  ANGLE   =       28.7405  DIHED      =       14.9592
 VDWAALS =       -6.3064  EEL     =       22.6958  HBOND      =        0.0000
 1-4 VDW =        8.9977  1-4 EEL =        3.6308  RESTRAINT  =        0.0000


   NSTEP       ENERGY          RMS            GMAX         NAME    NUMBER
     29       7.3929E+01     9.8187E-01     4.8675E+00     C29        27

 BOND    =        1.2199  ANGLE   =       28.7364  DIHED      =       14.9613
 VDWAALS =       -6.3139  EEL     =       22.6970  HBOND      =        0.0000
 1-4 VDW =        8.9960  1-4 EEL =        3.6326  RESTRAINT  =        0.0000


   NSTEP       ENERGY          RMS            GMAX         NAME    NUMBER
     30       7.3836E+01     1.0633E+00     4.2278E+00     C29        27

 BOND    =        1.1885  ANGLE   =       28.7327  DIHED      =       14.9701
 VDWAALS =       -6.3737  EEL     =       22.7121  HBOND      =        0.0000
 1-4 VDW =        8.9760  1-4 EEL =        3.6302  RESTRAINT  =        0.0000


   NSTEP       ENERGY          RMS            GMAX         NAME    NUMBER
     31       7.3757E+01     1.3877E+00     4.8455E+00     C29        27

 BOND    =        1.2542  ANGLE   =       28.6869  DIHED      =       14.9740
 VDWAALS =       -6.4784  EEL     =       22.7216  HBOND      =        0.0000
 1-4 VDW =        8.9806  1-4 EEL =        3.6177  RESTRAINT  =        0.0000


   NSTEP       ENERGY          RMS            GMAX         NAME    NUMBER
     32       7.3717E+01     1.9301E+00     8.2323E+00     C31        29

 BOND    =        1.2135  ANGLE   =       28.7190  DIHED      =       14.9866
 VDWAALS =       -6.5118  EEL     =       22.7374  HBOND      =        0.0000
 1-4 VDW =        8.9500  1-4 EEL =        3.6220  RESTRAINT  =        0.0000


   NSTEP       ENERGY          RMS            GMAX         NAME    NUMBER
     33       7.3700E+01     2.4840E+00     9.2654E+00     C24        22

 BOND    =        1.3640  ANGLE   =       28.6458  DIHED      =       14.9851
 VDWAALS =       -6.6104  EEL     =       22.7415  HBOND      =        0.0000
 1-4 VDW =        8.9662  1-4 EEL =        3.6074  RESTRAINT  =        0.0000


   NSTEP       ENERGY          RMS            GMAX         NAME    NUMBER
     34       7.3746E+01     3.4502E+00     1.9398E+01     C24        22

 BOND    =        1.3576  ANGLE   =       28.7037  DIHED      =       14.9986
 VDWAALS =       -6.6213  EEL     =       22.7503  HBOND      =        0.0000
 1-4 VDW =        8.9420  1-4 EEL =        3.6152  RESTRAINT  =        0.0000


   NSTEP       ENERGY          RMS            GMAX         NAME    NUMBER
     35       7.3487E+01     9.2494E-01     3.7266E+00     C29        27

 BOND    =        1.1797  ANGLE   =       28.6543  DIHED      =       14.9982
 VDWAALS =       -6.6515  EEL     =       22.7550  HBOND      =        0.0000
 1-4 VDW =        8.9403  1-4 EEL =        3.6107  RESTRAINT  =        0.0000


   NSTEP       ENERGY          RMS            GMAX         NAME    NUMBER
     36       7.3434E+01     1.5929E+00     5.3863E+00     C24        22

 BOND    =        1.2595  ANGLE   =       28.6070  DIHED      =       15.0028
 VDWAALS =       -6.7459  EEL     =       22.7607  HBOND      =        0.0000
 1-4 VDW =        8.9484  1-4 EEL =        3.6019  RESTRAINT  =        0.0000


   NSTEP       ENERGY          RMS            GMAX         NAME    NUMBER
     37       7.3450E+01     2.5047E+00     1.1617E+01     C24        22

 BOND    =        1.2573  ANGLE   =       28.6536  DIHED      =       15.0184
 VDWAALS =       -6.7725  EEL     =       22.7777  HBOND      =        0.0000
 1-4 VDW =        8.9094  1-4 EEL =        3.6060  RESTRAINT  =        0.0000


   NSTEP       ENERGY          RMS            GMAX         NAME    NUMBER
     38       7.3308E+01     8.0993E-01     3.3992E+00     C29        27

 BOND    =        1.1786  ANGLE   =       28.6077  DIHED      =       15.0162
 VDWAALS =       -6.7952  EEL     =       22.7743  HBOND      =        0.0000
 1-4 VDW =        8.9234  1-4 EEL =        3.6035  RESTRAINT  =        0.0000


   NSTEP       ENERGY          RMS            GMAX         NAME    NUMBER
     39       7.3251E+01     1.0336E+00     3.6204E+00     C29        27

 BOND    =        1.2146  ANGLE   =       28.5762  DIHED      =       15.0217
 VDWAALS =       -6.8629  EEL     =       22.7801  HBOND      =        0.0000
 1-4 VDW =        8.9233  1-4 EEL =        3.5978  RESTRAINT  =        0.0000


   NSTEP       ENERGY          RMS            GMAX         NAME    NUMBER
     40       7.3224E+01     1.6135E+00     7.5449E+00     C24        22

 BOND    =        1.2027  ANGLE   =       28.5883  DIHED      =       15.0337
 VDWAALS =       -6.8965  EEL     =       22.7879  HBOND      =        0.0000
 1-4 VDW =        8.9072  1-4 EEL =        3.6009  RESTRAINT  =        0.0000


   NSTEP       ENERGY          RMS            GMAX         NAME    NUMBER
     41       7.3223E+01     2.2396E+00     1.2751E+01     C24        22

 BOND    =        1.2992  ANGLE   =       28.5432  DIHED      =       15.0353
 VDWAALS =       -6.9503  EEL     =       22.7932  HBOND      =        0.0000
 1-4 VDW =        8.9081  1-4 EEL =        3.5947  RESTRAINT  =        0.0000


   NSTEP       ENERGY          RMS            GMAX         NAME    NUMBER
     42       7.3247E+01     2.9200E+00     1.9391E+01     C24        22

 BOND    =        1.3172  ANGLE   =       28.5585  DIHED      =       15.0435
 VDWAALS =       -6.9697  EEL     =       22.7921  HBOND      =        0.0000
 1-4 VDW =        8.9080  1-4 EEL =        3.5975  RESTRAINT  =        0.0000


   NSTEP       ENERGY          RMS            GMAX         NAME    NUMBER
     43       7.3079E+01     6.9712E-01     3.0102E+00     C29        27

 BOND    =        1.1795  ANGLE   =       28.5445  DIHED      =       15.0455
 VDWAALS =       -6.9837  EEL     =       22.7971  HBOND      =        0.0000
 1-4 VDW =        8.8999  1-4 EEL =        3.5963  RESTRAINT  =        0.0000


   NSTEP       ENERGY          RMS            GMAX         NAME    NUMBER
     44       7.3022E+01     1.0209E+00     3.5216E+00     C24        22

 BOND    =        1.2107  ANGLE   =       28.5100  DIHED      =       15.0540
 VDWAALS =       -7.0448  EEL     =       22.8034  HBOND      =        0.0000
 1-4 VDW =        8.8957  1-4 EEL =        3.5935  RESTRAINT  =        0.0000


   NSTEP       ENERGY          RMS            GMAX         NAME    NUMBER
     45       7.3029E+01     1.9894E+00     1.1198E+01     C24        22

 BOND    =        1.2310  ANGLE   =       28.5263  DIHED      =       15.0671
 VDWAALS =       -7.0833  EEL     =       22.8072  HBOND      =        0.0000
 1-4 VDW =        8.8861  1-4 EEL =        3.5946  RESTRAINT  =        0.0000


   NSTEP       ENERGY          RMS            GMAX         NAME    NUMBER
     46       7.2942E+01     6.7620E-01     2.8430E+00     C29        27

 BOND    =        1.1794  ANGLE   =       28.5032  DIHED      =       15.0679
 VDWAALS =       -7.0958  EEL     =       22.8099  HBOND      =        0.0000
 1-4 VDW =        8.8836  1-4 EEL =        3.5938  RESTRAINT  =        0.0000


   NSTEP       ENERGY          RMS            GMAX         NAME    NUMBER
     47       7.2898E+01     7.5741E-01     2.9046E+00     C29        27

 BOND    =        1.1978  ANGLE   =       28.4749  DIHED      =       15.0739
 VDWAALS =       -7.1367  EEL     =       22.8125  HBOND      =        0.0000
 1-4 VDW =        8.8838  1-4 EEL =        3.5922  RESTRAINT  =        0.0000


   NSTEP       ENERGY          RMS            GMAX         NAME    NUMBER
     48       7.2861E+01     1.0109E+00     4.2478E+00     C31        29

 BOND    =        1.1829  ANGLE   =       28.4841  DIHED      =       15.0871
 VDWAALS =       -7.1735  EEL     =       22.8181  HBOND      =        0.0000
 1-4 VDW =        8.8701  1-4 EEL =        3.5925  RESTRAINT  =        0.0000


   NSTEP       ENERGY          RMS            GMAX         NAME    NUMBER
     49       7.2841E+01     1.3683E+00     5.7584E+00     N33        31

 BOND    =        1.2369  ANGLE   =       28.4335  DIHED      =       15.0895
 VDWAALS =       -7.2076  EEL     =       22.8188  HBOND      =        0.0000
 1-4 VDW =        8.8776  1-4 EEL =        3.5919  RESTRAINT  =        0.0000


   NSTEP       ENERGY          RMS            GMAX         NAME    NUMBER
     50       7.2825E+01     1.6540E+00     7.9513E+00     C31        29

 BOND    =        1.2083  ANGLE   =       28.4800  DIHED      =       15.1048
 VDWAALS =       -7.2411  EEL     =       22.8241  HBOND      =        0.0000
 1-4 VDW =        8.8584  1-4 EEL =        3.5905  RESTRAINT  =        0.0000


   NSTEP       ENERGY          RMS            GMAX         NAME    NUMBER
     51       7.2825E+01     2.0491E+00     1.0433E+01     C31        29

 BOND    =        1.2900  ANGLE   =       28.3998  DIHED      =       15.1037
 VDWAALS =       -7.2579  EEL     =       22.8236  HBOND      =        0.0000
 1-4 VDW =        8.8724  1-4 EEL =        3.5935  RESTRAINT  =        0.0000


   NSTEP       ENERGY          RMS            GMAX         NAME    NUMBER
     52       7.4098E+01     7.7595E+00     4.2696E+01     C31        29

 BOND    =        2.2650  ANGLE   =       28.8127  DIHED      =       15.1427
 VDWAALS =       -7.3581  EEL     =       22.8349  HBOND      =        0.0000
 1-4 VDW =        8.8203  1-4 EEL =        3.5803  RESTRAINT  =        0.0000


   NSTEP       ENERGY          RMS            GMAX         NAME    NUMBER
     53       7.2715E+01     5.9578E-01     2.3248E+00     C29        27

 BOND    =        1.1842  ANGLE   =       28.4219  DIHED      =       15.1122
 VDWAALS =       -7.2802  EEL     =       22.8260  HBOND      =        0.0000
 1-4 VDW =        8.8601  1-4 EEL =        3.5906  RESTRAINT  =        0.0000


   NSTEP       ENERGY          RMS            GMAX         NAME    NUMBER
     54       7.2697E+01     5.7418E-01     2.3725E+00     C29        27

 BOND    =        1.1825  ANGLE   =       28.4140  DIHED      =       15.1166
 VDWAALS =       -7.2930  EEL     =       22.8271  HBOND      =        0.0000
 1-4 VDW =        8.8581  1-4 EEL =        3.5910  RESTRAINT  =        0.0000


   NSTEP       ENERGY          RMS            GMAX         NAME    NUMBER
     55       7.2607E+01     1.9152E+00     1.0929E+01     C24        22

 BOND    =        1.2394  ANGLE   =       28.3446  DIHED      =       15.1608
 VDWAALS =       -7.4087  EEL     =       22.8373  HBOND      =        0.0000
 1-4 VDW =        8.8397  1-4 EEL =        3.5944  RESTRAINT  =        0.0000


   NSTEP       ENERGY          RMS            GMAX         NAME    NUMBER
     56       7.2419E+01     1.7366E+00     8.4819E+00     C24        22

 BOND    =        1.2338  ANGLE   =       28.2606  DIHED      =       15.2164
 VDWAALS =       -7.5515  EEL     =       22.8498  HBOND      =        0.0000
 1-4 VDW =        8.8158  1-4 EEL =        3.5945  RESTRAINT  =        0.0000


   NSTEP       ENERGY          RMS            GMAX         NAME    NUMBER
     57       7.1606E+01     3.3590E+00     1.4175E+01     C24        22

 BOND    =        1.6314  ANGLE   =       27.3919  DIHED      =       16.0280
 VDWAALS =       -8.5895  EEL     =       22.9626  HBOND      =        0.0000
 1-4 VDW =        8.5908  1-4 EEL =        3.5909  RESTRAINT  =        0.0000


   NSTEP       ENERGY          RMS            GMAX         NAME    NUMBER
     58       7.2940E+01     7.4580E+00     3.0359E+01     N30        28

 BOND    =        3.0483  ANGLE   =       26.7614  DIHED      =       17.4762
 VDWAALS =       -9.3992  EEL     =       23.0998  HBOND      =        0.0000
 1-4 VDW =        8.4147  1-4 EEL =        3.5384  RESTRAINT  =        0.0000


   NSTEP       ENERGY          RMS            GMAX         NAME    NUMBER
     59       7.1284E+01     1.1851E+00     7.5824E+00     H291       50

 BOND    =        1.5463  ANGLE   =       27.0842  DIHED      =       16.4311
 VDWAALS =       -8.8965  EEL     =       23.0075  HBOND      =        0.0000
 1-4 VDW =        8.5356  1-4 EEL =        3.5758  RESTRAINT  =        0.0000


   NSTEP       ENERGY          RMS            GMAX         NAME    NUMBER
     60       7.1216E+01     8.3149E-01     4.4800E+00     H291       50

 BOND    =        1.4564  ANGLE   =       27.0997  DIHED      =       16.4232
 VDWAALS =       -8.9103  EEL     =       23.0282  HBOND      =        0.0000
 1-4 VDW =        8.5438  1-4 EEL =        3.5746  RESTRAINT  =        0.0000


   NSTEP       ENERGY          RMS            GMAX         NAME    NUMBER
     61       7.1173E+01     1.0402E+00     4.2480E+00     N30        28

 BOND    =        1.3717  ANGLE   =       27.1319  DIHED      =       16.4109
 VDWAALS =       -8.9321  EEL     =       23.0612  HBOND      =        0.0000
 1-4 VDW =        8.5570  1-4 EEL =        3.5728  RESTRAINT  =        0.0000


   NSTEP       ENERGY          RMS            GMAX         NAME    NUMBER
     62       7.1067E+01     1.0201E+00     5.2848E+00     C31        29

 BOND    =        1.3441  ANGLE   =       27.0839  DIHED      =       16.4591
 VDWAALS =       -9.0355  EEL     =       23.0912  HBOND      =        0.0000
 1-4 VDW =        8.5572  1-4 EEL =        3.5669  RESTRAINT  =        0.0000


   NSTEP       ENERGY          RMS            GMAX         NAME    NUMBER
     63       7.1061E+01     1.2806E+00     7.0479E+00     C31        29

 BOND    =        1.3546  ANGLE   =       27.0749  DIHED      =       16.4729
 VDWAALS =       -9.0630  EEL     =       23.0994  HBOND      =        0.0000
 1-4 VDW =        8.5572  1-4 EEL =        3.5652  RESTRAINT  =        0.0000


   NSTEP       ENERGY          RMS            GMAX         NAME    NUMBER
     64       7.0920E+01     1.0258E+00     3.7052E+00     N28        26

 BOND    =        1.3039  ANGLE   =       26.9164  DIHED      =       16.6472
 VDWAALS =       -9.2123  EEL     =       23.1248  HBOND      =        0.0000
 1-4 VDW =        8.5758  1-4 EEL =        3.5642  RESTRAINT  =        0.0000


   NSTEP       ENERGY          RMS            GMAX         NAME    NUMBER
     65       7.0910E+01     1.3157E+00     5.6587E+00     N33        31

 BOND    =        1.3151  ANGLE   =       26.8683  DIHED      =       16.7056
 VDWAALS =       -9.2568  EEL     =       23.1325  HBOND      =        0.0000
 1-4 VDW =        8.5817  1-4 EEL =        3.5638  RESTRAINT  =        0.0000


   NSTEP       ENERGY          RMS            GMAX         NAME    NUMBER
     66       7.0782E+01     1.6015E+00     8.2967E+00     C24        22

 BOND    =        1.2529  ANGLE   =       26.5316  DIHED      =       17.0837
 VDWAALS =       -9.4285  EEL     =       23.1686  HBOND      =        0.0000
 1-4 VDW =        8.5943  1-4 EEL =        3.5791  RESTRAINT  =        0.0000


   NSTEP       ENERGY          RMS            GMAX         NAME    NUMBER
     67       7.0779E+01     1.3627E+00     6.5835E+00     C24        22

 BOND    =        1.2465  ANGLE   =       26.5750  DIHED      =       17.0302
 VDWAALS =       -9.4067  EEL     =       23.1640  HBOND      =        0.0000
 1-4 VDW =        8.5926  1-4 EEL =        3.5771  RESTRAINT  =        0.0000


   NSTEP       ENERGY          RMS            GMAX         NAME    NUMBER
     68       7.0662E+01     1.3129E+00     5.6295E+00     C26        24

 BOND    =        1.2435  ANGLE   =       26.2460  DIHED      =       17.2753
 VDWAALS =       -9.4730  EEL     =       23.1580  HBOND      =        0.0000
 1-4 VDW =        8.5946  1-4 EEL =        3.6172  RESTRAINT  =        0.0000


   NSTEP       ENERGY          RMS            GMAX         NAME    NUMBER
     69       7.0660E+01     1.1712E+00     5.1137E+00     C26        24

 BOND    =        1.2337  ANGLE   =       26.2779  DIHED      =       17.2488
 VDWAALS =       -9.4664  EEL     =       23.1587  HBOND      =        0.0000
 1-4 VDW =        8.5944  1-4 EEL =        3.6131  RESTRAINT  =        0.0000


   NSTEP       ENERGY          RMS            GMAX         NAME    NUMBER
     70       7.0546E+01     8.7603E-01     2.7147E+00     C21        19

 BOND    =        1.2260  ANGLE   =       26.1422  DIHED      =       17.3411
 VDWAALS =       -9.4870  EEL     =       23.1071  HBOND      =        0.0000
 1-4 VDW =        8.5811  1-4 EEL =        3.6351  RESTRAINT  =        0.0000


   NSTEP       ENERGY          RMS            GMAX         NAME    NUMBER
     71       7.0535E+01     1.1101E+00     3.9645E+00     C32        30

 BOND    =        1.2460  ANGLE   =       26.0980  DIHED      =       17.3786
 VDWAALS =       -9.4945  EEL     =       23.0871  HBOND      =        0.0000
 1-4 VDW =        8.5761  1-4 EEL =        3.6435  RESTRAINT  =        0.0000


   NSTEP       ENERGY          RMS            GMAX         NAME    NUMBER
     72       7.0411E+01     1.1616E+00     3.8948E+00     C31        29

 BOND    =        1.2320  ANGLE   =       26.0063  DIHED      =       17.4093
 VDWAALS =       -9.4820  EEL     =       22.9888  HBOND      =        0.0000
 1-4 VDW =        8.5899  1-4 EEL =        3.6664  RESTRAINT  =        0.0000


   NSTEP       ENERGY          RMS            GMAX         NAME    NUMBER
     73       7.0410E+01     1.2654E+00     4.2713E+00     C31        29

 BOND    =        1.2381  ANGLE   =       25.9998  DIHED      =       17.4130
 VDWAALS =       -9.4808  EEL     =       22.9799  HBOND      =        0.0000
 1-4 VDW =        8.5911  1-4 EEL =        3.6685  RESTRAINT  =        0.0000


   NSTEP       ENERGY          RMS            GMAX         NAME    NUMBER
     74       7.0278E+01     1.2803E+00     6.3467E+00     C24        22

 BOND    =        1.2609  ANGLE   =       25.8142  DIHED      =       17.4723
 VDWAALS =       -9.4398  EEL     =       22.8727  HBOND      =        0.0000
 1-4 VDW =        8.5818  1-4 EEL =        3.7161  RESTRAINT  =        0.0000


   NSTEP       ENERGY          RMS            GMAX         NAME    NUMBER
     75       7.0278E+01     1.3381E+00     6.6884E+00     C24        22

 BOND    =        1.2662  ANGLE   =       25.8065  DIHED      =       17.4756
 VDWAALS =       -9.4378  EEL     =       22.8678  HBOND      =        0.0000
 1-4 VDW =        8.5814  1-4 EEL =        3.7183  RESTRAINT  =        0.0000


   NSTEP       ENERGY          RMS            GMAX         NAME    NUMBER
     76       7.0259E+01     1.1115E+00     4.8756E+00     C24        22

 BOND    =        1.2456  ANGLE   =       25.8082  DIHED      =       17.4756
 VDWAALS =       -9.4373  EEL     =       22.8684  HBOND      =        0.0000
 1-4 VDW =        8.5807  1-4 EEL =        3.7180  RESTRAINT  =        0.0000


   NSTEP       ENERGY          RMS            GMAX         NAME    NUMBER
     77       7.0241E+01     8.9857E-01     3.2901E+00     C32        30

 BOND    =        1.2257  ANGLE   =       25.8098  DIHED      =       17.4755
 VDWAALS =       -9.4365  EEL     =       22.8688  HBOND      =        0.0000
 1-4 VDW =        8.5799  1-4 EEL =        3.7176  RESTRAINT  =        0.0000


   NSTEP       ENERGY          RMS            GMAX         NAME    NUMBER
     78       7.0223E+01     7.3160E-01     2.5303E+00     C32        30

 BOND    =        1.2074  ANGLE   =       25.8107  DIHED      =       17.4753
 VDWAALS =       -9.4352  EEL     =       22.8689  HBOND      =        0.0000
 1-4 VDW =        8.5790  1-4 EEL =        3.7170  RESTRAINT  =        0.0000


   NSTEP       ENERGY          RMS            GMAX         NAME    NUMBER
     79       7.0205E+01     6.2172E-01     1.8485E+00     O14        14

 BOND    =        1.1923  ANGLE   =       25.8098  DIHED      =       17.4746
 VDWAALS =       -9.4334  EEL     =       22.8681  HBOND      =        0.0000
 1-4 VDW =        8.5781  1-4 EEL =        3.7159  RESTRAINT  =        0.0000


   NSTEP       ENERGY          RMS            GMAX         NAME    NUMBER
     80       7.2569E+01     6.9193E+00     3.0284E+01     C32        30

 BOND    =        3.1414  ANGLE   =       26.3600  DIHED      =       17.4646
 VDWAALS =       -9.3062  EEL     =       22.7563  HBOND      =        0.0000
 1-4 VDW =        8.5285  1-4 EEL =        3.6245  RESTRAINT  =        0.0000


   NSTEP       ENERGY          RMS            GMAX         NAME    NUMBER
     81       7.0132E+01     8.8175E-01     3.1925E+00     C22        20

 BOND    =        1.1593  ANGLE   =       25.7988  DIHED      =       17.4667
 VDWAALS =       -9.4158  EEL     =       22.8517  HBOND      =        0.0000
 1-4 VDW =        8.5688  1-4 EEL =        3.7021  RESTRAINT  =        0.0000


   NSTEP       ENERGY          RMS            GMAX         NAME    NUMBER
     82       7.0036E+01     6.2860E-01     2.0309E+00     C26        24

 BOND    =        1.1718  ANGLE   =       25.7856  DIHED      =       17.4475
 VDWAALS =       -9.4015  EEL     =       22.8087  HBOND      =        0.0000
 1-4 VDW =        8.5517  1-4 EEL =        3.6727  RESTRAINT  =        0.0000


   NSTEP       ENERGY          RMS            GMAX         NAME    NUMBER
     83       7.0028E+01     8.2160E-01     2.8147E+00     C26        24

 BOND    =        1.1910  ANGLE   =       25.7967  DIHED      =       17.4402
 VDWAALS =       -9.3951  EEL     =       22.7901  HBOND      =        0.0000
 1-4 VDW =        8.5450  1-4 EEL =        3.6601  RESTRAINT  =        0.0000


   NSTEP       ENERGY          RMS            GMAX         NAME    NUMBER
     84       7.0019E+01     1.6130E+00     5.7129E+00     N30        28

 BOND    =        1.2434  ANGLE   =       25.8871  DIHED      =       17.3960
 VDWAALS =       -9.3888  EEL     =       22.7354  HBOND      =        0.0000
 1-4 VDW =        8.5268  1-4 EEL =        3.6187  RESTRAINT  =        0.0000


   NSTEP       ENERGY          RMS            GMAX         NAME    NUMBER
     85       6.9981E+01     7.5663E-01     2.5560E+00     N30        28

 BOND    =        1.1857  ANGLE   =       25.8348  DIHED      =       17.4164
 VDWAALS =       -9.3920  EEL     =       22.7619  HBOND      =        0.0000
 1-4 VDW =        8.5353  1-4 EEL =        3.6387  RESTRAINT  =        0.0000


   NSTEP       ENERGY          RMS            GMAX         NAME    NUMBER
     86       6.9936E+01     7.4836E-01     3.1578E+00     N28        26

 BOND    =        1.2019  ANGLE   =       25.8182  DIHED      =       17.3887
 VDWAALS =       -9.3723  EEL     =       22.7474  HBOND      =        0.0000
 1-4 VDW =        8.5208  1-4 EEL =        3.6312  RESTRAINT  =        0.0000


   NSTEP       ENERGY          RMS            GMAX         NAME    NUMBER
     87       6.9936E+01     8.5078E-01     3.4581E+00     N28        26

 BOND    =        1.2075  ANGLE   =       25.8183  DIHED      =       17.3850
 VDWAALS =       -9.3696  EEL     =       22.7454  HBOND      =        0.0000
 1-4 VDW =        8.5189  1-4 EEL =        3.6301  RESTRAINT  =        0.0000


   NSTEP       ENERGY          RMS            GMAX         NAME    NUMBER
     88       6.9887E+01     9.1880E-01     4.9129E+00     C24        22

 BOND    =        1.2056  ANGLE   =       25.7873  DIHED      =       17.3518
 VDWAALS =       -9.3395  EEL     =       22.7425  HBOND      =        0.0000
 1-4 VDW =        8.5124  1-4 EEL =        3.6269  RESTRAINT  =        0.0000


   NSTEP       ENERGY          RMS            GMAX         NAME    NUMBER
     89       6.9887E+01     9.5737E-01     5.2506E+00     C24        22

 BOND    =        1.2071  ANGLE   =       25.7863  DIHED      =       17.3505
 VDWAALS =       -9.3382  EEL     =       22.7424  HBOND      =        0.0000
 1-4 VDW =        8.5121  1-4 EEL =        3.6268  RESTRAINT  =        0.0000


   NSTEP       ENERGY          RMS            GMAX         NAME    NUMBER
     90       6.9825E+01     7.9748E-01     3.0814E+00     C29        27

 BOND    =        1.1899  ANGLE   =       25.7461  DIHED      =       17.3201
 VDWAALS =       -9.3167  EEL     =       22.7254  HBOND      =        0.0000
 1-4 VDW =        8.5323  1-4 EEL =        3.6280  RESTRAINT  =        0.0000


   NSTEP       ENERGY          RMS            GMAX         NAME    NUMBER
     91       6.9820E+01     1.1050E+00     3.7456E+00     N28        26

 BOND    =        1.2017  ANGLE   =       25.7302  DIHED      =       17.3072
 VDWAALS =       -9.3063  EEL     =       22.7178  HBOND      =        0.0000
 1-4 VDW =        8.5412  1-4 EEL =        3.6285  RESTRAINT  =        0.0000


   NSTEP       ENERGY          RMS            GMAX         NAME    NUMBER
     92       6.9729E+01     8.5727E-01     3.0709E+00     H291       50

 BOND    =        1.2332  ANGLE   =       25.6548  DIHED      =       17.2593
 VDWAALS =       -9.2843  EEL     =       22.6598  HBOND      =        0.0000
 1-4 VDW =        8.5661  1-4 EEL =        3.6400  RESTRAINT  =        0.0000


   NSTEP       ENERGY          RMS            GMAX         NAME    NUMBER
     93       6.9722E+01     1.1005E+00     4.3076E+00     H291       50

 BOND    =        1.2672  ANGLE   =       25.6297  DIHED      =       17.2428
 VDWAALS =       -9.2749  EEL     =       22.6359  HBOND      =        0.0000
 1-4 VDW =        8.5763  1-4 EEL =        3.6447  RESTRAINT  =        0.0000


   NSTEP       ENERGY          RMS            GMAX         NAME    NUMBER
     94       6.9587E+01     9.7495E-01     4.1448E+00     H291       50

 BOND    =        1.2455  ANGLE   =       25.5935  DIHED      =       17.1698
 VDWAALS =       -9.2665  EEL     =       22.5509  HBOND      =        0.0000
 1-4 VDW =        8.6204  1-4 EEL =        3.6734  RESTRAINT  =        0.0000


   NSTEP       ENERGY          RMS            GMAX         NAME    NUMBER
     95       6.9573E+01     1.3186E+00     4.7304E+00     C31        29

 BOND    =        1.2643  ANGLE   =       25.5882  DIHED      =       17.1431
 VDWAALS =       -9.2619  EEL     =       22.5121  HBOND      =        0.0000
 1-4 VDW =        8.6407  1-4 EEL =        3.6864  RESTRAINT  =        0.0000


   NSTEP       ENERGY          RMS            GMAX         NAME    NUMBER
     96       6.9471E+01     1.2484E+00     4.3269E+00     C18        17

 BOND    =        1.0669  ANGLE   =       25.7016  DIHED      =       17.0974
 VDWAALS =       -9.2504  EEL     =       22.4280  HBOND      =        0.0000
 1-4 VDW =        8.6941  1-4 EEL =        3.7331  RESTRAINT  =        0.0000


   NSTEP       ENERGY          RMS            GMAX         NAME    NUMBER
     97       6.9459E+01     8.8160E-01     2.7767E+00     C18        17

 BOND    =        1.0886  ANGLE   =       25.6678  DIHED      =       17.1050
 VDWAALS =       -9.2536  EEL     =       22.4487  HBOND      =        0.0000
 1-4 VDW =        8.6808  1-4 EEL =        3.7217  RESTRAINT  =        0.0000


   NSTEP       ENERGY          RMS            GMAX         NAME    NUMBER
     98       6.9396E+01     7.4406E-01     2.2552E+00     C29        27

 BOND    =        1.0155  ANGLE   =       25.6878  DIHED      =       17.0982
 VDWAALS =       -9.2487  EEL     =       22.4067  HBOND      =        0.0000
 1-4 VDW =        8.6953  1-4 EEL =        3.7411  RESTRAINT  =        0.0000


   NSTEP       ENERGY          RMS            GMAX         NAME    NUMBER
     99       6.9393E+01     9.1562E-01     2.9647E+00     C24        22

 BOND    =        1.0056  ANGLE   =       25.6964  DIHED      =       17.0971
 VDWAALS =       -9.2473  EEL     =       22.3953  HBOND      =        0.0000
 1-4 VDW =        8.6993  1-4 EEL =        3.7464  RESTRAINT  =        0.0000


   NSTEP       ENERGY          RMS            GMAX         NAME    NUMBER
    100       6.9335E+01     1.0696E+00     5.6412E+00     C24        22

 BOND    =        0.9658  ANGLE   =       25.6996  DIHED      =       17.1036
 VDWAALS =       -9.2362  EEL     =       22.3108  HBOND      =        0.0000
 1-4 VDW =        8.7182  1-4 EEL =        3.7733  RESTRAINT  =        0.0000


  Maximum number of minimization cycles reached.


                    FINAL RESULTS



   NSTEP       ENERGY          RMS            GMAX         NAME    NUMBER
    100       6.9335E+01     1.0696E+00     5.6412E+00     C24        22

 BOND    =        0.9658  ANGLE   =       25.6996  DIHED      =       17.1036
 VDWAALS =       -9.2362  EEL     =       22.3108  HBOND      =        0.0000
 1-4 VDW =        8.7182  1-4 EEL =        3.7733  RESTRAINT  =        0.0000

--------------------------------------------------------------------------------
   5.  TIMINGS
--------------------------------------------------------------------------------

|    Read coords time           0.00 ( 0.41% of Total)
|    Fast Water setup           0.00 ( 0.01% of Total)
|                Build the list             0.00 (91.30% of List )
|                Other                      0.00 ( 8.70% of List )
|             List time                  0.00 ( 5.60% of Nonbo)
|                   Short_ene time             0.01 (98.94% of Direc)
|                   Other                      0.00 ( 1.06% of Direc)
|                Direct Ewald time          0.01 (91.99% of Ewald)
|                Force Adjust               0.00 ( 0.13% of Ewald)
|                Virial junk                0.00 ( 0.20% of Ewald)
|                Start synchronizatio       0.00 ( 0.35% of Ewald)
|                Other                      0.00 ( 7.33% of Ewald)
|             Ewald time                 0.01 (93.94% of Nonbo)
|             IPS excludes               0.00 ( 0.07% of Nonbo)
|             Other                      0.00 ( 0.39% of Nonbo)
|          Nonbond force              0.01 (63.80% of Force)
|          Bond/Angle/Dihedral        0.01 (35.38% of Force)
|          Other                      0.00 ( 0.82% of Force)
|       Force time                 0.02 (100.0% of Runmd)
|    Runmd Time                 0.02 (31.18% of Total)
|    Other                      0.03 (68.40% of Total)
| Total time                 0.05 (99.21% of ALL  )

| Number of list builds   :          1

| Highest rstack allocated:        240
| Highest istack allocated:         48
|           Job began  at 15:18:50.310  on 04/20/2016
|           Setup done at 15:18:50.317  on 04/20/2016
|           Run   done at 15:18:50.359  on 04/20/2016
|     wallclock() was called    2335 times
