
          -------------------------------------------------------
          Amber 14 SANDER                              2014
          -------------------------------------------------------

| Run on 12/05/2014 at 20:56:33

|   Executable path: sander
| Working directory: /net/casegroup2/u2/pjanowsk/Phenix/AmberLibrary/h
|          Hostname: krakow

  [-O]verwriting output

File Assignments:
|  MDIN: sander.in                                                             
| MDOUT: HBI.min_igb.out                                                       
|INPCRD: HBI.rst7                                                              
|  PARM: HBI.prmtop                                                            
|RESTRT: HBI.min_igb.rst7                                                      
|  REFC: refc                                                                  
| MDVEL: mdvel                                                                 
| MDFRC: mdfrc                                                                 
|  MDEN: mden                                                                  
| MDCRD: mdcrd                                                                 
|MDINFO: mdinfo                                                                
|  MTMD: mtmd                                                                  
|INPDIP: inpdip                                                                
|RSTDIP: rstdip                                                                
|INPTRA: inptraj                                                               


 Here is the input file:

  short minimization                                                           
 &cntrl                                                                        
   imin=1, maxcyc=100, ncyc=50, ntpr=1, cut=99., ntb=0, igb=2                  
 /                                                                             

--------------------------------------------------------------------------------
   1.  RESOURCE   USE: 
--------------------------------------------------------------------------------

| Flags:                                                                        
| New format PARM file being parsed.
| Version =    1.000 Date = 12/05/14 Time = 20:56:33
 NATOM  =      31 NTYPES =       9 NBONH =      14 MBONA  =      18
 NTHETH =      29 MTHETA =      26 NPHIH =      54 MPHIA  =      39
 NHPARM =       0 NPARM  =       0 NNB   =     163 NRES   =       1
 NBONA  =      18 NTHETA =      26 NPHIA =      39 NUMBND =      21
 NUMANG =      37 NPTRA  =      20 NATYP =      16 NPHB   =       0
 IFBOX  =       0 NMXRS  =      31 IFCAP =       0 NEXTRA =       0
 NCOPY  =       0

 Implicit solvent radii are H(N)-modified Bondi radii (mbondi2)                                             

|     Memory Use     Allocated
|     Real                5882
|     Hollerith             96
|     Integer            21569
|     Max Pairs              1
|     nblistReal             0
|     nblist Int             0
|       Total              130 kbytes

| Note: 1-4 EEL scale factors are being read from the topology file.

| Note: 1-4 VDW scale factors are being read from the topology file.
| Duplicated    0 dihedrals
| Duplicated    0 dihedrals

--------------------------------------------------------------------------------
   2.  CONTROL  DATA  FOR  THE  RUN
--------------------------------------------------------------------------------

HBI                                                                             

General flags:
     imin    =       1, nmropt  =       0

Nature and format of input:
     ntx     =       1, irest   =       0, ntrx    =       1

Nature and format of output:
     ntxo    =       1, ntpr    =       1, ntrx    =       1, ntwr    =     500
     iwrap   =       0, ntwx    =       0, ntwv    =       0, ntwe    =       0
     ioutfm  =       0, ntwprt  =       0, idecomp =       0, rbornstat=      0

Potential function:
     ntf     =       1, ntb     =       0, igb     =       2, nsnb    =      25
     ipol    =       0, gbsa    =       0, iesp    =       0
     dielc   =   1.00000, cut     =  99.00000, intdiel =   1.00000
     saltcon =   0.00000, offset  =   0.09000, gbalpha=    0.80000
     gbbeta  =   0.00000, gbgamma =   2.90912, surften =   0.00500
     rdt     =   0.00000, rgbmax  =  25.00000  extdiel =  78.50000
     alpb  =        0

Frozen or restrained atoms:
     ibelly  =       0, ntr     =       0

Energy minimization:
     maxcyc  =     100, ncyc    =      50, ntmin   =       1
     dx0     =   0.01000, drms    =   0.00010
|  INFO: Old style inpcrd file read


--------------------------------------------------------------------------------
   3.  ATOMIC COORDINATES AND VELOCITIES
--------------------------------------------------------------------------------

HBI                                                                             
 begin time read from input coords =     0.000 ps

 Number of triangulated 3-point waters found:        0

--------------------------------------------------------------------------------
   4.  RESULTS
--------------------------------------------------------------------------------



   NSTEP       ENERGY          RMS            GMAX         NAME    NUMBER
      1      -1.8828E+02     2.4271E+01     9.7792E+01     C4          5

 BOND    =       10.1635  ANGLE   =       11.0839  DIHED      =        9.2280
 VDWAALS =       -1.3262  EEL     =      175.9903  EGB        =      -85.3759
 1-4 VDW =       12.0107  1-4 EEL =     -320.0580  RESTRAINT  =        0.0000


   NSTEP       ENERGY          RMS            GMAX         NAME    NUMBER
      2      -1.9091E+02     2.1212E+01     8.4906E+01     C4          5

 BOND    =        8.4495  ANGLE   =       10.3802  DIHED      =        9.2258
 VDWAALS =       -1.3351  EEL     =      176.0480  EGB        =      -85.6222
 1-4 VDW =       12.0445  1-4 EEL =     -320.1045  RESTRAINT  =        0.0000


   NSTEP       ENERGY          RMS            GMAX         NAME    NUMBER
      3      -1.9361E+02     1.7702E+01     6.9810E+01     C4          5

 BOND    =        6.7545  ANGLE   =        9.6452  DIHED      =        9.2232
 VDWAALS =       -1.3470  EEL     =      176.1233  EGB        =      -85.9146
 1-4 VDW =       12.0861  1-4 EEL =     -320.1826  RESTRAINT  =        0.0000


   NSTEP       ENERGY          RMS            GMAX         NAME    NUMBER
      4      -1.9623E+02     1.3814E+01     5.2473E+01     C4          5

 BOND    =        5.2131  ANGLE   =        8.9152  DIHED      =        9.2199
 VDWAALS =       -1.3634  EEL     =      176.2246  EGB        =      -86.2566
 1-4 VDW =       12.1365  1-4 EEL =     -320.3173  RESTRAINT  =        0.0000


   NSTEP       ENERGY          RMS            GMAX         NAME    NUMBER
      5      -1.9857E+02     9.8784E+00     3.3497E+01     C4          5

 BOND    =        3.9970  ANGLE   =        8.2443  DIHED      =        9.2158
 VDWAALS =       -1.3871  EEL     =      176.3668  EGB        =      -86.6413
 1-4 VDW =       12.1957  1-4 EEL =     -320.5602  RESTRAINT  =        0.0000


   NSTEP       ENERGY          RMS            GMAX         NAME    NUMBER
      6      -2.0049E+02     6.7584E+00     1.7532E+01     C4A         7

 BOND    =        3.2278  ANGLE   =        7.6987  DIHED      =        9.2104
 VDWAALS =       -1.4238  EEL     =      176.5775  EGB        =      -87.0230
 1-4 VDW =       12.2581  1-4 EEL =     -321.0197  RESTRAINT  =        0.0000


   NSTEP       ENERGY          RMS            GMAX         NAME    NUMBER
      7      -2.0213E+02     4.9967E+00     1.3966E+01     H3         20

 BOND    =        2.7335  ANGLE   =        7.3387  DIHED      =        9.2027
 VDWAALS =       -1.4807  EEL     =      176.8892  EGB        =      -87.2531
 1-4 VDW =       12.3006  1-4 EEL =     -321.8571  RESTRAINT  =        0.0000


   NSTEP       ENERGY          RMS            GMAX         NAME    NUMBER
      8      -2.0360E+02     3.8130E+00     1.0174E+01     HO9        25

 BOND    =        2.3002  ANGLE   =        7.1781  DIHED      =        9.1904
 VDWAALS =       -1.5582  EEL     =      177.3015  EGB        =      -87.2834
 1-4 VDW =       12.3015  1-4 EEL =     -323.0319  RESTRAINT  =        0.0000


   NSTEP       ENERGY          RMS            GMAX         NAME    NUMBER
      9      -2.0494E+02     3.1668E+00     8.5878E+00     H8         21

 BOND    =        2.2452  ANGLE   =        6.9974  DIHED      =        9.1674
 VDWAALS =       -1.6551  EEL     =      177.7984  EGB        =      -87.3987
 1-4 VDW =       12.2499  1-4 EEL =     -324.3441  RESTRAINT  =        0.0000


   NSTEP       ENERGY          RMS            GMAX         NAME    NUMBER
     10      -2.0579E+02     5.4078E+00     2.2697E+01     N3          4

 BOND    =        2.3324  ANGLE   =        7.1483  DIHED      =        9.1407
 VDWAALS =       -1.7556  EEL     =      178.3529  EGB        =      -86.8765
 1-4 VDW =       11.9440  1-4 EEL =     -326.0731  RESTRAINT  =        0.0000


   NSTEP       ENERGY          RMS            GMAX         NAME    NUMBER
     11      -2.0420E+02     1.3013E+01     5.6947E+01     N3          4

 BOND    =        4.8764  ANGLE   =        7.1637  DIHED      =        9.1255
 VDWAALS =       -1.8094  EEL     =      178.7909  EGB        =      -88.0881
 1-4 VDW =       12.1447  1-4 EEL =     -326.4054  RESTRAINT  =        0.0000


   NSTEP       ENERGY          RMS            GMAX         NAME    NUMBER
     12      -2.0664E+02     3.7143E+00     1.4792E+01     N3          4

 BOND    =        2.7411  ANGLE   =        6.7729  DIHED      =        9.1245
 VDWAALS =       -1.8187  EEL     =      178.7597  EGB        =      -87.3448
 1-4 VDW =       11.9368  1-4 EEL =     -326.8163  RESTRAINT  =        0.0000


   NSTEP       ENERGY          RMS            GMAX         NAME    NUMBER
     13      -2.0648E+02     6.9190E+00     3.0473E+01     N3          4

 BOND    =        2.7395  ANGLE   =        7.2418  DIHED      =        9.1176
 VDWAALS =       -1.8572  EEL     =      178.9888  EGB        =      -86.6072
 1-4 VDW =       11.6566  1-4 EEL =     -327.7554  RESTRAINT  =        0.0000


   NSTEP       ENERGY          RMS            GMAX         NAME    NUMBER
     14      -2.0723E+02     2.0703E+00     5.6881E+00     H8         21

 BOND    =        2.5404  ANGLE   =        6.9032  DIHED      =        9.1149
 VDWAALS =       -1.8665  EEL     =      179.0726  EGB        =      -86.9810
 1-4 VDW =       11.7299  1-4 EEL =     -327.7394  RESTRAINT  =        0.0000


   NSTEP       ENERGY          RMS            GMAX         NAME    NUMBER
     15      -2.0746E+02     2.9513E+00     1.2073E+01     N3          4

 BOND    =        2.9692  ANGLE   =        6.7134  DIHED      =        9.1072
 VDWAALS =       -1.9024  EEL     =      179.2854  EGB        =      -87.1384
 1-4 VDW =       11.7088  1-4 EEL =     -328.2019  RESTRAINT  =        0.0000


   NSTEP       ENERGY          RMS            GMAX         NAME    NUMBER
     16      -2.0747E+02     4.6882E+00     2.0191E+01     N3          4

 BOND    =        2.7713  ANGLE   =        7.1281  DIHED      =        9.1031
 VDWAALS =       -1.9298  EEL     =      179.4825  EGB        =      -86.6480
 1-4 VDW =       11.5036  1-4 EEL =     -328.8789  RESTRAINT  =        0.0000


   NSTEP       ENERGY          RMS            GMAX         NAME    NUMBER
     17      -2.0753E+02     5.2368E+00     2.3401E+01     N3          4

 BOND    =        3.4744  ANGLE   =        6.7126  DIHED      =        9.0980
 VDWAALS =       -1.9478  EEL     =      179.5953  EGB        =      -87.2214
 1-4 VDW =       11.6455  1-4 EEL =     -328.8877  RESTRAINT  =        0.0000


   NSTEP       ENERGY          RMS            GMAX         NAME    NUMBER
     18      -2.0739E+02     6.7620E+00     2.8766E+01     N3          4

 BOND    =        3.1460  ANGLE   =        7.2311  DIHED      =        9.0967
 VDWAALS =       -1.9684  EEL     =      179.6930  EGB        =      -86.4281
 1-4 VDW =       11.3672  1-4 EEL =     -329.5318  RESTRAINT  =        0.0000


   NSTEP       ENERGY          RMS            GMAX         NAME    NUMBER
     19      -2.0811E+02     1.5163E+00     4.3488E+00     H8         21

 BOND    =        2.9406  ANGLE   =        6.8934  DIHED      =        9.0943
 VDWAALS =       -1.9743  EEL     =      179.7623  EGB        =      -86.8011
 1-4 VDW =       11.4630  1-4 EEL =     -329.4850  RESTRAINT  =        0.0000


   NSTEP       ENERGY          RMS            GMAX         NAME    NUMBER
     20      -2.0826E+02     2.8558E+00     1.2338E+01     N3          4

 BOND    =        3.4155  ANGLE   =        6.7155  DIHED      =        9.0873
 VDWAALS =       -2.0099  EEL     =      179.9676  EGB        =      -86.9230
 1-4 VDW =       11.4368  1-4 EEL =     -329.9515  RESTRAINT  =        0.0000


   NSTEP       ENERGY          RMS            GMAX         NAME    NUMBER
     21      -2.0809E+02     5.2632E+00     2.2298E+01     N3          4

 BOND    =        3.1451  ANGLE   =        7.2954  DIHED      =        9.0856
 VDWAALS =       -2.0311  EEL     =      180.1236  EGB        =      -86.4249
 1-4 VDW =       11.2390  1-4 EEL =     -330.5222  RESTRAINT  =        0.0000


   NSTEP       ENERGY          RMS            GMAX         NAME    NUMBER
     22      -2.0852E+02     1.4936E+00     4.1704E+00     C4          5

 BOND    =        3.1517  ANGLE   =        6.9655  DIHED      =        9.0837
 VDWAALS =       -2.0355  EEL     =      180.1447  EGB        =      -86.6633
 1-4 VDW =       11.3082  1-4 EEL =     -330.4748  RESTRAINT  =        0.0000


   NSTEP       ENERGY          RMS            GMAX         NAME    NUMBER
     23      -2.0858E+02     2.5443E+00     1.1158E+01     N3          4

 BOND    =        3.5730  ANGLE   =        6.7521  DIHED      =        9.0796
 VDWAALS =       -2.0568  EEL     =      180.2402  EGB        =      -86.8076
 1-4 VDW =       11.3156  1-4 EEL =     -330.6808  RESTRAINT  =        0.0000


   NSTEP       ENERGY          RMS            GMAX         NAME    NUMBER
     24      -2.0859E+02     3.3914E+00     1.3905E+01     N3          4

 BOND    =        3.2290  ANGLE   =        7.1794  DIHED      =        9.0784
 VDWAALS =       -2.0710  EEL     =      180.3534  EGB        =      -86.4577
 1-4 VDW =       11.1815  1-4 EEL =     -331.0834  RESTRAINT  =        0.0000


   NSTEP       ENERGY          RMS            GMAX         NAME    NUMBER
     25      -2.0860E+02     3.9459E+00     1.7437E+01     N3          4

 BOND    =        3.8502  ANGLE   =        6.7564  DIHED      =        9.0748
 VDWAALS =       -2.0819  EEL     =      180.3895  EGB        =      -86.8466
 1-4 VDW =       11.2896  1-4 EEL =     -331.0304  RESTRAINT  =        0.0000


   NSTEP       ENERGY          RMS            GMAX         NAME    NUMBER
     26      -2.0853E+02     4.9450E+00     2.0163E+01     N3          4

 BOND    =        3.4191  ANGLE   =        7.2847  DIHED      =        9.0753
 VDWAALS =       -2.0956  EEL     =      180.4618  EGB        =      -86.3110
 1-4 VDW =       11.0904  1-4 EEL =     -331.4555  RESTRAINT  =        0.0000


   NSTEP       ENERGY          RMS            GMAX         NAME    NUMBER
     27      -2.0892E+02     1.0611E+00     2.8981E+00     H23        31

 BOND    =        3.4206  ANGLE   =        6.9952  DIHED      =        9.0732
 VDWAALS =       -2.0987  EEL     =      180.4899  EGB        =      -86.5614
 1-4 VDW =       11.1691  1-4 EEL =     -331.4037  RESTRAINT  =        0.0000


   NSTEP       ENERGY          RMS            GMAX         NAME    NUMBER
     28      -2.0900E+02     2.0445E+00     8.9417E+00     N3          4

 BOND    =        3.7664  ANGLE   =        6.8448  DIHED      =        9.0689
 VDWAALS =       -2.1232  EEL     =      180.5868  EGB        =      -86.6350
 1-4 VDW =       11.1496  1-4 EEL =     -331.6597  RESTRAINT  =        0.0000


   NSTEP       ENERGY          RMS            GMAX         NAME    NUMBER
     29      -2.0890E+02     3.9104E+00     1.6610E+01     N3          4

 BOND    =        3.4374  ANGLE   =        7.3646  DIHED      =        9.0678
 VDWAALS =       -2.1365  EEL     =      180.7068  EGB        =      -86.2964
 1-4 VDW =       11.0294  1-4 EEL =     -332.0727  RESTRAINT  =        0.0000


   NSTEP       ENERGY          RMS            GMAX         NAME    NUMBER
     30      -2.0914E+02     1.1271E+00     3.4894E+00     C4          5

 BOND    =        3.5399  ANGLE   =        7.0854  DIHED      =        9.0665
 VDWAALS =       -2.1399  EEL     =      180.6970  EGB        =      -86.4588
 1-4 VDW =       11.0729  1-4 EEL =     -332.0028  RESTRAINT  =        0.0000


   NSTEP       ENERGY          RMS            GMAX         NAME    NUMBER
     31      -2.0917E+02     1.9029E+00     8.2934E+00     N3          4

 BOND    =        3.8675  ANGLE   =        6.8907  DIHED      =        9.0640
 VDWAALS =       -2.1543  EEL     =      180.7263  EGB        =      -86.5590
 1-4 VDW =       11.0769  1-4 EEL =     -332.0866  RESTRAINT  =        0.0000


   NSTEP       ENERGY          RMS            GMAX         NAME    NUMBER
     32      -2.0918E+02     2.4722E+00     9.9176E+00     N3          4

 BOND    =        3.5360  ANGLE   =        7.2678  DIHED      =        9.0632
 VDWAALS =       -2.1629  EEL     =      180.8090  EGB        =      -86.3190
 1-4 VDW =       10.9980  1-4 EEL =     -332.3752  RESTRAINT  =        0.0000


   NSTEP       ENERGY          RMS            GMAX         NAME    NUMBER
     33      -2.0919E+02     2.9173E+00     1.3084E+01     N3          4

 BOND    =        4.0507  ANGLE   =        6.8812  DIHED      =        9.0609
 VDWAALS =       -2.1714  EEL     =      180.7980  EGB        =      -86.5857
 1-4 VDW =       11.0606  1-4 EEL =     -332.2819  RESTRAINT  =        0.0000


   NSTEP       ENERGY          RMS            GMAX         NAME    NUMBER
     34      -2.0916E+02     3.6239E+00     1.5010E+01     N3          4

 BOND    =        3.6158  ANGLE   =        7.3669  DIHED      =        9.0612
 VDWAALS =       -2.1796  EEL     =      180.8655  EGB        =      -86.2094
 1-4 VDW =       10.9397  1-4 EEL =     -332.6169  RESTRAINT  =        0.0000


   NSTEP       ENERGY          RMS            GMAX         NAME    NUMBER
     35      -2.0937E+02     8.0980E-01     2.3177E+00     H23        31

 BOND    =        3.7149  ANGLE   =        7.1199  DIHED      =        9.0597
 VDWAALS =       -2.1823  EEL     =      180.8665  EGB        =      -86.3870
 1-4 VDW =       10.9883  1-4 EEL =     -332.5473  RESTRAINT  =        0.0000


   NSTEP       ENERGY          RMS            GMAX         NAME    NUMBER
     36      -2.0942E+02     1.4298E+00     5.8792E+00     N3          4

 BOND    =        3.9573  ANGLE   =        6.9964  DIHED      =        9.0570
 VDWAALS =       -2.1991  EEL     =      180.8990  EGB        =      -86.4233
 1-4 VDW =       10.9709  1-4 EEL =     -332.6829  RESTRAINT  =        0.0000


   NSTEP       ENERGY          RMS            GMAX         NAME    NUMBER
     37      -2.0938E+02     2.8389E+00     1.2539E+01     C4          5

 BOND    =        3.6375  ANGLE   =        7.4364  DIHED      =        9.0558
 VDWAALS =       -2.2080  EEL     =      180.9961  EGB        =      -86.2085
 1-4 VDW =       10.9061  1-4 EEL =     -332.9922  RESTRAINT  =        0.0000


   NSTEP       ENERGY          RMS            GMAX         NAME    NUMBER
     38      -2.0951E+02     8.5235E-01     2.5898E+00     C4          5

 BOND    =        3.7813  ANGLE   =        7.2014  DIHED      =        9.0551
 VDWAALS =       -2.2110  EEL     =      180.9710  EGB        =      -86.3112
 1-4 VDW =       10.9273  1-4 EEL =     -332.9211  RESTRAINT  =        0.0000


   NSTEP       ENERGY          RMS            GMAX         NAME    NUMBER
     39      -2.0954E+02     1.3270E+00     5.3018E+00     N3          4

 BOND    =        4.0175  ANGLE   =        7.0459  DIHED      =        9.0535
 VDWAALS =       -2.2212  EEL     =      180.9698  EGB        =      -86.3636
 1-4 VDW =       10.9228  1-4 EEL =     -332.9605  RESTRAINT  =        0.0000


   NSTEP       ENERGY          RMS            GMAX         NAME    NUMBER
     40      -2.0954E+02     1.8185E+00     7.7574E+00     C4          5

 BOND    =        3.7354  ANGLE   =        7.3656  DIHED      =        9.0525
 VDWAALS =       -2.2271  EEL     =      181.0368  EGB        =      -86.2136
 1-4 VDW =       10.8825  1-4 EEL =     -333.1758  RESTRAINT  =        0.0000


   NSTEP       ENERGY          RMS            GMAX         NAME    NUMBER
     41      -2.0955E+02     2.1031E+00     9.0143E+00     N3          4

 BOND    =        4.1637  ANGLE   =        7.0147  DIHED      =        9.0512
 VDWAALS =       -2.2342  EEL     =      180.9985  EGB        =      -86.3776
 1-4 VDW =       10.9077  1-4 EEL =     -333.0777  RESTRAINT  =        0.0000


   NSTEP       ENERGY          RMS            GMAX         NAME    NUMBER
     42      -2.0954E+02     2.6410E+00     1.1247E+01     C4          5

 BOND    =        3.7464  ANGLE   =        7.4674  DIHED      =        9.0509
 VDWAALS =       -2.2387  EEL     =      181.0693  EGB        =      -86.1332
 1-4 VDW =       10.8476  1-4 EEL =     -333.3504  RESTRAINT  =        0.0000


   NSTEP       ENERGY          RMS            GMAX         NAME    NUMBER
     43      -2.0966E+02     6.4929E-01     1.8959E+00     H23        31

 BOND    =        3.8961  ANGLE   =        7.2429  DIHED      =        9.0500
 VDWAALS =       -2.2415  EEL     =      181.0522  EGB        =      -86.2493
 1-4 VDW =       10.8695  1-4 EEL =     -333.2762  RESTRAINT  =        0.0000


   NSTEP       ENERGY          RMS            GMAX         NAME    NUMBER
     44      -2.0970E+02     1.0094E+00     3.5319E+00     N3          4

 BOND    =        4.0633  ANGLE   =        7.1480  DIHED      =        9.0484
 VDWAALS =       -2.2528  EEL     =      181.0525  EGB        =      -86.2577
 1-4 VDW =       10.8548  1-4 EEL =     -333.3525  RESTRAINT  =        0.0000


   NSTEP       ENERGY          RMS            GMAX         NAME    NUMBER
     45      -2.0968E+02     2.0097E+00     9.3180E+00     C4          5

 BOND    =        3.7963  ANGLE   =        7.4966  DIHED      =        9.0467
 VDWAALS =       -2.2590  EEL     =      181.1351  EGB        =      -86.1447
 1-4 VDW =       10.8231  1-4 EEL =     -333.5757  RESTRAINT  =        0.0000


   NSTEP       ENERGY          RMS            GMAX         NAME    NUMBER
     46      -2.0975E+02     6.3842E-01     1.8092E+00     N8          9

 BOND    =        3.9399  ANGLE   =        7.3055  DIHED      =        9.0465
 VDWAALS =       -2.2617  EEL     =      181.0996  EGB        =      -86.1924
 1-4 VDW =       10.8303  1-4 EEL =     -333.5178  RESTRAINT  =        0.0000


   NSTEP       ENERGY          RMS            GMAX         NAME    NUMBER
     47      -2.0978E+02     8.6933E-01     2.9681E+00     C8A         8

 BOND    =        4.0891  ANGLE   =        7.2090  DIHED      =        9.0455
 VDWAALS =       -2.2691  EEL     =      181.0922  EGB        =      -86.2096
 1-4 VDW =       10.8209  1-4 EEL =     -333.5534  RESTRAINT  =        0.0000


   NSTEP       ENERGY          RMS            GMAX         NAME    NUMBER
     48      -2.0979E+02     1.3187E+00     5.0413E+00     C4          5

 BOND    =        3.8790  ANGLE   =        7.4481  DIHED      =        9.0442
 VDWAALS =       -2.2737  EEL     =      181.1382  EGB        =      -86.1224
 1-4 VDW =       10.8041  1-4 EEL =     -333.7026  RESTRAINT  =        0.0000


   NSTEP       ENERGY          RMS            GMAX         NAME    NUMBER
     49      -2.0979E+02     1.5411E+00     5.5825E+00     C8A         8

 BOND    =        4.2258  ANGLE   =        7.1630  DIHED      =        9.0437
 VDWAALS =       -2.2796  EEL     =      181.1022  EGB        =      -86.2152
 1-4 VDW =       10.8030  1-4 EEL =     -333.6372  RESTRAINT  =        0.0000


   NSTEP       ENERGY          RMS            GMAX         NAME    NUMBER
     50      -2.0979E+02     1.9246E+00     8.2706E+00     N3          4

 BOND    =        3.8551  ANGLE   =        7.5408  DIHED      =        9.0427
 VDWAALS =       -2.2819  EEL     =      181.1490  EGB        =      -86.0613
 1-4 VDW =       10.7896  1-4 EEL =     -333.8263  RESTRAINT  =        0.0000


   NSTEP       ENERGY          RMS            GMAX         NAME    NUMBER
     51      -2.0986E+02     5.3696E-01     1.5588E+00     H23        31

 BOND    =        4.0140  ANGLE   =        7.3590  DIHED      =        9.0424
 VDWAALS =       -2.2846  EEL     =      181.1404  EGB        =      -86.1364
 1-4 VDW =       10.7868  1-4 EEL =     -333.7773  RESTRAINT  =        0.0000


   NSTEP       ENERGY          RMS            GMAX         NAME    NUMBER
     52      -2.0324E+02     2.1252E+01     1.0317E+02     C4          5

 BOND    =       12.2445  ANGLE   =        7.4816  DIHED      =        9.0223
 VDWAALS =       -2.4508  EEL     =      180.5021  EGB        =      -85.6798
 1-4 VDW =       10.6947  1-4 EEL =     -335.0539  RESTRAINT  =        0.0000


   NSTEP       ENERGY          RMS            GMAX         NAME    NUMBER
     53      -2.0989E+02     1.3049E+00     5.7636E+00     C4          5

 BOND    =        4.2022  ANGLE   =        7.2509  DIHED      =        9.0404
 VDWAALS =       -2.2975  EEL     =      181.1002  EGB        =      -86.1049
 1-4 VDW =       10.7774  1-4 EEL =     -333.8571  RESTRAINT  =        0.0000


   NSTEP       ENERGY          RMS            GMAX         NAME    NUMBER
     54      -2.0995E+02     1.2068E+00     5.0463E+00     C4          5

 BOND    =        4.2441  ANGLE   =        7.3010  DIHED      =        9.0378
 VDWAALS =       -2.3114  EEL     =      181.1288  EGB        =      -86.0730
 1-4 VDW =       10.7484  1-4 EEL =     -334.0268  RESTRAINT  =        0.0000


   NSTEP       ENERGY          RMS            GMAX         NAME    NUMBER
     55      -2.1025E+02     2.3506E+00     1.1917E+01     C4          5

 BOND    =        4.7397  ANGLE   =        7.9289  DIHED      =        9.0190
 VDWAALS =       -2.4219  EEL     =      181.3949  EGB        =      -85.7976
 1-4 VDW =       10.5013  1-4 EEL =     -335.6109  RESTRAINT  =        0.0000


   NSTEP       ENERGY          RMS            GMAX         NAME    NUMBER
     56      -2.0995E+02     5.0666E+00     2.5002E+01     C4          5

 BOND    =        4.7055  ANGLE   =        9.4295  DIHED      =        9.0098
 VDWAALS =       -2.5057  EEL     =      181.4578  EGB        =      -85.0362
 1-4 VDW =       10.3680  1-4 EEL =     -337.3747  RESTRAINT  =        0.0000


   NSTEP       ENERGY          RMS            GMAX         NAME    NUMBER
     57      -2.1036E+02     3.9123E-01     1.2358E+00     N3          4

 BOND    =        4.5839  ANGLE   =        8.3730  DIHED      =        9.0143
 VDWAALS =       -2.4546  EEL     =      181.4159  EGB        =      -85.5288
 1-4 VDW =       10.4489  1-4 EEL =     -336.2155  RESTRAINT  =        0.0000


   NSTEP       ENERGY          RMS            GMAX         NAME    NUMBER
     58      -2.1037E+02     3.1494E-01     1.0049E+00     HO1        27

 BOND    =        4.5682  ANGLE   =        8.4098  DIHED      =        9.0138
 VDWAALS =       -2.4568  EEL     =      181.4238  EGB        =      -85.5114
 1-4 VDW =       10.4398  1-4 EEL =     -336.2553  RESTRAINT  =        0.0000


   NSTEP       ENERGY          RMS            GMAX         NAME    NUMBER
     59      -2.1037E+02     5.2381E-01     1.8172E+00     C8A         8

 BOND    =        4.5372  ANGLE   =        8.4969  DIHED      =        9.0126
 VDWAALS =       -2.4619  EEL     =      181.4421  EGB        =      -85.4715
 1-4 VDW =       10.4191  1-4 EEL =     -336.3478  RESTRAINT  =        0.0000


   NSTEP       ENERGY          RMS            GMAX         NAME    NUMBER
     60      -2.1039E+02     4.1554E-01     1.8846E+00     HO1        27

 BOND    =        4.5862  ANGLE   =        8.5227  DIHED      =        9.0106
 VDWAALS =       -2.4671  EEL     =      181.3914  EGB        =      -85.4253
 1-4 VDW =       10.4169  1-4 EEL =     -336.4226  RESTRAINT  =        0.0000


   NSTEP       ENERGY          RMS            GMAX         NAME    NUMBER
     61      -2.1039E+02     5.8559E-01     2.0979E+00     C8A         8

 BOND    =        4.6180  ANGLE   =        8.5404  DIHED      =        9.0096
 VDWAALS =       -2.4701  EEL     =      181.3618  EGB        =      -85.3986
 1-4 VDW =       10.4158  1-4 EEL =     -336.4663  RESTRAINT  =        0.0000


   NSTEP       ENERGY          RMS            GMAX         NAME    NUMBER
     62      -2.1042E+02     5.0945E-01     1.8499E+00     C4          5

 BOND    =        4.5869  ANGLE   =        8.6096  DIHED      =        9.0054
 VDWAALS =       -2.4709  EEL     =      181.2771  EGB        =      -85.3928
 1-4 VDW =       10.4420  1-4 EEL =     -336.4722  RESTRAINT  =        0.0000


   NSTEP       ENERGY          RMS            GMAX         NAME    NUMBER
     63      -2.1043E+02     8.7273E-01     3.2877E+00     C4          5

 BOND    =        4.5611  ANGLE   =        8.7045  DIHED      =        9.0008
 VDWAALS =       -2.4717  EEL     =      181.1701  EGB        =      -85.3870
 1-4 VDW =       10.4755  1-4 EEL =     -336.4798  RESTRAINT  =        0.0000


   NSTEP       ENERGY          RMS            GMAX         NAME    NUMBER
     64      -2.1047E+02     6.4846E-01     2.0968E+00     O10        16

 BOND    =        4.3055  ANGLE   =        8.6014  DIHED      =        8.9969
 VDWAALS =       -2.4527  EEL     =      180.9233  EGB        =      -85.3623
 1-4 VDW =       10.5720  1-4 EEL =     -336.0579  RESTRAINT  =        0.0000


   NSTEP       ENERGY          RMS            GMAX         NAME    NUMBER
     65      -2.1048E+02     8.2645E-01     3.2136E+00     C4          5

 BOND    =        4.2183  ANGLE   =        8.5666  DIHED      =        8.9957
 VDWAALS =       -2.4452  EEL     =      180.8300  EGB        =      -85.3538
 1-4 VDW =       10.6093  1-4 EEL =     -335.8987  RESTRAINT  =        0.0000


   NSTEP       ENERGY          RMS            GMAX         NAME    NUMBER
     66      -2.1047E+02     1.3492E+00     5.4174E+00     C2          3

 BOND    =        3.7975  ANGLE   =        8.4556  DIHED      =        8.9944
 VDWAALS =       -2.4034  EEL     =      180.5792  EGB        =      -85.3205
 1-4 VDW =       10.7325  1-4 EEL =     -335.3087  RESTRAINT  =        0.0000


   NSTEP       ENERGY          RMS            GMAX         NAME    NUMBER
     67      -2.1050E+02     4.7380E-01     1.6688E+00     C2          3

 BOND    =        3.9973  ANGLE   =        8.5104  DIHED      =        8.9949
 VDWAALS =       -2.4257  EEL     =      180.7104  EGB        =      -85.3372
 1-4 VDW =       10.6674  1-4 EEL =     -335.6175  RESTRAINT  =        0.0000


   NSTEP       ENERGY          RMS            GMAX         NAME    NUMBER
     68      -2.1051E+02     3.5340E-01     1.4067E+00     HO1        27

 BOND    =        3.9603  ANGLE   =        8.4578  DIHED      =        8.9940
 VDWAALS =       -2.4178  EEL     =      180.6884  EGB        =      -85.3171
 1-4 VDW =       10.6685  1-4 EEL =     -335.5454  RESTRAINT  =        0.0000


   NSTEP       ENERGY          RMS            GMAX         NAME    NUMBER
     69      -2.1052E+02     5.3539E-01     2.0402E+00     N2          2

 BOND    =        3.9224  ANGLE   =        8.4013  DIHED      =        8.9930
 VDWAALS =       -2.4087  EEL     =      180.6630  EGB        =      -85.2943
 1-4 VDW =       10.6698  1-4 EEL =     -335.4626  RESTRAINT  =        0.0000


   NSTEP       ENERGY          RMS            GMAX         NAME    NUMBER
     70      -2.1054E+02     4.0596E-01     1.3631E+00     N5         12

 BOND    =        3.9451  ANGLE   =        8.4118  DIHED      =        8.9915
 VDWAALS =       -2.3965  EEL     =      180.6556  EGB        =      -85.2852
 1-4 VDW =       10.6433  1-4 EEL =     -335.5039  RESTRAINT  =        0.0000


   NSTEP       ENERGY          RMS            GMAX         NAME    NUMBER
     71      -2.1054E+02     5.6649E-01     2.0579E+00     N5         12

 BOND    =        3.9654  ANGLE   =        8.4228  DIHED      =        8.9910
 VDWAALS =       -2.3886  EEL     =      180.6506  EGB        =      -85.2805
 1-4 VDW =       10.6268  1-4 EEL =     -335.5299  RESTRAINT  =        0.0000


   NSTEP       ENERGY          RMS            GMAX         NAME    NUMBER
     72      -2.1055E+02     1.2071E+00     4.5617E+00     N5         12

 BOND    =        4.0968  ANGLE   =        8.4288  DIHED      =        8.9845
 VDWAALS =       -2.3608  EEL     =      180.8365  EGB        =      -85.2528
 1-4 VDW =       10.6541  1-4 EEL =     -335.9345  RESTRAINT  =        0.0000


   NSTEP       ENERGY          RMS            GMAX         NAME    NUMBER
     73      -2.1056E+02     6.2516E-01     2.4427E+00     C6         11

 BOND    =        4.0293  ANGLE   =        8.4231  DIHED      =        8.9871
 VDWAALS =       -2.3735  EEL     =      180.7540  EGB        =      -85.2643
 1-4 VDW =       10.6416  1-4 EEL =     -335.7543  RESTRAINT  =        0.0000


   NSTEP       ENERGY          RMS            GMAX         NAME    NUMBER
     74      -2.1058E+02     4.8529E-01     1.4233E+00     H8         21

 BOND    =        4.0627  ANGLE   =        8.4668  DIHED      =        8.9821
 VDWAALS =       -2.3593  EEL     =      180.9066  EGB        =      -85.2844
 1-4 VDW =       10.6487  1-4 EEL =     -335.9994  RESTRAINT  =        0.0000


   NSTEP       ENERGY          RMS            GMAX         NAME    NUMBER
     75      -2.1058E+02     6.4881E-01     1.8952E+00     H8         21

 BOND    =        4.0831  ANGLE   =        8.4889  DIHED      =        8.9801
 VDWAALS =       -2.3525  EEL     =      180.9768  EGB        =      -85.2943
 1-4 VDW =       10.6520  1-4 EEL =     -336.1125  RESTRAINT  =        0.0000


   NSTEP       ENERGY          RMS            GMAX         NAME    NUMBER
     76      -2.1059E+02     4.2352E-01     1.4727E+00     H23        31

 BOND    =        4.0733  ANGLE   =        8.4917  DIHED      =        8.9795
 VDWAALS =       -2.3533  EEL     =      180.9690  EGB        =      -85.2774
 1-4 VDW =       10.6523  1-4 EEL =     -336.1208  RESTRAINT  =        0.0000


   NSTEP       ENERGY          RMS            GMAX         NAME    NUMBER
     77      -2.1059E+02     3.0188E-01     1.3353E+00     H23        31

 BOND    =        4.0675  ANGLE   =        8.4955  DIHED      =        8.9785
 VDWAALS =       -2.3548  EEL     =      180.9691  EGB        =      -85.2681
 1-4 VDW =       10.6516  1-4 EEL =     -336.1306  RESTRAINT  =        0.0000


   NSTEP       ENERGY          RMS            GMAX         NAME    NUMBER
     78      -2.1060E+02     2.4597E-01     1.0799E+00     H23        31

 BOND    =        4.0704  ANGLE   =        8.4915  DIHED      =        8.9766
 VDWAALS =       -2.3565  EEL     =      180.9875  EGB        =      -85.2724
 1-4 VDW =       10.6541  1-4 EEL =     -336.1477  RESTRAINT  =        0.0000


   NSTEP       ENERGY          RMS            GMAX         NAME    NUMBER
     79      -2.1060E+02     2.3122E-01     8.0035E-01     H23        31

 BOND    =        4.0785  ANGLE   =        8.4809  DIHED      =        8.9740
 VDWAALS =       -2.3573  EEL     =      181.0172  EGB        =      -85.2718
 1-4 VDW =       10.6641  1-4 EEL =     -336.1873  RESTRAINT  =        0.0000


   NSTEP       ENERGY          RMS            GMAX         NAME    NUMBER
     80      -1.3143E+02     7.2930E+01     2.7771E+02     N5         12

 BOND    =       66.0309  ANGLE   =       28.0325  DIHED      =        9.0902
 VDWAALS =       -2.5031  EEL     =      187.5743  EGB        =      -90.2075
 1-4 VDW =       10.9933  1-4 EEL =     -340.4400  RESTRAINT  =        0.0000


   NSTEP       ENERGY          RMS            GMAX         NAME    NUMBER
     81      -2.1060E+02     3.9028E-01     1.4621E+00     N5         12

 BOND    =        4.0906  ANGLE   =        8.4862  DIHED      =        8.9719
 VDWAALS =       -2.3589  EEL     =      181.0572  EGB        =      -85.2987
 1-4 VDW =       10.6602  1-4 EEL =     -336.2132  RESTRAINT  =        0.0000


   NSTEP       ENERGY          RMS            GMAX         NAME    NUMBER
     82      -2.1061E+02     3.2531E-01     1.2170E+00     N5         12

 BOND    =        4.1065  ANGLE   =        8.4738  DIHED      =        8.9689
 VDWAALS =       -2.3594  EEL     =      181.0985  EGB        =      -85.3041
 1-4 VDW =       10.6666  1-4 EEL =     -336.2612  RESTRAINT  =        0.0000


   NSTEP       ENERGY          RMS            GMAX         NAME    NUMBER
     83      -2.1062E+02     2.9058E-01     9.2584E-01     N2          2

 BOND    =        4.1857  ANGLE   =        8.4246  DIHED      =        8.9559
 VDWAALS =       -2.3618  EEL     =      181.2904  EGB        =      -85.3295
 1-4 VDW =       10.6965  1-4 EEL =     -336.4843  RESTRAINT  =        0.0000


   NSTEP       ENERGY          RMS            GMAX         NAME    NUMBER
     84      -2.1063E+02     8.6187E-01     4.4403E+00     C4          5

 BOND    =        4.2307  ANGLE   =        8.4004  DIHED      =        8.9495
 VDWAALS =       -2.3536  EEL     =      181.4554  EGB        =      -85.3736
 1-4 VDW =       10.6749  1-4 EEL =     -336.6093  RESTRAINT  =        0.0000


   NSTEP       ENERGY          RMS            GMAX         NAME    NUMBER
     85      -2.1063E+02     4.9686E-01     2.3983E+00     C4          5

 BOND    =        4.2093  ANGLE   =        8.4094  DIHED      =        8.9520
 VDWAALS =       -2.3569  EEL     =      181.3882  EGB        =      -85.3555
 1-4 VDW =       10.6836  1-4 EEL =     -336.5584  RESTRAINT  =        0.0000


   NSTEP       ENERGY          RMS            GMAX         NAME    NUMBER
     86      -2.1064E+02     3.5723E-01     1.4636E+00     C4          5

 BOND    =        4.2339  ANGLE   =        8.3669  DIHED      =        8.9491
 VDWAALS =       -2.3514  EEL     =      181.4524  EGB        =      -85.3604
 1-4 VDW =       10.6645  1-4 EEL =     -336.5931  RESTRAINT  =        0.0000


   NSTEP       ENERGY          RMS            GMAX         NAME    NUMBER
     87      -2.1064E+02     4.6189E-01     1.2080E+00     C8A         8

 BOND    =        4.2803  ANGLE   =        8.2997  DIHED      =        8.9446
 VDWAALS =       -2.3417  EEL     =      181.5628  EGB        =      -85.3694
 1-4 VDW =       10.6318  1-4 EEL =     -336.6526  RESTRAINT  =        0.0000


   NSTEP       ENERGY          RMS            GMAX         NAME    NUMBER
     88      -2.1064E+02     8.3749E-01     2.8791E+00     C2          3

 BOND    =        4.4326  ANGLE   =        8.1983  DIHED      =        8.9409
 VDWAALS =       -2.3323  EEL     =      181.7113  EGB        =      -85.4294
 1-4 VDW =       10.5570  1-4 EEL =     -336.7205  RESTRAINT  =        0.0000


   NSTEP       ENERGY          RMS            GMAX         NAME    NUMBER
     89      -2.1065E+02     2.9846E-01     1.0648E+00     C2          3

 BOND    =        4.3452  ANGLE   =        8.2510  DIHED      =        8.9427
 VDWAALS =       -2.3374  EEL     =      181.6315  EGB        =      -85.3970
 1-4 VDW =       10.5971  1-4 EEL =     -336.6840  RESTRAINT  =        0.0000


   NSTEP       ENERGY          RMS            GMAX         NAME    NUMBER
     90      -2.1065E+02     2.3203E-01     6.5837E-01     HN22       19

 BOND    =        4.3451  ANGLE   =        8.2593  DIHED      =        8.9422
 VDWAALS =       -2.3361  EEL     =      181.6452  EGB        =      -85.4122
 1-4 VDW =       10.5911  1-4 EEL =     -336.6895  RESTRAINT  =        0.0000


   NSTEP       ENERGY          RMS            GMAX         NAME    NUMBER
     91      -2.1066E+02     3.4770E-01     1.1660E+00     N3          4

 BOND    =        4.3467  ANGLE   =        8.2674  DIHED      =        8.9417
 VDWAALS =       -2.3350  EEL     =      181.6573  EGB        =      -85.4257
 1-4 VDW =       10.5859  1-4 EEL =     -336.6943  RESTRAINT  =        0.0000


   NSTEP       ENERGY          RMS            GMAX         NAME    NUMBER
     92      -2.1066E+02     2.4219E-01     6.1918E-01     H23        31

 BOND    =        4.3574  ANGLE   =        8.2262  DIHED      =        8.9394
 VDWAALS =       -2.3317  EEL     =      181.6862  EGB        =      -85.4632
 1-4 VDW =       10.5866  1-4 EEL =     -336.6650  RESTRAINT  =        0.0000


   NSTEP       ENERGY          RMS            GMAX         NAME    NUMBER
     93      -2.1067E+02     3.2509E-01     9.5718E-01     N8          9

 BOND    =        4.3737  ANGLE   =        8.1775  DIHED      =        8.9368
 VDWAALS =       -2.3274  EEL     =      181.7232  EGB        =      -85.5120
 1-4 VDW =       10.5875  1-4 EEL =     -336.6272  RESTRAINT  =        0.0000


   NSTEP       ENERGY          RMS            GMAX         NAME    NUMBER
     94      -2.1067E+02     6.1283E-01     2.6536E+00     N8          9

 BOND    =        4.3104  ANGLE   =        8.1719  DIHED      =        8.9298
 VDWAALS =       -2.3215  EEL     =      181.7105  EGB        =      -85.5275
 1-4 VDW =       10.5671  1-4 EEL =     -336.5107  RESTRAINT  =        0.0000


   NSTEP       ENERGY          RMS            GMAX         NAME    NUMBER
     95      -2.1067E+02     3.1183E-01     1.0659E+00     N8          9

 BOND    =        4.3349  ANGLE   =        8.1731  DIHED      =        8.9328
 VDWAALS =       -2.3241  EEL     =      181.7161  EGB        =      -85.5205
 1-4 VDW =       10.5761  1-4 EEL =     -336.5620  RESTRAINT  =        0.0000


   NSTEP       ENERGY          RMS            GMAX         NAME    NUMBER
     96      -2.1068E+02     2.9382E-01     1.0230E+00     HN21       18

 BOND    =        4.3106  ANGLE   =        8.1465  DIHED      =        8.9289
 VDWAALS =       -2.3208  EEL     =      181.6819  EGB        =      -85.5344
 1-4 VDW =       10.5637  1-4 EEL =     -336.4581  RESTRAINT  =        0.0000


   NSTEP       ENERGY          RMS            GMAX         NAME    NUMBER
     97      -2.1068E+02     4.8477E-01     1.4080E+00     C7         10

 BOND    =        4.2912  ANGLE   =        8.1244  DIHED      =        8.9255
 VDWAALS =       -2.3177  EEL     =      181.6506  EGB        =      -85.5471
 1-4 VDW =       10.5525  1-4 EEL =     -336.3635  RESTRAINT  =        0.0000


   NSTEP       ENERGY          RMS            GMAX         NAME    NUMBER
     98      -2.1070E+02     4.0447E-01     1.1592E+00     C9         13

 BOND    =        4.2971  ANGLE   =        8.0515  DIHED      =        8.9189
 VDWAALS =       -2.3094  EEL     =      181.5724  EGB        =      -85.6012
 1-4 VDW =       10.5575  1-4 EEL =     -336.1866  RESTRAINT  =        0.0000


   NSTEP       ENERGY          RMS            GMAX         NAME    NUMBER
     99      -2.1070E+02     6.4461E-01     2.2346E+00     C8A         8

 BOND    =        4.3098  ANGLE   =        7.9826  DIHED      =        8.9130
 VDWAALS =       -2.3009  EEL     =      181.4944  EGB        =      -85.6553
 1-4 VDW =       10.5627  1-4 EEL =     -336.0111  RESTRAINT  =        0.0000


   NSTEP       ENERGY          RMS            GMAX         NAME    NUMBER
    100      -2.1072E+02     5.7062E-01     1.8055E+00     N3          4

 BOND    =        4.1860  ANGLE   =        7.9206  DIHED      =        8.9037
 VDWAALS =       -2.2820  EEL     =      181.3538  EGB        =      -85.6508
 1-4 VDW =       10.5127  1-4 EEL =     -335.6625  RESTRAINT  =        0.0000


  Maximum number of minimization cycles reached.


                    FINAL RESULTS



   NSTEP       ENERGY          RMS            GMAX         NAME    NUMBER
    100      -2.1072E+02     5.7062E-01     1.8055E+00     N3          4

 BOND    =        4.1860  ANGLE   =        7.9206  DIHED      =        8.9037
 VDWAALS =       -2.2820  EEL     =      181.3538  EGB        =      -85.6508
 1-4 VDW =       10.5127  1-4 EEL =     -335.6625  RESTRAINT  =        0.0000

--------------------------------------------------------------------------------
   5.  TIMINGS
--------------------------------------------------------------------------------

|    Read coords time           0.01 ( 2.61% of Total)
|                Calc gb radii              0.01 (29.60% of Gen B)
|                Calc gb diag               0.02 (41.39% of Gen B)
|                Calc gb off-diag           0.01 (28.61% of Gen B)
|                Other                      0.00 ( 0.40% of Gen B)
|             Gen Born time              0.05 (100.0% of Nonbo)
|             IPS excludes               0.00 ( 0.05% of Nonbo)
|          Nonbond force              0.05 (83.00% of Force)
|          Bond/Angle/Dihedral        0.01 (16.03% of Force)
|          Other                      0.00 ( 0.97% of Force)
|       Force time                 0.06 (100.0% of Runmd)
|    Runmd Time                 0.06 (18.25% of Total)
|    Other                      0.26 (79.14% of Total)
| Total time                 0.32 (100.0% of ALL  )

| Number of list builds   :          0

| Highest rstack allocated:          0
| Highest istack allocated:          0
|           Job began  at 20:56:33.979  on 12/05/2014
|           Setup done at 20:56:34.005  on 12/05/2014
|           Run   done at 20:56:34.304  on 12/05/2014
|     wallclock() was called    1828 times
