
          -------------------------------------------------------
          Amber 14 SANDER                              2014
          -------------------------------------------------------

| Run on 05/22/2015 at 14:34:48

|   Executable path: sander
| Working directory: /net/chevy/raid1/nigel/amber/library/amber_library/h
|          Hostname: chevy.lbl.gov

  [-O]verwriting output

File Assignments:
|  MDIN: sander.in                                                             
| MDOUT: HYF.min.out                                                           
|INPCRD: HYF.rst7                                                              
|  PARM: HYF.prmtop                                                            
|RESTRT: HYF.min.rst7                                                          
|  REFC: refc                                                                  
| MDVEL: mdvel                                                                 
| MDFRC: mdfrc                                                                 
|  MDEN: mden                                                                  
| MDCRD: mdcrd                                                                 
|MDINFO: mdinfo                                                                
|  MTMD: mtmd                                                                  
|INPDIP: inpdip                                                                
|RSTDIP: rstdip                                                                
|INPTRA: inptraj                                                               


 Here is the input file:

  short minimization                                                           
 &cntrl                                                                        
   imin=1, maxcyc=100, ncyc=50, ntpr=1, cut=99., ntb=0,                        
 /                                                                             

--------------------------------------------------------------------------------
   1.  RESOURCE   USE: 
--------------------------------------------------------------------------------

| Flags:                                                                        
|    NONPERIODIC   ntb=0 and igb=0: Setting up nonperiodic simulation
|  *** cutoff > system size, list only builds once
|Largest sphere to fit in unit cell has radius =    35.365
| New format PARM file being parsed.
| Version =    1.000 Date = 05/22/15 Time = 14:34:48
 NATOM  =      91 NTYPES =       8 NBONH =      52 MBONA  =      38
 NTHETH =     106 MTHETA =      57 NPHIH =     150 MPHIA  =     105
 NHPARM =       0 NPARM  =       0 NNB   =     476 NRES   =       1
 NBONA  =      38 NTHETA =      57 NPHIA =     105 NUMBND =      11
 NUMANG =      25 NPTRA  =      14 NATYP =       8 NPHB   =       0
 IFBOX  =       0 NMXRS  =      91 IFCAP =       0 NEXTRA =       0
 NCOPY  =       0


|     Memory Use     Allocated
|     Real               11546
|     Hollerith            276
|     Integer            35303
|     Max Pairs           4095
|     nblistReal          1092
|     nblist Int       1264463
|       Total             5193 kbytes

| Note: 1-4 EEL scale factors are being read from the topology file.

| Note: 1-4 VDW scale factors are being read from the topology file.
| Duplicated    0 dihedrals
| Duplicated    0 dihedrals

--------------------------------------------------------------------------------
   2.  CONTROL  DATA  FOR  THE  RUN
--------------------------------------------------------------------------------

HYF                                                                             

General flags:
     imin    =       1, nmropt  =       0

Nature and format of input:
     ntx     =       1, irest   =       0, ntrx    =       1

Nature and format of output:
     ntxo    =       1, ntpr    =       1, ntrx    =       1, ntwr    =     500
     iwrap   =       0, ntwx    =       0, ntwv    =       0, ntwe    =       0
     ioutfm  =       0, ntwprt  =       0, idecomp =       0, rbornstat=      0

Potential function:
     ntf     =       1, ntb     =       0, igb     =       0, nsnb    =      25
     ipol    =       0, gbsa    =       0, iesp    =       0
     dielc   =   1.00000, cut     =  99.00000, intdiel =   1.00000

Frozen or restrained atoms:
     ibelly  =       0, ntr     =       0

Energy minimization:
     maxcyc  =     100, ncyc    =      50, ntmin   =       1
     dx0     =   0.01000, drms    =   0.00010
|  INFO: Old style inpcrd file read


--------------------------------------------------------------------------------
   3.  ATOMIC COORDINATES AND VELOCITIES
--------------------------------------------------------------------------------

HYF                                                                             
 begin time read from input coords =     0.000 ps

 Number of triangulated 3-point waters found:        0

     Sum of charges from parm topology file =  -0.00399800
     Forcing neutrality...

--------------------------------------------------------------------------------
   4.  RESULTS
--------------------------------------------------------------------------------

 ---------------------------------------------------

     eedmeth=4: Setting switch to one everywhere

 ---------------------------------------------------
| Local SIZE OF NONBOND LIST =       3633
| TOTAL SIZE OF NONBOND LIST =       3633


   NSTEP       ENERGY          RMS            GMAX         NAME    NUMBER
      1       1.5049E+02     2.5042E+01     1.3106E+02     C29        27

 BOND    =       41.3451  ANGLE   =       68.0612  DIHED      =       49.9898
 VDWAALS =       27.0391  EEL     =       72.9010  HBOND      =        0.0000
 1-4 VDW =       27.2695  1-4 EEL =     -136.1168  RESTRAINT  =        0.0000


   NSTEP       ENERGY          RMS            GMAX         NAME    NUMBER
      2       1.4844E+02     2.4446E+01     1.2523E+02     C29        27

 BOND    =       40.0018  ANGLE   =       67.5825  DIHED      =       49.9510
 VDWAALS =       26.8692  EEL     =       72.9124  HBOND      =        0.0000
 1-4 VDW =       27.2459  1-4 EEL =     -136.1180  RESTRAINT  =        0.0000


   NSTEP       ENERGY          RMS            GMAX         NAME    NUMBER
      3       1.4606E+02     2.3747E+01     1.2040E+02     C16        15

 BOND    =       38.4476  ANGLE   =       67.0157  DIHED      =       49.9040
 VDWAALS =       26.6639  EEL     =       72.9262  HBOND      =        0.0000
 1-4 VDW =       27.2182  1-4 EEL =     -136.1193  RESTRAINT  =        0.0000


   NSTEP       ENERGY          RMS            GMAX         NAME    NUMBER
      4       1.4328E+02     2.2930E+01     1.1909E+02     C16        15

 BOND    =       36.6637  ANGLE   =       66.3465  DIHED      =       49.8470
 VDWAALS =       26.4153  EEL     =       72.9427  HBOND      =        0.0000
 1-4 VDW =       27.1857  1-4 EEL =     -136.1207  RESTRAINT  =        0.0000


   NSTEP       ENERGY          RMS            GMAX         NAME    NUMBER
      5       1.4008E+02     2.1982E+01     1.1751E+02     C16        15

 BOND    =       34.6367  ANGLE   =       65.5587  DIHED      =       49.7775
 VDWAALS =       26.1141  EEL     =       72.9626  HBOND      =        0.0000
 1-4 VDW =       27.1479  1-4 EEL =     -136.1221  RESTRAINT  =        0.0000


   NSTEP       ENERGY          RMS            GMAX         NAME    NUMBER
      6       1.3640E+02     2.0892E+01     1.1557E+02     C16        15

 BOND    =       32.3616  ANGLE   =       64.6345  DIHED      =       49.6924
 VDWAALS =       25.7483  EEL     =       72.9865  HBOND      =        0.0000
 1-4 VDW =       27.1043  1-4 EEL =     -136.1235  RESTRAINT  =        0.0000


   NSTEP       ENERGY          RMS            GMAX         NAME    NUMBER
      7       1.3224E+02     1.9653E+01     1.1320E+02     C16        15

 BOND    =       29.8475  ANGLE   =       63.5549  DIHED      =       49.5877
 VDWAALS =       25.3035  EEL     =       73.0151  HBOND      =        0.0000
 1-4 VDW =       27.0548  1-4 EEL =     -136.1246  RESTRAINT  =        0.0000


   NSTEP       ENERGY          RMS            GMAX         NAME    NUMBER
      8       1.2757E+02     1.8266E+01     1.1029E+02     C16        15

 BOND    =       27.1230  ANGLE   =       62.2999  DIHED      =       49.4577
 VDWAALS =       24.7616  EEL     =       73.0492  HBOND      =        0.0000
 1-4 VDW =       26.9993  1-4 EEL =     -136.1252  RESTRAINT  =        0.0000


   NSTEP       ENERGY          RMS            GMAX         NAME    NUMBER
      9       1.2239E+02     1.6743E+01     1.0670E+02     C16        15

 BOND    =       24.2415  ANGLE   =       60.8491  DIHED      =       49.2950
 VDWAALS =       24.1007  EEL     =       73.0897  HBOND      =        0.0000
 1-4 VDW =       26.9389  1-4 EEL =     -136.1248  RESTRAINT  =        0.0000


   NSTEP       ENERGY          RMS            GMAX         NAME    NUMBER
     10       1.1674E+02     1.5113E+01     1.0227E+02     C16        15

 BOND    =       21.2854  ANGLE   =       59.1829  DIHED      =       49.0891
 VDWAALS =       23.2946  EEL     =       73.1370  HBOND      =        0.0000
 1-4 VDW =       26.8757  1-4 EEL =     -136.1228  RESTRAINT  =        0.0000


   NSTEP       ENERGY          RMS            GMAX         NAME    NUMBER
     11       1.1068E+02     1.3422E+01     9.6809E+01     C16        15

 BOND    =       18.3642  ANGLE   =       57.2852  DIHED      =       48.8259
 VDWAALS =       22.3135  EEL     =       73.1914  HBOND      =        0.0000
 1-4 VDW =       26.8142  1-4 EEL =     -136.1184  RESTRAINT  =        0.0000


   NSTEP       ENERGY          RMS            GMAX         NAME    NUMBER
     12       1.0427E+02     1.1728E+01     9.0088E+01     C16        15

 BOND    =       15.6040  ANGLE   =       55.1472  DIHED      =       48.4867
 VDWAALS =       21.1262  EEL     =       73.2517  HBOND      =        0.0000
 1-4 VDW =       26.7621  1-4 EEL =     -136.1108  RESTRAINT  =        0.0000


   NSTEP       ENERGY          RMS            GMAX         NAME    NUMBER
     13       9.7602E+01     1.0092E+01     8.1909E+01     C16        15

 BOND    =       13.1248  ANGLE   =       52.7766  DIHED      =       48.0490
 VDWAALS =       19.7051  EEL     =       73.3150  HBOND      =        0.0000
 1-4 VDW =       26.7315  1-4 EEL =     -136.0998  RESTRAINT  =        0.0000


   NSTEP       ENERGY          RMS            GMAX         NAME    NUMBER
     14       9.0772E+01     8.5631E+00     7.2140E+01     C16        15

 BOND    =       11.0085  ANGLE   =       50.2120  DIHED      =       47.4886
 VDWAALS =       18.0346  EEL     =       73.3756  HBOND      =        0.0000
 1-4 VDW =       26.7390  1-4 EEL =     -136.0864  RESTRAINT  =        0.0000


   NSTEP       ENERGY          RMS            GMAX         NAME    NUMBER
     15       8.3870E+01     7.1521E+00     6.0812E+01     C16        15

 BOND    =        9.2700  ANGLE   =       47.5429  DIHED      =       46.7834
 VDWAALS =       16.1199  EEL     =       73.4253  HBOND      =        0.0000
 1-4 VDW =       26.8020  1-4 EEL =     -136.0732  RESTRAINT  =        0.0000


   NSTEP       ENERGY          RMS            GMAX         NAME    NUMBER
     16       7.7029E+01     5.8366E+00     4.8180E+01     C16        15

 BOND    =        7.8733  ANGLE   =       44.9256  DIHED      =       45.9133
 VDWAALS =       13.9918  EEL     =       73.4559  HBOND      =        0.0000
 1-4 VDW =       26.9310  1-4 EEL =     -136.0618  RESTRAINT  =        0.0000


   NSTEP       ENERGY          RMS            GMAX         NAME    NUMBER
     17       7.0426E+01     4.6444E+00     3.4760E+01     C16        15

 BOND    =        6.7877  ANGLE   =       42.5442  DIHED      =       44.8528
 VDWAALS =       11.7072  EEL     =       73.4616  HBOND      =        0.0000
 1-4 VDW =       27.1161  1-4 EEL =     -136.0437  RESTRAINT  =        0.0000


   NSTEP       ENERGY          RMS            GMAX         NAME    NUMBER
     18       6.4163E+01     3.6866E+00     2.1819E+01     C16        15

 BOND    =        5.9982  ANGLE   =       40.4519  DIHED      =       43.5909
 VDWAALS =        9.3786  EEL     =       73.4336  HBOND      =        0.0000
 1-4 VDW =       27.3008  1-4 EEL =     -135.9905  RESTRAINT  =        0.0000


   NSTEP       ENERGY          RMS            GMAX         NAME    NUMBER
     19       5.8129E+01     3.0464E+00     1.2837E+01     H261       74

 BOND    =        5.4850  ANGLE   =       38.4575  DIHED      =       42.1480
 VDWAALS =        7.1937  EEL     =       73.3523  HBOND      =        0.0000
 1-4 VDW =       27.3523  1-4 EEL =     -135.8598  RESTRAINT  =        0.0000


   NSTEP       ENERGY          RMS            GMAX         NAME    NUMBER
     20       5.2865E+01     5.0769E+00     4.1391E+01     C29        27

 BOND    =        5.5399  ANGLE   =       36.5462  DIHED      =       40.6394
 VDWAALS =        5.3592  EEL     =       73.2283  HBOND      =        0.0000
 1-4 VDW =       27.2088  1-4 EEL =     -135.6565  RESTRAINT  =        0.0000


   NSTEP       ENERGY          RMS            GMAX         NAME    NUMBER
     21       7.8813E+01     2.9844E+01     2.7734E+02     C29        27

 BOND    =       30.1169  ANGLE   =       39.7161  DIHED      =       39.7640
 VDWAALS =        4.4070  EEL     =       73.1975  HBOND      =        0.0000
 1-4 VDW =       27.1587  1-4 EEL =     -135.5473  RESTRAINT  =        0.0000


   NSTEP       ENERGY          RMS            GMAX         NAME    NUMBER
     22       5.2399E+01     1.0344E+01     9.2733E+01     C29        27

 BOND    =        8.0587  ANGLE   =       35.6503  DIHED      =       39.6111
 VDWAALS =        4.3984  EEL     =       73.1772  HBOND      =        0.0000
 1-4 VDW =       27.0583  1-4 EEL =     -135.5554  RESTRAINT  =        0.0000


   NSTEP       ENERGY          RMS            GMAX         NAME    NUMBER
     23       5.3673E+01     1.2901E+01     1.1767E+02     C29        27

 BOND    =        9.0698  ANGLE   =       36.0555  DIHED      =       39.5675
 VDWAALS =        4.2847  EEL     =       73.1546  HBOND      =        0.0000
 1-4 VDW =       27.0883  1-4 EEL =     -135.5475  RESTRAINT  =        0.0000


   NSTEP       ENERGY          RMS            GMAX         NAME    NUMBER
     24       4.7956E+01     2.4617E+00     1.1498E+01     C29        27

 BOND    =        4.8824  ANGLE   =       34.9069  DIHED      =       39.3303
 VDWAALS =        4.1744  EEL     =       73.1602  HBOND      =        0.0000
 1-4 VDW =       27.0219  1-4 EEL =     -135.5201  RESTRAINT  =        0.0000


   NSTEP       ENERGY          RMS            GMAX         NAME    NUMBER
     25       4.7279E+01     5.9812E+00     5.1579E+01     C29        27

 BOND    =        5.8775  ANGLE   =       34.3729  DIHED      =       38.7494
 VDWAALS =        3.6849  EEL     =       73.1409  HBOND      =        0.0000
 1-4 VDW =       26.9332  1-4 EEL =     -135.4798  RESTRAINT  =        0.0000


   NSTEP       ENERGY          RMS            GMAX         NAME    NUMBER
     26       4.8932E+01     1.0319E+01     9.3457E+01     C29        27

 BOND    =        7.3453  ANGLE   =       34.7934  DIHED      =       38.6106
 VDWAALS =        3.5714  EEL     =       73.1174  HBOND      =        0.0000
 1-4 VDW =       26.9502  1-4 EEL =     -135.4561  RESTRAINT  =        0.0000


   NSTEP       ENERGY          RMS            GMAX         NAME    NUMBER
     27       4.5356E+01     2.7185E+00     1.7508E+01     C29        27

 BOND    =        4.8196  ANGLE   =       34.0213  DIHED      =       38.4515
 VDWAALS =        3.4851  EEL     =       73.1240  HBOND      =        0.0000
 1-4 VDW =       26.8976  1-4 EEL =     -135.4430  RESTRAINT  =        0.0000


   NSTEP       ENERGY          RMS            GMAX         NAME    NUMBER
     28       4.5197E+01     5.4408E+00     4.6696E+01     C29        27

 BOND    =        5.6416  ANGLE   =       33.7192  DIHED      =       38.1008
 VDWAALS =        3.2084  EEL     =       73.1214  HBOND      =        0.0000
 1-4 VDW =       26.8309  1-4 EEL =     -135.4252  RESTRAINT  =        0.0000


   NSTEP       ENERGY          RMS            GMAX         NAME    NUMBER
     29       4.5108E+01     6.4985E+00     5.7669E+01     C29        27

 BOND    =        5.6422  ANGLE   =       33.8157  DIHED      =       37.9855
 VDWAALS =        3.1339  EEL     =       73.1018  HBOND      =        0.0000
 1-4 VDW =       26.8403  1-4 EEL =     -135.4118  RESTRAINT  =        0.0000


   NSTEP       ENERGY          RMS            GMAX         NAME    NUMBER
     30       4.5314E+01     7.9632E+00     7.1742E+01     C29        27

 BOND    =        6.5670  ANGLE   =       33.5670  DIHED      =       37.7223
 VDWAALS =        2.9608  EEL     =       73.1152  HBOND      =        0.0000
 1-4 VDW =       26.7664  1-4 EEL =     -135.3848  RESTRAINT  =        0.0000


   NSTEP       ENERGY          RMS            GMAX         NAME    NUMBER
     31       4.3105E+01     1.8885E+00     9.0835E+00     H261       74

 BOND    =        4.7638  ANGLE   =       33.2505  DIHED      =       37.6792
 VDWAALS =        2.9297  EEL     =       73.1037  HBOND      =        0.0000
 1-4 VDW =       26.7677  1-4 EEL =     -135.3900  RESTRAINT  =        0.0000


   NSTEP       ENERGY          RMS            GMAX         NAME    NUMBER
     32       4.2304E+01     2.8616E+00     2.0918E+01     C29        27

 BOND    =        4.7826  ANGLE   =       33.0265  DIHED      =       37.3372
 VDWAALS =        2.7107  EEL     =       73.0906  HBOND      =        0.0000
 1-4 VDW =       26.7191  1-4 EEL =     -135.3631  RESTRAINT  =        0.0000


   NSTEP       ENERGY          RMS            GMAX         NAME    NUMBER
     33       4.2666E+01     6.3063E+00     5.5772E+01     C29        27

 BOND    =        5.9134  ANGLE   =       32.8301  DIHED      =       37.0328
 VDWAALS =        2.4961  EEL     =       73.0959  HBOND      =        0.0000
 1-4 VDW =       26.6399  1-4 EEL =     -135.3426  RESTRAINT  =        0.0000


   NSTEP       ENERGY          RMS            GMAX         NAME    NUMBER
     34       4.1296E+01     1.9472E+00     9.0963E+00     C29        27

 BOND    =        4.7741  ANGLE   =       32.6626  DIHED      =       36.9921
 VDWAALS =        2.4786  EEL     =       73.0875  HBOND      =        0.0000
 1-4 VDW =       26.6436  1-4 EEL =     -135.3428  RESTRAINT  =        0.0000


   NSTEP       ENERGY          RMS            GMAX         NAME    NUMBER
     35       4.0849E+01     2.7787E+00     2.0540E+01     C29        27

 BOND    =        4.7600  ANGLE   =       32.5784  DIHED      =       36.7814
 VDWAALS =        2.3602  EEL     =       73.0778  HBOND      =        0.0000
 1-4 VDW =       26.6163  1-4 EEL =     -135.3253  RESTRAINT  =        0.0000


   NSTEP       ENERGY          RMS            GMAX         NAME    NUMBER
     36       4.0708E+01     4.1680E+00     3.5317E+01     C29        27

 BOND    =        5.2358  ANGLE   =       32.3616  DIHED      =       36.5704
 VDWAALS =        2.2163  EEL     =       73.0831  HBOND      =        0.0000
 1-4 VDW =       26.5524  1-4 EEL =     -135.3120  RESTRAINT  =        0.0000


   NSTEP       ENERGY          RMS            GMAX         NAME    NUMBER
     37       4.0533E+01     4.7834E+00     4.1666E+01     C29        27

 BOND    =        5.1126  ANGLE   =       32.4633  DIHED      =       36.4735
 VDWAALS =        2.1633  EEL     =       73.0680  HBOND      =        0.0000
 1-4 VDW =       26.5632  1-4 EEL =     -135.3108  RESTRAINT  =        0.0000


   NSTEP       ENERGY          RMS            GMAX         NAME    NUMBER
     38       4.0601E+01     5.9866E+00     5.3417E+01     C29        27

 BOND    =        5.7874  ANGLE   =       32.2125  DIHED      =       36.2727
 VDWAALS =        2.0469  EEL     =       73.0801  HBOND      =        0.0000
 1-4 VDW =       26.4865  1-4 EEL =     -135.2855  RESTRAINT  =        0.0000


   NSTEP       ENERGY          RMS            GMAX         NAME    NUMBER
     39       3.9339E+01     1.6031E+00     7.8288E+00     H261       74

 BOND    =        4.7253  ANGLE   =       32.0800  DIHED      =       36.2364
 VDWAALS =        2.0248  EEL     =       73.0715  HBOND      =        0.0000
 1-4 VDW =       26.4925  1-4 EEL =     -135.2915  RESTRAINT  =        0.0000


   NSTEP       ENERGY          RMS            GMAX         NAME    NUMBER
     40       3.8786E+01     2.1512E+00     1.4246E+01     C29        27

 BOND    =        4.7150  ANGLE   =       31.9537  DIHED      =       35.9937
 VDWAALS =        1.8878  EEL     =       73.0640  HBOND      =        0.0000
 1-4 VDW =       26.4483  1-4 EEL =     -135.2768  RESTRAINT  =        0.0000


   NSTEP       ENERGY          RMS            GMAX         NAME    NUMBER
     41       3.8744E+01     4.3696E+00     3.7911E+01     C29        27

 BOND    =        5.3175  ANGLE   =       31.7483  DIHED      =       35.7516
 VDWAALS =        1.7429  EEL     =       73.0688  HBOND      =        0.0000
 1-4 VDW =       26.3712  1-4 EEL =     -135.2566  RESTRAINT  =        0.0000


   NSTEP       ENERGY          RMS            GMAX         NAME    NUMBER
     42       3.8632E+01     4.9673E+00     4.3746E+01     C29        27

 BOND    =        5.1690  ANGLE   =       31.9079  DIHED      =       35.6739
 VDWAALS =        1.7004  EEL     =       73.0537  HBOND      =        0.0000
 1-4 VDW =       26.3893  1-4 EEL =     -135.2623  RESTRAINT  =        0.0000


   NSTEP       ENERGY          RMS            GMAX         NAME    NUMBER
     43       3.8799E+01     6.2401E+00     5.6094E+01     C29        27

 BOND    =        5.9262  ANGLE   =       31.6393  DIHED      =       35.4915
 VDWAALS =        1.6036  EEL     =       73.0675  HBOND      =        0.0000
 1-4 VDW =       26.3044  1-4 EEL =     -135.2338  RESTRAINT  =        0.0000


   NSTEP       ENERGY          RMS            GMAX         NAME    NUMBER
     44       3.7446E+01     1.5112E+00     7.1666E+00     H261       74

 BOND    =        4.7509  ANGLE   =       31.5171  DIHED      =       35.4605
 VDWAALS =        1.5863  EEL     =       73.0587  HBOND      =        0.0000
 1-4 VDW =       26.3139  1-4 EEL =     -135.2419  RESTRAINT  =        0.0000


   NSTEP       ENERGY          RMS            GMAX         NAME    NUMBER
     45       3.6975E+01     2.3829E+00     1.7794E+01     C29        27

 BOND    =        4.7665  ANGLE   =       31.4312  DIHED      =       35.2268
 VDWAALS =        1.4614  EEL     =       73.0515  HBOND      =        0.0000
 1-4 VDW =       26.2674  1-4 EEL =     -135.2300  RESTRAINT  =        0.0000


   NSTEP       ENERGY          RMS            GMAX         NAME    NUMBER
     46       3.7166E+01     4.9000E+00     4.3401E+01     C29        27

 BOND    =        5.5197  ANGLE   =       31.2443  DIHED      =       35.0191
 VDWAALS =        1.3456  EEL     =       73.0588  HBOND      =        0.0000
 1-4 VDW =       26.1861  1-4 EEL =     -135.2076  RESTRAINT  =        0.0000


   NSTEP       ENERGY          RMS            GMAX         NAME    NUMBER
     47       3.6339E+01     1.5572E+00     7.3047E+00     C29        27

 BOND    =        4.7956  ANGLE   =       31.1877  DIHED      =       34.9896
 VDWAALS =        1.3326  EEL     =       73.0524  HBOND      =        0.0000
 1-4 VDW =       26.1929  1-4 EEL =     -135.2122  RESTRAINT  =        0.0000


   NSTEP       ENERGY          RMS            GMAX         NAME    NUMBER
     48       3.6038E+01     2.1442E+00     1.5396E+01     C29        27

 BOND    =        4.7718  ANGLE   =       31.1607  DIHED      =       34.8408
 VDWAALS =        1.2578  EEL     =       73.0465  HBOND      =        0.0000
 1-4 VDW =       26.1654  1-4 EEL =     -135.2054  RESTRAINT  =        0.0000


   NSTEP       ENERGY          RMS            GMAX         NAME    NUMBER
     49       3.5912E+01     3.2048E+00     2.7003E+01     C29        27

 BOND    =        5.1107  ANGLE   =       30.9778  DIHED      =       34.6852
 VDWAALS =        1.1736  EEL     =       73.0517  HBOND      =        0.0000
 1-4 VDW =       26.1019  1-4 EEL =     -135.1891  RESTRAINT  =        0.0000


   NSTEP       ENERGY          RMS            GMAX         NAME    NUMBER
     50       3.5787E+01     3.7284E+00     3.2055E+01     C29        27

 BOND    =        4.9799  ANGLE   =       31.1071  DIHED      =       34.6086
 VDWAALS =        1.1346  EEL     =       73.0409  HBOND      =        0.0000
 1-4 VDW =       26.1104  1-4 EEL =     -135.1949  RESTRAINT  =        0.0000


   NSTEP       ENERGY          RMS            GMAX         NAME    NUMBER
     51       3.5782E+01     4.6086E+00     4.0864E+01     C29        27

 BOND    =        5.4803  ANGLE   =       30.8578  DIHED      =       34.4649
 VDWAALS =        1.0634  EEL     =       73.0513  HBOND      =        0.0000
 1-4 VDW =       26.0350  1-4 EEL =     -135.1709  RESTRAINT  =        0.0000


   NSTEP       ENERGY          RMS            GMAX         NAME    NUMBER
     52       3.5105E+01     1.8388E+00     1.2315E+01     C29        27

 BOND    =        4.8850  ANGLE   =       30.8152  DIHED      =       34.4419
 VDWAALS =        1.0522  EEL     =       73.0463  HBOND      =        0.0000
 1-4 VDW =       26.0403  1-4 EEL =     -135.1757  RESTRAINT  =        0.0000


   NSTEP       ENERGY          RMS            GMAX         NAME    NUMBER
     53       3.5008E+01     1.3191E+00     6.0546E+00     H261       74

 BOND    =        4.7803  ANGLE   =       30.8409  DIHED      =       34.4313
 VDWAALS =        1.0461  EEL     =       73.0436  HBOND      =        0.0000
 1-4 VDW =       26.0446  1-4 EEL =     -135.1784  RESTRAINT  =        0.0000


   NSTEP       ENERGY          RMS            GMAX         NAME    NUMBER
     54       3.4877E+01     1.3116E+00     6.0119E+00     H261       74

 BOND    =        4.7842  ANGLE   =       30.8036  DIHED      =       34.3744
 VDWAALS =        1.0182  EEL     =       73.0430  HBOND      =        0.0000
 1-4 VDW =       26.0284  1-4 EEL =     -135.1746  RESTRAINT  =        0.0000


   NSTEP       ENERGY          RMS            GMAX         NAME    NUMBER
     55       3.3692E+01     1.2749E+00     5.6356E+00     H262       75

 BOND    =        4.8294  ANGLE   =       30.4671  DIHED      =       33.8524
 VDWAALS =        0.7669  EEL     =       73.0370  HBOND      =        0.0000
 1-4 VDW =       25.8779  1-4 EEL =     -135.1387  RESTRAINT  =        0.0000


   NSTEP       ENERGY          RMS            GMAX         NAME    NUMBER
     56       2.5601E+01     3.1772E+00     2.6238E+01     C10         9

 BOND    =        6.2874  ANGLE   =       28.1849  DIHED      =       29.5746
 VDWAALS =       -1.0306  EEL     =       72.9708  HBOND      =        0.0000
 1-4 VDW =       24.3869  1-4 EEL =     -134.7728  RESTRAINT  =        0.0000


   NSTEP       ENERGY          RMS            GMAX         NAME    NUMBER
     57       2.4361E+01     5.1105E+00     4.1430E+01     C10         9

 BOND    =        8.5843  ANGLE   =       27.7726  DIHED      =       27.8829
 VDWAALS =       -1.7302  EEL     =       72.9134  HBOND      =        0.0000
 1-4 VDW =       23.4791  1-4 EEL =     -134.5407  RESTRAINT  =        0.0000


   NSTEP       ENERGY          RMS            GMAX         NAME    NUMBER
     58       9.1862E+01     3.9748E+01     3.4158E+02     C9         90

 BOND    =       70.8546  ANGLE   =       38.7695  DIHED      =       27.1101
 VDWAALS =       -4.3023  EEL     =       72.5761  HBOND      =        0.0000
 1-4 VDW =       21.0548  1-4 EEL =     -134.2010  RESTRAINT  =        0.0000


   NSTEP       ENERGY          RMS            GMAX         NAME    NUMBER
     59       2.3081E+01     2.3317E+00     1.6648E+01     H262       75

 BOND    =        8.4780  ANGLE   =       27.6593  DIHED      =       27.4971
 VDWAALS =       -2.0794  EEL     =       72.8908  HBOND      =        0.0000
 1-4 VDW =       23.1363  1-4 EEL =     -134.5013  RESTRAINT  =        0.0000


   NSTEP       ENERGY          RMS            GMAX         NAME    NUMBER
     60       2.2580E+01     1.9030E+00     1.1866E+01     H262       75

 BOND    =        8.2562  ANGLE   =       27.6131  DIHED      =       27.4222
 VDWAALS =       -2.1879  EEL     =       72.8904  HBOND      =        0.0000
 1-4 VDW =       23.0773  1-4 EEL =     -134.4912  RESTRAINT  =        0.0000


   NSTEP       ENERGY          RMS            GMAX         NAME    NUMBER
     61       2.1987E+01     3.1539E+00     2.0773E+01     C26        24

 BOND    =        8.3471  ANGLE   =       27.5581  DIHED      =       27.2186
 VDWAALS =       -2.4833  EEL     =       72.8881  HBOND      =        0.0000
 1-4 VDW =       22.9204  1-4 EEL =     -134.4624  RESTRAINT  =        0.0000


   NSTEP       ENERGY          RMS            GMAX         NAME    NUMBER
     62       2.1064E+01     3.0287E+00     2.2805E+01     C29        27

 BOND    =        8.0752  ANGLE   =       27.9526  DIHED      =       26.8476
 VDWAALS =       -2.9878  EEL     =       72.8387  HBOND      =        0.0000
 1-4 VDW =       22.7206  1-4 EEL =     -134.3829  RESTRAINT  =        0.0000


   NSTEP       ENERGY          RMS            GMAX         NAME    NUMBER
     63       2.1041E+01     2.5686E+00     1.8481E+01     C29        27

 BOND    =        8.0069  ANGLE   =       27.8629  DIHED      =       26.8950
 VDWAALS =       -2.9214  EEL     =       72.8455  HBOND      =        0.0000
 1-4 VDW =       22.7459  1-4 EEL =     -134.3937  RESTRAINT  =        0.0000


   NSTEP       ENERGY          RMS            GMAX         NAME    NUMBER
     64       2.0173E+01     1.7825E+00     8.1377E+00     C24        22

 BOND    =        7.4500  ANGLE   =       28.2274  DIHED      =       26.6036
 VDWAALS =       -3.1981  EEL     =       72.8199  HBOND      =        0.0000
 1-4 VDW =       22.6022  1-4 EEL =     -134.3317  RESTRAINT  =        0.0000


   NSTEP       ENERGY          RMS            GMAX         NAME    NUMBER
     65       2.0045E+01     2.4428E+00     1.3662E+01     C25        23

 BOND    =        7.3052  ANGLE   =       28.5930  DIHED      =       26.4537
 VDWAALS =       -3.3434  EEL     =       72.8046  HBOND      =        0.0000
 1-4 VDW =       22.5289  1-4 EEL =     -134.2968  RESTRAINT  =        0.0000


   NSTEP       ENERGY          RMS            GMAX         NAME    NUMBER
     66       1.8909E+01     2.1228E+00     9.2643E+00     H261       74

 BOND    =        7.3210  ANGLE   =       28.1639  DIHED      =       25.9911
 VDWAALS =       -3.4328  EEL     =       72.7588  HBOND      =        0.0000
 1-4 VDW =       22.3018  1-4 EEL =     -134.1950  RESTRAINT  =        0.0000


   NSTEP       ENERGY          RMS            GMAX         NAME    NUMBER
     67       1.8838E+01     2.7135E+00     1.3684E+01     C24        22

 BOND    =        7.4991  ANGLE   =       28.1158  DIHED      =       25.8640
 VDWAALS =       -3.4561  EEL     =       72.7428  HBOND      =        0.0000
 1-4 VDW =       22.2350  1-4 EEL =     -134.1622  RESTRAINT  =        0.0000


   NSTEP       ENERGY          RMS            GMAX         NAME    NUMBER
     68       1.7705E+01     3.2255E+00     1.6584E+01     C29        27

 BOND    =        7.7037  ANGLE   =       27.6731  DIHED      =       25.3727
 VDWAALS =       -3.4433  EEL     =       72.7191  HBOND      =        0.0000
 1-4 VDW =       21.7102  1-4 EEL =     -134.0310  RESTRAINT  =        0.0000


   NSTEP       ENERGY          RMS            GMAX         NAME    NUMBER
     69       1.7699E+01     3.0099E+00     1.5187E+01     C29        27

 BOND    =        7.6413  ANGLE   =       27.6792  DIHED      =       25.3996
 VDWAALS =       -3.4456  EEL     =       72.7211  HBOND      =        0.0000
 1-4 VDW =       21.7430  1-4 EEL =     -134.0398  RESTRAINT  =        0.0000


   NSTEP       ENERGY          RMS            GMAX         NAME    NUMBER
     70       1.7009E+01     3.6367E+00     1.9529E+01     C30        28

 BOND    =        8.1541  ANGLE   =       26.9676  DIHED      =       25.0629
 VDWAALS =       -3.3036  EEL     =       72.7031  HBOND      =        0.0000
 1-4 VDW =       21.3458  1-4 EEL =     -133.9213  RESTRAINT  =        0.0000


   NSTEP       ENERGY          RMS            GMAX         NAME    NUMBER
     71       1.6878E+01     2.5015E+00     1.2935E+01     C23        21

 BOND    =        7.7806  ANGLE   =       27.0935  DIHED      =       25.1453
 VDWAALS =       -3.3500  EEL     =       72.7093  HBOND      =        0.0000
 1-4 VDW =       21.4541  1-4 EEL =     -133.9552  RESTRAINT  =        0.0000


   NSTEP       ENERGY          RMS            GMAX         NAME    NUMBER
     72       1.6243E+01     1.6164E+00     9.1035E+00     C18        17

 BOND    =        8.0943  ANGLE   =       26.2570  DIHED      =       24.9809
 VDWAALS =       -3.2349  EEL     =       72.6711  HBOND      =        0.0000
 1-4 VDW =       21.3465  1-4 EEL =     -133.8720  RESTRAINT  =        0.0000


   NSTEP       ENERGY          RMS            GMAX         NAME    NUMBER
     73       1.6229E+01     1.8076E+00     1.1172E+01     C18        17

 BOND    =        8.2067  ANGLE   =       26.1436  DIHED      =       24.9552
 VDWAALS =       -3.2126  EEL     =       72.6644  HBOND      =        0.0000
 1-4 VDW =       21.3293  1-4 EEL =     -133.8576  RESTRAINT  =        0.0000


   NSTEP       ENERGY          RMS            GMAX         NAME    NUMBER
     74       1.5909E+01     1.4733E+00     8.6231E+00     C18        17

 BOND    =        7.8386  ANGLE   =       26.0988  DIHED      =       24.8605
 VDWAALS =       -3.0804  EEL     =       72.6811  HBOND      =        0.0000
 1-4 VDW =       21.4352  1-4 EEL =     -133.9244  RESTRAINT  =        0.0000


   NSTEP       ENERGY          RMS            GMAX         NAME    NUMBER
     75       1.5909E+01     1.4527E+00     8.2884E+00     C18        17

 BOND    =        7.8408  ANGLE   =       26.0984  DIHED      =       24.8619
 VDWAALS =       -3.0828  EEL     =       72.6808  HBOND      =        0.0000
 1-4 VDW =       21.4333  1-4 EEL =     -133.9233  RESTRAINT  =        0.0000


   NSTEP       ENERGY          RMS            GMAX         NAME    NUMBER
     76       1.5887E+01     1.3546E+00     7.1381E+00     C18        17

 BOND    =        7.8169  ANGLE   =       26.0990  DIHED      =       24.8620
 VDWAALS =       -3.0836  EEL     =       72.6836  HBOND      =        0.0000
 1-4 VDW =       21.4336  1-4 EEL =     -133.9249  RESTRAINT  =        0.0000


   NSTEP       ENERGY          RMS            GMAX         NAME    NUMBER
     77       1.5861E+01     1.2484E+00     5.8439E+00     C18        17

 BOND    =        7.7905  ANGLE   =       26.0995  DIHED      =       24.8620
 VDWAALS =       -3.0845  EEL     =       72.6870  HBOND      =        0.0000
 1-4 VDW =       21.4341  1-4 EEL =     -133.9272  RESTRAINT  =        0.0000


   NSTEP       ENERGY          RMS            GMAX         NAME    NUMBER
     78       1.5834E+01     1.1387E+00     4.4317E+00     C18        17

 BOND    =        7.7619  ANGLE   =       26.0997  DIHED      =       24.8618
 VDWAALS =       -3.0855  EEL     =       72.6912  HBOND      =        0.0000
 1-4 VDW =       21.4351  1-4 EEL =     -133.9305  RESTRAINT  =        0.0000


   NSTEP       ENERGY          RMS            GMAX         NAME    NUMBER
     79       1.5804E+01     1.0327E+00     3.3853E+00     H171       64

 BOND    =        7.7316  ANGLE   =       26.0989  DIHED      =       24.8614
 VDWAALS =       -3.0864  EEL     =       72.6965  HBOND      =        0.0000
 1-4 VDW =       21.4369  1-4 EEL =     -133.9352  RESTRAINT  =        0.0000


   NSTEP       ENERGY          RMS            GMAX         NAME    NUMBER
     80       1.6242E+01     4.2496E+00     3.7623E+01     C18        17

 BOND    =        7.9103  ANGLE   =       26.3054  DIHED      =       24.8468
 VDWAALS =       -3.1002  EEL     =       72.8838  HBOND      =        0.0000
 1-4 VDW =       21.5274  1-4 EEL =     -134.1319  RESTRAINT  =        0.0000


   NSTEP       ENERGY          RMS            GMAX         NAME    NUMBER
     81       1.5630E+01     1.3149E+00     1.1132E+01     C18        17

 BOND    =        7.5411  ANGLE   =       26.1044  DIHED      =       24.8541
 VDWAALS =       -3.0937  EEL     =       72.7615  HBOND      =        0.0000
 1-4 VDW =       21.4658  1-4 EEL =     -134.0035  RESTRAINT  =        0.0000


   NSTEP       ENERGY          RMS            GMAX         NAME    NUMBER
     82       1.5385E+01     9.9943E-01     5.4093E+00     C23        21

 BOND    =        7.4416  ANGLE   =       25.9712  DIHED      =       24.8267
 VDWAALS =       -3.0811  EEL     =       72.8311  HBOND      =        0.0000
 1-4 VDW =       21.5343  1-4 EEL =     -134.1391  RESTRAINT  =        0.0000


   NSTEP       ENERGY          RMS            GMAX         NAME    NUMBER
     83       1.5338E+01     1.4174E+00     6.6451E+00     C23        21

 BOND    =        7.4487  ANGLE   =       25.9193  DIHED      =       24.8099
 VDWAALS =       -3.0698  EEL     =       72.8774  HBOND      =        0.0000
 1-4 VDW =       21.5823  1-4 EEL =     -134.2296  RESTRAINT  =        0.0000


   NSTEP       ENERGY          RMS            GMAX         NAME    NUMBER
     84       1.5040E+01     1.5453E+00     9.2393E+00     C29        27

 BOND    =        7.5084  ANGLE   =       25.6615  DIHED      =       24.7854
 VDWAALS =       -3.0700  EEL     =       72.9456  HBOND      =        0.0000
 1-4 VDW =       21.6164  1-4 EEL =     -134.4074  RESTRAINT  =        0.0000


   NSTEP       ENERGY          RMS            GMAX         NAME    NUMBER
     85       1.5040E+01     1.5681E+00     9.4563E+00     C29        27

 BOND    =        7.5119  ANGLE   =       25.6591  DIHED      =       24.7851
 VDWAALS =       -3.0699  EEL     =       72.9466  HBOND      =        0.0000
 1-4 VDW =       21.6170  1-4 EEL =     -134.4101  RESTRAINT  =        0.0000


   NSTEP       ENERGY          RMS            GMAX         NAME    NUMBER
     86       1.4826E+01     1.6951E+00     9.3865E+00     C26        24

 BOND    =        7.6482  ANGLE   =       25.3331  DIHED      =       24.7614
 VDWAALS =       -3.0189  EEL     =       73.0316  HBOND      =        0.0000
 1-4 VDW =       21.6244  1-4 EEL =     -134.5541  RESTRAINT  =        0.0000


   NSTEP       ENERGY          RMS            GMAX         NAME    NUMBER
     87       1.4806E+01     1.2661E+00     6.4883E+00     C26        24

 BOND    =        7.5729  ANGLE   =       25.3871  DIHED      =       24.7661
 VDWAALS =       -3.0323  EEL     =       73.0124  HBOND      =        0.0000
 1-4 VDW =       21.6214  1-4 EEL =     -134.5217  RESTRAINT  =        0.0000


   NSTEP       ENERGY          RMS            GMAX         NAME    NUMBER
     88       1.4612E+01     8.7969E-01     4.5531E+00     C25        23

 BOND    =        7.6067  ANGLE   =       25.1635  DIHED      =       24.7351
 VDWAALS =       -2.9796  EEL     =       73.0536  HBOND      =        0.0000
 1-4 VDW =       21.6037  1-4 EEL =     -134.5711  RESTRAINT  =        0.0000


   NSTEP       ENERGY          RMS            GMAX         NAME    NUMBER
     89       1.4598E+01     1.1008E+00     6.5877E+00     C24        22

 BOND    =        7.6535  ANGLE   =       25.1020  DIHED      =       24.7249
 VDWAALS =       -2.9600  EEL     =       73.0678  HBOND      =        0.0000
 1-4 VDW =       21.5982  1-4 EEL =     -134.5883  RESTRAINT  =        0.0000


   NSTEP       ENERGY          RMS            GMAX         NAME    NUMBER
     90       1.4388E+01     9.7718E-01     4.0366E+00     C25        23

 BOND    =        7.7356  ANGLE   =       24.7042  DIHED      =       24.6664
 VDWAALS =       -2.8098  EEL     =       73.1092  HBOND      =        0.0000
 1-4 VDW =       21.6262  1-4 EEL =     -134.6438  RESTRAINT  =        0.0000


   NSTEP       ENERGY          RMS            GMAX         NAME    NUMBER
     91       1.4364E+01     1.3439E+00     7.0156E+00     C25        23

 BOND    =        7.8195  ANGLE   =       24.5388  DIHED      =       24.6404
 VDWAALS =       -2.7351  EEL     =       73.1289  HBOND      =        0.0000
 1-4 VDW =       21.6413  1-4 EEL =     -134.6702  RESTRAINT  =        0.0000


   NSTEP       ENERGY          RMS            GMAX         NAME    NUMBER
     92       1.4075E+01     1.0422E+00     5.0515E+00     C25        23

 BOND    =        7.7875  ANGLE   =       24.0451  DIHED      =       24.5410
 VDWAALS =       -2.4922  EEL     =       73.1573  HBOND      =        0.0000
 1-4 VDW =       21.7111  1-4 EEL =     -134.6743  RESTRAINT  =        0.0000


   NSTEP       ENERGY          RMS            GMAX         NAME    NUMBER
     93       1.4061E+01     1.2776E+00     5.5815E+00     C9         90

 BOND    =        7.8164  ANGLE   =       23.9275  DIHED      =       24.5162
 VDWAALS =       -2.4216  EEL     =       73.1652  HBOND      =        0.0000
 1-4 VDW =       21.7326  1-4 EEL =     -134.6753  RESTRAINT  =        0.0000


   NSTEP       ENERGY          RMS            GMAX         NAME    NUMBER
     94       1.3877E+01     1.8464E+00     1.0478E+01     C25        23

 BOND    =        7.5010  ANGLE   =       23.9501  DIHED      =       24.4307
 VDWAALS =       -2.2321  EEL     =       73.1844  HBOND      =        0.0000
 1-4 VDW =       21.7580  1-4 EEL =     -134.7153  RESTRAINT  =        0.0000


   NSTEP       ENERGY          RMS            GMAX         NAME    NUMBER
     95       1.3854E+01     1.3503E+00     6.7533E+00     C25        23

 BOND    =        7.5332  ANGLE   =       23.9266  DIHED      =       24.4501
 VDWAALS =       -2.2810  EEL     =       73.1796  HBOND      =        0.0000
 1-4 VDW =       21.7510  1-4 EEL =     -134.7055  RESTRAINT  =        0.0000


   NSTEP       ENERGY          RMS            GMAX         NAME    NUMBER
     96       1.3549E+01     1.1465E+00     6.2449E+00     C25        23

 BOND    =        7.5221  ANGLE   =       23.5932  DIHED      =       24.3885
 VDWAALS =       -2.1765  EEL     =       73.1770  HBOND      =        0.0000
 1-4 VDW =       21.7363  1-4 EEL =     -134.6920  RESTRAINT  =        0.0000


   NSTEP       ENERGY          RMS            GMAX         NAME    NUMBER
     97       1.3466E+01     1.7877E+00     1.0956E+01     C37        35

 BOND    =        7.6232  ANGLE   =       23.3588  DIHED      =       24.3434
 VDWAALS =       -2.0808  EEL     =       73.1746  HBOND      =        0.0000
 1-4 VDW =       21.7266  1-4 EEL =     -134.6800  RESTRAINT  =        0.0000


   NSTEP       ENERGY          RMS            GMAX         NAME    NUMBER
     98       1.3282E+01     2.2383E+00     1.3613E+01     C37        35

 BOND    =        7.9066  ANGLE   =       22.7430  DIHED      =       24.2604
 VDWAALS =       -1.9196  EEL     =       73.1848  HBOND      =        0.0000
 1-4 VDW =       21.7627  1-4 EEL =     -134.6559  RESTRAINT  =        0.0000


   NSTEP       ENERGY          RMS            GMAX         NAME    NUMBER
     99       1.3210E+01     1.3233E+00     5.0933E+00     C37        35

 BOND    =        7.7036  ANGLE   =       22.9339  DIHED      =       24.2855
 VDWAALS =       -1.9788  EEL     =       73.1813  HBOND      =        0.0000
 1-4 VDW =       21.7492  1-4 EEL =     -134.6645  RESTRAINT  =        0.0000


   NSTEP       ENERGY          RMS            GMAX         NAME    NUMBER
    100       1.2996E+01     9.4221E-01     3.9135E+00     H262       75

 BOND    =        7.4914  ANGLE   =       22.9314  DIHED      =       24.2524
 VDWAALS =       -1.9740  EEL     =       73.1808  HBOND      =        0.0000
 1-4 VDW =       21.7652  1-4 EEL =     -134.6510  RESTRAINT  =        0.0000


  Maximum number of minimization cycles reached.


                    FINAL RESULTS



   NSTEP       ENERGY          RMS            GMAX         NAME    NUMBER
    100       1.2996E+01     9.4221E-01     3.9135E+00     H262       75

 BOND    =        7.4914  ANGLE   =       22.9314  DIHED      =       24.2524
 VDWAALS =       -1.9740  EEL     =       73.1808  HBOND      =        0.0000
 1-4 VDW =       21.7652  1-4 EEL =     -134.6510  RESTRAINT  =        0.0000

--------------------------------------------------------------------------------
   5.  TIMINGS
--------------------------------------------------------------------------------

|    Read coords time           0.00 ( 0.50% of Total)
|    Fast Water setup           0.00 ( 0.01% of Total)
|                Build the list             0.00 (95.40% of List )
|                Other                      0.00 ( 4.60% of List )
|             List time                  0.00 ( 3.06% of Nonbo)
|                   Short_ene time             0.03 (99.47% of Direc)
|                   Other                      0.00 ( 0.53% of Direc)
|                Direct Ewald time          0.03 (95.43% of Ewald)
|                Force Adjust               0.00 ( 0.05% of Ewald)
|                Virial junk                0.00 ( 0.06% of Ewald)
|                Start synchronizatio       0.00 ( 0.06% of Ewald)
|                Other                      0.00 ( 4.40% of Ewald)
|             Ewald time                 0.04 (96.68% of Nonbo)
|             IPS excludes               0.00 ( 0.05% of Nonbo)
|             Other                      0.00 ( 0.21% of Nonbo)
|          Nonbond force              0.04 (75.99% of Force)
|          Bond/Angle/Dihedral        0.01 (23.61% of Force)
|          Other                      0.00 ( 0.39% of Force)
|       Force time                 0.05 (100.0% of Runmd)
|    Runmd Time                 0.05 (74.55% of Total)
|    Other                      0.02 (24.93% of Total)
| Total time                 0.06 (100.0% of ALL  )

| Number of list builds   :          1

| Highest rstack allocated:        415
| Highest istack allocated:         83
|           Job began  at 14:34:48.386  on 05/22/2015
|           Setup done at 14:34:48.391  on 05/22/2015
|           Run   done at 14:34:48.451  on 05/22/2015
|     wallclock() was called    2335 times
