
          -------------------------------------------------------
          Amber 16 SANDER                              2016
          -------------------------------------------------------

| Run on 04/20/2016 at 15:20:25

|   Executable path: sander
| Working directory: /gpfs/gpfs/project1/dacase-001/haichit/phenix_amber/run_amber_library/amber_library/l
|          Hostname: e1c029

  [-O]verwriting output

File Assignments:
|  MDIN: L35_sander.in                                                         
| MDOUT: L35.min.out                                                           
|INPCRD: L35.rst7                                                              
|  PARM: L35.prmtop                                                            
|RESTRT: L35.min.rst7                                                          
|  REFC: refc                                                                  
| MDVEL: mdvel                                                                 
| MDFRC: mdfrc                                                                 
|  MDEN: mden                                                                  
| MDCRD: mdcrd                                                                 
|MDINFO: mdinfo                                                                
|  MTMD: mtmd                                                                  
|INPDIP: inpdip                                                                
|RSTDIP: rstdip                                                                
|INPTRA: inptraj                                                               


 Here is the input file:

  short minimization                                                           
 &cntrl                                                                        
   imin=1, maxcyc=100, ncyc=50, ntpr=1, cut=99., ntb=0,                        
 /                                                                             

--------------------------------------------------------------------------------
   1.  RESOURCE   USE: 
--------------------------------------------------------------------------------

| Flags:                                                                        
|    NONPERIODIC   ntb=0 and igb=0: Setting up nonperiodic simulation
|  *** cutoff > system size, list only builds once
|Largest sphere to fit in unit cell has radius =    34.858
| New format PARM file being parsed.
| Version =    1.000 Date = 04/20/16 Time = 15:20:25
 NATOM  =      40 NTYPES =      12 NBONH =      15 MBONA  =      25
 NTHETH =      29 MTHETA =      34 NPHIH =      59 MPHIA  =      48
 NHPARM =       0 NPARM  =       0 NNB   =     184 NRES   =       1
 NBONA  =      25 NTHETA =      34 NPHIA =      48 NUMBND =      18
 NUMANG =      39 NPTRA  =      17 NATYP =      12 NPHB   =       0
 IFBOX  =       0 NMXRS  =      40 IFCAP =       0 NEXTRA =       0
 NCOPY  =       0


|     Memory Use     Allocated
|     Real                7553
|     Hollerith            123
|     Integer            26454
|     Max Pairs            780
|     nblistReal           480
|     nblist Int       1262483
|       Total             5101 kbytes

| Note: 1-4 EEL scale factors are being read from the topology file.

| Note: 1-4 VDW scale factors are being read from the topology file.
| Duplicated    0 dihedrals
| Duplicated    0 dihedrals

--------------------------------------------------------------------------------
   2.  CONTROL  DATA  FOR  THE  RUN
--------------------------------------------------------------------------------

L35                                                                             

General flags:
     imin    =       1, nmropt  =       0

Nature and format of input:
     ntx     =       1, irest   =       0, ntrx    =       1

Nature and format of output:
     ntxo    =       2, ntpr    =       1, ntrx    =       1, ntwr    =       1
     iwrap   =       0, ntwx    =       0, ntwv    =       0, ntwe    =       0
     ioutfm  =       1, ntwprt  =       0, idecomp =       0, rbornstat=      0

Potential function:
     ntf     =       1, ntb     =       0, igb     =       0, nsnb    =      25
     ipol    =       0, gbsa    =       0, iesp    =       0
     dielc   =   1.00000, cut     =  99.00000, intdiel =   1.00000

Frozen or restrained atoms:
     ibelly  =       0, ntr     =       0

Energy minimization:
     maxcyc  =     100, ncyc    =      50, ntmin   =       1
     dx0     =   0.01000, drms    =   0.00010
|  INFO: Old style inpcrd file read


--------------------------------------------------------------------------------
   3.  ATOMIC COORDINATES AND VELOCITIES
--------------------------------------------------------------------------------

L35                                                                             
 begin time read from input coords =     0.000 ps

 Number of triangulated 3-point waters found:        0

     Sum of charges from parm topology file =  -1.00400000

--------------------------------------------------------------------------------
   4.  RESULTS
--------------------------------------------------------------------------------

 ---------------------------------------------------

     eedmeth=4: Setting switch to one everywhere

 ---------------------------------------------------
| Local SIZE OF NONBOND LIST =        603
| TOTAL SIZE OF NONBOND LIST =        603


   NSTEP       ENERGY          RMS            GMAX         NAME    NUMBER
      1       8.1096E+02     7.2058E+02     4.0988E+03     C3          3

 BOND    =       29.0169  ANGLE   =      100.1627  DIHED      =        9.2228
 VDWAALS =      699.5840  EEL     =       -8.0947  HBOND      =        0.0000
 1-4 VDW =        4.4335  1-4 EEL =      -23.3630  RESTRAINT  =        0.0000


   NSTEP       ENERGY          RMS            GMAX         NAME    NUMBER
      2       7.7262E+02     6.7984E+02     3.8682E+03     C3          3

 BOND    =       28.4612  ANGLE   =       99.6450  DIHED      =        9.2229
 VDWAALS =      662.2357  EEL     =       -8.0102  HBOND      =        0.0000
 1-4 VDW =        4.4294  1-4 EEL =      -23.3624  RESTRAINT  =        0.0000


   NSTEP       ENERGY          RMS            GMAX         NAME    NUMBER
      3       7.2946E+02     6.3424E+02     3.6100E+03     C3          3

 BOND    =       27.8144  ANGLE   =       99.0238  DIHED      =        9.2230
 VDWAALS =      620.2409  EEL     =       -7.9097  HBOND      =        0.0000
 1-4 VDW =        4.4245  1-4 EEL =      -23.3617  RESTRAINT  =        0.0000


   NSTEP       ENERGY          RMS            GMAX         NAME    NUMBER
      4       6.8145E+02     5.8389E+02     3.3248E+03     C3          3

 BOND    =       27.0668  ANGLE   =       98.2784  DIHED      =        9.2230
 VDWAALS =      573.6115  EEL     =       -7.7904  HBOND      =        0.0000
 1-4 VDW =        4.4185  1-4 EEL =      -23.3611  RESTRAINT  =        0.0000


   NSTEP       ENERGY          RMS            GMAX         NAME    NUMBER
      5       6.2882E+02     5.2915E+02     3.0146E+03     C3          3

 BOND    =       26.2098  ANGLE   =       97.3836  DIHED      =        9.2232
 VDWAALS =      522.6022  EEL     =       -7.6492  HBOND      =        0.0000
 1-4 VDW =        4.4112  1-4 EEL =      -23.3604  RESTRAINT  =        0.0000


   NSTEP       ENERGY          RMS            GMAX         NAME    NUMBER
      6       5.7211E+02     4.7077E+02     2.6835E+03     C3          3

 BOND    =       25.2379  ANGLE   =       96.3095  DIHED      =        9.2233
 VDWAALS =      467.7767  EEL     =       -7.4823  HBOND      =        0.0000
 1-4 VDW =        4.4024  1-4 EEL =      -23.3599  RESTRAINT  =        0.0000


   NSTEP       ENERGY          RMS            GMAX         NAME    NUMBER
      7       5.1220E+02     4.0986E+02     2.3378E+03     C3          3

 BOND    =       24.1502  ANGLE   =       95.0196  DIHED      =        9.2235
 VDWAALS =      410.0625  EEL     =       -7.2857  HBOND      =        0.0000
 1-4 VDW =        4.3916  1-4 EEL =      -23.3597  RESTRAINT  =        0.0000


   NSTEP       ENERGY          RMS            GMAX         NAME    NUMBER
      8       4.5039E+02     3.4795E+02     1.9859E+03     C3          3

 BOND    =       22.9530  ANGLE   =       93.4699  DIHED      =        9.2238
 VDWAALS =      350.7756  EEL     =       -7.0551  HBOND      =        0.0000
 1-4 VDW =        4.3784  1-4 EEL =      -23.3601  RESTRAINT  =        0.0000


   NSTEP       ENERGY          RMS            GMAX         NAME    NUMBER
      9       3.8830E+02     2.8690E+02     1.6383E+03     C3          3

 BOND    =       21.6624  ANGLE   =       91.6067  DIHED      =        9.2242
 VDWAALS =      291.5946  EEL     =       -6.7859  HBOND      =        0.0000
 1-4 VDW =        4.3620  1-4 EEL =      -23.3615  RESTRAINT  =        0.0000


   NSTEP       ENERGY          RMS            GMAX         NAME    NUMBER
     10       3.2786E+02     2.2882E+02     1.3066E+03     C3          3

 BOND    =       20.3060  ANGLE   =       89.3648  DIHED      =        9.2247
 VDWAALS =      234.4651  EEL     =       -6.4734  HBOND      =        0.0000
 1-4 VDW =        4.3415  1-4 EEL =      -23.3651  RESTRAINT  =        0.0000


   NSTEP       ENERGY          RMS            GMAX         NAME    NUMBER
     11       2.7106E+02     1.7581E+02     1.0025E+03     C3          3

 BOND    =       18.9200  ANGLE   =       86.6651  DIHED      =        9.2256
 VDWAALS =      181.4245  EEL     =       -6.1135  HBOND      =        0.0000
 1-4 VDW =        4.3153  1-4 EEL =      -23.3726  RESTRAINT  =        0.0000


   NSTEP       ENERGY          RMS            GMAX         NAME    NUMBER
     12       2.1973E+02     1.2970E+02     7.5019E+02     C3          3

 BOND    =       17.5381  ANGLE   =       83.4148  DIHED      =        9.2269
 VDWAALS =      134.3589  EEL     =       -5.7035  HBOND      =        0.0000
 1-4 VDW =        4.2813  1-4 EEL =      -23.3873  RESTRAINT  =        0.0000


   NSTEP       ENERGY          RMS            GMAX         NAME    NUMBER
     13       1.7521E+02     9.1813E+01     5.4103E+02     C3          3

 BOND    =       16.1600  ANGLE   =       79.5160  DIHED      =        9.2289
 VDWAALS =       94.7300  EEL     =       -5.2437  HBOND      =        0.0000
 1-4 VDW =        4.2355  1-4 EEL =      -23.4156  RESTRAINT  =        0.0000


   NSTEP       ENERGY          RMS            GMAX         NAME    NUMBER
     14       1.3813E+02     6.2603E+01     3.7473E+02     C3          3

 BOND    =       14.7008  ANGLE   =       74.9027  DIHED      =        9.2323
 VDWAALS =       63.3304  EEL     =       -4.7416  HBOND      =        0.0000
 1-4 VDW =        4.1717  1-4 EEL =      -23.4695  RESTRAINT  =        0.0000


   NSTEP       ENERGY          RMS            GMAX         NAME    NUMBER
     15       1.0827E+02     4.1452E+01     2.4840E+02     C3          3

 BOND    =       12.9750  ANGLE   =       69.6431  DIHED      =        9.2378
 VDWAALS =       40.1229  EEL     =       -4.2178  HBOND      =        0.0000
 1-4 VDW =        4.0793  1-4 EEL =      -23.5716  RESTRAINT  =        0.0000


   NSTEP       ENERGY          RMS            GMAX         NAME    NUMBER
     16       8.4898E+01     2.6715E+01     1.5531E+02     C3          3

 BOND    =       10.8906  ANGLE   =       64.1016  DIHED      =        9.2467
 VDWAALS =       24.1896  EEL     =       -3.7125  HBOND      =        0.0000
 1-4 VDW =        3.9415  1-4 EEL =      -23.7597  RESTRAINT  =        0.0000


   NSTEP       ENERGY          RMS            GMAX         NAME    NUMBER
     17       6.7124E+01     1.7046E+01     8.9935E+01     C3          3

 BOND    =        8.6911  ANGLE   =       58.8932  DIHED      =        9.2601
 VDWAALS =       13.9143  EEL     =       -3.2818  HBOND      =        0.0000
 1-4 VDW =        3.7332  1-4 EEL =      -24.0865  RESTRAINT  =        0.0000


   NSTEP       ENERGY          RMS            GMAX         NAME    NUMBER
     18       5.3264E+01     1.1457E+01     5.4117E+01     C3          3

 BOND    =        6.1664  ANGLE   =       54.2773  DIHED      =        9.2768
 VDWAALS =        7.6789  EEL     =       -2.9832  HBOND      =        0.0000
 1-4 VDW =        3.4360  1-4 EEL =      -24.5882  RESTRAINT  =        0.0000


   NSTEP       ENERGY          RMS            GMAX         NAME    NUMBER
     19       4.2022E+01     7.8034E+00     3.1464E+01     C3          3

 BOND    =        3.2747  ANGLE   =       50.2255  DIHED      =        9.2906
 VDWAALS =        4.1549  EEL     =       -2.7850  HBOND      =        0.0000
 1-4 VDW =        3.0979  1-4 EEL =      -25.2362  RESTRAINT  =        0.0000


   NSTEP       ENERGY          RMS            GMAX         NAME    NUMBER
     20       3.3398E+01     6.8521E+00     2.6352E+01     H2         25

 BOND    =        1.4375  ANGLE   =       46.5764  DIHED      =        9.3020
 VDWAALS =        1.8539  EEL     =       -2.5146  HBOND      =        0.0000
 1-4 VDW =        2.7756  1-4 EEL =      -26.0327  RESTRAINT  =        0.0000


   NSTEP       ENERGY          RMS            GMAX         NAME    NUMBER
     21       4.1258E+01     2.9059E+01     1.1961E+02     C2          2

 BOND    =       14.3938  ANGLE   =       43.1886  DIHED      =        9.3199
 VDWAALS =        0.4925  EEL     =       -2.4266  HBOND      =        0.0000
 1-4 VDW =        2.5084  1-4 EEL =      -26.2181  RESTRAINT  =        0.0000


   NSTEP       ENERGY          RMS            GMAX         NAME    NUMBER
     22       2.7107E+01     5.7113E+00     1.8749E+01     C6          6

 BOND    =        1.1976  ANGLE   =       42.1646  DIHED      =        9.3196
 VDWAALS =        0.6181  EEL     =       -2.3435  HBOND      =        0.0000
 1-4 VDW =        2.5821  1-4 EEL =      -26.4317  RESTRAINT  =        0.0000


   NSTEP       ENERGY          RMS            GMAX         NAME    NUMBER
     23       2.9597E+01     1.7693E+01     6.5497E+01     C1          1

 BOND    =        5.2604  ANGLE   =       41.1922  DIHED      =        9.3237
 VDWAALS =       -0.0011  EEL     =       -2.1240  HBOND      =        0.0000
 1-4 VDW =        2.4988  1-4 EEL =      -26.5526  RESTRAINT  =        0.0000


   NSTEP       ENERGY          RMS            GMAX         NAME    NUMBER
     24       2.4232E+01     4.7355E+00     1.4102E+01     N2         19

 BOND    =        1.0550  ANGLE   =       40.1044  DIHED      =        9.3239
 VDWAALS =       -0.1145  EEL     =       -2.1387  HBOND      =        0.0000
 1-4 VDW =        2.5397  1-4 EEL =      -26.5379  RESTRAINT  =        0.0000


   NSTEP       ENERGY          RMS            GMAX         NAME    NUMBER
     25       2.4058E+01     9.2344E+00     2.9054E+01     C13        13

 BOND    =        1.8973  ANGLE   =       39.2997  DIHED      =        9.3319
 VDWAALS =       -0.3343  EEL     =       -2.1210  HBOND      =        0.0000
 1-4 VDW =        2.4821  1-4 EEL =      -26.4975  RESTRAINT  =        0.0000


   NSTEP       ENERGY          RMS            GMAX         NAME    NUMBER
     26       2.4566E+01     1.3337E+01     6.4346E+01     C13        13

 BOND    =        3.0815  ANGLE   =       38.7243  DIHED      =        9.3318
 VDWAALS =       -0.4048  EEL     =       -2.0975  HBOND      =        0.0000
 1-4 VDW =        2.5703  1-4 EEL =      -26.6398  RESTRAINT  =        0.0000


   NSTEP       ENERGY          RMS            GMAX         NAME    NUMBER
     27       2.1829E+01     3.5861E+00     1.2340E+01     H2         25

 BOND    =        0.8739  ANGLE   =       38.2797  DIHED      =        9.3334
 VDWAALS =       -0.5051  EEL     =       -2.0597  HBOND      =        0.0000
 1-4 VDW =        2.4889  1-4 EEL =      -26.5824  RESTRAINT  =        0.0000


   NSTEP       ENERGY          RMS            GMAX         NAME    NUMBER
     28       2.1372E+01     6.3643E+00     2.2520E+01     C13        13

 BOND    =        1.1828  ANGLE   =       37.6431  DIHED      =        9.3358
 VDWAALS =       -0.7158  EEL     =       -2.0258  HBOND      =        0.0000
 1-4 VDW =        2.5118  1-4 EEL =      -26.5601  RESTRAINT  =        0.0000


   NSTEP       ENERGY          RMS            GMAX         NAME    NUMBER
     29       2.1685E+01     1.0255E+01     5.0125E+01     C12        12

 BOND    =        2.0567  ANGLE   =       37.2125  DIHED      =        9.3405
 VDWAALS =       -0.7539  EEL     =       -1.9667  HBOND      =        0.0000
 1-4 VDW =        2.4159  1-4 EEL =      -26.6204  RESTRAINT  =        0.0000


   NSTEP       ENERGY          RMS            GMAX         NAME    NUMBER
     30       2.0101E+01     3.0133E+00     1.0467E+01     H2         25

 BOND    =        0.7916  ANGLE   =       36.9074  DIHED      =        9.3396
 VDWAALS =       -0.8158  EEL     =       -1.9792  HBOND      =        0.0000
 1-4 VDW =        2.4684  1-4 EEL =      -26.6110  RESTRAINT  =        0.0000


   NSTEP       ENERGY          RMS            GMAX         NAME    NUMBER
     31       1.9589E+01     3.9873E+00     1.4644E+01     C2          2

 BOND    =        0.8589  ANGLE   =       36.4147  DIHED      =        9.3416
 VDWAALS =       -0.9593  EEL     =       -1.9430  HBOND      =        0.0000
 1-4 VDW =        2.4602  1-4 EEL =      -26.5839  RESTRAINT  =        0.0000


   NSTEP       ENERGY          RMS            GMAX         NAME    NUMBER
     32       1.9386E+01     6.0063E+00     2.4744E+01     C1          1

 BOND    =        1.1071  ANGLE   =       36.0468  DIHED      =        9.3446
 VDWAALS =       -0.9918  EEL     =       -1.9221  HBOND      =        0.0000
 1-4 VDW =        2.4536  1-4 EEL =      -26.6524  RESTRAINT  =        0.0000


   NSTEP       ENERGY          RMS            GMAX         NAME    NUMBER
     33       1.9302E+01     7.4731E+00     2.7417E+01     C6          6

 BOND    =        1.4981  ANGLE   =       35.6394  DIHED      =        9.3455
 VDWAALS =       -1.1439  EEL     =       -1.8839  HBOND      =        0.0000
 1-4 VDW =        2.4245  1-4 EEL =      -26.5776  RESTRAINT  =        0.0000


   NSTEP       ENERGY          RMS            GMAX         NAME    NUMBER
     34       1.9511E+01     9.8572E+00     3.5577E+01     C1          1

 BOND    =        1.7818  ANGLE   =       35.5713  DIHED      =        9.3474
 VDWAALS =       -1.0957  EEL     =       -1.8968  HBOND      =        0.0000
 1-4 VDW =        2.4729  1-4 EEL =      -26.6703  RESTRAINT  =        0.0000


   NSTEP       ENERGY          RMS            GMAX         NAME    NUMBER
     35       1.7982E+01     2.6143E+00     8.7315E+00     C1          1

 BOND    =        0.7130  ANGLE   =       35.1577  DIHED      =        9.3482
 VDWAALS =       -1.1643  EEL     =       -1.8664  HBOND      =        0.0000
 1-4 VDW =        2.4263  1-4 EEL =      -26.6324  RESTRAINT  =        0.0000


   NSTEP       ENERGY          RMS            GMAX         NAME    NUMBER
     36       1.7676E+01     4.8668E+00     1.6852E+01     C2          2

 BOND    =        1.0290  ANGLE   =       34.6119  DIHED      =        9.3499
 VDWAALS =       -1.2903  EEL     =       -1.8449  HBOND      =        0.0000
 1-4 VDW =        2.4340  1-4 EEL =      -26.6140  RESTRAINT  =        0.0000


   NSTEP       ENERGY          RMS            GMAX         NAME    NUMBER
     37       1.7882E+01     7.9186E+00     2.8954E+01     C12        12

 BOND    =        1.3457  ANGLE   =       34.5187  DIHED      =        9.3533
 VDWAALS =       -1.2690  EEL     =       -1.7994  HBOND      =        0.0000
 1-4 VDW =        2.3822  1-4 EEL =      -26.6494  RESTRAINT  =        0.0000


   NSTEP       ENERGY          RMS            GMAX         NAME    NUMBER
     38       1.6944E+01     2.3734E+00     8.7064E+00     C1          1

 BOND    =        0.6947  ANGLE   =       34.2611  DIHED      =        9.3529
 VDWAALS =       -1.3176  EEL     =       -1.8122  HBOND      =        0.0000
 1-4 VDW =        2.4074  1-4 EEL =      -26.6422  RESTRAINT  =        0.0000


   NSTEP       ENERGY          RMS            GMAX         NAME    NUMBER
     39       1.6627E+01     3.1465E+00     1.3312E+01     C2          2

 BOND    =        0.8341  ANGLE   =       33.8536  DIHED      =        9.3543
 VDWAALS =       -1.4020  EEL     =       -1.7897  HBOND      =        0.0000
 1-4 VDW =        2.4006  1-4 EEL =      -26.6239  RESTRAINT  =        0.0000


   NSTEP       ENERGY          RMS            GMAX         NAME    NUMBER
     40       1.6477E+01     4.5627E+00     2.1686E+01     C1          1

 BOND    =        0.8218  ANGLE   =       33.7352  DIHED      =        9.3567
 VDWAALS =       -1.3968  EEL     =       -1.7707  HBOND      =        0.0000
 1-4 VDW =        2.3900  1-4 EEL =      -26.6591  RESTRAINT  =        0.0000


   NSTEP       ENERGY          RMS            GMAX         NAME    NUMBER
     41       1.6363E+01     5.4353E+00     2.2811E+01     C2          2

 BOND    =        1.1928  ANGLE   =       33.3098  DIHED      =        9.3571
 VDWAALS =       -1.5058  EEL     =       -1.7557  HBOND      =        0.0000
 1-4 VDW =        2.3858  1-4 EEL =      -26.6212  RESTRAINT  =        0.0000


   NSTEP       ENERGY          RMS            GMAX         NAME    NUMBER
     42       1.6371E+01     6.7433E+00     3.1114E+01     C1          1

 BOND    =        1.0735  ANGLE   =       33.4138  DIHED      =        9.3596
 VDWAALS =       -1.4482  EEL     =       -1.7390  HBOND      =        0.0000
 1-4 VDW =        2.3741  1-4 EEL =      -26.6631  RESTRAINT  =        0.0000


   NSTEP       ENERGY          RMS            GMAX         NAME    NUMBER
     43       1.5563E+01     1.9166E+00     6.9804E+00     Cl2        24

 BOND    =        0.6853  ANGLE   =       33.0310  DIHED      =        9.3595
 VDWAALS =       -1.5082  EEL     =       -1.7352  HBOND      =        0.0000
 1-4 VDW =        2.3778  1-4 EEL =      -26.6472  RESTRAINT  =        0.0000


   NSTEP       ENERGY          RMS            GMAX         NAME    NUMBER
     44       1.5220E+01     2.7856E+00     9.9726E+00     C2          2

 BOND    =        0.8020  ANGLE   =       32.6203  DIHED      =        9.3617
 VDWAALS =       -1.5778  EEL     =       -1.7072  HBOND      =        0.0000
 1-4 VDW =        2.3541  1-4 EEL =      -26.6326  RESTRAINT  =        0.0000


   NSTEP       ENERGY          RMS            GMAX         NAME    NUMBER
     45       1.5311E+01     5.9812E+00     3.1330E+01     C13        13

 BOND    =        1.0288  ANGLE   =       32.4777  DIHED      =        9.3630
 VDWAALS =       -1.5775  EEL     =       -1.7002  HBOND      =        0.0000
 1-4 VDW =        2.3920  1-4 EEL =      -26.6725  RESTRAINT  =        0.0000


   NSTEP       ENERGY          RMS            GMAX         NAME    NUMBER
     46       1.4774E+01     1.9272E+00     7.2430E+00     C1          1

 BOND    =        0.6837  ANGLE   =       32.3166  DIHED      =        9.3639
 VDWAALS =       -1.6072  EEL     =       -1.6869  HBOND      =        0.0000
 1-4 VDW =        2.3553  1-4 EEL =      -26.6516  RESTRAINT  =        0.0000


   NSTEP       ENERGY          RMS            GMAX         NAME    NUMBER
     47       1.4549E+01     2.3377E+00     9.6948E+00     C2          2

 BOND    =        0.7795  ANGLE   =       32.0260  DIHED      =        9.3651
 VDWAALS =       -1.6591  EEL     =       -1.6698  HBOND      =        0.0000
 1-4 VDW =        2.3444  1-4 EEL =      -26.6371  RESTRAINT  =        0.0000


   NSTEP       ENERGY          RMS            GMAX         NAME    NUMBER
     48       1.4401E+01     3.3174E+00     1.5627E+01     C1          1

 BOND    =        0.7312  ANGLE   =       31.9270  DIHED      =        9.3668
 VDWAALS =       -1.6552  EEL     =       -1.6570  HBOND      =        0.0000
 1-4 VDW =        2.3492  1-4 EEL =      -26.6615  RESTRAINT  =        0.0000


   NSTEP       ENERGY          RMS            GMAX         NAME    NUMBER
     49       1.4318E+01     4.2404E+00     1.6869E+01     C2          2

 BOND    =        1.0168  ANGLE   =       31.6109  DIHED      =        9.3678
 VDWAALS =       -1.7298  EEL     =       -1.6390  HBOND      =        0.0000
 1-4 VDW =        2.3196  1-4 EEL =      -26.6283  RESTRAINT  =        0.0000


   NSTEP       ENERGY          RMS            GMAX         NAME    NUMBER
     50       1.4290E+01     5.3034E+00     2.1594E+01     C1          1

 BOND    =        0.9126  ANGLE   =       31.6454  DIHED      =        9.3686
 VDWAALS =       -1.6908  EEL     =       -1.6368  HBOND      =        0.0000
 1-4 VDW =        2.3589  1-4 EEL =      -26.6683  RESTRAINT  =        0.0000


   NSTEP       ENERGY          RMS            GMAX         NAME    NUMBER
     51       1.4385E+01     6.8780E+00     3.5302E+01     C12        12

 BOND    =        1.4410  ANGLE   =       31.3034  DIHED      =        9.3705
 VDWAALS =       -1.7800  EEL     =       -1.6099  HBOND      =        0.0000
 1-4 VDW =        2.2819  1-4 EEL =      -26.6219  RESTRAINT  =        0.0000


   NSTEP       ENERGY          RMS            GMAX         NAME    NUMBER
     52       1.3731E+01     2.4710E+00     9.7917E+00     C2          2

 BOND    =        0.8058  ANGLE   =       31.2564  DIHED      =        9.3702
 VDWAALS =       -1.7642  EEL     =       -1.6144  HBOND      =        0.0000
 1-4 VDW =        2.3153  1-4 EEL =      -26.6385  RESTRAINT  =        0.0000


   NSTEP       ENERGY          RMS            GMAX         NAME    NUMBER
     53       1.3661E+01     1.8155E+00     6.5701E+00     C13        13

 BOND    =        0.7268  ANGLE   =       31.2533  DIHED      =        9.3701
 VDWAALS =       -1.7570  EEL     =       -1.6165  HBOND      =        0.0000
 1-4 VDW =        2.3305  1-4 EEL =      -26.6460  RESTRAINT  =        0.0000


   NSTEP       ENERGY          RMS            GMAX         NAME    NUMBER
     54       1.3572E+01     1.5310E+00     5.5024E+00     H6         27

 BOND    =        0.6939  ANGLE   =       31.2021  DIHED      =        9.3707
 VDWAALS =       -1.7611  EEL     =       -1.6104  HBOND      =        0.0000
 1-4 VDW =        2.3247  1-4 EEL =      -26.6476  RESTRAINT  =        0.0000


   NSTEP       ENERGY          RMS            GMAX         NAME    NUMBER
     55       1.3486E+01     3.0324E+00     1.2576E+01     C1          1

 BOND    =        0.7323  ANGLE   =       31.0891  DIHED      =        9.3724
 VDWAALS =       -1.7709  EEL     =       -1.5947  HBOND      =        0.0000
 1-4 VDW =        2.3094  1-4 EEL =      -26.6517  RESTRAINT  =        0.0000


   NSTEP       ENERGY          RMS            GMAX         NAME    NUMBER
     56       1.3112E+01     2.9232E+00     1.2224E+01     C1          1

 BOND    =        0.7328  ANGLE   =       30.7424  DIHED      =        9.3749
 VDWAALS =       -1.8159  EEL     =       -1.5693  HBOND      =        0.0000
 1-4 VDW =        2.2994  1-4 EEL =      -26.6519  RESTRAINT  =        0.0000


   NSTEP       ENERGY          RMS            GMAX         NAME    NUMBER
     57       1.0356E+01     2.0564E+00     8.8350E+00     C1          1

 BOND    =        0.7889  ANGLE   =       27.9455  DIHED      =        9.4031
 VDWAALS =       -2.0152  EEL     =       -1.3586  HBOND      =        0.0000
 1-4 VDW =        2.2362  1-4 EEL =      -26.6443  RESTRAINT  =        0.0000


   NSTEP       ENERGY          RMS            GMAX         NAME    NUMBER
     58       8.8395E+00     3.1479E+00     1.5635E+01     Cl2        24

 BOND    =        1.2581  ANGLE   =       24.9181  DIHED      =        9.4704
 VDWAALS =       -1.3724  EEL     =       -1.1147  HBOND      =        0.0000
 1-4 VDW =        2.2696  1-4 EEL =      -26.5895  RESTRAINT  =        0.0000


   NSTEP       ENERGY          RMS            GMAX         NAME    NUMBER
     59       7.7911E+01     5.8221E+01     1.7033E+02     C11        11

 BOND    =       60.8967  ANGLE   =       32.3448  DIHED      =        9.6899
 VDWAALS =       -1.5772  EEL     =       -0.2908  HBOND      =        0.0000
 1-4 VDW =        2.5566  1-4 EEL =      -25.7086  RESTRAINT  =        0.0000


   NSTEP       ENERGY          RMS            GMAX         NAME    NUMBER
     60       8.5349E+00     2.4405E+00     8.9069E+00     Cl2        24

 BOND    =        1.0511  ANGLE   =       24.7212  DIHED      =        9.4785
 VDWAALS =       -1.4123  EEL     =       -1.0437  HBOND      =        0.0000
 1-4 VDW =        2.2778  1-4 EEL =      -26.5376  RESTRAINT  =        0.0000


   NSTEP       ENERGY          RMS            GMAX         NAME    NUMBER
     61       8.2486E+00     1.9803E+00     7.9871E+00     Cl2        24

 BOND    =        0.9875  ANGLE   =       24.6792  DIHED      =        9.4837
 VDWAALS =       -1.6456  EEL     =       -0.9604  HBOND      =        0.0000
 1-4 VDW =        2.2636  1-4 EEL =      -26.5594  RESTRAINT  =        0.0000


   NSTEP       ENERGY          RMS            GMAX         NAME    NUMBER
     62       8.1976E+00     2.7503E+00     1.3467E+01     C5          5

 BOND    =        1.0580  ANGLE   =       24.6615  DIHED      =        9.4870
 VDWAALS =       -1.7810  EEL     =       -0.9108  HBOND      =        0.0000
 1-4 VDW =        2.2555  1-4 EEL =      -26.5726  RESTRAINT  =        0.0000


   NSTEP       ENERGY          RMS            GMAX         NAME    NUMBER
     63       7.8715E+00     2.9284E+00     1.2010E+01     C4          4

 BOND    =        1.0944  ANGLE   =       24.6414  DIHED      =        9.4956
 VDWAALS =       -2.2666  EEL     =       -0.7678  HBOND      =        0.0000
 1-4 VDW =        2.2730  1-4 EEL =      -26.5987  RESTRAINT  =        0.0000


   NSTEP       ENERGY          RMS            GMAX         NAME    NUMBER
     64       7.8714E+00     2.8944E+00     1.1805E+01     C4          4

 BOND    =        1.0909  ANGLE   =       24.6413  DIHED      =        9.4955
 VDWAALS =       -2.2613  EEL     =       -0.7694  HBOND      =        0.0000
 1-4 VDW =        2.2728  1-4 EEL =      -26.5983  RESTRAINT  =        0.0000


   NSTEP       ENERGY          RMS            GMAX         NAME    NUMBER
     65       7.4249E+00     1.9320E+00     7.2921E+00     C1          1

 BOND    =        1.0444  ANGLE   =       24.5680  DIHED      =        9.5044
 VDWAALS =       -2.7587  EEL     =       -0.6674  HBOND      =        0.0000
 1-4 VDW =        2.3237  1-4 EEL =      -26.5895  RESTRAINT  =        0.0000


   NSTEP       ENERGY          RMS            GMAX         NAME    NUMBER
     66       7.3634E+00     2.5316E+00     9.1479E+00     C1          1

 BOND    =        1.1317  ANGLE   =       24.5627  DIHED      =        9.5096
 VDWAALS =       -2.9919  EEL     =       -0.6158  HBOND      =        0.0000
 1-4 VDW =        2.3520  1-4 EEL =      -26.5848  RESTRAINT  =        0.0000


   NSTEP       ENERGY          RMS            GMAX         NAME    NUMBER
     67       6.9815E+00     3.1308E+00     1.2080E+01     N1         18

 BOND    =        1.2562  ANGLE   =       24.4515  DIHED      =        9.5230
 VDWAALS =       -3.4259  EEL     =       -0.5131  HBOND      =        0.0000
 1-4 VDW =        2.3702  1-4 EEL =      -26.6805  RESTRAINT  =        0.0000


   NSTEP       ENERGY          RMS            GMAX         NAME    NUMBER
     68       6.9812E+00     3.0513E+00     1.1810E+01     N1         18

 BOND    =        1.2461  ANGLE   =       24.4524  DIHED      =        9.5227
 VDWAALS =       -3.4160  EEL     =       -0.5156  HBOND      =        0.0000
 1-4 VDW =        2.3697  1-4 EEL =      -26.6781  RESTRAINT  =        0.0000


   NSTEP       ENERGY          RMS            GMAX         NAME    NUMBER
     69       6.4737E+00     1.6884E+00     7.0967E+00     H2         25

 BOND    =        0.9718  ANGLE   =       24.5154  DIHED      =        9.5402
 VDWAALS =       -3.7704  EEL     =       -0.4643  HBOND      =        0.0000
 1-4 VDW =        2.3739  1-4 EEL =      -26.6928  RESTRAINT  =        0.0000


   NSTEP       ENERGY          RMS            GMAX         NAME    NUMBER
     70       6.4141E+00     2.1030E+00     7.2956E+00     C1          1

 BOND    =        0.9637  ANGLE   =       24.5905  DIHED      =        9.5505
 VDWAALS =       -3.9298  EEL     =       -0.4388  HBOND      =        0.0000
 1-4 VDW =        2.3786  1-4 EEL =      -26.7005  RESTRAINT  =        0.0000


   NSTEP       ENERGY          RMS            GMAX         NAME    NUMBER
     71       6.3537E+00     3.7541E+00     1.7779E+01     C4          4

 BOND    =        0.8997  ANGLE   =       24.6764  DIHED      =        9.5654
 VDWAALS =       -4.1699  EEL     =       -0.3701  HBOND      =        0.0000
 1-4 VDW =        2.4099  1-4 EEL =      -26.6578  RESTRAINT  =        0.0000


   NSTEP       ENERGY          RMS            GMAX         NAME    NUMBER
     72       6.2613E+00     1.9076E+00     8.1958E+00     C4          4

 BOND    =        0.8194  ANGLE   =       24.6326  DIHED      =        9.5584
 VDWAALS =       -4.0675  EEL     =       -0.4004  HBOND      =        0.0000
 1-4 VDW =        2.3955  1-4 EEL =      -26.6767  RESTRAINT  =        0.0000


   NSTEP       ENERGY          RMS            GMAX         NAME    NUMBER
     73       6.1018E+00     1.3348E+00     4.5546E+00     H4         26

 BOND    =        0.7182  ANGLE   =       24.6288  DIHED      =        9.5668
 VDWAALS =       -4.1934  EEL     =       -0.3512  HBOND      =        0.0000
 1-4 VDW =        2.3959  1-4 EEL =      -26.6632  RESTRAINT  =        0.0000


   NSTEP       ENERGY          RMS            GMAX         NAME    NUMBER
     74       6.0950E+00     1.6978E+00     5.2954E+00     C5          5

 BOND    =        0.7238  ANGLE   =       24.6319  DIHED      =        9.5697
 VDWAALS =       -4.2320  EEL     =       -0.3355  HBOND      =        0.0000
 1-4 VDW =        2.3961  1-4 EEL =      -26.6590  RESTRAINT  =        0.0000


   NSTEP       ENERGY          RMS            GMAX         NAME    NUMBER
     75       5.9724E+00     1.7370E+00     6.0023E+00     C3          3

 BOND    =        0.7160  ANGLE   =       24.5270  DIHED      =        9.5834
 VDWAALS =       -4.3620  EEL     =       -0.2733  HBOND      =        0.0000
 1-4 VDW =        2.3952  1-4 EEL =      -26.6139  RESTRAINT  =        0.0000


   NSTEP       ENERGY          RMS            GMAX         NAME    NUMBER
     76       5.9549E+00     1.5503E+00     5.4142E+00     C3          3

 BOND    =        0.7037  ANGLE   =       24.5210  DIHED      =        9.5833
 VDWAALS =       -4.3620  EEL     =       -0.2732  HBOND      =        0.0000
 1-4 VDW =        2.3955  1-4 EEL =      -26.6135  RESTRAINT  =        0.0000


   NSTEP       ENERGY          RMS            GMAX         NAME    NUMBER
     77       5.9363E+00     1.3605E+00     4.7529E+00     C3          3

 BOND    =        0.6914  ANGLE   =       24.5138  DIHED      =        9.5833
 VDWAALS =       -4.3621  EEL     =       -0.2729  HBOND      =        0.0000
 1-4 VDW =        2.3959  1-4 EEL =      -26.6130  RESTRAINT  =        0.0000


   NSTEP       ENERGY          RMS            GMAX         NAME    NUMBER
     78       5.9169E+00     1.1817E+00     4.3012E+00     C7          7

 BOND    =        0.6794  ANGLE   =       24.5050  DIHED      =        9.5832
 VDWAALS =       -4.3620  EEL     =       -0.2724  HBOND      =        0.0000
 1-4 VDW =        2.3963  1-4 EEL =      -26.6126  RESTRAINT  =        0.0000


   NSTEP       ENERGY          RMS            GMAX         NAME    NUMBER
     79       5.8969E+00     1.0279E+00     3.8406E+00     C7          7

 BOND    =        0.6682  ANGLE   =       24.4943  DIHED      =        9.5833
 VDWAALS =       -4.3618  EEL     =       -0.2716  HBOND      =        0.0000
 1-4 VDW =        2.3967  1-4 EEL =      -26.6122  RESTRAINT  =        0.0000


   NSTEP       ENERGY          RMS            GMAX         NAME    NUMBER
     80       7.8594E+00     8.4883E+00     2.7212E+01     C6          6

 BOND    =        2.3657  ANGLE   =       24.6335  DIHED      =        9.5902
 VDWAALS =       -4.3292  EEL     =       -0.2206  HBOND      =        0.0000
 1-4 VDW =        2.4288  1-4 EEL =      -26.6089  RESTRAINT  =        0.0000


   NSTEP       ENERGY          RMS            GMAX         NAME    NUMBER
     81       5.8156E+00     1.1488E+00     3.2312E+00     C17        17

 BOND    =        0.6487  ANGLE   =       24.4147  DIHED      =        9.5842
 VDWAALS =       -4.3586  EEL     =       -0.2626  HBOND      =        0.0000
 1-4 VDW =        2.4003  1-4 EEL =      -26.6111  RESTRAINT  =        0.0000


   NSTEP       ENERGY          RMS            GMAX         NAME    NUMBER
     82       5.7727E+00     1.7789E+00     6.6481E+00     C4          4

 BOND    =        0.7110  ANGLE   =       24.2840  DIHED      =        9.5889
 VDWAALS =       -4.3486  EEL     =       -0.2490  HBOND      =        0.0000
 1-4 VDW =        2.4036  1-4 EEL =      -26.6172  RESTRAINT  =        0.0000


   NSTEP       ENERGY          RMS            GMAX         NAME    NUMBER
     83       5.7605E+00     1.1439E+00     3.9439E+00     C4          4

 BOND    =        0.6681  ANGLE   =       24.3235  DIHED      =        9.5873
 VDWAALS =       -4.3522  EEL     =       -0.2535  HBOND      =        0.0000
 1-4 VDW =        2.4024  1-4 EEL =      -26.6151  RESTRAINT  =        0.0000


   NSTEP       ENERGY          RMS            GMAX         NAME    NUMBER
     84       5.6858E+00     1.0353E+00     3.3252E+00     H2         25

 BOND    =        0.7006  ANGLE   =       24.1966  DIHED      =        9.5912
 VDWAALS =       -4.3426  EEL     =       -0.2511  HBOND      =        0.0000
 1-4 VDW =        2.4074  1-4 EEL =      -26.6163  RESTRAINT  =        0.0000


   NSTEP       ENERGY          RMS            GMAX         NAME    NUMBER
     85       5.6761E+00     1.6237E+00     6.7911E+00     C5          5

 BOND    =        0.7495  ANGLE   =       24.1228  DIHED      =        9.5940
 VDWAALS =       -4.3350  EEL     =       -0.2493  HBOND      =        0.0000
 1-4 VDW =        2.4111  1-4 EEL =      -26.6171  RESTRAINT  =        0.0000


   NSTEP       ENERGY          RMS            GMAX         NAME    NUMBER
     86       5.5811E+00     1.1761E+00     3.4014E+00     H2         25

 BOND    =        0.6759  ANGLE   =       24.0611  DIHED      =        9.6027
 VDWAALS =       -4.2995  EEL     =       -0.2349  HBOND      =        0.0000
 1-4 VDW =        2.4111  1-4 EEL =      -26.6353  RESTRAINT  =        0.0000


   NSTEP       ENERGY          RMS            GMAX         NAME    NUMBER
     87       5.5812E+00     1.1316E+00     3.3712E+00     H2         25

 BOND    =        0.6765  ANGLE   =       24.0625  DIHED      =        9.6023
 VDWAALS =       -4.3012  EEL     =       -0.2355  HBOND      =        0.0000
 1-4 VDW =        2.4111  1-4 EEL =      -26.6345  RESTRAINT  =        0.0000


   NSTEP       ENERGY          RMS            GMAX         NAME    NUMBER
     88       5.5087E+00     9.9642E-01     5.4661E+00     C1          1

 BOND    =        0.6007  ANGLE   =       24.0658  DIHED      =        9.6108
 VDWAALS =       -4.2724  EEL     =       -0.2350  HBOND      =        0.0000
 1-4 VDW =        2.3982  1-4 EEL =      -26.6595  RESTRAINT  =        0.0000


   NSTEP       ENERGY          RMS            GMAX         NAME    NUMBER
     89       5.5021E+00     1.2161E+00     7.1456E+00     C1          1

 BOND    =        0.5896  ANGLE   =       24.0704  DIHED      =        9.6134
 VDWAALS =       -4.2639  EEL     =       -0.2350  HBOND      =        0.0000
 1-4 VDW =        2.3944  1-4 EEL =      -26.6667  RESTRAINT  =        0.0000


   NSTEP       ENERGY          RMS            GMAX         NAME    NUMBER
     90       5.4230E+00     9.4091E-01     4.4767E+00     C2          2

 BOND    =        0.6621  ANGLE   =       23.9016  DIHED      =        9.6277
 VDWAALS =       -4.2297  EEL     =       -0.2482  HBOND      =        0.0000
 1-4 VDW =        2.3902  1-4 EEL =      -26.6807  RESTRAINT  =        0.0000


   NSTEP       ENERGY          RMS            GMAX         NAME    NUMBER
     91       5.4228E+00     9.6157E-01     4.6314E+00     C2          2

 BOND    =        0.6645  ANGLE   =       23.8986  DIHED      =        9.6280
 VDWAALS =       -4.2289  EEL     =       -0.2485  HBOND      =        0.0000
 1-4 VDW =        2.3902  1-4 EEL =      -26.6810  RESTRAINT  =        0.0000


   NSTEP       ENERGY          RMS            GMAX         NAME    NUMBER
     92       5.3628E+00     7.5247E-01     2.6280E+00     C3          3

 BOND    =        0.6738  ANGLE   =       23.8248  DIHED      =        9.6415
 VDWAALS =       -4.2151  EEL     =       -0.2500  HBOND      =        0.0000
 1-4 VDW =        2.3868  1-4 EEL =      -26.6991  RESTRAINT  =        0.0000


   NSTEP       ENERGY          RMS            GMAX         NAME    NUMBER
     93       5.3565E+00     9.2694E-01     3.2569E+00     C3          3

 BOND    =        0.6865  ANGLE   =       23.8042  DIHED      =        9.6460
 VDWAALS =       -4.2106  EEL     =       -0.2505  HBOND      =        0.0000
 1-4 VDW =        2.3858  1-4 EEL =      -26.7049  RESTRAINT  =        0.0000


   NSTEP       ENERGY          RMS            GMAX         NAME    NUMBER
     94       5.2972E+00     1.0348E+00     4.0441E+00     Cl2        24

 BOND    =        0.6598  ANGLE   =       23.7343  DIHED      =        9.6726
 VDWAALS =       -4.2193  EEL     =       -0.2581  HBOND      =        0.0000
 1-4 VDW =        2.4035  1-4 EEL =      -26.6955  RESTRAINT  =        0.0000


   NSTEP       ENERGY          RMS            GMAX         NAME    NUMBER
     95       5.2973E+00     1.0125E+00     3.9810E+00     Cl2        24

 BOND    =        0.6595  ANGLE   =       23.7356  DIHED      =        9.6720
 VDWAALS =       -4.2191  EEL     =       -0.2580  HBOND      =        0.0000
 1-4 VDW =        2.4031  1-4 EEL =      -26.6957  RESTRAINT  =        0.0000


   NSTEP       ENERGY          RMS            GMAX         NAME    NUMBER
     96       5.2074E+00     9.9984E-01     3.1725E+00     Cl2        24

 BOND    =        0.6544  ANGLE   =       23.6601  DIHED      =        9.7096
 VDWAALS =       -4.2492  EEL     =       -0.2284  HBOND      =        0.0000
 1-4 VDW =        2.4036  1-4 EEL =      -26.7427  RESTRAINT  =        0.0000


   NSTEP       ENERGY          RMS            GMAX         NAME    NUMBER
     97       5.1768E+00     1.5059E+00     5.0762E+00     C4          4

 BOND    =        0.6741  ANGLE   =       23.6141  DIHED      =        9.7404
 VDWAALS =       -4.2710  EEL     =       -0.2060  HBOND      =        0.0000
 1-4 VDW =        2.4040  1-4 EEL =      -26.7787  RESTRAINT  =        0.0000


   NSTEP       ENERGY          RMS            GMAX         NAME    NUMBER
     98       5.0523E+00     1.3042E+00     4.8748E+00     C5          5

 BOND    =        0.6985  ANGLE   =       23.4457  DIHED      =        9.8203
 VDWAALS =       -4.3279  EEL     =       -0.1689  HBOND      =        0.0000
 1-4 VDW =        2.4103  1-4 EEL =      -26.8257  RESTRAINT  =        0.0000


   NSTEP       ENERGY          RMS            GMAX         NAME    NUMBER
     99       5.0494E+00     1.4540E+00     5.8904E+00     C5          5

 BOND    =        0.7091  ANGLE   =       23.4290  DIHED      =        9.8297
 VDWAALS =       -4.3338  EEL     =       -0.1649  HBOND      =        0.0000
 1-4 VDW =        2.4111  1-4 EEL =      -26.8308  RESTRAINT  =        0.0000


   NSTEP       ENERGY          RMS            GMAX         NAME    NUMBER
    100       4.9313E+00     1.2991E+00     4.5516E+00     C1          1

 BOND    =        0.7069  ANGLE   =       23.2346  DIHED      =        9.9361
 VDWAALS =       -4.3861  EEL     =       -0.1246  HBOND      =        0.0000
 1-4 VDW =        2.4377  1-4 EEL =      -26.8732  RESTRAINT  =        0.0000


  Maximum number of minimization cycles reached.


                    FINAL RESULTS



   NSTEP       ENERGY          RMS            GMAX         NAME    NUMBER
    100       4.9313E+00     1.2991E+00     4.5516E+00     C1          1

 BOND    =        0.7069  ANGLE   =       23.2346  DIHED      =        9.9361
 VDWAALS =       -4.3861  EEL     =       -0.1246  HBOND      =        0.0000
 1-4 VDW =        2.4377  1-4 EEL =      -26.8732  RESTRAINT  =        0.0000

--------------------------------------------------------------------------------
   5.  TIMINGS
--------------------------------------------------------------------------------

|    Read coords time           0.00 ( 0.39% of Total)
|    Fast Water setup           0.00 ( 0.01% of Total)
|                Build the list             0.00 (91.55% of List )
|                Other                      0.00 ( 8.45% of List )
|             List time                  0.00 ( 7.46% of Nonbo)
|                   Short_ene time             0.01 (98.80% of Direc)
|                   Other                      0.00 ( 1.20% of Direc)
|                Direct Ewald time          0.01 (93.54% of Ewald)
|                Force Adjust               0.00 ( 0.13% of Ewald)
|                Virial junk                0.00 ( 0.27% of Ewald)
|                Start synchronizatio       0.00 ( 0.46% of Ewald)
|                Other                      0.00 ( 5.59% of Ewald)
|             Ewald time                 0.01 (92.03% of Nonbo)
|             IPS excludes               0.00 ( 0.05% of Nonbo)
|             Other                      0.00 ( 0.46% of Nonbo)
|          Nonbond force              0.01 (67.88% of Force)
|          Bond/Angle/Dihedral        0.00 (30.66% of Force)
|          Other                      0.00 ( 1.46% of Force)
|       Force time                 0.01 (100.0% of Runmd)
|    Runmd Time                 0.01 (25.18% of Total)
|    Other                      0.03 (74.42% of Total)
| Total time                 0.04 (99.12% of ALL  )

| Number of list builds   :          1

| Highest rstack allocated:        160
| Highest istack allocated:         32
|           Job began  at 15:20:25.240  on 04/20/2016
|           Setup done at 15:20:25.246  on 04/20/2016
|           Run   done at 15:20:25.284  on 04/20/2016
|     wallclock() was called    2335 times
