
          -------------------------------------------------------
          Amber 16 SANDER                              2016
          -------------------------------------------------------

| Run on 04/20/2016 at 15:21:43

|   Executable path: sander
| Working directory: /gpfs/gpfs/project1/dacase-001/haichit/phenix_amber/run_amber_library/amber_library/l
|          Hostname: e1c029

  [-O]verwriting output

File Assignments:
|  MDIN: LNQ_sander.in                                                         
| MDOUT: LNQ.min_igb.out                                                       
|INPCRD: LNQ.rst7                                                              
|  PARM: LNQ.prmtop                                                            
|RESTRT: LNQ.min_igb.rst7                                                      
|  REFC: refc                                                                  
| MDVEL: mdvel                                                                 
| MDFRC: mdfrc                                                                 
|  MDEN: mden                                                                  
| MDCRD: mdcrd                                                                 
|MDINFO: mdinfo                                                                
|  MTMD: mtmd                                                                  
|INPDIP: inpdip                                                                
|RSTDIP: rstdip                                                                
|INPTRA: inptraj                                                               


 Here is the input file:

  short minimization                                                           
 &cntrl                                                                        
   imin=1, maxcyc=100, ncyc=50, ntpr=1, cut=99., ntb=0, igb=2                  
 /                                                                             

--------------------------------------------------------------------------------
   1.  RESOURCE   USE: 
--------------------------------------------------------------------------------

| Flags:                                                                        
| New format PARM file being parsed.
| Version =    1.000 Date = 04/20/16 Time = 15:21:43
 NATOM  =      45 NTYPES =       9 NBONH =      24 MBONA  =      21
 NTHETH =      56 MTHETA =      25 NPHIH =      86 MPHIA  =      42
 NHPARM =       0 NPARM  =       0 NNB   =     223 NRES   =       1
 NBONA  =      21 NTHETA =      25 NPHIA =      42 NUMBND =      14
 NUMANG =      26 NPTRA  =      17 NATYP =      11 NPHB   =       0
 IFBOX  =       0 NMXRS  =      45 IFCAP =       0 NEXTRA =       0
 NCOPY  =       0

 Implicit solvent radii are H(N)-modified Bondi radii (mbondi2)                                             

|     Memory Use     Allocated
|     Real                7067
|     Hollerith            138
|     Integer            22173
|     Max Pairs              1
|     nblistReal             0
|     nblist Int             0
|       Total              142 kbytes

| Note: 1-4 EEL scale factors are being read from the topology file.

| Note: 1-4 VDW scale factors are being read from the topology file.
| Duplicated    0 dihedrals
| Duplicated    0 dihedrals

--------------------------------------------------------------------------------
   2.  CONTROL  DATA  FOR  THE  RUN
--------------------------------------------------------------------------------

LNQ                                                                             

General flags:
     imin    =       1, nmropt  =       0

Nature and format of input:
     ntx     =       1, irest   =       0, ntrx    =       1

Nature and format of output:
     ntxo    =       2, ntpr    =       1, ntrx    =       1, ntwr    =       1
     iwrap   =       0, ntwx    =       0, ntwv    =       0, ntwe    =       0
     ioutfm  =       1, ntwprt  =       0, idecomp =       0, rbornstat=      0

Potential function:
     ntf     =       1, ntb     =       0, igb     =       2, nsnb    =      25
     ipol    =       0, gbsa    =       0, iesp    =       0
     dielc   =   1.00000, cut     =  99.00000, intdiel =   1.00000
     saltcon =   0.00000, offset  =   0.09000, gbalpha=    0.80000
     gbbeta  =   0.00000, gbgamma =   2.90912, surften =   0.00500
     rdt     =   0.00000, rgbmax  =  25.00000  extdiel =  78.50000
     alpb  =        0

Frozen or restrained atoms:
     ibelly  =       0, ntr     =       0

Energy minimization:
     maxcyc  =     100, ncyc    =      50, ntmin   =       1
     dx0     =   0.01000, drms    =   0.00010
|  INFO: Old style inpcrd file read


--------------------------------------------------------------------------------
   3.  ATOMIC COORDINATES AND VELOCITIES
--------------------------------------------------------------------------------

LNQ                                                                             
 begin time read from input coords =     0.000 ps

 Number of triangulated 3-point waters found:        0

--------------------------------------------------------------------------------
   4.  RESULTS
--------------------------------------------------------------------------------



   NSTEP       ENERGY          RMS            GMAX         NAME    NUMBER
      1       1.6460E+02     1.3487E+01     4.7885E+01     C13        13

 BOND    =        6.7797  ANGLE   =       86.7033  DIHED      =       13.3387
 VDWAALS =       -2.9292  EEL     =      -44.8400  EGB        =      -26.9976
 1-4 VDW =        3.5464  1-4 EEL =      129.0012  RESTRAINT  =        0.0000


   NSTEP       ENERGY          RMS            GMAX         NAME    NUMBER
      2       1.6384E+02     1.2670E+01     4.5152E+01     C13        13

 BOND    =        6.1531  ANGLE   =       86.6428  DIHED      =       13.2754
 VDWAALS =       -2.9314  EEL     =      -44.8202  EGB        =      -27.0224
 1-4 VDW =        3.5551  1-4 EEL =      128.9903  RESTRAINT  =        0.0000


   NSTEP       ENERGY          RMS            GMAX         NAME    NUMBER
      3       1.6299E+02     1.1720E+01     4.1868E+01     C13        13

 BOND    =        5.4557  ANGLE   =       86.5799  DIHED      =       13.1970
 VDWAALS =       -2.9340  EEL     =      -44.7967  EGB        =      -27.0525
 1-4 VDW =        3.5656  1-4 EEL =      128.9779  RESTRAINT  =        0.0000


   NSTEP       ENERGY          RMS            GMAX         NAME    NUMBER
      4       1.6206E+02     1.0625E+01     3.7927E+01     C13        13

 BOND    =        4.6954  ANGLE   =       86.5175  DIHED      =       13.0990
 VDWAALS =       -2.9374  EEL     =      -44.7689  EGB        =      -27.0890
 1-4 VDW =        3.5784  1-4 EEL =      128.9639  RESTRAINT  =        0.0000


   NSTEP       ENERGY          RMS            GMAX         NAME    NUMBER
      5       1.6106E+02     9.3859E+00     3.3219E+01     C13        13

 BOND    =        3.8893  ANGLE   =       86.4599  DIHED      =       12.9753
 VDWAALS =       -2.9416  EEL     =      -44.7363  EGB        =      -27.1331
 1-4 VDW =        3.5938  1-4 EEL =      128.9483  RESTRAINT  =        0.0000


   NSTEP       ENERGY          RMS            GMAX         NAME    NUMBER
      6       1.6001E+02     8.0218E+00     2.7647E+01     C13        13

 BOND    =        3.0675  ANGLE   =       86.4125  DIHED      =       12.8173
 VDWAALS =       -2.9470  EEL     =      -44.6982  EGB        =      -27.1861
 1-4 VDW =        3.6123  1-4 EEL =      128.9312  RESTRAINT  =        0.0000


   NSTEP       ENERGY          RMS            GMAX         NAME    NUMBER
      7       1.5896E+02     6.5913E+00     2.1192E+01     C13        13

 BOND    =        2.2768  ANGLE   =       86.3792  DIHED      =       12.6126
 VDWAALS =       -2.9542  EEL     =      -44.6540  EGB        =      -27.2488
 1-4 VDW =        3.6339  1-4 EEL =      128.9125  RESTRAINT  =        0.0000


   NSTEP       ENERGY          RMS            GMAX         NAME    NUMBER
      8       1.5794E+02     5.2189E+00     1.5193E+01     N14        14

 BOND    =        1.5804  ANGLE   =       86.3563  DIHED      =       12.3445
 VDWAALS =       -2.9637  EEL     =      -44.6030  EGB        =      -27.3199
 1-4 VDW =        3.6580  1-4 EEL =      128.8908  RESTRAINT  =        0.0000


   NSTEP       ENERGY          RMS            GMAX         NAME    NUMBER
      9       1.5699E+02     4.0872E+00     1.3762E+01     N14        14

 BOND    =        1.0490  ANGLE   =       86.3181  DIHED      =       11.9957
 VDWAALS =       -2.9768  EEL     =      -44.5443  EGB        =      -27.3925
 1-4 VDW =        3.6818  1-4 EEL =      128.8596  RESTRAINT  =        0.0000


   NSTEP       ENERGY          RMS            GMAX         NAME    NUMBER
     10       1.5609E+02     3.2763E+00     1.2056E+01     N14        14

 BOND    =        0.7266  ANGLE   =       86.2136  DIHED      =       11.5661
 VDWAALS =       -2.9945  EEL     =      -44.4745  EGB        =      -27.4498
 1-4 VDW =        3.6988  1-4 EEL =      128.8000  RESTRAINT  =        0.0000


   NSTEP       ENERGY          RMS            GMAX         NAME    NUMBER
     11       1.5521E+02     2.6180E+00     1.0281E+01     N14        14

 BOND    =        0.5850  ANGLE   =       86.0317  DIHED      =       11.0941
 VDWAALS =       -3.0170  EEL     =      -44.3870  EGB        =      -27.4785
 1-4 VDW =        3.7037  1-4 EEL =      128.6789  RESTRAINT  =        0.0000


   NSTEP       ENERGY          RMS            GMAX         NAME    NUMBER
     12       1.5439E+02     2.0168E+00     7.9295E+00     N14        14

 BOND    =        0.5363  ANGLE   =       85.8695  DIHED      =       10.6269
 VDWAALS =       -3.0446  EEL     =      -44.2817  EGB        =      -27.5078
 1-4 VDW =        3.7022  1-4 EEL =      128.4857  RESTRAINT  =        0.0000


   NSTEP       ENERGY          RMS            GMAX         NAME    NUMBER
     13       1.5364E+02     1.5029E+00     5.4843E+00     N14        14

 BOND    =        0.5648  ANGLE   =       85.7667  DIHED      =       10.1922
 VDWAALS =       -3.0766  EEL     =      -44.1491  EGB        =      -27.5862
 1-4 VDW =        3.6903  1-4 EEL =      128.2383  RESTRAINT  =        0.0000


   NSTEP       ENERGY          RMS            GMAX         NAME    NUMBER
     14       1.5299E+02     1.2983E+00     4.9050E+00     C17        17

 BOND    =        0.6821  ANGLE   =       85.7590  DIHED      =        9.7771
 VDWAALS =       -3.1121  EEL     =      -43.9530  EGB        =      -27.7087
 1-4 VDW =        3.6482  1-4 EEL =      127.9012  RESTRAINT  =        0.0000


   NSTEP       ENERGY          RMS            GMAX         NAME    NUMBER
     15       1.5345E+02     6.9721E+00     3.4943E+01     C17        17

 BOND    =        1.3598  ANGLE   =       85.9687  DIHED      =        9.3792
 VDWAALS =       -3.1337  EEL     =      -43.9850  EGB        =      -27.7572
 1-4 VDW =        3.5863  1-4 EEL =      128.0366  RESTRAINT  =        0.0000


   NSTEP       ENERGY          RMS            GMAX         NAME    NUMBER
     16       1.5243E+02     1.2081E+00     5.2189E+00     C17        17

 BOND    =        0.7375  ANGLE   =       85.9020  DIHED      =        9.3574
 VDWAALS =       -3.1422  EEL     =      -43.7411  EGB        =      -27.8840
 1-4 VDW =        3.5622  1-4 EEL =      127.6421  RESTRAINT  =        0.0000


   NSTEP       ENERGY          RMS            GMAX         NAME    NUMBER
     17       1.5265E+02     4.7442E+00     2.4945E+01     C17        17

 BOND    =        0.9790  ANGLE   =       85.7947  DIHED      =        9.1942
 VDWAALS =       -3.1466  EEL     =      -43.8339  EGB        =      -27.6660
 1-4 VDW =        3.4962  1-4 EEL =      127.8293  RESTRAINT  =        0.0000


   NSTEP       ENERGY          RMS            GMAX         NAME    NUMBER
     18       1.5216E+02     1.0904E+00     2.7332E+00     H212       45

 BOND    =        0.7015  ANGLE   =       85.9012  DIHED      =        9.1729
 VDWAALS =       -3.1527  EEL     =      -43.6804  EGB        =      -27.8603
 1-4 VDW =        3.4925  1-4 EEL =      127.5886  RESTRAINT  =        0.0000


   NSTEP       ENERGY          RMS            GMAX         NAME    NUMBER
     19       1.5208E+02     1.6993E+00     6.3370E+00     C2          2

 BOND    =        0.7920  ANGLE   =       85.9912  DIHED      =        9.0672
 VDWAALS =       -3.1591  EEL     =      -43.5925  EGB        =      -28.0006
 1-4 VDW =        3.4647  1-4 EEL =      127.5135  RESTRAINT  =        0.0000


   NSTEP       ENERGY          RMS            GMAX         NAME    NUMBER
     20       1.5209E+02     2.7355E+00     1.0807E+01     C15        15

 BOND    =        0.7733  ANGLE   =       85.9803  DIHED      =        9.0216
 VDWAALS =       -3.1614  EEL     =      -43.6588  EGB        =      -27.8736
 1-4 VDW =        3.4212  1-4 EEL =      127.5844  RESTRAINT  =        0.0000


   NSTEP       ENERGY          RMS            GMAX         NAME    NUMBER
     21       1.5189E+02     9.9411E-01     3.1790E+00     N21        21

 BOND    =        0.7250  ANGLE   =       85.9269  DIHED      =        8.9921
 VDWAALS =       -3.1634  EEL     =      -43.5774  EGB        =      -27.9317
 1-4 VDW =        3.4174  1-4 EEL =      127.4967  RESTRAINT  =        0.0000


   NSTEP       ENERGY          RMS            GMAX         NAME    NUMBER
     22       1.5182E+02     1.5550E+00     6.6862E+00     C18        18

 BOND    =        0.7040  ANGLE   =       86.0667  DIHED      =        8.9268
 VDWAALS =       -3.1675  EEL     =      -43.5672  EGB        =      -28.0370
 1-4 VDW =        3.3991  1-4 EEL =      127.4958  RESTRAINT  =        0.0000


   NSTEP       ENERGY          RMS            GMAX         NAME    NUMBER
     23       1.5184E+02     2.6522E+00     1.3187E+01     C18        18

 BOND    =        0.9057  ANGLE   =       85.8648  DIHED      =        8.8833
 VDWAALS =       -3.1695  EEL     =      -43.4972  EGB        =      -27.9343
 1-4 VDW =        3.3614  1-4 EEL =      127.4268  RESTRAINT  =        0.0000


   NSTEP       ENERGY          RMS            GMAX         NAME    NUMBER
     24       1.5169E+02     8.2025E-01     2.3065E+00     H141       43

 BOND    =        0.7202  ANGLE   =       85.9704  DIHED      =        8.8729
 VDWAALS =       -3.1706  EEL     =      -43.5220  EGB        =      -27.9944
 1-4 VDW =        3.3622  1-4 EEL =      127.4511  RESTRAINT  =        0.0000


   NSTEP       ENERGY          RMS            GMAX         NAME    NUMBER
     25       1.5162E+02     9.8123E-01     3.7753E+00     N21        21

 BOND    =        0.6922  ANGLE   =       86.0397  DIHED      =        8.8238
 VDWAALS =       -3.1735  EEL     =      -43.5140  EGB        =      -28.0452
 1-4 VDW =        3.3440  1-4 EEL =      127.4523  RESTRAINT  =        0.0000


   NSTEP       ENERGY          RMS            GMAX         NAME    NUMBER
     26       1.5158E+02     1.6634E+00     7.5163E+00     C18        18

 BOND    =        0.8117  ANGLE   =       85.9453  DIHED      =        8.7789
 VDWAALS =       -3.1764  EEL     =      -43.4558  EGB        =      -28.0185
 1-4 VDW =        3.3107  1-4 EEL =      127.3864  RESTRAINT  =        0.0000


   NSTEP       ENERGY          RMS            GMAX         NAME    NUMBER
     27       1.5158E+02     2.2658E+00     1.1789E+01     C18        18

 BOND    =        0.7108  ANGLE   =       86.1244  DIHED      =        8.7511
 VDWAALS =       -3.1778  EEL     =      -43.5127  EGB        =      -28.0889
 1-4 VDW =        3.3064  1-4 EEL =      127.4654  RESTRAINT  =        0.0000


   NSTEP       ENERGY          RMS            GMAX         NAME    NUMBER
     28       1.5157E+02     2.6227E+00     1.3359E+01     C18        18

 BOND    =        0.9209  ANGLE   =       85.9323  DIHED      =        8.7197
 VDWAALS =       -3.1798  EEL     =      -43.4095  EGB        =      -28.0381
 1-4 VDW =        3.2799  1-4 EEL =      127.3447  RESTRAINT  =        0.0000


   NSTEP       ENERGY          RMS            GMAX         NAME    NUMBER
     29       1.5160E+02     3.2720E+00     1.7573E+01     C18        18

 BOND    =        0.7770  ANGLE   =       86.1977  DIHED      =        8.7014
 VDWAALS =       -3.1811  EEL     =      -43.5084  EGB        =      -28.1264
 1-4 VDW =        3.2779  1-4 EEL =      127.4643  RESTRAINT  =        0.0000


   NSTEP       ENERGY          RMS            GMAX         NAME    NUMBER
     30       1.5138E+02     7.5064E-01     2.2259E+00     N21        21

 BOND    =        0.6994  ANGLE   =       86.0461  DIHED      =        8.6868
 VDWAALS =       -3.1817  EEL     =      -43.4514  EGB        =      -28.0875
 1-4 VDW =        3.2657  1-4 EEL =      127.4029  RESTRAINT  =        0.0000


   NSTEP       ENERGY          RMS            GMAX         NAME    NUMBER
     31       1.5131E+02     1.2973E+00     5.6329E+00     C18        18

 BOND    =        0.7832  ANGLE   =       86.0117  DIHED      =        8.6327
 VDWAALS =       -3.1854  EEL     =      -43.3947  EGB        =      -28.1055
 1-4 VDW =        3.2319  1-4 EEL =      127.3397  RESTRAINT  =        0.0000


   NSTEP       ENERGY          RMS            GMAX         NAME    NUMBER
     32       1.5136E+02     2.5907E+00     1.3019E+01     C18        18

 BOND    =        0.7244  ANGLE   =       86.1555  DIHED      =        8.6021
 VDWAALS =       -3.1864  EEL     =      -43.4707  EGB        =      -28.1373
 1-4 VDW =        3.2190  1-4 EEL =      127.4503  RESTRAINT  =        0.0000


   NSTEP       ENERGY          RMS            GMAX         NAME    NUMBER
     33       1.5122E+02     8.0568E-01     2.9208E+00     C15        15

 BOND    =        0.6963  ANGLE   =       86.0741  DIHED      =        8.5914
 VDWAALS =       -3.1875  EEL     =      -43.4173  EGB        =      -28.1305
 1-4 VDW =        3.2095  1-4 EEL =      127.3822  RESTRAINT  =        0.0000


   NSTEP       ENERGY          RMS            GMAX         NAME    NUMBER
     34       1.5118E+02     1.1831E+00     4.9860E+00     C18        18

 BOND    =        0.7754  ANGLE   =       86.0354  DIHED      =        8.5579
 VDWAALS =       -3.1899  EEL     =      -43.3675  EGB        =      -28.1426
 1-4 VDW =        3.1868  1-4 EEL =      127.3225  RESTRAINT  =        0.0000


   NSTEP       ENERGY          RMS            GMAX         NAME    NUMBER
     35       1.5116E+02     1.6776E+00     8.1757E+00     C15        15

 BOND    =        0.6920  ANGLE   =       86.1288  DIHED      =        8.5353
 VDWAALS =       -3.1907  EEL     =      -43.4239  EGB        =      -28.1607
 1-4 VDW =        3.1762  1-4 EEL =      127.4057  RESTRAINT  =        0.0000


   NSTEP       ENERGY          RMS            GMAX         NAME    NUMBER
     36       1.5114E+02     1.9301E+00     9.0193E+00     C18        18

 BOND    =        0.8558  ANGLE   =       86.0187  DIHED      =        8.5109
 VDWAALS =       -3.1929  EEL     =      -43.3300  EGB        =      -28.1599
 1-4 VDW =        3.1563  1-4 EEL =      127.2859  RESTRAINT  =        0.0000


   NSTEP       ENERGY          RMS            GMAX         NAME    NUMBER
     37       1.5115E+02     2.4032E+00     1.2116E+01     C18        18

 BOND    =        0.7172  ANGLE   =       86.1770  DIHED      =        8.4943
 VDWAALS =       -3.1931  EEL     =      -43.4261  EGB        =      -28.1885
 1-4 VDW =        3.1509  1-4 EEL =      127.4174  RESTRAINT  =        0.0000


   NSTEP       ENERGY          RMS            GMAX         NAME    NUMBER
     38       1.5103E+02     6.6233E-01     2.0704E+00     H141       43

 BOND    =        0.7062  ANGLE   =       86.0908  DIHED      =        8.4835
 VDWAALS =       -3.1942  EEL     =      -43.3718  EGB        =      -28.1800
 1-4 VDW =        3.1411  1-4 EEL =      127.3494  RESTRAINT  =        0.0000


   NSTEP       ENERGY          RMS            GMAX         NAME    NUMBER
     39       1.5097E+02     8.6632E-01     3.1563E+00     C18        18

 BOND    =        0.7509  ANGLE   =       86.0777  DIHED      =        8.4468
 VDWAALS =       -3.1967  EEL     =      -43.3359  EGB        =      -28.2006
 1-4 VDW =        3.1162  1-4 EEL =      127.3094  RESTRAINT  =        0.0000


   NSTEP       ENERGY          RMS            GMAX         NAME    NUMBER
     40       1.5096E+02     1.7028E+00     8.0613E+00     C15        15

 BOND    =        0.6931  ANGLE   =       86.1495  DIHED      =        8.4169
 VDWAALS =       -3.1977  EEL     =      -43.3883  EGB        =      -28.2098
 1-4 VDW =        3.0992  1-4 EEL =      127.3924  RESTRAINT  =        0.0000


   NSTEP       ENERGY          RMS            GMAX         NAME    NUMBER
     41       1.5095E+02     2.0219E+00     8.8741E+00     C18        18

 BOND    =        0.8786  ANGLE   =       86.0542  DIHED      =        8.3950
 VDWAALS =       -3.2003  EEL     =      -43.2818  EGB        =      -28.2286
 1-4 VDW =        3.0800  1-4 EEL =      127.2489  RESTRAINT  =        0.0000


   NSTEP       ENERGY          RMS            GMAX         NAME    NUMBER
     42       1.5095E+02     2.4628E+00     1.1893E+01     C15        15

 BOND    =        0.7199  ANGLE   =       86.1894  DIHED      =        8.3802
 VDWAALS =       -3.1998  EEL     =      -43.3979  EGB        =      -28.2299
 1-4 VDW =        3.0755  1-4 EEL =      127.4158  RESTRAINT  =        0.0000


   NSTEP       ENERGY          RMS            GMAX         NAME    NUMBER
     43       1.5082E+02     6.2884E-01     1.9935E+00     H141       43

 BOND    =        0.7096  ANGLE   =       86.1180  DIHED      =        8.3707
 VDWAALS =       -3.2011  EEL     =      -43.3343  EGB        =      -28.2359
 1-4 VDW =        3.0661  1-4 EEL =      127.3300  RESTRAINT  =        0.0000


   NSTEP       ENERGY          RMS            GMAX         NAME    NUMBER
     44       1.5077E+02     8.7318E-01     3.2731E+00     C17        17

 BOND    =        0.7581  ANGLE   =       86.1069  DIHED      =        8.3351
 VDWAALS =       -3.2036  EEL     =      -43.2982  EGB        =      -28.2597
 1-4 VDW =        3.0407  1-4 EEL =      127.2887  RESTRAINT  =        0.0000


   NSTEP       ENERGY          RMS            GMAX         NAME    NUMBER
     45       1.5077E+02     1.8525E+00     8.5427E+00     C15        15

 BOND    =        0.6992  ANGLE   =       86.1748  DIHED      =        8.3077
 VDWAALS =       -3.2042  EEL     =      -43.3619  EGB        =      -28.2593
 1-4 VDW =        3.0246  1-4 EEL =      127.3895  RESTRAINT  =        0.0000


   NSTEP       ENERGY          RMS            GMAX         NAME    NUMBER
     46       1.5070E+02     6.1637E-01     1.9434E+00     H141       43

 BOND    =        0.7115  ANGLE   =       86.1364  DIHED      =        8.2999
 VDWAALS =       -3.2054  EEL     =      -43.3137  EGB        =      -28.2724
 1-4 VDW =        3.0172  1-4 EEL =      127.3220  RESTRAINT  =        0.0000


   NSTEP       ENERGY          RMS            GMAX         NAME    NUMBER
     47       1.5066E+02     7.3640E-01     2.5199E+00     C17        17

 BOND    =        0.7481  ANGLE   =       86.1269  DIHED      =        8.2755
 VDWAALS =       -3.2072  EEL     =      -43.2862  EGB        =      -28.2902
 1-4 VDW =        2.9991  1-4 EEL =      127.2897  RESTRAINT  =        0.0000


   NSTEP       ENERGY          RMS            GMAX         NAME    NUMBER
     48       1.5063E+02     1.1604E+00     5.0956E+00     C15        15

 BOND    =        0.6954  ANGLE   =       86.1683  DIHED      =        8.2531
 VDWAALS =       -3.2079  EEL     =      -43.3246  EGB        =      -28.2921
 1-4 VDW =        2.9851  1-4 EEL =      127.3527  RESTRAINT  =        0.0000


   NSTEP       ENERGY          RMS            GMAX         NAME    NUMBER
     49       1.5062E+02     1.5464E+00     6.6087E+00     C17        17

 BOND    =        0.8333  ANGLE   =       86.1155  DIHED      =        8.2339
 VDWAALS =       -3.2101  EEL     =      -43.2456  EGB        =      -28.3191
 1-4 VDW =        2.9683  1-4 EEL =      127.2437  RESTRAINT  =        0.0000


   NSTEP       ENERGY          RMS            GMAX         NAME    NUMBER
     50       1.5061E+02     1.7907E+00     8.2000E+00     C15        15

 BOND    =        0.7018  ANGLE   =       86.1953  DIHED      =        8.2206
 VDWAALS =       -3.2096  EEL     =      -43.3365  EGB        =      -28.3057
 1-4 VDW =        2.9627  1-4 EEL =      127.3802  RESTRAINT  =        0.0000


   NSTEP       ENERGY          RMS            GMAX         NAME    NUMBER
     51       1.5062E+02     2.2149E+00     9.4876E+00     C17        17

 BOND    =        0.9184  ANGLE   =       86.1078  DIHED      =        8.2023
 VDWAALS =       -3.2123  EEL     =      -43.2165  EGB        =      -28.3404
 1-4 VDW =        2.9446  1-4 EEL =      127.2116  RESTRAINT  =        0.0000


   NSTEP       ENERGY          RMS            GMAX         NAME    NUMBER
     52       1.5194E+02     8.4871E+00     3.8863E+01     C15        15

 BOND    =        1.7548  ANGLE   =       86.4245  DIHED      =        8.1759
 VDWAALS =       -3.2094  EEL     =      -43.5260  EGB        =      -28.2945
 1-4 VDW =        2.9395  1-4 EEL =      127.6721  RESTRAINT  =        0.0000


   NSTEP       ENERGY          RMS            GMAX         NAME    NUMBER
     53       1.5051E+02     5.6612E-01     1.8586E+00     H141       43

 BOND    =        0.7196  ANGLE   =       86.1623  DIHED      =        8.1965
 VDWAALS =       -3.2117  EEL     =      -43.2835  EGB        =      -28.3291
 1-4 VDW =        2.9432  1-4 EEL =      127.3104  RESTRAINT  =        0.0000


   NSTEP       ENERGY          RMS            GMAX         NAME    NUMBER
     54       1.5049E+02     5.6373E-01     1.8508E+00     H141       43

 BOND    =        0.7200  ANGLE   =       86.1640  DIHED      =        8.1885
 VDWAALS =       -3.2122  EEL     =      -43.2816  EGB        =      -28.3332
 1-4 VDW =        2.9374  1-4 EEL =      127.3102  RESTRAINT  =        0.0000


   NSTEP       ENERGY          RMS            GMAX         NAME    NUMBER
     55       1.5036E+02     5.4726E-01     1.7758E+00     H141       43

 BOND    =        0.7253  ANGLE   =       86.1813  DIHED      =        8.1153
 VDWAALS =       -3.2165  EEL     =      -43.2639  EGB        =      -28.3719
 1-4 VDW =        2.8838  1-4 EEL =      127.3086  RESTRAINT  =        0.0000


   NSTEP       ENERGY          RMS            GMAX         NAME    NUMBER
     56       1.4935E+02     9.5442E-01     4.0053E+00     C16        16

 BOND    =        0.9187  ANGLE   =       86.4572  DIHED      =        7.4782
 VDWAALS =       -3.2491  EEL     =      -43.0930  EGB        =      -28.8152
 1-4 VDW =        2.3725  1-4 EEL =      127.2843  RESTRAINT  =        0.0000


   NSTEP       ENERGY          RMS            GMAX         NAME    NUMBER
     57       1.4897E+02     2.4069E+00     1.1894E+01     H211       44

 BOND    =        1.6245  ANGLE   =       87.0214  DIHED      =        6.9557
 VDWAALS =       -3.2660  EEL     =      -42.9005  EGB        =      -29.4998
 1-4 VDW =        1.8035  1-4 EEL =      127.2342  RESTRAINT  =        0.0000


   NSTEP       ENERGY          RMS            GMAX         NAME    NUMBER
     58       1.6287E+02     2.4823E+01     9.0975E+01     C15        15

 BOND    =       12.5048  ANGLE   =       93.2419  DIHED      =        6.8402
 VDWAALS =       -3.2473  EEL     =      -43.4855  EGB        =      -30.7405
 1-4 VDW =        0.9013  1-4 EEL =      126.8522  RESTRAINT  =        0.0000


   NSTEP       ENERGY          RMS            GMAX         NAME    NUMBER
     59       1.4884E+02     1.1312E+00     6.5556E+00     H211       44

 BOND    =        1.5859  ANGLE   =       87.2450  DIHED      =        6.8919
 VDWAALS =       -3.2677  EEL     =      -42.9466  EGB        =      -29.5861
 1-4 VDW =        1.7128  1-4 EEL =      127.2007  RESTRAINT  =        0.0000


   NSTEP       ENERGY          RMS            GMAX         NAME    NUMBER
     60       1.4879E+02     6.1571E-01     2.7067E+00     H211       44

 BOND    =        1.5318  ANGLE   =       87.2132  DIHED      =        6.8807
 VDWAALS =       -3.2680  EEL     =      -42.9803  EGB        =      -29.5082
 1-4 VDW =        1.6978  1-4 EEL =      127.2224  RESTRAINT  =        0.0000


   NSTEP       ENERGY          RMS            GMAX         NAME    NUMBER
     61       1.4878E+02     7.2533E-01     3.5648E+00     N21        21

 BOND    =        1.5225  ANGLE   =       87.2011  DIHED      =        6.8761
 VDWAALS =       -3.2682  EEL     =      -42.9947  EGB        =      -29.4752
 1-4 VDW =        1.6914  1-4 EEL =      127.2317  RESTRAINT  =        0.0000


   NSTEP       ENERGY          RMS            GMAX         NAME    NUMBER
     62       1.4875E+02     4.7000E-01     1.9320E+00     C17        17

 BOND    =        1.4236  ANGLE   =       87.2113  DIHED      =        6.8683
 VDWAALS =       -3.2690  EEL     =      -43.0043  EGB        =      -29.4465
 1-4 VDW =        1.6840  1-4 EEL =      127.2869  RESTRAINT  =        0.0000


   NSTEP       ENERGY          RMS            GMAX         NAME    NUMBER
     63       1.4875E+02     6.1768E-01     2.8017E+00     C17        17

 BOND    =        1.3675  ANGLE   =       87.2203  DIHED      =        6.8630
 VDWAALS =       -3.2696  EEL     =      -43.0110  EGB        =      -29.4265
 1-4 VDW =        1.6789  1-4 EEL =      127.3255  RESTRAINT  =        0.0000


   NSTEP       ENERGY          RMS            GMAX         NAME    NUMBER
     64       1.4872E+02     6.4253E-01     2.9439E+00     O20        20

 BOND    =        1.2735  ANGLE   =       87.2098  DIHED      =        6.8542
 VDWAALS =       -3.2715  EEL     =      -42.9920  EGB        =      -29.4329
 1-4 VDW =        1.6788  1-4 EEL =      127.3998  RESTRAINT  =        0.0000


   NSTEP       ENERGY          RMS            GMAX         NAME    NUMBER
     65       1.4872E+02     6.7794E-01     3.0726E+00     O20        20

 BOND    =        1.2695  ANGLE   =       87.2094  DIHED      =        6.8537
 VDWAALS =       -3.2716  EEL     =      -42.9910  EGB        =      -29.4332
 1-4 VDW =        1.6788  1-4 EEL =      127.4040  RESTRAINT  =        0.0000


   NSTEP       ENERGY          RMS            GMAX         NAME    NUMBER
     66       1.4868E+02     5.4315E-01     1.9947E+00     C17        17

 BOND    =        1.1200  ANGLE   =       87.2045  DIHED      =        6.8385
 VDWAALS =       -3.2730  EEL     =      -43.0721  EGB        =      -29.3852
 1-4 VDW =        1.6789  1-4 EEL =      127.5701  RESTRAINT  =        0.0000


   NSTEP       ENERGY          RMS            GMAX         NAME    NUMBER
     67       1.4868E+02     7.2829E-01     2.7596E+00     C17        17

 BOND    =        1.0625  ANGLE   =       87.2043  DIHED      =        6.8318
 VDWAALS =       -3.2736  EEL     =      -43.1093  EGB        =      -29.3633
 1-4 VDW =        1.6791  1-4 EEL =      127.6461  RESTRAINT  =        0.0000


   NSTEP       ENERGY          RMS            GMAX         NAME    NUMBER
     68       1.4862E+02     5.1000E-01     2.1123E+00     O19        19

 BOND    =        1.0135  ANGLE   =       87.1704  DIHED      =        6.8075
 VDWAALS =       -3.2750  EEL     =      -43.1636  EGB        =      -29.3340
 1-4 VDW =        1.6728  1-4 EEL =      127.7333  RESTRAINT  =        0.0000


   NSTEP       ENERGY          RMS            GMAX         NAME    NUMBER
     69       1.4862E+02     6.3819E-01     2.7095E+00     O19        19

 BOND    =        1.0041  ANGLE   =       87.1659  DIHED      =        6.7999
 VDWAALS =       -3.2755  EEL     =      -43.1821  EGB        =      -29.3244
 1-4 VDW =        1.6709  1-4 EEL =      127.7626  RESTRAINT  =        0.0000


   NSTEP       ENERGY          RMS            GMAX         NAME    NUMBER
     70       1.4857E+02     5.8059E-01     2.3376E+00     O20        20

 BOND    =        1.1066  ANGLE   =       87.0923  DIHED      =        6.7678
 VDWAALS =       -3.2758  EEL     =      -43.2829  EGB        =      -29.3406
 1-4 VDW =        1.6556  1-4 EEL =      127.8421  RESTRAINT  =        0.0000


   NSTEP       ENERGY          RMS            GMAX         NAME    NUMBER
     71       1.4856E+02     7.6987E-01     3.6388E+00     C17        17

 BOND    =        1.1575  ANGLE   =       87.0697  DIHED      =        6.7560
 VDWAALS =       -3.2759  EEL     =      -43.3230  EGB        =      -29.3475
 1-4 VDW =        1.6498  1-4 EEL =      127.8735  RESTRAINT  =        0.0000


   NSTEP       ENERGY          RMS            GMAX         NAME    NUMBER
     72       1.4856E+02     1.3448E+00     9.0018E+00     C17        17

 BOND    =        1.4005  ANGLE   =       86.9588  DIHED      =        6.7136
 VDWAALS =       -3.2748  EEL     =      -43.4022  EGB        =      -29.4225
 1-4 VDW =        1.6394  1-4 EEL =      127.9493  RESTRAINT  =        0.0000


   NSTEP       ENERGY          RMS            GMAX         NAME    NUMBER
     73       1.4853E+02     5.4024E-01     2.5907E+00     C17        17

 BOND    =        1.2543  ANGLE   =       87.0077  DIHED      =        6.7342
 VDWAALS =       -3.2754  EEL     =      -43.3620  EGB        =      -29.3841
 1-4 VDW =        1.6444  1-4 EEL =      127.9108  RESTRAINT  =        0.0000


   NSTEP       ENERGY          RMS            GMAX         NAME    NUMBER
     74       1.4851E+02     4.5403E-01     1.4034E+00     H212       45

 BOND    =        1.2435  ANGLE   =       87.0092  DIHED      =        6.7233
 VDWAALS =       -3.2753  EEL     =      -43.3787  EGB        =      -29.3941
 1-4 VDW =        1.6472  1-4 EEL =      127.9340  RESTRAINT  =        0.0000


   NSTEP       ENERGY          RMS            GMAX         NAME    NUMBER
     75       1.4851E+02     6.6319E-01     2.4274E+00     C16        16

 BOND    =        1.2438  ANGLE   =       87.0125  DIHED      =        6.7163
 VDWAALS =       -3.2753  EEL     =      -43.3899  EGB        =      -29.4009
 1-4 VDW =        1.6492  1-4 EEL =      127.9494  RESTRAINT  =        0.0000


   NSTEP       ENERGY          RMS            GMAX         NAME    NUMBER
     76       1.4850E+02     4.2831E-01     1.3536E+00     C17        17

 BOND    =        1.2381  ANGLE   =       87.0193  DIHED      =        6.7157
 VDWAALS =       -3.2755  EEL     =      -43.3895  EGB        =      -29.4017
 1-4 VDW =        1.6488  1-4 EEL =      127.9405  RESTRAINT  =        0.0000


   NSTEP       ENERGY          RMS            GMAX         NAME    NUMBER
     77       1.4849E+02     3.1027E-01     1.2375E+00     H212       45

 BOND    =        1.2297  ANGLE   =       87.0315  DIHED      =        6.7145
 VDWAALS =       -3.2758  EEL     =      -43.3879  EGB        =      -29.4031
 1-4 VDW =        1.6489  1-4 EEL =      127.9304  RESTRAINT  =        0.0000


   NSTEP       ENERGY          RMS            GMAX         NAME    NUMBER
     78       1.4848E+02     2.6978E-01     1.0820E+00     H212       45

 BOND    =        1.2149  ANGLE   =       87.0448  DIHED      =        6.7127
 VDWAALS =       -3.2761  EEL     =      -43.3814  EGB        =      -29.4062
 1-4 VDW =        1.6503  1-4 EEL =      127.9220  RESTRAINT  =        0.0000


   NSTEP       ENERGY          RMS            GMAX         NAME    NUMBER
     79       1.4847E+02     2.5120E-01     8.4038E-01     H212       45

 BOND    =        1.2057  ANGLE   =       87.0504  DIHED      =        6.7104
 VDWAALS =       -3.2763  EEL     =      -43.3666  EGB        =      -29.4132
 1-4 VDW =        1.6524  1-4 EEL =      127.9105  RESTRAINT  =        0.0000


   NSTEP       ENERGY          RMS            GMAX         NAME    NUMBER
     80       1.6785E+02     2.8451E+01     2.0942E+02     C17        17

 BOND    =       14.7582  ANGLE   =       93.2865  DIHED      =        6.6365
 VDWAALS =       -3.2853  EEL     =      -41.9691  EGB        =      -30.4259
 1-4 VDW =        1.9834  1-4 EEL =      126.8679  RESTRAINT  =        0.0000


   NSTEP       ENERGY          RMS            GMAX         NAME    NUMBER
     81       1.4846E+02     6.5058E-01     4.5121E+00     C17        17

 BOND    =        1.1867  ANGLE   =       87.0690  DIHED      =        6.7027
 VDWAALS =       -3.2766  EEL     =      -43.3310  EGB        =      -29.4321
 1-4 VDW =        1.6591  1-4 EEL =      127.8833  RESTRAINT  =        0.0000


   NSTEP       ENERGY          RMS            GMAX         NAME    NUMBER
     82       1.4844E+02     4.4729E-01     3.0014E+00     C17        17

 BOND    =        1.1800  ANGLE   =       87.0785  DIHED      =        6.6944
 VDWAALS =       -3.2768  EEL     =      -43.2826  EGB        =      -29.4585
 1-4 VDW =        1.6658  1-4 EEL =      127.8399  RESTRAINT  =        0.0000


   NSTEP       ENERGY          RMS            GMAX         NAME    NUMBER
     83       1.4842E+02     3.0287E-01     1.3858E+00     H212       45

 BOND    =        1.1763  ANGLE   =       87.1121  DIHED      =        6.6787
 VDWAALS =       -3.2772  EEL     =      -43.1851  EGB        =      -29.5127
 1-4 VDW =        1.6797  1-4 EEL =      127.7524  RESTRAINT  =        0.0000


   NSTEP       ENERGY          RMS            GMAX         NAME    NUMBER
     84       1.4841E+02     2.8479E-01     1.3427E+00     H212       45

 BOND    =        1.2351  ANGLE   =       87.0639  DIHED      =        6.6708
 VDWAALS =       -3.2759  EEL     =      -43.1519  EGB        =      -29.5268
 1-4 VDW =        1.6843  1-4 EEL =      127.7126  RESTRAINT  =        0.0000


   NSTEP       ENERGY          RMS            GMAX         NAME    NUMBER
     85       1.4841E+02     4.6990E-01     1.4704E+00     C15        15

 BOND    =        1.2937  ANGLE   =       87.0223  DIHED      =        6.6638
 VDWAALS =       -3.2747  EEL     =      -43.1214  EGB        =      -29.5398
 1-4 VDW =        1.6886  1-4 EEL =      127.6761  RESTRAINT  =        0.0000


   NSTEP       ENERGY          RMS            GMAX         NAME    NUMBER
     86       1.4840E+02     4.7317E-01     2.1525E+00     C18        18

 BOND    =        1.3571  ANGLE   =       86.9864  DIHED      =        6.6480
 VDWAALS =       -3.2716  EEL     =      -43.1142  EGB        =      -29.5670
 1-4 VDW =        1.6965  1-4 EEL =      127.6617  RESTRAINT  =        0.0000


   NSTEP       ENERGY          RMS            GMAX         NAME    NUMBER
     87       1.4840E+02     3.6277E-01     1.5058E+00     C18        18

 BOND    =        1.3414  ANGLE   =       86.9932  DIHED      =        6.6512
 VDWAALS =       -3.2722  EEL     =      -43.1157  EGB        =      -29.5614
 1-4 VDW =        1.6949  1-4 EEL =      127.6647  RESTRAINT  =        0.0000


   NSTEP       ENERGY          RMS            GMAX         NAME    NUMBER
     88       1.4839E+02     3.4953E-01     9.6569E-01     O19        19

 BOND    =        1.3588  ANGLE   =       86.9708  DIHED      =        6.6428
 VDWAALS =       -3.2708  EEL     =      -43.1127  EGB        =      -29.5666
 1-4 VDW =        1.6982  1-4 EEL =      127.6670  RESTRAINT  =        0.0000


   NSTEP       ENERGY          RMS            GMAX         NAME    NUMBER
     89       1.4839E+02     4.0803E-01     1.1667E+00     C15        15

 BOND    =        1.3630  ANGLE   =       86.9670  DIHED      =        6.6413
 VDWAALS =       -3.2705  EEL     =      -43.1122  EGB        =      -29.5675
 1-4 VDW =        1.6989  1-4 EEL =      127.6674  RESTRAINT  =        0.0000


   NSTEP       ENERGY          RMS            GMAX         NAME    NUMBER
     90       1.4837E+02     3.3789E-01     1.1268E+00     H211       44

 BOND    =        1.3236  ANGLE   =       86.9572  DIHED      =        6.6309
 VDWAALS =       -3.2686  EEL     =      -43.1262  EGB        =      -29.5635
 1-4 VDW =        1.7064  1-4 EEL =      127.7115  RESTRAINT  =        0.0000


   NSTEP       ENERGY          RMS            GMAX         NAME    NUMBER
     91       1.4835E+02     5.3165E-01     2.4312E+00     N14        14

 BOND    =        1.2076  ANGLE   =       86.9315  DIHED      =        6.5995
 VDWAALS =       -3.2613  EEL     =      -43.1744  EGB        =      -29.5511
 1-4 VDW =        1.7333  1-4 EEL =      127.8627  RESTRAINT  =        0.0000


   NSTEP       ENERGY          RMS            GMAX         NAME    NUMBER
     92       1.4835E+02     1.2556E+00     5.7877E+00     C16        16

 BOND    =        1.0453  ANGLE   =       86.8144  DIHED      =        6.5658
 VDWAALS =       -3.2499  EEL     =      -43.3312  EGB        =      -29.3913
 1-4 VDW =        1.7656  1-4 EEL =      128.1269  RESTRAINT  =        0.0000


   NSTEP       ENERGY          RMS            GMAX         NAME    NUMBER
     93       1.4833E+02     5.8751E-01     2.3139E+00     O19        19

 BOND    =        1.1089  ANGLE   =       86.8686  DIHED      =        6.5810
 VDWAALS =       -3.2557  EEL     =      -43.2548  EGB        =      -29.4686
 1-4 VDW =        1.7496  1-4 EEL =      127.9981  RESTRAINT  =        0.0000


   NSTEP       ENERGY          RMS            GMAX         NAME    NUMBER
     94       1.4831E+02     4.6194E-01     1.4815E+00     H211       44

 BOND    =        1.0827  ANGLE   =       86.8390  DIHED      =        6.5644
 VDWAALS =       -3.2507  EEL     =      -43.2932  EGB        =      -29.4668
 1-4 VDW =        1.7673  1-4 EEL =      128.0638  RESTRAINT  =        0.0000


   NSTEP       ENERGY          RMS            GMAX         NAME    NUMBER
     95       1.4831E+02     4.6758E-01     1.5048E+00     H211       44

 BOND    =        1.0826  ANGLE   =       86.8386  DIHED      =        6.5642
 VDWAALS =       -3.2506  EEL     =      -43.2937  EGB        =      -29.4668
 1-4 VDW =        1.7676  1-4 EEL =      128.0646  RESTRAINT  =        0.0000


   NSTEP       ENERGY          RMS            GMAX         NAME    NUMBER
     96       1.4829E+02     4.0280E-01     1.6363E+00     C15        15

 BOND    =        1.1031  ANGLE   =       86.7903  DIHED      =        6.5538
 VDWAALS =       -3.2473  EEL     =      -43.3106  EGB        =      -29.4900
 1-4 VDW =        1.7813  1-4 EEL =      128.1133  RESTRAINT  =        0.0000


   NSTEP       ENERGY          RMS            GMAX         NAME    NUMBER
     97       1.4829E+02     3.8176E-01     1.5181E+00     C15        15

 BOND    =        1.1017  ANGLE   =       86.7925  DIHED      =        6.5543
 VDWAALS =       -3.2475  EEL     =      -43.3097  EGB        =      -29.4888
 1-4 VDW =        1.7806  1-4 EEL =      128.1108  RESTRAINT  =        0.0000


   NSTEP       ENERGY          RMS            GMAX         NAME    NUMBER
     98       1.4828E+02     2.8379E-01     9.4905E-01     C15        15

 BOND    =        1.1191  ANGLE   =       86.7835  DIHED      =        6.5457
 VDWAALS =       -3.2455  EEL     =      -43.3454  EGB        =      -29.5025
 1-4 VDW =        1.7894  1-4 EEL =      128.1360  RESTRAINT  =        0.0000


   NSTEP       ENERGY          RMS            GMAX         NAME    NUMBER
     99       1.4827E+02     4.1805E-01     1.8404E+00     C13        13

 BOND    =        1.1500  ANGLE   =       86.7768  DIHED      =        6.5338
 VDWAALS =       -3.2426  EEL     =      -43.3971  EGB        =      -29.5227
 1-4 VDW =        1.8023  1-4 EEL =      128.1725  RESTRAINT  =        0.0000


   NSTEP       ENERGY          RMS            GMAX         NAME    NUMBER
    100       1.4827E+02     6.5656E-01     2.2736E+00     C13        13

 BOND    =        1.1433  ANGLE   =       86.8086  DIHED      =        6.5115
 VDWAALS =       -3.2387  EEL     =      -43.4502  EGB        =      -29.5248
 1-4 VDW =        1.8149  1-4 EEL =      128.2020  RESTRAINT  =        0.0000


  Maximum number of minimization cycles reached.


                    FINAL RESULTS



   NSTEP       ENERGY          RMS            GMAX         NAME    NUMBER
    100       1.4827E+02     6.5656E-01     2.2736E+00     C13        13

 BOND    =        1.1433  ANGLE   =       86.8086  DIHED      =        6.5115
 VDWAALS =       -3.2387  EEL     =      -43.4502  EGB        =      -29.5248
 1-4 VDW =        1.8149  1-4 EEL =      128.2020  RESTRAINT  =        0.0000

--------------------------------------------------------------------------------
   5.  TIMINGS
--------------------------------------------------------------------------------

|    Read coords time           0.00 ( 0.36% of Total)
|    Fast Water setup           0.00 ( 0.01% of Total)
|                Calc gb radii              0.01 (25.90% of Gen B)
|                Calc gb diag               0.01 (40.46% of Gen B)
|                Calc gb off-diag           0.01 (33.37% of Gen B)
|                Other                      0.00 ( 0.27% of Gen B)
|             Gen Born time              0.03 (100.0% of Nonbo)
|             IPS excludes               0.00 ( 0.02% of Nonbo)
|          Nonbond force              0.03 (84.61% of Force)
|          Bond/Angle/Dihedral        0.00 (14.71% of Force)
|          Other                      0.00 ( 0.68% of Force)
|       Force time                 0.03 (100.0% of Runmd)
|    Runmd Time                 0.03 (35.91% of Total)
|    Other                      0.05 (63.73% of Total)
| Total time                 0.08 (97.01% of ALL  )

| Number of list builds   :          0

| Highest rstack allocated:          0
| Highest istack allocated:          0
|           Job began  at 15:21:43.844  on 04/20/2016
|           Setup done at 15:21:43.863  on 04/20/2016
|           Run   done at 15:21:43.932  on 04/20/2016
|     wallclock() was called    1828 times
