
          -------------------------------------------------------
          Amber 14 SANDER                              2014
          -------------------------------------------------------

| Run on 12/05/2014 at 21:32:23

|   Executable path: sander
| Working directory: /net/casegroup2/u2/pjanowsk/Phenix/AmberLibrary/l
|          Hostname: krakow

  [-O]verwriting output

File Assignments:
|  MDIN: sander.in                                                             
| MDOUT: LYD.min_igb.out                                                       
|INPCRD: LYD.rst7                                                              
|  PARM: LYD.prmtop                                                            
|RESTRT: LYD.min_igb.rst7                                                      
|  REFC: refc                                                                  
| MDVEL: mdvel                                                                 
| MDFRC: mdfrc                                                                 
|  MDEN: mden                                                                  
| MDCRD: mdcrd                                                                 
|MDINFO: mdinfo                                                                
|  MTMD: mtmd                                                                  
|INPDIP: inpdip                                                                
|RSTDIP: rstdip                                                                
|INPTRA: inptraj                                                               


 Here is the input file:

  short minimization                                                           
 &cntrl                                                                        
   imin=1, maxcyc=100, ncyc=50, ntpr=1, cut=99., ntb=0, igb=2                  
 /                                                                             

--------------------------------------------------------------------------------
   1.  RESOURCE   USE: 
--------------------------------------------------------------------------------

| Flags:                                                                        
| New format PARM file being parsed.
| Version =    1.000 Date = 12/05/14 Time = 21:32:23
 NATOM  =      53 NTYPES =       9 NBONH =      24 MBONA  =      31
 NTHETH =      53 MTHETA =      44 NPHIH =      95 MPHIA  =      67
 NHPARM =       0 NPARM  =       0 NNB   =     289 NRES   =       1
 NBONA  =      31 NTHETA =      44 NPHIA =      67 NUMBND =      25
 NUMANG =      49 NPTRA  =      20 NATYP =      15 NPHB   =       0
 IFBOX  =       0 NMXRS  =      53 IFCAP =       0 NEXTRA =       0
 NCOPY  =       0

 Implicit solvent radii are H(N)-modified Bondi radii (mbondi2)                                             

|     Memory Use     Allocated
|     Real                7757
|     Hollerith            162
|     Integer            22669
|     Max Pairs              1
|     nblistReal             0
|     nblist Int             0
|       Total              149 kbytes

| Note: 1-4 EEL scale factors are being read from the topology file.

| Note: 1-4 VDW scale factors are being read from the topology file.
| Duplicated    0 dihedrals
| Duplicated    0 dihedrals

--------------------------------------------------------------------------------
   2.  CONTROL  DATA  FOR  THE  RUN
--------------------------------------------------------------------------------

LYD                                                                             

General flags:
     imin    =       1, nmropt  =       0

Nature and format of input:
     ntx     =       1, irest   =       0, ntrx    =       1

Nature and format of output:
     ntxo    =       1, ntpr    =       1, ntrx    =       1, ntwr    =     500
     iwrap   =       0, ntwx    =       0, ntwv    =       0, ntwe    =       0
     ioutfm  =       0, ntwprt  =       0, idecomp =       0, rbornstat=      0

Potential function:
     ntf     =       1, ntb     =       0, igb     =       2, nsnb    =      25
     ipol    =       0, gbsa    =       0, iesp    =       0
     dielc   =   1.00000, cut     =  99.00000, intdiel =   1.00000
     saltcon =   0.00000, offset  =   0.09000, gbalpha=    0.80000
     gbbeta  =   0.00000, gbgamma =   2.90912, surften =   0.00500
     rdt     =   0.00000, rgbmax  =  25.00000  extdiel =  78.50000
     alpb  =        0

Frozen or restrained atoms:
     ibelly  =       0, ntr     =       0

Energy minimization:
     maxcyc  =     100, ncyc    =      50, ntmin   =       1
     dx0     =   0.01000, drms    =   0.00010
|  INFO: Old style inpcrd file read


--------------------------------------------------------------------------------
   3.  ATOMIC COORDINATES AND VELOCITIES
--------------------------------------------------------------------------------

LYD                                                                             
 begin time read from input coords =     0.000 ps

 Number of triangulated 3-point waters found:        0

--------------------------------------------------------------------------------
   4.  RESULTS
--------------------------------------------------------------------------------



   NSTEP       ENERGY          RMS            GMAX         NAME    NUMBER
      1      -2.5886E+02     2.2927E+01     8.6841E+01     N3         26

 BOND    =       19.9150  ANGLE   =       22.4998  DIHED      =       20.8700
 VDWAALS =        1.9508  EEL     =      -30.7994  EGB        =     -108.1579
 1-4 VDW =       12.2298  1-4 EEL =     -197.3645  RESTRAINT  =        0.0000


   NSTEP       ENERGY          RMS            GMAX         NAME    NUMBER
      2      -2.6216E+02     2.0791E+01     7.7320E+01     N3         26

 BOND    =       17.4103  ANGLE   =       21.8532  DIHED      =       20.8643
 VDWAALS =        1.8135  EEL     =      -30.7523  EGB        =     -108.2744
 1-4 VDW =       12.2721  1-4 EEL =     -197.3493  RESTRAINT  =        0.0000


   NSTEP       ENERGY          RMS            GMAX         NAME    NUMBER
      3      -2.6571E+02     1.8328E+01     6.6144E+01     N3         26

 BOND    =       14.7551  ANGLE   =       21.1582  DIHED      =       20.8573
 VDWAALS =        1.6401  EEL     =      -30.6882  EGB        =     -108.4158
 1-4 VDW =       12.3252  1-4 EEL =     -197.3432  RESTRAINT  =        0.0000


   NSTEP       ENERGY          RMS            GMAX         NAME    NUMBER
      4      -2.6940E+02     1.5548E+01     5.3209E+01     N3         26

 BOND    =       12.0506  ANGLE   =       20.4373  DIHED      =       20.8487
 VDWAALS =        1.4179  EEL     =      -30.5983  EGB        =     -108.5874
 1-4 VDW =       12.3923  1-4 EEL =     -197.3569  RESTRAINT  =        0.0000


   NSTEP       ENERGY          RMS            GMAX         NAME    NUMBER
      5      -2.7305E+02     1.2531E+01     4.2292E+01     OX2        19

 BOND    =        9.4497  ANGLE   =       19.7278  DIHED      =       20.8380
 VDWAALS =        1.1276  EEL     =      -30.4678  EGB        =     -108.7945
 1-4 VDW =       12.4777  1-4 EEL =     -197.4112  RESTRAINT  =        0.0000


   NSTEP       ENERGY          RMS            GMAX         NAME    NUMBER
      6      -2.7648E+02     9.5057E+00     3.7004E+01     OX2        19

 BOND    =        7.1448  ANGLE   =       19.0845  DIHED      =       20.8245
 VDWAALS =        0.7390  EEL     =      -30.2697  EGB        =     -109.0405
 1-4 VDW =       12.5872  1-4 EEL =     -197.5478  RESTRAINT  =        0.0000


   NSTEP       ENERGY          RMS            GMAX         NAME    NUMBER
      7      -2.7950E+02     6.9028E+00     3.0226E+01     OX2        19

 BOND    =        5.2983  ANGLE   =       18.5774  DIHED      =       20.8079
 VDWAALS =        0.2093  EEL     =      -29.9544  EGB        =     -109.3200
 1-4 VDW =       12.7275  1-4 EEL =     -197.8501  RESTRAINT  =        0.0000


   NSTEP       ENERGY          RMS            GMAX         NAME    NUMBER
      8      -2.8213E+02     5.0034E+00     2.1992E+01     OX2        19

 BOND    =        3.9061  ANGLE   =       18.2823  DIHED      =       20.7906
 VDWAALS =       -0.4984  EEL     =      -29.4448  EGB        =     -109.6076
 1-4 VDW =       12.9015  1-4 EEL =     -198.4562  RESTRAINT  =        0.0000


   NSTEP       ENERGY          RMS            GMAX         NAME    NUMBER
      9      -2.8440E+02     3.5723E+00     1.3517E+01     OX2        19

 BOND    =        2.9031  ANGLE   =       18.2261  DIHED      =       20.7822
 VDWAALS =       -1.3647  EEL     =      -28.6585  EGB        =     -109.8997
 1-4 VDW =       13.1016  1-4 EEL =     -199.4854  RESTRAINT  =        0.0000


   NSTEP       ENERGY          RMS            GMAX         NAME    NUMBER
     10      -2.8631E+02     2.5557E+00     8.2005E+00     OX1        18

 BOND    =        2.4572  ANGLE   =       18.2898  DIHED      =       20.7894
 VDWAALS =       -2.3322  EEL     =      -27.5007  EGB        =     -110.3011
 1-4 VDW =       13.2791  1-4 EEL =     -200.9878  RESTRAINT  =        0.0000


   NSTEP       ENERGY          RMS            GMAX         NAME    NUMBER
     11      -2.8781E+02     2.9498E+00     9.6381E+00     N3         26

 BOND    =        2.2182  ANGLE   =       18.7313  DIHED      =       20.7932
 VDWAALS =       -3.2805  EEL     =      -25.9768  EGB        =     -110.4575
 1-4 VDW =       13.2623  1-4 EEL =     -203.1020  RESTRAINT  =        0.0000


   NSTEP       ENERGY          RMS            GMAX         NAME    NUMBER
     12      -2.8550E+02     1.1816E+01     4.7285E+01     N3         26

 BOND    =        6.1620  ANGLE   =       17.8733  DIHED      =       20.8278
 VDWAALS =       -3.8079  EEL     =      -24.7991  EGB        =     -111.1338
 1-4 VDW =       13.4032  1-4 EEL =     -204.0253  RESTRAINT  =        0.0000


   NSTEP       ENERGY          RMS            GMAX         NAME    NUMBER
     13      -2.8891E+02     3.1085E+00     1.1824E+01     C4         24

 BOND    =        2.7900  ANGLE   =       18.1118  DIHED      =       20.8156
 VDWAALS =       -3.8525  EEL     =      -24.6493  EGB        =     -110.8192
 1-4 VDW =       13.2013  1-4 EEL =     -204.5097  RESTRAINT  =        0.0000


   NSTEP       ENERGY          RMS            GMAX         NAME    NUMBER
     14      -2.8847E+02     6.6155E+00     2.9319E+01     N3         26

 BOND    =        2.5599  ANGLE   =       19.2160  DIHED      =       20.8126
 VDWAALS =       -4.0598  EEL     =      -24.1020  EGB        =     -110.4750
 1-4 VDW =       13.0176  1-4 EEL =     -205.4385  RESTRAINT  =        0.0000


   NSTEP       ENERGY          RMS            GMAX         NAME    NUMBER
     15      -2.8961E+02     1.9400E+00     6.9649E+00     N3         26

 BOND    =        2.3232  ANGLE   =       18.3469  DIHED      =       20.8199
 VDWAALS =       -4.1000  EEL     =      -23.9626  EGB        =     -110.7196
 1-4 VDW =       13.0780  1-4 EEL =     -205.3936  RESTRAINT  =        0.0000


   NSTEP       ENERGY          RMS            GMAX         NAME    NUMBER
     16      -2.8982E+02     3.0729E+00     1.3541E+01     N3         26

 BOND    =        2.9089  ANGLE   =       17.8900  DIHED      =       20.8278
 VDWAALS =       -4.2585  EEL     =      -23.4335  EGB        =     -110.9962
 1-4 VDW =       13.0535  1-4 EEL =     -205.8165  RESTRAINT  =        0.0000


   NSTEP       ENERGY          RMS            GMAX         NAME    NUMBER
     17      -2.8985E+02     4.2449E+00     2.0859E+01     N3         26

 BOND    =        2.3361  ANGLE   =       18.6304  DIHED      =       20.8255
 VDWAALS =       -4.3698  EEL     =      -23.1169  EGB        =     -110.6970
 1-4 VDW =       12.9350  1-4 EEL =     -206.3974  RESTRAINT  =        0.0000


   NSTEP       ENERGY          RMS            GMAX         NAME    NUMBER
     18      -2.8990E+02     4.9369E+00     2.2306E+01     N3         26

 BOND    =        3.4938  ANGLE   =       17.5947  DIHED      =       20.8349
 VDWAALS =       -4.4478  EEL     =      -22.7466  EGB        =     -111.1899
 1-4 VDW =       13.0117  1-4 EEL =     -206.4503  RESTRAINT  =        0.0000


   NSTEP       ENERGY          RMS            GMAX         NAME    NUMBER
     19      -2.8973E+02     6.2326E+00     2.8206E+01     N3         26

 BOND    =        2.5696  ANGLE   =       18.9049  DIHED      =       20.8262
 VDWAALS =       -4.5404  EEL     =      -22.5450  EGB        =     -110.6979
 1-4 VDW =       12.8195  1-4 EEL =     -207.0675  RESTRAINT  =        0.0000


   NSTEP       ENERGY          RMS            GMAX         NAME    NUMBER
     20      -2.9075E+02     1.3998E+00     4.9730E+00     OX2        19

 BOND    =        2.4441  ANGLE   =       18.0241  DIHED      =       20.8324
 VDWAALS =       -4.5633  EEL     =      -22.3779  EGB        =     -110.9760
 1-4 VDW =       12.8890  1-4 EEL =     -207.0260  RESTRAINT  =        0.0000


   NSTEP       ENERGY          RMS            GMAX         NAME    NUMBER
     21      -2.9101E+02     2.5403E+00     1.1442E+01     N3         26

 BOND    =        2.9607  ANGLE   =       17.6202  DIHED      =       20.8349
 VDWAALS =       -4.7145  EEL     =      -21.7574  EGB        =     -111.2188
 1-4 VDW =       12.8331  1-4 EEL =     -207.5667  RESTRAINT  =        0.0000


   NSTEP       ENERGY          RMS            GMAX         NAME    NUMBER
     22      -2.9078E+02     4.8410E+00     2.5147E+01     N3         26

 BOND    =        2.4244  ANGLE   =       18.4721  DIHED      =       20.8338
 VDWAALS =       -4.8056  EEL     =      -21.4541  EGB        =     -110.9068
 1-4 VDW =       12.7419  1-4 EEL =     -208.0835  RESTRAINT  =        0.0000


   NSTEP       ENERGY          RMS            GMAX         NAME    NUMBER
     23      -2.9140E+02     1.4276E+00     5.1635E+00     N3         26

 BOND    =        2.4885  ANGLE   =       17.8827  DIHED      =       20.8342
 VDWAALS =       -4.8230  EEL     =      -21.3193  EGB        =     -111.1241
 1-4 VDW =       12.7597  1-4 EEL =     -208.1000  RESTRAINT  =        0.0000


   NSTEP       ENERGY          RMS            GMAX         NAME    NUMBER
     24      -2.9153E+02     2.2679E+00     9.9006E+00     C7A        22

 BOND    =        2.9686  ANGLE   =       17.5061  DIHED      =       20.8337
 VDWAALS =       -4.9066  EEL     =      -20.9373  EGB        =     -111.3305
 1-4 VDW =       12.7275  1-4 EEL =     -208.3914  RESTRAINT  =        0.0000


   NSTEP       ENERGY          RMS            GMAX         NAME    NUMBER
     25      -2.9156E+02     3.1243E+00     1.5366E+01     N3         26

 BOND    =        2.4131  ANGLE   =       18.0876  DIHED      =       20.8320
 VDWAALS =       -4.9641  EEL     =      -20.7018  EGB        =     -111.1233
 1-4 VDW =       12.6700  1-4 EEL =     -208.7690  RESTRAINT  =        0.0000


   NSTEP       ENERGY          RMS            GMAX         NAME    NUMBER
     26      -2.9159E+02     3.6087E+00     1.6636E+01     N3         26

 BOND    =        3.3731  ANGLE   =       17.2798  DIHED      =       20.8316
 VDWAALS =       -5.0085  EEL     =      -20.4293  EGB        =     -111.4792
 1-4 VDW =       12.6875  1-4 EEL =     -208.8482  RESTRAINT  =        0.0000


   NSTEP       ENERGY          RMS            GMAX         NAME    NUMBER
     27      -2.9151E+02     4.5459E+00     2.1776E+01     N3         26

 BOND    =        2.4696  ANGLE   =       18.2852  DIHED      =       20.8288
 VDWAALS =       -5.0607  EEL     =      -20.2797  EGB        =     -111.1291
 1-4 VDW =       12.5944  1-4 EEL =     -209.2233  RESTRAINT  =        0.0000


   NSTEP       ENERGY          RMS            GMAX         NAME    NUMBER
     28      -2.9207E+02     1.0681E+00     3.7988E+00     OX2        19

 BOND    =        2.6159  ANGLE   =       17.6514  DIHED      =       20.8288
 VDWAALS =       -5.0737  EEL     =      -20.1485  EGB        =     -111.3384
 1-4 VDW =       12.6240  1-4 EEL =     -209.2337  RESTRAINT  =        0.0000


   NSTEP       ENERGY          RMS            GMAX         NAME    NUMBER
     29      -2.9224E+02     1.7777E+00     8.3158E+00     C7A        22

 BOND    =        2.9593  ANGLE   =       17.3793  DIHED      =       20.8252
 VDWAALS =       -5.1610  EEL     =      -19.7083  EGB        =     -111.5007
 1-4 VDW =       12.5741  1-4 EEL =     -209.6106  RESTRAINT  =        0.0000


   NSTEP       ENERGY          RMS            GMAX         NAME    NUMBER
     30      -2.9214E+02     3.5235E+00     1.6727E+01     C7A        22

 BOND    =        2.5014  ANGLE   =       17.9839  DIHED      =       20.8217
 VDWAALS =       -5.2139  EEL     =      -19.4305  EGB        =     -111.3327
 1-4 VDW =       12.5351  1-4 EEL =     -210.0038  RESTRAINT  =        0.0000


   NSTEP       ENERGY          RMS            GMAX         NAME    NUMBER
     31      -2.9248E+02     1.0783E+00     3.4738E+00     OX2        19

 BOND    =        2.6568  ANGLE   =       17.5649  DIHED      =       20.8211
 VDWAALS =       -5.2283  EEL     =      -19.3461  EGB        =     -111.4656
 1-4 VDW =       12.5336  1-4 EEL =     -210.0144  RESTRAINT  =        0.0000


   NSTEP       ENERGY          RMS            GMAX         NAME    NUMBER
     32      -2.9257E+02     1.5886E+00     7.3089E+00     C7A        22

 BOND    =        2.9677  ANGLE   =       17.3298  DIHED      =       20.8174
 VDWAALS =       -5.2808  EEL     =      -19.0663  EGB        =     -111.6052
 1-4 VDW =       12.4979  1-4 EEL =     -210.2334  RESTRAINT  =        0.0000


   NSTEP       ENERGY          RMS            GMAX         NAME    NUMBER
     33      -2.9260E+02     2.2947E+00     1.0697E+01     N3         26

 BOND    =        2.5741  ANGLE   =       17.7119  DIHED      =       20.8143
 VDWAALS =       -5.3170  EEL     =      -18.8609  EGB        =     -111.4855
 1-4 VDW =       12.4794  1-4 EEL =     -210.5155  RESTRAINT  =        0.0000


   NSTEP       ENERGY          RMS            GMAX         NAME    NUMBER
     34      -2.9263E+02     2.6358E+00     1.3034E+01     C7A        22

 BOND    =        3.2584  ANGLE   =       17.1647  DIHED      =       20.8119
 VDWAALS =       -5.3492  EEL     =      -18.6636  EGB        =     -111.7234
 1-4 VDW =       12.4588  1-4 EEL =     -210.5915  RESTRAINT  =        0.0000


   NSTEP       ENERGY          RMS            GMAX         NAME    NUMBER
     35      -2.9260E+02     3.3218E+00     1.5517E+01     N7         21

 BOND    =        2.5694  ANGLE   =       17.8550  DIHED      =       20.8082
 VDWAALS =       -5.3794  EEL     =      -18.5281  EGB        =     -111.5065
 1-4 VDW =       12.4332  1-4 EEL =     -210.8565  RESTRAINT  =        0.0000


   NSTEP       ENERGY          RMS            GMAX         NAME    NUMBER
     36      -2.9291E+02     8.4444E-01     3.0783E+00     OX2        19

 BOND    =        2.7600  ANGLE   =       17.4323  DIHED      =       20.8075
 VDWAALS =       -5.3903  EEL     =      -18.4322  EGB        =     -111.6445
 1-4 VDW =       12.4333  1-4 EEL =     -210.8782  RESTRAINT  =        0.0000


   NSTEP       ENERGY          RMS            GMAX         NAME    NUMBER
     37      -2.9303E+02     1.2395E+00     5.5271E+00     C7A        22

 BOND    =        2.9698  ANGLE   =       17.2793  DIHED      =       20.8018
 VDWAALS =       -5.4456  EEL     =      -18.1186  EGB        =     -111.7555
 1-4 VDW =       12.3905  1-4 EEL =     -211.1487  RESTRAINT  =        0.0000


   NSTEP       ENERGY          RMS            GMAX         NAME    NUMBER
     38      -2.9300E+02     2.4952E+00     1.2004E+01     C7A        22

 BOND    =        2.6510  ANGLE   =       17.6386  DIHED      =       20.7967
 VDWAALS =       -5.4808  EEL     =      -17.8605  EGB        =     -111.6728
 1-4 VDW =       12.3855  1-4 EEL =     -211.4598  RESTRAINT  =        0.0000


   NSTEP       ENERGY          RMS            GMAX         NAME    NUMBER
     39      -2.9318E+02     8.0618E-01     2.8476E+00     OX2        19

 BOND    =        2.8053  ANGLE   =       17.3807  DIHED      =       20.7957
 VDWAALS =       -5.4933  EEL     =      -17.8072  EGB        =     -111.7570
 1-4 VDW =       12.3680  1-4 EEL =     -211.4720  RESTRAINT  =        0.0000


   NSTEP       ENERGY          RMS            GMAX         NAME    NUMBER
     40      -2.9326E+02     1.0343E+00     4.0842E+00     C7A        22

 BOND    =        2.9668  ANGLE   =       17.2705  DIHED      =       20.7907
 VDWAALS =       -5.5296  EEL     =      -17.5939  EGB        =     -111.8498
 1-4 VDW =       12.3352  1-4 EEL =     -211.6464  RESTRAINT  =        0.0000


   NSTEP       ENERGY          RMS            GMAX         NAME    NUMBER
     41      -2.9329E+02     1.6186E+00     7.2112E+00     N3         26

 BOND    =        2.7432  ANGLE   =       17.4678  DIHED      =       20.7866
 VDWAALS =       -5.5573  EEL     =      -17.3952  EGB        =     -111.7877
 1-4 VDW =       12.3357  1-4 EEL =     -211.8845  RESTRAINT  =        0.0000


   NSTEP       ENERGY          RMS            GMAX         NAME    NUMBER
     42      -2.9331E+02     1.9649E+00     9.2807E+00     C7A        22

 BOND    =        3.1926  ANGLE   =       17.1604  DIHED      =       20.7829
 VDWAALS =       -5.5829  EEL     =      -17.2474  EGB        =     -111.9627
 1-4 VDW =       12.2905  1-4 EEL =     -211.9476  RESTRAINT  =        0.0000


   NSTEP       ENERGY          RMS            GMAX         NAME    NUMBER
     43      -2.9332E+02     2.3992E+00     1.1143E+01     N3         26

 BOND    =        2.7271  ANGLE   =       17.5532  DIHED      =       20.7793
 VDWAALS =       -5.6018  EEL     =      -17.1244  EGB        =     -111.8081
 1-4 VDW =       12.3143  1-4 EEL =     -212.1566  RESTRAINT  =        0.0000


   NSTEP       ENERGY          RMS            GMAX         NAME    NUMBER
     44      -2.9330E+02     2.9094E+00     1.3300E+01     C7A        22

 BOND    =        3.4309  ANGLE   =       17.0786  DIHED      =       20.7764
 VDWAALS =       -5.6224  EEL     =      -16.9494  EGB        =     -112.0625
 1-4 VDW =       12.2548  1-4 EEL =     -212.2022  RESTRAINT  =        0.0000


   NSTEP       ENERGY          RMS            GMAX         NAME    NUMBER
     45      -2.9353E+02     6.8812E-01     2.4612E+00     OX2        19

 BOND    =        2.9460  ANGLE   =       17.2722  DIHED      =       20.7745
 VDWAALS =       -5.6319  EEL     =      -16.9296  EGB        =     -111.9529
 1-4 VDW =       12.2724  1-4 EEL =     -212.2831  RESTRAINT  =        0.0000


   NSTEP       ENERGY          RMS            GMAX         NAME    NUMBER
     46      -2.9361E+02     1.1534E+00     5.2813E+00     C4         24

 BOND    =        2.8396  ANGLE   =       17.3845  DIHED      =       20.7673
 VDWAALS =       -5.6669  EEL     =      -16.6277  EGB        =     -111.9858
 1-4 VDW =       12.2539  1-4 EEL =     -212.5740  RESTRAINT  =        0.0000


   NSTEP       ENERGY          RMS            GMAX         NAME    NUMBER
     47      -2.9355E+02     2.4835E+00     1.3386E+01     C4         24

 BOND    =        3.3372  ANGLE   =       17.0750  DIHED      =       20.7622
 VDWAALS =       -5.7082  EEL     =      -16.5421  EGB        =     -112.0523
 1-4 VDW =       12.2198  1-4 EEL =     -212.6427  RESTRAINT  =        0.0000


   NSTEP       ENERGY          RMS            GMAX         NAME    NUMBER
     48      -2.9371E+02     7.6264E-01     2.6590E+00     C7A        22

 BOND    =        3.0139  ANGLE   =       17.2374  DIHED      =       20.7605
 VDWAALS =       -5.7047  EEL     =      -16.4337  EGB        =     -112.0659
 1-4 VDW =       12.2208  1-4 EEL =     -212.7380  RESTRAINT  =        0.0000


   NSTEP       ENERGY          RMS            GMAX         NAME    NUMBER
     49      -2.9375E+02     1.1047E+00     4.2726E+00     C7A        22

 BOND    =        2.8700  ANGLE   =       17.3606  DIHED      =       20.7561
 VDWAALS =       -5.7240  EEL     =      -16.2549  EGB        =     -112.0491
 1-4 VDW =       12.2204  1-4 EEL =     -212.9273  RESTRAINT  =        0.0000


   NSTEP       ENERGY          RMS            GMAX         NAME    NUMBER
     50      -2.9377E+02     1.4906E+00     7.2582E+00     C7A        22

 BOND    =        3.1845  ANGLE   =       17.1509  DIHED      =       20.7517
 VDWAALS =       -5.7483  EEL     =      -16.1596  EGB        =     -112.1480
 1-4 VDW =       12.1846  1-4 EEL =     -212.9811  RESTRAINT  =        0.0000


   NSTEP       ENERGY          RMS            GMAX         NAME    NUMBER
     51      -2.9378E+02     1.7661E+00     8.2906E+00     C7A        22

 BOND    =        2.8342  ANGLE   =       17.4488  DIHED      =       20.7481
 VDWAALS =       -5.7552  EEL     =      -15.9980  EGB        =     -112.0960
 1-4 VDW =       12.2032  1-4 EEL =     -213.1647  RESTRAINT  =        0.0000


   NSTEP       ENERGY          RMS            GMAX         NAME    NUMBER
     52      -2.9211E+02     8.2913E+00     4.3276E+01     C7A        22

 BOND    =        5.4518  ANGLE   =       16.8360  DIHED      =       20.7406
 VDWAALS =       -5.8263  EEL     =      -15.9072  EGB        =     -112.3264
 1-4 VDW =       12.0972  1-4 EEL =     -213.1765  RESTRAINT  =        0.0000


   NSTEP       ENERGY          RMS            GMAX         NAME    NUMBER
     53      -2.9387E+02     5.9715E-01     2.1780E+00     OX1        18

 BOND    =        3.0106  ANGLE   =       17.2414  DIHED      =       20.7467
 VDWAALS =       -5.7687  EEL     =      -15.9808  EGB        =     -112.1382
 1-4 VDW =       12.1827  1-4 EEL =     -213.1669  RESTRAINT  =        0.0000


   NSTEP       ENERGY          RMS            GMAX         NAME    NUMBER
     54      -2.9389E+02     5.7629E-01     2.1450E+00     OX1        18

 BOND    =        3.0152  ANGLE   =       17.2471  DIHED      =       20.7444
 VDWAALS =       -5.7765  EEL     =      -15.9138  EGB        =     -112.1633
 1-4 VDW =       12.1749  1-4 EEL =     -213.2222  RESTRAINT  =        0.0000


   NSTEP       ENERGY          RMS            GMAX         NAME    NUMBER
     55      -2.9400E+02     1.8827E+00     1.0210E+01     C4         24

 BOND    =        3.1236  ANGLE   =       17.3201  DIHED      =       20.7243
 VDWAALS =       -5.8459  EEL     =      -15.2972  EGB        =     -112.3960
 1-4 VDW =       12.1033  1-4 EEL =     -213.7321  RESTRAINT  =        0.0000


   NSTEP       ENERGY          RMS            GMAX         NAME    NUMBER
     56      -2.9421E+02     1.6285E+00     8.4533E+00     C4         24

 BOND    =        3.1600  ANGLE   =       17.3194  DIHED      =       20.7036
 VDWAALS =       -5.9306  EEL     =      -14.6556  EGB        =     -112.5258
 1-4 VDW =       12.0497  1-4 EEL =     -214.3319  RESTRAINT  =        0.0000


   NSTEP       ENERGY          RMS            GMAX         NAME    NUMBER
     57      -2.9489E+02     1.8140E+00     8.2323E+00     C6         20

 BOND    =        3.6946  ANGLE   =       17.7248  DIHED      =       20.5914
 VDWAALS =       -6.3702  EEL     =      -10.2697  EGB        =     -113.4613
 1-4 VDW =       11.7442  1-4 EEL =     -218.5457  RESTRAINT  =        0.0000


   NSTEP       ENERGY          RMS            GMAX         NAME    NUMBER
     58      -2.9157E+02     1.0637E+01     5.1201E+01     C6         20

 BOND    =        7.1526  ANGLE   =       18.7371  DIHED      =       20.5237
 VDWAALS =       -6.5683  EEL     =       -6.0214  EGB        =     -113.7037
 1-4 VDW =       11.4026  1-4 EEL =     -223.0938  RESTRAINT  =        0.0000


   NSTEP       ENERGY          RMS            GMAX         NAME    NUMBER
     59      -2.9499E+02     5.9585E-01     2.8217E+00     OX2        19

 BOND    =        3.7762  ANGLE   =       17.7282  DIHED      =       20.5769
 VDWAALS =       -6.4109  EEL     =       -9.6359  EGB        =     -113.5011
 1-4 VDW =       11.6882  1-4 EEL =     -219.2134  RESTRAINT  =        0.0000


   NSTEP       ENERGY          RMS            GMAX         NAME    NUMBER
     60      -2.9501E+02     4.5592E-01     1.7275E+00     OX2        19

 BOND    =        3.7380  ANGLE   =       17.7387  DIHED      =       20.5710
 VDWAALS =       -6.4174  EEL     =       -9.6444  EGB        =     -113.4943
 1-4 VDW =       11.6888  1-4 EEL =     -219.1924  RESTRAINT  =        0.0000


   NSTEP       ENERGY          RMS            GMAX         NAME    NUMBER
     61      -2.9503E+02     6.3935E-01     3.7000E+00     C          17

 BOND    =        3.6780  ANGLE   =       17.7642  DIHED      =       20.5583
 VDWAALS =       -6.4317  EEL     =       -9.6630  EGB        =     -113.4798
 1-4 VDW =       11.6901  1-4 EEL =     -219.1462  RESTRAINT  =        0.0000


   NSTEP       ENERGY          RMS            GMAX         NAME    NUMBER
     62      -2.9507E+02     7.4816E-01     4.0965E+00     CA         10

 BOND    =        3.5073  ANGLE   =       17.9430  DIHED      =       20.5446
 VDWAALS =       -6.4510  EEL     =       -9.6233  EGB        =     -113.7103
 1-4 VDW =       11.7064  1-4 EEL =     -218.9870  RESTRAINT  =        0.0000


   NSTEP       ENERGY          RMS            GMAX         NAME    NUMBER
     63      -2.9507E+02     7.8580E-01     4.2364E+00     CA         10

 BOND    =        3.4997  ANGLE   =       17.9530  DIHED      =       20.5439
 VDWAALS =       -6.4520  EEL     =       -9.6213  EGB        =     -113.7220
 1-4 VDW =       11.7072  1-4 EEL =     -218.9789  RESTRAINT  =        0.0000


   NSTEP       ENERGY          RMS            GMAX         NAME    NUMBER
     64      -2.9513E+02     6.5848E-01     3.2923E+00     C          17

 BOND    =        3.4002  ANGLE   =       17.9932  DIHED      =       20.5315
 VDWAALS =       -6.4829  EEL     =       -9.5916  EGB        =     -113.8423
 1-4 VDW =       11.7253  1-4 EEL =     -218.8613  RESTRAINT  =        0.0000


   NSTEP       ENERGY          RMS            GMAX         NAME    NUMBER
     65      -2.9514E+02     9.7631E-01     4.2241E+00     C          17

 BOND    =        3.3492  ANGLE   =       18.0300  DIHED      =       20.5234
 VDWAALS =       -6.5037  EEL     =       -9.5710  EGB        =     -113.9267
 1-4 VDW =       11.7382  1-4 EEL =     -218.7790  RESTRAINT  =        0.0000


   NSTEP       ENERGY          RMS            GMAX         NAME    NUMBER
     66      -2.9523E+02     9.3903E-01     6.6660E+00     CA         10

 BOND    =        3.3375  ANGLE   =       17.9835  DIHED      =       20.4778
 VDWAALS =       -6.5467  EEL     =       -9.5180  EGB        =     -113.9866
 1-4 VDW =       11.7517  1-4 EEL =     -218.7322  RESTRAINT  =        0.0000


   NSTEP       ENERGY          RMS            GMAX         NAME    NUMBER
     67      -2.9525E+02     1.3321E+00     9.0788E+00     CA         10

 BOND    =        3.3560  ANGLE   =       17.9686  DIHED      =       20.4555
 VDWAALS =       -6.5675  EEL     =       -9.4909  EGB        =     -114.0175
 1-4 VDW =       11.7591  1-4 EEL =     -218.7084  RESTRAINT  =        0.0000


   NSTEP       ENERGY          RMS            GMAX         NAME    NUMBER
     68      -2.9540E+02     8.7470E-01     5.3511E+00     CA         10

 BOND    =        3.3893  ANGLE   =       17.7325  DIHED      =       20.3834
 VDWAALS =       -6.6267  EEL     =       -9.3629  EGB        =     -114.0792
 1-4 VDW =       11.7705  1-4 EEL =     -218.6069  RESTRAINT  =        0.0000


   NSTEP       ENERGY          RMS            GMAX         NAME    NUMBER
     69      -2.9544E+02     1.1574E+00     6.8442E+00     N           9

 BOND    =        3.4596  ANGLE   =       17.5725  DIHED      =       20.3280
 VDWAALS =       -6.6702  EEL     =       -9.2557  EGB        =     -114.1320
 1-4 VDW =       11.7816  1-4 EEL =     -218.5229  RESTRAINT  =        0.0000


   NSTEP       ENERGY          RMS            GMAX         NAME    NUMBER
     70      -2.9550E+02     1.4505E+00     4.5481E+00     C7A        22

 BOND    =        3.0735  ANGLE   =       17.5531  DIHED      =       20.3099
 VDWAALS =       -6.7119  EEL     =       -9.2109  EGB        =     -114.2340
 1-4 VDW =       11.7624  1-4 EEL =     -218.0389  RESTRAINT  =        0.0000


   NSTEP       ENERGY          RMS            GMAX         NAME    NUMBER
     71      -2.9553E+02     8.2756E-01     2.9985E+00     OX1        18

 BOND    =        3.1807  ANGLE   =       17.5464  DIHED      =       20.3153
 VDWAALS =       -6.6974  EEL     =       -9.2282  EGB        =     -114.1953
 1-4 VDW =       11.7692  1-4 EEL =     -218.2197  RESTRAINT  =        0.0000


   NSTEP       ENERGY          RMS            GMAX         NAME    NUMBER
     72      -2.9558E+02     6.8156E-01     2.4929E+00     N           9

 BOND    =        3.1002  ANGLE   =       17.4376  DIHED      =       20.3188
 VDWAALS =       -6.7013  EEL     =       -9.3161  EGB        =     -114.2126
 1-4 VDW =       11.7948  1-4 EEL =     -218.0008  RESTRAINT  =        0.0000


   NSTEP       ENERGY          RMS            GMAX         NAME    NUMBER
     73      -2.9558E+02     7.6074E-01     2.9191E+00     N           9

 BOND    =        3.0931  ANGLE   =       17.4239  DIHED      =       20.3193
 VDWAALS =       -6.7018  EEL     =       -9.3286  EGB        =     -114.2151
 1-4 VDW =       11.7985  1-4 EEL =     -217.9696  RESTRAINT  =        0.0000


   NSTEP       ENERGY          RMS            GMAX         NAME    NUMBER
     74      -2.9563E+02     7.1484E-01     3.7214E+00     CA         10

 BOND    =        3.0453  ANGLE   =       17.3472  DIHED      =       20.3099
 VDWAALS =       -6.7029  EEL     =       -9.5057  EGB        =     -114.2462
 1-4 VDW =       11.8022  1-4 EEL =     -217.6751  RESTRAINT  =        0.0000


   NSTEP       ENERGY          RMS            GMAX         NAME    NUMBER
     75      -2.9563E+02     7.3973E-01     3.8977E+00     CA         10

 BOND    =        3.0446  ANGLE   =       17.3447  DIHED      =       20.3096
 VDWAALS =       -6.7029  EEL     =       -9.5126  EGB        =     -114.2474
 1-4 VDW =       11.8023  1-4 EEL =     -217.6637  RESTRAINT  =        0.0000


   NSTEP       ENERGY          RMS            GMAX         NAME    NUMBER
     76      -2.9564E+02     5.9304E-01     2.9681E+00     CA         10

 BOND    =        3.0437  ANGLE   =       17.3426  DIHED      =       20.3094
 VDWAALS =       -6.7029  EEL     =       -9.5087  EGB        =     -114.2400
 1-4 VDW =       11.8035  1-4 EEL =     -217.6835  RESTRAINT  =        0.0000


   NSTEP       ENERGY          RMS            GMAX         NAME    NUMBER
     77      -2.9565E+02     4.8155E-01     2.0032E+00     CA         10

 BOND    =        3.0462  ANGLE   =       17.3388  DIHED      =       20.3091
 VDWAALS =       -6.7032  EEL     =       -9.5029  EGB        =     -114.2327
 1-4 VDW =       11.8043  1-4 EEL =     -217.7057  RESTRAINT  =        0.0000


   NSTEP       ENERGY          RMS            GMAX         NAME    NUMBER
     78      -2.9566E+02     4.0913E-01     1.4368E+00     CB         11

 BOND    =        3.0528  ANGLE   =       17.3330  DIHED      =       20.3085
 VDWAALS =       -6.7040  EEL     =       -9.4943  EGB        =     -114.2272
 1-4 VDW =       11.8046  1-4 EEL =     -217.7295  RESTRAINT  =        0.0000


   NSTEP       ENERGY          RMS            GMAX         NAME    NUMBER
     79      -2.9567E+02     3.6064E-01     1.2499E+00     HN         34

 BOND    =        3.0627  ANGLE   =       17.3266  DIHED      =       20.3077
 VDWAALS =       -6.7053  EEL     =       -9.4822  EGB        =     -114.2244
 1-4 VDW =       11.8044  1-4 EEL =     -217.7561  RESTRAINT  =        0.0000


   NSTEP       ENERGY          RMS            GMAX         NAME    NUMBER
     80      -2.9228E+02     5.6930E+00     2.9201E+01     CB         11

 BOND    =        5.8234  ANGLE   =       19.1445  DIHED      =       20.4026
 VDWAALS =       -6.7971  EEL     =       -8.1677  EGB        =     -114.1987
 1-4 VDW =       11.9405  1-4 EEL =     -220.4238  RESTRAINT  =        0.0000


   NSTEP       ENERGY          RMS            GMAX         NAME    NUMBER
     81      -2.9572E+02     5.5863E-01     2.3426E+00     CB         11

 BOND    =        3.1869  ANGLE   =       17.3046  DIHED      =       20.3054
 VDWAALS =       -6.7204  EEL     =       -9.3317  EGB        =     -114.2134
 1-4 VDW =       11.8077  1-4 EEL =     -218.0629  RESTRAINT  =        0.0000


   NSTEP       ENERGY          RMS            GMAX         NAME    NUMBER
     82      -2.9579E+02     4.6200E-01     2.0499E+00     CA         10

 BOND    =        3.1431  ANGLE   =       17.3221  DIHED      =       20.3347
 VDWAALS =       -6.7375  EEL     =       -9.1704  EGB        =     -114.2358
 1-4 VDW =       11.8222  1-4 EEL =     -218.2666  RESTRAINT  =        0.0000


   NSTEP       ENERGY          RMS            GMAX         NAME    NUMBER
     83      -2.9579E+02     5.2279E-01     2.1684E+00     CA         10

 BOND    =        3.1406  ANGLE   =       17.3285  DIHED      =       20.3393
 VDWAALS =       -6.7399  EEL     =       -9.1471  EGB        =     -114.2392
 1-4 VDW =       11.8245  1-4 EEL =     -218.2960  RESTRAINT  =        0.0000


   NSTEP       ENERGY          RMS            GMAX         NAME    NUMBER
     84      -2.9573E+02     1.8760E+00     1.0876E+01     C          17

 BOND    =        3.2000  ANGLE   =       17.4431  DIHED      =       20.3353
 VDWAALS =       -6.7575  EEL     =       -8.9839  EGB        =     -114.1930
 1-4 VDW =       11.7560  1-4 EEL =     -218.5330  RESTRAINT  =        0.0000


   NSTEP       ENERGY          RMS            GMAX         NAME    NUMBER
     85      -2.9581E+02     5.2501E-01     2.7883E+00     C          17

 BOND    =        3.1308  ANGLE   =       17.3595  DIHED      =       20.3373
 VDWAALS =       -6.7459  EEL     =       -9.0924  EGB        =     -114.2235
 1-4 VDW =       11.8011  1-4 EEL =     -218.3755  RESTRAINT  =        0.0000


   NSTEP       ENERGY          RMS            GMAX         NAME    NUMBER
     86      -2.9583E+02     4.8914E-01     2.1864E+00     C          17

 BOND    =        3.1960  ANGLE   =       17.2660  DIHED      =       20.3263
 VDWAALS =       -6.7587  EEL     =       -9.0412  EGB        =     -114.1688
 1-4 VDW =       11.7790  1-4 EEL =     -218.4262  RESTRAINT  =        0.0000


   NSTEP       ENERGY          RMS            GMAX         NAME    NUMBER
     87      -2.9583E+02     4.7365E-01     2.0435E+00     C          17

 BOND    =        3.1936  ANGLE   =       17.2688  DIHED      =       20.3266
 VDWAALS =       -6.7583  EEL     =       -9.0428  EGB        =     -114.1705
 1-4 VDW =       11.7797  1-4 EEL =     -218.4246  RESTRAINT  =        0.0000


   NSTEP       ENERGY          RMS            GMAX         NAME    NUMBER
     88      -2.9585E+02     3.6655E-01     1.4231E+00     C          17

 BOND    =        3.2845  ANGLE   =       17.2039  DIHED      =       20.3144
 VDWAALS =       -6.7711  EEL     =       -8.9788  EGB        =     -114.1321
 1-4 VDW =       11.7610  1-4 EEL =     -218.5326  RESTRAINT  =        0.0000


   NSTEP       ENERGY          RMS            GMAX         NAME    NUMBER
     89      -2.9586E+02     5.5730E-01     3.0362E+00     C          17

 BOND    =        3.3830  ANGLE   =       17.1459  DIHED      =       20.3027
 VDWAALS =       -6.7837  EEL     =       -8.9157  EGB        =     -114.0946
 1-4 VDW =       11.7429  1-4 EEL =     -218.6391  RESTRAINT  =        0.0000


   NSTEP       ENERGY          RMS            GMAX         NAME    NUMBER
     90      -2.9589E+02     6.2345E-01     2.8043E+00     OX2        19

 BOND    =        3.4308  ANGLE   =       17.1686  DIHED      =       20.2933
 VDWAALS =       -6.8186  EEL     =       -8.7735  EGB        =     -114.2300
 1-4 VDW =       11.6958  1-4 EEL =     -218.6528  RESTRAINT  =        0.0000


   NSTEP       ENERGY          RMS            GMAX         NAME    NUMBER
     91      -2.9589E+02     5.6070E-01     2.5663E+00     OX2        19

 BOND    =        3.4241  ANGLE   =       17.1657  DIHED      =       20.2941
 VDWAALS =       -6.8153  EEL     =       -8.7872  EGB        =     -114.2169
 1-4 VDW =       11.7003  1-4 EEL =     -218.6515  RESTRAINT  =        0.0000


   NSTEP       ENERGY          RMS            GMAX         NAME    NUMBER
     92      -2.9592E+02     5.1056E-01     1.9510E+00     N           9

 BOND    =        3.3591  ANGLE   =       17.2185  DIHED      =       20.2821
 VDWAALS =       -6.8491  EEL     =       -8.6801  EGB        =     -114.3228
 1-4 VDW =       11.6914  1-4 EEL =     -218.6193  RESTRAINT  =        0.0000


   NSTEP       ENERGY          RMS            GMAX         NAME    NUMBER
     93      -2.9592E+02     6.1157E-01     2.4387E+00     N           9

 BOND    =        3.3490  ANGLE   =       17.2319  DIHED      =       20.2796
 VDWAALS =       -6.8565  EEL     =       -8.6564  EGB        =     -114.3464
 1-4 VDW =       11.6896  1-4 EEL =     -218.6120  RESTRAINT  =        0.0000


   NSTEP       ENERGY          RMS            GMAX         NAME    NUMBER
     94      -2.9594E+02     7.4594E-01     3.1049E+00     C4         24

 BOND    =        3.3239  ANGLE   =       17.3098  DIHED      =       20.2369
 VDWAALS =       -6.9035  EEL     =       -8.6510  EGB        =     -114.3431
 1-4 VDW =       11.6667  1-4 EEL =     -218.5825  RESTRAINT  =        0.0000


   NSTEP       ENERGY          RMS            GMAX         NAME    NUMBER
     95      -2.9595E+02     5.1356E-01     1.8494E+00     C          17

 BOND    =        3.3242  ANGLE   =       17.2857  DIHED      =       20.2485
 VDWAALS =       -6.8907  EEL     =       -8.6524  EGB        =     -114.3439
 1-4 VDW =       11.6729  1-4 EEL =     -218.5907  RESTRAINT  =        0.0000


   NSTEP       ENERGY          RMS            GMAX         NAME    NUMBER
     96      -2.9597E+02     5.0598E-01     1.8561E+00     C          17

 BOND    =        3.3332  ANGLE   =       17.3513  DIHED      =       20.2217
 VDWAALS =       -6.9100  EEL     =       -8.6174  EGB        =     -114.4431
 1-4 VDW =       11.6585  1-4 EEL =     -218.5610  RESTRAINT  =        0.0000


   NSTEP       ENERGY          RMS            GMAX         NAME    NUMBER
     97      -2.9597E+02     5.6862E-01     2.1801E+00     C          17

 BOND    =        3.3359  ANGLE   =       17.3608  DIHED      =       20.2182
 VDWAALS =       -6.9125  EEL     =       -8.6128  EGB        =     -114.4562
 1-4 VDW =       11.6566  1-4 EEL =     -218.5570  RESTRAINT  =        0.0000


   NSTEP       ENERGY          RMS            GMAX         NAME    NUMBER
     98      -2.9600E+02     4.5339E-01     1.4148E+00     C          17

 BOND    =        3.3354  ANGLE   =       17.3827  DIHED      =       20.2027
 VDWAALS =       -6.9326  EEL     =       -8.6252  EGB        =     -114.5132
 1-4 VDW =       11.6601  1-4 EEL =     -218.5074  RESTRAINT  =        0.0000


   NSTEP       ENERGY          RMS            GMAX         NAME    NUMBER
     99      -2.9601E+02     6.9902E-01     2.9535E+00     CB         11

 BOND    =        3.3469  ANGLE   =       17.4095  DIHED      =       20.1890
 VDWAALS =       -6.9513  EEL     =       -8.6371  EGB        =     -114.5668
 1-4 VDW =       11.6634  1-4 EEL =     -218.4605  RESTRAINT  =        0.0000


   NSTEP       ENERGY          RMS            GMAX         NAME    NUMBER
    100      -2.9606E+02     7.0078E-01     3.5731E+00     CA         10

 BOND    =        3.3192  ANGLE   =       17.3828  DIHED      =       20.1724
 VDWAALS =       -6.9861  EEL     =       -8.6947  EGB        =     -114.5731
 1-4 VDW =       11.6266  1-4 EEL =     -218.3098  RESTRAINT  =        0.0000


  Maximum number of minimization cycles reached.


                    FINAL RESULTS



   NSTEP       ENERGY          RMS            GMAX         NAME    NUMBER
    100      -2.9606E+02     7.0078E-01     3.5731E+00     CA         10

 BOND    =        3.3192  ANGLE   =       17.3828  DIHED      =       20.1724
 VDWAALS =       -6.9861  EEL     =       -8.6947  EGB        =     -114.5731
 1-4 VDW =       11.6266  1-4 EEL =     -218.3098  RESTRAINT  =        0.0000

--------------------------------------------------------------------------------
   5.  TIMINGS
--------------------------------------------------------------------------------

|    Read coords time           0.00 ( 0.80% of Total)
|                Calc gb radii              0.02 (27.02% of Gen B)
|                Calc gb diag               0.04 (40.54% of Gen B)
|                Calc gb off-diag           0.03 (32.25% of Gen B)
|                Other                      0.00 ( 0.19% of Gen B)
|             Gen Born time              0.09 (100.0% of Nonbo)
|             IPS excludes               0.00 ( 0.03% of Nonbo)
|          Nonbond force              0.09 (87.78% of Force)
|          Bond/Angle/Dihedral        0.01 (11.77% of Force)
|          Other                      0.00 ( 0.45% of Force)
|       Force time                 0.10 (100.0% of Runmd)
|    Runmd Time                 0.10 (26.65% of Total)
|    Other                      0.28 (72.54% of Total)
| Total time                 0.39 (100.0% of ALL  )

| Number of list builds   :          0

| Highest rstack allocated:          0
| Highest istack allocated:          0
|           Job began  at 21:32:23.711  on 12/05/2014
|           Setup done at 21:32:23.723  on 12/05/2014
|           Run   done at 21:32:24.100  on 12/05/2014
|     wallclock() was called    1828 times
