
          -------------------------------------------------------
          Amber 14 SANDER                              2014
          -------------------------------------------------------

| Run on 05/22/2015 at 14:37:29

|   Executable path: sander
| Working directory: /net/chevy/raid1/nigel/amber/library/amber_library/k
|          Hostname: chevy.lbl.gov

  [-O]verwriting output

File Assignments:
|  MDIN: sander.in                                                             
| MDOUT: K13.min.out                                                           
|INPCRD: K13.rst7                                                              
|  PARM: K13.prmtop                                                            
|RESTRT: K13.min.rst7                                                          
|  REFC: refc                                                                  
| MDVEL: mdvel                                                                 
| MDFRC: mdfrc                                                                 
|  MDEN: mden                                                                  
| MDCRD: mdcrd                                                                 
|MDINFO: mdinfo                                                                
|  MTMD: mtmd                                                                  
|INPDIP: inpdip                                                                
|RSTDIP: rstdip                                                                
|INPTRA: inptraj                                                               


 Here is the input file:

  short minimization                                                           
 &cntrl                                                                        
   imin=1, maxcyc=100, ncyc=50, ntpr=1, cut=99., ntb=0,                        
 /                                                                             

--------------------------------------------------------------------------------
   1.  RESOURCE   USE: 
--------------------------------------------------------------------------------

| Flags:                                                                        
|    NONPERIODIC   ntb=0 and igb=0: Setting up nonperiodic simulation
|  *** cutoff > system size, list only builds once
|Largest sphere to fit in unit cell has radius =    35.400
| New format PARM file being parsed.
| Version =    1.000 Date = 05/22/15 Time = 14:37:29
 NATOM  =      80 NTYPES =      14 NBONH =      41 MBONA  =      41
 NTHETH =      94 MTHETA =      54 NPHIH =     178 MPHIA  =      99
 NHPARM =       0 NPARM  =       0 NNB   =     445 NRES   =       1
 NBONA  =      41 NTHETA =      54 NPHIA =      99 NUMBND =      22
 NUMANG =      40 NPTRA  =      29 NATYP =      17 NPHB   =       0
 IFBOX  =       0 NMXRS  =      80 IFCAP =       0 NEXTRA =       0
 NCOPY  =       0


|     Memory Use     Allocated
|     Real               10737
|     Hollerith            243
|     Integer            35952
|     Max Pairs           3160
|     nblistReal           960
|     nblist Int       1211615
|       Total             4977 kbytes

| Note: 1-4 EEL scale factors are being read from the topology file.

| Note: 1-4 VDW scale factors are being read from the topology file.
| Duplicated    0 dihedrals
| Duplicated    0 dihedrals

--------------------------------------------------------------------------------
   2.  CONTROL  DATA  FOR  THE  RUN
--------------------------------------------------------------------------------

K13                                                                             

General flags:
     imin    =       1, nmropt  =       0

Nature and format of input:
     ntx     =       1, irest   =       0, ntrx    =       1

Nature and format of output:
     ntxo    =       1, ntpr    =       1, ntrx    =       1, ntwr    =     500
     iwrap   =       0, ntwx    =       0, ntwv    =       0, ntwe    =       0
     ioutfm  =       0, ntwprt  =       0, idecomp =       0, rbornstat=      0

Potential function:
     ntf     =       1, ntb     =       0, igb     =       0, nsnb    =      25
     ipol    =       0, gbsa    =       0, iesp    =       0
     dielc   =   1.00000, cut     =  99.00000, intdiel =   1.00000

Frozen or restrained atoms:
     ibelly  =       0, ntr     =       0

Energy minimization:
     maxcyc  =     100, ncyc    =      50, ntmin   =       1
     dx0     =   0.01000, drms    =   0.00010
|  INFO: Old style inpcrd file read


--------------------------------------------------------------------------------
   3.  ATOMIC COORDINATES AND VELOCITIES
--------------------------------------------------------------------------------

K13                                                                             
 begin time read from input coords =     0.000 ps

 Number of triangulated 3-point waters found:        0

     Sum of charges from parm topology file =   1.99500000

--------------------------------------------------------------------------------
   4.  RESULTS
--------------------------------------------------------------------------------

 ---------------------------------------------------

     eedmeth=4: Setting switch to one everywhere

 ---------------------------------------------------
| Local SIZE OF NONBOND LIST =       2729
| TOTAL SIZE OF NONBOND LIST =       2729


   NSTEP       ENERGY          RMS            GMAX         NAME    NUMBER
      1       1.2039E+02     2.7288E+01     1.6531E+02     C5          5

 BOND    =       52.9657  ANGLE   =       24.8276  DIHED      =       51.4281
 VDWAALS =       22.7205  EEL     =       56.2530  HBOND      =        0.0000
 1-4 VDW =       16.0554  1-4 EEL =     -103.8604  RESTRAINT  =        0.0000


   NSTEP       ENERGY          RMS            GMAX         NAME    NUMBER
      2       1.1830E+02     2.6645E+01     1.6153E+02     C5          5

 BOND    =       51.4637  ANGLE   =       24.5984  DIHED      =       51.4250
 VDWAALS =       22.3381  EEL     =       56.3079  HBOND      =        0.0000
 1-4 VDW =       16.0671  1-4 EEL =     -103.8990  RESTRAINT  =        0.0000


   NSTEP       ENERGY          RMS            GMAX         NAME    NUMBER
      3       1.1586E+02     2.5886E+01     1.5703E+02     C5          5

 BOND    =       49.7072  ANGLE   =       24.3386  DIHED      =       51.4213
 VDWAALS =       21.8828  EEL     =       56.3738  HBOND      =        0.0000
 1-4 VDW =       16.0817  1-4 EEL =     -103.9455  RESTRAINT  =        0.0000


   NSTEP       ENERGY          RMS            GMAX         NAME    NUMBER
      4       1.1302E+02     2.4993E+01     1.5167E+02     C5          5

 BOND    =       47.6641  ANGLE   =       24.0484  DIHED      =       51.4170
 VDWAALS =       21.3415  EEL     =       56.4532  HBOND      =        0.0000
 1-4 VDW =       16.0999  1-4 EEL =     -104.0014  RESTRAINT  =        0.0000


   NSTEP       ENERGY          RMS            GMAX         NAME    NUMBER
      5       1.0975E+02     2.3947E+01     1.4531E+02     C5          5

 BOND    =       45.3034  ANGLE   =       23.7307  DIHED      =       51.4119
 VDWAALS =       20.6991  EEL     =       56.5486  HBOND      =        0.0000
 1-4 VDW =       16.1228  1-4 EEL =     -104.0688  RESTRAINT  =        0.0000


   NSTEP       ENERGY          RMS            GMAX         NAME    NUMBER
      6       1.0600E+02     2.2729E+01     1.3778E+02     C5          5

 BOND    =       42.5977  ANGLE   =       23.3924  DIHED      =       51.4060
 VDWAALS =       19.9387  EEL     =       56.6634  HBOND      =        0.0000
 1-4 VDW =       16.1518  1-4 EEL =     -104.1500  RESTRAINT  =        0.0000


   NSTEP       ENERGY          RMS            GMAX         NAME    NUMBER
      7       1.0176E+02     2.1324E+01     1.2889E+02     C5          5

 BOND    =       39.5272  ANGLE   =       23.0458  DIHED      =       51.3991
 VDWAALS =       19.0411  EEL     =       56.8017  HBOND      =        0.0000
 1-4 VDW =       16.1888  1-4 EEL =     -104.2478  RESTRAINT  =        0.0000


   NSTEP       ENERGY          RMS            GMAX         NAME    NUMBER
      8       9.7012E+01     1.9723E+01     1.1848E+02     C5          5

 BOND    =       36.0848  ANGLE   =       22.7112  DIHED      =       51.3913
 VDWAALS =       17.9855  EEL     =       56.9682  HBOND      =        0.0000
 1-4 VDW =       16.2362  1-4 EEL =     -104.3654  RESTRAINT  =        0.0000


   NSTEP       ENERGY          RMS            GMAX         NAME    NUMBER
      9       9.1792E+01     1.7925E+01     1.0638E+02     C5          5

 BOND    =       32.2825  ANGLE   =       22.4178  DIHED      =       51.3825
 VDWAALS =       16.7501  EEL     =       57.1685  HBOND      =        0.0000
 1-4 VDW =       16.2973  1-4 EEL =     -104.5065  RESTRAINT  =        0.0000


   NSTEP       ENERGY          RMS            GMAX         NAME    NUMBER
     10       8.6160E+01     1.5950E+01     9.2526E+01     C5          5

 BOND    =       28.1588  ANGLE   =       22.2038  DIHED      =       51.3730
 VDWAALS =       15.3139  EEL     =       57.4092  HBOND      =        0.0000
 1-4 VDW =       16.3761  1-4 EEL =     -104.6750  RESTRAINT  =        0.0000


   NSTEP       ENERGY          RMS            GMAX         NAME    NUMBER
     11       8.0221E+01     1.3841E+01     7.6976E+01     C5          5

 BOND    =       23.7874  ANGLE   =       22.1108  DIHED      =       51.3631
 VDWAALS =       13.6600  EEL     =       57.6973  HBOND      =        0.0000
 1-4 VDW =       16.4773  1-4 EEL =     -104.8746  RESTRAINT  =        0.0000


   NSTEP       ENERGY          RMS            GMAX         NAME    NUMBER
     12       7.4129E+01     1.1665E+01     6.3669E+01     O9          9

 BOND    =       19.2876  ANGLE   =       22.1689  DIHED      =       51.3539
 VDWAALS =       11.7814  EEL     =       58.0392  HBOND      =        0.0000
 1-4 VDW =       16.6052  1-4 EEL =     -105.1075  RESTRAINT  =        0.0000


   NSTEP       ENERGY          RMS            GMAX         NAME    NUMBER
     13       6.8073E+01     9.5017E+00     5.3349E+01     O9          9

 BOND    =       14.8419  ANGLE   =       22.3685  DIHED      =       51.3473
 VDWAALS =        9.6893  EEL     =       58.4384  HBOND      =        0.0000
 1-4 VDW =       16.7604  1-4 EEL =     -105.3731  RESTRAINT  =        0.0000


   NSTEP       ENERGY          RMS            GMAX         NAME    NUMBER
     14       6.2274E+01     7.4341E+00     4.1431E+01     O9          9

 BOND    =       10.7180  ANGLE   =       22.6312  DIHED      =       51.3471
 VDWAALS =        7.4186  EEL     =       58.8924  HBOND      =        0.0000
 1-4 VDW =       16.9344  1-4 EEL =     -105.6675  RESTRAINT  =        0.0000


   NSTEP       ENERGY          RMS            GMAX         NAME    NUMBER
     15       5.6955E+01     5.5862E+00     3.6654E+01     S8          8

 BOND    =        7.2527  ANGLE   =       22.8229  DIHED      =       51.3606
 VDWAALS =        5.0183  EEL     =       59.3898  HBOND      =        0.0000
 1-4 VDW =       17.0980  1-4 EEL =     -105.9877  RESTRAINT  =        0.0000


   NSTEP       ENERGY          RMS            GMAX         NAME    NUMBER
     16       5.2222E+01     4.1627E+00     3.1042E+01     S8          8

 BOND    =        4.7202  ANGLE   =       22.8138  DIHED      =       51.4030
 VDWAALS =        2.5285  EEL     =       59.9122  HBOND      =        0.0000
 1-4 VDW =       17.1850  1-4 EEL =     -106.3404  RESTRAINT  =        0.0000


   NSTEP       ENERGY          RMS            GMAX         NAME    NUMBER
     17       4.7896E+01     3.2810E+00     2.4119E+01     S8          8

 BOND    =        3.2481  ANGLE   =       22.3515  DIHED      =       51.5016
 VDWAALS =       -0.0221  EEL     =       60.4542  HBOND      =        0.0000
 1-4 VDW =       17.0934  1-4 EEL =     -106.7310  RESTRAINT  =        0.0000


   NSTEP       ENERGY          RMS            GMAX         NAME    NUMBER
     18       4.3673E+01     2.7284E+00     2.1249E+01     S8          8

 BOND    =        2.5423  ANGLE   =       21.2729  DIHED      =       51.6905
 VDWAALS =       -2.5826  EEL     =       61.0794  HBOND      =        0.0000
 1-4 VDW =       16.8414  1-4 EEL =     -107.1704  RESTRAINT  =        0.0000


   NSTEP       ENERGY          RMS            GMAX         NAME    NUMBER
     19       3.9564E+01     2.8828E+00     1.9742E+01     S8          8

 BOND    =        2.3390  ANGLE   =       19.7445  DIHED      =       52.0226
 VDWAALS =       -5.1669  EEL     =       61.8144  HBOND      =        0.0000
 1-4 VDW =       16.4576  1-4 EEL =     -107.6470  RESTRAINT  =        0.0000


   NSTEP       ENERGY          RMS            GMAX         NAME    NUMBER
     20       4.3189E+01     1.3616E+01     9.7812E+01     C2          2

 BOND    =        6.9560  ANGLE   =       19.3868  DIHED      =       52.4249
 VDWAALS =       -7.0574  EEL     =       63.0076  HBOND      =        0.0000
 1-4 VDW =       16.6565  1-4 EEL =     -108.1850  RESTRAINT  =        0.0000


   NSTEP       ENERGY          RMS            GMAX         NAME    NUMBER
     21       3.5749E+01     2.6201E+00     2.0478E+01     S8          8

 BOND    =        2.1470  ANGLE   =       17.3845  DIHED      =       52.4635
 VDWAALS =       -7.2722  EEL     =       62.7993  HBOND      =        0.0000
 1-4 VDW =       16.2342  1-4 EEL =     -108.0068  RESTRAINT  =        0.0000


   NSTEP       ENERGY          RMS            GMAX         NAME    NUMBER
     22       3.5980E+01     7.1544E+00     3.8119E+01     C3          3

 BOND    =        3.4765  ANGLE   =       17.4680  DIHED      =       52.6206
 VDWAALS =       -8.2727  EEL     =       63.0198  HBOND      =        0.0000
 1-4 VDW =       15.8614  1-4 EEL =     -108.1939  RESTRAINT  =        0.0000


   NSTEP       ENERGY          RMS            GMAX         NAME    NUMBER
     23       3.3618E+01     2.0888E+00     1.5853E+01     S8          8

 BOND    =        1.9927  ANGLE   =       16.0876  DIHED      =       52.7108
 VDWAALS =       -8.3361  EEL     =       63.2531  HBOND      =        0.0000
 1-4 VDW =       15.9673  1-4 EEL =     -108.0575  RESTRAINT  =        0.0000


   NSTEP       ENERGY          RMS            GMAX         NAME    NUMBER
     24       3.2953E+01     3.6681E+00     1.7686E+01     C2          2

 BOND    =        2.1802  ANGLE   =       15.3902  DIHED      =       52.8174
 VDWAALS =       -8.7928  EEL     =       63.6256  HBOND      =        0.0000
 1-4 VDW =       16.0169  1-4 EEL =     -108.2845  RESTRAINT  =        0.0000


   NSTEP       ENERGY          RMS            GMAX         NAME    NUMBER
     25       3.3810E+01     7.3914E+00     4.3156E+01     C2          2

 BOND    =        3.7477  ANGLE   =       14.8075  DIHED      =       52.9345
 VDWAALS =       -9.1174  EEL     =       63.6367  HBOND      =        0.0000
 1-4 VDW =       15.7263  1-4 EEL =     -107.9249  RESTRAINT  =        0.0000


   NSTEP       ENERGY          RMS            GMAX         NAME    NUMBER
     26       3.1836E+01     1.9702E+00     1.2450E+01     S8          8

 BOND    =        2.0379  ANGLE   =       14.6435  DIHED      =       52.9124
 VDWAALS =       -9.1786  EEL     =       63.7274  HBOND      =        0.0000
 1-4 VDW =       15.7968  1-4 EEL =     -108.1034  RESTRAINT  =        0.0000


   NSTEP       ENERGY          RMS            GMAX         NAME    NUMBER
     27       3.1565E+01     3.4480E+00     1.8692E+01     C2          2

 BOND    =        2.1465  ANGLE   =       14.3625  DIHED      =       52.9436
 VDWAALS =       -9.4289  EEL     =       63.9539  HBOND      =        0.0000
 1-4 VDW =       15.8740  1-4 EEL =     -108.2868  RESTRAINT  =        0.0000


   NSTEP       ENERGY          RMS            GMAX         NAME    NUMBER
     28       3.1709E+01     5.0831E+00     2.9839E+01     C2          2

 BOND    =        2.8190  ANGLE   =       13.8761  DIHED      =       53.0122
 VDWAALS =       -9.6073  EEL     =       63.9554  HBOND      =        0.0000
 1-4 VDW =       15.6961  1-4 EEL =     -108.0423  RESTRAINT  =        0.0000


   NSTEP       ENERGY          RMS            GMAX         NAME    NUMBER
     29       3.0752E+01     1.4271E+00     9.4695E+00     S8          8

 BOND    =        1.9995  ANGLE   =       13.8339  DIHED      =       52.9908
 VDWAALS =       -9.6618  EEL     =       64.0131  HBOND      =        0.0000
 1-4 VDW =       15.7330  1-4 EEL =     -108.1567  RESTRAINT  =        0.0000


   NSTEP       ENERGY          RMS            GMAX         NAME    NUMBER
     30       3.0393E+01     1.9849E+00     9.4040E+00     C2          2

 BOND    =        2.0110  ANGLE   =       13.5903  DIHED      =       52.9996
 VDWAALS =       -9.8691  EEL     =       64.1474  HBOND      =        0.0000
 1-4 VDW =       15.7421  1-4 EEL =     -108.2283  RESTRAINT  =        0.0000


   NSTEP       ENERGY          RMS            GMAX         NAME    NUMBER
     31       3.0409E+01     3.6786E+00     2.1692E+01     C2          2

 BOND    =        2.4369  ANGLE   =       13.2525  DIHED      =       53.0354
 VDWAALS =      -10.0379  EEL     =       64.1770  HBOND      =        0.0000
 1-4 VDW =       15.6354  1-4 EEL =     -108.0905  RESTRAINT  =        0.0000


   NSTEP       ENERGY          RMS            GMAX         NAME    NUMBER
     32       2.9896E+01     1.2182E+00     7.5104E+00     S8          8

 BOND    =        2.0128  ANGLE   =       13.2406  DIHED      =       53.0151
 VDWAALS =      -10.0807  EEL     =       64.2161  HBOND      =        0.0000
 1-4 VDW =       15.6596  1-4 EEL =     -108.1670  RESTRAINT  =        0.0000


   NSTEP       ENERGY          RMS            GMAX         NAME    NUMBER
     33       2.9634E+01     1.4210E+00     6.6611E+00     S8          8

 BOND    =        2.0060  ANGLE   =       13.0985  DIHED      =       53.0027
 VDWAALS =      -10.2218  EEL     =       64.2905  HBOND      =        0.0000
 1-4 VDW =       15.6601  1-4 EEL =     -108.2018  RESTRAINT  =        0.0000


   NSTEP       ENERGY          RMS            GMAX         NAME    NUMBER
     34       2.9487E+01     2.3080E+00     1.3153E+01     C2          2

 BOND    =        2.1799  ANGLE   =       12.8745  DIHED      =       53.0082
 VDWAALS =      -10.3600  EEL     =       64.3142  HBOND      =        0.0000
 1-4 VDW =       15.5946  1-4 EEL =     -108.1241  RESTRAINT  =        0.0000


   NSTEP       ENERGY          RMS            GMAX         NAME    NUMBER
     35       2.9455E+01     3.0886E+00     1.7179E+01     C2          2

 BOND    =        2.1703  ANGLE   =       13.0070  DIHED      =       52.9637
 VDWAALS =      -10.4564  EEL     =       64.3799  HBOND      =        0.0000
 1-4 VDW =       15.6316  1-4 EEL =     -108.2410  RESTRAINT  =        0.0000


   NSTEP       ENERGY          RMS            GMAX         NAME    NUMBER
     36       2.9413E+01     3.5695E+00     2.0635E+01     C2          2

 BOND    =        2.4190  ANGLE   =       12.6916  DIHED      =       52.9899
 VDWAALS =      -10.5293  EEL     =       64.3641  HBOND      =        0.0000
 1-4 VDW =       15.5616  1-4 EEL =     -108.0837  RESTRAINT  =        0.0000


   NSTEP       ENERGY          RMS            GMAX         NAME    NUMBER
     37       2.9506E+01     4.4308E+00     2.4711E+01     C2          2

 BOND    =        2.4194  ANGLE   =       13.0159  DIHED      =       52.9219
 VDWAALS =      -10.6190  EEL     =       64.4269  HBOND      =        0.0000
 1-4 VDW =       15.6108  1-4 EEL =     -108.2698  RESTRAINT  =        0.0000


   NSTEP       ENERGY          RMS            GMAX         NAME    NUMBER
     38       2.8785E+01     1.0336E+00     5.1516E+00     S8          8

 BOND    =        2.0123  ANGLE   =       12.6611  DIHED      =       52.9401
 VDWAALS =      -10.6436  EEL     =       64.4138  HBOND      =        0.0000
 1-4 VDW =       15.5701  1-4 EEL =     -108.1689  RESTRAINT  =        0.0000


   NSTEP       ENERGY          RMS            GMAX         NAME    NUMBER
     39       2.8554E+01     1.7037E+00     9.0425E+00     C2          2

 BOND    =        2.1070  ANGLE   =       12.4835  DIHED      =       52.9106
 VDWAALS =      -10.7937  EEL     =       64.4352  HBOND      =        0.0000
 1-4 VDW =       15.5270  1-4 EEL =     -108.1158  RESTRAINT  =        0.0000


   NSTEP       ENERGY          RMS            GMAX         NAME    NUMBER
     40       2.8703E+01     3.5679E+00     2.0034E+01     C2          2

 BOND    =        2.2710  ANGLE   =       12.6835  DIHED      =       52.8454
 VDWAALS =      -10.9015  EEL     =       64.4799  HBOND      =        0.0000
 1-4 VDW =       15.5502  1-4 EEL =     -108.2250  RESTRAINT  =        0.0000


   NSTEP       ENERGY          RMS            GMAX         NAME    NUMBER
     41       2.8247E+01     1.0994E+00     4.2694E+00     S8          8

 BOND    =        2.0174  ANGLE   =       12.4611  DIHED      =       52.8542
 VDWAALS =      -10.9207  EEL     =       64.4673  HBOND      =        0.0000
 1-4 VDW =       15.5210  1-4 EEL =     -108.1536  RESTRAINT  =        0.0000


   NSTEP       ENERGY          RMS            GMAX         NAME    NUMBER
     42       2.8124E+01     1.6473E+00     8.7966E+00     C2          2

 BOND    =        2.0999  ANGLE   =       12.3446  DIHED      =       52.8315
 VDWAALS =      -11.0062  EEL     =       64.4640  HBOND      =        0.0000
 1-4 VDW =       15.4880  1-4 EEL =     -108.0973  RESTRAINT  =        0.0000


   NSTEP       ENERGY          RMS            GMAX         NAME    NUMBER
     43       2.8083E+01     2.3152E+00     1.2286E+01     C2          2

 BOND    =        2.1017  ANGLE   =       12.4604  DIHED      =       52.7802
 VDWAALS =      -11.0775  EEL     =       64.4895  HBOND      =        0.0000
 1-4 VDW =       15.5043  1-4 EEL =     -108.1754  RESTRAINT  =        0.0000


   NSTEP       ENERGY          RMS            GMAX         NAME    NUMBER
     44       2.8030E+01     2.6531E+00     1.4995E+01     C2          2

 BOND    =        2.2345  ANGLE   =       12.2669  DIHED      =       52.7835
 VDWAALS =      -11.1258  EEL     =       64.4676  HBOND      =        0.0000
 1-4 VDW =       15.4589  1-4 EEL =     -108.0552  RESTRAINT  =        0.0000


   NSTEP       ENERGY          RMS            GMAX         NAME    NUMBER
     45       2.8054E+01     3.3048E+00     1.8000E+01     C2          2

 BOND    =        2.2339  ANGLE   =       12.4914  DIHED      =       52.7198
 VDWAALS =      -11.1895  EEL     =       64.4976  HBOND      =        0.0000
 1-4 VDW =       15.4916  1-4 EEL =     -108.1903  RESTRAINT  =        0.0000


   NSTEP       ENERGY          RMS            GMAX         NAME    NUMBER
     46       2.7648E+01     8.7983E-01     3.4847E+00     S8          8

 BOND    =        2.0121  ANGLE   =       12.2823  DIHED      =       52.7268
 VDWAALS =      -11.2068  EEL     =       64.4840  HBOND      =        0.0000
 1-4 VDW =       15.4635  1-4 EEL =     -108.1140  RESTRAINT  =        0.0000


   NSTEP       ENERGY          RMS            GMAX         NAME    NUMBER
     47       2.7472E+01     1.2014E+00     5.5780E+00     C2          2

 BOND    =        2.0499  ANGLE   =       12.1997  DIHED      =       52.6826
 VDWAALS =      -11.3005  EEL     =       64.4774  HBOND      =        0.0000
 1-4 VDW =       15.4363  1-4 EEL =     -108.0734  RESTRAINT  =        0.0000


   NSTEP       ENERGY          RMS            GMAX         NAME    NUMBER
     48       2.7464E+01     2.4386E+00     1.3054E+01     C2          2

 BOND    =        2.1137  ANGLE   =       12.3194  DIHED      =       52.6174
 VDWAALS =      -11.3837  EEL     =       64.4913  HBOND      =        0.0000
 1-4 VDW =       15.4461  1-4 EEL =     -108.1405  RESTRAINT  =        0.0000


   NSTEP       ENERGY          RMS            GMAX         NAME    NUMBER
     49       2.7421E+01     2.7337E+00     1.5433E+01     C2          2

 BOND    =        2.2387  ANGLE   =       12.1312  DIHED      =       52.6193
 VDWAALS =      -11.4215  EEL     =       64.4642  HBOND      =        0.0000
 1-4 VDW =       15.4010  1-4 EEL =     -108.0121  RESTRAINT  =        0.0000


   NSTEP       ENERGY          RMS            GMAX         NAME    NUMBER
     50       2.7478E+01     3.4547E+00     1.8867E+01     C2          2

 BOND    =        2.2561  ANGLE   =       12.3747  DIHED      =       52.5534
 VDWAALS =      -11.4764  EEL     =       64.4887  HBOND      =        0.0000
 1-4 VDW =       15.4367  1-4 EEL =     -108.1546  RESTRAINT  =        0.0000


   NSTEP       ENERGY          RMS            GMAX         NAME    NUMBER
     51       2.7039E+01     8.4761E-01     3.0210E+00     HO18       60

 BOND    =        2.0040  ANGLE   =       12.1589  DIHED      =       52.5598
 VDWAALS =      -11.4899  EEL     =       64.4731  HBOND      =        0.0000
 1-4 VDW =       15.4081  1-4 EEL =     -108.0745  RESTRAINT  =        0.0000


   NSTEP       ENERGY          RMS            GMAX         NAME    NUMBER
     52       2.7498E+01     6.0540E+00     3.5363E+01     C2          2

 BOND    =        3.0766  ANGLE   =       12.0959  DIHED      =       52.3416
 VDWAALS =      -11.8472  EEL     =       64.3969  HBOND      =        0.0000
 1-4 VDW =       15.2920  1-4 EEL =     -107.8574  RESTRAINT  =        0.0000


   NSTEP       ENERGY          RMS            GMAX         NAME    NUMBER
     53       2.6868E+01     1.9971E+00     1.1101E+01     C2          2

 BOND    =        2.1259  ANGLE   =       12.0593  DIHED      =       52.4845
 VDWAALS =      -11.6162  EEL     =       64.4483  HBOND      =        0.0000
 1-4 VDW =       15.3660  1-4 EEL =     -107.9998  RESTRAINT  =        0.0000


   NSTEP       ENERGY          RMS            GMAX         NAME    NUMBER
     54       2.6529E+01     1.9313E+00     1.0823E+01     C2          2

 BOND    =        2.1149  ANGLE   =       12.0080  DIHED      =       52.3807
 VDWAALS =      -11.7632  EEL     =       64.4295  HBOND      =        0.0000
 1-4 VDW =       15.3349  1-4 EEL =     -107.9757  RESTRAINT  =        0.0000


   NSTEP       ENERGY          RMS            GMAX         NAME    NUMBER
     55       2.3952E+01     1.4956E+00     8.3063E+00     C2          2

 BOND    =        2.1377  ANGLE   =       11.7327  DIHED      =       51.4956
 VDWAALS =      -12.8846  EEL     =       64.1612  HBOND      =        0.0000
 1-4 VDW =       15.0438  1-4 EEL =     -107.7343  RESTRAINT  =        0.0000


   NSTEP       ENERGY          RMS            GMAX         NAME    NUMBER
     56       2.2872E+01     4.1299E+00     3.5881E+01     O18        19

 BOND    =        3.8136  ANGLE   =       12.2978  DIHED      =       50.2517
 VDWAALS =      -14.0646  EEL     =       63.2826  HBOND      =        0.0000
 1-4 VDW =       14.5160  1-4 EEL =     -107.2249  RESTRAINT  =        0.0000


   NSTEP       ENERGY          RMS            GMAX         NAME    NUMBER
     57       2.2558E+01     2.8541E+00     2.3781E+01     O18        19

 BOND    =        2.9243  ANGLE   =       11.9655  DIHED      =       50.5804
 VDWAALS =      -13.7981  EEL     =       63.5990  HBOND      =        0.0000
 1-4 VDW =       14.6755  1-4 EEL =     -107.3888  RESTRAINT  =        0.0000


   NSTEP       ENERGY          RMS            GMAX         NAME    NUMBER
     58       2.5487E+01     8.0789E+00     6.2998E+01     O18        19

 BOND    =        5.9449  ANGLE   =       13.5240  DIHED      =       49.1042
 VDWAALS =      -14.4851  EEL     =       64.5017  HBOND      =        0.0000
 1-4 VDW =       14.0151  1-4 EEL =     -107.1175  RESTRAINT  =        0.0000


   NSTEP       ENERGY          RMS            GMAX         NAME    NUMBER
     59       2.1466E+01     1.8053E+00     8.6413E+00     N1          1

 BOND    =        2.4240  ANGLE   =       12.0740  DIHED      =       50.0102
 VDWAALS =      -14.1371  EEL     =       63.9643  HBOND      =        0.0000
 1-4 VDW =       14.4496  1-4 EEL =     -107.3186  RESTRAINT  =        0.0000


   NSTEP       ENERGY          RMS            GMAX         NAME    NUMBER
     60       2.1015E+01     2.1019E+00     9.3941E+00     C4          4

 BOND    =        2.3394  ANGLE   =       12.3916  DIHED      =       49.6881
 VDWAALS =      -14.3419  EEL     =       63.8546  HBOND      =        0.0000
 1-4 VDW =       14.3305  1-4 EEL =     -107.2476  RESTRAINT  =        0.0000


   NSTEP       ENERGY          RMS            GMAX         NAME    NUMBER
     61       2.1014E+01     2.0520E+00     9.0955E+00     C4          4

 BOND    =        2.3335  ANGLE   =       12.3827  DIHED      =       49.6949
 VDWAALS =      -14.3378  EEL     =       63.8572  HBOND      =        0.0000
 1-4 VDW =       14.3331  1-4 EEL =     -107.2492  RESTRAINT  =        0.0000


   NSTEP       ENERGY          RMS            GMAX         NAME    NUMBER
     62       2.0373E+01     1.5323E+00     9.7660E+00     C17        17

 BOND    =        2.1473  ANGLE   =       12.5139  DIHED      =       49.3306
 VDWAALS =      -14.5165  EEL     =       63.6722  HBOND      =        0.0000
 1-4 VDW =       14.3557  1-4 EEL =     -107.1302  RESTRAINT  =        0.0000


   NSTEP       ENERGY          RMS            GMAX         NAME    NUMBER
     63       2.0273E+01     2.0974E+00     1.3405E+01     C17        17

 BOND    =        2.2378  ANGLE   =       12.6345  DIHED      =       49.1321
 VDWAALS =      -14.6033  EEL     =       63.5614  HBOND      =        0.0000
 1-4 VDW =       14.3697  1-4 EEL =     -107.0587  RESTRAINT  =        0.0000


   NSTEP       ENERGY          RMS            GMAX         NAME    NUMBER
     64       1.9975E+01     2.9269E+00     1.3000E+01     N1          1

 BOND    =        2.2448  ANGLE   =       12.8153  DIHED      =       48.5947
 VDWAALS =      -14.7332  EEL     =       63.8217  HBOND      =        0.0000
 1-4 VDW =       14.4105  1-4 EEL =     -107.1788  RESTRAINT  =        0.0000


   NSTEP       ENERGY          RMS            GMAX         NAME    NUMBER
     65       1.9812E+01     1.7260E+00     7.5372E+00     HO18       60

 BOND    =        2.0606  ANGLE   =       12.6814  DIHED      =       48.7812
 VDWAALS =      -14.6944  EEL     =       63.7241  HBOND      =        0.0000
 1-4 VDW =       14.3923  1-4 EEL =     -107.1330  RESTRAINT  =        0.0000


   NSTEP       ENERGY          RMS            GMAX         NAME    NUMBER
     66       1.9471E+01     1.3708E+00     5.3611E+00     C21        22

 BOND    =        2.0032  ANGLE   =       12.8096  DIHED      =       48.4542
 VDWAALS =      -14.7455  EEL     =       63.8069  HBOND      =        0.0000
 1-4 VDW =       14.2914  1-4 EEL =     -107.1491  RESTRAINT  =        0.0000


   NSTEP       ENERGY          RMS            GMAX         NAME    NUMBER
     67       1.9466E+01     1.5106E+00     6.4083E+00     C21        22

 BOND    =        2.0210  ANGLE   =       12.8352  DIHED      =       48.4152
 VDWAALS =      -14.7499  EEL     =       63.8173  HBOND      =        0.0000
 1-4 VDW =       14.2786  1-4 EEL =     -107.1514  RESTRAINT  =        0.0000


   NSTEP       ENERGY          RMS            GMAX         NAME    NUMBER
     68       1.9250E+01     1.4965E+00     5.3792E+00     C2          2

 BOND    =        1.9629  ANGLE   =       13.0367  DIHED      =       48.0500
 VDWAALS =      -14.7493  EEL     =       63.9429  HBOND      =        0.0000
 1-4 VDW =       14.1465  1-4 EEL =     -107.1398  RESTRAINT  =        0.0000


   NSTEP       ENERGY          RMS            GMAX         NAME    NUMBER
     69       1.9241E+01     1.2441E+00     4.4321E+00     H7         45

 BOND    =        1.9452  ANGLE   =       12.9909  DIHED      =       48.1074
 VDWAALS =      -14.7511  EEL     =       63.9224  HBOND      =        0.0000
 1-4 VDW =       14.1678  1-4 EEL =     -107.1415  RESTRAINT  =        0.0000


   NSTEP       ENERGY          RMS            GMAX         NAME    NUMBER
     70       1.9029E+01     1.0126E+00     3.7500E+00     H7         45

 BOND    =        2.0631  ANGLE   =       12.9668  DIHED      =       47.7814
 VDWAALS =      -14.7248  EEL     =       64.0262  HBOND      =        0.0000
 1-4 VDW =       14.0777  1-4 EEL =     -107.1614  RESTRAINT  =        0.0000


   NSTEP       ENERGY          RMS            GMAX         NAME    NUMBER
     71       1.9002E+01     1.3819E+00     5.9759E+00     C6          6

 BOND    =        2.1733  ANGLE   =       12.9768  DIHED      =       47.6197
 VDWAALS =      -14.7087  EEL     =       64.0789  HBOND      =        0.0000
 1-4 VDW =       14.0332  1-4 EEL =     -107.1716  RESTRAINT  =        0.0000


   NSTEP       ENERGY          RMS            GMAX         NAME    NUMBER
     72       1.8760E+01     1.2513E+00     6.5152E+00     C6          6

 BOND    =        2.3502  ANGLE   =       13.2464  DIHED      =       47.0776
 VDWAALS =      -14.6835  EEL     =       64.1821  HBOND      =        0.0000
 1-4 VDW =       13.9021  1-4 EEL =     -107.3145  RESTRAINT  =        0.0000


   NSTEP       ENERGY          RMS            GMAX         NAME    NUMBER
     73       1.8760E+01     1.2361E+00     6.3948E+00     C6          6

 BOND    =        2.3464  ANGLE   =       13.2422  DIHED      =       47.0840
 VDWAALS =      -14.6839  EEL     =       64.1809  HBOND      =        0.0000
 1-4 VDW =       13.9036  1-4 EEL =     -107.3128  RESTRAINT  =        0.0000


   NSTEP       ENERGY          RMS            GMAX         NAME    NUMBER
     74       1.8527E+01     1.1269E+00     4.0328E+00     C6          6

 BOND    =        2.3797  ANGLE   =       13.3067  DIHED      =       46.7591
 VDWAALS =      -14.7018  EEL     =       64.2460  HBOND      =        0.0000
 1-4 VDW =       13.8357  1-4 EEL =     -107.2980  RESTRAINT  =        0.0000


   NSTEP       ENERGY          RMS            GMAX         NAME    NUMBER
     75       1.8517E+01     1.3756E+00     5.5810E+00     C6          6

 BOND    =        2.4241  ANGLE   =       13.3331  DIHED      =       46.6782
 VDWAALS =      -14.7053  EEL     =       64.2625  HBOND      =        0.0000
 1-4 VDW =       13.8187  1-4 EEL =     -107.2939  RESTRAINT  =        0.0000


   NSTEP       ENERGY          RMS            GMAX         NAME    NUMBER
     76       1.8485E+01     1.2124E+00     4.7613E+00     C6          6

 BOND    =        2.3938  ANGLE   =       13.3275  DIHED      =       46.6709
 VDWAALS =      -14.7036  EEL     =       64.2721  HBOND      =        0.0000
 1-4 VDW =       13.8251  1-4 EEL =     -107.3002  RESTRAINT  =        0.0000


   NSTEP       ENERGY          RMS            GMAX         NAME    NUMBER
     77       1.8452E+01     1.0434E+00     3.8485E+00     C6          6

 BOND    =        2.3622  ANGLE   =       13.3214  DIHED      =       46.6613
 VDWAALS =      -14.7019  EEL     =       64.2834  HBOND      =        0.0000
 1-4 VDW =       13.8327  1-4 EEL =     -107.3071  RESTRAINT  =        0.0000


   NSTEP       ENERGY          RMS            GMAX         NAME    NUMBER
     78       1.8418E+01     8.8583E-01     3.5359E+00     H7         45

 BOND    =        2.3303  ANGLE   =       13.3150  DIHED      =       46.6487
 VDWAALS =      -14.7002  EEL     =       64.2964  HBOND      =        0.0000
 1-4 VDW =       13.8418  1-4 EEL =     -107.3141  RESTRAINT  =        0.0000


   NSTEP       ENERGY          RMS            GMAX         NAME    NUMBER
     79       1.8383E+01     7.6420E-01     3.3483E+00     H7         45

 BOND    =        2.2996  ANGLE   =       13.3081  DIHED      =       46.6321
 VDWAALS =      -14.6990  EEL     =       64.3103  HBOND      =        0.0000
 1-4 VDW =       13.8523  1-4 EEL =     -107.3203  RESTRAINT  =        0.0000


   NSTEP       ENERGY          RMS            GMAX         NAME    NUMBER
     80       1.8850E+01     4.1092E+00     1.8023E+01     C19        20

 BOND    =        2.6362  ANGLE   =       13.4038  DIHED      =       46.1536
 VDWAALS =      -14.6940  EEL     =       64.6335  HBOND      =        0.0000
 1-4 VDW =       14.1535  1-4 EEL =     -107.4367  RESTRAINT  =        0.0000


   NSTEP       ENERGY          RMS            GMAX         NAME    NUMBER
     81       1.8213E+01     1.3058E+00     4.9681E+00     C19        20

 BOND    =        2.1684  ANGLE   =       13.2747  DIHED      =       46.4547
 VDWAALS =      -14.6987  EEL     =       64.4218  HBOND      =        0.0000
 1-4 VDW =       13.9518  1-4 EEL =     -107.3595  RESTRAINT  =        0.0000


   NSTEP       ENERGY          RMS            GMAX         NAME    NUMBER
     82       1.7942E+01     1.0118E+00     5.1992E+00     O18        19

 BOND    =        2.0456  ANGLE   =       13.2579  DIHED      =       46.2762
 VDWAALS =      -14.7297  EEL     =       64.4235  HBOND      =        0.0000
 1-4 VDW =       14.0127  1-4 EEL =     -107.3448  RESTRAINT  =        0.0000


   NSTEP       ENERGY          RMS            GMAX         NAME    NUMBER
     83       1.7795E+01     1.6198E+00     7.4673E+00     O18        19

 BOND    =        1.9791  ANGLE   =       13.3265  DIHED      =       46.0592
 VDWAALS =      -14.7721  EEL     =       64.4202  HBOND      =        0.0000
 1-4 VDW =       14.1046  1-4 EEL =     -107.3227  RESTRAINT  =        0.0000


   NSTEP       ENERGY          RMS            GMAX         NAME    NUMBER
     84       1.7534E+01     2.1284E+00     1.4284E+01     C21        22

 BOND    =        2.0837  ANGLE   =       13.4538  DIHED      =       45.7618
 VDWAALS =      -14.8249  EEL     =       64.2820  HBOND      =        0.0000
 1-4 VDW =       14.1929  1-4 EEL =     -107.4156  RESTRAINT  =        0.0000


   NSTEP       ENERGY          RMS            GMAX         NAME    NUMBER
     85       1.7491E+01     1.4769E+00     8.3351E+00     C21        22

 BOND    =        1.9745  ANGLE   =       13.3993  DIHED      =       45.8296
 VDWAALS =      -14.8113  EEL     =       64.3224  HBOND      =        0.0000
 1-4 VDW =       14.1670  1-4 EEL =     -107.3909  RESTRAINT  =        0.0000


   NSTEP       ENERGY          RMS            GMAX         NAME    NUMBER
     86       1.7230E+01     1.4288E+00     6.3707E+00     C7          7

 BOND    =        2.0934  ANGLE   =       13.3723  DIHED      =       45.6314
 VDWAALS =      -14.8187  EEL     =       64.1848  HBOND      =        0.0000
 1-4 VDW =       14.1129  1-4 EEL =     -107.3455  RESTRAINT  =        0.0000


   NSTEP       ENERGY          RMS            GMAX         NAME    NUMBER
     87       1.7230E+01     1.4533E+00     6.5217E+00     C7          7

 BOND    =        2.0984  ANGLE   =       13.3728  DIHED      =       45.6284
 VDWAALS =      -14.8188  EEL     =       64.1823  HBOND      =        0.0000
 1-4 VDW =       14.1120  1-4 EEL =     -107.3447  RESTRAINT  =        0.0000


   NSTEP       ENERGY          RMS            GMAX         NAME    NUMBER
     88       1.6893E+01     8.7632E-01     2.9095E+00     C32        33

 BOND    =        2.2180  ANGLE   =       13.3225  DIHED      =       45.4254
 VDWAALS =      -14.7923  EEL     =       63.9240  HBOND      =        0.0000
 1-4 VDW =       14.0445  1-4 EEL =     -107.2487  RESTRAINT  =        0.0000


   NSTEP       ENERGY          RMS            GMAX         NAME    NUMBER
     89       1.6855E+01     1.0841E+00     5.1704E+00     C3          3

 BOND    =        2.3418  ANGLE   =       13.3306  DIHED      =       45.3491
 VDWAALS =      -14.7783  EEL     =       63.7982  HBOND      =        0.0000
 1-4 VDW =       14.0142  1-4 EEL =     -107.2010  RESTRAINT  =        0.0000


   NSTEP       ENERGY          RMS            GMAX         NAME    NUMBER
     90       1.6839E+01     1.8816E+00     9.6688E+00     C2          2

 BOND    =        2.6258  ANGLE   =       13.2987  DIHED      =       45.1661
 VDWAALS =      -14.7613  EEL     =       63.5607  HBOND      =        0.0000
 1-4 VDW =       13.9210  1-4 EEL =     -106.9718  RESTRAINT  =        0.0000


   NSTEP       ENERGY          RMS            GMAX         NAME    NUMBER
     91       1.6746E+01     8.3644E-01     4.9282E+00     C2          2

 BOND    =        2.4163  ANGLE   =       13.2924  DIHED      =       45.2496
 VDWAALS =      -14.7700  EEL     =       63.6756  HBOND      =        0.0000
 1-4 VDW =       13.9651  1-4 EEL =     -107.0826  RESTRAINT  =        0.0000


   NSTEP       ENERGY          RMS            GMAX         NAME    NUMBER
     92       1.6661E+01     7.0630E-01     3.7471E+00     S8          8

 BOND    =        2.3932  ANGLE   =       13.3120  DIHED      =       45.1728
 VDWAALS =      -14.7832  EEL     =       63.6172  HBOND      =        0.0000
 1-4 VDW =       13.9551  1-4 EEL =     -107.0066  RESTRAINT  =        0.0000


   NSTEP       ENERGY          RMS            GMAX         NAME    NUMBER
     93       1.6651E+01     9.5506E-01     4.6468E+00     C21        22

 BOND    =        2.4013  ANGLE   =       13.3306  DIHED      =       45.1387
 VDWAALS =      -14.7891  EEL     =       63.5896  HBOND      =        0.0000
 1-4 VDW =       13.9506  1-4 EEL =     -106.9708  RESTRAINT  =        0.0000


   NSTEP       ENERGY          RMS            GMAX         NAME    NUMBER
     94       1.6520E+01     7.0626E-01     3.0705E+00     C17        17

 BOND    =        2.3174  ANGLE   =       13.3570  DIHED      =       45.0588
 VDWAALS =      -14.8160  EEL     =       63.4555  HBOND      =        0.0000
 1-4 VDW =       13.9895  1-4 EEL =     -106.8422  RESTRAINT  =        0.0000


   NSTEP       ENERGY          RMS            GMAX         NAME    NUMBER
     95       1.6500E+01     9.5745E-01     3.1125E+00     C17        17

 BOND    =        2.2989  ANGLE   =       13.3891  DIHED      =       45.0212
 VDWAALS =      -14.8303  EEL     =       63.3791  HBOND      =        0.0000
 1-4 VDW =       14.0116  1-4 EEL =     -106.7691  RESTRAINT  =        0.0000


   NSTEP       ENERGY          RMS            GMAX         NAME    NUMBER
     96       1.6444E+01     1.1773E+00     4.4029E+00     C7          7

 BOND    =        2.1072  ANGLE   =       13.5779  DIHED      =       44.9601
 VDWAALS =      -14.8672  EEL     =       63.1753  HBOND      =        0.0000
 1-4 VDW =       14.0976  1-4 EEL =     -106.6066  RESTRAINT  =        0.0000


   NSTEP       ENERGY          RMS            GMAX         NAME    NUMBER
     97       1.6407E+01     6.2204E-01     1.9077E+00     C6          6

 BOND    =        2.1470  ANGLE   =       13.4871  DIHED      =       44.9781
 VDWAALS =      -14.8534  EEL     =       63.2546  HBOND      =        0.0000
 1-4 VDW =       14.0641  1-4 EEL =     -106.6700  RESTRAINT  =        0.0000


   NSTEP       ENERGY          RMS            GMAX         NAME    NUMBER
     98       1.6354E+01     4.8302E-01     1.7427E+00     O10        10

 BOND    =        2.1441  ANGLE   =       13.4649  DIHED      =       44.9326
 VDWAALS =      -14.8480  EEL     =       63.2503  HBOND      =        0.0000
 1-4 VDW =       14.0746  1-4 EEL =     -106.6641  RESTRAINT  =        0.0000


   NSTEP       ENERGY          RMS            GMAX         NAME    NUMBER
     99       1.6347E+01     6.5777E-01     2.7393E+00     C6          6

 BOND    =        2.1572  ANGLE   =       13.4579  DIHED      =       44.9094
 VDWAALS =      -14.8449  EEL     =       63.2479  HBOND      =        0.0000
 1-4 VDW =       14.0803  1-4 EEL =     -106.6608  RESTRAINT  =        0.0000


   NSTEP       ENERGY          RMS            GMAX         NAME    NUMBER
    100       1.6293E+01     7.4612E-01     2.9605E+00     C5          5

 BOND    =        2.2651  ANGLE   =       13.4565  DIHED      =       44.8129
 VDWAALS =      -14.8283  EEL     =       63.1997  HBOND      =        0.0000
 1-4 VDW =       14.0728  1-4 EEL =     -106.6855  RESTRAINT  =        0.0000


  Maximum number of minimization cycles reached.


                    FINAL RESULTS



   NSTEP       ENERGY          RMS            GMAX         NAME    NUMBER
    100       1.6293E+01     7.4612E-01     2.9605E+00     C5          5

 BOND    =        2.2651  ANGLE   =       13.4565  DIHED      =       44.8129
 VDWAALS =      -14.8283  EEL     =       63.1997  HBOND      =        0.0000
 1-4 VDW =       14.0728  1-4 EEL =     -106.6855  RESTRAINT  =        0.0000

--------------------------------------------------------------------------------
   5.  TIMINGS
--------------------------------------------------------------------------------

|    Read coords time           0.00 ( 0.48% of Total)
|    Fast Water setup           0.00 ( 0.01% of Total)
|                Build the list             0.00 (94.54% of List )
|                Other                      0.00 ( 5.46% of List )
|             List time                  0.00 ( 3.38% of Nonbo)
|                   Short_ene time             0.03 (99.40% of Direc)
|                   Other                      0.00 ( 0.60% of Direc)
|                Direct Ewald time          0.03 (94.43% of Ewald)
|                Force Adjust               0.00 ( 0.07% of Ewald)
|                Virial junk                0.00 ( 0.07% of Ewald)
|                Start synchronizatio       0.00 ( 0.13% of Ewald)
|                Other                      0.00 ( 5.30% of Ewald)
|             Ewald time                 0.03 (96.32% of Nonbo)
|             IPS excludes               0.00 ( 0.05% of Nonbo)
|             Other                      0.00 ( 0.25% of Nonbo)
|          Nonbond force              0.03 (71.13% of Force)
|          Bond/Angle/Dihedral        0.01 (28.42% of Force)
|          Other                      0.00 ( 0.44% of Force)
|       Force time                 0.04 (100.0% of Runmd)
|    Runmd Time                 0.04 (67.10% of Total)
|    Other                      0.02 (32.40% of Total)
| Total time                 0.06 (100.0% of ALL  )

| Number of list builds   :          1

| Highest rstack allocated:        360
| Highest istack allocated:         72
|           Job began  at 14:37:29.091  on 05/22/2015
|           Setup done at 14:37:29.096  on 05/22/2015
|           Run   done at 14:37:29.152  on 05/22/2015
|     wallclock() was called    2335 times
