
          -------------------------------------------------------
          Amber 14 SANDER                              2014
          -------------------------------------------------------

| Run on 05/22/2015 at 14:27:18

|   Executable path: sander
| Working directory: /net/chevy/raid1/nigel/amber/library/amber_library/d
|          Hostname: chevy.lbl.gov

  [-O]verwriting output

File Assignments:
|  MDIN: sander.in                                                             
| MDOUT: D5X.min_igb.out                                                       
|INPCRD: D5X.rst7                                                              
|  PARM: D5X.prmtop                                                            
|RESTRT: D5X.min_igb.rst7                                                      
|  REFC: refc                                                                  
| MDVEL: mdvel                                                                 
| MDFRC: mdfrc                                                                 
|  MDEN: mden                                                                  
| MDCRD: mdcrd                                                                 
|MDINFO: mdinfo                                                                
|  MTMD: mtmd                                                                  
|INPDIP: inpdip                                                                
|RSTDIP: rstdip                                                                
|INPTRA: inptraj                                                               


 Here is the input file:

  short minimization                                                           
 &cntrl                                                                        
   imin=1, maxcyc=100, ncyc=50, ntpr=1, cut=99., ntb=0, igb=2                  
 /                                                                             

--------------------------------------------------------------------------------
   1.  RESOURCE   USE: 
--------------------------------------------------------------------------------

| Flags:                                                                        
| New format PARM file being parsed.
| Version =    1.000 Date = 05/22/15 Time = 14:27:18
 NATOM  =      23 NTYPES =       9 NBONH =       9 MBONA  =      13
 NTHETH =      17 MTHETA =      20 NPHIH =      39 MPHIA  =      22
 NHPARM =       0 NPARM  =       0 NNB   =     108 NRES   =       1
 NBONA  =      13 NTHETA =      20 NPHIA =      22 NUMBND =      10
 NUMANG =      18 NPTRA  =      13 NATYP =       9 NPHB   =       0
 IFBOX  =       0 NMXRS  =      23 IFCAP =       0 NEXTRA =       0
 NCOPY  =       0

 Implicit solvent radii are H(N)-modified Bondi radii (mbondi2)                                             

|     Memory Use     Allocated
|     Real                5192
|     Hollerith             72
|     Integer            21097
|     Max Pairs              1
|     nblistReal             0
|     nblist Int             0
|       Total              123 kbytes

| Note: 1-4 EEL scale factors are being read from the topology file.

| Note: 1-4 VDW scale factors are being read from the topology file.
| Duplicated    0 dihedrals
| Duplicated    0 dihedrals

--------------------------------------------------------------------------------
   2.  CONTROL  DATA  FOR  THE  RUN
--------------------------------------------------------------------------------

D5X                                                                             

General flags:
     imin    =       1, nmropt  =       0

Nature and format of input:
     ntx     =       1, irest   =       0, ntrx    =       1

Nature and format of output:
     ntxo    =       1, ntpr    =       1, ntrx    =       1, ntwr    =     500
     iwrap   =       0, ntwx    =       0, ntwv    =       0, ntwe    =       0
     ioutfm  =       0, ntwprt  =       0, idecomp =       0, rbornstat=      0

Potential function:
     ntf     =       1, ntb     =       0, igb     =       2, nsnb    =      25
     ipol    =       0, gbsa    =       0, iesp    =       0
     dielc   =   1.00000, cut     =  99.00000, intdiel =   1.00000
     saltcon =   0.00000, offset  =   0.09000, gbalpha=    0.80000
     gbbeta  =   0.00000, gbgamma =   2.90912, surften =   0.00500
     rdt     =   0.00000, rgbmax  =  25.00000  extdiel =  78.50000
     alpb  =        0

Frozen or restrained atoms:
     ibelly  =       0, ntr     =       0

Energy minimization:
     maxcyc  =     100, ncyc    =      50, ntmin   =       1
     dx0     =   0.01000, drms    =   0.00010
|  INFO: Old style inpcrd file read


--------------------------------------------------------------------------------
   3.  ATOMIC COORDINATES AND VELOCITIES
--------------------------------------------------------------------------------

D5X                                                                             
 begin time read from input coords =     0.000 ps

 Number of triangulated 3-point waters found:        0

--------------------------------------------------------------------------------
   4.  RESULTS
--------------------------------------------------------------------------------



   NSTEP       ENERGY          RMS            GMAX         NAME    NUMBER
      1      -2.0163E+02     2.8003E+01     1.3573E+02     P           2

 BOND    =       12.2783  ANGLE   =       13.6976  DIHED      =       17.5624
 VDWAALS =        4.5328  EEL     =     -144.9148  EGB        =     -218.1258
 1-4 VDW =        6.1654  1-4 EEL =      107.1692  RESTRAINT  =        0.0000


   NSTEP       ENERGY          RMS            GMAX         NAME    NUMBER
      2      -2.0431E+02     2.5677E+01     1.2369E+02     P           2

 BOND    =       10.3356  ANGLE   =       13.2280  DIHED      =       17.5551
 VDWAALS =        4.4477  EEL     =     -144.8214  EGB        =     -218.2716
 1-4 VDW =        6.1218  1-4 EEL =      107.0952  RESTRAINT  =        0.0000


   NSTEP       ENERGY          RMS            GMAX         NAME    NUMBER
      3      -2.0722E+02     2.2970E+01     1.0952E+02     P           2

 BOND    =        8.3022  ANGLE   =       12.6891  DIHED      =       17.5461
 VDWAALS =        4.3402  EEL     =     -144.7139  EGB        =     -218.4502
 1-4 VDW =        6.0697  1-4 EEL =      106.9994  RESTRAINT  =        0.0000


   NSTEP       ENERGY          RMS            GMAX         NAME    NUMBER
      4      -2.1029E+02     1.9867E+01     9.3002E+01     P           2

 BOND    =        6.2785  ANGLE   =       12.0772  DIHED      =       17.5348
 VDWAALS =        4.2025  EEL     =     -144.5924  EGB        =     -218.6692
 1-4 VDW =        6.0069  1-4 EEL =      106.8732  RESTRAINT  =        0.0000


   NSTEP       ENERGY          RMS            GMAX         NAME    NUMBER
      5      -2.1340E+02     1.6408E+01     7.4065E+01     P           2

 BOND    =        4.4216  ANGLE   =       11.3922  DIHED      =       17.5205
 VDWAALS =        4.0227  EEL     =     -144.4589  EGB        =     -218.9365
 1-4 VDW =        5.9304  1-4 EEL =      106.7032  RESTRAINT  =        0.0000


   NSTEP       ENERGY          RMS            GMAX         NAME    NUMBER
      6      -2.1640E+02     1.2772E+01     5.3202E+01     P           2

 BOND    =        2.9484  ANGLE   =       10.6416  DIHED      =       17.5021
 VDWAALS =        3.7817  EEL     =     -144.3197  EGB        =     -219.2585
 1-4 VDW =        5.8354  1-4 EEL =      106.4675  RESTRAINT  =        0.0000


   NSTEP       ENERGY          RMS            GMAX         NAME    NUMBER
      7      -2.1911E+02     9.4288E+00     3.2232E+01     P           2

 BOND    =        2.0891  ANGLE   =        9.8504  DIHED      =       17.4779
 VDWAALS =        3.4505  EEL     =     -144.1894  EGB        =     -219.6341
 1-4 VDW =        5.7134  1-4 EEL =      106.1323  RESTRAINT  =        0.0000


   NSTEP       ENERGY          RMS            GMAX         NAME    NUMBER
      8      -2.2149E+02     7.0664E+00     1.9710E+01     O3P         1

 BOND    =        1.8893  ANGLE   =        9.0923  DIHED      =       17.4440
 VDWAALS =        2.9968  EEL     =     -144.0924  EGB        =     -220.0376
 1-4 VDW =        5.5534  1-4 EEL =      105.6614  RESTRAINT  =        0.0000


   NSTEP       ENERGY          RMS            GMAX         NAME    NUMBER
      9      -2.2371E+02     5.5656E+00     1.3451E+01     O2P         3

 BOND    =        1.9714  ANGLE   =        8.5144  DIHED      =       17.3931
 VDWAALS =        2.4416  EEL     =     -144.0227  EGB        =     -220.4475
 1-4 VDW =        5.3548  1-4 EEL =      105.0871  RESTRAINT  =        0.0000


   NSTEP       ENERGY          RMS            GMAX         NAME    NUMBER
     10      -2.2582E+02     4.4101E+00     1.2492E+01     O2P         3

 BOND    =        2.1310  ANGLE   =        8.1379  DIHED      =       17.3178
 VDWAALS =        1.8869  EEL     =     -143.8791  EGB        =     -221.0672
 1-4 VDW =        5.1263  1-4 EEL =      104.5296  RESTRAINT  =        0.0000


   NSTEP       ENERGY          RMS            GMAX         NAME    NUMBER
     11      -2.2779E+02     3.4498E+00     9.2964E+00     O2P         3

 BOND    =        2.4227  ANGLE   =        7.9613  DIHED      =       17.2434
 VDWAALS =        1.4355  EEL     =     -143.7655  EGB        =     -221.9642
 1-4 VDW =        4.8728  1-4 EEL =      104.0041  RESTRAINT  =        0.0000


   NSTEP       ENERGY          RMS            GMAX         NAME    NUMBER
     12      -2.2947E+02     3.9532E+00     1.0895E+01     P           2

 BOND    =        2.4713  ANGLE   =        8.1572  DIHED      =       17.1216
 VDWAALS =        1.1233  EEL     =     -143.6900  EGB        =     -222.8598
 1-4 VDW =        4.6371  1-4 EEL =      103.5671  RESTRAINT  =        0.0000


   NSTEP       ENERGY          RMS            GMAX         NAME    NUMBER
     13      -2.2688E+02     1.7329E+01     6.8237E+01     C2         12

 BOND    =        7.3020  ANGLE   =        8.3039  DIHED      =       17.2016
 VDWAALS =        1.2170  EEL     =     -144.9197  EGB        =     -223.6135
 1-4 VDW =        4.3559  1-4 EEL =      103.2754  RESTRAINT  =        0.0000


   NSTEP       ENERGY          RMS            GMAX         NAME    NUMBER
     14      -2.3068E+02     4.4753E+00     1.8358E+01     P           2

 BOND    =        3.2526  ANGLE   =        8.0693  DIHED      =       17.1113
 VDWAALS =        1.1399  EEL     =     -144.3875  EGB        =     -223.6445
 1-4 VDW =        4.4069  1-4 EEL =      103.3768  RESTRAINT  =        0.0000


   NSTEP       ENERGY          RMS            GMAX         NAME    NUMBER
     15      -2.3035E+02     8.5334E+00     3.8533E+01     P           2

 BOND    =        3.2125  ANGLE   =        8.4338  DIHED      =       16.9539
 VDWAALS =        1.0691  EEL     =     -144.0879  EGB        =     -223.6594
 1-4 VDW =        4.3856  1-4 EEL =      103.3407  RESTRAINT  =        0.0000


   NSTEP       ENERGY          RMS            GMAX         NAME    NUMBER
     16      -2.3149E+02     2.5992E+00     5.8550E+00     C5          6

 BOND    =        2.7129  ANGLE   =        8.2390  DIHED      =       17.0201
 VDWAALS =        1.1378  EEL     =     -144.6172  EGB        =     -223.6585
 1-4 VDW =        4.3284  1-4 EEL =      103.3480  RESTRAINT  =        0.0000


   NSTEP       ENERGY          RMS            GMAX         NAME    NUMBER
     17      -2.3182E+02     3.6656E+00     1.2697E+01     P           2

 BOND    =        3.2471  ANGLE   =        8.1599  DIHED      =       17.0252
 VDWAALS =        1.2357  EEL     =     -145.0344  EGB        =     -224.0925
 1-4 VDW =        4.2575  1-4 EEL =      103.3782  RESTRAINT  =        0.0000


   NSTEP       ENERGY          RMS            GMAX         NAME    NUMBER
     18      -2.3191E+02     5.5611E+00     2.0157E+01     P           2

 BOND    =        2.9355  ANGLE   =        8.4166  DIHED      =       16.9315
 VDWAALS =        1.2261  EEL     =     -145.1497  EGB        =     -223.7982
 1-4 VDW =        4.2140  1-4 EEL =      103.3159  RESTRAINT  =        0.0000


   NSTEP       ENERGY          RMS            GMAX         NAME    NUMBER
     19      -2.3191E+02     7.3165E+00     2.9061E+01     C2         12

 BOND    =        3.9237  ANGLE   =        8.2059  DIHED      =       17.0087
 VDWAALS =        1.3739  EEL     =     -145.8180  EGB        =     -224.2451
 1-4 VDW =        4.1616  1-4 EEL =      103.4789  RESTRAINT  =        0.0000


   NSTEP       ENERGY          RMS            GMAX         NAME    NUMBER
     20      -2.3154E+02     1.0510E+01     5.2019E+01     C2         12

 BOND    =        3.8784  ANGLE   =        8.6281  DIHED      =       16.8738
 VDWAALS =        1.3466  EEL     =     -145.5553  EGB        =     -224.1375
 1-4 VDW =        4.1527  1-4 EEL =      103.2781  RESTRAINT  =        0.0000


   NSTEP       ENERGY          RMS            GMAX         NAME    NUMBER
     21      -2.3287E+02     2.4063E+00     6.4225E+00     P           2

 BOND    =        2.9107  ANGLE   =        8.3364  DIHED      =       16.9170
 VDWAALS =        1.3912  EEL     =     -145.8564  EGB        =     -224.1058
 1-4 VDW =        4.1334  1-4 EEL =      103.4063  RESTRAINT  =        0.0000


   NSTEP       ENERGY          RMS            GMAX         NAME    NUMBER
     22      -2.3306E+02     4.2862E+00     1.8519E+01     P           2

 BOND    =        3.5741  ANGLE   =        8.3273  DIHED      =       16.9321
 VDWAALS =        1.5678  EEL     =     -146.6631  EGB        =     -224.3642
 1-4 VDW =        4.0625  1-4 EEL =      103.5006  RESTRAINT  =        0.0000


   NSTEP       ENERGY          RMS            GMAX         NAME    NUMBER
     23      -2.3305E+02     6.0011E+00     2.6546E+01     P           2

 BOND    =        3.1877  ANGLE   =        8.4990  DIHED      =       16.8208
 VDWAALS =        1.5573  EEL     =     -146.3621  EGB        =     -224.2832
 1-4 VDW =        4.0733  1-4 EEL =      103.4548  RESTRAINT  =        0.0000


   NSTEP       ENERGY          RMS            GMAX         NAME    NUMBER
     24      -2.3364E+02     1.9268E+00     4.8567E+00     O3P         1

 BOND    =        3.0633  ANGLE   =        8.4016  DIHED      =       16.8651
 VDWAALS =        1.6435  EEL     =     -146.8871  EGB        =     -224.2678
 1-4 VDW =        4.0351  1-4 EEL =      103.5104  RESTRAINT  =        0.0000


   NSTEP       ENERGY          RMS            GMAX         NAME    NUMBER
     25      -2.3393E+02     2.3074E+00     6.4629E+00     O5          5

 BOND    =        3.3567  ANGLE   =        8.4231  DIHED      =       16.8455
 VDWAALS =        1.7991  EEL     =     -147.4206  EGB        =     -224.5253
 1-4 VDW =        3.9987  1-4 EEL =      103.5928  RESTRAINT  =        0.0000


   NSTEP       ENERGY          RMS            GMAX         NAME    NUMBER
     26      -2.3412E+02     3.5577E+00     1.3310E+01     P           2

 BOND    =        3.0984  ANGLE   =        8.5145  DIHED      =       16.8011
 VDWAALS =        1.8975  EEL     =     -147.7890  EGB        =     -224.1972
 1-4 VDW =        3.9645  1-4 EEL =      103.5948  RESTRAINT  =        0.0000


   NSTEP       ENERGY          RMS            GMAX         NAME    NUMBER
     27      -2.3419E+02     4.7259E+00     1.6337E+01     P           2

 BOND    =        3.9913  ANGLE   =        8.5089  DIHED      =       16.8054
 VDWAALS =        2.0957  EEL     =     -148.4212  EGB        =     -224.8573
 1-4 VDW =        3.9413  1-4 EEL =      103.7435  RESTRAINT  =        0.0000


   NSTEP       ENERGY          RMS            GMAX         NAME    NUMBER
     28      -2.3424E+02     5.7037E+00     1.9984E+01     P           2

 BOND    =        3.2654  ANGLE   =        8.6098  DIHED      =       16.7572
 VDWAALS =        2.1088  EEL     =     -148.4534  EGB        =     -224.1250
 1-4 VDW =        3.9254  1-4 EEL =      103.6684  RESTRAINT  =        0.0000


   NSTEP       ENERGY          RMS            GMAX         NAME    NUMBER
     29      -2.3410E+02     7.7311E+00     2.5458E+01     C2         12

 BOND    =        4.6862  ANGLE   =        8.6648  DIHED      =       16.7687
 VDWAALS =        2.3550  EEL     =     -149.2656  EGB        =     -225.0453
 1-4 VDW =        3.8990  1-4 EEL =      103.8378  RESTRAINT  =        0.0000


   NSTEP       ENERGY          RMS            GMAX         NAME    NUMBER
     30      -2.3496E+02     2.2463E+00     6.5501E+00     C2         12

 BOND    =        3.5256  ANGLE   =        8.5447  DIHED      =       16.7528
 VDWAALS =        2.3402  EEL     =     -149.1826  EGB        =     -224.6677
 1-4 VDW =        3.8988  1-4 EEL =      103.8290  RESTRAINT  =        0.0000


   NSTEP       ENERGY          RMS            GMAX         NAME    NUMBER
     31      -2.3499E+02     5.1068E+00     2.3649E+01     C2         12

 BOND    =        3.4838  ANGLE   =        8.7512  DIHED      =       16.7055
 VDWAALS =        2.4977  EEL     =     -149.6463  EGB        =     -224.4385
 1-4 VDW =        3.8679  1-4 EEL =      103.7903  RESTRAINT  =        0.0000


   NSTEP       ENERGY          RMS            GMAX         NAME    NUMBER
     32      -2.3488E+02     7.1850E+00     4.0151E+01     C2         12

 BOND    =        4.1650  ANGLE   =        8.5347  DIHED      =       16.7235
 VDWAALS =        2.6388  EEL     =     -150.0394  EGB        =     -224.7937
 1-4 VDW =        3.8708  1-4 EEL =      104.0249  RESTRAINT  =        0.0000


   NSTEP       ENERGY          RMS            GMAX         NAME    NUMBER
     33      -2.3548E+02     1.7829E+00     4.6910E+00     O5          5

 BOND    =        3.5785  ANGLE   =        8.6301  DIHED      =       16.7042
 VDWAALS =        2.6707  EEL     =     -150.1388  EGB        =     -224.7282
 1-4 VDW =        3.8573  1-4 EEL =      103.9495  RESTRAINT  =        0.0000


   NSTEP       ENERGY          RMS            GMAX         NAME    NUMBER
     34      -2.3568E+02     2.5338E+00     7.8728E+00     C2         12

 BOND    =        3.4737  ANGLE   =        8.7329  DIHED      =       16.6712
 VDWAALS =        2.8330  EEL     =     -150.5751  EGB        =     -224.6063
 1-4 VDW =        3.8356  1-4 EEL =      103.9579  RESTRAINT  =        0.0000


   NSTEP       ENERGY          RMS            GMAX         NAME    NUMBER
     35      -2.3568E+02     4.7644E+00     2.3799E+01     C2         12

 BOND    =        4.0474  ANGLE   =        8.6302  DIHED      =       16.6720
 VDWAALS =        3.0308  EEL     =     -151.1090  EGB        =     -224.9201
 1-4 VDW =        3.8284  1-4 EEL =      104.1398  RESTRAINT  =        0.0000


   NSTEP       ENERGY          RMS            GMAX         NAME    NUMBER
     36      -2.3567E+02     6.0509E+00     3.3227E+01     C2         12

 BOND    =        3.8489  ANGLE   =        8.9297  DIHED      =       16.6324
 VDWAALS =        3.1017  EEL     =     -151.2939  EGB        =     -224.6905
 1-4 VDW =        3.8053  1-4 EEL =      103.9992  RESTRAINT  =        0.0000


   NSTEP       ENERGY          RMS            GMAX         NAME    NUMBER
     37      -2.3610E+02     1.5864E+00     4.4720E+00     O1P         4

 BOND    =        3.6097  ANGLE   =        8.7561  DIHED      =       16.6399
 VDWAALS =        3.1465  EEL     =     -151.3994  EGB        =     -224.7489
 1-4 VDW =        3.8088  1-4 EEL =      104.0886  RESTRAINT  =        0.0000


   NSTEP       ENERGY          RMS            GMAX         NAME    NUMBER
     38      -2.3630E+02     1.8791E+00     4.8706E+00     O5          5

 BOND    =        3.8200  ANGLE   =        8.7571  DIHED      =       16.6245
 VDWAALS =        3.3563  EEL     =     -151.9305  EGB        =     -224.9049
 1-4 VDW =        3.7945  1-4 EEL =      104.1871  RESTRAINT  =        0.0000


   NSTEP       ENERGY          RMS            GMAX         NAME    NUMBER
     39      -2.3640E+02     3.3382E+00     1.3774E+01     C2         12

 BOND    =        3.6872  ANGLE   =        8.9246  DIHED      =       16.5892
 VDWAALS =        3.5202  EEL     =     -152.3097  EGB        =     -224.7362
 1-4 VDW =        3.7735  1-4 EEL =      104.1492  RESTRAINT  =        0.0000


   NSTEP       ENERGY          RMS            GMAX         NAME    NUMBER
     40      -2.3635E+02     5.2702E+00     2.8426E+01     C2         12

 BOND    =        4.2785  ANGLE   =        8.7287  DIHED      =       16.6007
 VDWAALS =        3.6985  EEL     =     -152.7421  EGB        =     -225.0359
 1-4 VDW =        3.7758  1-4 EEL =      104.3440  RESTRAINT  =        0.0000


   NSTEP       ENERGY          RMS            GMAX         NAME    NUMBER
     41      -2.3669E+02     1.5753E+00     4.2447E+00     O5          5

 BOND    =        3.8930  ANGLE   =        8.8420  DIHED      =       16.5838
 VDWAALS =        3.7298  EEL     =     -152.8165  EGB        =     -224.9659
 1-4 VDW =        3.7651  1-4 EEL =      104.2798  RESTRAINT  =        0.0000


   NSTEP       ENERGY          RMS            GMAX         NAME    NUMBER
     42      -2.3684E+02     1.8457E+00     4.5457E+00     O5          5

 BOND    =        3.7817  ANGLE   =        8.9306  DIHED      =       16.5595
 VDWAALS =        3.8790  EEL     =     -153.1407  EGB        =     -224.8705
 1-4 VDW =        3.7502  1-4 EEL =      104.2745  RESTRAINT  =        0.0000


   NSTEP       ENERGY          RMS            GMAX         NAME    NUMBER
     43      -2.3693E+02     2.7872E+00     1.0569E+01     C2         12

 BOND    =        4.1748  ANGLE   =        8.8513  DIHED      =       16.5568
 VDWAALS =        4.0956  EEL     =     -153.6442  EGB        =     -225.1163
 1-4 VDW =        3.7438  1-4 EEL =      104.4043  RESTRAINT  =        0.0000


   NSTEP       ENERGY          RMS            GMAX         NAME    NUMBER
     44      -2.3694E+02     4.2126E+00     2.0822E+01     C2         12

 BOND    =        3.9229  ANGLE   =        9.1208  DIHED      =       16.5195
 VDWAALS =        4.1879  EEL     =     -153.8183  EGB        =     -224.8916
 1-4 VDW =        3.7233  1-4 EEL =      104.2954  RESTRAINT  =        0.0000


   NSTEP       ENERGY          RMS            GMAX         NAME    NUMBER
     45      -2.3691E+02     5.4609E+00     3.0976E+01     C2         12

 BOND    =        4.4366  ANGLE   =        8.8280  DIHED      =       16.5399
 VDWAALS =        4.3363  EEL     =     -154.1481  EGB        =     -225.1192
 1-4 VDW =        3.7315  1-4 EEL =      104.4841  RESTRAINT  =        0.0000


   NSTEP       ENERGY          RMS            GMAX         NAME    NUMBER
     46      -2.3726E+02     1.3806E+00     3.5512E+00     O5          5

 BOND    =        4.0550  ANGLE   =        8.9617  DIHED      =       16.5224
 VDWAALS =        4.3724  EEL     =     -154.2278  EGB        =     -225.0863
 1-4 VDW =        3.7205  1-4 EEL =      104.4215  RESTRAINT  =        0.0000


   NSTEP       ENERGY          RMS            GMAX         NAME    NUMBER
     47      -2.3740E+02     1.7650E+00     4.6349E+00     C2         12

 BOND    =        3.9748  ANGLE   =        9.0783  DIHED      =       16.4958
 VDWAALS =        4.5551  EEL     =     -154.5909  EGB        =     -225.0362
 1-4 VDW =        3.7036  1-4 EEL =      104.4172  RESTRAINT  =        0.0000


   NSTEP       ENERGY          RMS            GMAX         NAME    NUMBER
     48      -2.3744E+02     3.3409E+00     1.5635E+01     C2         12

 BOND    =        4.4349  ANGLE   =        8.9320  DIHED      =       16.4997
 VDWAALS =        4.7817  EEL     =     -155.0805  EGB        =     -225.2556
 1-4 VDW =        3.6996  1-4 EEL =      104.5475  RESTRAINT  =        0.0000


   NSTEP       ENERGY          RMS            GMAX         NAME    NUMBER
     49      -2.3742E+02     4.6343E+00     2.5081E+01     C2         12

 BOND    =        4.1555  ANGLE   =        9.2906  DIHED      =       16.4580
 VDWAALS =        4.8568  EEL     =     -155.1902  EGB        =     -225.0893
 1-4 VDW =        3.6786  1-4 EEL =      104.4221  RESTRAINT  =        0.0000


   NSTEP       ENERGY          RMS            GMAX         NAME    NUMBER
     50      -2.3768E+02     1.3032E+00     3.2118E+00     O1P         4

 BOND    =        4.1037  ANGLE   =        9.1111  DIHED      =       16.4690
 VDWAALS =        4.9096  EEL     =     -155.3007  EGB        =     -225.1454
 1-4 VDW =        3.6822  1-4 EEL =      104.4932  RESTRAINT  =        0.0000


   NSTEP       ENERGY          RMS            GMAX         NAME    NUMBER
     51      -2.3779E+02     1.5658E+00     3.9770E+00     O5          5

 BOND    =        4.3271  ANGLE   =        9.0703  DIHED      =       16.4630
 VDWAALS =        5.1154  EEL     =     -155.7192  EGB        =     -225.2783
 1-4 VDW =        3.6737  1-4 EEL =      104.5578  RESTRAINT  =        0.0000


   NSTEP       ENERGY          RMS            GMAX         NAME    NUMBER
     52      -2.3569E+02     1.3264E+01     4.0393E+01     C2         12

 BOND    =        5.3246  ANGLE   =       10.4303  DIHED      =       16.3123
 VDWAALS =        5.7820  EEL     =     -156.6697  EGB        =     -224.7967
 1-4 VDW =        3.6033  1-4 EEL =      104.3284  RESTRAINT  =        0.0000


   NSTEP       ENERGY          RMS            GMAX         NAME    NUMBER
     53      -2.3787E+02     1.6868E+00     4.1817E+00     C2         12

 BOND    =        4.1396  ANGLE   =        9.2193  DIHED      =       16.4386
 VDWAALS =        5.2155  EEL     =     -155.8716  EGB        =     -225.1948
 1-4 VDW =        3.6614  1-4 EEL =      104.5212  RESTRAINT  =        0.0000


   NSTEP       ENERGY          RMS            GMAX         NAME    NUMBER
     54      -2.3802E+02     1.6572E+00     4.1924E+00     O5          5

 BOND    =        4.1992  ANGLE   =        9.2439  DIHED      =       16.4213
 VDWAALS =        5.4602  EEL     =     -156.3202  EGB        =     -225.2276
 1-4 VDW =        3.6466  1-4 EEL =      104.5522  RESTRAINT  =        0.0000


   NSTEP       ENERGY          RMS            GMAX         NAME    NUMBER
     55      -2.3855E+02     6.2580E+00     3.0929E+01     C2         12

 BOND    =        5.1692  ANGLE   =        9.5302  DIHED      =       16.2903
 VDWAALS =        7.7899  EEL     =     -160.0685  EGB        =     -225.6022
 1-4 VDW =        3.5393  1-4 EEL =      104.7981  RESTRAINT  =        0.0000


   NSTEP       ENERGY          RMS            GMAX         NAME    NUMBER
     56      -2.3931E+02     2.6970E+00     9.1342E+00     C2         12

 BOND    =        6.0030  ANGLE   =       10.1604  DIHED      =       16.1313
 VDWAALS =       11.6114  EEL     =     -165.0945  EGB        =     -226.5892
 1-4 VDW =        3.4240  1-4 EEL =      105.0480  RESTRAINT  =        0.0000


   NSTEP       ENERGY          RMS            GMAX         NAME    NUMBER
     57      -2.3931E+02     2.7346E+00     9.5354E+00     C2         12

 BOND    =        5.9812  ANGLE   =       10.1467  DIHED      =       16.1341
 VDWAALS =       11.5273  EEL     =     -164.9957  EGB        =     -226.5687
 1-4 VDW =        3.4260  1-4 EEL =      105.0433  RESTRAINT  =        0.0000


   NSTEP       ENERGY          RMS            GMAX         NAME    NUMBER
     58      -2.3944E+02     1.1421E+00     3.9922E+00     C2         12

 BOND    =        5.8811  ANGLE   =       10.2131  DIHED      =       16.1463
 VDWAALS =       10.3373  EEL     =     -163.8601  EGB        =     -226.4862
 1-4 VDW =        3.4233  1-4 EEL =      104.9063  RESTRAINT  =        0.0000


   NSTEP       ENERGY          RMS            GMAX         NAME    NUMBER
     59      -2.3944E+02     1.0212E+00     3.9414E+00     O1P         4

 BOND    =        5.8815  ANGLE   =       10.2052  DIHED      =       16.1451
 VDWAALS =       10.4456  EEL     =     -163.9673  EGB        =     -226.4934
 1-4 VDW =        3.4235  1-4 EEL =      104.9194  RESTRAINT  =        0.0000


   NSTEP       ENERGY          RMS            GMAX         NAME    NUMBER
     60      -2.3947E+02     7.9916E-01     3.2881E+00     O1P         4

 BOND    =        5.8231  ANGLE   =       10.1684  DIHED      =       16.1514
 VDWAALS =       10.2135  EEL     =     -163.6503  EGB        =     -226.4913
 1-4 VDW =        3.4185  1-4 EEL =      104.8951  RESTRAINT  =        0.0000


   NSTEP       ENERGY          RMS            GMAX         NAME    NUMBER
     61      -2.3949E+02     1.2994E+00     5.6244E+00     C2         12

 BOND    =        5.7523  ANGLE   =       10.1159  DIHED      =       16.1615
 VDWAALS =        9.8559  EEL     =     -163.1536  EGB        =     -226.4896
 1-4 VDW =        3.4107  1-4 EEL =      104.8566  RESTRAINT  =        0.0000


   NSTEP       ENERGY          RMS            GMAX         NAME    NUMBER
     62      -2.3956E+02     9.7797E-01     2.7661E+00     C2         12

 BOND    =        5.3680  ANGLE   =       10.1234  DIHED      =       16.1616
 VDWAALS =        9.4593  EEL     =     -162.3618  EGB        =     -226.4590
 1-4 VDW =        3.3884  1-4 EEL =      104.7574  RESTRAINT  =        0.0000


   NSTEP       ENERGY          RMS            GMAX         NAME    NUMBER
     63      -2.3958E+02     1.3797E+00     4.4412E+00     O4          8

 BOND    =        5.1019  ANGLE   =       10.1374  DIHED      =       16.1617
 VDWAALS =        9.1593  EEL     =     -161.7532  EGB        =     -226.4379
 1-4 VDW =        3.3714  1-4 EEL =      104.6796  RESTRAINT  =        0.0000


   NSTEP       ENERGY          RMS            GMAX         NAME    NUMBER
     64      -2.3970E+02     1.4387E+00     4.3108E+00     O5          5

 BOND    =        4.9581  ANGLE   =       10.3947  DIHED      =       16.1240
 VDWAALS =        9.0532  EEL     =     -161.4228  EGB        =     -226.5778
 1-4 VDW =        3.3022  1-4 EEL =      104.4663  RESTRAINT  =        0.0000


   NSTEP       ENERGY          RMS            GMAX         NAME    NUMBER
     65      -2.3972E+02     2.0241E+00     5.8061E+00     C2         12

 BOND    =        4.9115  ANGLE   =       10.5546  DIHED      =       16.1036
 VDWAALS =        8.9968  EEL     =     -161.2424  EGB        =     -226.6587
 1-4 VDW =        3.2660  1-4 EEL =      104.3492  RESTRAINT  =        0.0000


   NSTEP       ENERGY          RMS            GMAX         NAME    NUMBER
     66      -2.3987E+02     1.4824E+00     4.7098E+00     O5          5

 BOND    =        5.3586  ANGLE   =       10.9544  DIHED      =       16.0628
 VDWAALS =        9.4922  EEL     =     -161.9059  EGB        =     -226.8894
 1-4 VDW =        3.1384  1-4 EEL =      103.9153  RESTRAINT  =        0.0000


   NSTEP       ENERGY          RMS            GMAX         NAME    NUMBER
     67      -2.3988E+02     1.6061E+00     5.0157E+00     O1P         4

 BOND    =        5.4168  ANGLE   =       11.0034  DIHED      =       16.0583
 VDWAALS =        9.5467  EEL     =     -161.9781  EGB        =     -226.9162
 1-4 VDW =        3.1253  1-4 EEL =      103.8687  RESTRAINT  =        0.0000


   NSTEP       ENERGY          RMS            GMAX         NAME    NUMBER
     68      -2.4001E+02     9.3279E-01     2.5490E+00     C4          7

 BOND    =        5.6089  ANGLE   =       11.3666  DIHED      =       16.0073
 VDWAALS =       10.1434  EEL     =     -162.6981  EGB        =     -226.9332
 1-4 VDW =        3.0554  1-4 EEL =      103.4407  RESTRAINT  =        0.0000


   NSTEP       ENERGY          RMS            GMAX         NAME    NUMBER
     69      -2.4003E+02     1.1526E+00     4.3162E+00     C4          7

 BOND    =        5.7408  ANGLE   =       11.5608  DIHED      =       15.9814
 VDWAALS =       10.4525  EEL     =     -163.0623  EGB        =     -226.9486
 1-4 VDW =        3.0213  1-4 EEL =      103.2282  RESTRAINT  =        0.0000


   NSTEP       ENERGY          RMS            GMAX         NAME    NUMBER
     70      -2.4007E+02     1.6979E+00     6.6597E+00     C4          7

 BOND    =        6.0455  ANGLE   =       11.8964  DIHED      =       15.9291
 VDWAALS =       10.7948  EEL     =     -163.7220  EGB        =     -226.8945
 1-4 VDW =        3.0007  1-4 EEL =      102.8818  RESTRAINT  =        0.0000


   NSTEP       ENERGY          RMS            GMAX         NAME    NUMBER
     71      -2.4008E+02     1.0664E+00     3.0767E+00     C4          7

 BOND    =        5.9238  ANGLE   =       11.7810  DIHED      =       15.9464
 VDWAALS =       10.6818  EEL     =     -163.5057  EGB        =     -226.9112
 1-4 VDW =        3.0073  1-4 EEL =      102.9952  RESTRAINT  =        0.0000


   NSTEP       ENERGY          RMS            GMAX         NAME    NUMBER
     72      -2.4015E+02     1.0816E+00     2.8473E+00     C2         12

 BOND    =        5.9433  ANGLE   =       11.9280  DIHED      =       15.9163
 VDWAALS =       10.8963  EEL     =     -163.6661  EGB        =     -226.8574
 1-4 VDW =        2.9918  1-4 EEL =      102.6976  RESTRAINT  =        0.0000


   NSTEP       ENERGY          RMS            GMAX         NAME    NUMBER
     73      -2.4017E+02     1.7868E+00     6.7820E+00     C2         12

 BOND    =        5.9915  ANGLE   =       12.0613  DIHED      =       15.8901
 VDWAALS =       11.0791  EEL     =     -163.7999  EGB        =     -226.8157
 1-4 VDW =        2.9789  1-4 EEL =      102.4462  RESTRAINT  =        0.0000


   NSTEP       ENERGY          RMS            GMAX         NAME    NUMBER
     74      -2.4030E+02     1.2009E+00     3.7892E+00     O5          5

 BOND    =        5.9100  ANGLE   =       12.3620  DIHED      =       15.8337
 VDWAALS =       11.0732  EEL     =     -163.5180  EGB        =     -226.7170
 1-4 VDW =        2.9328  1-4 EEL =      101.8192  RESTRAINT  =        0.0000


   NSTEP       ENERGY          RMS            GMAX         NAME    NUMBER
     75      -2.4037E+02     1.6993E+00     4.4156E+00     C4          7

 BOND    =        5.8841  ANGLE   =       12.7929  DIHED      =       15.7580
 VDWAALS =       11.0638  EEL     =     -163.1514  EGB        =     -226.6154
 1-4 VDW =        2.8768  1-4 EEL =      101.0247  RESTRAINT  =        0.0000


   NSTEP       ENERGY          RMS            GMAX         NAME    NUMBER
     76      -2.4039E+02     1.3275E+00     3.8274E+00     O5          5

 BOND    =        5.8524  ANGLE   =       12.7762  DIHED      =       15.7587
 VDWAALS =       11.0448  EEL     =     -163.1188  EGB        =     -226.5973
 1-4 VDW =        2.8735  1-4 EEL =      101.0180  RESTRAINT  =        0.0000


   NSTEP       ENERGY          RMS            GMAX         NAME    NUMBER
     77      -2.4042E+02     9.9423E-01     3.3376E+00     O5          5

 BOND    =        5.8213  ANGLE   =       12.7566  DIHED      =       15.7593
 VDWAALS =       11.0157  EEL     =     -163.0684  EGB        =     -226.5813
 1-4 VDW =        2.8694  1-4 EEL =      101.0107  RESTRAINT  =        0.0000


   NSTEP       ENERGY          RMS            GMAX         NAME    NUMBER
     78      -2.4044E+02     7.5103E-01     2.6334E+00     O5          5

 BOND    =        5.7922  ANGLE   =       12.7362  DIHED      =       15.7597
 VDWAALS =       10.9706  EEL     =     -162.9900  EGB        =     -226.5749
 1-4 VDW =        2.8643  1-4 EEL =      101.0040  RESTRAINT  =        0.0000


   NSTEP       ENERGY          RMS            GMAX         NAME    NUMBER
     79      -2.4046E+02     5.8663E-01     1.7685E+00     O5          5

 BOND    =        5.7668  ANGLE   =       12.7221  DIHED      =       15.7591
 VDWAALS =       10.9032  EEL     =     -162.8784  EGB        =     -226.5888
 1-4 VDW =        2.8582  1-4 EEL =      101.0001  RESTRAINT  =        0.0000


   NSTEP       ENERGY          RMS            GMAX         NAME    NUMBER
     80      -2.3611E+02     9.0418E+00     3.4715E+01     O5          5

 BOND    =        7.9053  ANGLE   =       14.2114  DIHED      =       15.6833
 VDWAALS =        7.2835  EEL     =     -156.7843  EGB        =     -228.0833
 1-4 VDW =        2.5833  1-4 EEL =      101.0895  RESTRAINT  =        0.0000


   NSTEP       ENERGY          RMS            GMAX         NAME    NUMBER
     81      -2.4050E+02     6.5353E-01     1.9482E+00     H3         15

 BOND    =        5.6875  ANGLE   =       12.7127  DIHED      =       15.7537
 VDWAALS =       10.5074  EEL     =     -162.2827  EGB        =     -226.7176
 1-4 VDW =        2.8279  1-4 EEL =      101.0070  RESTRAINT  =        0.0000


   NSTEP       ENERGY          RMS            GMAX         NAME    NUMBER
     82      -2.4055E+02     1.2790E+00     6.0792E+00     C2         12

 BOND    =        5.5450  ANGLE   =       12.6124  DIHED      =       15.7590
 VDWAALS =       10.0505  EEL     =     -161.7390  EGB        =     -226.7302
 1-4 VDW =        2.8234  1-4 EEL =      101.1285  RESTRAINT  =        0.0000


   NSTEP       ENERGY          RMS            GMAX         NAME    NUMBER
     83      -2.4055E+02     1.2728E+00     6.0470E+00     C2         12

 BOND    =        5.5456  ANGLE   =       12.6128  DIHED      =       15.7589
 VDWAALS =       10.0527  EEL     =     -161.7416  EGB        =     -226.7302
 1-4 VDW =        2.8234  1-4 EEL =      101.1279  RESTRAINT  =        0.0000


   NSTEP       ENERGY          RMS            GMAX         NAME    NUMBER
     84      -2.4060E+02     9.5139E-01     2.9004E+00     C2         12

 BOND    =        5.3193  ANGLE   =       12.6447  DIHED      =       15.7541
 VDWAALS =        9.6821  EEL     =     -161.2879  EGB        =     -226.7851
 1-4 VDW =        2.8342  1-4 EEL =      101.2400  RESTRAINT  =        0.0000


   NSTEP       ENERGY          RMS            GMAX         NAME    NUMBER
     85      -2.4060E+02     9.7773E-01     3.1528E+00     C2         12

 BOND    =        5.3139  ANGLE   =       12.6459  DIHED      =       15.7539
 VDWAALS =        9.6718  EEL     =     -161.2752  EGB        =     -226.7867
 1-4 VDW =        2.8346  1-4 EEL =      101.2432  RESTRAINT  =        0.0000


   NSTEP       ENERGY          RMS            GMAX         NAME    NUMBER
     86      -2.4064E+02     7.8778E-01     2.0847E+00     C4          7

 BOND    =        5.2072  ANGLE   =       12.6353  DIHED      =       15.7536
 VDWAALS =        9.5538  EEL     =     -161.1420  EGB        =     -226.7986
 1-4 VDW =        2.8555  1-4 EEL =      101.2961  RESTRAINT  =        0.0000


   NSTEP       ENERGY          RMS            GMAX         NAME    NUMBER
     87      -2.4065E+02     1.1646E+00     2.7768E+00     O3P         1

 BOND    =        5.1442  ANGLE   =       12.6335  DIHED      =       15.7531
 VDWAALS =        9.4681  EEL     =     -161.0447  EGB        =     -226.8089
 1-4 VDW =        2.8710  1-4 EEL =      101.3356  RESTRAINT  =        0.0000


   NSTEP       ENERGY          RMS            GMAX         NAME    NUMBER
     88      -2.4071E+02     7.9932E-01     1.7447E+00     P           2

 BOND    =        5.1057  ANGLE   =       12.6014  DIHED      =       15.7546
 VDWAALS =        9.3441  EEL     =     -161.0481  EGB        =     -226.6958
 1-4 VDW =        2.8938  1-4 EEL =      101.3316  RESTRAINT  =        0.0000


   NSTEP       ENERGY          RMS            GMAX         NAME    NUMBER
     89      -2.4072E+02     1.0340E+00     3.5122E+00     P           2

 BOND    =        5.1005  ANGLE   =       12.5976  DIHED      =       15.7548
 VDWAALS =        9.2928  EEL     =     -161.0484  EGB        =     -226.6515
 1-4 VDW =        2.9037  1-4 EEL =      101.3315  RESTRAINT  =        0.0000


   NSTEP       ENERGY          RMS            GMAX         NAME    NUMBER
     90      -2.4077E+02     9.6137E-01     2.9247E+00     P           2

 BOND    =        5.2859  ANGLE   =       12.7213  DIHED      =       15.7418
 VDWAALS =        9.2500  EEL     =     -161.1853  EGB        =     -226.6922
 1-4 VDW =        2.9082  1-4 EEL =      101.1999  RESTRAINT  =        0.0000


   NSTEP       ENERGY          RMS            GMAX         NAME    NUMBER
     91      -2.4077E+02     8.7613E-01     2.3788E+00     P           2

 BOND    =        5.2667  ANGLE   =       12.7092  DIHED      =       15.7429
 VDWAALS =        9.2535  EEL     =     -161.1737  EGB        =     -226.6881
 1-4 VDW =        2.9078  1-4 EEL =      101.2107  RESTRAINT  =        0.0000


   NSTEP       ENERGY          RMS            GMAX         NAME    NUMBER
     92      -2.4080E+02     8.1548E-01     2.3209E+00     P           2

 BOND    =        5.4695  ANGLE   =       12.7517  DIHED      =       15.7540
 VDWAALS =        9.3962  EEL     =     -161.4076  EGB        =     -226.7333
 1-4 VDW =        2.8909  1-4 EEL =      101.0752  RESTRAINT  =        0.0000


   NSTEP       ENERGY          RMS            GMAX         NAME    NUMBER
     93      -2.4080E+02     7.2235E-01     1.8129E+00     P           2

 BOND    =        5.4445  ANGLE   =       12.7461  DIHED      =       15.7529
 VDWAALS =        9.3806  EEL     =     -161.3823  EGB        =     -226.7281
 1-4 VDW =        2.8926  1-4 EEL =      101.0896  RESTRAINT  =        0.0000


   NSTEP       ENERGY          RMS            GMAX         NAME    NUMBER
     94      -2.4083E+02     5.2726E-01     1.3304E+00     H7         19

 BOND    =        5.4748  ANGLE   =       12.7039  DIHED      =       15.7571
 VDWAALS =        9.4537  EEL     =     -161.4028  EGB        =     -226.7356
 1-4 VDW =        2.8931  1-4 EEL =      101.0237  RESTRAINT  =        0.0000


   NSTEP       ENERGY          RMS            GMAX         NAME    NUMBER
     95      -2.4083E+02     6.5272E-01     1.5570E+00     O2         13

 BOND    =        5.4882  ANGLE   =       12.6938  DIHED      =       15.7583
 VDWAALS =        9.4762  EEL     =     -161.4090  EGB        =     -226.7384
 1-4 VDW =        2.8934  1-4 EEL =      101.0039  RESTRAINT  =        0.0000


   NSTEP       ENERGY          RMS            GMAX         NAME    NUMBER
     96      -2.4086E+02     6.2528E-01     1.9703E+00     C2         12

 BOND    =        5.5324  ANGLE   =       12.7313  DIHED      =       15.7607
 VDWAALS =        9.4811  EEL     =     -161.4786  EGB        =     -226.7950
 1-4 VDW =        2.9104  1-4 EEL =      100.9955  RESTRAINT  =        0.0000


   NSTEP       ENERGY          RMS            GMAX         NAME    NUMBER
     97      -2.4086E+02     7.3817E-01     2.3602E+00     C2         12

 BOND    =        5.5451  ANGLE   =       12.7398  DIHED      =       15.7611
 VDWAALS =        9.4821  EEL     =     -161.4923  EGB        =     -226.8068
 1-4 VDW =        2.9139  1-4 EEL =      100.9941  RESTRAINT  =        0.0000


   NSTEP       ENERGY          RMS            GMAX         NAME    NUMBER
     98      -2.4089E+02     1.2028E+00     5.7155E+00     C2         12

 BOND    =        5.5256  ANGLE   =       12.7839  DIHED      =       15.7569
 VDWAALS =        9.4679  EEL     =     -161.4542  EGB        =     -226.8967
 1-4 VDW =        2.9453  1-4 EEL =      100.9845  RESTRAINT  =        0.0000


   NSTEP       ENERGY          RMS            GMAX         NAME    NUMBER
     99      -2.4089E+02     1.0043E+00     4.4212E+00     C2         12

 BOND    =        5.5252  ANGLE   =       12.7757  DIHED      =       15.7576
 VDWAALS =        9.4702  EEL     =     -161.4605  EGB        =     -226.8819
 1-4 VDW =        2.9402  1-4 EEL =      100.9857  RESTRAINT  =        0.0000


   NSTEP       ENERGY          RMS            GMAX         NAME    NUMBER
    100      -2.4092E+02     6.2362E-01     1.5585E+00     O3'        11

 BOND    =        5.4363  ANGLE   =       12.7807  DIHED      =       15.7546
 VDWAALS =        9.4434  EEL     =     -161.3388  EGB        =     -226.9613
 1-4 VDW =        2.9652  1-4 EEL =      100.9960  RESTRAINT  =        0.0000


  Maximum number of minimization cycles reached.


                    FINAL RESULTS



   NSTEP       ENERGY          RMS            GMAX         NAME    NUMBER
    100      -2.4092E+02     6.2362E-01     1.5585E+00     O3'        11

 BOND    =        5.4363  ANGLE   =       12.7807  DIHED      =       15.7546
 VDWAALS =        9.4434  EEL     =     -161.3388  EGB        =     -226.9613
 1-4 VDW =        2.9652  1-4 EEL =      100.9960  RESTRAINT  =        0.0000

--------------------------------------------------------------------------------
   5.  TIMINGS
--------------------------------------------------------------------------------

|    Read coords time           0.00 ( 0.60% of Total)
|    Fast Water setup           0.00 ( 0.02% of Total)
|                Calc gb radii              0.01 (30.40% of Gen B)
|                Calc gb diag               0.01 (42.80% of Gen B)
|                Calc gb off-diag           0.01 (26.36% of Gen B)
|                Other                      0.00 ( 0.44% of Gen B)
|             Gen Born time              0.02 (100.0% of Nonbo)
|             IPS excludes               0.00 ( 0.07% of Nonbo)
|          Nonbond force              0.02 (85.42% of Force)
|          Bond/Angle/Dihedral        0.00 (13.72% of Force)
|          Other                      0.00 ( 0.86% of Force)
|       Force time                 0.02 (100.0% of Runmd)
|    Runmd Time                 0.02 (61.49% of Total)
|    Other                      0.01 (37.88% of Total)
| Total time                 0.04 (99.86% of ALL  )

| Number of list builds   :          0

| Highest rstack allocated:          0
| Highest istack allocated:          0
|           Job began  at 14:27:18.517  on 05/22/2015
|           Setup done at 14:27:18.520  on 05/22/2015
|           Run   done at 14:27:18.556  on 05/22/2015
|     wallclock() was called    1828 times
