
          -------------------------------------------------------
          Amber 14 SANDER                              2014
          -------------------------------------------------------

| Run on 05/22/2015 at 14:29:03

|   Executable path: sander
| Working directory: /net/chevy/raid1/nigel/amber/library/amber_library/d
|          Hostname: chevy.lbl.gov

  [-O]verwriting output

File Assignments:
|  MDIN: sander.in                                                             
| MDOUT: DZ8.min.out                                                           
|INPCRD: DZ8.rst7                                                              
|  PARM: DZ8.prmtop                                                            
|RESTRT: DZ8.min.rst7                                                          
|  REFC: refc                                                                  
| MDVEL: mdvel                                                                 
| MDFRC: mdfrc                                                                 
|  MDEN: mden                                                                  
| MDCRD: mdcrd                                                                 
|MDINFO: mdinfo                                                                
|  MTMD: mtmd                                                                  
|INPDIP: inpdip                                                                
|RSTDIP: rstdip                                                                
|INPTRA: inptraj                                                               


 Here is the input file:

  short minimization                                                           
 &cntrl                                                                        
   imin=1, maxcyc=100, ncyc=50, ntpr=1, cut=99., ntb=0,                        
 /                                                                             

--------------------------------------------------------------------------------
   1.  RESOURCE   USE: 
--------------------------------------------------------------------------------

| Flags:                                                                        
|    NONPERIODIC   ntb=0 and igb=0: Setting up nonperiodic simulation
|  *** cutoff > system size, list only builds once
|Largest sphere to fit in unit cell has radius =    34.234
| New format PARM file being parsed.
| Version =    1.000 Date = 05/22/15 Time = 14:29:03
 NATOM  =      52 NTYPES =      12 NBONH =      23 MBONA  =      32
 NTHETH =      52 MTHETA =      46 NPHIH =      80 MPHIA  =      71
 NHPARM =       0 NPARM  =       0 NNB   =     283 NRES   =       1
 NBONA  =      32 NTHETA =      46 NPHIA =      71 NUMBND =      23
 NUMANG =      44 NPTRA  =      13 NATYP =      17 NPHB   =       0
 IFBOX  =       0 NMXRS  =      52 IFCAP =       0 NEXTRA =       0
 NCOPY  =       0


|     Memory Use     Allocated
|     Real                8504
|     Hollerith            159
|     Integer            29175
|     Max Pairs           1326
|     nblistReal           624
|     nblist Int       1109798
|       Total             4526 kbytes

| Note: 1-4 EEL scale factors are being read from the topology file.

| Note: 1-4 VDW scale factors are being read from the topology file.
| Duplicated    0 dihedrals
| Duplicated    0 dihedrals

--------------------------------------------------------------------------------
   2.  CONTROL  DATA  FOR  THE  RUN
--------------------------------------------------------------------------------

DZ8                                                                             

General flags:
     imin    =       1, nmropt  =       0

Nature and format of input:
     ntx     =       1, irest   =       0, ntrx    =       1

Nature and format of output:
     ntxo    =       1, ntpr    =       1, ntrx    =       1, ntwr    =     500
     iwrap   =       0, ntwx    =       0, ntwv    =       0, ntwe    =       0
     ioutfm  =       0, ntwprt  =       0, idecomp =       0, rbornstat=      0

Potential function:
     ntf     =       1, ntb     =       0, igb     =       0, nsnb    =      25
     ipol    =       0, gbsa    =       0, iesp    =       0
     dielc   =   1.00000, cut     =  99.00000, intdiel =   1.00000

Frozen or restrained atoms:
     ibelly  =       0, ntr     =       0

Energy minimization:
     maxcyc  =     100, ncyc    =      50, ntmin   =       1
     dx0     =   0.01000, drms    =   0.00010
|  INFO: Old style inpcrd file read


--------------------------------------------------------------------------------
   3.  ATOMIC COORDINATES AND VELOCITIES
--------------------------------------------------------------------------------

DZ8                                                                             
 begin time read from input coords =     0.000 ps

 Number of triangulated 3-point waters found:        0

     Sum of charges from parm topology file =   0.99999800

--------------------------------------------------------------------------------
   4.  RESULTS
--------------------------------------------------------------------------------

 ---------------------------------------------------

     eedmeth=4: Setting switch to one everywhere

 ---------------------------------------------------
| Local SIZE OF NONBOND LIST =       1051
| TOTAL SIZE OF NONBOND LIST =       1051


   NSTEP       ENERGY          RMS            GMAX         NAME    NUMBER
      1      -1.4553E+02     2.0253E+01     8.1813E+01     N9          8

 BOND    =       20.0203  ANGLE   =       29.7088  DIHED      =        7.0235
 VDWAALS =       -6.1503  EEL     =      151.6778  HBOND      =        0.0000
 1-4 VDW =        9.4486  1-4 EEL =     -357.2604  RESTRAINT  =        0.0000


   NSTEP       ENERGY          RMS            GMAX         NAME    NUMBER
      2      -1.4843E+02     1.8428E+01     7.3074E+01     N9          8

 BOND    =       17.7935  ANGLE   =       29.1017  DIHED      =        7.0150
 VDWAALS =       -6.1887  EEL     =      151.7415  HBOND      =        0.0000
 1-4 VDW =        9.4984  1-4 EEL =     -357.3899  RESTRAINT  =        0.0000


   NSTEP       ENERGY          RMS            GMAX         NAME    NUMBER
      3      -1.5155E+02     1.6371E+01     6.3024E+01     N9          8

 BOND    =       15.4242  ANGLE   =       28.4316  DIHED      =        7.0052
 VDWAALS =       -6.2371  EEL     =      151.8171  HBOND      =        0.0000
 1-4 VDW =        9.5639  1-4 EEL =     -357.5591  RESTRAINT  =        0.0000


   NSTEP       ENERGY          RMS            GMAX         NAME    NUMBER
      4      -1.5484E+02     1.4118E+01     5.1713E+01     N9          8

 BOND    =       12.9857  ANGLE   =       27.7084  DIHED      =        6.9940
 VDWAALS =       -6.2991  EEL     =      151.9069  HBOND      =        0.0000
 1-4 VDW =        9.6513  1-4 EEL =     -357.7843  RESTRAINT  =        0.0000


   NSTEP       ENERGY          RMS            GMAX         NAME    NUMBER
      5      -1.5817E+02     1.1760E+01     3.9464E+01     N9          8

 BOND    =       10.5807  ANGLE   =       26.9503  DIHED      =        6.9814
 VDWAALS =       -6.3793  EEL     =      152.0129  HBOND      =        0.0000
 1-4 VDW =        9.7703  1-4 EEL =     -358.0905  RESTRAINT  =        0.0000


   NSTEP       ENERGY          RMS            GMAX         NAME    NUMBER
      6      -1.6145E+02     9.4597E+00     3.7239E+01     N3         10

 BOND    =        8.3267  ANGLE   =       26.1858  DIHED      =        6.9679
 VDWAALS =       -6.4843  EEL     =      152.1380  HBOND      =        0.0000
 1-4 VDW =        9.9350  1-4 EEL =     -358.5158  RESTRAINT  =        0.0000


   NSTEP       ENERGY          RMS            GMAX         NAME    NUMBER
      7      -1.6455E+02     7.3892E+00     3.2263E+01     N3         10

 BOND    =        6.3252  ANGLE   =       25.4528  DIHED      =        6.9544
 VDWAALS =       -6.6218  EEL     =      152.2866  HBOND      =        0.0000
 1-4 VDW =       10.1638  1-4 EEL =     -359.1141  RESTRAINT  =        0.0000


   NSTEP       ENERGY          RMS            GMAX         NAME    NUMBER
      8      -1.6742E+02     5.5960E+00     2.3843E+01     N3         10

 BOND    =        4.6492  ANGLE   =       24.7910  DIHED      =        6.9438
 VDWAALS =       -6.7983  EEL     =      152.4715  HBOND      =        0.0000
 1-4 VDW =       10.4726  1-4 EEL =     -359.9503  RESTRAINT  =        0.0000


   NSTEP       ENERGY          RMS            GMAX         NAME    NUMBER
      9      -1.6997E+02     4.0802E+00     1.4202E+01     HN62       45

 BOND    =        3.3979  ANGLE   =       24.2166  DIHED      =        6.9415
 VDWAALS =       -7.0170  EEL     =      152.7291  HBOND      =        0.0000
 1-4 VDW =       10.8566  1-4 EEL =     -361.0950  RESTRAINT  =        0.0000


   NSTEP       ENERGY          RMS            GMAX         NAME    NUMBER
     10      -1.7217E+02     2.9488E+00     1.3582E+01     HN62       45

 BOND    =        2.6632  ANGLE   =       23.7490  DIHED      =        6.9528
 VDWAALS =       -7.2754  EEL     =      153.1097  HBOND      =        0.0000
 1-4 VDW =       11.2579  1-4 EEL =     -362.6297  RESTRAINT  =        0.0000


   NSTEP       ENERGY          RMS            GMAX         NAME    NUMBER
     11      -1.7407E+02     2.1785E+00     1.1988E+01     HN62       45

 BOND    =        2.3022  ANGLE   =       23.6651  DIHED      =        6.9711
 VDWAALS =       -7.5453  EEL     =      153.5792  HBOND      =        0.0000
 1-4 VDW =       11.5713  1-4 EEL =     -364.6123  RESTRAINT  =        0.0000


   NSTEP       ENERGY          RMS            GMAX         NAME    NUMBER
     12      -1.7507E+02     4.7614E+00     1.5702E+01     C6'        21

 BOND    =        3.4253  ANGLE   =       23.1159  DIHED      =        6.9906
 VDWAALS =       -7.7676  EEL     =      154.2618  HBOND      =        0.0000
 1-4 VDW =       11.8421  1-4 EEL =     -366.9377  RESTRAINT  =        0.0000


   NSTEP       ENERGY          RMS            GMAX         NAME    NUMBER
     13      -1.6902E+02     1.6842E+01     5.8479E+01     C5'        22

 BOND    =        6.5801  ANGLE   =       27.3600  DIHED      =        6.9843
 VDWAALS =       -7.8428  EEL     =      153.8828  HBOND      =        0.0000
 1-4 VDW =       11.9816  1-4 EEL =     -367.9614  RESTRAINT  =        0.0000


   NSTEP       ENERGY          RMS            GMAX         NAME    NUMBER
     14      -1.7527E+02     5.7116E+00     1.8885E+01     C6'        21

 BOND    =        2.6404  ANGLE   =       24.6954  DIHED      =        6.9873
 VDWAALS =       -7.8407  EEL     =      154.1994  HBOND      =        0.0000
 1-4 VDW =       11.9341  1-4 EEL =     -367.8833  RESTRAINT  =        0.0000


   NSTEP       ENERGY          RMS            GMAX         NAME    NUMBER
     15      -1.7482E+02     7.5746E+00     2.6045E+01     C5'        22

 BOND    =        4.6514  ANGLE   =       22.8850  DIHED      =        6.9948
 VDWAALS =       -7.8539  EEL     =      154.5885  HBOND      =        0.0000
 1-4 VDW =       11.9419  1-4 EEL =     -368.0261  RESTRAINT  =        0.0000


   NSTEP       ENERGY          RMS            GMAX         NAME    NUMBER
     16      -1.7624E+02     1.3820E+00     5.8497E+00     HN62       45

 BOND    =        2.7916  ANGLE   =       23.6813  DIHED      =        6.9933
 VDWAALS =       -7.8671  EEL     =      154.4425  HBOND      =        0.0000
 1-4 VDW =       11.9669  1-4 EEL =     -368.2504  RESTRAINT  =        0.0000


   NSTEP       ENERGY          RMS            GMAX         NAME    NUMBER
     17      -1.7613E+02     4.1863E+00     1.5262E+01     C8         18

 BOND    =        2.7122  ANGLE   =       24.5428  DIHED      =        6.9924
 VDWAALS =       -7.9184  EEL     =      154.5121  HBOND      =        0.0000
 1-4 VDW =       12.0376  1-4 EEL =     -369.0101  RESTRAINT  =        0.0000


   NSTEP       ENERGY          RMS            GMAX         NAME    NUMBER
     18      -1.7660E+02     9.4272E-01     4.8416E+00     HN62       45

 BOND    =        2.7917  ANGLE   =       23.9544  DIHED      =        6.9957
 VDWAALS =       -7.9261  EEL     =      154.5894  HBOND      =        0.0000
 1-4 VDW =       12.0260  1-4 EEL =     -369.0267  RESTRAINT  =        0.0000


   NSTEP       ENERGY          RMS            GMAX         NAME    NUMBER
     19      -1.7674E+02     1.4171E+00     5.0816E+00     C8         18

 BOND    =        3.0309  ANGLE   =       23.9068  DIHED      =        7.0034
 VDWAALS =       -7.9628  EEL     =      154.7091  HBOND      =        0.0000
 1-4 VDW =       12.0968  1-4 EEL =     -369.5244  RESTRAINT  =        0.0000


   NSTEP       ENERGY          RMS            GMAX         NAME    NUMBER
     20      -1.7662E+02     3.2451E+00     1.2843E+01     C8         18

 BOND    =        2.9378  ANGLE   =       24.4518  DIHED      =        6.9996
 VDWAALS =       -7.9869  EEL     =      154.6855  HBOND      =        0.0000
 1-4 VDW =       12.0554  1-4 EEL =     -369.7633  RESTRAINT  =        0.0000


   NSTEP       ENERGY          RMS            GMAX         NAME    NUMBER
     21      -1.7690E+02     9.2081E-01     3.6288E+00     HN62       45

 BOND    =        2.9475  ANGLE   =       24.1416  DIHED      =        7.0034
 VDWAALS =       -7.9950  EEL     =      154.7456  HBOND      =        0.0000
 1-4 VDW =       12.0892  1-4 EEL =     -369.8365  RESTRAINT  =        0.0000


   NSTEP       ENERGY          RMS            GMAX         NAME    NUMBER
     22      -1.7695E+02     1.4745E+00     6.0039E+00     C8         18

 BOND    =        3.1677  ANGLE   =       24.0358  DIHED      =        7.0119
 VDWAALS =       -8.0160  EEL     =      154.8142  HBOND      =        0.0000
 1-4 VDW =       12.1585  1-4 EEL =     -370.1207  RESTRAINT  =        0.0000


   NSTEP       ENERGY          RMS            GMAX         NAME    NUMBER
     23      -1.7694E+02     2.1027E+00     9.0189E+00     C8         18

 BOND    =        3.0024  ANGLE   =       24.4012  DIHED      =        7.0088
 VDWAALS =       -8.0303  EEL     =      154.7816  HBOND      =        0.0000
 1-4 VDW =       12.1003  1-4 EEL =     -370.2072  RESTRAINT  =        0.0000


   NSTEP       ENERGY          RMS            GMAX         NAME    NUMBER
     24      -1.7707E+02     6.3548E-01     2.7806E+00     HN62       45

 BOND    =        3.0656  ANGLE   =       24.2097  DIHED      =        7.0119
 VDWAALS =       -8.0371  EEL     =      154.8224  HBOND      =        0.0000
 1-4 VDW =       12.1341  1-4 EEL =     -370.2763  RESTRAINT  =        0.0000


   NSTEP       ENERGY          RMS            GMAX         NAME    NUMBER
     25      -1.7713E+02     7.4343E-01     2.4675E+00     HN62       45

 BOND    =        3.1484  ANGLE   =       24.2190  DIHED      =        7.0186
 VDWAALS =       -8.0558  EEL     =      154.8539  HBOND      =        0.0000
 1-4 VDW =       12.1809  1-4 EEL =     -370.4936  RESTRAINT  =        0.0000


   NSTEP       ENERGY          RMS            GMAX         NAME    NUMBER
     26      -1.7715E+02     1.2607E+00     5.2561E+00     C8         18

 BOND    =        3.1322  ANGLE   =       24.3736  DIHED      =        7.0188
 VDWAALS =       -8.0766  EEL     =      154.8573  HBOND      =        0.0000
 1-4 VDW =       12.1261  1-4 EEL =     -370.5855  RESTRAINT  =        0.0000


   NSTEP       ENERGY          RMS            GMAX         NAME    NUMBER
     27      -1.7715E+02     1.7252E+00     9.1909E+00     C8         18

 BOND    =        3.3261  ANGLE   =       24.2343  DIHED      =        7.0276
 VDWAALS =       -8.0877  EEL     =      154.9044  HBOND      =        0.0000
 1-4 VDW =       12.2512  1-4 EEL =     -370.8077  RESTRAINT  =        0.0000


   NSTEP       ENERGY          RMS            GMAX         NAME    NUMBER
     28      -1.7724E+02     5.1878E-01     1.9222E+00     HN62       45

 BOND    =        3.1961  ANGLE   =       24.3292  DIHED      =        7.0270
 VDWAALS =       -8.0924  EEL     =      154.8824  HBOND      =        0.0000
 1-4 VDW =       12.1952  1-4 EEL =     -370.7784  RESTRAINT  =        0.0000


   NSTEP       ENERGY          RMS            GMAX         NAME    NUMBER
     29      -1.7728E+02     6.2031E-01     1.9773E+00     HN62       45

 BOND    =        3.2191  ANGLE   =       24.3890  DIHED      =        7.0296
 VDWAALS =       -8.1109  EEL     =      154.8961  HBOND      =        0.0000
 1-4 VDW =       12.1787  1-4 EEL =     -370.8837  RESTRAINT  =        0.0000


   NSTEP       ENERGY          RMS            GMAX         NAME    NUMBER
     30      -1.7730E+02     1.0423E+00     5.2961E+00     N6         15

 BOND    =        3.2864  ANGLE   =       24.4037  DIHED      =        7.0399
 VDWAALS =       -8.1256  EEL     =      154.8960  HBOND      =        0.0000
 1-4 VDW =       12.2566  1-4 EEL =     -371.0573  RESTRAINT  =        0.0000


   NSTEP       ENERGY          RMS            GMAX         NAME    NUMBER
     31      -1.7730E+02     1.3910E+00     6.8938E+00     N6         15

 BOND    =        3.3117  ANGLE   =       24.4510  DIHED      =        7.0365
 VDWAALS =       -8.1384  EEL     =      154.9081  HBOND      =        0.0000
 1-4 VDW =       12.1476  1-4 EEL =     -371.0185  RESTRAINT  =        0.0000


   NSTEP       ENERGY          RMS            GMAX         NAME    NUMBER
     32      -1.7730E+02     1.7308E+00     8.6642E+00     N6         15

 BOND    =        3.3295  ANGLE   =       24.5072  DIHED      =        7.0472
 VDWAALS =       -8.1478  EEL     =      154.8968  HBOND      =        0.0000
 1-4 VDW =       12.3026  1-4 EEL =     -371.2316  RESTRAINT  =        0.0000


   NSTEP       ENERGY          RMS            GMAX         NAME    NUMBER
     33      -1.7738E+02     4.4623E-01     1.5115E+00     HN62       45

 BOND    =        3.3049  ANGLE   =       24.4491  DIHED      =        7.0460
 VDWAALS =       -8.1503  EEL     =      154.9023  HBOND      =        0.0000
 1-4 VDW =       12.2319  1-4 EEL =     -371.1686  RESTRAINT  =        0.0000


   NSTEP       ENERGY          RMS            GMAX         NAME    NUMBER
     34      -1.7741E+02     7.6993E-01     2.5122E+00     N6         15

 BOND    =        3.2770  ANGLE   =       24.5763  DIHED      =        7.0497
 VDWAALS =       -8.1704  EEL     =      154.8996  HBOND      =        0.0000
 1-4 VDW =       12.2026  1-4 EEL =     -371.2454  RESTRAINT  =        0.0000


   NSTEP       ENERGY          RMS            GMAX         NAME    NUMBER
     35      -1.7739E+02     1.5040E+00     5.3641E+00     C5'        22

 BOND    =        3.4977  ANGLE   =       24.3743  DIHED      =        7.0599
 VDWAALS =       -8.1737  EEL     =      154.9056  HBOND      =        0.0000
 1-4 VDW =       12.2923  1-4 EEL =     -371.3471  RESTRAINT  =        0.0000


   NSTEP       ENERGY          RMS            GMAX         NAME    NUMBER
     36      -1.7745E+02     4.5054E-01     1.6113E+00     N6         15

 BOND    =        3.3481  ANGLE   =       24.5147  DIHED      =        7.0590
 VDWAALS =       -8.1810  EEL     =      154.8932  HBOND      =        0.0000
 1-4 VDW =       12.2510  1-4 EEL =     -371.3359  RESTRAINT  =        0.0000


   NSTEP       ENERGY          RMS            GMAX         NAME    NUMBER
     37      -1.7747E+02     5.9698E-01     2.5938E+00     N6         15

 BOND    =        3.3329  ANGLE   =       24.5887  DIHED      =        7.0607
 VDWAALS =       -8.1939  EEL     =      154.8947  HBOND      =        0.0000
 1-4 VDW =       12.2186  1-4 EEL =     -371.3701  RESTRAINT  =        0.0000


   NSTEP       ENERGY          RMS            GMAX         NAME    NUMBER
     38      -1.7748E+02     8.6268E-01     4.3661E+00     N6         15

 BOND    =        3.4209  ANGLE   =       24.5116  DIHED      =        7.0700
 VDWAALS =       -8.1991  EEL     =      154.8772  HBOND      =        0.0000
 1-4 VDW =       12.2851  1-4 EEL =     -371.4416  RESTRAINT  =        0.0000


   NSTEP       ENERGY          RMS            GMAX         NAME    NUMBER
     39      -1.7748E+02     1.1151E+00     4.8206E+00     N6         15

 BOND    =        3.3247  ANGLE   =       24.6790  DIHED      =        7.0684
 VDWAALS =       -8.2126  EEL     =      154.8876  HBOND      =        0.0000
 1-4 VDW =       12.2050  1-4 EEL =     -371.4307  RESTRAINT  =        0.0000


   NSTEP       ENERGY          RMS            GMAX         NAME    NUMBER
     40      -1.7747E+02     1.4757E+00     5.8020E+00     C5'        22

 BOND    =        3.5215  ANGLE   =       24.4873  DIHED      =        7.0768
 VDWAALS =       -8.2107  EEL     =      154.8626  HBOND      =        0.0000
 1-4 VDW =       12.2982  1-4 EEL =     -371.5059  RESTRAINT  =        0.0000


   NSTEP       ENERGY          RMS            GMAX         NAME    NUMBER
     41      -1.7753E+02     3.7050E-01     1.2486E+00     N6         15

 BOND    =        3.3862  ANGLE   =       24.5910  DIHED      =        7.0767
 VDWAALS =       -8.2177  EEL     =      154.8696  HBOND      =        0.0000
 1-4 VDW =       12.2634  1-4 EEL =     -371.4964  RESTRAINT  =        0.0000


   NSTEP       ENERGY          RMS            GMAX         NAME    NUMBER
     42      -1.7754E+02     5.7401E-01     3.0223E+00     N6         15

 BOND    =        3.3867  ANGLE   =       24.6440  DIHED      =        7.0809
 VDWAALS =       -8.2302  EEL     =      154.8621  HBOND      =        0.0000
 1-4 VDW =       12.2299  1-4 EEL =     -371.5174  RESTRAINT  =        0.0000


   NSTEP       ENERGY          RMS            GMAX         NAME    NUMBER
     43      -1.7754E+02     9.4845E-01     5.6544E+00     N6         15

 BOND    =        3.4461  ANGLE   =       24.5969  DIHED      =        7.0905
 VDWAALS =       -8.2363  EEL     =      154.8486  HBOND      =        0.0000
 1-4 VDW =       12.3101  1-4 EEL =     -371.5995  RESTRAINT  =        0.0000


   NSTEP       ENERGY          RMS            GMAX         NAME    NUMBER
     44      -1.7757E+02     3.2863E-01     9.5819E-01     HN62       45

 BOND    =        3.4076  ANGLE   =       24.6326  DIHED      =        7.0899
 VDWAALS =       -8.2398  EEL     =      154.8450  HBOND      =        0.0000
 1-4 VDW =       12.2677  1-4 EEL =     -371.5752  RESTRAINT  =        0.0000


   NSTEP       ENERGY          RMS            GMAX         NAME    NUMBER
     45      -1.7759E+02     3.8298E-01     1.5226E+00     N6         15

 BOND    =        3.4093  ANGLE   =       24.6598  DIHED      =        7.0939
 VDWAALS =       -8.2489  EEL     =      154.8426  HBOND      =        0.0000
 1-4 VDW =       12.2509  1-4 EEL =     -371.5952  RESTRAINT  =        0.0000


   NSTEP       ENERGY          RMS            GMAX         NAME    NUMBER
     46      -1.7760E+02     5.9417E-01     3.2478E+00     N6         15

 BOND    =        3.4371  ANGLE   =       24.6535  DIHED      =        7.1024
 VDWAALS =       -8.2554  EEL     =      154.8097  HBOND      =        0.0000
 1-4 VDW =       12.2902  1-4 EEL =     -371.6356  RESTRAINT  =        0.0000


   NSTEP       ENERGY          RMS            GMAX         NAME    NUMBER
     47      -1.7760E+02     8.8030E-01     4.5062E+00     N6         15

 BOND    =        3.4256  ANGLE   =       24.6825  DIHED      =        7.1029
 VDWAALS =       -8.2638  EEL     =      154.8481  HBOND      =        0.0000
 1-4 VDW =       12.2386  1-4 EEL =     -371.6334  RESTRAINT  =        0.0000


   NSTEP       ENERGY          RMS            GMAX         NAME    NUMBER
     48      -1.7760E+02     1.1310E+00     5.3374E+00     C6         14

 BOND    =        3.4658  ANGLE   =       24.6992  DIHED      =        7.1107
 VDWAALS =       -8.2657  EEL     =      154.7612  HBOND      =        0.0000
 1-4 VDW =       12.2902  1-4 EEL =     -371.6599  RESTRAINT  =        0.0000


   NSTEP       ENERGY          RMS            GMAX         NAME    NUMBER
     49      -1.7763E+02     3.1635E-01     9.1418E-01     N6         15

 BOND    =        3.4360  ANGLE   =       24.6746  DIHED      =        7.1107
 VDWAALS =       -8.2685  EEL     =      154.8061  HBOND      =        0.0000
 1-4 VDW =       12.2785  1-4 EEL =     -371.6681  RESTRAINT  =        0.0000


   NSTEP       ENERGY          RMS            GMAX         NAME    NUMBER
     50      -1.7764E+02     4.3444E-01     1.9219E+00     N6         15

 BOND    =        3.4309  ANGLE   =       24.7117  DIHED      =        7.1157
 VDWAALS =       -8.2769  EEL     =      154.7910  HBOND      =        0.0000
 1-4 VDW =       12.2515  1-4 EEL =     -371.6673  RESTRAINT  =        0.0000


   NSTEP       ENERGY          RMS            GMAX         NAME    NUMBER
     51      -1.7765E+02     7.3762E-01     3.4330E+00     C5         16

 BOND    =        3.4769  ANGLE   =       24.6625  DIHED      =        7.1234
 VDWAALS =       -8.2811  EEL     =      154.7922  HBOND      =        0.0000
 1-4 VDW =       12.3119  1-4 EEL =     -371.7327  RESTRAINT  =        0.0000


   NSTEP       ENERGY          RMS            GMAX         NAME    NUMBER
     52      -1.6390E+02     2.2995E+01     1.2000E+02     C5         16

 BOND    =       14.1713  ANGLE   =       28.4543  DIHED      =        7.1592
 VDWAALS =       -8.3822  EEL     =      154.1802  HBOND      =        0.0000
 1-4 VDW =       11.2492  1-4 EEL =     -370.7337  RESTRAINT  =        0.0000


   NSTEP       ENERGY          RMS            GMAX         NAME    NUMBER
     53      -1.7766E+02     3.1630E-01     1.0348E+00     C4          9

 BOND    =        3.4396  ANGLE   =       24.7139  DIHED      =        7.1243
 VDWAALS =       -8.2847  EEL     =      154.7709  HBOND      =        0.0000
 1-4 VDW =       12.2708  1-4 EEL =     -371.6986  RESTRAINT  =        0.0000


   NSTEP       ENERGY          RMS            GMAX         NAME    NUMBER
     54      -1.7767E+02     2.9169E-01     7.8046E-01     I          29

 BOND    =        3.4443  ANGLE   =       24.7119  DIHED      =        7.1264
 VDWAALS =       -8.2874  EEL     =      154.7725  HBOND      =        0.0000
 1-4 VDW =       12.2680  1-4 EEL =     -371.7052  RESTRAINT  =        0.0000


   NSTEP       ENERGY          RMS            GMAX         NAME    NUMBER
     55      -1.7768E+02     7.2821E-01     3.6688E+00     N6         15

 BOND    =        3.4733  ANGLE   =       24.7064  DIHED      =        7.1351
 VDWAALS =       -8.2983  EEL     =      154.7790  HBOND      =        0.0000
 1-4 VDW =       12.2568  1-4 EEL =     -371.7324  RESTRAINT  =        0.0000


   NSTEP       ENERGY          RMS            GMAX         NAME    NUMBER
     56      -1.7771E+02     6.9709E-01     3.5608E+00     N6         15

 BOND    =        3.4838  ANGLE   =       24.7311  DIHED      =        7.1507
 VDWAALS =       -8.3129  EEL     =      154.7468  HBOND      =        0.0000
 1-4 VDW =       12.2602  1-4 EEL =     -371.7716  RESTRAINT  =        0.0000


   NSTEP       ENERGY          RMS            GMAX         NAME    NUMBER
     57      -1.7793E+02     8.0788E-01     3.1915E+00     N6         15

 BOND    =        3.5910  ANGLE   =       24.9649  DIHED      =        7.3357
 VDWAALS =       -8.4312  EEL     =      154.4449  HBOND      =        0.0000
 1-4 VDW =       12.2937  1-4 EEL =     -372.1312  RESTRAINT  =        0.0000


   NSTEP       ENERGY          RMS            GMAX         NAME    NUMBER
     58      -1.7802E+02     1.4303E+00     5.7636E+00     C6         14

 BOND    =        3.7396  ANGLE   =       25.2551  DIHED      =        7.6378
 VDWAALS =       -8.5301  EEL     =      154.0849  HBOND      =        0.0000
 1-4 VDW =       12.3370  1-4 EEL =     -372.5428  RESTRAINT  =        0.0000


   NSTEP       ENERGY          RMS            GMAX         NAME    NUMBER
     59      -1.7718E+02     4.8767E+00     2.1301E+01     N6         15

 BOND    =        4.4230  ANGLE   =       25.5360  DIHED      =        8.4960
 VDWAALS =       -8.5988  EEL     =      153.3797  HBOND      =        0.0000
 1-4 VDW =       12.4977  1-4 EEL =     -372.9175  RESTRAINT  =        0.0000


   NSTEP       ENERGY          RMS            GMAX         NAME    NUMBER
     60      -1.7810E+02     4.7638E-01     2.2101E+00     HN61       44

 BOND    =        3.7142  ANGLE   =       25.2728  DIHED      =        7.8083
 VDWAALS =       -8.5600  EEL     =      153.9270  HBOND      =        0.0000
 1-4 VDW =       12.3720  1-4 EEL =     -372.6320  RESTRAINT  =        0.0000


   NSTEP       ENERGY          RMS            GMAX         NAME    NUMBER
     61      -1.7811E+02     3.5680E-01     1.6497E+00     C6         14

 BOND    =        3.7167  ANGLE   =       25.2436  DIHED      =        7.8133
 VDWAALS =       -8.5590  EEL     =      153.9185  HBOND      =        0.0000
 1-4 VDW =       12.3728  1-4 EEL =     -372.6172  RESTRAINT  =        0.0000


   NSTEP       ENERGY          RMS            GMAX         NAME    NUMBER
     62      -1.7812E+02     5.3260E-01     2.0515E+00     C5         16

 BOND    =        3.7263  ANGLE   =       25.2162  DIHED      =        7.8185
 VDWAALS =       -8.5581  EEL     =      153.9101  HBOND      =        0.0000
 1-4 VDW =       12.3737  1-4 EEL =     -372.6025  RESTRAINT  =        0.0000


   NSTEP       ENERGY          RMS            GMAX         NAME    NUMBER
     63      -1.7814E+02     4.7277E-01     2.2272E+00     HN61       44

 BOND    =        3.7034  ANGLE   =       25.2032  DIHED      =        7.8338
 VDWAALS =       -8.5567  EEL     =      153.8757  HBOND      =        0.0000
 1-4 VDW =       12.3417  1-4 EEL =     -372.5426  RESTRAINT  =        0.0000


   NSTEP       ENERGY          RMS            GMAX         NAME    NUMBER
     64      -1.7815E+02     6.9450E-01     3.0396E+00     HN61       44

 BOND    =        3.6987  ANGLE   =       25.1964  DIHED      =        7.8438
 VDWAALS =       -8.5558  EEL     =      153.8541  HBOND      =        0.0000
 1-4 VDW =       12.3219  1-4 EEL =     -372.5050  RESTRAINT  =        0.0000


   NSTEP       ENERGY          RMS            GMAX         NAME    NUMBER
     65      -1.7819E+02     6.1350E-01     3.4012E+00     C6         14

 BOND    =        3.7043  ANGLE   =       25.0850  DIHED      =        7.8925
 VDWAALS =       -8.5495  EEL     =      153.8455  HBOND      =        0.0000
 1-4 VDW =       12.3263  1-4 EEL =     -372.4961  RESTRAINT  =        0.0000


   NSTEP       ENERGY          RMS            GMAX         NAME    NUMBER
     66      -1.7821E+02     1.0429E+00     6.3861E+00     C6         14

 BOND    =        3.7248  ANGLE   =       24.9762  DIHED      =        7.9493
 VDWAALS =       -8.5420  EEL     =      153.8357  HBOND      =        0.0000
 1-4 VDW =       12.3316  1-4 EEL =     -372.4850  RESTRAINT  =        0.0000


   NSTEP       ENERGY          RMS            GMAX         NAME    NUMBER
     67      -1.7829E+02     7.0876E-01     2.8740E+00     C5         16

 BOND    =        3.5925  ANGLE   =       24.9037  DIHED      =        8.1286
 VDWAALS =       -8.5214  EEL     =      153.6849  HBOND      =        0.0000
 1-4 VDW =       12.3844  1-4 EEL =     -372.4661  RESTRAINT  =        0.0000


   NSTEP       ENERGY          RMS            GMAX         NAME    NUMBER
     68      -1.7830E+02     8.5387E-01     3.4791E+00     N6         15

 BOND    =        3.5487  ANGLE   =       24.8806  DIHED      =        8.2094
 VDWAALS =       -8.5114  EEL     =      153.6208  HBOND      =        0.0000
 1-4 VDW =       12.4067  1-4 EEL =     -372.4561  RESTRAINT  =        0.0000


   NSTEP       ENERGY          RMS            GMAX         NAME    NUMBER
     69      -1.7835E+02     7.3509E-01     2.5353E+00     C1'        20

 BOND    =        3.4870  ANGLE   =       24.6938  DIHED      =        8.3971
 VDWAALS =       -8.4777  EEL     =      153.4320  HBOND      =        0.0000
 1-4 VDW =       12.3685  1-4 EEL =     -372.2472  RESTRAINT  =        0.0000


   NSTEP       ENERGY          RMS            GMAX         NAME    NUMBER
     70      -1.7835E+02     5.8721E-01     1.8202E+00     C1'        20

 BOND    =        3.4913  ANGLE   =       24.7282  DIHED      =        8.3592
 VDWAALS =       -8.4847  EEL     =      153.4693  HBOND      =        0.0000
 1-4 VDW =       12.3760  1-4 EEL =     -372.2886  RESTRAINT  =        0.0000


   NSTEP       ENERGY          RMS            GMAX         NAME    NUMBER
     71      -1.7837E+02     5.6372E-01     1.6946E+00     N1         13

 BOND    =        3.4648  ANGLE   =       24.6918  DIHED      =        8.4327
 VDWAALS =       -8.4622  EEL     =      153.3492  HBOND      =        0.0000
 1-4 VDW =       12.3279  1-4 EEL =     -372.1726  RESTRAINT  =        0.0000


   NSTEP       ENERGY          RMS            GMAX         NAME    NUMBER
     72      -1.7837E+02     4.8964E-01     1.5063E+00     N1         13

 BOND    =        3.4663  ANGLE   =       24.6958  DIHED      =        8.4229
 VDWAALS =       -8.4653  EEL     =      153.3651  HBOND      =        0.0000
 1-4 VDW =       12.3342  1-4 EEL =     -372.1880  RESTRAINT  =        0.0000


   NSTEP       ENERGY          RMS            GMAX         NAME    NUMBER
     73      -1.7839E+02     3.5929E-01     1.3486E+00     N6         15

 BOND    =        3.4630  ANGLE   =       24.7106  DIHED      =        8.4618
 VDWAALS =       -8.4466  EEL     =      153.2941  HBOND      =        0.0000
 1-4 VDW =       12.3111  1-4 EEL =     -372.1837  RESTRAINT  =        0.0000


   NSTEP       ENERGY          RMS            GMAX         NAME    NUMBER
     74      -1.7840E+02     5.0122E-01     1.6102E+00     N6         15

 BOND    =        3.4680  ANGLE   =       24.7286  DIHED      =        8.5000
 VDWAALS =       -8.4281  EEL     =      153.2255  HBOND      =        0.0000
 1-4 VDW =       12.2889  1-4 EEL =     -372.1793  RESTRAINT  =        0.0000


   NSTEP       ENERGY          RMS            GMAX         NAME    NUMBER
     75      -1.7842E+02     7.5926E-01     3.2934E+00     C5'        22

 BOND    =        3.6515  ANGLE   =       24.6492  DIHED      =        8.5378
 VDWAALS =       -8.3869  EEL     =      153.1523  HBOND      =        0.0000
 1-4 VDW =       12.2785  1-4 EEL =     -372.2988  RESTRAINT  =        0.0000


   NSTEP       ENERGY          RMS            GMAX         NAME    NUMBER
     76      -1.7843E+02     4.7447E-01     1.4281E+00     C6'        21

 BOND    =        3.6089  ANGLE   =       24.6792  DIHED      =        8.5351
 VDWAALS =       -8.3893  EEL     =      153.1584  HBOND      =        0.0000
 1-4 VDW =       12.2822  1-4 EEL =     -372.3035  RESTRAINT  =        0.0000


   NSTEP       ENERGY          RMS            GMAX         NAME    NUMBER
     77      -1.7844E+02     3.3187E-01     1.1086E+00     N6         15

 BOND    =        3.5746  ANGLE   =       24.7033  DIHED      =        8.5297
 VDWAALS =       -8.3924  EEL     =      153.1732  HBOND      =        0.0000
 1-4 VDW =       12.2923  1-4 EEL =     -372.3189  RESTRAINT  =        0.0000


   NSTEP       ENERGY          RMS            GMAX         NAME    NUMBER
     78      -1.7845E+02     2.7968E-01     1.0240E+00     N6         15

 BOND    =        3.5717  ANGLE   =       24.6992  DIHED      =        8.5207
 VDWAALS =       -8.3950  EEL     =      153.2000  HBOND      =        0.0000
 1-4 VDW =       12.3103  1-4 EEL =     -372.3542  RESTRAINT  =        0.0000


   NSTEP       ENERGY          RMS            GMAX         NAME    NUMBER
     79      -1.7846E+02     2.4974E-01     9.4685E-01     N6         15

 BOND    =        3.5609  ANGLE   =       24.7182  DIHED      =        8.5087
 VDWAALS =       -8.3971  EEL     =      153.2266  HBOND      =        0.0000
 1-4 VDW =       12.3250  1-4 EEL =     -372.3987  RESTRAINT  =        0.0000


   NSTEP       ENERGY          RMS            GMAX         NAME    NUMBER
     80      -1.6743E+02     1.8545E+01     8.1976E+01     C5'        22

 BOND    =       13.7967  ANGLE   =       26.1056  DIHED      =        7.5441
 VDWAALS =       -8.2773  EEL     =      155.9436  HBOND      =        0.0000
 1-4 VDW =       13.8265  1-4 EEL =     -376.3693  RESTRAINT  =        0.0000


   NSTEP       ENERGY          RMS            GMAX         NAME    NUMBER
     81      -1.7848E+02     7.2652E-01     3.2342E+00     C5'        22

 BOND    =        3.6483  ANGLE   =       24.6658  DIHED      =        8.4487
 VDWAALS =       -8.3969  EEL     =      153.3387  HBOND      =        0.0000
 1-4 VDW =       12.3824  1-4 EEL =     -372.5639  RESTRAINT  =        0.0000


   NSTEP       ENERGY          RMS            GMAX         NAME    NUMBER
     82      -1.7851E+02     3.9188E-01     1.2293E+00     C5'        22

 BOND    =        3.6138  ANGLE   =       24.7612  DIHED      =        8.3878
 VDWAALS =       -8.3969  EEL     =      153.4258  HBOND      =        0.0000
 1-4 VDW =       12.4232  1-4 EEL =     -372.7215  RESTRAINT  =        0.0000


   NSTEP       ENERGY          RMS            GMAX         NAME    NUMBER
     83      -1.7851E+02     4.0152E-01     1.2827E+00     H963       32

 BOND    =        3.5936  ANGLE   =       24.8435  DIHED      =        8.3412
 VDWAALS =       -8.3966  EEL     =      153.4942  HBOND      =        0.0000
 1-4 VDW =       12.4557  1-4 EEL =     -372.8454  RESTRAINT  =        0.0000


   NSTEP       ENERGY          RMS            GMAX         NAME    NUMBER
     84      -1.7853E+02     3.4966E-01     1.0126E+00     H963       32

 BOND    =        3.6138  ANGLE   =       24.8322  DIHED      =        8.3102
 VDWAALS =       -8.3830  EEL     =      153.5027  HBOND      =        0.0000
 1-4 VDW =       12.4517  1-4 EEL =     -372.8612  RESTRAINT  =        0.0000


   NSTEP       ENERGY          RMS            GMAX         NAME    NUMBER
     85      -1.7855E+02     7.0032E-01     3.6330E+00     C4          9

 BOND    =        3.6772  ANGLE   =       24.8149  DIHED      =        8.2366
 VDWAALS =       -8.3488  EEL     =      153.5232  HBOND      =        0.0000
 1-4 VDW =       12.4425  1-4 EEL =     -372.8993  RESTRAINT  =        0.0000


   NSTEP       ENERGY          RMS            GMAX         NAME    NUMBER
     86      -1.7856E+02     8.4596E-01     4.5786E+00     C4          9

 BOND    =        3.6944  ANGLE   =       24.8348  DIHED      =        8.1519
 VDWAALS =       -8.2927  EEL     =      153.4660  HBOND      =        0.0000
 1-4 VDW =       12.4089  1-4 EEL =     -372.8260  RESTRAINT  =        0.0000


   NSTEP       ENERGY          RMS            GMAX         NAME    NUMBER
     87      -1.7858E+02     3.7021E-01     1.1770E+00     HN62       45

 BOND    =        3.6764  ANGLE   =       24.8208  DIHED      =        8.1880
 VDWAALS =       -8.3176  EEL     =      153.4909  HBOND      =        0.0000
 1-4 VDW =       12.4234  1-4 EEL =     -372.8581  RESTRAINT  =        0.0000


   NSTEP       ENERGY          RMS            GMAX         NAME    NUMBER
     88      -1.7858E+02     2.8468E-01     1.2182E+00     HN62       45

 BOND    =        3.6753  ANGLE   =       24.7715  DIHED      =        8.1844
 VDWAALS =       -8.3095  EEL     =      153.5002  HBOND      =        0.0000
 1-4 VDW =       12.4352  1-4 EEL =     -372.8419  RESTRAINT  =        0.0000


   NSTEP       ENERGY          RMS            GMAX         NAME    NUMBER
     89      -1.7859E+02     3.9174E-01     1.4973E+00     C6         14

 BOND    =        3.6773  ANGLE   =       24.7450  DIHED      =        8.1825
 VDWAALS =       -8.3049  EEL     =      153.5053  HBOND      =        0.0000
 1-4 VDW =       12.4418  1-4 EEL =     -372.8330  RESTRAINT  =        0.0000


   NSTEP       ENERGY          RMS            GMAX         NAME    NUMBER
     90      -1.7860E+02     2.8301E-01     1.2377E+00     HN62       45

 BOND    =        3.6609  ANGLE   =       24.6863  DIHED      =        8.1909
 VDWAALS =       -8.2914  EEL     =      153.5008  HBOND      =        0.0000
 1-4 VDW =       12.4500  1-4 EEL =     -372.7987  RESTRAINT  =        0.0000


   NSTEP       ENERGY          RMS            GMAX         NAME    NUMBER
     91      -1.7861E+02     4.0854E-01     2.0934E+00     C6         14

 BOND    =        3.6492  ANGLE   =       24.6286  DIHED      =        8.2004
 VDWAALS =       -8.2770  EEL     =      153.4961  HBOND      =        0.0000
 1-4 VDW =       12.4588  1-4 EEL =     -372.7628  RESTRAINT  =        0.0000


   NSTEP       ENERGY          RMS            GMAX         NAME    NUMBER
     92      -1.7862E+02     5.6829E-01     1.5814E+00     C94         2

 BOND    =        3.5802  ANGLE   =       24.5205  DIHED      =        8.2271
 VDWAALS =       -8.2504  EEL     =      153.4839  HBOND      =        0.0000
 1-4 VDW =       12.3890  1-4 EEL =     -372.5735  RESTRAINT  =        0.0000


   NSTEP       ENERGY          RMS            GMAX         NAME    NUMBER
     93      -1.7862E+02     4.6909E-01     1.2679E+00     C6         14

 BOND    =        3.5896  ANGLE   =       24.5374  DIHED      =        8.2224
 VDWAALS =       -8.2549  EEL     =      153.4859  HBOND      =        0.0000
 1-4 VDW =       12.4006  1-4 EEL =     -372.6050  RESTRAINT  =        0.0000


   NSTEP       ENERGY          RMS            GMAX         NAME    NUMBER
     94      -1.7864E+02     3.3328E-01     1.0921E+00     C5         16

 BOND    =        3.5766  ANGLE   =       24.4063  DIHED      =        8.2485
 VDWAALS =       -8.2367  EEL     =      153.4456  HBOND      =        0.0000
 1-4 VDW =       12.3649  1-4 EEL =     -372.4492  RESTRAINT  =        0.0000


   NSTEP       ENERGY          RMS            GMAX         NAME    NUMBER
     95      -1.7864E+02     3.8351E-01     1.4734E+00     C6         14

 BOND    =        3.5762  ANGLE   =       24.3838  DIHED      =        8.2533
 VDWAALS =       -8.2334  EEL     =      153.4384  HBOND      =        0.0000
 1-4 VDW =       12.3586  1-4 EEL =     -372.4216  RESTRAINT  =        0.0000


   NSTEP       ENERGY          RMS            GMAX         NAME    NUMBER
     96      -1.7865E+02     5.7612E-01     2.8467E+00     C5         16

 BOND    =        3.4498  ANGLE   =       24.4120  DIHED      =        8.2808
 VDWAALS =       -8.2237  EEL     =      153.4271  HBOND      =        0.0000
 1-4 VDW =       12.3697  1-4 EEL =     -372.3679  RESTRAINT  =        0.0000


   NSTEP       ENERGY          RMS            GMAX         NAME    NUMBER
     97      -1.7865E+02     3.8400E-01     1.5764E+00     C5         16

 BOND    =        3.4854  ANGLE   =       24.4022  DIHED      =        8.2723
 VDWAALS =       -8.2267  EEL     =      153.4305  HBOND      =        0.0000
 1-4 VDW =       12.3663  1-4 EEL =     -372.3842  RESTRAINT  =        0.0000


   NSTEP       ENERGY          RMS            GMAX         NAME    NUMBER
     98      -1.7867E+02     2.5008E-01     8.0677E-01     N3         10

 BOND    =        3.4676  ANGLE   =       24.3382  DIHED      =        8.2928
 VDWAALS =       -8.2233  EEL     =      153.4126  HBOND      =        0.0000
 1-4 VDW =       12.3779  1-4 EEL =     -372.3333  RESTRAINT  =        0.0000


   NSTEP       ENERGY          RMS            GMAX         NAME    NUMBER
     99      -1.7867E+02     3.2574E-01     1.4989E+00     N6         15

 BOND    =        3.4607  ANGLE   =       24.3033  DIHED      =        8.3049
 VDWAALS =       -8.2212  EEL     =      153.4022  HBOND      =        0.0000
 1-4 VDW =       12.3846  1-4 EEL =     -372.3040  RESTRAINT  =        0.0000


   NSTEP       ENERGY          RMS            GMAX         NAME    NUMBER
    100      -1.7868E+02     3.8149E-01     1.4927E+00     C2'        28

 BOND    =        3.4098  ANGLE   =       24.2815  DIHED      =        8.3128
 VDWAALS =       -8.2195  EEL     =      153.3828  HBOND      =        0.0000
 1-4 VDW =       12.4028  1-4 EEL =     -372.2490  RESTRAINT  =        0.0000


  Maximum number of minimization cycles reached.


                    FINAL RESULTS



   NSTEP       ENERGY          RMS            GMAX         NAME    NUMBER
    100      -1.7868E+02     3.8149E-01     1.4927E+00     C2'        28

 BOND    =        3.4098  ANGLE   =       24.2815  DIHED      =        8.3128
 VDWAALS =       -8.2195  EEL     =      153.3828  HBOND      =        0.0000
 1-4 VDW =       12.4028  1-4 EEL =     -372.2490  RESTRAINT  =        0.0000

--------------------------------------------------------------------------------
   5.  TIMINGS
--------------------------------------------------------------------------------

|    Read coords time           0.00 ( 0.68% of Total)
|    Fast Water setup           0.00 ( 0.02% of Total)
|                Build the list             0.00 (93.74% of List )
|                Other                      0.00 ( 6.26% of List )
|             List time                  0.00 ( 5.54% of Nonbo)
|                   Short_ene time             0.01 (98.99% of Direc)
|                   Other                      0.00 ( 1.01% of Direc)
|                Direct Ewald time          0.01 (93.03% of Ewald)
|                Force Adjust               0.00 ( 0.13% of Ewald)
|                Virial junk                0.00 ( 0.17% of Ewald)
|                Start synchronizatio       0.00 ( 0.22% of Ewald)
|                Other                      0.00 ( 6.44% of Ewald)
|             Ewald time                 0.01 (93.89% of Nonbo)
|             IPS excludes               0.00 ( 0.11% of Nonbo)
|             Other                      0.00 ( 0.46% of Nonbo)
|          Nonbond force              0.02 (68.50% of Force)
|          Bond/Angle/Dihedral        0.01 (30.74% of Force)
|          Other                      0.00 ( 0.76% of Force)
|       Force time                 0.02 (100.0% of Runmd)
|    Runmd Time                 0.02 (60.25% of Total)
|    Other                      0.01 (39.05% of Total)
| Total time                 0.04 (99.86% of ALL  )

| Number of list builds   :          1

| Highest rstack allocated:        225
| Highest istack allocated:         45
|           Job began  at 14:29:03.749  on 05/22/2015
|           Setup done at 14:29:03.752  on 05/22/2015
|           Run   done at 14:29:03.786  on 05/22/2015
|     wallclock() was called    2335 times
