
          -------------------------------------------------------
          Amber 14 SANDER                              2014
          -------------------------------------------------------

| Run on 12/05/2014 at 20:49:05

|   Executable path: sander
| Working directory: /net/casegroup2/u2/pjanowsk/Phenix/AmberLibrary/g
|          Hostname: krakow

  [-O]verwriting output

File Assignments:
|  MDIN: sander.in                                                             
| MDOUT: GDE.min.out                                                           
|INPCRD: GDE.rst7                                                              
|  PARM: GDE.prmtop                                                            
|RESTRT: GDE.min.rst7                                                          
|  REFC: refc                                                                  
| MDVEL: mdvel                                                                 
| MDFRC: mdfrc                                                                 
|  MDEN: mden                                                                  
| MDCRD: mdcrd                                                                 
|MDINFO: mdinfo                                                                
|  MTMD: mtmd                                                                  
|INPDIP: inpdip                                                                
|RSTDIP: rstdip                                                                
|INPTRA: inptraj                                                               


 Here is the input file:

  short minimization                                                           
 &cntrl                                                                        
   imin=1, maxcyc=100, ncyc=50, ntpr=1, cut=99., ntb=0,                        
 /                                                                             

--------------------------------------------------------------------------------
   1.  RESOURCE   USE: 
--------------------------------------------------------------------------------

| Flags:                                                                        
|    NONPERIODIC   ntb=0 and igb=0: Setting up nonperiodic simulation
|  *** cutoff > system size, list only builds once
|Largest sphere to fit in unit cell has radius =    32.183
| New format PARM file being parsed.
| Version =    1.000 Date = 12/05/14 Time = 20:49:05
 NATOM  =      17 NTYPES =       8 NBONH =       5 MBONA  =      11
 NTHETH =       7 MTHETA =      14 NPHIH =      12 MPHIA  =      16
 NHPARM =       0 NPARM  =       0 NNB   =      66 NRES   =       1
 NBONA  =      11 NTHETA =      14 NPHIA =      16 NUMBND =      11
 NUMANG =      18 NPTRA  =       6 NATYP =       8 NPHB   =       0
 IFBOX  =       0 NMXRS  =      17 IFCAP =       0 NEXTRA =       0
 NCOPY  =       0


|     Memory Use     Allocated
|     Real                4769
|     Hollerith             54
|     Integer            21932
|     Max Pairs            136
|     nblistReal           204
|     nblist Int        924085
|       Total             3734 kbytes

| Note: 1-4 EEL scale factors are being read from the topology file.

| Note: 1-4 VDW scale factors are being read from the topology file.
| Duplicated    0 dihedrals
| Duplicated    0 dihedrals

--------------------------------------------------------------------------------
   2.  CONTROL  DATA  FOR  THE  RUN
--------------------------------------------------------------------------------

GDE                                                                             

General flags:
     imin    =       1, nmropt  =       0

Nature and format of input:
     ntx     =       1, irest   =       0, ntrx    =       1

Nature and format of output:
     ntxo    =       1, ntpr    =       1, ntrx    =       1, ntwr    =     500
     iwrap   =       0, ntwx    =       0, ntwv    =       0, ntwe    =       0
     ioutfm  =       0, ntwprt  =       0, idecomp =       0, rbornstat=      0

Potential function:
     ntf     =       1, ntb     =       0, igb     =       0, nsnb    =      25
     ipol    =       0, gbsa    =       0, iesp    =       0
     dielc   =   1.00000, cut     =  99.00000, intdiel =   1.00000

Frozen or restrained atoms:
     ibelly  =       0, ntr     =       0

Energy minimization:
     maxcyc  =     100, ncyc    =      50, ntmin   =       1
     dx0     =   0.01000, drms    =   0.00010
|  INFO: Old style inpcrd file read


--------------------------------------------------------------------------------
   3.  ATOMIC COORDINATES AND VELOCITIES
--------------------------------------------------------------------------------

GDE                                                                             
 begin time read from input coords =     0.000 ps

 Number of triangulated 3-point waters found:        0

     Sum of charges from parm topology file =  -0.99800000

--------------------------------------------------------------------------------
   4.  RESULTS
--------------------------------------------------------------------------------

 ---------------------------------------------------

     eedmeth=4: Setting switch to one everywhere

 ---------------------------------------------------
| Local SIZE OF NONBOND LIST =         74
| TOTAL SIZE OF NONBOND LIST =         74


   NSTEP       ENERGY          RMS            GMAX         NAME    NUMBER
      1       6.5470E+01     4.5890E+01     1.6770E+02     CAH         7

 BOND    =       31.9684  ANGLE   =        5.5560  DIHED      =        0.4042
 VDWAALS =       -1.1557  EEL     =      -30.8125  HBOND      =        0.0000
 1-4 VDW =        2.6577  1-4 EEL =       56.8520  RESTRAINT  =        0.0000


   NSTEP       ENERGY          RMS            GMAX         NAME    NUMBER
      2       6.3866E+01     4.3988E+01     1.5940E+02     CAH         7

 BOND    =       30.5049  ANGLE   =        5.4024  DIHED      =        0.4048
 VDWAALS =       -1.1545  EEL     =      -30.8072  HBOND      =        0.0000
 1-4 VDW =        2.6570  1-4 EEL =       56.8585  RESTRAINT  =        0.0000


   NSTEP       ENERGY          RMS            GMAX         NAME    NUMBER
      3       6.2029E+01     4.1783E+01     1.4961E+02     CAH         7

 BOND    =       28.8276  ANGLE   =        5.2260  DIHED      =        0.4056
 VDWAALS =       -1.1530  EEL     =      -30.8007  HBOND      =        0.0000
 1-4 VDW =        2.6563  1-4 EEL =       56.8673  RESTRAINT  =        0.0000


   NSTEP       ENERGY          RMS            GMAX         NAME    NUMBER
      4       5.9947E+01     3.9250E+01     1.3815E+02     CAH         7

 BOND    =       26.9236  ANGLE   =        5.0258  DIHED      =        0.4066
 VDWAALS =       -1.1513  EEL     =      -30.7929  HBOND      =        0.0000
 1-4 VDW =        2.6556  1-4 EEL =       56.8794  RESTRAINT  =        0.0000


   NSTEP       ENERGY          RMS            GMAX         NAME    NUMBER
      5       5.7615E+01     3.6377E+01     1.2484E+02     CAH         7

 BOND    =       24.7873  ANGLE   =        4.8019  DIHED      =        0.4077
 VDWAALS =       -1.1491  EEL     =      -30.7835  HBOND      =        0.0000
 1-4 VDW =        2.6551  1-4 EEL =       56.8962  RESTRAINT  =        0.0000


   NSTEP       ENERGY          RMS            GMAX         NAME    NUMBER
      6       5.5044E+01     3.3173E+01     1.0960E+02     CAH         7

 BOND    =       22.4227  ANGLE   =        4.5560  DIHED      =        0.4089
 VDWAALS =       -1.1466  EEL     =      -30.7722  HBOND      =        0.0000
 1-4 VDW =        2.6550  1-4 EEL =       56.9197  RESTRAINT  =        0.0000


   NSTEP       ENERGY          RMS            GMAX         NAME    NUMBER
      7       5.2256E+01     2.9673E+01     9.2516E+01     CAH         7

 BOND    =       19.8474  ANGLE   =        4.2925  DIHED      =        0.4101
 VDWAALS =       -1.1434  EEL     =      -30.7587  HBOND      =        0.0000
 1-4 VDW =        2.6556  1-4 EEL =       56.9529  RESTRAINT  =        0.0000


   NSTEP       ENERGY          RMS            GMAX         NAME    NUMBER
      8       4.9299E+01     2.5947E+01     7.3988E+01     CAH         7

 BOND    =       17.0940  ANGLE   =        4.0188  DIHED      =        0.4111
 VDWAALS =       -1.1397  EEL     =      -30.7430  HBOND      =        0.0000
 1-4 VDW =        2.6577  1-4 EEL =       56.9996  RESTRAINT  =        0.0000


   NSTEP       ENERGY          RMS            GMAX         NAME    NUMBER
      9       4.6236E+01     2.2088E+01     5.4947E+01     CAH         7

 BOND    =       14.2133  ANGLE   =        3.7445  DIHED      =        0.4114
 VDWAALS =       -1.1351  EEL     =      -30.7253  HBOND      =        0.0000
 1-4 VDW =        2.6625  1-4 EEL =       57.0652  RESTRAINT  =        0.0000


   NSTEP       ENERGY          RMS            GMAX         NAME    NUMBER
     10       4.3159E+01     1.8186E+01     4.5564E+01     CAF         5

 BOND    =       11.2799  ANGLE   =        3.4787  DIHED      =        0.4098
 VDWAALS =       -1.1295  EEL     =      -30.7070  HBOND      =        0.0000
 1-4 VDW =        2.6722  1-4 EEL =       57.1554  RESTRAINT  =        0.0000


   NSTEP       ENERGY          RMS            GMAX         NAME    NUMBER
     11       4.0185E+01     1.4307E+01     3.5329E+01     CAG         6

 BOND    =        8.4058  ANGLE   =        3.2249  DIHED      =        0.4043
 VDWAALS =       -1.1227  EEL     =      -30.6912  HBOND      =        0.0000
 1-4 VDW =        2.6900  1-4 EEL =       57.2741  RESTRAINT  =        0.0000


   NSTEP       ENERGY          RMS            GMAX         NAME    NUMBER
     12       3.7465E+01     1.0535E+01     2.7990E+01     CAG         6

 BOND    =        5.7559  ANGLE   =        2.9764  DIHED      =        0.3922
 VDWAALS =       -1.1140  EEL     =      -30.6845  HBOND      =        0.0000
 1-4 VDW =        2.7196  1-4 EEL =       57.4191  RESTRAINT  =        0.0000


   NSTEP       ENERGY          RMS            GMAX         NAME    NUMBER
     13       3.5171E+01     7.0943E+00     1.9603E+01     CAG         6

 BOND    =        3.5439  ANGLE   =        2.7190  DIHED      =        0.3719
 VDWAALS =       -1.1031  EEL     =      -30.6984  HBOND      =        0.0000
 1-4 VDW =        2.7615  1-4 EEL =       57.5762  RESTRAINT  =        0.0000


   NSTEP       ENERGY          RMS            GMAX         NAME    NUMBER
     14       3.3383E+01     4.7428E+00     1.1268E+01     CAG         6

 BOND    =        1.9457  ANGLE   =        2.4170  DIHED      =        0.3471
 VDWAALS =       -1.0897  EEL     =      -30.7506  HBOND      =        0.0000
 1-4 VDW =        2.7990  1-4 EEL =       57.7145  RESTRAINT  =        0.0000


   NSTEP       ENERGY          RMS            GMAX         NAME    NUMBER
     15       3.1865E+01     3.7707E+00     9.0983E+00     OAC        17

 BOND    =        1.0654  ANGLE   =        1.9374  DIHED      =        0.3245
 VDWAALS =       -1.0755  EEL     =      -30.8613  HBOND      =        0.0000
 1-4 VDW =        2.7662  1-4 EEL =       57.7078  RESTRAINT  =        0.0000


   NSTEP       ENERGY          RMS            GMAX         NAME    NUMBER
     16       3.1457E+01     1.3737E+01     5.4167E+01     CAK        10

 BOND    =        1.7787  ANGLE   =        1.2000  DIHED      =        0.3021
 VDWAALS =       -1.0664  EEL     =      -31.0178  HBOND      =        0.0000
 1-4 VDW =        2.6107  1-4 EEL =       57.6501  RESTRAINT  =        0.0000


   NSTEP       ENERGY          RMS            GMAX         NAME    NUMBER
     17       3.8712E+01     4.1958E+01     1.7576E+02     CAK        10

 BOND    =        8.9262  ANGLE   =        1.8028  DIHED      =        0.2884
 VDWAALS =       -1.0506  EEL     =      -31.0613  HBOND      =        0.0000
 1-4 VDW =        2.5412  1-4 EEL =       57.2650  RESTRAINT  =        0.0000


   NSTEP       ENERGY          RMS            GMAX         NAME    NUMBER
     18       3.1108E+01     1.3487E+01     5.5334E+01     CAK        10

 BOND    =        1.5201  ANGLE   =        1.4178  DIHED      =        0.2894
 VDWAALS =       -1.0568  EEL     =      -31.0570  HBOND      =        0.0000
 1-4 VDW =        2.5379  1-4 EEL =       57.4568  RESTRAINT  =        0.0000


   NSTEP       ENERGY          RMS            GMAX         NAME    NUMBER
     19       3.2086E+01     2.0495E+01     8.5096E+01     CAK        10

 BOND    =        2.6458  ANGLE   =        1.0991  DIHED      =        0.2870
 VDWAALS =       -1.0631  EEL     =      -31.0709  HBOND      =        0.0000
 1-4 VDW =        2.5298  1-4 EEL =       57.6584  RESTRAINT  =        0.0000


   NSTEP       ENERGY          RMS            GMAX         NAME    NUMBER
     20       3.0114E+01     3.9074E+00     1.2887E+01     CAK        10

 BOND    =        0.7575  ANGLE   =        1.1715  DIHED      =        0.2835
 VDWAALS =       -1.0589  EEL     =      -31.0842  HBOND      =        0.0000
 1-4 VDW =        2.5174  1-4 EEL =       57.5273  RESTRAINT  =        0.0000


   NSTEP       ENERGY          RMS            GMAX         NAME    NUMBER
     21       3.0728E+01     1.3842E+01     5.8059E+01     CAK        10

 BOND    =        1.5356  ANGLE   =        1.2517  DIHED      =        0.2728
 VDWAALS =       -1.0528  EEL     =      -31.1246  HBOND      =        0.0000
 1-4 VDW =        2.4736  1-4 EEL =       57.3714  RESTRAINT  =        0.0000


   NSTEP       ENERGY          RMS            GMAX         NAME    NUMBER
     22       2.9859E+01     3.9933E+00     1.5002E+01     CAK        10

 BOND    =        0.6933  ANGLE   =        1.1648  DIHED      =        0.2723
 VDWAALS =       -1.0549  EEL     =      -31.1255  HBOND      =        0.0000
 1-4 VDW =        2.4706  1-4 EEL =       57.4379  RESTRAINT  =        0.0000


   NSTEP       ENERGY          RMS            GMAX         NAME    NUMBER
     23       2.9937E+01     7.4701E+00     2.9834E+01     CAK        10

 BOND    =        0.8573  ANGLE   =        1.0723  DIHED      =        0.2676
 VDWAALS =       -1.0563  EEL     =      -31.1426  HBOND      =        0.0000
 1-4 VDW =        2.4535  1-4 EEL =       57.4857  RESTRAINT  =        0.0000


   NSTEP       ENERGY          RMS            GMAX         NAME    NUMBER
     24       2.9667E+01     2.2042E+00     4.9430E+00     CAH         7

 BOND    =        0.6244  ANGLE   =        1.0985  DIHED      =        0.2656
 VDWAALS =       -1.0547  EEL     =      -31.1498  HBOND      =        0.0000
 1-4 VDW =        2.4469  1-4 EEL =       57.4365  RESTRAINT  =        0.0000


   NSTEP       ENERGY          RMS            GMAX         NAME    NUMBER
     25       2.9594E+01     3.3491E+00     1.2597E+01     CAK        10

 BOND    =        0.6352  ANGLE   =        1.1092  DIHED      =        0.2598
 VDWAALS =       -1.0529  EEL     =      -31.1694  HBOND      =        0.0000
 1-4 VDW =        2.4268  1-4 EEL =       57.3856  RESTRAINT  =        0.0000


   NSTEP       ENERGY          RMS            GMAX         NAME    NUMBER
     26       2.9591E+01     5.0819E+00     1.9647E+01     CAK        10

 BOND    =        0.6720  ANGLE   =        1.0596  DIHED      =        0.2563
 VDWAALS =       -1.0541  EEL     =      -31.1803  HBOND      =        0.0000
 1-4 VDW =        2.4149  1-4 EEL =       57.4222  RESTRAINT  =        0.0000


   NSTEP       ENERGY          RMS            GMAX         NAME    NUMBER
     27       2.9565E+01     5.6096E+00     2.3094E+01     CAK        10

 BOND    =        0.7190  ANGLE   =        1.1055  DIHED      =        0.2520
 VDWAALS =       -1.0515  EEL     =      -31.1955  HBOND      =        0.0000
 1-4 VDW =        2.4019  1-4 EEL =       57.3338  RESTRAINT  =        0.0000


   NSTEP       ENERGY          RMS            GMAX         NAME    NUMBER
     28       2.9607E+01     7.1804E+00     2.8896E+01     CAK        10

 BOND    =        0.7615  ANGLE   =        1.0428  DIHED      =        0.2498
 VDWAALS =       -1.0539  EEL     =      -31.2000  HBOND      =        0.0000
 1-4 VDW =        2.3956  1-4 EEL =       57.4112  RESTRAINT  =        0.0000


   NSTEP       ENERGY          RMS            GMAX         NAME    NUMBER
     29       2.9355E+01     1.6572E+00     3.9461E+00     HOAD       13

 BOND    =        0.5493  ANGLE   =        1.0695  DIHED      =        0.2479
 VDWAALS =       -1.0524  EEL     =      -31.2072  HBOND      =        0.0000
 1-4 VDW =        2.3895  1-4 EEL =       57.3588  RESTRAINT  =        0.0000


   NSTEP       ENERGY          RMS            GMAX         NAME    NUMBER
     30       2.9288E+01     2.9320E+00     1.1340E+01     CAK        10

 BOND    =        0.5694  ANGLE   =        1.0827  DIHED      =        0.2410
 VDWAALS =       -1.0511  EEL     =      -31.2293  HBOND      =        0.0000
 1-4 VDW =        2.3693  1-4 EEL =       57.3064  RESTRAINT  =        0.0000


   NSTEP       ENERGY          RMS            GMAX         NAME    NUMBER
     31       2.9350E+01     5.7678E+00     2.3048E+01     CAK        10

 BOND    =        0.6424  ANGLE   =        1.0496  DIHED      =        0.2375
 VDWAALS =       -1.0527  EEL     =      -31.2376  HBOND      =        0.0000
 1-4 VDW =        2.3609  1-4 EEL =       57.3496  RESTRAINT  =        0.0000


   NSTEP       ENERGY          RMS            GMAX         NAME    NUMBER
     32       2.9192E+01     1.6940E+00     4.0643E+00     CAF         5

 BOND    =        0.5141  ANGLE   =        1.0684  DIHED      =        0.2360
 VDWAALS =       -1.0517  EEL     =      -31.2429  HBOND      =        0.0000
 1-4 VDW =        2.3565  1-4 EEL =       57.3116  RESTRAINT  =        0.0000


   NSTEP       ENERGY          RMS            GMAX         NAME    NUMBER
     33       2.9164E+01     2.7817E+00     1.0941E+01     CAK        10

 BOND    =        0.5406  ANGLE   =        1.0874  DIHED      =        0.2316
 VDWAALS =       -1.0508  EEL     =      -31.2567  HBOND      =        0.0000
 1-4 VDW =        2.3447  1-4 EEL =       57.2676  RESTRAINT  =        0.0000


   NSTEP       ENERGY          RMS            GMAX         NAME    NUMBER
     34       2.9159E+01     3.7073E+00     1.4247E+01     CAK        10

 BOND    =        0.5368  ANGLE   =        1.0667  DIHED      =        0.2292
 VDWAALS =       -1.0521  EEL     =      -31.2617  HBOND      =        0.0000
 1-4 VDW =        2.3399  1-4 EEL =       57.3002  RESTRAINT  =        0.0000


   NSTEP       ENERGY          RMS            GMAX         NAME    NUMBER
     35       2.9152E+01     4.2619E+00     1.7682E+01     CAK        10

 BOND    =        0.5832  ANGLE   =        1.1019  DIHED      =        0.2261
 VDWAALS =       -1.0504  EEL     =      -31.2725  HBOND      =        0.0000
 1-4 VDW =        2.3310  1-4 EEL =       57.2330  RESTRAINT  =        0.0000


   NSTEP       ENERGY          RMS            GMAX         NAME    NUMBER
     36       2.9172E+01     5.3038E+00     2.1285E+01     CAK        10

 BOND    =        0.5844  ANGLE   =        1.0697  DIHED      =        0.2243
 VDWAALS =       -1.0526  EEL     =      -31.2747  HBOND      =        0.0000
 1-4 VDW =        2.3289  1-4 EEL =       57.2916  RESTRAINT  =        0.0000


   NSTEP       ENERGY          RMS            GMAX         NAME    NUMBER
     37       2.9034E+01     1.1938E+00     3.0703E+00     HOAD       13

 BOND    =        0.4766  ANGLE   =        1.0889  DIHED      =        0.2229
 VDWAALS =       -1.0515  EEL     =      -31.2798  HBOND      =        0.0000
 1-4 VDW =        2.3246  1-4 EEL =       57.2522  RESTRAINT  =        0.0000


   NSTEP       ENERGY          RMS            GMAX         NAME    NUMBER
     38       2.8995E+01     2.0756E+00     8.0250E+00     CAK        10

 BOND    =        0.4883  ANGLE   =        1.1095  DIHED      =        0.2176
 VDWAALS =       -1.0512  EEL     =      -31.2948  HBOND      =        0.0000
 1-4 VDW =        2.3123  1-4 EEL =       57.2133  RESTRAINT  =        0.0000


   NSTEP       ENERGY          RMS            GMAX         NAME    NUMBER
     39       2.9032E+01     4.3502E+00     1.7350E+01     CAK        10

 BOND    =        0.5220  ANGLE   =        1.0964  DIHED      =        0.2147
 VDWAALS =       -1.0529  EEL     =      -31.3003  HBOND      =        0.0000
 1-4 VDW =        2.3079  1-4 EEL =       57.2444  RESTRAINT  =        0.0000


   NSTEP       ENERGY          RMS            GMAX         NAME    NUMBER
     40       2.8943E+01     1.2885E+00     3.3345E+00     CAF         5

 BOND    =        0.4547  ANGLE   =        1.1101  DIHED      =        0.2138
 VDWAALS =       -1.0521  EEL     =      -31.3040  HBOND      =        0.0000
 1-4 VDW =        2.3049  1-4 EEL =       57.2159  RESTRAINT  =        0.0000


   NSTEP       ENERGY          RMS            GMAX         NAME    NUMBER
     41       2.8929E+01     2.1214E+00     8.4386E+00     CAK        10

 BOND    =        0.4744  ANGLE   =        1.1289  DIHED      =        0.2106
 VDWAALS =       -1.0518  EEL     =      -31.3130  HBOND      =        0.0000
 1-4 VDW =        2.2978  1-4 EEL =       57.1823  RESTRAINT  =        0.0000


   NSTEP       ENERGY          RMS            GMAX         NAME    NUMBER
     42       2.8925E+01     2.7432E+00     1.0466E+01     CAK        10

 BOND    =        0.4628  ANGLE   =        1.1196  DIHED      =        0.2088
 VDWAALS =       -1.0531  EEL     =      -31.3159  HBOND      =        0.0000
 1-4 VDW =        2.2956  1-4 EEL =       57.2070  RESTRAINT  =        0.0000


   NSTEP       ENERGY          RMS            GMAX         NAME    NUMBER
     43       2.8922E+01     3.2007E+00     1.3335E+01     CAK        10

 BOND    =        0.4989  ANGLE   =        1.1456  DIHED      =        0.2067
 VDWAALS =       -1.0520  EEL     =      -31.3233  HBOND      =        0.0000
 1-4 VDW =        2.2897  1-4 EEL =       57.1565  RESTRAINT  =        0.0000


   NSTEP       ENERGY          RMS            GMAX         NAME    NUMBER
     44       2.8931E+01     3.9423E+00     1.5759E+01     CAK        10

 BOND    =        0.4862  ANGLE   =        1.1284  DIHED      =        0.2052
 VDWAALS =       -1.0539  EEL     =      -31.3243  HBOND      =        0.0000
 1-4 VDW =        2.2893  1-4 EEL =       57.2002  RESTRAINT  =        0.0000


   NSTEP       ENERGY          RMS            GMAX         NAME    NUMBER
     45       2.8855E+01     8.9935E-01     2.4279E+00     HOAD       13

 BOND    =        0.4326  ANGLE   =        1.1421  DIHED      =        0.2043
 VDWAALS =       -1.0532  EEL     =      -31.3278  HBOND      =        0.0000
 1-4 VDW =        2.2864  1-4 EEL =       57.1707  RESTRAINT  =        0.0000


   NSTEP       ENERGY          RMS            GMAX         NAME    NUMBER
     46       2.8831E+01     1.4931E+00     5.7108E+00     CAK        10

 BOND    =        0.4396  ANGLE   =        1.1612  DIHED      =        0.2006
 VDWAALS =       -1.0535  EEL     =      -31.3376  HBOND      =        0.0000
 1-4 VDW =        2.2790  1-4 EEL =       57.1420  RESTRAINT  =        0.0000


   NSTEP       ENERGY          RMS            GMAX         NAME    NUMBER
     47       2.8850E+01     3.2276E+00     1.2800E+01     CAK        10

 BOND    =        0.4506  ANGLE   =        1.1571  DIHED      =        0.1984
 VDWAALS =       -1.0550  EEL     =      -31.3411  HBOND      =        0.0000
 1-4 VDW =        2.2767  1-4 EEL =       57.1637  RESTRAINT  =        0.0000


   NSTEP       ENERGY          RMS            GMAX         NAME    NUMBER
     48       2.8801E+01     9.7010E-01     2.5197E+00     CAF         5

 BOND    =        0.4178  ANGLE   =        1.1668  DIHED      =        0.1977
 VDWAALS =       -1.0545  EEL     =      -31.3437  HBOND      =        0.0000
 1-4 VDW =        2.2746  1-4 EEL =       57.1423  RESTRAINT  =        0.0000


   NSTEP       ENERGY          RMS            GMAX         NAME    NUMBER
     49       2.8792E+01     1.5419E+00     6.0828E+00     CAK        10

 BOND    =        0.4304  ANGLE   =        1.1819  DIHED      =        0.1956
 VDWAALS =       -1.0546  EEL     =      -31.3496  HBOND      =        0.0000
 1-4 VDW =        2.2702  1-4 EEL =       57.1176  RESTRAINT  =        0.0000


   NSTEP       ENERGY          RMS            GMAX         NAME    NUMBER
     50       2.8789E+01     2.0602E+00     7.7773E+00     CAK        10

 BOND    =        0.4189  ANGLE   =        1.1781  DIHED      =        0.1942
 VDWAALS =       -1.0557  EEL     =      -31.3513  HBOND      =        0.0000
 1-4 VDW =        2.2692  1-4 EEL =       57.1351  RESTRAINT  =        0.0000


   NSTEP       ENERGY          RMS            GMAX         NAME    NUMBER
     51       2.8786E+01     2.3761E+00     9.9001E+00     CAK        10

 BOND    =        0.4449  ANGLE   =        1.1968  DIHED      =        0.1928
 VDWAALS =       -1.0551  EEL     =      -31.3564  HBOND      =        0.0000
 1-4 VDW =        2.2652  1-4 EEL =       57.0972  RESTRAINT  =        0.0000


   NSTEP       ENERGY          RMS            GMAX         NAME    NUMBER
     52       3.6303E+01     3.9981E+01     1.6773E+02     CAK        10

 BOND    =        7.6829  ANGLE   =        1.2211  DIHED      =        0.1844
 VDWAALS =       -1.0677  EEL     =      -31.3588  HBOND      =        0.0000
 1-4 VDW =        2.2758  1-4 EEL =       57.3655  RESTRAINT  =        0.0000


   NSTEP       ENERGY          RMS            GMAX         NAME    NUMBER
     53       2.8756E+01     7.0989E-01     1.9973E+00     HOAD       13

 BOND    =        0.4064  ANGLE   =        1.1917  DIHED      =        0.1923
 VDWAALS =       -1.0559  EEL     =      -31.3565  HBOND      =        0.0000
 1-4 VDW =        2.2653  1-4 EEL =       57.1128  RESTRAINT  =        0.0000


   NSTEP       ENERGY          RMS            GMAX         NAME    NUMBER
     54       2.8751E+01     7.0089E-01     1.9919E+00     HAG        16

 BOND    =        0.4049  ANGLE   =        1.1949  DIHED      =        0.1916
 VDWAALS =       -1.0561  EEL     =      -31.3581  HBOND      =        0.0000
 1-4 VDW =        2.2642  1-4 EEL =       57.1092  RESTRAINT  =        0.0000


   NSTEP       ENERGY          RMS            GMAX         NAME    NUMBER
     55       2.8703E+01     6.1941E-01     1.9473E+00     HAG        16

 BOND    =        0.3915  ANGLE   =        1.2270  DIHED      =        0.1853
 VDWAALS =       -1.0580  EEL     =      -31.3728  HBOND      =        0.0000
 1-4 VDW =        2.2537  1-4 EEL =       57.0762  RESTRAINT  =        0.0000


   NSTEP       ENERGY          RMS            GMAX         NAME    NUMBER
     56       2.8544E+01     7.0435E-01     2.1473E+00     CAG         6

 BOND    =        0.3212  ANGLE   =        1.6804  DIHED      =        0.1476
 VDWAALS =       -1.0682  EEL     =      -31.4991  HBOND      =        0.0000
 1-4 VDW =        2.1764  1-4 EEL =       56.7860  RESTRAINT  =        0.0000


   NSTEP       ENERGY          RMS            GMAX         NAME    NUMBER
     57       3.0333E+01     1.3005E+01     4.6571E+01     CAG         6

 BOND    =        2.1843  ANGLE   =        1.5703  DIHED      =        0.1854
 VDWAALS =       -1.0496  EEL     =      -31.2502  HBOND      =        0.0000
 1-4 VDW =        2.1388  1-4 EEL =       56.5538  RESTRAINT  =        0.0000


   NSTEP       ENERGY          RMS            GMAX         NAME    NUMBER
     58       2.8527E+01     1.0629E+00     3.1892E+00     CAJ         9

 BOND    =        0.3210  ANGLE   =        1.6638  DIHED      =        0.1490
 VDWAALS =       -1.0686  EEL     =      -31.4764  HBOND      =        0.0000
 1-4 VDW =        2.1724  1-4 EEL =       56.7654  RESTRAINT  =        0.0000


   NSTEP       ENERGY          RMS            GMAX         NAME    NUMBER
     59       2.8498E+01     9.7148E-01     2.3602E+00     OAD         3

 BOND    =        0.3289  ANGLE   =        1.6149  DIHED      =        0.1521
 VDWAALS =       -1.0718  EEL     =      -31.4587  HBOND      =        0.0000
 1-4 VDW =        2.1814  1-4 EEL =       56.7508  RESTRAINT  =        0.0000


   NSTEP       ENERGY          RMS            GMAX         NAME    NUMBER
     60       2.8485E+01     1.7535E+00     6.6755E+00     CAJ         9

 BOND    =        0.3560  ANGLE   =        1.5576  DIHED      =        0.1570
 VDWAALS =       -1.0752  EEL     =      -31.4360  HBOND      =        0.0000
 1-4 VDW =        2.1931  1-4 EEL =       56.7320  RESTRAINT  =        0.0000


   NSTEP       ENERGY          RMS            GMAX         NAME    NUMBER
     61       2.8412E+01     1.3392E+00     4.4799E+00     CAJ         9

 BOND    =        0.3053  ANGLE   =        1.5142  DIHED      =        0.1700
 VDWAALS =       -1.0845  EEL     =      -31.4032  HBOND      =        0.0000
 1-4 VDW =        2.2171  1-4 EEL =       56.6936  RESTRAINT  =        0.0000


   NSTEP       ENERGY          RMS            GMAX         NAME    NUMBER
     62       2.8354E+01     1.9163E+00     7.1086E+00     CAL        11

 BOND    =        0.2542  ANGLE   =        1.4479  DIHED      =        0.2042
 VDWAALS =       -1.0967  EEL     =      -31.3396  HBOND      =        0.0000
 1-4 VDW =        2.2646  1-4 EEL =       56.6190  RESTRAINT  =        0.0000


   NSTEP       ENERGY          RMS            GMAX         NAME    NUMBER
     63       2.8358E+01     3.2432E+00     9.9161E+00     CAL        11

 BOND    =        0.3370  ANGLE   =        1.2417  DIHED      =        0.2748
 VDWAALS =       -1.1076  EEL     =      -31.2573  HBOND      =        0.0000
 1-4 VDW =        2.3473  1-4 EEL =       56.5223  RESTRAINT  =        0.0000


   NSTEP       ENERGY          RMS            GMAX         NAME    NUMBER
     64       2.8289E+01     1.3435E+00     6.2157E+00     OAD         3

 BOND    =        0.2470  ANGLE   =        1.3310  DIHED      =        0.2369
 VDWAALS =       -1.1038  EEL     =      -31.2984  HBOND      =        0.0000
 1-4 VDW =        2.3053  1-4 EEL =       56.5707  RESTRAINT  =        0.0000


   NSTEP       ENERGY          RMS            GMAX         NAME    NUMBER
     65       2.8252E+01     8.8510E-01     2.4166E+00     OAE         4

 BOND    =        0.2386  ANGLE   =        1.3064  DIHED      =        0.2522
 VDWAALS =       -1.1057  EEL     =      -31.2836  HBOND      =        0.0000
 1-4 VDW =        2.2873  1-4 EEL =       56.5564  RESTRAINT  =        0.0000


   NSTEP       ENERGY          RMS            GMAX         NAME    NUMBER
     66       2.8250E+01     1.0219E+00     3.4310E+00     CAJ         9

 BOND    =        0.2420  ANGLE   =        1.3020  DIHED      =        0.2558
 VDWAALS =       -1.1061  EEL     =      -31.2802  HBOND      =        0.0000
 1-4 VDW =        2.2833  1-4 EEL =       56.5531  RESTRAINT  =        0.0000


   NSTEP       ENERGY          RMS            GMAX         NAME    NUMBER
     67       2.8220E+01     8.3906E-01     1.8594E+00     OAD         3

 BOND    =        0.2661  ANGLE   =        1.2892  DIHED      =        0.2664
 VDWAALS =       -1.1050  EEL     =      -31.2701  HBOND      =        0.0000
 1-4 VDW =        2.2435  1-4 EEL =       56.5298  RESTRAINT  =        0.0000


   NSTEP       ENERGY          RMS            GMAX         NAME    NUMBER
     68       2.8216E+01     1.3659E+00     4.7679E+00     CAL        11

 BOND    =        0.3003  ANGLE   =        1.2839  DIHED      =        0.2757
 VDWAALS =       -1.1039  EEL     =      -31.2619  HBOND      =        0.0000
 1-4 VDW =        2.2114  1-4 EEL =       56.5107  RESTRAINT  =        0.0000


   NSTEP       ENERGY          RMS            GMAX         NAME    NUMBER
     69       2.8162E+01     1.3649E+00     4.5452E+00     CAJ         9

 BOND    =        0.3787  ANGLE   =        1.1974  DIHED      =        0.2978
 VDWAALS =       -1.1032  EEL     =      -31.2446  HBOND      =        0.0000
 1-4 VDW =        2.1717  1-4 EEL =       56.4639  RESTRAINT  =        0.0000


   NSTEP       ENERGY          RMS            GMAX         NAME    NUMBER
     70       2.8156E+01     1.8688E+00     6.9136E+00     CAJ         9

 BOND    =        0.4314  ANGLE   =        1.1595  DIHED      =        0.3094
 VDWAALS =       -1.1024  EEL     =      -31.2363  HBOND      =        0.0000
 1-4 VDW =        2.1531  1-4 EEL =       56.4416  RESTRAINT  =        0.0000


   NSTEP       ENERGY          RMS            GMAX         NAME    NUMBER
     71       2.8094E+01     1.3907E+00     4.0809E+00     CAI         8

 BOND    =        0.4169  ANGLE   =        1.1575  DIHED      =        0.3430
 VDWAALS =       -1.1029  EEL     =      -31.1968  HBOND      =        0.0000
 1-4 VDW =        2.1079  1-4 EEL =       56.3682  RESTRAINT  =        0.0000


   NSTEP       ENERGY          RMS            GMAX         NAME    NUMBER
     72       2.8094E+01     1.3340E+00     4.0802E+00     CAI         8

 BOND    =        0.4157  ANGLE   =        1.1569  DIHED      =        0.3414
 VDWAALS =       -1.1029  EEL     =      -31.1985  HBOND      =        0.0000
 1-4 VDW =        2.1099  1-4 EEL =       56.3714  RESTRAINT  =        0.0000


   NSTEP       ENERGY          RMS            GMAX         NAME    NUMBER
     73       2.8051E+01     8.6810E-01     2.0439E+00     HAG        16

 BOND    =        0.3535  ANGLE   =        1.1860  DIHED      =        0.3565
 VDWAALS =       -1.1032  EEL     =      -31.1628  HBOND      =        0.0000
 1-4 VDW =        2.1010  1-4 EEL =       56.3196  RESTRAINT  =        0.0000


   NSTEP       ENERGY          RMS            GMAX         NAME    NUMBER
     74       2.8049E+01     9.6801E-01     2.9620E+00     CAI         8

 BOND    =        0.3456  ANGLE   =        1.1932  DIHED      =        0.3592
 VDWAALS =       -1.1032  EEL     =      -31.1567  HBOND      =        0.0000
 1-4 VDW =        2.0997  1-4 EEL =       56.3108  RESTRAINT  =        0.0000


   NSTEP       ENERGY          RMS            GMAX         NAME    NUMBER
     75       2.8022E+01     6.1364E-01     1.5145E+00     HOAE       14

 BOND    =        0.3583  ANGLE   =        1.1661  DIHED      =        0.3648
 VDWAALS =       -1.1050  EEL     =      -31.1431  HBOND      =        0.0000
 1-4 VDW =        2.0989  1-4 EEL =       56.2821  RESTRAINT  =        0.0000


   NSTEP       ENERGY          RMS            GMAX         NAME    NUMBER
     76       2.8018E+01     4.9446E-01     1.4235E+00     HOAE       14

 BOND    =        0.3548  ANGLE   =        1.1694  DIHED      =        0.3646
 VDWAALS =       -1.1061  EEL     =      -31.1449  HBOND      =        0.0000
 1-4 VDW =        2.0982  1-4 EEL =       56.2821  RESTRAINT  =        0.0000


   NSTEP       ENERGY          RMS            GMAX         NAME    NUMBER
     77       2.8014E+01     4.4300E-01     1.3383E+00     HOAE       14

 BOND    =        0.3539  ANGLE   =        1.1725  DIHED      =        0.3643
 VDWAALS =       -1.1076  EEL     =      -31.1478  HBOND      =        0.0000
 1-4 VDW =        2.0979  1-4 EEL =       56.2810  RESTRAINT  =        0.0000


   NSTEP       ENERGY          RMS            GMAX         NAME    NUMBER
     78       2.8010E+01     4.1082E-01     1.2777E+00     HOAE       14

 BOND    =        0.3518  ANGLE   =        1.1781  DIHED      =        0.3640
 VDWAALS =       -1.1096  EEL     =      -31.1516  HBOND      =        0.0000
 1-4 VDW =        2.0976  1-4 EEL =       56.2795  RESTRAINT  =        0.0000


   NSTEP       ENERGY          RMS            GMAX         NAME    NUMBER
     79       2.8005E+01     3.8425E-01     1.2345E+00     HOAE       14

 BOND    =        0.3485  ANGLE   =        1.1870  DIHED      =        0.3637
 VDWAALS =       -1.1119  EEL     =      -31.1564  HBOND      =        0.0000
 1-4 VDW =        2.0974  1-4 EEL =       56.2769  RESTRAINT  =        0.0000


   NSTEP       ENERGY          RMS            GMAX         NAME    NUMBER
     80       3.5864E+01     2.4905E+01     1.0516E+02     CAK        10

 BOND    =        3.2821  ANGLE   =        6.4115  DIHED      =        1.0093
 VDWAALS =       -1.4213  EEL     =      -32.2249  HBOND      =        0.0000
 1-4 VDW =        2.9237  1-4 EEL =       55.8834  RESTRAINT  =        0.0000


   NSTEP       ENERGY          RMS            GMAX         NAME    NUMBER
     81       2.7982E+01     1.3829E+00     5.7587E+00     CAK        10

 BOND    =        0.3216  ANGLE   =        1.2900  DIHED      =        0.3628
 VDWAALS =       -1.1373  EEL     =      -31.2121  HBOND      =        0.0000
 1-4 VDW =        2.1003  1-4 EEL =       56.2568  RESTRAINT  =        0.0000


   NSTEP       ENERGY          RMS            GMAX         NAME    NUMBER
     82       2.7988E+01     1.6175E+00     6.2944E+00     CAK        10

 BOND    =        0.3171  ANGLE   =        1.4340  DIHED      =        0.3672
 VDWAALS =       -1.1606  EEL     =      -31.2739  HBOND      =        0.0000
 1-4 VDW =        2.1042  1-4 EEL =       56.1999  RESTRAINT  =        0.0000


   NSTEP       ENERGY          RMS            GMAX         NAME    NUMBER
     83       2.7970E+01     3.8504E-01     9.6649E-01     OAA         1

 BOND    =        0.3094  ANGLE   =        1.3488  DIHED      =        0.3642
 VDWAALS =       -1.1474  EEL     =      -31.2385  HBOND      =        0.0000
 1-4 VDW =        2.1014  1-4 EEL =       56.2325  RESTRAINT  =        0.0000


   NSTEP       ENERGY          RMS            GMAX         NAME    NUMBER
     84       2.7969E+01     3.2369E-01     8.4892E-01     CAJ         9

 BOND    =        0.3113  ANGLE   =        1.3459  DIHED      =        0.3642
 VDWAALS =       -1.1462  EEL     =      -31.2383  HBOND      =        0.0000
 1-4 VDW =        2.1005  1-4 EEL =       56.2311  RESTRAINT  =        0.0000


   NSTEP       ENERGY          RMS            GMAX         NAME    NUMBER
     85       2.7967E+01     2.9683E-01     7.3253E-01     CAJ         9

 BOND    =        0.3139  ANGLE   =        1.3424  DIHED      =        0.3644
 VDWAALS =       -1.1447  EEL     =      -31.2381  HBOND      =        0.0000
 1-4 VDW =        2.0995  1-4 EEL =       56.2294  RESTRAINT  =        0.0000


   NSTEP       ENERGY          RMS            GMAX         NAME    NUMBER
     86       2.7966E+01     3.2162E-01     7.4790E-01     CAJ         9

 BOND    =        0.3160  ANGLE   =        1.3399  DIHED      =        0.3645
 VDWAALS =       -1.1435  EEL     =      -31.2379  HBOND      =        0.0000
 1-4 VDW =        2.0987  1-4 EEL =       56.2281  RESTRAINT  =        0.0000


   NSTEP       ENERGY          RMS            GMAX         NAME    NUMBER
     87       2.7966E+01     3.4484E-01     8.4005E-01     CAJ         9

 BOND    =        0.3171  ANGLE   =        1.3388  DIHED      =        0.3646
 VDWAALS =       -1.1430  EEL     =      -31.2378  HBOND      =        0.0000
 1-4 VDW =        2.0984  1-4 EEL =       56.2275  RESTRAINT  =        0.0000


   NSTEP       ENERGY          RMS            GMAX         NAME    NUMBER
     88       2.7965E+01     3.5532E-01     8.7540E-01     CAJ         9

 BOND    =        0.3175  ANGLE   =        1.3384  DIHED      =        0.3646
 VDWAALS =       -1.1428  EEL     =      -31.2378  HBOND      =        0.0000
 1-4 VDW =        2.0982  1-4 EEL =       56.2273  RESTRAINT  =        0.0000


   NSTEP       ENERGY          RMS            GMAX         NAME    NUMBER
     89       2.7963E+01     5.6517E-01     2.0657E+00     CAK        10

 BOND    =        0.3329  ANGLE   =        1.3176  DIHED      =        0.3666
 VDWAALS =       -1.1383  EEL     =      -31.2435  HBOND      =        0.0000
 1-4 VDW =        2.0986  1-4 EEL =       56.2291  RESTRAINT  =        0.0000


   NSTEP       ENERGY          RMS            GMAX         NAME    NUMBER
     90       2.7963E+01     3.8389E-01     1.4000E+00     CAK        10

 BOND    =        0.3282  ANGLE   =        1.3229  DIHED      =        0.3660
 VDWAALS =       -1.1395  EEL     =      -31.2420  HBOND      =        0.0000
 1-4 VDW =        2.0985  1-4 EEL =       56.2286  RESTRAINT  =        0.0000


   NSTEP       ENERGY          RMS            GMAX         NAME    NUMBER
     91       2.7960E+01     3.9881E-01     8.9503E-01     CAF         5

 BOND    =        0.3397  ANGLE   =        1.3165  DIHED      =        0.3690
 VDWAALS =       -1.1350  EEL     =      -31.2509  HBOND      =        0.0000
 1-4 VDW =        2.0972  1-4 EEL =       56.2236  RESTRAINT  =        0.0000


   NSTEP       ENERGY          RMS            GMAX         NAME    NUMBER
     92       2.7960E+01     3.7886E-01     8.3386E-01     OAB         2

 BOND    =        0.3390  ANGLE   =        1.3168  DIHED      =        0.3688
 VDWAALS =       -1.1352  EEL     =      -31.2505  HBOND      =        0.0000
 1-4 VDW =        2.0973  1-4 EEL =       56.2239  RESTRAINT  =        0.0000


   NSTEP       ENERGY          RMS            GMAX         NAME    NUMBER
     93       2.7958E+01     3.7876E-01     9.0063E-01     CAH         7

 BOND    =        0.3335  ANGLE   =        1.3208  DIHED      =        0.3722
 VDWAALS =       -1.1313  EEL     =      -31.2611  HBOND      =        0.0000
 1-4 VDW =        2.0964  1-4 EEL =       56.2270  RESTRAINT  =        0.0000


   NSTEP       ENERGY          RMS            GMAX         NAME    NUMBER
     94       2.7958E+01     3.9777E-01     9.7731E-01     CAH         7

 BOND    =        0.3333  ANGLE   =        1.3210  DIHED      =        0.3724
 VDWAALS =       -1.1311  EEL     =      -31.2616  HBOND      =        0.0000
 1-4 VDW =        2.0963  1-4 EEL =       56.2272  RESTRAINT  =        0.0000


   NSTEP       ENERGY          RMS            GMAX         NAME    NUMBER
     95       2.7954E+01     3.2128E-01     8.8997E-01     CAH         7

 BOND    =        0.3279  ANGLE   =        1.3221  DIHED      =        0.3746
 VDWAALS =       -1.1291  EEL     =      -31.2719  HBOND      =        0.0000
 1-4 VDW =        2.0997  1-4 EEL =       56.2303  RESTRAINT  =        0.0000


   NSTEP       ENERGY          RMS            GMAX         NAME    NUMBER
     96       2.7974E+01     1.4590E+00     4.3776E+00     CAL        11

 BOND    =        0.3092  ANGLE   =        1.3532  DIHED      =        0.3980
 VDWAALS =       -1.1106  EEL     =      -31.3654  HBOND      =        0.0000
 1-4 VDW =        2.1308  1-4 EEL =       56.2590  RESTRAINT  =        0.0000


   NSTEP       ENERGY          RMS            GMAX         NAME    NUMBER
     97       2.7949E+01     4.8595E-01     1.1222E+00     CAL        11

 BOND    =        0.3164  ANGLE   =        1.3274  DIHED      =        0.3810
 VDWAALS =       -1.1235  EEL     =      -31.3003  HBOND      =        0.0000
 1-4 VDW =        2.1092  1-4 EEL =       56.2391  RESTRAINT  =        0.0000


   NSTEP       ENERGY          RMS            GMAX         NAME    NUMBER
     98       2.7946E+01     1.0685E+00     3.5205E+00     CAH         7

 BOND    =        0.3132  ANGLE   =        1.3607  DIHED      =        0.3898
 VDWAALS =       -1.1193  EEL     =      -31.3338  HBOND      =        0.0000
 1-4 VDW =        2.1192  1-4 EEL =       56.2166  RESTRAINT  =        0.0000


   NSTEP       ENERGY          RMS            GMAX         NAME    NUMBER
     99       2.7944E+01     5.5715E-01     1.6136E+00     OAA         1

 BOND    =        0.3119  ANGLE   =        1.3446  DIHED      =        0.3856
 VDWAALS =       -1.1213  EEL     =      -31.3182  HBOND      =        0.0000
 1-4 VDW =        2.1145  1-4 EEL =       56.2271  RESTRAINT  =        0.0000


   NSTEP       ENERGY          RMS            GMAX         NAME    NUMBER
    100       2.7944E+01     6.4370E-01     1.8448E+00     CAH         7

 BOND    =        0.3117  ANGLE   =        1.3476  DIHED      =        0.3864
 VDWAALS =       -1.1209  EEL     =      -31.3212  HBOND      =        0.0000
 1-4 VDW =        2.1154  1-4 EEL =       56.2251  RESTRAINT  =        0.0000


  Maximum number of minimization cycles reached.


                    FINAL RESULTS



   NSTEP       ENERGY          RMS            GMAX         NAME    NUMBER
    100       2.7944E+01     6.4370E-01     1.8448E+00     CAH         7

 BOND    =        0.3117  ANGLE   =        1.3476  DIHED      =        0.3864
 VDWAALS =       -1.1209  EEL     =      -31.3212  HBOND      =        0.0000
 1-4 VDW =        2.1154  1-4 EEL =       56.2251  RESTRAINT  =        0.0000

--------------------------------------------------------------------------------
   5.  TIMINGS
--------------------------------------------------------------------------------

|    Read coords time           0.00 ( 1.19% of Total)
|    Fast Water setup           0.00 ( 0.01% of Total)
|                Build the list             0.00 (89.68% of List )
|                Other                      0.00 (10.32% of List )
|             List time                  0.00 (13.49% of Nonbo)
|                   Short_ene time             0.01 (96.42% of Direc)
|                   Other                      0.00 ( 3.58% of Direc)
|                Direct Ewald time          0.01 (92.94% of Ewald)
|                Force Adjust               0.00 ( 0.38% of Ewald)
|                Virial junk                0.00 ( 0.82% of Ewald)
|                Start synchronizatio       0.00 ( 0.63% of Ewald)
|                Other                      0.00 ( 5.23% of Ewald)
|             Ewald time                 0.01 (85.13% of Nonbo)
|             IPS excludes               0.00 ( 0.25% of Nonbo)
|             Other                      0.00 ( 1.13% of Nonbo)
|          Nonbond force              0.01 (74.20% of Force)
|          Bond/Angle/Dihedral        0.00 (22.52% of Force)
|          Other                      0.00 ( 3.29% of Force)
|       Force time                 0.02 (100.0% of Runmd)
|    Runmd Time                 0.02 ( 5.90% of Total)
|    Other                      0.26 (92.90% of Total)
| Total time                 0.28 (100.0% of ALL  )

| Number of list builds   :          1

| Highest rstack allocated:         60
| Highest istack allocated:         12
|           Job began  at 20:49:05.633  on 12/05/2014
|           Setup done at 20:49:05.654  on 12/05/2014
|           Run   done at 20:49:05.911  on 12/05/2014
|     wallclock() was called    2335 times
