
          -------------------------------------------------------
          Amber 14 SANDER                              2014
          -------------------------------------------------------

| Run on 02/05/2016 at 00:10:44

|   Executable path: sander
| Working directory: /gpfs/gpfs/project1/dacase-001/haichit/phenix_amber/run_amber_library/amber_library/g
|          Hostname: e1c056

  [-O]verwriting output

File Assignments:
|  MDIN: GTI_sander.in                                                         
| MDOUT: GTI.min.out                                                           
|INPCRD: GTI.rst7                                                              
|  PARM: GTI.prmtop                                                            
|RESTRT: GTI.min.rst7                                                          
|  REFC: refc                                                                  
| MDVEL: mdvel                                                                 
| MDFRC: mdfrc                                                                 
|  MDEN: mden                                                                  
| MDCRD: mdcrd                                                                 
|MDINFO: mdinfo                                                                
|  MTMD: mtmd                                                                  
|INPDIP: inpdip                                                                
|RSTDIP: rstdip                                                                
|INPTRA: inptraj                                                               


 Here is the input file:

  short minimization                                                           
 &cntrl                                                                        
   imin=1, maxcyc=100, ncyc=50, ntpr=1, cut=99., ntb=0,                        
 /                                                                             

--------------------------------------------------------------------------------
   1.  RESOURCE   USE: 
--------------------------------------------------------------------------------

| Flags:                                                                        
|    NONPERIODIC   ntb=0 and igb=0: Setting up nonperiodic simulation
|  *** cutoff > system size, list only builds once
|Largest sphere to fit in unit cell has radius =    31.473
| New format PARM file being parsed.
| Version =    1.000 Date = 02/05/16 Time = 00:10:44
 NATOM  =      31 NTYPES =       9 NBONH =      14 MBONA  =      19
 NTHETH =      32 MTHETA =      25 NPHIH =      55 MPHIA  =      39
 NHPARM =       0 NPARM  =       0 NNB   =     167 NRES   =       1
 NBONA  =      19 NTHETA =      25 NPHIA =      39 NUMBND =      14
 NUMANG =      22 NPTRA  =      11 NATYP =      12 NPHB   =       0
 IFBOX  =       0 NMXRS  =      31 IFCAP =       0 NEXTRA =       0
 NCOPY  =       0


|     Memory Use     Allocated
|     Real                6787
|     Hollerith             96
|     Integer            25616
|     Max Pairs            465
|     nblistReal           372
|     nblist Int        920724
|       Total             3754 kbytes

| Note: 1-4 EEL scale factors are being read from the topology file.

| Note: 1-4 VDW scale factors are being read from the topology file.
| Duplicated    0 dihedrals
| Duplicated    0 dihedrals

--------------------------------------------------------------------------------
   2.  CONTROL  DATA  FOR  THE  RUN
--------------------------------------------------------------------------------

GTI                                                                             

General flags:
     imin    =       1, nmropt  =       0

Nature and format of input:
     ntx     =       1, irest   =       0, ntrx    =       1

Nature and format of output:
     ntxo    =       1, ntpr    =       1, ntrx    =       1, ntwr    =       1
     iwrap   =       0, ntwx    =       0, ntwv    =       0, ntwe    =       0
     ioutfm  =       0, ntwprt  =       0, idecomp =       0, rbornstat=      0

Potential function:
     ntf     =       1, ntb     =       0, igb     =       0, nsnb    =      25
     ipol    =       0, gbsa    =       0, iesp    =       0
     dielc   =   1.00000, cut     =  99.00000, intdiel =   1.00000

Frozen or restrained atoms:
     ibelly  =       0, ntr     =       0

Energy minimization:
     maxcyc  =     100, ncyc    =      50, ntmin   =       1
     dx0     =   0.01000, drms    =   0.00010
|  INFO: Old style inpcrd file read


--------------------------------------------------------------------------------
   3.  ATOMIC COORDINATES AND VELOCITIES
--------------------------------------------------------------------------------

GTI                                                                             
 begin time read from input coords =     0.000 ps

 Number of triangulated 3-point waters found:        0

     Sum of charges from parm topology file =  -0.00100000
     Forcing neutrality...

--------------------------------------------------------------------------------
   4.  RESULTS
--------------------------------------------------------------------------------

 ---------------------------------------------------

     eedmeth=4: Setting switch to one everywhere

 ---------------------------------------------------
| Local SIZE OF NONBOND LIST =        303
| TOTAL SIZE OF NONBOND LIST =        303


   NSTEP       ENERGY          RMS            GMAX         NAME    NUMBER
      1       5.1819E+01     1.3593E+01     4.0508E+01     CAF        10

 BOND    =        5.2091  ANGLE   =        3.0856  DIHED      =        5.6585
 VDWAALS =       -1.1039  EEL     =      -48.8807  HBOND      =        0.0000
 1-4 VDW =        7.6219  1-4 EEL =       80.2285  RESTRAINT  =        0.0000


   NSTEP       ENERGY          RMS            GMAX         NAME    NUMBER
      2       5.1181E+01     1.2862E+01     3.7775E+01     CAF        10

 BOND    =        4.7513  ANGLE   =        3.0286  DIHED      =        5.6437
 VDWAALS =       -1.1103  EEL     =      -48.8539  HBOND      =        0.0000
 1-4 VDW =        7.5667  1-4 EEL =       80.1553  RESTRAINT  =        0.0000


   NSTEP       ENERGY          RMS            GMAX         NAME    NUMBER
      3       5.0462E+01     1.2002E+01     3.5288E+01     NQ          4

 BOND    =        4.2455  ANGLE   =        2.9628  DIHED      =        5.6251
 VDWAALS =       -1.1182  EEL     =      -48.8213  HBOND      =        0.0000
 1-4 VDW =        7.5016  1-4 EEL =       80.0667  RESTRAINT  =        0.0000


   NSTEP       ENERGY          RMS            GMAX         NAME    NUMBER
      4       4.9664E+01     1.0998E+01     3.3491E+01     NQ          4

 BOND    =        3.6997  ANGLE   =        2.8876  DIHED      =        5.6014
 VDWAALS =       -1.1279  EEL     =      -48.7816  HBOND      =        0.0000
 1-4 VDW =        7.4253  1-4 EEL =       79.9595  RESTRAINT  =        0.0000


   NSTEP       ENERGY          RMS            GMAX         NAME    NUMBER
      5       4.8796E+01     9.8380E+00     3.1230E+01     NQ          4

 BOND    =        3.1303  ANGLE   =        2.8024  DIHED      =        5.5707
 VDWAALS =       -1.1400  EEL     =      -48.7331  HBOND      =        0.0000
 1-4 VDW =        7.3365  1-4 EEL =       79.8295  RESTRAINT  =        0.0000


   NSTEP       ENERGY          RMS            GMAX         NAME    NUMBER
      6       4.7880E+01     8.5192E+00     2.8374E+01     NQ          4

 BOND    =        2.5648  ANGLE   =        2.7072  DIHED      =        5.5305
 VDWAALS =       -1.1552  EEL     =      -48.6735  HBOND      =        0.0000
 1-4 VDW =        7.2346  1-4 EEL =       79.6715  RESTRAINT  =        0.0000


   NSTEP       ENERGY          RMS            GMAX         NAME    NUMBER
      7       4.6948E+01     7.0638E+00     2.4772E+01     NQ          4

 BOND    =        2.0442  ANGLE   =        2.6023  DIHED      =        5.4764
 VDWAALS =       -1.1745  EEL     =      -48.6002  HBOND      =        0.0000
 1-4 VDW =        7.1197  1-4 EEL =       79.4795  RESTRAINT  =        0.0000


   NSTEP       ENERGY          RMS            GMAX         NAME    NUMBER
      8       4.6045E+01     5.5455E+00     2.0281E+01     NQ          4

 BOND    =        1.6217  ANGLE   =        2.4889  DIHED      =        5.4019
 VDWAALS =       -1.1993  EEL     =      -48.5098  HBOND      =        0.0000
 1-4 VDW =        6.9954  1-4 EEL =       79.2465  RESTRAINT  =        0.0000


   NSTEP       ENERGY          RMS            GMAX         NAME    NUMBER
      9       4.5221E+01     4.1305E+00     1.4925E+01     NQ          4

 BOND    =        1.3450  ANGLE   =        2.3700  DIHED      =        5.2972
 VDWAALS =       -1.2313  EEL     =      -48.3997  HBOND      =        0.0000
 1-4 VDW =        6.8722  1-4 EEL =       78.9679  RESTRAINT  =        0.0000


   NSTEP       ENERGY          RMS            GMAX         NAME    NUMBER
     10       4.4497E+01     3.0301E+00     9.8457E+00     CAP        17

 BOND    =        1.2043  ANGLE   =        2.2579  DIHED      =        5.1518
 VDWAALS =       -1.2712  EEL     =      -48.2726  HBOND      =        0.0000
 1-4 VDW =        6.7753  1-4 EEL =       78.6512  RESTRAINT  =        0.0000


   NSTEP       ENERGY          RMS            GMAX         NAME    NUMBER
     11       4.3858E+01     2.1887E+00     7.0462E+00     CAP        17

 BOND    =        1.0899  ANGLE   =        2.1914  DIHED      =        4.9703
 VDWAALS =       -1.3146  EEL     =      -48.1449  HBOND      =        0.0000
 1-4 VDW =        6.7376  1-4 EEL =       78.3289  RESTRAINT  =        0.0000


   NSTEP       ENERGY          RMS            GMAX         NAME    NUMBER
     12       4.3325E+01     1.4856E+00     5.0318E+00     CAP        17

 BOND    =        0.9771  ANGLE   =        2.2232  DIHED      =        4.7772
 VDWAALS =       -1.3523  EEL     =      -48.0287  HBOND      =        0.0000
 1-4 VDW =        6.7272  1-4 EEL =       78.0016  RESTRAINT  =        0.0000


   NSTEP       ENERGY          RMS            GMAX         NAME    NUMBER
     13       4.2902E+01     1.0857E+00     3.7157E+00     NK          2

 BOND    =        1.0117  ANGLE   =        2.2642  DIHED      =        4.5871
 VDWAALS =       -1.3814  EEL     =      -47.9308  HBOND      =        0.0000
 1-4 VDW =        6.6811  1-4 EEL =       77.6695  RESTRAINT  =        0.0000


   NSTEP       ENERGY          RMS            GMAX         NAME    NUMBER
     14       4.2709E+01     2.6637E+00     1.1848E+01     CAA         5

 BOND    =        1.0244  ANGLE   =        2.3339  DIHED      =        4.4598
 VDWAALS =       -1.3992  EEL     =      -47.9390  HBOND      =        0.0000
 1-4 VDW =        6.6738  1-4 EEL =       77.5555  RESTRAINT  =        0.0000


   NSTEP       ENERGY          RMS            GMAX         NAME    NUMBER
     15       4.4053E+01     8.7834E+00     4.1520E+01     CAA         5

 BOND    =        2.7123  ANGLE   =        2.2347  DIHED      =        4.3517
 VDWAALS =       -1.3638  EEL     =      -47.9021  HBOND      =        0.0000
 1-4 VDW =        6.6546  1-4 EEL =       77.3660  RESTRAINT  =        0.0000


   NSTEP       ENERGY          RMS            GMAX         NAME    NUMBER
     16       4.2612E+01     2.7144E+00     1.1580E+01     CAA         5

 BOND    =        1.3902  ANGLE   =        2.1320  DIHED      =        4.3649
 VDWAALS =       -1.3841  EEL     =      -47.8922  HBOND      =        0.0000
 1-4 VDW =        6.6084  1-4 EEL =       77.3930  RESTRAINT  =        0.0000


   NSTEP       ENERGY          RMS            GMAX         NAME    NUMBER
     17       4.2719E+01     3.9561E+00     2.0599E+01     CAA         5

 BOND    =        1.2684  ANGLE   =        2.2749  DIHED      =        4.3776
 VDWAALS =       -1.4021  EEL     =      -47.9489  HBOND      =        0.0000
 1-4 VDW =        6.6279  1-4 EEL =       77.5212  RESTRAINT  =        0.0000


   NSTEP       ENERGY          RMS            GMAX         NAME    NUMBER
     18       4.2385E+01     8.6276E-01     2.4630E+00     NK          2

 BOND    =        1.0524  ANGLE   =        2.1682  DIHED      =        4.3522
 VDWAALS =       -1.3881  EEL     =      -47.9419  HBOND      =        0.0000
 1-4 VDW =        6.6554  1-4 EEL =       77.4869  RESTRAINT  =        0.0000


   NSTEP       ENERGY          RMS            GMAX         NAME    NUMBER
     19       4.2379E+01     1.9324E+00     7.7211E+00     CAH        12

 BOND    =        1.2826  ANGLE   =        2.1222  DIHED      =        4.2887
 VDWAALS =       -1.3806  EEL     =      -47.8944  HBOND      =        0.0000
 1-4 VDW =        6.6088  1-4 EEL =       77.3520  RESTRAINT  =        0.0000


   NSTEP       ENERGY          RMS            GMAX         NAME    NUMBER
     20       4.2439E+01     3.0948E+00     1.1597E+01     CAO        16

 BOND    =        1.2486  ANGLE   =        2.0850  DIHED      =        4.2922
 VDWAALS =       -1.3886  EEL     =      -47.9875  HBOND      =        0.0000
 1-4 VDW =        6.6540  1-4 EEL =       77.5349  RESTRAINT  =        0.0000


   NSTEP       ENERGY          RMS            GMAX         NAME    NUMBER
     21       4.2256E+01     8.4822E-01     2.6784E+00     CAA         5

 BOND    =        1.0760  ANGLE   =        2.1189  DIHED      =        4.2778
 VDWAALS =       -1.3808  EEL     =      -47.9496  HBOND      =        0.0000
 1-4 VDW =        6.6557  1-4 EEL =       77.4583  RESTRAINT  =        0.0000


   NSTEP       ENERGY          RMS            GMAX         NAME    NUMBER
     22       4.2264E+01     1.9568E+00     6.9783E+00     CAA         5

 BOND    =        1.2338  ANGLE   =        2.0753  DIHED      =        4.2367
 VDWAALS =       -1.3766  EEL     =      -47.9249  HBOND      =        0.0000
 1-4 VDW =        6.6388  1-4 EEL =       77.3806  RESTRAINT  =        0.0000


   NSTEP       ENERGY          RMS            GMAX         NAME    NUMBER
     23       4.2195E+01     6.8782E-01     2.0832E+00     NK          2

 BOND    =        1.1622  ANGLE   =        2.0657  DIHED      =        4.2359
 VDWAALS =       -1.3754  EEL     =      -47.9376  HBOND      =        0.0000
 1-4 VDW =        6.6399  1-4 EEL =       77.4045  RESTRAINT  =        0.0000


   NSTEP       ENERGY          RMS            GMAX         NAME    NUMBER
     24       4.2174E+01     1.0625E+00     3.9626E+00     CAN        15

 BOND    =        1.1071  ANGLE   =        2.0736  DIHED      =        4.2245
 VDWAALS =       -1.3759  EEL     =      -47.9518  HBOND      =        0.0000
 1-4 VDW =        6.6594  1-4 EEL =       77.4370  RESTRAINT  =        0.0000


   NSTEP       ENERGY          RMS            GMAX         NAME    NUMBER
     25       4.2188E+01     1.9251E+00     7.5835E+00     CAN        15

 BOND    =        1.1806  ANGLE   =        2.0589  DIHED      =        4.2045
 VDWAALS =       -1.3688  EEL     =      -47.9520  HBOND      =        0.0000
 1-4 VDW =        6.6571  1-4 EEL =       77.4072  RESTRAINT  =        0.0000


   NSTEP       ENERGY          RMS            GMAX         NAME    NUMBER
     26       4.2132E+01     5.6189E-01     1.8691E+00     NK          2

 BOND    =        1.1322  ANGLE   =        2.0508  DIHED      =        4.2017
 VDWAALS =       -1.3705  EEL     =      -47.9492  HBOND      =        0.0000
 1-4 VDW =        6.6573  1-4 EEL =       77.4099  RESTRAINT  =        0.0000


   NSTEP       ENERGY          RMS            GMAX         NAME    NUMBER
     27       4.2113E+01     7.9069E-01     2.8071E+00     CAN        15

 BOND    =        1.1314  ANGLE   =        2.0366  DIHED      =        4.1897
 VDWAALS =       -1.3704  EEL     =      -47.9534  HBOND      =        0.0000
 1-4 VDW =        6.6614  1-4 EEL =       77.4175  RESTRAINT  =        0.0000


   NSTEP       ENERGY          RMS            GMAX         NAME    NUMBER
     28       4.2110E+01     1.3391E+00     4.8803E+00     CAN        15

 BOND    =        1.1479  ANGLE   =        2.0350  DIHED      =        4.1752
 VDWAALS =       -1.3654  EEL     =      -47.9582  HBOND      =        0.0000
 1-4 VDW =        6.6670  1-4 EEL =       77.4085  RESTRAINT  =        0.0000


   NSTEP       ENERGY          RMS            GMAX         NAME    NUMBER
     29       4.2104E+01     1.5202E+00     6.5063E+00     CAN        15

 BOND    =        1.1436  ANGLE   =        2.0354  DIHED      =        4.1679
 VDWAALS =       -1.3677  EEL     =      -47.9533  HBOND      =        0.0000
 1-4 VDW =        6.6686  1-4 EEL =       77.4093  RESTRAINT  =        0.0000


   NSTEP       ENERGY          RMS            GMAX         NAME    NUMBER
     30       4.2110E+01     1.9209E+00     7.8251E+00     CAN        15

 BOND    =        1.1805  ANGLE   =        2.0167  DIHED      =        4.1596
 VDWAALS =       -1.3626  EEL     =      -47.9648  HBOND      =        0.0000
 1-4 VDW =        6.6710  1-4 EEL =       77.4095  RESTRAINT  =        0.0000


   NSTEP       ENERGY          RMS            GMAX         NAME    NUMBER
     31       4.2055E+01     4.8309E-01     1.6311E+00     NK          2

 BOND    =        1.1298  ANGLE   =        2.0133  DIHED      =        4.1559
 VDWAALS =       -1.3639  EEL     =      -47.9601  HBOND      =        0.0000
 1-4 VDW =        6.6725  1-4 EEL =       77.4077  RESTRAINT  =        0.0000


   NSTEP       ENERGY          RMS            GMAX         NAME    NUMBER
     32       4.2035E+01     7.2904E-01     2.6394E+00     CAN        15

 BOND    =        1.1320  ANGLE   =        2.0018  DIHED      =        4.1406
 VDWAALS =       -1.3623  EEL     =      -47.9617  HBOND      =        0.0000
 1-4 VDW =        6.6787  1-4 EEL =       77.4058  RESTRAINT  =        0.0000


   NSTEP       ENERGY          RMS            GMAX         NAME    NUMBER
     33       4.2040E+01     1.4755E+00     5.5108E+00     CAN        15

 BOND    =        1.1574  ANGLE   =        1.9955  DIHED      =        4.1286
 VDWAALS =       -1.3580  EEL     =      -47.9687  HBOND      =        0.0000
 1-4 VDW =        6.6812  1-4 EEL =       77.4041  RESTRAINT  =        0.0000


   NSTEP       ENERGY          RMS            GMAX         NAME    NUMBER
     34       4.2008E+01     4.7867E-01     1.5188E+00     NK          2

 BOND    =        1.1300  ANGLE   =        1.9899  DIHED      =        4.1258
 VDWAALS =       -1.3588  EEL     =      -47.9662  HBOND      =        0.0000
 1-4 VDW =        6.6835  1-4 EEL =       77.4035  RESTRAINT  =        0.0000


   NSTEP       ENERGY          RMS            GMAX         NAME    NUMBER
     35       4.1994E+01     6.2280E-01     2.0752E+00     CAN        15

 BOND    =        1.1313  ANGLE   =        1.9806  DIHED      =        4.1158
 VDWAALS =       -1.3579  EEL     =      -47.9673  HBOND      =        0.0000
 1-4 VDW =        6.6887  1-4 EEL =       77.4027  RESTRAINT  =        0.0000


   NSTEP       ENERGY          RMS            GMAX         NAME    NUMBER
     36       4.1987E+01     9.5901E-01     3.3248E+00     CAA         5

 BOND    =        1.1405  ANGLE   =        1.9754  DIHED      =        4.1064
 VDWAALS =       -1.3548  EEL     =      -47.9719  HBOND      =        0.0000
 1-4 VDW =        6.6905  1-4 EEL =       77.4012  RESTRAINT  =        0.0000


   NSTEP       ENERGY          RMS            GMAX         NAME    NUMBER
     37       4.1982E+01     1.1543E+00     4.7241E+00     CAN        15

 BOND    =        1.1359  ANGLE   =        1.9745  DIHED      =        4.0997
 VDWAALS =       -1.3556  EEL     =      -47.9690  HBOND      =        0.0000
 1-4 VDW =        6.6966  1-4 EEL =       77.4005  RESTRAINT  =        0.0000


   NSTEP       ENERGY          RMS            GMAX         NAME    NUMBER
     38       4.1981E+01     1.4043E+00     5.4066E+00     CAN        15

 BOND    =        1.1569  ANGLE   =        1.9630  DIHED      =        4.0929
 VDWAALS =       -1.3519  EEL     =      -47.9766  HBOND      =        0.0000
 1-4 VDW =        6.6965  1-4 EEL =       77.4004  RESTRAINT  =        0.0000


   NSTEP       ENERGY          RMS            GMAX         NAME    NUMBER
     39       4.1984E+01     1.6879E+00     7.3243E+00     CAN        15

 BOND    =        1.1443  ANGLE   =        1.9758  DIHED      =        4.0862
 VDWAALS =       -1.3538  EEL     =      -47.9698  HBOND      =        0.0000
 1-4 VDW =        6.7027  1-4 EEL =       77.3982  RESTRAINT  =        0.0000


   NSTEP       ENERGY          RMS            GMAX         NAME    NUMBER
     40       4.1941E+01     4.1304E-01     1.2004E+00     NK          2

 BOND    =        1.1283  ANGLE   =        1.9541  DIHED      =        4.0838
 VDWAALS =       -1.3517  EEL     =      -47.9749  HBOND      =        0.0000
 1-4 VDW =        6.7026  1-4 EEL =       77.3990  RESTRAINT  =        0.0000


   NSTEP       ENERGY          RMS            GMAX         NAME    NUMBER
     41       4.1924E+01     5.8625E-01     1.8257E+00     CAA         5

 BOND    =        1.1308  ANGLE   =        1.9452  DIHED      =        4.0707
 VDWAALS =       -1.3488  EEL     =      -47.9787  HBOND      =        0.0000
 1-4 VDW =        6.7074  1-4 EEL =       77.3973  RESTRAINT  =        0.0000


   NSTEP       ENERGY          RMS            GMAX         NAME    NUMBER
     42       4.1927E+01     1.2979E+00     5.1473E+00     CAN        15

 BOND    =        1.1388  ANGLE   =        1.9411  DIHED      =        4.0608
 VDWAALS =       -1.3485  EEL     =      -47.9780  HBOND      =        0.0000
 1-4 VDW =        6.7164  1-4 EEL =       77.3968  RESTRAINT  =        0.0000


   NSTEP       ENERGY          RMS            GMAX         NAME    NUMBER
     43       4.1902E+01     4.1332E-01     1.0809E+00     NK          2

 BOND    =        1.1272  ANGLE   =        1.9325  DIHED      =        4.0583
 VDWAALS =       -1.3470  EEL     =      -47.9807  HBOND      =        0.0000
 1-4 VDW =        6.7154  1-4 EEL =       77.3965  RESTRAINT  =        0.0000


   NSTEP       ENERGY          RMS            GMAX         NAME    NUMBER
     44       4.1891E+01     5.3587E-01     1.6691E+00     CAA         5

 BOND    =        1.1276  ANGLE   =        1.9286  DIHED      =        4.0495
 VDWAALS =       -1.3448  EEL     =      -47.9833  HBOND      =        0.0000
 1-4 VDW =        6.7181  1-4 EEL =       77.3951  RESTRAINT  =        0.0000


   NSTEP       ENERGY          RMS            GMAX         NAME    NUMBER
     45       4.1886E+01     8.5302E-01     3.1435E+00     CAN        15

 BOND    =        1.1302  ANGLE   =        1.9205  DIHED      =        4.0425
 VDWAALS =       -1.3444  EEL     =      -47.9835  HBOND      =        0.0000
 1-4 VDW =        6.7253  1-4 EEL =       77.3952  RESTRAINT  =        0.0000


   NSTEP       ENERGY          RMS            GMAX         NAME    NUMBER
     46       4.1882E+01     1.0324E+00     3.7277E+00     CAA         5

 BOND    =        1.1378  ANGLE   =        1.9192  DIHED      =        4.0363
 VDWAALS =       -1.3416  EEL     =      -47.9876  HBOND      =        0.0000
 1-4 VDW =        6.7242  1-4 EEL =       77.3939  RESTRAINT  =        0.0000


   NSTEP       ENERGY          RMS            GMAX         NAME    NUMBER
     47       4.1881E+01     1.2533E+00     5.0815E+00     CAN        15

 BOND    =        1.1337  ANGLE   =        1.9181  DIHED      =        4.0313
 VDWAALS =       -1.3427  EEL     =      -47.9847  HBOND      =        0.0000
 1-4 VDW =        6.7317  1-4 EEL =       77.3938  RESTRAINT  =        0.0000


   NSTEP       ENERGY          RMS            GMAX         NAME    NUMBER
     48       4.1883E+01     1.5094E+00     5.8499E+00     CAN        15

 BOND    =        1.1548  ANGLE   =        1.9101  DIHED      =        4.0258
 VDWAALS =       -1.3390  EEL     =      -47.9919  HBOND      =        0.0000
 1-4 VDW =        6.7302  1-4 EEL =       77.3935  RESTRAINT  =        0.0000


   NSTEP       ENERGY          RMS            GMAX         NAME    NUMBER
     49       4.1849E+01     3.6708E-01     1.0578E+00     NK          2

 BOND    =        1.1231  ANGLE   =        1.9056  DIHED      =        4.0236
 VDWAALS =       -1.3399  EEL     =      -47.9890  HBOND      =        0.0000
 1-4 VDW =        6.7331  1-4 EEL =       77.3929  RESTRAINT  =        0.0000


   NSTEP       ENERGY          RMS            GMAX         NAME    NUMBER
     50       4.1836E+01     5.3006E-01     1.6584E+00     CAN        15

 BOND    =        1.1236  ANGLE   =        1.8949  DIHED      =        4.0134
 VDWAALS =       -1.3382  EEL     =      -47.9911  HBOND      =        0.0000
 1-4 VDW =        6.7409  1-4 EEL =       77.3925  RESTRAINT  =        0.0000


   NSTEP       ENERGY          RMS            GMAX         NAME    NUMBER
     51       4.1839E+01     1.1639E+00     4.3915E+00     CAA         5

 BOND    =        1.1357  ANGLE   =        1.8972  DIHED      =        4.0043
 VDWAALS =       -1.3351  EEL     =      -47.9947  HBOND      =        0.0000
 1-4 VDW =        6.7413  1-4 EEL =       77.3904  RESTRAINT  =        0.0000


   NSTEP       ENERGY          RMS            GMAX         NAME    NUMBER
     52       5.2549E+01     2.7381E+01     1.0297E+02     CAN        15

 BOND    =        9.2094  ANGLE   =        4.3814  DIHED      =        3.9706
 VDWAALS =       -1.3501  EEL     =      -47.9701  HBOND      =        0.0000
 1-4 VDW =        6.9033  1-4 EEL =       77.4046  RESTRAINT  =        0.0000


   NSTEP       ENERGY          RMS            GMAX         NAME    NUMBER
     53       4.1818E+01     3.4919E-01     8.9544E-01     NK          2

 BOND    =        1.1194  ANGLE   =        1.8884  DIHED      =        4.0024
 VDWAALS =       -1.3357  EEL     =      -47.9937  HBOND      =        0.0000
 1-4 VDW =        6.7460  1-4 EEL =       77.3909  RESTRAINT  =        0.0000


   NSTEP       ENERGY          RMS            GMAX         NAME    NUMBER
     54       4.1814E+01     3.4514E-01     8.9234E-01     NK          2

 BOND    =        1.1201  ANGLE   =        1.8848  DIHED      =        3.9998
 VDWAALS =       -1.3352  EEL     =      -47.9946  HBOND      =        0.0000
 1-4 VDW =        6.7479  1-4 EEL =       77.3909  RESTRAINT  =        0.0000


   NSTEP       ENERGY          RMS            GMAX         NAME    NUMBER
     55       4.1781E+01     5.0182E-01     2.0579E+00     CAP        17

 BOND    =        1.1291  ANGLE   =        1.8521  DIHED      =        3.9767
 VDWAALS =       -1.3300  EEL     =      -48.0030  HBOND      =        0.0000
 1-4 VDW =        6.7653  1-4 EEL =       77.3905  RESTRAINT  =        0.0000


   NSTEP       ENERGY          RMS            GMAX         NAME    NUMBER
     56       4.1710E+01     2.1948E+00     1.0498E+01     CAP        17

 BOND    =        1.2200  ANGLE   =        1.7199  DIHED      =        3.8772
 VDWAALS =       -1.3032  EEL     =      -48.0423  HBOND      =        0.0000
 1-4 VDW =        6.8497  1-4 EEL =       77.3884  RESTRAINT  =        0.0000


   NSTEP       ENERGY          RMS            GMAX         NAME    NUMBER
     57       4.1543E+01     1.2050E+00     5.8427E+00     CAP        17

 BOND    =        1.1424  ANGLE   =        1.6631  DIHED      =        3.7706
 VDWAALS =       -1.2667  EEL     =      -48.0678  HBOND      =        0.0000
 1-4 VDW =        6.9326  1-4 EEL =       77.3684  RESTRAINT  =        0.0000


   NSTEP       ENERGY          RMS            GMAX         NAME    NUMBER
     58       4.1474E+01     3.5041E-01     1.0643E+00     NK          2

 BOND    =        1.1055  ANGLE   =        1.6236  DIHED      =        3.6819
 VDWAALS =       -1.2176  EEL     =      -48.0953  HBOND      =        0.0000
 1-4 VDW =        7.0323  1-4 EEL =       77.3436  RESTRAINT  =        0.0000


   NSTEP       ENERGY          RMS            GMAX         NAME    NUMBER
     59       4.1467E+01     4.0409E-01     1.1747E+00     CAO        16

 BOND    =        1.0936  ANGLE   =        1.6385  DIHED      =        3.6740
 VDWAALS =       -1.2188  EEL     =      -48.0958  HBOND      =        0.0000
 1-4 VDW =        7.0344  1-4 EEL =       77.3414  RESTRAINT  =        0.0000


   NSTEP       ENERGY          RMS            GMAX         NAME    NUMBER
     60       4.1467E+01     4.4651E-01     1.3623E+00     CAO        16

 BOND    =        1.0929  ANGLE   =        1.6402  DIHED      =        3.6732
 VDWAALS =       -1.2189  EEL     =      -48.0958  HBOND      =        0.0000
 1-4 VDW =        7.0347  1-4 EEL =       77.3412  RESTRAINT  =        0.0000


   NSTEP       ENERGY          RMS            GMAX         NAME    NUMBER
     61       4.1457E+01     3.6088E-01     1.0509E+00     NJ          1

 BOND    =        1.0796  ANGLE   =        1.6432  DIHED      =        3.6633
 VDWAALS =       -1.2229  EEL     =      -48.0928  HBOND      =        0.0000
 1-4 VDW =        7.0395  1-4 EEL =       77.3472  RESTRAINT  =        0.0000


   NSTEP       ENERGY          RMS            GMAX         NAME    NUMBER
     62       4.1453E+01     5.7795E-01     1.6611E+00     NK          2

 BOND    =        1.0703  ANGLE   =        1.6482  DIHED      =        3.6526
 VDWAALS =       -1.2272  EEL     =      -48.0894  HBOND      =        0.0000
 1-4 VDW =        7.0449  1-4 EEL =       77.3539  RESTRAINT  =        0.0000


   NSTEP       ENERGY          RMS            GMAX         NAME    NUMBER
     63       4.1432E+01     4.9401E-01     1.6494E+00     SAM        14

 BOND    =        1.0060  ANGLE   =        1.6497  DIHED      =        3.6336
 VDWAALS =       -1.2257  EEL     =      -48.0981  HBOND      =        0.0000
 1-4 VDW =        7.0867  1-4 EEL =       77.3795  RESTRAINT  =        0.0000


   NSTEP       ENERGY          RMS            GMAX         NAME    NUMBER
     64       4.1424E+01     8.1387E-01     2.3337E+00     SAM        14

 BOND    =        0.9468  ANGLE   =        1.6558  DIHED      =        3.6148
 VDWAALS =       -1.2241  EEL     =      -48.1071  HBOND      =        0.0000
 1-4 VDW =        7.1312  1-4 EEL =       77.4066  RESTRAINT  =        0.0000


   NSTEP       ENERGY          RMS            GMAX         NAME    NUMBER
     65       4.1385E+01     7.0534E-01     2.7917E+00     CAF        10

 BOND    =        0.8853  ANGLE   =        1.6695  DIHED      =        3.5885
 VDWAALS =       -1.2127  EEL     =      -48.1185  HBOND      =        0.0000
 1-4 VDW =        7.1923  1-4 EEL =       77.3810  RESTRAINT  =        0.0000


   NSTEP       ENERGY          RMS            GMAX         NAME    NUMBER
     66       4.1381E+01     9.5479E-01     3.1054E+00     CAF        10

 BOND    =        0.8661  ANGLE   =        1.6785  DIHED      =        3.5784
 VDWAALS =       -1.2074  EEL     =      -48.1235  HBOND      =        0.0000
 1-4 VDW =        7.2199  1-4 EEL =       77.3692  RESTRAINT  =        0.0000


   NSTEP       ENERGY          RMS            GMAX         NAME    NUMBER
     67       4.1334E+01     7.4682E-01     2.8388E+00     CAP        17

 BOND    =        0.9220  ANGLE   =        1.6457  DIHED      =        3.5511
 VDWAALS =       -1.1999  EEL     =      -48.1198  HBOND      =        0.0000
 1-4 VDW =        7.2497  1-4 EEL =       77.2850  RESTRAINT  =        0.0000


   NSTEP       ENERGY          RMS            GMAX         NAME    NUMBER
     68       4.1333E+01     8.2526E-01     3.1274E+00     CAP        17

 BOND    =        0.9314  ANGLE   =        1.6431  DIHED      =        3.5488
 VDWAALS =       -1.1989  EEL     =      -48.1193  HBOND      =        0.0000
 1-4 VDW =        7.2532  1-4 EEL =       77.2752  RESTRAINT  =        0.0000


   NSTEP       ENERGY          RMS            GMAX         NAME    NUMBER
     69       4.1291E+01     6.1695E-01     1.8451E+00     NK          2

 BOND    =        0.9687  ANGLE   =        1.6229  DIHED      =        3.5276
 VDWAALS =       -1.1920  EEL     =      -48.1176  HBOND      =        0.0000
 1-4 VDW =        7.2418  1-4 EEL =       77.2396  RESTRAINT  =        0.0000


   NSTEP       ENERGY          RMS            GMAX         NAME    NUMBER
     70       4.1290E+01     7.2484E-01     2.2412E+00     CAP        17

 BOND    =        0.9806  ANGLE   =        1.6212  DIHED      =        3.5243
 VDWAALS =       -1.1905  EEL     =      -48.1172  HBOND      =        0.0000
 1-4 VDW =        7.2393  1-4 EEL =       77.2321  RESTRAINT  =        0.0000


   NSTEP       ENERGY          RMS            GMAX         NAME    NUMBER
     71       4.1270E+01     9.4037E-01     3.4636E+00     CAP        17

 BOND    =        1.0011  ANGLE   =        1.5857  DIHED      =        3.5176
 VDWAALS =       -1.1864  EEL     =      -48.1263  HBOND      =        0.0000
 1-4 VDW =        7.2402  1-4 EEL =       77.2382  RESTRAINT  =        0.0000


   NSTEP       ENERGY          RMS            GMAX         NAME    NUMBER
     72       4.1266E+01     6.2906E-01     2.3018E+00     CAP        17

 BOND    =        0.9879  ANGLE   =        1.5937  DIHED      =        3.5190
 VDWAALS =       -1.1876  EEL     =      -48.1237  HBOND      =        0.0000
 1-4 VDW =        7.2400  1-4 EEL =       77.2365  RESTRAINT  =        0.0000


   NSTEP       ENERGY          RMS            GMAX         NAME    NUMBER
     73       4.1241E+01     5.0698E-01     1.2334E+00     NQ          4

 BOND    =        0.9548  ANGLE   =        1.5877  DIHED      =        3.5072
 VDWAALS =       -1.1819  EEL     =      -48.1411  HBOND      =        0.0000
 1-4 VDW =        7.2438  1-4 EEL =       77.2710  RESTRAINT  =        0.0000


   NSTEP       ENERGY          RMS            GMAX         NAME    NUMBER
     74       4.1238E+01     6.9879E-01     1.7998E+00     CAO        16

 BOND    =        0.9432  ANGLE   =        1.5877  DIHED      =        3.5014
 VDWAALS =       -1.1789  EEL     =      -48.1503  HBOND      =        0.0000
 1-4 VDW =        7.2459  1-4 EEL =       77.2892  RESTRAINT  =        0.0000


   NSTEP       ENERGY          RMS            GMAX         NAME    NUMBER
     75       4.1204E+01     6.7641E-01     1.7623E+00     NQ          4

 BOND    =        0.9389  ANGLE   =        1.5576  DIHED      =        3.4716
 VDWAALS =       -1.1659  EEL     =      -48.1909  HBOND      =        0.0000
 1-4 VDW =        7.2402  1-4 EEL =       77.3528  RESTRAINT  =        0.0000


   NSTEP       ENERGY          RMS            GMAX         NAME    NUMBER
     76       4.1196E+01     4.8151E-01     1.2868E+00     HNL        31

 BOND    =        0.9434  ANGLE   =        1.5571  DIHED      =        3.4701
 VDWAALS =       -1.1661  EEL     =      -48.1873  HBOND      =        0.0000
 1-4 VDW =        7.2359  1-4 EEL =       77.3432  RESTRAINT  =        0.0000


   NSTEP       ENERGY          RMS            GMAX         NAME    NUMBER
     77       4.1189E+01     3.8405E-01     1.2370E+00     HNL        31

 BOND    =        0.9521  ANGLE   =        1.5563  DIHED      =        3.4677
 VDWAALS =       -1.1659  EEL     =      -48.1836  HBOND      =        0.0000
 1-4 VDW =        7.2318  1-4 EEL =       77.3305  RESTRAINT  =        0.0000


   NSTEP       ENERGY          RMS            GMAX         NAME    NUMBER
     78       4.1182E+01     3.3489E-01     1.1821E+00     HNL        31

 BOND    =        0.9597  ANGLE   =        1.5571  DIHED      =        3.4644
 VDWAALS =       -1.1650  EEL     =      -48.1807  HBOND      =        0.0000
 1-4 VDW =        7.2293  1-4 EEL =       77.3168  RESTRAINT  =        0.0000


   NSTEP       ENERGY          RMS            GMAX         NAME    NUMBER
     79       4.1174E+01     3.0213E-01     1.1350E+00     HNL        31

 BOND    =        0.9630  ANGLE   =        1.5623  DIHED      =        3.4601
 VDWAALS =       -1.1642  EEL     =      -48.1776  HBOND      =        0.0000
 1-4 VDW =        7.2264  1-4 EEL =       77.3036  RESTRAINT  =        0.0000


   NSTEP       ENERGY          RMS            GMAX         NAME    NUMBER
     80       4.5999E+01     8.2280E+00     3.1392E+01     CAP        17

 BOND    =        2.7315  ANGLE   =        4.8625  DIHED      =        4.2875
 VDWAALS =       -1.0816  EEL     =      -47.8269  HBOND      =        0.0000
 1-4 VDW =        6.9847  1-4 EEL =       76.0408  RESTRAINT  =        0.0000


   NSTEP       ENERGY          RMS            GMAX         NAME    NUMBER
     81       4.1129E+01     6.1372E-01     2.4004E+00     CAP        17

 BOND    =        0.9892  ANGLE   =        1.6281  DIHED      =        3.4239
 VDWAALS =       -1.1583  EEL     =      -48.1505  HBOND      =        0.0000
 1-4 VDW =        7.2024  1-4 EEL =       77.1947  RESTRAINT  =        0.0000


   NSTEP       ENERGY          RMS            GMAX         NAME    NUMBER
     82       4.1218E+01     2.7260E+00     1.2284E+01     CAP        17

 BOND    =        1.0670  ANGLE   =        1.7505  DIHED      =        3.4025
 VDWAALS =       -1.1628  EEL     =      -48.1311  HBOND      =        0.0000
 1-4 VDW =        7.1286  1-4 EEL =       77.1629  RESTRAINT  =        0.0000


   NSTEP       ENERGY          RMS            GMAX         NAME    NUMBER
     83       4.1119E+01     4.9691E-01     1.3221E+00     CAO        16

 BOND    =        0.9843  ANGLE   =        1.6528  DIHED      =        3.4163
 VDWAALS =       -1.1595  EEL     =      -48.1457  HBOND      =        0.0000
 1-4 VDW =        7.1835  1-4 EEL =       77.1869  RESTRAINT  =        0.0000


   NSTEP       ENERGY          RMS            GMAX         NAME    NUMBER
     84       4.1105E+01     4.1250E-01     1.1555E+00     HAF        23

 BOND    =        0.9899  ANGLE   =        1.6464  DIHED      =        3.4131
 VDWAALS =       -1.1613  EEL     =      -48.1478  HBOND      =        0.0000
 1-4 VDW =        7.1663  1-4 EEL =       77.1989  RESTRAINT  =        0.0000


   NSTEP       ENERGY          RMS            GMAX         NAME    NUMBER
     85       4.1083E+01     5.7233E-01     1.9781E+00     CAO        16

 BOND    =        1.0203  ANGLE   =        1.6343  DIHED      =        3.4066
 VDWAALS =       -1.1680  EEL     =      -48.1554  HBOND      =        0.0000
 1-4 VDW =        7.0993  1-4 EEL =       77.2457  RESTRAINT  =        0.0000


   NSTEP       ENERGY          RMS            GMAX         NAME    NUMBER
     86       4.1149E+01     2.2390E+00     9.7392E+00     CAN        15

 BOND    =        1.1229  ANGLE   =        1.5859  DIHED      =        3.4127
 VDWAALS =       -1.1511  EEL     =      -48.2047  HBOND      =        0.0000
 1-4 VDW =        7.0733  1-4 EEL =       77.3098  RESTRAINT  =        0.0000


   NSTEP       ENERGY          RMS            GMAX         NAME    NUMBER
     87       4.1073E+01     4.0109E-01     1.7650E+00     NJ          1

 BOND    =        1.0276  ANGLE   =        1.6161  DIHED      =        3.4068
 VDWAALS =       -1.1636  EEL     =      -48.1683  HBOND      =        0.0000
 1-4 VDW =        7.0924  1-4 EEL =       77.2625  RESTRAINT  =        0.0000


   NSTEP       ENERGY          RMS            GMAX         NAME    NUMBER
     88       4.1067E+01     2.2992E-01     7.3956E-01     NJ          1

 BOND    =        1.0403  ANGLE   =        1.6050  DIHED      =        3.4072
 VDWAALS =       -1.1588  EEL     =      -48.1742  HBOND      =        0.0000
 1-4 VDW =        7.0827  1-4 EEL =       77.2644  RESTRAINT  =        0.0000


   NSTEP       ENERGY          RMS            GMAX         NAME    NUMBER
     89       4.1065E+01     2.6084E-01     6.9037E-01     NL          3

 BOND    =        1.0529  ANGLE   =        1.5974  DIHED      =        3.4077
 VDWAALS =       -1.1548  EEL     =      -48.1789  HBOND      =        0.0000
 1-4 VDW =        7.0749  1-4 EEL =       77.2659  RESTRAINT  =        0.0000


   NSTEP       ENERGY          RMS            GMAX         NAME    NUMBER
     90       4.1062E+01     2.9374E-01     8.2450E-01     NK          2

 BOND    =        1.0701  ANGLE   =        1.5853  DIHED      =        3.4079
 VDWAALS =       -1.1532  EEL     =      -48.1870  HBOND      =        0.0000
 1-4 VDW =        7.0639  1-4 EEL =       77.2748  RESTRAINT  =        0.0000


   NSTEP       ENERGY          RMS            GMAX         NAME    NUMBER
     91       4.1062E+01     2.6608E-01     7.6314E-01     NK          2

 BOND    =        1.0684  ANGLE   =        1.5864  DIHED      =        3.4079
 VDWAALS =       -1.1533  EEL     =      -48.1863  HBOND      =        0.0000
 1-4 VDW =        7.0649  1-4 EEL =       77.2740  RESTRAINT  =        0.0000


   NSTEP       ENERGY          RMS            GMAX         NAME    NUMBER
     92       4.1056E+01     2.3808E-01     8.3350E-01     NK          2

 BOND    =        1.0645  ANGLE   =        1.5874  DIHED      =        3.4073
 VDWAALS =       -1.1543  EEL     =      -48.1901  HBOND      =        0.0000
 1-4 VDW =        7.0592  1-4 EEL =       77.2825  RESTRAINT  =        0.0000


   NSTEP       ENERGY          RMS            GMAX         NAME    NUMBER
     93       4.1052E+01     4.8196E-01     1.4992E+00     CAN        15

 BOND    =        1.0603  ANGLE   =        1.5921  DIHED      =        3.4062
 VDWAALS =       -1.1563  EEL     =      -48.1981  HBOND      =        0.0000
 1-4 VDW =        7.0473  1-4 EEL =       77.3001  RESTRAINT  =        0.0000


   NSTEP       ENERGY          RMS            GMAX         NAME    NUMBER
     94       4.1041E+01     4.0588E-01     1.2406E+00     CAP        17

 BOND    =        1.0411  ANGLE   =        1.5797  DIHED      =        3.4047
 VDWAALS =       -1.1620  EEL     =      -48.2082  HBOND      =        0.0000
 1-4 VDW =        7.0507  1-4 EEL =       77.3345  RESTRAINT  =        0.0000


   NSTEP       ENERGY          RMS            GMAX         NAME    NUMBER
     95       4.1040E+01     4.4176E-01     1.3329E+00     CAP        17

 BOND    =        1.0400  ANGLE   =        1.5787  DIHED      =        3.4046
 VDWAALS =       -1.1625  EEL     =      -48.2091  HBOND      =        0.0000
 1-4 VDW =        7.0510  1-4 EEL =       77.3377  RESTRAINT  =        0.0000


   NSTEP       ENERGY          RMS            GMAX         NAME    NUMBER
     96       4.1027E+01     3.6536E-01     1.0209E+00     CAE         9

 BOND    =        1.0060  ANGLE   =        1.5905  DIHED      =        3.4021
 VDWAALS =       -1.1643  EEL     =      -48.2138  HBOND      =        0.0000
 1-4 VDW =        7.0583  1-4 EEL =       77.3485  RESTRAINT  =        0.0000


   NSTEP       ENERGY          RMS            GMAX         NAME    NUMBER
     97       4.1025E+01     5.2257E-01     1.8770E+00     CAE         9

 BOND    =        0.9891  ANGLE   =        1.5992  DIHED      =        3.4010
 VDWAALS =       -1.1652  EEL     =      -48.2167  HBOND      =        0.0000
 1-4 VDW =        7.0628  1-4 EEL =       77.3550  RESTRAINT  =        0.0000


   NSTEP       ENERGY          RMS            GMAX         NAME    NUMBER
     98       4.1013E+01     5.2363E-01     1.4404E+00     CAO        16

 BOND    =        1.0122  ANGLE   =        1.6193  DIHED      =        3.3967
 VDWAALS =       -1.1662  EEL     =      -48.2217  HBOND      =        0.0000
 1-4 VDW =        7.0471  1-4 EEL =       77.3253  RESTRAINT  =        0.0000


   NSTEP       ENERGY          RMS            GMAX         NAME    NUMBER
     99       4.1012E+01     4.3757E-01     1.1659E+00     CAA         5

 BOND    =        1.0073  ANGLE   =        1.6155  DIHED      =        3.3972
 VDWAALS =       -1.1661  EEL     =      -48.2210  HBOND      =        0.0000
 1-4 VDW =        7.0495  1-4 EEL =       77.3298  RESTRAINT  =        0.0000


   NSTEP       ENERGY          RMS            GMAX         NAME    NUMBER
    100       4.1004E+01     4.6964E-01     1.6987E+00     CAB         6

 BOND    =        1.0456  ANGLE   =        1.6054  DIHED      =        3.3943
 VDWAALS =       -1.1703  EEL     =      -48.2146  HBOND      =        0.0000
 1-4 VDW =        7.0318  1-4 EEL =       77.3120  RESTRAINT  =        0.0000


  Maximum number of minimization cycles reached.


                    FINAL RESULTS



   NSTEP       ENERGY          RMS            GMAX         NAME    NUMBER
    100       4.1004E+01     4.6964E-01     1.6987E+00     CAB         6

 BOND    =        1.0456  ANGLE   =        1.6054  DIHED      =        3.3943
 VDWAALS =       -1.1703  EEL     =      -48.2146  HBOND      =        0.0000
 1-4 VDW =        7.0318  1-4 EEL =       77.3120  RESTRAINT  =        0.0000

--------------------------------------------------------------------------------
   5.  TIMINGS
--------------------------------------------------------------------------------

|    Read coords time           0.00 ( 0.44% of Total)
|    Fast Water setup           0.00 ( 0.02% of Total)
|                Build the list             0.00 (88.81% of List )
|                Other                      0.00 (11.19% of List )
|             List time                  0.00 ( 6.54% of Nonbo)
|                   Short_ene time             0.00 (98.42% of Direc)
|                   Other                      0.00 ( 1.58% of Direc)
|                Direct Ewald time          0.00 (91.02% of Ewald)
|                Force Adjust               0.00 ( 0.17% of Ewald)
|                Virial junk                0.00 ( 0.38% of Ewald)
|                Start synchronizatio       0.00 ( 0.48% of Ewald)
|                Other                      0.00 ( 7.95% of Ewald)
|             Ewald time                 0.00 (92.68% of Nonbo)
|             IPS excludes               0.00 ( 0.09% of Nonbo)
|             Other                      0.00 ( 0.69% of Nonbo)
|          Nonbond force              0.00 (61.66% of Force)
|          Bond/Angle/Dihedral        0.00 (36.80% of Force)
|          Other                      0.00 ( 1.54% of Force)
|       Force time                 0.01 (100.0% of Runmd)
|    Runmd Time                 0.01 (23.23% of Total)
|    Other                      0.02 (76.31% of Total)
| Total time                 0.03 (99.37% of ALL  )

| Number of list builds   :          1

| Highest rstack allocated:        115
| Highest istack allocated:         23
|           Job began  at 00:10:44.056  on 02/05/2016
|           Setup done at 00:10:44.062  on 02/05/2016
|           Run   done at 00:10:44.088  on 02/05/2016
|     wallclock() was called    2335 times
