
          -------------------------------------------------------
          Amber 14 SANDER                              2014
          -------------------------------------------------------

| Run on 05/22/2015 at 14:33:19

|   Executable path: sander
| Working directory: /net/chevy/raid1/nigel/amber/library/amber_library/g
|          Hostname: chevy.lbl.gov

  [-O]verwriting output

File Assignments:
|  MDIN: sander.in                                                             
| MDOUT: GVF.min_igb.out                                                       
|INPCRD: GVF.rst7                                                              
|  PARM: GVF.prmtop                                                            
|RESTRT: GVF.min_igb.rst7                                                      
|  REFC: refc                                                                  
| MDVEL: mdvel                                                                 
| MDFRC: mdfrc                                                                 
|  MDEN: mden                                                                  
| MDCRD: mdcrd                                                                 
|MDINFO: mdinfo                                                                
|  MTMD: mtmd                                                                  
|INPDIP: inpdip                                                                
|RSTDIP: rstdip                                                                
|INPTRA: inptraj                                                               


 Here is the input file:

  short minimization                                                           
 &cntrl                                                                        
   imin=1, maxcyc=100, ncyc=50, ntpr=1, cut=99., ntb=0, igb=2                  
 /                                                                             

--------------------------------------------------------------------------------
   1.  RESOURCE   USE: 
--------------------------------------------------------------------------------

| Flags:                                                                        
| New format PARM file being parsed.
| Version =    1.000 Date = 05/22/15 Time = 14:33:19
 NATOM  =      28 NTYPES =       5 NBONH =       2 MBONA  =      26
 NTHETH =       4 MTHETA =      42 NPHIH =       9 MPHIA  =      41
 NHPARM =       0 NPARM  =       0 NNB   =     119 NRES   =       1
 NBONA  =      26 NTHETA =      42 NPHIA =      41 NUMBND =       5
 NUMANG =       6 NPTRA  =       4 NATYP =       5 NPHB   =       0
 IFBOX  =       0 NMXRS  =      28 IFCAP =       0 NEXTRA =       0
 NCOPY  =       0

 Implicit solvent radii are H(N)-modified Bondi radii (mbondi2)                                             

|     Memory Use     Allocated
|     Real                5562
|     Hollerith             87
|     Integer            21124
|     Max Pairs              1
|     nblistReal             0
|     nblist Int             0
|       Total              126 kbytes

| Note: 1-4 EEL scale factors are being read from the topology file.

| Note: 1-4 VDW scale factors are being read from the topology file.
| Duplicated    0 dihedrals
| Duplicated    0 dihedrals

--------------------------------------------------------------------------------
   2.  CONTROL  DATA  FOR  THE  RUN
--------------------------------------------------------------------------------

GVF                                                                             

General flags:
     imin    =       1, nmropt  =       0

Nature and format of input:
     ntx     =       1, irest   =       0, ntrx    =       1

Nature and format of output:
     ntxo    =       1, ntpr    =       1, ntrx    =       1, ntwr    =     500
     iwrap   =       0, ntwx    =       0, ntwv    =       0, ntwe    =       0
     ioutfm  =       0, ntwprt  =       0, idecomp =       0, rbornstat=      0

Potential function:
     ntf     =       1, ntb     =       0, igb     =       2, nsnb    =      25
     ipol    =       0, gbsa    =       0, iesp    =       0
     dielc   =   1.00000, cut     =  99.00000, intdiel =   1.00000
     saltcon =   0.00000, offset  =   0.09000, gbalpha=    0.80000
     gbbeta  =   0.00000, gbgamma =   2.90912, surften =   0.00500
     rdt     =   0.00000, rgbmax  =  25.00000  extdiel =  78.50000
     alpb  =        0

Frozen or restrained atoms:
     ibelly  =       0, ntr     =       0

Energy minimization:
     maxcyc  =     100, ncyc    =      50, ntmin   =       1
     dx0     =   0.01000, drms    =   0.00010
|  INFO: Old style inpcrd file read


--------------------------------------------------------------------------------
   3.  ATOMIC COORDINATES AND VELOCITIES
--------------------------------------------------------------------------------

GVF                                                                             
 begin time read from input coords =     0.000 ps

 Number of triangulated 3-point waters found:        0

--------------------------------------------------------------------------------
   4.  RESULTS
--------------------------------------------------------------------------------



   NSTEP       ENERGY          RMS            GMAX         NAME    NUMBER
      1      -1.0265E+03     3.8341E+01     9.5417E+01     OAQ         8

 BOND    =       46.2715  ANGLE   =       32.5504  DIHED      =       26.5496
 VDWAALS =       -5.1790  EEL     =     1064.2538  EGB        =    -2164.3825
 1-4 VDW =        2.3995  1-4 EEL =      -28.9234  RESTRAINT  =        0.0000


   NSTEP       ENERGY          RMS            GMAX         NAME    NUMBER
      2      -1.0305E+03     3.5855E+01     8.8527E+01     OAQ         8

 BOND    =       42.8811  ANGLE   =       32.4721  DIHED      =       26.5548
 VDWAALS =       -5.1807  EEL     =     1063.3931  EGB        =    -2164.0966
 1-4 VDW =        2.4331  1-4 EEL =      -28.9961  RESTRAINT  =        0.0000


   NSTEP       ENERGY          RMS            GMAX         NAME    NUMBER
      3      -1.0351E+03     3.2982E+01     8.0375E+01     OAQ         8

 BOND    =       39.1607  ANGLE   =       32.3976  DIHED      =       26.5595
 VDWAALS =       -5.1831  EEL     =     1062.3658  EGB        =    -2163.7690
 1-4 VDW =        2.4735  1-4 EEL =      -29.0844  RESTRAINT  =        0.0000


   NSTEP       ENERGY          RMS            GMAX         NAME    NUMBER
      4      -1.0400E+03     2.9710E+01     7.0798E+01     OAQ         8

 BOND    =       35.1787  ANGLE   =       32.3335  DIHED      =       26.5625
 VDWAALS =       -5.1865  EEL     =     1061.1442  EGB        =    -2163.4015
 1-4 VDW =        2.5215  1-4 EEL =      -29.1920  RESTRAINT  =        0.0000


   NSTEP       ENERGY          RMS            GMAX         NAME    NUMBER
      5      -1.0453E+03     2.6076E+01     5.9970E+01     PAH         2

 BOND    =       31.0565  ANGLE   =       32.2890  DIHED      =       26.5616
 VDWAALS =       -5.1914  EEL     =     1059.7015  EGB        =    -2163.0029
 1-4 VDW =        2.5771  1-4 EEL =      -29.3230  RESTRAINT  =        0.0000


   NSTEP       ENERGY          RMS            GMAX         NAME    NUMBER
      6      -1.0508E+03     2.2212E+01     5.1486E+01     PAH         2

 BOND    =       26.9735  ANGLE   =       32.2738  DIHED      =       26.5521
 VDWAALS =       -5.1988  EEL     =     1058.0193  EGB        =    -2162.5970
 1-4 VDW =        2.6392  1-4 EEL =      -29.4820  RESTRAINT  =        0.0000


   NSTEP       ENERGY          RMS            GMAX         NAME    NUMBER
      7      -1.0563E+03     1.8399E+01     4.2174E+01     PAH         2

 BOND    =       23.1449  ANGLE   =       32.2964  DIHED      =       26.5254
 VDWAALS =       -5.2104  EEL     =     1056.1073  EGB        =    -2162.2365
 1-4 VDW =        2.7031  1-4 EEL =      -29.6715  RESTRAINT  =        0.0000


   NSTEP       ENERGY          RMS            GMAX         NAME    NUMBER
      8      -1.0618E+03     1.5048E+01     3.2837E+01     PAH         2

 BOND    =       19.7394  ANGLE   =       32.3603  DIHED      =       26.4645
 VDWAALS =       -5.2290  EEL     =     1054.0410  EGB        =    -2162.0247
 1-4 VDW =        2.7584  1-4 EEL =      -29.8849  RESTRAINT  =        0.0000


   NSTEP       ENERGY          RMS            GMAX         NAME    NUMBER
      9      -1.0671E+03     1.2396E+01     2.7718E+01     OAY        11

 BOND    =       16.7579  ANGLE   =       32.4725  DIHED      =       26.3398
 VDWAALS =       -5.2591  EEL     =     1051.9881  EGB        =    -2162.1218
 1-4 VDW =        2.7918  1-4 EEL =      -30.0883  RESTRAINT  =        0.0000


   NSTEP       ENERGY          RMS            GMAX         NAME    NUMBER
     10      -1.0724E+03     1.0244E+01     2.3021E+01     OAY        11

 BOND    =       14.0737  ANGLE   =       32.7030  DIHED      =       26.1092
 VDWAALS =       -5.3059  EEL     =     1050.0570  EGB        =    -2162.6751
 1-4 VDW =        2.8090  1-4 EEL =      -30.1940  RESTRAINT  =        0.0000


   NSTEP       ENERGY          RMS            GMAX         NAME    NUMBER
     11      -1.0777E+03     8.4172E+00     1.7746E+01     OAY        11

 BOND    =       11.6382  ANGLE   =       33.3136  DIHED      =       25.7227
 VDWAALS =       -5.3736  EEL     =     1047.9380  EGB        =    -2163.7210
 1-4 VDW =        2.8632  1-4 EEL =      -30.0505  RESTRAINT  =        0.0000


   NSTEP       ENERGY          RMS            GMAX         NAME    NUMBER
     12      -1.0828E+03     6.7593E+00     1.4122E+01     PAH         2

 BOND    =        9.3985  ANGLE   =       34.7598  DIHED      =       25.1260
 VDWAALS =       -5.4645  EEL     =     1045.1444  EGB        =    -2165.2970
 1-4 VDW =        3.0203  1-4 EEL =      -29.4928  RESTRAINT  =        0.0000


   NSTEP       ENERGY          RMS            GMAX         NAME    NUMBER
     13      -1.0876E+03     5.0626E+00     1.1123E+01     OAM         5

 BOND    =        7.2599  ANGLE   =       37.2875  DIHED      =       24.2637
 VDWAALS =       -5.5819  EEL     =     1042.1129  EGB        =    -2167.6821
 1-4 VDW =        3.2644  1-4 EEL =      -28.5259  RESTRAINT  =        0.0000


   NSTEP       ENERGY          RMS            GMAX         NAME    NUMBER
     14      -1.0916E+03     3.8120E+00     8.8853E+00     OAM         5

 BOND    =        5.2039  ANGLE   =       41.3878  DIHED      =       23.1386
 VDWAALS =       -5.7283  EEL     =     1039.2228  EGB        =    -2171.0858
 1-4 VDW =        3.6170  1-4 EEL =      -27.3886  RESTRAINT  =        0.0000


   NSTEP       ENERGY          RMS            GMAX         NAME    NUMBER
     15      -1.0912E+03     1.5316E+01     5.3423E+01     CAL         6

 BOND    =        7.3653  ANGLE   =       43.1828  DIHED      =       21.7577
 VDWAALS =       -5.8732  EEL     =     1041.5259  EGB        =    -2176.1228
 1-4 VDW =        3.6556  1-4 EEL =      -26.6627  RESTRAINT  =        0.0000


   NSTEP       ENERGY          RMS            GMAX         NAME    NUMBER
     16      -1.0946E+03     4.8630E+00     1.3488E+01     CAL         6

 BOND    =        3.7849  ANGLE   =       45.0309  DIHED      =       21.8359
 VDWAALS =       -5.9000  EEL     =     1038.8721  EGB        =    -2175.6736
 1-4 VDW =        3.9181  1-4 EEL =      -26.4992  RESTRAINT  =        0.0000


   NSTEP       ENERGY          RMS            GMAX         NAME    NUMBER
     17      -1.0915E+03     1.7395E+01     6.3623E+01     CAL         6

 BOND    =        7.5834  ANGLE   =       43.0733  DIHED      =       21.2599
 VDWAALS =       -5.9297  EEL     =     1043.1478  EGB        =    -2177.7639
 1-4 VDW =        3.8687  1-4 EEL =      -26.7463  RESTRAINT  =        0.0000


   NSTEP       ENERGY          RMS            GMAX         NAME    NUMBER
     18      -1.0955E+03     5.3979E+00     1.7862E+01     CAL         6

 BOND    =        4.0480  ANGLE   =       43.5366  DIHED      =       21.3500
 VDWAALS =       -5.9455  EEL     =     1041.6830  EGB        =    -2177.5257
 1-4 VDW =        3.9042  1-4 EEL =      -26.5052  RESTRAINT  =        0.0000


   NSTEP       ENERGY          RMS            GMAX         NAME    NUMBER
     19      -1.0952E+03     8.4752E+00     2.7683E+01     CAL         6

 BOND    =        3.9308  ANGLE   =       45.1290  DIHED      =       21.3301
 VDWAALS =       -5.9807  EEL     =     1040.3201  EGB        =    -2177.6399
 1-4 VDW =        4.0253  1-4 EEL =      -26.3423  RESTRAINT  =        0.0000


   NSTEP       ENERGY          RMS            GMAX         NAME    NUMBER
     20      -1.0963E+03     2.5185E+00     6.2398E+00     OAI         4

 BOND    =        3.4169  ANGLE   =       44.0586  DIHED      =       21.2074
 VDWAALS =       -5.9815  EEL     =     1041.5584  EGB        =    -2178.0932
 1-4 VDW =        3.9916  1-4 EEL =      -26.4529  RESTRAINT  =        0.0000


   NSTEP       ENERGY          RMS            GMAX         NAME    NUMBER
     21      -1.0966E+03     3.6067E+00     8.9420E+00     CAO        13

 BOND    =        3.5738  ANGLE   =       43.1904  DIHED      =       20.9956
 VDWAALS =       -6.0059  EEL     =     1043.1516  EGB        =    -2179.0912
 1-4 VDW =        3.9625  1-4 EEL =      -26.4222  RESTRAINT  =        0.0000


   NSTEP       ENERGY          RMS            GMAX         NAME    NUMBER
     22      -1.0967E+03     5.5075E+00     1.5189E+01     CAL         6

 BOND    =        3.4097  ANGLE   =       44.0890  DIHED      =       20.9131
 VDWAALS =       -6.0374  EEL     =     1042.5833  EGB        =    -2179.3346
 1-4 VDW =        4.0904  1-4 EEL =      -26.4445  RESTRAINT  =        0.0000


   NSTEP       ENERGY          RMS            GMAX         NAME    NUMBER
     23      -1.0969E+03     6.2368E+00     1.8964E+01     CAO        13

 BOND    =        3.8999  ANGLE   =       42.4260  DIHED      =       20.7357
 VDWAALS =       -6.0430  EEL     =     1044.9246  EGB        =    -2180.3528
 1-4 VDW =        3.9655  1-4 EEL =      -26.4170  RESTRAINT  =        0.0000


   NSTEP       ENERGY          RMS            GMAX         NAME    NUMBER
     24      -1.0968E+03     7.8705E+00     2.4499E+01     CAO        13

 BOND    =        3.5923  ANGLE   =       44.0426  DIHED      =       20.7221
 VDWAALS =       -6.0766  EEL     =     1043.4107  EGB        =    -2180.1887
 1-4 VDW =        4.1511  1-4 EEL =      -26.4259  RESTRAINT  =        0.0000


   NSTEP       ENERGY          RMS            GMAX         NAME    NUMBER
     25      -1.0978E+03     2.0275E+00     5.5126E+00     OAI         4

 BOND    =        3.1337  ANGLE   =       42.8977  DIHED      =       20.6389
 VDWAALS =       -6.0757  EEL     =     1044.7234  EGB        =    -2180.7166
 1-4 VDW =        4.0722  1-4 EEL =      -26.4337  RESTRAINT  =        0.0000


   NSTEP       ENERGY          RMS            GMAX         NAME    NUMBER
     26      -1.0981E+03     2.9725E+00     8.9467E+00     CAL         6

 BOND    =        3.2088  ANGLE   =       42.1039  DIHED      =       20.4428
 VDWAALS =       -6.1054  EEL     =     1046.2999  EGB        =    -2181.7370
 1-4 VDW =        4.0576  1-4 EEL =      -26.4052  RESTRAINT  =        0.0000


   NSTEP       ENERGY          RMS            GMAX         NAME    NUMBER
     27      -1.0980E+03     6.0309E+00     1.9756E+01     CAL         6

 BOND    =        3.2376  ANGLE   =       42.8626  DIHED      =       20.3709
 VDWAALS =       -6.1384  EEL     =     1045.9921  EGB        =    -2182.0719
 1-4 VDW =        4.1949  1-4 EEL =      -26.4924  RESTRAINT  =        0.0000


   NSTEP       ENERGY          RMS            GMAX         NAME    NUMBER
     28      -1.0986E+03     1.9326E+00     5.1786E+00     OAI         4

 BOND    =        2.9589  ANGLE   =       42.0947  DIHED      =       20.3051
 VDWAALS =       -6.1401  EEL     =     1046.9115  EGB        =    -2182.4429
 1-4 VDW =        4.1326  1-4 EEL =      -26.4457  RESTRAINT  =        0.0000


   NSTEP       ENERGY          RMS            GMAX         NAME    NUMBER
     29      -1.0989E+03     2.5357E+00     5.9668E+00     CAL         6

 BOND    =        3.0284  ANGLE   =       41.4428  DIHED      =       20.1792
 VDWAALS =       -6.1602  EEL     =     1048.1327  EGB        =    -2183.1795
 1-4 VDW =        4.1098  1-4 EEL =      -26.4189  RESTRAINT  =        0.0000


   NSTEP       ENERGY          RMS            GMAX         NAME    NUMBER
     30      -1.0990E+03     3.9761E+00     9.6802E+00     CAL         6

 BOND    =        2.9259  ANGLE   =       41.8985  DIHED      =       20.1177
 VDWAALS =       -6.1856  EEL     =     1048.0236  EGB        =    -2183.4577
 1-4 VDW =        4.2132  1-4 EEL =      -26.4967  RESTRAINT  =        0.0000


   NSTEP       ENERGY          RMS            GMAX         NAME    NUMBER
     31      -1.0990E+03     4.7071E+00     1.2835E+01     CAN        19

 BOND    =        3.2220  ANGLE   =       40.7294  DIHED      =       20.0060
 VDWAALS =       -6.1930  EEL     =     1049.7139  EGB        =    -2184.2305
 1-4 VDW =        4.1027  1-4 EEL =      -26.3882  RESTRAINT  =        0.0000


   NSTEP       ENERGY          RMS            GMAX         NAME    NUMBER
     32      -1.0990E+03     5.7894E+00     1.6417E+01     CAN        19

 BOND    =        3.0256  ANGLE   =       41.7505  DIHED      =       19.9908
 VDWAALS =       -6.2175  EEL     =     1048.8630  EGB        =    -2184.1640
 1-4 VDW =        4.2722  1-4 EEL =      -26.5526  RESTRAINT  =        0.0000


   NSTEP       ENERGY          RMS            GMAX         NAME    NUMBER
     33      -1.0996E+03     1.6015E+00     4.5568E+00     OAI         4

 BOND    =        2.7735  ANGLE   =       41.0011  DIHED      =       19.9420
 VDWAALS =       -6.2188  EEL     =     1049.7470  EGB        =    -2184.5517
 1-4 VDW =        4.1941  1-4 EEL =      -26.4612  RESTRAINT  =        0.0000


   NSTEP       ENERGY          RMS            GMAX         NAME    NUMBER
     34      -1.0998E+03     2.1339E+00     6.7506E+00     CAL         6

 BOND    =        2.8032  ANGLE   =       40.4262  DIHED      =       19.8186
 VDWAALS =       -6.2427  EEL     =     1050.9680  EGB        =    -2185.3132
 1-4 VDW =        4.1940  1-4 EEL =      -26.4728  RESTRAINT  =        0.0000


   NSTEP       ENERGY          RMS            GMAX         NAME    NUMBER
     35      -1.0998E+03     4.4843E+00     1.6773E+01     CAL         6

 BOND    =        2.7761  ANGLE   =       40.8373  DIHED      =       19.7722
 VDWAALS =       -6.2701  EEL     =     1050.9221  EGB        =    -2185.6634
 1-4 VDW =        4.2683  1-4 EEL =      -26.4611  RESTRAINT  =        0.0000


   NSTEP       ENERGY          RMS            GMAX         NAME    NUMBER
     36      -1.1001E+03     1.5031E+00     4.2449E+00     OAI         4

 BOND    =        2.6547  ANGLE   =       40.3228  DIHED      =       19.7225
 VDWAALS =       -6.2723  EEL     =     1051.6209  EGB        =    -2185.9355
 1-4 VDW =        4.2437  1-4 EEL =      -26.4884  RESTRAINT  =        0.0000


   NSTEP       ENERGY          RMS            GMAX         NAME    NUMBER
     37      -1.1003E+03     1.7969E+00     4.0081E+00     CAN        19

 BOND    =        2.6794  ANGLE   =       39.8835  DIHED      =       19.6439
 VDWAALS =       -6.2891  EEL     =     1052.5211  EGB        =    -2186.4937
 1-4 VDW =        4.2310  1-4 EEL =      -26.4704  RESTRAINT  =        0.0000


   NSTEP       ENERGY          RMS            GMAX         NAME    NUMBER
     38      -1.1004E+03     2.8474E+00     7.9793E+00     CAN        19

 BOND    =        2.6007  ANGLE   =       40.0914  DIHED      =       19.5909
 VDWAALS =       -6.3106  EEL     =     1052.6531  EGB        =    -2186.7824
 1-4 VDW =        4.3069  1-4 EEL =      -26.5384  RESTRAINT  =        0.0000


   NSTEP       ENERGY          RMS            GMAX         NAME    NUMBER
     39      -1.1004E+03     3.8046E+00     1.3106E+01     CAN        19

 BOND    =        2.8030  ANGLE   =       39.3176  DIHED      =       19.5244
 VDWAALS =       -6.3186  EEL     =     1053.8587  EGB        =    -2187.3943
 1-4 VDW =        4.2220  1-4 EEL =      -26.4300  RESTRAINT  =        0.0000


   NSTEP       ENERGY          RMS            GMAX         NAME    NUMBER
     40      -1.1004E+03     4.6306E+00     1.6386E+01     CAN        19

 BOND    =        2.6665  ANGLE   =       39.9082  DIHED      =       19.4976
 VDWAALS =       -6.3368  EEL     =     1053.4490  EGB        =    -2187.3658
 1-4 VDW =        4.3556  1-4 EEL =      -26.6030  RESTRAINT  =        0.0000


   NSTEP       ENERGY          RMS            GMAX         NAME    NUMBER
     41      -1.1003E+03     5.9706E+00     2.2604E+01     CAN        19

 BOND    =        2.9718  ANGLE   =       39.0949  DIHED      =       19.4531
 VDWAALS =       -6.3414  EEL     =     1054.6345  EGB        =    -2188.0092
 1-4 VDW =        4.2215  1-4 EEL =      -26.3719  RESTRAINT  =        0.0000


   NSTEP       ENERGY          RMS            GMAX         NAME    NUMBER
     42      -1.1008E+03     1.3995E+00     3.3975E+00     OAI         4

 BOND    =        2.5353  ANGLE   =       39.2204  DIHED      =       19.4339
 VDWAALS =       -6.3488  EEL     =     1054.5035  EGB        =    -2187.9669
 1-4 VDW =        4.2905  1-4 EEL =      -26.5026  RESTRAINT  =        0.0000


   NSTEP       ENERGY          RMS            GMAX         NAME    NUMBER
     43      -1.1010E+03     2.4360E+00     5.8453E+00     CAL         6

 BOND    =        2.4620  ANGLE   =       39.3077  DIHED      =       19.3747
 VDWAALS =       -6.3739  EEL     =     1054.8494  EGB        =    -2188.3813
 1-4 VDW =        4.3510  1-4 EEL =      -26.5419  RESTRAINT  =        0.0000


   NSTEP       ENERGY          RMS            GMAX         NAME    NUMBER
     44      -1.1009E+03     4.0114E+00     1.0477E+01     CAN        19

 BOND    =        2.7359  ANGLE   =       38.4716  DIHED      =       19.2966
 VDWAALS =       -6.3828  EEL     =     1056.2183  EGB        =    -2189.0477
 1-4 VDW =        4.2766  1-4 EEL =      -26.4779  RESTRAINT  =        0.0000


   NSTEP       ENERGY          RMS            GMAX         NAME    NUMBER
     45      -1.1012E+03     1.2626E+00     3.1648E+00     OAI         4

 BOND    =        2.4502  ANGLE   =       38.7538  DIHED      =       19.2987
 VDWAALS =       -6.3906  EEL     =     1055.9053  EGB        =    -2188.9923
 1-4 VDW =        4.3277  1-4 EEL =      -26.5199  RESTRAINT  =        0.0000


   NSTEP       ENERGY          RMS            GMAX         NAME    NUMBER
     46      -1.1013E+03     1.6938E+00     3.5628E+00     OAI         4

 BOND    =        2.3844  ANGLE   =       38.7961  DIHED      =       19.2577
 VDWAALS =       -6.4091  EEL     =     1056.1829  EGB        =    -2189.3094
 1-4 VDW =        4.3677  1-4 EEL =      -26.5406  RESTRAINT  =        0.0000


   NSTEP       ENERGY          RMS            GMAX         NAME    NUMBER
     47      -1.1013E+03     2.6796E+00     8.1155E+00     CAL         6

 BOND    =        2.5179  ANGLE   =       38.2051  DIHED      =       19.1924
 VDWAALS =       -6.4201  EEL     =     1057.2360  EGB        =    -2189.8510
 1-4 VDW =        4.3294  1-4 EEL =      -26.5160  RESTRAINT  =        0.0000


   NSTEP       ENERGY          RMS            GMAX         NAME    NUMBER
     48      -1.1013E+03     3.1249E+00     9.0610E+00     CAL         6

 BOND    =        2.3816  ANGLE   =       38.7229  DIHED      =       19.1919
 VDWAALS =       -6.4362  EEL     =     1056.7949  EGB        =    -2189.8473
 1-4 VDW =        4.4096  1-4 EEL =      -26.5578  RESTRAINT  =        0.0000


   NSTEP       ENERGY          RMS            GMAX         NAME    NUMBER
     49      -1.1013E+03     3.8725E+00     1.3080E+01     CAL         6

 BOND    =        2.6125  ANGLE   =       37.8599  DIHED      =       19.1215
 VDWAALS =       -6.4407  EEL     =     1058.1354  EGB        =    -2190.4358
 1-4 VDW =        4.3350  1-4 EEL =      -26.5210  RESTRAINT  =        0.0000


   NSTEP       ENERGY          RMS            GMAX         NAME    NUMBER
     50      -1.1016E+03     1.0569E+00     2.8891E+00     OAI         4

 BOND    =        2.3369  ANGLE   =       38.1581  DIHED      =       19.1298
 VDWAALS =       -6.4485  EEL     =     1057.7819  EGB        =    -2190.3758
 1-4 VDW =        4.3784  1-4 EEL =      -26.5368  RESTRAINT  =        0.0000


   NSTEP       ENERGY          RMS            GMAX         NAME    NUMBER
     51      -1.1017E+03     1.4368E+00     3.2467E+00     CAN        19

 BOND    =        2.2831  ANGLE   =       38.1134  DIHED      =       19.0826
 VDWAALS =       -6.4688  EEL     =     1058.2180  EGB        =    -2190.7605
 1-4 VDW =        4.4163  1-4 EEL =      -26.5665  RESTRAINT  =        0.0000


   NSTEP       ENERGY          RMS            GMAX         NAME    NUMBER
     52      -1.0982E+03     1.6246E+01     5.7350E+01     CAN        19

 BOND    =        5.6980  ANGLE   =       36.4392  DIHED      =       18.8454
 VDWAALS =       -6.5241  EEL     =     1062.6837  EGB        =    -2193.3001
 1-4 VDW =        4.2265  1-4 EEL =      -26.2599  RESTRAINT  =        0.0000


   NSTEP       ENERGY          RMS            GMAX         NAME    NUMBER
     53      -1.1017E+03     1.2797E+00     3.4664E+00     CAN        19

 BOND    =        2.3088  ANGLE   =       37.8399  DIHED      =       19.0551
 VDWAALS =       -6.4751  EEL     =     1058.7115  EGB        =    -2191.0394
 1-4 VDW =        4.3926  1-4 EEL =      -26.5313  RESTRAINT  =        0.0000


   NSTEP       ENERGY          RMS            GMAX         NAME    NUMBER
     54      -1.1018E+03     1.2444E+00     2.6625E+00     CAN        19

 BOND    =        2.2872  ANGLE   =       37.6757  DIHED      =       19.0155
 VDWAALS =       -6.4896  EEL     =     1059.2076  EGB        =    -2191.3844
 1-4 VDW =        4.4052  1-4 EEL =      -26.5419  RESTRAINT  =        0.0000


   NSTEP       ENERGY          RMS            GMAX         NAME    NUMBER
     55      -1.1023E+03     3.4799E+00     1.4695E+01     CAL         6

 BOND    =        2.2193  ANGLE   =       36.2705  DIHED      =       18.6907
 VDWAALS =       -6.6199  EEL     =     1063.7759  EGB        =    -2194.5590
 1-4 VDW =        4.5247  1-4 EEL =      -26.6511  RESTRAINT  =        0.0000


   NSTEP       ENERGY          RMS            GMAX         NAME    NUMBER
     56      -1.1024E+03     5.2488E+00     2.1820E+01     CAL         6

 BOND    =        2.2854  ANGLE   =       35.5403  DIHED      =       18.5341
 VDWAALS =       -6.6932  EEL     =     1066.4356  EGB        =    -2196.4052
 1-4 VDW =        4.5979  1-4 EEL =      -26.7243  RESTRAINT  =        0.0000


   NSTEP       ENERGY          RMS            GMAX         NAME    NUMBER
     57      -1.1032E+03     6.3302E-01     1.9001E+00     CAL         6

 BOND    =        1.7542  ANGLE   =       33.9103  DIHED      =       18.2328
 VDWAALS =       -6.9050  EEL     =     1073.6297  EGB        =    -2201.8126
 1-4 VDW =        4.8151  1-4 EEL =      -26.7931  RESTRAINT  =        0.0000


   NSTEP       ENERGY          RMS            GMAX         NAME    NUMBER
     58      -1.1032E+03     4.8907E-01     1.4412E+00     OAU        12

 BOND    =        1.7392  ANGLE   =       33.8114  DIHED      =       18.2183
 VDWAALS =       -6.9193  EEL     =     1074.1486  EGB        =    -2202.2016
 1-4 VDW =        4.8317  1-4 EEL =      -26.8001  RESTRAINT  =        0.0000


   NSTEP       ENERGY          RMS            GMAX         NAME    NUMBER
     59      -1.1032E+03     4.0117E-01     9.0945E-01     OAA        25

 BOND    =        1.7070  ANGLE   =       33.8103  DIHED      =       18.2283
 VDWAALS =       -6.9212  EEL     =     1074.0787  EGB        =    -2202.1278
 1-4 VDW =        4.8263  1-4 EEL =      -26.7829  RESTRAINT  =        0.0000


   NSTEP       ENERGY          RMS            GMAX         NAME    NUMBER
     60      -1.1032E+03     6.2248E-01     1.7731E+00     CAJ        20

 BOND    =        1.6828  ANGLE   =       33.8100  DIHED      =       18.2375
 VDWAALS =       -6.9230  EEL     =     1074.0151  EGB        =    -2202.0607
 1-4 VDW =        4.8215  1-4 EEL =      -26.7673  RESTRAINT  =        0.0000


   NSTEP       ENERGY          RMS            GMAX         NAME    NUMBER
     61      -1.1032E+03     5.3792E-01     1.2948E+00     OAU        12

 BOND    =        1.6387  ANGLE   =       33.8732  DIHED      =       18.2429
 VDWAALS =       -6.9379  EEL     =     1074.0490  EGB        =    -2202.1511
 1-4 VDW =        4.8300  1-4 EEL =      -26.7507  RESTRAINT  =        0.0000


   NSTEP       ENERGY          RMS            GMAX         NAME    NUMBER
     62      -1.1032E+03     1.0940E+00     2.5527E+00     OAQ         8

 BOND    =        1.5576  ANGLE   =       34.0287  DIHED      =       18.2572
 VDWAALS =       -6.9730  EEL     =     1074.1300  EGB        =    -2202.3672
 1-4 VDW =        4.8504  1-4 EEL =      -26.7109  RESTRAINT  =        0.0000


   NSTEP       ENERGY          RMS            GMAX         NAME    NUMBER
     63      -1.1033E+03     9.4380E-01     2.5202E+00     OAM         5

 BOND    =        1.4821  ANGLE   =       34.1572  DIHED      =       18.2557
 VDWAALS =       -7.0245  EEL     =     1074.3111  EGB        =    -2202.7798
 1-4 VDW =        4.8581  1-4 EEL =      -26.5528  RESTRAINT  =        0.0000


   NSTEP       ENERGY          RMS            GMAX         NAME    NUMBER
     64      -1.1033E+03     1.6059E+00     4.0717E+00     CAP         7

 BOND    =        1.4305  ANGLE   =       34.3145  DIHED      =       18.2571
 VDWAALS =       -7.0825  EEL     =     1074.5190  EGB        =    -2203.2547
 1-4 VDW =        4.8675  1-4 EEL =      -26.3708  RESTRAINT  =        0.0000


   NSTEP       ENERGY          RMS            GMAX         NAME    NUMBER
     65      -1.1035E+03     1.0404E+00     2.7448E+00     CAL         6

 BOND    =        1.2290  ANGLE   =       34.3611  DIHED      =       18.2667
 VDWAALS =       -7.1877  EEL     =     1074.8703  EGB        =    -2203.8834
 1-4 VDW =        4.9313  1-4 EEL =      -26.0396  RESTRAINT  =        0.0000


   NSTEP       ENERGY          RMS            GMAX         NAME    NUMBER
     66      -1.1035E+03     1.3525E+00     4.6543E+00     CAJ        20

 BOND    =        1.1207  ANGLE   =       34.4065  DIHED      =       18.2848
 VDWAALS =       -7.2633  EEL     =     1075.1341  EGB        =    -2204.3553
 1-4 VDW =        4.9801  1-4 EEL =      -25.7897  RESTRAINT  =        0.0000


   NSTEP       ENERGY          RMS            GMAX         NAME    NUMBER
     67      -1.1035E+03     2.7169E+00     1.3686E+01     CAL         6

 BOND    =        1.1773  ANGLE   =       34.3540  DIHED      =       18.3254
 VDWAALS =       -7.3349  EEL     =     1074.4680  EGB        =    -2203.9743
 1-4 VDW =        4.9486  1-4 EEL =      -25.4450  RESTRAINT  =        0.0000


   NSTEP       ENERGY          RMS            GMAX         NAME    NUMBER
     68      -1.1035E+03     1.1889E+00     5.0054E+00     CAL         6

 BOND    =        1.1063  ANGLE   =       34.3688  DIHED      =       18.3039
 VDWAALS =       -7.2998  EEL     =     1074.8025  EGB        =    -2204.1656
 1-4 VDW =        4.9638  1-4 EEL =      -25.6185  RESTRAINT  =        0.0000


   NSTEP       ENERGY          RMS            GMAX         NAME    NUMBER
     69      -1.1036E+03     9.2912E-01     1.9028E+00     CAL         6

 BOND    =        1.2314  ANGLE   =       34.2039  DIHED      =       18.3159
 VDWAALS =       -7.3183  EEL     =     1074.6062  EGB        =    -2203.9232
 1-4 VDW =        4.8829  1-4 EEL =      -25.6017  RESTRAINT  =        0.0000


   NSTEP       ENERGY          RMS            GMAX         NAME    NUMBER
     70      -1.1036E+03     1.3545E+00     3.3026E+00     CAP         7

 BOND    =        1.3452  ANGLE   =       34.0925  DIHED      =       18.3254
 VDWAALS =       -7.3313  EEL     =     1074.4624  EGB        =    -2203.7464
 1-4 VDW =        4.8243  1-4 EEL =      -25.5890  RESTRAINT  =        0.0000


   NSTEP       ENERGY          RMS            GMAX         NAME    NUMBER
     71      -1.1037E+03     8.2905E-01     1.7049E+00     CAP         7

 BOND    =        1.5958  ANGLE   =       33.4383  DIHED      =       18.3588
 VDWAALS =       -7.3982  EEL     =     1075.6521  EGB        =    -2204.2988
 1-4 VDW =        4.7026  1-4 EEL =      -25.7564  RESTRAINT  =        0.0000


   NSTEP       ENERGY          RMS            GMAX         NAME    NUMBER
     72      -1.1037E+03     9.2845E-01     2.4167E+00     CAP         7

 BOND    =        1.6397  ANGLE   =       33.3471  DIHED      =       18.3647
 VDWAALS =       -7.4076  EEL     =     1075.8210  EGB        =    -2204.3777
 1-4 VDW =        4.6856  1-4 EEL =      -25.7800  RESTRAINT  =        0.0000


   NSTEP       ENERGY          RMS            GMAX         NAME    NUMBER
     73      -1.1038E+03     9.6525E-01     2.9615E+00     CAL         6

 BOND    =        1.5657  ANGLE   =       32.7678  DIHED      =       18.3959
 VDWAALS =       -7.4529  EEL     =     1076.9554  EGB        =    -2204.8667
 1-4 VDW =        4.6759  1-4 EEL =      -25.7973  RESTRAINT  =        0.0000


   NSTEP       ENERGY          RMS            GMAX         NAME    NUMBER
     74      -1.1038E+03     1.1488E+00     3.6005E+00     CAO        13

 BOND    =        1.5568  ANGLE   =       32.6496  DIHED      =       18.4028
 VDWAALS =       -7.4622  EEL     =     1077.1910  EGB        =    -2204.9688
 1-4 VDW =        4.6739  1-4 EEL =      -25.8008  RESTRAINT  =        0.0000


   NSTEP       ENERGY          RMS            GMAX         NAME    NUMBER
     75      -1.1038E+03     9.9533E-01     3.5219E+00     CAN        19

 BOND    =        1.5239  ANGLE   =       32.3607  DIHED      =       18.4478
 VDWAALS =       -7.4936  EEL     =     1077.3833  EGB        =    -2204.8871
 1-4 VDW =        4.6592  1-4 EEL =      -25.8237  RESTRAINT  =        0.0000


   NSTEP       ENERGY          RMS            GMAX         NAME    NUMBER
     76      -1.1038E+03     8.3845E-01     2.6104E+00     CAN        19

 BOND    =        1.5305  ANGLE   =       32.4071  DIHED      =       18.4480
 VDWAALS =       -7.4936  EEL     =     1077.2970  EGB        =    -2204.8672
 1-4 VDW =        4.6578  1-4 EEL =      -25.8184  RESTRAINT  =        0.0000


   NSTEP       ENERGY          RMS            GMAX         NAME    NUMBER
     77      -1.1038E+03     6.9423E-01     1.9826E+00     HAJ        28

 BOND    =        1.5386  ANGLE   =       32.4607  DIHED      =       18.4478
 VDWAALS =       -7.4937  EEL     =     1077.2012  EGB        =    -2204.8470
 1-4 VDW =        4.6571  1-4 EEL =      -25.8129  RESTRAINT  =        0.0000


   NSTEP       ENERGY          RMS            GMAX         NAME    NUMBER
     78      -1.1039E+03     5.8126E-01     1.4730E+00     HAJ        28

 BOND    =        1.5458  ANGLE   =       32.5199  DIHED      =       18.4469
 VDWAALS =       -7.4939  EEL     =     1077.1029  EGB        =    -2204.8295
 1-4 VDW =        4.6579  1-4 EEL =      -25.8076  RESTRAINT  =        0.0000


   NSTEP       ENERGY          RMS            GMAX         NAME    NUMBER
     79      -1.1039E+03     5.0564E-01     1.1850E+00     OAG         3

 BOND    =        1.5476  ANGLE   =       32.5814  DIHED      =       18.4451
 VDWAALS =       -7.4943  EEL     =     1077.0132  EGB        =    -2204.8187
 1-4 VDW =        4.6612  1-4 EEL =      -25.8025  RESTRAINT  =        0.0000


   NSTEP       ENERGY          RMS            GMAX         NAME    NUMBER
     80      -1.0995E+03     9.0122E+00     3.6698E+01     HAN        27

 BOND    =        4.2830  ANGLE   =       40.0214  DIHED      =       18.6802
 VDWAALS =       -7.5227  EEL     =     1069.7702  EGB        =    -2204.8114
 1-4 VDW =        5.3218  1-4 EEL =      -25.2602  RESTRAINT  =        0.0000


   NSTEP       ENERGY          RMS            GMAX         NAME    NUMBER
     81      -1.1039E+03     7.0066E-01     2.6673E+00     HAN        27

 BOND    =        1.5019  ANGLE   =       33.1526  DIHED      =       18.4267
 VDWAALS =       -7.4991  EEL     =     1076.3307  EGB        =    -2204.7919
 1-4 VDW =        4.7178  1-4 EEL =      -25.7528  RESTRAINT  =        0.0000


   NSTEP       ENERGY          RMS            GMAX         NAME    NUMBER
     82      -1.1039E+03     9.0392E-01     3.2750E+00     CAP         7

 BOND    =        1.2096  ANGLE   =       33.6945  DIHED      =       18.4162
 VDWAALS =       -7.5005  EEL     =     1075.9849  EGB        =    -2204.8437
 1-4 VDW =        4.8105  1-4 EEL =      -25.7148  RESTRAINT  =        0.0000


   NSTEP       ENERGY          RMS            GMAX         NAME    NUMBER
     83      -1.1039E+03     6.2795E-01     2.1537E+00     CAP         7

 BOND    =        1.2811  ANGLE   =       33.5422  DIHED      =       18.4183
 VDWAALS =       -7.5001  EEL     =     1076.0795  EGB        =    -2204.8288
 1-4 VDW =        4.7849  1-4 EEL =      -25.7252  RESTRAINT  =        0.0000


   NSTEP       ENERGY          RMS            GMAX         NAME    NUMBER
     84      -1.1040E+03     7.2887E-01     1.7297E+00     CAN        19

 BOND    =        1.3445  ANGLE   =       34.0057  DIHED      =       18.4199
 VDWAALS =       -7.4902  EEL     =     1075.4311  EGB        =    -2204.6544
 1-4 VDW =        4.7592  1-4 EEL =      -25.7906  RESTRAINT  =        0.0000


   NSTEP       ENERGY          RMS            GMAX         NAME    NUMBER
     85      -1.1040E+03     7.0208E-01     1.7173E+00     CAN        19

 BOND    =        1.3416  ANGLE   =       33.9885  DIHED      =       18.4198
 VDWAALS =       -7.4905  EEL     =     1075.4546  EGB        =    -2204.6606
 1-4 VDW =        4.7601  1-4 EEL =      -25.7882  RESTRAINT  =        0.0000


   NSTEP       ENERGY          RMS            GMAX         NAME    NUMBER
     86      -1.1040E+03     7.5070E-01     3.5567E+00     CAO        13

 BOND    =        1.4605  ANGLE   =       34.0037  DIHED      =       18.4230
 VDWAALS =       -7.4802  EEL     =     1075.2740  EGB        =    -2204.5309
 1-4 VDW =        4.6975  1-4 EEL =      -25.8472  RESTRAINT  =        0.0000


   NSTEP       ENERGY          RMS            GMAX         NAME    NUMBER
     87      -1.1040E+03     6.9771E-01     3.2599E+00     CAO        13

 BOND    =        1.4511  ANGLE   =       34.0023  DIHED      =       18.4226
 VDWAALS =       -7.4809  EEL     =     1075.2864  EGB        =    -2204.5398
 1-4 VDW =        4.7017  1-4 EEL =      -25.8432  RESTRAINT  =        0.0000


   NSTEP       ENERGY          RMS            GMAX         NAME    NUMBER
     88      -1.1040E+03     9.3600E-01     3.2181E+00     CAO        13

 BOND    =        1.6280  ANGLE   =       33.7804  DIHED      =       18.4266
 VDWAALS =       -7.4697  EEL     =     1075.4040  EGB        =    -2204.4071
 1-4 VDW =        4.6608  1-4 EEL =      -26.0276  RESTRAINT  =        0.0000


   NSTEP       ENERGY          RMS            GMAX         NAME    NUMBER
     89      -1.1040E+03     4.1548E-01     8.5699E-01     CAO        13

 BOND    =        1.5413  ANGLE   =       33.8767  DIHED      =       18.4243
 VDWAALS =       -7.4747  EEL     =     1075.3516  EGB        =    -2204.4661
 1-4 VDW =        4.6789  1-4 EEL =      -25.9455  RESTRAINT  =        0.0000


   NSTEP       ENERGY          RMS            GMAX         NAME    NUMBER
     90      -1.1040E+03     2.6802E-01     7.2728E-01     OAF        22

 BOND    =        1.5961  ANGLE   =       33.8496  DIHED      =       18.4286
 VDWAALS =       -7.4712  EEL     =     1075.2890  EGB        =    -2204.3889
 1-4 VDW =        4.6656  1-4 EEL =      -25.9891  RESTRAINT  =        0.0000


   NSTEP       ENERGY          RMS            GMAX         NAME    NUMBER
     91      -1.1040E+03     3.4679E-01     8.4147E-01     CAK        21

 BOND    =        1.6286  ANGLE   =       33.8350  DIHED      =       18.4310
 VDWAALS =       -7.4693  EEL     =     1075.2546  EGB        =    -2204.3464
 1-4 VDW =        4.6583  1-4 EEL =      -26.0132  RESTRAINT  =        0.0000


   NSTEP       ENERGY          RMS            GMAX         NAME    NUMBER
     92      -1.1040E+03     3.8964E-01     1.3457E+00     CAL         6

 BOND    =        1.6604  ANGLE   =       33.7201  DIHED      =       18.4397
 VDWAALS =       -7.4674  EEL     =     1075.2751  EGB        =    -2204.2594
 1-4 VDW =        4.6408  1-4 EEL =      -26.0370  RESTRAINT  =        0.0000


   NSTEP       ENERGY          RMS            GMAX         NAME    NUMBER
     93      -1.1040E+03     4.6797E-01     1.7573E+00     CAL         6

 BOND    =        1.6681  ANGLE   =       33.6956  DIHED      =       18.4417
 VDWAALS =       -7.4670  EEL     =     1075.2796  EGB        =    -2204.2406
 1-4 VDW =        4.6371  1-4 EEL =      -26.0421  RESTRAINT  =        0.0000


   NSTEP       ENERGY          RMS            GMAX         NAME    NUMBER
     94      -1.1040E+03     3.1685E-01     7.7745E-01     OAU        12

 BOND    =        1.6745  ANGLE   =       33.4982  DIHED      =       18.4584
 VDWAALS =       -7.4668  EEL     =     1075.3973  EGB        =    -2204.1512
 1-4 VDW =        4.6267  1-4 EEL =      -26.0747  RESTRAINT  =        0.0000


   NSTEP       ENERGY          RMS            GMAX         NAME    NUMBER
     95      -1.1040E+03     4.2955E-01     1.0152E+00     CAL         6

 BOND    =        1.6834  ANGLE   =       33.3307  DIHED      =       18.4729
 VDWAALS =       -7.4666  EEL     =     1075.4987  EGB        =    -2204.0746
 1-4 VDW =        4.6178  1-4 EEL =      -26.1026  RESTRAINT  =        0.0000


   NSTEP       ENERGY          RMS            GMAX         NAME    NUMBER
     96      -1.1041E+03     4.8245E-01     1.2509E+00     OAR        14

 BOND    =        1.6670  ANGLE   =       33.1204  DIHED      =       18.5182
 VDWAALS =       -7.4671  EEL     =     1075.5553  EGB        =    -2203.9234
 1-4 VDW =        4.6171  1-4 EEL =      -26.1387  RESTRAINT  =        0.0000


   NSTEP       ENERGY          RMS            GMAX         NAME    NUMBER
     97      -1.1041E+03     5.0935E-01     1.2885E+00     OAR        14

 BOND    =        1.6665  ANGLE   =       33.1085  DIHED      =       18.5208
 VDWAALS =       -7.4671  EEL     =     1075.5585  EGB        =    -2203.9148
 1-4 VDW =        4.6170  1-4 EEL =      -26.1407  RESTRAINT  =        0.0000


   NSTEP       ENERGY          RMS            GMAX         NAME    NUMBER
     98      -1.1041E+03     3.6847E-01     8.6092E-01     OAI         4

 BOND    =        1.6718  ANGLE   =       32.9831  DIHED      =       18.5621
 VDWAALS =       -7.4665  EEL     =     1075.6304  EGB        =    -2203.8532
 1-4 VDW =        4.6031  1-4 EEL =      -26.1975  RESTRAINT  =        0.0000


   NSTEP       ENERGY          RMS            GMAX         NAME    NUMBER
     99      -1.1041E+03     5.0907E-01     1.2183E+00     CAL         6

 BOND    =        1.6800  ANGLE   =       32.9062  DIHED      =       18.5887
 VDWAALS =       -7.4661  EEL     =     1075.6752  EGB        =    -2203.8150
 1-4 VDW =        4.5945  1-4 EEL =      -26.2330  RESTRAINT  =        0.0000


   NSTEP       ENERGY          RMS            GMAX         NAME    NUMBER
    100      -1.1041E+03     5.8879E-01     1.7063E+00     OAM         5

 BOND    =        1.6720  ANGLE   =       32.9717  DIHED      =       18.6394
 VDWAALS =       -7.4675  EEL     =     1075.4848  EGB        =    -2203.7338
 1-4 VDW =        4.5999  1-4 EEL =      -26.2614  RESTRAINT  =        0.0000


  Maximum number of minimization cycles reached.


                    FINAL RESULTS



   NSTEP       ENERGY          RMS            GMAX         NAME    NUMBER
    100      -1.1041E+03     5.8879E-01     1.7063E+00     OAM         5

 BOND    =        1.6720  ANGLE   =       32.9717  DIHED      =       18.6394
 VDWAALS =       -7.4675  EEL     =     1075.4848  EGB        =    -2203.7338
 1-4 VDW =        4.5999  1-4 EEL =      -26.2614  RESTRAINT  =        0.0000

--------------------------------------------------------------------------------
   5.  TIMINGS
--------------------------------------------------------------------------------

|    Read coords time           0.00 ( 0.60% of Total)
|    Fast Water setup           0.00 ( 0.01% of Total)
|                Calc gb radii              0.01 (27.97% of Gen B)
|                Calc gb diag               0.01 (42.28% of Gen B)
|                Calc gb off-diag           0.01 (29.37% of Gen B)
|                Other                      0.00 ( 0.38% of Gen B)
|             Gen Born time              0.03 (100.0% of Nonbo)
|             IPS excludes               0.00 ( 0.06% of Nonbo)
|          Nonbond force              0.03 (88.57% of Force)
|          Bond/Angle/Dihedral        0.00 (10.74% of Force)
|          Other                      0.00 ( 0.68% of Force)
|       Force time                 0.03 (100.0% of Runmd)
|    Runmd Time                 0.03 (68.00% of Total)
|    Other                      0.01 (31.39% of Total)
| Total time                 0.04 (99.86% of ALL  )

| Number of list builds   :          0

| Highest rstack allocated:          0
| Highest istack allocated:          0
|           Job began  at 14:33:19.110  on 05/22/2015
|           Setup done at 14:33:19.113  on 05/22/2015
|           Run   done at 14:33:19.153  on 05/22/2015
|     wallclock() was called    1828 times
