
          -------------------------------------------------------
          Amber 16 SANDER                              2016
          -------------------------------------------------------

| Run on 04/20/2016 at 15:26:38

|   Executable path: sander
| Working directory: /gpfs/gpfs/project1/dacase-001/haichit/phenix_amber/run_amber_library/amber_library/z
|          Hostname: e1c029

  [-O]verwriting output

File Assignments:
|  MDIN: ZTD_sander.in                                                         
| MDOUT: ZTD.min_igb.out                                                       
|INPCRD: ZTD.rst7                                                              
|  PARM: ZTD.prmtop                                                            
|RESTRT: ZTD.min_igb.rst7                                                      
|  REFC: refc                                                                  
| MDVEL: mdvel                                                                 
| MDFRC: mdfrc                                                                 
|  MDEN: mden                                                                  
| MDCRD: mdcrd                                                                 
|MDINFO: mdinfo                                                                
|  MTMD: mtmd                                                                  
|INPDIP: inpdip                                                                
|RSTDIP: rstdip                                                                
|INPTRA: inptraj                                                               


 Here is the input file:

  short minimization                                                           
 &cntrl                                                                        
   imin=1, maxcyc=100, ncyc=50, ntpr=1, cut=99., ntb=0, igb=2                  
 /                                                                             

--------------------------------------------------------------------------------
   1.  RESOURCE   USE: 
--------------------------------------------------------------------------------

| Flags:                                                                        
| New format PARM file being parsed.
| Version =    1.000 Date = 04/20/16 Time = 15:26:37
 NATOM  =      53 NTYPES =      14 NBONH =      24 MBONA  =      31
 NTHETH =      54 MTHETA =      43 NPHIH =     100 MPHIA  =      74
 NHPARM =       0 NPARM  =       0 NNB   =     285 NRES   =       1
 NBONA  =      31 NTHETA =      43 NPHIA =      74 NUMBND =      27
 NUMANG =      52 NPTRA  =      31 NATYP =      17 NPHB   =       0
 IFBOX  =       0 NMXRS  =      53 IFCAP =       0 NEXTRA =       0
 NCOPY  =       0

 Implicit solvent radii are H(N)-modified Bondi radii (mbondi2)                                             

|     Memory Use     Allocated
|     Real                7877
|     Hollerith            162
|     Integer            22836
|     Max Pairs              1
|     nblistReal             0
|     nblist Int             0
|       Total              151 kbytes

| Note: 1-4 EEL scale factors are being read from the topology file.

| Note: 1-4 VDW scale factors are being read from the topology file.
| Duplicated    0 dihedrals
| Duplicated    0 dihedrals

--------------------------------------------------------------------------------
   2.  CONTROL  DATA  FOR  THE  RUN
--------------------------------------------------------------------------------

ZTD                                                                             

General flags:
     imin    =       1, nmropt  =       0

Nature and format of input:
     ntx     =       1, irest   =       0, ntrx    =       1

Nature and format of output:
     ntxo    =       2, ntpr    =       1, ntrx    =       1, ntwr    =       1
     iwrap   =       0, ntwx    =       0, ntwv    =       0, ntwe    =       0
     ioutfm  =       1, ntwprt  =       0, idecomp =       0, rbornstat=      0

Potential function:
     ntf     =       1, ntb     =       0, igb     =       2, nsnb    =      25
     ipol    =       0, gbsa    =       0, iesp    =       0
     dielc   =   1.00000, cut     =  99.00000, intdiel =   1.00000
     saltcon =   0.00000, offset  =   0.09000, gbalpha=    0.80000
     gbbeta  =   0.00000, gbgamma =   2.90912, surften =   0.00500
     rdt     =   0.00000, rgbmax  =  25.00000  extdiel =  78.50000
     alpb  =        0

Frozen or restrained atoms:
     ibelly  =       0, ntr     =       0

Energy minimization:
     maxcyc  =     100, ncyc    =      50, ntmin   =       1
     dx0     =   0.01000, drms    =   0.00010
|  INFO: Old style inpcrd file read


--------------------------------------------------------------------------------
   3.  ATOMIC COORDINATES AND VELOCITIES
--------------------------------------------------------------------------------

ZTD                                                                             
 begin time read from input coords =     0.000 ps

 Number of triangulated 3-point waters found:        0

--------------------------------------------------------------------------------
   4.  RESULTS
--------------------------------------------------------------------------------



   NSTEP       ENERGY          RMS            GMAX         NAME    NUMBER
      1      -9.4382E+01     1.9707E+01     1.0062E+02     NAQ         4

 BOND    =       12.5874  ANGLE   =       21.9749  DIHED      =       20.0913
 VDWAALS =       -2.7574  EEL     =      -97.7792  EGB        =      -72.9812
 1-4 VDW =       10.1787  1-4 EEL =       14.3033  RESTRAINT  =        0.0000


   NSTEP       ENERGY          RMS            GMAX         NAME    NUMBER
      2      -9.7204E+01     1.7604E+01     8.9055E+01     NAQ         4

 BOND    =       10.3876  ANGLE   =       21.2933  DIHED      =       20.0746
 VDWAALS =       -2.7600  EEL     =      -97.7025  EGB        =      -72.9394
 1-4 VDW =       10.1638  1-4 EEL =       14.2786  RESTRAINT  =        0.0000


   NSTEP       ENERGY          RMS            GMAX         NAME    NUMBER
      3      -1.0018E+02     1.5157E+01     7.5424E+01     NAQ         4

 BOND    =        8.1089  ANGLE   =       20.5418  DIHED      =       20.0517
 VDWAALS =       -2.7650  EEL     =      -97.6093  EGB        =      -72.8945
 1-4 VDW =       10.1422  1-4 EEL =       14.2480  RESTRAINT  =        0.0000


   NSTEP       ENERGY          RMS            GMAX         NAME    NUMBER
      4      -1.0317E+02     1.2361E+01     5.9524E+01     NAQ         4

 BOND    =        5.8807  ANGLE   =       19.7321  DIHED      =       20.0191
 VDWAALS =       -2.7749  EEL     =      -97.4955  EGB        =      -72.8497
 1-4 VDW =       10.1098  1-4 EEL =       14.2095  RESTRAINT  =        0.0000


   NSTEP       ENERGY          RMS            GMAX         NAME    NUMBER
      5      -1.0599E+02     9.2949E+00     4.1379E+01     NAQ         4

 BOND    =        3.9026  ANGLE   =       18.8842  DIHED      =       19.9705
 VDWAALS =       -2.7944  EEL     =      -97.3552  EGB        =      -72.8120
 1-4 VDW =       10.0584  1-4 EEL =       14.1596  RESTRAINT  =        0.0000


   NSTEP       ENERGY          RMS            GMAX         NAME    NUMBER
      6      -1.0839E+02     6.2952E+00     2.2862E+01     OAT         5

 BOND    =        2.4411  ANGLE   =       18.0253  DIHED      =       19.8933
 VDWAALS =       -2.8347  EEL     =      -97.1797  EGB        =      -72.7977
 1-4 VDW =        9.9715  1-4 EEL =       14.0913  RESTRAINT  =        0.0000


   NSTEP       ENERGY          RMS            GMAX         NAME    NUMBER
      7      -1.1027E+02     4.2441E+00     1.1458E+01     HAM1       34

 BOND    =        1.7014  ANGLE   =       17.1898  DIHED      =       19.7632
 VDWAALS =       -2.9225  EEL     =      -96.9585  EGB        =      -72.8433
 1-4 VDW =        9.8153  1-4 EEL =       13.9895  RESTRAINT  =        0.0000


   NSTEP       ENERGY          RMS            GMAX         NAME    NUMBER
      8      -1.1191E+02     3.2668E+00     9.9436E+00     HAI2       51

 BOND    =        1.3921  ANGLE   =       16.5052  DIHED      =       19.5692
 VDWAALS =       -3.0945  EEL     =      -96.7016  EGB        =      -72.9854
 1-4 VDW =        9.5685  1-4 EEL =       13.8346  RESTRAINT  =        0.0000


   NSTEP       ENERGY          RMS            GMAX         NAME    NUMBER
      9      -1.1344E+02     2.5260E+00     8.8751E+00     HAI2       51

 BOND    =        1.1104  ANGLE   =       15.9697  DIHED      =       19.3756
 VDWAALS =       -3.3177  EEL     =      -96.3823  EGB        =      -73.1263
 1-4 VDW =        9.3091  1-4 EEL =       13.6227  RESTRAINT  =        0.0000


   NSTEP       ENERGY          RMS            GMAX         NAME    NUMBER
     10      -1.1477E+02     2.4125E+00     7.4926E+00     CAU         8

 BOND    =        1.2080  ANGLE   =       15.3844  DIHED      =       19.2229
 VDWAALS =       -3.5392  EEL     =      -96.0611  EGB        =      -73.3903
 1-4 VDW =        8.9841  1-4 EEL =       13.4249  RESTRAINT  =        0.0000


   NSTEP       ENERGY          RMS            GMAX         NAME    NUMBER
     11      -1.1439E+02     7.6823E+00     3.3177E+01     CAU         8

 BOND    =        1.6351  ANGLE   =       15.6123  DIHED      =       19.1244
 VDWAALS =       -3.7813  EEL     =      -95.6863  EGB        =      -73.2147
 1-4 VDW =        8.8568  1-4 EEL =       13.0587  RESTRAINT  =        0.0000


   NSTEP       ENERGY          RMS            GMAX         NAME    NUMBER
     12      -1.1597E+02     1.7057E+00     5.9107E+00     CAZ         6

 BOND    =        1.0086  ANGLE   =       15.1516  DIHED      =       19.1185
 VDWAALS =       -3.7651  EEL     =      -95.8096  EGB        =      -73.5351
 1-4 VDW =        8.6969  1-4 EEL =       13.1592  RESTRAINT  =        0.0000


   NSTEP       ENERGY          RMS            GMAX         NAME    NUMBER
     13      -1.1638E+02     2.8793E+00     1.1695E+01     OAT         5

 BOND    =        1.3338  ANGLE   =       14.6275  DIHED      =       19.0654
 VDWAALS =       -3.8201  EEL     =      -95.6257  EGB        =      -73.5885
 1-4 VDW =        8.5591  1-4 EEL =       13.0734  RESTRAINT  =        0.0000


   NSTEP       ENERGY          RMS            GMAX         NAME    NUMBER
     14      -1.1598E+02     5.8160E+00     2.7700E+01     CAU         8

 BOND    =        1.6838  ANGLE   =       15.5169  DIHED      =       19.0210
 VDWAALS =       -3.9278  EEL     =      -95.8187  EGB        =      -73.7860
 1-4 VDW =        8.3410  1-4 EEL =       12.9908  RESTRAINT  =        0.0000


   NSTEP       ENERGY          RMS            GMAX         NAME    NUMBER
     15      -1.1695E+02     1.6988E+00     7.1677E+00     CAZ         6

 BOND    =        1.0341  ANGLE   =       14.9008  DIHED      =       19.0155
 VDWAALS =       -3.9149  EEL     =      -95.6576  EGB        =      -73.6822
 1-4 VDW =        8.3996  1-4 EEL =       12.9591  RESTRAINT  =        0.0000


   NSTEP       ENERGY          RMS            GMAX         NAME    NUMBER
     16      -1.1712E+02     2.4957E+00     1.1092E+01     OAT         5

 BOND    =        1.4244  ANGLE   =       14.4273  DIHED      =       18.9829
 VDWAALS =       -3.9073  EEL     =      -95.5658  EGB        =      -73.7450
 1-4 VDW =        8.3175  1-4 EEL =       12.9480  RESTRAINT  =        0.0000


   NSTEP       ENERGY          RMS            GMAX         NAME    NUMBER
     17      -1.1717E+02     3.3114E+00     1.4202E+01     CAZ         6

 BOND    =        1.1227  ANGLE   =       15.0398  DIHED      =       18.9465
 VDWAALS =       -3.9858  EEL     =      -95.6406  EGB        =      -73.7382
 1-4 VDW =        8.2328  1-4 EEL =       12.8496  RESTRAINT  =        0.0000


   NSTEP       ENERGY          RMS            GMAX         NAME    NUMBER
     18      -1.1719E+02     4.0458E+00     1.9295E+01     CAW         2

 BOND    =        1.8793  ANGLE   =       14.2100  DIHED      =       18.9297
 VDWAALS =       -3.9433  EEL     =      -95.4795  EGB        =      -73.8477
 1-4 VDW =        8.1914  1-4 EEL =       12.8726  RESTRAINT  =        0.0000


   NSTEP       ENERGY          RMS            GMAX         NAME    NUMBER
     19      -1.1703E+02     5.2748E+00     2.3389E+01     CAW         2

 BOND    =        1.3363  ANGLE   =       15.2093  DIHED      =       18.8952
 VDWAALS =       -4.0085  EEL     =      -95.6794  EGB        =      -73.7133
 1-4 VDW =        8.1383  1-4 EEL =       12.7909  RESTRAINT  =        0.0000


   NSTEP       ENERGY          RMS            GMAX         NAME    NUMBER
     20      -1.1787E+02     1.3159E+00     5.2997E+00     CAZ         6

 BOND    =        1.1540  ANGLE   =       14.5675  DIHED      =       18.8880
 VDWAALS =       -3.9992  EEL     =      -95.5441  EGB        =      -73.8407
 1-4 VDW =        8.1037  1-4 EEL =       12.7983  RESTRAINT  =        0.0000


   NSTEP       ENERGY          RMS            GMAX         NAME    NUMBER
     21      -1.1792E+02     3.0547E+00     1.2190E+01     CBA        26

 BOND    =        1.4561  ANGLE   =       14.2859  DIHED      =       18.8495
 VDWAALS =       -3.9836  EEL     =      -95.5430  EGB        =      -73.8138
 1-4 VDW =        8.0591  1-4 EEL =       12.7687  RESTRAINT  =        0.0000


   NSTEP       ENERGY          RMS            GMAX         NAME    NUMBER
     22      -1.1778E+02     4.5491E+00     2.4534E+01     CBA        26

 BOND    =        1.6258  ANGLE   =       14.6416  DIHED      =       18.8134
 VDWAALS =       -4.0448  EEL     =      -95.4604  EGB        =      -73.9932
 1-4 VDW =        7.9270  1-4 EEL =       12.7150  RESTRAINT  =        0.0000


   NSTEP       ENERGY          RMS            GMAX         NAME    NUMBER
     23      -1.1831E+02     1.1517E+00     4.9519E+00     CAZ         6

 BOND    =        1.1832  ANGLE   =       14.4552  DIHED      =       18.8115
 VDWAALS =       -4.0263  EEL     =      -95.5174  EGB        =      -73.9025
 1-4 VDW =        7.9637  1-4 EEL =       12.7195  RESTRAINT  =        0.0000


   NSTEP       ENERGY          RMS            GMAX         NAME    NUMBER
     24      -1.1843E+02     1.7841E+00     7.7706E+00     OAT         5

 BOND    =        1.4082  ANGLE   =       14.1860  DIHED      =       18.7804
 VDWAALS =       -4.0129  EEL     =      -95.4943  EGB        =      -73.9135
 1-4 VDW =        7.9180  1-4 EEL =       12.6942  RESTRAINT  =        0.0000


   NSTEP       ENERGY          RMS            GMAX         NAME    NUMBER
     25      -1.1845E+02     2.5805E+00     1.2940E+01     CAZ         6

 BOND    =        1.2640  ANGLE   =       14.5649  DIHED      =       18.7435
 VDWAALS =       -4.0555  EEL     =      -95.4965  EGB        =      -73.9785
 1-4 VDW =        7.8436  1-4 EEL =       12.6609  RESTRAINT  =        0.0000


   NSTEP       ENERGY          RMS            GMAX         NAME    NUMBER
     26      -1.1848E+02     3.0673E+00     1.1408E+01     OAT         5

 BOND    =        1.6216  ANGLE   =       14.1012  DIHED      =       18.7342
 VDWAALS =       -4.0125  EEL     =      -95.5010  EGB        =      -73.9253
 1-4 VDW =        7.8511  1-4 EEL =       12.6492  RESTRAINT  =        0.0000


   NSTEP       ENERGY          RMS            GMAX         NAME    NUMBER
     27      -1.1837E+02     4.2151E+00     1.5859E+01     CBA        26

 BOND    =        1.5685  ANGLE   =       14.5469  DIHED      =       18.6957
 VDWAALS =       -4.0688  EEL     =      -95.4383  EGB        =      -74.0563
 1-4 VDW =        7.7600  1-4 EEL =       12.6264  RESTRAINT  =        0.0000


   NSTEP       ENERGY          RMS            GMAX         NAME    NUMBER
     28      -1.1887E+02     1.0707E+00     4.4567E+00     CAZ         6

 BOND    =        1.2438  ANGLE   =       14.3179  DIHED      =       18.6955
 VDWAALS =       -4.0452  EEL     =      -95.4936  EGB        =      -73.9915
 1-4 VDW =        7.7795  1-4 EEL =       12.6241  RESTRAINT  =        0.0000


   NSTEP       ENERGY          RMS            GMAX         NAME    NUMBER
     29      -1.1892E+02     2.1525E+00     7.8448E+00     OAT         5

 BOND    =        1.5810  ANGLE   =       14.0126  DIHED      =       18.6625
 VDWAALS =       -4.0336  EEL     =      -95.4329  EGB        =      -74.0275
 1-4 VDW =        7.7276  1-4 EEL =       12.5887  RESTRAINT  =        0.0000


   NSTEP       ENERGY          RMS            GMAX         NAME    NUMBER
     30      -1.1888E+02     3.0993E+00     1.3485E+01     CBA        26

 BOND    =        1.2965  ANGLE   =       14.4945  DIHED      =       18.6347
 VDWAALS =       -4.0539  EEL     =      -95.5407  EGB        =      -74.0114
 1-4 VDW =        7.7050  1-4 EEL =       12.5928  RESTRAINT  =        0.0000


   NSTEP       ENERGY          RMS            GMAX         NAME    NUMBER
     31      -1.1915E+02     9.1972E-01     3.5482E+00     CAZ         6

 BOND    =        1.3045  ANGLE   =       14.2258  DIHED      =       18.6290
 VDWAALS =       -4.0496  EEL     =      -95.4693  EGB        =      -74.0497
 1-4 VDW =        7.6812  1-4 EEL =       12.5736  RESTRAINT  =        0.0000


   NSTEP       ENERGY          RMS            GMAX         NAME    NUMBER
     32      -1.1924E+02     1.3623E+00     5.1441E+00     OAT         5

 BOND    =        1.4519  ANGLE   =       14.0420  DIHED      =       18.6029
 VDWAALS =       -4.0384  EEL     =      -95.4646  EGB        =      -74.0454
 1-4 VDW =        7.6575  1-4 EEL =       12.5544  RESTRAINT  =        0.0000


   NSTEP       ENERGY          RMS            GMAX         NAME    NUMBER
     33      -1.1925E+02     2.1731E+00     9.3805E+00     CBA        26

 BOND    =        1.3787  ANGLE   =       14.3044  DIHED      =       18.5728
 VDWAALS =       -4.0593  EEL     =      -95.4470  EGB        =      -74.1263
 1-4 VDW =        7.5908  1-4 EEL =       12.5362  RESTRAINT  =        0.0000


   NSTEP       ENERGY          RMS            GMAX         NAME    NUMBER
     34      -1.1925E+02     2.7849E+00     1.4954E+01     CBA        26

 BOND    =        1.5653  ANGLE   =       14.0189  DIHED      =       18.5636
 VDWAALS =       -4.0349  EEL     =      -95.4861  EGB        =      -74.0317
 1-4 VDW =        7.6258  1-4 EEL =       12.5308  RESTRAINT  =        0.0000


   NSTEP       ENERGY          RMS            GMAX         NAME    NUMBER
     35      -1.1945E+02     7.8850E-01     2.7160E+00     OAT         5

 BOND    =        1.4180  ANGLE   =       14.0646  DIHED      =       18.5535
 VDWAALS =       -4.0447  EEL     =      -95.4512  EGB        =      -74.1009
 1-4 VDW =        7.5844  1-4 EEL =       12.5220  RESTRAINT  =        0.0000


   NSTEP       ENERGY          RMS            GMAX         NAME    NUMBER
     36      -1.1954E+02     1.0308E+00     4.3504E+00     CAZ         6

 BOND    =        1.3420  ANGLE   =       14.1704  DIHED      =       18.5232
 VDWAALS =       -4.0508  EEL     =      -95.4620  EGB        =      -74.1191
 1-4 VDW =        7.5485  1-4 EEL =       12.5075  RESTRAINT  =        0.0000


   NSTEP       ENERGY          RMS            GMAX         NAME    NUMBER
     37      -1.1957E+02     1.7118E+00     5.9021E+00     OAT         5

 BOND    =        1.6185  ANGLE   =       13.9272  DIHED      =       18.5022
 VDWAALS =       -4.0388  EEL     =      -95.4221  EGB        =      -74.1561
 1-4 VDW =        7.5127  1-4 EEL =       12.4848  RESTRAINT  =        0.0000


   NSTEP       ENERGY          RMS            GMAX         NAME    NUMBER
     38      -1.1958E+02     2.2749E+00     1.0579E+01     CBA        26

 BOND    =        1.3559  ANGLE   =       14.2403  DIHED      =       18.4796
 VDWAALS =       -4.0512  EEL     =      -95.4832  EGB        =      -74.1180
 1-4 VDW =        7.5120  1-4 EEL =       12.4871  RESTRAINT  =        0.0000


   NSTEP       ENERGY          RMS            GMAX         NAME    NUMBER
     39      -1.1953E+02     3.0723E+00     1.7792E+01     CBA        26

 BOND    =        1.7985  ANGLE   =       13.9545  DIHED      =       18.4677
 VDWAALS =       -4.0414  EEL     =      -95.3914  EGB        =      -74.2334
 1-4 VDW =        7.4484  1-4 EEL =       12.4622  RESTRAINT  =        0.0000


   NSTEP       ENERGY          RMS            GMAX         NAME    NUMBER
     40      -1.1977E+02     7.4125E-01     2.5525E+00     OAT         5

 BOND    =        1.4791  ANGLE   =       13.9972  DIHED      =       18.4613
 VDWAALS =       -4.0423  EEL     =      -95.4369  EGB        =      -74.1702
 1-4 VDW =        7.4718  1-4 EEL =       12.4660  RESTRAINT  =        0.0000


   NSTEP       ENERGY          RMS            GMAX         NAME    NUMBER
     41      -1.1984E+02     1.1126E+00     4.6535E+00     CAZ         6

 BOND    =        1.3915  ANGLE   =       14.1318  DIHED      =       18.4304
 VDWAALS =       -4.0474  EEL     =      -95.4527  EGB        =      -74.1905
 1-4 VDW =        7.4381  1-4 EEL =       12.4555  RESTRAINT  =        0.0000


   NSTEP       ENERGY          RMS            GMAX         NAME    NUMBER
     42      -1.1985E+02     1.8261E+00     6.6308E+00     CAZ         6

 BOND    =        1.7066  ANGLE   =       13.8499  DIHED      =       18.4133
 VDWAALS =       -4.0344  EEL     =      -95.4043  EGB        =      -74.2207
 1-4 VDW =        7.4096  1-4 EEL =       12.4315  RESTRAINT  =        0.0000


   NSTEP       ENERGY          RMS            GMAX         NAME    NUMBER
     43      -1.1986E+02     2.2065E+00     9.0398E+00     CBA        26

 BOND    =        1.4057  ANGLE   =       14.2051  DIHED      =       18.3920
 VDWAALS =       -4.0464  EEL     =      -95.4753  EGB        =      -74.1917
 1-4 VDW =        7.4088  1-4 EEL =       12.4405  RESTRAINT  =        0.0000


   NSTEP       ENERGY          RMS            GMAX         NAME    NUMBER
     44      -1.1979E+02     3.1318E+00     1.6957E+01     CBA        26

 BOND    =        1.8901  ANGLE   =       13.8741  DIHED      =       18.3816
 VDWAALS =       -4.0354  EEL     =      -95.3713  EGB        =      -74.2949
 1-4 VDW =        7.3519  1-4 EEL =       12.4114  RESTRAINT  =        0.0000


   NSTEP       ENERGY          RMS            GMAX         NAME    NUMBER
     45      -1.2005E+02     7.4029E-01     2.5857E+00     OAT         5

 BOND    =        1.5430  ANGLE   =       13.9390  DIHED      =       18.3750
 VDWAALS =       -4.0369  EEL     =      -95.4238  EGB        =      -74.2349
 1-4 VDW =        7.3747  1-4 EEL =       12.4180  RESTRAINT  =        0.0000


   NSTEP       ENERGY          RMS            GMAX         NAME    NUMBER
     46      -1.2009E+02     1.2940E+00     5.5791E+00     CAW         2

 BOND    =        1.4385  ANGLE   =       14.1257  DIHED      =       18.3452
 VDWAALS =       -4.0425  EEL     =      -95.4465  EGB        =      -74.2627
 1-4 VDW =        7.3416  1-4 EEL =       12.4122  RESTRAINT  =        0.0000


   NSTEP       ENERGY          RMS            GMAX         NAME    NUMBER
     47      -1.2009E+02     1.7977E+00     8.3377E+00     CAW         2

 BOND    =        1.7600  ANGLE   =       13.7904  DIHED      =       18.3331
 VDWAALS =       -4.0285  EEL     =      -95.3934  EGB        =      -74.2679
 1-4 VDW =        7.3280  1-4 EEL =       12.3881  RESTRAINT  =        0.0000


   NSTEP       ENERGY          RMS            GMAX         NAME    NUMBER
     48      -1.2010E+02     2.0608E+00     1.0465E+01     CAW         2

 BOND    =        1.4530  ANGLE   =       14.2115  DIHED      =       18.3113
 VDWAALS =       -4.0418  EEL     =      -95.4648  EGB        =      -74.2835
 1-4 VDW =        7.3103  1-4 EEL =       12.4011  RESTRAINT  =        0.0000


   NSTEP       ENERGY          RMS            GMAX         NAME    NUMBER
     49      -1.2006E+02     2.6865E+00     1.3573E+01     CAW         2

 BOND    =        1.9453  ANGLE   =       13.7316  DIHED      =       18.3036
 VDWAALS =       -4.0254  EEL     =      -95.3604  EGB        =      -74.3082
 1-4 VDW =        7.2877  1-4 EEL =       12.3665  RESTRAINT  =        0.0000


   NSTEP       ENERGY          RMS            GMAX         NAME    NUMBER
     50      -1.2029E+02     6.6878E-01     2.1555E+00     HAR2       53

 BOND    =        1.5785  ANGLE   =       13.9155  DIHED      =       18.2943
 VDWAALS =       -4.0311  EEL     =      -95.4187  EGB        =      -74.2939
 1-4 VDW =        7.2915  1-4 EEL =       12.3784  RESTRAINT  =        0.0000


   NSTEP       ENERGY          RMS            GMAX         NAME    NUMBER
     51      -1.2031E+02     1.5313E+00     6.4523E+00     CBA        26

 BOND    =        1.5333  ANGLE   =       14.0926  DIHED      =       18.2637
 VDWAALS =       -4.0360  EEL     =      -95.4198  EGB        =      -74.3552
 1-4 VDW =        7.2438  1-4 EEL =       12.3682  RESTRAINT  =        0.0000


   NSTEP       ENERGY          RMS            GMAX         NAME    NUMBER
     52      -1.1789E+02     9.9100E+00     5.0905E+01     CBA        26

 BOND    =        4.0575  ANGLE   =       13.6799  DIHED      =       18.2376
 VDWAALS =       -3.9943  EEL     =      -95.4277  EGB        =      -74.1213
 1-4 VDW =        7.3409  1-4 EEL =       12.3400  RESTRAINT  =        0.0000


   NSTEP       ENERGY          RMS            GMAX         NAME    NUMBER
     53      -1.2038E+02     6.2145E-01     2.1242E+00     HAR2       53

 BOND    =        1.5584  ANGLE   =       13.9496  DIHED      =       18.2598
 VDWAALS =       -4.0300  EEL     =      -95.4210  EGB        =      -74.3204
 1-4 VDW =        7.2571  1-4 EEL =       12.3640  RESTRAINT  =        0.0000


   NSTEP       ENERGY          RMS            GMAX         NAME    NUMBER
     54      -1.2040E+02     5.5296E-01     2.1165E+00     HAR2       53

 BOND    =        1.5881  ANGLE   =       13.9219  DIHED      =       18.2529
 VDWAALS =       -4.0285  EEL     =      -95.4144  EGB        =      -74.3313
 1-4 VDW =        7.2478  1-4 EEL =       12.3592  RESTRAINT  =        0.0000


   NSTEP       ENERGY          RMS            GMAX         NAME    NUMBER
     55      -1.2044E+02     1.2039E+00     4.2268E+00     CBA        26

 BOND    =        1.7183  ANGLE   =       13.8391  DIHED      =       18.2300
 VDWAALS =       -4.0233  EEL     =      -95.3927  EGB        =      -74.3674
 1-4 VDW =        7.2171  1-4 EEL =       12.3431  RESTRAINT  =        0.0000


   NSTEP       ENERGY          RMS            GMAX         NAME    NUMBER
     56      -1.2054E+02     1.1534E+00     3.9866E+00     CBA        26

 BOND    =        1.7378  ANGLE   =       13.8334  DIHED      =       18.1919
 VDWAALS =       -4.0193  EEL     =      -95.3904  EGB        =      -74.3983
 1-4 VDW =        7.1795  1-4 EEL =       12.3250  RESTRAINT  =        0.0000


   NSTEP       ENERGY          RMS            GMAX         NAME    NUMBER
     57      -1.2128E+02     9.2936E-01     4.7239E+00     CAZ         6

 BOND    =        1.9824  ANGLE   =       13.8954  DIHED      =       17.8638
 VDWAALS =       -3.9576  EEL     =      -95.3733  EGB        =      -74.6924
 1-4 VDW =        6.8462  1-4 EEL =       12.1526  RESTRAINT  =        0.0000


   NSTEP       ENERGY          RMS            GMAX         NAME    NUMBER
     58      -1.2161E+02     1.4981E+00     6.6655E+00     CAZ         6

 BOND    =        2.5101  ANGLE   =       14.2846  DIHED      =       17.5003
 VDWAALS =       -3.8059  EEL     =      -95.3585  EGB        =      -75.1027
 1-4 VDW =        6.4447  1-4 EEL =       11.9129  RESTRAINT  =        0.0000


   NSTEP       ENERGY          RMS            GMAX         NAME    NUMBER
     59      -1.0619E+02     2.1618E+01     9.9444E+01     CAZ         6

 BOND    =       15.3923  ANGLE   =       17.4539  DIHED      =       17.0276
 VDWAALS =       -3.4529  EEL     =      -94.0548  EGB        =      -75.7797
 1-4 VDW =        5.7903  1-4 EEL =       11.4379  RESTRAINT  =        0.0000


   NSTEP       ENERGY          RMS            GMAX         NAME    NUMBER
     60      -1.2169E+02     5.5002E-01     1.8475E+00     HAR2       53

 BOND    =        2.4833  ANGLE   =       14.2903  DIHED      =       17.4603
 VDWAALS =       -3.7888  EEL     =      -95.2763  EGB        =      -75.1427
 1-4 VDW =        6.3974  1-4 EEL =       11.8834  RESTRAINT  =        0.0000


   NSTEP       ENERGY          RMS            GMAX         NAME    NUMBER
     61      -1.2171E+02     4.5702E-01     1.2873E+00     OAB         9

 BOND    =        2.4401  ANGLE   =       14.3019  DIHED      =       17.4576
 VDWAALS =       -3.7942  EEL     =      -95.2593  EGB        =      -75.1305
 1-4 VDW =        6.3991  1-4 EEL =       11.8726  RESTRAINT  =        0.0000


   NSTEP       ENERGY          RMS            GMAX         NAME    NUMBER
     62      -1.2174E+02     7.8065E-01     3.7180E+00     OD1        13

 BOND    =        2.3394  ANGLE   =       14.3405  DIHED      =       17.4494
 VDWAALS =       -3.8108  EEL     =      -95.2075  EGB        =      -75.0937
 1-4 VDW =        6.4043  1-4 EEL =       11.8398  RESTRAINT  =        0.0000


   NSTEP       ENERGY          RMS            GMAX         NAME    NUMBER
     63      -1.2180E+02     7.5285E-01     3.4963E+00     OD1        13

 BOND    =        2.2978  ANGLE   =       14.3855  DIHED      =       17.4325
 VDWAALS =       -3.8783  EEL     =      -95.1493  EGB        =      -75.1252
 1-4 VDW =        6.4256  1-4 EEL =       11.8121  RESTRAINT  =        0.0000


   NSTEP       ENERGY          RMS            GMAX         NAME    NUMBER
     64      -1.2181E+02     1.0467E+00     3.3865E+00     OD1        13

 BOND    =        2.2945  ANGLE   =       14.4110  DIHED      =       17.4247
 VDWAALS =       -3.9096  EEL     =      -95.1214  EGB        =      -75.1402
 1-4 VDW =        6.4358  1-4 EEL =       11.7989  RESTRAINT  =        0.0000


   NSTEP       ENERGY          RMS            GMAX         NAME    NUMBER
     65      -1.2190E+02     7.4323E-01     3.3573E+00     OAB         9

 BOND    =        2.2622  ANGLE   =       14.4948  DIHED      =       17.4001
 VDWAALS =       -3.9978  EEL     =      -95.0750  EGB        =      -75.2400
 1-4 VDW =        6.4623  1-4 EEL =       11.7940  RESTRAINT  =        0.0000


   NSTEP       ENERGY          RMS            GMAX         NAME    NUMBER
     66      -1.2191E+02     1.0097E+00     3.4746E+00     CAM         7

 BOND    =        2.2672  ANGLE   =       14.5565  DIHED      =       17.3865
 VDWAALS =       -4.0480  EEL     =      -95.0465  EGB        =      -75.2987
 1-4 VDW =        6.4782  1-4 EEL =       11.7909  RESTRAINT  =        0.0000


   NSTEP       ENERGY          RMS            GMAX         NAME    NUMBER
     67      -1.2206E+02     9.2286E-01     3.7211E+00     OAB         9

 BOND    =        2.1724  ANGLE   =       14.4186  DIHED      =       17.3653
 VDWAALS =       -4.0829  EEL     =      -94.9357  EGB        =      -75.3895
 1-4 VDW =        6.5024  1-4 EEL =       11.8848  RESTRAINT  =        0.0000


   NSTEP       ENERGY          RMS            GMAX         NAME    NUMBER
     68      -1.2211E+02     1.5204E+00     6.8345E+00     CAW         2

 BOND    =        2.1330  ANGLE   =       14.3236  DIHED      =       17.3503
 VDWAALS =       -4.1169  EEL     =      -94.8234  EGB        =      -75.4786
 1-4 VDW =        6.5276  1-4 EEL =       11.9726  RESTRAINT  =        0.0000


   NSTEP       ENERGY          RMS            GMAX         NAME    NUMBER
     69      -1.2228E+02     1.4444E+00     5.4855E+00     CAY        25

 BOND    =        2.0520  ANGLE   =       14.1989  DIHED      =       17.3206
 VDWAALS =       -4.1712  EEL     =      -94.7300  EGB        =      -75.6510
 1-4 VDW =        6.5837  1-4 EEL =       12.1187  RESTRAINT  =        0.0000


   NSTEP       ENERGY          RMS            GMAX         NAME    NUMBER
     70      -1.2228E+02     1.2269E+00     4.0705E+00     CAY        25

 BOND    =        2.0448  ANGLE   =       14.2090  DIHED      =       17.3236
 VDWAALS =       -4.1636  EEL     =      -94.7449  EGB        =      -75.6262
 1-4 VDW =        6.5755  1-4 EEL =       12.0989  RESTRAINT  =        0.0000


   NSTEP       ENERGY          RMS            GMAX         NAME    NUMBER
     71      -1.2238E+02     9.8779E-01     3.4089E+00     CAF        23

 BOND    =        2.0157  ANGLE   =       14.2174  DIHED      =       17.3045
 VDWAALS =       -4.1830  EEL     =      -94.7084  EGB        =      -75.7181
 1-4 VDW =        6.6035  1-4 EEL =       12.0883  RESTRAINT  =        0.0000


   NSTEP       ENERGY          RMS            GMAX         NAME    NUMBER
     72      -1.2238E+02     8.5737E-01     2.6214E+00     CAF        23

 BOND    =        2.0096  ANGLE   =       14.2129  DIHED      =       17.3066
 VDWAALS =       -4.1807  EEL     =      -94.7134  EGB        =      -75.7067
 1-4 VDW =        6.6001  1-4 EEL =       12.0898  RESTRAINT  =        0.0000


   NSTEP       ENERGY          RMS            GMAX         NAME    NUMBER
     73      -1.2243E+02     6.3882E-01     2.0066E+00     CAG        22

 BOND    =        2.0928  ANGLE   =       14.0528  DIHED      =       17.3033
 VDWAALS =       -4.1680  EEL     =      -94.7021  EGB        =      -75.7346
 1-4 VDW =        6.6263  1-4 EEL =       12.0962  RESTRAINT  =        0.0000


   NSTEP       ENERGY          RMS            GMAX         NAME    NUMBER
     74      -1.2243E+02     6.7526E-01     2.1699E+00     CAG        22

 BOND    =        2.0998  ANGLE   =       14.0441  DIHED      =       17.3031
 VDWAALS =       -4.1673  EEL     =      -94.7014  EGB        =      -75.7364
 1-4 VDW =        6.6279  1-4 EEL =       12.0966  RESTRAINT  =        0.0000


   NSTEP       ENERGY          RMS            GMAX         NAME    NUMBER
     75      -1.2248E+02     6.0295E-01     2.1309E+00     CB         14

 BOND    =        2.0727  ANGLE   =       14.0578  DIHED      =       17.3032
 VDWAALS =       -4.1758  EEL     =      -94.6739  EGB        =      -75.7988
 1-4 VDW =        6.6295  1-4 EEL =       12.1099  RESTRAINT  =        0.0000


   NSTEP       ENERGY          RMS            GMAX         NAME    NUMBER
     76      -1.2248E+02     5.0415E-01     1.7641E+00     CB         14

 BOND    =        2.0591  ANGLE   =       14.0638  DIHED      =       17.3034
 VDWAALS =       -4.1799  EEL     =      -94.6737  EGB        =      -75.7937
 1-4 VDW =        6.6299  1-4 EEL =       12.1082  RESTRAINT  =        0.0000


   NSTEP       ENERGY          RMS            GMAX         NAME    NUMBER
     77      -1.2249E+02     4.3262E-01     1.3565E+00     CB         14

 BOND    =        2.0481  ANGLE   =       14.0693  DIHED      =       17.3039
 VDWAALS =       -4.1846  EEL     =      -94.6727  EGB        =      -75.7901
 1-4 VDW =        6.6295  1-4 EEL =       12.1061  RESTRAINT  =        0.0000


   NSTEP       ENERGY          RMS            GMAX         NAME    NUMBER
     78      -1.2250E+02     3.8946E-01     1.2325E+00     HAA3       32

 BOND    =        2.0414  ANGLE   =       14.0728  DIHED      =       17.3047
 VDWAALS =       -4.1892  EEL     =      -94.6706  EGB        =      -75.7890
 1-4 VDW =        6.6279  1-4 EEL =       12.1035  RESTRAINT  =        0.0000


   NSTEP       ENERGY          RMS            GMAX         NAME    NUMBER
     79      -1.2251E+02     3.6204E-01     1.1667E+00     HAA3       32

 BOND    =        2.0391  ANGLE   =       14.0731  DIHED      =       17.3060
 VDWAALS =       -4.1932  EEL     =      -94.6678  EGB        =      -75.7903
 1-4 VDW =        6.6253  1-4 EEL =       12.1003  RESTRAINT  =        0.0000


   NSTEP       ENERGY          RMS            GMAX         NAME    NUMBER
     80      -1.2054E+02     4.2880E+00     1.6284E+01     CB         14

 BOND    =        2.8661  ANGLE   =       15.7598  DIHED      =       17.5469
 VDWAALS =       -4.3856  EEL     =      -94.3957  EGB        =      -76.0260
 1-4 VDW =        6.3999  1-4 EEL =       11.6917  RESTRAINT  =        0.0000


   NSTEP       ENERGY          RMS            GMAX         NAME    NUMBER
     81      -1.2259E+02     6.5630E-01     2.2280E+00     CB         14

 BOND    =        2.0591  ANGLE   =       14.0959  DIHED      =       17.3334
 VDWAALS =       -4.2403  EEL     =      -94.6224  EGB        =      -75.8250
 1-4 VDW =        6.5781  1-4 EEL =       12.0301  RESTRAINT  =        0.0000


   NSTEP       ENERGY          RMS            GMAX         NAME    NUMBER
     82      -1.2266E+02     6.9769E-01     2.6522E+00     CB         14

 BOND    =        2.1303  ANGLE   =       14.0885  DIHED      =       17.3511
 VDWAALS =       -4.1856  EEL     =      -94.6726  EGB        =      -75.8520
 1-4 VDW =        6.5502  1-4 EEL =       11.9254  RESTRAINT  =        0.0000


   NSTEP       ENERGY          RMS            GMAX         NAME    NUMBER
     83      -1.2267E+02     6.1409E-01     2.0970E+00     CB         14

 BOND    =        2.1167  ANGLE   =       14.0862  DIHED      =       17.3489
 VDWAALS =       -4.1922  EEL     =      -94.6668  EGB        =      -75.8489
 1-4 VDW =        6.5531  1-4 EEL =       11.9372  RESTRAINT  =        0.0000


   NSTEP       ENERGY          RMS            GMAX         NAME    NUMBER
     84      -1.2270E+02     9.9708E-01     3.7073E+00     CAL        19

 BOND    =        2.1755  ANGLE   =       14.1215  DIHED      =       17.3471
 VDWAALS =       -4.1213  EEL     =      -94.7759  EGB        =      -75.8787
 1-4 VDW =        6.5008  1-4 EEL =       11.9349  RESTRAINT  =        0.0000


   NSTEP       ENERGY          RMS            GMAX         NAME    NUMBER
     85      -1.2271E+02     6.1180E-01     1.9694E+00     CAL        19

 BOND    =        2.1401  ANGLE   =       14.1021  DIHED      =       17.3473
 VDWAALS =       -4.1469  EEL     =      -94.7374  EGB        =      -75.8681
 1-4 VDW =        6.5187  1-4 EEL =       11.9356  RESTRAINT  =        0.0000


   NSTEP       ENERGY          RMS            GMAX         NAME    NUMBER
     86      -1.2274E+02     7.9907E-01     2.9736E+00     CAG        22

 BOND    =        2.1153  ANGLE   =       13.9593  DIHED      =       17.3539
 VDWAALS =       -4.0486  EEL     =      -94.7901  EGB        =      -75.8293
 1-4 VDW =        6.4874  1-4 EEL =       12.0152  RESTRAINT  =        0.0000


   NSTEP       ENERGY          RMS            GMAX         NAME    NUMBER
     87      -1.2274E+02     5.7741E-01     1.9789E+00     CAG        22

 BOND    =        2.1146  ANGLE   =       13.9922  DIHED      =       17.3520
 VDWAALS =       -4.0739  EEL     =      -94.7768  EGB        =      -75.8390
 1-4 VDW =        6.4952  1-4 EEL =       11.9952  RESTRAINT  =        0.0000


   NSTEP       ENERGY          RMS            GMAX         NAME    NUMBER
     88      -1.2277E+02     5.9463E-01     2.2202E+00     NAR        18

 BOND    =        2.1907  ANGLE   =       13.8812  DIHED      =       17.3531
 VDWAALS =       -4.0098  EEL     =      -94.8282  EGB        =      -75.8907
 1-4 VDW =        6.4587  1-4 EEL =       12.0791  RESTRAINT  =        0.0000


   NSTEP       ENERGY          RMS            GMAX         NAME    NUMBER
     89      -1.2277E+02     5.2957E-01     2.0307E+00     NAR        18

 BOND    =        2.1805  ANGLE   =       13.8921  DIHED      =       17.3530
 VDWAALS =       -4.0166  EEL     =      -94.8229  EGB        =      -75.8853
 1-4 VDW =        6.4624  1-4 EEL =       12.0704  RESTRAINT  =        0.0000


   NSTEP       ENERGY          RMS            GMAX         NAME    NUMBER
     90      -1.2280E+02     4.4991E-01     1.9225E+00     HAR2       53

 BOND    =        2.1802  ANGLE   =       13.8712  DIHED      =       17.3450
 VDWAALS =       -4.0081  EEL     =      -94.8629  EGB        =      -75.8850
 1-4 VDW =        6.4576  1-4 EEL =       12.1046  RESTRAINT  =        0.0000


   NSTEP       ENERGY          RMS            GMAX         NAME    NUMBER
     91      -1.2280E+02     6.7026E-01     2.8564E+00     HAR2       53

 BOND    =        2.1913  ANGLE   =       13.8601  DIHED      =       17.3397
 VDWAALS =       -4.0020  EEL     =      -94.8912  EGB        =      -75.8848
 1-4 VDW =        6.4543  1-4 EEL =       12.1288  RESTRAINT  =        0.0000


   NSTEP       ENERGY          RMS            GMAX         NAME    NUMBER
     92      -1.2285E+02     6.2968E-01     2.2327E+00     HAR2       53

 BOND    =        2.1357  ANGLE   =       13.8132  DIHED      =       17.3354
 VDWAALS =       -3.9911  EEL     =      -94.8970  EGB        =      -75.8682
 1-4 VDW =        6.4452  1-4 EEL =       12.1747  RESTRAINT  =        0.0000


   NSTEP       ENERGY          RMS            GMAX         NAME    NUMBER
     93      -1.2286E+02     8.4124E-01     3.3501E+00     CAF        23

 BOND    =        2.1230  ANGLE   =       13.7991  DIHED      =       17.3342
 VDWAALS =       -3.9866  EEL     =      -94.8993  EGB        =      -75.8616
 1-4 VDW =        6.4417  1-4 EEL =       12.1931  RESTRAINT  =        0.0000


   NSTEP       ENERGY          RMS            GMAX         NAME    NUMBER
     94      -1.2291E+02     6.9265E-01     2.8006E+00     OD1        13

 BOND    =        2.0065  ANGLE   =       13.6807  DIHED      =       17.3362
 VDWAALS =       -3.9934  EEL     =      -94.8354  EGB        =      -75.8170
 1-4 VDW =        6.4575  1-4 EEL =       12.2574  RESTRAINT  =        0.0000


   NSTEP       ENERGY          RMS            GMAX         NAME    NUMBER
     95      -1.2291E+02     6.6710E-01     2.7013E+00     OD1        13

 BOND    =        2.0094  ANGLE   =       13.6844  DIHED      =       17.3360
 VDWAALS =       -3.9932  EEL     =      -94.8377  EGB        =      -75.8186
 1-4 VDW =        6.4570  1-4 EEL =       12.2552  RESTRAINT  =        0.0000


   NSTEP       ENERGY          RMS            GMAX         NAME    NUMBER
     96      -1.2295E+02     4.9205E-01     1.5232E+00     CAZ         6

 BOND    =        1.8925  ANGLE   =       13.7733  DIHED      =       17.3349
 VDWAALS =       -4.0437  EEL     =      -94.8129  EGB        =      -75.8448
 1-4 VDW =        6.4722  1-4 EEL =       12.2761  RESTRAINT  =        0.0000


   NSTEP       ENERGY          RMS            GMAX         NAME    NUMBER
     97      -1.2296E+02     6.7914E-01     2.3602E+00     CAZ         6

 BOND    =        1.8352  ANGLE   =       13.8328  DIHED      =       17.3348
 VDWAALS =       -4.0739  EEL     =      -94.7980  EGB        =      -75.8608
 1-4 VDW =        6.4815  1-4 EEL =       12.2886  RESTRAINT  =        0.0000


   NSTEP       ENERGY          RMS            GMAX         NAME    NUMBER
     98      -1.2299E+02     1.0497E+00     3.9543E+00     CBA        26

 BOND    =        1.9442  ANGLE   =       13.7751  DIHED      =       17.3378
 VDWAALS =       -4.1597  EEL     =      -94.7543  EGB        =      -75.9320
 1-4 VDW =        6.4914  1-4 EEL =       12.3027  RESTRAINT  =        0.0000


   NSTEP       ENERGY          RMS            GMAX         NAME    NUMBER
     99      -1.2300E+02     7.6843E-01     2.4087E+00     CBA        26

 BOND    =        1.9086  ANGLE   =       13.7849  DIHED      =       17.3367
 VDWAALS =       -4.1383  EEL     =      -94.7653  EGB        =      -75.9139
 1-4 VDW =        6.4889  1-4 EEL =       12.2992  RESTRAINT  =        0.0000


   NSTEP       ENERGY          RMS            GMAX         NAME    NUMBER
    100      -1.2306E+02     6.3209E-01     1.8203E+00     CAZ         6

 BOND    =        1.9367  ANGLE   =       13.7268  DIHED      =       17.3432
 VDWAALS =       -4.1862  EEL     =      -94.6955  EGB        =      -75.9726
 1-4 VDW =        6.4850  1-4 EEL =       12.3056  RESTRAINT  =        0.0000


  Maximum number of minimization cycles reached.


                    FINAL RESULTS



   NSTEP       ENERGY          RMS            GMAX         NAME    NUMBER
    100      -1.2306E+02     6.3209E-01     1.8203E+00     CAZ         6

 BOND    =        1.9367  ANGLE   =       13.7268  DIHED      =       17.3432
 VDWAALS =       -4.1862  EEL     =      -94.6955  EGB        =      -75.9726
 1-4 VDW =        6.4850  1-4 EEL =       12.3056  RESTRAINT  =        0.0000

--------------------------------------------------------------------------------
   5.  TIMINGS
--------------------------------------------------------------------------------

|    Read coords time           0.02 ( 5.28% of Total)
|    Fast Water setup           0.00 ( 0.03% of Total)
|                Calc gb radii              0.01 (30.77% of Gen B)
|                Calc gb diag               0.01 (37.52% of Gen B)
|                Calc gb off-diag           0.01 (31.21% of Gen B)
|                Other                      0.00 ( 0.49% of Gen B)
|             Gen Born time              0.04 (100.0% of Nonbo)
|             IPS excludes               0.00 ( 0.02% of Nonbo)
|          Nonbond force              0.04 (74.36% of Force)
|          Bond/Angle/Dihedral        0.01 (18.76% of Force)
|          Other                      0.00 ( 6.88% of Force)
|       Force time                 0.05 (100.0% of Runmd)
|    Runmd Time                 0.05 (18.35% of Total)
|    Other                      0.22 (76.33% of Total)
| Total time                 0.29 (98.16% of ALL  )

| Number of list builds   :          0

| Highest rstack allocated:          0
| Highest istack allocated:          0
|           Job began  at 15:26:38.218  on 04/20/2016
|           Setup done at 15:26:38.386  on 04/20/2016
|           Run   done at 15:26:38.513  on 04/20/2016
|     wallclock() was called    1828 times
