
          -------------------------------------------------------
          Amber 14 SANDER                              2014
          -------------------------------------------------------

| Run on 05/22/2015 at 14:48:56

|   Executable path: sander
| Working directory: /net/chevy/raid1/nigel/amber/library/amber_library/r
|          Hostname: chevy.lbl.gov

  [-O]verwriting output

File Assignments:
|  MDIN: sander.in                                                             
| MDOUT: RPH.min.out                                                           
|INPCRD: RPH.rst7                                                              
|  PARM: RPH.prmtop                                                            
|RESTRT: RPH.min.rst7                                                          
|  REFC: refc                                                                  
| MDVEL: mdvel                                                                 
| MDFRC: mdfrc                                                                 
|  MDEN: mden                                                                  
| MDCRD: mdcrd                                                                 
|MDINFO: mdinfo                                                                
|  MTMD: mtmd                                                                  
|INPDIP: inpdip                                                                
|RSTDIP: rstdip                                                                
|INPTRA: inptraj                                                               


 Here is the input file:

  short minimization                                                           
 &cntrl                                                                        
   imin=1, maxcyc=100, ncyc=50, ntpr=1, cut=99., ntb=0,                        
 /                                                                             

--------------------------------------------------------------------------------
   1.  RESOURCE   USE: 
--------------------------------------------------------------------------------

| Flags:                                                                        
|    NONPERIODIC   ntb=0 and igb=0: Setting up nonperiodic simulation
|  *** cutoff > system size, list only builds once
|Largest sphere to fit in unit cell has radius =    32.484
| New format PARM file being parsed.
| Version =    1.000 Date = 05/22/15 Time = 14:48:56
 NATOM  =      27 NTYPES =      10 NBONH =      15 MBONA  =      13
 NTHETH =      37 MTHETA =      18 NPHIH =      78 MPHIA  =      46
 NHPARM =       0 NPARM  =       0 NNB   =     170 NRES   =       1
 NBONA  =      13 NTHETA =      18 NPHIA =      46 NUMBND =      10
 NUMANG =      17 NPTRA  =      15 NATYP =      10 NPHB   =       0
 IFBOX  =       0 NMXRS  =      27 IFCAP =       0 NEXTRA =       0
 NCOPY  =       0


|     Memory Use     Allocated
|     Real                6490
|     Hollerith             84
|     Integer            26814
|     Max Pairs            351
|     nblistReal           324
|     nblist Int        924663
|       Total             3771 kbytes

| Note: 1-4 EEL scale factors are being read from the topology file.

| Note: 1-4 VDW scale factors are being read from the topology file.
| Duplicated    0 dihedrals
| Duplicated    0 dihedrals

--------------------------------------------------------------------------------
   2.  CONTROL  DATA  FOR  THE  RUN
--------------------------------------------------------------------------------

RPH                                                                             

General flags:
     imin    =       1, nmropt  =       0

Nature and format of input:
     ntx     =       1, irest   =       0, ntrx    =       1

Nature and format of output:
     ntxo    =       1, ntpr    =       1, ntrx    =       1, ntwr    =     500
     iwrap   =       0, ntwx    =       0, ntwv    =       0, ntwe    =       0
     ioutfm  =       0, ntwprt  =       0, idecomp =       0, rbornstat=      0

Potential function:
     ntf     =       1, ntb     =       0, igb     =       0, nsnb    =      25
     ipol    =       0, gbsa    =       0, iesp    =       0
     dielc   =   1.00000, cut     =  99.00000, intdiel =   1.00000

Frozen or restrained atoms:
     ibelly  =       0, ntr     =       0

Energy minimization:
     maxcyc  =     100, ncyc    =      50, ntmin   =       1
     dx0     =   0.01000, drms    =   0.00010
|  INFO: Old style inpcrd file read


--------------------------------------------------------------------------------
   3.  ATOMIC COORDINATES AND VELOCITIES
--------------------------------------------------------------------------------

RPH                                                                             
 begin time read from input coords =     0.000 ps

 Number of triangulated 3-point waters found:        0

     Sum of charges from parm topology file =   0.00100000
     Forcing neutrality...

--------------------------------------------------------------------------------
   4.  RESULTS
--------------------------------------------------------------------------------

 ---------------------------------------------------

     eedmeth=4: Setting switch to one everywhere

 ---------------------------------------------------
| Local SIZE OF NONBOND LIST =        183
| TOTAL SIZE OF NONBOND LIST =        183


   NSTEP       ENERGY          RMS            GMAX         NAME    NUMBER
      1       5.4156E+01     1.4283E+01     4.4094E+01     C11         8

 BOND    =        4.9208  ANGLE   =        4.6511  DIHED      =       19.5833
 VDWAALS =       -2.2347  EEL     =        9.6387  HBOND      =        0.0000
 1-4 VDW =        4.2320  1-4 EEL =       13.3649  RESTRAINT  =        0.0000


   NSTEP       ENERGY          RMS            GMAX         NAME    NUMBER
      2       5.3536E+01     1.3302E+01     4.0355E+01     C11         8

 BOND    =        4.3743  ANGLE   =        4.6166  DIHED      =       19.5766
 VDWAALS =       -2.2354  EEL     =        9.6371  HBOND      =        0.0000
 1-4 VDW =        4.2142  1-4 EEL =       13.3521  RESTRAINT  =        0.0000


   NSTEP       ENERGY          RMS            GMAX         NAME    NUMBER
      3       5.2849E+01     1.2145E+01     3.5927E+01     C11         8

 BOND    =        3.7703  ANGLE   =        4.5812  DIHED      =       19.5684
 VDWAALS =       -2.2363  EEL     =        9.6357  HBOND      =        0.0000
 1-4 VDW =        4.1931  1-4 EEL =       13.3361  RESTRAINT  =        0.0000


   NSTEP       ENERGY          RMS            GMAX         NAME    NUMBER
      4       5.2106E+01     1.0790E+01     3.0716E+01     C11         8

 BOND    =        3.1193  ANGLE   =        4.5465  DIHED      =       19.5582
 VDWAALS =       -2.2373  EEL     =        9.6350  HBOND      =        0.0000
 1-4 VDW =        4.1683  1-4 EEL =       13.3158  RESTRAINT  =        0.0000


   NSTEP       ENERGY          RMS            GMAX         NAME    NUMBER
      5       5.1329E+01     9.2202E+00     2.4641E+01     C11         8

 BOND    =        2.4426  ANGLE   =        4.5147  DIHED      =       19.5454
 VDWAALS =       -2.2387  EEL     =        9.6355  HBOND      =        0.0000
 1-4 VDW =        4.1394  1-4 EEL =       13.2898  RESTRAINT  =        0.0000


   NSTEP       ENERGY          RMS            GMAX         NAME    NUMBER
      6       5.0553E+01     7.4421E+00     1.8812E+01     C15        12

 BOND    =        1.7770  ANGLE   =        4.4879  DIHED      =       19.5287
 VDWAALS =       -2.2404  EEL     =        9.6384  HBOND      =        0.0000
 1-4 VDW =        4.1058  1-4 EEL =       13.2555  RESTRAINT  =        0.0000


   NSTEP       ENERGY          RMS            GMAX         NAME    NUMBER
      7       4.9831E+01     5.5229E+00     1.3522E+01     C15        12

 BOND    =        1.1802  ANGLE   =        4.4652  DIHED      =       19.5064
 VDWAALS =       -2.2427  EEL     =        9.6460  HBOND      =        0.0000
 1-4 VDW =        4.0675  1-4 EEL =       13.2088  RESTRAINT  =        0.0000


   NSTEP       ENERGY          RMS            GMAX         NAME    NUMBER
      8       4.9224E+01     3.7080E+00     7.8435E+00     C15        12

 BOND    =        0.7288  ANGLE   =        4.4360  DIHED      =       19.4751
 VDWAALS =       -2.2462  EEL     =        9.6622  HBOND      =        0.0000
 1-4 VDW =        4.0256  1-4 EEL =       13.1426  RESTRAINT  =        0.0000


   NSTEP       ENERGY          RMS            GMAX         NAME    NUMBER
      9       4.8749E+01     2.5240E+00     6.0701E+00     N5          3

 BOND    =        0.4787  ANGLE   =        4.3670  DIHED      =       19.4300
 VDWAALS =       -2.2520  EEL     =        9.6933  HBOND      =        0.0000
 1-4 VDW =        3.9864  1-4 EEL =       13.0459  RESTRAINT  =        0.0000


   NSTEP       ENERGY          RMS            GMAX         NAME    NUMBER
     10       4.8337E+01     1.8378E+00     4.6138E+00     O2          1

 BOND    =        0.3497  ANGLE   =        4.2503  DIHED      =       19.3744
 VDWAALS =       -2.2616  EEL     =        9.7355  HBOND      =        0.0000
 1-4 VDW =        3.9659  1-4 EEL =       12.9232  RESTRAINT  =        0.0000


   NSTEP       ENERGY          RMS            GMAX         NAME    NUMBER
     11       4.7987E+01     1.3410E+00     3.9673E+00     O2          1

 BOND    =        0.2573  ANGLE   =        4.1942  DIHED      =       19.3121
 VDWAALS =       -2.2737  EEL     =        9.7727  HBOND      =        0.0000
 1-4 VDW =        3.9282  1-4 EEL =       12.7961  RESTRAINT  =        0.0000


   NSTEP       ENERGY          RMS            GMAX         NAME    NUMBER
     12       4.7732E+01     1.8645E+00     6.5850E+00     C7          4

 BOND    =        0.3006  ANGLE   =        4.1825  DIHED      =       19.2208
 VDWAALS =       -2.2820  EEL     =        9.8188  HBOND      =        0.0000
 1-4 VDW =        3.8053  1-4 EEL =       12.6865  RESTRAINT  =        0.0000


   NSTEP       ENERGY          RMS            GMAX         NAME    NUMBER
     13       4.8343E+01     7.1588E+00     2.8963E+01     C7          4

 BOND    =        0.9565  ANGLE   =        4.3182  DIHED      =       19.2002
 VDWAALS =       -2.2913  EEL     =        9.7572  HBOND      =        0.0000
 1-4 VDW =        3.7984  1-4 EEL =       12.6038  RESTRAINT  =        0.0000


   NSTEP       ENERGY          RMS            GMAX         NAME    NUMBER
     14       4.7593E+01     2.1361E+00     8.3530E+00     C15        12

 BOND    =        0.3513  ANGLE   =        4.1681  DIHED      =       19.1744
 VDWAALS =       -2.2886  EEL     =        9.8139  HBOND      =        0.0000
 1-4 VDW =        3.7623  1-4 EEL =       12.6111  RESTRAINT  =        0.0000


   NSTEP       ENERGY          RMS            GMAX         NAME    NUMBER
     15       4.7641E+01     3.2973E+00     1.1757E+01     C15        12

 BOND    =        0.4223  ANGLE   =        4.2463  DIHED      =       19.1217
 VDWAALS =       -2.2876  EEL     =        9.8389  HBOND      =        0.0000
 1-4 VDW =        3.6784  1-4 EEL =       12.6209  RESTRAINT  =        0.0000


   NSTEP       ENERGY          RMS            GMAX         NAME    NUMBER
     16       4.7450E+01     9.2300E-01     2.3326E+00     H91        16

 BOND    =        0.3219  ANGLE   =        4.1792  DIHED      =       19.1246
 VDWAALS =       -2.2895  EEL     =        9.8202  HBOND      =        0.0000
 1-4 VDW =        3.6898  1-4 EEL =       12.6039  RESTRAINT  =        0.0000


   NSTEP       ENERGY          RMS            GMAX         NAME    NUMBER
     17       4.7415E+01     1.6576E+00     5.8568E+00     C7          4

 BOND    =        0.3664  ANGLE   =        4.1553  DIHED      =       19.0978
 VDWAALS =       -2.2917  EEL     =        9.8374  HBOND      =        0.0000
 1-4 VDW =        3.6809  1-4 EEL =       12.5689  RESTRAINT  =        0.0000


   NSTEP       ENERGY          RMS            GMAX         NAME    NUMBER
     18       4.7442E+01     2.7051E+00     1.0812E+01     C7          4

 BOND    =        0.4113  ANGLE   =        4.2587  DIHED      =       19.0601
 VDWAALS =       -2.2935  EEL     =        9.7985  HBOND      =        0.0000
 1-4 VDW =        3.6238  1-4 EEL =       12.5830  RESTRAINT  =        0.0000


   NSTEP       ENERGY          RMS            GMAX         NAME    NUMBER
     19       4.7330E+01     7.8765E-01     2.0673E+00     H91        16

 BOND    =        0.3429  ANGLE   =        4.1936  DIHED      =       19.0597
 VDWAALS =       -2.2931  EEL     =        9.8266  HBOND      =        0.0000
 1-4 VDW =        3.6320  1-4 EEL =       12.5680  RESTRAINT  =        0.0000


   NSTEP       ENERGY          RMS            GMAX         NAME    NUMBER
     20       4.7297E+01     1.0883E+00     3.5307E+00     C15        12

 BOND    =        0.3766  ANGLE   =        4.1795  DIHED      =       19.0384
 VDWAALS =       -2.2949  EEL     =        9.8251  HBOND      =        0.0000
 1-4 VDW =        3.6254  1-4 EEL =       12.5467  RESTRAINT  =        0.0000


   NSTEP       ENERGY          RMS            GMAX         NAME    NUMBER
     21       4.7286E+01     1.5880E+00     5.5410E+00     C15        12

 BOND    =        0.3654  ANGLE   =        4.2412  DIHED      =       19.0051
 VDWAALS =       -2.2953  EEL     =        9.8306  HBOND      =        0.0000
 1-4 VDW =        3.5876  1-4 EEL =       12.5515  RESTRAINT  =        0.0000


   NSTEP       ENERGY          RMS            GMAX         NAME    NUMBER
     22       4.7278E+01     1.8976E+00     6.4818E+00     C15        12

 BOND    =        0.4421  ANGLE   =        4.1883  DIHED      =       19.0011
 VDWAALS =       -2.2972  EEL     =        9.8178  HBOND      =        0.0000
 1-4 VDW =        3.5982  1-4 EEL =       12.5274  RESTRAINT  =        0.0000


   NSTEP       ENERGY          RMS            GMAX         NAME    NUMBER
     23       4.7293E+01     2.5002E+00     9.7353E+00     C7          4

 BOND    =        0.4038  ANGLE   =        4.2712  DIHED      =       18.9663
 VDWAALS =       -2.2963  EEL     =        9.8437  HBOND      =        0.0000
 1-4 VDW =        3.5659  1-4 EEL =       12.5381  RESTRAINT  =        0.0000


   NSTEP       ENERGY          RMS            GMAX         NAME    NUMBER
     24       4.7189E+01     6.7219E-01     1.7351E+00     H91        16

 BOND    =        0.3708  ANGLE   =        4.2274  DIHED      =       18.9670
 VDWAALS =       -2.2977  EEL     =        9.8230  HBOND      =        0.0000
 1-4 VDW =        3.5691  1-4 EEL =       12.5297  RESTRAINT  =        0.0000


   NSTEP       ENERGY          RMS            GMAX         NAME    NUMBER
     25       4.7172E+01     1.3397E+00     5.6049E+00     C7          4

 BOND    =        0.4195  ANGLE   =        4.1985  DIHED      =       18.9434
 VDWAALS =       -2.2985  EEL     =        9.8367  HBOND      =        0.0000
 1-4 VDW =        3.5622  1-4 EEL =       12.5100  RESTRAINT  =        0.0000


   NSTEP       ENERGY          RMS            GMAX         NAME    NUMBER
     26       4.7189E+01     2.1368E+00     9.4922E+00     C7          4

 BOND    =        0.4177  ANGLE   =        4.2949  DIHED      =       18.9163
 VDWAALS =       -2.3001  EEL     =        9.8006  HBOND      =        0.0000
 1-4 VDW =        3.5376  1-4 EEL =       12.5215  RESTRAINT  =        0.0000


   NSTEP       ENERGY          RMS            GMAX         NAME    NUMBER
     27       4.7122E+01     6.0722E-01     1.5950E+00     H91        16

 BOND    =        0.3826  ANGLE   =        4.2466  DIHED      =       18.9152
 VDWAALS =       -2.2996  EEL     =        9.8234  HBOND      =        0.0000
 1-4 VDW =        3.5414  1-4 EEL =       12.5122  RESTRAINT  =        0.0000


   NSTEP       ENERGY          RMS            GMAX         NAME    NUMBER
     28       4.7101E+01     8.2986E-01     2.4583E+00     C15        12

 BOND    =        0.4140  ANGLE   =        4.2267  DIHED      =       18.8975
 VDWAALS =       -2.3004  EEL     =        9.8264  HBOND      =        0.0000
 1-4 VDW =        3.5373  1-4 EEL =       12.4992  RESTRAINT  =        0.0000


   NSTEP       ENERGY          RMS            GMAX         NAME    NUMBER
     29       4.7092E+01     1.2312E+00     4.0567E+00     C15        12

 BOND    =        0.3893  ANGLE   =        4.2946  DIHED      =       18.8706
 VDWAALS =       -2.3011  EEL     =        9.8156  HBOND      =        0.0000
 1-4 VDW =        3.5189  1-4 EEL =       12.5047  RESTRAINT  =        0.0000


   NSTEP       ENERGY          RMS            GMAX         NAME    NUMBER
     30       4.7088E+01     1.5389E+00     5.9964E+00     C7          4

 BOND    =        0.4523  ANGLE   =        4.2230  DIHED      =       18.8665
 VDWAALS =       -2.3011  EEL     =        9.8354  HBOND      =        0.0000
 1-4 VDW =        3.5260  1-4 EEL =       12.4856  RESTRAINT  =        0.0000


   NSTEP       ENERGY          RMS            GMAX         NAME    NUMBER
     31       4.7097E+01     2.0803E+00     8.9633E+00     C7          4

 BOND    =        0.4268  ANGLE   =        4.3293  DIHED      =       18.8398
 VDWAALS =       -2.3025  EEL     =        9.7986  HBOND      =        0.0000
 1-4 VDW =        3.5064  1-4 EEL =       12.4991  RESTRAINT  =        0.0000


   NSTEP       ENERGY          RMS            GMAX         NAME    NUMBER
     32       4.7033E+01     5.4526E-01     1.4955E+00     HN5        13

 BOND    =        0.3972  ANGLE   =        4.2762  DIHED      =       18.8396
 VDWAALS =       -2.3020  EEL     =        9.8217  HBOND      =        0.0000
 1-4 VDW =        3.5104  1-4 EEL =       12.4899  RESTRAINT  =        0.0000


   NSTEP       ENERGY          RMS            GMAX         NAME    NUMBER
     33       4.7015E+01     8.4634E-01     2.7063E+00     C15        12

 BOND    =        0.4321  ANGLE   =        4.2607  DIHED      =       18.8207
 VDWAALS =       -2.3028  EEL     =        9.8186  HBOND      =        0.0000
 1-4 VDW =        3.5069  1-4 EEL =       12.4785  RESTRAINT  =        0.0000


   NSTEP       ENERGY          RMS            GMAX         NAME    NUMBER
     34       4.7013E+01     1.3118E+00     4.6322E+00     C15        12

 BOND    =        0.3982  ANGLE   =        4.3236  DIHED      =       18.7935
 VDWAALS =       -2.3027  EEL     =        9.8243  HBOND      =        0.0000
 1-4 VDW =        3.4932  1-4 EEL =       12.4830  RESTRAINT  =        0.0000


   NSTEP       ENERGY          RMS            GMAX         NAME    NUMBER
     35       4.7008E+01     1.5238E+00     4.7867E+00     C15        12

 BOND    =        0.4709  ANGLE   =        4.2711  DIHED      =       18.7919
 VDWAALS =       -2.3039  EEL     =        9.8094  HBOND      =        0.0000
 1-4 VDW =        3.4988  1-4 EEL =       12.4694  RESTRAINT  =        0.0000


   NSTEP       ENERGY          RMS            GMAX         NAME    NUMBER
     36       4.7023E+01     2.1013E+00     9.9800E+00     C7          4

 BOND    =        0.4270  ANGLE   =        4.3358  DIHED      =       18.7646
 VDWAALS =       -2.3028  EEL     =        9.8369  HBOND      =        0.0000
 1-4 VDW =        3.4862  1-4 EEL =       12.4748  RESTRAINT  =        0.0000


   NSTEP       ENERGY          RMS            GMAX         NAME    NUMBER
     37       4.6955E+01     5.3564E-01     1.4619E+00     HN5        13

 BOND    =        0.4074  ANGLE   =        4.3110  DIHED      =       18.7648
 VDWAALS =       -2.3038  EEL     =        9.8166  HBOND      =        0.0000
 1-4 VDW =        3.4875  1-4 EEL =       12.4715  RESTRAINT  =        0.0000


   NSTEP       ENERGY          RMS            GMAX         NAME    NUMBER
     38       4.6943E+01     9.7894E-01     3.2589E+00     C15        12

 BOND    =        0.4476  ANGLE   =        4.2839  DIHED      =       18.7475
 VDWAALS =       -2.3042  EEL     =        9.8219  HBOND      =        0.0000
 1-4 VDW =        3.4872  1-4 EEL =       12.4593  RESTRAINT  =        0.0000


   NSTEP       ENERGY          RMS            GMAX         NAME    NUMBER
     39       4.6945E+01     1.4205E+00     4.7015E+00     C15        12

 BOND    =        0.4126  ANGLE   =        4.3687  DIHED      =       18.7214
 VDWAALS =       -2.3047  EEL     =        9.8053  HBOND      =        0.0000
 1-4 VDW =        3.4743  1-4 EEL =       12.4678  RESTRAINT  =        0.0000


   NSTEP       ENERGY          RMS            GMAX         NAME    NUMBER
     40       4.6911E+01     4.6584E-01     1.4462E+00     HN5        13

 BOND    =        0.4140  ANGLE   =        4.3245  DIHED      =       18.7216
 VDWAALS =       -2.3045  EEL     =        9.8169  HBOND      =        0.0000
 1-4 VDW =        3.4779  1-4 EEL =       12.4605  RESTRAINT  =        0.0000


   NSTEP       ENERGY          RMS            GMAX         NAME    NUMBER
     41       4.6896E+01     6.3552E-01     1.6487E+00     O2          1

 BOND    =        0.4354  ANGLE   =        4.3180  DIHED      =       18.7057
 VDWAALS =       -2.3050  EEL     =        9.8116  HBOND      =        0.0000
 1-4 VDW =        3.4764  1-4 EEL =       12.4538  RESTRAINT  =        0.0000


   NSTEP       ENERGY          RMS            GMAX         NAME    NUMBER
     42       4.6891E+01     1.0644E+00     5.0519E+00     C7          4

 BOND    =        0.4147  ANGLE   =        4.3504  DIHED      =       18.6840
 VDWAALS =       -2.3046  EEL     =        9.8231  HBOND      =        0.0000
 1-4 VDW =        3.4698  1-4 EEL =       12.4540  RESTRAINT  =        0.0000


   NSTEP       ENERGY          RMS            GMAX         NAME    NUMBER
     43       4.6890E+01     1.3623E+00     6.4638E+00     C7          4

 BOND    =        0.4619  ANGLE   =        4.3363  DIHED      =       18.6787
 VDWAALS =       -2.3058  EEL     =        9.7988  HBOND      =        0.0000
 1-4 VDW =        3.4713  1-4 EEL =       12.4487  RESTRAINT  =        0.0000


   NSTEP       ENERGY          RMS            GMAX         NAME    NUMBER
     44       4.6896E+01     1.7619E+00     1.0468E+01     C7          4

 BOND    =        0.4441  ANGLE   =        4.3445  DIHED      =       18.6628
 VDWAALS =       -2.3044  EEL     =        9.8343  HBOND      =        0.0000
 1-4 VDW =        3.4681  1-4 EEL =       12.4464  RESTRAINT  =        0.0000


   NSTEP       ENERGY          RMS            GMAX         NAME    NUMBER
     45       4.6853E+01     4.2893E-01     1.4222E+00     HN5        13

 BOND    =        0.4208  ANGLE   =        4.3492  DIHED      =       18.6600
 VDWAALS =       -2.3053  EEL     =        9.8140  HBOND      =        0.0000
 1-4 VDW =        3.4671  1-4 EEL =       12.4470  RESTRAINT  =        0.0000


   NSTEP       ENERGY          RMS            GMAX         NAME    NUMBER
     46       4.6838E+01     6.3801E-01     1.9923E+00     O2          1

 BOND    =        0.4391  ANGLE   =        4.3481  DIHED      =       18.6423
 VDWAALS =       -2.3057  EEL     =        9.8072  HBOND      =        0.0000
 1-4 VDW =        3.4656  1-4 EEL =       12.4415  RESTRAINT  =        0.0000


   NSTEP       ENERGY          RMS            GMAX         NAME    NUMBER
     47       4.6840E+01     1.2412E+00     6.6779E+00     C7          4

 BOND    =        0.4260  ANGLE   =        4.3726  DIHED      =       18.6212
 VDWAALS =       -2.3050  EEL     =        9.8235  HBOND      =        0.0000
 1-4 VDW =        3.4612  1-4 EEL =       12.4402  RESTRAINT  =        0.0000


   NSTEP       ENERGY          RMS            GMAX         NAME    NUMBER
     48       4.6817E+01     4.2107E-01     1.4055E+00     HN5        13

 BOND    =        0.4229  ANGLE   =        4.3686  DIHED      =       18.6192
 VDWAALS =       -2.3056  EEL     =        9.8110  HBOND      =        0.0000
 1-4 VDW =        3.4613  1-4 EEL =       12.4393  RESTRAINT  =        0.0000


   NSTEP       ENERGY          RMS            GMAX         NAME    NUMBER
     49       4.6805E+01     4.7153E-01     1.4002E+00     HN5        13

 BOND    =        0.4365  ANGLE   =        4.3621  DIHED      =       18.6071
 VDWAALS =       -2.3058  EEL     =        9.8088  HBOND      =        0.0000
 1-4 VDW =        3.4612  1-4 EEL =       12.4348  RESTRAINT  =        0.0000


   NSTEP       ENERGY          RMS            GMAX         NAME    NUMBER
     50       4.6795E+01     6.3931E-01     2.1728E+00     C7          4

 BOND    =        0.4203  ANGLE   =        4.3885  DIHED      =       18.5878
 VDWAALS =       -2.3056  EEL     =        9.8120  HBOND      =        0.0000
 1-4 VDW =        3.4572  1-4 EEL =       12.4345  RESTRAINT  =        0.0000


   NSTEP       ENERGY          RMS            GMAX         NAME    NUMBER
     51       4.6790E+01     9.2389E-01     3.0911E+00     C7          4

 BOND    =        0.4556  ANGLE   =        4.3709  DIHED      =       18.5801
 VDWAALS =       -2.3061  EEL     =        9.8013  HBOND      =        0.0000
 1-4 VDW =        3.4589  1-4 EEL =       12.4291  RESTRAINT  =        0.0000


   NSTEP       ENERGY          RMS            GMAX         NAME    NUMBER
     52       6.2045E+01     3.2260E+01     1.5564E+02     C7          4

 BOND    =       12.3497  ANGLE   =        7.6861  DIHED      =       18.3170
 VDWAALS =       -2.2882  EEL     =       10.1062  HBOND      =        0.0000
 1-4 VDW =        3.4391  1-4 EEL =       12.4346  RESTRAINT  =        0.0000


   NSTEP       ENERGY          RMS            GMAX         NAME    NUMBER
     53       4.6774E+01     4.2728E-01     1.8043E+00     C7          4

 BOND    =        0.4303  ANGLE   =        4.3818  DIHED      =       18.5710
 VDWAALS =       -2.3057  EEL     =        9.8108  HBOND      =        0.0000
 1-4 VDW =        3.4569  1-4 EEL =       12.4291  RESTRAINT  =        0.0000


   NSTEP       ENERGY          RMS            GMAX         NAME    NUMBER
     54       4.6768E+01     3.9826E-01     1.3834E+00     HN5        13

 BOND    =        0.4273  ANGLE   =        4.3905  DIHED      =       18.5632
 VDWAALS =       -2.3057  EEL     =        9.8085  HBOND      =        0.0000
 1-4 VDW =        3.4557  1-4 EEL =       12.4288  RESTRAINT  =        0.0000


   NSTEP       ENERGY          RMS            GMAX         NAME    NUMBER
     55       4.6753E+01     1.0804E+00     3.3252E+00     C15        12

 BOND    =        0.4248  ANGLE   =        4.4403  DIHED      =       18.5219
 VDWAALS =       -2.3060  EEL     =        9.7962  HBOND      =        0.0000
 1-4 VDW =        3.4492  1-4 EEL =       12.4267  RESTRAINT  =        0.0000


   NSTEP       ENERGY          RMS            GMAX         NAME    NUMBER
     56       4.6711E+01     1.0439E+00     3.2313E+00     C15        12

 BOND    =        0.4269  ANGLE   =        4.4615  DIHED      =       18.4720
 VDWAALS =       -2.3058  EEL     =        9.7937  HBOND      =        0.0000
 1-4 VDW =        3.4451  1-4 EEL =       12.4180  RESTRAINT  =        0.0000


   NSTEP       ENERGY          RMS            GMAX         NAME    NUMBER
     57       4.6398E+01     7.6678E-01     2.3586E+00     C15        12

 BOND    =        0.4625  ANGLE   =        4.6965  DIHED      =       18.0186
 VDWAALS =       -2.2992  EEL     =        9.7715  HBOND      =        0.0000
 1-4 VDW =        3.4138  1-4 EEL =       12.3339  RESTRAINT  =        0.0000


   NSTEP       ENERGY          RMS            GMAX         NAME    NUMBER
     58       4.6190E+01     1.1105E+00     2.8010E+00     C15        12

 BOND    =        0.6411  ANGLE   =        5.3330  DIHED      =       17.2001
 VDWAALS =       -2.2601  EEL     =        9.7336  HBOND      =        0.0000
 1-4 VDW =        3.3869  1-4 EEL =       12.1555  RESTRAINT  =        0.0000


   NSTEP       ENERGY          RMS            GMAX         NAME    NUMBER
     59       5.3490E+01     1.8377E+01     5.4255E+01     C15        12

 BOND    =        6.6100  ANGLE   =        7.7042  DIHED      =       16.1607
 VDWAALS =       -2.1693  EEL     =        9.5896  HBOND      =        0.0000
 1-4 VDW =        3.4935  1-4 EEL =       12.1013  RESTRAINT  =        0.0000


   NSTEP       ENERGY          RMS            GMAX         NAME    NUMBER
     60       4.6155E+01     7.1798E-01     1.5814E+00     C10         7

 BOND    =        0.6429  ANGLE   =        5.3734  DIHED      =       17.1271
 VDWAALS =       -2.2562  EEL     =        9.7236  HBOND      =        0.0000
 1-4 VDW =        3.3910  1-4 EEL =       12.1535  RESTRAINT  =        0.0000


   NSTEP       ENERGY          RMS            GMAX         NAME    NUMBER
     61       4.6130E+01     5.5332E-01     1.3637E+00     H142       25

 BOND    =        0.5888  ANGLE   =        5.4158  DIHED      =       17.0929
 VDWAALS =       -2.2553  EEL     =        9.7128  HBOND      =        0.0000
 1-4 VDW =        3.3982  1-4 EEL =       12.1767  RESTRAINT  =        0.0000


   NSTEP       ENERGY          RMS            GMAX         NAME    NUMBER
     62       4.6116E+01     8.2481E-01     2.3101E+00     C10         7

 BOND    =        0.5287  ANGLE   =        5.4818  DIHED      =       17.0438
 VDWAALS =       -2.2540  EEL     =        9.6973  HBOND      =        0.0000
 1-4 VDW =        3.4085  1-4 EEL =       12.2101  RESTRAINT  =        0.0000


   NSTEP       ENERGY          RMS            GMAX         NAME    NUMBER
     63       4.6072E+01     8.1008E-01     3.1777E+00     C7          4

 BOND    =        0.4376  ANGLE   =        5.5058  DIHED      =       16.9730
 VDWAALS =       -2.2490  EEL     =        9.6839  HBOND      =        0.0000
 1-4 VDW =        3.4740  1-4 EEL =       12.2467  RESTRAINT  =        0.0000


   NSTEP       ENERGY          RMS            GMAX         NAME    NUMBER
     64       4.6071E+01     9.2506E-01     3.8451E+00     C7          4

 BOND    =        0.4275  ANGLE   =        5.5114  DIHED      =       16.9622
 VDWAALS =       -2.2482  EEL     =        9.6819  HBOND      =        0.0000
 1-4 VDW =        3.4842  1-4 EEL =       12.2523  RESTRAINT  =        0.0000


   NSTEP       ENERGY          RMS            GMAX         NAME    NUMBER
     65       4.6015E+01     9.9103E-01     2.4236E+00     N5          3

 BOND    =        0.3770  ANGLE   =        5.5120  DIHED      =       16.8816
 VDWAALS =       -2.2394  EEL     =        9.6606  HBOND      =        0.0000
 1-4 VDW =        3.5595  1-4 EEL =       12.2634  RESTRAINT  =        0.0000


   NSTEP       ENERGY          RMS            GMAX         NAME    NUMBER
     66       4.6011E+01     1.2692E+00     3.2168E+00     C14        11

 BOND    =        0.3710  ANGLE   =        5.5154  DIHED      =       16.8554
 VDWAALS =       -2.2363  EEL     =        9.6536  HBOND      =        0.0000
 1-4 VDW =        3.5848  1-4 EEL =       12.2668  RESTRAINT  =        0.0000


   NSTEP       ENERGY          RMS            GMAX         NAME    NUMBER
     67       4.5931E+01     8.0709E-01     2.9111E+00     C15        12

 BOND    =        0.3906  ANGLE   =        5.4445  DIHED      =       16.7591
 VDWAALS =       -2.2201  EEL     =        9.6514  HBOND      =        0.0000
 1-4 VDW =        3.6545  1-4 EEL =       12.2508  RESTRAINT  =        0.0000


   NSTEP       ENERGY          RMS            GMAX         NAME    NUMBER
     68       4.5922E+01     1.0084E+00     3.2458E+00     C15        12

 BOND    =        0.4138  ANGLE   =        5.4237  DIHED      =       16.7160
 VDWAALS =       -2.2121  EEL     =        9.6505  HBOND      =        0.0000
 1-4 VDW =        3.6873  1-4 EEL =       12.2429  RESTRAINT  =        0.0000


   NSTEP       ENERGY          RMS            GMAX         NAME    NUMBER
     69       4.5884E+01     9.7249E-01     3.8556E+00     N5          3

 BOND    =        0.4459  ANGLE   =        5.4387  DIHED      =       16.6133
 VDWAALS =       -2.1922  EEL     =        9.6227  HBOND      =        0.0000
 1-4 VDW =        3.7174  1-4 EEL =       12.2385  RESTRAINT  =        0.0000


   NSTEP       ENERGY          RMS            GMAX         NAME    NUMBER
     70       4.5882E+01     7.9158E-01     2.9183E+00     N5          3

 BOND    =        0.4330  ANGLE   =        5.4324  DIHED      =       16.6339
 VDWAALS =       -2.1964  EEL     =        9.6283  HBOND      =        0.0000
 1-4 VDW =        3.7111  1-4 EEL =       12.2395  RESTRAINT  =        0.0000


   NSTEP       ENERGY          RMS            GMAX         NAME    NUMBER
     71       4.5858E+01     8.4539E-01     4.1178E+00     C7          4

 BOND    =        0.4574  ANGLE   =        5.4052  DIHED      =       16.5987
 VDWAALS =       -2.1915  EEL     =        9.6002  HBOND      =        0.0000
 1-4 VDW =        3.7156  1-4 EEL =       12.2726  RESTRAINT  =        0.0000


   NSTEP       ENERGY          RMS            GMAX         NAME    NUMBER
     72       4.5858E+01     7.1801E-01     3.3697E+00     C7          4

 BOND    =        0.4511  ANGLE   =        5.4079  DIHED      =       16.6037
 VDWAALS =       -2.1922  EEL     =        9.6042  HBOND      =        0.0000
 1-4 VDW =        3.7149  1-4 EEL =       12.2680  RESTRAINT  =        0.0000


   NSTEP       ENERGY          RMS            GMAX         NAME    NUMBER
     73       4.5840E+01     6.1217E-01     2.2108E+00     C7          4

 BOND    =        0.4570  ANGLE   =        5.3925  DIHED      =       16.5597
 VDWAALS =       -2.1859  EEL     =        9.5965  HBOND      =        0.0000
 1-4 VDW =        3.7129  1-4 EEL =       12.3076  RESTRAINT  =        0.0000


   NSTEP       ENERGY          RMS            GMAX         NAME    NUMBER
     74       4.5840E+01     5.2660E-01     1.5187E+00     C7          4

 BOND    =        0.4545  ANGLE   =        5.3936  DIHED      =       16.5653
 VDWAALS =       -2.1867  EEL     =        9.5974  HBOND      =        0.0000
 1-4 VDW =        3.7131  1-4 EEL =       12.3026  RESTRAINT  =        0.0000


   NSTEP       ENERGY          RMS            GMAX         NAME    NUMBER
     75       4.5826E+01     4.1274E-01     1.1493E+00     N5          3

 BOND    =        0.4462  ANGLE   =        5.4055  DIHED      =       16.5485
 VDWAALS =       -2.1864  EEL     =        9.5857  HBOND      =        0.0000
 1-4 VDW =        3.7042  1-4 EEL =       12.3225  RESTRAINT  =        0.0000


   NSTEP       ENERGY          RMS            GMAX         NAME    NUMBER
     76       4.5823E+01     3.3335E-01     9.1155E-01     H92        17

 BOND    =        0.4488  ANGLE   =        5.4029  DIHED      =       16.5488
 VDWAALS =       -2.1866  EEL     =        9.5860  HBOND      =        0.0000
 1-4 VDW =        3.7042  1-4 EEL =       12.3188  RESTRAINT  =        0.0000


   NSTEP       ENERGY          RMS            GMAX         NAME    NUMBER
     77       4.5819E+01     2.8852E-01     8.8162E-01     H92        17

 BOND    =        0.4508  ANGLE   =        5.4014  DIHED      =       16.5491
 VDWAALS =       -2.1870  EEL     =        9.5862  HBOND      =        0.0000
 1-4 VDW =        3.7038  1-4 EEL =       12.3153  RESTRAINT  =        0.0000


   NSTEP       ENERGY          RMS            GMAX         NAME    NUMBER
     78       4.5816E+01     2.6161E-01     8.1622E-01     H92        17

 BOND    =        0.4516  ANGLE   =        5.4011  DIHED      =       16.5493
 VDWAALS =       -2.1876  EEL     =        9.5859  HBOND      =        0.0000
 1-4 VDW =        3.7026  1-4 EEL =       12.3128  RESTRAINT  =        0.0000


   NSTEP       ENERGY          RMS            GMAX         NAME    NUMBER
     79       4.5812E+01     2.4270E-01     7.4067E-01     H92        17

 BOND    =        0.4522  ANGLE   =        5.4008  DIHED      =       16.5499
 VDWAALS =       -2.1882  EEL     =        9.5850  HBOND      =        0.0000
 1-4 VDW =        3.7004  1-4 EEL =       12.3117  RESTRAINT  =        0.0000


   NSTEP       ENERGY          RMS            GMAX         NAME    NUMBER
     80       5.2231E+01     8.5264E+00     3.6718E+01     O2          1

 BOND    =        2.8133  ANGLE   =        9.7876  DIHED      =       17.1343
 VDWAALS =       -2.2483  EEL     =        9.2262  HBOND      =        0.0000
 1-4 VDW =        3.1420  1-4 EEL =       12.3760  RESTRAINT  =        0.0000


   NSTEP       ENERGY          RMS            GMAX         NAME    NUMBER
     81       4.5776E+01     4.1617E-01     1.0581E+00     O2          1

 BOND    =        0.4746  ANGLE   =        5.4156  DIHED      =       16.5650
 VDWAALS =       -2.1995  EEL     =        9.5586  HBOND      =        0.0000
 1-4 VDW =        3.6429  1-4 EEL =       12.3185  RESTRAINT  =        0.0000


   NSTEP       ENERGY          RMS            GMAX         NAME    NUMBER
     82       4.5755E+01     7.0157E-01     2.5967E+00     O2          1

 BOND    =        0.5291  ANGLE   =        5.4147  DIHED      =       16.6005
 VDWAALS =       -2.2060  EEL     =        9.4881  HBOND      =        0.0000
 1-4 VDW =        3.5224  1-4 EEL =       12.4062  RESTRAINT  =        0.0000


   NSTEP       ENERGY          RMS            GMAX         NAME    NUMBER
     83       4.5751E+01     4.8205E-01     1.7420E+00     O2          1

 BOND    =        0.5082  ANGLE   =        5.4104  DIHED      =       16.5894
 VDWAALS =       -2.2043  EEL     =        9.5090  HBOND      =        0.0000
 1-4 VDW =        3.5576  1-4 EEL =       12.3803  RESTRAINT  =        0.0000


   NSTEP       ENERGY          RMS            GMAX         NAME    NUMBER
     84       4.5800E+01     2.1497E+00     1.1378E+01     C7          4

 BOND    =        0.6625  ANGLE   =        5.2999  DIHED      =       16.6371
 VDWAALS =       -2.2058  EEL     =        9.5027  HBOND      =        0.0000
 1-4 VDW =        3.4964  1-4 EEL =       12.4076  RESTRAINT  =        0.0000


   NSTEP       ENERGY          RMS            GMAX         NAME    NUMBER
     85       4.5744E+01     4.0938E-01     1.5928E+00     C7          4

 BOND    =        0.5313  ANGLE   =        5.3798  DIHED      =       16.6012
 VDWAALS =       -2.2047  EEL     =        9.5074  HBOND      =        0.0000
 1-4 VDW =        3.5419  1-4 EEL =       12.3872  RESTRAINT  =        0.0000


   NSTEP       ENERGY          RMS            GMAX         NAME    NUMBER
     86       4.5736E+01     3.0669E-01     7.8514E-01     H91        16

 BOND    =        0.5473  ANGLE   =        5.3568  DIHED      =       16.6131
 VDWAALS =       -2.2053  EEL     =        9.5016  HBOND      =        0.0000
 1-4 VDW =        3.5377  1-4 EEL =       12.3852  RESTRAINT  =        0.0000


   NSTEP       ENERGY          RMS            GMAX         NAME    NUMBER
     87       4.5731E+01     4.4453E-01     1.2963E+00     C15        12

 BOND    =        0.5781  ANGLE   =        5.3217  DIHED      =       16.6334
 VDWAALS =       -2.2063  EEL     =        9.4920  HBOND      =        0.0000
 1-4 VDW =        3.5308  1-4 EEL =       12.3818  RESTRAINT  =        0.0000


   NSTEP       ENERGY          RMS            GMAX         NAME    NUMBER
     88       4.5723E+01     6.3331E-01     2.1035E+00     C10         7

 BOND    =        0.5539  ANGLE   =        5.3129  DIHED      =       16.6658
 VDWAALS =       -2.2091  EEL     =        9.4880  HBOND      =        0.0000
 1-4 VDW =        3.5337  1-4 EEL =       12.3782  RESTRAINT  =        0.0000


   NSTEP       ENERGY          RMS            GMAX         NAME    NUMBER
     89       4.5722E+01     4.4599E-01     1.3066E+00     C10         7

 BOND    =        0.5583  ANGLE   =        5.3141  DIHED      =       16.6570
 VDWAALS =       -2.2084  EEL     =        9.4891  HBOND      =        0.0000
 1-4 VDW =        3.5329  1-4 EEL =       12.3792  RESTRAINT  =        0.0000


   NSTEP       ENERGY          RMS            GMAX         NAME    NUMBER
     90       4.5708E+01     2.8169E-01     8.6524E-01     C9          6

 BOND    =        0.5341  ANGLE   =        5.2931  DIHED      =       16.6851
 VDWAALS =       -2.2117  EEL     =        9.4836  HBOND      =        0.0000
 1-4 VDW =        3.5454  1-4 EEL =       12.3784  RESTRAINT  =        0.0000


   NSTEP       ENERGY          RMS            GMAX         NAME    NUMBER
     91       4.5702E+01     3.2288E-01     8.5900E-01     C9          6

 BOND    =        0.5122  ANGLE   =        5.2730  DIHED      =       16.7176
 VDWAALS =       -2.2154  EEL     =        9.4773  HBOND      =        0.0000
 1-4 VDW =        3.5599  1-4 EEL =       12.3775  RESTRAINT  =        0.0000


   NSTEP       ENERGY          RMS            GMAX         NAME    NUMBER
     92       4.5703E+01     7.0874E-01     2.2092E+00     N5          3

 BOND    =        0.4562  ANGLE   =        5.2862  DIHED      =       16.7454
 VDWAALS =       -2.2185  EEL     =        9.4668  HBOND      =        0.0000
 1-4 VDW =        3.5710  1-4 EEL =       12.3957  RESTRAINT  =        0.0000


   NSTEP       ENERGY          RMS            GMAX         NAME    NUMBER
     93       4.5697E+01     3.0253E-01     8.8698E-01     N5          3

 BOND    =        0.4813  ANGLE   =        5.2777  DIHED      =       16.7311
 VDWAALS =       -2.2169  EEL     =        9.4722  HBOND      =        0.0000
 1-4 VDW =        3.5652  1-4 EEL =       12.3864  RESTRAINT  =        0.0000


   NSTEP       ENERGY          RMS            GMAX         NAME    NUMBER
     94       4.5691E+01     2.3322E-01     1.0351E+00     C7          4

 BOND    =        0.4674  ANGLE   =        5.2600  DIHED      =       16.7481
 VDWAALS =       -2.2188  EEL     =        9.4728  HBOND      =        0.0000
 1-4 VDW =        3.5709  1-4 EEL =       12.3908  RESTRAINT  =        0.0000


   NSTEP       ENERGY          RMS            GMAX         NAME    NUMBER
     95       4.5691E+01     3.0260E-01     1.5160E+00     C7          4

 BOND    =        0.4629  ANGLE   =        5.2537  DIHED      =       16.7548
 VDWAALS =       -2.2196  EEL     =        9.4731  HBOND      =        0.0000
 1-4 VDW =        3.5732  1-4 EEL =       12.3926  RESTRAINT  =        0.0000


   NSTEP       ENERGY          RMS            GMAX         NAME    NUMBER
     96       4.5688E+01     5.7654E-01     2.8721E+00     C7          4

 BOND    =        0.4762  ANGLE   =        5.2319  DIHED      =       16.7781
 VDWAALS =       -2.2223  EEL     =        9.4682  HBOND      =        0.0000
 1-4 VDW =        3.5800  1-4 EEL =       12.3763  RESTRAINT  =        0.0000


   NSTEP       ENERGY          RMS            GMAX         NAME    NUMBER
     97       4.5687E+01     3.3086E-01     1.1605E+00     C7          4

 BOND    =        0.4691  ANGLE   =        5.2399  DIHED      =       16.7690
 VDWAALS =       -2.2213  EEL     =        9.4701  HBOND      =        0.0000
 1-4 VDW =        3.5773  1-4 EEL =       12.3827  RESTRAINT  =        0.0000


   NSTEP       ENERGY          RMS            GMAX         NAME    NUMBER
     98       4.5681E+01     2.5133E-01     5.6225E-01     C12         9

 BOND    =        0.4780  ANGLE   =        5.2239  DIHED      =       16.7802
 VDWAALS =       -2.2224  EEL     =        9.4789  HBOND      =        0.0000
 1-4 VDW =        3.5797  1-4 EEL =       12.3631  RESTRAINT  =        0.0000


   NSTEP       ENERGY          RMS            GMAX         NAME    NUMBER
     99       4.5680E+01     3.5631E-01     1.0850E+00     C7          4

 BOND    =        0.4855  ANGLE   =        5.2143  DIHED      =       16.7876
 VDWAALS =       -2.2231  EEL     =        9.4848  HBOND      =        0.0000
 1-4 VDW =        3.5813  1-4 EEL =       12.3500  RESTRAINT  =        0.0000


   NSTEP       ENERGY          RMS            GMAX         NAME    NUMBER
    100       4.5675E+01     2.7471E-01     6.6852E-01     C9          6

 BOND    =        0.4930  ANGLE   =        5.2047  DIHED      =       16.8026
 VDWAALS =       -2.2256  EEL     =        9.4967  HBOND      =        0.0000
 1-4 VDW =        3.5850  1-4 EEL =       12.3182  RESTRAINT  =        0.0000


  Maximum number of minimization cycles reached.


                    FINAL RESULTS



   NSTEP       ENERGY          RMS            GMAX         NAME    NUMBER
    100       4.5675E+01     2.7471E-01     6.6852E-01     C9          6

 BOND    =        0.4930  ANGLE   =        5.2047  DIHED      =       16.8026
 VDWAALS =       -2.2256  EEL     =        9.4967  HBOND      =        0.0000
 1-4 VDW =        3.5850  1-4 EEL =       12.3182  RESTRAINT  =        0.0000

--------------------------------------------------------------------------------
   5.  TIMINGS
--------------------------------------------------------------------------------

|    Read coords time           0.00 ( 0.72% of Total)
|    Fast Water setup           0.00 ( 0.02% of Total)
|                Build the list             0.00 (90.10% of List )
|                Other                      0.00 ( 9.90% of List )
|             List time                  0.00 ( 6.94% of Nonbo)
|                   Short_ene time             0.01 (98.22% of Direc)
|                   Other                      0.00 ( 1.78% of Direc)
|                Direct Ewald time          0.01 (88.67% of Ewald)
|                Force Adjust               0.00 ( 0.27% of Ewald)
|                Virial junk                0.00 ( 0.48% of Ewald)
|                Start synchronizatio       0.00 ( 0.45% of Ewald)
|                Other                      0.00 (10.13% of Ewald)
|             Ewald time                 0.01 (91.91% of Nonbo)
|             IPS excludes               0.00 ( 0.18% of Nonbo)
|             Other                      0.00 ( 0.97% of Nonbo)
|          Nonbond force              0.01 (58.09% of Force)
|          Bond/Angle/Dihedral        0.01 (40.60% of Force)
|          Other                      0.00 ( 1.31% of Force)
|       Force time                 0.01 (100.0% of Runmd)
|    Runmd Time                 0.01 (48.54% of Total)
|    Other                      0.01 (50.71% of Total)
| Total time                 0.03 (99.78% of ALL  )

| Number of list builds   :          1

| Highest rstack allocated:        100
| Highest istack allocated:         20
|           Job began  at 14:48:56.912  on 05/22/2015
|           Setup done at 14:48:56.915  on 05/22/2015
|           Run   done at 14:48:56.938  on 05/22/2015
|     wallclock() was called    2335 times
