
          -------------------------------------------------------
          Amber 14 SANDER                              2014
          -------------------------------------------------------

| Run on 12/05/2014 at 21:46:06

|   Executable path: sander
| Working directory: /net/casegroup2/u2/pjanowsk/Phenix/AmberLibrary/n
|          Hostname: krakow

  [-O]verwriting output

File Assignments:
|  MDIN: sander.in                                                             
| MDOUT: NAS.min_igb.out                                                       
|INPCRD: NAS.rst7                                                              
|  PARM: NAS.prmtop                                                            
|RESTRT: NAS.min_igb.rst7                                                      
|  REFC: refc                                                                  
| MDVEL: mdvel                                                                 
| MDFRC: mdfrc                                                                 
|  MDEN: mden                                                                  
| MDCRD: mdcrd                                                                 
|MDINFO: mdinfo                                                                
|  MTMD: mtmd                                                                  
|INPDIP: inpdip                                                                
|RSTDIP: rstdip                                                                
|INPTRA: inptraj                                                               


 Here is the input file:

  short minimization                                                           
 &cntrl                                                                        
   imin=1, maxcyc=100, ncyc=50, ntpr=1, cut=99., ntb=0, igb=2                  
 /                                                                             

--------------------------------------------------------------------------------
   1.  RESOURCE   USE: 
--------------------------------------------------------------------------------

| Flags:                                                                        
| New format PARM file being parsed.
| Version =    1.000 Date = 12/05/14 Time = 21:46:06
 NATOM  =      21 NTYPES =       4 NBONH =       7 MBONA  =      15
 NTHETH =      14 MTHETA =      22 NPHIH =      31 MPHIA  =      29
 NHPARM =       0 NPARM  =       0 NNB   =     105 NRES   =       1
 NBONA  =      15 NTHETA =      22 NPHIA =      29 NUMBND =       4
 NUMANG =       5 NPTRA  =       3 NATYP =       4 NPHB   =       0
 IFBOX  =       0 NMXRS  =      21 IFCAP =       0 NEXTRA =       0
 NCOPY  =       0

 Implicit solvent radii are H(N)-modified Bondi radii (mbondi2)                                             

|     Memory Use     Allocated
|     Real                4767
|     Hollerith             66
|     Integer            20997
|     Max Pairs              1
|     nblistReal             0
|     nblist Int             0
|       Total              119 kbytes

| Note: 1-4 EEL scale factors are being read from the topology file.

| Note: 1-4 VDW scale factors are being read from the topology file.
| Duplicated    0 dihedrals
| Duplicated    0 dihedrals

--------------------------------------------------------------------------------
   2.  CONTROL  DATA  FOR  THE  RUN
--------------------------------------------------------------------------------

NAS                                                                             

General flags:
     imin    =       1, nmropt  =       0

Nature and format of input:
     ntx     =       1, irest   =       0, ntrx    =       1

Nature and format of output:
     ntxo    =       1, ntpr    =       1, ntrx    =       1, ntwr    =     500
     iwrap   =       0, ntwx    =       0, ntwv    =       0, ntwe    =       0
     ioutfm  =       0, ntwprt  =       0, idecomp =       0, rbornstat=      0

Potential function:
     ntf     =       1, ntb     =       0, igb     =       2, nsnb    =      25
     ipol    =       0, gbsa    =       0, iesp    =       0
     dielc   =   1.00000, cut     =  99.00000, intdiel =   1.00000
     saltcon =   0.00000, offset  =   0.09000, gbalpha=    0.80000
     gbbeta  =   0.00000, gbgamma =   2.90912, surften =   0.00500
     rdt     =   0.00000, rgbmax  =  25.00000  extdiel =  78.50000
     alpb  =        0

Frozen or restrained atoms:
     ibelly  =       0, ntr     =       0

Energy minimization:
     maxcyc  =     100, ncyc    =      50, ntmin   =       1
     dx0     =   0.01000, drms    =   0.00010
|  INFO: Old style inpcrd file read


--------------------------------------------------------------------------------
   3.  ATOMIC COORDINATES AND VELOCITIES
--------------------------------------------------------------------------------

NAS                                                                             
 begin time read from input coords =     0.000 ps

 Number of triangulated 3-point waters found:        0

--------------------------------------------------------------------------------
   4.  RESULTS
--------------------------------------------------------------------------------



   NSTEP       ENERGY          RMS            GMAX         NAME    NUMBER
      1      -5.1267E+01     1.7990E+01     4.3348E+01     C1          5

 BOND    =        5.3751  ANGLE   =        3.0022  DIHED      =        7.7937
 VDWAALS =       -1.1169  EEL     =      -32.9170  EGB        =      -70.5617
 1-4 VDW =        7.3668  1-4 EEL =       29.7910  RESTRAINT  =        0.0000


   NSTEP       ENERGY          RMS            GMAX         NAME    NUMBER
      2      -5.2800E+01     1.4261E+01     3.3451E+01     C1          5

 BOND    =        4.1245  ANGLE   =        2.8526  DIHED      =        7.7860
 VDWAALS =       -1.1184  EEL     =      -32.9230  EGB        =      -70.6644
 1-4 VDW =        7.3447  1-4 EEL =       29.7978  RESTRAINT  =        0.0000


   NSTEP       ENERGY          RMS            GMAX         NAME    NUMBER
      3      -5.4186E+01     1.0118E+01     2.5738E+01     O1S         2

 BOND    =        3.0261  ANGLE   =        2.7314  DIHED      =        7.7764
 VDWAALS =       -1.1207  EEL     =      -32.9261  EGB        =      -70.8024
 1-4 VDW =        7.3258  1-4 EEL =       29.8034  RESTRAINT  =        0.0000


   NSTEP       ENERGY          RMS            GMAX         NAME    NUMBER
      4      -5.5266E+01     6.0077E+00     1.9844E+01     O1S         2

 BOND    =        2.2240  ANGLE   =        2.6603  DIHED      =        7.7643
 VDWAALS =       -1.1246  EEL     =      -32.9204  EGB        =      -70.9947
 1-4 VDW =        7.3210  1-4 EEL =       29.8038  RESTRAINT  =        0.0000


   NSTEP       ENERGY          RMS            GMAX         NAME    NUMBER
      5      -5.5955E+01     3.2910E+00     1.1065E+01     O1S         2

 BOND    =        1.7913  ANGLE   =        2.6377  DIHED      =        7.7490
 VDWAALS =       -1.1326  EEL     =      -32.8871  EGB        =      -71.2632
 1-4 VDW =        7.3665  1-4 EEL =       29.7834  RESTRAINT  =        0.0000


   NSTEP       ENERGY          RMS            GMAX         NAME    NUMBER
      6      -5.6369E+01     2.1775E+00     4.1982E+00     S           1

 BOND    =        1.5671  ANGLE   =        2.4956  DIHED      =        7.7324
 VDWAALS =       -1.1492  EEL     =      -32.7868  EGB        =      -71.4712
 1-4 VDW =        7.5443  1-4 EEL =       29.6986  RESTRAINT  =        0.0000


   NSTEP       ENERGY          RMS            GMAX         NAME    NUMBER
      7      -5.6291E+01     5.8841E+00     1.6450E+01     C6         10

 BOND    =        1.7802  ANGLE   =        2.1923  DIHED      =        7.7004
 VDWAALS =       -1.1760  EEL     =      -32.6886  EGB        =      -71.2998
 1-4 VDW =        7.6140  1-4 EEL =       29.5861  RESTRAINT  =        0.0000


   NSTEP       ENERGY          RMS            GMAX         NAME    NUMBER
      8      -5.6651E+01     1.1443E+00     3.1721E+00     H3         15

 BOND    =        1.3460  ANGLE   =        2.2414  DIHED      =        7.7037
 VDWAALS =       -1.1807  EEL     =      -32.6489  EGB        =      -71.3452
 1-4 VDW =        7.6612  1-4 EEL =       29.5715  RESTRAINT  =        0.0000


   NSTEP       ENERGY          RMS            GMAX         NAME    NUMBER
      9      -5.6697E+01     2.6320E+00     8.1372E+00     C9         13

 BOND    =        1.2358  ANGLE   =        2.2136  DIHED      =        7.6900
 VDWAALS =       -1.2069  EEL     =      -32.5162  EGB        =      -71.4346
 1-4 VDW =        7.8209  1-4 EEL =       29.5002  RESTRAINT  =        0.0000


   NSTEP       ENERGY          RMS            GMAX         NAME    NUMBER
     10      -5.6444E+01     6.1748E+00     1.9401E+01     C10        14

 BOND    =        1.3539  ANGLE   =        2.3792  DIHED      =        7.6826
 VDWAALS =       -1.2143  EEL     =      -32.4759  EGB        =      -71.3523
 1-4 VDW =        7.7201  1-4 EEL =       29.4624  RESTRAINT  =        0.0000


   NSTEP       ENERGY          RMS            GMAX         NAME    NUMBER
     11      -5.6775E+01     1.6746E+00     5.2321E+00     C10        14

 BOND    =        1.1384  ANGLE   =        2.2126  DIHED      =        7.6827
 VDWAALS =       -1.2159  EEL     =      -32.4723  EGB        =      -71.3522
 1-4 VDW =        7.7722  1-4 EEL =       29.4593  RESTRAINT  =        0.0000


   NSTEP       ENERGY          RMS            GMAX         NAME    NUMBER
     12      -5.6707E+01     3.5444E+00     1.1048E+01     C9         13

 BOND    =        1.2062  ANGLE   =        2.1406  DIHED      =        7.6811
 VDWAALS =       -1.2226  EEL     =      -32.4397  EGB        =      -71.3801
 1-4 VDW =        7.8655  1-4 EEL =       29.4415  RESTRAINT  =        0.0000


   NSTEP       ENERGY          RMS            GMAX         NAME    NUMBER
     13      -5.6820E+01     9.5226E-01     2.5419E+00     C9         13

 BOND    =        1.0923  ANGLE   =        2.1707  DIHED      =        7.6797
 VDWAALS =       -1.2238  EEL     =      -32.4304  EGB        =      -71.3835
 1-4 VDW =        7.8392  1-4 EEL =       29.4362  RESTRAINT  =        0.0000


   NSTEP       ENERGY          RMS            GMAX         NAME    NUMBER
     14      -5.6811E+01     1.9296E+00     6.1227E+00     C10        14

 BOND    =        1.0785  ANGLE   =        2.2069  DIHED      =        7.6752
 VDWAALS =       -1.2291  EEL     =      -32.4010  EGB        =      -71.3773
 1-4 VDW =        7.8196  1-4 EEL =       29.4163  RESTRAINT  =        0.0000


   NSTEP       ENERGY          RMS            GMAX         NAME    NUMBER
     15      -5.6847E+01     5.6695E-01     1.5893E+00     O3S         4

 BOND    =        1.0574  ANGLE   =        2.1685  DIHED      =        7.6752
 VDWAALS =       -1.2302  EEL     =      -32.3964  EGB        =      -71.3751
 1-4 VDW =        7.8411  1-4 EEL =       29.4130  RESTRAINT  =        0.0000


   NSTEP       ENERGY          RMS            GMAX         NAME    NUMBER
     16      -5.6857E+01     8.0824E-01     2.1317E+00     C9         13

 BOND    =        1.0380  ANGLE   =        2.1473  DIHED      =        7.6738
 VDWAALS =       -1.2346  EEL     =      -32.3730  EGB        =      -71.3789
 1-4 VDW =        7.8714  1-4 EEL =       29.3989  RESTRAINT  =        0.0000


   NSTEP       ENERGY          RMS            GMAX         NAME    NUMBER
     17      -5.6857E+01     1.3052E+00     4.1013E+00     C10        14

 BOND    =        1.0289  ANGLE   =        2.1721  DIHED      =        7.6707
 VDWAALS =       -1.2376  EEL     =      -32.3563  EGB        =      -71.3800
 1-4 VDW =        7.8569  1-4 EEL =       29.3883  RESTRAINT  =        0.0000


   NSTEP       ENERGY          RMS            GMAX         NAME    NUMBER
     18      -5.6874E+01     4.2752E-01     1.3929E+00     O3S         4

 BOND    =        1.0170  ANGLE   =        2.1484  DIHED      =        7.6709
 VDWAALS =       -1.2384  EEL     =      -32.3528  EGB        =      -71.3773
 1-4 VDW =        7.8724  1-4 EEL =       29.3858  RESTRAINT  =        0.0000


   NSTEP       ENERGY          RMS            GMAX         NAME    NUMBER
     19      -5.6883E+01     4.8489E-01     1.1790E+00     O3S         4

 BOND    =        1.0005  ANGLE   =        2.1363  DIHED      =        7.6700
 VDWAALS =       -1.2413  EEL     =      -32.3374  EGB        =      -71.3771
 1-4 VDW =        7.8897  1-4 EEL =       29.3765  RESTRAINT  =        0.0000


   NSTEP       ENERGY          RMS            GMAX         NAME    NUMBER
     20      -5.6887E+01     7.7886E-01     2.1507E+00     C10        14

 BOND    =        0.9950  ANGLE   =        2.1409  DIHED      =        7.6674
 VDWAALS =       -1.2438  EEL     =      -32.3247  EGB        =      -71.3765
 1-4 VDW =        7.8860  1-4 EEL =       29.3685  RESTRAINT  =        0.0000


   NSTEP       ENERGY          RMS            GMAX         NAME    NUMBER
     21      -5.6887E+01     1.0585E+00     3.0736E+00     C9         13

 BOND    =        0.9869  ANGLE   =        2.1148  DIHED      =        7.6683
 VDWAALS =       -1.2454  EEL     =      -32.3163  EGB        =      -71.3730
 1-4 VDW =        7.9139  1-4 EEL =       29.3635  RESTRAINT  =        0.0000


   NSTEP       ENERGY          RMS            GMAX         NAME    NUMBER
     22      -5.6887E+01     1.2550E+00     3.9602E+00     C10        14

 BOND    =        0.9839  ANGLE   =        2.1425  DIHED      =        7.6659
 VDWAALS =       -1.2466  EEL     =      -32.3098  EGB        =      -71.3761
 1-4 VDW =        7.8931  1-4 EEL =       29.3599  RESTRAINT  =        0.0000


   NSTEP       ENERGY          RMS            GMAX         NAME    NUMBER
     23      -5.6903E+01     3.1499E-01     1.0955E+00     O3S         4

 BOND    =        0.9707  ANGLE   =        2.1212  DIHED      =        7.6663
 VDWAALS =       -1.2470  EEL     =      -32.3081  EGB        =      -71.3727
 1-4 VDW =        7.9079  1-4 EEL =       29.3586  RESTRAINT  =        0.0000


   NSTEP       ENERGY          RMS            GMAX         NAME    NUMBER
     24      -5.6909E+01     4.4102E-01     8.9703E-01     C2          6

 BOND    =        0.9544  ANGLE   =        2.1129  DIHED      =        7.6659
 VDWAALS =       -1.2491  EEL     =      -32.2970  EGB        =      -71.3705
 1-4 VDW =        7.9218  1-4 EEL =       29.3524  RESTRAINT  =        0.0000


   NSTEP       ENERGY          RMS            GMAX         NAME    NUMBER
     25      -5.6907E+01     9.2455E-01     2.5076E+00     C6         10

 BOND    =        0.9634  ANGLE   =        2.1072  DIHED      =        7.6634
 VDWAALS =       -1.2505  EEL     =      -32.2925  EGB        =      -71.3663
 1-4 VDW =        7.9190  1-4 EEL =       29.3491  RESTRAINT  =        0.0000


   NSTEP       ENERGY          RMS            GMAX         NAME    NUMBER
     26      -5.6916E+01     2.7867E-01     9.3793E-01     O3S         4

 BOND    =        0.9465  ANGLE   =        2.1057  DIHED      =        7.6643
 VDWAALS =       -1.2508  EEL     =      -32.2899  EGB        =      -71.3666
 1-4 VDW =        7.9262  1-4 EEL =       29.3482  RESTRAINT  =        0.0000


   NSTEP       ENERGY          RMS            GMAX         NAME    NUMBER
     27      -5.6919E+01     3.9660E-01     7.9209E-01     C2          6

 BOND    =        0.9353  ANGLE   =        2.0987  DIHED      =        7.6645
 VDWAALS =       -1.2518  EEL     =      -32.2847  EGB        =      -71.3641
 1-4 VDW =        7.9371  1-4 EEL =       29.3457  RESTRAINT  =        0.0000


   NSTEP       ENERGY          RMS            GMAX         NAME    NUMBER
     28      -5.6920E+01     6.2834E-01     1.5340E+00     C6         10

 BOND    =        0.9393  ANGLE   =        2.0974  DIHED      =        7.6627
 VDWAALS =       -1.2525  EEL     =      -32.2830  EGB        =      -71.3610
 1-4 VDW =        7.9331  1-4 EEL =       29.3444  RESTRAINT  =        0.0000


   NSTEP       ENERGY          RMS            GMAX         NAME    NUMBER
     29      -5.6921E+01     6.9894E-01     1.4809E+00     C6         10

 BOND    =        0.9258  ANGLE   =        2.0904  DIHED      =        7.6643
 VDWAALS =       -1.2530  EEL     =      -32.2794  EGB        =      -71.3599
 1-4 VDW =        7.9480  1-4 EEL =       29.3433  RESTRAINT  =        0.0000


   NSTEP       ENERGY          RMS            GMAX         NAME    NUMBER
     30      -5.6919E+01     8.9420E-01     2.3499E+00     C6         10

 BOND    =        0.9366  ANGLE   =        2.0918  DIHED      =        7.6620
 VDWAALS =       -1.2534  EEL     =      -32.2801  EGB        =      -71.3569
 1-4 VDW =        7.9377  1-4 EEL =       29.3430  RESTRAINT  =        0.0000


   NSTEP       ENERGY          RMS            GMAX         NAME    NUMBER
     31      -5.6928E+01     2.0664E-01     7.3812E-01     O3S         4

 BOND    =        0.9213  ANGLE   =        2.0879  DIHED      =        7.6629
 VDWAALS =       -1.2536  EEL     =      -32.2784  EGB        =      -71.3566
 1-4 VDW =        7.9458  1-4 EEL =       29.3425  RESTRAINT  =        0.0000


   NSTEP       ENERGY          RMS            GMAX         NAME    NUMBER
     32      -5.6930E+01     3.6056E-01     7.3962E-01     C2          6

 BOND    =        0.9111  ANGLE   =        2.0802  DIHED      =        7.6632
 VDWAALS =       -1.2543  EEL     =      -32.2754  EGB        =      -71.3526
 1-4 VDW =        7.9560  1-4 EEL =       29.3416  RESTRAINT  =        0.0000


   NSTEP       ENERGY          RMS            GMAX         NAME    NUMBER
     33      -5.6928E+01     7.1563E-01     1.6269E+00     C6         10

 BOND    =        0.9174  ANGLE   =        2.0803  DIHED      =        7.6616
 VDWAALS =       -1.2546  EEL     =      -32.2757  EGB        =      -71.3492
 1-4 VDW =        7.9506  1-4 EEL =       29.3416  RESTRAINT  =        0.0000


   NSTEP       ENERGY          RMS            GMAX         NAME    NUMBER
     34      -5.6933E+01     2.0773E-01     6.4454E-01     O3S         4

 BOND    =        0.9074  ANGLE   =        2.0770  DIHED      =        7.6623
 VDWAALS =       -1.2547  EEL     =      -32.2749  EGB        =      -71.3487
 1-4 VDW =        7.9566  1-4 EEL =       29.3415  RESTRAINT  =        0.0000


   NSTEP       ENERGY          RMS            GMAX         NAME    NUMBER
     35      -5.6934E+01     3.4760E-01     7.2984E-01     C2          6

 BOND    =        0.9002  ANGLE   =        2.0715  DIHED      =        7.6629
 VDWAALS =       -1.2551  EEL     =      -32.2738  EGB        =      -71.3461
 1-4 VDW =        7.9645  1-4 EEL =       29.3415  RESTRAINT  =        0.0000


   NSTEP       ENERGY          RMS            GMAX         NAME    NUMBER
     36      -5.6934E+01     4.5720E-01     1.0828E+00     S           1

 BOND    =        0.9034  ANGLE   =        2.0718  DIHED      =        7.6617
 VDWAALS =       -1.2552  EEL     =      -32.2745  EGB        =      -71.3436
 1-4 VDW =        7.9602  1-4 EEL =       29.3418  RESTRAINT  =        0.0000


   NSTEP       ENERGY          RMS            GMAX         NAME    NUMBER
     37      -5.6934E+01     5.3030E-01     1.1040E+00     C2          6

 BOND    =        0.8947  ANGLE   =        2.0661  DIHED      =        7.6630
 VDWAALS =       -1.2554  EEL     =      -32.2733  EGB        =      -71.3423
 1-4 VDW =        7.9707  1-4 EEL =       29.3419  RESTRAINT  =        0.0000


   NSTEP       ENERGY          RMS            GMAX         NAME    NUMBER
     38      -5.6934E+01     6.5922E-01     1.6065E+00     C6         10

 BOND    =        0.9017  ANGLE   =        2.0681  DIHED      =        7.6615
 VDWAALS =       -1.2554  EEL     =      -32.2748  EGB        =      -71.3397
 1-4 VDW =        7.9627  1-4 EEL =       29.3424  RESTRAINT  =        0.0000


   NSTEP       ENERGY          RMS            GMAX         NAME    NUMBER
     39      -5.6938E+01     1.4031E-01     5.0314E-01     O3S         4

 BOND    =        0.8924  ANGLE   =        2.0649  DIHED      =        7.6622
 VDWAALS =       -1.2555  EEL     =      -32.2741  EGB        =      -71.3393
 1-4 VDW =        7.9686  1-4 EEL =       29.3424  RESTRAINT  =        0.0000


   NSTEP       ENERGY          RMS            GMAX         NAME    NUMBER
     40      -5.6940E+01     2.6825E-01     6.0649E-01     S           1

 BOND    =        0.8853  ANGLE   =        2.0591  DIHED      =        7.6626
 VDWAALS =       -1.2557  EEL     =      -32.2741  EGB        =      -71.3354
 1-4 VDW =        7.9756  1-4 EEL =       29.3432  RESTRAINT  =        0.0000


   NSTEP       ENERGY          RMS            GMAX         NAME    NUMBER
     41      -5.6938E+01     5.4074E-01     1.4854E+00     S           1

 BOND    =        0.8895  ANGLE   =        2.0591  DIHED      =        7.6614
 VDWAALS =       -1.2558  EEL     =      -32.2754  EGB        =      -71.3324
 1-4 VDW =        7.9717  1-4 EEL =       29.3439  RESTRAINT  =        0.0000


   NSTEP       ENERGY          RMS            GMAX         NAME    NUMBER
     42      -5.6941E+01     1.5441E-01     4.4485E-01     O3S         4

 BOND    =        0.8832  ANGLE   =        2.0569  DIHED      =        7.6621
 VDWAALS =       -1.2558  EEL     =      -32.2750  EGB        =      -71.3322
 1-4 VDW =        7.9757  1-4 EEL =       29.3440  RESTRAINT  =        0.0000


   NSTEP       ENERGY          RMS            GMAX         NAME    NUMBER
     43      -5.6941E+01     2.7519E-01     6.8249E-01     S           1

 BOND    =        0.8784  ANGLE   =        2.0530  DIHED      =        7.6627
 VDWAALS =       -1.2559  EEL     =      -32.2753  EGB        =      -71.3300
 1-4 VDW =        7.9811  1-4 EEL =       29.3447  RESTRAINT  =        0.0000


   NSTEP       ENERGY          RMS            GMAX         NAME    NUMBER
     44      -5.6941E+01     3.3049E-01     9.3642E-01     S           1

 BOND    =        0.8805  ANGLE   =        2.0533  DIHED      =        7.6618
 VDWAALS =       -1.2559  EEL     =      -32.2762  EGB        =      -71.3280
 1-4 VDW =        7.9779  1-4 EEL =       29.3452  RESTRAINT  =        0.0000


   NSTEP       ENERGY          RMS            GMAX         NAME    NUMBER
     45      -5.6941E+01     4.0245E-01     9.0153E-01     S           1

 BOND    =        0.8747  ANGLE   =        2.0493  DIHED      =        7.6629
 VDWAALS =       -1.2559  EEL     =      -32.2759  EGB        =      -71.3271
 1-4 VDW =        7.9851  1-4 EEL =       29.3457  RESTRAINT  =        0.0000


   NSTEP       ENERGY          RMS            GMAX         NAME    NUMBER
     46      -5.6943E+01     9.8093E-02     3.2630E-01     O3S         4

 BOND    =        0.8748  ANGLE   =        2.0498  DIHED      =        7.6624
 VDWAALS =       -1.2559  EEL     =      -32.2765  EGB        =      -71.3262
 1-4 VDW =        7.9826  1-4 EEL =       29.3459  RESTRAINT  =        0.0000


   NSTEP       ENERGY          RMS            GMAX         NAME    NUMBER
     47      -5.6944E+01     1.4093E-01     4.8606E-01     S           1

 BOND    =        0.8723  ANGLE   =        2.0473  DIHED      =        7.6621
 VDWAALS =       -1.2559  EEL     =      -32.2775  EGB        =      -71.3232
 1-4 VDW =        7.9842  1-4 EEL =       29.3469  RESTRAINT  =        0.0000


   NSTEP       ENERGY          RMS            GMAX         NAME    NUMBER
     48      -5.6944E+01     3.1586E-01     1.0344E+00     S           1

 BOND    =        0.8682  ANGLE   =        2.0433  DIHED      =        7.6629
 VDWAALS =       -1.2559  EEL     =      -32.2782  EGB        =      -71.3212
 1-4 VDW =        7.9894  1-4 EEL =       29.3478  RESTRAINT  =        0.0000


   NSTEP       ENERGY          RMS            GMAX         NAME    NUMBER
     49      -5.6945E+01     9.4682E-02     2.6130E-01     O3S         4

 BOND    =        0.8682  ANGLE   =        2.0438  DIHED      =        7.6625
 VDWAALS =       -1.2559  EEL     =      -32.2785  EGB        =      -71.3205
 1-4 VDW =        7.9878  1-4 EEL =       29.3479  RESTRAINT  =        0.0000


   NSTEP       ENERGY          RMS            GMAX         NAME    NUMBER
     50      -5.6945E+01     1.4056E-01     5.3289E-01     S           1

 BOND    =        0.8671  ANGLE   =        2.0425  DIHED      =        7.6622
 VDWAALS =       -1.2559  EEL     =      -32.2793  EGB        =      -71.3185
 1-4 VDW =        7.9882  1-4 EEL =       29.3486  RESTRAINT  =        0.0000


   NSTEP       ENERGY          RMS            GMAX         NAME    NUMBER
     51      -5.6945E+01     2.1239E-01     7.0355E-01     S           1

 BOND    =        0.8641  ANGLE   =        2.0399  DIHED      =        7.6629
 VDWAALS =       -1.2559  EEL     =      -32.2798  EGB        =      -71.3173
 1-4 VDW =        7.9918  1-4 EEL =       29.3493  RESTRAINT  =        0.0000


   NSTEP       ENERGY          RMS            GMAX         NAME    NUMBER
     52       3.9801E+02     2.0661E+02     8.1419E+02     S           1

 BOND    =      430.3209  ANGLE   =       30.1747  DIHED      =        7.8208
 VDWAALS =       -1.2139  EEL     =      -32.5435  EGB        =      -74.0457
 1-4 VDW =        7.9466  1-4 EEL =       29.5462  RESTRAINT  =        0.0000


   NSTEP       ENERGY          RMS            GMAX         NAME    NUMBER
     53      -5.6946E+01     7.5262E-02     2.5635E-01     O3S         4

 BOND    =        0.8643  ANGLE   =        2.0401  DIHED      =        7.6625
 VDWAALS =       -1.2559  EEL     =      -32.2801  EGB        =      -71.3165
 1-4 VDW =        7.9906  1-4 EEL =       29.3495  RESTRAINT  =        0.0000


   NSTEP       ENERGY          RMS            GMAX         NAME    NUMBER
     54      -5.6946E+01     7.3541E-02     2.5353E-01     O3S         4

 BOND    =        0.8636  ANGLE   =        2.0395  DIHED      =        7.6625
 VDWAALS =       -1.2559  EEL     =      -32.2804  EGB        =      -71.3159
 1-4 VDW =        7.9912  1-4 EEL =       29.3498  RESTRAINT  =        0.0000


   NSTEP       ENERGY          RMS            GMAX         NAME    NUMBER
     55      -5.6947E+01     9.1000E-02     3.6072E-01     S           1

 BOND    =        0.8570  ANGLE   =        2.0336  DIHED      =        7.6626
 VDWAALS =       -1.2558  EEL     =      -32.2829  EGB        =      -71.3099
 1-4 VDW =        7.9964  1-4 EEL =       29.3522  RESTRAINT  =        0.0000


   NSTEP       ENERGY          RMS            GMAX         NAME    NUMBER
     56      -5.6948E+01     2.6221E-01     9.5905E-01     S           1

 BOND    =        0.8391  ANGLE   =        2.0173  DIHED      =        7.6632
 VDWAALS =       -1.2554  EEL     =      -32.2899  EGB        =      -71.2929
 1-4 VDW =        8.0113  1-4 EEL =       29.3593  RESTRAINT  =        0.0000


   NSTEP       ENERGY          RMS            GMAX         NAME    NUMBER
     57      -5.6947E+01     3.9887E-01     1.4633E+00     S           1

 BOND    =        0.8173  ANGLE   =        1.9952  DIHED      =        7.6665
 VDWAALS =       -1.2549  EEL     =      -32.3027  EGB        =      -71.2684
 1-4 VDW =        8.0297  1-4 EEL =       29.3705  RESTRAINT  =        0.0000


   NSTEP       ENERGY          RMS            GMAX         NAME    NUMBER
     58      -5.6949E+01     3.2387E-02     9.1797E-02     H5         17

 BOND    =        0.8292  ANGLE   =        2.0080  DIHED      =        7.6644
 VDWAALS =       -1.2552  EEL     =      -32.2951  EGB        =      -71.2830
 1-4 VDW =        8.0186  1-4 EEL =       29.3638  RESTRAINT  =        0.0000


   NSTEP       ENERGY          RMS            GMAX         NAME    NUMBER
     59      -5.6949E+01     3.0486E-02     9.5293E-02     H5         17

 BOND    =        0.8290  ANGLE   =        2.0080  DIHED      =        7.6644
 VDWAALS =       -1.2552  EEL     =      -32.2953  EGB        =      -71.2829
 1-4 VDW =        8.0187  1-4 EEL =       29.3640  RESTRAINT  =        0.0000


   NSTEP       ENERGY          RMS            GMAX         NAME    NUMBER
     60      -5.6949E+01     8.9091E-02     2.0498E-01     C1          5

 BOND    =        0.8278  ANGLE   =        2.0077  DIHED      =        7.6647
 VDWAALS =       -1.2549  EEL     =      -32.2969  EGB        =      -71.2818
 1-4 VDW =        8.0191  1-4 EEL =       29.3651  RESTRAINT  =        0.0000


   NSTEP       ENERGY          RMS            GMAX         NAME    NUMBER
     61      -5.6950E+01     7.3970E-02     1.6387E-01     C1          5

 BOND    =        0.8284  ANGLE   =        2.0075  DIHED      =        7.6646
 VDWAALS =       -1.2546  EEL     =      -32.2990  EGB        =      -71.2811
 1-4 VDW =        8.0182  1-4 EEL =       29.3666  RESTRAINT  =        0.0000


   NSTEP       ENERGY          RMS            GMAX         NAME    NUMBER
     62      -5.6950E+01     7.3900E-02     2.6091E-01     C4          8

 BOND    =        0.8312  ANGLE   =        2.0070  DIHED      =        7.6641
 VDWAALS =       -1.2532  EEL     =      -32.3083  EGB        =      -71.2780
 1-4 VDW =        8.0140  1-4 EEL =       29.3732  RESTRAINT  =        0.0000


   NSTEP       ENERGY          RMS            GMAX         NAME    NUMBER
     63      -5.6948E+01     4.7412E-01     1.6122E+00     C4          8

 BOND    =        0.8433  ANGLE   =        2.0129  DIHED      =        7.6655
 VDWAALS =       -1.2524  EEL     =      -32.3139  EGB        =      -71.2847
 1-4 VDW =        8.0033  1-4 EEL =       29.3783  RESTRAINT  =        0.0000


   NSTEP       ENERGY          RMS            GMAX         NAME    NUMBER
     64      -5.6950E+01     2.4208E-02     6.4551E-02     H3         15

 BOND    =        0.8327  ANGLE   =        2.0077  DIHED      =        7.6643
 VDWAALS =       -1.2531  EEL     =      -32.3091  EGB        =      -71.2790
 1-4 VDW =        8.0125  1-4 EEL =       29.3740  RESTRAINT  =        0.0000


   NSTEP       ENERGY          RMS            GMAX         NAME    NUMBER
     65      -5.6950E+01     2.0843E-02     6.2502E-02     H3         15

 BOND    =        0.8331  ANGLE   =        2.0080  DIHED      =        7.6643
 VDWAALS =       -1.2532  EEL     =      -32.3087  EGB        =      -71.2798
 1-4 VDW =        8.0125  1-4 EEL =       29.3737  RESTRAINT  =        0.0000


   NSTEP       ENERGY          RMS            GMAX         NAME    NUMBER
     66      -5.6950E+01     4.0697E-02     1.3328E-01     C9         13

 BOND    =        0.8343  ANGLE   =        2.0089  DIHED      =        7.6644
 VDWAALS =       -1.2533  EEL     =      -32.3073  EGB        =      -71.2822
 1-4 VDW =        8.0124  1-4 EEL =       29.3728  RESTRAINT  =        0.0000


   NSTEP       ENERGY          RMS            GMAX         NAME    NUMBER
     67      -5.6950E+01     3.0848E-02     8.4952E-02     S           1

 BOND    =        0.8353  ANGLE   =        2.0101  DIHED      =        7.6643
 VDWAALS =       -1.2537  EEL     =      -32.3048  EGB        =      -71.2850
 1-4 VDW =        8.0125  1-4 EEL =       29.3711  RESTRAINT  =        0.0000


   NSTEP       ENERGY          RMS            GMAX         NAME    NUMBER
     68      -5.6950E+01     4.3563E-02     1.5323E-01     O1S         2

 BOND    =        0.8372  ANGLE   =        2.0127  DIHED      =        7.6640
 VDWAALS =       -1.2544  EEL     =      -32.2997  EGB        =      -71.2906
 1-4 VDW =        8.0128  1-4 EEL =       29.3677  RESTRAINT  =        0.0000


   NSTEP       ENERGY          RMS            GMAX         NAME    NUMBER
     69      -5.6950E+01     5.3338E-02     1.7610E-01     C7         11

 BOND    =        0.8366  ANGLE   =        2.0119  DIHED      =        7.6639
 VDWAALS =       -1.2554  EEL     =      -32.2923  EGB        =      -71.2898
 1-4 VDW =        8.0129  1-4 EEL =       29.3620  RESTRAINT  =        0.0000


   NSTEP       ENERGY          RMS            GMAX         NAME    NUMBER
     70      -5.6950E+01     2.5261E-02     7.4679E-02     C7         11

 BOND    =        0.8368  ANGLE   =        2.0122  DIHED      =        7.6639
 VDWAALS =       -1.2550  EEL     =      -32.2954  EGB        =      -71.2901
 1-4 VDW =        8.0128  1-4 EEL =       29.3644  RESTRAINT  =        0.0000


   NSTEP       ENERGY          RMS            GMAX         NAME    NUMBER
     71      -5.6950E+01     2.0493E-02     5.9652E-02     S           1

 BOND    =        0.8357  ANGLE   =        2.0128  DIHED      =        7.6640
 VDWAALS =       -1.2551  EEL     =      -32.2947  EGB        =      -71.2889
 1-4 VDW =        8.0120  1-4 EEL =       29.3639  RESTRAINT  =        0.0000


   NSTEP       ENERGY          RMS            GMAX         NAME    NUMBER
     72      -5.6950E+01     1.6749E-02     5.3609E-02     S           1

 BOND    =        0.8358  ANGLE   =        2.0127  DIHED      =        7.6640
 VDWAALS =       -1.2551  EEL     =      -32.2948  EGB        =      -71.2891
 1-4 VDW =        8.0121  1-4 EEL =       29.3640  RESTRAINT  =        0.0000


   NSTEP       ENERGY          RMS            GMAX         NAME    NUMBER
     73      -5.6950E+01     1.4563E-02     3.4559E-02     H1         21

 BOND    =        0.8349  ANGLE   =        2.0138  DIHED      =        7.6639
 VDWAALS =       -1.2551  EEL     =      -32.2946  EGB        =      -71.2894
 1-4 VDW =        8.0123  1-4 EEL =       29.3641  RESTRAINT  =        0.0000


   NSTEP       ENERGY          RMS            GMAX         NAME    NUMBER
     74      -5.6950E+01     2.1995E-02     4.8284E-02     C10        14

 BOND    =        0.8341  ANGLE   =        2.0146  DIHED      =        7.6638
 VDWAALS =       -1.2552  EEL     =      -32.2945  EGB        =      -71.2897
 1-4 VDW =        8.0124  1-4 EEL =       29.3641  RESTRAINT  =        0.0000


   NSTEP       ENERGY          RMS            GMAX         NAME    NUMBER
     75      -5.6950E+01     1.7873E-02     6.1098E-02     C1          5

 BOND    =        0.8328  ANGLE   =        2.0154  DIHED      =        7.6638
 VDWAALS =       -1.2552  EEL     =      -32.2947  EGB        =      -71.2903
 1-4 VDW =        8.0133  1-4 EEL =       29.3647  RESTRAINT  =        0.0000


   NSTEP       ENERGY          RMS            GMAX         NAME    NUMBER
     76      -5.6950E+01     1.5605E-01     5.6425E-01     C1          5

 BOND    =        0.8418  ANGLE   =        2.0054  DIHED      =        7.6648
 VDWAALS =       -1.2545  EEL     =      -32.2989  EGB        =      -71.2841
 1-4 VDW =        8.0105  1-4 EEL =       29.3650  RESTRAINT  =        0.0000


   NSTEP       ENERGY          RMS            GMAX         NAME    NUMBER
     77      -5.6950E+01     5.5476E-02     1.5584E-01     S           1

 BOND    =        0.8386  ANGLE   =        2.0081  DIHED      =        7.6640
 VDWAALS =       -1.2545  EEL     =      -32.2989  EGB        =      -71.2867
 1-4 VDW =        8.0131  1-4 EEL =       29.3660  RESTRAINT  =        0.0000


   NSTEP       ENERGY          RMS            GMAX         NAME    NUMBER
     78      -5.6950E+01     1.1359E-01     3.7869E-01     C10        14

 BOND    =        0.8339  ANGLE   =        2.0149  DIHED      =        7.6640
 VDWAALS =       -1.2546  EEL     =      -32.2974  EGB        =      -71.2903
 1-4 VDW =        8.0134  1-4 EEL =       29.3661  RESTRAINT  =        0.0000


   NSTEP       ENERGY          RMS            GMAX         NAME    NUMBER
     79      -5.6950E+01     2.0999E-02     6.2600E-02     C9         13

 BOND    =        0.8341  ANGLE   =        2.0132  DIHED      =        7.6640
 VDWAALS =       -1.2546  EEL     =      -32.2981  EGB        =      -71.2889
 1-4 VDW =        8.0134  1-4 EEL =       29.3666  RESTRAINT  =        0.0000


   NSTEP       ENERGY          RMS            GMAX         NAME    NUMBER
     80       1.1051E+05     1.7613E+05     8.8269E+05     H8         20

 BOND    =    20248.1183  ANGLE   =     3126.8576  DIHED      =       83.2335
 VDWAALS =      440.4447  EEL     =      -23.5829  EGB        =     -181.6224
 1-4 VDW =    86797.4690  1-4 EEL =       14.7001  RESTRAINT  =        0.0000


   NSTEP       ENERGY          RMS            GMAX         NAME    NUMBER
     81       6.4250E+03     6.7896E+02     2.3059E+03     C6         10

 BOND    =     4782.5848  ANGLE   =     1506.6953  DIHED      =       87.8743
 VDWAALS =        0.4462  EEL     =      -30.2056  EGB        =      -88.3357
 1-4 VDW =      143.6712  1-4 EEL =       22.2469  RESTRAINT  =        0.0000


   NSTEP       ENERGY          RMS            GMAX         NAME    NUMBER
     82      -5.6950E+01     1.4472E-02     4.2269E-02     C10        14

 BOND    =        0.8343  ANGLE   =        2.0125  DIHED      =        7.6640
 VDWAALS =       -1.2546  EEL     =      -32.2981  EGB        =      -71.2879
 1-4 VDW =        8.0130  1-4 EEL =       29.3664  RESTRAINT  =        0.0000


   NSTEP       ENERGY          RMS            GMAX         NAME    NUMBER
     83      -5.6950E+01     1.0815E-02     3.0726E-02     S           1

 BOND    =        0.8344  ANGLE   =        2.0119  DIHED      =        7.6640
 VDWAALS =       -1.2546  EEL     =      -32.2982  EGB        =      -71.2872
 1-4 VDW =        8.0130  1-4 EEL =       29.3665  RESTRAINT  =        0.0000


   NSTEP       ENERGY          RMS            GMAX         NAME    NUMBER
     84      -5.6950E+01     1.0038E-02     2.8016E-02     S           1

 BOND    =        0.8344  ANGLE   =        2.0120  DIHED      =        7.6640
 VDWAALS =       -1.2546  EEL     =      -32.2982  EGB        =      -71.2873
 1-4 VDW =        8.0130  1-4 EEL =       29.3665  RESTRAINT  =        0.0000


   NSTEP       ENERGY          RMS            GMAX         NAME    NUMBER
     85      -5.6950E+01     8.8726E-03     1.9571E-02     S           1

 BOND    =        0.8342  ANGLE   =        2.0121  DIHED      =        7.6640
 VDWAALS =       -1.2546  EEL     =      -32.2982  EGB        =      -71.2876
 1-4 VDW =        8.0132  1-4 EEL =       29.3665  RESTRAINT  =        0.0000


   NSTEP       ENERGY          RMS            GMAX         NAME    NUMBER
     86      -5.6950E+01     1.8569E-02     4.4391E-02     C9         13

 BOND    =        0.8339  ANGLE   =        2.0126  DIHED      =        7.6640
 VDWAALS =       -1.2546  EEL     =      -32.2982  EGB        =      -71.2883
 1-4 VDW =        8.0136  1-4 EEL =       29.3667  RESTRAINT  =        0.0000


   NSTEP       ENERGY          RMS            GMAX         NAME    NUMBER
     87      -5.6950E+01     1.5398E-02     3.1735E-02     C10        14

 BOND    =        0.8336  ANGLE   =        2.0126  DIHED      =        7.6640
 VDWAALS =       -1.2546  EEL     =      -32.2983  EGB        =      -71.2883
 1-4 VDW =        8.0138  1-4 EEL =       29.3669  RESTRAINT  =        0.0000


   NSTEP       ENERGY          RMS            GMAX         NAME    NUMBER
     88      -5.6950E+01     2.5587E-02     6.7847E-02     C9         13

 BOND    =        0.8328  ANGLE   =        2.0126  DIHED      =        7.6640
 VDWAALS =       -1.2546  EEL     =      -32.2986  EGB        =      -71.2881
 1-4 VDW =        8.0142  1-4 EEL =       29.3673  RESTRAINT  =        0.0000


   NSTEP       ENERGY          RMS            GMAX         NAME    NUMBER
     89      -5.6950E+01     2.1511E-02     6.4417E-02     C9         13

 BOND    =        0.8321  ANGLE   =        2.0113  DIHED      =        7.6641
 VDWAALS =       -1.2545  EEL     =      -32.2993  EGB        =      -71.2861
 1-4 VDW =        8.0142  1-4 EEL =       29.3677  RESTRAINT  =        0.0000


   NSTEP       ENERGY          RMS            GMAX         NAME    NUMBER
     90      -5.6950E+01     3.3384E-02     1.1516E-01     C2          6

 BOND    =        0.8315  ANGLE   =        2.0102  DIHED      =        7.6642
 VDWAALS =       -1.2543  EEL     =      -32.3000  EGB        =      -71.2843
 1-4 VDW =        8.0142  1-4 EEL =       29.3681  RESTRAINT  =        0.0000


   NSTEP       ENERGY          RMS            GMAX         NAME    NUMBER
     91      -5.6950E+01     7.2605E-02     2.3084E-01     C1          5

 BOND    =        0.8309  ANGLE   =        2.0078  DIHED      =        7.6642
 VDWAALS =       -1.2540  EEL     =      -32.3015  EGB        =      -71.2814
 1-4 VDW =        8.0148  1-4 EEL =       29.3687  RESTRAINT  =        0.0000


   NSTEP       ENERGY          RMS            GMAX         NAME    NUMBER
     92      -5.6950E+01     2.2803E-02     6.9044E-02     C1          5

 BOND    =        0.8313  ANGLE   =        2.0092  DIHED      =        7.6642
 VDWAALS =       -1.2542  EEL     =      -32.3006  EGB        =      -71.2831
 1-4 VDW =        8.0145  1-4 EEL =       29.3683  RESTRAINT  =        0.0000


   NSTEP       ENERGY          RMS            GMAX         NAME    NUMBER
     93      -5.6950E+01     1.3564E-02     3.9160E-02     C1          5

 BOND    =        0.8319  ANGLE   =        2.0083  DIHED      =        7.6642
 VDWAALS =       -1.2541  EEL     =      -32.3009  EGB        =      -71.2830
 1-4 VDW =        8.0148  1-4 EEL =       29.3683  RESTRAINT  =        0.0000


   NSTEP       ENERGY          RMS            GMAX         NAME    NUMBER
     94      -5.6950E+01     1.6796E-02     4.9529E-02     C8         12

 BOND    =        0.8322  ANGLE   =        2.0079  DIHED      =        7.6642
 VDWAALS =       -1.2541  EEL     =      -32.3011  EGB        =      -71.2829
 1-4 VDW =        8.0150  1-4 EEL =       29.3682  RESTRAINT  =        0.0000


   NSTEP       ENERGY          RMS            GMAX         NAME    NUMBER
     95      -5.6950E+01     1.5060E-02     2.8768E-02     O3S         4

 BOND    =        0.8334  ANGLE   =        2.0078  DIHED      =        7.6643
 VDWAALS =       -1.2541  EEL     =      -32.3010  EGB        =      -71.2838
 1-4 VDW =        8.0148  1-4 EEL =       29.3681  RESTRAINT  =        0.0000


   NSTEP       ENERGY          RMS            GMAX         NAME    NUMBER
     96      -5.6950E+01     1.3596E-02     2.8270E-02     O3S         4

 BOND    =        0.8333  ANGLE   =        2.0078  DIHED      =        7.6643
 VDWAALS =       -1.2541  EEL     =      -32.3010  EGB        =      -71.2837
 1-4 VDW =        8.0148  1-4 EEL =       29.3681  RESTRAINT  =        0.0000


   NSTEP       ENERGY          RMS            GMAX         NAME    NUMBER
     97      -5.6950E+01     1.2827E-02     3.4003E-02     O3S         4

 BOND    =        0.8335  ANGLE   =        2.0079  DIHED      =        7.6643
 VDWAALS =       -1.2542  EEL     =      -32.3007  EGB        =      -71.2843
 1-4 VDW =        8.0150  1-4 EEL =       29.3679  RESTRAINT  =        0.0000


   NSTEP       ENERGY          RMS            GMAX         NAME    NUMBER
     98      -5.6950E+01     2.2562E-02     4.9475E-02     C2          6

 BOND    =        0.8338  ANGLE   =        2.0081  DIHED      =        7.6643
 VDWAALS =       -1.2543  EEL     =      -32.3003  EGB        =      -71.2850
 1-4 VDW =        8.0152  1-4 EEL =       29.3676  RESTRAINT  =        0.0000


   NSTEP       ENERGY          RMS            GMAX         NAME    NUMBER
     99      -5.6951E+01     1.6744E-02     4.5329E-02     C2          6

 BOND    =        0.8338  ANGLE   =        2.0090  DIHED      =        7.6643
 VDWAALS =       -1.2544  EEL     =      -32.2993  EGB        =      -71.2859
 1-4 VDW =        8.0151  1-4 EEL =       29.3670  RESTRAINT  =        0.0000


   NSTEP       ENERGY          RMS            GMAX         NAME    NUMBER
    100      -5.6951E+01     2.2889E-02     6.0332E-02     C9         13

 BOND    =        0.8339  ANGLE   =        2.0106  DIHED      =        7.6643
 VDWAALS =       -1.2547  EEL     =      -32.2975  EGB        =      -71.2877
 1-4 VDW =        8.0149  1-4 EEL =       29.3658  RESTRAINT  =        0.0000


  Maximum number of minimization cycles reached.


                    FINAL RESULTS



   NSTEP       ENERGY          RMS            GMAX         NAME    NUMBER
    100      -5.6951E+01     2.2889E-02     6.0332E-02     C9         13

 BOND    =        0.8339  ANGLE   =        2.0106  DIHED      =        7.6643
 VDWAALS =       -1.2547  EEL     =      -32.2975  EGB        =      -71.2877
 1-4 VDW =        8.0149  1-4 EEL =       29.3658  RESTRAINT  =        0.0000

--------------------------------------------------------------------------------
   5.  TIMINGS
--------------------------------------------------------------------------------

|    Read coords time           0.01 ( 1.80% of Total)
|    Fast Water setup           0.00 ( 0.01% of Total)
|                Calc gb radii              0.01 (31.37% of Gen B)
|                Calc gb diag               0.01 (41.79% of Gen B)
|                Calc gb off-diag           0.01 (26.07% of Gen B)
|                Other                      0.00 ( 0.77% of Gen B)
|             Gen Born time              0.03 (99.89% of Nonbo)
|             IPS excludes               0.00 ( 0.11% of Nonbo)
|          Nonbond force              0.03 (78.35% of Force)
|          Bond/Angle/Dihedral        0.01 (19.89% of Force)
|          Other                      0.00 ( 1.76% of Force)
|       Force time                 0.04 (100.0% of Runmd)
|    Runmd Time                 0.04 (12.96% of Total)
|    Other                      0.26 (85.23% of Total)
| Total time                 0.30 (100.0% of ALL  )

| Number of list builds   :          0

| Highest rstack allocated:          0
| Highest istack allocated:          0
|           Job began  at 21:46:06.937  on 12/05/2014
|           Setup done at 21:46:06.957  on 12/05/2014
|           Run   done at 21:46:07.238  on 12/05/2014
|     wallclock() was called    1828 times
