
          -------------------------------------------------------
          Amber 16 SANDER                              2016
          -------------------------------------------------------

| Run on 04/20/2016 at 15:19:11

|   Executable path: sander
| Working directory: /gpfs/gpfs/project1/dacase-001/haichit/phenix_amber/run_amber_library/amber_library/n
|          Hostname: e1c029

  [-O]verwriting output

File Assignments:
|  MDIN: NGT_sander.in                                                         
| MDOUT: NGT.min.out                                                           
|INPCRD: NGT.rst7                                                              
|  PARM: NGT.prmtop                                                            
|RESTRT: NGT.min.rst7                                                          
|  REFC: refc                                                                  
| MDVEL: mdvel                                                                 
| MDFRC: mdfrc                                                                 
|  MDEN: mden                                                                  
| MDCRD: mdcrd                                                                 
|MDINFO: mdinfo                                                                
|  MTMD: mtmd                                                                  
|INPDIP: inpdip                                                                
|RSTDIP: rstdip                                                                
|INPTRA: inptraj                                                               


 Here is the input file:

  short minimization                                                           
 &cntrl                                                                        
   imin=1, maxcyc=100, ncyc=50, ntpr=1, cut=99., ntb=0,                        
 /                                                                             

--------------------------------------------------------------------------------
   1.  RESOURCE   USE: 
--------------------------------------------------------------------------------

| Flags:                                                                        
|    NONPERIODIC   ntb=0 and igb=0: Setting up nonperiodic simulation
|  *** cutoff > system size, list only builds once
|Largest sphere to fit in unit cell has radius =    32.852
| New format PARM file being parsed.
| Version =    1.000 Date = 04/20/16 Time = 15:19:11
 NATOM  =      27 NTYPES =      10 NBONH =      13 MBONA  =      15
 NTHETH =      29 MTHETA =      22 NPHIH =      60 MPHIA  =      43
 NHPARM =       0 NPARM  =       0 NNB   =     151 NRES   =       1
 NBONA  =      15 NTHETA =      22 NPHIA =      43 NUMBND =      12
 NUMANG =      23 NPTRA  =      18 NATYP =      10 NPHB   =       0
 IFBOX  =       0 NMXRS  =      27 IFCAP =       0 NEXTRA =       0
 NCOPY  =       0


|     Memory Use     Allocated
|     Real                6498
|     Hollerith             84
|     Integer            25823
|     Max Pairs            351
|     nblistReal           324
|     nblist Int        968534
|       Total             3939 kbytes

| Note: 1-4 EEL scale factors are being read from the topology file.

| Note: 1-4 VDW scale factors are being read from the topology file.
| Duplicated    0 dihedrals
| Duplicated    0 dihedrals

--------------------------------------------------------------------------------
   2.  CONTROL  DATA  FOR  THE  RUN
--------------------------------------------------------------------------------

NGT                                                                             

General flags:
     imin    =       1, nmropt  =       0

Nature and format of input:
     ntx     =       1, irest   =       0, ntrx    =       1

Nature and format of output:
     ntxo    =       2, ntpr    =       1, ntrx    =       1, ntwr    =       1
     iwrap   =       0, ntwx    =       0, ntwv    =       0, ntwe    =       0
     ioutfm  =       1, ntwprt  =       0, idecomp =       0, rbornstat=      0

Potential function:
     ntf     =       1, ntb     =       0, igb     =       0, nsnb    =      25
     ipol    =       0, gbsa    =       0, iesp    =       0
     dielc   =   1.00000, cut     =  99.00000, intdiel =   1.00000

Frozen or restrained atoms:
     ibelly  =       0, ntr     =       0

Energy minimization:
     maxcyc  =     100, ncyc    =      50, ntmin   =       1
     dx0     =   0.01000, drms    =   0.00010
|  INFO: Old style inpcrd file read


--------------------------------------------------------------------------------
   3.  ATOMIC COORDINATES AND VELOCITIES
--------------------------------------------------------------------------------

NGT                                                                             
 begin time read from input coords =     0.000 ps

 Number of triangulated 3-point waters found:        0

     Sum of charges from parm topology file =  -0.00100099
     Forcing neutrality...

--------------------------------------------------------------------------------
   4.  RESULTS
--------------------------------------------------------------------------------

 ---------------------------------------------------

     eedmeth=4: Setting switch to one everywhere

 ---------------------------------------------------
| Local SIZE OF NONBOND LIST =        204
| TOTAL SIZE OF NONBOND LIST =        204


   NSTEP       ENERGY          RMS            GMAX         NAME    NUMBER
      1       3.7555E+01     1.4263E+01     6.0779E+01     C1          1

 BOND    =        3.5560  ANGLE   =       11.4902  DIHED      =       14.2052
 VDWAALS =       -2.0103  EEL     =      -56.9378  HBOND      =        0.0000
 1-4 VDW =        4.4708  1-4 EEL =       62.7808  RESTRAINT  =        0.0000


   NSTEP       ENERGY          RMS            GMAX         NAME    NUMBER
      2       3.6936E+01     1.3248E+01     5.6974E+01     C1          1

 BOND    =        3.1405  ANGLE   =       11.3147  DIHED      =       14.2034
 VDWAALS =       -2.0098  EEL     =      -56.9291  HBOND      =        0.0000
 1-4 VDW =        4.4607  1-4 EEL =       62.7556  RESTRAINT  =        0.0000


   NSTEP       ENERGY          RMS            GMAX         NAME    NUMBER
      3       3.6253E+01     1.2063E+01     5.2406E+01     C1          1

 BOND    =        2.6942  ANGLE   =       11.1126  DIHED      =       14.2013
 VDWAALS =       -2.0092  EEL     =      -56.9195  HBOND      =        0.0000
 1-4 VDW =        4.4481  1-4 EEL =       62.7255  RESTRAINT  =        0.0000


   NSTEP       ENERGY          RMS            GMAX         NAME    NUMBER
      4       3.5516E+01     1.0693E+01     4.6931E+01     C1          1

 BOND    =        2.2320  ANGLE   =       10.8818  DIHED      =       14.1989
 VDWAALS =       -2.0085  EEL     =      -56.9097  HBOND      =        0.0000
 1-4 VDW =        4.4321  1-4 EEL =       62.6895  RESTRAINT  =        0.0000


   NSTEP       ENERGY          RMS            GMAX         NAME    NUMBER
      5       3.4746E+01     9.1407E+00     4.0398E+01     C1          1

 BOND    =        1.7793  ANGLE   =       10.6203  DIHED      =       14.1964
 VDWAALS =       -2.0075  EEL     =      -56.9004  HBOND      =        0.0000
 1-4 VDW =        4.4115  1-4 EEL =       62.6465  RESTRAINT  =        0.0000


   NSTEP       ENERGY          RMS            GMAX         NAME    NUMBER
      6       3.3975E+01     7.4456E+00     3.2684E+01     C1          1

 BOND    =        1.3751  ANGLE   =       10.3264  DIHED      =       14.1936
 VDWAALS =       -2.0064  EEL     =      -56.8935  HBOND      =        0.0000
 1-4 VDW =        4.3844  1-4 EEL =       62.5953  RESTRAINT  =        0.0000


   NSTEP       ENERGY          RMS            GMAX         NAME    NUMBER
      7       3.3243E+01     5.7368E+00     2.3820E+01     C1          1

 BOND    =        1.0706  ANGLE   =        9.9973  DIHED      =       14.1911
 VDWAALS =       -2.0050  EEL     =      -56.8925  HBOND      =        0.0000
 1-4 VDW =        4.3473  1-4 EEL =       62.5346  RESTRAINT  =        0.0000


   NSTEP       ENERGY          RMS            GMAX         NAME    NUMBER
      8       3.2583E+01     4.3088E+00     1.4404E+01     C1          1

 BOND    =        0.9119  ANGLE   =        9.6299  DIHED      =       14.1894
 VDWAALS =       -2.0035  EEL     =      -56.9041  HBOND      =        0.0000
 1-4 VDW =        4.2952  1-4 EEL =       62.4640  RESTRAINT  =        0.0000


   NSTEP       ENERGY          RMS            GMAX         NAME    NUMBER
      9       3.1974E+01     3.4546E+00     9.9035E+00     HC1        15

 BOND    =        0.8762  ANGLE   =        9.2369  DIHED      =       14.1897
 VDWAALS =       -2.0022  EEL     =      -56.9367  HBOND      =        0.0000
 1-4 VDW =        4.2233  1-4 EEL =       62.3871  RESTRAINT  =        0.0000


   NSTEP       ENERGY          RMS            GMAX         NAME    NUMBER
     10       3.1364E+01     2.9038E+00     1.0098E+01     HC1        15

 BOND    =        0.8344  ANGLE   =        8.8822  DIHED      =       14.1913
 VDWAALS =       -2.0026  EEL     =      -56.9890  HBOND      =        0.0000
 1-4 VDW =        4.1372  1-4 EEL =       62.3106  RESTRAINT  =        0.0000


   NSTEP       ENERGY          RMS            GMAX         NAME    NUMBER
     11       3.0755E+01     2.3804E+00     8.7711E+00     HC1        15

 BOND    =        0.7703  ANGLE   =        8.5821  DIHED      =       14.1878
 VDWAALS =       -2.0061  EEL     =      -57.0590  HBOND      =        0.0000
 1-4 VDW =        4.0443  1-4 EEL =       62.2352  RESTRAINT  =        0.0000


   NSTEP       ENERGY          RMS            GMAX         NAME    NUMBER
     12       3.0167E+01     1.8991E+00     7.4975E+00     HC1        15

 BOND    =        0.7562  ANGLE   =        8.3041  DIHED      =       14.1758
 VDWAALS =       -2.0147  EEL     =      -57.1715  HBOND      =        0.0000
 1-4 VDW =        3.9389  1-4 EEL =       62.1778  RESTRAINT  =        0.0000


   NSTEP       ENERGY          RMS            GMAX         NAME    NUMBER
     13       2.9636E+01     1.8498E+00     6.0274E+00     C7          7

 BOND    =        0.7334  ANGLE   =        8.1221  DIHED      =       14.1514
 VDWAALS =       -2.0327  EEL     =      -57.2977  HBOND      =        0.0000
 1-4 VDW =        3.8322  1-4 EEL =       62.1272  RESTRAINT  =        0.0000


   NSTEP       ENERGY          RMS            GMAX         NAME    NUMBER
     14       3.0040E+01     7.8489E+00     3.5927E+01     C7          7

 BOND    =        1.6354  ANGLE   =        8.0020  DIHED      =       14.0866
 VDWAALS =       -2.0593  EEL     =      -57.6564  HBOND      =        0.0000
 1-4 VDW =        3.7423  1-4 EEL =       62.2892  RESTRAINT  =        0.0000


   NSTEP       ENERGY          RMS            GMAX         NAME    NUMBER
     15       2.9177E+01     1.3157E+00     4.3961E+00     HC1        15

 BOND    =        0.8032  ANGLE   =        7.9372  DIHED      =       14.0970
 VDWAALS =       -2.0624  EEL     =      -57.5214  HBOND      =        0.0000
 1-4 VDW =        3.7418  1-4 EEL =       62.1819  RESTRAINT  =        0.0000


   NSTEP       ENERGY          RMS            GMAX         NAME    NUMBER
     16       2.9099E+01     3.4472E+00     1.5674E+01     C7          7

 BOND    =        0.7973  ANGLE   =        8.0267  DIHED      =       14.0638
 VDWAALS =       -2.0828  EEL     =      -57.5719  HBOND      =        0.0000
 1-4 VDW =        3.7129  1-4 EEL =       62.1528  RESTRAINT  =        0.0000


   NSTEP       ENERGY          RMS            GMAX         NAME    NUMBER
     17       2.9445E+01     6.5718E+00     3.0431E+01     C7          7

 BOND    =        1.4411  ANGLE   =        7.8868  DIHED      =       14.0234
 VDWAALS =       -2.0932  EEL     =      -57.8234  HBOND      =        0.0000
 1-4 VDW =        3.6831  1-4 EEL =       62.3269  RESTRAINT  =        0.0000


   NSTEP       ENERGY          RMS            GMAX         NAME    NUMBER
     18       2.8863E+01     1.6824E+00     6.4560E+00     C7          7

 BOND    =        0.8582  ANGLE   =        7.8630  DIHED      =       14.0304
 VDWAALS =       -2.0952  EEL     =      -57.7294  HBOND      =        0.0000
 1-4 VDW =        3.6852  1-4 EEL =       62.2511  RESTRAINT  =        0.0000


   NSTEP       ENERGY          RMS            GMAX         NAME    NUMBER
     19       2.8925E+01     3.7428E+00     1.7030E+01     C7          7

 BOND    =        0.8681  ANGLE   =        7.9616  DIHED      =       14.0188
 VDWAALS =       -2.1047  EEL     =      -57.6950  HBOND      =        0.0000
 1-4 VDW =        3.6820  1-4 EEL =       62.1939  RESTRAINT  =        0.0000


   NSTEP       ENERGY          RMS            GMAX         NAME    NUMBER
     20       2.8727E+01     1.1150E+00     3.2258E+00     N2          9

 BOND    =        0.7635  ANGLE   =        7.9137  DIHED      =       14.0068
 VDWAALS =       -2.1071  EEL     =      -57.7708  HBOND      =        0.0000
 1-4 VDW =        3.6755  1-4 EEL =       62.2459  RESTRAINT  =        0.0000


   NSTEP       ENERGY          RMS            GMAX         NAME    NUMBER
     21       2.8671E+01     1.6497E+00     6.6155E+00     C7          7

 BOND    =        0.8558  ANGLE   =        7.8540  DIHED      =       13.9824
 VDWAALS =       -2.1164  EEL     =      -57.8643  HBOND      =        0.0000
 1-4 VDW =        3.6612  1-4 EEL =       62.2988  RESTRAINT  =        0.0000


   NSTEP       ENERGY          RMS            GMAX         NAME    NUMBER
     22       2.8663E+01     2.5256E+00     1.0935E+01     C7          7

 BOND    =        0.8231  ANGLE   =        7.9034  DIHED      =       13.9753
 VDWAALS =       -2.1227  EEL     =      -57.8344  HBOND      =        0.0000
 1-4 VDW =        3.6611  1-4 EEL =       62.2576  RESTRAINT  =        0.0000


   NSTEP       ENERGY          RMS            GMAX         NAME    NUMBER
     23       2.8644E+01     2.8513E+00     1.2663E+01     C7          7

 BOND    =        0.9195  ANGLE   =        7.8751  DIHED      =       13.9507
 VDWAALS =       -2.1277  EEL     =      -57.9741  HBOND      =        0.0000
 1-4 VDW =        3.6515  1-4 EEL =       62.3487  RESTRAINT  =        0.0000


   NSTEP       ENERGY          RMS            GMAX         NAME    NUMBER
     24       2.8666E+01     3.6074E+00     1.5932E+01     C7          7

 BOND    =        0.9149  ANGLE   =        7.8885  DIHED      =       13.9528
 VDWAALS =       -2.1331  EEL     =      -57.8784  HBOND      =        0.0000
 1-4 VDW =        3.6524  1-4 EEL =       62.2689  RESTRAINT  =        0.0000


   NSTEP       ENERGY          RMS            GMAX         NAME    NUMBER
     25       2.8481E+01     8.9073E-01     3.1027E+00     S1         10

 BOND    =        0.7948  ANGLE   =        7.8698  DIHED      =       13.9402
 VDWAALS =       -2.1349  EEL     =      -57.9604  HBOND      =        0.0000
 1-4 VDW =        3.6489  1-4 EEL =       62.3226  RESTRAINT  =        0.0000


   NSTEP       ENERGY          RMS            GMAX         NAME    NUMBER
     26       2.8416E+01     1.3813E+00     5.4042E+00     C7          7

 BOND    =        0.8292  ANGLE   =        7.8638  DIHED      =       13.9122
 VDWAALS =       -2.1442  EEL     =      -58.0593  HBOND      =        0.0000
 1-4 VDW =        3.6413  1-4 EEL =       62.3727  RESTRAINT  =        0.0000


   NSTEP       ENERGY          RMS            GMAX         NAME    NUMBER
     27       2.8439E+01     2.8149E+00     1.2165E+01     C7          7

 BOND    =        0.8636  ANGLE   =        7.8756  DIHED      =       13.9035
 VDWAALS =       -2.1512  EEL     =      -58.0303  HBOND      =        0.0000
 1-4 VDW =        3.6413  1-4 EEL =       62.3368  RESTRAINT  =        0.0000


   NSTEP       ENERGY          RMS            GMAX         NAME    NUMBER
     28       2.8328E+01     8.9734E-01     2.9969E+00     S1         10

 BOND    =        0.7988  ANGLE   =        7.8636  DIHED      =       13.8935
 VDWAALS =       -2.1527  EEL     =      -58.0909  HBOND      =        0.0000
 1-4 VDW =        3.6389  1-4 EEL =       62.3763  RESTRAINT  =        0.0000


   NSTEP       ENERGY          RMS            GMAX         NAME    NUMBER
     29       2.8285E+01     1.2222E+00     4.6407E+00     C7          7

 BOND    =        0.8247  ANGLE   =        7.8600  DIHED      =       13.8734
 VDWAALS =       -2.1585  EEL     =      -58.1672  HBOND      =        0.0000
 1-4 VDW =        3.6351  1-4 EEL =       62.4177  RESTRAINT  =        0.0000


   NSTEP       ENERGY          RMS            GMAX         NAME    NUMBER
     30       2.8268E+01     1.8467E+00     7.9124E+00     N2          9

 BOND    =        0.8209  ANGLE   =        7.8646  DIHED      =       13.8658
 VDWAALS =       -2.1636  EEL     =      -58.1519  HBOND      =        0.0000
 1-4 VDW =        3.6361  1-4 EEL =       62.3958  RESTRAINT  =        0.0000


   NSTEP       ENERGY          RMS            GMAX         NAME    NUMBER
     31       2.8251E+01     2.1547E+00     9.5975E+00     C7          7

 BOND    =        0.8745  ANGLE   =        7.8628  DIHED      =       13.8455
 VDWAALS =       -2.1671  EEL     =      -58.2636  HBOND      =        0.0000
 1-4 VDW =        3.6327  1-4 EEL =       62.4662  RESTRAINT  =        0.0000


   NSTEP       ENERGY          RMS            GMAX         NAME    NUMBER
     32       2.8250E+01     2.6567E+00     1.1537E+01     C7          7

 BOND    =        0.8591  ANGLE   =        7.8676  DIHED      =       13.8453
 VDWAALS =       -2.1711  EEL     =      -58.1973  HBOND      =        0.0000
 1-4 VDW =        3.6350  1-4 EEL =       62.4114  RESTRAINT  =        0.0000


   NSTEP       ENERGY          RMS            GMAX         NAME    NUMBER
     33       2.8257E+01     3.1528E+00     1.4446E+01     C7          7

 BOND    =        0.9508  ANGLE   =        7.8681  DIHED      =       13.8208
 VDWAALS =       -2.1744  EEL     =      -58.3507  HBOND      =        0.0000
 1-4 VDW =        3.6316  1-4 EEL =       62.5111  RESTRAINT  =        0.0000


   NSTEP       ENERGY          RMS            GMAX         NAME    NUMBER
     34       2.8115E+01     7.5833E-01     2.9526E+00     S1         10

 BOND    =        0.8067  ANGLE   =        7.8564  DIHED      =       13.8231
 VDWAALS =       -2.1760  EEL     =      -58.3019  HBOND      =        0.0000
 1-4 VDW =        3.6328  1-4 EEL =       62.4737  RESTRAINT  =        0.0000


   NSTEP       ENERGY          RMS            GMAX         NAME    NUMBER
     35       2.8057E+01     1.0767E+00     4.3528E+00     N2          9

 BOND    =        0.8033  ANGLE   =        7.8570  DIHED      =       13.8032
 VDWAALS =       -2.1831  EEL     =      -58.3448  HBOND      =        0.0000
 1-4 VDW =        3.6336  1-4 EEL =       62.4880  RESTRAINT  =        0.0000


   NSTEP       ENERGY          RMS            GMAX         NAME    NUMBER
     36       2.8071E+01     2.4578E+00     1.1183E+01     C7          7

 BOND    =        0.8965  ANGLE   =        7.8601  DIHED      =       13.7769
 VDWAALS =       -2.1886  EEL     =      -58.4676  HBOND      =        0.0000
 1-4 VDW =        3.6324  1-4 EEL =       62.5612  RESTRAINT  =        0.0000


   NSTEP       ENERGY          RMS            GMAX         NAME    NUMBER
     37       2.7984E+01     7.7372E-01     2.8766E+00     S1         10

 BOND    =        0.8082  ANGLE   =        7.8540  DIHED      =       13.7778
 VDWAALS =       -2.1899  EEL     =      -58.4353  HBOND      =        0.0000
 1-4 VDW =        3.6337  1-4 EEL =       62.5359  RESTRAINT  =        0.0000


   NSTEP       ENERGY          RMS            GMAX         NAME    NUMBER
     38       2.7948E+01     1.0294E+00     4.1807E+00     N2          9

 BOND    =        0.8017  ANGLE   =        7.8550  DIHED      =       13.7655
 VDWAALS =       -2.1944  EEL     =      -58.4556  HBOND      =        0.0000
 1-4 VDW =        3.6355  1-4 EEL =       62.5400  RESTRAINT  =        0.0000


   NSTEP       ENERGY          RMS            GMAX         NAME    NUMBER
     39       2.7932E+01     1.6387E+00     7.1884E+00     C7          7

 BOND    =        0.8453  ANGLE   =        7.8543  DIHED      =       13.7465
 VDWAALS =       -2.1982  EEL     =      -58.5441  HBOND      =        0.0000
 1-4 VDW =        3.6353  1-4 EEL =       62.5930  RESTRAINT  =        0.0000


   NSTEP       ENERGY          RMS            GMAX         NAME    NUMBER
     40       2.7919E+01     1.9406E+00     8.4702E+00     N2          9

 BOND    =        0.8234  ANGLE   =        7.8583  DIHED      =       13.7448
 VDWAALS =       -2.2011  EEL     =      -58.5012  HBOND      =        0.0000
 1-4 VDW =        3.6383  1-4 EEL =       62.5566  RESTRAINT  =        0.0000


   NSTEP       ENERGY          RMS            GMAX         NAME    NUMBER
     41       2.7917E+01     2.3704E+00     1.0843E+01     C7          7

 BOND    =        0.8891  ANGLE   =        7.8563  DIHED      =       13.7248
 VDWAALS =       -2.2037  EEL     =      -58.6201  HBOND      =        0.0000
 1-4 VDW =        3.6373  1-4 EEL =       62.6331  RESTRAINT  =        0.0000


   NSTEP       ENERGY          RMS            GMAX         NAME    NUMBER
     42       2.7923E+01     2.8314E+00     1.2547E+01     C7          7

 BOND    =        0.8652  ANGLE   =        7.8639  DIHED      =       13.7274
 VDWAALS =       -2.2065  EEL     =      -58.5388  HBOND      =        0.0000
 1-4 VDW =        3.6412  1-4 EEL =       62.5703  RESTRAINT  =        0.0000


   NSTEP       ENERGY          RMS            GMAX         NAME    NUMBER
     43       2.7808E+01     6.9200E-01     2.6617E+00     S1         10

 BOND    =        0.7986  ANGLE   =        7.8509  DIHED      =       13.7172
 VDWAALS =       -2.2075  EEL     =      -58.6064  HBOND      =        0.0000
 1-4 VDW =        3.6403  1-4 EEL =       62.6147  RESTRAINT  =        0.0000


   NSTEP       ENERGY          RMS            GMAX         NAME    NUMBER
     44       2.7760E+01     9.7484E-01     3.6543E+00     C7          7

 BOND    =        0.8131  ANGLE   =        7.8497  DIHED      =       13.6953
 VDWAALS =       -2.2127  EEL     =      -58.6850  HBOND      =        0.0000
 1-4 VDW =        3.6427  1-4 EEL =       62.6571  RESTRAINT  =        0.0000


   NSTEP       ENERGY          RMS            GMAX         NAME    NUMBER
     45       2.7768E+01     2.1797E+00     9.5592E+00     N2          9

 BOND    =        0.8292  ANGLE   =        7.8568  DIHED      =       13.6859
 VDWAALS =       -2.2170  EEL     =      -58.6720  HBOND      =        0.0000
 1-4 VDW =        3.6470  1-4 EEL =       62.6380  RESTRAINT  =        0.0000


   NSTEP       ENERGY          RMS            GMAX         NAME    NUMBER
     46       2.7699E+01     6.9934E-01     2.5615E+00     S1         10

 BOND    =        0.7955  ANGLE   =        7.8488  DIHED      =       13.6779
 VDWAALS =       -2.2178  EEL     =      -58.7222  HBOND      =        0.0000
 1-4 VDW =        3.6466  1-4 EEL =       62.6707  RESTRAINT  =        0.0000


   NSTEP       ENERGY          RMS            GMAX         NAME    NUMBER
     47       2.7667E+01     8.9139E-01     3.1988E+00     C7          7

 BOND    =        0.8080  ANGLE   =        7.8476  DIHED      =       13.6623
 VDWAALS =       -2.2212  EEL     =      -58.7820  HBOND      =        0.0000
 1-4 VDW =        3.6485  1-4 EEL =       62.7042  RESTRAINT  =        0.0000


   NSTEP       ENERGY          RMS            GMAX         NAME    NUMBER
     48       2.7651E+01     1.4276E+00     6.2841E+00     N2          9

 BOND    =        0.8019  ANGLE   =        7.8506  DIHED      =       13.6547
 VDWAALS =       -2.2243  EEL     =      -58.7772  HBOND      =        0.0000
 1-4 VDW =        3.6521  1-4 EEL =       62.6933  RESTRAINT  =        0.0000


   NSTEP       ENERGY          RMS            GMAX         NAME    NUMBER
     49       2.7641E+01     1.7584E+00     7.9643E+00     C7          7

 BOND    =        0.8462  ANGLE   =        7.8480  DIHED      =       13.6383
 VDWAALS =       -2.2264  EEL     =      -58.8690  HBOND      =        0.0000
 1-4 VDW =        3.6524  1-4 EEL =       62.7515  RESTRAINT  =        0.0000


   NSTEP       ENERGY          RMS            GMAX         NAME    NUMBER
     50       2.7636E+01     2.1053E+00     9.2720E+00     N2          9

 BOND    =        0.8218  ANGLE   =        7.8538  DIHED      =       13.6385
 VDWAALS =       -2.2286  EEL     =      -58.8151  HBOND      =        0.0000
 1-4 VDW =        3.6563  1-4 EEL =       62.7089  RESTRAINT  =        0.0000


   NSTEP       ENERGY          RMS            GMAX         NAME    NUMBER
     51       2.7641E+01     2.5475E+00     1.1850E+01     C7          7

 BOND    =        0.8962  ANGLE   =        7.8502  DIHED      =       13.6187
 VDWAALS =       -2.2305  EEL     =      -58.9402  HBOND      =        0.0000
 1-4 VDW =        3.6559  1-4 EEL =       62.7904  RESTRAINT  =        0.0000


   NSTEP       ENERGY          RMS            GMAX         NAME    NUMBER
     52       2.9278E+01     1.1398E+01     5.3104E+01     C7          7

 BOND    =        2.2685  ANGLE   =        8.0323  DIHED      =       13.6312
 VDWAALS =       -2.2358  EEL     =      -58.7020  HBOND      =        0.0000
 1-4 VDW =        3.6707  1-4 EEL =       62.6129  RESTRAINT  =        0.0000


   NSTEP       ENERGY          RMS            GMAX         NAME    NUMBER
     53       2.7546E+01     6.3209E-01     2.4491E+00     S1         10

 BOND    =        0.7913  ANGLE   =        7.8451  DIHED      =       13.6210
 VDWAALS =       -2.2316  EEL     =      -58.8948  HBOND      =        0.0000
 1-4 VDW =        3.6581  1-4 EEL =       62.7565  RESTRAINT  =        0.0000


   NSTEP       ENERGY          RMS            GMAX         NAME    NUMBER
     54       2.7534E+01     6.2992E-01     2.4386E+00     S1         10

 BOND    =        0.7908  ANGLE   =        7.8449  DIHED      =       13.6166
 VDWAALS =       -2.2326  EEL     =      -58.9083  HBOND      =        0.0000
 1-4 VDW =        3.6592  1-4 EEL =       62.7633  RESTRAINT  =        0.0000


   NSTEP       ENERGY          RMS            GMAX         NAME    NUMBER
     55       2.7425E+01     6.0964E-01     2.3386E+00     S1         10

 BOND    =        0.7869  ANGLE   =        7.8436  DIHED      =       13.5755
 VDWAALS =       -2.2420  EEL     =      -59.0337  HBOND      =        0.0000
 1-4 VDW =        3.6690  1-4 EEL =       62.8257  RESTRAINT  =        0.0000


   NSTEP       ENERGY          RMS            GMAX         NAME    NUMBER
     56       2.6555E+01     6.6648E-01     2.2695E+00     S1         10

 BOND    =        0.7845  ANGLE   =        7.9579  DIHED      =       13.2068
 VDWAALS =       -2.3128  EEL     =      -60.3056  HBOND      =        0.0000
 1-4 VDW =        3.7834  1-4 EEL =       63.4408  RESTRAINT  =        0.0000


   NSTEP       ENERGY          RMS            GMAX         NAME    NUMBER
     57       2.6284E+01     2.5624E+00     7.9455E+00     N2          9

 BOND    =        1.0616  ANGLE   =        8.5180  DIHED      =       12.8520
 VDWAALS =       -2.3232  EEL     =      -62.0341  HBOND      =        0.0000
 1-4 VDW =        3.9857  1-4 EEL =       64.2238  RESTRAINT  =        0.0000


   NSTEP       ENERGY          RMS            GMAX         NAME    NUMBER
     58       2.6225E+01     1.8482E+00     5.6991E+00     N2          9

 BOND    =        0.9264  ANGLE   =        8.3070  DIHED      =       12.9358
 VDWAALS =       -2.3321  EEL     =      -61.5405  HBOND      =        0.0000
 1-4 VDW =        3.9222  1-4 EEL =       64.0064  RESTRAINT  =        0.0000


   NSTEP       ENERGY          RMS            GMAX         NAME    NUMBER
     59       3.2332E+01     1.4759E+01     5.1582E+01     O3         11

 BOND    =        4.8002  ANGLE   =       10.1216  DIHED      =       12.7755
 VDWAALS =       -2.0720  EEL     =      -63.4920  HBOND      =        0.0000
 1-4 VDW =        4.3785  1-4 EEL =       65.8204  RESTRAINT  =        0.0000


   NSTEP       ENERGY          RMS            GMAX         NAME    NUMBER
     60       2.6091E+01     1.3822E+00     4.5328E+00     C7          7

 BOND    =        0.8154  ANGLE   =        8.3141  DIHED      =       12.8799
 VDWAALS =       -2.3342  EEL     =      -61.7851  HBOND      =        0.0000
 1-4 VDW =        3.9591  1-4 EEL =       64.2417  RESTRAINT  =        0.0000


   NSTEP       ENERGY          RMS            GMAX         NAME    NUMBER
     61       2.6062E+01     2.0700E+00     9.5704E+00     C7          7

 BOND    =        0.7644  ANGLE   =        8.3641  DIHED      =       12.8565
 VDWAALS =       -2.3316  EEL     =      -61.9097  HBOND      =        0.0000
 1-4 VDW =        4.0274  1-4 EEL =       64.2909  RESTRAINT  =        0.0000


   NSTEP       ENERGY          RMS            GMAX         NAME    NUMBER
     62       2.6039E+01     1.1387E+00     4.3988E+00     N2          9

 BOND    =        0.7549  ANGLE   =        8.3402  DIHED      =       12.8656
 VDWAALS =       -2.3329  EEL     =      -61.8598  HBOND      =        0.0000
 1-4 VDW =        3.9997  1-4 EEL =       64.2713  RESTRAINT  =        0.0000


   NSTEP       ENERGY          RMS            GMAX         NAME    NUMBER
     63       2.5987E+01     7.0088E-01     1.8612E+00     N2          9

 BOND    =        0.7288  ANGLE   =        8.3671  DIHED      =       12.8425
 VDWAALS =       -2.3309  EEL     =      -62.0250  HBOND      =        0.0000
 1-4 VDW =        4.0555  1-4 EEL =       64.3491  RESTRAINT  =        0.0000


   NSTEP       ENERGY          RMS            GMAX         NAME    NUMBER
     64       2.5976E+01     8.9165E-01     2.6452E+00     S1         10

 BOND    =        0.7275  ANGLE   =        8.3946  DIHED      =       12.8258
 VDWAALS =       -2.3289  EEL     =      -62.1478  HBOND      =        0.0000
 1-4 VDW =        4.0978  1-4 EEL =       64.4066  RESTRAINT  =        0.0000


   NSTEP       ENERGY          RMS            GMAX         NAME    NUMBER
     65       2.5922E+01     7.5284E-01     1.9009E+00     N2          9

 BOND    =        0.6650  ANGLE   =        8.4185  DIHED      =       12.8078
 VDWAALS =       -2.3269  EEL     =      -62.3243  HBOND      =        0.0000
 1-4 VDW =        4.1709  1-4 EEL =       64.5110  RESTRAINT  =        0.0000


   NSTEP       ENERGY          RMS            GMAX         NAME    NUMBER
     66       2.5915E+01     1.0319E+00     2.5913E+00     C4          4

 BOND    =        0.6468  ANGLE   =        8.4364  DIHED      =       12.7994
 VDWAALS =       -2.3256  EEL     =      -62.4115  HBOND      =        0.0000
 1-4 VDW =        4.2075  1-4 EEL =       64.5623  RESTRAINT  =        0.0000


   NSTEP       ENERGY          RMS            GMAX         NAME    NUMBER
     67       2.5835E+01     8.3715E-01     2.4887E+00     C1          1

 BOND    =        0.6003  ANGLE   =        8.4324  DIHED      =       12.7588
 VDWAALS =       -2.3237  EEL     =      -62.6642  HBOND      =        0.0000
 1-4 VDW =        4.2711  1-4 EEL =       64.7607  RESTRAINT  =        0.0000


   NSTEP       ENERGY          RMS            GMAX         NAME    NUMBER
     68       2.5827E+01     1.1146E+00     3.2104E+00     N2          9

 BOND    =        0.5930  ANGLE   =        8.4429  DIHED      =       12.7411
 VDWAALS =       -2.3226  EEL     =      -62.7811  HBOND      =        0.0000
 1-4 VDW =        4.3013  1-4 EEL =       64.8521  RESTRAINT  =        0.0000


   NSTEP       ENERGY          RMS            GMAX         NAME    NUMBER
     69       2.5770E+01     1.5182E+00     5.8811E+00     C7          7

 BOND    =        0.6788  ANGLE   =        8.3891  DIHED      =       12.7012
 VDWAALS =       -2.3237  EEL     =      -62.9586  HBOND      =        0.0000
 1-4 VDW =        4.3080  1-4 EEL =       64.9750  RESTRAINT  =        0.0000


   NSTEP       ENERGY          RMS            GMAX         NAME    NUMBER
     70       2.5761E+01     1.0900E+00     4.1548E+00     C7          7

 BOND    =        0.6423  ANGLE   =        8.3941  DIHED      =       12.7114
 VDWAALS =       -2.3235  EEL     =      -62.9111  HBOND      =        0.0000
 1-4 VDW =        4.3057  1-4 EEL =       64.9423  RESTRAINT  =        0.0000


   NSTEP       ENERGY          RMS            GMAX         NAME    NUMBER
     71       2.5710E+01     1.2459E+00     5.1782E+00     N2          9

 BOND    =        0.7625  ANGLE   =        8.2995  DIHED      =       12.7056
 VDWAALS =       -2.3321  EEL     =      -62.9699  HBOND      =        0.0000
 1-4 VDW =        4.2871  1-4 EEL =       64.9578  RESTRAINT  =        0.0000


   NSTEP       ENERGY          RMS            GMAX         NAME    NUMBER
     72       2.5709E+01     1.0524E+00     4.4850E+00     N2          9

 BOND    =        0.7385  ANGLE   =        8.3107  DIHED      =       12.7064
 VDWAALS =       -2.3310  EEL     =      -62.9609  HBOND      =        0.0000
 1-4 VDW =        4.2897  1-4 EEL =       64.9555  RESTRAINT  =        0.0000


   NSTEP       ENERGY          RMS            GMAX         NAME    NUMBER
     73       2.5656E+01     8.4693E-01     2.5103E+00     C7          7

 BOND    =        0.6865  ANGLE   =        8.2791  DIHED      =       12.7221
 VDWAALS =       -2.3415  EEL     =      -62.8706  HBOND      =        0.0000
 1-4 VDW =        4.2717  1-4 EEL =       64.9088  RESTRAINT  =        0.0000


   NSTEP       ENERGY          RMS            GMAX         NAME    NUMBER
     74       2.5656E+01     8.8727E-01     2.7386E+00     C7          7

 BOND    =        0.6852  ANGLE   =        8.2784  DIHED      =       12.7230
 VDWAALS =       -2.3419  EEL     =      -62.8660  HBOND      =        0.0000
 1-4 VDW =        4.2709  1-4 EEL =       64.9064  RESTRAINT  =        0.0000


   NSTEP       ENERGY          RMS            GMAX         NAME    NUMBER
     75       2.5625E+01     7.9665E-01     2.3830E+00     C7          7

 BOND    =        0.6283  ANGLE   =        8.2459  DIHED      =       12.7354
 VDWAALS =       -2.3513  EEL     =      -62.7776  HBOND      =        0.0000
 1-4 VDW =        4.2526  1-4 EEL =       64.8915  RESTRAINT  =        0.0000


   NSTEP       ENERGY          RMS            GMAX         NAME    NUMBER
     76       2.5616E+01     6.0070E-01     1.3187E+00     N2          9

 BOND    =        0.6273  ANGLE   =        8.2345  DIHED      =       12.7376
 VDWAALS =       -2.3515  EEL     =      -62.7773  HBOND      =        0.0000
 1-4 VDW =        4.2548  1-4 EEL =       64.8902  RESTRAINT  =        0.0000


   NSTEP       ENERGY          RMS            GMAX         NAME    NUMBER
     77       2.5607E+01     4.7420E-01     1.1318E+00     O6         14

 BOND    =        0.6300  ANGLE   =        8.2216  DIHED      =       12.7396
 VDWAALS =       -2.3519  EEL     =      -62.7790  HBOND      =        0.0000
 1-4 VDW =        4.2561  1-4 EEL =       64.8909  RESTRAINT  =        0.0000


   NSTEP       ENERGY          RMS            GMAX         NAME    NUMBER
     78       2.5599E+01     4.0882E-01     1.0673E+00     HC4        18

 BOND    =        0.6338  ANGLE   =        8.2105  DIHED      =       12.7410
 VDWAALS =       -2.3523  EEL     =      -62.7828  HBOND      =        0.0000
 1-4 VDW =        4.2548  1-4 EEL =       64.8942  RESTRAINT  =        0.0000


   NSTEP       ENERGY          RMS            GMAX         NAME    NUMBER
     79       2.5590E+01     3.6771E-01     9.9022E-01     HC4        18

 BOND    =        0.6335  ANGLE   =        8.2049  DIHED      =       12.7417
 VDWAALS =       -2.3530  EEL     =      -62.7855  HBOND      =        0.0000
 1-4 VDW =        4.2508  1-4 EEL =       64.8979  RESTRAINT  =        0.0000


   NSTEP       ENERGY          RMS            GMAX         NAME    NUMBER
     80       2.9145E+01     5.6360E+00     1.5894E+01     HC62       21

 BOND    =        1.8663  ANGLE   =       10.8006  DIHED      =       12.8990
 VDWAALS =       -2.3965  EEL     =      -63.0040  HBOND      =        0.0000
 1-4 VDW =        3.8720  1-4 EEL =       65.1074  RESTRAINT  =        0.0000


   NSTEP       ENERGY          RMS            GMAX         NAME    NUMBER
     81       2.5536E+01     5.2742E-01     1.6119E+00     HC62       21

 BOND    =        0.6218  ANGLE   =        8.2200  DIHED      =       12.7489
 VDWAALS =       -2.3607  EEL     =      -62.8102  HBOND      =        0.0000
 1-4 VDW =        4.1918  1-4 EEL =       64.9244  RESTRAINT  =        0.0000


   NSTEP       ENERGY          RMS            GMAX         NAME    NUMBER
     82       2.5520E+01     1.1886E+00     5.4044E+00     C7          7

 BOND    =        0.6921  ANGLE   =        8.3725  DIHED      =       12.7220
 VDWAALS =       -2.3661  EEL     =      -62.8523  HBOND      =        0.0000
 1-4 VDW =        4.0848  1-4 EEL =       64.8670  RESTRAINT  =        0.0000


   NSTEP       ENERGY          RMS            GMAX         NAME    NUMBER
     83       2.5504E+01     6.5982E-01     2.8007E+00     C7          7

 BOND    =        0.6520  ANGLE   =        8.2984  DIHED      =       12.7328
 VDWAALS =       -2.3639  EEL     =      -62.8349  HBOND      =        0.0000
 1-4 VDW =        4.1287  1-4 EEL =       64.8909  RESTRAINT  =        0.0000


   NSTEP       ENERGY          RMS            GMAX         NAME    NUMBER
     84       2.5524E+01     1.6435E+00     7.3221E+00     N2          9

 BOND    =        0.7174  ANGLE   =        8.3447  DIHED      =       12.7209
 VDWAALS =       -2.3674  EEL     =      -62.8220  HBOND      =        0.0000
 1-4 VDW =        4.0805  1-4 EEL =       64.8503  RESTRAINT  =        0.0000


   NSTEP       ENERGY          RMS            GMAX         NAME    NUMBER
     85       2.5492E+01     4.7054E-01     1.4727E+00     N2          9

 BOND    =        0.6613  ANGLE   =        8.3120  DIHED      =       12.7281
 VDWAALS =       -2.3653  EEL     =      -62.8300  HBOND      =        0.0000
 1-4 VDW =        4.1102  1-4 EEL =       64.8755  RESTRAINT  =        0.0000


   NSTEP       ENERGY          RMS            GMAX         NAME    NUMBER
     86       2.5481E+01     3.7949E-01     9.4867E-01     O4         12

 BOND    =        0.6762  ANGLE   =        8.2986  DIHED      =       12.7225
 VDWAALS =       -2.3666  EEL     =      -62.8451  HBOND      =        0.0000
 1-4 VDW =        4.1023  1-4 EEL =       64.8934  RESTRAINT  =        0.0000


   NSTEP       ENERGY          RMS            GMAX         NAME    NUMBER
     87       2.5473E+01     6.4102E-01     2.2681E+00     C7          7

 BOND    =        0.7125  ANGLE   =        8.2771  DIHED      =       12.7121
 VDWAALS =       -2.3692  EEL     =      -62.8743  HBOND      =        0.0000
 1-4 VDW =        4.0871  1-4 EEL =       64.9281  RESTRAINT  =        0.0000


   NSTEP       ENERGY          RMS            GMAX         NAME    NUMBER
     88       2.5451E+01     5.6572E-01     2.2499E+00     C3          3

 BOND    =        0.6998  ANGLE   =        8.2816  DIHED      =       12.7000
 VDWAALS =       -2.3740  EEL     =      -62.9101  HBOND      =        0.0000
 1-4 VDW =        4.0721  1-4 EEL =       64.9821  RESTRAINT  =        0.0000


   NSTEP       ENERGY          RMS            GMAX         NAME    NUMBER
     89       2.5451E+01     6.7375E-01     2.8597E+00     C3          3

 BOND    =        0.6989  ANGLE   =        8.2846  DIHED      =       12.6974
 VDWAALS =       -2.3750  EEL     =      -62.9179  HBOND      =        0.0000
 1-4 VDW =        4.0689  1-4 EEL =       64.9938  RESTRAINT  =        0.0000


   NSTEP       ENERGY          RMS            GMAX         NAME    NUMBER
     90       2.5415E+01     5.2891E-01     1.7297E+00     S1         10

 BOND    =        0.6509  ANGLE   =        8.3080  DIHED      =       12.6934
 VDWAALS =       -2.3824  EEL     =      -62.9954  HBOND      =        0.0000
 1-4 VDW =        4.0818  1-4 EEL =       65.0593  RESTRAINT  =        0.0000


   NSTEP       ENERGY          RMS            GMAX         NAME    NUMBER
     91       2.5400E+01     8.3858E-01     2.6992E+00     S1         10

 BOND    =        0.6094  ANGLE   =        8.3451  DIHED      =       12.6898
 VDWAALS =       -2.3914  EEL     =      -63.0922  HBOND      =        0.0000
 1-4 VDW =        4.0982  1-4 EEL =       65.1408  RESTRAINT  =        0.0000


   NSTEP       ENERGY          RMS            GMAX         NAME    NUMBER
     92       2.5334E+01     6.0263E-01     1.4572E+00     O5         13

 BOND    =        0.5568  ANGLE   =        8.3517  DIHED      =       12.6852
 VDWAALS =       -2.4083  EEL     =      -63.1971  HBOND      =        0.0000
 1-4 VDW =        4.0955  1-4 EEL =       65.2499  RESTRAINT  =        0.0000


   NSTEP       ENERGY          RMS            GMAX         NAME    NUMBER
     93       2.5328E+01     7.7693E-01     2.0896E+00     C6          6

 BOND    =        0.5456  ANGLE   =        8.3634  DIHED      =       12.6847
 VDWAALS =       -2.4149  EEL     =      -63.2392  HBOND      =        0.0000
 1-4 VDW =        4.0944  1-4 EEL =       65.2937  RESTRAINT  =        0.0000


   NSTEP       ENERGY          RMS            GMAX         NAME    NUMBER
     94       2.5319E+01     1.5005E+00     5.1657E+00     C6          6

 BOND    =        0.6368  ANGLE   =        8.3038  DIHED      =       12.7065
 VDWAALS =       -2.4344  EEL     =      -63.4377  HBOND      =        0.0000
 1-4 VDW =        4.1033  1-4 EEL =       65.4409  RESTRAINT  =        0.0000


   NSTEP       ENERGY          RMS            GMAX         NAME    NUMBER
     95       2.5294E+01     7.1585E-01     2.3706E+00     HC1        15

 BOND    =        0.5734  ANGLE   =        8.3251  DIHED      =       12.6952
 VDWAALS =       -2.4256  EEL     =      -63.3458  HBOND      =        0.0000
 1-4 VDW =        4.0991  1-4 EEL =       65.3728  RESTRAINT  =        0.0000


   NSTEP       ENERGY          RMS            GMAX         NAME    NUMBER
     96       2.5252E+01     5.8181E-01     1.9948E+00     N2          9

 BOND    =        0.5801  ANGLE   =        8.3338  DIHED      =       12.6989
 VDWAALS =       -2.4321  EEL     =      -63.4490  HBOND      =        0.0000
 1-4 VDW =        4.0901  1-4 EEL =       65.4301  RESTRAINT  =        0.0000


   NSTEP       ENERGY          RMS            GMAX         NAME    NUMBER
     97       2.5239E+01     9.0708E-01     3.4041E+00     N2          9

 BOND    =        0.6020  ANGLE   =        8.3505  DIHED      =       12.7045
 VDWAALS =       -2.4379  EEL     =      -63.5459  HBOND      =        0.0000
 1-4 VDW =        4.0821  1-4 EEL =       65.4836  RESTRAINT  =        0.0000


   NSTEP       ENERGY          RMS            GMAX         NAME    NUMBER
     98       2.5215E+01     1.4510E+00     7.4587E+00     C7          7

 BOND    =        0.6002  ANGLE   =        8.4026  DIHED      =       12.7106
 VDWAALS =       -2.4496  EEL     =      -63.7485  HBOND      =        0.0000
 1-4 VDW =        4.0444  1-4 EEL =       65.6550  RESTRAINT  =        0.0000


   NSTEP       ENERGY          RMS            GMAX         NAME    NUMBER
     99       2.5203E+01     8.6598E-01     4.4303E+00     C7          7

 BOND    =        0.5889  ANGLE   =        8.3768  DIHED      =       12.7077
 VDWAALS =       -2.4455  EEL     =      -63.6757  HBOND      =        0.0000
 1-4 VDW =        4.0578  1-4 EEL =       65.5933  RESTRAINT  =        0.0000


   NSTEP       ENERGY          RMS            GMAX         NAME    NUMBER
    100       2.5173E+01     7.0825E-01     2.2107E+00     N2          9

 BOND    =        0.5809  ANGLE   =        8.3764  DIHED      =       12.7165
 VDWAALS =       -2.4511  EEL     =      -63.7534  HBOND      =        0.0000
 1-4 VDW =        4.0343  1-4 EEL =       65.6690  RESTRAINT  =        0.0000


  Maximum number of minimization cycles reached.


                    FINAL RESULTS



   NSTEP       ENERGY          RMS            GMAX         NAME    NUMBER
    100       2.5173E+01     7.0825E-01     2.2107E+00     N2          9

 BOND    =        0.5809  ANGLE   =        8.3764  DIHED      =       12.7165
 VDWAALS =       -2.4511  EEL     =      -63.7534  HBOND      =        0.0000
 1-4 VDW =        4.0343  1-4 EEL =       65.6690  RESTRAINT  =        0.0000

--------------------------------------------------------------------------------
   5.  TIMINGS
--------------------------------------------------------------------------------

|    Read coords time           0.00 ( 0.38% of Total)
|    Fast Water setup           0.00 ( 0.01% of Total)
|                Build the list             0.00 (89.68% of List )
|                Other                      0.00 (10.32% of List )
|             List time                  0.00 ( 7.64% of Nonbo)
|                   Short_ene time             0.00 (98.20% of Direc)
|                   Other                      0.00 ( 1.80% of Direc)
|                Direct Ewald time          0.00 (90.37% of Ewald)
|                Force Adjust               0.00 ( 0.16% of Ewald)
|                Virial junk                0.00 ( 0.46% of Ewald)
|                Start synchronizatio       0.00 ( 0.59% of Ewald)
|                Other                      0.00 ( 8.42% of Ewald)
|             Ewald time                 0.00 (91.62% of Nonbo)
|             IPS excludes               0.00 ( 0.17% of Nonbo)
|             Other                      0.00 ( 0.58% of Nonbo)
|          Nonbond force              0.00 (59.79% of Force)
|          Bond/Angle/Dihedral        0.00 (38.25% of Force)
|          Other                      0.00 ( 1.96% of Force)
|       Force time                 0.01 (100.0% of Runmd)
|    Runmd Time                 0.01 (19.28% of Total)
|    Other                      0.03 (80.32% of Total)
| Total time                 0.04 (99.06% of ALL  )

| Number of list builds   :          1

| Highest rstack allocated:        100
| Highest istack allocated:         20
|           Job began  at 15:19:11.431  on 04/20/2016
|           Setup done at 15:19:11.436  on 04/20/2016
|           Run   done at 15:19:11.473  on 04/20/2016
|     wallclock() was called    2335 times
