
          -------------------------------------------------------
          Amber 14 SANDER                              2014
          -------------------------------------------------------

| Run on 05/22/2015 at 14:43:27

|   Executable path: sander
| Working directory: /net/chevy/raid1/nigel/amber/library/amber_library/n
|          Hostname: chevy.lbl.gov

  [-O]verwriting output

File Assignments:
|  MDIN: sander.in                                                             
| MDOUT: NNI.min_igb.out                                                       
|INPCRD: NNI.rst7                                                              
|  PARM: NNI.prmtop                                                            
|RESTRT: NNI.min_igb.rst7                                                      
|  REFC: refc                                                                  
| MDVEL: mdvel                                                                 
| MDFRC: mdfrc                                                                 
|  MDEN: mden                                                                  
| MDCRD: mdcrd                                                                 
|MDINFO: mdinfo                                                                
|  MTMD: mtmd                                                                  
|INPDIP: inpdip                                                                
|RSTDIP: rstdip                                                                
|INPTRA: inptraj                                                               


 Here is the input file:

  short minimization                                                           
 &cntrl                                                                        
   imin=1, maxcyc=100, ncyc=50, ntpr=1, cut=99., ntb=0, igb=2                  
 /                                                                             

--------------------------------------------------------------------------------
   1.  RESOURCE   USE: 
--------------------------------------------------------------------------------

| Flags:                                                                        
| New format PARM file being parsed.
| Version =    1.000 Date = 05/22/15 Time = 14:43:27
 NATOM  =      37 NTYPES =      10 NBONH =      13 MBONA  =      26
 NTHETH =      28 MTHETA =      36 NPHIH =      56 MPHIA  =      60
 NHPARM =       0 NPARM  =       0 NNB   =     190 NRES   =       1
 NBONA  =      26 NTHETA =      36 NPHIA =      60 NUMBND =      14
 NUMANG =      23 NPTRA  =      17 NATYP =      11 NPHB   =       0
 IFBOX  =       0 NMXRS  =      37 IFCAP =       0 NEXTRA =       0
 NCOPY  =       0

 Implicit solvent radii are H(N)-modified Bondi radii (mbondi2)                                             

|     Memory Use     Allocated
|     Real                6417
|     Hollerith            114
|     Integer            21888
|     Max Pairs              1
|     nblistReal             0
|     nblist Int             0
|       Total              136 kbytes

| Note: 1-4 EEL scale factors are being read from the topology file.

| Note: 1-4 VDW scale factors are being read from the topology file.
| Duplicated    0 dihedrals
| Duplicated    0 dihedrals

--------------------------------------------------------------------------------
   2.  CONTROL  DATA  FOR  THE  RUN
--------------------------------------------------------------------------------

NNI                                                                             

General flags:
     imin    =       1, nmropt  =       0

Nature and format of input:
     ntx     =       1, irest   =       0, ntrx    =       1

Nature and format of output:
     ntxo    =       1, ntpr    =       1, ntrx    =       1, ntwr    =     500
     iwrap   =       0, ntwx    =       0, ntwv    =       0, ntwe    =       0
     ioutfm  =       0, ntwprt  =       0, idecomp =       0, rbornstat=      0

Potential function:
     ntf     =       1, ntb     =       0, igb     =       2, nsnb    =      25
     ipol    =       0, gbsa    =       0, iesp    =       0
     dielc   =   1.00000, cut     =  99.00000, intdiel =   1.00000
     saltcon =   0.00000, offset  =   0.09000, gbalpha=    0.80000
     gbbeta  =   0.00000, gbgamma =   2.90912, surften =   0.00500
     rdt     =   0.00000, rgbmax  =  25.00000  extdiel =  78.50000
     alpb  =        0

Frozen or restrained atoms:
     ibelly  =       0, ntr     =       0

Energy minimization:
     maxcyc  =     100, ncyc    =      50, ntmin   =       1
     dx0     =   0.01000, drms    =   0.00010
|  INFO: Old style inpcrd file read


--------------------------------------------------------------------------------
   3.  ATOMIC COORDINATES AND VELOCITIES
--------------------------------------------------------------------------------

NNI                                                                             
 begin time read from input coords =     0.000 ps

 Number of triangulated 3-point waters found:        0

--------------------------------------------------------------------------------
   4.  RESULTS
--------------------------------------------------------------------------------



   NSTEP       ENERGY          RMS            GMAX         NAME    NUMBER
      1      -5.9015E+01     2.3334E+01     9.4072E+01     N1         14

 BOND    =       14.9025  ANGLE   =       23.6469  DIHED      =        6.1371
 VDWAALS =        1.6872  EEL     =      -17.4317  EGB        =      -26.7730
 1-4 VDW =       10.2109  1-4 EEL =      -71.3945  RESTRAINT  =        0.0000


   NSTEP       ENERGY          RMS            GMAX         NAME    NUMBER
      2      -6.1786E+01     2.0528E+01     8.1663E+01     N1         14

 BOND    =       12.5670  ANGLE   =       23.3864  DIHED      =        6.1243
 VDWAALS =        1.5902  EEL     =      -17.4087  EGB        =      -26.7961
 1-4 VDW =       10.1918  1-4 EEL =      -71.4410  RESTRAINT  =        0.0000


   NSTEP       ENERGY          RMS            GMAX         NAME    NUMBER
      3      -6.4651E+01     1.7283E+01     6.7055E+01     N1         14

 BOND    =       10.1437  ANGLE   =       23.1640  DIHED      =        6.1087
 VDWAALS =        1.4667  EEL     =      -17.3779  EGB        =      -26.8247
 1-4 VDW =       10.1701  1-4 EEL =      -71.5018  RESTRAINT  =        0.0000


   NSTEP       ENERGY          RMS            GMAX         NAME    NUMBER
      4      -6.7457E+01     1.3632E+01     5.0101E+01     N1         14

 BOND    =        7.7608  ANGLE   =       23.0195  DIHED      =        6.0900
 VDWAALS =        1.3059  EEL     =      -17.3352  EGB        =      -26.8600
 1-4 VDW =       10.1455  1-4 EEL =      -71.5838  RESTRAINT  =        0.0000


   NSTEP       ENERGY          RMS            GMAX         NAME    NUMBER
      5      -6.9993E+01     9.7921E+00     3.1100E+01     N1         14

 BOND    =        5.6057  ANGLE   =       23.0012  DIHED      =        6.0670
 VDWAALS =        1.0893  EEL     =      -17.2731  EGB        =      -26.9017
 1-4 VDW =       10.1180  1-4 EEL =      -71.6998  RESTRAINT  =        0.0000


   NSTEP       ENERGY          RMS            GMAX         NAME    NUMBER
      6      -7.2059E+01     6.4800E+00     2.0303E+01     I15         4

 BOND    =        3.8908  ANGLE   =       23.1344  DIHED      =        6.0391
 VDWAALS =        0.7842  EEL     =      -17.1762  EGB        =      -26.9447
 1-4 VDW =       10.0885  1-4 EEL =      -71.8750  RESTRAINT  =        0.0000


   NSTEP       ENERGY          RMS            GMAX         NAME    NUMBER
      7      -7.3716E+01     4.6116E+00     1.3743E+01     O2         16

 BOND    =        2.6797  ANGLE   =       23.3146  DIHED      =        6.0077
 VDWAALS =        0.3540  EEL     =      -17.0215  EGB        =      -26.9649
 1-4 VDW =       10.0629  1-4 EEL =      -72.1481  RESTRAINT  =        0.0000


   NSTEP       ENERGY          RMS            GMAX         NAME    NUMBER
      8      -7.5171E+01     3.3583E+00     1.0668E+01     S1         10

 BOND    =        1.8097  ANGLE   =       23.3920  DIHED      =        5.9807
 VDWAALS =       -0.1531  EEL     =      -16.8174  EGB        =      -26.9281
 1-4 VDW =       10.0571  1-4 EEL =      -72.5121  RESTRAINT  =        0.0000


   NSTEP       ENERGY          RMS            GMAX         NAME    NUMBER
      9      -7.6371E+01     2.6407E+00     8.5822E+00     S1         10

 BOND    =        1.2600  ANGLE   =       23.5430  DIHED      =        5.9587
 VDWAALS =       -0.7238  EEL     =      -16.5923  EGB        =      -26.9201
 1-4 VDW =       10.0509  1-4 EEL =      -72.9477  RESTRAINT  =        0.0000


   NSTEP       ENERGY          RMS            GMAX         NAME    NUMBER
     10      -7.6595E+01     6.2649E+00     2.2797E+01     N1         14

 BOND    =        1.2599  ANGLE   =       24.0038  DIHED      =        5.9395
 VDWAALS =       -1.2601  EEL     =      -16.3392  EGB        =      -26.8921
 1-4 VDW =       10.0100  1-4 EEL =      -73.3164  RESTRAINT  =        0.0000


   NSTEP       ENERGY          RMS            GMAX         NAME    NUMBER
     11      -7.5177E+01     1.1436E+01     3.8856E+01     C12         7

 BOND    =        3.0701  ANGLE   =       23.9195  DIHED      =        5.9471
 VDWAALS =       -1.4504  EEL     =      -16.3236  EGB        =      -26.9587
 1-4 VDW =       10.0058  1-4 EEL =      -73.3866  RESTRAINT  =        0.0000


   NSTEP       ENERGY          RMS            GMAX         NAME    NUMBER
     12      -7.7437E+01     2.7393E+00     9.6287E+00     N1         14

 BOND    =        1.0767  ANGLE   =       23.7258  DIHED      =        5.9445
 VDWAALS =       -1.4979  EEL     =      -16.3061  EGB        =      -26.9600
 1-4 VDW =        9.9751  1-4 EEL =      -73.3952  RESTRAINT  =        0.0000


   NSTEP       ENERGY          RMS            GMAX         NAME    NUMBER
     13      -7.6909E+01     6.8878E+00     2.7490E+01     N1         14

 BOND    =        1.2646  ANGLE   =       24.1963  DIHED      =        5.9456
 VDWAALS =       -1.6904  EEL     =      -16.2002  EGB        =      -26.9148
 1-4 VDW =        9.9312  1-4 EEL =      -73.4413  RESTRAINT  =        0.0000


   NSTEP       ENERGY          RMS            GMAX         NAME    NUMBER
     14      -7.7753E+01     1.9623E+00     7.6857E+00     N1         14

 BOND    =        0.8370  ANGLE   =       23.8854  DIHED      =        5.9482
 VDWAALS =       -1.7290  EEL     =      -16.2095  EGB        =      -26.9483
 1-4 VDW =        9.9197  1-4 EEL =      -73.4564  RESTRAINT  =        0.0000


   NSTEP       ENERGY          RMS            GMAX         NAME    NUMBER
     15      -7.7709E+01     3.6153E+00     1.5043E+01     N1         14

 BOND    =        1.2138  ANGLE   =       23.8309  DIHED      =        5.9561
 VDWAALS =       -1.8780  EEL     =      -16.2106  EGB        =      -27.0200
 1-4 VDW =        9.8850  1-4 EEL =      -73.4860  RESTRAINT  =        0.0000


   NSTEP       ENERGY          RMS            GMAX         NAME    NUMBER
     16      -7.7965E+01     1.0983E+00     4.0042E+00     S1         10

 BOND    =        0.8990  ANGLE   =       23.8745  DIHED      =        5.9566
 VDWAALS =       -1.9054  EEL     =      -16.1851  EGB        =      -26.9950
 1-4 VDW =        9.8761  1-4 EEL =      -73.4853  RESTRAINT  =        0.0000


   NSTEP       ENERGY          RMS            GMAX         NAME    NUMBER
     17      -7.8054E+01     1.5006E+00     6.0916E+00     N1         14

 BOND    =        0.8383  ANGLE   =       23.9540  DIHED      =        5.9625
 VDWAALS =       -2.0218  EEL     =      -16.1370  EGB        =      -26.9887
 1-4 VDW =        9.8409  1-4 EEL =      -73.5021  RESTRAINT  =        0.0000


   NSTEP       ENERGY          RMS            GMAX         NAME    NUMBER
     18      -7.8061E+01     2.4538E+00     1.1101E+01     N1         14

 BOND    =        1.0681  ANGLE   =       23.9291  DIHED      =        5.9701
 VDWAALS =       -2.1287  EEL     =      -16.1519  EGB        =      -27.0519
 1-4 VDW =        9.8142  1-4 EEL =      -73.5103  RESTRAINT  =        0.0000


   NSTEP       ENERGY          RMS            GMAX         NAME    NUMBER
     19      -7.8085E+01     2.7303E+00     1.2758E+01     N1         14

 BOND    =        0.8708  ANGLE   =       24.0366  DIHED      =        5.9729
 VDWAALS =       -2.1728  EEL     =      -16.0900  EGB        =      -26.9903
 1-4 VDW =        9.7976  1-4 EEL =      -73.5102  RESTRAINT  =        0.0000


   NSTEP       ENERGY          RMS            GMAX         NAME    NUMBER
     20      -7.8044E+01     3.4908E+00     1.6192E+01     N1         14

 BOND    =        1.2208  ANGLE   =       23.9838  DIHED      =        5.9793
 VDWAALS =       -2.2545  EEL     =      -16.1341  EGB        =      -27.0910
 1-4 VDW =        9.7748  1-4 EEL =      -73.5236  RESTRAINT  =        0.0000


   NSTEP       ENERGY          RMS            GMAX         NAME    NUMBER
     21      -7.8286E+01     7.9621E-01     2.9869E+00     H13        25

 BOND    =        0.9049  ANGLE   =       23.9871  DIHED      =        5.9802
 VDWAALS =       -2.2671  EEL     =      -16.1019  EGB        =      -27.0450
 1-4 VDW =        9.7717  1-4 EEL =      -73.5159  RESTRAINT  =        0.0000


   NSTEP       ENERGY          RMS            GMAX         NAME    NUMBER
     22      -7.8345E+01     1.4484E+00     6.4478E+00     N1         14

 BOND    =        0.8640  ANGLE   =       24.0727  DIHED      =        5.9891
 VDWAALS =       -2.3722  EEL     =      -16.0607  EGB        =      -27.0473
 1-4 VDW =        9.7349  1-4 EEL =      -73.5258  RESTRAINT  =        0.0000


   NSTEP       ENERGY          RMS            GMAX         NAME    NUMBER
     23      -7.8281E+01     2.8157E+00     1.3435E+01     N1         14

 BOND    =        1.1378  ANGLE   =       24.0070  DIHED      =        5.9965
 VDWAALS =       -2.4533  EEL     =      -16.0951  EGB        =      -27.0934
 1-4 VDW =        9.7264  1-4 EEL =      -73.5068  RESTRAINT  =        0.0000


   NSTEP       ENERGY          RMS            GMAX         NAME    NUMBER
     24      -7.8433E+01     8.1161E-01     2.7262E+00     N1         14

 BOND    =        0.9321  ANGLE   =       24.0463  DIHED      =        5.9969
 VDWAALS =       -2.4583  EEL     =      -16.0669  EGB        =      -27.0789
 1-4 VDW =        9.7151  1-4 EEL =      -73.5194  RESTRAINT  =        0.0000


   NSTEP       ENERGY          RMS            GMAX         NAME    NUMBER
     25      -7.8453E+01     1.3876E+00     6.3961E+00     N1         14

 BOND    =        0.8818  ANGLE   =       24.1040  DIHED      =        6.0018
 VDWAALS =       -2.5114  EEL     =      -16.0360  EGB        =      -27.0668
 1-4 VDW =        9.6954  1-4 EEL =      -73.5221  RESTRAINT  =        0.0000


   NSTEP       ENERGY          RMS            GMAX         NAME    NUMBER
     26      -7.8458E+01     1.7794E+00     8.5752E+00     N1         14

 BOND    =        1.0272  ANGLE   =       24.0697  DIHED      =        6.0064
 VDWAALS =       -2.5615  EEL     =      -16.0631  EGB        =      -27.1094
 1-4 VDW =        9.6883  1-4 EEL =      -73.5154  RESTRAINT  =        0.0000


   NSTEP       ENERGY          RMS            GMAX         NAME    NUMBER
     27      -7.8460E+01     2.0814E+00     1.0159E+01     N1         14

 BOND    =        0.8996  ANGLE   =       24.1468  DIHED      =        6.0082
 VDWAALS =       -2.5805  EEL     =      -16.0147  EGB        =      -27.0702
 1-4 VDW =        9.6734  1-4 EEL =      -73.5226  RESTRAINT  =        0.0000


   NSTEP       ENERGY          RMS            GMAX         NAME    NUMBER
     28      -7.8441E+01     2.5621E+00     1.2721E+01     N1         14

 BOND    =        1.1157  ANGLE   =       24.0935  DIHED      =        6.0126
 VDWAALS =       -2.6315  EEL     =      -16.0630  EGB        =      -27.1294
 1-4 VDW =        9.6715  1-4 EEL =      -73.5099  RESTRAINT  =        0.0000


   NSTEP       ENERGY          RMS            GMAX         NAME    NUMBER
     29      -7.8571E+01     5.5458E-01     2.1506E+00     H13        25

 BOND    =        0.9320  ANGLE   =       24.1092  DIHED      =        6.0130
 VDWAALS =       -2.6345  EEL     =      -16.0334  EGB        =      -27.1048
 1-4 VDW =        9.6636  1-4 EEL =      -73.5165  RESTRAINT  =        0.0000


   NSTEP       ENERGY          RMS            GMAX         NAME    NUMBER
     30      -7.8606E+01     1.0186E+00     4.3935E+00     N1         14

 BOND    =        0.9060  ANGLE   =       24.1491  DIHED      =        6.0185
 VDWAALS =       -2.6986  EEL     =      -16.0119  EGB        =      -27.1004
 1-4 VDW =        9.6444  1-4 EEL =      -73.5128  RESTRAINT  =        0.0000


   NSTEP       ENERGY          RMS            GMAX         NAME    NUMBER
     31      -7.8566E+01     2.1294E+00     1.0181E+01     N1         14

 BOND    =        1.0815  ANGLE   =       24.1418  DIHED      =        6.0236
 VDWAALS =       -2.7461  EEL     =      -16.0363  EGB        =      -27.1506
 1-4 VDW =        9.6351  1-4 EEL =      -73.5150  RESTRAINT  =        0.0000


   NSTEP       ENERGY          RMS            GMAX         NAME    NUMBER
     32      -7.8653E+01     6.2798E-01     2.2909E+00     N1         14

 BOND    =        0.9546  ANGLE   =       24.1442  DIHED      =        6.0231
 VDWAALS =       -2.7503  EEL     =      -16.0191  EGB        =      -27.1266
 1-4 VDW =        9.6325  1-4 EEL =      -73.5110  RESTRAINT  =        0.0000


   NSTEP       ENERGY          RMS            GMAX         NAME    NUMBER
     33      -7.8664E+01     1.0565E+00     4.8443E+00     N1         14

 BOND    =        0.9145  ANGLE   =       24.1793  DIHED      =        6.0251
 VDWAALS =       -2.7803  EEL     =      -15.9999  EGB        =      -27.1145
 1-4 VDW =        9.6220  1-4 EEL =      -73.5096  RESTRAINT  =        0.0000


   NSTEP       ENERGY          RMS            GMAX         NAME    NUMBER
     34      -7.8668E+01     1.3136E+00     6.4505E+00     N1         14

 BOND    =        1.0119  ANGLE   =       24.1588  DIHED      =        6.0277
 VDWAALS =       -2.8100  EEL     =      -16.0207  EGB        =      -27.1469
 1-4 VDW =        9.6185  1-4 EEL =      -73.5076  RESTRAINT  =        0.0000


   NSTEP       ENERGY          RMS            GMAX         NAME    NUMBER
     35      -7.8670E+01     1.5638E+00     7.6495E+00     N1         14

 BOND    =        0.9200  ANGLE   =       24.2043  DIHED      =        6.0278
 VDWAALS =       -2.8231  EEL     =      -15.9890  EGB        =      -27.1143
 1-4 VDW =        9.6105  1-4 EEL =      -73.5061  RESTRAINT  =        0.0000


   NSTEP       ENERGY          RMS            GMAX         NAME    NUMBER
     36      -7.8662E+01     1.9018E+00     9.6460E+00     N1         14

 BOND    =        1.0677  ANGLE   =       24.1752  DIHED      =        6.0304
 VDWAALS =       -2.8525  EEL     =      -16.0224  EGB        =      -27.1628
 1-4 VDW =        9.6083  1-4 EEL =      -73.5061  RESTRAINT  =        0.0000


   NSTEP       ENERGY          RMS            GMAX         NAME    NUMBER
     37      -7.8735E+01     4.3645E-01     1.6721E+00     H13        25

 BOND    =        0.9515  ANGLE   =       24.1832  DIHED      =        6.0301
 VDWAALS =       -2.8562  EEL     =      -16.0038  EGB        =      -27.1406
 1-4 VDW =        9.6051  1-4 EEL =      -73.5041  RESTRAINT  =        0.0000


   NSTEP       ENERGY          RMS            GMAX         NAME    NUMBER
     38      -7.8759E+01     7.0931E-01     2.8898E+00     N1         14

 BOND    =        0.9328  ANGLE   =       24.2112  DIHED      =        6.0317
 VDWAALS =       -2.8940  EEL     =      -15.9911  EGB        =      -27.1394
 1-4 VDW =        9.5934  1-4 EEL =      -73.5034  RESTRAINT  =        0.0000


   NSTEP       ENERGY          RMS            GMAX         NAME    NUMBER
     39      -7.8742E+01     1.5566E+00     7.3031E+00     N1         14

 BOND    =        1.0415  ANGLE   =       24.1918  DIHED      =        6.0342
 VDWAALS =       -2.9296  EEL     =      -16.0133  EGB        =      -27.1656
 1-4 VDW =        9.5924  1-4 EEL =      -73.4938  RESTRAINT  =        0.0000


   NSTEP       ENERGY          RMS            GMAX         NAME    NUMBER
     40      -7.8789E+01     4.7715E-01     1.6063E+00     N1         14

 BOND    =        0.9646  ANGLE   =       24.2072  DIHED      =        6.0333
 VDWAALS =       -2.9305  EEL     =      -15.9983  EGB        =      -27.1546
 1-4 VDW =        9.5874  1-4 EEL =      -73.4985  RESTRAINT  =        0.0000


   NSTEP       ENERGY          RMS            GMAX         NAME    NUMBER
     41      -7.8801E+01     7.2490E-01     3.1143E+00     N1         14

 BOND    =        0.9384  ANGLE   =       24.2278  DIHED      =        6.0334
 VDWAALS =       -2.9499  EEL     =      -15.9862  EGB        =      -27.1473
 1-4 VDW =        9.5808  1-4 EEL =      -73.4981  RESTRAINT  =        0.0000


   NSTEP       ENERGY          RMS            GMAX         NAME    NUMBER
     42      -7.8805E+01     9.9856E-01     4.9818E+00     N1         14

 BOND    =        1.0025  ANGLE   =       24.2166  DIHED      =        6.0342
 VDWAALS =       -2.9720  EEL     =      -16.0033  EGB        =      -27.1689
 1-4 VDW =        9.5797  1-4 EEL =      -73.4939  RESTRAINT  =        0.0000


   NSTEP       ENERGY          RMS            GMAX         NAME    NUMBER
     43      -7.8810E+01     1.1488E+00     5.6376E+00     N1         14

 BOND    =        0.9386  ANGLE   =       24.2454  DIHED      =        6.0335
 VDWAALS =       -2.9792  EEL     =      -15.9779  EGB        =      -27.1468
 1-4 VDW =        9.5731  1-4 EEL =      -73.4968  RESTRAINT  =        0.0000


   NSTEP       ENERGY          RMS            GMAX         NAME    NUMBER
     44      -7.8807E+01     1.4308E+00     7.5428E+00     N1         14

 BOND    =        1.0345  ANGLE   =       24.2275  DIHED      =        6.0340
 VDWAALS =       -3.0016  EEL     =      -16.0081  EGB        =      -27.1788
 1-4 VDW =        9.5748  1-4 EEL =      -73.4895  RESTRAINT  =        0.0000


   NSTEP       ENERGY          RMS            GMAX         NAME    NUMBER
     45      -7.8849E+01     3.7727E-01     1.3777E+00     H13        25

 BOND    =        0.9648  ANGLE   =       24.2332  DIHED      =        6.0337
 VDWAALS =       -3.0027  EEL     =      -15.9914  EGB        =      -27.1646
 1-4 VDW =        9.5710  1-4 EEL =      -73.4927  RESTRAINT  =        0.0000


   NSTEP       ENERGY          RMS            GMAX         NAME    NUMBER
     46      -7.8866E+01     5.3243E-01     2.2340E+00     N1         14

 BOND    =        0.9488  ANGLE   =       24.2501  DIHED      =        6.0326
 VDWAALS =       -3.0256  EEL     =      -15.9854  EGB        =      -27.1619
 1-4 VDW =        9.5653  1-4 EEL =      -73.4900  RESTRAINT  =        0.0000


   NSTEP       ENERGY          RMS            GMAX         NAME    NUMBER
     47      -7.8865E+01     1.0951E+00     5.0991E+00     C7         23

 BOND    =        1.0199  ANGLE   =       24.2374  DIHED      =        6.0339
 VDWAALS =       -3.0488  EEL     =      -15.9970  EGB        =      -27.1834
 1-4 VDW =        9.5629  1-4 EEL =      -73.4899  RESTRAINT  =        0.0000


   NSTEP       ENERGY          RMS            GMAX         NAME    NUMBER
     48      -7.8889E+01     3.7083E-01     1.2892E+00     H13        25

 BOND    =        0.9693  ANGLE   =       24.2494  DIHED      =        6.0321
 VDWAALS =       -3.0509  EEL     =      -15.9898  EGB        =      -27.1725
 1-4 VDW =        9.5612  1-4 EEL =      -73.4878  RESTRAINT  =        0.0000


   NSTEP       ENERGY          RMS            GMAX         NAME    NUMBER
     49      -7.8901E+01     4.5343E-01     1.6308E+00     N1         14

 BOND    =        0.9569  ANGLE   =       24.2594  DIHED      =        6.0314
 VDWAALS =       -3.0653  EEL     =      -15.9841  EGB        =      -27.1702
 1-4 VDW =        9.5575  1-4 EEL =      -73.4869  RESTRAINT  =        0.0000


   NSTEP       ENERGY          RMS            GMAX         NAME    NUMBER
     50      -7.8909E+01     7.1041E-01     3.8792E+00     N1         14

 BOND    =        0.9910  ANGLE   =       24.2571  DIHED      =        6.0298
 VDWAALS =       -3.0822  EEL     =      -15.9948  EGB        =      -27.1821
 1-4 VDW =        9.5561  1-4 EEL =      -73.4836  RESTRAINT  =        0.0000


   NSTEP       ENERGY          RMS            GMAX         NAME    NUMBER
     51      -7.8912E+01     9.4451E-01     5.1563E+00     N1         14

 BOND    =        0.9568  ANGLE   =       24.2713  DIHED      =        6.0304
 VDWAALS =       -3.0897  EEL     =      -15.9769  EGB        =      -27.1699
 1-4 VDW =        9.5521  1-4 EEL =      -73.4859  RESTRAINT  =        0.0000


   NSTEP       ENERGY          RMS            GMAX         NAME    NUMBER
     52      -6.6096E+01     2.7181E+01     1.6018E+02     N1         14

 BOND    =       12.0145  ANGLE   =       26.7112  DIHED      =        5.9829
 VDWAALS =       -3.2596  EEL     =      -16.2906  EGB        =      -27.4391
 1-4 VDW =        9.5888  1-4 EEL =      -73.4037  RESTRAINT  =        0.0000


   NSTEP       ENERGY          RMS            GMAX         NAME    NUMBER
     53      -7.8930E+01     3.7096E-01     1.2084E+00     H13        25

 BOND    =        0.9679  ANGLE   =       24.2668  DIHED      =        6.0284
 VDWAALS =       -3.0960  EEL     =      -15.9883  EGB        =      -27.1783
 1-4 VDW =        9.5524  1-4 EEL =      -73.4826  RESTRAINT  =        0.0000


   NSTEP       ENERGY          RMS            GMAX         NAME    NUMBER
     54      -7.8935E+01     3.4963E-01     1.1997E+00     H13        25

 BOND    =        0.9724  ANGLE   =       24.2661  DIHED      =        6.0283
 VDWAALS =       -3.1020  EEL     =      -15.9887  EGB        =      -27.1805
 1-4 VDW =        9.5516  1-4 EEL =      -73.4823  RESTRAINT  =        0.0000


   NSTEP       ENERGY          RMS            GMAX         NAME    NUMBER
     55      -7.8950E+01     1.0158E+00     5.3520E+00     C7         23

 BOND    =        1.0130  ANGLE   =       24.2653  DIHED      =        6.0278
 VDWAALS =       -3.1370  EEL     =      -15.9910  EGB        =      -27.1939
 1-4 VDW =        9.5466  1-4 EEL =      -73.4804  RESTRAINT  =        0.0000


   NSTEP       ENERGY          RMS            GMAX         NAME    NUMBER
     56      -7.8989E+01     9.7953E-01     5.1571E+00     C7         23

 BOND    =        1.0148  ANGLE   =       24.2786  DIHED      =        6.0239
 VDWAALS =       -3.1788  EEL     =      -15.9905  EGB        =      -27.2005
 1-4 VDW =        9.5391  1-4 EEL =      -73.4754  RESTRAINT  =        0.0000


   NSTEP       ENERGY          RMS            GMAX         NAME    NUMBER
     57      -7.9283E+01     6.8699E-01     3.3627E+00     C7         23

 BOND    =        1.0482  ANGLE   =       24.4115  DIHED      =        6.0109
 VDWAALS =       -3.5418  EEL     =      -15.9857  EGB        =      -27.2670
 1-4 VDW =        9.4658  1-4 EEL =      -73.4248  RESTRAINT  =        0.0000


   NSTEP       ENERGY          RMS            GMAX         NAME    NUMBER
     58      -7.9495E+01     7.2233E-01     2.4138E+00     N2          8

 BOND    =        1.2041  ANGLE   =       24.7008  DIHED      =        6.0991
 VDWAALS =       -4.1133  EEL     =      -15.9730  EGB        =      -27.4180
 1-4 VDW =        9.3129  1-4 EEL =      -73.3077  RESTRAINT  =        0.0000


   NSTEP       ENERGY          RMS            GMAX         NAME    NUMBER
     59      -7.7275E+01     1.0599E+01     4.9813E+01     C11         9

 BOND    =        3.0377  ANGLE   =       25.2952  DIHED      =        6.1274
 VDWAALS =       -4.4235  EEL     =      -16.0913  EGB        =      -27.3615
 1-4 VDW =        9.3986  1-4 EEL =      -73.2577  RESTRAINT  =        0.0000


   NSTEP       ENERGY          RMS            GMAX         NAME    NUMBER
     60      -7.9522E+01     8.1991E-01     3.6506E+00     C11         9

 BOND    =        1.1884  ANGLE   =       24.7169  DIHED      =        6.0973
 VDWAALS =       -4.1460  EEL     =      -15.9851  EGB        =      -27.4108
 1-4 VDW =        9.3212  1-4 EEL =      -73.3036  RESTRAINT  =        0.0000


   NSTEP       ENERGY          RMS            GMAX         NAME    NUMBER
     61      -7.9569E+01     6.8697E-01     2.8696E+00     C11         9

 BOND    =        1.1407  ANGLE   =       24.7555  DIHED      =        6.0837
 VDWAALS =       -4.1786  EEL     =      -15.9939  EGB        =      -27.4031
 1-4 VDW =        9.3375  1-4 EEL =      -73.3109  RESTRAINT  =        0.0000


   NSTEP       ENERGY          RMS            GMAX         NAME    NUMBER
     62      -7.9635E+01     1.2182E+00     4.6153E+00     O3         11

 BOND    =        1.0499  ANGLE   =       24.8917  DIHED      =        6.0469
 VDWAALS =       -4.2780  EEL     =      -16.0211  EGB        =      -27.3804
 1-4 VDW =        9.3891  1-4 EEL =      -73.3330  RESTRAINT  =        0.0000


   NSTEP       ENERGY          RMS            GMAX         NAME    NUMBER
     63      -7.9736E+01     1.8760E+00     9.1334E+00     O3         11

 BOND    =        0.9652  ANGLE   =       24.8479  DIHED      =        5.9884
 VDWAALS =       -4.3369  EEL     =      -16.0244  EGB        =      -27.3242
 1-4 VDW =        9.4685  1-4 EEL =      -73.3208  RESTRAINT  =        0.0000


   NSTEP       ENERGY          RMS            GMAX         NAME    NUMBER
     64      -7.9737E+01     1.7042E+00     8.7376E+00     O3         11

 BOND    =        0.9655  ANGLE   =       24.8497  DIHED      =        5.9928
 VDWAALS =       -4.3318  EEL     =      -16.0242  EGB        =      -27.3290
 1-4 VDW =        9.4616  1-4 EEL =      -73.3220  RESTRAINT  =        0.0000


   NSTEP       ENERGY          RMS            GMAX         NAME    NUMBER
     65      -7.9897E+01     1.1794E+00     7.1232E+00     O3         11

 BOND    =        0.8867  ANGLE   =       24.8564  DIHED      =        5.9416
 VDWAALS =       -4.3448  EEL     =      -16.0659  EGB        =      -27.3764
 1-4 VDW =        9.5132  1-4 EEL =      -73.3083  RESTRAINT  =        0.0000


   NSTEP       ENERGY          RMS            GMAX         NAME    NUMBER
     66      -7.9962E+01     1.5956E+00     5.1518E+00     O3         11

 BOND    =        0.8649  ANGLE   =       24.8966  DIHED      =        5.9053
 VDWAALS =       -4.3606  EEL     =      -16.1109  EGB        =      -27.4377
 1-4 VDW =        9.5704  1-4 EEL =      -73.2896  RESTRAINT  =        0.0000


   NSTEP       ENERGY          RMS            GMAX         NAME    NUMBER
     67      -7.9990E+01     2.0801E+00     9.1129E+00     O3         11

 BOND    =        1.1433  ANGLE   =       24.3801  DIHED      =        5.8753
 VDWAALS =       -4.2935  EEL     =      -16.1999  EGB        =      -27.4503
 1-4 VDW =        9.6926  1-4 EEL =      -73.1380  RESTRAINT  =        0.0000


   NSTEP       ENERGY          RMS            GMAX         NAME    NUMBER
     68      -8.0067E+01     8.9865E-01     3.5145E+00     N2          8

 BOND    =        0.9710  ANGLE   =       24.5801  DIHED      =        5.8802
 VDWAALS =       -4.3245  EEL     =      -16.1607  EGB        =      -27.4422
 1-4 VDW =        9.6372  1-4 EEL =      -73.2085  RESTRAINT  =        0.0000


   NSTEP       ENERGY          RMS            GMAX         NAME    NUMBER
     69      -8.0104E+01     7.8462E-01     2.4115E+00     C12         7

 BOND    =        0.9954  ANGLE   =       24.5197  DIHED      =        5.8645
 VDWAALS =       -4.3058  EEL     =      -16.1614  EGB        =      -27.4597
 1-4 VDW =        9.6326  1-4 EEL =      -73.1890  RESTRAINT  =        0.0000


   NSTEP       ENERGY          RMS            GMAX         NAME    NUMBER
     70      -8.0104E+01     8.2880E-01     2.6791E+00     N2          8

 BOND    =        0.9983  ANGLE   =       24.5166  DIHED      =        5.8636
 VDWAALS =       -4.3047  EEL     =      -16.1615  EGB        =      -27.4608
 1-4 VDW =        9.6323  1-4 EEL =      -73.1878  RESTRAINT  =        0.0000


   NSTEP       ENERGY          RMS            GMAX         NAME    NUMBER
     71      -8.0146E+01     6.0635E-01     2.3300E+00     C9         13

 BOND    =        1.0217  ANGLE   =       24.4587  DIHED      =        5.8436
 VDWAALS =       -4.2950  EEL     =      -16.1780  EGB        =      -27.4603
 1-4 VDW =        9.6151  1-4 EEL =      -73.1518  RESTRAINT  =        0.0000


   NSTEP       ENERGY          RMS            GMAX         NAME    NUMBER
     72      -8.0151E+01     8.1233E-01     2.9645E+00     C9         13

 BOND    =        1.0453  ANGLE   =       24.4326  DIHED      =        5.8339
 VDWAALS =       -4.2899  EEL     =      -16.1865  EGB        =      -27.4603
 1-4 VDW =        9.6066  1-4 EEL =      -73.1333  RESTRAINT  =        0.0000


   NSTEP       ENERGY          RMS            GMAX         NAME    NUMBER
     73      -8.0175E+01     1.0080E+00     4.5855E+00     C17         6

 BOND    =        1.0138  ANGLE   =       24.4834  DIHED      =        5.8000
 VDWAALS =       -4.2688  EEL     =      -16.2047  EGB        =      -27.4520
 1-4 VDW =        9.5929  1-4 EEL =      -73.1392  RESTRAINT  =        0.0000


   NSTEP       ENERGY          RMS            GMAX         NAME    NUMBER
     74      -8.0182E+01     6.1894E-01     2.2216E+00     C16         5

 BOND    =        1.0133  ANGLE   =       24.4628  DIHED      =        5.8109
 VDWAALS =       -4.2758  EEL     =      -16.1987  EGB        =      -27.4547
 1-4 VDW =        9.5972  1-4 EEL =      -73.1373  RESTRAINT  =        0.0000


   NSTEP       ENERGY          RMS            GMAX         NAME    NUMBER
     75      -8.0206E+01     5.0828E-01     1.4336E+00     C15         3

 BOND    =        1.0085  ANGLE   =       24.4399  DIHED      =        5.7928
 VDWAALS =       -4.2656  EEL     =      -16.1939  EGB        =      -27.4566
 1-4 VDW =        9.6050  1-4 EEL =      -73.1363  RESTRAINT  =        0.0000


   NSTEP       ENERGY          RMS            GMAX         NAME    NUMBER
     76      -8.0211E+01     4.1794E-01     1.1742E+00     H13        25

 BOND    =        1.0141  ANGLE   =       24.4299  DIHED      =        5.7922
 VDWAALS =       -4.2648  EEL     =      -16.1921  EGB        =      -27.4596
 1-4 VDW =        9.6050  1-4 EEL =      -73.1360  RESTRAINT  =        0.0000


   NSTEP       ENERGY          RMS            GMAX         NAME    NUMBER
     77      -8.0216E+01     3.5956E-01     9.9354E-01     H13        25

 BOND    =        1.0182  ANGLE   =       24.4189  DIHED      =        5.7912
 VDWAALS =       -4.2642  EEL     =      -16.1898  EGB        =      -27.4621
 1-4 VDW =        9.6068  1-4 EEL =      -73.1353  RESTRAINT  =        0.0000


   NSTEP       ENERGY          RMS            GMAX         NAME    NUMBER
     78      -8.0221E+01     3.2442E-01     8.9163E-01     H102       31

 BOND    =        1.0184  ANGLE   =       24.4087  DIHED      =        5.7898
 VDWAALS =       -4.2641  EEL     =      -16.1872  EGB        =      -27.4637
 1-4 VDW =        9.6110  1-4 EEL =      -73.1345  RESTRAINT  =        0.0000


   NSTEP       ENERGY          RMS            GMAX         NAME    NUMBER
     79      -8.0227E+01     2.9964E-01     8.9646E-01     H102       31

 BOND    =        1.0146  ANGLE   =       24.4010  DIHED      =        5.7877
 VDWAALS =       -4.2646  EEL     =      -16.1844  EGB        =      -27.4649
 1-4 VDW =        9.6171  1-4 EEL =      -73.1338  RESTRAINT  =        0.0000


   NSTEP       ENERGY          RMS            GMAX         NAME    NUMBER
     80      -7.5866E+01     5.7941E+00     2.4406E+01     O3         11

 BOND    =        3.3748  ANGLE   =       24.8326  DIHED      =        5.8582
 VDWAALS =       -4.3713  EEL     =      -15.7683  EGB        =      -27.6507
 1-4 VDW =       10.8399  1-4 EEL =      -72.9816  RESTRAINT  =        0.0000


   NSTEP       ENERGY          RMS            GMAX         NAME    NUMBER
     81      -8.0274E+01     4.6079E-01     2.0106E+00     O3         11

 BOND    =        0.9503  ANGLE   =       24.3364  DIHED      =        5.7547
 VDWAALS =       -4.2811  EEL     =      -16.1442  EGB        =      -27.4793
 1-4 VDW =        9.7146  1-4 EEL =      -73.1249  RESTRAINT  =        0.0000


   NSTEP       ENERGY          RMS            GMAX         NAME    NUMBER
     82      -8.0322E+01     6.4633E-01     1.9274E+00     I15         4

 BOND    =        0.8298  ANGLE   =       24.4079  DIHED      =        5.7055
 VDWAALS =       -4.3153  EEL     =      -16.1259  EGB        =      -27.4602
 1-4 VDW =        9.7430  1-4 EEL =      -73.1064  RESTRAINT  =        0.0000


   NSTEP       ENERGY          RMS            GMAX         NAME    NUMBER
     83      -8.0322E+01     6.6760E-01     1.9630E+00     I15         4

 BOND    =        0.8265  ANGLE   =       24.4108  DIHED      =        5.7040
 VDWAALS =       -4.3164  EEL     =      -16.1253  EGB        =      -27.4595
 1-4 VDW =        9.7440  1-4 EEL =      -73.1057  RESTRAINT  =        0.0000


   NSTEP       ENERGY          RMS            GMAX         NAME    NUMBER
     84      -8.0343E+01     1.2993E+00     5.0497E+00     C16         5

 BOND    =        0.9419  ANGLE   =       24.3007  DIHED      =        5.6691
 VDWAALS =       -4.3036  EEL     =      -16.1140  EGB        =      -27.4817
 1-4 VDW =        9.7133  1-4 EEL =      -73.0693  RESTRAINT  =        0.0000


   NSTEP       ENERGY          RMS            GMAX         NAME    NUMBER
     85      -8.0353E+01     8.0474E-01     2.8790E+00     C16         5

 BOND    =        0.8896  ANGLE   =       24.3360  DIHED      =        5.6799
 VDWAALS =       -4.3082  EEL     =      -16.1180  EGB        =      -27.4736
 1-4 VDW =        9.7240  1-4 EEL =      -73.0825  RESTRAINT  =        0.0000


   NSTEP       ENERGY          RMS            GMAX         NAME    NUMBER
     86      -8.0386E+01     5.5532E-01     1.6403E+00     S1         10

 BOND    =        0.9296  ANGLE   =       24.2406  DIHED      =        5.6498
 VDWAALS =       -4.2867  EEL     =      -16.1073  EGB        =      -27.4699
 1-4 VDW =        9.6993  1-4 EEL =      -73.0412  RESTRAINT  =        0.0000


   NSTEP       ENERGY          RMS            GMAX         NAME    NUMBER
     87      -8.0386E+01     5.8392E-01     1.6281E+00     S1         10

 BOND    =        0.9331  ANGLE   =       24.2356  DIHED      =        5.6483
 VDWAALS =       -4.2855  EEL     =      -16.1068  EGB        =      -27.4697
 1-4 VDW =        9.6979  1-4 EEL =      -73.0389  RESTRAINT  =        0.0000


   NSTEP       ENERGY          RMS            GMAX         NAME    NUMBER
     88      -8.0406E+01     4.3155E-01     1.1065E+00     C11         9

 BOND    =        0.9602  ANGLE   =       24.2417  DIHED      =        5.6218
 VDWAALS =       -4.2700  EEL     =      -16.0934  EGB        =      -27.4920
 1-4 VDW =        9.6647  1-4 EEL =      -73.0388  RESTRAINT  =        0.0000


   NSTEP       ENERGY          RMS            GMAX         NAME    NUMBER
     89      -8.0406E+01     4.8716E-01     1.4678E+00     C11         9

 BOND    =        0.9662  ANGLE   =       24.2430  DIHED      =        5.6181
 VDWAALS =       -4.2677  EEL     =      -16.0915  EGB        =      -27.4953
 1-4 VDW =        9.6598  1-4 EEL =      -73.0388  RESTRAINT  =        0.0000


   NSTEP       ENERGY          RMS            GMAX         NAME    NUMBER
     90      -8.0413E+01     7.3898E-01     2.4398E+00     N2          8

 BOND    =        0.9960  ANGLE   =       24.2431  DIHED      =        5.5861
 VDWAALS =       -4.2504  EEL     =      -16.0927  EGB        =      -27.4948
 1-4 VDW =        9.6401  1-4 EEL =      -73.0408  RESTRAINT  =        0.0000


   NSTEP       ENERGY          RMS            GMAX         NAME    NUMBER
     91      -8.0416E+01     4.6974E-01     1.3060E+00     N2          8

 BOND    =        0.9825  ANGLE   =       24.2423  DIHED      =        5.5964
 VDWAALS =       -4.2561  EEL     =      -16.0923  EGB        =      -27.4949
 1-4 VDW =        9.6466  1-4 EEL =      -73.0402  RESTRAINT  =        0.0000


   NSTEP       ENERGY          RMS            GMAX         NAME    NUMBER
     92      -8.0431E+01     4.0658E-01     1.2928E+00     N2          8

 BOND    =        0.9944  ANGLE   =       24.2311  DIHED      =        5.5723
 VDWAALS =       -4.2455  EEL     =      -16.0872  EGB        =      -27.4904
 1-4 VDW =        9.6430  1-4 EEL =      -73.0487  RESTRAINT  =        0.0000


   NSTEP       ENERGY          RMS            GMAX         NAME    NUMBER
     93      -8.0445E+01     7.9128E-01     3.0267E+00     C11         9

 BOND    =        1.0327  ANGLE   =       24.2104  DIHED      =        5.5219
 VDWAALS =       -4.2214  EEL     =      -16.0758  EGB        =      -27.4804
 1-4 VDW =        9.6348  1-4 EEL =      -73.0670  RESTRAINT  =        0.0000


   NSTEP       ENERGY          RMS            GMAX         NAME    NUMBER
     94      -8.0480E+01     6.3637E-01     2.6782E+00     N2          8

 BOND    =        1.0471  ANGLE   =       24.2476  DIHED      =        5.4544
 VDWAALS =       -4.2019  EEL     =      -16.0471  EGB        =      -27.4934
 1-4 VDW =        9.6189  1-4 EEL =      -73.1053  RESTRAINT  =        0.0000


   NSTEP       ENERGY          RMS            GMAX         NAME    NUMBER
     95      -8.0481E+01     7.6684E-01     3.6282E+00     N2          8

 BOND    =        1.0544  ANGLE   =       24.2584  DIHED      =        5.4394
 VDWAALS =       -4.1972  EEL     =      -16.0401  EGB        =      -27.4966
 1-4 VDW =        9.6150  1-4 EEL =      -73.1143  RESTRAINT  =        0.0000


   NSTEP       ENERGY          RMS            GMAX         NAME    NUMBER
     96      -8.0516E+01     6.3739E-01     2.4662E+00     C11         9

 BOND    =        0.9647  ANGLE   =       24.3576  DIHED      =        5.3823
 VDWAALS =       -4.1879  EEL     =      -16.0126  EGB        =      -27.4749
 1-4 VDW =        9.6186  1-4 EEL =      -73.1641  RESTRAINT  =        0.0000


   NSTEP       ENERGY          RMS            GMAX         NAME    NUMBER
     97      -8.0516E+01     6.5163E-01     2.5173E+00     C11         9

 BOND    =        0.9632  ANGLE   =       24.3600  DIHED      =        5.3811
 VDWAALS =       -4.1877  EEL     =      -16.0119  EGB        =      -27.4744
 1-4 VDW =        9.6187  1-4 EEL =      -73.1652  RESTRAINT  =        0.0000


   NSTEP       ENERGY          RMS            GMAX         NAME    NUMBER
     98      -8.0542E+01     5.9578E-01     2.2342E+00     C13         1

 BOND    =        0.9247  ANGLE   =       24.3759  DIHED      =        5.3543
 VDWAALS =       -4.1689  EEL     =      -15.9835  EGB        =      -27.4583
 1-4 VDW =        9.6446  1-4 EEL =      -73.2313  RESTRAINT  =        0.0000


   NSTEP       ENERGY          RMS            GMAX         NAME    NUMBER
     99      -8.0542E+01     6.0888E-01     2.3269E+00     C13         1

 BOND    =        0.9241  ANGLE   =       24.3764  DIHED      =        5.3538
 VDWAALS =       -4.1685  EEL     =      -15.9829  EGB        =      -27.4579
 1-4 VDW =        9.6452  1-4 EEL =      -73.2327  RESTRAINT  =        0.0000


   NSTEP       ENERGY          RMS            GMAX         NAME    NUMBER
    100      -8.0559E+01     5.9818E-01     2.9394E+00     C14         2

 BOND    =        0.9509  ANGLE   =       24.3389  DIHED      =        5.3361
 VDWAALS =       -4.1534  EEL     =      -15.9471  EGB        =      -27.4600
 1-4 VDW =        9.6514  1-4 EEL =      -73.2760  RESTRAINT  =        0.0000


  Maximum number of minimization cycles reached.


                    FINAL RESULTS



   NSTEP       ENERGY          RMS            GMAX         NAME    NUMBER
    100      -8.0559E+01     5.9818E-01     2.9394E+00     C14         2

 BOND    =        0.9509  ANGLE   =       24.3389  DIHED      =        5.3361
 VDWAALS =       -4.1534  EEL     =      -15.9471  EGB        =      -27.4600
 1-4 VDW =        9.6514  1-4 EEL =      -73.2760  RESTRAINT  =        0.0000

--------------------------------------------------------------------------------
   5.  TIMINGS
--------------------------------------------------------------------------------

|    Read coords time           0.00 ( 0.40% of Total)
|    Fast Water setup           0.00 ( 0.01% of Total)
|                Calc gb radii              0.01 (26.67% of Gen B)
|                Calc gb diag               0.02 (41.70% of Gen B)
|                Calc gb off-diag           0.01 (31.43% of Gen B)
|                Other                      0.00 ( 0.20% of Gen B)
|             Gen Born time              0.04 (100.0% of Nonbo)
|             IPS excludes               0.00 ( 0.02% of Nonbo)
|          Nonbond force              0.04 (87.37% of Force)
|          Bond/Angle/Dihedral        0.01 (12.16% of Force)
|          Other                      0.00 ( 0.47% of Force)
|       Force time                 0.05 (100.0% of Runmd)
|    Runmd Time                 0.05 (69.25% of Total)
|    Other                      0.02 (30.34% of Total)
| Total time                 0.07 (100.0% of ALL  )

| Number of list builds   :          0

| Highest rstack allocated:          0
| Highest istack allocated:          0
|           Job began  at 14:43:27.337  on 05/22/2015
|           Setup done at 14:43:27.341  on 05/22/2015
|           Run   done at 14:43:27.408  on 05/22/2015
|     wallclock() was called    1828 times
