
          -------------------------------------------------------
          Amber 16 SANDER                              2016
          -------------------------------------------------------

| Run on 04/20/2016 at 15:16:53

|   Executable path: sander
| Working directory: /gpfs/gpfs/project1/dacase-001/haichit/phenix_amber/run_amber_library/amber_library/n
|          Hostname: e1c029

  [-O]verwriting output

File Assignments:
|  MDIN: NNZ_sander.in                                                         
| MDOUT: NNZ.min_igb.out                                                       
|INPCRD: NNZ.rst7                                                              
|  PARM: NNZ.prmtop                                                            
|RESTRT: NNZ.min_igb.rst7                                                      
|  REFC: refc                                                                  
| MDVEL: mdvel                                                                 
| MDFRC: mdfrc                                                                 
|  MDEN: mden                                                                  
| MDCRD: mdcrd                                                                 
|MDINFO: mdinfo                                                                
|  MTMD: mtmd                                                                  
|INPDIP: inpdip                                                                
|RSTDIP: rstdip                                                                
|INPTRA: inptraj                                                               


 Here is the input file:

  short minimization                                                           
 &cntrl                                                                        
   imin=1, maxcyc=100, ncyc=50, ntpr=1, cut=99., ntb=0, igb=2                  
 /                                                                             

--------------------------------------------------------------------------------
   1.  RESOURCE   USE: 
--------------------------------------------------------------------------------

| Flags:                                                                        
| New format PARM file being parsed.
| Version =    1.000 Date = 04/20/16 Time = 15:16:53
 NATOM  =      21 NTYPES =       9 NBONH =      12 MBONA  =       9
 NTHETH =      25 MTHETA =      11 NPHIH =      36 MPHIA  =      15
 NHPARM =       0 NPARM  =       0 NNB   =     102 NRES   =       1
 NBONA  =       9 NTHETA =      11 NPHIA =      15 NUMBND =      10
 NUMANG =      17 NPTRA  =       5 NATYP =       9 NPHB   =       0
 IFBOX  =       0 NMXRS  =      21 IFCAP =       0 NEXTRA =       0
 NCOPY  =       0

 Implicit solvent radii are H(N)-modified Bondi radii (mbondi2)                                             

|     Memory Use     Allocated
|     Real                4832
|     Hollerith             66
|     Integer            21006
|     Max Pairs              1
|     nblistReal             0
|     nblist Int             0
|       Total              120 kbytes

| Note: 1-4 EEL scale factors are being read from the topology file.

| Note: 1-4 VDW scale factors are being read from the topology file.
| Duplicated    0 dihedrals
| Duplicated    0 dihedrals

--------------------------------------------------------------------------------
   2.  CONTROL  DATA  FOR  THE  RUN
--------------------------------------------------------------------------------

NNZ                                                                             

General flags:
     imin    =       1, nmropt  =       0

Nature and format of input:
     ntx     =       1, irest   =       0, ntrx    =       1

Nature and format of output:
     ntxo    =       2, ntpr    =       1, ntrx    =       1, ntwr    =       1
     iwrap   =       0, ntwx    =       0, ntwv    =       0, ntwe    =       0
     ioutfm  =       1, ntwprt  =       0, idecomp =       0, rbornstat=      0

Potential function:
     ntf     =       1, ntb     =       0, igb     =       2, nsnb    =      25
     ipol    =       0, gbsa    =       0, iesp    =       0
     dielc   =   1.00000, cut     =  99.00000, intdiel =   1.00000
     saltcon =   0.00000, offset  =   0.09000, gbalpha=    0.80000
     gbbeta  =   0.00000, gbgamma =   2.90912, surften =   0.00500
     rdt     =   0.00000, rgbmax  =  25.00000  extdiel =  78.50000
     alpb  =        0

Frozen or restrained atoms:
     ibelly  =       0, ntr     =       0

Energy minimization:
     maxcyc  =     100, ncyc    =      50, ntmin   =       1
     dx0     =   0.01000, drms    =   0.00010
|  INFO: Old style inpcrd file read


--------------------------------------------------------------------------------
   3.  ATOMIC COORDINATES AND VELOCITIES
--------------------------------------------------------------------------------

NNZ                                                                             
 begin time read from input coords =     0.000 ps

 Number of triangulated 3-point waters found:        0

--------------------------------------------------------------------------------
   4.  RESULTS
--------------------------------------------------------------------------------



   NSTEP       ENERGY          RMS            GMAX         NAME    NUMBER
      1      -4.5066E+01     1.2680E+01     3.8987E+01     C25         7

 BOND    =        3.3103  ANGLE   =        1.9108  DIHED      =        0.1064
 VDWAALS =       -1.2807  EEL     =       95.9460  EGB        =     -196.5236
 1-4 VDW =        3.6839  1-4 EEL =       47.7805  RESTRAINT  =        0.0000


   NSTEP       ENERGY          RMS            GMAX         NAME    NUMBER
      2      -4.6155E+01     1.0227E+01     2.9304E+01     C25         7

 BOND    =        2.3523  ANGLE   =        1.8488  DIHED      =        0.1132
 VDWAALS =       -1.2822  EEL     =       95.9696  EGB        =     -196.5547
 1-4 VDW =        3.6016  1-4 EEL =       47.7963  RESTRAINT  =        0.0000


   NSTEP       ENERGY          RMS            GMAX         NAME    NUMBER
      3      -4.7166E+01     7.5458E+00     2.1287E+01     C17         2

 BOND    =        1.4775  ANGLE   =        1.8034  DIHED      =        0.1224
 VDWAALS =       -1.2845  EEL     =       95.9914  EGB        =     -196.5929
 1-4 VDW =        3.5055  1-4 EEL =       47.8115  RESTRAINT  =        0.0000


   NSTEP       ENERGY          RMS            GMAX         NAME    NUMBER
      4      -4.8001E+01     4.8124E+00     1.2863E+01     C17         2

 BOND    =        0.7909  ANGLE   =        1.7815  DIHED      =        0.1344
 VDWAALS =       -1.2883  EEL     =       96.0024  EGB        =     -196.6390
 1-4 VDW =        3.3969  1-4 EEL =       47.8204  RESTRAINT  =        0.0000


   NSTEP       ENERGY          RMS            GMAX         NAME    NUMBER
      5      -4.8573E+01     2.6209E+00     8.3492E+00     HN16       10

 BOND    =        0.4160  ANGLE   =        1.7801  DIHED      =        0.1476
 VDWAALS =       -1.2955  EEL     =       95.9752  EGB        =     -196.6905
 1-4 VDW =        3.2890  1-4 EEL =       47.8055  RESTRAINT  =        0.0000


   NSTEP       ENERGY          RMS            GMAX         NAME    NUMBER
      6      -4.8965E+01     1.9602E+00     6.4594E+00     HN16       10

 BOND    =        0.3435  ANGLE   =        1.7729  DIHED      =        0.1491
 VDWAALS =       -1.3097  EEL     =       95.8380  EGB        =     -196.7192
 1-4 VDW =        3.2479  1-4 EEL =       47.7122  RESTRAINT  =        0.0000


   NSTEP       ENERGY          RMS            GMAX         NAME    NUMBER
      7      -4.9267E+01     2.3827E+00     7.7169E+00     N26         8

 BOND    =        0.2876  ANGLE   =        1.7967  DIHED      =        0.1355
 VDWAALS =       -1.3216  EEL     =       95.6865  EGB        =     -196.6776
 1-4 VDW =        3.2734  1-4 EEL =       47.5524  RESTRAINT  =        0.0000


   NSTEP       ENERGY          RMS            GMAX         NAME    NUMBER
      8      -4.8874E+01     7.4378E+00     2.9699E+01     N26         8

 BOND    =        1.0068  ANGLE   =        1.8436  DIHED      =        0.1380
 VDWAALS =       -1.3268  EEL     =       95.5207  EGB        =     -196.6698
 1-4 VDW =        3.2096  1-4 EEL =       47.4039  RESTRAINT  =        0.0000


   NSTEP       ENERGY          RMS            GMAX         NAME    NUMBER
      9      -4.9503E+01     1.8310E+00     5.2586E+00     N26         8

 BOND    =        0.4078  ANGLE   =        1.8276  DIHED      =        0.1345
 VDWAALS =       -1.3288  EEL     =       95.5315  EGB        =     -196.6661
 1-4 VDW =        3.1971  1-4 EEL =       47.3936  RESTRAINT  =        0.0000


   NSTEP       ENERGY          RMS            GMAX         NAME    NUMBER
     10      -4.9466E+01     3.6955E+00     1.4247E+01     N26         8

 BOND    =        0.4295  ANGLE   =        1.9235  DIHED      =        0.1263
 VDWAALS =       -1.3315  EEL     =       95.4981  EGB        =     -196.6271
 1-4 VDW =        3.2003  1-4 EEL =       47.3148  RESTRAINT  =        0.0000


   NSTEP       ENERGY          RMS            GMAX         NAME    NUMBER
     11      -4.9641E+01     1.0121E+00     3.4146E+00     HN16       10

 BOND    =        0.3665  ANGLE   =        1.8671  DIHED      =        0.1267
 VDWAALS =       -1.3315  EEL     =       95.4575  EGB        =     -196.6196
 1-4 VDW =        3.2001  1-4 EEL =       47.2919  RESTRAINT  =        0.0000


   NSTEP       ENERGY          RMS            GMAX         NAME    NUMBER
     12      -4.9693E+01     1.2955E+00     3.4784E+00     C25         7

 BOND    =        0.4476  ANGLE   =        1.9307  DIHED      =        0.1244
 VDWAALS =       -1.3356  EEL     =       95.3813  EGB        =     -196.6165
 1-4 VDW =        3.1567  1-4 EEL =       47.2181  RESTRAINT  =        0.0000


   NSTEP       ENERGY          RMS            GMAX         NAME    NUMBER
     13      -4.9667E+01     2.6540E+00     1.0637E+01     C25         7

 BOND    =        0.5018  ANGLE   =        1.9353  DIHED      =        0.1224
 VDWAALS =       -1.3351  EEL     =       95.3665  EGB        =     -196.5872
 1-4 VDW =        3.1525  1-4 EEL =       47.1770  RESTRAINT  =        0.0000


   NSTEP       ENERGY          RMS            GMAX         NAME    NUMBER
     14      -4.9759E+01     7.3461E-01     2.3855E+00     HN16       10

 BOND    =        0.4470  ANGLE   =        1.9490  DIHED      =        0.1202
 VDWAALS =       -1.3366  EEL     =       95.3375  EGB        =     -196.5838
 1-4 VDW =        3.1514  1-4 EEL =       47.1566  RESTRAINT  =        0.0000


   NSTEP       ENERGY          RMS            GMAX         NAME    NUMBER
     15      -4.9779E+01     1.0861E+00     3.4324E+00     N26         8

 BOND    =        0.5034  ANGLE   =        2.0083  DIHED      =        0.1171
 VDWAALS =       -1.3399  EEL     =       95.2769  EGB        =     -196.5829
 1-4 VDW =        3.1300  1-4 EEL =       47.1084  RESTRAINT  =        0.0000


   NSTEP       ENERGY          RMS            GMAX         NAME    NUMBER
     16      -4.9761E+01     2.0551E+00     7.0503E+00     C23         5

 BOND    =        0.5379  ANGLE   =        1.9980  DIHED      =        0.1165
 VDWAALS =       -1.3390  EEL     =       95.2848  EGB        =     -196.5618
 1-4 VDW =        3.1096  1-4 EEL =       47.0931  RESTRAINT  =        0.0000


   NSTEP       ENERGY          RMS            GMAX         NAME    NUMBER
     17      -4.9812E+01     5.7265E-01     1.7517E+00     HN16       10

 BOND    =        0.5103  ANGLE   =        2.0056  DIHED      =        0.1148
 VDWAALS =       -1.3401  EEL     =       95.2634  EGB        =     -196.5621
 1-4 VDW =        3.1176  1-4 EEL =       47.0782  RESTRAINT  =        0.0000


   NSTEP       ENERGY          RMS            GMAX         NAME    NUMBER
     18      -4.9820E+01     9.2704E-01     3.1468E+00     C25         7

 BOND    =        0.5350  ANGLE   =        2.0648  DIHED      =        0.1112
 VDWAALS =       -1.3427  EEL     =       95.2089  EGB        =     -196.5584
 1-4 VDW =        3.1133  1-4 EEL =       47.0482  RESTRAINT  =        0.0000


   NSTEP       ENERGY          RMS            GMAX         NAME    NUMBER
     19      -4.9813E+01     1.4927E+00     6.2361E+00     C25         7

 BOND    =        0.5733  ANGLE   =        2.0294  DIHED      =        0.1115
 VDWAALS =       -1.3420  EEL     =       95.2398  EGB        =     -196.5522
 1-4 VDW =        3.0883  1-4 EEL =       47.0388  RESTRAINT  =        0.0000


   NSTEP       ENERGY          RMS            GMAX         NAME    NUMBER
     20      -4.9840E+01     4.2180E-01     1.3219E+00     HN16       10

 BOND    =        0.5527  ANGLE   =        2.0472  DIHED      =        0.1101
 VDWAALS =       -1.3426  EEL     =       95.2118  EGB        =     -196.5479
 1-4 VDW =        3.0961  1-4 EEL =       47.0331  RESTRAINT  =        0.0000


   NSTEP       ENERGY          RMS            GMAX         NAME    NUMBER
     21      -4.9845E+01     6.7575E-01     2.1768E+00     C23         5

 BOND    =        0.5612  ANGLE   =        2.0933  DIHED      =        0.1065
 VDWAALS =       -1.3447  EEL     =       95.1754  EGB        =     -196.5446
 1-4 VDW =        3.0981  1-4 EEL =       47.0101  RESTRAINT  =        0.0000


   NSTEP       ENERGY          RMS            GMAX         NAME    NUMBER
     22      -4.9842E+01     1.0821E+00     3.6879E+00     C23         5

 BOND    =        0.5954  ANGLE   =        2.0649  DIHED      =        0.1070
 VDWAALS =       -1.3440  EEL     =       95.1857  EGB        =     -196.5378
 1-4 VDW =        3.0758  1-4 EEL =       47.0108  RESTRAINT  =        0.0000


   NSTEP       ENERGY          RMS            GMAX         NAME    NUMBER
     23      -4.9856E+01     3.2609E-01     1.0174E+00     HN16       10

 BOND    =        0.5829  ANGLE   =        2.0782  DIHED      =        0.1056
 VDWAALS =       -1.3447  EEL     =       95.1754  EGB        =     -196.5377
 1-4 VDW =        3.0817  1-4 EEL =       47.0025  RESTRAINT  =        0.0000


   NSTEP       ENERGY          RMS            GMAX         NAME    NUMBER
     24      -4.9860E+01     4.6131E-01     1.6332E+00     C25         7

 BOND    =        0.5852  ANGLE   =        2.1117  DIHED      =        0.1027
 VDWAALS =       -1.3461  EEL     =       95.1465  EGB        =     -196.5337
 1-4 VDW =        3.0845  1-4 EEL =       46.9890  RESTRAINT  =        0.0000


   NSTEP       ENERGY          RMS            GMAX         NAME    NUMBER
     25      -4.9860E+01     7.5467E-01     3.3009E+00     C25         7

 BOND    =        0.6134  ANGLE   =        2.0880  DIHED      =        0.1024
 VDWAALS =       -1.3460  EEL     =       95.1620  EGB        =     -196.5321
 1-4 VDW =        3.0666  1-4 EEL =       46.9855  RESTRAINT  =        0.0000


   NSTEP       ENERGY          RMS            GMAX         NAME    NUMBER
     26      -4.9867E+01     2.6004E-01     7.9403E-01     HN16       10

 BOND    =        0.6049  ANGLE   =        2.1017  DIHED      =        0.1014
 VDWAALS =       -1.3464  EEL     =       95.1467  EGB        =     -196.5297
 1-4 VDW =        3.0715  1-4 EEL =       46.9827  RESTRAINT  =        0.0000


   NSTEP       ENERGY          RMS            GMAX         NAME    NUMBER
     27      -4.9870E+01     3.2728E-01     9.3401E-01     C23         5

 BOND    =        0.6062  ANGLE   =        2.1226  DIHED      =        0.0991
 VDWAALS =       -1.3474  EEL     =       95.1303  EGB        =     -196.5277
 1-4 VDW =        3.0730  1-4 EEL =       46.9737  RESTRAINT  =        0.0000


   NSTEP       ENERGY          RMS            GMAX         NAME    NUMBER
     28      -4.9871E+01     5.6056E-01     1.7842E+00     C23         5

 BOND    =        0.6248  ANGLE   =        2.1110  DIHED      =        0.0984
 VDWAALS =       -1.3474  EEL     =       95.1314  EGB        =     -196.5244
 1-4 VDW =        3.0616  1-4 EEL =       46.9734  RESTRAINT  =        0.0000


   NSTEP       ENERGY          RMS            GMAX         NAME    NUMBER
     29      -4.9871E+01     7.5655E-01     2.2701E+00     C22         4

 BOND    =        0.6228  ANGLE   =        2.1304  DIHED      =        0.0964
 VDWAALS =       -1.3484  EEL     =       95.1209  EGB        =     -196.5247
 1-4 VDW =        3.0675  1-4 EEL =       46.9643  RESTRAINT  =        0.0000


   NSTEP       ENERGY          RMS            GMAX         NAME    NUMBER
     30      -4.9877E+01     2.0725E-01     5.3708E-01     HN16       10

 BOND    =        0.6215  ANGLE   =        2.1280  DIHED      =        0.0963
 VDWAALS =       -1.3483  EEL     =       95.1184  EGB        =     -196.5234
 1-4 VDW =        3.0647  1-4 EEL =       46.9659  RESTRAINT  =        0.0000


   NSTEP       ENERGY          RMS            GMAX         NAME    NUMBER
     31      -4.9880E+01     2.4882E-01     6.0159E-01     C23         5

 BOND    =        0.6320  ANGLE   =        2.1262  DIHED      =        0.0949
 VDWAALS =       -1.3487  EEL     =       95.1158  EGB        =     -196.5215
 1-4 VDW =        3.0581  1-4 EEL =       46.9635  RESTRAINT  =        0.0000


   NSTEP       ENERGY          RMS            GMAX         NAME    NUMBER
     32      -4.9881E+01     4.4412E-01     1.4905E+00     C23         5

 BOND    =        0.6336  ANGLE   =        2.1416  DIHED      =        0.0927
 VDWAALS =       -1.3495  EEL     =       95.1028  EGB        =     -196.5199
 1-4 VDW =        3.0613  1-4 EEL =       46.9568  RESTRAINT  =        0.0000


   NSTEP       ENERGY          RMS            GMAX         NAME    NUMBER
     33      -4.9880E+01     6.4171E-01     2.1804E+00     C22         4

 BOND    =        0.6430  ANGLE   =        2.1352  DIHED      =        0.0923
 VDWAALS =       -1.3495  EEL     =       95.1049  EGB        =     -196.5190
 1-4 VDW =        3.0527  1-4 EEL =       46.9601  RESTRAINT  =        0.0000


   NSTEP       ENERGY          RMS            GMAX         NAME    NUMBER
     34      -4.9885E+01     1.8860E-01     4.7373E-01     HN16       10

 BOND    =        0.6410  ANGLE   =        2.1361  DIHED      =        0.0917
 VDWAALS =       -1.3497  EEL     =       95.1038  EGB        =     -196.5191
 1-4 VDW =        3.0541  1-4 EEL =       46.9572  RESTRAINT  =        0.0000


   NSTEP       ENERGY          RMS            GMAX         NAME    NUMBER
     35      -4.9887E+01     2.2700E-01     5.3421E-01     C23         5

 BOND    =        0.6431  ANGLE   =        2.1444  DIHED      =        0.0900
 VDWAALS =       -1.3503  EEL     =       95.0949  EGB        =     -196.5176
 1-4 VDW =        3.0550  1-4 EEL =       46.9537  RESTRAINT  =        0.0000


   NSTEP       ENERGY          RMS            GMAX         NAME    NUMBER
     36      -4.9888E+01     3.5076E-01     1.0689E+00     C22         4

 BOND    =        0.6503  ANGLE   =        2.1411  DIHED      =        0.0889
 VDWAALS =       -1.3505  EEL     =       95.0976  EGB        =     -196.5180
 1-4 VDW =        3.0481  1-4 EEL =       46.9545  RESTRAINT  =        0.0000


   NSTEP       ENERGY          RMS            GMAX         NAME    NUMBER
     37      -4.9888E+01     4.7612E-01     1.6772E+00     C22         4

 BOND    =        0.6532  ANGLE   =        2.1479  DIHED      =        0.0874
 VDWAALS =       -1.3510  EEL     =       95.0877  EGB        =     -196.5158
 1-4 VDW =        3.0530  1-4 EEL =       46.9495  RESTRAINT  =        0.0000


   NSTEP       ENERGY          RMS            GMAX         NAME    NUMBER
     38      -4.9888E+01     6.0636E-01     2.3074E+00     C22         4

 BOND    =        0.6537  ANGLE   =        2.1501  DIHED      =        0.0868
 VDWAALS =       -1.3512  EEL     =       95.0900  EGB        =     -196.5175
 1-4 VDW =        3.0462  1-4 EEL =       46.9536  RESTRAINT  =        0.0000


   NSTEP       ENERGY          RMS            GMAX         NAME    NUMBER
     39      -4.9892E+01     1.7280E-01     4.0814E-01     H163       21

 BOND    =        0.6543  ANGLE   =        2.1471  DIHED      =        0.0863
 VDWAALS =       -1.3513  EEL     =       95.0894  EGB        =     -196.5168
 1-4 VDW =        3.0475  1-4 EEL =       46.9508  RESTRAINT  =        0.0000


   NSTEP       ENERGY          RMS            GMAX         NAME    NUMBER
     40      -4.9894E+01     2.5381E-01     9.7801E-01     C25         7

 BOND    =        0.6576  ANGLE   =        2.1513  DIHED      =        0.0847
 VDWAALS =       -1.3517  EEL     =       95.0822  EGB        =     -196.5152
 1-4 VDW =        3.0481  1-4 EEL =       46.9490  RESTRAINT  =        0.0000


   NSTEP       ENERGY          RMS            GMAX         NAME    NUMBER
     41      -4.9894E+01     4.4796E-01     1.9997E+00     C25         7

 BOND    =        0.6605  ANGLE   =        2.1515  DIHED      =        0.0837
 VDWAALS =       -1.3521  EEL     =       95.0879  EGB        =     -196.5179
 1-4 VDW =        3.0432  1-4 EEL =       46.9492  RESTRAINT  =        0.0000


   NSTEP       ENERGY          RMS            GMAX         NAME    NUMBER
     42      -4.9894E+01     5.3468E-01     2.2292E+00     C25         7

 BOND    =        0.6650  ANGLE   =        2.1522  DIHED      =        0.0828
 VDWAALS =       -1.3521  EEL     =       95.0771  EGB        =     -196.5138
 1-4 VDW =        3.0462  1-4 EEL =       46.9484  RESTRAINT  =        0.0000


   NSTEP       ENERGY          RMS            GMAX         NAME    NUMBER
     43      -4.9893E+01     7.1693E-01     2.7535E+00     C25         7

 BOND    =        0.6645  ANGLE   =        2.1557  DIHED      =        0.0819
 VDWAALS =       -1.3526  EEL     =       95.0858  EGB        =     -196.5186
 1-4 VDW =        3.0428  1-4 EEL =       46.9472  RESTRAINT  =        0.0000


   NSTEP       ENERGY          RMS            GMAX         NAME    NUMBER
     44      -4.9899E+01     1.6566E-01     4.1301E-01     H163       21

 BOND    =        0.6627  ANGLE   =        2.1539  DIHED      =        0.0817
 VDWAALS =       -1.3526  EEL     =       95.0810  EGB        =     -196.5165
 1-4 VDW =        3.0433  1-4 EEL =       46.9480  RESTRAINT  =        0.0000


   NSTEP       ENERGY          RMS            GMAX         NAME    NUMBER
     45      -4.9900E+01     2.9127E-01     1.1448E+00     C25         7

 BOND    =        0.6680  ANGLE   =        2.1535  DIHED      =        0.0802
 VDWAALS =       -1.3528  EEL     =       95.0763  EGB        =     -196.5150
 1-4 VDW =        3.0432  1-4 EEL =       46.9469  RESTRAINT  =        0.0000


   NSTEP       ENERGY          RMS            GMAX         NAME    NUMBER
     46      -4.9899E+01     5.0090E-01     2.0999E+00     C25         7

 BOND    =        0.6659  ANGLE   =        2.1593  DIHED      =        0.0792
 VDWAALS =       -1.3533  EEL     =       95.0808  EGB        =     -196.5188
 1-4 VDW =        3.0405  1-4 EEL =       46.9472  RESTRAINT  =        0.0000


   NSTEP       ENERGY          RMS            GMAX         NAME    NUMBER
     47      -4.9902E+01     1.5985E-01     4.1540E-01     H163       21

 BOND    =        0.6669  ANGLE   =        2.1565  DIHED      =        0.0790
 VDWAALS =       -1.3533  EEL     =       95.0776  EGB        =     -196.5170
 1-4 VDW =        3.0410  1-4 EEL =       46.9471  RESTRAINT  =        0.0000


   NSTEP       ENERGY          RMS            GMAX         NAME    NUMBER
     48      -4.9903E+01     2.0115E-01     5.8594E-01     C25         7

 BOND    =        0.6708  ANGLE   =        2.1551  DIHED      =        0.0779
 VDWAALS =       -1.3535  EEL     =       95.0753  EGB        =     -196.5161
 1-4 VDW =        3.0411  1-4 EEL =       46.9461  RESTRAINT  =        0.0000


   NSTEP       ENERGY          RMS            GMAX         NAME    NUMBER
     49      -4.9904E+01     2.8923E-01     1.0376E+00     C25         7

 BOND    =        0.6681  ANGLE   =        2.1605  DIHED      =        0.0769
 VDWAALS =       -1.3539  EEL     =       95.0768  EGB        =     -196.5187
 1-4 VDW =        3.0392  1-4 EEL =       46.9470  RESTRAINT  =        0.0000


   NSTEP       ENERGY          RMS            GMAX         NAME    NUMBER
     50      -4.9904E+01     3.6302E-01     1.3955E+00     C25         7

 BOND    =        0.6764  ANGLE   =        2.1537  DIHED      =        0.0762
 VDWAALS =       -1.3538  EEL     =       95.0735  EGB        =     -196.5158
 1-4 VDW =        3.0401  1-4 EEL =       46.9454  RESTRAINT  =        0.0000


   NSTEP       ENERGY          RMS            GMAX         NAME    NUMBER
     51      -4.9905E+01     4.5515E-01     1.8315E+00     C25         7

 BOND    =        0.6691  ANGLE   =        2.1640  DIHED      =        0.0753
 VDWAALS =       -1.3544  EEL     =       95.0767  EGB        =     -196.5203
 1-4 VDW =        3.0382  1-4 EEL =       46.9467  RESTRAINT  =        0.0000


   NSTEP       ENERGY          RMS            GMAX         NAME    NUMBER
     52       4.5131E+01     9.1607E+01     3.8562E+02     C25         7

 BOND    =       75.5762  ANGLE   =       22.0999  DIHED      =        0.0529
 VDWAALS =       -1.3269  EEL     =       94.5971  EGB        =     -196.1155
 1-4 VDW =        3.4118  1-4 EEL =       46.8357  RESTRAINT  =        0.0000


   NSTEP       ENERGY          RMS            GMAX         NAME    NUMBER
     53      -4.9907E+01     1.4966E-01     4.1617E-01     H163       21

 BOND    =        0.6727  ANGLE   =        2.1583  DIHED      =        0.0750
 VDWAALS =       -1.3542  EEL     =       95.0742  EGB        =     -196.5181
 1-4 VDW =        3.0387  1-4 EEL =       46.9462  RESTRAINT  =        0.0000


   NSTEP       ENERGY          RMS            GMAX         NAME    NUMBER
     54      -4.9908E+01     1.3733E-01     4.1607E-01     H163       21

 BOND    =        0.6736  ANGLE   =        2.1579  DIHED      =        0.0747
 VDWAALS =       -1.3543  EEL     =       95.0743  EGB        =     -196.5182
 1-4 VDW =        3.0386  1-4 EEL =       46.9458  RESTRAINT  =        0.0000


   NSTEP       ENERGY          RMS            GMAX         NAME    NUMBER
     55      -4.9909E+01     3.3987E-01     1.2346E+00     C22         4

 BOND    =        0.6787  ANGLE   =        2.1560  DIHED      =        0.0730
 VDWAALS =       -1.3547  EEL     =       95.0746  EGB        =     -196.5187
 1-4 VDW =        3.0380  1-4 EEL =       46.9443  RESTRAINT  =        0.0000


   NSTEP       ENERGY          RMS            GMAX         NAME    NUMBER
     56      -4.9912E+01     3.3029E-01     1.2104E+00     C22         4

 BOND    =        0.6809  ANGLE   =        2.1578  DIHED      =        0.0707
 VDWAALS =       -1.3553  EEL     =       95.0737  EGB        =     -196.5201
 1-4 VDW =        3.0368  1-4 EEL =       46.9439  RESTRAINT  =        0.0000


   NSTEP       ENERGY          RMS            GMAX         NAME    NUMBER
     57      -4.9935E+01     2.6739E-01     9.8601E-01     C22         4

 BOND    =        0.7025  ANGLE   =        2.1742  DIHED      =        0.0515
 VDWAALS =       -1.3610  EEL     =       95.0650  EGB        =     -196.5331
 1-4 VDW =        3.0250  1-4 EEL =       46.9405  RESTRAINT  =        0.0000


   NSTEP       ENERGY          RMS            GMAX         NAME    NUMBER
     58      -4.9960E+01     4.2295E-01     1.1472E+00     C18         3

 BOND    =        0.7737  ANGLE   =        2.2218  DIHED      =        0.0215
 VDWAALS =       -1.3750  EEL     =       95.0422  EGB        =     -196.5646
 1-4 VDW =        2.9932  1-4 EEL =       46.9269  RESTRAINT  =        0.0000


   NSTEP       ENERGY          RMS            GMAX         NAME    NUMBER
     59      -4.9199E+01     7.2156E+00     2.3449E+01     C18         3

 BOND    =        1.5704  ANGLE   =        2.0893  DIHED      =        0.0301
 VDWAALS =       -1.3813  EEL     =       95.3458  EGB        =     -196.6541
 1-4 VDW =        2.8907  1-4 EEL =       46.9097  RESTRAINT  =        0.0000


   NSTEP       ENERGY          RMS            GMAX         NAME    NUMBER
     60      -4.9963E+01     2.0166E-01     5.2831E-01     H27A       19

 BOND    =        0.7882  ANGLE   =        2.1994  DIHED      =        0.0206
 VDWAALS =       -1.3755  EEL     =       95.0605  EGB        =     -196.5700
 1-4 VDW =        2.9870  1-4 EEL =       46.9263  RESTRAINT  =        0.0000


   NSTEP       ENERGY          RMS            GMAX         NAME    NUMBER
     61      -4.9965E+01     1.8753E-01     5.1396E-01     H27A       19

 BOND    =        0.7815  ANGLE   =        2.1986  DIHED      =        0.0203
 VDWAALS =       -1.3756  EEL     =       95.0680  EGB        =     -196.5747
 1-4 VDW =        2.9884  1-4 EEL =       46.9286  RESTRAINT  =        0.0000


   NSTEP       ENERGY          RMS            GMAX         NAME    NUMBER
     62      -4.9971E+01     4.4709E-01     1.3777E+00     C23         5

 BOND    =        0.7255  ANGLE   =        2.1930  DIHED      =        0.0183
 VDWAALS =       -1.3770  EEL     =       95.1364  EGB        =     -196.6182
 1-4 VDW =        3.0014  1-4 EEL =       46.9492  RESTRAINT  =        0.0000


   NSTEP       ENERGY          RMS            GMAX         NAME    NUMBER
     63      -4.9978E+01     5.2391E-01     1.8218E+00     C22         4

 BOND    =        0.6679  ANGLE   =        2.2009  DIHED      =        0.0176
 VDWAALS =       -1.3794  EEL     =       95.1954  EGB        =     -196.6675
 1-4 VDW =        3.0307  1-4 EEL =       46.9569  RESTRAINT  =        0.0000


   NSTEP       ENERGY          RMS            GMAX         NAME    NUMBER
     64      -4.9978E+01     4.4046E-01     1.4232E+00     C22         4

 BOND    =        0.6754  ANGLE   =        2.1996  DIHED      =        0.0176
 VDWAALS =       -1.3791  EEL     =       95.1869  EGB        =     -196.6604
 1-4 VDW =        3.0264  1-4 EEL =       46.9558  RESTRAINT  =        0.0000


   NSTEP       ENERGY          RMS            GMAX         NAME    NUMBER
     65      -4.9984E+01     3.2247E-01     1.3771E+00     N16         1

 BOND    =        0.6368  ANGLE   =        2.2003  DIHED      =        0.0179
 VDWAALS =       -1.3810  EEL     =       95.2345  EGB        =     -196.6970
 1-4 VDW =        3.0495  1-4 EEL =       46.9549  RESTRAINT  =        0.0000


   NSTEP       ENERGY          RMS            GMAX         NAME    NUMBER
     66      -4.9984E+01     3.2840E-01     1.4005E+00     N16         1

 BOND    =        0.6361  ANGLE   =        2.2004  DIHED      =        0.0179
 VDWAALS =       -1.3810  EEL     =       95.2354  EGB        =     -196.6977
 1-4 VDW =        3.0499  1-4 EEL =       46.9549  RESTRAINT  =        0.0000


   NSTEP       ENERGY          RMS            GMAX         NAME    NUMBER
     67      -4.9988E+01     2.6713E-01     1.0206E+00     C17         2

 BOND    =        0.6399  ANGLE   =        2.1617  DIHED      =        0.0181
 VDWAALS =       -1.3809  EEL     =       95.2842  EGB        =     -196.7089
 1-4 VDW =        3.0520  1-4 EEL =       46.9463  RESTRAINT  =        0.0000


   NSTEP       ENERGY          RMS            GMAX         NAME    NUMBER
     68      -4.9988E+01     2.5537E-01     9.6120E-01     C17         2

 BOND    =        0.6396  ANGLE   =        2.1633  DIHED      =        0.0181
 VDWAALS =       -1.3809  EEL     =       95.2821  EGB        =     -196.7084
 1-4 VDW =        3.0519  1-4 EEL =       46.9467  RESTRAINT  =        0.0000


   NSTEP       ENERGY          RMS            GMAX         NAME    NUMBER
     69      -4.9990E+01     1.6266E-01     3.8340E-01     C23         5

 BOND    =        0.6542  ANGLE   =        2.1365  DIHED      =        0.0178
 VDWAALS =       -1.3809  EEL     =       95.3104  EGB        =     -196.7094
 1-4 VDW =        3.0511  1-4 EEL =       46.9301  RESTRAINT  =        0.0000


   NSTEP       ENERGY          RMS            GMAX         NAME    NUMBER
     70      -4.9991E+01     2.0942E-01     5.0699E-01     N26         8

 BOND    =        0.6631  ANGLE   =        2.1216  DIHED      =        0.0177
 VDWAALS =       -1.3809  EEL     =       95.3267  EGB        =     -196.7101
 1-4 VDW =        3.0506  1-4 EEL =       46.9205  RESTRAINT  =        0.0000


   NSTEP       ENERGY          RMS            GMAX         NAME    NUMBER
     71      -4.9992E+01     3.6768E-01     1.1617E+00     N26         8

 BOND    =        0.6681  ANGLE   =        2.1326  DIHED      =        0.0175
 VDWAALS =       -1.3823  EEL     =       95.3439  EGB        =     -196.7143
 1-4 VDW =        3.0428  1-4 EEL =       46.9000  RESTRAINT  =        0.0000


   NSTEP       ENERGY          RMS            GMAX         NAME    NUMBER
     72      -4.9992E+01     2.2510E-01     5.7911E-01     C17         2

 BOND    =        0.6658  ANGLE   =        2.1285  DIHED      =        0.0176
 VDWAALS =       -1.3818  EEL     =       95.3378  EGB        =     -196.7128
 1-4 VDW =        3.0456  1-4 EEL =       46.9072  RESTRAINT  =        0.0000


   NSTEP       ENERGY          RMS            GMAX         NAME    NUMBER
     73      -4.9995E+01     1.8556E-01     4.9031E-01     C17         2

 BOND    =        0.6670  ANGLE   =        2.1407  DIHED      =        0.0175
 VDWAALS =       -1.3832  EEL     =       95.3463  EGB        =     -196.7184
 1-4 VDW =        3.0407  1-4 EEL =       46.8948  RESTRAINT  =        0.0000


   NSTEP       ENERGY          RMS            GMAX         NAME    NUMBER
     74      -4.9996E+01     3.2434E-01     1.2007E+00     C24         6

 BOND    =        0.6706  ANGLE   =        2.1632  DIHED      =        0.0176
 VDWAALS =       -1.3858  EEL     =       95.3614  EGB        =     -196.7282
 1-4 VDW =        3.0322  1-4 EEL =       46.8728  RESTRAINT  =        0.0000


   NSTEP       ENERGY          RMS            GMAX         NAME    NUMBER
     75      -4.9999E+01     3.2666E-01     1.5204E+00     C23         5

 BOND    =        0.6849  ANGLE   =        2.1766  DIHED      =        0.0184
 VDWAALS =       -1.3892  EEL     =       95.3852  EGB        =     -196.7466
 1-4 VDW =        3.0344  1-4 EEL =       46.8376  RESTRAINT  =        0.0000


   NSTEP       ENERGY          RMS            GMAX         NAME    NUMBER
     76      -5.0000E+01     1.9376E-01     8.3299E-01     C24         6

 BOND    =        0.6754  ANGLE   =        2.1859  DIHED      =        0.0183
 VDWAALS =       -1.3894  EEL     =       95.3852  EGB        =     -196.7489
 1-4 VDW =        3.0342  1-4 EEL =       46.8390  RESTRAINT  =        0.0000


   NSTEP       ENERGY          RMS            GMAX         NAME    NUMBER
     77      -5.0000E+01     3.8026E-01     1.7526E+00     C24         6

 BOND    =        0.6825  ANGLE   =        2.1729  DIHED      =        0.0183
 VDWAALS =       -1.3894  EEL     =       95.3869  EGB        =     -196.7506
 1-4 VDW =        3.0383  1-4 EEL =       46.8412  RESTRAINT  =        0.0000


   NSTEP       ENERGY          RMS            GMAX         NAME    NUMBER
     78      -5.0001E+01     8.3147E-02     2.4153E-01     C23         5

 BOND    =        0.6781  ANGLE   =        2.1757  DIHED      =        0.0183
 VDWAALS =       -1.3894  EEL     =       95.3866  EGB        =     -196.7510
 1-4 VDW =        3.0385  1-4 EEL =       46.8419  RESTRAINT  =        0.0000


   NSTEP       ENERGY          RMS            GMAX         NAME    NUMBER
     79      -5.0001E+01     1.7703E-01     7.9636E-01     C24         6

 BOND    =        0.6706  ANGLE   =        2.1820  DIHED      =        0.0181
 VDWAALS =       -1.3896  EEL     =       95.3851  EGB        =     -196.7531
 1-4 VDW =        3.0395  1-4 EEL =       46.8458  RESTRAINT  =        0.0000


   NSTEP       ENERGY          RMS            GMAX         NAME    NUMBER
     80       6.2708E+02     2.5985E+02     1.2317E+03     C24         6

 BOND    =      591.7885  ANGLE   =       84.9986  DIHED      =        0.5808
 VDWAALS =       -1.3453  EEL     =       95.3549  EGB        =     -196.4605
 1-4 VDW =        4.9261  1-4 EEL =       47.2378  RESTRAINT  =        0.0000


   NSTEP       ENERGY          RMS            GMAX         NAME    NUMBER
     81      -5.0002E+01     5.8714E-02     2.0915E-01     H25        17

 BOND    =        0.6739  ANGLE   =        2.1773  DIHED      =        0.0181
 VDWAALS =       -1.3896  EEL     =       95.3851  EGB        =     -196.7527
 1-4 VDW =        3.0400  1-4 EEL =       46.8461  RESTRAINT  =        0.0000


   NSTEP       ENERGY          RMS            GMAX         NAME    NUMBER
     82      -5.0002E+01     5.3392E-02     2.0716E-01     H25        17

 BOND    =        0.6744  ANGLE   =        2.1761  DIHED      =        0.0180
 VDWAALS =       -1.3896  EEL     =       95.3850  EGB        =     -196.7527
 1-4 VDW =        3.0401  1-4 EEL =       46.8467  RESTRAINT  =        0.0000


   NSTEP       ENERGY          RMS            GMAX         NAME    NUMBER
     83      -5.0002E+01     1.2925E-01     5.2127E-01     N26         8

 BOND    =        0.6773  ANGLE   =        2.1698  DIHED      =        0.0178
 VDWAALS =       -1.3897  EEL     =       95.3846  EGB        =     -196.7524
 1-4 VDW =        3.0408  1-4 EEL =       46.8497  RESTRAINT  =        0.0000


   NSTEP       ENERGY          RMS            GMAX         NAME    NUMBER
     84      -5.0003E+01     1.0253E-01     3.9398E-01     N26         8

 BOND    =        0.6752  ANGLE   =        2.1687  DIHED      =        0.0174
 VDWAALS =       -1.3898  EEL     =       95.3835  EGB        =     -196.7528
 1-4 VDW =        3.0407  1-4 EEL =       46.8545  RESTRAINT  =        0.0000


   NSTEP       ENERGY          RMS            GMAX         NAME    NUMBER
     85      -5.0003E+01     8.8596E-02     2.0194E-01     C18         3

 BOND    =        0.6683  ANGLE   =        2.1652  DIHED      =        0.0165
 VDWAALS =       -1.3904  EEL     =       95.3796  EGB        =     -196.7543
 1-4 VDW =        3.0405  1-4 EEL =       46.8714  RESTRAINT  =        0.0000


   NSTEP       ENERGY          RMS            GMAX         NAME    NUMBER
     86      -5.0003E+01     2.4062E-01     8.7783E-01     C22         4

 BOND    =        0.6718  ANGLE   =        2.1672  DIHED      =        0.0158
 VDWAALS =       -1.3906  EEL     =       95.3728  EGB        =     -196.7533
 1-4 VDW =        3.0367  1-4 EEL =       46.8761  RESTRAINT  =        0.0000


   NSTEP       ENERGY          RMS            GMAX         NAME    NUMBER
     87      -5.0004E+01     1.0880E-01     3.5833E-01     C22         4

 BOND    =        0.6698  ANGLE   =        2.1661  DIHED      =        0.0161
 VDWAALS =       -1.3905  EEL     =       95.3763  EGB        =     -196.7538
 1-4 VDW =        3.0387  1-4 EEL =       46.8737  RESTRAINT  =        0.0000


   NSTEP       ENERGY          RMS            GMAX         NAME    NUMBER
     88      -5.0004E+01     8.2725E-02     2.8192E-01     N16         1

 BOND    =        0.6733  ANGLE   =        2.1638  DIHED      =        0.0157
 VDWAALS =       -1.3906  EEL     =       95.3754  EGB        =     -196.7525
 1-4 VDW =        3.0366  1-4 EEL =       46.8741  RESTRAINT  =        0.0000


   NSTEP       ENERGY          RMS            GMAX         NAME    NUMBER
     89      -5.0004E+01     1.2694E-01     3.8768E-01     C18         3

 BOND    =        0.6780  ANGLE   =        2.1610  DIHED      =        0.0153
 VDWAALS =       -1.3907  EEL     =       95.3744  EGB        =     -196.7509
 1-4 VDW =        3.0340  1-4 EEL =       46.8745  RESTRAINT  =        0.0000


   NSTEP       ENERGY          RMS            GMAX         NAME    NUMBER
     90      -5.0005E+01     1.1233E-01     3.0092E-01     C17         2

 BOND    =        0.6855  ANGLE   =        2.1477  DIHED      =        0.0145
 VDWAALS =       -1.3906  EEL     =       95.3780  EGB        =     -196.7466
 1-4 VDW =        3.0311  1-4 EEL =       46.8753  RESTRAINT  =        0.0000


   NSTEP       ENERGY          RMS            GMAX         NAME    NUMBER
     91      -5.0005E+01     1.2233E-01     3.4263E-01     C17         2

 BOND    =        0.6863  ANGLE   =        2.1465  DIHED      =        0.0145
 VDWAALS =       -1.3906  EEL     =       95.3783  EGB        =     -196.7462
 1-4 VDW =        3.0309  1-4 EEL =       46.8754  RESTRAINT  =        0.0000


   NSTEP       ENERGY          RMS            GMAX         NAME    NUMBER
     92      -5.0005E+01     1.6636E-01     4.0339E-01     C25         7

 BOND    =        0.6944  ANGLE   =        2.1389  DIHED      =        0.0139
 VDWAALS =       -1.3903  EEL     =       95.3853  EGB        =     -196.7451
 1-4 VDW =        3.0271  1-4 EEL =       46.8706  RESTRAINT  =        0.0000


   NSTEP       ENERGY          RMS            GMAX         NAME    NUMBER
     93      -5.0005E+01     1.0439E-01     2.6257E-01     C25         7

 BOND    =        0.6916  ANGLE   =        2.1413  DIHED      =        0.0141
 VDWAALS =       -1.3904  EEL     =       95.3830  EGB        =     -196.7454
 1-4 VDW =        3.0283  1-4 EEL =       46.8721  RESTRAINT  =        0.0000


   NSTEP       ENERGY          RMS            GMAX         NAME    NUMBER
     94      -5.0006E+01     1.0385E-01     3.1366E-01     C17         2

 BOND    =        0.6898  ANGLE   =        2.1473  DIHED      =        0.0138
 VDWAALS =       -1.3903  EEL     =       95.3839  EGB        =     -196.7473
 1-4 VDW =        3.0281  1-4 EEL =       46.8689  RESTRAINT  =        0.0000


   NSTEP       ENERGY          RMS            GMAX         NAME    NUMBER
     95      -5.0006E+01     1.4148E-01     4.4115E-01     C25         7

 BOND    =        0.6891  ANGLE   =        2.1500  DIHED      =        0.0137
 VDWAALS =       -1.3903  EEL     =       95.3843  EGB        =     -196.7481
 1-4 VDW =        3.0280  1-4 EEL =       46.8674  RESTRAINT  =        0.0000


   NSTEP       ENERGY          RMS            GMAX         NAME    NUMBER
     96      -5.0007E+01     9.8963E-02     2.6521E-01     C25         7

 BOND    =        0.6840  ANGLE   =        2.1573  DIHED      =        0.0134
 VDWAALS =       -1.3901  EEL     =       95.3866  EGB        =     -196.7520
 1-4 VDW =        3.0314  1-4 EEL =       46.8628  RESTRAINT  =        0.0000


   NSTEP       ENERGY          RMS            GMAX         NAME    NUMBER
     97      -5.0007E+01     1.1819E-01     3.1279E-01     N16         1

 BOND    =        0.6757  ANGLE   =        2.1699  DIHED      =        0.0130
 VDWAALS =       -1.3898  EEL     =       95.3904  EGB        =     -196.7584
 1-4 VDW =        3.0371  1-4 EEL =       46.8550  RESTRAINT  =        0.0000


   NSTEP       ENERGY          RMS            GMAX         NAME    NUMBER
     98      -5.0008E+01     1.8525E-01     5.8778E-01     C17         2

 BOND    =        0.6749  ANGLE   =        2.1626  DIHED      =        0.0127
 VDWAALS =       -1.3885  EEL     =       95.4057  EGB        =     -196.7598
 1-4 VDW =        3.0433  1-4 EEL =       46.8413  RESTRAINT  =        0.0000


   NSTEP       ENERGY          RMS            GMAX         NAME    NUMBER
     99      -5.0008E+01     1.5424E-01     4.9903E-01     C17         2

 BOND    =        0.6749  ANGLE   =        2.1638  DIHED      =        0.0127
 VDWAALS =       -1.3887  EEL     =       95.4033  EGB        =     -196.7596
 1-4 VDW =        3.0423  1-4 EEL =       46.8435  RESTRAINT  =        0.0000


   NSTEP       ENERGY          RMS            GMAX         NAME    NUMBER
    100      -5.0009E+01     1.1050E-01     2.5148E-01     C24         6

 BOND    =        0.6735  ANGLE   =        2.1672  DIHED      =        0.0125
 VDWAALS =       -1.3878  EEL     =       95.4110  EGB        =     -196.7598
 1-4 VDW =        3.0437  1-4 EEL =       46.8307  RESTRAINT  =        0.0000


  Maximum number of minimization cycles reached.


                    FINAL RESULTS



   NSTEP       ENERGY          RMS            GMAX         NAME    NUMBER
    100      -5.0009E+01     1.1050E-01     2.5148E-01     C24         6

 BOND    =        0.6735  ANGLE   =        2.1672  DIHED      =        0.0125
 VDWAALS =       -1.3878  EEL     =       95.4110  EGB        =     -196.7598
 1-4 VDW =        3.0437  1-4 EEL =       46.8307  RESTRAINT  =        0.0000

--------------------------------------------------------------------------------
   5.  TIMINGS
--------------------------------------------------------------------------------

|    Read coords time           0.02 ( 8.11% of Total)
|    Fast Water setup           0.00 ( 0.05% of Total)
|                Calc gb radii              0.00 (33.41% of Gen B)
|                Calc gb diag               0.00 (29.80% of Gen B)
|                Calc gb off-diag           0.00 (33.69% of Gen B)
|                Other                      0.00 ( 3.10% of Gen B)
|             Gen Born time              0.01 (100.0% of Nonbo)
|             IPS excludes               0.00 ( 0.07% of Nonbo)
|          Nonbond force              0.01 (63.97% of Force)
|          Bond/Angle/Dihedral        0.00 (20.12% of Force)
|          Other                      0.00 (15.91% of Force)
|       Force time                 0.02 (100.0% of Runmd)
|    Runmd Time                 0.02 ( 6.99% of Total)
|    Other                      0.22 (84.86% of Total)
| Total time                 0.26 (96.88% of ALL  )

| Number of list builds   :          0

| Highest rstack allocated:          0
| Highest istack allocated:          0
|           Job began  at 15:16:53.529  on 04/20/2016
|           Setup done at 15:16:53.699  on 04/20/2016
|           Run   done at 15:16:53.801  on 04/20/2016
|     wallclock() was called    1828 times
