
          -------------------------------------------------------
          Amber 14 SANDER                              2014
          -------------------------------------------------------

| Run on 12/05/2014 at 19:22:17

|   Executable path: sander
| Working directory: /net/casegroup2/u2/pjanowsk/Phenix/AmberLibrary/5
|          Hostname: krakow

  [-O]verwriting output

File Assignments:
|  MDIN: sander.in                                                             
| MDOUT: 53Z.min.out                                                           
|INPCRD: 53Z.rst7                                                              
|  PARM: 53Z.prmtop                                                            
|RESTRT: 53Z.min.rst7                                                          
|  REFC: refc                                                                  
| MDVEL: mdvel                                                                 
| MDFRC: mdfrc                                                                 
|  MDEN: mden                                                                  
| MDCRD: mdcrd                                                                 
|MDINFO: mdinfo                                                                
|  MTMD: mtmd                                                                  
|INPDIP: inpdip                                                                
|RSTDIP: rstdip                                                                
|INPTRA: inptraj                                                               


 Here is the input file:

  short minimization                                                           
 &cntrl                                                                        
   imin=1, maxcyc=100, ncyc=50, ntpr=1, cut=99., ntb=0,                        
 /                                                                             

--------------------------------------------------------------------------------
   1.  RESOURCE   USE: 
--------------------------------------------------------------------------------

| Flags:                                                                        
|    NONPERIODIC   ntb=0 and igb=0: Setting up nonperiodic simulation
|  *** cutoff > system size, list only builds once
|Largest sphere to fit in unit cell has radius =    32.732
| New format PARM file being parsed.
| Version =    1.000 Date = 12/05/14 Time = 19:22:17
 NATOM  =      43 NTYPES =      10 NBONH =      23 MBONA  =      21
 NTHETH =      52 MTHETA =      27 NPHIH =      86 MPHIA  =      41
 NHPARM =       0 NPARM  =       0 NNB   =     231 NRES   =       1
 NBONA  =      21 NTHETA =      27 NPHIA =      41 NUMBND =      19
 NUMANG =      34 NPTRA  =      16 NATYP =      14 NPHB   =       0
 IFBOX  =       0 NMXRS  =      43 IFCAP =       0 NEXTRA =       0
 NCOPY  =       0


|     Memory Use     Allocated
|     Real                7746
|     Hollerith            132
|     Integer            27623
|     Max Pairs            903
|     nblistReal           516
|     nblist Int       1057061
|       Total             4305 kbytes

| Note: 1-4 EEL scale factors are being read from the topology file.

| Note: 1-4 VDW scale factors are being read from the topology file.
| Duplicated    0 dihedrals
| Duplicated    0 dihedrals

--------------------------------------------------------------------------------
   2.  CONTROL  DATA  FOR  THE  RUN
--------------------------------------------------------------------------------

53Z                                                                             

General flags:
     imin    =       1, nmropt  =       0

Nature and format of input:
     ntx     =       1, irest   =       0, ntrx    =       1

Nature and format of output:
     ntxo    =       1, ntpr    =       1, ntrx    =       1, ntwr    =     500
     iwrap   =       0, ntwx    =       0, ntwv    =       0, ntwe    =       0
     ioutfm  =       0, ntwprt  =       0, idecomp =       0, rbornstat=      0

Potential function:
     ntf     =       1, ntb     =       0, igb     =       0, nsnb    =      25
     ipol    =       0, gbsa    =       0, iesp    =       0
     dielc   =   1.00000, cut     =  99.00000, intdiel =   1.00000

Frozen or restrained atoms:
     ibelly  =       0, ntr     =       0

Energy minimization:
     maxcyc  =     100, ncyc    =      50, ntmin   =       1
     dx0     =   0.01000, drms    =   0.00010
|  INFO: Old style inpcrd file read


--------------------------------------------------------------------------------
   3.  ATOMIC COORDINATES AND VELOCITIES
--------------------------------------------------------------------------------

53Z                                                                             
 begin time read from input coords =     0.000 ps

 Number of triangulated 3-point waters found:        0

     Sum of charges from parm topology file =   2.99899900

--------------------------------------------------------------------------------
   4.  RESULTS
--------------------------------------------------------------------------------

 ---------------------------------------------------

     eedmeth=4: Setting switch to one everywhere

 ---------------------------------------------------
| Local SIZE OF NONBOND LIST =        678
| TOTAL SIZE OF NONBOND LIST =        678


   NSTEP       ENERGY          RMS            GMAX         NAME    NUMBER
      1       2.4795E+02     1.7631E+01     6.8350E+01     C           6

 BOND    =       11.0664  ANGLE   =        7.1904  DIHED      =       40.7843
 VDWAALS =        2.9140  EEL     =      194.5336  HBOND      =        0.0000
 1-4 VDW =        6.6645  1-4 EEL =      -15.2032  RESTRAINT  =        0.0000


   NSTEP       ENERGY          RMS            GMAX         NAME    NUMBER
      2       2.4697E+02     1.6745E+01     6.3983E+01     C           6

 BOND    =       10.3023  ANGLE   =        7.0076  DIHED      =       40.7716
 VDWAALS =        2.8981  EEL     =      194.5379  HBOND      =        0.0000
 1-4 VDW =        6.6805  1-4 EEL =      -15.2240  RESTRAINT  =        0.0000


   NSTEP       ENERGY          RMS            GMAX         NAME    NUMBER
      3       2.4587E+02     1.5703E+01     5.8831E+01     C           6

 BOND    =        9.4372  ANGLE   =        6.8054  DIHED      =       40.7554
 VDWAALS =        2.8773  EEL     =      194.5431  HBOND      =        0.0000
 1-4 VDW =        6.6998  1-4 EEL =      -15.2496  RESTRAINT  =        0.0000


   NSTEP       ENERGY          RMS            GMAX         NAME    NUMBER
      4       2.4463E+02     1.4484E+01     5.2789E+01     C           6

 BOND    =        8.4728  ANGLE   =        6.5869  DIHED      =       40.7344
 VDWAALS =        2.8499  EEL     =      194.5492  HBOND      =        0.0000
 1-4 VDW =        6.7232  1-4 EEL =      -15.2816  RESTRAINT  =        0.0000


   NSTEP       ENERGY          RMS            GMAX         NAME    NUMBER
      5       2.4328E+02     1.3074E+01     4.5767E+01     C           6

 BOND    =        7.4198  ANGLE   =        6.3579  DIHED      =       40.7069
 VDWAALS =        2.8128  EEL     =      194.5563  HBOND      =        0.0000
 1-4 VDW =        6.7515  1-4 EEL =      -15.3218  RESTRAINT  =        0.0000


   NSTEP       ENERGY          RMS            GMAX         NAME    NUMBER
      6       2.4184E+02     1.1471E+01     3.7725E+01     C           6

 BOND    =        6.3025  ANGLE   =        6.1285  DIHED      =       40.6700
 VDWAALS =        2.7617  EEL     =      194.5646  HBOND      =        0.0000
 1-4 VDW =        6.7856  1-4 EEL =      -15.3731  RESTRAINT  =        0.0000


   NSTEP       ENERGY          RMS            GMAX         NAME    NUMBER
      7       2.4035E+02     9.7016E+00     3.1183E+01     CAP        10

 BOND    =        5.1649  ANGLE   =        5.9127  DIHED      =       40.6194
 VDWAALS =        2.6888  EEL     =      194.5746  HBOND      =        0.0000
 1-4 VDW =        6.8265  1-4 EEL =      -15.4394  RESTRAINT  =        0.0000


   NSTEP       ENERGY          RMS            GMAX         NAME    NUMBER
      8       2.3887E+02     7.8556E+00     2.7306E+01     CAP        10

 BOND    =        4.0754  ANGLE   =        5.7275  DIHED      =       40.5478
 VDWAALS =        2.5813  EEL     =      194.5871  HBOND      =        0.0000
 1-4 VDW =        6.8745  1-4 EEL =      -15.5270  RESTRAINT  =        0.0000


   NSTEP       ENERGY          RMS            GMAX         NAME    NUMBER
      9       2.3746E+02     6.1337E+00     2.2611E+01     CAP        10

 BOND    =        3.1263  ANGLE   =        5.5847  DIHED      =       40.4440
 VDWAALS =        2.4170  EEL     =      194.6046  HBOND      =        0.0000
 1-4 VDW =        6.9284  1-4 EEL =      -15.6451  RESTRAINT  =        0.0000


   NSTEP       ENERGY          RMS            GMAX         NAME    NUMBER
     10       2.3615E+02     4.8184E+00     1.7694E+01     H11        31

 BOND    =        2.4092  ANGLE   =        5.4746  DIHED      =       40.2930
 VDWAALS =        2.1623  EEL     =      194.6346  HBOND      =        0.0000
 1-4 VDW =        6.9819  1-4 EEL =      -15.8062  RESTRAINT  =        0.0000


   NSTEP       ENERGY          RMS            GMAX         NAME    NUMBER
     11       2.3488E+02     3.9635E+00     1.4868E+01     H11        31

 BOND    =        1.9490  ANGLE   =        5.3652  DIHED      =       40.0880
 VDWAALS =        1.7874  EEL     =      194.6946  HBOND      =        0.0000
 1-4 VDW =        7.0220  1-4 EEL =      -16.0224  RESTRAINT  =        0.0000


   NSTEP       ENERGY          RMS            GMAX         NAME    NUMBER
     12       2.3362E+02     3.3159E+00     1.1853E+01     H11        31

 BOND    =        1.6559  ANGLE   =        5.2734  DIHED      =       39.8446
 VDWAALS =        1.3038  EEL     =      194.8073  HBOND      =        0.0000
 1-4 VDW =        7.0422  1-4 EEL =      -16.3120  RESTRAINT  =        0.0000


   NSTEP       ENERGY          RMS            GMAX         NAME    NUMBER
     13       2.3234E+02     2.7597E+00     9.5509E+00     H11        31

 BOND    =        1.4563  ANGLE   =        5.2676  DIHED      =       39.5786
 VDWAALS =        0.7620  EEL     =      194.9573  HBOND      =        0.0000
 1-4 VDW =        7.0483  1-4 EEL =      -16.7255  RESTRAINT  =        0.0000


   NSTEP       ENERGY          RMS            GMAX         NAME    NUMBER
     14       2.3108E+02     2.3065E+00     8.1564E+00     H21        41

 BOND    =        1.3843  ANGLE   =        5.3376  DIHED      =       39.3124
 VDWAALS =        0.2203  EEL     =      195.0811  HBOND      =        0.0000
 1-4 VDW =        7.0393  1-4 EEL =      -17.2967  RESTRAINT  =        0.0000


   NSTEP       ENERGY          RMS            GMAX         NAME    NUMBER
     15       2.2983E+02     2.1325E+00     7.3223E+00     H21        41

 BOND    =        1.4231  ANGLE   =        5.4108  DIHED      =       39.1028
 VDWAALS =       -0.2899  EEL     =      195.1621  HBOND      =        0.0000
 1-4 VDW =        7.0477  1-4 EEL =      -18.0248  RESTRAINT  =        0.0000


   NSTEP       ENERGY          RMS            GMAX         NAME    NUMBER
     16       2.2952E+02     6.3778E+00     3.3049E+01     C           6

 BOND    =        2.3856  ANGLE   =        5.8781  DIHED      =       38.8777
 VDWAALS =       -0.7058  EEL     =      194.9859  HBOND      =        0.0000
 1-4 VDW =        6.9534  1-4 EEL =      -18.8526  RESTRAINT  =        0.0000


   NSTEP       ENERGY          RMS            GMAX         NAME    NUMBER
     17       2.3196E+02     1.2832E+01     6.4617E+01     NAT         5

 BOND    =        4.4195  ANGLE   =        5.7030  DIHED      =       39.0753
 VDWAALS =       -0.8608  EEL     =      195.3974  HBOND      =        0.0000
 1-4 VDW =        7.1677  1-4 EEL =      -18.9382  RESTRAINT  =        0.0000


   NSTEP       ENERGY          RMS            GMAX         NAME    NUMBER
     18       2.2846E+02     3.3812E+00     1.6355E+01     NAT         5

 BOND    =        1.7707  ANGLE   =        5.4634  DIHED      =       38.9491
 VDWAALS =       -0.8702  EEL     =      195.1606  HBOND      =        0.0000
 1-4 VDW =        7.0591  1-4 EEL =      -19.0707  RESTRAINT  =        0.0000


   NSTEP       ENERGY          RMS            GMAX         NAME    NUMBER
     19       2.2918E+02     7.6058E+00     3.9867E+01     C           6

 BOND    =        2.8144  ANGLE   =        6.0840  DIHED      =       38.8060
 VDWAALS =       -0.9742  EEL     =      194.8956  HBOND      =        0.0000
 1-4 VDW =        6.9247  1-4 EEL =      -19.3731  RESTRAINT  =        0.0000


   NSTEP       ENERGY          RMS            GMAX         NAME    NUMBER
     20       2.2793E+02     2.1924E+00     1.0299E+01     C           6

 BOND    =        1.8109  ANGLE   =        5.6243  DIHED      =       38.8657
 VDWAALS =       -1.0085  EEL     =      195.0262  HBOND      =        0.0000
 1-4 VDW =        6.9851  1-4 EEL =      -19.3767  RESTRAINT  =        0.0000


   NSTEP       ENERGY          RMS            GMAX         NAME    NUMBER
     21       2.2792E+02     3.9624E+00     2.0038E+01     NAT         5

 BOND    =        1.9912  ANGLE   =        5.4846  DIHED      =       38.9074
 VDWAALS =       -1.1149  EEL     =      195.1261  HBOND      =        0.0000
 1-4 VDW =        7.0543  1-4 EEL =      -19.5312  RESTRAINT  =        0.0000


   NSTEP       ENERGY          RMS            GMAX         NAME    NUMBER
     22       2.2784E+02     4.3943E+00     2.2982E+01     C           6

 BOND    =        2.1621  ANGLE   =        5.8532  DIHED      =       38.8117
 VDWAALS =       -1.1629  EEL     =      194.9223  HBOND      =        0.0000
 1-4 VDW =        6.9501  1-4 EEL =      -19.6920  RESTRAINT  =        0.0000


   NSTEP       ENERGY          RMS            GMAX         NAME    NUMBER
     23       2.2797E+02     5.6389E+00     2.7401E+01     NAT         5

 BOND    =        2.3760  ANGLE   =        5.4601  DIHED      =       38.9105
 VDWAALS =       -1.2406  EEL     =      195.1472  HBOND      =        0.0000
 1-4 VDW =        7.0576  1-4 EEL =      -19.7397  RESTRAINT  =        0.0000


   NSTEP       ENERGY          RMS            GMAX         NAME    NUMBER
     24       2.2724E+02     1.3007E+00     4.2816E+00     H21        41

 BOND    =        1.8560  ANGLE   =        5.5897  DIHED      =       38.8501
 VDWAALS =       -1.2548  EEL     =      195.0161  HBOND      =        0.0000
 1-4 VDW =        7.0016  1-4 EEL =      -19.8161  RESTRAINT  =        0.0000


   NSTEP       ENERGY          RMS            GMAX         NAME    NUMBER
     25       2.2706E+02     2.3270E+00     1.2080E+01     C           6

 BOND    =        2.0133  ANGLE   =        5.7556  DIHED      =       38.8101
 VDWAALS =       -1.3659  EEL     =      194.9221  HBOND      =        0.0000
 1-4 VDW =        6.9536  1-4 EEL =      -20.0334  RESTRAINT  =        0.0000


   NSTEP       ENERGY          RMS            GMAX         NAME    NUMBER
     26       2.2723E+02     4.4808E+00     2.3481E+01     C           6

 BOND    =        2.2776  ANGLE   =        5.5518  DIHED      =       38.8650
 VDWAALS =       -1.4435  EEL     =      195.0645  HBOND      =        0.0000
 1-4 VDW =        7.0415  1-4 EEL =      -20.1289  RESTRAINT  =        0.0000


   NSTEP       ENERGY          RMS            GMAX         NAME    NUMBER
     27       2.2678E+02     1.3117E+00     4.3292E+00     NAT         5

 BOND    =        1.9752  ANGLE   =        5.6439  DIHED      =       38.8273
 VDWAALS =       -1.4557  EEL     =      194.9680  HBOND      =        0.0000
 1-4 VDW =        6.9887  1-4 EEL =      -20.1701  RESTRAINT  =        0.0000


   NSTEP       ENERGY          RMS            GMAX         NAME    NUMBER
     28       2.2670E+02     2.1465E+00     1.1137E+01     C           6

 BOND    =        2.0758  ANGLE   =        5.8137  DIHED      =       38.7951
 VDWAALS =       -1.5197  EEL     =      194.8824  HBOND      =        0.0000
 1-4 VDW =        6.9409  1-4 EEL =      -20.2931  RESTRAINT  =        0.0000


   NSTEP       ENERGY          RMS            GMAX         NAME    NUMBER
     29       2.2668E+02     2.8986E+00     1.4802E+01     C           6

 BOND    =        2.1632  ANGLE   =        5.6169  DIHED      =       38.8346
 VDWAALS =       -1.5719  EEL     =      194.9856  HBOND      =        0.0000
 1-4 VDW =        7.0039  1-4 EEL =      -20.3498  RESTRAINT  =        0.0000


   NSTEP       ENERGY          RMS            GMAX         NAME    NUMBER
     30       2.2666E+02     3.3277E+00     1.7702E+01     C           6

 BOND    =        2.2358  ANGLE   =        5.9525  DIHED      =       38.7730
 VDWAALS =       -1.6034  EEL     =      194.8201  HBOND      =        0.0000
 1-4 VDW =        6.9163  1-4 EEL =      -20.4336  RESTRAINT  =        0.0000


   NSTEP       ENERGY          RMS            GMAX         NAME    NUMBER
     31       2.2672E+02     4.1559E+00     2.1468E+01     C           6

 BOND    =        2.3751  ANGLE   =        5.6096  DIHED      =       38.8426
 VDWAALS =       -1.6518  EEL     =      195.0001  HBOND      =        0.0000
 1-4 VDW =        7.0115  1-4 EEL =      -20.4667  RESTRAINT  =        0.0000


   NSTEP       ENERGY          RMS            GMAX         NAME    NUMBER
     32       2.2632E+02     9.3650E-01     3.4010E+00     H11        31

 BOND    =        2.0838  ANGLE   =        5.7458  DIHED      =       38.8025
 VDWAALS =       -1.6622  EEL     =      194.8959  HBOND      =        0.0000
 1-4 VDW =        6.9587  1-4 EEL =      -20.5022  RESTRAINT  =        0.0000


   NSTEP       ENERGY          RMS            GMAX         NAME    NUMBER
     33       2.2621E+02     1.6446E+00     8.1969E+00     C           6

 BOND    =        2.1520  ANGLE   =        5.8959  DIHED      =       38.7789
 VDWAALS =       -1.7378  EEL     =      194.8257  HBOND      =        0.0000
 1-4 VDW =        6.9228  1-4 EEL =      -20.6258  RESTRAINT  =        0.0000


   NSTEP       ENERGY          RMS            GMAX         NAME    NUMBER
     34       2.2632E+02     3.3795E+00     1.8086E+01     C           6

 BOND    =        2.3660  ANGLE   =        5.6845  DIHED      =       38.8189
 VDWAALS =       -1.7924  EEL     =      194.9303  HBOND      =        0.0000
 1-4 VDW =        6.9838  1-4 EEL =      -20.6747  RESTRAINT  =        0.0000


   NSTEP       ENERGY          RMS            GMAX         NAME    NUMBER
     35       2.2606E+02     1.0017E+00     3.6494E+00     C           6

 BOND    =        2.1669  ANGLE   =        5.8003  DIHED      =       38.7921
 VDWAALS =       -1.8005  EEL     =      194.8578  HBOND      =        0.0000
 1-4 VDW =        6.9446  1-4 EEL =      -20.6999  RESTRAINT  =        0.0000


   NSTEP       ENERGY          RMS            GMAX         NAME    NUMBER
     36       2.2602E+02     1.6346E+00     8.2678E+00     C           6

 BOND    =        2.2040  ANGLE   =        5.9576  DIHED      =       38.7693
 VDWAALS =       -1.8424  EEL     =      194.7897  HBOND      =        0.0000
 1-4 VDW =        6.9072  1-4 EEL =      -20.7674  RESTRAINT  =        0.0000


   NSTEP       ENERGY          RMS            GMAX         NAME    NUMBER
     37       2.2601E+02     2.1448E+00     1.1172E+01     C           6

 BOND    =        2.2854  ANGLE   =        5.7727  DIHED      =       38.7983
 VDWAALS =       -1.8777  EEL     =      194.8675  HBOND      =        0.0000
 1-4 VDW =        6.9522  1-4 EEL =      -20.7923  RESTRAINT  =        0.0000


   NSTEP       ENERGY          RMS            GMAX         NAME    NUMBER
     38       2.2600E+02     2.4967E+00     1.3005E+01     C           6

 BOND    =        2.2905  ANGLE   =        6.0644  DIHED      =       38.7535
 VDWAALS =       -1.8997  EEL     =      194.7427  HBOND      =        0.0000
 1-4 VDW =        6.8863  1-4 EEL =      -20.8426  RESTRAINT  =        0.0000


   NSTEP       ENERGY          RMS            GMAX         NAME    NUMBER
     39       2.2602E+02     3.0877E+00     1.6107E+01     C           6

 BOND    =        2.4130  ANGLE   =        5.7606  DIHED      =       38.8043
 VDWAALS =       -1.9329  EEL     =      194.8753  HBOND      =        0.0000
 1-4 VDW =        6.9560  1-4 EEL =      -20.8537  RESTRAINT  =        0.0000


   NSTEP       ENERGY          RMS            GMAX         NAME    NUMBER
     40       2.2580E+02     7.1322E-01     2.8059E+00     H11        31

 BOND    =        2.2304  ANGLE   =        5.8985  DIHED      =       38.7750
 VDWAALS =       -1.9404  EEL     =      194.7979  HBOND      =        0.0000
 1-4 VDW =        6.9164  1-4 EEL =      -20.8756  RESTRAINT  =        0.0000


   NSTEP       ENERGY          RMS            GMAX         NAME    NUMBER
     41       2.2573E+02     1.1744E+00     5.6561E+00     NAT         5

 BOND    =        2.2588  ANGLE   =        6.0146  DIHED      =       38.7583
 VDWAALS =       -1.9926  EEL     =      194.7454  HBOND      =        0.0000
 1-4 VDW =        6.8887  1-4 EEL =      -20.9407  RESTRAINT  =        0.0000


   NSTEP       ENERGY          RMS            GMAX         NAME    NUMBER
     42       2.2578E+02     2.4965E+00     1.3524E+01     C           6

 BOND    =        2.4063  ANGLE   =        5.8386  DIHED      =       38.7852
 VDWAALS =       -2.0327  EEL     =      194.8188  HBOND      =        0.0000
 1-4 VDW =        6.9311  1-4 EEL =      -20.9646  RESTRAINT  =        0.0000


   NSTEP       ENERGY          RMS            GMAX         NAME    NUMBER
     43       2.2564E+02     7.5670E-01     2.7760E+00     C           6

 BOND    =        2.2847  ANGLE   =        5.9445  DIHED      =       38.7657
 VDWAALS =       -2.0386  EEL     =      194.7641  HBOND      =        0.0000
 1-4 VDW =        6.9014  1-4 EEL =      -20.9795  RESTRAINT  =        0.0000


   NSTEP       ENERGY          RMS            GMAX         NAME    NUMBER
     44       2.2561E+02     1.1689E+00     5.7906E+00     NAT         5

 BOND    =        2.2932  ANGLE   =        6.0638  DIHED      =       38.7493
 VDWAALS =       -2.0685  EEL     =      194.7138  HBOND      =        0.0000
 1-4 VDW =        6.8735  1-4 EEL =      -21.0153  RESTRAINT  =        0.0000


   NSTEP       ENERGY          RMS            GMAX         NAME    NUMBER
     45       2.2560E+02     1.6110E+00     8.5198E+00     C           6

 BOND    =        2.3617  ANGLE   =        5.9176  DIHED      =       38.7687
 VDWAALS =       -2.0946  EEL     =      194.7682  HBOND      =        0.0000
 1-4 VDW =        6.9051  1-4 EEL =      -21.0259  RESTRAINT  =        0.0000


   NSTEP       ENERGY          RMS            GMAX         NAME    NUMBER
     46       2.2559E+02     1.8496E+00     9.5538E+00     NAT         5

 BOND    =        2.3417  ANGLE   =        6.1471  DIHED      =       38.7359
 VDWAALS =       -2.1107  EEL     =      194.6744  HBOND      =        0.0000
 1-4 VDW =        6.8547  1-4 EEL =      -21.0545  RESTRAINT  =        0.0000


   NSTEP       ENERGY          RMS            GMAX         NAME    NUMBER
     47       2.2560E+02     2.3087E+00     1.2175E+01     C           6

 BOND    =        2.4375  ANGLE   =        5.9048  DIHED      =       38.7715
 VDWAALS =       -2.1346  EEL     =      194.7711  HBOND      =        0.0000
 1-4 VDW =        6.9063  1-4 EEL =      -21.0558  RESTRAINT  =        0.0000


   NSTEP       ENERGY          RMS            GMAX         NAME    NUMBER
     48       2.2548E+02     5.7462E-01     2.3360E+00     H11        31

 BOND    =        2.3247  ANGLE   =        6.0215  DIHED      =       38.7502
 VDWAALS =       -2.1403  EEL     =      194.7130  HBOND      =        0.0000
 1-4 VDW =        6.8761  1-4 EEL =      -21.0684  RESTRAINT  =        0.0000


   NSTEP       ENERGY          RMS            GMAX         NAME    NUMBER
     49       2.2543E+02     8.5769E-01     4.0041E+00     NAT         5

 BOND    =        2.3336  ANGLE   =        6.1059  DIHED      =       38.7371
 VDWAALS =       -2.1757  EEL     =      194.6735  HBOND      =        0.0000
 1-4 VDW =        6.8550  1-4 EEL =      -21.0988  RESTRAINT  =        0.0000


   NSTEP       ENERGY          RMS            GMAX         NAME    NUMBER
     50       2.2545E+02     1.7915E+00     9.7597E+00     C           6

 BOND    =        2.4297  ANGLE   =        5.9691  DIHED      =       38.7541
 VDWAALS =       -2.2056  EEL     =      194.7215  HBOND      =        0.0000
 1-4 VDW =        6.8831  1-4 EEL =      -21.1068  RESTRAINT  =        0.0000


   NSTEP       ENERGY          RMS            GMAX         NAME    NUMBER
     51       2.2537E+02     5.6860E-01     2.1655E+00     H11        31

 BOND    =        2.3571  ANGLE   =        6.0588  DIHED      =       38.7396
 VDWAALS =       -2.2105  EEL     =      194.6808  HBOND      =        0.0000
 1-4 VDW =        6.8608  1-4 EEL =      -21.1159  RESTRAINT  =        0.0000


   NSTEP       ENERGY          RMS            GMAX         NAME    NUMBER
     52       2.3251E+02     1.8462E+01     1.0478E+02     C           6

 BOND    =        8.2554  ANGLE   =        9.3953  DIHED      =       38.5177
 VDWAALS =       -2.6457  EEL     =      193.9827  HBOND      =        0.0000
 1-4 VDW =        6.4894  1-4 EEL =      -21.4802  RESTRAINT  =        0.0000


   NSTEP       ENERGY          RMS            GMAX         NAME    NUMBER
     53       2.2534E+02     9.9852E-01     5.0593E+00     NAT         5

 BOND    =        2.3606  ANGLE   =        6.1599  DIHED      =       38.7249
 VDWAALS =       -2.2402  EEL     =      194.6366  HBOND      =        0.0000
 1-4 VDW =        6.8363  1-4 EEL =      -21.1383  RESTRAINT  =        0.0000


   NSTEP       ENERGY          RMS            GMAX         NAME    NUMBER
     54       2.2528E+02     9.5252E-01     4.8786E+00     NAT         5

 BOND    =        2.3752  ANGLE   =        6.1826  DIHED      =       38.7184
 VDWAALS =       -2.2803  EEL     =      194.6173  HBOND      =        0.0000
 1-4 VDW =        6.8266  1-4 EEL =      -21.1602  RESTRAINT  =        0.0000


   NSTEP       ENERGY          RMS            GMAX         NAME    NUMBER
     55       2.2486E+02     7.7133E-01     3.2184E+00     NAT         5

 BOND    =        2.5430  ANGLE   =        6.4503  DIHED      =       38.6593
 VDWAALS =       -2.6134  EEL     =      194.4456  HBOND      =        0.0000
 1-4 VDW =        6.7383  1-4 EEL =      -21.3614  RESTRAINT  =        0.0000


   NSTEP       ENERGY          RMS            GMAX         NAME    NUMBER
     56       2.2468E+02     1.2363E+00     5.1679E+00     C           6

 BOND    =        2.8352  ANGLE   =        6.9170  DIHED      =       38.5895
 VDWAALS =       -2.9414  EEL     =      194.2512  HBOND      =        0.0000
 1-4 VDW =        6.6347  1-4 EEL =      -21.6038  RESTRAINT  =        0.0000


   NSTEP       ENERGY          RMS            GMAX         NAME    NUMBER
     57       2.3240E+02     1.7336E+01     6.7239E+01     C           6

 BOND    =        9.0058  ANGLE   =        9.7529  DIHED      =       38.2495
 VDWAALS =       -3.4611  EEL     =      194.1897  HBOND      =        0.0000
 1-4 VDW =        6.4756  1-4 EEL =      -21.8109  RESTRAINT  =        0.0000


   NSTEP       ENERGY          RMS            GMAX         NAME    NUMBER
     58       2.2463E+02     5.0893E-01     1.8278E+00     N           9

 BOND    =        2.8519  ANGLE   =        6.9591  DIHED      =       38.5647
 VDWAALS =       -2.9892  EEL     =      194.2456  HBOND      =        0.0000
 1-4 VDW =        6.6215  1-4 EEL =      -21.6189  RESTRAINT  =        0.0000


   NSTEP       ENERGY          RMS            GMAX         NAME    NUMBER
     59       2.2462E+02     4.6814E-01     1.4935E+00     H9         29

 BOND    =        2.8306  ANGLE   =        6.9449  DIHED      =       38.5602
 VDWAALS =       -3.0000  EEL     =      194.2686  HBOND      =        0.0000
 1-4 VDW =        6.6153  1-4 EEL =      -21.6003  RESTRAINT  =        0.0000


   NSTEP       ENERGY          RMS            GMAX         NAME    NUMBER
     60       2.2456E+02     1.0721E+00     6.5620E+00     N           9

 BOND    =        2.7079  ANGLE   =        6.8447  DIHED      =       38.5239
 VDWAALS =       -3.0831  EEL     =      194.4521  HBOND      =        0.0000
 1-4 VDW =        6.5654  1-4 EEL =      -21.4509  RESTRAINT  =        0.0000


   NSTEP       ENERGY          RMS            GMAX         NAME    NUMBER
     61       2.2444E+02     7.8809E-01     3.9619E+00     N           9

 BOND    =        2.6134  ANGLE   =        6.7193  DIHED      =       38.4682
 VDWAALS =       -3.1258  EEL     =      194.4144  HBOND      =        0.0000
 1-4 VDW =        6.5073  1-4 EEL =      -21.1533  RESTRAINT  =        0.0000


   NSTEP       ENERGY          RMS            GMAX         NAME    NUMBER
     62       2.2439E+02     1.1880E+00     5.1317E+00     N           9

 BOND    =        2.5366  ANGLE   =        6.6007  DIHED      =       38.4001
 VDWAALS =       -3.1758  EEL     =      194.3659  HBOND      =        0.0000
 1-4 VDW =        6.4353  1-4 EEL =      -20.7727  RESTRAINT  =        0.0000


   NSTEP       ENERGY          RMS            GMAX         NAME    NUMBER
     63       2.2432E+02     1.7210E+00     7.5870E+00     CAP        10

 BOND    =        2.6512  ANGLE   =        6.3669  DIHED      =       38.2480
 VDWAALS =       -3.2283  EEL     =      194.0090  HBOND      =        0.0000
 1-4 VDW =        6.3507  1-4 EEL =      -20.0774  RESTRAINT  =        0.0000


   NSTEP       ENERGY          RMS            GMAX         NAME    NUMBER
     64       2.2428E+02     1.0039E+00     3.4964E+00     CAP        10

 BOND    =        2.5711  ANGLE   =        6.4333  DIHED      =       38.3032
 VDWAALS =       -3.2104  EEL     =      194.1406  HBOND      =        0.0000
 1-4 VDW =        6.3808  1-4 EEL =      -20.3358  RESTRAINT  =        0.0000


   NSTEP       ENERGY          RMS            GMAX         NAME    NUMBER
     65       2.2427E+02     1.3801E+00     7.5130E+00     CAP        10

 BOND    =        2.6023  ANGLE   =        6.3238  DIHED      =       38.2493
 VDWAALS =       -3.2158  EEL     =      193.9845  HBOND      =        0.0000
 1-4 VDW =        6.3211  1-4 EEL =      -19.9939  RESTRAINT  =        0.0000


   NSTEP       ENERGY          RMS            GMAX         NAME    NUMBER
     66       2.2424E+02     6.2018E-01     2.4685E+00     CAP        10

 BOND    =        2.5609  ANGLE   =        6.3672  DIHED      =       38.2735
 VDWAALS =       -3.2137  EEL     =      194.0556  HBOND      =        0.0000
 1-4 VDW =        6.3480  1-4 EEL =      -20.1500  RESTRAINT  =        0.0000


   NSTEP       ENERGY          RMS            GMAX         NAME    NUMBER
     67       2.2422E+02     4.0331E-01     1.2950E+00     C           6

 BOND    =        2.5372  ANGLE   =        6.3422  DIHED      =       38.2595
 VDWAALS =       -3.2036  EEL     =      194.0154  HBOND      =        0.0000
 1-4 VDW =        6.3527  1-4 EEL =      -20.0795  RESTRAINT  =        0.0000


   NSTEP       ENERGY          RMS            GMAX         NAME    NUMBER
     68       2.2422E+02     4.5441E-01     1.4594E+00     NAT         5

 BOND    =        2.5345  ANGLE   =        6.3375  DIHED      =       38.2566
 VDWAALS =       -3.2014  EEL     =      194.0066  HBOND      =        0.0000
 1-4 VDW =        6.3538  1-4 EEL =      -20.0642  RESTRAINT  =        0.0000


   NSTEP       ENERGY          RMS            GMAX         NAME    NUMBER
     69       2.2421E+02     3.6827E-01     1.1342E+00     C           6

 BOND    =        2.5371  ANGLE   =        6.3100  DIHED      =       38.2428
 VDWAALS =       -3.1807  EEL     =      193.9448  HBOND      =        0.0000
 1-4 VDW =        6.3730  1-4 EEL =      -20.0173  RESTRAINT  =        0.0000


   NSTEP       ENERGY          RMS            GMAX         NAME    NUMBER
     70       2.2420E+02     5.2217E-01     1.7901E+00     CAS        14

 BOND    =        2.5451  ANGLE   =        6.2842  DIHED      =       38.2285
 VDWAALS =       -3.1582  EEL     =      193.8788  HBOND      =        0.0000
 1-4 VDW =        6.3937  1-4 EEL =      -19.9674  RESTRAINT  =        0.0000


   NSTEP       ENERGY          RMS            GMAX         NAME    NUMBER
     71       2.2419E+02     4.5366E-01     1.7575E+00     C           6

 BOND    =        2.5397  ANGLE   =        6.2111  DIHED      =       38.2087
 VDWAALS =       -3.1032  EEL     =      193.7343  HBOND      =        0.0000
 1-4 VDW =        6.4439  1-4 EEL =      -19.8445  RESTRAINT  =        0.0000


   NSTEP       ENERGY          RMS            GMAX         NAME    NUMBER
     72       2.2419E+02     3.6973E-01     1.4617E+00     C           6

 BOND    =        2.5389  ANGLE   =        6.2233  DIHED      =       38.2122
 VDWAALS =       -3.1135  EEL     =      193.7609  HBOND      =        0.0000
 1-4 VDW =        6.4346  1-4 EEL =      -19.8671  RESTRAINT  =        0.0000


   NSTEP       ENERGY          RMS            GMAX         NAME    NUMBER
     73       2.2418E+02     3.1084E-01     1.2905E+00     N           9

 BOND    =        2.4659  ANGLE   =        6.2465  DIHED      =       38.1949
 VDWAALS =       -3.0903  EEL     =      193.7109  HBOND      =        0.0000
 1-4 VDW =        6.4631  1-4 EEL =      -19.8094  RESTRAINT  =        0.0000


   NSTEP       ENERGY          RMS            GMAX         NAME    NUMBER
     74       2.2418E+02     3.2491E-01     1.3484E+00     N           9

 BOND    =        2.4619  ANGLE   =        6.2480  DIHED      =       38.1939
 VDWAALS =       -3.0889  EEL     =      193.7079  HBOND      =        0.0000
 1-4 VDW =        6.4648  1-4 EEL =      -19.8060  RESTRAINT  =        0.0000


   NSTEP       ENERGY          RMS            GMAX         NAME    NUMBER
     75       2.2418E+02     3.4123E-01     1.0513E+00     H9         29

 BOND    =        2.3895  ANGLE   =        6.2756  DIHED      =       38.1753
 VDWAALS =       -3.0709  EEL     =      193.6928  HBOND      =        0.0000
 1-4 VDW =        6.4883  1-4 EEL =      -19.7749  RESTRAINT  =        0.0000


   NSTEP       ENERGY          RMS            GMAX         NAME    NUMBER
     76       2.2417E+02     2.1708E-01     9.3714E-01     H9         29

 BOND    =        2.4074  ANGLE   =        6.2612  DIHED      =       38.1740
 VDWAALS =       -3.0723  EEL     =      193.7009  HBOND      =        0.0000
 1-4 VDW =        6.4877  1-4 EEL =      -19.7868  RESTRAINT  =        0.0000


   NSTEP       ENERGY          RMS            GMAX         NAME    NUMBER
     77       2.2417E+02     1.9057E-01     8.0293E-01     H9         29

 BOND    =        2.4262  ANGLE   =        6.2484  DIHED      =       38.1720
 VDWAALS =       -3.0746  EEL     =      193.7107  HBOND      =        0.0000
 1-4 VDW =        6.4860  1-4 EEL =      -19.7999  RESTRAINT  =        0.0000


   NSTEP       ENERGY          RMS            GMAX         NAME    NUMBER
     78       2.2417E+02     1.7950E-01     7.1720E-01     H9         29

 BOND    =        2.4354  ANGLE   =        6.2449  DIHED      =       38.1686
 VDWAALS =       -3.0776  EEL     =      193.7211  HBOND      =        0.0000
 1-4 VDW =        6.4855  1-4 EEL =      -19.8128  RESTRAINT  =        0.0000


   NSTEP       ENERGY          RMS            GMAX         NAME    NUMBER
     79       2.2416E+02     1.8005E-01     6.2656E-01     H9         29

 BOND    =        2.4416  ANGLE   =        6.2441  DIHED      =       38.1649
 VDWAALS =       -3.0812  EEL     =      193.7317  HBOND      =        0.0000
 1-4 VDW =        6.4840  1-4 EEL =      -19.8241  RESTRAINT  =        0.0000


   NSTEP       ENERGY          RMS            GMAX         NAME    NUMBER
     80       2.7528E+02     4.8705E+01     1.7985E+02     CAF        15

 BOND    =       39.9778  ANGLE   =       20.6664  DIHED      =       37.5615
 VDWAALS =       -3.4857  EEL     =      195.6733  HBOND      =        0.0000
 1-4 VDW =        7.3353  1-4 EEL =      -22.4533  RESTRAINT  =        0.0000


   NSTEP       ENERGY          RMS            GMAX         NAME    NUMBER
     81       2.2416E+02     4.3643E-01     1.6095E+00     CAF        15

 BOND    =        2.4521  ANGLE   =        6.2472  DIHED      =       38.1548
 VDWAALS =       -3.0876  EEL     =      193.7513  HBOND      =        0.0000
 1-4 VDW =        6.4871  1-4 EEL =      -19.8487  RESTRAINT  =        0.0000


   NSTEP       ENERGY          RMS            GMAX         NAME    NUMBER
     82       2.2415E+02     3.9054E-01     1.4427E+00     CAF        15

 BOND    =        2.4586  ANGLE   =        6.2519  DIHED      =       38.1451
 VDWAALS =       -3.0946  EEL     =      193.7709  HBOND      =        0.0000
 1-4 VDW =        6.4869  1-4 EEL =      -19.8716  RESTRAINT  =        0.0000


   NSTEP       ENERGY          RMS            GMAX         NAME    NUMBER
     83       2.2411E+02     3.8797E-01     1.1923E+00     H11        31

 BOND    =        2.5183  ANGLE   =        6.3136  DIHED      =       38.0701
 VDWAALS =       -3.1481  EEL     =      193.9262  HBOND      =        0.0000
 1-4 VDW =        6.4870  1-4 EEL =      -20.0535  RESTRAINT  =        0.0000


   NSTEP       ENERGY          RMS            GMAX         NAME    NUMBER
     84       2.2421E+02     2.1700E+00     8.4284E+00     CAR        17

 BOND    =        2.6922  ANGLE   =        6.3604  DIHED      =       38.0115
 VDWAALS =       -3.1760  EEL     =      194.0228  HBOND      =        0.0000
 1-4 VDW =        6.4812  1-4 EEL =      -20.1856  RESTRAINT  =        0.0000


   NSTEP       ENERGY          RMS            GMAX         NAME    NUMBER
     85       2.2411E+02     3.4513E-01     1.1325E+00     H10        30

 BOND    =        2.5361  ANGLE   =        6.3159  DIHED      =       38.0577
 VDWAALS =       -3.1542  EEL     =      193.9467  HBOND      =        0.0000
 1-4 VDW =        6.4857  1-4 EEL =      -20.0815  RESTRAINT  =        0.0000


   NSTEP       ENERGY          RMS            GMAX         NAME    NUMBER
     86       2.2410E+02     3.0420E-01     9.6615E-01     H10        30

 BOND    =        2.5357  ANGLE   =        6.3259  DIHED      =       38.0431
 VDWAALS =       -3.1533  EEL     =      193.9367  HBOND      =        0.0000
 1-4 VDW =        6.4948  1-4 EEL =      -20.0872  RESTRAINT  =        0.0000


   NSTEP       ENERGY          RMS            GMAX         NAME    NUMBER
     87       2.2406E+02     4.7583E-01     1.4301E+00     H9         29

 BOND    =        2.5481  ANGLE   =        6.4070  DIHED      =       37.9538
 VDWAALS =       -3.1476  EEL     =      193.8742  HBOND      =        0.0000
 1-4 VDW =        6.5512  1-4 EEL =      -20.1219  RESTRAINT  =        0.0000


   NSTEP       ENERGY          RMS            GMAX         NAME    NUMBER
     88       2.2413E+02     1.9864E+00     1.0131E+01     CAP        10

 BOND    =        2.5344  ANGLE   =        6.7623  DIHED      =       37.8075
 VDWAALS =       -3.1119  EEL     =      193.6751  HBOND      =        0.0000
 1-4 VDW =        6.5773  1-4 EEL =      -20.1110  RESTRAINT  =        0.0000


   NSTEP       ENERGY          RMS            GMAX         NAME    NUMBER
     89       2.2405E+02     4.1677E-01     2.2256E+00     CAP        10

 BOND    =        2.5233  ANGLE   =        6.4953  DIHED      =       37.9135
 VDWAALS =       -3.1379  EEL     =      193.8198  HBOND      =        0.0000
 1-4 VDW =        6.5584  1-4 EEL =      -20.1190  RESTRAINT  =        0.0000


   NSTEP       ENERGY          RMS            GMAX         NAME    NUMBER
     90       2.2404E+02     3.7397E-01     1.8376E+00     CA          8

 BOND    =        2.5443  ANGLE   =        6.5120  DIHED      =       37.8761
 VDWAALS =       -3.1314  EEL     =      193.7999  HBOND      =        0.0000
 1-4 VDW =        6.5638  1-4 EEL =      -20.1251  RESTRAINT  =        0.0000


   NSTEP       ENERGY          RMS            GMAX         NAME    NUMBER
     91       2.2403E+02     6.7908E-01     2.7498E+00     CA          8

 BOND    =        2.5828  ANGLE   =        6.5384  DIHED      =       37.8237
 VDWAALS =       -3.1221  EEL     =      193.7718  HBOND      =        0.0000
 1-4 VDW =        6.5713  1-4 EEL =      -20.1335  RESTRAINT  =        0.0000


   NSTEP       ENERGY          RMS            GMAX         NAME    NUMBER
     92       2.2400E+02     5.0703E-01     2.6963E+00     N           9

 BOND    =        2.6695  ANGLE   =        6.5082  DIHED      =       37.7332
 VDWAALS =       -3.1154  EEL     =      193.7830  HBOND      =        0.0000
 1-4 VDW =        6.5645  1-4 EEL =      -20.1430  RESTRAINT  =        0.0000


   NSTEP       ENERGY          RMS            GMAX         NAME    NUMBER
     93       2.2399E+02     7.4379E-01     4.2017E+00     N           9

 BOND    =        2.7888  ANGLE   =        6.4801  DIHED      =       37.6269
 VDWAALS =       -3.1072  EEL     =      193.7946  HBOND      =        0.0000
 1-4 VDW =        6.5570  1-4 EEL =      -20.1534  RESTRAINT  =        0.0000


   NSTEP       ENERGY          RMS            GMAX         NAME    NUMBER
     94       2.2391E+02     7.5003E-01     4.1608E+00     C           6

 BOND    =        2.7536  ANGLE   =        6.5055  DIHED      =       37.4230
 VDWAALS =       -3.1040  EEL     =      193.9091  HBOND      =        0.0000
 1-4 VDW =        6.5509  1-4 EEL =      -20.1292  RESTRAINT  =        0.0000


   NSTEP       ENERGY          RMS            GMAX         NAME    NUMBER
     95       2.2384E+02     1.7860E+00     1.0007E+01     C           6

 BOND    =        2.7676  ANGLE   =        6.5999  DIHED      =       36.9450
 VDWAALS =       -3.0922  EEL     =      194.1441  HBOND      =        0.0000
 1-4 VDW =        6.5419  1-4 EEL =      -20.0695  RESTRAINT  =        0.0000


   NSTEP       ENERGY          RMS            GMAX         NAME    NUMBER
     96       2.2366E+02     1.1194E+00     5.4080E+00     H21        41

 BOND    =        2.7050  ANGLE   =        6.5269  DIHED      =       36.2905
 VDWAALS =       -3.0667  EEL     =      194.5272  HBOND      =        0.0000
 1-4 VDW =        6.5342  1-4 EEL =      -19.8529  RESTRAINT  =        0.0000


   NSTEP       ENERGY          RMS            GMAX         NAME    NUMBER
     97       2.2366E+02     1.1651E+00     5.6601E+00     H21        41

 BOND    =        2.7110  ANGLE   =        6.5255  DIHED      =       36.2320
 VDWAALS =       -3.0638  EEL     =      194.5575  HBOND      =        0.0000
 1-4 VDW =        6.5341  1-4 EEL =      -19.8331  RESTRAINT  =        0.0000


   NSTEP       ENERGY          RMS            GMAX         NAME    NUMBER
     98       2.2358E+02     8.2903E-01     3.2821E+00     OAB        11

 BOND    =        2.6506  ANGLE   =        6.3816  DIHED      =       36.1227
 VDWAALS =       -3.0666  EEL     =      194.7208  HBOND      =        0.0000
 1-4 VDW =        6.4922  1-4 EEL =      -19.7227  RESTRAINT  =        0.0000


   NSTEP       ENERGY          RMS            GMAX         NAME    NUMBER
     99       2.2358E+02     9.7335E-01     4.3287E+00     N           9

 BOND    =        2.6501  ANGLE   =        6.3554  DIHED      =       36.1002
 VDWAALS =       -3.0671  EEL     =      194.7538  HBOND      =        0.0000
 1-4 VDW =        6.4837  1-4 EEL =      -19.7001  RESTRAINT  =        0.0000


   NSTEP       ENERGY          RMS            GMAX         NAME    NUMBER
    100       2.2348E+02     7.1723E-01     3.4225E+00     N           9

 BOND    =        2.5184  ANGLE   =        6.3461  DIHED      =       35.9075
 VDWAALS =       -3.0577  EEL     =      194.8571  HBOND      =        0.0000
 1-4 VDW =        6.4755  1-4 EEL =      -19.5650  RESTRAINT  =        0.0000


  Maximum number of minimization cycles reached.


                    FINAL RESULTS



   NSTEP       ENERGY          RMS            GMAX         NAME    NUMBER
    100       2.2348E+02     7.1723E-01     3.4225E+00     N           9

 BOND    =        2.5184  ANGLE   =        6.3461  DIHED      =       35.9075
 VDWAALS =       -3.0577  EEL     =      194.8571  HBOND      =        0.0000
 1-4 VDW =        6.4755  1-4 EEL =      -19.5650  RESTRAINT  =        0.0000

--------------------------------------------------------------------------------
   5.  TIMINGS
--------------------------------------------------------------------------------

|    Read coords time           0.00 ( 0.79% of Total)
|                Build the list             0.00 (81.82% of List )
|                Other                      0.00 (18.18% of List )
|             List time                  0.00 ( 3.44% of Nonbo)
|                   Short_ene time             0.02 (98.24% of Direc)
|                   Other                      0.00 ( 1.76% of Direc)
|                Direct Ewald time          0.02 (92.36% of Ewald)
|                Force Adjust               0.00 ( 0.19% of Ewald)
|                Virial junk                0.00 ( 0.39% of Ewald)
|                Start synchronizatio       0.00 ( 0.30% of Ewald)
|                Other                      0.00 ( 6.76% of Ewald)
|             Ewald time                 0.03 (95.88% of Nonbo)
|             IPS excludes               0.00 ( 0.16% of Nonbo)
|             Other                      0.00 ( 0.51% of Nonbo)
|          Nonbond force              0.03 (64.58% of Force)
|          Bond/Angle/Dihedral        0.01 (33.81% of Force)
|          Other                      0.00 ( 1.61% of Force)
|       Force time                 0.04 (100.0% of Runmd)
|    Runmd Time                 0.04 (13.21% of Total)
|    Other                      0.27 (86.00% of Total)
| Total time                 0.32 (100.0% of ALL  )

| Number of list builds   :          1

| Highest rstack allocated:        175
| Highest istack allocated:         35
|           Job began  at 19:22:17.938  on 12/05/2014
|           Setup done at 19:22:17.952  on 12/05/2014
|           Run   done at 19:22:18.256  on 12/05/2014
|     wallclock() was called    2335 times
