
          -------------------------------------------------------
          Amber 14 SANDER                              2014
          -------------------------------------------------------

| Run on 12/05/2014 at 19:23:23

|   Executable path: sander
| Working directory: /net/casegroup2/u2/pjanowsk/Phenix/AmberLibrary/5
|          Hostname: krakow

  [-O]verwriting output

File Assignments:
|  MDIN: sander.in                                                             
| MDOUT: 598.min.out                                                           
|INPCRD: 598.rst7                                                              
|  PARM: 598.prmtop                                                            
|RESTRT: 598.min.rst7                                                          
|  REFC: refc                                                                  
| MDVEL: mdvel                                                                 
| MDFRC: mdfrc                                                                 
|  MDEN: mden                                                                  
| MDCRD: mdcrd                                                                 
|MDINFO: mdinfo                                                                
|  MTMD: mtmd                                                                  
|INPDIP: inpdip                                                                
|RSTDIP: rstdip                                                                
|INPTRA: inptraj                                                               


 Here is the input file:

  short minimization                                                           
 &cntrl                                                                        
   imin=1, maxcyc=100, ncyc=50, ntpr=1, cut=99., ntb=0,                        
 /                                                                             

--------------------------------------------------------------------------------
   1.  RESOURCE   USE: 
--------------------------------------------------------------------------------

| Flags:                                                                        
|    NONPERIODIC   ntb=0 and igb=0: Setting up nonperiodic simulation
|  *** cutoff > system size, list only builds once
|Largest sphere to fit in unit cell has radius =    33.454
| New format PARM file being parsed.
| Version =    1.000 Date = 12/05/14 Time = 19:23:23
 NATOM  =      60 NTYPES =      11 NBONH =      23 MBONA  =      42
 NTHETH =      54 MTHETA =      63 NPHIH =     102 MPHIA  =     103
 NHPARM =       0 NPARM  =       0 NNB   =     351 NRES   =       1
 NBONA  =      42 NTHETA =      63 NPHIA =     103 NUMBND =      29
 NUMANG =      55 NPTRA  =      27 NATYP =      17 NPHB   =       0
 IFBOX  =       0 NMXRS  =      60 IFCAP =       0 NEXTRA =       0
 NCOPY  =       0


|     Memory Use     Allocated
|     Real                9153
|     Hollerith            183
|     Integer            31972
|     Max Pairs           1770
|     nblistReal           720
|     nblist Int       1158362
|       Total             4734 kbytes

| Note: 1-4 EEL scale factors are being read from the topology file.

| Note: 1-4 VDW scale factors are being read from the topology file.
| Duplicated    0 dihedrals
| Duplicated    0 dihedrals

--------------------------------------------------------------------------------
   2.  CONTROL  DATA  FOR  THE  RUN
--------------------------------------------------------------------------------

598                                                                             

General flags:
     imin    =       1, nmropt  =       0

Nature and format of input:
     ntx     =       1, irest   =       0, ntrx    =       1

Nature and format of output:
     ntxo    =       1, ntpr    =       1, ntrx    =       1, ntwr    =     500
     iwrap   =       0, ntwx    =       0, ntwv    =       0, ntwe    =       0
     ioutfm  =       0, ntwprt  =       0, idecomp =       0, rbornstat=      0

Potential function:
     ntf     =       1, ntb     =       0, igb     =       0, nsnb    =      25
     ipol    =       0, gbsa    =       0, iesp    =       0
     dielc   =   1.00000, cut     =  99.00000, intdiel =   1.00000

Frozen or restrained atoms:
     ibelly  =       0, ntr     =       0

Energy minimization:
     maxcyc  =     100, ncyc    =      50, ntmin   =       1
     dx0     =   0.01000, drms    =   0.00010
|  INFO: Old style inpcrd file read


--------------------------------------------------------------------------------
   3.  ATOMIC COORDINATES AND VELOCITIES
--------------------------------------------------------------------------------

598                                                                             
 begin time read from input coords =     0.000 ps

 Number of triangulated 3-point waters found:        0

     Sum of charges from parm topology file =  -1.00000000

--------------------------------------------------------------------------------
   4.  RESULTS
--------------------------------------------------------------------------------

 ---------------------------------------------------

     eedmeth=4: Setting switch to one everywhere

 ---------------------------------------------------
| Local SIZE OF NONBOND LIST =       1428
| TOTAL SIZE OF NONBOND LIST =       1428


   NSTEP       ENERGY          RMS            GMAX         NAME    NUMBER
      1       9.5977E+01     2.8809E+01     1.4059E+02     S18        14

 BOND    =       36.4471  ANGLE   =      105.4293  DIHED      =       81.7711
 VDWAALS =       -8.6853  EEL     =      135.8451  HBOND      =        0.0000
 1-4 VDW =       10.9478  1-4 EEL =     -265.7783  RESTRAINT  =        0.0000


   NSTEP       ENERGY          RMS            GMAX         NAME    NUMBER
      2       9.4068E+01     2.8103E+01     1.3813E+02     S18        14

 BOND    =       35.0724  ANGLE   =      104.9434  DIHED      =       81.7439
 VDWAALS =       -8.6873  EEL     =      135.8347  HBOND      =        0.0000
 1-4 VDW =       10.9460  1-4 EEL =     -265.7851  RESTRAINT  =        0.0000


   NSTEP       ENERGY          RMS            GMAX         NAME    NUMBER
      3       9.1840E+01     2.7264E+01     1.3517E+02     S18        14

 BOND    =       33.4815  ANGLE   =      104.3646  DIHED      =       81.7107
 VDWAALS =       -8.6898  EEL     =      135.8220  HBOND      =        0.0000
 1-4 VDW =       10.9440  1-4 EEL =     -265.7934  RESTRAINT  =        0.0000


   NSTEP       ENERGY          RMS            GMAX         NAME    NUMBER
      4       8.9254E+01     2.6274E+01     1.3161E+02     S18        14

 BOND    =       31.6563  ANGLE   =      103.6757  DIHED      =       81.6702
 VDWAALS =       -8.6927  EEL     =      135.8065  HBOND      =        0.0000
 1-4 VDW =       10.9420  1-4 EEL =     -265.8039  RESTRAINT  =        0.0000


   NSTEP       ENERGY          RMS            GMAX         NAME    NUMBER
      5       8.6276E+01     2.5107E+01     1.2731E+02     S18        14

 BOND    =       29.5855  ANGLE   =      102.8565  DIHED      =       81.6205
 VDWAALS =       -8.6962  EEL     =      135.7876  HBOND      =        0.0000
 1-4 VDW =       10.9400  1-4 EEL =     -265.8172  RESTRAINT  =        0.0000


   NSTEP       ENERGY          RMS            GMAX         NAME    NUMBER
      6       8.2880E+01     2.3741E+01     1.2213E+02     S18        14

 BOND    =       27.2697  ANGLE   =      101.8833  DIHED      =       81.5592
 VDWAALS =       -8.7006  EEL     =      135.7644  HBOND      =        0.0000
 1-4 VDW =       10.9382  1-4 EEL =     -265.8343  RESTRAINT  =        0.0000


   NSTEP       ENERGY          RMS            GMAX         NAME    NUMBER
      7       7.9051E+01     2.2153E+01     1.1588E+02     S18        14

 BOND    =       24.7296  ANGLE   =      100.7277  DIHED      =       81.4831
 VDWAALS =       -8.7058  EEL     =      135.7358  HBOND      =        0.0000
 1-4 VDW =       10.9370  1-4 EEL =     -265.8566  RESTRAINT  =        0.0000


   NSTEP       ENERGY          RMS            GMAX         NAME    NUMBER
      8       7.4799E+01     2.0329E+01     1.0834E+02     S18        14

 BOND    =       22.0159  ANGLE   =       99.3555  DIHED      =       81.3881
 VDWAALS =       -8.7122  EEL     =      135.7006  HBOND      =        0.0000
 1-4 VDW =       10.9367  1-4 EEL =     -265.8861  RESTRAINT  =        0.0000


   NSTEP       ENERGY          RMS            GMAX         NAME    NUMBER
      9       7.0165E+01     1.8266E+01     9.9254E+01     S18        14

 BOND    =       19.2229  ANGLE   =       97.7245  DIHED      =       81.2683
 VDWAALS =       -8.7201  EEL     =      135.6573  HBOND      =        0.0000
 1-4 VDW =       10.9380  1-4 EEL =     -265.9262  RESTRAINT  =        0.0000


   NSTEP       ENERGY          RMS            GMAX         NAME    NUMBER
     10       6.5233E+01     1.5992E+01     8.8342E+01     S18        14

 BOND    =       16.5015  ANGLE   =       95.7819  DIHED      =       81.1156
 VDWAALS =       -8.7299  EEL     =      135.6044  HBOND      =        0.0000
 1-4 VDW =       10.9416  1-4 EEL =     -265.9824  RESTRAINT  =        0.0000


   NSTEP       ENERGY          RMS            GMAX         NAME    NUMBER
     11       6.0132E+01     1.3582E+01     7.5349E+01     S18        14

 BOND    =       14.0665  ANGLE   =       93.4628  DIHED      =       80.9188
 VDWAALS =       -8.7421  EEL     =      135.5411  HBOND      =        0.0000
 1-4 VDW =       10.9484  1-4 EEL =     -266.0638  RESTRAINT  =        0.0000


   NSTEP       ENERGY          RMS            GMAX         NAME    NUMBER
     12       5.5021E+01     1.1179E+01     6.0186E+01     S18        14

 BOND    =       12.1780  ANGLE   =       90.6962  DIHED      =       80.6625
 VDWAALS =       -8.7578  EEL     =      135.4690  HBOND      =        0.0000
 1-4 VDW =       10.9590  1-4 EEL =     -266.1864  RESTRAINT  =        0.0000


   NSTEP       ENERGY          RMS            GMAX         NAME    NUMBER
     13       5.0045E+01     8.9882E+00     4.3265E+01     S18        14

 BOND    =       11.0571  ANGLE   =       87.4443  DIHED      =       80.3287
 VDWAALS =       -8.7783  EEL     =      135.3973  HBOND      =        0.0000
 1-4 VDW =       10.9737  1-4 EEL =     -266.3778  RESTRAINT  =        0.0000


   NSTEP       ENERGY          RMS            GMAX         NAME    NUMBER
     14       4.5274E+01     7.1783E+00     3.8447E+01     O14        12

 BOND    =       10.6994  ANGLE   =       83.8170  DIHED      =       79.9017
 VDWAALS =       -8.8061  EEL     =      135.3504  HBOND      =        0.0000
 1-4 VDW =       10.9929  1-4 EEL =     -266.6808  RESTRAINT  =        0.0000


   NSTEP       ENERGY          RMS            GMAX         NAME    NUMBER
     15       4.0693E+01     5.7714E+00     3.3950E+01     O14        12

 BOND    =       10.7000  ANGLE   =       80.2148  DIHED      =       79.3779
 VDWAALS =       -8.8458  EEL     =      135.3708  HBOND      =        0.0000
 1-4 VDW =       11.0189  1-4 EEL =     -267.1432  RESTRAINT  =        0.0000


   NSTEP       ENERGY          RMS            GMAX         NAME    NUMBER
     16       3.6240E+01     4.7371E+00     2.9645E+01     O14        12

 BOND    =       10.4438  ANGLE   =       77.1697  DIHED      =       78.7634
 VDWAALS =       -8.9026  EEL     =      135.4845  HBOND      =        0.0000
 1-4 VDW =       11.0555  1-4 EEL =     -267.7744  RESTRAINT  =        0.0000


   NSTEP       ENERGY          RMS            GMAX         NAME    NUMBER
     17       3.1743E+01     4.1522E+00     2.6415E+01     O14        12

 BOND    =        9.6810  ANGLE   =       74.7007  DIHED      =       78.0831
 VDWAALS =       -8.9743  EEL     =      135.6552  HBOND      =        0.0000
 1-4 VDW =       11.0890  1-4 EEL =     -268.4919  RESTRAINT  =        0.0000


   NSTEP       ENERGY          RMS            GMAX         NAME    NUMBER
     18       2.6719E+01     4.2165E+00     2.5626E+01     O14        12

 BOND    =        8.7536  ANGLE   =       71.7961  DIHED      =       77.4171
 VDWAALS =       -9.0435  EEL     =      135.8568  HBOND      =        0.0000
 1-4 VDW =       11.0975  1-4 EEL =     -269.1587  RESTRAINT  =        0.0000


   NSTEP       ENERGY          RMS            GMAX         NAME    NUMBER
     19       2.0513E+01     5.6676E+00     2.8640E+01     S18        14

 BOND    =        7.4432  ANGLE   =       67.8617  DIHED      =       76.8657
 VDWAALS =       -9.1033  EEL     =      135.8608  HBOND      =        0.0000
 1-4 VDW =       11.1064  1-4 EEL =     -269.5215  RESTRAINT  =        0.0000


   NSTEP       ENERGY          RMS            GMAX         NAME    NUMBER
     20       1.8811E+01     1.5243E+01     7.0525E+01     C11        11

 BOND    =       12.4041  ANGLE   =       61.5198  DIHED      =       76.6274
 VDWAALS =       -9.1251  EEL     =      136.4286  HBOND      =        0.0000
 1-4 VDW =       11.0355  1-4 EEL =     -270.0794  RESTRAINT  =        0.0000


   NSTEP       ENERGY          RMS            GMAX         NAME    NUMBER
     21       2.2728E+01     2.2247E+01     1.0223E+02     C11        11

 BOND    =       15.0160  ANGLE   =       63.3221  DIHED      =       76.3951
 VDWAALS =       -9.1504  EEL     =      135.4436  HBOND      =        0.0000
 1-4 VDW =       11.0929  1-4 EEL =     -269.3913  RESTRAINT  =        0.0000


   NSTEP       ENERGY          RMS            GMAX         NAME    NUMBER
     22       8.6557E+00     5.7336E+00     2.8793E+01     S18        14

 BOND    =        5.8338  ANGLE   =       58.3776  DIHED      =       76.3709
 VDWAALS =       -9.1529  EEL     =      135.9719  HBOND      =        0.0000
 1-4 VDW =       11.0362  1-4 EEL =     -269.7817  RESTRAINT  =        0.0000


   NSTEP       ENERGY          RMS            GMAX         NAME    NUMBER
     23       5.6999E+00     1.0128E+01     4.8634E+01     C11        11

 BOND    =        8.1608  ANGLE   =       53.3251  DIHED      =       76.1351
 VDWAALS =       -9.1697  EEL     =      136.3341  HBOND      =        0.0000
 1-4 VDW =       10.9861  1-4 EEL =     -270.0717  RESTRAINT  =        0.0000


   NSTEP       ENERGY          RMS            GMAX         NAME    NUMBER
     24       7.2836E+00     1.6079E+01     7.5040E+01     C11        11

 BOND    =        9.7559  ANGLE   =       53.8060  DIHED      =       75.8232
 VDWAALS =       -9.1884  EEL     =      135.7216  HBOND      =        0.0000
 1-4 VDW =       11.0284  1-4 EEL =     -269.6631  RESTRAINT  =        0.0000


   NSTEP       ENERGY          RMS            GMAX         NAME    NUMBER
     25      -1.6395E-01     4.6446E+00     2.9145E+01     O14        12

 BOND    =        5.3014  ANGLE   =       50.8441  DIHED      =       75.7298
 VDWAALS =       -9.1945  EEL     =      136.0705  HBOND      =        0.0000
 1-4 VDW =       10.9968  1-4 EEL =     -269.9121  RESTRAINT  =        0.0000


   NSTEP       ENERGY          RMS            GMAX         NAME    NUMBER
     26      -2.4574E+00     6.8372E+00     3.3187E+01     C11        11

 BOND    =        6.5472  ANGLE   =       47.7118  DIHED      =       75.3338
 VDWAALS =       -9.2168  EEL     =      136.2855  HBOND      =        0.0000
 1-4 VDW =       10.9821  1-4 EEL =     -270.1010  RESTRAINT  =        0.0000


   NSTEP       ENERGY          RMS            GMAX         NAME    NUMBER
     27      -2.1912E+00     1.1359E+01     5.3256E+01     C11        11

 BOND    =        7.1493  ANGLE   =       47.8851  DIHED      =       74.9568
 VDWAALS =       -9.2374  EEL     =      135.8974  HBOND      =        0.0000
 1-4 VDW =       11.0270  1-4 EEL =     -269.8695  RESTRAINT  =        0.0000


   NSTEP       ENERGY          RMS            GMAX         NAME    NUMBER
     28      -6.0070E+00     3.6657E+00     2.7705E+01     O14        12

 BOND    =        5.1988  ANGLE   =       46.1057  DIHED      =       74.8301
 VDWAALS =       -9.2458  EEL     =      136.1229  HBOND      =        0.0000
 1-4 VDW =       11.0132  1-4 EEL =     -270.0320  RESTRAINT  =        0.0000


   NSTEP       ENERGY          RMS            GMAX         NAME    NUMBER
     29      -7.7628E+00     4.4792E+00     2.2744E+01     O14        12

 BOND    =        5.7220  ANGLE   =       44.2806  DIHED      =       74.4116
 VDWAALS =       -9.2716  EEL     =      136.2199  HBOND      =        0.0000
 1-4 VDW =       11.0244  1-4 EEL =     -270.1498  RESTRAINT  =        0.0000


   NSTEP       ENERGY          RMS            GMAX         NAME    NUMBER
     30      -8.4408E+00     7.4549E+00     3.4798E+01     C11        11

 BOND    =        5.6904  ANGLE   =       44.1194  DIHED      =       74.0258
 VDWAALS =       -9.2962  EEL     =      135.9941  HBOND      =        0.0000
 1-4 VDW =       11.0703  1-4 EEL =     -270.0447  RESTRAINT  =        0.0000


   NSTEP       ENERGY          RMS            GMAX         NAME    NUMBER
     31      -8.7325E+00     9.2009E+00     5.0722E+01     C11        11

 BOND    =        7.6656  ANGLE   =       42.1222  DIHED      =       73.7028
 VDWAALS =       -9.3199  EEL     =      136.3174  HBOND      =        0.0000
 1-4 VDW =       11.0746  1-4 EEL =     -270.2952  RESTRAINT  =        0.0000


   NSTEP       ENERGY          RMS            GMAX         NAME    NUMBER
     32      -8.6789E+00     1.1046E+01     5.3477E+01     C11        11

 BOND    =        6.7848  ANGLE   =       43.4334  DIHED      =       73.4984
 VDWAALS =       -9.3323  EEL     =      135.8739  HBOND      =        0.0000
 1-4 VDW =       11.1179  1-4 EEL =     -270.0550  RESTRAINT  =        0.0000


   NSTEP       ENERGY          RMS            GMAX         NAME    NUMBER
     33      -1.2278E+01     2.8655E+00     2.3737E+01     O14        12

 BOND    =        4.9524  ANGLE   =       41.7533  DIHED      =       73.3591
 VDWAALS =       -9.3438  EEL     =      136.0946  HBOND      =        0.0000
 1-4 VDW =       11.1108  1-4 EEL =     -270.2043  RESTRAINT  =        0.0000


   NSTEP       ENERGY          RMS            GMAX         NAME    NUMBER
     34      -1.3860E+01     3.7101E+00     1.8982E+01     O14        12

 BOND    =        5.3114  ANGLE   =       40.3609  DIHED      =       72.8763
 VDWAALS =       -9.3811  EEL     =      136.1177  HBOND      =        0.0000
 1-4 VDW =       11.1498  1-4 EEL =     -270.2947  RESTRAINT  =        0.0000


   NSTEP       ENERGY          RMS            GMAX         NAME    NUMBER
     35      -1.3817E+01     8.1275E+00     4.0611E+01     C11        11

 BOND    =        5.5032  ANGLE   =       40.6783  DIHED      =       72.5289
 VDWAALS =       -9.4090  EEL     =      135.9162  HBOND      =        0.0000
 1-4 VDW =       11.2055  1-4 EEL =     -270.2401  RESTRAINT  =        0.0000


   NSTEP       ENERGY          RMS            GMAX         NAME    NUMBER
     36      -1.5817E+01     2.5889E+00     2.0856E+01     O14        12

 BOND    =        4.6880  ANGLE   =       39.5973  DIHED      =       72.4026
 VDWAALS =       -9.4197  EEL     =      136.0266  HBOND      =        0.0000
 1-4 VDW =       11.2046  1-4 EEL =     -270.3166  RESTRAINT  =        0.0000


   NSTEP       ENERGY          RMS            GMAX         NAME    NUMBER
     37      -1.6862E+01     3.0561E+00     1.7378E+01     O14        12

 BOND    =        4.9112  ANGLE   =       38.7320  DIHED      =       72.0621
 VDWAALS =       -9.4478  EEL     =      136.0305  HBOND      =        0.0000
 1-4 VDW =       11.2351  1-4 EEL =     -270.3847  RESTRAINT  =        0.0000


   NSTEP       ENERGY          RMS            GMAX         NAME    NUMBER
     38      -1.7423E+01     5.1668E+00     2.2889E+01     O14        12

 BOND    =        4.6264  ANGLE   =       38.7910  DIHED      =       71.7954
 VDWAALS =       -9.4712  EEL     =      135.9198  HBOND      =        0.0000
 1-4 VDW =       11.2789  1-4 EEL =     -270.3634  RESTRAINT  =        0.0000


   NSTEP       ENERGY          RMS            GMAX         NAME    NUMBER
     39      -1.7518E+01     6.9478E+00     4.2130E+01     C11        11

 BOND    =        6.1669  ANGLE   =       37.4399  DIHED      =       71.5180
 VDWAALS =       -9.4953  EEL     =      136.0456  HBOND      =        0.0000
 1-4 VDW =       11.2915  1-4 EEL =     -270.4842  RESTRAINT  =        0.0000


   NSTEP       ENERGY          RMS            GMAX         NAME    NUMBER
     40      -1.7682E+01     7.9784E+00     4.2214E+01     C11        11

 BOND    =        5.0991  ANGLE   =       38.5392  DIHED      =       71.4239
 VDWAALS =       -9.5030  EEL     =      135.8310  HBOND      =        0.0000
 1-4 VDW =       11.3270  1-4 EEL =     -270.3988  RESTRAINT  =        0.0000


   NSTEP       ENERGY          RMS            GMAX         NAME    NUMBER
     41      -1.7275E+01     9.9814E+00     6.2867E+01     C11        11

 BOND    =        7.6152  ANGLE   =       36.6356  DIHED      =       71.1447
 VDWAALS =       -9.5292  EEL     =      136.0719  HBOND      =        0.0000
 1-4 VDW =       11.3355  1-4 EEL =     -270.5487  RESTRAINT  =        0.0000


   NSTEP       ENERGY          RMS            GMAX         NAME    NUMBER
     42      -2.0188E+01     2.3068E+00     1.5654E+01     O14        12

 BOND    =        4.4352  ANGLE   =       37.0143  DIHED      =       71.1164
 VDWAALS =       -9.5303  EEL     =      135.9259  HBOND      =        0.0000
 1-4 VDW =       11.3464  1-4 EEL =     -270.4954  RESTRAINT  =        0.0000


   NSTEP       ENERGY          RMS            GMAX         NAME    NUMBER
     43      -2.1083E+01     3.8798E+00     1.8922E+01     O14        12

 BOND    =        4.1571  ANGLE   =       36.7987  DIHED      =       70.7910
 VDWAALS =       -9.5596  EEL     =      135.8511  HBOND      =        0.0000
 1-4 VDW =       11.3950  1-4 EEL =     -270.5166  RESTRAINT  =        0.0000


   NSTEP       ENERGY          RMS            GMAX         NAME    NUMBER
     44      -2.0476E+01     7.9711E+00     4.9358E+01     C11        11

 BOND    =        6.3804  ANGLE   =       35.5078  DIHED      =       70.4779
 VDWAALS =       -9.5880  EEL     =      135.9461  HBOND      =        0.0000
 1-4 VDW =       11.4168  1-4 EEL =     -270.6174  RESTRAINT  =        0.0000


   NSTEP       ENERGY          RMS            GMAX         NAME    NUMBER
     45      -2.2305E+01     2.4427E+00     1.3310E+01     O14        12

 BOND    =        4.3175  ANGLE   =       35.8029  DIHED      =       70.4550
 VDWAALS =       -9.5891  EEL     =      135.8708  HBOND      =        0.0000
 1-4 VDW =       11.4272  1-4 EEL =     -270.5897  RESTRAINT  =        0.0000


   NSTEP       ENERGY          RMS            GMAX         NAME    NUMBER
     46      -2.2786E+01     3.6680E+00     1.7409E+01     O14        12

 BOND    =        3.9801  ANGLE   =       35.8948  DIHED      =       70.2638
 VDWAALS =       -9.6058  EEL     =      135.8118  HBOND      =        0.0000
 1-4 VDW =       11.4605  1-4 EEL =     -270.5911  RESTRAINT  =        0.0000


   NSTEP       ENERGY          RMS            GMAX         NAME    NUMBER
     47      -2.2940E+01     5.1624E+00     3.1989E+01     C11        11

 BOND    =        5.0611  ANGLE   =       34.8917  DIHED      =       70.0434
 VDWAALS =       -9.6258  EEL     =      135.8750  HBOND      =        0.0000
 1-4 VDW =       11.4750  1-4 EEL =     -270.6609  RESTRAINT  =        0.0000


   NSTEP       ENERGY          RMS            GMAX         NAME    NUMBER
     48      -2.3139E+01     5.9161E+00     3.1361E+01     C11        11

 BOND    =        4.1730  ANGLE   =       35.7299  DIHED      =       69.9584
 VDWAALS =       -9.6316  EEL     =      135.7539  HBOND      =        0.0000
 1-4 VDW =       11.5039  1-4 EEL =     -270.6261  RESTRAINT  =        0.0000


   NSTEP       ENERGY          RMS            GMAX         NAME    NUMBER
     49      -2.3024E+01     7.3990E+00     4.8347E+01     C11        11

 BOND    =        5.9030  ANGLE   =       34.2853  DIHED      =       69.7444
 VDWAALS =       -9.6524  EEL     =      135.8932  HBOND      =        0.0000
 1-4 VDW =       11.5120  1-4 EEL =     -270.7093  RESTRAINT  =        0.0000


   NSTEP       ENERGY          RMS            GMAX         NAME    NUMBER
     50      -2.4653E+01     1.9322E+00     1.2269E+01     O14        12

 BOND    =        3.9832  ANGLE   =       34.6607  DIHED      =       69.7134
 VDWAALS =       -9.6531  EEL     =      135.8066  HBOND      =        0.0000
 1-4 VDW =       11.5231  1-4 EEL =     -270.6863  RESTRAINT  =        0.0000


   NSTEP       ENERGY          RMS            GMAX         NAME    NUMBER
     51      -2.5329E+01     2.6941E+00     1.4405E+01     O14        12

 BOND    =        3.7289  ANGLE   =       34.5285  DIHED      =       69.4647
 VDWAALS =       -9.6735  EEL     =      135.7726  HBOND      =        0.0000
 1-4 VDW =       11.5607  1-4 EEL =     -270.7105  RESTRAINT  =        0.0000


   NSTEP       ENERGY          RMS            GMAX         NAME    NUMBER
     52      -2.5647E+01     3.3235E+00     1.9863E+01     C11        11

 BOND    =        4.2886  ANGLE   =       33.8444  DIHED      =       69.2854
 VDWAALS =       -9.6890  EEL     =      135.8004  HBOND      =        0.0000
 1-4 VDW =       11.5749  1-4 EEL =     -270.7520  RESTRAINT  =        0.0000


   NSTEP       ENERGY          RMS            GMAX         NAME    NUMBER
     53      -2.5696E+01     2.3302E+00     1.2258E+01     C11        11

 BOND    =        4.0258  ANGLE   =       34.0076  DIHED      =       69.3327
 VDWAALS =       -9.6849  EEL     =      135.7931  HBOND      =        0.0000
 1-4 VDW =       11.5709  1-4 EEL =     -270.7409  RESTRAINT  =        0.0000


   NSTEP       ENERGY          RMS            GMAX         NAME    NUMBER
     54      -2.6248E+01     2.2849E+00     1.1413E+01     C11        11

 BOND    =        3.9732  ANGLE   =       33.7368  DIHED      =       69.1362
 VDWAALS =       -9.7004  EEL     =      135.7791  HBOND      =        0.0000
 1-4 VDW =       11.5961  1-4 EEL =     -270.7692  RESTRAINT  =        0.0000


   NSTEP       ENERGY          RMS            GMAX         NAME    NUMBER
     55      -3.0650E+01     2.7511E+00     1.4650E+01     C6          6

 BOND    =        3.8436  ANGLE   =       31.3445  DIHED      =       67.5442
 VDWAALS =       -9.8335  EEL     =      135.6489  HBOND      =        0.0000
 1-4 VDW =       11.8353  1-4 EEL =     -271.0328  RESTRAINT  =        0.0000


   NSTEP       ENERGY          RMS            GMAX         NAME    NUMBER
     56      -3.1540E+01     1.1131E+01     5.8016E+01     O7          7

 BOND    =        9.5224  ANGLE   =       28.1512  DIHED      =       64.7774
 VDWAALS =      -10.0793  EEL     =      135.3156  HBOND      =        0.0000
 1-4 VDW =       12.4736  1-4 EEL =     -271.7010  RESTRAINT  =        0.0000


   NSTEP       ENERGY          RMS            GMAX         NAME    NUMBER
     57      -3.3603E+01     6.8231E+00     3.7443E+01     C6          6

 BOND    =        5.6520  ANGLE   =       28.7693  DIHED      =       65.7386
 VDWAALS =       -9.9944  EEL     =      135.4522  HBOND      =        0.0000
 1-4 VDW =       12.2091  1-4 EEL =     -271.4296  RESTRAINT  =        0.0000


   NSTEP       ENERGY          RMS            GMAX         NAME    NUMBER
     58      -2.8926E+01     1.3683E+01     7.5189E+01     C6          6

 BOND    =        8.9159  ANGLE   =       32.0378  DIHED      =       63.0089
 VDWAALS =      -10.1837  EEL     =      136.2750  HBOND      =        0.0000
 1-4 VDW =       13.1150  1-4 EEL =     -272.0948  RESTRAINT  =        0.0000


   NSTEP       ENERGY          RMS            GMAX         NAME    NUMBER
     59      -3.5976E+01     4.4526E+00     2.5262E+01     O14        12

 BOND    =        4.6308  ANGLE   =       28.3298  DIHED      =       64.5433
 VDWAALS =      -10.0831  EEL     =      135.7561  HBOND      =        0.0000
 1-4 VDW =       12.5157  1-4 EEL =     -271.6687  RESTRAINT  =        0.0000


   NSTEP       ENERGY          RMS            GMAX         NAME    NUMBER
     60      -3.7616E+01     2.9065E+00     1.4842E+01     O15        13

 BOND    =        3.4606  ANGLE   =       28.3960  DIHED      =       63.9317
 VDWAALS =      -10.1103  EEL     =      135.8887  HBOND      =        0.0000
 1-4 VDW =       12.6201  1-4 EEL =     -271.8033  RESTRAINT  =        0.0000


   NSTEP       ENERGY          RMS            GMAX         NAME    NUMBER
     61      -3.8308E+01     3.9999E+00     1.9013E+01     C11        11

 BOND    =        3.1169  ANGLE   =       28.5912  DIHED      =       63.2967
 VDWAALS =      -10.1407  EEL     =      136.0430  HBOND      =        0.0000
 1-4 VDW =       12.7472  1-4 EEL =     -271.9621  RESTRAINT  =        0.0000


   NSTEP       ENERGY          RMS            GMAX         NAME    NUMBER
     62      -3.9522E+01     5.3079E+00     2.1068E+01     C6          6

 BOND    =        2.6249  ANGLE   =       29.0776  DIHED      =       62.2177
 VDWAALS =      -10.2135  EEL     =      136.1416  HBOND      =        0.0000
 1-4 VDW =       12.9906  1-4 EEL =     -272.3611  RESTRAINT  =        0.0000


   NSTEP       ENERGY          RMS            GMAX         NAME    NUMBER
     63      -3.9721E+01     3.5687E+00     1.4800E+01     C2          2

 BOND    =        2.4482  ANGLE   =       28.7487  DIHED      =       62.4878
 VDWAALS =      -10.1937  EEL     =      136.1164  HBOND      =        0.0000
 1-4 VDW =       12.9220  1-4 EEL =     -272.2509  RESTRAINT  =        0.0000


   NSTEP       ENERGY          RMS            GMAX         NAME    NUMBER
     64      -4.0956E+01     3.0156E+00     1.4334E+01     C11        11

 BOND    =        2.1647  ANGLE   =       28.7677  DIHED      =       61.6878
 VDWAALS =      -10.2372  EEL     =      135.9090  HBOND      =        0.0000
 1-4 VDW =       13.0099  1-4 EEL =     -272.2578  RESTRAINT  =        0.0000


   NSTEP       ENERGY          RMS            GMAX         NAME    NUMBER
     65      -4.0982E+01     3.4415E+00     1.5057E+01     C11        11

 BOND    =        2.2065  ANGLE   =       28.8524  DIHED      =       61.5636
 VDWAALS =      -10.2445  EEL     =      135.8732  HBOND      =        0.0000
 1-4 VDW =       13.0256  1-4 EEL =     -272.2588  RESTRAINT  =        0.0000


   NSTEP       ENERGY          RMS            GMAX         NAME    NUMBER
     66      -4.2126E+01     3.7298E+00     1.7010E+01     C2          2

 BOND    =        3.1609  ANGLE   =       27.2731  DIHED      =       60.8483
 VDWAALS =      -10.2583  EEL     =      136.1648  HBOND      =        0.0000
 1-4 VDW =       13.0843  1-4 EEL =     -272.3988  RESTRAINT  =        0.0000


   NSTEP       ENERGY          RMS            GMAX         NAME    NUMBER
     67      -4.2129E+01     3.5365E+00     1.6507E+01     C2          2

 BOND    =        3.0697  ANGLE   =       27.3396  DIHED      =       60.8800
 VDWAALS =      -10.2577  EEL     =      136.1500  HBOND      =        0.0000
 1-4 VDW =       13.0811  1-4 EEL =     -272.3917  RESTRAINT  =        0.0000


   NSTEP       ENERGY          RMS            GMAX         NAME    NUMBER
     68      -4.3556E+01     2.9093E+00     1.1214E+01     C10        10

 BOND    =        3.3683  ANGLE   =       26.3395  DIHED      =       60.0461
 VDWAALS =      -10.2488  EEL     =      136.3241  HBOND      =        0.0000
 1-4 VDW =       13.1457  1-4 EEL =     -272.5308  RESTRAINT  =        0.0000


   NSTEP       ENERGY          RMS            GMAX         NAME    NUMBER
     69      -4.3603E+01     3.4301E+00     1.3272E+01     S18        14

 BOND    =        3.5994  ANGLE   =       26.1789  DIHED      =       59.9041
 VDWAALS =      -10.2455  EEL     =      136.3612  HBOND      =        0.0000
 1-4 VDW =       13.1603  1-4 EEL =     -272.5612  RESTRAINT  =        0.0000


   NSTEP       ENERGY          RMS            GMAX         NAME    NUMBER
     70      -4.4566E+01     4.0050E+00     1.9825E+01     C11        11

 BOND    =        3.4276  ANGLE   =       25.8207  DIHED      =       59.0669
 VDWAALS =      -10.2284  EEL     =      136.6810  HBOND      =        0.0000
 1-4 VDW =       13.3798  1-4 EEL =     -272.7130  RESTRAINT  =        0.0000


   NSTEP       ENERGY          RMS            GMAX         NAME    NUMBER
     71      -4.4630E+01     3.2935E+00     1.6950E+01     C11        11

 BOND    =        3.2972  ANGLE   =       25.8407  DIHED      =       59.1938
 VDWAALS =      -10.2328  EEL     =      136.6190  HBOND      =        0.0000
 1-4 VDW =       13.3349  1-4 EEL =     -272.6830  RESTRAINT  =        0.0000


   NSTEP       ENERGY          RMS            GMAX         NAME    NUMBER
     72      -4.5545E+01     2.8197E+00     1.5277E+01     C11        11

 BOND    =        2.9804  ANGLE   =       25.1707  DIHED      =       58.7295
 VDWAALS =      -10.2203  EEL     =      137.0016  HBOND      =        0.0000
 1-4 VDW =       13.5111  1-4 EEL =     -272.7179  RESTRAINT  =        0.0000


   NSTEP       ENERGY          RMS            GMAX         NAME    NUMBER
     73      -4.5550E+01     2.6047E+00     1.3887E+01     C11        11

 BOND    =        2.9570  ANGLE   =       25.2015  DIHED      =       58.7544
 VDWAALS =      -10.2212  EEL     =      136.9754  HBOND      =        0.0000
 1-4 VDW =       13.4985  1-4 EEL =     -272.7157  RESTRAINT  =        0.0000


   NSTEP       ENERGY          RMS            GMAX         NAME    NUMBER
     74      -4.6092E+01     2.4537E+00     1.2505E+01     C11        11

 BOND    =        2.4042  ANGLE   =       25.4938  DIHED      =       58.4253
 VDWAALS =      -10.2161  EEL     =      137.0073  HBOND      =        0.0000
 1-4 VDW =       13.5805  1-4 EEL =     -272.7866  RESTRAINT  =        0.0000


   NSTEP       ENERGY          RMS            GMAX         NAME    NUMBER
     75      -4.6094E+01     2.2820E+00     1.0744E+01     C11        11

 BOND    =        2.4144  ANGLE   =       25.4658  DIHED      =       58.4434
 VDWAALS =      -10.2164  EEL     =      137.0054  HBOND      =        0.0000
 1-4 VDW =       13.5751  1-4 EEL =     -272.7820  RESTRAINT  =        0.0000


   NSTEP       ENERGY          RMS            GMAX         NAME    NUMBER
     76      -4.6127E+01     2.1136E+00     9.5033E+00     C11        11

 BOND    =        2.3916  ANGLE   =       25.4601  DIHED      =       58.4392
 VDWAALS =      -10.2161  EEL     =      137.0055  HBOND      =        0.0000
 1-4 VDW =       13.5728  1-4 EEL =     -272.7796  RESTRAINT  =        0.0000


   NSTEP       ENERGY          RMS            GMAX         NAME    NUMBER
     77      -4.6162E+01     1.9247E+00     8.1348E+00     C11        11

 BOND    =        2.3675  ANGLE   =       25.4539  DIHED      =       58.4338
 VDWAALS =      -10.2157  EEL     =      137.0054  HBOND      =        0.0000
 1-4 VDW =       13.5700  1-4 EEL =     -272.7770  RESTRAINT  =        0.0000


   NSTEP       ENERGY          RMS            GMAX         NAME    NUMBER
     78      -4.6201E+01     1.7194E+00     7.1027E+00     O14        12

 BOND    =        2.3432  ANGLE   =       25.4473  DIHED      =       58.4268
 VDWAALS =      -10.2153  EEL     =      137.0052  HBOND      =        0.0000
 1-4 VDW =       13.5666  1-4 EEL =     -272.7743  RESTRAINT  =        0.0000


   NSTEP       ENERGY          RMS            GMAX         NAME    NUMBER
     79      -4.6241E+01     1.5073E+00     6.4537E+00     O14        12

 BOND    =        2.3200  ANGLE   =       25.4407  DIHED      =       58.4174
 VDWAALS =      -10.2147  EEL     =      137.0045  HBOND      =        0.0000
 1-4 VDW =       13.5625  1-4 EEL =     -272.7717  RESTRAINT  =        0.0000


   NSTEP       ENERGY          RMS            GMAX         NAME    NUMBER
     80      -4.5667E+01     5.4603E+00     3.3532E+01     C11        11

 BOND    =        3.0429  ANGLE   =       25.6055  DIHED      =       58.1751
 VDWAALS =      -10.1998  EEL     =      136.9768  HBOND      =        0.0000
 1-4 VDW =       13.4628  1-4 EEL =     -272.7307  RESTRAINT  =        0.0000


   NSTEP       ENERGY          RMS            GMAX         NAME    NUMBER
     81      -4.6400E+01     1.3990E+00     7.4460E+00     C11        11

 BOND    =        2.2856  ANGLE   =       25.4243  DIHED      =       58.3334
 VDWAALS =      -10.2100  EEL     =      136.9957  HBOND      =        0.0000
 1-4 VDW =       13.5293  1-4 EEL =     -272.7585  RESTRAINT  =        0.0000


   NSTEP       ENERGY          RMS            GMAX         NAME    NUMBER
     82      -4.6572E+01     1.0140E+00     3.9967E+00     C11        11

 BOND    =        2.3233  ANGLE   =       25.4468  DIHED      =       58.1991
 VDWAALS =      -10.2048  EEL     =      136.9734  HBOND      =        0.0000
 1-4 VDW =       13.5039  1-4 EEL =     -272.8142  RESTRAINT  =        0.0000


   NSTEP       ENERGY          RMS            GMAX         NAME    NUMBER
     83      -4.6583E+01     1.2589E+00     5.5860E+00     C6          6

 BOND    =        2.3614  ANGLE   =       25.4681  DIHED      =       58.1600
 VDWAALS =      -10.2031  EEL     =      136.9663  HBOND      =        0.0000
 1-4 VDW =       13.4963  1-4 EEL =     -272.8320  RESTRAINT  =        0.0000


   NSTEP       ENERGY          RMS            GMAX         NAME    NUMBER
     84      -4.6714E+01     1.3901E+00     6.9786E+00     C6          6

 BOND    =        2.3816  ANGLE   =       25.4345  DIHED      =       58.0381
 VDWAALS =      -10.1964  EEL     =      137.0690  HBOND      =        0.0000
 1-4 VDW =       13.4798  1-4 EEL =     -272.9204  RESTRAINT  =        0.0000


   NSTEP       ENERGY          RMS            GMAX         NAME    NUMBER
     85      -4.6716E+01     1.2276E+00     5.8599E+00     C6          6

 BOND    =        2.3697  ANGLE   =       25.4333  DIHED      =       58.0496
 VDWAALS =      -10.1972  EEL     =      137.0576  HBOND      =        0.0000
 1-4 VDW =       13.4816  1-4 EEL =     -272.9105  RESTRAINT  =        0.0000


   NSTEP       ENERGY          RMS            GMAX         NAME    NUMBER
     86      -4.6872E+01     9.7590E-01     4.6892E+00     C11        11

 BOND    =        2.2515  ANGLE   =       25.4310  DIHED      =       57.9753
 VDWAALS =      -10.1889  EEL     =      137.1721  HBOND      =        0.0000
 1-4 VDW =       13.4723  1-4 EEL =     -272.9853  RESTRAINT  =        0.0000


   NSTEP       ENERGY          RMS            GMAX         NAME    NUMBER
     87      -4.6881E+01     1.2094E+00     6.0325E+00     O15        13

 BOND    =        2.2380  ANGLE   =       25.4396  DIHED      =       57.9600
 VDWAALS =      -10.1864  EEL     =      137.2057  HBOND      =        0.0000
 1-4 VDW =       13.4699  1-4 EEL =     -273.0072  RESTRAINT  =        0.0000


   NSTEP       ENERGY          RMS            GMAX         NAME    NUMBER
     88      -4.6965E+01     1.7422E+00     1.1258E+01     C11        11

 BOND    =        2.0028  ANGLE   =       25.6153  DIHED      =       57.8797
 VDWAALS =      -10.1710  EEL     =      137.1961  HBOND      =        0.0000
 1-4 VDW =       13.4747  1-4 EEL =     -272.9622  RESTRAINT  =        0.0000


   NSTEP       ENERGY          RMS            GMAX         NAME    NUMBER
     89      -4.6990E+01     1.1079E+00     6.2795E+00     C11        11

 BOND    =        2.0367  ANGLE   =       25.5531  DIHED      =       57.9010
 VDWAALS =      -10.1761  EEL     =      137.1992  HBOND      =        0.0000
 1-4 VDW =       13.4729  1-4 EEL =     -272.9768  RESTRAINT  =        0.0000


   NSTEP       ENERGY          RMS            GMAX         NAME    NUMBER
     90      -4.7135E+01     8.3697E-01     3.4549E+00     S18        14

 BOND    =        1.9531  ANGLE   =       25.4323  DIHED      =       57.8676
 VDWAALS =      -10.1644  EEL     =      137.2165  HBOND      =        0.0000
 1-4 VDW =       13.4828  1-4 EEL =     -272.9230  RESTRAINT  =        0.0000


   NSTEP       ENERGY          RMS            GMAX         NAME    NUMBER
     91      -4.7202E+01     1.2557E+00     5.6628E+00     C3          3

 BOND    =        1.9074  ANGLE   =       25.3121  DIHED      =       57.8460
 VDWAALS =      -10.1492  EEL     =      137.2381  HBOND      =        0.0000
 1-4 VDW =       13.4972  1-4 EEL =     -272.8537  RESTRAINT  =        0.0000


   NSTEP       ENERGY          RMS            GMAX         NAME    NUMBER
     92      -4.7368E+01     1.8318E+00     9.9872E+00     C6          6

 BOND    =        2.1425  ANGLE   =       24.8507  DIHED      =       57.7360
 VDWAALS =      -10.1111  EEL     =      137.2888  HBOND      =        0.0000
 1-4 VDW =       13.4537  1-4 EEL =     -272.7291  RESTRAINT  =        0.0000


   NSTEP       ENERGY          RMS            GMAX         NAME    NUMBER
     93      -4.7377E+01     1.4931E+00     7.7135E+00     C6          6

 BOND    =        2.0794  ANGLE   =       24.9205  DIHED      =       57.7516
 VDWAALS =      -10.1180  EEL     =      137.2800  HBOND      =        0.0000
 1-4 VDW =       13.4613  1-4 EEL =     -272.7514  RESTRAINT  =        0.0000


   NSTEP       ENERGY          RMS            GMAX         NAME    NUMBER
     94      -4.7625E+01     1.0271E+00     5.0505E+00     C6          6

 BOND    =        2.2879  ANGLE   =       24.5486  DIHED      =       57.6495
 VDWAALS =      -10.0922  EEL     =      137.3026  HBOND      =        0.0000
 1-4 VDW =       13.3991  1-4 EEL =     -272.7208  RESTRAINT  =        0.0000


   NSTEP       ENERGY          RMS            GMAX         NAME    NUMBER
     95      -4.7674E+01     1.4055E+00     6.0358E+00     C2          2

 BOND    =        2.4967  ANGLE   =       24.3302  DIHED      =       57.5992
 VDWAALS =      -10.0743  EEL     =      137.3168  HBOND      =        0.0000
 1-4 VDW =       13.3568  1-4 EEL =     -272.6993  RESTRAINT  =        0.0000


   NSTEP       ENERGY          RMS            GMAX         NAME    NUMBER
     96      -4.7889E+01     1.5534E+00     6.6070E+00     C21        17

 BOND    =        2.1802  ANGLE   =       24.4612  DIHED      =       57.5336
 VDWAALS =      -10.0680  EEL     =      137.2618  HBOND      =        0.0000
 1-4 VDW =       13.3282  1-4 EEL =     -272.5855  RESTRAINT  =        0.0000


   NSTEP       ENERGY          RMS            GMAX         NAME    NUMBER
     97      -4.7896E+01     1.2931E+00     5.1143E+00     C21        17

 BOND    =        2.2084  ANGLE   =       24.4268  DIHED      =       57.5377
 VDWAALS =      -10.0691  EEL     =      137.2709  HBOND      =        0.0000
 1-4 VDW =       13.3326  1-4 EEL =     -272.6035  RESTRAINT  =        0.0000


   NSTEP       ENERGY          RMS            GMAX         NAME    NUMBER
     98      -4.7986E+01     1.8013E+00     7.9935E+00     C22        18

 BOND    =        1.9710  ANGLE   =       24.4491  DIHED      =       57.6080
 VDWAALS =      -10.0682  EEL     =      137.3083  HBOND      =        0.0000
 1-4 VDW =       13.3357  1-4 EEL =     -272.5896  RESTRAINT  =        0.0000


   NSTEP       ENERGY          RMS            GMAX         NAME    NUMBER
     99      -4.8020E+01     1.0834E+00     4.9303E+00     C2          2

 BOND    =        2.0130  ANGLE   =       24.4237  DIHED      =       57.5763
 VDWAALS =      -10.0686  EEL     =      137.2958  HBOND      =        0.0000
 1-4 VDW =       13.3345  1-4 EEL =     -272.5946  RESTRAINT  =        0.0000


   NSTEP       ENERGY          RMS            GMAX         NAME    NUMBER
    100      -4.8121E+01     7.3230E-01     2.6875E+00     C3          3

 BOND    =        1.9811  ANGLE   =       24.3125  DIHED      =       57.6076
 VDWAALS =      -10.0681  EEL     =      137.2831  HBOND      =        0.0000
 1-4 VDW =       13.3162  1-4 EEL =     -272.5537  RESTRAINT  =        0.0000


  Maximum number of minimization cycles reached.


                    FINAL RESULTS



   NSTEP       ENERGY          RMS            GMAX         NAME    NUMBER
    100      -4.8121E+01     7.3230E-01     2.6875E+00     C3          3

 BOND    =        1.9811  ANGLE   =       24.3125  DIHED      =       57.6076
 VDWAALS =      -10.0681  EEL     =      137.2831  HBOND      =        0.0000
 1-4 VDW =       13.3162  1-4 EEL =     -272.5537  RESTRAINT  =        0.0000

--------------------------------------------------------------------------------
   5.  TIMINGS
--------------------------------------------------------------------------------

|    Read coords time           0.00 ( 0.78% of Total)
|                Build the list             0.00 (82.79% of List )
|                Other                      0.00 (17.21% of List )
|             List time                  0.00 ( 2.11% of Nonbo)
|                   Short_ene time             0.03 (98.59% of Direc)
|                   Other                      0.00 ( 1.41% of Direc)
|                Direct Ewald time          0.03 (92.52% of Ewald)
|                Force Adjust               0.00 ( 0.13% of Ewald)
|                Virial junk                0.00 ( 0.25% of Ewald)
|                Start synchronizatio       0.00 ( 0.20% of Ewald)
|                Other                      0.00 ( 6.90% of Ewald)
|             Ewald time                 0.04 (97.36% of Nonbo)
|             IPS excludes               0.00 ( 0.11% of Nonbo)
|             Other                      0.00 ( 0.42% of Nonbo)
|          Nonbond force              0.04 (62.72% of Force)
|          Bond/Angle/Dihedral        0.02 (36.10% of Force)
|          Other                      0.00 ( 1.18% of Force)
|       Force time                 0.06 (100.0% of Runmd)
|    Runmd Time                 0.06 (11.77% of Total)
|    Other                      0.44 (87.45% of Total)
| Total time                 0.50 (100.0% of ALL  )

| Number of list builds   :          1

| Highest rstack allocated:        270
| Highest istack allocated:         54
|           Job began  at 19:23:23.712  on 12/05/2014
|           Setup done at 19:23:23.736  on 12/05/2014
|           Run   done at 19:23:24.210  on 12/05/2014
|     wallclock() was called    2335 times
