
          -------------------------------------------------------
          Amber 16 SANDER                              2016
          -------------------------------------------------------

| Run on 04/20/2016 at 15:27:12

|   Executable path: sander
| Working directory: /gpfs/gpfs/project1/dacase-001/haichit/phenix_amber/run_amber_library/amber_library/2
|          Hostname: e1c029

  [-O]verwriting output

File Assignments:
|  MDIN: 2DS_sander.in                                                         
| MDOUT: 2DS.min_igb.out                                                       
|INPCRD: 2DS.rst7                                                              
|  PARM: 2DS.prmtop                                                            
|RESTRT: 2DS.min_igb.rst7                                                      
|  REFC: refc                                                                  
| MDVEL: mdvel                                                                 
| MDFRC: mdfrc                                                                 
|  MDEN: mden                                                                  
| MDCRD: mdcrd                                                                 
|MDINFO: mdinfo                                                                
|  MTMD: mtmd                                                                  
|INPDIP: inpdip                                                                
|RSTDIP: rstdip                                                                
|INPTRA: inptraj                                                               


 Here is the input file:

  short minimization                                                           
 &cntrl                                                                        
   imin=1, maxcyc=100, ncyc=50, ntpr=1, cut=99., ntb=0, igb=2                  
 /                                                                             

--------------------------------------------------------------------------------
   1.  RESOURCE   USE: 
--------------------------------------------------------------------------------

| Flags:                                                                        
| New format PARM file being parsed.
| Version =    1.000 Date = 04/20/16 Time = 15:27:12
 NATOM  =      52 NTYPES =      10 NBONH =      18 MBONA  =      32
 NTHETH =      27 MTHETA =      43 NPHIH =      52 MPHIA  =      61
 NHPARM =       0 NPARM  =       0 NNB   =     224 NRES   =       1
 NBONA  =      32 NTHETA =      43 NPHIA =      61 NUMBND =      18
 NUMANG =      33 NPTRA  =       9 NATYP =      11 NPHB   =       0
 IFBOX  =       0 NMXRS  =      52 IFCAP =       0 NEXTRA =       0
 NCOPY  =       0

 Implicit solvent radii are H(N)-modified Bondi radii (mbondi2)                                             

|     Memory Use     Allocated
|     Real                7672
|     Hollerith            159
|     Integer            22170
|     Max Pairs              1
|     nblistReal             0
|     nblist Int             0
|       Total              147 kbytes

| Note: 1-4 EEL scale factors are being read from the topology file.

| Note: 1-4 VDW scale factors are being read from the topology file.
| Duplicated    0 dihedrals
| Duplicated    0 dihedrals

--------------------------------------------------------------------------------
   2.  CONTROL  DATA  FOR  THE  RUN
--------------------------------------------------------------------------------

2DS                                                                             

General flags:
     imin    =       1, nmropt  =       0

Nature and format of input:
     ntx     =       1, irest   =       0, ntrx    =       1

Nature and format of output:
     ntxo    =       2, ntpr    =       1, ntrx    =       1, ntwr    =       1
     iwrap   =       0, ntwx    =       0, ntwv    =       0, ntwe    =       0
     ioutfm  =       1, ntwprt  =       0, idecomp =       0, rbornstat=      0

Potential function:
     ntf     =       1, ntb     =       0, igb     =       2, nsnb    =      25
     ipol    =       0, gbsa    =       0, iesp    =       0
     dielc   =   1.00000, cut     =  99.00000, intdiel =   1.00000
     saltcon =   0.00000, offset  =   0.09000, gbalpha=    0.80000
     gbbeta  =   0.00000, gbgamma =   2.90912, surften =   0.00500
     rdt     =   0.00000, rgbmax  =  25.00000  extdiel =  78.50000
     alpb  =        0

Frozen or restrained atoms:
     ibelly  =       0, ntr     =       0

Energy minimization:
     maxcyc  =     100, ncyc    =      50, ntmin   =       1
     dx0     =   0.01000, drms    =   0.00010
|  INFO: Old style inpcrd file read


--------------------------------------------------------------------------------
   3.  ATOMIC COORDINATES AND VELOCITIES
--------------------------------------------------------------------------------

2DS                                                                             
 begin time read from input coords =     0.000 ps

 Number of triangulated 3-point waters found:        0

--------------------------------------------------------------------------------
   4.  RESULTS
--------------------------------------------------------------------------------



   NSTEP       ENERGY          RMS            GMAX         NAME    NUMBER
      1       9.8634E+01     4.6895E+01     2.0530E+02     C19        23

 BOND    =       71.9590  ANGLE   =       86.3279  DIHED      =       47.4397
 VDWAALS =       19.6621  EEL     =     -151.2451  EGB        =      -69.1182
 1-4 VDW =       12.2145  1-4 EEL =       81.3944  RESTRAINT  =        0.0000


   NSTEP       ENERGY          RMS            GMAX         NAME    NUMBER
      2       9.5738E+01     4.5859E+01     2.0044E+02     C19        23

 BOND    =       69.8430  ANGLE   =       85.6698  DIHED      =       47.4108
 VDWAALS =       19.5693  EEL     =     -151.2392  EGB        =      -69.1378
 1-4 VDW =       12.2184  1-4 EEL =       81.4038  RESTRAINT  =        0.0000


   NSTEP       ENERGY          RMS            GMAX         NAME    NUMBER
      3       9.2348E+01     4.4631E+01     1.9464E+02     C19        23

 BOND    =       67.3791  ANGLE   =       84.8904  DIHED      =       47.3754
 VDWAALS =       19.4568  EEL     =     -151.2322  EGB        =      -69.1613
 1-4 VDW =       12.2239  1-4 EEL =       81.4154  RESTRAINT  =        0.0000


   NSTEP       ENERGY          RMS            GMAX         NAME    NUMBER
      4       8.8400E+01     4.3178E+01     1.8773E+02     C19        23

 BOND    =       64.5295  ANGLE   =       83.9699  DIHED      =       47.3322
 VDWAALS =       19.3201  EEL     =     -151.2242  EGB        =      -69.1896
 1-4 VDW =       12.2318  1-4 EEL =       81.4299  RESTRAINT  =        0.0000


   NSTEP       ENERGY          RMS            GMAX         NAME    NUMBER
      5       8.3833E+01     4.1467E+01     1.7951E+02     C19        23

 BOND    =       61.2620  ANGLE   =       82.8858  DIHED      =       47.2789
 VDWAALS =       19.1537  EEL     =     -151.2151  EGB        =      -69.2236
 1-4 VDW =       12.2432  1-4 EEL =       81.4482  RESTRAINT  =        0.0000


   NSTEP       ENERGY          RMS            GMAX         NAME    NUMBER
      6       7.8594E+01     3.9464E+01     1.6978E+02     C19        23

 BOND    =       57.5556  ANGLE   =       81.6133  DIHED      =       47.2129
 VDWAALS =       18.9502  EEL     =     -151.2049  EGB        =      -69.2646
 1-4 VDW =       12.2598  1-4 EEL =       81.4716  RESTRAINT  =        0.0000


   NSTEP       ENERGY          RMS            GMAX         NAME    NUMBER
      7       7.2644E+01     3.7138E+01     1.5830E+02     C19        23

 BOND    =       53.4090  ANGLE   =       80.1257  DIHED      =       47.1305
 VDWAALS =       18.7008  EEL     =     -151.1939  EGB        =      -69.3139
 1-4 VDW =       12.2840  1-4 EEL =       81.5016  RESTRAINT  =        0.0000


   NSTEP       ENERGY          RMS            GMAX         NAME    NUMBER
      8       6.5971E+01     3.4469E+01     1.4484E+02     C19        23

 BOND    =       48.8520  ANGLE   =       78.3938  DIHED      =       47.0266
 VDWAALS =       18.3938  EEL     =     -151.1825  EGB        =      -69.3732
 1-4 VDW =       12.3198  1-4 EEL =       81.5406  RESTRAINT  =        0.0000


   NSTEP       ENERGY          RMS            GMAX         NAME    NUMBER
      9       5.8601E+01     3.1457E+01     1.3452E+02     C20        40

 BOND    =       43.9578  ANGLE   =       76.3866  DIHED      =       46.8938
 VDWAALS =       18.0141  EEL     =     -151.1719  EGB        =      -69.4443
 1-4 VDW =       12.3730  1-4 EEL =       81.5923  RESTRAINT  =        0.0000


   NSTEP       ENERGY          RMS            GMAX         NAME    NUMBER
     10       5.0612E+01     2.8146E+01     1.2934E+02     C20        40

 BOND    =       38.8557  ANGLE   =       74.0707  DIHED      =       46.7215
 VDWAALS =       17.5428  EEL     =     -151.1641  EGB        =      -69.5292
 1-4 VDW =       12.4528  1-4 EEL =       81.6615  RESTRAINT  =        0.0000


   NSTEP       ENERGY          RMS            GMAX         NAME    NUMBER
     11       4.2129E+01     2.4649E+01     1.2285E+02     C20        40

 BOND    =       33.7326  ANGLE   =       71.4097  DIHED      =       46.4935
 VDWAALS =       16.9564  EEL     =     -151.1628  EGB        =      -69.6296
 1-4 VDW =       12.5735  1-4 EEL =       81.7558  RESTRAINT  =        0.0000


   NSTEP       ENERGY          RMS            GMAX         NAME    NUMBER
     12       3.3312E+01     2.1171E+01     1.1475E+02     C20        40

 BOND    =       28.8099  ANGLE   =       68.3646  DIHED      =       46.1860
 VDWAALS =       16.2294  EEL     =     -151.1747  EGB        =      -69.7463
 1-4 VDW =       12.7572  1-4 EEL =       81.8858  RESTRAINT  =        0.0000


   NSTEP       ENERGY          RMS            GMAX         NAME    NUMBER
     13       2.4295E+01     1.7962E+01     1.0472E+02     C20        40

 BOND    =       24.2734  ANGLE   =       64.9022  DIHED      =       45.7653
 VDWAALS =       15.3418  EEL     =     -151.2108  EGB        =      -69.8775
 1-4 VDW =       13.0355  1-4 EEL =       82.0648  RESTRAINT  =        0.0000


   NSTEP       ENERGY          RMS            GMAX         NAME    NUMBER
     14       1.5143E+01     1.5165E+01     9.2675E+01     C20        40

 BOND    =       20.1810  ANGLE   =       61.0261  DIHED      =       45.1891
 VDWAALS =       14.2973  EEL     =     -151.2864  EGB        =      -70.0176
 1-4 VDW =       13.4471  1-4 EEL =       82.3061  RESTRAINT  =        0.0000


   NSTEP       ENERGY          RMS            GMAX         NAME    NUMBER
     15       5.9013E+00     1.2687E+01     7.8873E+01     C20        40

 BOND    =       16.4572  ANGLE   =       56.8258  DIHED      =       44.4131
 VDWAALS =       13.1389  EEL     =     -151.4174  EGB        =      -70.1586
 1-4 VDW =       14.0278  1-4 EEL =       82.6144  RESTRAINT  =        0.0000


   NSTEP       ENERGY          RMS            GMAX         NAME    NUMBER
     16      -3.2851E+00     1.0385E+01     6.3784E+01     C20        40

 BOND    =       13.0169  ANGLE   =       52.4910  DIHED      =       43.3940
 VDWAALS =       11.9392  EEL     =     -151.6107  EGB        =      -70.2944
 1-4 VDW =       14.8009  1-4 EEL =       82.9781  RESTRAINT  =        0.0000


   NSTEP       ENERGY          RMS            GMAX         NAME    NUMBER
     17      -1.2168E+01     8.2382E+00     4.7743E+01     C20        40

 BOND    =        9.8609  ANGLE   =       48.2484  DIHED      =       42.0794
 VDWAALS =       10.7730  EEL     =     -151.8579  EGB        =      -70.4181
 1-4 VDW =       15.7777  1-4 EEL =       83.3681  RESTRAINT  =        0.0000


   NSTEP       ENERGY          RMS            GMAX         NAME    NUMBER
     18      -2.0476E+01     6.3613E+00     3.1062E+01     C20        40

 BOND    =        7.1798  ANGLE   =       44.2262  DIHED      =       40.3825
 VDWAALS =        9.6884  EEL     =     -152.1492  EGB        =      -70.5098
 1-4 VDW =       16.9534  1-4 EEL =       83.7529  RESTRAINT  =        0.0000


   NSTEP       ENERGY          RMS            GMAX         NAME    NUMBER
     19      -2.8181E+01     5.0359E+00     2.0823E+01     H20        48

 BOND    =        5.2900  ANGLE   =       40.4014  DIHED      =       38.1723
 VDWAALS =        8.7369  EEL     =     -152.5085  EGB        =      -70.5688
 1-4 VDW =       18.1837  1-4 EEL =       84.1117  RESTRAINT  =        0.0000


   NSTEP       ENERGY          RMS            GMAX         NAME    NUMBER
     20      -3.5573E+01     4.9454E+00     2.0936E+01     H20        48

 BOND    =        4.5826  ANGLE   =       36.1465  DIHED      =       35.5049
 VDWAALS =        8.0020  EEL     =     -152.8238  EGB        =      -70.6212
 1-4 VDW =       19.2182  1-4 EEL =       84.4173  RESTRAINT  =        0.0000


   NSTEP       ENERGY          RMS            GMAX         NAME    NUMBER
     21      -3.1377E+01     2.3427E+01     9.5055E+01     C19        23

 BOND    =       11.7418  ANGLE   =       37.3073  DIHED      =       32.6816
 VDWAALS =        7.7420  EEL     =     -153.3581  EGB        =      -70.8662
 1-4 VDW =       18.9733  1-4 EEL =       84.4019  RESTRAINT  =        0.0000


   NSTEP       ENERGY          RMS            GMAX         NAME    NUMBER
     22      -4.2835E+01     3.8970E+00     1.7879E+01     H20        48

 BOND    =        3.9350  ANGLE   =       32.7986  DIHED      =       32.6582
 VDWAALS =        7.5946  EEL     =     -153.0344  EGB        =      -70.7877
 1-4 VDW =       19.5122  1-4 EEL =       84.4886  RESTRAINT  =        0.0000


   NSTEP       ENERGY          RMS            GMAX         NAME    NUMBER
     23      -4.4968E+01     9.6153E+00     3.9902E+01     C16        21

 BOND    =        4.9576  ANGLE   =       31.5037  DIHED      =       31.0244
 VDWAALS =        7.4669  EEL     =     -153.0159  EGB        =      -70.9585
 1-4 VDW =       19.6323  1-4 EEL =       84.4215  RESTRAINT  =        0.0000


   NSTEP       ENERGY          RMS            GMAX         NAME    NUMBER
     24      -3.7117E+01     2.3505E+01     1.1381E+02     C16        21

 BOND    =       13.5707  ANGLE   =       30.8809  DIHED      =       30.6783
 VDWAALS =        7.3714  EEL     =     -153.0267  EGB        =      -70.9890
 1-4 VDW =       19.8152  1-4 EEL =       84.5818  RESTRAINT  =        0.0000


   NSTEP       ENERGY          RMS            GMAX         NAME    NUMBER
     25      -4.7824E+01     6.8362E+00     2.8594E+01     C16        21

 BOND    =        4.3687  ANGLE   =       30.0677  DIHED      =       30.3265
 VDWAALS =        7.3750  EEL     =     -153.0366  EGB        =      -71.0258
 1-4 VDW =       19.6288  1-4 EEL =       84.4720  RESTRAINT  =        0.0000


   NSTEP       ENERGY          RMS            GMAX         NAME    NUMBER
     26      -4.6834E+01     1.2444E+01     5.4367E+01     C16        21

 BOND    =        5.7510  ANGLE   =       30.5526  DIHED      =       29.6596
 VDWAALS =        7.3740  EEL     =     -152.9557  EGB        =      -71.1256
 1-4 VDW =       19.5703  1-4 EEL =       84.3400  RESTRAINT  =        0.0000


   NSTEP       ENERGY          RMS            GMAX         NAME    NUMBER
     27      -5.0081E+01     3.6817E+00     1.3872E+01     H20        48

 BOND    =        3.5841  ANGLE   =       29.3899  DIHED      =       29.6153
 VDWAALS =        7.3512  EEL     =     -152.9496  EGB        =      -71.1256
 1-4 VDW =       19.6558  1-4 EEL =       84.3976  RESTRAINT  =        0.0000


   NSTEP       ENERGY          RMS            GMAX         NAME    NUMBER
     28      -5.1008E+01     5.4033E+00     2.1204E+01     C16        21

 BOND    =        3.9480  ANGLE   =       28.7384  DIHED      =       29.1087
 VDWAALS =        7.3123  EEL     =     -152.9774  EGB        =      -71.1927
 1-4 VDW =       19.6349  1-4 EEL =       84.4196  RESTRAINT  =        0.0000


   NSTEP       ENERGY          RMS            GMAX         NAME    NUMBER
     29      -5.1162E+01     8.3092E+00     3.4163E+01     C16        21

 BOND    =        4.2929  ANGLE   =       28.9154  DIHED      =       28.5915
 VDWAALS =        7.3070  EEL     =     -152.8820  EGB        =      -71.2767
 1-4 VDW =       19.5778  1-4 EEL =       84.3127  RESTRAINT  =        0.0000


   NSTEP       ENERGY          RMS            GMAX         NAME    NUMBER
     30      -5.1420E+01     9.6340E+00     4.5077E+01     C16        21

 BOND    =        5.1353  ANGLE   =       27.7519  DIHED      =       28.4489
 VDWAALS =        7.2815  EEL     =     -152.8761  EGB        =      -71.2969
 1-4 VDW =       19.7281  1-4 EEL =       84.4077  RESTRAINT  =        0.0000


   NSTEP       ENERGY          RMS            GMAX         NAME    NUMBER
     31      -5.1016E+01     1.2186E+01     5.5449E+01     C16        21

 BOND    =        5.3186  ANGLE   =       29.0415  DIHED      =       27.9084
 VDWAALS =        7.2839  EEL     =     -152.9009  EGB        =      -71.3851
 1-4 VDW =       19.4500  1-4 EEL =       84.2681  RESTRAINT  =        0.0000


   NSTEP       ENERGY          RMS            GMAX         NAME    NUMBER
     32      -5.4112E+01     2.9388E+00     1.1741E+01     H20        48

 BOND    =        3.3831  ANGLE   =       27.6301  DIHED      =       27.9058
 VDWAALS =        7.2717  EEL     =     -152.8392  EGB        =      -71.3837
 1-4 VDW =       19.6006  1-4 EEL =       84.3195  RESTRAINT  =        0.0000


   NSTEP       ENERGY          RMS            GMAX         NAME    NUMBER
     33      -5.5146E+01     4.6569E+00     1.8867E+01     C16        21

 BOND    =        3.7278  ANGLE   =       26.8256  DIHED      =       27.3773
 VDWAALS =        7.2540  EEL     =     -152.7964  EGB        =      -71.4764
 1-4 VDW =       19.6212  1-4 EEL =       84.3213  RESTRAINT  =        0.0000


   NSTEP       ENERGY          RMS            GMAX         NAME    NUMBER
     34      -5.4648E+01     9.5441E+00     4.1091E+01     C16        21

 BOND    =        4.4509  ANGLE   =       27.4542  DIHED      =       26.8465
 VDWAALS =        7.2526  EEL     =     -152.7522  EGB        =      -71.5728
 1-4 VDW =       19.4582  1-4 EEL =       84.2148  RESTRAINT  =        0.0000


   NSTEP       ENERGY          RMS            GMAX         NAME    NUMBER
     35      -5.6532E+01     2.9675E+00     1.0332E+01     H20        48

 BOND    =        3.3298  ANGLE   =       26.5580  DIHED      =       26.8277
 VDWAALS =        7.2447  EEL     =     -152.7198  EGB        =      -71.5769
 1-4 VDW =       19.5520  1-4 EEL =       84.2528  RESTRAINT  =        0.0000


   NSTEP       ENERGY          RMS            GMAX         NAME    NUMBER
     36      -5.7148E+01     4.1921E+00     1.6545E+01     C16        21

 BOND    =        3.6143  ANGLE   =       25.9744  DIHED      =       26.5184
 VDWAALS =        7.2362  EEL     =     -152.6934  EGB        =      -71.6395
 1-4 VDW =       19.5744  1-4 EEL =       84.2668  RESTRAINT  =        0.0000


   NSTEP       ENERGY          RMS            GMAX         NAME    NUMBER
     37      -5.7344E+01     6.2924E+00     2.5369E+01     C16        21

 BOND    =        3.6684  ANGLE   =       26.3379  DIHED      =       26.1410
 VDWAALS =        7.2350  EEL     =     -152.6557  EGB        =      -71.7129
 1-4 VDW =       19.4517  1-4 EEL =       84.1908  RESTRAINT  =        0.0000


   NSTEP       ENERGY          RMS            GMAX         NAME    NUMBER
     38      -5.7571E+01     7.2657E+00     3.3248E+01     C16        21

 BOND    =        4.3079  ANGLE   =       25.3055  DIHED      =       26.0554
 VDWAALS =        7.2243  EEL     =     -152.5874  EGB        =      -71.7378
 1-4 VDW =       19.6124  1-4 EEL =       84.2485  RESTRAINT  =        0.0000


   NSTEP       ENERGY          RMS            GMAX         NAME    NUMBER
     39      -5.7469E+01     9.0698E+00     4.0079E+01     C16        21

 BOND    =        4.2150  ANGLE   =       26.3586  DIHED      =       25.6664
 VDWAALS =        7.2294  EEL     =     -152.6363  EGB        =      -71.8147
 1-4 VDW =       19.3567  1-4 EEL =       84.1559  RESTRAINT  =        0.0000


   NSTEP       ENERGY          RMS            GMAX         NAME    NUMBER
     40      -5.9201E+01     2.4007E+00     9.8694E+00     H20        48

 BOND    =        3.2590  ANGLE   =       25.3746  DIHED      =       25.6647
 VDWAALS =        7.2224  EEL     =     -152.5715  EGB        =      -71.8170
 1-4 VDW =       19.4784  1-4 EEL =       84.1883  RESTRAINT  =        0.0000


   NSTEP       ENERGY          RMS            GMAX         NAME    NUMBER
     41      -5.9940E+01     3.2646E+00     1.1927E+01     C16        21

 BOND    =        3.4436  ANGLE   =       24.8163  DIHED      =       25.3172
 VDWAALS =        7.2143  EEL     =     -152.5069  EGB        =      -71.8985
 1-4 VDW =       19.4911  1-4 EEL =       84.1830  RESTRAINT  =        0.0000


   NSTEP       ENERGY          RMS            GMAX         NAME    NUMBER
     42      -5.9937E+01     6.7113E+00     2.7526E+01     C16        21

 BOND    =        3.6878  ANGLE   =       25.2635  DIHED      =       24.9164
 VDWAALS =        7.2155  EEL     =     -152.4868  EGB        =      -71.9877
 1-4 VDW =       19.3379  1-4 EEL =       84.1161  RESTRAINT  =        0.0000


   NSTEP       ENERGY          RMS            GMAX         NAME    NUMBER
     43      -6.0907E+01     2.2432E+00     9.5191E+00     H20        48

 BOND    =        3.2359  ANGLE   =       24.6319  DIHED      =       24.8988
 VDWAALS =        7.2091  EEL     =     -152.4448  EGB        =      -71.9951
 1-4 VDW =       19.4178  1-4 EEL =       84.1396  RESTRAINT  =        0.0000


   NSTEP       ENERGY          RMS            GMAX         NAME    NUMBER
     44      -6.1435E+01     2.6038E+00     9.3791E+00     H20        48

 BOND    =        3.3410  ANGLE   =       24.2555  DIHED      =       24.6636
 VDWAALS =        7.2026  EEL     =     -152.4021  EGB        =      -72.0561
 1-4 VDW =       19.4213  1-4 EEL =       84.1390  RESTRAINT  =        0.0000


   NSTEP       ENERGY          RMS            GMAX         NAME    NUMBER
     45      -6.1783E+01     4.1198E+00     1.4554E+01     C16        21

 BOND    =        3.3212  ANGLE   =       24.4086  DIHED      =       24.3607
 VDWAALS =        7.2006  EEL     =     -152.3657  EGB        =      -72.1287
 1-4 VDW =       19.3264  1-4 EEL =       84.0938  RESTRAINT  =        0.0000


   NSTEP       ENERGY          RMS            GMAX         NAME    NUMBER
     46      -6.1872E+01     5.6999E+00     2.4713E+01     C16        21

 BOND    =        3.9092  ANGLE   =       23.6495  DIHED      =       24.2656
 VDWAALS =        7.1887  EEL     =     -152.2950  EGB        =      -72.1628
 1-4 VDW =       19.4433  1-4 EEL =       84.1299  RESTRAINT  =        0.0000


   NSTEP       ENERGY          RMS            GMAX         NAME    NUMBER
     47      -6.2007E+01     6.5180E+00     2.6894E+01     C16        21

 BOND    =        3.6216  ANGLE   =       24.4312  DIHED      =       23.9964
 VDWAALS =        7.1941  EEL     =     -152.3319  EGB        =      -72.2251
 1-4 VDW =       19.2406  1-4 EEL =       84.0660  RESTRAINT  =        0.0000


   NSTEP       ENERGY          RMS            GMAX         NAME    NUMBER
     48      -6.1866E+01     8.1552E+00     3.7109E+01     C16        21

 BOND    =        4.5690  ANGLE   =       23.2611  DIHED      =       23.9846
 VDWAALS =        7.1775  EEL     =     -152.2013  EGB        =      -72.2410
 1-4 VDW =       19.4643  1-4 EEL =       84.1201  RESTRAINT  =        0.0000


   NSTEP       ENERGY          RMS            GMAX         NAME    NUMBER
     49      -6.3255E+01     2.0335E+00     8.9197E+00     H20        48

 BOND    =        3.2660  ANGLE   =       23.5549  DIHED      =       23.8452
 VDWAALS =        7.1804  EEL     =     -152.2455  EGB        =      -72.2718
 1-4 VDW =       19.3299  1-4 EEL =       84.0862  RESTRAINT  =        0.0000


   NSTEP       ENERGY          RMS            GMAX         NAME    NUMBER
     50      -6.3773E+01     3.0481E+00     9.6459E+00     C24        26

 BOND    =        3.2298  ANGLE   =       23.5537  DIHED      =       23.5286
 VDWAALS =        7.1746  EEL     =     -152.2028  EGB        =      -72.3587
 1-4 VDW =       19.2469  1-4 EEL =       84.0553  RESTRAINT  =        0.0000


   NSTEP       ENERGY          RMS            GMAX         NAME    NUMBER
     51      -6.3625E+01     6.3132E+00     2.6782E+01     C16        21

 BOND    =        4.0727  ANGLE   =       22.8217  DIHED      =       23.3904
 VDWAALS =        7.1562  EEL     =     -152.1024  EGB        =      -72.4081
 1-4 VDW =       19.3625  1-4 EEL =       84.0819  RESTRAINT  =        0.0000


   NSTEP       ENERGY          RMS            GMAX         NAME    NUMBER
     52      -6.4340E+01     2.9090E+00     1.0554E+01     C16        21

 BOND    =        3.4056  ANGLE   =       22.9709  DIHED      =       23.3163
 VDWAALS =        7.1587  EEL     =     -152.1219  EGB        =      -72.4255
 1-4 VDW =       19.2924  1-4 EEL =       84.0641  RESTRAINT  =        0.0000


   NSTEP       ENERGY          RMS            GMAX         NAME    NUMBER
     53      -6.4500E+01     1.8659E+00     8.5565E+00     H20        48

 BOND    =        3.2092  ANGLE   =       23.1520  DIHED      =       23.2617
 VDWAALS =        7.1607  EEL     =     -152.1366  EGB        =      -72.4389
 1-4 VDW =       19.2406  1-4 EEL =       84.0509  RESTRAINT  =        0.0000


   NSTEP       ENERGY          RMS            GMAX         NAME    NUMBER
     54      -6.4658E+01     1.8461E+00     8.5090E+00     H20        48

 BOND    =        3.2105  ANGLE   =       23.0823  DIHED      =       23.1896
 VDWAALS =        7.1575  EEL     =     -152.1171  EGB        =      -72.4604
 1-4 VDW =       19.2333  1-4 EEL =       84.0466  RESTRAINT  =        0.0000


   NSTEP       ENERGY          RMS            GMAX         NAME    NUMBER
     55      -6.6023E+01     2.0883E+00     8.2750E+00     H20        48

 BOND    =        3.2612  ANGLE   =       22.4718  DIHED      =       22.5402
 VDWAALS =        7.1302  EEL     =     -151.9361  EGB        =      -72.6607
 1-4 VDW =       19.1644  1-4 EEL =       84.0063  RESTRAINT  =        0.0000


   NSTEP       ENERGY          RMS            GMAX         NAME    NUMBER
     56      -7.0277E+01     9.8708E+00     4.2663E+01     C18        22

 BOND    =        5.9056  ANGLE   =       20.2306  DIHED      =       19.0805
 VDWAALS =        6.9601  EEL     =     -150.6472  EGB        =      -74.1108
 1-4 VDW =       18.6094  1-4 EEL =       83.6945  RESTRAINT  =        0.0000


   NSTEP       ENERGY          RMS            GMAX         NAME    NUMBER
     57      -6.8034E+01     1.2072E+01     3.8021E+01     H20        48

 BOND    =       10.0063  ANGLE   =       22.4203  DIHED      =       17.4774
 VDWAALS =        6.6384  EEL     =     -149.5109  EGB        =      -75.9619
 1-4 VDW =       17.5097  1-4 EEL =       83.3864  RESTRAINT  =        0.0000


   NSTEP       ENERGY          RMS            GMAX         NAME    NUMBER
     58      -7.2981E+01     4.1107E+00     1.9945E+01     O11        45

 BOND    =        5.2886  ANGLE   =       20.2450  DIHED      =       18.0311
 VDWAALS =        6.8554  EEL     =     -150.1678  EGB        =      -74.9122
 1-4 VDW =       18.1144  1-4 EEL =       83.5648  RESTRAINT  =        0.0000


   NSTEP       ENERGY          RMS            GMAX         NAME    NUMBER
     59      -7.3686E+01     2.0197E+00     1.1324E+01     H20        48

 BOND    =        4.4534  ANGLE   =       20.1718  DIHED      =       18.0506
 VDWAALS =        6.9661  EEL     =     -150.1119  EGB        =      -74.8646
 1-4 VDW =       18.0860  1-4 EEL =       83.5627  RESTRAINT  =        0.0000


   NSTEP       ENERGY          RMS            GMAX         NAME    NUMBER
     60      -7.3786E+01     2.1587E+00     7.5889E+00     C19        23

 BOND    =        4.2423  ANGLE   =       20.1678  DIHED      =       18.0621
 VDWAALS =        7.0288  EEL     =     -150.0812  EGB        =      -74.8392
 1-4 VDW =       18.0718  1-4 EEL =       83.5615  RESTRAINT  =        0.0000


   NSTEP       ENERGY          RMS            GMAX         NAME    NUMBER
     61      -7.4045E+01     1.9780E+00     8.3622E+00     C16        21

 BOND    =        3.8458  ANGLE   =       20.4130  DIHED      =       17.9279
 VDWAALS =        6.9795  EEL     =     -149.9880  EGB        =      -74.9027
 1-4 VDW =       18.0839  1-4 EEL =       83.5958  RESTRAINT  =        0.0000


   NSTEP       ENERGY          RMS            GMAX         NAME    NUMBER
     62      -7.4049E+01     2.2535E+00     1.0085E+01     C16        21

 BOND    =        3.8130  ANGLE   =       20.4566  DIHED      =       17.9088
 VDWAALS =        6.9724  EEL     =     -149.9744  EGB        =      -74.9120
 1-4 VDW =       18.0857  1-4 EEL =       83.6008  RESTRAINT  =        0.0000


   NSTEP       ENERGY          RMS            GMAX         NAME    NUMBER
     63      -7.4496E+01     1.7079E+00     7.4862E+00     O11        45

 BOND    =        3.6401  ANGLE   =       20.5526  DIHED      =       17.6855
 VDWAALS =        6.8185  EEL     =     -149.9434  EGB        =      -75.0529
 1-4 VDW =       18.1011  1-4 EEL =       83.7026  RESTRAINT  =        0.0000


   NSTEP       ENERGY          RMS            GMAX         NAME    NUMBER
     64      -7.4786E+01     2.8608E+00     1.3414E+01     C13        18

 BOND    =        3.5737  ANGLE   =       21.0218  DIHED      =       17.2839
 VDWAALS =        6.5023  EEL     =     -149.8723  EGB        =      -75.3490
 1-4 VDW =       18.1376  1-4 EEL =       83.9164  RESTRAINT  =        0.0000


   NSTEP       ENERGY          RMS            GMAX         NAME    NUMBER
     65      -7.5188E+01     4.3273E+00     1.5823E+01     C20        40

 BOND    =        3.6396  ANGLE   =       21.6854  DIHED      =       16.7802
 VDWAALS =        6.0570  EEL     =     -149.9666  EGB        =      -75.5850
 1-4 VDW =       17.9913  1-4 EEL =       84.2102  RESTRAINT  =        0.0000


   NSTEP       ENERGY          RMS            GMAX         NAME    NUMBER
     66      -7.5318E+01     2.6815E+00     9.5097E+00     C4          7

 BOND    =        3.4390  ANGLE   =       21.3984  DIHED      =       16.9325
 VDWAALS =        6.2035  EEL     =     -149.9380  EGB        =      -75.5028
 1-4 VDW =       18.0386  1-4 EEL =       84.1103  RESTRAINT  =        0.0000


   NSTEP       ENERGY          RMS            GMAX         NAME    NUMBER
     67      -7.5859E+01     2.2192E+00     1.0108E+01     C20        40

 BOND    =        3.7864  ANGLE   =       20.7095  DIHED      =       16.8024
 VDWAALS =        6.0111  EEL     =     -150.1166  EGB        =      -75.4775
 1-4 VDW =       18.0729  1-4 EEL =       84.3525  RESTRAINT  =        0.0000


   NSTEP       ENERGY          RMS            GMAX         NAME    NUMBER
     68      -7.5877E+01     2.6006E+00     1.2114E+01     C4          7

 BOND    =        3.9065  ANGLE   =       20.6003  DIHED      =       16.7857
 VDWAALS =        5.9725  EEL     =     -150.1528  EGB        =      -75.4736
 1-4 VDW =       18.0805  1-4 EEL =       84.4035  RESTRAINT  =        0.0000


   NSTEP       ENERGY          RMS            GMAX         NAME    NUMBER
     69      -7.6146E+01     3.6738E+00     1.3217E+01     C1          1

 BOND    =        3.9480  ANGLE   =       20.7743  DIHED      =       16.6707
 VDWAALS =        5.7844  EEL     =     -150.3620  EGB        =      -75.5218
 1-4 VDW =       17.9361  1-4 EEL =       84.6240  RESTRAINT  =        0.0000


   NSTEP       ENERGY          RMS            GMAX         NAME    NUMBER
     70      -7.6243E+01     2.2475E+00     7.8327E+00     C16        21

 BOND    =        3.7932  ANGLE   =       20.6816  DIHED      =       16.6969
 VDWAALS =        5.8458  EEL     =     -150.2918  EGB        =      -75.5035
 1-4 VDW =       17.9856  1-4 EEL =       84.5487  RESTRAINT  =        0.0000


   NSTEP       ENERGY          RMS            GMAX         NAME    NUMBER
     71      -7.6596E+01     1.4976E+00     6.2111E+00     C1          1

 BOND    =        3.9084  ANGLE   =       20.5494  DIHED      =       16.5882
 VDWAALS =        5.7826  EEL     =     -150.2984  EGB        =      -75.6299
 1-4 VDW =       17.8548  1-4 EEL =       84.6492  RESTRAINT  =        0.0000


   NSTEP       ENERGY          RMS            GMAX         NAME    NUMBER
     72      -7.6621E+01     1.8138E+00     8.2039E+00     C1          1

 BOND    =        4.0147  ANGLE   =       20.5230  DIHED      =       16.5575
 VDWAALS =        5.7637  EEL     =     -150.2999  EGB        =      -75.6739
 1-4 VDW =       17.8106  1-4 EEL =       84.6835  RESTRAINT  =        0.0000


   NSTEP       ENERGY          RMS            GMAX         NAME    NUMBER
     73      -7.6779E+01     2.0334E+00     7.2056E+00     C16        21

 BOND    =        4.4916  ANGLE   =       20.1767  DIHED      =       16.3949
 VDWAALS =        5.7558  EEL     =     -150.1153  EGB        =      -75.8427
 1-4 VDW =       17.6718  1-4 EEL =       84.6880  RESTRAINT  =        0.0000


   NSTEP       ENERGY          RMS            GMAX         NAME    NUMBER
     74      -7.6801E+01     1.4417E+00     4.4720E+00     C16        21

 BOND    =        4.3200  ANGLE   =       20.2555  DIHED      =       16.4344
 VDWAALS =        5.7569  EEL     =     -150.1633  EGB        =      -75.7987
 1-4 VDW =       17.7072  1-4 EEL =       84.6868  RESTRAINT  =        0.0000


   NSTEP       ENERGY          RMS            GMAX         NAME    NUMBER
     75      -7.6948E+01     1.1893E+00     3.4179E+00     H22        41

 BOND    =        4.4002  ANGLE   =       20.2192  DIHED      =       16.3268
 VDWAALS =        5.7873  EEL     =     -150.0900  EGB        =      -75.8936
 1-4 VDW =       17.6111  1-4 EEL =       84.6907  RESTRAINT  =        0.0000


   NSTEP       ENERGY          RMS            GMAX         NAME    NUMBER
     76      -7.6960E+01     1.0936E+00     3.2252E+00     H22        41

 BOND    =        4.3825  ANGLE   =       20.2233  DIHED      =       16.3263
 VDWAALS =        5.7881  EEL     =     -150.0888  EGB        =      -75.8937
 1-4 VDW =       17.6118  1-4 EEL =       84.6901  RESTRAINT  =        0.0000


   NSTEP       ENERGY          RMS            GMAX         NAME    NUMBER
     77      -7.6974E+01     1.0000E+00     2.9993E+00     H22        41

 BOND    =        4.3623  ANGLE   =       20.2288  DIHED      =       16.3254
 VDWAALS =        5.7891  EEL     =     -150.0877  EGB        =      -75.8938
 1-4 VDW =       17.6126  1-4 EEL =       84.6896  RESTRAINT  =        0.0000


   NSTEP       ENERGY          RMS            GMAX         NAME    NUMBER
     78      -7.6988E+01     9.1508E-01     2.7558E+00     C25        27

 BOND    =        4.3393  ANGLE   =       20.2360  DIHED      =       16.3242
 VDWAALS =        5.7905  EEL     =     -150.0866  EGB        =      -75.8941
 1-4 VDW =       17.6135  1-4 EEL =       84.6891  RESTRAINT  =        0.0000


   NSTEP       ENERGY          RMS            GMAX         NAME    NUMBER
     79      -7.7004E+01     8.4387E-01     2.6163E+00     C25        27

 BOND    =        4.3135  ANGLE   =       20.2448  DIHED      =       16.3222
 VDWAALS =        5.7923  EEL     =     -150.0857  EGB        =      -75.8945
 1-4 VDW =       17.6147  1-4 EEL =       84.6886  RESTRAINT  =        0.0000


   NSTEP       ENERGY          RMS            GMAX         NAME    NUMBER
     80      -7.6017E+01     5.6843E+00     2.6947E+01     C4          7

 BOND    =        4.1702  ANGLE   =       21.2405  DIHED      =       16.2361
 VDWAALS =        5.9374  EEL     =     -150.0416  EGB        =      -75.9427
 1-4 VDW =       17.7156  1-4 EEL =       84.6675  RESTRAINT  =        0.0000


   NSTEP       ENERGY          RMS            GMAX         NAME    NUMBER
     81      -7.7123E+01     1.2729E+00     6.1657E+00     C4          7

 BOND    =        4.0253  ANGLE   =       20.3974  DIHED      =       16.2889
 VDWAALS =        5.8265  EEL     =     -150.0739  EGB        =      -75.9049
 1-4 VDW =       17.6348  1-4 EEL =       84.6828  RESTRAINT  =        0.0000


   NSTEP       ENERGY          RMS            GMAX         NAME    NUMBER
     82      -7.7228E+01     1.3486E+00     4.8902E+00     C1          1

 BOND    =        3.8796  ANGLE   =       20.4125  DIHED      =       16.2263
 VDWAALS =        5.9032  EEL     =     -150.0590  EGB        =      -75.9336
 1-4 VDW =       17.6602  1-4 EEL =       84.6824  RESTRAINT  =        0.0000


   NSTEP       ENERGY          RMS            GMAX         NAME    NUMBER
     83      -7.7230E+01     1.1879E+00     4.5984E+00     C1          1

 BOND    =        3.8858  ANGLE   =       20.4080  DIHED      =       16.2328
 VDWAALS =        5.8944  EEL     =     -150.0606  EGB        =      -75.9304
 1-4 VDW =       17.6572  1-4 EEL =       84.6824  RESTRAINT  =        0.0000


   NSTEP       ENERGY          RMS            GMAX         NAME    NUMBER
     84      -7.7336E+01     1.2115E+00     3.9299E+00     C1          1

 BOND    =        3.8942  ANGLE   =       20.1776  DIHED      =       16.1714
 VDWAALS =        6.0298  EEL     =     -149.9802  EGB        =      -75.9725
 1-4 VDW =       17.6778  1-4 EEL =       84.6655  RESTRAINT  =        0.0000


   NSTEP       ENERGY          RMS            GMAX         NAME    NUMBER
     85      -7.7338E+01     1.3866E+00     4.7481E+00     C1          1

 BOND    =        3.9058  ANGLE   =       20.1457  DIHED      =       16.1627
 VDWAALS =        6.0509  EEL     =     -149.9680  EGB        =      -75.9790
 1-4 VDW =       17.6813  1-4 EEL =       84.6630  RESTRAINT  =        0.0000


   NSTEP       ENERGY          RMS            GMAX         NAME    NUMBER
     86      -7.7494E+01     1.0418E+00     3.4334E+00     O1          3

 BOND    =        3.7387  ANGLE   =       20.0713  DIHED      =       16.0999
 VDWAALS =        6.2400  EEL     =     -149.9136  EGB        =      -76.0400
 1-4 VDW =       17.6498  1-4 EEL =       84.6598  RESTRAINT  =        0.0000


   NSTEP       ENERGY          RMS            GMAX         NAME    NUMBER
     87      -7.7526E+01     1.5142E+00     5.2331E+00     C16        21

 BOND    =        3.6656  ANGLE   =       20.0359  DIHED      =       16.0601
 VDWAALS =        6.3854  EEL     =     -149.8734  EGB        =      -76.0868
 1-4 VDW =       17.6293  1-4 EEL =       84.6577  RESTRAINT  =        0.0000


   NSTEP       ENERGY          RMS            GMAX         NAME    NUMBER
     88      -7.7655E+01     1.7573E+00     8.3067E+00     C4          7

 BOND    =        3.7779  ANGLE   =       19.6106  DIHED      =       16.0149
 VDWAALS =        6.6373  EEL     =     -149.7838  EGB        =      -76.2090
 1-4 VDW =       17.5957  1-4 EEL =       84.7016  RESTRAINT  =        0.0000


   NSTEP       ENERGY          RMS            GMAX         NAME    NUMBER
     89      -7.7673E+01     1.2333E+00     5.4903E+00     C4          7

 BOND    =        3.7127  ANGLE   =       19.7107  DIHED      =       16.0250
 VDWAALS =        6.5681  EEL     =     -149.8073  EGB        =      -76.1758
 1-4 VDW =       17.6042  1-4 EEL =       84.6898  RESTRAINT  =        0.0000


   NSTEP       ENERGY          RMS            GMAX         NAME    NUMBER
     90      -7.7771E+01     1.1886E+00     6.3886E+00     C1          1

 BOND    =        4.0131  ANGLE   =       19.2055  DIHED      =       16.0448
 VDWAALS =        6.6780  EEL     =     -149.7934  EGB        =      -76.2261
 1-4 VDW =       17.5801  1-4 EEL =       84.7270  RESTRAINT  =        0.0000


   NSTEP       ENERGY          RMS            GMAX         NAME    NUMBER
     91      -7.7771E+01     1.1183E+00     5.9392E+00     C1          1

 BOND    =        3.9916  ANGLE   =       19.2335  DIHED      =       16.0435
 VDWAALS =        6.6715  EEL     =     -149.7942  EGB        =      -76.2232
 1-4 VDW =       17.5815  1-4 EEL =       84.7248  RESTRAINT  =        0.0000


   NSTEP       ENERGY          RMS            GMAX         NAME    NUMBER
     92      -7.7868E+01     1.2264E+00     4.3927E+00     C13        18

 BOND    =        4.0893  ANGLE   =       18.9782  DIHED      =       16.0584
 VDWAALS =        6.7269  EEL     =     -149.7291  EGB        =      -76.2897
 1-4 VDW =       17.5521  1-4 EEL =       84.7460  RESTRAINT  =        0.0000


   NSTEP       ENERGY          RMS            GMAX         NAME    NUMBER
     93      -7.7868E+01     1.2496E+00     4.4884E+00     C13        18

 BOND    =        4.0922  ANGLE   =       18.9738  DIHED      =       16.0587
 VDWAALS =        6.7280  EEL     =     -149.7278  EGB        =      -76.2910
 1-4 VDW =       17.5515  1-4 EEL =       84.7464  RESTRAINT  =        0.0000


   NSTEP       ENERGY          RMS            GMAX         NAME    NUMBER
     94      -7.8010E+01     1.0444E+00     4.3659E+00     O1          3

 BOND    =        3.9943  ANGLE   =       18.8121  DIHED      =       16.0996
 VDWAALS =        6.7037  EEL     =     -149.6292  EGB        =      -76.4064
 1-4 VDW =       17.5936  1-4 EEL =       84.8227  RESTRAINT  =        0.0000


   NSTEP       ENERGY          RMS            GMAX         NAME    NUMBER
     95      -7.8062E+01     1.5645E+00     6.1736E+00     O1          3

 BOND    =        3.9503  ANGLE   =       18.6910  DIHED      =       16.1399
 VDWAALS =        6.6837  EEL     =     -149.5400  EGB        =      -76.5121
 1-4 VDW =       17.6336  1-4 EEL =       84.8919  RESTRAINT  =        0.0000


   NSTEP       ENERGY          RMS            GMAX         NAME    NUMBER
     96      -7.8265E+01     1.2167E+00     4.3916E+00     C27        28

 BOND    =        3.6288  ANGLE   =       18.7028  DIHED      =       16.2490
 VDWAALS =        6.5718  EEL     =     -149.4212  EGB        =      -76.7306
 1-4 VDW =       17.6893  1-4 EEL =       85.0451  RESTRAINT  =        0.0000


   NSTEP       ENERGY          RMS            GMAX         NAME    NUMBER
     97      -7.8270E+01     1.4053E+00     5.9120E+00     C27        28

 BOND    =        3.5961  ANGLE   =       18.7110  DIHED      =       16.2679
 VDWAALS =        6.5547  EEL     =     -149.4023  EGB        =      -76.7658
 1-4 VDW =       17.6992  1-4 EEL =       85.0695  RESTRAINT  =        0.0000


   NSTEP       ENERGY          RMS            GMAX         NAME    NUMBER
     98      -7.8348E+01     1.8471E+00     8.0958E+00     C19        23

 BOND    =        3.6841  ANGLE   =       18.4427  DIHED      =       16.4035
 VDWAALS =        6.3769  EEL     =     -149.3203  EGB        =      -76.9233
 1-4 VDW =       17.7991  1-4 EEL =       85.1897  RESTRAINT  =        0.0000


   NSTEP       ENERGY          RMS            GMAX         NAME    NUMBER
     99      -7.8372E+01     1.1433E+00     4.3606E+00     C25        27

 BOND    =        3.6150  ANGLE   =       18.5238  DIHED      =       16.3567
 VDWAALS =        6.4349  EEL     =     -149.3474  EGB        =      -76.8706
 1-4 VDW =       17.7652  1-4 EEL =       85.1499  RESTRAINT  =        0.0000


   NSTEP       ENERGY          RMS            GMAX         NAME    NUMBER
    100      -7.8479E+01     8.8970E-01     3.5277E+00     O1          3

 BOND    =        3.5612  ANGLE   =       18.4912  DIHED      =       16.4153
 VDWAALS =        6.3141  EEL     =     -149.2437  EGB        =      -76.9571
 1-4 VDW =       17.7894  1-4 EEL =       85.1505  RESTRAINT  =        0.0000


  Maximum number of minimization cycles reached.


                    FINAL RESULTS



   NSTEP       ENERGY          RMS            GMAX         NAME    NUMBER
    100      -7.8479E+01     8.8970E-01     3.5277E+00     O1          3

 BOND    =        3.5612  ANGLE   =       18.4912  DIHED      =       16.4153
 VDWAALS =        6.3141  EEL     =     -149.2437  EGB        =      -76.9571
 1-4 VDW =       17.7894  1-4 EEL =       85.1505  RESTRAINT  =        0.0000

--------------------------------------------------------------------------------
   5.  TIMINGS
--------------------------------------------------------------------------------

|    Read coords time           0.00 ( 0.30% of Total)
|    Fast Water setup           0.00 ( 0.01% of Total)
|                Calc gb radii              0.01 (25.96% of Gen B)
|                Calc gb diag               0.01 (41.05% of Gen B)
|                Calc gb off-diag           0.01 (32.76% of Gen B)
|                Other                      0.00 ( 0.22% of Gen B)
|             Gen Born time              0.04 (100.0% of Nonbo)
|             IPS excludes               0.00 ( 0.01% of Nonbo)
|          Nonbond force              0.04 (89.29% of Force)
|          Bond/Angle/Dihedral        0.00 (10.17% of Force)
|          Other                      0.00 ( 0.54% of Force)
|       Force time                 0.04 (100.0% of Runmd)
|    Runmd Time                 0.04 (52.47% of Total)
|    Other                      0.04 (47.22% of Total)
| Total time                 0.08 (99.48% of ALL  )

| Number of list builds   :          0

| Highest rstack allocated:          0
| Highest istack allocated:          0
|           Job began  at 15:27:12.356  on 04/20/2016
|           Setup done at 15:27:12.361  on 04/20/2016
|           Run   done at 15:27:12.433  on 04/20/2016
|     wallclock() was called    1828 times
