
          -------------------------------------------------------
          Amber 14 SANDER                              2014
          -------------------------------------------------------

| Run on 12/05/2014 at 18:57:26

|   Executable path: sander
| Working directory: /net/casegroup2/u2/pjanowsk/Phenix/AmberLibrary/2
|          Hostname: krakow

  [-O]verwriting output

File Assignments:
|  MDIN: sander.in                                                             
| MDOUT: 2RN.min_igb.out                                                       
|INPCRD: 2RN.rst7                                                              
|  PARM: 2RN.prmtop                                                            
|RESTRT: 2RN.min_igb.rst7                                                      
|  REFC: refc                                                                  
| MDVEL: mdvel                                                                 
| MDFRC: mdfrc                                                                 
|  MDEN: mden                                                                  
| MDCRD: mdcrd                                                                 
|MDINFO: mdinfo                                                                
|  MTMD: mtmd                                                                  
|INPDIP: inpdip                                                                
|RSTDIP: rstdip                                                                
|INPTRA: inptraj                                                               


 Here is the input file:

  short minimization                                                           
 &cntrl                                                                        
   imin=1, maxcyc=100, ncyc=50, ntpr=1, cut=99., ntb=0, igb=2                  
 /                                                                             

--------------------------------------------------------------------------------
   1.  RESOURCE   USE: 
--------------------------------------------------------------------------------

| Flags:                                                                        
| New format PARM file being parsed.
| Version =    1.000 Date = 12/05/14 Time = 18:57:26
 NATOM  =      39 NTYPES =       7 NBONH =      15 MBONA  =      27
 NTHETH =      29 MTHETA =      37 NPHIH =      62 MPHIA  =      57
 NHPARM =       0 NPARM  =       0 NNB   =     200 NRES   =       1
 NBONA  =      27 NTHETA =      37 NPHIA =      57 NUMBND =      13
 NUMANG =      21 NPTRA  =       8 NATYP =      11 NPHB   =       0
 IFBOX  =       0 NMXRS  =      39 IFCAP =       0 NEXTRA =       0
 NCOPY  =       0

 Implicit solvent radii are H(N)-modified Bondi radii (mbondi2)                                             

|     Memory Use     Allocated
|     Real                6538
|     Hollerith            120
|     Integer            21915
|     Max Pairs              1
|     nblistReal             0
|     nblist Int             0
|       Total              137 kbytes

| Note: 1-4 EEL scale factors are being read from the topology file.

| Note: 1-4 VDW scale factors are being read from the topology file.
| Duplicated    0 dihedrals
| Duplicated    0 dihedrals

--------------------------------------------------------------------------------
   2.  CONTROL  DATA  FOR  THE  RUN
--------------------------------------------------------------------------------

2RN                                                                             

General flags:
     imin    =       1, nmropt  =       0

Nature and format of input:
     ntx     =       1, irest   =       0, ntrx    =       1

Nature and format of output:
     ntxo    =       1, ntpr    =       1, ntrx    =       1, ntwr    =     500
     iwrap   =       0, ntwx    =       0, ntwv    =       0, ntwe    =       0
     ioutfm  =       0, ntwprt  =       0, idecomp =       0, rbornstat=      0

Potential function:
     ntf     =       1, ntb     =       0, igb     =       2, nsnb    =      25
     ipol    =       0, gbsa    =       0, iesp    =       0
     dielc   =   1.00000, cut     =  99.00000, intdiel =   1.00000
     saltcon =   0.00000, offset  =   0.09000, gbalpha=    0.80000
     gbbeta  =   0.00000, gbgamma =   2.90912, surften =   0.00500
     rdt     =   0.00000, rgbmax  =  25.00000  extdiel =  78.50000
     alpb  =        0

Frozen or restrained atoms:
     ibelly  =       0, ntr     =       0

Energy minimization:
     maxcyc  =     100, ncyc    =      50, ntmin   =       1
     dx0     =   0.01000, drms    =   0.00010
|  INFO: Old style inpcrd file read


--------------------------------------------------------------------------------
   3.  ATOMIC COORDINATES AND VELOCITIES
--------------------------------------------------------------------------------

2RN                                                                             
 begin time read from input coords =     0.000 ps

 Number of triangulated 3-point waters found:        0

--------------------------------------------------------------------------------
   4.  RESULTS
--------------------------------------------------------------------------------



   NSTEP       ENERGY          RMS            GMAX         NAME    NUMBER
      1      -3.4400E+01     1.1062E+01     5.8675E+01     N08         8

 BOND    =        5.9425  ANGLE   =       13.1154  DIHED      =        5.6827
 VDWAALS =       -3.1958  EEL     =      -38.0098  EGB        =      -25.2224
 1-4 VDW =       12.9614  1-4 EEL =       -5.6742  RESTRAINT  =        0.0000


   NSTEP       ENERGY          RMS            GMAX         NAME    NUMBER
      2      -3.5679E+01     8.7048E+00     4.2728E+01     N08         8

 BOND    =        5.1726  ANGLE   =       12.7457  DIHED      =        5.6884
 VDWAALS =       -3.2044  EEL     =      -37.9814  EGB        =      -25.2856
 1-4 VDW =       12.8968  1-4 EEL =       -5.7113  RESTRAINT  =        0.0000


   NSTEP       ENERGY          RMS            GMAX         NAME    NUMBER
      3      -3.6832E+01     6.2316E+00     2.5091E+01     N08         8

 BOND    =        4.5514  ANGLE   =       12.3752  DIHED      =        5.6976
 VDWAALS =       -3.2148  EEL     =      -37.9426  EGB        =      -25.3510
 1-4 VDW =       12.8197  1-4 EEL =       -5.7677  RESTRAINT  =        0.0000


   NSTEP       ENERGY          RMS            GMAX         NAME    NUMBER
      4      -3.7764E+01     4.0422E+00     1.5367E+01     C18        18

 BOND    =        4.1298  ANGLE   =       12.0333  DIHED      =        5.7134
 VDWAALS =       -3.2270  EEL     =      -37.8876  EGB        =      -25.4044
 1-4 VDW =       12.7358  1-4 EEL =       -5.8574  RESTRAINT  =        0.0000


   NSTEP       ENERGY          RMS            GMAX         NAME    NUMBER
      5      -3.8476E+01     2.6945E+00     1.0294E+01     C18        18

 BOND    =        3.7829  ANGLE   =       11.7691  DIHED      =        5.7423
 VDWAALS =       -3.2381  EEL     =      -37.8104  EGB        =      -25.4075
 1-4 VDW =       12.6847  1-4 EEL =       -5.9992  RESTRAINT  =        0.0000


   NSTEP       ENERGY          RMS            GMAX         NAME    NUMBER
      6      -3.9067E+01     1.9238E+00     6.7048E+00     C18        18

 BOND    =        3.2531  ANGLE   =       11.5644  DIHED      =        5.7927
 VDWAALS =       -3.2378  EEL     =      -37.7244  EGB        =      -25.3406
 1-4 VDW =       12.7893  1-4 EEL =       -6.1640  RESTRAINT  =        0.0000


   NSTEP       ENERGY          RMS            GMAX         NAME    NUMBER
      7      -3.9528E+01     1.8388E+00     7.5509E+00     N08         8

 BOND    =        2.8165  ANGLE   =       11.2635  DIHED      =        5.8636
 VDWAALS =       -3.2278  EEL     =      -37.6346  EGB        =      -25.3654
 1-4 VDW =       13.0439  1-4 EEL =       -6.2876  RESTRAINT  =        0.0000


   NSTEP       ENERGY          RMS            GMAX         NAME    NUMBER
      8      -3.9239E+01     5.8704E+00     2.7191E+01     N08         8

 BOND    =        2.5606  ANGLE   =       11.5759  DIHED      =        5.8877
 VDWAALS =       -3.2080  EEL     =      -37.5460  EGB        =      -25.1558
 1-4 VDW =       13.0959  1-4 EEL =       -6.4492  RESTRAINT  =        0.0000


   NSTEP       ENERGY          RMS            GMAX         NAME    NUMBER
      9      -3.9893E+01     1.3001E+00     3.7908E+00     C07         7

 BOND    =        2.3466  ANGLE   =       11.1304  DIHED      =        5.9085
 VDWAALS =       -3.2035  EEL     =      -37.5482  EGB        =      -25.2847
 1-4 VDW =       13.1620  1-4 EEL =       -6.4040  RESTRAINT  =        0.0000


   NSTEP       ENERGY          RMS            GMAX         NAME    NUMBER
     10      -3.9906E+01     2.9506E+00     1.5178E+01     N08         8

 BOND    =        2.4746  ANGLE   =       10.8625  DIHED      =        5.9478
 VDWAALS =       -3.1915  EEL     =      -37.5259  EGB        =      -25.4068
 1-4 VDW =       13.3331  1-4 EEL =       -6.3995  RESTRAINT  =        0.0000


   NSTEP       ENERGY          RMS            GMAX         NAME    NUMBER
     11      -3.9849E+01     3.8806E+00     1.9206E+01     N08         8

 BOND    =        2.2378  ANGLE   =       11.0858  DIHED      =        5.9374
 VDWAALS =       -3.1755  EEL     =      -37.5008  EGB        =      -25.1971
 1-4 VDW =       13.2289  1-4 EEL =       -6.4655  RESTRAINT  =        0.0000


   NSTEP       ENERGY          RMS            GMAX         NAME    NUMBER
     12      -4.0156E+01     9.0332E-01     2.3950E+00     C16        16

 BOND    =        2.1601  ANGLE   =       10.8670  DIHED      =        5.9522
 VDWAALS =       -3.1752  EEL     =      -37.5017  EGB        =      -25.2993
 1-4 VDW =       13.2801  1-4 EEL =       -6.4387  RESTRAINT  =        0.0000


   NSTEP       ENERGY          RMS            GMAX         NAME    NUMBER
     13      -4.0226E+01     1.6274E+00     7.0376E+00     N08         8

 BOND    =        2.1550  ANGLE   =       10.7287  DIHED      =        5.9758
 VDWAALS =       -3.1661  EEL     =      -37.4886  EGB        =      -25.3610
 1-4 VDW =       13.3738  1-4 EEL =       -6.4434  RESTRAINT  =        0.0000


   NSTEP       ENERGY          RMS            GMAX         NAME    NUMBER
     14      -4.0162E+01     2.9485E+00     1.1998E+01     N08         8

 BOND    =        2.1181  ANGLE   =       10.7472  DIHED      =        5.9798
 VDWAALS =       -3.1429  EEL     =      -37.4766  EGB        =      -25.2247
 1-4 VDW =       13.2977  1-4 EEL =       -6.4609  RESTRAINT  =        0.0000


   NSTEP       ENERGY          RMS            GMAX         NAME    NUMBER
     15      -4.0343E+01     8.4741E-01     2.4029E+00     C16        16

 BOND    =        2.0260  ANGLE   =       10.6748  DIHED      =        5.9855
 VDWAALS =       -3.1477  EEL     =      -37.4763  EGB        =      -25.2954
 1-4 VDW =       13.3455  1-4 EEL =       -6.4551  RESTRAINT  =        0.0000


   NSTEP       ENERGY          RMS            GMAX         NAME    NUMBER
     16      -4.0379E+01     1.3731E+00     6.2092E+00     N08         8

 BOND    =        2.0496  ANGLE   =       10.5822  DIHED      =        6.0004
 VDWAALS =       -3.1443  EEL     =      -37.4743  EGB        =      -25.3522
 1-4 VDW =       13.4111  1-4 EEL =       -6.4516  RESTRAINT  =        0.0000


   NSTEP       ENERGY          RMS            GMAX         NAME    NUMBER
     17      -4.0381E+01     1.9411E+00     8.2353E+00     N08         8

 BOND    =        1.9695  ANGLE   =       10.5941  DIHED      =        6.0023
 VDWAALS =       -3.1263  EEL     =      -37.4684  EGB        =      -25.2510
 1-4 VDW =       13.3599  1-4 EEL =       -6.4608  RESTRAINT  =        0.0000


   NSTEP       ENERGY          RMS            GMAX         NAME    NUMBER
     18      -4.0391E+01     2.2056E+00     1.0432E+01     N08         8

 BOND    =        2.0836  ANGLE   =       10.4974  DIHED      =        6.0147
 VDWAALS =       -3.1339  EEL     =      -37.4701  EGB        =      -25.3762
 1-4 VDW =       13.4424  1-4 EEL =       -6.4485  RESTRAINT  =        0.0000


   NSTEP       ENERGY          RMS            GMAX         NAME    NUMBER
     19      -4.0362E+01     2.8028E+00     1.2273E+01     N08         8

 BOND    =        1.9649  ANGLE   =       10.5510  DIHED      =        6.0137
 VDWAALS =       -3.1138  EEL     =      -37.4672  EGB        =      -25.2237
 1-4 VDW =       13.3771  1-4 EEL =       -6.4635  RESTRAINT  =        0.0000


   NSTEP       ENERGY          RMS            GMAX         NAME    NUMBER
     20      -4.0527E+01     6.2675E-01     1.7242E+00     C16        16

 BOND    =        1.9030  ANGLE   =       10.4733  DIHED      =        6.0190
 VDWAALS =       -3.1182  EEL     =      -37.4679  EGB        =      -25.2982
 1-4 VDW =       13.4165  1-4 EEL =       -6.4541  RESTRAINT  =        0.0000


   NSTEP       ENERGY          RMS            GMAX         NAME    NUMBER
     21      -4.0567E+01     1.1592E+00     5.1892E+00     N08         8

 BOND    =        1.9149  ANGLE   =       10.3879  DIHED      =        6.0332
 VDWAALS =       -3.1124  EEL     =      -37.4692  EGB        =      -25.3362
 1-4 VDW =       13.4637  1-4 EEL =       -6.4488  RESTRAINT  =        0.0000


   NSTEP       ENERGY          RMS            GMAX         NAME    NUMBER
     22      -4.0527E+01     2.2156E+00     9.6664E+00     N08         8

 BOND    =        1.8584  ANGLE   =       10.4058  DIHED      =        6.0353
 VDWAALS =       -3.0926  EEL     =      -37.4675  EGB        =      -25.2334
 1-4 VDW =       13.4195  1-4 EEL =       -6.4526  RESTRAINT  =        0.0000


   NSTEP       ENERGY          RMS            GMAX         NAME    NUMBER
     23      -4.0629E+01     6.4930E-01     1.8525E+00     C16        16

 BOND    =        1.8248  ANGLE   =       10.3562  DIHED      =        6.0393
 VDWAALS =       -3.0977  EEL     =      -37.4697  EGB        =      -25.2872
 1-4 VDW =       13.4524  1-4 EEL =       -6.4476  RESTRAINT  =        0.0000


   NSTEP       ENERGY          RMS            GMAX         NAME    NUMBER
     24      -4.0649E+01     1.0557E+00     4.6786E+00     N08         8

 BOND    =        1.8505  ANGLE   =       10.2987  DIHED      =        6.0486
 VDWAALS =       -3.0971  EEL     =      -37.4728  EGB        =      -25.3261
 1-4 VDW =       13.4918  1-4 EEL =       -6.4423  RESTRAINT  =        0.0000


   NSTEP       ENERGY          RMS            GMAX         NAME    NUMBER
     25      -4.0652E+01     1.4267E+00     5.9004E+00     N08         8

 BOND    =        1.7823  ANGLE   =       10.3078  DIHED      =        6.0500
 VDWAALS =       -3.0827  EEL     =      -37.4731  EGB        =      -25.2535
 1-4 VDW =       13.4598  1-4 EEL =       -6.4432  RESTRAINT  =        0.0000


   NSTEP       ENERGY          RMS            GMAX         NAME    NUMBER
     26      -4.0658E+01     1.6496E+00     7.4345E+00     N08         8

 BOND    =        1.8658  ANGLE   =       10.2432  DIHED      =        6.0580
 VDWAALS =       -3.0904  EEL     =      -37.4771  EGB        =      -25.3407
 1-4 VDW =       13.5182  1-4 EEL =       -6.4349  RESTRAINT  =        0.0000


   NSTEP       ENERGY          RMS            GMAX         NAME    NUMBER
     27      -4.0645E+01     2.0632E+00     8.6450E+00     N08         8

 BOND    =        1.7695  ANGLE   =       10.2779  DIHED      =        6.0583
 VDWAALS =       -3.0733  EEL     =      -37.4763  EGB        =      -25.2296
 1-4 VDW =       13.4683  1-4 EEL =       -6.4403  RESTRAINT  =        0.0000


   NSTEP       ENERGY          RMS            GMAX         NAME    NUMBER
     28      -4.0736E+01     4.7999E-01     1.4301E+00     H11        34

 BOND    =        1.7480  ANGLE   =       10.2299  DIHED      =        6.0614
 VDWAALS =       -3.0780  EEL     =      -37.4788  EGB        =      -25.2839
 1-4 VDW =       13.4997  1-4 EEL =       -6.4345  RESTRAINT  =        0.0000


   NSTEP       ENERGY          RMS            GMAX         NAME    NUMBER
     29      -4.0764E+01     7.9846E-01     3.3693E+00     N08         8

 BOND    =        1.7493  ANGLE   =       10.1737  DIHED      =        6.0713
 VDWAALS =       -3.0744  EEL     =      -37.4838  EGB        =      -25.3043
 1-4 VDW =       13.5318  1-4 EEL =       -6.4278  RESTRAINT  =        0.0000


   NSTEP       ENERGY          RMS            GMAX         NAME    NUMBER
     30      -4.0746E+01     1.6343E+00     6.9579E+00     N08         8

 BOND    =        1.7036  ANGLE   =       10.1814  DIHED      =        6.0731
 VDWAALS =       -3.0592  EEL     =      -37.4863  EGB        =      -25.2361
 1-4 VDW =       13.5038  1-4 EEL =       -6.4259  RESTRAINT  =        0.0000


   NSTEP       ENERGY          RMS            GMAX         NAME    NUMBER
     31      -4.0802E+01     4.9910E-01     1.3742E+00     C16        16

 BOND    =        1.6909  ANGLE   =       10.1499  DIHED      =        6.0763
 VDWAALS =       -3.0636  EEL     =      -37.4879  EGB        =      -25.2723
 1-4 VDW =       13.5279  1-4 EEL =       -6.4232  RESTRAINT  =        0.0000


   NSTEP       ENERGY          RMS            GMAX         NAME    NUMBER
     32      -4.0817E+01     7.4768E-01     3.1705E+00     N08         8

 BOND    =        1.7040  ANGLE   =       10.1098  DIHED      =        6.0833
 VDWAALS =       -3.0637  EEL     =      -37.4919  EGB        =      -25.2955
 1-4 VDW =       13.5555  1-4 EEL =       -6.4182  RESTRAINT  =        0.0000


   NSTEP       ENERGY          RMS            GMAX         NAME    NUMBER
     33      -4.0821E+01     1.0605E+00     4.3084E+00     N08         8

 BOND    =        1.6550  ANGLE   =       10.1156  DIHED      =        6.0843
 VDWAALS =       -3.0528  EEL     =      -37.4942  EGB        =      -25.2469
 1-4 VDW =       13.5346  1-4 EEL =       -6.4167  RESTRAINT  =        0.0000


   NSTEP       ENERGY          RMS            GMAX         NAME    NUMBER
     34      -4.0827E+01     1.2194E+00     5.4507E+00     N08         8

 BOND    =        1.7103  ANGLE   =       10.0683  DIHED      =        6.0909
 VDWAALS =       -3.0596  EEL     =      -37.4977  EGB        =      -25.3056
 1-4 VDW =       13.5776  1-4 EEL =       -6.4107  RESTRAINT  =        0.0000


   NSTEP       ENERGY          RMS            GMAX         NAME    NUMBER
     35      -4.0822E+01     1.5303E+00     6.3796E+00     N08         8

 BOND    =        1.6392  ANGLE   =       10.0924  DIHED      =        6.0907
 VDWAALS =       -3.0461  EEL     =      -37.4989  EGB        =      -25.2287
 1-4 VDW =       13.5417  1-4 EEL =       -6.4123  RESTRAINT  =        0.0000


   NSTEP       ENERGY          RMS            GMAX         NAME    NUMBER
     36      -4.0873E+01     3.8972E-01     1.1685E+00     H11        34

 BOND    =        1.6342  ANGLE   =       10.0603  DIHED      =        6.0934
 VDWAALS =       -3.0503  EEL     =      -37.5007  EGB        =      -25.2661
 1-4 VDW =       13.5650  1-4 EEL =       -6.4085  RESTRAINT  =        0.0000


   NSTEP       ENERGY          RMS            GMAX         NAME    NUMBER
     37      -4.0892E+01     5.6527E-01     2.2491E+00     N08         8

 BOND    =        1.6321  ANGLE   =       10.0218  DIHED      =        6.1007
 VDWAALS =       -3.0485  EEL     =      -37.5058  EGB        =      -25.2776
 1-4 VDW =       13.5876  1-4 EEL =       -6.4025  RESTRAINT  =        0.0000


   NSTEP       ENERGY          RMS            GMAX         NAME    NUMBER
     38      -4.0889E+01     1.1540E+00     4.9022E+00     N08         8

 BOND    =        1.5930  ANGLE   =       10.0256  DIHED      =        6.1021
 VDWAALS =       -3.0375  EEL     =      -37.5093  EGB        =      -25.2329
 1-4 VDW =       13.5703  1-4 EEL =       -6.3999  RESTRAINT  =        0.0000


   NSTEP       ENERGY          RMS            GMAX         NAME    NUMBER
     39      -4.0918E+01     3.7572E-01     1.0671E+00     H11        34

 BOND    =        1.5934  ANGLE   =       10.0021  DIHED      =        6.1051
 VDWAALS =       -3.0411  EEL     =      -37.5107  EGB        =      -25.2577
 1-4 VDW =       13.5883  1-4 EEL =       -6.3975  RESTRAINT  =        0.0000


   NSTEP       ENERGY          RMS            GMAX         NAME    NUMBER
     40      -4.0931E+01     4.7358E-01     1.7125E+00     N08         8

 BOND    =        1.5937  ANGLE   =        9.9746  DIHED      =        6.1103
 VDWAALS =       -3.0409  EEL     =      -37.5143  EGB        =      -25.2675
 1-4 VDW =       13.6061  1-4 EEL =       -6.3934  RESTRAINT  =        0.0000


   NSTEP       ENERGY          RMS            GMAX         NAME    NUMBER
     41      -4.0938E+01     7.4157E-01     2.8117E+00     N08         8

 BOND    =        1.5621  ANGLE   =        9.9734  DIHED      =        6.1118
 VDWAALS =       -3.0332  EEL     =      -37.5176  EGB        =      -25.2393
 1-4 VDW =       13.5951  1-4 EEL =       -6.3904  RESTRAINT  =        0.0000


   NSTEP       ENERGY          RMS            GMAX         NAME    NUMBER
     42      -4.0942E+01     9.1887E-01     4.0362E+00     N08         8

 BOND    =        1.5971  ANGLE   =        9.9372  DIHED      =        6.1177
 VDWAALS =       -3.0388  EEL     =      -37.5202  EGB        =      -25.2764
 1-4 VDW =       13.6279  1-4 EEL =       -6.3863  RESTRAINT  =        0.0000


   NSTEP       ENERGY          RMS            GMAX         NAME    NUMBER
     43      -4.0943E+01     1.1094E+00     4.5171E+00     N08         8

 BOND    =        1.5458  ANGLE   =        9.9554  DIHED      =        6.1170
 VDWAALS =       -3.0283  EEL     =      -37.5226  EGB        =      -25.2252
 1-4 VDW =       13.6005  1-4 EEL =       -6.3859  RESTRAINT  =        0.0000


   NSTEP       ENERGY          RMS            GMAX         NAME    NUMBER
     44      -4.0940E+01     1.3493E+00     5.8742E+00     N08         8

 BOND    =        1.6099  ANGLE   =        9.9092  DIHED      =        6.1230
 VDWAALS =       -3.0370  EEL     =      -37.5248  EGB        =      -25.2845
 1-4 VDW =       13.6441  1-4 EEL =       -6.3802  RESTRAINT  =        0.0000


   NSTEP       ENERGY          RMS            GMAX         NAME    NUMBER
     45      -4.0980E+01     3.2697E-01     9.0988E-01     H11        34

 BOND    =        1.5440  ANGLE   =        9.9174  DIHED      =        6.1227
 VDWAALS =       -3.0315  EEL     =      -37.5260  EGB        =      -25.2526
 1-4 VDW =       13.6273  1-4 EEL =       -6.3810  RESTRAINT  =        0.0000


   NSTEP       ENERGY          RMS            GMAX         NAME    NUMBER
     46      -4.0995E+01     4.8900E-01     1.6210E+00     N08         8

 BOND    =        1.5190  ANGLE   =        9.9013  DIHED      =        6.1261
 VDWAALS =       -3.0258  EEL     =      -37.5302  EGB        =      -25.2372
 1-4 VDW =       13.6287  1-4 EEL =       -6.3763  RESTRAINT  =        0.0000


   NSTEP       ENERGY          RMS            GMAX         NAME    NUMBER
     47      -4.0990E+01     1.0547E+00     4.9314E+00     N08         8

 BOND    =        1.5544  ANGLE   =        9.8676  DIHED      =        6.1350
 VDWAALS =       -3.0312  EEL     =      -37.5354  EGB        =      -25.2681
 1-4 VDW =       13.6593  1-4 EEL =       -6.3712  RESTRAINT  =        0.0000


   NSTEP       ENERGY          RMS            GMAX         NAME    NUMBER
     48      -4.1014E+01     3.3578E-01     8.6861E-01     N08         8

 BOND    =        1.5143  ANGLE   =        9.8708  DIHED      =        6.1327
 VDWAALS =       -3.0264  EEL     =      -37.5350  EGB        =      -25.2468
 1-4 VDW =       13.6481  1-4 EEL =       -6.3713  RESTRAINT  =        0.0000


   NSTEP       ENERGY          RMS            GMAX         NAME    NUMBER
     49      -4.1023E+01     4.5383E-01     1.2826E+00     N08         8

 BOND    =        1.4948  ANGLE   =        9.8648  DIHED      =        6.1348
 VDWAALS =       -3.0219  EEL     =      -37.5382  EGB        =      -25.2331
 1-4 VDW =       13.6442  1-4 EEL =       -6.3680  RESTRAINT  =        0.0000


   NSTEP       ENERGY          RMS            GMAX         NAME    NUMBER
     50      -4.1027E+01     6.8590E-01     2.6945E+00     N08         8

 BOND    =        1.5124  ANGLE   =        9.8365  DIHED      =        6.1395
 VDWAALS =       -3.0257  EEL     =      -37.5402  EGB        =      -25.2525
 1-4 VDW =       13.6684  1-4 EEL =       -6.3650  RESTRAINT  =        0.0000


   NSTEP       ENERGY          RMS            GMAX         NAME    NUMBER
     51      -4.1030E+01     8.1815E-01     2.8022E+00     N08         8

 BOND    =        1.4788  ANGLE   =        9.8507  DIHED      =        6.1398
 VDWAALS =       -3.0181  EEL     =      -37.5436  EGB        =      -25.2209
 1-4 VDW =       13.6468  1-4 EEL =       -6.3636  RESTRAINT  =        0.0000


   NSTEP       ENERGY          RMS            GMAX         NAME    NUMBER
     52      -2.6176E+01     2.6870E+01     9.9904E+01     C09         9

 BOND    =       14.8968  ANGLE   =       11.2442  DIHED      =        6.2003
 VDWAALS =       -3.1192  EEL     =      -37.5345  EGB        =      -25.7868
 1-4 VDW =       14.2329  1-4 EEL =       -6.3094  RESTRAINT  =        0.0000


   NSTEP       ENERGY          RMS            GMAX         NAME    NUMBER
     53      -4.1046E+01     3.0141E-01     7.5908E-01     H11        34

 BOND    =        1.4840  ANGLE   =        9.8294  DIHED      =        6.1415
 VDWAALS =       -3.0213  EEL     =      -37.5433  EGB        =      -25.2383
 1-4 VDW =       13.6642  1-4 EEL =       -6.3618  RESTRAINT  =        0.0000


   NSTEP       ENERGY          RMS            GMAX         NAME    NUMBER
     54      -4.1050E+01     2.9209E-01     7.4339E-01     H11        34

 BOND    =        1.4805  ANGLE   =        9.8242  DIHED      =        6.1433
 VDWAALS =       -3.0212  EEL     =      -37.5448  EGB        =      -25.2381
 1-4 VDW =       13.6669  1-4 EEL =       -6.3607  RESTRAINT  =        0.0000


   NSTEP       ENERGY          RMS            GMAX         NAME    NUMBER
     55      -4.1072E+01     9.3613E-01     3.1700E+00     C19        19

 BOND    =        1.4602  ANGLE   =        9.7801  DIHED      =        6.1600
 VDWAALS =       -3.0199  EEL     =      -37.5587  EGB        =      -25.2356
 1-4 VDW =       13.6923  1-4 EEL =       -6.3507  RESTRAINT  =        0.0000


   NSTEP       ENERGY          RMS            GMAX         NAME    NUMBER
     56      -4.1073E+01     1.1477E+00     3.8637E+00     C19        19

 BOND    =        1.4586  ANGLE   =        9.7700  DIHED      =        6.1642
 VDWAALS =       -3.0195  EEL     =      -37.5622  EGB        =      -25.2350
 1-4 VDW =       13.6988  1-4 EEL =       -6.3481  RESTRAINT  =        0.0000


   NSTEP       ENERGY          RMS            GMAX         NAME    NUMBER
     57      -4.1125E+01     1.0313E+00     3.3807E+00     C19        19

 BOND    =        1.4091  ANGLE   =        9.6974  DIHED      =        6.1812
 VDWAALS =       -3.0127  EEL     =      -37.5765  EGB        =      -25.2222
 1-4 VDW =       13.7306  1-4 EEL =       -6.3323  RESTRAINT  =        0.0000


   NSTEP       ENERGY          RMS            GMAX         NAME    NUMBER
     58      -4.1329E+01     1.2093E+00     3.8424E+00     C07         7

 BOND    =        1.1016  ANGLE   =        9.1900  DIHED      =        6.3462
 VDWAALS =       -2.9515  EEL     =      -37.6905  EGB        =      -25.1211
 1-4 VDW =       13.9978  1-4 EEL =       -6.2013  RESTRAINT  =        0.0000


   NSTEP       ENERGY          RMS            GMAX         NAME    NUMBER
     59      -4.0150E+01     7.2792E+00     2.3674E+01     C07         7

 BOND    =        1.8994  ANGLE   =        8.9920  DIHED      =        6.5780
 VDWAALS =       -2.8728  EEL     =      -37.8216  EGB        =      -25.0906
 1-4 VDW =       14.1980  1-4 EEL =       -6.0326  RESTRAINT  =        0.0000


   NSTEP       ENERGY          RMS            GMAX         NAME    NUMBER
     60      -4.1367E+01     3.2422E-01     1.1147E+00     H10        33

 BOND    =        1.0541  ANGLE   =        9.1172  DIHED      =        6.3775
 VDWAALS =       -2.9406  EEL     =      -37.7106  EGB        =      -25.1157
 1-4 VDW =       14.0269  1-4 EEL =       -6.1761  RESTRAINT  =        0.0000


   NSTEP       ENERGY          RMS            GMAX         NAME    NUMBER
     61      -4.1373E+01     3.1851E-01     1.1206E+00     H10        33

 BOND    =        1.0488  ANGLE   =        9.1141  DIHED      =        6.3794
 VDWAALS =       -2.9432  EEL     =      -37.7110  EGB        =      -25.1135
 1-4 VDW =       14.0286  1-4 EEL =       -6.1759  RESTRAINT  =        0.0000


   NSTEP       ENERGY          RMS            GMAX         NAME    NUMBER
     62      -4.1414E+01     6.2625E-01     2.6256E+00     C23        23

 BOND    =        1.0074  ANGLE   =        9.0869  DIHED      =        6.3968
 VDWAALS =       -2.9675  EEL     =      -37.7139  EGB        =      -25.0934
 1-4 VDW =       14.0438  1-4 EEL =       -6.1742  RESTRAINT  =        0.0000


   NSTEP       ENERGY          RMS            GMAX         NAME    NUMBER
     63      -4.1450E+01     1.7092E+00     7.3544E+00     C23        23

 BOND    =        0.9604  ANGLE   =        9.0379  DIHED      =        6.4378
 VDWAALS =       -3.0179  EEL     =      -37.7197  EGB        =      -25.0523
 1-4 VDW =       14.0742  1-4 EEL =       -6.1699  RESTRAINT  =        0.0000


   NSTEP       ENERGY          RMS            GMAX         NAME    NUMBER
     64      -4.1597E+01     1.3730E+00     5.6866E+00     C23        23

 BOND    =        0.8974  ANGLE   =        8.9156  DIHED      =        6.5057
 VDWAALS =       -3.0900  EEL     =      -37.7235  EGB        =      -25.0402
 1-4 VDW =       14.1055  1-4 EEL =       -6.1678  RESTRAINT  =        0.0000


   NSTEP       ENERGY          RMS            GMAX         NAME    NUMBER
     65      -4.1850E+01     1.5111E+00     5.0708E+00     N11        11

 BOND    =        0.8324  ANGLE   =        8.4921  DIHED      =        6.8928
 VDWAALS =       -3.3427  EEL     =      -37.7308  EGB        =      -25.0276
 1-4 VDW =       14.1719  1-4 EEL =       -6.1383  RESTRAINT  =        0.0000


   NSTEP       ENERGY          RMS            GMAX         NAME    NUMBER
     66      -4.1240E+01     6.1948E+00     2.6498E+01     C09         9

 BOND    =        1.5352  ANGLE   =        8.2762  DIHED      =        7.3305
 VDWAALS =       -3.5130  EEL     =      -37.6589  EGB        =      -25.2256
 1-4 VDW =       14.0773  1-4 EEL =       -6.0619  RESTRAINT  =        0.0000


   NSTEP       ENERGY          RMS            GMAX         NAME    NUMBER
     67      -4.1929E+01     1.1108E+00     3.6102E+00     C09         9

 BOND    =        0.8519  ANGLE   =        8.3738  DIHED      =        6.9897
 VDWAALS =       -3.3906  EEL     =      -37.7130  EGB        =      -25.0720
 1-4 VDW =       14.1540  1-4 EEL =       -6.1226  RESTRAINT  =        0.0000


   NSTEP       ENERGY          RMS            GMAX         NAME    NUMBER
     68      -4.1999E+01     8.5170E-01     2.9586E+00     C10        10

 BOND    =        0.8901  ANGLE   =        8.3270  DIHED      =        6.9972
 VDWAALS =       -3.4139  EEL     =      -37.6936  EGB        =      -25.0971
 1-4 VDW =       14.1193  1-4 EEL =       -6.1284  RESTRAINT  =        0.0000


   NSTEP       ENERGY          RMS            GMAX         NAME    NUMBER
     69      -4.2044E+01     1.3265E+00     4.2163E+00     C20        20

 BOND    =        1.0019  ANGLE   =        8.2626  DIHED      =        7.0204
 VDWAALS =       -3.4505  EEL     =      -37.6615  EGB        =      -25.1409
 1-4 VDW =       14.0601  1-4 EEL =       -6.1365  RESTRAINT  =        0.0000


   NSTEP       ENERGY          RMS            GMAX         NAME    NUMBER
     70      -4.2154E+01     1.4045E+00     3.8468E+00     N11        11

 BOND    =        1.1429  ANGLE   =        8.1464  DIHED      =        7.0360
 VDWAALS =       -3.5086  EEL     =      -37.5831  EGB        =      -25.1951
 1-4 VDW =       13.9527  1-4 EEL =       -6.1453  RESTRAINT  =        0.0000


   NSTEP       ENERGY          RMS            GMAX         NAME    NUMBER
     71      -4.2154E+01     1.3250E+00     3.5539E+00     N11        11

 BOND    =        1.1311  ANGLE   =        8.1515  DIHED      =        7.0340
 VDWAALS =       -3.5056  EEL     =      -37.5874  EGB        =      -25.1919
 1-4 VDW =       13.9588  1-4 EEL =       -6.1449  RESTRAINT  =        0.0000


   NSTEP       ENERGY          RMS            GMAX         NAME    NUMBER
     72      -4.2277E+01     1.0977E+00     3.5089E+00     C14        14

 BOND    =        1.1077  ANGLE   =        8.1403  DIHED      =        7.0601
 VDWAALS =       -3.5621  EEL     =      -37.4916  EGB        =      -25.2035
 1-4 VDW =       13.8558  1-4 EEL =       -6.1831  RESTRAINT  =        0.0000


   NSTEP       ENERGY          RMS            GMAX         NAME    NUMBER
     73      -4.2278E+01     1.2131E+00     4.0253E+00     C14        14

 BOND    =        1.1142  ANGLE   =        8.1401  DIHED      =        7.0656
 VDWAALS =       -3.5684  EEL     =      -37.4805  EGB        =      -25.2052
 1-4 VDW =       13.8435  1-4 EEL =       -6.1873  RESTRAINT  =        0.0000


   NSTEP       ENERGY          RMS            GMAX         NAME    NUMBER
     74      -4.2405E+01     1.2071E+00     3.0445E+00     C02         2

 BOND    =        1.1571  ANGLE   =        8.0624  DIHED      =        7.1165
 VDWAALS =       -3.6130  EEL     =      -37.3974  EGB        =      -25.2674
 1-4 VDW =       13.7955  1-4 EEL =       -6.2584  RESTRAINT  =        0.0000


   NSTEP       ENERGY          RMS            GMAX         NAME    NUMBER
     75      -4.2412E+01     1.5252E+00     3.7142E+00     C20        20

 BOND    =        1.1883  ANGLE   =        8.0480  DIHED      =        7.1372
 VDWAALS =       -3.6261  EEL     =      -37.3720  EGB        =      -25.2876
 1-4 VDW =       13.7794  1-4 EEL =       -6.2792  RESTRAINT  =        0.0000


   NSTEP       ENERGY          RMS            GMAX         NAME    NUMBER
     76      -4.2440E+01     1.1775E+00     3.0617E+00     C20        20

 BOND    =        1.1618  ANGLE   =        8.0348  DIHED      =        7.1358
 VDWAALS =       -3.6255  EEL     =      -37.3660  EGB        =      -25.2800
 1-4 VDW =       13.7832  1-4 EEL =       -6.2837  RESTRAINT  =        0.0000


   NSTEP       ENERGY          RMS            GMAX         NAME    NUMBER
     77      -4.2464E+01     8.6771E-01     2.9119E+00     N11        11

 BOND    =        1.1382  ANGLE   =        8.0199  DIHED      =        7.1340
 VDWAALS =       -3.6248  EEL     =      -37.3590  EGB        =      -25.2712
 1-4 VDW =       13.7888  1-4 EEL =       -6.2904  RESTRAINT  =        0.0000


   NSTEP       ENERGY          RMS            GMAX         NAME    NUMBER
     78      -4.2487E+01     6.7871E-01     2.7979E+00     N11        11

 BOND    =        1.1193  ANGLE   =        8.0032  DIHED      =        7.1317
 VDWAALS =       -3.6242  EEL     =      -37.3513  EGB        =      -25.2620
 1-4 VDW =       13.7969  1-4 EEL =       -6.3002  RESTRAINT  =        0.0000


   NSTEP       ENERGY          RMS            GMAX         NAME    NUMBER
     79      -4.2509E+01     5.8849E-01     2.6324E+00     N11        11

 BOND    =        1.1042  ANGLE   =        7.9863  DIHED      =        7.1289
 VDWAALS =       -3.6239  EEL     =      -37.3447  EGB        =      -25.2549
 1-4 VDW =       13.8081  1-4 EEL =       -6.3128  RESTRAINT  =        0.0000


   NSTEP       ENERGY          RMS            GMAX         NAME    NUMBER
     80      -4.1109E+01     4.1434E+00     1.1510E+01     C20        20

 BOND    =        1.4043  ANGLE   =        7.6475  DIHED      =        8.0595
 VDWAALS =       -3.5972  EEL     =      -37.1106  EGB        =      -25.0716
 1-4 VDW =       14.3857  1-4 EEL =       -6.8262  RESTRAINT  =        0.0000


   NSTEP       ENERGY          RMS            GMAX         NAME    NUMBER
     81      -4.2612E+01     7.2195E-01     2.1048E+00     H8         31

 BOND    =        1.0057  ANGLE   =        7.8696  DIHED      =        7.1431
 VDWAALS =       -3.6222  EEL     =      -37.2969  EGB        =      -25.2126
 1-4 VDW =       13.9203  1-4 EEL =       -6.4190  RESTRAINT  =        0.0000


   NSTEP       ENERGY          RMS            GMAX         NAME    NUMBER
     82      -4.2615E+01     1.5600E+00     4.6205E+00     C22        22

 BOND    =        0.9173  ANGLE   =        7.8062  DIHED      =        7.1895
 VDWAALS =       -3.6011  EEL     =      -37.2566  EGB        =      -25.1875
 1-4 VDW =       13.9626  1-4 EEL =       -6.4454  RESTRAINT  =        0.0000


   NSTEP       ENERGY          RMS            GMAX         NAME    NUMBER
     83      -4.2665E+01     7.0742E-01     2.0744E+00     C10        10

 BOND    =        0.9274  ANGLE   =        7.8315  DIHED      =        7.1561
 VDWAALS =       -3.6121  EEL     =      -37.2765  EGB        =      -25.1994
 1-4 VDW =       13.9407  1-4 EEL =       -6.4325  RESTRAINT  =        0.0000


   NSTEP       ENERGY          RMS            GMAX         NAME    NUMBER
     84      -4.2686E+01     1.2602E+00     4.0693E+00     C23        23

 BOND    =        0.9977  ANGLE   =        7.7714  DIHED      =        7.1323
 VDWAALS =       -3.5800  EEL     =      -37.2525  EGB        =      -25.2321
 1-4 VDW =       13.9213  1-4 EEL =       -6.4444  RESTRAINT  =        0.0000


   NSTEP       ENERGY          RMS            GMAX         NAME    NUMBER
     85      -4.2697E+01     7.5662E-01     2.3139E+00     C23        23

 BOND    =        0.9598  ANGLE   =        7.7891  DIHED      =        7.1392
 VDWAALS =       -3.5920  EEL     =      -37.2613  EGB        =      -25.2200
 1-4 VDW =       13.9282  1-4 EEL =       -6.4401  RESTRAINT  =        0.0000


   NSTEP       ENERGY          RMS            GMAX         NAME    NUMBER
     86      -4.2738E+01     4.8420E-01     1.9406E+00     C20        20

 BOND    =        1.0140  ANGLE   =        7.7383  DIHED      =        7.1077
 VDWAALS =       -3.5600  EEL     =      -37.2325  EGB        =      -25.2268
 1-4 VDW =       13.8716  1-4 EEL =       -6.4505  RESTRAINT  =        0.0000


   NSTEP       ENERGY          RMS            GMAX         NAME    NUMBER
     87      -4.2742E+01     6.0053E-01     2.2700E+00     C20        20

 BOND    =        1.0400  ANGLE   =        7.7225  DIHED      =        7.0985
 VDWAALS =       -3.5481  EEL     =      -37.2219  EGB        =      -25.2295
 1-4 VDW =       13.8510  1-4 EEL =       -6.4543  RESTRAINT  =        0.0000


   NSTEP       ENERGY          RMS            GMAX         NAME    NUMBER
     88      -4.2748E+01     9.8638E-01     3.7869E+00     C20        20

 BOND    =        1.1305  ANGLE   =        7.6580  DIHED      =        7.0657
 VDWAALS =       -3.5231  EEL     =      -37.1944  EGB        =      -25.2466
 1-4 VDW =       13.8225  1-4 EEL =       -6.4604  RESTRAINT  =        0.0000


   NSTEP       ENERGY          RMS            GMAX         NAME    NUMBER
     89      -4.2758E+01     4.8287E-01     1.3751E+00     C19        19

 BOND    =        1.0820  ANGLE   =        7.6839  DIHED      =        7.0790
 VDWAALS =       -3.5342  EEL     =      -37.2066  EGB        =      -25.2390
 1-4 VDW =       13.8350  1-4 EEL =       -6.4577  RESTRAINT  =        0.0000


   NSTEP       ENERGY          RMS            GMAX         NAME    NUMBER
     90      -4.2769E+01     2.9631E-01     8.2733E-01     C16        16

 BOND    =        1.0977  ANGLE   =        7.6820  DIHED      =        7.0629
 VDWAALS =       -3.5310  EEL     =      -37.2026  EGB        =      -25.2497
 1-4 VDW =       13.8295  1-4 EEL =       -6.4581  RESTRAINT  =        0.0000


   NSTEP       ENERGY          RMS            GMAX         NAME    NUMBER
     91      -4.2770E+01     3.3403E-01     9.6640E-01     C16        16

 BOND    =        1.1012  ANGLE   =        7.6820  DIHED      =        7.0606
 VDWAALS =       -3.5305  EEL     =      -37.2020  EGB        =      -25.2513
 1-4 VDW =       13.8287  1-4 EEL =       -6.4581  RESTRAINT  =        0.0000


   NSTEP       ENERGY          RMS            GMAX         NAME    NUMBER
     92      -4.2776E+01     3.1825E-01     1.0311E+00     C17        17

 BOND    =        1.0825  ANGLE   =        7.6994  DIHED      =        7.0486
 VDWAALS =       -3.5278  EEL     =      -37.1923  EGB        =      -25.2450
 1-4 VDW =       13.8236  1-4 EEL =       -6.4653  RESTRAINT  =        0.0000


   NSTEP       ENERGY          RMS            GMAX         NAME    NUMBER
     93      -4.2777E+01     3.7914E-01     1.2919E+00     C17        17

 BOND    =        1.0793  ANGLE   =        7.7034  DIHED      =        7.0461
 VDWAALS =       -3.5272  EEL     =      -37.1903  EGB        =      -25.2437
 1-4 VDW =       13.8225  1-4 EEL =       -6.4668  RESTRAINT  =        0.0000


   NSTEP       ENERGY          RMS            GMAX         NAME    NUMBER
     94      -4.2786E+01     2.6280E-01     6.7437E-01     H10        33

 BOND    =        1.0809  ANGLE   =        7.7164  DIHED      =        7.0322
 VDWAALS =       -3.5233  EEL     =      -37.1771  EGB        =      -25.2547
 1-4 VDW =       13.8185  1-4 EEL =       -6.4791  RESTRAINT  =        0.0000


   NSTEP       ENERGY          RMS            GMAX         NAME    NUMBER
     95      -4.2787E+01     3.4901E-01     1.1746E+00     C09         9

 BOND    =        1.0837  ANGLE   =        7.7246  DIHED      =        7.0254
 VDWAALS =       -3.5212  EEL     =      -37.1699  EGB        =      -25.2607
 1-4 VDW =       13.8164  1-4 EEL =       -6.4857  RESTRAINT  =        0.0000


   NSTEP       ENERGY          RMS            GMAX         NAME    NUMBER
     96      -4.2798E+01     4.0627E-01     1.1553E+00     C10        10

 BOND    =        1.1154  ANGLE   =        7.7170  DIHED      =        7.0123
 VDWAALS =       -3.5195  EEL     =      -37.1576  EGB        =      -25.2744
 1-4 VDW =       13.8094  1-4 EEL =       -6.5012  RESTRAINT  =        0.0000


   NSTEP       ENERGY          RMS            GMAX         NAME    NUMBER
     97      -4.2799E+01     4.8832E-01     1.4301E+00     C10        10

 BOND    =        1.1236  ANGLE   =        7.7159  DIHED      =        7.0098
 VDWAALS =       -3.5191  EEL     =      -37.1549  EGB        =      -25.2773
 1-4 VDW =       13.8079  1-4 EEL =       -6.5045  RESTRAINT  =        0.0000


   NSTEP       ENERGY          RMS            GMAX         NAME    NUMBER
     98      -4.2814E+01     4.0440E-01     1.0485E+00     H6         30

 BOND    =        1.1371  ANGLE   =        7.7230  DIHED      =        6.9979
 VDWAALS =       -3.5146  EEL     =      -37.1425  EGB        =      -25.2789
 1-4 VDW =       13.7851  1-4 EEL =       -6.5209  RESTRAINT  =        0.0000


   NSTEP       ENERGY          RMS            GMAX         NAME    NUMBER
     99      -4.2816E+01     5.4908E-01     1.4925E+00     H6         30

 BOND    =        1.1468  ANGLE   =        7.7276  DIHED      =        6.9932
 VDWAALS =       -3.5124  EEL     =      -37.1367  EGB        =      -25.2798
 1-4 VDW =       13.7743  1-4 EEL =       -6.5286  RESTRAINT  =        0.0000


   NSTEP       ENERGY          RMS            GMAX         NAME    NUMBER
    100      -4.2838E+01     4.1300E-01     1.3300E+00     C04         4

 BOND    =        1.1595  ANGLE   =        7.7303  DIHED      =        6.9784
 VDWAALS =       -3.5067  EEL     =      -37.1117  EGB        =      -25.2950
 1-4 VDW =       13.7463  1-4 EEL =       -6.5388  RESTRAINT  =        0.0000


  Maximum number of minimization cycles reached.


                    FINAL RESULTS



   NSTEP       ENERGY          RMS            GMAX         NAME    NUMBER
    100      -4.2838E+01     4.1300E-01     1.3300E+00     C04         4

 BOND    =        1.1595  ANGLE   =        7.7303  DIHED      =        6.9784
 VDWAALS =       -3.5067  EEL     =      -37.1117  EGB        =      -25.2950
 1-4 VDW =       13.7463  1-4 EEL =       -6.5388  RESTRAINT  =        0.0000

--------------------------------------------------------------------------------
   5.  TIMINGS
--------------------------------------------------------------------------------

|    Read coords time           0.00 ( 1.49% of Total)
|    Fast Water setup           0.00 ( 0.01% of Total)
|                Calc gb radii              0.02 (28.08% of Gen B)
|                Calc gb diag               0.02 (40.99% of Gen B)
|                Calc gb off-diag           0.02 (30.64% of Gen B)
|                Other                      0.00 ( 0.30% of Gen B)
|             Gen Born time              0.06 (100.0% of Nonbo)
|             IPS excludes               0.00 ( 0.04% of Nonbo)
|          Nonbond force              0.06 (84.75% of Force)
|          Bond/Angle/Dihedral        0.01 (14.52% of Force)
|          Other                      0.00 ( 0.73% of Force)
|       Force time                 0.07 (100.0% of Runmd)
|    Runmd Time                 0.07 (21.03% of Total)
|    Other                      0.25 (77.46% of Total)
| Total time                 0.32 (100.0% of ALL  )

| Number of list builds   :          0

| Highest rstack allocated:          0
| Highest istack allocated:          0
|           Job began  at 18:57:26.596  on 12/05/2014
|           Setup done at 18:57:26.621  on 12/05/2014
|           Run   done at 18:57:26.920  on 12/05/2014
|     wallclock() was called    1828 times
